(123.5016441454353+0j)
(112.8678161111268-35.00189101344073j)
(89.55763443205831-55.90685524151901j)
(66.24917285447145-62.7889948918288j)
(48.09225456914949-61.86009660296418j)
(35.10436055146179-57.786226638480215j)
(25.977633231584345-52.86284727264168j)
(19.505171114080014-48.027235687600175j)
(14.828022780814186-43.60363241707923j)
(11.3760042282988-39.665431747667085j)
(8.775368102745828-36.1912656683903j)
(6.7789855951745235-33.12918787482216j)
(5.220661549845837-30.422084699729435j)
(3.986410901408932-28.017018052632476j)
(2.9964812067705693-25.86800960292966j)
(2.1939910158283493-23.936242891165428j)
(1.5376359421544483-22.18934304770458j)
(0.9969214469611695-20.600415691641643j)
(0.5489892159446063-19.14711126934793j)
(0.17646604479890754-17.810805551014624j)
(-0.1340195015770002-16.57591469776886j)
(-0.39287667621642514-15.429335569328208j)
(-0.6082922757700643-14.359993205432152j)
(-0.7867644893914364-13.358476470341975j)
(-0.9334932584747269-12.416744802173373j)
(-1.0526692045427473-11.527891757716233j)
(-1.1476898948295295-10.68595374440787j)
(-1.221323398596824-9.885754682399446j)
(-1.2758331530427307-9.122779278797772j)
(-1.313074108619161-8.393069149730598j)
(-1.334567324928986-7.693137252557649j)
(-1.3415582300595683-7.0198970513989325j)
(-1.3350623698249302-6.370603589511664j)
(-1.3159014808970104-5.742804227791551j)
(-1.2847320035665173-5.1342972663944595j)
(-1.2420676247242304-4.543097025395896j)
(-1.1882970535496165-3.9674042425047515j)
(-1.123697942663772-3.4055808689090923j)
(-1.0484476487442698-2.8561285214292247j)
(-0.9626313594198095-2.317669990584835j)
(-0.8662479838176406-1.7889333181697846j)
(-0.7592141022391067-1.2687380504778247j)
(-0.6413661886554199-0.755983349398014j)
(-0.5124612525097637-0.24963770718726475j)
(-0.37217598945958724+0.25126993500525835j)
(-0.22010448081086698+0.7476578172717145j)
(-0.055754436005467214+1.2403978487512597j)
(0.12145807073945904+1.73032102097158j)
(0.3122154614521506+2.218221773298499j)
(0.5173072491973776+2.704861293430577j)
(0.7376405500755836+3.1909696873471165j)
(0.9742527477295099+3.6772468965810217j)
(1.2283266036439449+4.16436217240615j)
(1.5012081721133061+4.652951831598114j)
(1.7944279533373297+5.143614910572673j)
(2.10972580295757+5.636906195612423j)
(2.4490802119645383+6.133325925317291j)
(2.8147426770545816+6.633305222483551j)
(3.2092779958854996+7.137185996133285j)
(3.6356114387344562+7.645193633040751j)
(4.0970838566179175+8.157400235019217j)
(4.597515865378907+8.673675403802582j)
(5.141282258968318+9.19362056263766j)
(5.733397691033779+9.716481444283636j)
(6.3796143172073085+10.24103155250414j)
(7.086531338247114+10.765416969937975j)
(7.861714943507929+11.286949657555436j)
(8.71382456657469+11.801832163361873j)
(9.6527368959025+12.30479123344861j)
(10.689651570283733+12.788591092741136j)
(11.83715012470536+13.24338931529663j)
(13.109159798447706+13.65589009149874j)
(14.520742295258968+14.008243634110494j)
(16.087579112316476+14.27664166988824j)
(17.82495332219854+14.429578141110767j)
(19.7459277728922+14.425801720758079j)
(21.85829470216378+14.212118180514818j)
(24.159748703496806+13.721462096223036j)
(26.63069609451853+12.872121304672564j)
(29.224347153619227+11.56971739236737j)
(31.85458686999744+9.714444715956203j)
(34.38403998291827+7.216705485846809j)
(36.617945042439324+4.023523869294622j)
(38.31295196919528+0.15419111959543513j)
(39.210387848259195-4.264611915310679j)
(39.09570670272863-8.983527018328857j)
(37.868242895909276-13.65587983199633j)
(35.588359794732625-17.908041835892718j)
(32.471900321100804-21.42982015033255j)
(28.830624908296656-24.042420419147263j)
(24.98972050843319-25.715197726333777j)
(21.220996671869386-26.535037937829692j)
(17.71159287304106-26.654483657456716j)
(14.564714118518753-26.244119811656276j)
(11.817833221754118-25.461431868721906j)
(9.46501976177559-24.436341951223724j)
(7.475996934770999-23.268262133977515j)
(5.809635491910879-22.029179969618582j)
(4.422324707960179-20.768945119664327j)
(3.272564736772485-19.520668505207464j)
(2.323109581255292-18.305345763154506j)
(1.5431300933963485-17.134650562019598j)
(0.9030134104112425-16.016698524397306j)
(0.38033160306875563-14.95388465203721j)
(-0.04392383372023165-13.946422702001033j)
(-0.3855143326507493-12.992977785428383j)
(-0.6574693155917114-12.09127566486507j)
(-0.8705531778430455-11.238519689516307j)
(-1.0336648883481288-10.431667785745606j)
(-1.1541717106594873-9.667612355766545j)
(-1.238184216626138-8.943293896703274j)
(-1.2907811845355979-8.255769851405455j)
(-1.3161927281603232-7.602253528023653j)
(-1.3179491045711333-6.980133251361695j)
(-1.2990015585383108-6.386978671951125j)
(-1.2618204923050584-5.820538929868923j)
(-1.20847529091631-5.278735840989323j)
(-1.1406993134000363-4.7596542265151465j)
(-1.0599428779962894-4.261530791715301j)
(-0.967416511672094-3.7827424728052996j)
(-0.8641262825143806-3.3217948404173128j)
(-0.7509026702638061-2.877310925064175j)
(-0.6284241389120231-2.448020680707923j)
(-0.4972363419313103-2.0327512039328806j)
(-0.357767703638259-1.6304177624062934j)
(-0.2103419699117744-1.2400156464597576j)
(-0.05518820026535593-0.8606128342761239j)
(0.10755142502463037-0.4913434492891763j)
(0.2778156893410335-0.1314019846147331j)
(0.4556200885614273+0.2199617286340747j)
(0.6410540724678515+0.5634468257877j)
(0.8342796538355878+0.8997049922977015j)
(1.0355313007835696+1.2293433195714976j)
(1.2451170637341518+1.552926408926681j)
(1.46342092061583+1.870977678754894j)
(1.6909063538230718+2.183979804487185j)
(1.92812120070136+2.49237418963885j)
(2.1757038465403733+2.7965593275389464j)
(2.4343908554780964+3.0968878651580654j)
(2.7050261602913515+3.393662119988022j)
(2.9885719562063766+3.687127724563744j)
(3.286121465303249+3.977464976196626j)
(3.59891375449725+4.264777345758558j)
(3.928350797449669+4.549076440936813j)
(4.276016962748465+4.830262516247095j)
(4.6437010771421+5.108099361246665j)
(5.0334211378721845+5.3821820637345015j)
(5.447451608070002+5.651895716231234j)
(5.8883529869477975+5.916362587914692j)
(6.359002946326689+6.174374593414541j)
(6.862627682898525+6.42430702672434j)
(7.402831125985626+6.664008470335048j)
(7.983618077692883+6.8906605314091305j)
(8.609404975056336+7.100599635014311j)
(9.285008363345101+7.289091642643051j)
(10.01559581529728+7.450048854836118j)
(10.80657620350506+7.575678602669455j)
(11.663395050605548+7.656054285926782j)
(12.59118522778578+7.678605453932447j)
(13.59420298617334+7.627536906662391j)
(14.674954918883042+7.483213559968991j)
(15.832896939603803+7.221596504921603j)
(17.06257257213071+6.813897374244451j)
(18.351078291841112+6.226743416963993j)
(19.674841664965523+5.423315199334392j)
(20.995939962598865+4.366101650082912j)
(22.258646730232876+3.0220135388991523j)
(23.387590718423304+1.37039721190289j)
(24.28967384163845-0.5863126744098602j)
(24.862185979273352-2.8111995086186887j)
(25.008477094182926-5.224809938745156j)
(24.65941661386064-7.705940903950002j)
(23.794438903044774-10.105369075815448j)
(22.453179999648523-12.271369734016456j)
(20.730970466997068-14.07908361184623j)
(18.758794577643304-15.452555215065166j)
(16.6759187252637-16.371773458795992j)
(14.60570229928885-16.864790959594128j)
(12.64133473872587-16.991195853692137j)
(10.842307425309722-16.824484559584594j)
(9.238408865586557-16.438320604737598j)
(7.837100718352058-15.898244809923908j)
(6.631168487133377-15.258108099842142j)
(5.605048583710113-14.559660698901132j)
(4.739380767866381-13.833824701441747j)
(4.013949634224589-13.102614595197144j)
(3.409397237200485-12.381108214505346j)
(2.9080946932941933-11.679186449841827j)
(2.4944840036668867-11.002949061849922j)
(2.1551111838896966-10.35581058186206j)
(1.8784956683133565-9.739320692897238j)
(1.6549252757748112-9.153763977720686j)
(1.4762285661567873-8.598590593104653j)
(1.335552642472963-8.072721034061727j)
(1.227160058242845-7.574758946968643j)
(1.1462501635548819-7.10313772433856j)
(1.0888056599725544-6.656219915552055j)
(1.0514628225070972-6.232363307747546j)
(1.0314028344358532-5.829963649190605j)
(1.026261387007271-5.447481136527712j)
(1.034053776333926-5.083455721290919j)
(1.0531129851973613-4.736514807108371j)
(1.082038557269182-4.405375849778919j)
(1.1196543965910493-4.088845619425846j)
(1.1649739272599844-3.7858173504674575j)
(1.2171713151768162-3.495266628179132j)
(1.2755576825484702-3.2162465949337946j)
(1.3395614382933485-2.9478828725330937j)
(1.4087120073373176-2.6893684663920743j)
(1.4826263734405662-2.439958826407354j)
(1.5609979580448397-2.1989671765737175j)
(1.6435874456831818-1.9657601826200146j)
(1.7302152382410252-1.7397539983137484j)
(1.820755278753024-1.520410712548845j)
(1.9151300329233107-1.307235207984848j)
(2.013306455176018-1.0997724358262235j)
(2.1152927974064735-0.8976051088942646j)
(2.2211361440116613-0.7003518154841704j)
(2.3309205772548798-0.507665558944511j)
(2.4447658933554592-0.3192327320498005j)
(2.5628268024849667-0.1347725407737371j)
(2.6852925555020946+0.04596310110861798j)
(2.8123869470361518+0.22318917713504866j)
(2.9443686485237666+0.3970866342706637j)
(3.081531825977715+0.5678008607778553j)
(3.2242069954005035+0.7354395147182664j)
(3.372762063475677+0.9000696286750198j)
(3.52760349188976+1.061713901552628j)
(3.689177509547362+1.2203460721689376j)
(3.857971276967691+1.3758852519783775j)
(4.034513879894303+1.5281890760237433j)
(4.219376992859897+1.6770455128061637j)
(4.413175005961693+1.8221631563715641j)
(4.616564346813237+1.9631598094025926j)
(4.830241651499469+2.09954915736593j)
(5.054940339960803+2.2307253350783145j)
(5.2914250289444436+2.355945204638363j)
(5.540483066056286+2.474308206371789j)
(5.802912288947806+2.584733724532248j)
(6.079503903690203+2.685936043647863j)
(6.371019139205498+2.7763971816267854j)
(6.678158080174372+2.854338200149259j)
(7.00151882984095+2.91769004587523j)
(7.341544943862393+2.964065607025986j)
(7.698458968071667+2.9907355197570684j)
(8.072180000963616+2.9946113615593037j)
(8.462223622131186+2.9722412375204272j)
(8.8675834652179+2.9198243670547024j)
(9.286595398486817+2.833252999725893j)
(9.716787963211818+2.70819158581452j)
(10.154726637821378+2.540204173159498j)
(10.59586474467338+2.324940840080886j)
(11.03442021055215+2.058391715407143j)
(11.463304247574676+1.7372117482088045j)
(11.874133939066398+1.3591099443970829j)
(12.257363467321019+0.92328291902159j)
(12.602565419035768+0.4308551600329016j)
