(45.62851059115201+0j)
(44.4191571332922-7.120336394961866j)
(41.253462858854135-13.155372437445092j)
(36.91508469497583-17.637182887580447j)
(32.132886136079854-20.5169342275301j)
(27.449799604418857-22.017003095421536j)
(23.179458434848428-22.467678939360376j)
(19.45078740575217-22.188670468548075j)
(16.277786934287487-21.43703196201534j)
(13.616630997967286-20.399145936491216j)
(11.40164334099519-19.201719836757842j)
(9.564443190293533-17.92708950729392j)
(8.042613337626682-16.62675831669056j)
(6.782706085047588-15.331629267730378j)
(5.740520960234144-14.059171881616079j)
(4.880242694595813-12.818239848308725j)
(4.173228594857746-11.6122338219931j)
(3.596804052083277-10.441147832018611j)
(3.133208593271048-9.30287999872729j)
(2.76873311628858-8.19406481832301j)
(2.493045365084544-7.110597099789945j)
(2.298685408160411-6.047959191494863j)
(2.1807107393082275-5.001425264397988j)
(2.1364742693615755-3.966192737755931j)
(2.1655245337202595-2.9374771051127606j)
(2.269624468292148-1.9105998175755277j)
(2.4528927167339183-0.8810981904751752j)
(2.722080168631059+0.1551078233517764j)
(3.087001385011069+1.201441537226484j)
(3.561144988387749+2.260216370967079j)
(4.1624952600897185+3.331889525637824j)
(4.914583736734058+4.413835126211324j)
(5.847747918937139+5.498342857392889j)
(7.000464383681076+6.569379510589551j)
(8.420356995372984+7.597413941086445j)
(10.16389341687423+8.531336837292756j)
(12.292581500680003+9.286399816806176j)
(14.861267194561524+9.727797957512642j)
(17.890845567717303+9.652697003662874j)
(21.315310280576035+8.782408703631209j)
(24.89991840487197+6.793899502653649j)
(28.161451154666683+3.436462204474615j)
(30.39013074750348-1.250543405805562j)
(30.896427748516242-6.739615781235484j)
(29.417741503161803-12.097057696159611j)
(26.3237822400411-16.41790782150835j)
(22.378730458884483-19.249954321474473j)
(18.31653693498088-20.64631278156142j)
(14.600697137090103-20.936026837680906j)
(11.424081603257559-20.49134239279281j)
(8.808173420374944-19.613158871047933j)
(6.6948396310830045-18.508690789716848j)
(5.0016672806613665-17.307892246189674j)
(3.6480660254757438-16.08708542323845j)
(2.564815344103651-14.888424333506652j)
(1.6958716057124654-13.7333376389415j)
(0.9971428343073634-12.631093337420316j)
(0.4344019373647015-11.584031303720874j)
(-0.018781556791449272-10.590683753412248j)
(-0.38279874386639-9.647605258805074j)
(-0.6733979749962284-8.750429029964662j)
(-0.9027588623624715-7.894463990986007j)
(-1.0803041334126608-7.075021169321888j)
(-1.2133075751133018-6.287581635000556j)
(-1.3073464401911714-5.527872668413379j)
(-1.3666358887601306-4.791891781484426j)
(-1.3942735901456718-4.07590219490099j)
(-1.3924150017981716-3.3764139181517425j)
(-1.362393908160661-2.6901590375690567j)
(-1.3047981880204726-2.0140665547188905j)
(-1.2195072869975332-1.345239770484678j)
(-1.1056978752260387-0.6809354987924603j)
(-0.96184869241021-0.0185529812724326j)
(-0.7856936011741829+0.6442240507513178j)
(-0.5738710349587781+1.3095006981960797j)
(-0.32209203649265805+1.9792495135218908j)
(-0.024907630631481364+2.6549420196759033j)
(0.32460128958243595+3.337407548295863j)
(0.735090206031961+4.026531498947742j)
(1.2172728497319034+4.720762224022003j)
(1.7842678106103893+5.416364470292957j)
(2.451904674323062+6.106305398281803j)
(3.2388546271979455+6.778620331674687j)
(4.166317505290705+7.414078301344438j)
(5.256767344613933+7.982993494829511j)
(6.53090062422243+8.441209091461793j)
(8.001475832957386+8.725819042871864j)
(9.662429473480332+8.752416545957807j)
(11.472280374131772+8.417838672907811j)
(13.333972385524048+7.614989885393161j)
(15.080564086988261+6.266446699083336j)
(16.48536798957417+4.375009512060008j)
(17.31450885297478+2.0686956806595242j)
(17.413632553080095-0.40040094342442223j)
(16.779231778701902-2.726145442631926j)
(15.559596083895395-4.653221417667638j)
(13.984939201522923-6.048306978302555j)
(12.281094890404017-6.902856919450678j)
(10.616380370575648-7.289438455091355j)
(9.090455745485523-7.311772458258731j)
(7.747751688415365-7.071084001114712j)
(6.597838054570232-6.649291597458476j)
(5.6294448030966215-6.111862272815076j)
(4.823858478633982-5.502363958125997j)
(4.160163250483899-4.850659662824854j)
(3.6184797762407386-4.176253291189761j)
(3.181310974395951-3.4913713791809826j)
(2.8339372350179657-2.8032551059006736j)
(2.5643580326785766-2.1157807660329886j)
(2.3630500552983724-1.4305751711111412j)
(2.2226799486917033-0.7477727806352908j)
(2.1378366858127418-0.06652788017320505j)
(2.104809516403401+0.6146381486549898j)
(2.1214253091822903+1.297600788413634j)
(2.186952067890561+1.9844586862235998j)
(2.3020585897519004+2.6773888532320025j)
(2.4688297059029534+3.3785127389631278j)
(2.690840571806517+4.089748193671982j)
(2.9732891112339996+4.812619968076304j)
(3.323184564132154+5.547997640345152j)
(3.749586596597449+6.295720418457755j)
(4.263879987648599+7.054053978518j)
(4.880050411990922+7.81890553796598j)
(5.6148901295933795+8.582701168719915j)
(6.487997217867264+9.332809687432857j)
(7.52132275758496+10.049395890739696j)
(8.737850599842245+10.70263781586241j)
(10.158760749035594+11.249418427492845j)
(11.79817911253695+11.63002084957094j)
(13.654537712296818+11.76617007557445j)
(15.698102403837659+11.563035342993269j)
(17.856111079735978+10.919153442081209j)
(20.000812971096238+9.748232877352915j)
(21.950511474429305+8.012827332342592j)
(23.494876303150395+5.7601929807419365j)
(24.446379910538123+3.139699727264673j)
(24.69974797036084+0.38179187457350255j)
(24.267001071676145-2.2604382007792694j)
(23.26670230706278-4.57852757995342j)
(21.876619740300644-6.45031512203984j)
(20.279506609749227-7.842940321246925j)
(18.626259234003957-8.788995547025952j)
(17.022410457554205-9.355669109936281j)
(15.53110986759636-9.620061346782865j)
(14.183220641871385-9.6544461802776j)
(12.988149112024018-9.519774017970004j)
(11.942593180119564-9.264278870332896j)
(11.03664690173216-8.924599368773249j)
(10.257666433575787-8.527804571963555j)
(9.592532552642005-8.093499995144155j)
(9.028870383118733-7.635670444012903j)
(8.555635463556184-7.164166474904758j)
(8.163336780606992-6.685852939651341j)
(7.8440650201622475-6.205477571678924j)
(7.591425837720823-5.7263239037312195j)
(7.400434678025563-5.250706214870738j)
(7.267403144119599-4.7803541932274705j)
(7.189830748165122-4.316725531520764j)
(7.166305672544985-3.861277040161673j)
(7.1964109827422496-3.4157191457009137j)
(7.280626551718012-2.982274339189877j)
(7.420210338174041-2.563956364465753j)
(7.617034560453537-2.16488236173539j)
(7.873342125852413-1.7906228191916147j)
(8.191376658470164-1.4485811066415712j)
(8.572827619395042-1.1483715480720755j)
(9.01802570111459-0.9021277438664408j)
(9.524833894974352-0.7246177481192722j)
(10.087224911232573-0.6329724632211032j)
(10.693640590446671-0.64576628645998j)
(11.325413220914236-0.7811701355649369j)
(11.955778760851848-1.0540050770939628j)
(12.550237438388836-1.471848107794798j)
(13.0690232839306-2.0308986466536676j)
(13.471994349241161-2.7129305711898333j)
(13.725283799420028-3.4849110229676126j)
(13.807921092187762-4.302305760659522j)
(13.71610150443767-5.115684367231008j)
(13.463455026989923-5.87869226309357j)
(13.077316838809903-6.554804456019085j)
(12.59260632871666-7.12097575077423j)
(12.045521247557268-7.567804957719641j)
(11.46872849819249-7.897134023002982j)
(10.888696443070371-8.118506038952672j)
(10.324943016476055-8.24568396407231j)
(9.790562159047743-8.293900084137098j)
(9.293373445938352-8.278018560449775j)
(8.837220309213022-8.211499818410626j)
(8.423153109977504-8.105949054389788j)
(8.050390320382405-7.971037031081049j)
(7.717042202925147-7.814629243623755j)
(7.42062485598127-7.643011803663771j)
(7.1584075376488885-7.461145511557037j)
(6.927636134310996-7.272910592085647j)
(6.72566902753336-7.0813246145093185j)
(6.550053335280722-6.8887278880193j)
(6.398561895872262-6.696936874950748j)
(6.269205228700856-6.507369060730216j)
(6.1602280979599655-6.321143730070294j)
(6.070096988882273-6.139163132486032j)
(5.997482480329783-5.96217810289903j)
(5.941238890065389-5.79084162042826j)
(5.900382461188939-5.625753182943539j)
(5.874068586111083-5.467496307029113j)
(5.8615680102303855-5.3166709473143605j)
(5.8622415393479494-5.17392215450764j)
(5.87551243942682-5.039965831579413j)
(5.900835434875001-4.91561196584145j)
(5.937660975236975-4.801785166777232j)
(5.985393268841667-4.699541675246243j)
(6.0433405270830445-4.610081177358417j)
(6.110656019355805-4.534750712126354j)
(6.186269056634478-4.4750366896213345j)
(6.268806116607485-4.432539581842619j)
(6.35650427072745-4.408924376333162j)
(6.447122170947774-4.405838753852521j)
(6.537858318450602-4.424790812386125j)
(6.625292103891247-4.466979999932384j)
(6.705369513784973-4.533080012262221j)
(6.773460785949181-4.622982005957526j)
(6.824518750478778-4.735521077378688j)
(6.853360156927553-4.868227196401409j)
(6.855074203462633-5.0171592107735155j)
(6.825531684074679-5.176889268693606j)
(6.7619294020502165-5.340695546142033j)
(6.663269988711141-5.500987140357254j)
(6.530664100787269-5.649929397235148j)
(6.3673640215972185-5.780176619709004j)
(6.178495478503931-5.885576631410411j)
(5.970530441521934-5.961709206272801j)
(5.750608693223197-6.006162405895477j)
(5.525844846393794-6.018520971043198j)
(5.3027425905041605-6.000110743678691j)
(5.086791445045858-5.953588144005955j)
(4.88226569071646-5.882474571894197j)
(4.692200355151469-5.79071841977025j)
(4.518494733496487-5.682336384754643j)
(4.362089122644537-5.561154526778396j)
(4.223168630628574-5.43064613728843j)
(4.101361592799036-5.29385019826001j)
(3.995913777807096-5.15334946730671j)
(3.90583036674503-5.011288047105345j)
(3.829984897905567-4.869411876877774j)
(3.7671984211052725-4.729119935001885j)
(3.7162938618026664-4.59151794923741j)
(3.676130911613052-4.457469609295785j)
(3.6456263046833746-4.327642591579633j)
(3.6237635556116983-4.202548252814198j)
(3.609595388248977-4.082574804974561j)
(3.602241310988592-3.9680143212948873j)
(3.600882147546047-3.859084184119532j)
(3.604752822181055-3.7559436750181536j)
(3.613134312443074-3.6587063983320642j)
(3.6253454006564265-3.5674491680847384j)
(3.640734656973433-3.482217904153368j)
(3.6586729542171406-3.4030309946423065j)
(3.67854673343509-3.3298804990735684j)
