(92.15894663759865+0j)
(84.1170514327109-26.20882671126779j)
(66.53191944620714-41.745435035417046j)
(48.981348122909054-46.71041535468461j)
(35.328026634617274-45.80079286064737j)
(25.573834760853607-42.529670708641326j)
(18.72987036050056-38.621510594227324j)
(13.886550257837424-34.77883417299423j)
(10.39741727988876-31.24358263306473j)
(7.833768251124741-28.069458402839793j)
(5.914883640712782-25.239141338636802j)
(4.455402307270897-22.71243031875135j)
(3.330928958662708-20.445269995566917j)
(2.4564306798402016-18.396722278669504j)
(1.7727298783521674-16.531021171633665j)
(1.2379810906488145-14.817693630295208j)
(0.8222137104272677-13.230989824557534j)
(0.5037822335053654-11.749132443111952j)
(0.2670239308502031-10.353583334589295j)
(0.10069707267930916-9.028394279522868j)
(-0.0030634256027138127-7.75965458822384j)
(-0.049436406018219615-6.535027539017752j)
(-0.04135225550631448-5.343361310499399j)
(0.020260778390270153-4.174359725638412j)
(0.13638820156404832-3.018300342589007j)
(0.30998623935367503-1.8657910524190064j)
(0.546190053700945-0.707563243451459j)
(0.8526783147251782+0.4657041757323826j)
(1.240322799920505+1.6635155196448745j)
(1.724034229015831+2.895552536059109j)
(2.324099764085583+4.17158558194078j)
(3.0680842754541033+5.5010279791707735j)
(3.9935769303592576+6.891928573612653j)
(5.15214093725+8.348847744899532j)
(6.614904568146004+9.86857228529928j)
(8.480164044447484+11.431631555474958j)
(10.882693692853598+12.985686410679675j)
(14.0018223323568+14.413522052795798j)
(18.05704633613915+15.473730471429414j)
(23.25759323907004+15.701443221996122j)
(29.625491082394984+14.285777280404691j)
(36.57320369957484+10.076457336157006j)
(42.33130739773584+2.1623510391522887j)
(44.18514394931432-8.688547116970966j)
(40.65152185072583-19.331477281063435j)
(33.320554913808294-26.560493090613253j)
(25.166440707480188-29.664926358506683j)
(18.094386722882287-29.8192852196585j)
(12.61986914443196-28.412120342997962j)
(8.575412432699327-26.3640149896176j)
(5.627418715093849-24.157753839632445j)
(3.473924791475041-22.01314757154599j)
(1.8869113134680064-20.015863283598758j)
(0.7046883234424521-18.188746827129986j)
(-0.1851764781011746-16.52727591616567j)
(-0.8607961827944173-15.016307918834656j)
(-1.3768551294874256-13.63770403602086j)
(-1.772068802578298-12.373625702611823j)
(-2.0741876767473575-11.207814031927194j)
(-2.3033430871999543-10.125950797739412j)
(-2.474296150733149-9.115619787350237j)
(-2.5979629910279836-8.166111349513786j)
(-2.6824597165793844-7.268181429427956j)
(-2.7338252643515477-6.413813741666436j)
(-2.756525110252832-5.596004121690707j)
(-2.753803337739734-4.8085723981562785j)
(-2.727927528520671-4.046001099679286j)
(-2.6803558155822538-3.30329795573784j)
(-2.6118453208294397-2.5758785346426247j)
(-2.5225142714797357-1.8594655766426222j)
(-2.411865208545197-1.1500023511439632j)
(-2.2787727828159206-0.44357905140328185j)
(-2.1214339077846343+0.2636263701148871j)
(-1.9372699985959123+0.9753959713188758j)
(-1.722782135779405+1.6955190637827098j)
(-1.4733667065768314+2.427816760808104j)
(-1.183051904778513+3.176115832233102j)
(-0.8441234116772423+3.94417361233161j)
(-0.44662265144008434+4.735521821799993j)
(0.022320823630851867+5.553162481853411j)
(0.579372577031085+6.399012638338312j)
(1.2461396628066106+7.272925375630213j)
(2.05060081174093+8.170996313891782j)
(3.0287479031737705+9.08267384427686j)
(4.226111925815862+9.985903764970688j)
(5.698230718142104+10.839173354944226j)
(7.50775658048952+11.569079993451092j)
(9.713241020690713+12.052721669851634j)
(12.34050611129165+12.098009960412664j)
(15.324743042452402+11.43639315955393j)
(18.422347581352355+9.764590396071737j)
(21.140341631388143+6.886823611776153j)
(22.811546756852056+2.9474326865390608j)
(22.913315431659086-1.4390460118315165j)
(21.431823386855786-5.4157958842595235j)
(18.872932803222994-8.348629377631617j)
(15.906193202296164-10.072050838664612j)
(13.036448023740034-10.771395962229056j)
(10.518151099423275-10.749016218745858j)
(8.422563996348783-10.276538369310632j)
(6.726782082245727-9.549539902873663j)
(5.374319624442796-8.692141658465799j)
(4.301192631932226-7.781905753311632j)
(3.452083099389533-6.86048584847486j)
(2.781478383324486-5.950191771256041j)
(2.253527607924344-5.061579467132398j)
(1.840557404535993-4.198370800629181j)
(1.521445124760795-3.360394132778694j)
(1.2802001767454794-2.5453086737015855j)
(1.1048344422490737-1.749600313982671j)
(0.9865054003163144-0.9691440944220009j)
(0.9188987880099166-0.19950871160294853j)
(0.8977918106308389+0.5638318292639569j)
(0.9206612172514635+1.3254804851427382j)
(0.9866347574290615+2.0901130332434406j)
(1.0963663568426947+2.8624006160027573j)
(1.2520466091552636+3.6470360902152925j)
(1.4575247022582039+4.448718898241681j)
(1.7185268080185054+5.272103695676069j)
(2.0429889749098304+6.121688023617508j)
(2.4415256096422753+7.001596973030226j)
(2.9280586071742296+7.915199010004813j)
(3.520631287793702+8.864448610055723j)
(4.242416901582519+9.84879067879656j)
(5.122885915045706+10.863369605839194j)
(6.198983678380771+11.896154486644049j)
(7.515921233309487+12.923428439548225j)
(9.126675474248586+13.902953015698975j)
(11.088353363048117+14.7642117157419j)
(13.452057685142876+15.395994252769128j)
(16.24110926927831+15.63432266752338j)
(19.412337668978264+15.259917792487517j)
(22.80195399709682+14.024006807878491j)
(26.079005450364722+11.726069370712043j)
(28.761852836330352+8.344099213067224j)
(30.35407175569063+4.150194706790006j)
(30.565766506405147-0.31110372451805024j)
(29.460679268435957-4.424796063634607j)
(27.399140255609666-7.74952785444799j)
(24.84070336234266-10.124242061890211j)
(22.17197123544168-11.613076901142971j)
(19.640528860723638-12.389332467605062j)
(17.368887136180437-12.644134004244409j)
(15.39586150114519-12.541281582396573j)
(13.7142721476614-12.204965708239992j)
(12.296190505384494-11.723047025955108j)
(11.107223046599627-11.155084415691467j)
(10.113598368695477-10.540277304549585j)
(9.285172063686124-9.90379755345889j)
(8.59633764581265-9.261387076559641j)
(8.025964835424078-8.622543041775122j)
(7.556949670969526-7.9926719463226945j)
(7.17566136359081-7.374530485394421j)
(6.871413970863752-6.769187791833088j)
(6.6360128775772145-6.176673028440491j)
(6.463389213832149-5.596420527071462j)
(6.349319171718129-5.027589321879119j)
(6.291218841034968-4.469311001950496j)
(6.28800297685788-3.920905792514708j)
(6.339994929915961-3.3820990697012863j)
(6.44887285267061-2.8532673025161848j)
(6.617632587779384-2.3357423102515247j)
(6.85053849245979-1.83220429274784j)
(7.153017484597747-1.3471951608997517j)
(7.531425949374019-0.8877802436962076j)
(7.992581207880439-0.46437087984458697j)
(8.542899173548053-0.09167920499711597j)
(9.186926641616836+0.21031178000228937j)
(9.925030340374617+0.41564228696910493j)
(10.750074397546317+0.49246829945534254j)
(11.643204487803297+0.40479972666802655j)
(12.569504092064259+0.11693199074331498j)
(13.47531389793972-0.3986804231039099j)
(14.28999350071594-1.1506782808961595j)
(14.934757136631843-2.1182031827082297j)
(15.338649982335214-3.2458676543993104j)
(15.45701698290866-4.4494045909485544j)
(15.284216314439856-5.6323771842325865j)
(14.85397875305413-6.707598391877991j)
(14.227597981618889-7.613874664676828j)
(13.476571046871989-8.322154649376625j)
(12.667438782043-8.831662228854675j)
(11.853010471065074-9.160761466858224j)
(11.069929643761595-9.337389241493447j)
(10.340352183548475-9.391770494336109j)
(9.675347593454761-9.352055082770551j)
(9.078395146196781-9.242338038705533j)
(8.54823552372038-9.082176143954289j)
(8.080942239531986-8.8868768353082j)
(7.671317076787371-8.668114604899127j)
(7.313766807176806-8.434625864505813j)
(7.002814107496429-8.192854898983219j)
(6.7333684857039-7.947500099724039j)
(6.500848783347971-7.701952086549952j)
(6.301218606739489-7.4586344345231534j)
(6.130973656954509-7.219263917471934j)
(5.98710476688519-6.985047347705311j)
(5.867050671883842-6.756829920024919j)
(5.768648418361562-6.535207207535757j)
(5.690085566155441-6.3206103497626325j)
(5.62985608469351-6.113371778303377j)
(5.586720501495873-5.913777081878092j)
(5.559670062623959-5.722107272859122j)
(5.547894171846509-5.538674704297643j)
(5.55075003776072-5.363855119516673j)
(5.567733178594545-5.198117718946944j)
(5.598447148999965-5.042054627992797j)
(5.642570520253825-4.896410670842901j)
(5.699818741952239-4.762113815444137j)
(5.769898038788467-4.640305955013417j)
(5.852447983957119-4.532372708292599j)
(5.94696893269722-4.439969503802718j)
(6.052730283076939-4.365039192358105j)
(6.168655894595547-4.309813648812157j)
(6.293184492876205-4.276788210624161j)
(6.424106344385916-4.268653537458822j)
(6.558383971800002-4.288165260954347j)
(6.691975306781405-4.3379292316803j)
(6.819692987778413-4.420082183210036j)
(6.935152306234797-4.535858579119376j)
(7.030877891436972-4.685059255740299j)
(7.098645787162331-4.865479132317346j)
(7.130118561958409-5.072405615926587j)
(7.117772522833602-5.298349511237551j)
(7.056016409413962-5.533185305231958j)
(6.942285151077347-5.76482326252707j)
(6.777815182748581-5.980399196845467j)
(6.567831367251542-6.1677845451127284j)
(6.321023372422589-6.3170725623598045j)
(6.048412179203734-6.421672352338088j)
(5.761900292758188-6.478766997357333j)
(5.472868889911502-6.489104771456078j)
(5.191112414461311-6.456287068073988j)
(4.924244482402661-6.385813305766961j)
(4.6775534967219645-6.2841292955309775j)
(4.454189497606791-6.15784309029833j)
(4.255536381408569-6.013175986689779j)
(4.081644831545111-5.855642764834171j)
(3.9316425223663103-5.689915670793707j)
(3.804078436987158-5.519815351917367j)
(3.69718780706563-5.3483775185865605j)
(3.609081826378524-5.177956488833608j)
(3.5378744519089045-5.010339703376404j)
(3.4817607142330345-4.846857899571093j)
(3.439059869347054-4.688483185994186j)
(3.4082343411605778-4.535912097260268j)
(3.387892802979929-4.389633506765089j)
(3.3767834338851923-4.2499826989375125j)
(3.3737815346079034-4.117183478136206j)
(3.3778743001194202-3.9913802869758577j)
(3.388144554014993-3.8726621598631437j)
(3.403754565296201-3.7610800895594374j)
(3.4239306094076167-3.656659113074687j)
(3.4479486362641825-3.55940616499999j)
(3.475121220815267-3.4693145151592697j)
(3.504785865668449-3.3863654064175983j)
(3.5362946819245953-3.310527339380494j)
