(66.0500157655656+0j)
(60.19085462829464-18.68225802601712j)
(47.426412098904684-29.571447764791976j)
(34.72725639915007-32.78398723961294j)
(24.87834658751678-31.739428619226015j)
(17.87213716549941-28.980921546605487j)
(12.989921213347534-25.752531920238948j)
(9.573611417370492-22.558241126916485j)
(7.157221789343124-19.568765037819272j)
(5.433498734384788-16.81849110399504j)
(4.203371653452597-14.290073597622404j)
(3.3380518981393177-11.949058224803162j)
(2.754500701130453-9.757450775506083j)
(2.4003400844713965-7.6785643445270235j)
(2.244874593919327-5.678311115912086j)
(2.2740867728651826-3.7251177314517814j)
(2.4884056341888985-1.7894236260848997j)
(2.9027073439962843+0.1567307902255675j)
(3.5485230837935644+2.1395765014340733j)
(4.478887541201378+4.182209770917581j)
(5.776759988580939+6.300424070077142j)
(7.568407054764281+8.492470874470442j)
(10.042832041344601+10.715438279569433j)
(13.474520587396203+12.832427725653993j)
(18.229357237793835+14.49942483149063j)
(24.672952058616367+14.94960555524781j)
(32.748401318356805+12.717460877409687j)
(40.90203236875632+5.844958385234998j)
(45.20445493124319-6.053675629870585j)
(42.165936853029336-18.961659747968632j)
(33.57673869569104-27.442604937525676j)
(24.127867596296603-30.347835015115937j)
(16.45135773717472-29.712988702289508j)
(10.908302883066545-27.53018312118717j)
(7.052444409169361-24.888255954516367j)
(4.380014104717677-22.254928305385924j)
(2.5127651016348183-19.79689070800224j)
(1.1959074200298505-17.55356678837652j)
(0.26291991434237705-15.51531717310673j)
(-0.3947102973282159-13.65617322951113j)
(-0.8480475471265209-11.946872593809514j)
(-1.1437308446500016-10.359649000747043j)
(-1.3120296921708565-8.869649867745293j)
(-1.371759993841003-7.455033225595158j)
(-1.333199742432495-6.096608406337676j)
(-1.1996714241904154-4.777392247032515j)
(-0.9681519478739634-3.48226112631612j)
(-0.6290647889728648-2.1978317267114678j)
(-0.1652332114101418-0.912756998130809j)
(0.4495614287581186+0.38117866034134273j)
(1.2552392479090924+1.6871883094693894j)
(2.30742125914791+2.9974662465199193j)
(3.684567393199002+4.284179271001484j)
(5.491850861390674+5.479526249669817j)
(7.857478944668803+6.4396592896363485j)
(10.899283195503294+6.884989435132087j)
(14.611726431285526+6.330824166411435j)
(18.607159854841417+4.110706645804487j)
(21.802141782950372-0.23879758339028337j)
(22.65961122074723-6.136608192924158j)
(20.506388860494308-11.72226061851571j)
(16.38325252439182-15.306514591940825j)
(11.927007129850631-16.635401214552264j)
(8.11105493866969-16.397752326198184j)
(5.174435454854048-15.338455709005768j)
(3.0149130670897546-13.939604442619453j)
(1.4523970709482277-12.452445613678433j)
(0.32654562065160236-10.991309541349983j)
(-0.4832325907595472-9.600550120813269j)
(-1.0622432712268401-8.291387371270158j)
(-1.4694445752243233-7.060299558993862j)
(-1.7451854743023658-5.897783546396836j)
(-1.9168119396039274-4.792381057605573j)
(-2.002454690052288-3.73243812595501j)
(-2.013485422637155-2.7067997206508196j)
(-1.9560340112093264-1.7050218857743284j)
(-1.8318369614065044-0.7173908175714888j)
(-1.63858954680687+0.26505751566612573j)
(-1.3697345406398984+1.250361210186053j)
(-1.0137832767168689+2.245526464004465j)
(-0.5534811728372104+3.2558201238992552j)
(0.03587852071016834+4.2831930175179105j)
(0.7886822699321723+5.32353293551795j)
(1.7515129098168307+6.361474173797079j)
(2.9850382563278473+7.360977575870542j)
(4.562282179890579+8.249087027355907j)
(6.5556288165124785+8.890591037320135j)
(8.996418592259428+9.057351470680254j)
(11.784117139510398+8.418885129271988j)
(14.548546252443705+6.628719086898872j)
(16.5901632525118+3.5946704196923003j)
(17.159461289840323-0.19271023826975536j)
(16.036870617383485-3.7560414295548785j)
(13.739405935982662-6.2760873765123j)
(11.054305678370353-7.543126396405803j)
(8.542931949372406-7.8018259343951835j)
(6.4410641412674075-7.408619573816623j)
(4.779003573607869-6.648956957210647j)
(3.5027176125328223-5.705520477572884j)
(2.539364797514492-4.682185146968148j)
(1.8230042815701835-3.6331878401389814j)
(1.3026185843682052-2.58355733756199j)
(0.9377523751461034-1.5439306172587401j)
(0.7014170796350474-0.5149761049072427j)
(0.5755517210612322+0.5070534288674167j)
(0.5492185396988866+1.527902620317296j)
(0.6178203263295416+2.5549395732423674j)
(0.7826299669162943+3.595730125569782j)
(1.0507001907006772+4.657626484699561j)
(1.4354782609879275+5.746993684115966j)
(1.957936934802623+6.867980598539214j)
(2.6482513769216927+8.020379806381449j)
(3.547892948016918+9.195842788096705j)
(4.711607208059745+10.37128530548799j)
(6.207715609789524+11.497789752281609j)
(8.112876132712781+12.483148813644064j)
(10.493080740281048+13.168067619619915j)
(13.357037294671557+13.304265051062414j)
(16.569561567472515+12.563861228153783j)
(19.746596845607055+10.638551695085297j)
(22.24237166530714+7.467239768379007j)
(23.38807584900841+3.4656634013886376j)
(22.913068410951663-0.5500167571037976j)
(21.12900499731386-3.8062135106691724j)
(18.664503392705377-5.948344136500663j)
(16.084831808967177-7.033824106095663j)
(13.72561192787916-7.312175814849986j)
(11.72180263816052-7.0464793509949j)
(10.09215535723682-6.440881310477716j)
(8.805109782410312-5.632986807021308j)
(7.815211648096396-4.708530131096537j)
(7.079528215640069-3.7181569966879495j)
(6.563697301877722-2.690424899956638j)
(6.243432092743621-1.6406991811195677j)
(6.104382324993777-0.577067597118958j)
(6.141633335584348+0.4955374244008162j)
(6.359319671943513+1.5720414789755077j)
(6.770403457431322+2.6439696234297267j)
(7.3963456087646415+3.695531868317984j)
(8.265990716377651+4.6984098842719595j)
(9.412320822797701+5.60478517812584j)
(10.864723539627253+6.338871087196187j)
(12.633359410431835+6.789231887182279j)
(14.682524825580359+6.808416171847515j)
(16.89514259700431+6.232406186147658j)
(19.045020581346563+4.9339818575981615j)
(20.812753979329997+2.906841024524346j)
(21.876864403691883+0.33448713078292097j)
(22.052280306587033-2.430251150345336j)
(21.376973958458926-4.993747697522703j)
(20.07395226948857-7.070687251428736j)
(18.430580724343876-8.548641199476506j)
(16.693898722230887-9.455937715999301j)
(15.028215743814165-9.893065512826123j)
(13.520447850614792-9.976466172078446j)
(12.203853085405228-9.808990354298746j)
(11.080946949135605-9.470576927999776j)
(10.139519159200727-9.019069446143954j)
(9.362145888299816-8.494549900650242j)
(8.731236620488385-7.9240490030468145j)
(8.231444591265584-7.325525077683463j)
(7.850668254222357-6.710930257767488j)
(7.580362526967351-6.0885210042468065j)
(7.415539599335788-5.464654059699756j)
(7.35462796489988-4.8453035286030355j)
(7.3992179464188705-4.237506451347376j)
(7.553605333707195-3.650909029613109j)
(7.823917719535537-3.099528635913534j)
(8.216454458209457-2.603723177545994j)
(8.734715926655648-2.192089616272317j)
(9.374563902041071-1.9024977438716573j)
(10.117345704196172-1.780680875968047j)
(10.922113823020203-1.8740765133342059j)
(11.720537946206731-2.219004920861818j)
(12.420617936511023-2.8224655037429787j)
(12.92434178620217-3.6460618349394776j)
(13.156496350039111-4.604181056110385j)
(13.090597207879059-5.583473602816832j)
(12.755665142484002-6.475755280414936j)
(12.22037430015921-7.205812021274218j)
(11.56661211169272-7.741088643275939j)
(10.86752482274167-8.084508712277335j)
(10.177014290455629-8.260031336871581j)
(9.529078837200192-8.29960176550279j)
(8.94186357999092-8.234973060307096j)
(8.422585560511923-8.093734947564249j)
(7.971813465143648-7.898039510507795j)
(7.586604484873218-7.6648424636922226j)
(7.2625221956665875-7.406771790583715j)
(6.994822347563614-7.133113041036585j)
(6.77910076475885-6.850700432853884j)
(6.611617295733267-6.564658372552287j)
(6.489432382055441-6.279003272124171j)
(6.410436146001124-5.997138437741531j)
(6.3733107152735995-5.722279583901587j)
(6.377438403430226-5.457845834361367j)
(6.422745619415174-5.207844499035342j)
(6.509450721581243-4.97726671520258j)
(6.6376613470477865-4.772490856790883j)
(6.806745011073557-4.601653430681604j)
(7.014386397776278-4.474882175719619j)
(7.2552718310778515-4.404185056642552j)
(7.519454325316828-4.402662885183542j)
(7.7907135165669015-4.482627291107011j)
(8.045652837361873-4.652319708933259j)
(8.254712437690667-4.911476329908017j)
(8.386242449448353-5.247060923232251j)
(8.41364806298785-5.631596274494337j)
(8.323415509943343-6.026418835225552j)
(8.120096060579904-6.389902082915136j)
(7.825213173975848-6.687378612080286j)
(7.470570638825546-6.898116785348876j)
(7.089620502602075-7.01675606895244j)
(6.7107620814071245-7.05006193140286j)
(6.354256893519579-7.01177307823403j)
(6.032223676127931-6.917961567761211j)
(5.750278192715777-6.78397466012356j)
(5.509582426458439-6.622938220775906j)
(5.308628237597165-6.445345571595328j)
(5.144537079874991-6.259237406742446j)
(5.01390012304793-6.070624229920646j)
(4.913267475475784-5.883954637909149j)
(4.839399154177859-5.702538989185816j)
(4.789365900709497-5.528898468654681j)
(4.760559830634397-5.365038622589988j)
(4.7506520172613715-5.212657477244606j)
(4.757517898787677-5.073300204102379j)
(4.7791408411271-4.94846984871264j)
(4.8134979353701395-4.839699275526648j)
(4.8584292386515555-4.7485842351236816j)
(4.911491871339273-4.6767718303720125j)
(4.969803934580238-4.625893170089744j)
(5.029890808085886-4.597424721835938j)
(5.087558731025198-4.592461996099598j)
(5.137837369250905-4.611395526936506j)
(5.175051181346011-4.653497964599874j)
(5.193090334196833-4.716467290692264j)
(5.185940542868713-4.796023921239542j)
(5.14847940991885-4.885714446489293j)
(5.077446568487642-4.977098625392311j)
(4.97236867528042-5.06044505927979j)
(4.836132381548792-5.125911559685731j)
(4.674930455996196-5.164977612948938j)
(4.49749180796962-5.17173708393416j)
(4.313774611423533-5.143664053359217j)
(4.133504701501086-5.08165545601043j)
(3.9649627788378634-4.9894261114564085j)
(3.8142708485262524-4.872532230390914j)
(3.685211980112782-4.737344144081127j)
(3.579455096170961-4.590202708086349j)
(3.4969969408197263-4.436860223803447j)
(3.436656681444533-4.282197290744997j)
(3.3965181065049146-4.130149404988272j)
(3.374272706955378-3.983764298247578j)
(3.367457304151525-3.845323327325568j)
(3.3736010617832695-3.7164806670718904j)
(3.390304122675059-3.5983930528865886j)
