(47.09473330863199+0j)
(42.8557498252726-12.899339096451078j)
(33.679003356379795-20.121794228390602j)
(24.61605964515832-21.78872151340691j)
(17.66253691490232-20.371318109707797j)
(12.811290758486596-17.690434886556286j)
(9.553445366434511-14.627456569849798j)
(7.431924749949815-11.529845343097799j)
(6.136829553965609-8.50384663461255j)
(5.4848149095062295-5.555960649691686j)
(5.38906021391358-2.654506506275662j)
(5.8427090297785815+0.24233203058417893j)
(6.918917990982879+3.167545923320084j)
(8.788228561446541+6.117404013467762j)
(11.751713673154818+8.988177483051599j)
(16.266881753073896+11.423277486596053j)
(22.841087642347514+12.479806718004129j)
(31.35138554133243+10.163081219991286j)
(39.19267825664375+1.9836771826676787j)
(40.752781106402715-10.963721073212932j)
(34.12972451197032-21.7479050404264j)
(24.533335310797113-26.077408336456244j)
(16.454556874930663-25.688764303948968j)
(10.813844066732617-23.269196506789914j)
(7.105210181831557-20.27876059280343j)
(4.7135772438160135-17.286173920756866j)
(3.2041967248727317-14.463442110091439j)
(2.308848799457158-11.832650222016364j)
(1.8733975149740538-9.365296263992155j)
(1.8198615364024004-7.019872900785945j)
(2.1258730002946313-4.756723277325086j)
(2.8174266789261324-2.546844651905863j)
(3.9719098288740815-0.3840543746125345j)
(5.72886760508421+1.6888701445325052j)
(8.299705211167044+3.521334503683579j)
(11.939591065989745+4.732094941811727j)
(16.756707249894472+4.510835827820533j)
(22.10186884187577+1.5680556006474784j)
(25.709888964563397-4.869797019006419j)
(24.788332119878927-12.82164863863809j)
(19.723380543899843-18.4014245524001j)
(13.661947483789136-20.21523139324802j)
(8.684410764765806-19.494202923455134j)
(5.159383680826359-17.655728613820592j)
(2.8001796771083782-15.483557259707359j)
(1.2635656243227962-13.304482847711432j)
(0.2971216570197995-11.227144083326412j)
(-0.2606789444833133-9.27072420745191j)
(-0.5051376814207702-7.4214451023173496j)
(-0.4851530851693477-5.655975886876586j)
(-0.2146253101315692-3.9517334539616944j)
(0.32317640733552633-2.2935161916795663j)
(1.1764487981986482-0.6822047482497245j)
(2.4296328245193837+0.8493894274297759j)
(4.205260729215548+2.2003929671273155j)
(6.641203130596695+3.1377383422407528j)
(9.785386027767084+3.1997944594783814j)
(13.296008034117515+1.6782671879739732j)
(16.016185959393745-1.940130983303234j)
(16.306249490882387-6.888037565371927j)
(13.802819622542494-11.047418409353927j)
(9.995413480195527-13.025733257365097j)
(6.426426803044845-13.09014034980278j)
(3.6842479849485175-12.084152097011158j)
(1.7531393274538196-10.629442731891357j)
(0.4512009643743787-9.044380215029738j)
(-0.3923497159255362-7.463378797509066j)
(-0.899588974242983-5.9319782421005485j)
(-1.1480203162081155-4.457047013187795j)
(-1.1809972286885915-3.0303285581420436j)
(-1.0154322740486532-1.6395159881832566j)
(-0.6454146066651263-0.27416045701177705j)
(-0.045614603900007024+1.0659208024262963j)
(0.8399289576354549+2.3638946547576576j)
(2.08700803198226+3.5659902005387276j)
(3.790703602556464+4.545440748443597j)
(6.019140687476118+5.049542978384017j)
(8.680954728479104+4.658436197159312j)
(11.278079571344904+2.903097364366124j)
(12.802222514413534-0.23523462936293377j)
(12.383056988973854-3.7941393620394415j)
(10.272764330449155-6.407180642851227j)
(7.552857040538434-7.5075315267803955j)
(5.075825619436508-7.395921131821353j)
(3.146244770278411-6.58380303709209j)
(1.7558469371975622-5.440306144408742j)
(0.8041213986660651-4.166156841430017j)
(0.1920849246073949-2.8546030013859807j)
(-0.1529643645160008-1.54234456269111j)
(-0.27573449771756875-0.23877723660965666j)
(-0.19985372757297168+1.0578576432794868j)
(0.07688700498029137+2.3516945439584496j)
(0.573398819998334+3.64359870466574j)
(1.331261298849786+4.921196868573532j)
(2.4149478827210946+6.145165441969575j)
(3.9074114452003896+7.223854837756609j)
(5.884247690117148+7.973405987714355j)
(8.333390435486967+8.077206138646078j)
(10.98780237944276+7.119666363512589j)
(13.16204603574249+4.852190426030334j)
(13.967227751881335+1.667945054595443j)
(13.057311604294053-1.3677074568186984j)
(11.00255853242401-3.3353360551538485j)
(8.664984130693774-4.055904215861668j)
(6.594750799598205-3.8396638889653625j)
(4.976490487910921-3.059673798642979j)
(3.8049354209713493-1.9785664956348017j)
(3.0173989131901187-0.7458480243746101j)
(2.5521076591825382+0.563173531789654j)
(2.3665818202441815+1.9142972173508657j)
(2.4415388094453476+3.293450388166427j)
(2.781359710857372+4.6927448292233525j)
(3.4143194596168556+6.099108594949897j)
(4.393194675589004+7.480834142257035j)
(5.792880628917175+8.767102852627671j)
(7.695557889830132+9.81648575665793j)
(10.142738648767674+10.378249895872166j)
(13.024792951506699+10.080675102680116j)
(15.917537299364382+8.542481052227181j)
(18.038553469556533+5.70365118078781j)
(18.62529967076511+2.1646196874549557j)
(17.562832194973982-1.0362062576140252j)
(15.45981136672911-3.147371295901719j)
(13.08696122776349-4.049491481690774j)
(10.943808431930663-4.009158607466696j)
(9.229940282261193-3.354869881893632j)
(7.975907334232877-2.336088636162353j)
(7.150862971165563-1.1102661059706112j)
(6.7174520283892765+0.230210752278516j)
(6.653818872579354+1.6292330260259709j)
(6.960699056330469+3.043920648555137j)
(7.661924872730189+4.424825664547233j)
(8.799279201724323+5.695249834221154j)
(10.416542575522094+6.727319789578592j)
(12.52147709029946+7.319316008301216j)
(15.013728520859067+7.19629198397505j)
(17.59143976627329+6.082326142386735j)
(19.722375055799944+3.8846204023843915j)
(20.820043038073962+0.9010581288335928j)
(20.59720830601058-2.207018573730297j)
(19.256966973984756-4.766549253357811j)
(17.30402118684053-6.430808030647094j)
(15.223359907967517-7.206618813311806j)
(13.321161896588498-7.28131696692023j)
(11.736266334389981-6.868627895629175j)
(10.507710494457772-6.141322715596777j)
(9.631310449618105-5.221452362326783j)
(9.092466305499837-4.192639622231608j)
(8.881509555418072-3.116814443406829j)
(8.998600494557593-2.0501831263263224j)
(9.451339603405806-1.0580494868573849j)
(10.244458463472142-0.22827768976627366j)
(11.358620828651423+0.32016905042487503j)
(12.717357049333794+0.44386385773301956j)
(14.153099617375306+0.01267878120683397j)
(15.40550408576937-1.015885698042254j)
(16.19157184926365-2.52262242174974j)
(16.33305861077645-4.230143492255272j)
(15.844107190024012-5.814818530536917j)
(14.899946461618873-7.0435647356216j)
(13.727386916617005-7.8298053104372585j)
(12.51531688328329-8.199368547765353j)
(11.385487998814734-8.230406960776575j)
(10.401108633926292-8.00944687798336j)
(9.587966702309371-7.610425638427539j)
(8.952994620439455-7.09019017980157j)
(8.49628988044701-6.4914067868042284j)
(8.217759381270438-5.847902124020705j)
(8.119993205970927-5.190601356592234j)
(8.208121202280896-4.553610924135766j)
(8.486338715003086-3.9801386197857505j)
(8.949982930936294-3.526946928331384j)
(9.572421875638147-3.2638200137005766j)
(10.289418060967277-3.26205438224029j)
(10.991160563850487-3.5673937082169793j)
(11.538381305264243-4.164500374452162j)
(11.808916062367873-4.9586360915188985j)
(11.75051541624357-5.800462434144625j)
(11.398655180087918-6.54448433147794j)
(10.84721518288171-7.098293423968238j)
(10.201223926197008-7.43341355953365j)
(9.545032444259975-7.566071990606734j)
(8.934005047562554-7.532763321867527j)
(8.398772049692024-7.373735955284271j)
(7.953305828902816-7.124532397720106j)
(7.602578139884543-6.813671132835705j)
(7.347793496908977-6.463652565252766j)
(7.189349643874957-6.093148910600761j)
(7.128145343268854-5.719518149204651j)
(7.165545358044946-5.36138998097003j)
(7.301914558468287-5.041149809923975j)
(7.5333339690378205-4.7868112681327695j)
(7.846187494245768-4.631996216370088j)
(8.210353308318043-4.611756771785424j)
(8.574346811545384-4.751938686725296j)
(8.868935781919046-5.053064703939056j)
(9.024754616768282-5.477153982586096j)
(8.999202871392985-5.950867965786464j)
(8.795049814684903-6.389474097280119j)
(8.455915032317472-6.727163707107459j)
(8.043632552259046-6.93337376634547j)
(7.615422961464467-7.0095648097649565j)
(7.212359865658469-6.976019782903208j)
(6.858489836849902-6.859358501710467j)
(6.565025604101976-6.6850500344529j)
(6.3352906648911285-6.4744633105129195j)
(6.168542711204691-6.244640282036233j)
(6.0623387862259825-6.009282473579294j)
(6.013692308646613-5.780088304503554j)
(6.019331116888029-5.568051656887728j)
(6.075238117635713-5.38454260186625j)
(6.175529028281838-5.241989618200256j)
(6.310705129509932-5.153829359443336j)
(6.465533746384941-5.133169894563967j)
(6.61738073096965-5.189551512351783j)
(6.736658323111592-5.3237565033294j)
(6.7914063651880365-5.522278890605814j)
(6.756440061569157-5.755232515405225j)
(6.623541277516641-5.981568301544324j)
(6.406088390488221-6.161097587211302j)
(6.134160115401725-6.2668260980167405j)
(5.843298253256567-6.2904004664201345j)
(5.564107628074328-6.239258930720271j)
(5.317217461836085-6.129627209662411j)
(5.113320085578952-5.980036319459142j)
(4.955713421953633-5.807442188901394j)
(4.843156351683144-5.625770109304099j)
(4.772028637941239-5.445915598019188j)
(4.737624100211744-5.276353672348478j)
(4.734744631335528-5.123856855152504j)
(4.757810852944341-4.994087103473657j)
(4.800655743570276-4.891954593335272j)
(4.856127615084486-4.821666316766816j)
(4.915644430855956-4.786379857868814j)
(4.968919431745394-4.787396038923438j)
(5.004187175748619-4.822932787426471j)
(5.009310320595288-4.886771702019624j)
(4.973978264803997-4.9674276114220985j)
(4.892667600392724-5.048732612699329j)
(4.767245924897287-5.112431903055386j)
(4.607684026914673-5.1423448124149465j)
(4.430011667826223-5.128419504357213j)
(4.252231597895356-5.068759328549935j)
(4.090108220126748-4.968870706728594j)
(3.954533385091281-4.838979546182516j)
(3.850942958349115-4.6909692578769j)
(3.7801846909328325-4.536083933786768j)
(3.7399303499325582-4.383730995040337j)
(3.7259791627273504-4.2411581800547085j)
(3.73318133022165-4.113611515623444j)
(3.7559774729842346-4.0046503836794365j)
(3.7886648677715344-3.916435155595314j)
(3.825509224499227-3.8499173188552893j)
(3.860787082080761-3.804914453003863j)
(3.888830572044734-3.780061363306135j)
(3.904163610396777-3.772650882140487j)
(3.9018200143012245-3.7784365848248123j)
