(79.74750844079723+0j)
(77.78609218534861-12.37180640644427j)
(72.54745976033372-23.04244523731851j)
(65.26525637418541-31.155922190623144j)
(57.17131200732596-36.57624375441234j)
(49.20088548749339-39.656919433591625j)
(41.89996915465037-40.95069297446507j)
(35.49700642972133-40.99990023822369j)
(30.021463432927135-40.243500391212834j)
(25.40181467437489-39.001302185847905j)
(21.527607216468148-37.49176279392826j)
(18.282655496491667-35.85770837836437j)
(15.560178980221488-34.18931037644283j)
(13.268138056331827-32.54153215512546j)
(11.329817631563532-30.946388115782213j)
(9.682400989243401-29.421206817243743j)
(8.274900667006488-27.974071176671675j)
(7.066069756667163-26.60735056153436j)
(6.022541650114078-25.31997327327892j)
(5.117268223481302-24.108878011504757j)
(4.328248707584467-22.96993375238819j)
(3.6375123928686772-21.898516650682442j)
(3.0303115497186552-20.889866151856992j)
(2.4944835645326813-19.939299302121505j)
(2.0199471783072394-19.042334315298056j)
(1.5983041272604206-18.194756426085796j)
(1.2225233187202456-17.392647412263557j)
(0.8866895816753532-16.632392628267556j)
(0.5858029925404801-15.910674498204378j)
(0.3156179030501806-15.224458232225338j)
(0.07251323263388852-14.570973452564996j)
(-0.14661252809354094-13.947694060948976j)
(-0.3444267033748242-13.35231779311928j)
(-0.5232321892688457-12.782746330581961j)
(-0.6850247000010747-12.237066465677879j)
(-0.8315399555779157-11.713532575920045j)
(-0.964292746235309-11.210550511176061j)
(-1.0846094080327047-10.726662902444495j)
(-1.1936549310706728-10.260535844589233j)
(-1.2924556767785438-9.81094687288277j)
(-1.3819184882745024-9.376774137568308j)
(-1.4628468258102847-8.956986674314374j)
(-1.5359544389521729-8.550635668949004j)
(-1.6018769913653232-8.15684661883615j)
(-1.6611819775317904-7.774812299391295j)
(-1.7143772094018979-7.403786451466436j)
(-1.76191810149775-7.043078112671082j)
(-1.8042139431168938-6.692046523279842j)
(-1.8416333138099132-6.350096544263402j)
(-1.8745087719407572-6.016674531653449j)
(-1.9031409245592916-5.6912646174385895j)
(-1.9278019691092556-5.3733853526914155j)
(-1.9487387829363028-5.0625866735101495j)
(-1.966175624531439-4.758447154811424j)
(-1.9803165004756065-4.460571520906321j)
(-1.9913472437677826-4.168588385264052j)
(-1.9994373423127851-3.882148194996112j)
(-2.00474155056893-3.6009213582716235j)
(-2.0074013125183034-3.324596535317832j)
(-2.007546020020985-3.0528790757637676j)
(-2.00529412721204-2.7854895869726155j)
(-2.0007541386637033-2.5221626196452007j)
(-1.9940254865754732-2.2626454584458586j)
(-1.9851993101630994-2.0066970066697003j)
(-1.97435914861018-1.7540867551124077j)
(-1.9615815574301931-1.5045938262819016j)
(-1.9469366567648878-1.2580060859811713j)
(-1.930488619005611-1.014119315045032j)
(-1.9122961021713447-0.7727364347077468j)
(-1.8924126346012053-0.5336667796462331j)
(-1.8708869558159695-0.29672541328904467j)
(-1.8477633177399895-0.06173248041501654j)
(-1.8230817499238543+0.17148740753337566j)
(-1.7968782919173338+0.40310575865657916j)
(-1.7691851955019098+0.6332907622610489j)
(-1.7400310991047476+0.8622078296814976j)
(-1.709441176372043+1.0900201177374644j)
(-1.6774372605629806+1.3168890381442788j)
(-1.644037946142892+1.542974756046954j)
(-1.609258668690899+1.7684366807562744j)
(-1.573111763990937+1.9934339516842923j)
(-1.535606506950259+2.218125922437754j)
(-1.4967491307617309+2.442672646018585j)
(-1.4565428265196925+2.667235364096311j)
(-1.4149877232821817+2.891977003367164j)
(-1.3720808483644242+3.117062682099738j)
(-1.327816067428992+3.3426602300727186j)
(-1.2821840037161427+3.5689407252672023j)
(-1.2351719355233215+3.7960790508505506j)
(-1.1867636707844407+4.024254476230712j)
(-1.1369393973353779+4.253651266211321j)
(-1.0856755071490305+4.484459322609276j)
(-1.0329443924928028+4.716874863067032j)
(-0.9787142116006419+4.951101142216511j)
(-0.9229486210295849+5.187349220866874j)
(-0.8656064714115393+5.425838789453642j)
(-0.8066414627730941+5.666799052662944j)
(-0.7460017549926442+5.910469682905703j)
(-0.6836295282599218+6.1571018512044615j)
(-0.6194604875935205+6.406959345063307j)
(-0.5534233045412903+6.660319784067423j)
(-0.4851626810632426+6.917376711571622j)
(-0.4149812228649705+7.178578446856727j)
(-0.3426910389823688+7.44422029801136j)
(-0.26817358844017347+7.714645658302062j)
(-0.19130599359621847+7.990222138789687j)
(-0.11195529996282859+8.271342075124734j)
(-0.029975932779688918+8.558424440185696j)
(0.05479226203496701+8.851917278464045j)
(0.14252593133599564+9.152300516480103j)
(0.23342026458708334+9.460089136019329j)
(0.3276912732237611+9.775836736265633j)
(0.4255783684730488+10.100139528955294j)
(0.5273473030883117+10.433640823245169j)
(0.6332935477730683+10.777036068649625j)
(0.7437461835085843+11.131078536887532j)
(0.8590724056191853+11.496585737707619j)
(0.9796827542995771+11.87444668037922j)
(1.106037210151014+12.265630112228981j)
(1.2386523231326712+12.671193889035955j)
(1.378109580736631+13.092295660159632j)
(1.5250652682031351+13.530205084963013j)
(1.6802621328942677+13.986317837634907j)
(1.844543240143778+14.462171706468958j)
(2.018868503747864+14.959465152832738j)
(2.2043344971390635+15.480078766769008j)
(2.4021983097686426+16.026100143151776j)
(2.6139064189070713+16.599852807889476j)
(2.8411298158173097+17.203929951813127j)
(3.0858069788257816+17.84123388518143j)
(3.350196754379054+18.51502231340321j)
(3.636943832894656+19.22896276009469j)
(3.9491603484675197+19.987196732123326j)
(4.290528274730451+20.794415536277164j)
(4.665428854501689+21.655950017553472j)
(5.079107463770714+22.577876884088933j)
(5.5378853276135045+23.567144683038258j)
(6.049433755776269+24.631722826959006j)
(6.6231326140387345+25.78077720074047j)
(7.270543445175844+27.024875527577294j)
(8.006040293760188+28.37622430439209j)
(8.847659853865963+29.848935711385455j)
(9.81826010316062+31.459315509193072j)
(10.947117835498021+33.22614783033846j)
(12.2721577421808+35.17092274870755j)
(13.84310000043885+37.31789352350559j)
(15.725955973378458+39.69373471335346j)
(18.00951450749844+42.326344417448766j)
(20.814767321521423+45.241881331334994j)
(24.308621506142693+48.458220974213035j)
(28.723632477016352+51.97118981776511j)
(34.38536669447148+55.72627072061073j)
(41.74663104976898+59.56130030330782j)
(51.41774860164449+63.092749248643834j)
(64.14906945627887+65.5003529342022j)
(80.63129205414171+65.1661454795936j)
(100.79609042864267+59.26251579798222j)
(122.221464578582+43.97653215803468j)
(138.40167773881558+17.071042516859034j)
(140.92523185162156-17.1725349682439j)
(127.5241169755078-47.96545509842716j)
(105.1167511979363-67.24690011045963j)
(82.2122374049984-75.046715459661j)
(63.10332833746338-75.43973050559252j)
(48.50231801325326-72.15249402082767j)
(37.69591350577456-67.43547470794245j)
(29.736910836396998-62.41873044820739j)
(23.8306845926118-57.604947929479586j)
(19.391579865239784-53.185958263781494j)
(16.00667914472185-49.20966753075077j)
(13.388117917941827-45.66161829885533j)
(11.3345340274621-42.50337139907918j)
(9.703647748693488-39.69001177370992j)
(8.393611318490189-37.17775053569278j)
(7.330490049611917-34.926890266294606j)
(6.459851562362357-32.902664280329674j)
(5.741071233083058-31.075143379409997j)
(5.143433959684082-29.41877365601932j)
(4.64343206641575-27.911806527583842j)
(4.222867853469475-26.53573685227314j)
(3.867503840217723-25.27479553918945j)
(3.5660904527902066-24.115510517312764j)
(3.3096570934624254-23.046335337805864j)
(3.090989263977163-22.057338777538202j)
(2.904238685492868-21.13994701825163j)
(2.744629575435502-20.28673004316944j)
(2.608235204048136-19.491224720244443j)
(2.49180634949989-18.74778810220829j)
(2.3926384542928716-18.051475528016546j)
(2.3084679100761436-17.3979390594889j)
(2.23739045883279-16.783342600233823j)
(2.177796526268776-16.204290722027743j)
(2.1283196205696844-15.657768780298147j)
(2.0877948879413353-15.141092352823911j)
(2.0552256195629357-14.651864401892812j)
(2.0297560249968445-14.187938855612932j)
(2.010648975339543-13.747389542481288j)
(1.9972677112450101-13.328483605668064j)
(1.989060731954292-12.92965867903666j)
(1.9855492499698797-12.549503232863884j)
(1.986316725352744-12.186739599528712j)
(1.9910000935147127-11.84020927269739j)
(1.9992823780065914-11.508860141526629j)
(2.0108864404548608-11.191735377079889j)
(2.025569667461397-10.88796373386286j)
(2.0431194319166615-10.596751067059223j)
(2.0633491960481187-10.317372897126685j)
(2.086095147338945-10.049167879193195j)
(2.1112132775257257-9.791532056053185j)
(2.138576830223032-9.54391379137383j)
(2.168074055112276-9.305809294528334j)
(2.1996062166831694-9.07675866085223j)
(2.2330858136945833-8.856342361455942j)
(2.2684349722320682-8.644178125345146j)
(2.3055839807445575-8.439918163810606j)
(2.3444699400197484-8.24324669303855j)
(2.3850355048772256-8.053877715873691j)
(2.4272276975906775-7.871553027775037j)
(2.4709967758304865-7.696040415374013j)
(2.516295140346917-7.527132018788958j)
(2.563076269806631-7.364642831043743j)
(2.61129367221111-7.20840930968866j)
(2.660899844264132-7.058288077073081j)
(2.7118452319616195-6.914154686768979j)
(2.7640771876262202-6.775902434435685j)
(2.817538920642215-6.643441192032134j)
(2.872168441319731-6.516696244792661j)
(2.927897499663343-6.395607110845359j)
(2.9846505233744614-6.280126323881507j)
(3.0423435621866246-6.170218159935397j)
(3.1008832486404456-6.065857290230822j)
(3.160165788613156-5.967027343279875j)
(3.220075998309034-5.873719361100634j)
(3.2804864079136187-5.785930136662532j)
(3.34125645563244-5.703660422577356j)
(3.402231799237849-5.626913004730217j)
(3.4632437753760703-5.555690639076847j)
(3.524109039534719-5.489993855254622j)
(3.5846294215010945-5.429818637003453j)
(3.6445920320981524-5.375153996589444j)
(3.703769656663058-5.3259794683948165j)
(3.761921468875046-5.2822625553532045j)
(3.8187940948488346-5.243956170715202j)
(3.8741230516840535-5.210996126331631j)
(3.9276345767397123-5.1832987267749235j)
(3.9790478537491483-5.160758535645858j)
(4.0280776295918646-5.143246385712246j)
(4.074437201376026-5.130607707493975j)
(4.117841737877478-5.122661250930408j)
(4.158011882987555-5.119198271337652j)
(4.194677572440396-5.119982243607234j)
(4.227581979680543-5.124749157344327j)
(4.256485493336698-5.133208430485844j)
(4.281169618441174-5.14504446025401j)
(4.301440687264604-5.159918808783373j)
(4.317133264219899-5.1774729973905105j)
(4.328113133283894-5.197331859457969j)
