(43.16186475447575+0j)
(42.74464849239852-3.9592857076513104j)
(41.653108529628305-7.624571128509911j)
(40.05486080015632-10.91631135444356j)
(38.066398273409455-13.78426886808394j)
(35.80133643664166-16.19630686572791j)
(33.36963575221361-18.1470756878354j)
(30.869287995427907-19.656289000124747j)
(28.380595862825498-20.762040356737494j)
(25.964237312922787-21.513083608688746j)
(23.662263632667543-21.96212042867823j)
(21.500789398346996-22.160883696870002j)
(19.49331993226048-22.157050800846818j)
(17.644017178838478-21.9926580849129j)
(15.950535110738032-21.703585611089412j)
(14.406291960858814-21.319718455460222j)
(13.002186513264705-20.86548088225659j)
(11.727833012533175-20.36053448735937j)
(10.572410874031629-19.82050984718153j)
(9.525222467419013-19.25769827279282j)
(8.576038621344523-18.68166817260745j)
(7.715295018912742-18.09979381368458j)
(6.934187183349239-17.517697440117935j)
(6.224698802730199-16.93961235320944j)
(5.579588001329951-16.36867726203491j)
(4.992348558254822-15.807172684497676j)
(4.4571575452813725-15.256709499469261j)
(3.968816930365411-14.718378561363101j)
(3.5226939613823673-14.19286895425024j)
(3.114663276567855-13.68056117345568j)
(2.7410524330515895-13.181600366591349j)
(2.398591718285584-12.695953774961778j)
(2.084368576984186-12.2234556888415j)
(1.795786654796359-11.763842553520087j)
(1.5305292626474285-11.316780315963552j)
(1.286526957269854-10.881885663994622j)
(1.0619288824807918-10.45874246157514j)
(0.8550775011326001-10.046914407632174j)
(0.6644863552127435-9.645954728058982j)
(0.4888205118245725-9.255413538366662j)
(0.32687937972253817-8.874843379487679j)
(0.1775816106638013-8.50380332232547j)
(0.03995182974499668-8.141861953038442j)
(-0.08689103237389105-7.7885994849172j)
(-0.20374400571164972-7.4436091906807125j)
(-0.3113291215947617-7.10649830804957j)
(-0.4103013816559381-6.776888539101288j)
(-0.5012557896506562-6.454416238360836j)
(-0.5847335633014298-6.138732364346015j)
(-0.6612276282512919-5.829502253457924j)
(-0.7311874829618955-5.52640526228389j)
(-0.7950235118857306-5.229134314573547j)
(-0.8531108141807132-4.937395381039018j)
(-0.9057926065563333-4.650906914017022j)
(-0.9533832512618647-4.369399253920358j)
(-0.9961709536798652-4.092614020537054j)
(-1.0344201683093608-3.8203034990982485j)
(-1.0683737469879484-3.5522300285429926j)
(-1.0982548589245722-3.288165397469165j)
(-1.1242687084100347-3.0278902517295174j)
(-1.146604072836881-2.7711935163743893j)
(-1.165434680857754-2.5178718337409953j)
(-1.1809204480721396-2.2677290186882395j)
(-1.1932085854948136-2.0205755314284244j)
(-1.2024345942028305-1.776227967929301j)
(-1.2087231579401962-1.5345085675207357j)
(-1.212188944016544-1.295244737051712j)
(-1.2129373216060926-1.0582685907542728j)
(-1.2110650054463068-0.8234165047984305j)
(-1.2066606319599082-0.5905286853953585j)
(-1.1998052739857925-0.3594487492361318j)
(-1.1905728995238967-0.13002331495125502j)
(-1.1790307792426349+0.09789839575204304j)
(-1.1652398468811624+0.3244649486818253j)
(-1.1492550161457589+0.5498230809134682j)
(-1.131125457205418+0.7741180791837884j)
(-1.1108948354514268+0.9974941544240024j)
(-1.0886015147800785+1.2200948139821557j)
(-1.064278727280168+1.442063233112067j)
(-1.0379547108615768+1.6635426273599652j)
(-1.0096528160306542+1.8846766275244444j)
(-0.9793915827088057+2.105609658933997j)
(-0.9471847876774578+2.3264873268547968j)
(-0.9130414629545578+2.5474568099196415j)
(-0.8769658850945248+2.7686672635769685j)
(-0.8389575351176732+2.9902702356602475j)
(-0.7990110284659722+3.2124200963114555j)
(-0.7571160140651694+3.4352744846440997j)
(-0.7132570412401188+3.658994774688014j)
(-0.6674133928698114+3.8837465633672186j)
(-0.6195588827852012+4.109700183463226j)
(-0.5696616149861927+4.337031244780514j)
(-0.5176837017939158+4.565921206995027j)
(-0.4635809375236371+4.796557987998482j)
(-0.40730242369692266+5.029136611897774j)
(-0.3487901411390269+5.263859901237841j)
(-0.28797846357361845+5.5009392184708705j)
(-0.2247936064659895+5.740595262205882j)
(-0.15915300390313017+5.983058924352979j)
(-0.09096460515905978+6.228572214926744j)
(-0.020126081319653995+6.47738926200317j)
(0.05380662949388216+6.729665661923768j)
(0.13049226685821355+6.98583698844845j)
(0.2101792005263037+7.24616516980327j)
(0.29303528630217873+7.510960144040344j)
(0.37923632854515493+7.780552958800339j)
(0.46897321033053857+8.055295680254478j)
(0.5624552257364787+8.335562746796848j)
(0.659912747193687+8.621752787157208j)
(0.7615998776492532+8.914290727588332j)
(0.8677973104211151+9.21363015372681j)
(0.9788155137781189+9.520255931357909j)
(1.0949983288974825+9.834687105021107j)
(1.2167270663738698+10.157480101098205j)
(1.3444251935047116+10.489232267408905j)
(1.4785637177711768+10.830585785948394j)
(1.6196673900669325+11.182231999772112j)
(1.7683218743345221+11.544916199309291j)
(1.9251820590395432+11.919442917579255j)
(2.0909817214529736+12.306681787664118j)
(2.2665447995956844+12.707574019096723j)
(2.452798580943797+13.12313955199219j)
(2.6507891842460762+13.554484948024783j)
(2.861699794445027+14.002812074544245j)
(3.086872215072248+14.469427630480602j)
(3.327832433242865+14.955753547662642j)
(3.5863210567326274+15.463338274956614j)
(3.8643296899986472+15.993868909706086j)
(4.164144578556367+16.54918407314243j)
(4.488399184645115+17.131287321738036j)
(4.840137782065115+17.742360727182046j)
(5.222892700943067+18.384778017530394j)
(5.640778548071574+19.06111631213913j)
(6.098607618967004+19.774164945080337j)
(6.602031858810994+20.526929068687426j)
(7.157718188616984+21.322624529434j)
(7.773565870408695+22.16465871405708j)
(8.45897692903396+23.056589373177932j)
(9.225193561111164+24.002049383090927j)
(10.085719987859118+25.004619301449853j)
(11.056850282415015+26.067620334712018j)
(12.158327998346078+27.193786323800346j)
(13.414167057631488+28.384752080353174j)
(14.853664278732298+29.640263144772238j)
(16.51262777554273+30.95696336251513j)
(18.434823339763387+32.32654407725251j)
(20.673585271913478+33.73293288684291j)
(23.29341530723976+35.14805211543157j)
(26.37114112730796+36.52548805088785j)
(29.99571566814289+37.79121574632487j)
(34.26483735730728+38.83044810282981j)
(39.27503918461649+39.470072631406076j)
(45.09962023520375+39.45781646595555j)
(51.74634463506307+38.44379732932719j)
(59.08689510945778+35.97958489957715j)
(66.7597475040325+31.564523287597588j)
(74.07875088549008+24.779341234608907j)
(80.0325608857504+15.522787388300847j)
(83.48877823831562+4.270741089436392j)
(83.61767215507973-7.851807299518275j)
(80.31070025802615-19.36868660085623j)
(74.25482429987689-29.003113535341043j)
(66.58874410451449-36.0942427427291j)
(58.43119497689909-40.63325213954348j)
(50.58881277788673-43.02445251070538j)
(43.50527682900024-43.81117427672926j)
(37.34569067729445-43.500445312324445j)
(32.10722092659283-42.49317898763011j)
(27.705052293403103-41.07784271889804j)
(24.025304785694043-39.44989296846395j)
(20.95278414223412-37.73617385388776j)
(18.3833039210195-36.01600287058512j)
(16.227718231278086-34.33700251978612j)
(14.411976479561604-32.72618428727738j)
(12.875531925046046-31.19741501592796j)
(11.569262946266019-29.756334224537337j)
(10.453432197018564-28.40354740134382j)
(9.495888306028322-27.13667922369013j)
(8.67056274175184-25.951682251093118j)
(7.956248420723994-24.843662822671227j)
(7.335622455996974-23.807395216325038j)
(6.794470497703619-22.837635184346077j)
(6.321073220521114-21.929304855800225j)
(5.905721346681656-21.07759561217407j)
(5.540331776655883-20.278019106754627j)
(5.218142975616177-19.52642595293278j)
(4.933472439572939-18.819004701818685j)
(4.681522838303246-18.152269242273363j)
(4.458226411787738-17.523039835151618j)
(4.260119520818464-16.928421089519993j)
(4.084241052703776-16.36577894747527j)
(3.928049773177616-15.832717936452795j)
(3.789356788151408-15.327059424117918j)
(3.6662701070783994-14.846821273662846j)
(3.557148940279352-14.390199082569612j)
(3.4605658593678363-13.955549053610387j)
(3.3752753364165025-13.541372465289717j)
(3.300187479230344-13.146301661724955j)
(3.2343460165269944-12.769087456970981j)
(3.1769097728003493-12.408587837947032j)
(3.127137019516741-12.063757848150708j)
(3.084372205733217-11.73364053768168j)
(3.0480346639203186-11.417358871501548j)
(3.0176089608377747-11.11410849580752j)
(2.9926366227332113-10.823151270960595j)
(2.972709011984072-10.543809487992723j)
(2.9574611709807934-10.275460693950363j)
(2.9465664804298366-10.01753305903811j)
(2.93973200480961-9.769501225578312j)
(2.936694418592971-9.530882585187962j)
(2.937216423983939-9.301233936278429j)
(2.9410835850178976-9.080148479043679j)
(2.9481015145389398-8.867253109559183j)
(2.9580933602473594-8.662205978509467j)
(2.970897544087759-8.464694283442874j)
(2.986365716027532-8.274432266386583j)
(3.0043608889984887-8.091159391156587j)
(3.0247557266513807-7.9146386768460735j)
(3.047430959761211-7.744655165792918j)
(3.072273910775865-7.581014505854899j)
(3.0991771092183775-7.423541628115373j)
(3.1280369835478368-7.272079502216963j)
(3.1587526177297076-7.126487952436133j)
(3.1912245632372875-6.986642518395651j)
(3.225353699552542-6.8524333450032815j)
(3.261040138521779-6.723764086865757j)
(3.298182170159326-6.600550813063037j)
(3.3366752497441197-6.4827208988798795j)
(3.376411028299638-6.370211891881611j)
(3.417276430826979-6.262970340674126j)
(3.4591527889382885-6.160950575845349j)
(3.5019150368151055-6.064113434006505j)
(3.5454309816399396-5.972424917588869j)
(3.589560661779453-5.885854785151398j)
(3.634155807955955-5.804375069464268j)
(3.6790594243479613-5.727958523572152j)
(3.724105507906433-5.656576998427827j)
(3.76911892504068-5.59019975949985j)
(3.8139154650977813-5.528791753973024j)
(3.8583020895884577-5.472311844681224j)
(3.9020773947848935-5.420711031649876j)
(3.9450323030079533-5.37393068691264j)
(3.9869509945486223-5.33190083291559j)
(4.027612087674763-5.294538499103989j)
(4.066790068558832-5.261746194931504j)
(4.104256966288077-5.233410540262167j)
(4.139784260519417-5.209401095656253j)
(4.17314500102912-5.189569435069447j)
(4.2041161096892035-5.173748501808101j)
(4.232480826642869-5.161752285000196j)
(4.258031254095435-5.153375848256901j)
(4.28057094366286-5.148395734654139j)
(4.299917467125011-5.146570762770027j)
(4.3159049061847785-5.147643217575815j)
(4.328386194853637-5.151340427881371j)
(4.337235248681448-5.157376709317036j)
(4.342348818406091-5.165455639095522j)
