(11.575061761223592+0j)
(11.481840930066891-0.4522920143783125j)
(11.295387968467937-0.79763822168532j)
(11.084589998182464-1.061866414133268j)
(10.864592818120826-1.2677374484853943j)
(10.640707925032046-1.4249844835708378j)
(10.417365920846335-1.5379105649893734j)
(10.199527092723729-1.6088780938992462j)
(9.992777750280888-1.6398428968552188j)
(9.80317058827496-1.6331014439941405j)
(9.637019588115816-1.5916957553005664j)
(9.500691605793445-1.5196591023685266j)
(9.400394511390536-1.4221863157685526j)
(9.341947178634369-1.3057685069551446j)
(4.016556372399169+3.305452633415647j)
(9.370247165203878-1.0492019695137653j)
(9.46390633960229-0.9293912022556924j)
(9.612281640119567-0.8312943660647875j)
(9.813578715464011-0.7685946237422837j)
(10.062707597764497-0.7557729454024028j)
(10.350595100166698-0.8073064682170182j)
(10.663671418780813-0.9364686893587013j)
(10.983751036743959-1.1537419111942426j)
(11.288558220721349-1.4649794095963693j)
(11.55309784026255-1.86961918449946j)
(11.751906962217118-2.3593968081878387j)
(11.86195087650194-2.918042886155652j)
(11.865632652785326-3.522301138304922j)
(11.75321168313016-4.14426230237219j)
(11.52400065074017-4.754591029631679j)
(11.18604350996152-5.325919793138971j)
(10.754431882410142-5.83564913129874j)
(10.24878485517742-6.267636730319924j)
(9.690550327002603-6.612642134843955j)
(9.100678045210822-6.867736416075519j)
(8.497971224400471-7.035069293363684j)
(7.898175117456167-7.120398379239721j)
(7.313690141203817-7.1316873115025565j)
(6.753723198505352-7.077947329691281j)
(6.224690760071913-6.968382898914548j)
(5.730725943238116-6.8118272215954825j)
(5.274190768294975-6.616416553022112j)
(4.856137815982379-6.389442192713264j)
(4.4766967450923065-6.137324047995322j)
(4.135380664805128-5.86566090871037j)
(3.8313177780118606-5.579324727772751j)
(3.5634179973817335-5.28257671358595j)
(3.330484849231428-4.979191044795604j)
(3.131281661595538-4.672577512840593j)
(2.9645588978439465-4.365897711494929j)
(2.829047235488658-4.062170904232392j)
(2.7234190591150793-3.7643657263600447j)
(2.6462198241451107-3.47547266768133j)
(2.5957706878763678-3.1985500814972654j)
(2.5700454334637377-2.936733660113252j)
(2.566528635574989-2.6931966162824534j)
(2.5820687061032284-2.47104646682251j)
(2.6127488238231353-2.2731462551672923j)
(2.65380945752813-2.1018557006299603j)
(2.6996649143085443-1.958703262914387j)
(2.744057509905443-1.8440236818364992j)
(2.7803798739622234-1.756623299589005j)
(2.8021640474192537-1.6935578914797609j)
(2.8036879950206415-1.650111127046224j)
(2.7805993548076384-1.6200343185404724j)
(2.7304248206663644-1.5960489864099372j)
(2.6528421136229756-1.5705394294503319j)
(2.549645104633243-1.5363025494411982j)
(2.424413611863313-1.487204141307971j)
(2.281974855342695-1.418623124371184j)
(2.127784107651428-1.32763171015316j)
(1.9673476449919791-1.2129304114948178j)
(1.805772944682197-1.074606137529362j)
(1.6474811469017185-0.9137990009688579j)
(1.4960744386765952-0.7323539637268732j)
(1.354325693322581-0.5325097716911613j)
(1.224249341891221-0.3166519223074598j)
(1.107215807547859-0.08713602237964646j)
(12.688140147621104-1.1342450434851068j)
(0.9153104497610071+0.4042207795830065j)
(0.841092493592698+0.6622677660734588j)
(0.7814280749928117+0.9264033870208276j)
(0.3457357424600365-10.869497673160664j)
(0.7052499855186919+1.4676640756974848j)
(0.6883716158963522+1.7425394508453442j)
(0.6853802719551368+2.0189294298783746j)
(0.6961024060121608+2.295927738232585j)
(0.7203807247325374+2.5726468179845385j)
(0.7580638102219286+2.8481822923414577j)
(0.8089845822921115+3.121581171649776j)
(0.8729271738625098+3.3918160240850925j)
(0.9495819347404355+3.6577683875216604j)
(1.0384890761171641+3.91822597787266j)
(1.1389731777711742+4.171899488381633j)
(1.2500736093315454+4.417465486824092j)
(1.3704798540245975+4.653641348844413j)
(1.4984852813494516+4.879295362415143j)
(1.6319768586753238+5.093589241074061j)
(1.768479538424619+5.29614111559992j)
(1.9052700633091133+5.4871859284377855j)
(2.039563817078468+5.667700353018939j)
(2.1690110945951857+5.83926473699844j)
(2.291085916392921+6.004697788658199j)
(3.5763987927779968+5.617391152121858j)
(2.5085543871994123+6.329719597573986j)
(2.7393721784198686+6.954259260497467j)
(2.6913239077195703+6.669762630692267j)
(2.773155697337114+6.853090359311819j)
(2.8516768953543017+7.048320036962493j)
(2.9295480328037016+7.256903118841802j)
(3.0094712736627702+7.479666017824052j)
(3.094036229917478+7.716906547849725j)
(3.1856242692638572+7.968516603058064j)
(3.286366302097666+8.234106872216357j)
(3.3981423786850713+8.513117566757918j)
(3.5226096906282933+8.804907132916744j)
(3.6612469999074704+9.108817000230868j)
(3.8154063819149946+9.424214169592076j)
(3.9863662416186476+9.750515202464301j)
(4.175382188936823+10.087195544637115j)
(6.633713080389054+11.685177880004908j)
(4.612770673561367+10.789870759693224j)
(4.863947616818931+11.155053458735377j)
(5.13886775292496+11.528950710960501j)
(5.439316528675888+11.911154239321808j)
(5.767297930954522+12.301195839139567j)
(6.1250693101491525+12.69850174759785j)
(6.515174431976623+13.102335926413444j)
(6.940472771141966+13.511729923313679j)
(7.404161869060738+13.925397250046354j)
(7.909788519429014+14.341630949275668j)
(8.461243866046035+14.758184064619089j)
(9.062737290993493+15.172133713483932j)
(9.516212777278376+15.140923983627625j)
(9.931655000532235+17.454851064181096j)
(12.658858915310306+17.705608660946897j)
(13.335229054067325+12.964057394498711j)
(13.724714234084667+17.311125392033603j)
(21.281881761357166+28.406938610864646j)
(30.991525844487803+24.096901921750874j)
(16.43593202706347+16.608892538732196j)
(21.899512361554578+16.865031158026444j)
(20.794241320797642+19.10000216880278j)
(25.573440588674107+21.936779697577066j)
(33.65487053154877+29.571462624505894j)
(11.88598327007724+29.56969449849013j)
(26.69223575369168+10.364639898267608j)
(34.04335345175974+5.941952669014624j)
(40.413997930434306+23.683257921683804j)
(38.34389707418724+6.472688590677801j)
(28.02007534419612+11.941803144017472j)
(27.26592085595191+9.345192184615087j)
(28.261053940934488+10.942998892114076j)
(56.2839769340054+22.8377331102767j)
(37.2747028868377+7.5406534093236735j)
(29.497409891287276+14.230815919078555j)
(51.98248321975154+4.751649502244134j)
(11.582004690382288-65.2179740487522j)
(34.51828796487215+2.1496935700021074j)
(24.43070772940054+18.646031420857042j)
(18.20535011246198-8.207639437854912j)
(36.118742219379996-0.5085853510146499j)
(33.78551131996105-10.452750674426152j)
(51.397905324067075-10.075876216179257j)
(27.827034696753763-5.469430054276268j)
(44.78323971779008-0.5054479886842107j)
(30.960723040080435+5.360979526353162j)
(13.039637565447766-3.097738118304063j)
(32.26966967631131-13.641793752656424j)
(21.516671597342352-13.171635988179448j)
(28.56168870639645-16.58994052442938j)
(40.395258455963855-36.15042253035391j)
(19.35596299248227-17.14495010524894j)
(28.722335082480456-15.844399350618437j)
(24.87909490335452-12.24403603756255j)
(-16.39149961408602+54.87454633030608j)
(-4.8876264086378765+83.22166868303498j)
(32.469685120315596-20.038593844979264j)
(21.772701278571464-22.23031554053226j)
(17.485519692195794-19.26457226474666j)
(32.703608642475444-31.07174332459231j)
(14.216717511921038-17.176327877613144j)
(11.907415387257927-16.01465531959853j)
(24.28167566312495-20.967698322880484j)
(13.613378840358093-17.891004401654715j)
(16.61946943462644-26.21763445613183j)
(11.888345048158074-15.072464908931632j)
(19.77150430744514-15.470089921869171j)
(12.045767033248445-14.478402600369579j)
(10.000788496283825-12.47674555122372j)
(12.564546474848733-14.616168562623066j)
(11.271717054734912-14.101570758115638j)
(9.806765532995087-14.03817358309693j)
(11.672949542611011-12.472193685441159j)
(11.055212227917886-13.486975090557818j)
(9.740864151647513-11.75102311549553j)
(-0.045638682057807016-11.026494697074478j)
(16.44034391571262-27.228386552391125j)
(7.557142081485476-13.15852248253165j)
(4.601154427050059-13.082857419922526j)
(13.465581751914536-14.47834061963058j)
(7.913118449831409-13.557040315021267j)
(6.539476117535624-13.095473378267833j)
(6.397884886554003-14.414044751271085j)
(2.0212524314736036-3.8586913212591627j)
(7.4420614949947845-11.515776651096306j)
(5.838013161244817-9.168922694057224j)
(7.104138579188334-10.290779543033928j)
(5.33341275259482-8.853978212248743j)
(7.135612431398991-10.918838946078955j)
(3.2552201610860854-11.785962460190794j)
(5.975562689719058-9.981863114261559j)
(5.827296331881494-9.841420036634057j)
(5.6854387832384905-9.697561678893663j)
(5.550636142283384-9.550889573483245j)
(5.423359844549676-9.402068921526942j)
(5.303925965225893-9.251790657241848j)
(5.19251756351939-9.100744871780279j)
(5.089207046767597-8.949603858332624j)
(4.993976576012627-8.799012807090557j)
(4.9067353454818745-8.649586229992316j)
(4.827333147555521-8.501908387612005j)
(4.755570020408935-8.356536225073702j)
(4.6912020196140665-8.214003540138858j)
(4.633943310963048-8.074825274004795j)
(4.583464898716453-7.939500924928518j)
(4.5393904241637975-7.808516143924652j)
(4.501289629368782-7.6823416018241675j)
(4.468670306550347-7.561428252938576j)
(4.4409698570415905-7.446198211461733j)
(4.417547955388757-7.337030664158239j)
(4.397682210890929-7.234242634190788j)
(4.380569053522221-7.13806504385674j)
(4.365332207705957-7.048615419601096j)
(4.351040882793329-6.965869688951752j)
(4.336739032081413-6.889636674820422j)
(4.3214856136742-6.819539812411078j)
(5.24156461521419-8.782181316739678j)
(4.284734728253042-6.6953001883881695j)
(4.2618896571209595-6.639504683062219j)
(4.235492753877812-6.586614817190955j)
(4.205407858656876-6.535574836436929j)
(4.171744101509167-6.4853504284587755j)
(4.13483893827113-6.434994854248771j)
(4.095220964804796-6.383705155092589j)
(4.0535581785356-6.330861961886385j)
(4.010599243667677-6.276049628552136j)
(3.9671154581463566-6.219056896840714j)
(3.9238497454809207-6.159861186041803j)
(3.8814767194923743-6.098601334841413j)
(3.8405754116826594-6.035544091275554j)
(3.8016141776459187-5.971049094463343j)
(3.7649459099285787-5.90553593708277j)
(3.730811019436858-5.839455556782861j)
(3.6993455723736517-5.77326698337212j)
(3.6705922807532425-5.70741952928953j)
(3.6445125449585793-5.642339895247864j)
