(22.165110467400844+0j)
(21.897573876588453-1.8947224916178664j)
(0.724742770144731+0.018914590010037508j)
(20.338833074527823-4.981481805351445j)
(19.255627821745726-6.143473484454847j)
(18.056086668220324-7.041238504181084j)
(16.79914870326529-7.677173764152636j)
(0.6118961531171433+2.0646578912906985j)
(14.31428337641578-8.225256775856817j)
(13.16378126455045-8.185575428001114j)
(12.110689947377764-7.973637059384356j)
(11.172452763938926-7.6167775345563635j)
(10.36106924204351-7.140248980278867j)
(9.685040948173615-6.566695054354334j)
(9.151121073687857-5.916275534102176j)
(8.765793142740323-5.207292409593359j)
(8.536457104969566-4.457237690204757j)
(8.47229749863448-3.6842596828372733j)
(8.584748151492905-2.9091133527047504j)
(8.88734024588412-2.1577022462547157j)
(9.394505463133-1.4642927532841972j)
(10.118591464344268-0.8752941690318162j)
(11.063987032751887-0.45297538256783326j)
(12.217108171914141-0.2773806040672412j)
(13.531766532127875-0.4428776044947837j)
(14.912393405093384-1.0438636341507885j)
(16.203698487669914-2.1447787942184795j)
(17.2021270851445-3.7374669297123373j)
(17.70225854525054-5.705601234008006j)
(17.569161285410743-7.82845284257166j)
(16.796301201480894-9.840122821207713j)
(15.506338626236227-11.516082464597853j)
(13.89469138571919-12.733155961044162j)
(12.158068743172763-13.47477001371961j)
(10.44792871757968-13.797060542242518j)
(8.85801257092081-13.787364349471861j)
(7.433443089108376-13.534512455148455j)
(6.186530712768504-13.114177950985937j)
(5.110864041664723-12.584788415633449j)
(4.191139909536497-11.988776767284143j)
(3.4090864660108577-11.355702899995963j)
(2.7466370338941286-10.70551554479938j)
(2.187418518559138-10.05129894389917j)
(1.717300506501623-9.401372737496834j)
(1.324465257015489-8.760818810606521j)
(0.9992606281855239-8.13256325164814j)
(17.553120039622605+20.082316794719514j)
(0.5226116406805392-6.918208714345983j)
(0.36067198349945445-6.332983950265429j)
(0.2449955373534754-5.762497080968768j)
(0.1736189608672125-5.206870003291858j)
(0.145668181241293-4.6665547430894065j)
(0.161260616042642-4.1425969213576375j)
(0.22139295854224253-3.636947633822609j)
(0.32777334429426114-3.152849037488951j)
(0.4825327070408884-2.6953101643903397j)
(0.6877161305506008-2.2716658229614617j)
(0.9444147334824213-1.8921569734515105j)
(44.19051658841739+21.650781262880514j)
(1.6029203592283348-1.3231296921066518j)
(1.9863413234220502-1.1694042245787557j)
(2.379149246337898-1.1271927397071533j)
(2.747728656365852-1.2081204523160491j)
(3.049452799514213-1.4101891064595091j)
(3.2401217456858484-1.7114483492435069j)
(3.2859378571959588-2.069040627744821j)
(3.1751136528657495-2.426824039253021j)
(2.9223831872601482-2.7296292609521338j)
(2.5634055281190093-2.93709996009547j)
(2.1426658856662497-3.0303710434262596j)
(1.701698370716071-3.010237676826597j)
(1.272195675648918-2.890382840573123j)
(0.8744108913278266-2.6901064129665473j)
(1.4133155784322566-7.636298547153827j)
(1.2448097851741289-3.0860905279264625j)
(-0.055534617238409474-1.7901546725436746j)
(-0.27799899565456326-1.4364615371506408j)
(-0.46221820333110003-1.0709339607421355j)
(-0.6122949786424874-0.6988202939585565j)
(-0.7320922945020977-0.32365941855814845j)
(-0.8250324767373671+0.05225647142904511j)
(-0.8940224076660217+0.4275241439742241j)
(-0.9414448157933216+0.8013616176920374j)
(-0.9691798957249372+1.1734103886636091j)
(-0.9786369829786477+1.5435885114669579j)
(-0.9707854223136321+1.9119782677684254j)
(-0.9461793857879892+2.2787349477033096j)
(-0.9049748731701415+2.6440053347475847j)
(-0.8469396465181912+3.007845645872078j)
(-0.7714593356487077+3.370129006315138j)
(1.2388424488004977+2.501022923723194j)
(5.057329208130178-3.898563254791548j)
(-0.4287770243143516+4.441019568806682j)
(-0.2704869246564774+4.787471743639234j)
(-0.0872506229373502+5.123783277891485j)
(0.12220623625083962+5.445097656461012j)
(0.3580429911006019+5.744981818086438j)
(0.6183735301909865+6.01548976940892j)
(0.8981127421654549+6.247729863842301j)
(-22.026738623546528-4.834541767698755j)
(1.473494318280799+6.566214136538704j)
(1.7370034634549991+6.646129873275929j)
(1.959433904123362+6.681508334089377j)
(2.125671412216126+6.688414789445458j)
(2.2284985269407125+6.688758376820458j)
(2.2705688272549827+6.705243129009696j)
(2.263004722391884+6.756359798617473j)
(2.221626419876713+6.853466044272222j)
(2.162839164279351+7.0006096385423255j)
(2.10074426391954+7.1962598180934005j)
(2.045902184521931+7.435636483834579j)
(2.005353185445162+7.712706965611311j)
(1.9832771881881808+8.021507078372185j)
(1.9818169771184753+8.35683388977851j)
(2.3900368858975574+7.910122945488911j)
(2.3220185698468643+7.92637448779709j)
(2.1062192983605343+9.485113788899099j)
(2.1900289426442354+9.894319324448254j)
(2.294505396677349+10.318093618544557j)
(2.4195161184741516+10.756064159994347j)
(2.5651393953777415+11.208255282935424j)
(2.731697665012688+11.675014180623126j)
(3.1961951004507947+11.481957945833669j)
(3.130263657835518+12.654948875862523j)
(3.364337156213204+13.170067259611242j)
(3.623540430691786+13.703628465777953j)
(3.9098244592508586+14.257193597828664j)
(4.22564870984201+14.832596235167738j)
(4.574130977049515+15.43196008046854j)
(4.959262013561334+16.057678298834986j)
(6.651781278152308+18.36010281961216j)
(4.089515460588042+15.378933280543734j)
(6.975229989126647+20.618392788463616j)
(17.34131576570403+24.41180132068837j)
(10.08941634821975+23.356611554544656j)
(17.402410435630934+47.86300004037247j)
(11.38599982065171+23.1961923818545j)
(13.243424499718422+25.371644876496255j)
(15.700551569667287+25.232042199132426j)
(19.798212679346+19.101412076609744j)
(32.68108029590579+22.401083691480757j)
(16.325114612342418+28.57976550414813j)
(19.90016510985061+30.8190129062906j)
(27.207165764732384+39.748383548138165j)
(23.532799874939734+5.239953677185963j)
(35.22569142822788+34.80982919986857j)
(27.190674808833254+28.437285067988576j)
(44.32370105444215+24.97841650047832j)
(38.48914915824645+19.30657676966926j)
(53.9703048711242+83.59876969969888j)
(10.450566319233737+13.240981548277574j)
(49.49600906997594+20.28539160427335j)
(48.7101209122841+7.177096592401843j)
(50.509010833978216+22.77886438372145j)
(37.27314713394524+2.429318841083341j)
(58.96278251842117+15.7126369604624j)
(45.40182951975676-0.19594946863229737j)
(41.56132024601394-20.356733730912687j)
(24.6458140535652-0.15657621656595763j)
(44.14429248464004+0.17098545652743205j)
(3.996535740933317-37.55795035782176j)
(38.51172007972223-9.144632598999475j)
(36.0608898049803-28.4632067688992j)
(41.226434999703415-13.376828852524095j)
(276.57911777223507-53.8247836176937j)
(35.45169547681733-10.987736700129982j)
(29.024872316213553-31.730706257821833j)
(40.01952344177508-18.335326639785624j)
(30.591191493700105-18.02070023939175j)
(36.57547888779682-11.277948005120093j)
(40.97611206339994-26.00120173811188j)
(28.49376267825751-21.100153271339995j)
(27.70065198829537-24.552609874220412j)
(9.837439558628418-19.51607933238757j)
(18.545880274015904-34.487737561452576j)
(18.71639903356175-22.450309571078023j)
(17.301037479062458-25.462985823880363j)
(23.662310014373965-24.97052049648392j)
(15.347709011044765-26.634290171991378j)
(13.516649320952503-23.881826953757553j)
(16.099155386469022-22.75179672050984j)
(15.59581307761157-40.62025949513498j)
(12.393658613603204-25.96619359677087j)
(8.919982729081406-10.987692095169916j)
(17.5267434802795-22.64950454205051j)
(-1.1005256232107785-18.5111212031936j)
(21.906545120339693-25.663181905316396j)
(-0.5713738706406009-40.89721637729462j)
(8.16442230756903-18.852166058015566j)
(12.44468473595698-14.701931818165633j)
(6.782346966188836-14.336287132700527j)
(19.350144548233803-28.50421061386903j)
(11.55130652295283-58.6993132716583j)
(5.344533538497357-11.562336071868128j)
(9.106501483566335-21.820639889233455j)
(97.81866556928536-17.3933442586299j)
(7.578738210583949-12.964147484234868j)
(13.859015014337729-4.404328412243708j)
(8.40023875803136-9.470708141028354j)
(8.638294554719323-11.982530224678735j)
(7.546096980089809-11.699970741994136j)
(7.607264687999104-12.399878838004767j)
(7.176046744250615-10.858791540844337j)
(7.269074353339416-13.027966511310412j)
(2.868485374228807-12.256785439563622j)
(-137.3150436756946+68.98046504719638j)
(6.7820310196443305-12.067081100165566j)
(8.199411030095055-11.844274075360685j)
(7.271206390910681-11.313453964450057j)
(6.552395029544919-11.18599280279287j)
(8.330166777272705-21.507729230816352j)
(3.4171911197700737-14.723030049449502j)
(4.766436129636542-10.763836835687115j)
(5.821522983651524-11.465391454369893j)
(6.942154397985428-12.41436936217507j)
(3.3587430458179375-13.617430948455691j)
(7.020278375507066-11.293783583001176j)
(3.927090614962038-10.432758690861831j)
(4.716231635056882-15.815240569470166j)
(5.1699698729410395-11.968140923475652j)
(3.326402088826435-9.940686681515784j)
(4.048508651539087-13.114963711278058j)
(3.6071487681766405-8.827287824800074j)
(3.568525059478425-8.632179852674057j)
(3.540187713483745-8.44237688245558j)
(3.521859541051096-8.258459624013986j)
(3.513294752121077-8.08107797410553j)
(3.514248526419479-7.910983423697167j)
(3.524434702497096-7.7490575395949j)
(3.5434689356252456-7.5963330968616045j)
(3.5707950855743644-7.454001918467161j)
(3.605594366321211-7.323400335482812j)
(3.646680781828481-7.2059599045319915j)
(3.692393482340791-7.103108878145106j)
(3.740507241923496-7.016111317437466j)
(3.788194906500735-6.945839150452915j)
(3.8320857946586897-6.8924913250135775j)
(3.868463051575788-6.855303812385808j)
(3.893620454091041-6.83232739378736j)
(3.904350150292542-6.820369540377071j)
(3.8984680566356222-6.815179817221203j)
(3.8752339468344075-6.8118935277794295j)
(3.835526180229768-6.805653355595244j)
(3.781701519598121-6.7922506670655265j)
(3.717180147420172-6.768614721073017j)
(3.6458868852900195-6.733039697316345j)
(3.5717063726418337-6.685139353378336j)
(3.498070708070705-6.625602745037852j)
(3.4277273652521028-6.555858680255206j)
(3.3626726662015605-6.4777436240705075j)
(3.304202377805817-6.393230972379269j)
(3.2530253297373455-6.3042423152394855j)
(3.2093968599573404-6.212535800156072j)
(3.1732448058448632-6.119654640781638j)
(3.1442747021002333-6.026916458717551j)
(3.122050365962544-5.935426862773902j)
(3.106051356745017-5.846105044591774j)
