(40.89007044944455+0j)
(39.792703098052904-6.290967563919016j)
(36.93479561472776-11.585779346615102j)
(33.03430434860434-15.47002133851747j)
(28.748385677827162-17.90518689559073j)
(24.56475947977824-19.09304803774238j)
(20.765106382622697-19.33041960159133j)
(0.7261268236417078+2.6976881943079625j)
(14.680218052701942-18.041904714688854j)
(12.371138369662853-16.91090889914057j)
(10.482091579158276-15.622160974863666j)
(8.95522282601613-14.247073861692575j)
(7.739195841086907-12.829064172624475j)
(6.792220848176447-11.392750801298918j)
(6.082772516714872-9.950433655257504j)
(5.589477481285034-8.506537408418756j)
(5.300956728998802-7.060716040454215j)
(5.21605219160237-5.610232217205776j)
(5.344706547818717-4.152193161171769j)
(5.709694590833267-2.6863173010964694j)
(6.349318026665254-1.219202661926893j)
(7.32088727364639+0.22831367661727237j)
(8.70388333102589+1.6080389991785013j)
(10.599061454264744+2.821433059479072j)
(13.113206021339415+3.6821526895010566j)
(16.30584290727272+3.8661004330740294j)
(20.05827035280827+2.8820596747024414j)
(23.850536722796466+0.17497202225966968j)
(26.614946064943492-4.466449955080077j)
(27.124279886058915-10.32611662003378j)
(24.98027723111915-15.828008815285818j)
(21.041599891476746-19.63096468461428j)
(16.617315983249384-21.44430747243499j)
(12.591754669605379-21.73355490601704j)
(9.286538790023195-21.106812379519393j)
(6.69777502490469-20.01965601304478j)
(4.705929072647195-18.74626430320858j)
(3.177656978108573-17.43323901072461j)
(2.000052107494353-16.152210778129476j)
(1.0863186345562832-14.934287973269413j)
(0.3722584313702776-13.789732152031824j)
(-0.1889575111650191-12.718546529757798j)
(-0.6313994340560716-11.71600414355621j)
(-0.9799043080555316-10.77547186877988j)
(-1.252622721418546-9.889815306777407j)
(-1.46281219775513-9.052066603213945j)
(-1.6200824877093176-8.255714324304531j)
(-1.7312490202367703-7.494804954460319j)
(-1.8009042997956428-6.763957487962268j)
(-1.8317807477512944-6.058347737460446j)
(-1.8249517169792733-5.373697764916654j)
(-1.7798979497472616-4.706298720974395j)
(-1.694452838174307-4.0530985095415595j)
(-1.564631123721216-3.4118989140858846j)
(-1.3843444018908388-2.781732962283993j)
(-1.145020510064215-2.1635379820906597j)
(-2.733631146105869-18.470750997343124j)
(-0.4402341259359365-0.9840257146204345j)
(0.057262988362150935-0.4487130226344165j)
(0.6754689740214234+0.014957118910282502j)
(1.4275185772353178+0.35874756027043614j)
(2.3085993561560065+0.51083083143551j)
(3.2728933754808396+0.3789654099198322j)
(4.205041283285143-0.1234602072967345j)
(4.912482282501709-1.0160734490850938j)
(5.184077025589032-2.1800081708652064j)
(4.915043270816262-3.3601543334033845j)
(26.417263083342718+2.593485657836181j)
(3.217696049827734-4.824301624219186j)
(2.209750126129357-4.976920870984148j)
(1.2946327730139975-4.838063057892836j)
(-21.75274709360613-44.93016350059578j)
(-0.09964454699431305-4.074491626488965j)
(-0.5922034012255896-3.584617585253692j)
(-0.9766619263018663-3.073537141343642j)
(-1.2743871583575932-2.559887585363931j)
(-1.5033064891212997-2.053517819859099j)
(-1.677664462397911-1.5590806906095105j)
(-1.8084828394018617-1.078248487298534j)
(-1.904176658796844-0.611029200805346j)
(22.424617779705503+8.602568171004693j)
(-2.0141169161273575+0.28659783264155086j)
(-2.0367347381730405+0.7199289800918144j)
(-2.0415827401131668+1.1451146016040503j)
(-2.0304862380713407+1.5638195250667544j)
(-2.0046117138433335+1.9776853180760612j)
(-1.9645402898897975+2.3883122931585405j)
(-1.9102982578560392+2.7972466665819065j)
(-1.8413477503899247+3.205962529823618j)
(-1.7565375018952938+3.615827233869667j)
(-1.6540112847777984+4.028034564366405j)
(-1.5310708569215823+4.443481701435892j)
(-1.3839932771973573+4.862551587078913j)
(-1.207814283867261+5.2847395260641346j)
(-0.9961209658765937+5.708029943046342j)
(-0.7409698394340104+6.127890402996737j)
(-0.4331984417393899+6.535730493429545j)
(-0.06367777236199813+6.91675641613075j)
(0.37354263946398325+7.247548028528838j)
(0.8749901484760829+7.4947713948939265j)
(1.418135614843719+7.618448074459393j)
(1.9518307469225677+7.584084155416106j)
(2.398691522802721+7.388888352645184j)
(2.679910893479227+7.079413432673616j)
(2.7554378506046775+6.746727492330064j)
(2.646224972263345+6.486617071687301j)
(2.416872295492617+6.358648886622129j)
(2.1387551952122776+6.375596137017806j)
(1.864953052317707+6.5191132354247j)
(1.6251205890586513+6.75991755351967j)
(1.431192217027828+7.070307137293369j)
(1.2848120394772662+7.428772191061279j)
(1.6478005885432958+6.047454279271655j)
(1.1202639897568105+8.234984108100234j)
(-0.10673268625853301+7.5404598292896035j)
(1.0944238600785725+9.112321253931054j)
(1.1230992025011268+9.569668643955684j)
(1.1754695834103224+10.0382329144101j)
(1.2494184261262473+10.518133287089329j)
(1.343449576463633+11.010008021366467j)
(1.456598344637581+11.51486249263056j)
(1.5883548736203477+12.033976935020542j)
(1.7386004865275855+12.568854783640402j)
(2.4455875625143073+13.766626299837103j)
(2.095724997632191+13.692928864285344j)
(2.303866486151587+14.286196138031702j)
(2.5329332884560474+14.90349385164525j)
(2.7840534970288964+15.54781138852874j)
(5.484070971760436+16.620217504717985j)
(1.7491663769344101+15.265433831607359j)
(-1.5740903406769744+21.091843403523328j)
(9.979172984235104+18.712881948536477j)
(-45.675661164651494-11.636260211512068j)
(6.8411633024001866+22.46183861176546j)
(-4.9709302897073835+29.21235776667029j)
(19.57549293270176+26.89224356885938j)
(7.819447992972163+23.152298150998785j)
(8.49551927470739+29.352604887239917j)
(3.8242095594076924+40.73297540343311j)
(-0.04256513488705027+36.01675468628405j)
(12.23726729680744+30.43651655201379j)
(61.94355212434095+63.16278251160117j)
(22.936757262366537+37.96905213526356j)
(19.706445464230455+31.613210189696044j)
(17.674727938142023+31.636435651295553j)
(26.874055182139312+46.54825819101949j)
(29.570639461502015+25.8848362610386j)
(35.91835753627746+48.5650987556394j)
(43.780500365567065+51.19792660523922j)
(64.29353859019953+39.48256923978926j)
(67.46914857202417+44.57442706092866j)
(67.16395471780459+32.49344129527408j)
(63.485645873336374+11.390496640244782j)
(5.241277022507273-40.885427298712365j)
(70.40258946921998+28.575710185795362j)
(81.1897097017813+14.60138303438738j)
(49.70557635033769-16.158798401167513j)
(45.97024918405757-12.981800920360095j)
(55.70390787705665-27.509419652950374j)
(30.442154055814683-21.17129921829618j)
(87.74926787214399-37.07106496294692j)
(24.430282240585942-23.899239140690252j)
(58.80315213515649-24.12151131792083j)
(49.91350495771216+20.578410842178013j)
(49.14310692870833+11.741839850276147j)
(43.238745574931265-10.581316446831595j)
(59.56880146116852-0.7317522161932416j)
(84.55643998030872-19.232694104913293j)
(56.02651811884508-11.027346223661564j)
(58.53289892081154+44.749854356022766j)
(30.53428583265483-31.913867602603236j)
(26.050350952726212-25.98385134965134j)
(19.448731842676025-30.695905417426484j)
(113.18735997249131-89.98289537180518j)
(22.52549139662481-28.44084652745888j)
(14.560473816306951-27.93657634249069j)
(18.005461326362344-31.849798213120614j)
(13.646229303151557-27.760117213847636j)
(17.269973881398528-28.145869138861013j)
(16.75186285111747-28.54085353151748j)
(9.425120354362065-27.30899356637053j)
(13.47678867784459-27.24137628614094j)
(9.540811785910106-25.72801228259842j)
(12.720427432341284-25.824738697019164j)
(7.31268515668374-20.98585917456442j)
(19.003377546419294-24.120383352411295j)
(8.58837780590438-19.486658821905305j)
(7.302265944669417-31.513120725002825j)
(7.508209572118194-19.523975422911107j)
(2.2752937050241187-28.871103406946165j)
(7.0833772320008315-13.824689544803935j)
(10.794385189492656-15.052005013448694j)
(4.045782575414922-16.82948611807808j)
(5.142980651800395-12.647248666901426j)
(6.568505465050728-20.446642498503078j)
(18.279889862881394-7.131678438963421j)
(7.814345324189368-17.530302936639533j)
(6.920716811245826-13.82098704890809j)
(6.545435648591322-14.654403772375193j)
(4.747139652867992-13.558116894430507j)
(-6.091354961571825-32.60474880975864j)
(8.371889922162376-17.961774009464982j)
(9.707406625144724+1.4095202834183393j)
(6.94673331267757-15.200225744054682j)
(5.31115093069321-12.851492016580995j)
(7.011302444030018-20.541232847011738j)
(4.4415755425977075-17.15084230147229j)
(9.066221501983518-12.113470978770197j)
(4.754485608842365-8.67815249323643j)
(3.309030679440951-14.943575880465923j)
(6.0069614078546785-19.137627350633213j)
(11.337694961408895-34.95123937686154j)
(6.010864316742511-10.318752695539482j)
(3.2886778769794986-11.765042593562447j)
(-0.7709498994651944-5.205600633829856j)
(6.261502211377988-20.29752610268155j)
(5.754593376968033-17.262948497907303j)
(5.817076970119935-9.806234915440795j)
(2.8970721707406284-11.430669454665614j)
(-1.6410308800861777-13.508455740430806j)
(2.656056107881904-11.031878365739272j)
(2.8934149421316135-10.401669020148189j)
(3.4917909026357994-13.907132175420983j)
(3.0013602015946015-15.065789815246768j)
(3.172622211196292-11.609944084945473j)
(4.168708103440161-11.853607994655318j)
(2.8839004828082024-8.111438138434027j)
(2.9092156259185336-7.9109658076780764j)
(-0.5083584358042996-9.497299476455074j)
(2.996363393599104-7.536212182715185j)
(3.0589202835286926-7.364913534069545j)
(5.471794460936186-10.414696530953726j)
(3.2223580783660917-7.065964389400793j)
(3.321773041934811-6.9447993165503625j)
(3.4302309169926057-6.847766266505652j)
(3.543600604057332-6.779047059298839j)
(3.6555696697202613-6.742171721110385j)
(3.757563342881539-6.738848171506601j)
(3.83936554129372-6.76755381098607j)
(3.8907011120367194-6.822383260598617j)
(3.9036197421674173-6.8928926756494j)
(3.874887561074421-6.965503680020937j)
(3.8072294863593714-7.026276633575223j)
(3.708679717314062-7.063970156033293j)
(3.5903364009357754-7.072059006841288j)
(3.4636422913144647-7.049050171270463j)
(3.3383012894831463-6.997407360144584j)
(3.2213043229036264-6.92190686482043j)
(3.1169080428639377-6.82814184781308j)
(3.0271434016272787-6.721507516736206j)
(2.9524762235819555-6.606678014570738j)
(2.892400847562174-6.487439386405449j)
(2.845886537000371-6.36672674719869j)
(2.8116757637393475-6.24675246528368j)
(2.788464799582086-6.129157732730274j)
(2.77500179731347-6.015154034182033j)
(2.770131592641044-5.905641710388194j)
