(82.52555186922714+0j)
(75.2968820442186-23.397289880151757j)
(59.50583195876141-37.19449109676724j)
(43.75956240632841-41.49455280327944j)
(31.521827470764155-40.5175324952373j)
(22.79241655605526-37.41554639422644j)
(16.683538669170552-33.734265756125325j)
(12.379474431119572-30.101899740062454j)
(9.301234572227196-26.733067172520393j)
(7.065785226075225-23.67313873857725j)
(5.423493425205787-20.903328138008728j)
(4.211038054658254-18.383771176414022j)
(3.3207639135531393-16.070449643961663j)
(2.6816169305020954-13.921261730653448j)
(2.2474934659214303-11.897636434555093j)
(1.9902835364487153-9.964360784896453j)
(1.8960056633428328-8.088733477277238j)
(1.963189094224465-6.239517339036064j)
(2.2032014987964152-4.385929568990594j)
(2.642694017476162-2.4969065343589563j)
(2.877613178651662+2.684819588008428j)
(4.339181414375603+1.511080322928963j)
(5.797847561853082+3.680784745508287j)
(7.903825360424235+5.960998916305702j)
(10.973494544272725+8.264572581208396j)
(15.48803231052303+10.290144514599067j)
(22.054844494701708+11.202889532922102j)
(30.884688396021303+9.065019687245455j)
(39.89677135258245+0.8738376618637896j)
(42.91609090090159-13.518922593780903j)
(36.18386540247083-26.66429101101199j)
(25.247800540640988-32.371149621907406j)
(15.977743296499968-32.35738824062675j)
(9.608292205779794-30.01078047937675j)
(5.460423166501116-27.132076756133685j)
(2.7478064653195675-24.375068511685853j)
(0.9329934559368218-21.915831970709267j)
(-0.3133802427108575-19.76585015870852j)
(-1.190120237150937-17.888566190262665j)
(-1.8190256565223901-16.2390571773464j)
(-2.2765580039066213-14.776259667116841j)
(-2.611980286749464-13.465780691119893j)
(-2.8578067888414376-12.279673870145915j)
(-4.606141688437571+4.765391418156247j)
(-3.1613417236101764-10.194726322024875j)
(-3.2443144990627077-9.26274735008287j)
(-3.2918843680750896-8.387123680642748j)
(-3.30869224063684-7.557460397261647j)
(-3.297531034158205-6.764828340712128j)
(-3.259651105718529-6.001386573809458j)
(-3.194888372092965-5.260084828803368j)
(-3.1016383096670643-4.53443189523902j)
(-2.9766720982820876-3.818327211129093j)
(-2.814764437975225-3.1059698828585836j)
(-2.6080706549614163-2.39188907687784j)
(-2.3451490247248774-1.671196973479559j)
(-2.009471736577513-0.9402811989215846j)
(-1.577219544589321-0.1983927004170179j)
(-1.0141854242803188+0.5489207017471913j)
(-0.27199662108291983+1.2825940845545227j)
(0.7145023615634781+1.9553173455257453j)
(2.0214284102913824+2.463465089296882j)
(6.295985157657159+4.159932406636489j)
(9.115721362360054+6.907418346163224j)
(7.477999388142145+0.41090730823176297j)
(8.321226925555298-2.2013887977647917j)
(7.610482968464094-4.918887372828407j)
(5.747908925034784-6.714824386657208j)
(3.63496842098018-7.343920475772373j)
(1.8331606185640312-7.1631916874886326j)
(149.1405669054359+29.029233386640666j)
(-0.5051006782729577-5.836313945040568j)
(-1.1992924960028393-5.0659956169485385j)
(-1.6916922304922521-4.318622061691841j)
(-2.0421493938740514-3.6129141785215375j)
(-2.2919831000123527-2.952471635709102j)
(-2.469375063253425-2.3346918863104804j)
(-2.593618623409153-1.7547764194761766j)
(-2.67805644277815-1.2074612664734097j)
(-2.732024889183289-0.6877147563324874j)
(-2.7621254064635714-0.19097391114792556j)
(-2.7730561765297326+0.2868198085074648j)
(-2.768158303447597+0.7492670867091108j)
(-2.7497747932445167+1.1995867124227995j)
(-2.7194838935864616+1.6406980547629761j)
(-2.678244696706155+2.0753009655466084j)
(-2.626477383673684+2.505950116776204j)
(19.551939343796196+4.573094478317194j)
(-2.490452925059801+3.3652817190812647j)
(-2.4043228086169512+3.798924436077413j)
(-2.303692796025399+4.238623522400623j)
(-2.18555597046975+4.687032484934753j)
(-2.045538377730109+5.146832057234604j)
(-1.8773484600197539+5.620549117617547j)
(-1.6719696395490902+6.11011424970679j)
(-1.4165239664529525+6.615887168981208j)
(-1.0928181376417683+7.134617138269141j)
(-0.6759414755338485+7.6553487173721j)
(-0.13442685732869022+8.151693303593362j)
(0.5635415619850354+8.56901726138909j)
(4.358300679029345+16.81248788061987j)
(2.395779054318419+8.735185598163344j)
(3.274235755970022+8.24110484423156j)
(3.779147431843765+7.398158567355363j)
(3.7479773265232956+6.50332482685539j)
(3.2932841037349374+5.8681619576644914j)
(2.6670631773270004+5.603884587129789j)
(8.69826515818476-1.5407505534500892j)
(1.5582205774213547+5.900006605178436j)
(1.1722116550944512+6.267115955923796j)
(0.8896914902555054+6.696968197485116j)
(0.6910289114837831+7.158859462220614j)
(0.5582726802268918+7.636697231643601j)
(0.477108667941363+8.122670168462854j)
(0.4367361430648723+8.613506636373208j)
(-4.202176723789541+5.631582251160517j)
(0.44873352952713313+9.607826911384292j)
(0.4911670574691346+10.113035426518646j)
(0.5535564359195462+10.625624390179897j)
(0.6338645210423257+11.147423247489058j)
(0.7307524079695765+11.680397866801865j)
(0.8434271413939756+12.226611690872046j)
(0.9715299914691181+12.788211276757089j)
(1.1150482746426624+13.367424693979824j)
(1.2742337257550982+13.966567683966279j)
(1.3792849383403192+14.432108942182532j)
(1.6413141247662888+15.23446279664835j)
(2.2000547323040016+19.498633158325227j)
(-1.0410021704465389+18.534234894832572j)
(0.572811417994862+20.86963078122402j)
(-2.0936778335915367+22.19605195210163j)
(3.3479045517772144+23.39778232860472j)
(5.024173440773756+21.34082913512398j)
(11.941429425915919+23.207200950155773j)
(3.8837395712133573+24.176563079395365j)
(8.920245179574888+26.699794397288173j)
(8.352377163154575+27.924895201578867j)
(7.14859333766639+34.07209458295023j)
(7.710962975840024+28.519059764437774j)
(-3.824878390371133+36.31685601247644j)
(11.194069322055455+38.44060734695849j)
(10.863584264640489+35.37559244107114j)
(8.539790074968984+45.99095151489679j)
(37.01493917917629+25.468166937188357j)
(33.6094604307273+59.408616729573836j)
(11.688264517906443+76.05957570118977j)
(28.963473700337694+80.91882143413804j)
(31.161335326021902+64.64900851963058j)
(59.09378244743754+48.57951665147471j)
(68.9522542122685+76.48837188008355j)
(73.89838599959455+132.43866331108316j)
(93.76106219679899+36.30069606880423j)
(48.60508418714023+46.01679282773681j)
(78.44906807958314-8.119459541094868j)
(63.85547699569497-9.718535444220304j)
(60.16781535017175+16.99688071115158j)
(-49.316751321809136+68.49638133529002j)
(44.46661714308379-49.62616695918901j)
(38.469512039407476+2.0624311813841745j)
(34.240906757527455-13.069434709327108j)
(-1328.6487371720955+174.33798209856394j)
(56.393086851534456-5.158521950338618j)
(766.1824682439841-374.0276280839217j)
(61.51471297513736-3.167938238627957j)
(51.660165846406215+24.850070682876627j)
(73.03110668817195+4.8628435045017975j)
(-27.424938111716404-361.66628460882697j)
(23.111418917542576-28.211069441247517j)
(17.426122154374294+44.754470941776354j)
(70.18158639171519-20.7182941675314j)
(-204.9283209360982-18.190567399149266j)
(37.207651655795566-83.2297565959207j)
(21.712063346752366-63.42535454422285j)
(-12.87870214829836-75.32023666204158j)
(22.69117426490251-39.174424267332896j)
(11.518445796108404-40.65553831367204j)
(12.69651183415753-40.325278680098975j)
(-4.869126783444297-32.48763342534842j)
(8.70876685178113-43.204629107393764j)
(17.34227075394404-53.2105855708525j)
(-2.5022769518159436-24.058385411428606j)
(7.33408511423005-30.365468535040968j)
(3.369698205467119-26.533804382177287j)
(0.1864774202371476-21.75658277599304j)
(3.2216449943398713-29.12682744534347j)
(6.703842731015768-34.74216807400566j)
(28.924326643338045-5.033969492358635j)
(-2.2232705150552676-20.86982644017119j)
(2.6593701453807803-21.12904475633021j)
(-8.03957745898155-28.41256011929323j)
(5.1969931821848165-23.322780879443318j)
(5.093251217565594-11.900515818532572j)
(2.1030663330518706-16.32851375071116j)
(3.0802209789094026-15.67322661393946j)
(5.309301067037756-13.860036514809583j)
(9.524918238265862-11.798693089212783j)
(7.149733248249148-19.11765634023968j)
(6.580146164718013-16.332209012478238j)
(7.248238704538258-11.30150803043794j)
(35.34871514300913-38.50492508312148j)
(9.707001865676906-24.412322083289645j)
(5.3616231573740505-11.332434952165492j)
(7.212470824264314-11.950511749090822j)
(7.235241801031352-16.66372467078533j)
(6.757163334111964-16.747062185234572j)
(10.944987779864475-12.5540483167551j)
(9.083333564679009-16.744444974776318j)
(8.509223794198503-13.521077315990523j)
(18.043192231972668-35.438281372771755j)
(2.4865105967038965-14.935567001640784j)
(9.127434008502474-13.490284046674587j)
(2.997215579874541-12.532968714110137j)
(1.0365013456378251-11.213221421097714j)
(3.421225487073833-8.715132753741536j)
(2.9376649328411064-11.823428748205792j)
(5.044604678337459-11.040346380371117j)
(1.6771401781077209-12.542149161175299j)
(3.79523650323389-11.973284829591165j)
(3.1578954322941915-9.829272974726875j)
(3.385227232908206-9.179020599238134j)
(3.2809852538759-10.187713275036968j)
(13.260568548729461-7.724664536574878j)
(4.211927229699213-9.544434752792952j)
(3.6204995865441396-12.93000504013066j)
(4.368905221730109-5.832776090599079j)
(0.5689192733361563-10.213287494268265j)
(2.461217582506465-8.091026444119532j)
(3.832341736236923-8.381900493527748j)
(1.892956667945078-10.906464043207771j)
(2.621569583405744-7.448832514636561j)
(2.7056294902064324-7.252648457688082j)
(2.8073811291112984-7.069056022297962j)
(2.928141943142914-6.901852149207117j)
(3.0685948983099602-6.75634064547053j)
(3.2279929930545377-6.639567706018201j)
(3.4029395252228514-6.560233586095641j)
(3.5857928313671246-6.527854165393849j)
(3.7631394294314764-6.5506158387994695j)
(3.9154567507039912-6.631619163843334j)
(4.0196248117427915-6.764299563885962j)
(4.055215430163923-6.929630577810191j)
(4.012647754511165-7.098501722648941j)
(3.8982261027902236-7.2399892079257535j)
(3.732008105837031-7.331230532493384j)
(3.5398677146606405-7.362847261841892j)
(3.34520074304278-7.337793719880951j)
(1.9099954224652194-9.006229410142973j)
(3.006418644479397-7.161067911810574j)
(2.8744823820824945-7.033516310051258j)
(2.7682960855175285-6.892983620056158j)
(2.6857615891183535-6.746311048086597j)
(2.6240992695757903-6.598270377565129j)
(2.58046798151994-6.452067921210899j)
(6.735336326249684-5.83621166824826j)
(2.537207582346427-6.172824858748812j)
(2.53339734200488-6.041998991934026j)
(2.5392344598214422-5.917885470678597j)
