(27.10065324014176+0j)
(26.351924340155833-3.5447153927647896j)
(24.46208533093686-6.347948259047035j)
(21.962471013998332-8.150193407623284j)
(19.307376249891973-8.940140397590277j)
(16.834864566355925-8.855003196020219j)
(14.752511844588785-8.089624328792576j)
(13.169282510198235-6.830888742586071j)
(12.14182973820792-5.2318704801637175j)
(11.714150089874257-3.4147269520813723j)
(11.945451705660991-1.4909715116512963j)
(12.925774560963278+0.40381960674385353j)
(14.772431136290452+2.0563341014416228j)
(17.58118961117312+3.099859565064283j)
(21.276125834005004+2.947491648128951j)
(25.31422455900309+0.8756454695212558j)
(28.439450925201587-3.478792198855529j)
(29.13933620073826-9.327823889124517j)
(26.935176913163513-14.810475945023299j)
(22.86498965026332-18.421810630404067j)
(18.391961320565084-19.927469096466368j)
(14.419149017866344-19.88501966635338j)
(11.23630292982441-18.936851872805143j)
(8.818776070453874-17.534387404875893j)
(7.0464208515849736-15.93852821960134j)
(5.799043722430813-14.285839968806043j)
(4.985851635346484-12.644287506577305j)
(0.3192628320101498+5.269312909206569j)
(4.465582792048778-9.525701463224165j)
(4.734118272457197-8.107542101622176j)
(5.376777193563167-6.855005408498584j)
(6.417974793150807-5.879148555889299j)
(7.843557926508916-5.366073167090749j)
(9.515528957058393-5.57316355232062j)
(11.061866263106646-6.724988946495414j)
(14.188415041105683+2.474177944047488j)
(11.506942750321343-11.111659506889625j)
(9.99081533698017-13.005900628476777j)
(7.8968325411095766-13.987848430938744j)
(5.794198612326037-14.096573500684757j)
(3.9886781496665593-13.603437947349663j)
(2.559956031380265-12.772079859533044j)
(1.4799579234329499-11.780744783954926j)
(0.6906961299039213-10.731326003067762j)
(0.13756903064072568-9.676506251630187j)
(-0.2205804466179668-8.64156941206251j)
(-0.4102913123466768-7.638399744683105j)
(-0.44481188397584914-6.674318095141093j)
(-0.3258131097321083-5.75859810003205j)
(-0.04549519523403479-4.9089058531921j)
(0.40925364525770885-4.159297171428457j)
(1.0467336892490864-3.569999707577848j)
(1.8478319550479037-3.234523871761725j)
(2.7267188801961755-3.2681379431739535j)
(3.493222835737387-3.7490313365395647j)
(3.883286681085265-4.610110488470214j)
(3.7127725288405533-5.584862162382605j)
(3.0333893829318157-6.33995004896261j)
(2.085791897754372-6.68671215896569j)
(1.1149287658919727-6.6338809192351995j)
(0.26303187386630095-6.290448585845224j)
(-0.4224982586100503-5.770702345285275j)
(-0.9448905780123995-5.1575705584182945j)
(-1.3249936814355918-4.501903808645397j)
(-1.5850858411279716-3.8320044581724244j)
(-1.6522243355262296-16.75987399989373j)
(-1.8096162879844129-2.501565535957219j)
(-1.7906757827077084-1.8536211468208563j)
(-1.6853525296957983-1.2243576127762315j)
(-1.4878899517549198-0.6232911833880199j)
(-1.1891155132296392-0.06812132436452757j)
(-0.7808580144025029+0.4099927556272527j)
(-32.7723764191746-48.231088030442756j)
(0.3218446804990167+0.9213281279726907j)
(0.897103662349853+0.8296641911219169j)
(6.245837524360229+7.000720985103578j)
(1.454481454998019-0.010129047061684163j)
(1.263730697138486-0.47262672056333327j)
(0.8366014485786867-0.7488472687552035j)
(0.3146744027435704-0.7864689076900957j)
(-0.19026138865951828-0.6167658195034246j)
(-0.6210344348459997-0.3004426392479784j)
(-0.9606110975118675+0.1075531968759765j)
(-1.2117735359197692+0.5684951335004221j)
(-1.3838099713660417+1.0583137905089517j)
(-1.4860116770700824+1.5630937586097264j)
(-1.5250449786036047+2.0750101091377884j)
(-5.371253463649246+0.3386586874998629j)
(-1.4224593041485407+3.101657973281681j)
(-1.2760074661425111+3.6062689245341923j)
(-1.0574762142144296+4.092650160543098j)
(-0.7587525319247991+4.542240058531035j)
(-0.37618399763837734+4.924474363796847j)
(0.07858039366997893+5.195579580453901j)
(0.5628632465627903+5.307425828504749j)
(0.9937213613663821+5.234910376321175j)
(1.2691406497626456+5.013512637572251j)
(4.2741021779021064-4.033605325892746j)
(1.1805552246056696+4.554185026677481j)
(0.9146766219841568+4.508499400144255j)
(0.6135720493631839+4.618487342783996j)
(0.7192164292561043+1.7291699267097607j)
(0.10641579866380949+5.185673648609144j)
(-0.06505935786977579+5.5762195173678455j)
(-0.18054794975235258+6.007460439366937j)
(-0.24405742212794168+6.466497154977354j)
(-0.25911233712930903+6.945746723786811j)
(-0.22729724916319816+7.440716279426725j)
(-0.14758806177718048+7.94808772646258j)
(-0.016090324330862993+8.46380767506637j)
(0.17370485568388502+8.98077505527095j)
(0.4294401490030877+9.485859156238861j)
(0.7557358512677989+9.956741048199214j)
(1.1457400488250018+10.361188603396744j)
(1.569706016115077+10.664593029764987j)
(1.970517430627108+10.850576702540849j)
(2.281922291530526+10.944639624026967j)
(2.4660612920933933+11.012929170233397j)
(2.5348126071174626+11.127300484310448j)
(2.533318959777753+11.330673087982722j)
(2.509355141233815+11.631677086469505j)
(2.4963901188467967+12.019140052004145j)
(2.512427195673704+12.476617683820674j)
(2.565060280451476+12.989842414115632j)
(2.656441765213691+13.548862331129415j)
(2.7865038823071435+14.147864355526446j)
(2.954735817965255+14.784421978950022j)
(3.1611646512407825+15.458850232771903j)
(-1.1160526282659264+23.756606862790736j)
(1.9447290114847169+27.25119775796753j)
(4.928492109450482+20.210941392847726j)
(8.343918418676688+21.721834419778872j)
(6.2099987794200695+19.829987919922214j)
(6.314718338561198+23.152912771234195j)
(2.051443744129376+34.50371639622293j)
(-0.5813749972289579+22.904251325556785j)
(10.48384240321147+25.71088168609592j)
(7.608027597100835+41.53971794685226j)
(8.007763318248813+41.410162183152735j)
(16.607492354941506+32.03284699120607j)
(21.619807304391596+37.689181778394094j)
(22.85955564436584+31.175696070846723j)
(18.12454726690287+24.07834023119242j)
(35.73368216190135+31.440825163283595j)
(31.78121204587245+35.741370918599046j)
(26.719644778433196+43.28834628387001j)
(25.83367067237943+23.81269191414046j)
(36.18338311779651+21.233146665005286j)
(41.83282159290512+26.969741738930246j)
(20.1385302175919+18.61550236038096j)
(43.81303429394261+29.908039515507394j)
(40.55066389322414+41.17375105286137j)
(47.75135641547981+33.02694117027208j)
(28.308632359606456+25.98303165240646j)
(64.96094667303772+31.347993099983803j)
(65.96731454671179+24.726616022762116j)
(77.19717546244169+14.001193415912613j)
(72.99927710408221+15.548155605760217j)
(63.870119832882565-18.19777801985012j)
(92.6994084575245-74.34777499772373j)
(195.69657629754238+47.626503319813786j)
(59.34751530036556-32.25946198099368j)
(-154.11507009165496+708.725328828993j)
(66.581756339316-27.845236359821616j)
(12.342553139215637-36.40912285518036j)
(37.30212487580879-29.88763460974035j)
(36.72043331736001-31.540225550475114j)
(16.343504824160984-26.19216077002492j)
(34.428462149380806-11.700892740563571j)
(23.424638467477354-46.753477961666036j)
(30.283112949296573-23.89959410760357j)
(26.358396211597093-31.561157307015687j)
(28.264874445398355-36.15943210181672j)
(26.294622130116057-28.81252005858886j)
(22.555735425192243-28.738069893544715j)
(32.70422383618856-49.23592402509881j)
(20.514726903942016-15.568870383190141j)
(15.983849292688301-31.980388961097113j)
(15.744815710510697-29.08564392184498j)
(14.455894245691695-38.119277534602304j)
(12.77133599768995-21.44086482864321j)
(13.285370216213447-22.01657228247073j)
(14.227423185226696-30.078123375592266j)
(8.29174894424852-26.895254090634474j)
(9.379245066761795-18.943017986893423j)
(15.803000106870774-17.473347127469804j)
(10.943967279609332-18.58136207619601j)
(8.011533657955836-13.694223532041402j)
(10.022193570798168-16.34901458076646j)
(8.576358513763049-18.43808521989827j)
(7.596497850182057-11.173922180956135j)
(-4.511403016853313-29.100294430350523j)
(6.379132640374224-18.228847617165403j)
(11.32959024690119-23.00031164339822j)
(7.587486420043455-19.974796801477115j)
(6.537647409416936-17.93151079829119j)
(5.2437266138352685-7.431859269320455j)
(5.361840577834615-20.369155589465944j)
(8.800677505777774-22.053183473326666j)
(5.829874742812586-14.8646895259765j)
(3.332820230573693-16.504207007846766j)
(5.571074003131592-13.86058652404713j)
(15.812962338837014-18.464723529189012j)
(-0.26787599851704974-12.677795923251102j)
(1.809279005146874+2.2285255117061133j)
(6.921074926509878-7.584329799704861j)
(2.9886723514397766-12.2309958107431j)
(4.612743771438034-10.892847776359151j)
(-3.013687398764451-4.193321459653132j)
(4.7803529505275595-10.895117357025425j)
(5.976357618581285-10.825159856793759j)
(8.620516278705548-10.765834628208168j)
(2.368489093014457-15.344480467891994j)
(4.59137252407952-11.368218726734714j)
(7.3212487517948865-16.559607590439747j)
(5.512772067004744-11.315051649859258j)
(3.5696266753637693-9.681368418590875j)
(4.057686192744856-10.670934044062987j)
(4.277426396586619-11.323762473316831j)
(4.240316674700176-10.098558997719211j)
(1.3684734582323606-12.21150661550309j)
(4.94960267365486-10.527472293860479j)
(4.191335842196637-19.05690244138465j)
(3.5943274484623595-9.916119631425307j)
(4.654034960422905-8.175414698660163j)
(4.6640042056820645-9.972310267313674j)
(3.278448098186925-8.071754132390335j)
(3.359529942612573-7.9191323527103625j)
(3.450139245020649-7.80480457727947j)
(3.536778407966616-7.73280794950393j)
(3.603076986331328-7.700546846779841j)
(3.634234061171361-7.696799360248461j)
(3.622584477973485-7.703496608029776j)
(3.5706816920333564-7.701353786870129j)
(3.489590948768237-7.676051657896545j)
(3.393899490458023-7.621244237025693j)
(3.296951610285725-7.537665172071595j)
(2.573435167322283-10.645431672347577j)
(3.1341248944867917-7.305557703196612j)
(3.0768552435500176-7.169834498494279j)
(3.0375147518023646-7.028590373229076j)
(3.015937581933435-6.886389435411464j)
(3.0114215183138335-6.747085425930878j)
(3.0229695253944264-6.614120933957481j)
(3.049302477031747-6.490814465072765j)
(3.0886797728659987-6.380571115038683j)
(3.1385502214011205-6.28694444967085j)
(3.195077025312889-6.2134391739219375j)
(3.252669283345359-6.162909772739617j)
(3.3038225712702682-6.136456522183647j)
(3.339748734371995-6.131969226100832j)
(3.3522047948528124-6.142968110884529j)
(3.3362807251359388-6.158830693845296j)
(3.2928229065889476-6.167140788418488j)
(3.2287425591805814-6.1574388606460575j)
(3.154683659343472-6.124285969231613j)
(3.081478625359137-6.067955016613872j)
