(14.959467775838485+0j)
(14.787681343261582-0.6717543447015206j)
(14.415404936933554-1.14564434157238j)
(13.9693025002808-1.4215247813093688j)
(13.511968916638981-1.5086783920983409j)
(0.5851900370746363+0.9952342917711795j)
(12.787349839376894-1.1518841405630045j)
(12.633327169069434-0.75236181843218j)
(12.690093338481715-0.2606764621644418j)
(13.0035776993316+0.2583533014757574j)
(13.605839924361792+0.7173471098963334j)
(14.503234415163202+1.0044335254715067j)
(15.658080309990128+0.9876530383289605j)
(16.966991373264218+0.5337237617050644j)
(18.24829289865603-0.45196295050136553j)
(19.26028790003264-1.9698999641075507j)
(19.765657830512485-3.885619715291954j)
(19.622155551301514-5.945675529170546j)
(18.841763080632933-7.860143324641916j)
(17.574015808108722-9.402695789508964j)
(16.03166162953826-10.464665244578617j)
(14.415119118517577-11.04620608183211j)
(12.872467198257866-11.2139850423637j)
(11.49447384341594-11.059531791858788j)
(10.32743361505991-10.673322698749399j)
(1.3770458663848675+6.496264911091549j)
(8.682644279919312-9.507566366868922j)
(8.202046797032688-8.849989058708568j)
(7.937652116594238-8.212764163958463j)
(7.8741547798356315-7.647016126219318j)
(7.986466314652233-7.2061230197218045j)
(8.23259042619304-6.944220685244101j)
(8.546231876346829-6.908032413041468j)
(8.8347439871208-7.12074778179221j)
(8.990224211470629-7.56209605112539j)
(8.917302820223403-8.157049580551313j)
(8.567638940983198-8.787700558952945j)
(7.959084103415319-9.329049165286227j)
(7.164784937876006-9.688614319789249j)
(6.280938327822303-9.82619469852465j)
(5.395403996029272-9.748293406320103j)
(4.571432839411335-9.48926402611094j)
(3.8461739426251937-9.093057999426051j)
(3.2367765261449137-8.60187011951487j)
(2.7478965730404274-8.051493309545075j)
(2.3776579218367075-7.470910270180416j)
(2.121389568263591-6.883899241992438j)
(1.9733749565727359-6.311303725622933j)
(1.9269730014224116-5.773257513357852j)
(1.9733276869407905-5.290893135134048j)
(2.098808855605533-4.886950625446322j)
(2.281589612767729-4.5844001765824j)
(2.488593195577814-4.402071632650691j)
(2.6753112556253487-4.3470836940424915j)
(2.7915825993696024-4.406285598117182j)
(2.794216415627401-4.5420934366014345j)
(2.661801229921369-4.698354352889394j)
(2.4026925996386512-4.816008687366211j)
(2.05042465758624-4.85026008735667j)
(1.6499887732494147-4.779650125883619j)
(18.92384615981922+1.0541744586889248j)
(0.8643110342347982-4.338756921438936j)
(0.5314676915448625-4.00249698197464j)
(0.2560193782058816-3.6157066969003466j)
(0.04224886370607318-3.1960582121843504j)
(-0.10911104331276891-2.758324335265815j)
(-0.1989909152617848-2.314958223641569j)
(-0.22901637975086422-1.8771230664991263j)
(-0.20134375221357662-1.4558048413408338j)
(-0.11922845445428074-1.0627612626770768j)
(0.011703869839451375-0.7110185729304269j)
(0.18160449117387834-0.41447240818822706j)
(0.3744388963585086-0.1860181187512043j)
(0.5670225612622521-0.03384357735494003j)
(0.7307214693765474+0.04352151618281008j)
(0.8370129499392834+0.06113602485651437j)
(0.8657957854591637+0.04725030498439352j)
(0.8123568955040492+0.036935122351273615j)
(0.6885583151522684+0.062276713924385385j)
(0.5175561228384448+0.14447779435157318j)
(0.3257181434965242+0.29146325717558036j)
(0.136157430005724+0.5004232470676033j)
(-0.03419254114269943+0.7623313443566551j)
(-0.1745726149049056+1.0659137377257764j)
(-0.2789613066380497+1.4000814359774547j)
(-0.3443861124589783+1.7549374034669243j)
(-0.3695664556970997+2.121840664425642j)
(-0.35406528339321863+2.4929664346703326j)
(-0.2979580056366689+2.8606562666784705j)
(-0.20200278132061011+3.216755535826646j)
(-0.06831394174600537+3.5521316760049535j)
(0.0984892294497165+3.856649711327041j)
(0.2898552394772089+4.119993660134517j)
(0.4921610071437454+4.333703509242108j)
(0.6868812517846319+4.494378340940823j)
(0.8531472085191993+4.607025915799831j)
(0.9727723463422749+4.68651179436881j)
(1.035861330801767+4.755258909600993j)
(1.0438790102929516+4.837506236496996j)
(1.008332374213843+4.9529937394001j)
(0.9461732953202967+5.113258177441685j)
(0.8750824942169025+5.321706471897556j)
(0.8092751331712965+5.575356452964266j)
(0.7593650545175318+5.868320036907959j)
(0.7323301677059542+6.193657830968738j)
(0.7325272212129719+6.544608121892767j)
(0.7626726780709369+6.914995072078191j)
(0.8245653945689998+7.299129417158013j)
(0.9194597665545982+7.69143880769057j)
(1.048058180098626+8.086006357750174j)
(2.1759710132869965+4.452316054092653j)
(1.4035820796040648+8.854549889067156j)
(1.6237067861135268+9.213390007328721j)
(1.8620842769961574+9.546174727437123j)
(2.1068333830770856+9.849754255870346j)
(2.3443463077298046+10.126624964053155j)
(2.5626274118379704+10.385834172649894j)
(2.7548598997011657+10.641446858014756j)
(3.6191139116134514+8.600616791089774j)
(3.0683032428366532+11.20157862767148j)
(3.206046554234878+11.527919523414829j)
(3.3453224205991976+11.891988883610262j)
(2.3550898004354535+11.488005528179997j)
(3.6654184466015156+12.73353335187858j)
(3.8602029495662338+13.207551527624693j)
(4.085063790632011+13.71441970489016j)
(4.344257944788413+14.25266736541497j)
(4.641996719398138+14.821400270912095j)
(4.982952036184417+15.42018385825181j)
(5.372673658584842+16.048759469772993j)
(6.140642750784504+19.95553788012293j)
(-0.04852465678451361+22.39805063243741j)
(9.99889789637286+24.232607725902394j)
(8.705067283166425+21.973781278055874j)
(9.215765781826224+35.91607599794461j)
(15.38078086249116+22.24417676527336j)
(26.04896365014545+36.7787296834714j)
(15.476162680835408+22.40772615347767j)
(11.188488659732135+25.083997854882128j)
(19.913653769990322+26.61548437338259j)
(20.883840617548042+39.84740952295208j)
(15.589598842969446+22.862823848437138j)
(22.61737752991252+30.78108308682765j)
(22.506525722895873+27.263654283781822j)
(27.19195151768246+20.25720290662024j)
(32.562394628951076+36.65285327165011j)
(27.57562069554519+22.862396814115986j)
(32.33792550749355+70.74316353627883j)
(61.02413780936013+2.3331463084549675j)
(34.76396448921918+23.644159394716528j)
(34.09280985060885+23.38479606659448j)
(49.58555340282269+21.812851899007487j)
(54.791776232196234+11.333636483827684j)
(61.93054073570725+12.602709839047114j)
(57.39698799232275+4.643709863233503j)
(50.71580137530526-0.36435530310538816j)
(49.9744574892908+6.368915687188608j)
(55.76353924555799+3.9558406907000987j)
(53.03307421431915-11.28662724473825j)
(43.33515698013877+93.16941663940518j)
(31.351663772514417-42.20783766111504j)
(37.296671381339834-23.556097501745263j)
(54.05153574133345-0.833050757663068j)
(46.02930655146091-17.620681205676338j)
(35.80092189808116-11.656015363245078j)
(35.19083961923096-19.605713993472104j)
(40.76701989406101-30.73749454663438j)
(41.385958342144576-23.083887899914355j)
(45.10274345580005-23.761789111152144j)
(50.09034182619257-87.39294000135405j)
(28.20451486403897-21.913228363342828j)
(31.825543548957015-47.588528341449894j)
(18.848978353800906-22.703238085990467j)
(14.50669788438653-26.202116517269506j)
(17.26599258849962-25.605218803379316j)
(21.83991581334159-29.5597838666966j)
(25.440314263164716-18.817805192750388j)
(22.762996413974786-22.20882949361673j)
(29.6436638656367-49.177121028270285j)
(15.99619687884453-26.931068892902562j)
(14.179778034008626-22.95059323800742j)
(16.32140343617527-19.658300818436544j)
(13.917611652402732-21.18195887618539j)
(12.32969735803049-18.08018670785728j)
(3.9546257059665955-21.627280184338844j)
(20.382668419950775-23.858154801399994j)
(12.08095725290829-16.482625628060056j)
(10.274876212642996-16.631770783318608j)
(11.69820166690895-14.408828128783659j)
(0.8478724698057757-2.2684168160495277j)
(12.315021840900775-25.730558218567406j)
(11.528805234702078-16.8688400603176j)
(5.621706901350541-13.157792380741535j)
(7.272775176623188-15.425762251770033j)
(4.703954642756306-14.9844446290871j)
(6.226868945072262-11.263057129486484j)
(8.865807260494902-13.994276392896298j)
(2.487555153271284-19.81498389121167j)
(8.106388190784864-11.048247560596868j)
(8.238068974628856-12.571304655491003j)
(5.2752464712100755-15.687384589605967j)
(3.7345483305268896-14.933093905194603j)
(3.6764398123415645-7.778567524181293j)
(17.79672068234842-26.65372706303136j)
(5.288344962742884-14.307991683222458j)
(22.950765742002186-17.98711185585881j)
(13.945649666163165-15.631752145747306j)
(10.31263865253093-13.882409554269735j)
(6.728217601946496-10.294631363462182j)
(3.879764488798034-10.61816748019596j)
(5.889506459949545-9.351927723015045j)
(5.406260591953618-18.695506372119247j)
(5.057484566153451-11.347853091567922j)
(14.546592634509684-20.795384893771367j)
(6.371913899153262-11.479678505867613j)
(6.56222670702288-12.218903148277368j)
(5.207429641596064-9.185853153088997j)
(5.308638811564989-13.851198243802994j)
(5.726316530975055-11.189063014136288j)
(5.573857174470069-9.173418728153425j)
(2.553999571933442-9.6316781099398j)
(5.854130740820612-11.366644780369228j)
(3.8591869917077903-8.765442179102273j)
(3.8252553744512627-8.589463567662618j)
(3.8054505164842154-8.421200633107915j)
(3.7982717642137085-8.263727394575474j)
(3.801314183644437-8.119875109719047j)
(3.8111891016816237-7.991903717217558j)
(3.8236082740549855-7.881045378396942j)
(3.8337425897350905-7.787022446160734j)
(3.836891364436259-7.707733228433078j)
(3.829344944316457-7.6393238368732455j)
(3.8091630918157313-7.576753782577554j)
(3.7765531759412387-7.514736119553418j)
(3.7336868764894406-7.448730806202134j)
(3.6840555786218068-7.37564752137005j)
(3.631649666301968-7.294084973180263j)
(3.5802485051001285-7.204158944816738j)
(3.5329742709005103-7.107104336956443j)
(3.4921140261912527-7.004839686250244j)
(3.459128904869159-6.899610856864214j)
(3.434753114883211-6.793751672251311j)
(3.419108119561691-6.689547413384819j)
(3.4117894668820483-6.58916448916538j)
(3.411911050623527-6.494605258933114j)
(3.4181120611642304-6.407650864467788j)
(3.42854864179289-6.329762725276415j)
(3.4409079067050947-6.261926470653467j)
(3.4524944814893344-6.204445107843352j)
(3.460439947513983-6.156723876993463j)
(3.46205906610288-6.117130387297069j)
(3.4553146462913737-6.083036628770759j)
(3.439271230472971-6.051120649014163j)
(3.4143660059865675-6.017910199907764j)
(3.382359802257502-5.980426195206396j)
(3.34595707895502-5.936713078572874j)
(3.3082290063699507-5.886086590541284j)
