(8.095919858267484+0j)
(8.072222664439611+0.2374835141716728j)
(8.087845127180984+0.552644555686112j)
(8.201270680479068+0.898278044690691j)
(8.417724848451236+1.2325816127543296j)
(-0.5448115279850023+2.294507184258502j)
(9.13197071237066+1.7564445608380903j)
(9.605789690178632+1.9006468583228366j)
(10.133661158550643+1.9402228496658862j)
(10.690970858151065+1.860229239959454j)
(11.248085039042499+1.6520334936462457j)
(11.7721892750085+1.3155960006425786j)
(12.230381908633742+0.8609785213355645j)
(12.59352849222026+0.3083853398805546j)
(12.840015586903565-0.31359816338540625j)
(12.958446919296957-0.971349110664659j)
(12.948601902203269-1.6303890679864896j)
(12.820520792745063-2.25942008922586j)
(12.592133857482558-2.8333736590691943j)
(12.286171565271482-3.3350469124324955j)
(11.927095960123932-3.755361211170094j)
(11.538566162740194-4.092593820134501j)
(11.141651934195371-4.351038516299599j)
(10.753765927149226-4.539489493967241j)
(10.388150967395763-4.6698019013900245j)
(10.05372633442084-4.755636028025043j)
(9.755133000543603-4.811381556576497j)
(9.492887881995264-4.851196802511495j)
(9.263635685789952-4.888085056936458j)
(9.060554533691102-4.932961346841897j)
(8.874009492761457-4.993730365422787j)
(8.692536915513962-5.074483471642847j)
(8.504169354628644-5.1749979670781965j)
(8.297985268005462-5.2907417828662675j)
(8.065633593147352-5.413515431640517j)
(7.80250974552883-5.5327029740451295j)
(7.508303976072637-5.636912394234602j)
(7.1868058644658985-5.715654151526128j)
(6.845061503489239-5.760703381078288j)
(6.492144537009695-5.766915194271037j)
(6.137853426631228-5.732445855860069j)
(5.791586882304959-5.658489518956094j)
(5.974746287242767+7.060111112076934j)
(5.154167356927028-5.408610816282893j)
(4.87406109550975-5.244800382710983j)
(4.6238074068199-5.064508100538692j)
(4.40408921748323-4.875067941637584j)
(4.21377601637861-4.6835176798565445j)
(4.050056265671228-4.49621751605728j)
(3.9086213125795304-4.3184680878562665j)
(3.7839409903096737-4.154126298120972j)
(3.6696727968801204-4.005254817754537j)
(3.5592224361688722-3.8718775424380008j)
(3.4464244968627193-3.75193156520261j)
(3.3262518907386838-3.641489323660815j)
(7.098506435249691+4.0080943051371385j)
(3.0527328270347835-3.4273520526662815j)
(2.899131370215185-3.3120126990016368j)
(2.737373429982588-3.184421016462282j)
(2.5715106312078277-3.0411597798453425j)
(2.406254967793494-2.8804524042153665j)
(2.2463816084709847-2.7021367387786j)
(2.096253429889398-2.5074558315463924j)
(1.9594991067830565-2.298754399153281j)
(1.8388317238430452-2.0791550499048754j)
(1.7359710534185722-1.852259050014262j)
(1.651628909896822-1.621886698109662j)
(1.585527004096482-1.3918504556769857j)
(1.5364335532857616-1.1657428921422524j)
(1.502222978425644-0.9467213928121324j)
(1.4799778023901187-0.7372814570469366j)
(1.4661588987428658-0.5390282615030731j)
(1.456865135382697-0.3524777308776241j)
(1.4481837256289194-0.17693605144071373j)
(1.4366009769220154-0.010510412962013495j)
(1.419409933994987+0.14971414507032135j)
(1.39503245207362+0.3073359676415141j)
(1.363181868907599+0.46618771434172296j)
(1.3248299320617534+0.629863733199343j)
(1.2819937170186362+0.8013165235502623j)
(1.2374025019645902+0.9825892666842903j)
(1.1941237019337896+1.1747076511722156j)
(1.1552180259091815+1.377712392296609j)
(1.1234670417194528+1.5907886997309963j)
(1.1011859220945144+1.81244420564038j)
(1.0901113380953726+2.040697240718955j)
(1.0913435632910402+2.2732542576662618j)
(1.1053217808947133+2.50767141047572j)
(1.131818846958194+2.7415065826041594j)
(1.1699525897458467+2.972472796145586j)
(1.218221770095308+3.198601594594082j)
(1.274582875309441+3.4184161883967223j)
(1.3365856105777807+3.6311006304538886j)
(1.4015773974236276+3.836636880462691j)
(1.4669697918841833+4.035872459537666j)
(1.530536390584048+4.230484238950807j)
(1.5906913991412606+4.422822282463042j)
(3.784892875230932+4.193013769914403j)
(4.05501783448295+4.110346896016661j)
(1.7478137553586497+5.013929978311368j)
(1.795734696733289+5.224131255689885j)
(1.8450520715421466+5.443861250334833j)
(1.897709853505684+5.673915687400692j)
(1.9562303531476497+5.91437154279421j)
(2.0228474882503433+6.1647309218262j)
(2.0994740314661016+6.424032679336975j)
(2.1876305423349782+6.690977317293181j)
(2.2884029108077515+6.964048568778946j)
(2.4024207815143677+7.241630670223889j)
(2.529852743541502+7.522126078379409j)
(2.670421334750981+7.80407890453642j)
(2.82344713856742+8.086304758039834j)
(4.4206872656818605+6.735321217441447j)
(3.1626999676572787+8.648946946742559j)
(3.3465600411727885+8.929388206149577j)
(3.538527254548894+9.210217461015391j)
(3.7380156159823508+9.492803536379684j)
(3.944998861278547+9.778856699494439j)
(4.160098722346883+10.07022919005704j)
(4.270275896371639+10.912636524065425j)
(4.6203405415990915+10.675830420219276j)
(4.869688777260257+10.992765373137575j)
(5.135329409868248+11.32023528759454j)
(5.420194538834536+11.658500674785357j)
(5.727369393988399+12.00737016587508j)
(6.060038918964915+12.366222227844982j)
(6.421461386577665+12.734020951509672j)
(6.814958822272284+13.109314989190782j)
(7.243912062718182+13.490214801743535j)
(7.711748708195724+13.874348620160283j)
(8.221914119909012+14.258801496413206j)
(8.77781821949204+14.640044408639332j)
(9.909088791124754+23.037244247475492j)
(10.039781597855436+15.375285679675013j)
(14.947924205930358+23.791683862842593j)
(20.656576115463345+27.2476682406448j)
(15.127340882120546+20.365597382665j)
(16.795432565203974+21.64377658956492j)
(16.105261082823613+17.44166844804384j)
(9.74853143924175+23.37711162094672j)
(18.96623917057669+16.71945308793008j)
(19.583635196769762+18.276065529401766j)
(22.1199026931627+18.8736196302864j)
(33.57112990593058+40.15064118999923j)
(29.20397802986979+14.920427253252143j)
(22.441021747438178+17.138191566803464j)
(26.917359120502418+10.76441056146361j)
(26.022881110328647+19.500147599679053j)
(29.639049124032+18.62795104334439j)
(25.927424518898064+3.5597364703419867j)
(29.595778001905938+23.127478911882424j)
(32.52992424460698+17.699155382716885j)
(33.47027334180687+27.25226337188678j)
(34.36522554270404+8.828771945102178j)
(28.997978314378717-1.96103700833377j)
(36.86645000842207-0.39289826285162477j)
(34.57840738215034+6.303431478650882j)
(87.88953298078862+13.159642937434217j)
(42.25076078298257-10.891356718547812j)
(40.477920497532686-0.9815608717596295j)
(30.35192767663023-8.33022394565126j)
(33.72597999513506-4.324405086813095j)
(24.593219563209026-10.715767247752343j)
(29.09595975737687-18.091689310430823j)
(36.05667256930544-13.216492854914572j)
(28.220092828607278-17.295378756152996j)
(27.69424231729309-11.642639918891682j)
(29.515517998358487-12.260472088688042j)
(30.083799222346602-8.503825249608278j)
(33.951600934025215-15.91881533952626j)
(23.486279554998926-10.185800670856713j)
(36.592902811108914-8.840922465964383j)
(22.322010052262502-19.098345654592517j)
(28.24182739417316-13.318593950917846j)
(25.237636174681068-49.76447681597108j)
(18.884702067956972-20.351334681256514j)
(18.669714041586072-15.211294226720328j)
(15.833002349435494-18.46066179040379j)
(16.941201403263815-16.87027033444709j)
(18.30175241709522-27.522404987453797j)
(15.07583709782149-14.323207307928303j)
(21.19030078778972-18.904908399016065j)
(19.4450484039238-13.112576850630344j)
(14.092940978677952-16.887138493550047j)
(16.39358840494257-21.80370510238951j)
(11.492833453869196-14.312505369517494j)
(3.720174213262277-40.00509518272474j)
(13.168700286385043-20.74226374564445j)
(12.548015596332238-16.164522036891807j)
(11.978030817413911-13.815634016486419j)
(17.265484481885373-22.468284799578264j)
(9.814820955064546-13.077439882378663j)
(10.671225696389392-10.169212728848454j)
(10.75355142509349-18.455600996075642j)
(15.719847975380489-34.33918159429619j)
(13.023018677498948-16.36703892656347j)
(12.588159859939815-13.602665705751555j)
(9.903170078585834-11.825444226086596j)
(8.855024645937728-13.086564262043497j)
(10.493078240920736-13.437793233358569j)
(6.501767001213161-15.740779617166712j)
(12.084182167242476-9.97713915536204j)
(-36.27703987501417-53.77530181729538j)
(7.1708541753101-11.343177025736502j)
(7.020086401629307-11.219076918138011j)
(5.715090589951535-11.041317657154778j)
(9.281266716881666-12.800654164724488j)
(8.122182787648045-10.656822802019473j)
(9.361498035818421-17.41773503469029j)
(8.95880101125087-12.433844488059439j)
(8.729795301924348-10.55399015107201j)
(5.877277624644726-9.769166597355579j)
(4.719395286826484-11.840096883308016j)
(5.6669115943196315-9.492012621132162j)
(5.5649660095672955-9.357441644398326j)
(5.465491460442648-9.224283645283629j)
(5.369008285910731-9.09190784292651j)
(5.276145270854603-8.959973785468168j)
(5.187544732520724-8.82842559345311j)
(5.1037824906189595-8.69746134591092j)
(5.025306311212101-8.567486394923517j)
(4.952392839237214-8.439057881084654j)
(4.885121271384875-8.312825359637998j)
(4.823361881483627-8.18947030100584j)
(4.766778407653204-8.0696459931585j)
(4.714844495760749-7.953919331674722j)
(4.6668751154176675-7.842717035410729j)
(4.622073501618141-7.736280505369838j)
(4.579592405461906-7.6346350656363855j)
(4.538605437885879-7.537579735550332j)
(4.498380856740445-7.444702185250941j)
(4.458347570724767-7.355419913673687j)
(4.4181427387042405-7.2690436551037925j)
(4.37763282626903-7.184854087808822j)
(4.336904916526438-7.102179847433584j)
(4.296230961385742-7.020464801597993j)
(4.256012591503713-6.939315492857165j)
(4.654258422056283-8.967704389938087j)
(4.17881134522892-6.778069784330934j)
(4.142710772998582-6.698095729005089j)
(4.108732019548066-6.618879214222742j)
(4.077066536163344-6.540789098093964j)
(4.047765138756625-6.464242285440877j)
(4.020735262619334-6.389660159027807j)
(3.9957490300832386-6.3174274194160125j)
(3.972461099779606-6.247854911696707j)
(3.950435623216023-6.181148117063376j)
(3.9291815465662845-6.117383515139286j)
(3.908194737907094-6.056495581174953j)
(3.8870040250553695-5.998277274807459j)
(3.8652165437233266-5.942396057018657j)
(3.8425564494712035-5.888425543559321j)
(3.8188907704061172-5.8358901090308075j)
(3.7942374839970956-5.784316819783577j)
(3.7687537647273945-5.733286995061765j)
(3.7427060851261236-5.682479326800782j)
(3.716427338002982-5.631698102388714j)
