(36.98328558372103+0j)
(33.78542949568778-8.604298670993433j)
(26.98925926547892-12.743820621240662j)
(0.8139806336469879+0.770984442589035j)
(16.116600377046804-9.721159984624236j)
(13.841654959817056-5.783624857858713j)
(13.67229376822814-1.373031498606269j)
(15.838872021490392+3.029250119940198j)
(20.98409141762212+6.486086716055566j)
(29.49420190247503+6.504116473359308j)
(0.5490479165369873+2.7676172770528957j)
(38.722714356089746-14.528094952908338j)
(29.933698159882937-23.326289437784325j)
(0.9972518838563311+4.288089913748128j)
(13.90098367165471-21.617061130640256j)
(10.199585463343915-17.74399164137222j)
(8.511738954393518-13.733510428555437j)
(8.428199567475119-9.879708562036672j)
(9.944121982657318-6.38952125993518j)
(13.35472053698526-3.8253883302909117j)
(18.729289055687378-3.7058455754673627j)
(24.004252011703226-8.360162988148986j)
(24.049793655282677-16.66498367301559j)
(18.20651036648882-22.126407114858804j)
(11.707528684975832-22.583554650338378j)
(7.177869401658127-20.448303875940915j)
(4.528777232090301-17.556711947702738j)
(3.227365341995097-14.60190940564087j)
(2.9499157156125473-11.787250992316462j)
(3.6203394292486353-9.211863950148608j)
(5.355083997479286-7.108551402094001j)
(8.274659506881749-6.133826894259644j)
(11.757252000444819-7.540641034320597j)
(13.334797682311255-11.788954533529026j)
(11.016099281671094-15.986070860871457j)
(6.91941421813722-17.299327069951122j)
(3.5339083939995795-16.35182017675679j)
(1.3701551027603112-14.510084255292224j)
(0.17387813969423307-12.463454979420094j)
(-0.31124515114444606-10.448314673256883j)
(-0.20268620470512988-8.542106224082955j)
(0.5114462083268582-6.824041721273557j)
(1.9258045277898341-5.512685986306987j)
(4.025339948901937-5.139102915316428j)
(6.107350393779327-6.456497766218715j)
(6.504381335872842-9.202341768435945j)
(5.753774430084154+6.665909458935921j)
(2.179622397147971-11.658014957857858j)
(0.22861830358945925-10.801756248383741j)
(-1.0052272565078224-9.477987422988514j)
(-1.667791722214871-8.037780021730187j)
(-1.8877600284218792-6.60784319201209j)
(-1.7137012300878585-5.239592935188346j)
(-1.1185024636806316-4.000533016282654j)
(-0.03486408576884603-3.0664316248274375j)
(1.491633383866366-2.8271488996591847j)
(2.910310376029171-3.756002349233491j)
(3.127353270422345-5.552597676047022j)
(1.9113772402527915-6.86705324816435j)
(0.2825418742712111-7.024822968962491j)
(-1.0129015495176465-6.393163182982133j)
(-1.844271405658617-5.424972280537308j)
(-2.288060605228012-4.351990388916298j)
(-2.417662222453996-3.2655062416434815j)
(-2.2568307280264364-2.207862303346134j)
(-1.7788267986970212-1.2351418596753183j)
(-0.9320559256218743-0.48437544853896397j)
(0.2456545753763635-0.24672859173805328j)
(6.220738261126175-10.214632243908978j)
(14.479444914599135-27.63735625915254j)
(0.8082296178186673-3.0887129389615255j)
(-0.34578628877612627-3.2336273695062423j)
(11.405216510567207-31.258712452367437j)
(-1.9339766648010626-2.029530980600541j)
(-2.2745505628309424-1.1778692282909142j)
(-2.370639186906394-0.29549342533121026j)
(3.4368777477054113+6.336678625469657j)
(-1.8442962230129565+1.4005361897478916j)
(-1.1547335947465518+2.057233164485137j)
(-0.19187626454395054+2.321456151921178j)
(0.7424912399594661+1.9222327550757237j)
(17.617568092036286+20.146417605801005j)
(0.5280361965189452+0.22027846812784208j)
(-0.33536545348441626+0.06872131118479774j)
(-1.0908134159290772+0.4159119338091868j)
(-1.6044962149844095+1.0219278061576533j)
(-1.8875305414083732+1.7395159111451097j)
(-1.9688745759757986+2.500867315415761j)
(-1.8552071510465438+3.2709136114194743j)
(-1.5238695416502803+4.008036947388383j)
(-0.9367479763267813+4.619838266760474j)
(-0.11111407766681525+4.916340282104235j)
(0.7126841166012318+4.670502500598324j)
(1.0498376682232817+3.966781356632228j)
(0.7087308320222209+3.355491584462563j)
(0.04847349989184745+3.224086646111971j)
(-0.5602783492223307+3.5134113947330974j)
(-0.9873736576925038+4.040041443495371j)
(-1.2276332916048576+4.6815059053255235j)
(-1.2975790764242154+5.37784674692097j)
(-1.1981161928426067+6.096719126453189j)
(-0.9053192200873909+6.799556946879014j)
(-0.3849724222128054+7.403275916173795j)
(0.3461188158857516+7.740198415043559j)
(1.8668025657752236+5.733252845720348j)
(1.405205644486034+7.127757080346706j)
(1.1882176626488103+6.706443313260641j)
(2.00067687506455+2.9770576522520766j)
(0.2433226206579765+6.955733235385997j)
(-0.0875495926714799+7.457118436147582j)
(-0.27418572262863916+8.071287568915743j)
(-0.32258890602959034+8.75039493035542j)
(-0.22714350329595528+9.46726151409807j)
(0.03766318372262012+10.187111910785697j)
(-0.06340167720297447+10.69022696893676j)
(1.1442343732183624+11.25094585884188j)
(1.7569227105803773+11.311343556861699j)
(2.045178844746208+11.132739179576447j)
(1.963386119624551+11.044978356946768j)
(1.718368788200934+11.220739228177287j)
(1.4846178108830528+11.628045415743212j)
(1.3280028344423058+12.188854900309389j)
(1.2600343586283933+12.850704035745451j)
(1.2813578753429236+13.588759029589525j)
(1.4015061386959573+14.391628145854622j)
(1.6462207851167612+15.241532779421982j)
(2.044697277535325+16.086146842631234j)
(-0.8550076081663932+19.646590536296358j)
(2.2748027806881015+18.20264445629156j)
(-59.45891017664182+4.235266641321791j)
(4.194305422925744+25.000295237565098j)
(3.9230659820555664+29.366480141635734j)
(5.442854851510019+21.647578060891497j)
(3.821478177302538-13.96803823395445j)
(5.950290720714701+27.756825386018157j)
(8.209296284494751+32.76671403829029j)
(8.445404584956394+26.327929250777494j)
(6.939697688575372+29.435701834178197j)
(6.923602173482901+30.49287647776981j)
(13.271001102743767+27.5800810833906j)
(-8.748940898157414+40.38698977445601j)
(11.39693746888707+44.02035068654046j)
(28.018445063878342+44.441045286243295j)
(16.0796428430544+43.18600644787072j)
(48.6089306496122+28.81448171105625j)
(37.18528827932815+18.15523099845703j)
(70.19458426672297+55.8893249341543j)
(16.810492053555585+6.723656688476777j)
(43.531205037523875+21.23403314407374j)
(50.03568010877559+38.25839996058356j)
(56.62032856761655+49.02472493582975j)
(47.39883223156681+39.3470505277445j)
(57.060321351340846+44.376938207971676j)
(73.92170280026886+77.7832072023757j)
(101.01085768065387+36.9509175531768j)
(66.57829656285129+33.59132637831026j)
(81.21497808554973-12.73082999766166j)
(95.94255701883799-4.356965212192413j)
(65.98181709371474-33.69437182312853j)
(53.61781242410155+1.4548006507930618j)
(-16.25583008843068-1.9391944882209788j)
(-70.37750883020136+106.96942128762956j)
(100.1059901924784+43.044245708658565j)
(75.57151851451502-21.60239475087026j)
(63.20088228241096-80.6256222351752j)
(40.5885469750114-64.47348639692487j)
(44.50700697199583-46.183161994250135j)
(49.46561999605514-46.681583080693756j)
(21.034186837281034-36.06136525751499j)
(-21.873526807185517-13.308523460353568j)
(18.66909369042302-6.481846816856764j)
(33.85491462997081-35.31300393009876j)
(21.310483839680202-39.583165978274636j)
(31.40706862536173-30.66310891175146j)
(44.00128187709587-36.985199523729165j)
(15.114126095492297-29.159522881673393j)
(16.106857652083317-38.785277810804764j)
(16.909216601783413-23.75687812742766j)
(9.91046860116097-25.946342117463423j)
(9.946470951731914-26.880977437919373j)
(3.130610793602724-35.094804084927375j)
(7.986039530890652-25.645228370781112j)
(8.776272273714197-22.200436185177924j)
(9.80354265763944-21.616759340456735j)
(8.437335570213511-24.26313173426067j)
(9.356509397083608-22.504779270144006j)
(1.0800431472900662-25.16592099753581j)
(18.304947963301387-23.845747823479297j)
(6.802520802008519-22.656583142816228j)
(5.840780770715881-18.69143030711256j)
(11.486752081477194-21.07060405269387j)
(19.62489476906595-24.04565703456451j)
(-0.01361778669376005-14.352181317873791j)
(4.891615352481807-15.516394241970934j)
(5.699453933204767-12.843722717959665j)
(8.067707060524834-12.96935992249075j)
(7.82671273017373-13.895026492943723j)
(9.117734058252948-14.916645765585427j)
(1.514525206270274-11.746688130493617j)
(9.519837227972413-19.97738728110847j)
(6.889546508695443-20.11627154347122j)
(0.4413049367109807-12.243276361657097j)
(2.78052236702604-15.260187605223532j)
(1.4747188132832294-19.855773484703338j)
(7.6050985446286985-13.7276658365055j)
(4.459169562329696-11.674578936188055j)
(4.706684235683515-10.833754983239361j)
(4.642324447247923-11.952118978471324j)
(2.4049597810589365-10.958275108712764j)
(5.701611592895004-13.040124526069805j)
(7.714063817381228-11.731894960135206j)
(2.2181368766716125-14.680059971129172j)
(3.8555795077115174-9.536013747800848j)
(4.27142679772169-10.62361491253797j)
(10.007463286917874-2.7031874794258406j)
(3.958093149384786-12.411323646081271j)
(2.461445407002613-10.861890307396997j)
(2.243667185219011-12.226075305547964j)
(4.4279459902825336-10.794299665889511j)
(3.923217156203216-10.339200843316027j)
(4.240482913056227-3.267540807504506j)
(4.980916843704605-10.908496243457062j)
(4.927092214279593-10.583729681018191j)
(4.28405376079302-9.690070019056314j)
(-5.565880964267342-1.11628775819997j)
(3.031877529871303-8.816559688704809j)
(2.920220294582255-8.591896554787628j)
(3.836018964159526-9.01583699369855j)
(2.8633989261212993-8.093428767890599j)
(2.922419977538448-7.862568432246937j)
(3.0330354572520215-7.677508999594422j)
(3.1724459444788766-7.56626158899231j)
(3.295168260161787-7.543122791587769j)
(3.9427186820198172-8.469304329207262j)
(3.3042268285001346-7.632060968854134j)
(3.192378861917547-7.6271179548402435j)
(3.0612175103427894-7.551007510384366j)
(2.9498608113560336-7.416479137279404j)
(2.877624255893213-7.24683864563937j)
(2.8504552129440093-7.063716356007866j)
(2.8680406439195627-6.885141846544746j)
(2.9266073323762365-6.727795237829437j)
(4.948347966785347-9.120457277583357j)
(3.121539942172036-6.545597575085854j)
(3.207211220890392-6.543768133463561j)
(3.2374478568695157-6.585551852996316j)
(3.195352941381684-6.62676081298926j)
(-3.4374722630297905-11.053955141653114j)
(2.99601791695858-6.560473288746364j)
(2.9130423841301702-6.4508077601752465j)
(2.8671377299023617-6.317182341950227j)
(2.8600135291851494-6.1799793758176405j)
(2.8871533812469736-6.054699795197601j)
(2.9410072246243346-5.9535501545584495j)
(3.010671057012502-5.886849670303217j)
(3.079749862759507-5.861827594143368j)
(3.125600428616957-5.877257663476812j)
