(6.438905991994418+0j)
(6.5888396577892685+0.9365362118502246j)
(7.062616448373626+1.7756951133658465j)
(7.785329487237039+2.3765786433890934j)
(8.622103256718185+2.6848163590590555j)
(9.454108520520446+2.7181305211615783j)
(10.200784355254488+2.532019556922004j)
(0.6607859889144048+1.704206746304597j)
(11.30232750043551+1.7650818461736602j)
(11.655617018261863+1.295997683066935j)
(0.6516318891759496+2.3755401467435036j)
(12.06096276331225+0.3588152804447792j)
(12.159390361741876-0.0809073920351616j)
(12.214002838511536-0.4986826529585766j)
(12.23704008911991-0.8997127269938018j)
(12.23447587320379-1.2911597417923013j)
(12.206732513631314-1.6793889189866995j)
(12.150271885193249-2.067875785179579j)
(12.0597832803145-2.4560545147648196j)
(11.930532460412495-2.8392912776936137j)
(11.760337790152526-3.2099419231147692j)
(11.55070050068137-3.559167874474572j)
(11.306854927299153-3.8789719631888393j)
(11.036829736338856-4.163886998824055j)
(10.74988011273315-4.411912626222471j)
(10.454765277796403-4.6245592555502295j)
(10.158301957282005-4.806104081408241j)
(9.864487105761054-4.962323380640255j)
(9.574322104981954-5.099032518345297j)
(9.28632028459636-5.220767436682184j)
(8.997543896884157-5.3298967754296624j)
(8.704900176584507-5.426358211677738j)
(8.406356563072118-5.508061220344801j)
(8.101753241407556-5.5718163978272095j)
(7.793013460059052-5.614500426350097j)
(7.4837422358446775-5.634111238597911j)
(7.178385200434378-5.630432603346449j)
(6.881221902492982-5.605173779801048j)
(6.595470341897122-5.561609231209719j)
(6.322708835989366-5.5038611230576615j)
(6.062721051596033-5.436026534489435j)
(5.813769853936295-5.361362250114189j)
(5.573215191885934-5.281715641485581j)
(5.338314855400176-5.197332785193545j)
(5.106999001500873-5.10708350397486j)
(4.878412931150246-5.00903057051443j)
(3.539932816560226-3.0782389870648537j)
(4.432732330501962-4.782136822744679j)
(4.219689025888268-4.651658022640645j)
(4.016305895226402-4.510703397013738j)
(3.8243208603260825-4.361282366370968j)
(11.705883785529444+4.070674010242033j)
(3.4762544877370667-4.047484767166107j)
(3.3182723287643183-3.88784203616252j)
(3.168421603353861-3.728242779617588j)
(3.0245228564933084-3.568763650666867j)
(2.8848354004242562-3.408505153734366j)
(2.748454946340236-3.2459562685948535j)
(2.6154696215312225-3.0794987493430956j)
(2.486842939124987-2.9079061183051653j)
(2.3640737682293484-2.7307022132465963j)
(6.052181303585493-3.5588441497012666j)
(2.142063927506915-2.361879366862946j)
(2.0445712488623435-2.1731320238833423j)
(1.9559702210039613-1.9838213341786084j)
(1.8752137050450646-1.7953930199749566j)
(1.8007561818483404-1.608651610032064j)
(1.7309294023498971-1.4236068194562121j)
(1.664342440579932-1.2395248316019551j)
(5.8806738598508-3.9827960550077837j)
(1.5384536504191688-0.8691704383544433j)
(1.4797493989296986-0.6803973547852796j)
(1.4251970699338257-0.48826354005578804j)
(1.376034119506209-0.29285809243527094j)
(1.3332785554148336-0.09490106463120916j)
(1.297457094346725+0.10445873817758536j)
(1.2684682923289647+0.30394386273779767j)
(1.2456062607181884+0.5024710796485325j)
(1.22773521136638+0.6994199719820642j)
(19.208927464563146-2.9230104199779086j)
(1.2020002137863548+1.0891513037851646j)
(1.192347407211738+1.283559472341957j)
(1.1845262276756456+1.4791991443817762j)
(1.1790272161563784+1.6771158523831997j)
(1.1767571013389253+1.8779530836436669j)
(1.1787793367362442+2.081815865963201j)
(1.1860297771806472+2.288280195991994j)
(1.1990799488459922+2.496536073076166j)
(1.218002158106176+2.705621780494258j)
(1.242364144236463+2.914690026766982j)
(1.2713518000034258+3.1232417642129615j)
(1.303989513791788+3.3312704409887486j)
(1.3394027526005328+3.5392792183340642j)
(1.3770537406759609+3.7481655742191036j)
(1.4168861810822984+3.9590048879757127j)
(1.4593407970006307+4.1727943746902625j)
(1.5052420861761968+4.390228991782206j)
(1.5555934367030129+4.611567937773045j)
(1.6113397508766507+4.836621016604759j)
(1.6731595025671657+5.06485079465014j)
(1.7413355273740616+5.2955592608764155j)
(1.8161132843617573+5.52802794861139j)
(1.8964833263410648+5.761990722449608j)
(1.9819543437516587+5.9974645776947115j)
(3.133827416832609+5.58731409162643j)
(2.166327275463803+6.4751834824783865j)
(2.2650973912336+6.719264558501044j)
(2.3688828003459843+6.968145412798967j)
(2.478631353503947+7.222586338856243j)
(2.595502667271331+7.4830005786013984j)
(2.720678087915421+7.749425006185732j)
(2.2963252906529292+8.969546975517012j)
(2.999796590190112+8.299044806355612j)
(3.1549759844184537+8.581362640283539j)
(3.3209644009822377+8.868277610756303j)
(3.4979035446416624+9.159815630961527j)
(3.6860151844080513+9.456327492975076j)
(3.8857746328431286+9.758435579906905j)
(4.098037797429687+10.066906013564996j)
(4.324093322875156+10.382480764340304j)
(4.5656341048171445+10.70571239080969j)
(4.824664677206429+11.036838351153236j)
(5.103375048167025+11.375716229646377j)
(6.740049390585319+8.726725016666359j)
(5.728795706806462+12.07430516352102j)
(6.079841111590206+12.43206072549778j)
(6.459188042662917+12.793822554930935j)
(6.868837060365202+13.15822287024683j)
(7.31083451666624+13.52381657598759j)
(7.787365865106424+13.889053913879575j)
(8.30083748648411+14.252202243131752j)
(8.853928370266976+14.61122545924384j)
(8.814283877095397+14.05575236748282j)
(10.091052255248751+15.30631775401342j)
(12.695887885500897+16.602561386769057j)
(12.112611656329792+23.494975878416405j)
(14.819485864078162+16.782223600976323j)
(16.71696672676611+17.168259852041576j)
(7.278856453228854+21.25030793483385j)
(10.669235213569957+16.2393184556246j)
(11.800598958830431+13.662207286444294j)
(22.466604408892344+26.138765360293622j)
(16.00463241735564+17.41849837584244j)
(22.115862268644754-29.013310053627414j)
(36.72762772225123+22.654037900006287j)
(21.543531358785103+18.134615467944414j)
(31.866870367868806+17.70280530004312j)
(27.82920087436368+19.21624503518559j)
(30.026579460991876+3.6712266218589544j)
(25.249990394890187+18.663802665143834j)
(28.394946966807787+10.63632839793268j)
(29.014170456171296+13.388425849983319j)
(68.42598955306184+27.09994709679376j)
(42.11912641007482+0.6710184803391662j)
(33.48372781274966+7.1555313988249285j)
(31.78668568289263+5.640666481016707j)
(40.67171194102113+0.7826635371425383j)
(43.45579682859885+2.5545767527190453j)
(34.49675286933483+1.4020782067320852j)
(39.04924647358834+7.906523667585123j)
(32.00215370075559+1.0206716023015514j)
(28.967644282842357-20.945434508826626j)
(34.36185752800256-9.127187673814515j)
(30.185524316825347-8.692247282984498j)
(27.855942217728618+2.4657427159204j)
(27.42736426947779-21.0911313459955j)
(10.148008392004968+9.559528525335676j)
(23.02933095132974-11.32167243722678j)
(29.657104001769245-13.292951822950032j)
(27.220195695289274-15.59769305399196j)
(25.759631083346093-14.947450325491618j)
(25.98037753351461-16.034906945928324j)
(13.97585633441157-32.067857617817474j)
(22.415824840704897-15.921689389344488j)
(15.329004258211928-22.349046985444588j)
(22.075006961954912-17.494253305720484j)
(20.530019091387974-13.790266977464276j)
(29.001321412775305-40.586230463709946j)
(17.819753681344903-15.022538181259772j)
(18.44374025805982-16.89429507419759j)
(12.20121533101748-6.3310177827960885j)
(13.035494170576099-15.555632597877661j)
(15.739350617177486-14.609899206996776j)
(10.994991868321588-14.65997073217737j)
(16.400942591806263-10.056798498868082j)
(15.39249290034867-14.678892921010364j)
(14.145007706955072-13.484047711122384j)
(10.683906957256827-16.67610942218622j)
(12.532388685132249-13.880114057180831j)
(8.257450828441254-14.854247274169339j)
(13.720084421772162-26.026317484973287j)
(10.302665237864122-15.2561904424081j)
(15.185665215463768-13.312796878778267j)
(8.854987287953088-11.853340821585244j)
(7.371624807306105-12.156055997228924j)
(10.251671387656444-12.921651206866144j)
(6.466323205554663-12.155779515857768j)
(10.183644794974912-12.874103059119054j)
(7.711749180469169-15.917744460130262j)
(11.428276059021586-11.35141612426234j)
(11.155270098606396-8.806255455767081j)
(-0.06873784993287012-8.36792372651268j)
(22.229256992894022-5.078516464022159j)
(6.073281752378577-11.98613010007162j)
(9.261465154909146-9.500385703350112j)
(8.20708144378832-20.586473950992776j)
(7.657017664332838-13.679463440904494j)
(7.695568806245006-9.058736669333213j)
(6.439602721509421-11.034700375500723j)
(5.536386164748822-14.563404038347214j)
(-18.617851488932804+72.05062068191982j)
(5.539854952573511-10.240599907570907j)
(5.7427254008526845-9.63245682702109j)
(5.638448544753879-9.485342837205412j)
(5.5395825035582025-9.341125602135383j)
(5.446064209155266-9.199905280240046j)
(5.357734143150531-9.061872985505946j)
(5.274308245101433-8.927240668199389j)
(5.1953880518158995-8.796169061962285j)
(5.120504321402492-8.668712225961594j)
(5.049181158540937-8.544792475681929j)
(4.9810026099164455-8.424211253861417j)
(4.915663457858798-8.306691636115332j)
(4.852990915279774-8.19193952482685j)
(4.792932689929912-8.07970594052399j)
(4.735516529689054-7.969833585795837j)
(4.680793768815077-7.862276395533221j)
(4.628782610065658-7.757088872809249j)
(4.5794256461763725-7.654390026543828j)
(4.532571479913523-7.554312708533189j)
(5.222889664252706-7.4838768974290835j)
(4.445374021947454-7.362326668121579j)
(4.404448684815563-7.270361563404101j)
(4.364957113311304-7.1808979880264285j)
(4.326727379567374-7.093725340208644j)
(4.289680237550627-7.0086262436602205j)
(4.253818293699602-6.925421389166232j)
(4.219194611698621-6.84400174323359j)
(4.185870525761304-6.764340017487136j)
(4.153874706597638-6.68647958831126j)
(4.123174277263189-6.610505228564965j)
(4.093664859896774-6.536504438462009j)
(4.065181164588177-6.464530034734021j)
(4.0375243994457435-6.394573849631661j)
(4.010498511628126-6.3265582073541315j)
(4.727187066349951-7.507083846117711j)
(3.9577668872669283-6.195772420532126j)
(3.9319345951395994-6.132670032959073j)
(3.90647404376702-6.070910596323377j)
(3.8814398836649033-6.010420934772904j)
(3.8568830188418786-5.951187770940979j)
(3.832821595607666-5.893244691362729j)
(3.8092233202923445-5.836646833748302j)
(3.7860032882138173-5.781440952230059j)
(-6.4314039044346485-9.103339641698202j)
(3.7401849015935618-5.67520409471953j)
(3.717319515552457-5.624047023018956j)
