(113.80257165184932+0j)
(101.09121058829467-36.26100295462027j)
(75.45440830825231-54.66075440589193j)
(52.51670075501763-58.07042073897401j)
(36.26550582966005-54.84234193710846j)
(25.41381694855474-49.695493121580405j)
(18.14500870287732-44.4606369604762j)
(13.1614083014628-39.70942333396649j)
(9.648225519051074-35.55376663841712j)
(7.104544633036982-31.95526028458853j)
(5.218492971381627-28.836298176273814j)
(3.791235086837257-26.117808802645072j)
(2.6925992466919637-23.730526703185337j)
(1.835119270893283-21.616977955051205j)
(1.1585784362634701-19.730451514339748j)
(0.6205910067978331-18.033221012814735j)
(0.19072081861797724-16.494795566275652j)
(-0.1532804476702869-15.090428076172229j)
(-0.42793445310158107-13.799912126649534j)
(-0.6456808362677758-12.606634612118327j)
(-0.8159977929624946-11.49683676088438j)
(-0.9461792983067934-10.459038896999557j)
(-1.041882969830101-9.483591777049448j)
(-1.10752192195921-8.562325167468005j)
(-1.1465486831949494-7.68827106924358j)
(-1.1616632204831858-6.8554443797292155j)
(-1.1549667676774578-6.058667932059082j)
(-1.1280763579871926-5.293432001159318j)
(-1.0822104213490675-4.555780736484677j)
(-1.018252727994137-3.8422197650790615j)
(-0.9367998366797248-3.1496405529833815j)
(-0.8381957187877368-2.4752581313126214j)
(-0.7225561690744999-1.816559570811042j)
(-0.5897848422146703-1.1712611883710193j)
(-0.4395821788094981-0.5372729390124228j)
(-0.27144804156055746+0.08733117677928726j)
(-0.08467852728191817+0.7043375490336753j)
(0.12164287895086581+1.315412826493206j)
(0.34865990920713275+1.9221195574196641j)
(0.5977642351636199+2.5259276965469692j)
(0.8706229246886288+3.1282218057990434j)
(1.1692135270742416+3.7303034673281394j)
(1.4958679895277363+4.333388044787233j)
(1.8533269577038138+4.938594432239115j)
(2.244806414383785+5.546925764095076j)
(2.6740790671347736+6.159238145948449j)
(3.1455734017956085+6.776193193656887j)
(3.664493847567747+7.398188377017974j)
(4.236965985176754+8.025256624857862j)
(4.870211032285192+8.656923031126409j)
(5.572753683100756+9.292001336712534j)
(6.354666236882736+9.928305491356204j)
(7.227848849839772+10.562241128006827j)
(8.206338916534007+11.188227053923125j)
(9.3066288581374+11.797876553140329j)
(10.547945372891755+12.378841292405125j)
(11.95239484239402+12.913187159329299j)
(13.544792999610781+13.375135848344165j)
(15.351846841926285+13.72798356298022j)
(17.400107563131947+13.920038539514879j)
(19.71172737475293+13.879593415395838j)
(22.29652875477339+13.509453549524137j)
(25.13838012656991+12.682707894115564j)
(28.173931134798217+11.243690878440756j)
(31.26381217633425+9.021585250164378j)
(34.16291886791558+5.867395619431992j)
(36.509174088652955+1.722605504458682j)
(37.86376763499813-3.2902449193400405j)
(37.82907350896639-8.801984646200523j)
(36.21779374255228-14.230462210278999j)
(33.17200553506672-18.945788772695757j)
(29.129510640534154-22.487284649455205j)
(24.65058354406096-24.690444893870662j)
(20.228672507119814-25.661091694586517j)
(16.18954089005708-25.656543855208284j)
(12.688307016878317-24.967364385844093j)
(9.756815906539924-23.846836710560844j)
(7.357075055364197-22.48654849603972j)
(5.420911221404135-21.018681084494908j)
(3.8735022165764006-19.52838324601412j)
(2.6450161024825083-18.067207834116548j)
(1.6751302463448685-16.664173758156267j)
(0.9138586217070787-15.333831727279035j)
(0.32072621722161476-14.081769639945996j)
(-0.13663295885422988-12.908222501832517j)
(-0.48394239280501755-11.81037607235658j)
(-0.7416020244037733-10.78380590830381j)
(-0.9257945237399288-9.82335801950822j)
(-1.049379539413835-8.923674718559694j)
(-1.1226019056798622-8.07949779531369j)
(-1.1536462431966954-7.285833546653432j)
(-1.1490687924512-6.538033246513871j)
(-1.11413287516636-5.831822800177467j)
(-1.0530694244861338-5.16330270577616j)
(-0.9692795056039016-4.528931454597504j)
(-0.8654919632218744-3.9255004576854886j)
(-0.743886297518953-3.350105411727757j)
(-0.606188495519019-2.8001170273778695j)
(-0.45374571097801125-2.2731528039331224j)
(-0.2875842791765544-1.7670507711521348j)
(-0.10845447592720951-1.2798456582488962j)
(0.08355803504824258-0.8099202784444551j)
(0.2875298851614978-0.3554094170104379j)
(0.5035231373087047+0.08512689118748745j)
(0.731653650850178+0.5130464689352917j)
(0.9722052206153642+0.9295934363648178j)
(1.2256361872390664+1.3359036753733464j)
(1.4925849331085532+1.7330093067601349j)
(1.7738786155100177+2.1218404602683862j)
(2.0705461105234972+2.503223631225654j)
(2.3838356649215617+2.8778759094472175j)
(2.7152377274815356+3.246394144276333j)
(3.0665135036927476+3.6092377642424838j)
(3.4397298636461575+3.966703492336881j)
(3.8373012919998013+4.318889549949165j)
(4.2620395596216385+4.665646064882393j)
(4.717211654998515+5.006507209759002j)
(5.206606133392114+5.3405989875068975j)
(5.73460724479153+5.666514410298944j)
(6.306274690934121+5.982144916310701j)
(6.927424146726879+6.284453046973578j)
(7.604698961472278+6.569166506385804j)
(8.345615440787737+6.830367727714516j)
(9.158550767268853+7.059946365615706j)
(10.052620843745188+7.246876058782374j)
(11.037360661919285+7.376274756709242j)
(12.122066412045575+7.4282174116300785j)
(13.31458064980548+7.37630622667834j)
(14.619198393635546+7.18609569364j)
(16.03325960733296+6.8136660992346965j)
(17.541934844298915+6.205009598815854j)
(19.11086632250892+5.297501870407295j)
(20.677016521149934+4.025538562421389j)
(22.139763634998744+2.3330283101537908j)
(23.357223332741523+0.1947465644866746j)
(24.155976638330984-2.3552859666572696j)
(24.362197613802056-5.198278613568436j)
(23.853172090610496-8.126402725729667j)
(22.61026843152274-10.876400736827291j)
(20.741601912609283-13.19702196539611j)
(18.45458228917714-14.918608775174839j)
(15.991867482941327-15.9874813085015j)
(13.567199745946352-16.45325214405974j)
(11.329349667467836-16.42748582622731j)
(9.35778258253561-16.04058484381792j)
(7.677378223968442-15.41265504658988j)
(6.278198951731742-14.640339119944754j)
(5.132250036071429-13.794714003193155j)
(4.20485025727733-12.924657423222547j)
(3.461203448131447-12.061889354916186j)
(2.869625301805972-11.225778359022357j)
(2.4027552574586113-10.427222437108714j)
(2.0376891256142473-9.67152291562361j)
(1.7556059948102525-8.96040499991442j)
(1.5412085269627434-8.293390638652095j)
(1.3821388825931684-7.668708446983395j)
(1.2684436224883893-7.083884524428173j)
(1.1921139207007947-6.536118425358931j)
(1.146704354993892-6.022516843004702j)
(1.1270234072780732-5.540234275402814j)
(1.1288852939696075-5.086553603707621j)
(1.148912401771397-4.6589283612867085j)
(1.184378617365877-4.2550009851245925j)
(1.2330853032299471-3.8726063665980597j)
(1.2932631607187788-3.509766735771402j)
(1.3634945577777755-3.1646817572135646j)
(1.4426520261897102-2.8357163050961134j)
(1.529849552524056-2.5213874671993226j)
(1.6244040212428734-2.220351733488533j)
(1.7258047477458256-1.931392944425184j)
(1.8336894928278962-1.653411334363725j)
(1.9478257037639748-1.3854138584801072j)
(2.068096002286536-1.1265059064045075j)
(2.1944871530700993-0.8758844617008805j)
(2.3270819112084173-0.6328327503704585j)
(2.4660532736177787-0.39671642526887296j)
(2.611660754729437-0.166981351541987j)
(2.764248376435195+0.056846912122552995j)
(2.924244109279551+0.2751618020250561j)
(3.0921605278576743+0.48827242446855135j)
(3.2685964480801046+0.6963979758085338j)
(3.454239295408735+0.899659598498129j)
(3.649867907368443+1.0980692870204802j)
(3.856355394287254+1.2915153716885404j)
(4.07467156021993+1.4797440155756154j)
(4.305884208989562+1.6623360648681624j)
(4.551158411998646+1.8386785044694995j)
(4.811752474496758+2.0079297042065325j)
(5.0890088808368485+2.1689776224097232j)
(5.384337899588043+2.3203902045190437j)
(5.699190759480176+2.460357439161823j)
(6.0350183482769095+2.5866250094546848j)
(6.393210242030733+2.696420342710394j)
(6.775007591692348+2.7863733104395516j)
(7.181382114784787+2.85243611434931j)
(7.612872447879376+2.8898103130937725j)
(8.069368931664785+2.8928938024770656j)
(8.549839382791243+2.8552670561300677j)
(9.05199284102889+2.7697459387066656j)
(9.571887381720579+2.628537102204973j)
(10.103503766370048+2.4235393280505577j)
(10.63833039527982+2.1468363212177937j)
(11.165036274811936+1.7914173733424155j)
(11.669343033081425+1.3521343992593473j)
(12.134233513481014+0.8268504897247804j)
(12.540634923507366+0.2176558997215483j)
(12.868666863313708-0.46806464353763994j)
(13.09943357152213-1.2170024423538786j)
(13.217173714057658-2.010029608335722j)
(13.211405552631467-2.823234558669417j)
(13.078597949814329-3.6298726233856073j)
(12.822933514651679-4.402948775031806j)
(12.455930723323412-5.117933795202704j)
(11.99499445783947-5.755054666448727j)
(11.461246160990523-6.3007293166162075j)
(10.877131819887229-6.747975705894959j)
(10.264277572534658-7.095899670787019j)
(9.641903246789065-7.348552024013198j)
(9.025902113338121-7.5135021931689066j)
(8.428528747152336-7.60042544304956j)
(7.858543233717845-7.619896981234343j)
(7.321636331642155-7.582479245081167j)
(6.820982814571894-7.4981076596475855j)
(6.35781269627309-7.375733023058277j)
(5.931933470360349-7.223160106510806j)
(5.542171302481419-7.047022109601663j)
(5.186722762638288-6.852840070724414j)
(4.863422465567371-6.645128763147812j)
(4.569938543370761-6.427522400181627j)
(4.30390982805629-6.202903082923923j)
(4.063038013842172-5.973522034103823j)
(3.84514627668909-5.741108548170818j)
(3.6482136784758046-5.50696473214629j)
(3.470392615459156-5.2720459980653365j)
(3.3100147813302927-5.037028300515022j)
(3.165589661327054-4.80236359700179j)
(3.0357984415525254-4.568325159987172j)
(2.919485362573328-4.335044331636857j)
(2.8156479160893904-4.102540178055879j)
(2.7234268282649-3.8707433255960484j)
(2.6420964506700937-3.6395150806270733j)
(2.5710559554206847-3.4086627637976896j)
(2.5098215783988427-3.1779520388667906j)
(2.4580200532814187-2.9471168878812333j)
(2.4153833145523778-2.715867779059081j)
(2.3817445087954474-2.4838984900370713j)
(2.3570353323786724-2.250891985420486j)
(2.341284704339324-2.0165257021246026j)
(2.3346187815358235-1.7804765673797291j)
(2.3372623256123175-1.54242606151639j)
(2.3495414352262127-1.3020656403116115j)
(2.3718876596917258-1.0591028499146355j)
(2.404843508876413-0.8132685018867406j)
(2.4490693654576656-0.5643253280017078j)
(2.5053517851008804-0.31207860592181813j)
(2.5746131317987855-0.05638933987512363j)
(2.6579224313351735+0.20280930276760675j)
(2.756507224328157+0.46549145571630385j)
(2.8717660461354013+0.7315129068728544j)
(3.0052809331762163+1.000579135717202j)
(3.1588290261193612+1.2722056207437644j)
(3.3343918737454947+1.5456687922162693j)
(3.5341603916309254+1.8199458246942843j)
(3.76053254269374+2.0936413664027733j)
(4.016099622180195+2.3648993777846457j)
(4.303615491672628+2.631298640731003j)
(4.625941182675264+2.889731417033542j)
(4.98595500889087+3.136266488407888j)
(5.386415841810369+3.3660008207413563j)
(5.829764899016666+3.572908885641109j)
(6.3178500250956455+3.749705808552474j)
(6.8515573213927805+3.887750432666332j)
(7.4303401288542315+3.977027051194764j)
(8.051647543337909+4.006258843325741j)
(8.710276947236787+3.9632188743892494j)
(9.397709772019152+3.8353099163491504j)
(10.101536071837145+3.6104730216240695j)
(10.805124235922502+3.2784453871488206j)
(11.487730285121417+2.8323115757931694j)
(12.125239666726246+2.2701802943938425j)
(12.69166341364575+1.596694057598545j)
(13.161354459281501+0.823988990201762j)
(13.511690124394978-0.028271108735081325j)
(13.725753386907925-0.9340138200577823j)
(13.794438858379817-1.862980661790906j)
(13.717487556858357-2.783686765243684j)
(13.503215889993289-3.666526794272069j)
(13.167051955341927-4.48640617939951j)
(12.72928373048997-5.224449969346702j)
(12.21255219610472-5.868630473744039j)
(11.63956998371086-6.4134333675711455j)
(11.031374878264247-6.858856878481257j)
(10.406228279719096-7.209084782858965j)
(9.779111291574784-7.4711220909320355j)
(9.161683561577837-7.653584979309653j)
(8.562546022054427-7.765738279064278j)
(7.987665881603676-7.816799036397608j)
(7.440857591339315-7.815479436221233j)
(6.924250866844823-7.769722121899412j)
(6.43870786099626-7.686577416565494j)
(5.984173715044214-7.57217748196666j)
(5.559958634249798-7.4317715474105475j)
(5.164957255197091-7.269795752986627j)
(4.797814432407478-7.089959313277953j)
(4.457047345134439-6.895335108051778j)
(4.141133204507599-6.688447488408042j)
(3.8485705951896554-6.471353329017456j)
(3.577921066067202-6.2457144941510645j)
(3.3278362300087148-6.012861223774993j)
(3.097074450638583-5.773846733978163j)
(2.884510216573325-5.529493749669681j)
(2.6891385238233614-5.280433879726287j)
(2.510075980878455-5.027140796803011j)
(2.346559888738124-4.769958156390523j)
(2.197946200929518-4.509123121357077j)
(2.0637070108799582-4.244786273400085j)
(1.9434280246516271-3.9770286060812445j)
(1.8368063388807792-3.705876213693365j)
(1.7436487433042676-3.4313132204905172j)
(1.6638706939337893-3.1532934378205923j)
(1.5974960484937617-2.871751193117211j)
(1.5446576135926922-2.586611744498371j)
(1.505598517858264-2.2978016774948236j)
(1.4806743922727004-2.005259675670153j)
(1.4703563038805805-1.7089480639627113j)
(1.4752343475968395-1.408865541772783j)
(1.4960217483913079-1.10506155113817j)
(1.533559257437352-0.797652762346218j)
(1.5888195347737475-0.48684220270262357j)
(1.662911090425162-0.1729416002217132j)
(1.7570811973007379+0.14360244316155316j)
(1.8727169828366583+0.46217780367969163j)
(2.0113436416893102+0.7819710633772529j)
(2.174618378132724+1.101926005156431j)
(2.3643182751194294+1.420695883721454j)
(2.5823197927688715+1.7365892128126417j)
(2.8305670274380987+2.0475092102279784j)
(3.1110252358419097+2.350887682110804j)
(3.4256154977043005+2.643615091769734j)
(3.7761258497826464+2.9219699414733418j)
(4.1640939315094645+3.1815524915905025j)
(4.590656379624835+3.417230315450475j)
(5.056361238521888+3.623106232683657j)
(5.56094195905573+3.7925226284021103j)
(6.103055653895924+3.918119663192451j)
(6.679994646433842+3.9919676765566496j)
(7.287389259264025+4.005795015915672j)
(7.918930984435858+3.951329976834731j)
(8.566157498161862+3.8207676530914907j)
(9.218351980731113+3.607357630538058j)
(9.862615013911508+3.3060860568223305j)
(10.484163105682036+2.914397310439306j)
(11.06688910899522+2.4328710807141305j)
(11.594184440232336+1.8657482784038988j)
(12.049974036319085+1.2211937928898187j)
(12.41986184668775+0.511204106831557j)
(12.69224211484856-0.24888447392039753j)
(12.859215446141405-1.0412628721767525j)
(12.917168657895116-1.8467950164151157j)
(12.866932315354296-2.646290060611493j)
(12.713505902403252-3.4217267892115326j)
(12.465416375459077-4.157273689833399j)
(12.133830927298744-4.839998244164122j)
(11.731567320960435-5.460224465487214j)
(11.27213508975311-6.011559654549785j)
(10.768907671123873-6.490655786514285j)
(10.234482597309151-6.896792299517877j)
(9.680246257606877-7.231367449728965j)
(9.116128995605846-7.497371471129632j)
(8.550517921889552-7.698894171937119j)
(7.990287608267409-7.8406985212217055j)
(7.440909719919227-7.92787403475448j)
(6.906608252469104-7.965570905025122j)
(6.390534571749513-7.958807799399308j)
(5.894944010250891-7.912342196694991j)
(5.421362314882696-7.830590905729574j)
(4.970735362069264-7.717588947911265j)
(4.5435592524156485-7.576976457421839j)
(4.139990365056523-7.412005081263726j)
(3.759936459286774-7.225557193029854j)
(3.4031307216068005-7.02017287937443j)
(3.0691909934834642-6.798081037829873j)
(2.7576664520844782-6.561232026380507j)
(2.4680738783289597-6.311330152047752j)
(2.1999254194089564-6.049864915947737j)
(1.9527494917472483-5.778140387598896j)
(1.7261062086042505-5.497302400607896j)
(1.519598472764147-5.2083634786490745j)
(1.3328796577222046-4.91222554198351j)
(1.1656586133622218-4.60970053186116j)
(1.0177025735517724-4.301529139079827j)
(0.8888384108642297-3.988397845651946j)
(0.7789525744301617-3.6709544935476j)
(0.6879899572177591-3.3498225879190637j)
(0.6159518655120609-3.0256145282472358j)
(0.5628932030203074-2.6989439422572987j)
(0.5289189323108759-2.3704372759884524j)
(0.5141798350748132-2.0407447700803525j)
(0.5188675582687746-1.7105509276480237j)
(0.5432089042498823-1.3805845531626884j)
(0.5874592985927474-1.0516284143883396j)
(0.6518953487824277-0.7245285503022257j)
(0.7368063901166229-0.40020321660735225j)
(0.8424849019596791-0.07965142641255231j)
(0.9692156683182443+0.23603899361200342j)
(1.1172635522249765+0.5456839522636062j)
(1.286859754629542+0.8479964137141228j)
(1.4781864367573483+1.1415807032607705j)
(1.691359601905955+1.4249280672745686j)
(1.9264101604468862+1.6964138126865573j)
(2.183263142729503+1.954296410864114j)
(2.4617150812182556+2.1967190109739394j)
(2.7614096582162615+2.4217138662229725j)
(3.0818118115156397+2.627210228917146j)
(3.4221806094775618+2.8110463120281945j)
(3.78154135079447+2.9709859394167464j)
(4.158657512640806+3.1047405060683477j)
(4.55200336224896+3.209996834285741j)
(4.959738256637616+3.284451431264894j)
(5.379683875253655+3.325851516830196j)
(5.809305848401379+3.332042986678225j)
(6.245701443378442+3.301025197382507j)
(6.685595127946792+3.2310120993118034j)
(7.125343920075863+3.1204988029308116j)
(7.560954423106014+2.9683321513288004j)
(7.98811330449959+2.773783306520374j)
(8.402232674184338+2.536619770901518j)
(8.798511331926049+2.2571737034630903j)
(9.17201217139872+1.9364029107745242j)
(9.517755159236911+1.5759405625349285j)
(9.830824281625949+1.1781295712714615j)
(10.106485727225147+0.7460377509134002j)
(10.340313438826168+0.2834503788128988j)
(10.528317125061143-0.20516234794539775j)
(10.66706699850541-0.7147042645249169j)
(10.753809016863643-1.2395384148152557j)
(10.786564349463616-1.7735966078439755j)
(10.764207234434535-2.3105098174888528j)
(10.686516342667264-2.8437543313145577j)
(10.554196172107183-3.36680729860908j)
(10.368866749599187-3.873304518276297j)
(10.1330218585801-4.357193043268263j)
(9.849957952680423-4.812871496896658j)
(9.523677669014525-5.235311866110914j)
(9.158773256344126-5.6201578619796715j)
(8.760296164739232-5.963796573261984j)
(8.333619447425562-6.263401913299659j)
(7.884299508247521-6.51695009979192j)
(7.417943152166764-6.723208958729036j)
(6.940084965798797-6.881704093515043j)
(6.456078897378455-6.992665841093447j)
(5.9710066516065075-7.056961429798531j)
(5.489604282727835-7.076016881733875j)
(5.016207253101816-7.051733019956393j)
(4.55471328887982-6.986399520422288j)
(4.108561643382291-6.882610369748317j)
(3.6807268797871173-6.743183427999164j)
(3.273724994233563-6.571086116025327j)
(2.889629590680531-6.369368600033845j)
(2.5300958544318455-6.14110526729535j)
(2.1963902145293477-5.889344796842593j)
(1.8894238004844874-5.617068736091215j)
(1.6097880548013033-5.327158197447178j)
(1.3577911340192852-5.022368080561207j)
(1.1334939983097114-4.7053080944222305j)
(0.9367453395404179-4.378429785631699j)
(0.7672147217672834-4.044018761455139j)
(0.6244235019710136-3.704191315963403j)
(0.5077732612808802-3.360894713627314j)
(0.41657160884316613-3.015910447793243j)
(0.35005532423806884-2.6708598640711863j)
(0.30741088307126035-2.327211615087123j)
(0.2877924675352358-1.9862904890910575j)
(0.29033760284611454-1.6492872276743218j)
(0.3141805847930329-1.3172690154790878j)
(0.358463876146672-0.9911903862251394j)
(0.422347652915203-0.6719043441932917j)
(0.505017677561618-0.3601735484681437j)
(0.6056916670461879-0.05668144902684856j)
(0.7236243103078391+0.23795670039213293j)
(0.8581110735815692+0.5231829972569283j)
(1.0084909135109759+0.7984862320589086j)
(1.1741479978305582+1.0633914146869736j)
(1.3545125117291643+1.3174494656070066j)
(1.5490606049216489+1.5602270380872216j)
(1.757313509856217+1.7912964269198655j)
(1.9788358351191768+2.010225511410504j)
(2.2132330096023782+2.2165676759382116j)
(2.460147821895228+2.409851650451567j)
(2.7192559651131374+2.589571216466933j)
(2.99026045938422+2.7551747324264206j)
(3.2728847819269995+2.9060544470435286j)
(3.5668644875879605+3.0415355924316203j)
(3.871937050625206+3.1608652829435786j)
(4.187829601603744+3.2632012941162998j)
(4.514244172358212+3.34760086319526j)
(4.850839999048273+3.413009743764992j)
(5.197212371983573+3.4582518685125163j)
(5.552867467159967+3.482020133687833j)
(5.91719255781487+3.4828690248385463j)
(6.289420998999807+3.4592100645648713j)
(6.668591424751469+3.4093113870885774j)
(7.05350072457442+3.331303136004548j)
(7.442650612070289+3.223190838857013j)
(7.834188013005394+3.0828794216428816j)
(8.225840142801912+2.9082110553839766j)
(8.614846081480835+2.6970205139462236j)
(8.997887953393018+2.447212064772797j)
(9.371026527916802+2.156861956133328j)
(9.729648178754072+1.824350087000425j)
(10.068432590307694+1.4485231674673367j)
(10.381353156338376+1.0288892760064294j)
(10.661724255026712+0.5658398861162866j)
