(41.523210416592896+0j)
(36.59653660364402-13.348672342938945j)
(26.76778330528259-19.740634701596242j)
(18.065315084300064-20.380868176525933j)
(11.976505395763871-18.490337318135193j)
(7.993721308517798-15.863487553493094j)
(5.422865272899386-13.188568649386049j)
(3.7748631765678184-10.675118415733115j)
(2.748970811490934-8.358739339806565j)
(2.1679991998438606-6.218734933585136j)
(1.9311013258137033-4.220809259332748j)
(1.9833064529188844-2.3314423795214707j)
(2.3019581939679843-0.5068253647126723j)
(2.936205002934398+1.276649695812695j)
(3.920729494458019+2.9907669248528665j)
(5.321006303300344+4.617404719356551j)
(7.250371524064237+6.081362604259823j)
(9.848792104372542+7.205741627206261j)
(13.233309727342922+7.638509351731636j)
(17.338943372198468+6.7689905015340734j)
(21.557087719410962+3.784594440404906j)
(24.2933399730496-1.717147054706831j)
(23.557454090527866-8.26850569790548j)
(19.844843163559904-12.997217613339004j)
(15.260150662502443-15.318792331846327j)
(10.88355114861841-15.688334663320978j)
(7.337354422250249-14.758739886485557j)
(4.73381856435092-13.193554547389436j)
(2.921718825716419-11.40591633160311j)
(1.710929417607014-9.597639991735678j)
(0.94781414465485-7.852477937363585j)
(0.5243998757182635-6.197664304223559j)
(0.3696432669838765-4.636261302201115j)
(0.4374039657140026-3.1627284978546113j)
(0.6894720480649152-1.760579595125715j)
(1.1559083872128817-0.3464501188426714j)
(1.9490095469097648+0.9339934138702245j)
(2.944363278842978+2.0724203874289433j)
(4.207877320455497+3.0765565316364842j)
(5.7946278624703+3.865047437485884j)
(7.7375544462457695+4.2993473245896j)
(10.013312770446138+4.164056959095615j)
(12.454917564938441+3.1680041456040446j)
(14.609153018015636+1.051318201813083j)
(15.709756521162625-2.0412671075328084j)
(15.326003843935148-5.238185233444983j)
(13.892726604160861-7.8738283816807275j)
(11.704752071873962-9.785653566979336j)
(9.113853489079142-10.693375685232343j)
(6.644681784805176-10.637366005486362j)
(4.598876503910397-9.918397353815902j)
(3.043620246090196-8.830841226856055j)
(1.9345402600288997-7.574989715835984j)
(1.1972299095160661-6.266994517518125j)
(0.7617752526450237-4.967792258579709j)
(0.5724684162468977-3.7058428299687094j)
(0.5874089247487881-2.4880214984857165j)
(0.7886761753769519-1.2898119864221755j)
(1.2698510644604084-0.12168849688608427j)
(1.9570064942844212+0.8476091044645182j)
(2.7750581463038277+1.7127940883638888j)
(3.791817462885644+2.46253028400337j)
(5.034393050776774+3.028546045843499j)
(6.505578213744777+3.315694527844253j)
(8.166874261440563+3.193124904935396j)
(9.892724917458024+2.5053025969952873j)
(11.415857331366716+1.1445651310470657j)
(12.367356968567309-0.7861060751529172j)
(12.54438955421567-2.925857802153095j)
(12.011055356329019-4.980938953790268j)
(10.800549631273544-6.748228250158705j)
(9.06005206183834-7.924755936612632j)
(7.145659891294284-8.366020205859732j)
(5.375620631829978-8.172005011501309j)
(3.912246658610701-7.539362156592766j)
(2.7956199923103497-6.648093783621692j)
(2.0043564808290304-5.626622820212284j)
(1.496696405376304-4.555403994829831j)
(1.2311915297226501-3.4800565313248577j)
(1.1769806755175223-2.4225997898174296j)
(1.326045035775191-1.3934414625481386j)
(1.6922910607849584-0.4350651044867347j)
(2.219929895055424+0.3952051072102969j)
(2.8759258710930307+1.1315748367882021j)
(3.6934759315457266+1.7646837204867352j)
(4.687121775667274+2.244581737934166j)
(5.851815164708992+2.5040397546812914j)
(7.1547699063453205+2.4564231402819208j)
(8.511202792633734+2.0035316259720983j)
(9.758005321927657+1.073550372726563j)
(10.66799116495421-0.3029117982725254j)
(11.056232970684174-1.9478401412614483j)
(10.876301740350602-3.634909048197825j)
(10.147540093944421-5.176701153736658j)
(8.941114935095735-6.363924788880528j)
(7.458611388705842-7.028258967089082j)
(5.953574073420199-7.152505277876292j)
(4.612039024355513-6.840172076522934j)
(3.522977528724943-6.2298984041289875j)
(2.705824559432467-5.442478456247007j)
(2.1448862305322987-4.5653981333801825j)
(1.8137312735211746-3.655753986055942j)
(1.6851700528316753-2.749969510717806j)
(1.7413097762374439-1.872130169831553j)
(1.9706708282960392-1.0472748033763208j)
(2.3532313209565805-0.3020302812047618j)
(2.8696232746817287+0.3558379731455732j)
(3.5230708581313763+0.9149927362335332j)
(4.317643770225547+1.3426587687286398j)
(5.245489673181132+1.591119749216763j)
(6.279129798382119+1.6000882444179665j)
(7.35750969991365+1.302982638818468j)
(8.371063938622553+0.6482544458768005j)
(9.164276505042865-0.3591130170719343j)
(9.582964972040847-1.617987045666755j)
(9.551502428215453-2.9515874940178106j)
(9.091077323056142-4.187726853464637j)
(8.272555798633142-5.191369241450993j)
(7.208312120599184-5.855796821118456j)
(6.050896767280458-6.133498636558576j)
(4.945377038557926-6.0550585839394735j)
(3.9881881847162535-5.699855223861149j)
(3.223321937760632-5.156486589739045j)
(2.658785801971971-4.500161722564098j)
(2.284310642444886-3.7866706891421598j)
(2.083497954236572-3.054779766173175j)
(2.0405044779732013-2.331328312326823j)
(2.1428314139037767-1.6366802250283894j)
(2.380795424367235-0.9893335638200825j)
(2.7455470213587043-0.407228936548708j)
(3.230385355220288+0.09152303685750084j)
(3.8303408669294137+0.48321509465045637j)
(4.535748835694369+0.7347783730047126j)
(5.32400984952855+0.8046795634880015j)
(6.150585203580176+0.6483859397290209j)
(6.940974301614615+0.23146128574942662j)
(7.591405850722788-0.4473594672838424j)
(7.991073937353339-1.3307321400783192j)
(8.068193861985566-2.3003020642017904j)
(7.826643706528077-3.218916867727299j)
(7.330199324210337-3.985194473594097j)
(6.658831102999927-4.544308740413001j)
(5.8918082988395275-4.870668151858664j)
(5.107294105016446-4.964027177825909j)
(4.372724580154635-4.850292734889581j)
(3.734317966824806-4.572070020747006j)
(3.2160859369248773-4.175405637064879j)
(2.825715498526258-3.70107826832144j)
(2.561644763834259-3.18162670041091j)
(2.4185027511499997-2.6419388595376248j)
(2.3904941556184345-2.1013881728511334j)
(2.47307224155738-1.5765505324915203j)
(2.6629117131248687-1.0840244291580243j)
(2.9563430130984587-0.6422474349843509j)
(3.3479177995708493-0.2720920436002833j)
(3.8287553906997926+0.0018343933907350421j)
(4.382289822837793+0.15056561695373985j)
(4.978637412955989+0.1438102854491187j)
(5.57023784356466-0.042460662264351384j)
(6.09213340842994-0.413792868219323j)
(6.472018822087025-0.9433296832190011j)
(6.652857084310545-1.5657368516691943j)
(6.619174399445844-2.191859883170418j)
(6.4041979531827105-2.743312548468259j)
(6.065391253627952-3.1796234463967523j)
(5.652590337028667-3.4930701358094294j)
(5.199524750634691-3.6866370750507698j)
(4.73303560519729-3.7636580867773115j)
(4.278950603954825-3.730356039639495j)
(3.860445490100804-3.598619562705749j)
(3.495218266582039-3.3846482823168986j)
(3.194962371852422-3.1059852685858145j)
(2.9666979456742286-2.779363823281857j)
(2.8146167090131216-2.419978274419929j)
(2.7415802292932483-2.0418738065837156j)
(2.7498751649039193-1.6589939563548013j)
(2.8410583604811666-1.286380899908666j)
(3.015070778893721-0.9410489030490036j)
(3.2688592833757726-0.6424874943896639j)
(3.594253858004104-0.4125841321588364j)
(3.975275152105697-0.2741273441004341j)
(4.385760542091932-0.2472524805341873j)
(4.788776968927744-0.3435433172664959j)
(5.140087204929848-0.5586504334009268j)
(5.397589206827178-0.8666753947628362j)
(5.5355901300967965-1.2219502703610379j)
(5.556575028896037-1.5727656069617864j)
(5.488787335408867-1.882607896063308j)
(5.3664634584037545-2.1423810520324973j)
(5.208962228203157-2.3611036980862656j)
(5.018189764417237-2.5458622906346675j)
(4.79154078767168-2.6920052395056064j)
(4.533076663890798-2.7878363179772507j)
(4.2549779679717075-2.823140323584541j)
(3.9734173613968657-2.793544606570633j)
(3.7044879051841386-2.7004631204489815j)
(3.4622309361766628-2.549287253437909j)
(3.258354247243718-2.347738015775814j)
(3.102686965614869-2.1050365980376182j)
(3.003634110251846-1.8318779858468386j)
(2.9681250213848545-1.540922659786333j)
(3.00075610634223-1.2472419594307649j)
(3.1024331222500825-0.9679802136282061j)
(3.269373937074782-0.7212521892464404j)
(3.492409306743974-0.5249993269597788j)
(3.7558911387927307-0.3952421693964861j)
(4.037290435893704-0.34251970453804526j)
(4.309708673367394-0.3672626878843813j)
(4.548309232580943-0.456893856891461j)
(4.739129901943679-0.5882474074975941j)
(4.885084970136513-0.7374967073291738j)
(5.001775936200156-0.8938185304627032j)
(5.101704700828799-1.0652141599866307j)
(5.179144693406005-1.2675610064753233j)
(5.21139741297673-1.505316445636807j)
(5.175054047863829-1.7626131550637318j)
(5.060635215399963-2.0106487204430334j)
(4.8751951157690225-2.2208316505076464j)
(4.63626559013926-2.372969094995985j)
(4.364715312005663-2.4565782841135526j)
(4.080452719117573-2.468559355364728j)
(3.801077642554963-2.4104140834706067j)
(3.542173495038148-2.286502589958457j)
(3.317952454602835-2.1035979120533637j)
(3.1412917866283085-1.8713347803873133j)
(3.02267207432644-1.6026042903372368j)
(2.9685469201620833-1.3127163491166267j)
(2.980830664793348-1.0172040095663413j)
(3.05843221346128-0.7303560002388958j)
(3.198343745869154-0.46621904105124784j)
(3.3938379468935693-0.2390821844954858j)
(3.6331721316887498-0.06033391576657599j)
(3.9027522458324055+0.0651278200552237j)
(4.193074882618352+0.13798410117800744j)
(4.502054695857414+0.15767470490761937j)
(4.830106343114578+0.11371179617807228j)
(5.166888875916621-0.01531806332965326j)
(5.480823329013999-0.24830387514921715j)
(5.725357204335328-0.5823756058515726j)
(5.8596772607950705-0.9865329805936411j)
(5.865552775663548-1.4138131406354535j)
(5.748556004176748-1.81911356353482j)
(5.528584283310699-2.1693372044122476j)
(5.230033573656866-2.443973482657518j)
(4.876717852932201-2.6312205758736584j)
(4.491047919992195-2.7243240100377766j)
(4.09509842092552-2.7199941634131406j)
(3.7115487953076323-2.618829107013429j)
(3.363253470694226-2.4268126301886745j)
(3.070919321701303-2.156455814668209j)
(2.8493975170029033-1.8257710073254705j)
(2.7049684097645503-1.4533818213154943j)
(2.639082669584839-1.0511690314568631j)
(2.6602725805780847-0.6255495932109929j)
(2.7856330707398227-0.1934202965216264j)
(3.0231985523564635+0.21348786537799383j)
(3.365180654109137+0.5635786016066883j)
(3.7974297781991813+0.8326885131710994j)
(4.30562757142566+0.9987293282032206j)
(4.8711373017270745+1.0349673941734985j)
(5.460115230121288+0.911725793688882j)
(6.016883617455551+0.6107698343717739j)
(6.473671870140768+0.1434312922037962j)
(6.773698681626976-0.4453789743662675j)
(6.888728007735347-1.0923666979819135j)
(6.8191569628046755-1.7358891759603494j)
(6.58318958545895-2.3264158749859316j)
(6.207099197055677-2.82667791140477j)
(5.721265876381556-3.2084155578568145j)
(5.159909124582493-3.4507664933928957j)
(4.561129038503528-3.541132093897468j)
(3.9654016691861145-3.477177645244154j)
(3.4122141621473534-3.2683831148991196j)
(2.935261771993549-2.93596768144936j)
(2.5566920166765583-2.51019239208604j)
(2.28097421130793-2.022501431551927j)
(2.096064561277645-1.486093297749337j)
(2.0103400658961004-0.8799554759631109j)
(2.0909227846294423-0.2101752808752174j)
(2.3783531334074173+0.43976925463342903j)
(2.843405992046795+0.9956636752410477j)
(3.447202067674238+1.4218446039444799j)
(4.160530244431087+1.6917873448437786j)
(4.952059029623708+1.7740467322665983j)
(5.774445587808883+1.6353765161931488j)
(6.557528227771527+1.2556287574940548j)
(7.216838572867725+0.6464037942945269j)
(7.676234010817458-0.14202952315989648j)
(7.8884097749224-1.0329590447522004j)
(7.839676669073754-1.9432825142805614j)
(7.542931923717194-2.796685532771818j)
(7.030066787023513-3.52804079705356j)
(6.3479577647087595-4.085358052434733j)
(5.55525468667643-4.433040307643822j)
(4.717093075209326-4.555334628668222j)
(3.8978392402613387-4.457541394441232j)
(3.1537221199429477-4.164039219418011j)
(2.5267992323449002-3.7139082202579687j)
(2.0398530816439693-3.155394669351921j)
(1.6887441453819865-2.537566682247079j)
(1.4317527528079477-1.8816616382093558j)
(1.2468572712720891-1.108516600254491j)
(1.3165577919529667-0.17134783589350022j)
(1.7333385304917779+0.6965059505461343j)
(2.3580071632235984+1.3786220201870236j)
(3.1159053670066195+1.8826031447388933j)
(3.982434435839833+2.2019029493218634j)
(4.9320573994645045+2.308248861889892j)
(5.920439044386502+2.1654671472565235j)
(6.8777238347205385+1.745579107002887j)
(7.712717203961984+1.0478542300605227j)
(8.330946745906049+0.11217600560847632j)
(8.657953783254358-0.9835360227124028j)
(8.653693484973912-2.1388063165120252j)
(8.31524784595133-3.2467450852793918j)
(7.675114110205562-4.206043765855612j)
(6.798121750287473-4.932474613089301j)
(5.773529891691005-5.370868525354166j)
(4.700747548244765-5.502864201484715j)
(3.672770347036084-5.346185913728324j)
(2.7632019564284005-4.946227557103585j)
(2.019686526055406-4.364487605183448j)
(1.4619466077551737-3.6684400492218234j)
(1.0774828088253148-2.9237648868188253j)
(0.800707190947842-2.1716686221439794j)
(0.529311651393642-1.2926604353485622j)
(0.5986088453114277-0.06847772234174289j)
(1.226616289349499+0.9441101046028657j)
(1.9943662998204803+1.6330932725862584j)
(2.832864119186813+2.134165207268168j)
(3.7578689655742075+2.463473513387702j)
(4.763981349430508+2.5932435578462942j)
(5.821295482527073+2.4843476994740263j)
(6.874207247559959+2.099589401008042j)
(7.841025784640058+1.4181242653635662j)
(8.621934229739907+0.45169442428544543j)
(9.116933137382071-0.7453748313334707j)
(9.24648160885124-2.0778234001283757j)
(8.968251105919459-3.419481057446273j)
(8.290366699119973-4.628783720002768j)
(7.279007962560468-5.572497244429482j)
(6.0512967956003-6.155086526325108j)
(4.749813347011579-6.3403451642033j)
(3.5091926835908542-6.1531369309100485j)
(2.4306714715444437-5.662478902051455j)
(1.5724904774299633-4.957759088419454j)
(0.9527575626780743-4.129622388416435j)
(0.5542811136099761-3.2603978703550256j)
(0.31153020260328684-2.417596389039353j)
(0.043099207971046785-1.5585774123921914j)
(-0.0505064219243429-0.12376261105096777j)
(0.830223653403177+1.0276073084848674j)
(1.6854656045903138+1.6410593490809386j)
(2.5204004473399335+2.1069599033047695j)
(3.4206147692436337+2.4409216165191965j)
(4.3998739031380705+2.608262119245611j)
(5.442388348158888+2.5691451851983955j)
(6.511119214340484+2.283058198739477j)
(7.545567747426355+1.714658496716335j)
(8.45999269184984+0.8454603630866897j)
(9.14847342141686-0.3108174935329611j)
(9.499120391052173-1.6945424120681474j)
(9.416645634753243-3.1925940524923924j)
(8.85265215950589-4.642339314638783j)
(7.8369057557725545-5.857057060723011j)
(6.489013612040743-6.67496381622191j)
(4.991879069889256-7.0100740714972565j)
(3.5363814598424086-6.872590591740998j)
(2.2703136112457187-6.348759072538577j)
(1.2761765143853054-5.559890837294279j)
(0.5767489233991062-4.626726625584084j)
(0.15172707153811868-3.651973053252502j)
(-0.05518867517799568-2.720594101590652j)
(-0.18886373204609094-1.8973170030518287j)
(-0.6343004975725426-0.7556325135882784j)
(0.303699624354438+0.9234858582088742j)
(1.2828077463416168+1.4448473691981714j)
(2.0812112367580538+1.8713973171967373j)
(2.9196326659574905+2.2125473844548575j)
(3.829627389178652+2.421351775103662j)
(4.805245268071582+2.460082752140195j)
(5.82459377173512+2.2922314541680278j)
(6.849181454960696+1.8805619393171444j)
(7.818550437875714+1.1915622167850934j)
(8.645768391575182+0.20655003730056473j)
(9.218747500885069-1.0609928501890746j)
(9.41303814211844-2.5446382004242714j)
(9.122053296766497-4.108691010698162j)
(8.304393097932756-5.553359722117268j)
(7.027571966687525-6.659350669013928j)
(5.470076847303776-7.263116273209482j)
(3.8650862896647604-7.316624804144955j)
(2.419863342795845-6.88943479382914j)
(1.2632337058293632-6.120195737268079j)
(0.4402447609748552-5.159365311673629j)
(-0.0644186827221439-4.1344888775930135j)
(-0.30165329130915913-3.1435127399205633j)
(-0.35949973288522147-2.2709888465568153j)
(-0.5246897927970389-1.584743125073103j)
(-0.8531829737590853+0.3941658258349776j)
(0.7006195469063904+1.1841657278751896j)
(1.5041399182712463+1.5281984593721847j)
(2.2660812318229926+1.8623307731812493j)
(3.08006772124891+2.1063268986658903j)
(3.952629307960725+2.2188633244431974j)
(4.873134242166032+2.1683876217131375j)
(5.819768355428473+1.923015102014978j)
(6.755783490930932+1.4491378956664867j)
(7.623088413726761+0.7159255038375697j)
(8.336540510425433-0.2933306622799992j)
(8.784195584080278-1.562000764163208j)
(8.841881185308967-3.0157765867889053j)
(8.41014731512226-4.505399442913999j)
(7.468807067059888-5.819433080174714j)
(6.117904909546715-6.743201986751924j)
(4.563073769594134-7.141654929987809j)
(3.0413675856685214-7.008763956453364j)
(1.7384849088835397-6.4489386549054j)
(0.7497141978260305-5.615626584481517j)
(0.08964781673533813-4.655656051995614j)
(-0.27769314642633625-3.683962936764538j)
(-0.41678753011165853-2.7867580844269986j)
(-0.4413125417352885-2.0468892620261094j)
(-0.8267839522682602-1.4553681477536102j)
(-0.5298493858716417+0.8558273087725454j)
(0.7971300545780711+1.1892292391088648j)
(1.52083538003187+1.4603754744934367j)
(2.223237911659165+1.7235139698623794j)
(2.967229813613108+1.9063435397813864j)
(3.75713112194599+1.9728446001835032j)
(4.583662793212347+1.8949642231261425j)
(5.427414161002308+1.6441771673334498j)
(6.255130289634416+1.1905806613024281j)
(7.013875751270979+0.5073308979703463j)
(7.626090421162363-0.41848513918049246j)
(7.990851864449342-1.5676767794382531j)
(7.9994931118036625-2.8671152420474115j)
(7.571589641856383-4.1773470313992815j)
(6.702910924250614-5.310274797173488j)
(5.494620412331656-6.085902230955332j)
(4.131152897774307-6.401800220872796j)
(2.812659808915298-6.266550205847569j)
(1.6886837577653135-5.776482491620383j)
(0.8314889013410077-5.062777232578446j)
(0.24720896349012575-4.247667389192428j)
(-0.10019999276803339-3.4259870413205173j)
(-0.27621680550570366-2.6670928470313027j)
(-0.4082964054926163-2.0168866551938485j)
(-0.8536465703037288-1.2598284919982015j)
(-0.48252484975007937+0.621136293299153j)
(0.7155384353709336+1.079183526884762j)
(1.396126014749416+1.299396218958949j)
(2.0105484357727192+1.5199794218862188j)
(2.649965733908371+1.6868086996697198j)
(3.3286266653434926+1.7641309350624932j)
(4.0422605611204885+1.7244272676680692j)
(4.775913561481737+1.5410608180579395j)
(5.502176749009411+1.1870626367450743j)
(6.176938498983777+0.6386893414173105j)
(6.735921750522685-0.11568263724046006j)
(7.0964980573912015-1.0611384985604804j)
(7.170849547173348-2.139819719548154j)
(6.893908645992634-3.2428847825796754j)
(6.25839352638593-4.225101872282774j)
(5.334908539479045-4.94634443001165j)
(4.256333422332934-5.320630055793884j)
(3.171613098542303-5.340746775101932j)
(2.1990663445485654-5.065137906006329j)
(1.4043223534008225-4.5832673051401915j)
(0.8035876036182622-3.9838551480159654j)
(0.37754617303592447-3.3372682973073338j)
(0.08137560604532304-2.6877707129547566j)
(-0.15682297093839312-2.035570427163672j)
(-0.40647507556966156-1.2447058424964919j)
(-0.30800478155687694-0.053863963499740014j)
(0.5143842525986628+0.7547625113342905j)
(1.2003273081915988+1.040398436832941j)
(1.736003138614862+1.2495603536322029j)
(2.258383246677347+1.4305522917286408j)
(2.811253379717644+1.5567935710994714j)
(3.402658954962302+1.6001732823097132j)
(4.025432900269614+1.5342543110842528j)
(4.660515203793017+1.3333759309217696j)
(5.2753089251879155+0.9746697353834725j)
(5.821659325414205+0.44395276859715177j)
(6.2370290105578405-0.25459632208059707j)
(6.452730763219964-1.0873285161684307j)
(6.411322418552978-1.9846824154081595j)
(6.0892293980734875-2.847650789957217j)
(5.512870483281608-3.5706143127499526j)
(4.755801607846709-4.07202335980849j)
(3.915941674747967-4.315921097837138j)
(3.086206983771763-4.313178292128048j)
(2.3341151837261385-4.106044109778255j)
(1.696054324265533-3.748007837891655j)
(1.1820727194484597-3.288067295289722j)
(0.7846140664300058-2.761139488315115j)
(0.48851486258660426-2.1809822388309446j)
(0.2893901078716164-1.5317728103910684j)
(0.2434457722954238-0.7790687801230965j)
(0.49484143127619934-0.0014869831569552746j)
(0.9957603903720854+0.5423613971734669j)
(1.4858847050048676+0.8448195815035056j)
(1.9180133091538802+1.0626339263826932j)
(2.349525484691483+1.2450786845522817j)
(2.814176781412768+1.3800017536077616j)
(3.3196371832376084+1.4427445707790216j)
(3.857725061254219+1.4081695750309247j)
(4.408119460983028+1.2536159748500577j)
(4.938901120414088+0.9620124402371855j)
(5.407368340507199+0.5269099693617252j)
(5.763699932754089-0.0412376352107871j)
(5.95902646427389-0.7099791892731259j)
