(43.69931862399198+0j)
(42.08836619957128-8.039518511769865j)
(37.97941971230778-14.460608933177545j)
(32.651244559400205-18.667060642475047j)
(27.1823342995097-20.815937948160453j)
(22.211349423343584-21.415923206596737j)
(17.98562921817781-21.00110801031468j)
(14.520480695853605-19.986584183156488j)
(11.730297023938125-18.65093211924468j)
(9.502449019643372-17.16584391305032j)
(7.730125352861313-15.630961495895654j)
(6.323420770966114-14.1008105093695j)
(5.210812755305851-12.60277629607555j)
(4.337127574997699-11.148313729765025j)
(3.6606754601369498-9.739699642698167j)
(3.1505886331803974-8.374023078913357j)
(2.7846821279903433-7.045515810617635j)
(2.547879594314522-5.7469055141468806j)
(2.431158580586621-4.470209087744295j)
(2.4309602374168935-3.207228254190346j)
(2.5490292217096484-1.9499276281586517j)
(2.79268186089144-0.6908456346622628j)
(3.1755375796226377+0.5762943970691243j)
(3.7187785491190652+1.855533106883513j)
(4.453016165351542+3.1468015153993187j)
(5.420802210285644+4.442561251070064j)
(6.679592812296292+5.721812184300374j)
(8.304289033827287+6.939557342745568j)
(10.38666359730256+8.008823756148937j)
(13.024686886940493+8.771925884623185j)
(16.286099977090817+8.961185193936947j)
(20.11868790933898+8.166561088786521j)
(24.184342345676214+5.875211926614931j)
(27.681599690976682+1.7118840682916496j)
(29.44105650009072-4.076389555260074j)
(28.59757138951742-10.316907833219487j)
(25.36442849141284-15.467892686699546j)
(20.877786919830726-18.64395882246224j)
(16.305511636618085-19.915772155090416j)
(12.305749670101621-19.83812731763768j)
(9.069652635004097-18.975365814194216j)
(6.5475221568276645-17.7255690827904j)
(4.611791335007596-16.325482708075917j)
(3.1321305759437945-14.902125450373244j)
(1.9999365558954674-13.517788579285284j)
(1.1315777886759468-12.199232382300892j)
(0.4647723439441337-10.954596703916831j)
(-0.04625339662609576-9.782689667009615j)
(-0.4350089865679742-8.677941910690965j)
(-0.7260138233851854-7.632988373764642j)
(-0.9371898511663879-6.639974803814226j)
(-1.081565214925511-5.691186240636362j)
(-1.1684683929609585-4.779319466798408j)
(-1.204352024307842-3.89757292214328j)
(-1.193345983693114-3.039648252238328j)
(-1.137607083096803-2.199715689206865j)
(-1.0375076599673987-1.3723728271725075j)
(-0.891689244419143-0.5526031832715446j)
(-0.697133627045242+0.26424013552889286j)
(-0.44876504596430405+1.0819002815284926j)
(-0.13896304933322082+1.9038837279171679j)
(0.2423112927275331+2.7325037058447754j)
(0.7085465537091243+3.568292831524663j)
(1.2773651022663726+4.408991884569646j)
(1.971333557251813+5.247742180154024j)
(2.8186284059262707+6.070169231704891j)
(3.85298495604984+6.849802369121951j)
(5.111686321950559+7.541227897515378j)
(6.629120319632995+8.070801045104693j)
(8.421672022937694+8.326575114440113j)
(10.45864639580197+8.154041644822156j)
(12.618132586304025+7.373464673716274j)
(14.64526607624581+5.842207501696488j)
(16.164509503523295+3.567791542438673j)
(16.80513388803044+0.8084856062161193j)
(16.404073350053828-1.9648033854048377j)
(15.113225476118155-4.277753550943034j)
(13.296318410083812-5.863616521073479j)
(11.32756558912751-6.705186820319949j)
(9.464813601861767-6.937391472704899j)
(7.8348487852735715-6.735314059221479j)
(6.473324232848271-6.2513814358327j)
(5.368089890243596-5.597056487566867j)
(4.488151584353198-4.846276125300809j)
(3.7989624262421673-4.045006701726536j)
(3.2691254725505146-3.220265255619213j)
(2.872649765700053-2.386854717195321j)
(2.5892127844955666-1.5519184412676805j)
(2.4036803995023663-0.7178766872770547j)
(2.305460702261415+0.11571793260738124j)
(2.2879306631541896+0.9510095792757702j)
(2.3480341691095368+1.791083282237178j)
(2.486080533254027+2.639421012788975j)
(2.705733715036244+3.49943613276214j)
(3.0141972324178044+4.373976753388649j)
(3.422591424794114+5.2646714708695885j)
(3.9465014080098353+6.17096452526237j)
(4.606635259910471+7.088632360456561j)
(5.429437878946548+8.007490937106612j)
(6.447306453454958+8.907909066163134j)
(7.697667325530365+9.755695982363584j)
(9.220174918152491+10.493303319896205j)
(11.045506213846275+11.037074871713225j)
(13.182166228872013+11.263944562727973j)
(15.586830836336745+11.015508845984018j)
(18.128571514416954+10.119824116654073j)
(20.562259249145033+8.448061490660171j)
(22.54752284142224+6.0013375244762335j)
(23.744310935161373+2.980808991881616j)
(23.956839273122064-0.23366319894232487j)
(23.225831793028046-3.2166366633982677j)
(21.79239560511208-5.65495912618889j)
(19.972344427038767-7.421088331039859j)
(18.04145802561432-8.543564580481043j)
(16.18561732216101-9.133485830132077j)
(14.504429786036924-9.322040028903091j)
(13.036404871258092-9.226572427237505j)
(11.784340140484852-8.939122493129378j)
(10.733508162459522-8.526745806088575j)
(9.86260929271301-8.036148644751258j)
(9.149610832020858-7.498924784980167j)
(8.574507473989172-6.936014687909027j)
(8.120408096895433-6.361105080158451j)
(7.773789657260232-5.783097619015847j)
(7.524379660600005-5.207877920443753j)
(7.364902284005804-4.639605116726517j)
(7.290794829791156-4.08170132032651j)
(7.299927626796613-3.5376805411161523j)
(7.392313222994315-3.0119252672681505j)
(7.569751565351124-2.5104936537428153j)
(7.835315286726714-2.042012846560653j)
(8.192527371827639-1.6186700542480619j)
(8.644025919329762-1.2572300826074987j)
(9.189471135658309-0.979855949650352j)
(9.822490847749236-0.8142618051046853j)
(10.526703271582795-0.7924034751336064j)
(11.271458814506426-0.9466618597340317j)
(12.008964251343313-1.302683023141796j)
(12.675518755749806-1.869271488951523j)
(13.199577539638351-2.628196163929671j)
(13.516849106411382-3.5292820673070264j)
(13.587811334224758-4.49593026316182j)
(13.4093720314868-5.441321848112284j)
(13.014308710440483-6.288702175156111j)
(12.459226818680659-6.986422558032706j)
(11.808016663236453-7.512434803806245j)
(11.11827790351934-7.869537997568966j)
(10.434200118962197-8.076369772763814j)
(9.785282385345832-8.158693208851362j)
(9.188466833191026-8.143199945929613j)
(8.651441604253476-8.054054978388319j)
(8.175789031870513-7.911488000344126j)
(7.75945840702613-7.7316121952898875j)
(7.398498411783157-7.526847109928876j)
(7.088173744577802-7.3065587442188455j)
(6.8236341191037-7.077712389106468j)
(6.600284091716863-6.845449113549144j)
(6.413964551782047-6.613559756154356j)
(6.261021305123671-6.384860017946457j)
(6.138309030249386-6.161481709798184j)
(6.043159983020267-5.945097694173832j)
(5.973334322674692-5.7370966796901905j)
(5.926960862598866-5.538721308164758j)
(5.902471843832003-5.35118002732187j)
(5.898531878175377-5.175740440036009j)
(5.913958786863156-5.013809159076918j)
(5.947632252730218-4.86700047282468j)
(5.99838485868478-4.737193025364579j)
(6.064869336211099-4.626569852913894j)
(6.145396184852277-4.537632128019858j)
(6.237738211843712-4.473170649923303j)
(6.338904520997742-4.436171808395322j)
(6.444898097221497-4.429627887882002j)
(6.550490372612081-4.4562186125843235j)
(6.649073388025939-4.5178380274573j)
(6.732681144734963-4.614967060975038j)
(6.792293677535868-4.745945844906035j)
(6.818526791298652-4.906280931602492j)
(6.802738968847802-5.088209901813967j)
(6.738441729652637-5.280789513901997j)
(6.622713676647269-5.470708309107549j)
(6.45718522143542-5.643817380792698j)
(6.248195792739558-5.787080941490084j)
(6.005971880321777-5.890423161790473j)
(5.743033200769548-5.947942963316751j)
(5.4723084636925865-5.958208920733211j)
(5.205483894896715-5.923693922471236j)
(4.951927827577424-5.849671070074307j)
(4.718270797501191-5.742964106137417j)
(4.508515093298355-5.610855688792508j)
(4.3244616515799805-5.460302990958869j)
(4.166255985319752-5.297477286978922j)
(4.032916541072232-5.127567880721238j)
(3.9227749665985794-4.954766405496784j)
(3.8338068658646294-4.782354798411784j)
(3.763859941579069-4.61284001737153j)
(3.7107985838037307-4.448099075536014j)
(3.672586293417615-4.289514184898468j)
(3.6473248955693256-4.138088777249881j)
(3.6332654626456033-3.9945417544861326j)
(3.628801854705747-3.859380809944148j)
(3.632454453487579-3.732957211410409j)
(3.6428491557512634-3.615504881314494j)
(3.658694921588745-3.507166489007289j)
(3.6787619968825362-3.4080089037041525j)
(3.7018622043488776-3.318029927654032j)
(3.7268323044552205-3.2371578452436456j)
(3.7525212609383045-3.165245051274704j)
(3.7777822072079146-3.10205689459059j)
(3.801469909896426-3.047256893273015j)
(3.82244449298408-3.000389619125218j)
(3.8395820729056904-2.960862772282362j)
(3.8517927328395443-2.9279302295947534j)
(3.8580459124871678-2.900678110326778j)
(3.8574027928389003-2.878016108736839j)
(3.8490546120290774-2.8586764287345305j)
(3.8323650853805464-2.841222541553428j)
(3.806914288702808-2.8240695954861272j)
(3.77254061231987-2.8055175846813714j)
(3.7293768519739543-2.783797330386258j)
(3.6778763285119394-2.757128012933164j)
(3.618825249835444-2.723783564692881j)
(3.5533384053405173-2.682163906270299j)
(3.482836671733433-2.63086602159085j)
(3.4090065518767636-2.5687494373190463j)
(3.333743811773799-2.4949909292216277j)
(3.2590849255203933-2.409124226114258j)
(3.1871312072656997-2.311061984849336j)
(3.119971015884806-2.2010991181570687j)
(3.0596052088283656-2.079898366704184j)
(3.0078801838922073-1.9484605298915165j)
(2.9664315792510876-1.8080827984798777j)
(2.936640256114682-1.6603090731790109j)
(2.919600812700789-1.5068760312124279j)
(2.916101768324306-1.3496581334620554j)
(2.926615831076089-1.1906139161944949j)
(2.9512983613757013-1.0317349667242104j)
(2.989992235269013-0.8749981127322035j)
(3.0422377036082473-0.7223206976667196j)
(3.107286399711038-0.5755184495268911j)
(3.1841192227816144-0.43626538162201994j)
(3.271468308354425-0.3060553319654894j)
(3.3678436413820476-0.18616507508303895j)
(3.4715650599685097-0.07761937328540161j)
(3.580800418274135+0.018841154046932575j)
(3.6936104809056194+0.10278791503054069j)
(3.80800066415405+0.17412605395943515j)
(3.921979025553422+0.2331077298381488j)
(4.033619014775543+0.28033469338739014j)
(4.141124587398744+0.31674825893674213j)
(4.242894525758142+0.34360551268226275j)
(4.337582361444472+0.3624416316942691j)
(4.424148250187843+0.37501936416025844j)
(4.501899542671823+0.3832678712242369j)
(4.570517586791379+0.38921408683604247j)
(4.630069387552135+0.3949103733262483j)
(4.681003990843125+0.4023624463639398j)
(4.724134673109748+0.41346129063369685j)
(4.760609044379277+0.42992213605659685j)
(4.791869878695303+0.45323262310918633j)
(4.819609803441649+0.4846112002725969j)
(4.845722900703186+0.524975718848137j)
(4.872255848368286+0.5749212522545537j)
(4.901360541638901+0.6347054630225245j)
(4.935249287592136+0.7042394224848796j)
(4.976152753062581+0.7830816689596188j)
(5.02627994968532+0.8704334571304907j)
(5.087778719438939+0.9651335799388358j)
(5.162694483233587+1.065651811914658j)
(5.252924472035063+1.1700809173830269j)
(5.3601643217313+1.2761282888945495j)
(5.485843852000797+1.3811096372430647j)
(5.631049179139833+1.4819487405582688j)
(5.796429196589433+1.5751890325860418j)
(5.982086104505468+1.6570246441997694j)
(6.187452309305825+1.723360148439493j)
(6.411159826589269+1.7699092524679325j)
(6.650913323386236+1.7923423673155643j)
(6.903383812853461+1.7864905194078438j)
(7.1641459205539135+1.7486075572711328j)
(7.4276860469458+1.6756834360444572j)
(7.68750946786632+1.5657886811189876j)
(7.936368981143036+1.418415431320108j)
(8.166624257651511+1.234766957173736j)
(8.370719581826428+1.0179399470398263j)
(8.541741182099331+0.7729471353648442j)
(8.673990139028387+0.5065451484944214j)
(8.763491103644958+0.2268627981826857j)
(8.808357879470751-0.05713767964486212j)
(8.80895692517608-0.3362998350983004j)
(8.767845077381203-0.6019255416561042j)
(8.689498655268725-0.8463532424749038j)
(8.579885994701042-1.063393421416202j)
(8.445955449191734-1.2485847280110554j)
(8.29511287769819-1.399268804160463j)
(8.134749520102503-1.5145100677227978j)
(7.971859559630956-1.5949033039470557j)
(7.812763755396951-1.6423162957081783j)
(7.662936604485306-1.6596096548613053j)
(7.526922079133735-1.650365656842075j)
(7.4083171571006075-1.618646090285596j)
(7.309801724097859-1.568788580426681j)
(7.233196080463482-1.5052428502898607j)
(7.1795315020963-1.432443213545197j)
(7.149123830599782-1.3547108881576708j)
(7.141644148901455-1.276178868030565j)
(7.1561838910400235-1.2007324679337974j)
(7.19131415865411-1.1319597513316306j)
(7.245140634977262-1.0731074889694596j)
(7.315356419370529-1.027039832454165j)
(7.399295478208139-0.9961983689642628j)
(7.4939893333602985-0.9825635572260043j)
(7.59622918155828-0.9876186701900871j)
(7.702634937849377-1.0123182419191445j)
(7.809731800643638-1.0570635999767408j)
(7.9140339218182465-1.121688334237866j)
(8.012133712070675-1.2054564936869914j)
(8.100794299188655-1.3070759079476846j)
(8.17704177540887-1.4247282938971706j)
(8.238253255224299-1.5561167336892117j)
(8.28223662648412-1.6985297980970728j)
(8.307298369676925-1.848920380012647j)
(8.312296675773442-2.003996672733585j)
(8.296677594428528-2.1603226174383j)
(8.260491935525707-2.314424667740446j)
(8.204391173032139-2.4629005073864985j)
(8.129602304520327-2.6025245492595865j)
(8.037883483970202-2.7303455802045176j)
(7.931463184979042-2.8437731540009907j)
(7.812965852940307-2.940650325028613j)
(7.685327081314653-3.019310944778162j)
(7.551701479132789-3.0786203015425513j)
(7.41536647302448-3.1179984968852494j)
(7.279625225105862-3.1374265722550896j)
(7.147711658512345-3.137435955431223j)
(7.0227003118365365-3.1190822605244257j)
(6.90742343205572-3.0839048513337994j)
(6.804397384344617-3.033873882860709j)
(6.715760112806506-2.9713267858515664j)
(6.64322102591513-2.898896363669278j)
(6.588024298698678-2.8194328302471523j)
(6.550926176878637-2.7359222253299142j)
(6.532186438543317-2.651403686625005j)
(6.531573726410564-2.5688880246644614j)
(6.5483840258678985-2.4912799248470745j)
(6.581471154035343-2.421305888560225j)
(6.629287768745521-2.3614497266027277j)
(6.689935127663726-2.3138970479123198j)
(6.761219645527615-2.2804897676833877j)
(6.840714222195521-2.262691219885076j)
(6.925822346577378-2.2615620307523336j)
(7.01384311241644-2.2777465213698065j)
(7.102035493609567-2.311469083444027j)
(7.18768049598175-2.3625397298634354j)
(7.26814010383207-2.4303678699579927j)
(7.340912248685328-2.5139833022584677j)
(7.403681319630482-2.6120634574161374j)
(7.45436397623531-2.7229660620682465j)
(7.49115016605041-2.8447666172466755j)
(7.5125392339880515-2.975300335366131j)
(7.517370832918122-3.112208347297533j)
(7.504850099675784-3.252987974259097j)
(7.474566404872317-3.3950466780006043j)
(7.426504979618359-3.535759106341929j)
(7.361050755980723-3.6725265478729914j)
(7.27898369628005-3.8028380232758434j)
(7.181464761197161-3.924332008776709j)
(7.0700116487330265-4.034857361818849j)
(6.946463662732691-4.132531509416841j)
(6.812935557271698-4.215793522526984j)
(6.671760885657778-4.283449447729676j)
(6.525426172127715-4.334707258938161j)
(6.376498032165399-4.369199052908746j)
(6.227546102068862-4.386988646297288j)
(6.081065204749266-4.388563513375389j)
(5.939400488900054-4.374810970993778j)
(5.804679269118101-4.346979575316964j)
(5.678752941576148-4.306627724778477j)
(5.563151677839264-4.255562343107451j)
(5.459053679368561-4.1957711397170065j)
(5.367269713558642-4.129352242146331j)
(5.288242572475714-4.058444943085686j)
(5.222060117979219-3.9851649276345436j)
(5.168479799582286-3.9115467108408897j)
(5.126962016983464-3.8394952143762406j)
(5.096709469853596-3.7707475476861663j)
(5.076709676852443-3.706845230019972j)
(5.065778107202243-3.6491163728444027j)
(5.062599785938509-3.598666787252339j)
(5.065767736911214-3.5563786081004256j)
(5.073817150736119-3.522914828763699j)
(5.0852546584826-3.4987280909648737j)
(5.09858252582631-3.484072136834998j)
(5.112317945224218-3.4790144690915086j)
(5.125007897341675-3.483448951151214j)
(5.135240285961328-3.4971072931885643j)
(5.14165223228323-3.5195686022756414j)
(5.1429365523842705-3.5502664200233314j)
(5.13784754105968-3.5884929280409867j)
(5.125207250058121-3.633400271220903j)
(5.103913480185227-3.683999235829741j)
(5.072950701446962-3.739155831592272j)
(5.031405061857777-3.797586674012922j)
(4.978484521431561-3.857854452325748j)
(4.913544918968227-3.918365198284418j)
(4.836122401072467-3.9773695236270465j)
(4.745972066329862-4.03297042651538j)
(4.643111859946467-4.083140603544574j)
(4.52786967638895-4.125752330382227j)
(4.400930318318425-4.158622742628248j)
(4.26337752367991-4.17957659346059j)
(4.116724913580074-4.186527139175872j)
(3.962928744151681-4.17757363750872j)
(3.8043751615760018-4.151111115563037j)
(3.6438356654659265-4.105944870522529j)
(3.484386969872317-4.0413991499601725j)
(3.329295428549205-3.9574073606026334j)
(3.181871270904017-3.8545707613277154j)
(3.0453032429256264-3.734174496018271j)
(2.922488708221969-3.5981541377464614j)
(2.815876653587524-3.4490121298546312j)
(2.7273405311377275-3.2896904883342475j)
(2.6580943070202654-3.1234123909859717j)
(2.6086591264583774-2.953509425966852j)
(2.578880930868203-2.7832524310246867j)
(2.5679927020134783-2.6157019276420983j)
(2.574710078422503-2.4535898033175836j)
(2.597346658392897-2.2992382871456374j)
(2.633935451929546-2.15451670257715j)
(2.6823451296574214-2.0208320470448435j)
(2.7403830118172317-1.8991467292892024j)
(2.805880176969989-1.790015792123432j)
(2.876756975092429-1.6936362153129536j)
(2.9510693655126063-1.6099018568659993j)
(3.027037941331072-1.5384588311896894j)
(3.1030624011689905-1.478757438614478j)
(3.1777246806733963-1.4300980638428777j)
(3.2497840114845706-1.3916696641876247j)
(3.3181669081959186-1.3625804719546217j)
(3.3819546118464254-1.3418812693616744j)
(3.4403699725110166-1.3285820517580496j)
(3.4927652370903104-1.3216631238650778j)
(3.5386117782300985-1.3200817481892653j)
(3.5774924707074165-1.3227754560427605j)
(3.609097179788177-1.3286630937876478j)
(3.633221646837898-1.3366446441673079j)
(3.6497699126171836-1.3456008527202785j)
(3.6587602808155184-1.3543937082474256j)
(3.6603346678057593-1.3618688711040592j)
(3.654770985425893-1.3668612024958415j)
(3.6424979403284765-1.3682046017059897j)
(3.624111289237874-1.3647473752886534j)
(3.600390156510603-1.3553742995694749j)
(3.572311506745697-1.3390363400524474j)
(3.5410603037613613-1.3147885946656441j)
(3.508032345770987-1.281836368625102j)
(3.474826355573498-1.2395883203217373j)
(3.443221778348466-1.1877143349622126j)
(3.415139083797304-1.1262042532934906j)
(3.3925803677431703-1.055421976762294j)
(3.377549826455398-0.9761480762895672j)
(3.3719562276762765-0.8896032396235743j)
(3.377502612261853-0.7974451292745078j)
(3.395571670592728-0.7017328370783154j)
(3.427117875983417-0.6048562315368203j)
(3.472578765497436-0.5094318564239679j)
(3.5318171093961115-0.4181719939269177j)
(3.604102852510577-0.3337380637719604j)
(3.68813894615052-0.2585926148217183j)
(3.7821293789888784-0.1948649494072642j)
(3.883882070252143-0.1442436219079068j)
(3.9909350053672563-0.10790505722009491j)
(4.100691889771841-0.08648227181459073j)
(4.210553890668456-0.08007231651139374j)
(4.318036356965476-0.08827664201087776j)
(4.420862984683663-0.11026577635526676j)
(4.517033840089031-0.14485867760813265j)
(4.604867207165431-0.19060765175830127j)
(4.683017906647664-0.2458813240200384j)
(4.750476361332895-0.3089402737859924j)
(4.806553323785692-0.37800211431082725j)
(4.8508550551258685-0.45129468834982855j)
(4.883253119393023-0.5270974907591094j)
(4.903852091895848-0.6037723825102473j)
(4.912957568998221-0.6797851809540827j)
(4.911046037832457-0.7537198957037194j)
(4.89873748145535-0.824287334102584j)
(4.876771075708262-0.8903296181013084j)
(4.845983967801378-0.9508219069233336j)
(4.807292888748273-1.0048723560586665j)
(4.7616782133972615-1.0517210926890062j)
(4.710170015597407-1.0907387660781005j)
(4.653835648826059-1.1214250443666578j)
(4.593768396268999-1.1434072759796834j)
(4.531076765690614-1.1564394103208093j)
(4.466874044652204-1.1604011727269248j)
(4.40226777563028-1.1552974064435144j)
(4.33834885630884-1.1412574236509392j)
(4.276180018235947-1.1185341432164386j)
(4.2167834896452305-1.0875027310927265j)
(4.161127709688686-1.0486583981122217j)
(4.110113036952394-1.0026129495290608j)
(4.064556490960906-0.9500896239829651j)
(4.0251756873427285-0.8919157129254044j)
(3.9925722800383703-0.8290124252899613j)
(3.967215408780877-0.7623814710333626j)
(3.949425862565485-0.6930878998984562j)
(3.9393618962461354-0.6222388692710157j)
(3.9370078518523033-0.5509582461160726j)
(3.9421668996765873-0.4803572824301093j)
(3.954459277763187-0.41150203375739086j)
(3.9733273222032133-0.3453786840431352j)
(3.9980483068815795-0.28285843943564615j)
