(84.89265267196089+0j)
(75.2911630449133-27.099645043049332j)
(55.96815683801024-40.69836277949156j)
(38.71085317994406-43.00461124878077j)
(26.50346127989485-40.32035986551918j)
(18.36789321247227-36.19456089723488j)
(12.934425598252593-32.0006406201883j)
(9.226487993940891-28.16547305706277j)
(6.6317399152122904-24.770753745329337j)
(4.774356236837236-21.785421713381456j)
(3.420974786198531-19.1490069301391j)
(2.423517201997735-16.799863026248158j)
(1.6858597199877126-14.68354232030656j)
(1.144387146637133-12.754206103122376j)
(0.7564751174362946-10.973772325066019j)
(0.4935492753008099-9.31049517548855j)
(0.33685341878932135-7.737556645631322j)
(0.2748802554860296-6.2318384688508j)
(0.30187789830788675-4.772896447924391j)
(0.4171117502192214-3.342114580154862j)
(0.6247279098601435-1.922012814464888j)
(0.9341815908639808-0.4957016542008961j)
(1.36129718922667+0.9535094681653887j)
(1.9301922253322366+2.442198572553723j)
(2.6763113506168676+3.986429741208895j)
(3.6512734883757463+5.60029296883867j)
(4.9303253408929875+7.292177268725717j)
(6.6236018250910265+9.05618109760613j)
(8.892145944163937+10.852941862766386j)
(11.966879721617737+12.567651303284027j)
(16.15623800865084+13.921095325036475j)
(21.78451243812036+14.298344457961448j)
(28.887554614086948+12.508714958404111j)
(36.37526718535478+6.833626977285689j)
(41.06716041876799-3.518026665027566j)
(39.38059242288349-15.672232752063538j)
(31.957403880195894-24.460497526341054j)
(23.02095677130359-27.962946852757494j)
(15.500250775127363-27.777147817817724j)
(10.014313254995027-25.88994357591953j)
(6.2021625200192725-23.467017267423323j)
(3.5724967481544048-21.024606092359047j)
(1.7424434151203148-18.75117436800533j)
(0.45159079987121326-16.694901941132933j)
(-0.4705754129649987-14.849783538241006j)
(-1.135369636103508-13.1917838326954j)
(-1.6162330405072973-11.693211126010068j)
(-1.9623630244048418-10.328000084495805j)
(-2.207230201359692-9.073299367237297j)
(-2.373903214483033-7.9096169430749725j)
(-2.4784090685556786-6.820453836843707j)
(-2.5318778451728847-5.791802740699925j)
(-2.5419229934728484-4.811655617450416j)
(-2.513529121556934-3.8695679695974277j)
(-2.4496114264756144-2.956288726681892j)
(-2.3513450884636637-2.0634506218599102j)
(-2.218321803471291-1.1833126678202421j)
(-2.0485639855398308-0.3085505400726046j)
(-1.8383974262043687+0.5678950662915621j)
(-1.5821377247512565+1.4529255703276953j)
(-1.2716219268346873+2.3533723226179255j)
(-0.8955419696669683+3.2759063344683135j)
(-0.4383931797425614+4.2267260160433695j)
(0.12102110873802958+5.210894018763078j)
(0.8116671681143712+6.2309624360311675j)
(1.6730872736926576+7.2842706203177885j)
(2.7589087219486466+8.357785060682154j)
(4.140412241433408+9.418462625178451j)
(5.907683406016887+10.395846673470242j)
(8.16112975303932+11.152745443629287j)
(10.975905336858998+11.443411639429288j)
(14.30733689054715+10.879326264371137j)
(17.814479603668556+8.981579109728576j)
(20.700508254444447+5.4649053007189075j)
(21.919222514859683+0.7294352446213087j)
(20.935801384140053-4.031451601810545j)
(18.250681672211687-7.605152949677361j)
(14.907490495446226-9.558550668091533j)
(11.720322764233263-10.16032064766797j)
(9.045670578533345-9.889042698270753j)
(6.936126824076741-9.138328368831091j)
(5.3193841921682745-8.15854031946114j)
(4.095757927920359-7.089718745994177j)
(3.1753413212820556-6.003710865445354j)
(2.4871343395309027-4.934001271756674j)
(1.9781207216051166-3.8934806497568353j)
(1.609783125378869-2.884296131275895j)
(1.3546474989267294-1.903125791432367j)
(1.1935459510653428-0.9439387345766862j)
(1.113660441223698+0.0005929797829889362j)
(1.1071737962900345+0.9383469675800294j)
(1.1704141345387453+1.8775181966501269j)
(1.3035466336170274+2.826426840826652j)
(1.5104750474504822+3.793408333132618j)
(1.7991456170227986+4.786703365949389j)
(2.1822175076872368+5.814188567249741j)
(2.678151706649778+6.882814224318514j)
(3.3127970175023465+7.997501337569533j)
(4.121536546666327+9.15907178358526j)
(5.151947743486288+10.360482260531136j)
(6.466570307648542+11.580153998576087j)
(8.145359440634348+12.768938086210536j)
(10.278943874552812+13.836495048610452j)
(12.956746036999903+14.619321243631449j)
(16.22134973240645+14.853952165031508j)
(19.980296480088526+14.170495018044013j)
(23.879959062298614+12.169820662290979j)
(27.23640486837778+8.650213553288461j)
(29.215382983508935+3.9109706599955403j)
(29.301348453739426-1.1940457953724941j)
(27.652991982102026-5.677619583281024j)
(24.93728234089761-8.946645772247283j)
(21.871782680388833-10.934021520702935j)
(18.93866135627633-11.883700182020853j)
(16.362742178874772-12.110656181122115j)
(14.20136548025091-11.879819531167735j)
(12.43060125344869-11.378522049048717j)
(10.997561021875292-10.7279397392024j)
(9.84561682591845-10.002464339357395j)
(8.924374725048946-9.246069982451914j)
(8.192451492158456-8.483773012854506j)
(7.617307594633832-7.729052382349887j)
(7.174111761569698-6.988493960815465j)
(6.844467067816246-6.264669789450528j)
(6.615304647618971-5.557943592226j)
(6.4780281589985735-4.867650595023015j)
(6.427903802056494-4.192942248034001j)
(6.463657098592361-3.5334942983030526j)
(6.587220212606721-2.8902291926377313j)
(6.803551040412683-2.266185310197375j)
(7.120401142129218-1.667662377279158j)
(7.547826079482772-1.1057660734003152j)
(8.097089814647994-0.5984299236054801j)
(8.778406692191828-0.17283814394635436j)
(9.596736460327588+0.1322170550969254j)
(10.544800702568715+0.26530209916706804j)
(11.593132570146446+0.16513105105849146j)
(12.67914263625713-0.2291934863144887j)
(13.701305896613272-0.9577387692705681j)
(14.528465557764811-2.0121970861668736j)
(15.031309678995468-3.315055632638415j)
(15.12779592716938-4.725269358289796j)
(14.816284995203231-6.0772898653314344j)
(14.172716116596462-7.233362056735053j)
(13.315297140652772-8.117385894438623j)
(12.362594336088218-8.716489478629267j)
(11.406921534824438-9.060911718645219j)
(10.507150101638128-9.200070229203584j)
(9.693685986200208-9.185374763364495j)
(8.977319064442538-9.061556070959682j)
(8.357189685257461-8.863981980257984j)
(7.8264662489007595-8.619031071902937j)
(7.3759025124330195-8.34563973105839j)
(6.995843664944235-8.057052686952716j)
(6.67723639805101-7.762361612411277j)
(6.412058782926078-7.46771671730466j)
(6.193437986608655-7.177229066854418j)
(6.0156135558566-6.893623440381779j)
(5.873833529282747-6.618704643066683j)
(5.7642289712456405-6.353690220437211j)
(5.683688939444589-6.099450310525757j)
(5.6297449136621145-5.856684676920128j)
(5.600466646485255-5.626058664647787j)
(5.59436746203197-5.408313703246059j)
(5.610314596997239-5.204363512358273j)
(5.647438298020596-5.0153837407630455j)
(5.705031508076248-4.842899765480742j)
(5.782429813241049-4.688874105619343j)
(5.878858877640912-4.555790536939898j)
(5.993234288168901-4.446725491298538j)
(6.123897725846673-4.365387471845403j)
(6.268276116608359-4.3160908986931155j)
(6.422461263199143-4.3036118931907374j)
(6.580733084798859-4.33285281827944j)
(6.73509779772373-4.408229057294062j)
(6.874987091903972-4.532705137079429j)
(6.987353960868192-4.7064788733159775j)
(7.057460673403337-4.925472465559544j)
(7.070597431581591-5.180033116987913j)
(7.014699471082663-5.45447687452282j)
(6.883342096737917-5.728121853301492j)
(6.678102621734403-5.978045280508072j)
(6.409189570896407-6.183007891447643j)
(6.093823712708477-6.32726484807j)
(5.752870323576577-6.402898874217572j)
(5.406991702694542-6.410009705038494j)
(5.073606025339827-6.355082423941468j)
(4.765317470922403-6.248478004884279j)
(4.489751114126103-6.10199379895959j)
(4.250301537441563-5.927053969081459j)
(4.047250836441526-5.733663396318099j)
(3.878869478329563-5.529993826603765j)
(3.742308884359792-5.322384041999114j)
(3.634237901090924-5.115557179322077j)
(3.5512511118827534-4.912918052307734j)
(3.4901033746339074-4.7168512025591225j)
(3.4478247898013237-4.528982146270116j)
(3.4217596805365638-4.3503895072555165j)
(3.4095608045959063-4.181768794938969j)
(3.4091595138986452-4.023554132953185j)
(3.4187248235879073-3.876005713492158j)
(3.436619088520374-3.7392703021959943j)
(3.4613546124810566-3.613420943487099j)
(3.4915534531968753-3.4984806991645407j)
(3.525911497224014-3.3944340319975868j)
(3.5631672832651313-3.3012284036796333j)
(3.6020758806872206-3.218767837697286j)
(3.641388249560354-3.146899653518018j)
(3.6798367745973835-3.085395344886005j)
(3.716127928264056-3.033926632475162j)
(3.7489431682406154-2.9920379930668717j)
(3.7769491649457283-2.959117364316174j)
(3.7988182762585385-2.9343671856216145j)
(3.8132598203408747-2.916778427130588j)
(3.8190620994451914-2.905110732893948j)
(3.815144252920918-2.8978821656202616j)
(3.80061586493883-2.8933721441138887j)
(3.7748409008853265-2.889640843605908j)
(3.7375011711105377-2.8845674432939408j)
(3.6886533818126863-2.8759080945542377j)
(3.628773234725614-2.8613724169803536j)
(3.558780259920523-2.838714934475281j)
(3.480038278721741-2.805835513201493j)
(3.394328575290977-2.760881015095865j)
(3.3037957530222304-2.702339470298549j)
(3.210869405293885-2.6291183865128875j)
(3.11816756780085-2.5406003908254715j)
(3.0283899033025663-2.4366719932236602j)
(2.9442093396035425-2.3177243916264922j)
(2.86817035157766-2.184628318594284j)
(2.802600445026002-2.038687419547391j)
(2.749539070891918-1.8815761873237598j)
(2.7106856647542963-1.7152689351337527j)
(2.6873662175220594-1.5419657741836037j)
(2.680516055872098-1.364020333550349j)
(2.690675502429823-1.183872339744132j)
(2.7179948191981365-1.0039864726611458j)
(2.7622452419463523-0.8267974092494551j)
(2.8228338270529956-0.6546598955187055j)
(2.8988209865698105-0.489802207491856j)
(2.988940660665869-0.3342814499251169j)
(3.091623858765163-0.1899395900889776j)
(3.2050267962089887-0.05835970674022636j)
(3.327065173551099+0.0591774160874978j)
(3.4554563133794423+0.16173543445689856j)
(3.5877707537468084+0.24876144819570062j)
(3.7214943114715786+0.32011895790894196j)
(3.8541004917951405+0.37611106867843097j)
(3.983131564867038+0.4174899728203546j)
(4.106284970861676+0.4454492130321744j)
(4.221500318073779+0.461596405105951j)
(4.327041384436525+0.46790579736743587j)
(4.421567379562439+0.4666519946506426j)
(4.504188314662756+0.4603280896482498j)
(4.574500600471608+0.4515530412706914j)
(4.632600781992176+0.44297417190965616j)
(4.679077363989648+0.4371709592220733j)
(4.714982673206693+0.43656583271787724j)
(4.741788346855877+0.443346546639314j)
(4.761329112788027+0.45940309582640426j)
(4.775739930508328+0.48628033787022157j)
(4.7873913104934696+0.5251457494312055j)
(4.798826835785611+0.5767702920103456j)
(4.812705743957097+0.6415193270094753j)
(4.8317520694164715+0.7193499514498951j)
(4.858710450780094+0.809811006167477j)
(4.89630738528016+0.9120422797280454j)
(4.947215522320779+1.0247700266341182j)
(5.014017552889678+1.146296787790765j)
(5.0991653739112195+1.2744846301969814j)
(5.204929499215938+1.4067323401796894j)
(5.333333204932271+1.5399488781764312j)
(5.486065765402398+1.670527621789197j)
(5.664369593766801+1.7943286584350122j)
(5.868897520665153+1.9066796265601775j)
(6.099539329382091+2.0024091480825073j)
(6.355221596381997+2.0759302292155266j)
(6.633692363188239+2.1213931522729297j)
(6.931312312864248+2.1329267940311425j)
(7.2428862321027365+2.1049819416850126j)
(7.561580509279109+2.032777881543319j)
(7.878980331564421+1.9128329542057632j)
(8.185338525344198+1.7435318183385966j)
(8.470050791740531+1.5256516559560862j)
(8.72235624689722+1.262745873532985j)
(8.932210865820748+0.9612792261519572j)
(9.091226454525497+0.6304329471360265j)
(9.193527799776396+0.28155416026063845j)
(9.236374332493654-0.07270066045988458j)
(9.220429037103017-0.41940590056781707j)
(9.149629022642266-0.7464243623105734j)
(9.030696542931748-1.0433163730438355j)
(8.872398499451842-1.301978248712058j)
(8.684696448159677-1.516956775981928j)
(8.477923350401392-1.6854559512894787j)
(8.262087915954671-1.8071026391014995j)
(8.046359648689846-1.8835605722594524j)
(7.838743474437391-1.9180798409286737j)
(7.645921487497575-1.915050722782527j)
(7.473223201870712-1.8796063924856117j)
(7.324682199197146-1.8172961934672294j)
(7.203141734083921-1.733833672364212j)
(7.110380373526126-1.6349124128803192j)
(7.047237987814777-1.5260770391691685j)
(7.013730597206678-1.4126350807647143j)
(7.009148988753028-1.2995961993190568j)
(7.032140583745186-1.1916273928956036j)
(7.080777008316774-1.0930154261058769j)
(7.15261154128292-1.007630422415632j)
(7.244731401367634-0.938887065320009j)
(7.353809935219479-0.8897020881525947j)
(7.476163347897407-0.8624486502576945j)
(7.607815793102866-0.8589097788022853j)
(7.744575496446031-0.8802342737893091j)
(7.8821232018075555-0.9268992932194574j)
(8.016112699509922-0.9986842220560052j)
(8.142281616281775-1.0946603679522589j)
(8.256569106798166-1.2132005283379965j)
(8.355235624964427-1.3520115238565347j)
(8.434978638068737-1.508191227195307j)
(8.493037456437673-1.6783091364799558j)
(8.527281493004804-1.8585065974508312j)
(8.536279499094713-2.044611820812821j)
(8.519348852444756-2.2322674563542515j)
(8.476580614976886-2.417069495751276j)
(8.408834364845278-2.59471102502754j)
(8.317702404204358-2.7611202713273193j)
(8.205448577606992-2.912585466077586j)
(8.074927082173483-3.045863415886567j)
(7.9294850682925-3.1582698954969985j)
(7.772852589515586-3.2477498904241866j)
(7.609023948450545-3.3129261543957105j)
(7.4421347282411-3.353125459822726j)
(7.276338642300303-3.3683828365551736j)
(7.115687956754263-3.359424814826244j)
(6.964020794056334-3.327633212738953j)
(6.824858184583494-3.274991394215643j)
(6.701313314665262-3.204015225053621j)
(6.596015015768776-3.117671210422993j)
(6.511047129522965-3.019284524989514j)
(6.447904944071309-2.9124398463195904j)
(6.407469412361725-2.800878057304902j)
(6.389999328169479-2.688391967976488j)
(6.395141062159691-2.5787241924290982j)
(6.421954874568737-2.4754701787557254j)
(6.468956261088804-2.3819891167715106j)
(6.534170297363314-2.3013250438153956j)
(6.615196565906197-2.2361399539106124j)
(6.709282008881863-2.1886601253637497j)
(6.813398968730347-2.1606362614603976j)
(6.924325757415847-2.1533174369292767j)
(7.038727318902323-2.167438305387059j)
(7.153233888712232-2.2032185873693457j)
(7.264515970101285-2.2603735480364193j)
(7.369354398672836-2.3381339947400086j)
(7.464704726645873-2.435274271859908j)
(7.547755611034259-2.5501468038143296j)
(7.615981319186967-2.680721969057326j)
(7.667188785103924-2.824632536380816j)
(7.699559655537718-2.979222531881955j)
(7.711687270112647-3.141600937222097j)
(7.7026077306800715-3.3087005810733108j)
(7.671823795570563-3.477341928179192j)
(7.619320638018864-3.644300893323485j)
(7.545572937682796-3.8063799151460396j)
(7.451542564088635-3.9604819065866894j)
(7.338665415905845-4.103686524912714j)
(7.208825550798731-4.2333273250999355j)
(7.064314976305948-4.347067262461072j)
(6.9077782554393385-4.442969136344311j)
(6.742142165161668-4.5195570657965j)
(6.57053187528368-4.575864974216741j)
(6.396176388747883-4.611468350444319j)
(6.222307181838772-4.6264962736767785j)
(6.0520549501383405-4.621621826015997j)
(5.888349943274196-4.598030486569676j)
(5.7338314350831645-4.557367751060974j)
(5.590771372538278-4.5016688484085225j)
(5.4610162117641465-4.433274816743164j)
(5.345949503779954-4.35474017143226j)
(5.246476121666983-4.26873782723804j)
(5.163027339284678-4.177966791331216j)
(5.095584483734412-4.085067476060515j)
(5.043717749249333-3.992548413584949j)
(5.006636072547695-3.90272685508485j)
(4.983243749632928-3.8176843825072364j)
(4.972199676706798-3.739237409833951j)
(4.971975629622237-3.6689214235294183j)
(4.980910736444979-3.607987076870181j)
(4.9972601214161205-3.5574058255646963j)
(5.019236498186555-3.517882640919774j)
(5.045044191002822-3.4898733981871177j)
(5.072905630177395-3.473604736157411j)
(5.101080804409694-3.4690944526208516j)
(5.127880481177631-3.4761707941926954j)
(5.151674256270669-3.4944892977225765j)
(5.170894686183403-3.523546139968671j)
(5.184038904573308-3.5626872539057812j)
(5.1896692337027925-3.6111127749266583j)
(5.186414381862274-3.667876690075171j)
(5.1729728774145505-3.7318818862470997j)
(5.14812043418401-3.8018711469500013j)
(5.110722963871245-3.8764150586890618j)
(5.059756921672882-3.953898287257848j)
(4.994338539633655-4.032506294151818j)
(4.913763191278212-4.110215287211794j)
(4.8175555417497264-4.184789005033684j)
(4.705530160392641-4.253786735035898j)
(4.577860810561858-4.314587600813483j)
(4.4351546401035415-4.364436381119672j)
(4.278525041209657-4.40051561826208j)
(4.109654273914989-4.420047180652334j)
(3.9308345319849165-4.420423464843021j)
(3.744974694968222-4.399363967779446j)
(3.5555604315044933-4.355087330923007j)
(3.3665584036149587-4.2864829902737505j)
(3.1822614619756835-4.1932616388894655j)
(3.007080521056295-4.076061510272918j)
(2.8452988513457953-3.9364895189134534j)
(2.7008135343504835-3.7770831984283353j)
(2.576894209060747-3.6011904292299204j)
(2.475989018081549-3.412776955342758j)
(2.399601318846419-3.2161835438118356j)
(2.3482495576101803-3.0158623381527683j)
(2.3215094471809397-2.8161236696137033j)
(2.318125459315937-2.6209202493582513j)
(2.336170269535747-2.4336868362957564j)
(2.373227528124406-2.257242678322517j)
(2.426575088386244-2.0937539194863044j)
(2.4933512696406974-1.9447458773779642j)
(2.5706937180243314-1.811151663647389j)
(2.655846754619474-1.6933836668319378j)
(2.7462374873098265-1.5914164581399735j)
(2.8395234590068297-1.5048721667905731j)
(2.933615986242733-1.4331015800538365j)
(3.0266841822046424-1.3752562118558664j)
(3.117145024523247-1.3303485367341106j)
(3.203644611484689-1.2972994173163366j)
(3.285035007520942-1.2749732114462635j)
(3.36035005853404-1.2622019647659084j)
(3.428782540059017-1.2578004998208794j)
(3.4896641678500018-1.2605742550632386j)
(3.5424494082974265-1.269321581600593j)
(3.5867036490008894-1.2828320060936713j)
(3.6220960689556496-1.2998817931994706j)
(3.6483974232481016-1.3192280264128242j)
(3.6654828790925733-1.339602383951613j)
(3.6733399680293393-1.3597058167487641j)
(3.672081617413369-1.3782054326628428j)
(3.661964057782234-1.393735042333765j)
(3.6434091347855166-1.404901005582867j)
(3.6170301483438365-1.4102951957908287j)
(3.5836597656150535-1.4085170151866573j)
(3.5443777909224856-1.3982063622114564j)
(3.5005356383719253-1.3780891611091626j)
(3.4537733069827454-1.347036380259471j)
(3.406023646028908-1.3041362546895123j)
(3.3594979588257314-1.2487775927761446j)
(3.3166468637046065-1.1807395893905006j)
(3.2800912120101944-1.10028066452673j)
(3.2525201285447136-1.0082159185055934j)
(3.2365570872054756-0.9059705289212527j)
(3.234600199169961-0.7955956893245448j)
(3.2486488926539403-0.6797353701803871j)
(3.280134680185346-0.5615367963892376j)
(3.329777169570773-0.44450491893034866j)
(3.3974863895692717-0.33231022652459824j)
(3.482328051541429-0.22856806001041668j)
(3.5825599191420117-0.13661384273391836j)
(3.695736694706278-0.05930042898763959j)
(3.8188703168191704+0.001159596627130423j)
(3.9486248532892723+0.043291527192146025j)
(4.081521915385034+0.06639086767966199j)
(4.214133975896658+0.07049495603975067j)
(4.343248124034132+0.05630587800016297j)
(4.465989868140319+0.025080722269960047j)
(4.579903768117385-0.021494181577276113j)
(4.682993564261206-0.08143048499811036j)
(4.773728369083782-0.15255558225420182j)
(4.851023334735011-0.23261408820904156j)
(4.914203358407585-0.3193499427115358j)
(4.962957393311465-0.41056895912951913j)
(4.997289351682503-0.5041835682882005j)
(5.017469867291854-0.5982425505988065j)
(5.02399162050389-0.6909488995047303j)
(5.0175296635832405-0.7806688489261137j)
(4.998907252406153-0.8659347284508025j)
(4.969067062884515-0.9454438326505764j)
(4.929047287833408-1.018055002070791j)
(4.879961909248469-1.0827841674837375j)
(4.822984365311649-1.1387997304624586j)
(4.759333835344074-1.1854183480209024j)
(4.690263415284012-1.2221014520727438j)
(4.617049527125575-1.2484526555138438j)
(4.540981982390804-1.2642160634948993j)
(4.463354192828976-1.2692754084359124j)
(4.3854530867834-1.2636538489274147j)
(4.308548346462841-1.2475142056557207j)
(4.233880632154345-1.2211593433454233j)
(4.162648509176893-1.1850323398186522j)
(4.095993849259267-1.1397160072344958j)
(4.034985549144149-1.0859312447108331j)
(3.9806015063852436-1.024533607606749j)
(3.933708927538861-0.95650738306781j)
(3.8950432295093207-0.8829563764384009j)
(3.865186040984571-0.8050905593235003j)
(3.844543121884789-0.7242077377126876j)
(3.83332338579861-0.641669507512004j)
(3.831520603070879-0.5588710196211233j)
(3.838899721222457-0.47720451451120577j)
(3.8549899770234806-0.39801721787717714j)
(3.8790869888894353-0.32256497896392616j)
(3.9102657211055343-0.2519638903448676j)
