(42.08520999860438+0j)
(41.51796576860764-4.658272920011274j)
(40.02116638780585-8.894691305768829j)
(37.84752144121628-12.556134301419462j)
(35.208434965890206-15.563162286215798j)
(32.30541657790448-17.8949139344005j)
(29.31430992013047-19.58616661816865j)
(26.37139697647925-20.709881807483818j)
(23.570361380785286-21.35722618487274j)
(20.967202685917076-21.621769904711886j)
(18.58866705350296-21.5896303705416j)
(16.44098031390376-21.33474878096j)
(14.517250121257607-20.91767256117281j)
(12.803043362324619-20.386332117554268j)
(11.28025290321098-19.77772787801155j)
(9.929599448403174-19.119867449448243j)
(8.732142356819283-18.43360603762239j)
(7.6701162611167515-17.734240841327885j)
(6.727332288295965-17.032820519078612j)
(5.889311508054027-16.337185173504206j)
(5.143262595456873-15.652774301487366j)
(4.47797565332846-14.983245208481428j)
(3.883676792020401-14.330941530449795j)
(3.351870065207733-13.697245656366169j)
(2.875181857097212-13.082842448015619j)
(2.4472156574946884-12.48791580052622j)
(2.062420828712807-11.912294657945894j)
(1.715976434582834-11.355561136305726j)
(1.403689790169215-10.817130310734058j)
(1.1219086648262968-10.29630884751486j)
(0.8674457539476148-9.792337859639881j)
(0.6375139532815256-9.304424007502035j)
(0.4296710174042618-8.831761849316472j)
(0.24177229659544044-8.37354968556661j)
(0.07193038601371471-7.929000574119727j)
(-0.0815193339356889-7.497349769253346j)
(-0.2200481484895712-7.077859521353258j)
(-0.3449592064717634-6.669821937944452j)
(-0.4574091087141125-6.272560429868965j)
(-0.5584264324729008-5.885430134139396j)
(-0.648927653163194-5.507817605766353j)
(-0.7297308529436325-5.139139996314732j)
(-0.8015675448238273-4.778843881066039j)
(-0.8650928895963458-4.426403854494584j)
(-0.9208945396357262-4.081320982132768j)
(-0.9695003072069573-3.743121173037796j)
(-1.0113848243918044-3.411353519160516j)
(-1.0469753360214764-3.0855886344044245j)
(-1.076656745430559-2.7654170160315568j)
(-1.1007760146647796-2.450447443479857j)
(-1.1196460054791346-2.1403054239710606j)
(-1.1335488345205893-1.8346316900287383j)
(-1.1427388051895218-1.533080750903074j)
(-1.1474449693968376-1.235319497530253j)
(-1.1478733645734964-0.941025858955578j)
(-1.144208964592038-0.6498875068731246j)
(-1.1366173775075537-0.3616006039962136j)
(-1.125246318123584-0.07586859129749068j)
(-1.1102268791152847+0.20759899137441268j)
(-1.0916746207714398+0.48908765718011615j)
(-1.0696904961766307+0.7688791028904559j)
(-1.044361625816571+1.0472523246982575j)
(-1.0157619330563983+1.324484725999497j)
(-0.983952649644593+1.6008532241955014j)
(-0.9489826983138058+1.8766353638664388j)
(-0.9108889575916657+2.152110444021072j)
(-0.8696964120828882+2.4275606675437302j)
(-0.8254181896923009+2.7032723214446905j)
(-0.7780554854672613+2.979536997100301j)
(-0.727597369935214+3.2566528603449836j)
(-0.6740204779123871+3.5349259820965293j)
(-0.6172885717684977+3.8146717411226825j)
(-0.5573519709439712+4.096216311678134j)
(-0.494146837112448+4.379898250023591j)
(-0.4275943016766679+4.666070195342569j)
(-0.35759941920142635+4.955100702317146j)
(-0.2840499268329622+5.247376224650532j)
(-0.2068147856252733+5.54330327116008j)
(-0.12574247482803805+5.843310758790275j)
(-0.040659004452306746+6.147852590022872j)
(0.0486343954085502+6.4574104857880945j)
(0.142363958216694+6.772497109177188j)
(0.24078649715021644+7.093659520072117j)
(0.3441930252750587+7.421483006394199j)
(0.45291296569743944+7.756595344073787j)
(0.5673190553498696+8.099671545218051j)
(0.6878330677413592+8.451439162397447j)
(0.8149325066994532+8.812684226617106j)
(0.9491584561534229+9.184257907504778j)
(1.0911248120447186+9.567083996617518j)
(1.2415291736612197+9.962167328600064j)
(1.4011657359231497+10.370603270168672j)
(1.5709406050696144+10.79358842335876j)
(1.7518900626567615+11.232432706695294j)
(1.9452024331602287+11.688572995075072j)
(2.1522443772249455+12.16358851462824j)
(2.3745926469975545+12.659218200086542j)
(2.6140726170780026+13.177380224933417j)
(2.8728052647191524+13.720193901949118j)
(3.1532647433886654+14.290004112625848j)
(3.458349311869437+14.889408340653322j)
(3.792171585808171+15.520884702587725j)
(4.15783083873064+16.188136300792504j)
(4.560333903683911+16.894581420525014j)
(5.005432844599709+17.644118180904762j)
(5.500016053263554+18.441059977885615j)
(6.052398485823181+19.29015117462695j)
(6.67268362018966+20.196570633720984j)
(7.373228278255311+21.16590634289951j)
(8.169245112137109+22.20407826635942j)
(9.079587815352491+23.317172797681774j)
(10.127778001187357+24.511129045063985j)
(11.34334947211801+25.79117894534633j)
(12.76360312815766+27.160880039507642j)
(14.43587739950079+28.620475382938004j)
(16.420427498338388+30.1641433944116j)
(18.79393027232519+31.775421830820996j)
(21.653394888286808+33.41965168863031j)
(25.119655585299963+35.03164236211222j)
(29.338224457956315+36.49595522257668j)
(34.47229488979199+37.61665819008525j)
(40.676933200342894+38.07467140394957j)
(48.03437108728613+37.378228173957936j)
(56.42226141434389+34.83454967684414j)
(65.30144358056788+29.6180542096693j)
(73.49817185729107+21.060186324889788j)
(79.24403618195561+9.21337188716223j)
(80.80983051846111-4.628226568925604j)
(77.55630950658426-18.149621480606285j)
(70.43059733949688-29.14699572368936j)
(61.31460555791919-36.57575107494013j)
(51.958527964132635-40.62005443972463j)
(43.430148959427804-42.09276856619586j)
(36.15281438526908-41.87651827714107j)
(30.15792761743426-40.66879491747041j)
(25.302000062747624-38.94317280395101j)
(21.39210481926126-36.994251633598346j)
(18.242952447826784-34.99456979951198j)
(15.696775436449428-33.03974497817273j)
(13.626372932928806-31.179051398660114j)
(11.931796919901185-29.434680287738143j)
(10.535378603917275-27.81342715520223j)
(9.376943021765317-26.313636207558268j)
(8.409793651659697-24.929268488426747j)
(7.59753848856326-23.65225340018804j)
(6.9116520982846055-22.47382413617524j)
(6.329627846910453-21.38525484471248j)
(5.833584438490311-20.3782474817252j)
(5.409215240735678-19.44511529814163j)
(5.044993912652161-18.57885002176534j)
(4.731571119513112-17.773124260777536j)
(4.461313834953305-17.022259523218775j)
(4.227951372825572-16.32117764566068j)
(4.026301671072047-15.665345897926652j)
(3.8520582435174866-15.050721536255116j)
(3.7016232640944664-14.473698902186667j)
(3.571975945335568-13.931060584437247j)
(3.460568086777129-13.419933241527668j)
(3.3652406681395206-12.937748161431378j)
(3.2841568417185725-12.4822063520639j)
(3.2157477790537063-12.051247816256952j)
(3.158668650189857-11.643024608131538j)
(3.111762633120397-11.255877258662567j)
(3.07403131949882-10.888314175093031j)
(3.044610239185118-10.53899364862448j)
(3.022748498970311-10.206708139874618j)
(3.007791740726401-9.890370547441512j)
(2.9991677866485196-9.589002199177292j)
(2.996374465636601-9.301722337145078j)
(2.9989692137459065-9.027738895226843j)
(3.006560119471099-8.76634039283314j)
(3.0187981462785127-8.516888789243339j)
(3.0353703139908164-8.278813161049305j)
(3.0559936602171893-8.051604080238453j)
(3.0804098352232017-7.834808582982691j)
(3.10838021018704-7.62802562951386j)
(3.139681401065097-7.4309019638611815j)
(3.174101129376571-7.243128289051736j)
(3.2114343580065317-7.064435678928533j)
(3.2514796553151952-6.89459215235864j)
(3.2940357549989994-6.73339933964213j)
(3.338898292725066-6.580689174756857j)
(3.385856713861566-6.4363205510905885j)
(3.434691359871625-6.300175882962046j)
(3.4851707541910564-6.172157520963425j)
(3.5370491216014113-6.052183976464062j)
(3.590064188019664-5.9401859199543345j)
(3.6439353198386413-5.836101929720262j)
(3.6983620728938624-5.739873981974488j)
(3.753023230023922-5.651442691232684j)
(3.807576412095763-5.570742330431881j)
(3.861658349225183-5.497695683760966j)
(3.9148858956074113-5.432208810792977j)
(3.9668578618095864-5.374165827265043j)
(4.017157721668536-5.323423834265079j)
(4.0653572265123215-5.279808151795512j)
(4.111020927242075-5.243108032444867j)
(4.153711565481372-5.213073043758553j)
(4.192996249961865-5.189410311412154j)
(4.228453285863572-5.171782807256734j)
(4.259679476086283-5.1598088451415585j)
(4.286297668220814-5.153062912438732j)
(4.307964283475229-5.151077916915701j)
(4.324376538180177-5.15334886892137j)
(4.335279058366235-5.159337951059695j)
(4.340469595898208-5.168480856158666j)
(4.339803581897566-5.1801942048131j)
(4.3331972990269465-5.193883791830438j)
(4.3206295161376165-5.208953361994853j)
(4.302141502536812-5.2248135841598575j)
(4.277835419178435-5.240890881746112j)
(4.247871164152992-5.256635788271967j)
(4.212461823701825-5.271530527570292j)
(4.171867942066349-5.285095566878557j)
(4.126390869580844-5.2968949525947036j)
(4.07636547601051-5.306540307715043j)
(4.022152524575825-5.313693441133144j)
(3.964130992510937-5.3180675866898985j)
(3.9026905989531824-5.319427349643782j)
(3.838224764057966-5.3175874868043715j)
(3.771124178572608-5.3124106820728j)
(3.7017711148302674-5.303804501032936j)
(3.6305345619768854-5.291717717214282j)
(3.5577662233202867-5.2761362002578025j)
(3.4837973742438186-5.257078544620417j)
(3.40893654657496-5.234591599064814j)
(3.33346798025139-5.208746034421152j)
(3.257650765529693-5.1796320621877445j)
(3.1817185882830654-5.147355391322122j)
(3.105879986230647-5.11203348652114j)
(3.0303190241637443-5.073792169435756j)
(2.9551963002502672-5.032762585249949j)
(2.8806502022269225-4.989078541188657j)
(2.80679834075545-4.942874210835229j)
(2.733739096607661-4.894282188488863j)
(2.661553227985722-4.843431870879065j)
(2.5903054936928345-4.790448139020485j)
(2.52004625668069-4.735450310440875j)
(2.4508130405000066-4.6785513310627005j)
(2.382632018237085-4.61985717629573j)
(2.315519419594558-4.559466432083615j)
(2.249482846883531-4.497470028464585j)
(2.184522494890085-4.433951100422666j)
(2.1206322729469362-4.368984953239982j)
(2.057800830171844-4.30263911206938j)
(1.9960124868305793-4.234973437925809j)
(1.9352480762384052-4.166040294668243j)
(1.8754857026257308-4.095884753763271j)
(1.8167014210405874-4.024544825655396j)
(1.7588698457201797-3.9520517084060014j)
(1.7019646934980281-3.878430045895386j)
(1.6459592687771976-3.803698189319975j)
(1.5908268964389927-3.727868456966133j)
(1.5365413088078395-3.6509473883200654j)
(1.4830769924857188-3.5729359894943964j)
(1.4304095005284703-3.4938299677327556j)
(1.3785157350783437-3.413619953411383j)
(1.32737420520837-3.3322917085077584j)
(1.2769652643817972-3.249826320964424j)
(1.227271331594899-3.166200384755705j)
(1.1782770999563112-3.0813861657805286j)
(1.1299697361643186-2.995351753963273j)
(1.082339074079054-2.908061202162356j)
(1.0353778053464018-2.819474652664553j)
(0.9890816698181045-2.729548452199238j)
(0.943449648324955-2.6382352565373552j)
(0.8984841601961513-2.54548412586034j)
(0.8541912677782197-2.4512406121930934j)
(0.8105808900861136-2.355446840302049j)
(0.7676670276191679-2.2580415835643537j)
(0.7254680002905585-2.158960336425104j)
(0.6840067003499289-2.058135385177845j)
(0.6433108621223936-1.9554958789310146j)
(0.603413350340832-1.8509679027678334j)
(0.564352468809771-1.7444745552658802j)
(0.5261722911056804-1.6359360327230794j)
(0.4889230149861474-1.5252697226408414j)
(0.4526613421486986-1.412390309243265j)
(0.41745088494191823-1.2972098940695374j)
(0.38336260158583796-1.1796381349682967j)
(0.3504752613996287-1.0595824071461162j)
(0.31887594145750053-0.9369479902872343j)
(0.2886605559924486-0.811638286167091j)
(0.2599344197357833-0.6835550716320217j)
(0.23281284620997222-0.5525987923162758j)
(0.20742178177425064-0.41866890301680515j)
(0.18389847594662415-0.28166426125004584j)
(0.16239218817987977-0.14148358117493237j)
(0.14306493083905777+0.0019740442151964938j)
(0.12609224759767182+0.1488085439535422j)
(0.11166402582131534+0.2991181834969058j)
(0.09998534071836308+0.4529987822523918j)
(0.09127732808512601+0.6105428228809553j)
(0.08577808132897223+0.7718384400369993j)
(0.08374356708624353+0.9369682751779743j)
(0.08544855212969991+1.1060081830382444j)
(0.091187532341735+1.2790257743229747j)
(0.1012756522747362+1.4560787781723108j)
(0.11604960118296148+1.6372132070158707j)
(0.13586846834186053+1.8224613056240326j)
(0.16111453692166328+2.0118392655388373j)
(0.19219399160077702+2.2053446857079066j)
(0.2295375104419165+2.40295376014823j)
(0.27360070626569766+2.604618173964068j)
(0.32486437680513863+2.8102616901680277j)
(0.383834516290102+3.019776411701957j)
(0.4510420337907741+3.2330187060220026j)
(0.5270421156748998+3.449804783855155j)
(0.6124131609742722+3.6699059295344765j)
(0.7077552094420841+3.893043387999886j)
(0.8136877728109185+4.118882923465946j)
(0.9308469705268531+4.347029077294726j)
(1.0598818624448867+4.5770191681716605j)
(1.201449863170451+4.8083170966610975j)
(1.356211116637096+5.040307038990984j)
(1.5248217060195717+5.272287141777487j)
(1.7079255743098765+5.50346336052983j)
(1.906145036168958+5.732943620168798j)
(2.120069773561736+5.959732515151767j)
(2.3502442279552365+6.182726809480505j)
(2.597153332408355+6.400712041714357j)
(2.8612065696758964+6.612360585372263j)
(3.1427203993633284+6.816231558282081j)
(3.4418991697849393+7.010773012200808j)
(3.758814719523988+7.1943268621487375j)
(4.0933849798833615+7.365137028242715j)
(4.445352011276566+7.521361255459543j)
(4.81426004122082+7.661087042234501j)
(5.199434213904262+7.7823520405375355j)
(5.599960903717429+7.883169181995309j)
(6.014670577416155+7.96155663207211j)
(6.442124298810986+8.01557247499712j)
(6.8806050410109965+8.043353787329622j)
(7.3281149879622385+8.04315947377974j)
(7.7823799531988636+8.013415926800237j)
(8.240861905418045+7.952764249351413j)
(8.700780358229487+7.860107471900639j)
(9.15914305278948+7.734655928833678j)
(9.61278594379549+7.575968767426133j)
(10.058422009165485+7.383989475297489j)
(10.49269787051794+7.159073356339519j)
(10.912256674240954+6.902005078181409j)
(11.313805187488466+6.614004761277542j)
(11.694182658341564+6.296721569968691j)
(12.050428719675491+5.952214372036473j)
(12.379847517516655+5.582919712668867j)
(12.680065337184951+5.191608047253206j)
(12.94907928574173+4.781329835331508j)
(13.185295048321997+4.355353657417704j)
(13.387552331382121+3.917098928222184j)
(13.555137286079955+3.4700660104621734j)
(13.687781910603777+3.017766568344709j)
(13.785651101700061+2.563656844906691j)
(13.84931861024809+2.111076227150581j)
(13.879733613433082+1.663193016139551j)
(13.878179922853947+1.2229587932298236j)
(13.84622999674493+0.7930722179112475j)
(13.785695923901255+0.3759525531619729j)
(13.69857941772674-0.026277271385839462j)
(13.587022630002485-0.41179865282719635j)
(13.453261298102829-0.7790972676060242j)
(13.299581408670491-1.1269560937136178j)
(13.128280223973082-1.4544427245226275j)
(12.941632197557196-1.7608922235849844j)
(12.741860020270893-2.0458867281072575j)
(12.531110796687898-2.309232915563987j)
(12.311437160160864-2.5509383200422233j)
(12.084782992195903-2.771187337758586j)
(11.852973315184947-2.970317607646184j)
(11.617707871137762-3.1487973029371057j)
(11.3805578761291-3.3072037304598862j)
(11.142965443615187-3.446203510457532j)
(10.906245192769536-3.5665345035252045j)
(10.67158759443142-3.6689895634240264j)
(10.440063651961571-3.7544021244804533j)
(10.212630563058852-3.8236335786123576j)
(9.99013805817815-3.8775623578267138j)
(9.773335159241928-3.9170746111829033j)
(9.562877147261446-3.943056348563055j)
(9.359332568281166-3.9563869150914495j)
(9.16319014323803-3.9579336578662105j)
(8.974865478729619-3.948547649193739j)
(8.794707502442453-3.9290603364048238j)
(8.623004569372405-3.9002809964635206j)
(8.45999020337338-3.8629948830796526j)
(8.305848453433637-3.817961964208772j)
(8.16071885585841-3.765916158167255j)
(8.024701002675517-3.7075649867147153j)
(7.897858723495488-3.643589573121173j)
(7.780223893128317-3.5746449222603927j)
(7.671799880819976-3.501360428061669j)
(7.572564659319794-3.4243405611701974j)
(7.482473593372469-3.344165696392178j)
(7.4014619278619405-3.2613930454714484j)
(7.329446995892084-3.1765576659855603j)
(7.2663301667190465-3.0901735217191706j)
(7.211998552768752-3.0027345738242652j)
(7.16632649407748-2.9147158854680617j)
(7.129176837456073-2.826574725561392j)
(7.100402026560908-2.738751659606028j)
(7.07984501790281-2.651671617749534j)
(7.067340036669093-2.5657449318447063j)
(7.062713185106258-2.4813683347144533j)
(7.065782915126164-2.3989259159646177j)
(7.076360375768032-2.318790029601526j)
(7.094249645190443-2.241322149426013j)
(7.119247855975091-2.1668736687199637j)
(7.151145221714251-2.095786641137036j)
(7.189724972118434-2.0283944599758326j)
(7.234763203225501-1.9650224731666464j)
(7.286028648720748-1.9059885313615323j)
(7.34328237788124-1.8516034664854788j)
(7.406277425248375-1.802171498002356j)
(7.474758356800123-1.7579905639771733j)
(7.548460777150456-1.7193525737846775j)
(7.627110782142014-1.686543579030834j)
(7.7104243611280205-1.6598438589223703j)
(7.798106753261848-1.6395279159494611j)
(7.889851762235884-1.625864377340089j)
(7.98534103413775-1.6191157973093906j)
(8.084243303436415-1.6195383546709536j)
(8.186213612573528-1.6273814399078608j)
(8.290892511239141-1.642887125325634j)
(8.3979052421541-1.6662895114455718j)
(8.506860921090327-1.697813942353276j)
(8.617351719939-1.737676082317045j)
(8.728952062905746-1.7860808456525832j)
(8.841217847383259-1.8432211715630662j)
(8.953685702741547-1.9092766355609934j)
(9.06587230219241-1.984411889115356j)
(9.177273745044532-2.0687749194155454j)
(9.287365029065278-2.162495121654566j)
(9.395599635310347-2.2656811770695606j)
(9.501409250662975-2.3784187312138974j)
(9.604203656412912-2.5007678686491324j)
(9.703370814476846-2.632760382529827j)
(9.798277186252598-2.774396840506224j)
(9.888268322539126-2.925643452092916j)
(9.972669766336539-3.0864287472529153j)
(10.050788313532458-3.2566400815324603j)
(10.12191367930497-3.436119989746209j)
(10.18532062032672-3.624662418046256j)
(10.240271564267882-3.8220088732595072j)
(10.286019798378797-4.027844538673697j)
(10.321813267730171-4.241794416958276j)
(10.346899030612313-4.463419573517016j)
(10.360528413226195-4.692213567102167j)
(10.361962897692848-4.92759916866723j)
(10.350480766135894-5.168925483782043j)
(10.325384508732943-5.4154656079030214j)
(10.286008984871767-5.666414956659658j)
(10.231730303639576-5.920890424201061j)
(10.161975362788235-6.177930530496175j)
(10.07623195421389-6.436496722128719j)
(9.974059309342335-6.6954759893055895j)
(9.855098920423623-6.953684953208837j)
(9.719085434825661-7.209875561231236j)
(9.565857380593263-7.4627425019789015j)
(9.395367444860655-7.71093241642747j)
(9.20769199459146-7.953054935971905j)
(9.003039504282635-8.187695522569426j)
(8.781757540572134-8.413430021751848j)
(8.544337951938658-8.628840767791768j)
(8.291419925393216-8.832534004446547j)
(8.023790603179636-9.023158308017168j)
(7.742383002113336-9.199423626217598j)
(7.448271046250099-9.360120481329595j)
(7.142661608736302-9.504138834292103j)
(6.826883558138965-9.630486072504677j)
(6.502373914068338-9.738303572328565j)
(6.170661331018298-9.826881300546997j)
(5.833347241662199-9.895669958900195j)
(5.492085094483473-9.944290241932066j)
(5.148558208821619-9.97253886851386j)
(4.8044568371020056-9.980391157382972j)
(4.4614550643824336-9.968000041040549j)
(4.121188186341944-9.935691543337219j)
(3.7852311874739075-9.883956876365597j)
(3.4550788927234484-9.813441434184304j)
(3.1321282914042143-9.724931067411864j)
(2.81766343697802-9.61933610809774j)
(2.5128432164926418-9.497673674439794j)
(2.218692166159811-9.361048817773039j)
(1.9360943917877345-9.210635079714766j)
(1.6657905411349434-9.047655007184664j)
(1.4083776752932797-8.873361130554814j)
(1.1643118021927357-8.689017849888375j)
(0.9339127699809907-8.495884601209672j)
(0.7173711725850336-8.295200594320448j)
(0.5147568940156376-8.088171330891155j)
(0.3260289105527962-7.875957030898657j)
(0.15104597858346397-7.659663020623419j)
(-0.010422142304205129-7.440332069099875j)
(-0.158683249462307-7.218938603916908j)
(-0.2941113202343293-6.996384692473528j)
(-0.4171354348056136-6.773497641307442j)
(-0.5282291915995722-6.551029043402929j)
(-0.6279007646291334-6.32965509044668j)
(-0.7166837113628146-6.109977962544157j)
(-0.7951286025128099-5.892528110466215j)
(-0.8637955124643099-5.6777672535825685j)
(-0.9232473812294959-5.466091928811949j)
(-0.9740442358986573-5.257837440875923j)
(-1.016738241405299-5.053282080737101j)
(-1.0518695366812414-4.852651496383049j)
(-1.0799628024940637-4.656123117316649j)
(-1.101524500916863-4.463830550656551j)
(-1.1170407229422337-4.275867882213804j)
(-1.126975579691431-4.092293830025052j)
(-1.1317700734932985-3.913135710430882j)
(-1.1318413873692286-3.738393187829004j)
(-1.1275825347680202-3.568041788722602j)
(-1.1193623154148395-3.4020361686869993j)
