(76.40006242017715+0j)
(73.75671440462256-14.061854329248888j)
(66.90137038070527-25.525993778172726j)
(57.904864538804446-33.30497488129522j)
(48.6017899162696-37.607746529248715j)
(40.096668974309566-39.27772305588266j)
(32.82475020052815-39.219428055496344j)
(26.82034817807966-38.141806717291644j)
(21.941420885457475-36.523518253335055j)
(17.99699506662173-34.661555697268895j)
(14.804164319913765-32.730060036438765j)
(12.207551661618089-30.826154773917303j)
(10.082073263450873-29.00066891954715j)
(8.329516869979317-27.27736072963133j)
(6.873567425453733-25.664537348116884j)
(5.655069405519764-24.161948145655906j)
(4.628073178656407-22.764825509300994j)
(3.7567203693564335-21.466227717113227j)
(3.012856478251116-20.258377678040286j)
(2.374223704371355-19.133409956286833j)
(1.8230989643337816-18.08377040238171j)
(1.3452671325275425-17.102413132056096j)
(0.929244603421916-16.182880687389073j)
(0.5656893487296044-15.319318303064778j)
(0.24695009435279433-14.50645243511344j)
(-0.0332803632131087-13.73955131560406j)
(-0.2802335107848931-13.014377876828288j)
(-0.49827422466875776-12.32714094305409j)
(-0.6910647899764326-11.674447928268112j)
(-0.86169439271854-11.053260696138711j)
(-1.01278200216952-10.460855308374441j)
(-1.1465586147402187-9.894785851564189j)
(-1.2649333901432358-9.352852235517572j)
(-1.3695471386884845-8.8330717014484j)
(-1.4618158163935175-8.333653709026898j)
(-1.5429660807651833-7.852977851049185j)
(-1.614064502915333-7.3895744519940205j)
(-1.676041683436769-6.942107528595719j)
(-1.7297122527337734-6.5093598193911255j)
(-1.7757915309521506-6.090219620797145j)
(-1.8149094634247653-5.683669197612891j)
(-1.847622323505983-5.2887745641708666j)
(-1.8744225775270869-4.904676458194917j)
(-1.8957472301232698-4.530582352495933j)
(-1.9119849076977065-4.165759369990522j)
(-1.923481889684464-3.809527985330253j)
(-1.9305472588465333-3.461256411891758j)
(-1.933457311039537-3.1203555862552994j)
(-1.932459339989621-2.786274673839021j)
(-1.9277748925520273-2.4584970292944814j)
(-1.9196025735260758-2.136536553789573j)
(-1.9081204657604613-1.8199343986273127j)
(-1.8934882203252454-1.5082559709477052j)
(-1.8758488624985545-1.2010882026025897j)
(-1.8553303518523272-0.898037047911706j)
(-1.832046928519152-0.5987251799369934j)
(-1.8061002725333872-0.3027898582284936j)
(-1.7775804987906296-0.00988094386149774j)
(-1.7465670064957475+0.28034096004139153j)
(-1.7131291988384054+0.5682062620956607j)
(-1.6773270859510538+0.8540380488794067j)
(-1.6392117818962204+1.138153680372951j)
(-1.5988259043840531+1.420866330309769j)
(-1.556203884134928+1.7024864863184153j)
(-1.511372189173672+1.9833234241398818j)
(-1.4643494678545603+2.263686669852036j)
(-1.4151466130294037+2.5438874638898823j)
(-1.3637667484253972+2.8242402407271827j)
(-1.3102051370001766+3.1050641383750484j)
(-1.2544490097031171+3.3866845523904536j)
(-1.1964773117142198+3.669434749841047j)
(-1.1362603617703597+3.953657559716421j)
(-1.073759418621599+4.239707157582826j)
(-1.0089261469107946+4.527950963929851j)
(-0.9417019728183118+4.818771677660684j)
(-0.8720173175661321+5.112569468609168j)
(-0.7997906942970806+5.409764355878608j)
(-0.7249276508099519+5.710798802285895j)
(-0.6473195370726461+6.016140559332411j)
(-0.5668420721909163+6.326285802071813j)
(-0.48335368044131316+6.641762599109369j)
(-0.39669355987172045+6.963134769967729j)
(-0.30667943957749827+7.291006190380019j)
(-0.2131049727752576+7.626025616035333j)
(-0.11573670178438132+7.968892107198867j)
(-0.014310517507605034+8.320361150918817j)
(0.09147248071108116+8.681251594710083j)
(0.20195083972324365+9.052453526320202j)
(0.31750846246963094+9.434937259249658j)
(0.43858134638721297+9.829763614119097j)
(0.5656655645575908+10.238095723015501j)
(0.6993267558130657+10.661212629211162j)
(0.8402114563280251+11.100525010133037j)
(0.9890606903598351+11.557593419741663j)
(1.1467263477689158+12.034149530756322j)
(1.3141910189533554+12.532120961605967j)
(1.4925921450924389+13.05366040278173j)
(1.6832515885986177+13.60117991912492j)
(1.8877120570067836+14.177391506956734j)
(2.1077822534804596+14.78535523857632j)
(2.3455932216867814+15.428536645005094j)
(2.6042986766469904+16.110607735157398j)
(2.886078617392941+16.836408612777653j)
(3.194731193633711+17.611009145458066j)
(3.5346348251313775+18.440323560406792j)
(3.91109246419863+19.331192967216055j)
(4.330592545252078+20.29155934113125j)
(4.801145250335012+21.330681356518426j)
(5.332731071623008+22.459398500750364j)
(5.9379086800406595+23.69045273993604j)
(6.632649999188825+25.03887747877067j)
(7.437503418305258+26.522461405307933j)
(8.379237824203887+28.162287012384713j)
(9.493202055443149+29.983323355682725j)
(10.826765692822567+32.01500534973902j)
(12.444419725200165+34.29162604567257j)
(14.43546151987715+36.85213461278701j)
(16.925747211278146+39.73841659689239j)
(20.09586746337575+42.9899836598706j)
(24.20933427596864+46.63041148236768j)
(29.65556131784653+50.63498883664853j)
(37.01119270049099+54.85580455539847j)
(47.10962240481929+58.85220191756125j)
(61.046123214377054+61.52485397725684j)
(79.83004920492257+60.42920744460028j)
(102.88906887191878+51.012213049031686j)
(124.63549714140817+27.860600448162153j)
(133.11840484846812-8.052529777629964j)
(120.98360624550412-43.17115417005063j)
(96.43300993280941-64.21209175032887j)
(71.86516428648582-70.98631545076142j)
(52.65419604835143-69.63160297507845j)
(38.92646945380162-64.98540176675974j)
(29.333841998990977-59.489036569683236j)
(22.59095588172426-54.147882099776055j)
(17.771813541210918-49.30556811010105j)
(14.259104588027357-45.03314392982699j)
(11.648163777366408-41.29934268997823j)
(9.672050666318595-38.040906606439066j)
(8.151935082586856-35.19029905022621j)
(6.965748838423458-32.685710809939266j)
(6.0285383893542726-30.473868391088867j)
(5.280056030272421-28.510044411559168j)
(4.676808994254941-26.757099550967585j)
(4.186877062495208-25.18429994355527j)
(3.7864738561849376-23.76619462152382j)
(3.4576245252668887-22.481645074004128j)
(3.1865705630802212-21.313020896880744j)
(2.962656329374837-20.24554647490919j)
(2.7775399879218763-19.266775270037552j)
(2.6246263793337192-18.366168212523192j)
(2.49865399015626-17.534755550343768j)
(2.39539041952664-16.764865055383886j)
(2.311405245410819-16.049902828527102j)
(2.243898788243513-15.384175800973205j)
(2.190571710383889-14.762747354607775j)
(2.149524771209819-14.181319332290743j)
(2.1191810765054147-13.636135158657705j)
(2.0982252660427627-13.123899922055365j)
(2.085555568206194-12.641714146907116j)
(2.080245709248521-12.187018669041075j)
(2.0815144273245494-11.757548558670175j)
(2.0887008959569027-11.351294451241287j)
(2.101244768456131-10.96646997189227j)
(2.1186698558943324-10.601484195171409j)
(2.1405706758174703-10.254918283617679j)
(2.1666012776579153-9.92550560871207j)
(2.196465878566375-9.612114784798473j)
(2.2299109407281277-9.313735147846396j)
(2.266718395910654-9.029464291853788j)
(2.3066997806537826-8.758497340420671j)
(2.349691090372039-8.500117682854246j)
(2.395548195818042-8.25368894558491j)
(2.4441426932475707-8.01864800269314j)
(2.4953580820594827-7.79449885550893j)
(2.5490861820856234-7.580807231790101j)
(2.6052237182285443-7.3771957709386475j)
(2.6636690137211434-7.183339673870232j)
(2.7243187456940783-6.998962705274082j)
(2.7870647286469477-6.823833442693278j)
(2.851790703411196-6.657761671758184j)
(2.9183691217453682-6.500594830630531j)
(2.986657930226412-6.352214409917099j)
(3.056497371903882-6.2125322177001125j)
(3.1277068404244646-6.081486423697282j)
(3.200081839041947-5.959037302766784j)
(3.273391115877492-5.845162606937939j)
(3.347374066520013-5.739852507847089j)
(3.4217385147577972-5.643104068813178j)
(3.4961590007395285-5.554915228627649j)
(3.5702757216210492-5.475278308039725j)
(3.6436942808224004-5.404173085083258j)
(3.715986406146364-5.3415595264645095j)
(3.7866917917664082-5.287370308102288j)
(3.855321202091029-5.241503306613174j)
(3.921360944712732-5.20381429209329j)
(3.9842787737379384-5.174110097038617j)
(4.04353122360281-5.152142571911497j)
(4.098572298376812-5.137603659469552j)
(4.148863355787673-5.130121922318238j)
(4.193883933977839-5.129260836758717j)
(4.233143179400758-5.134519117909943j)
(4.2661914547187205-5.145333265615039j)
(4.292631645083115-5.1610824200389604j)
(4.312129648230685-5.181095495569491j)
(4.324423535113792-5.204660430169855j)
(4.329330907028963-5.231035255611966j)
(4.326754052288986-5.259460574218419j)
(4.316682615976128-5.289172931759535j)
(4.299193631782825-5.319418514019998j)
(4.274448913771151-5.349466572953032j)
(4.242689954742193-5.378622009633117j)
(4.20423061346814-5.406236603039219j)
(4.159447983718378-5.431718469383988j)
(4.108771915368423-5.454539456227553j)
(4.052673697526988-5.474240307119325j)
(3.9916544154082896-5.49043356386433j)
(3.926233460334336-5.502804293849361j)
(3.8569376124304653-5.511108830709647j)
(3.7842910366963287-5.515171792554007j)
(3.708806444140116-5.514881690757236j)
(3.6309775789372014-5.5101854646577255j)
(3.551273107134848-5.501082276279375j)
(3.470131907456642-5.487616878892519j)
(3.3879597034826614-5.469872838987854j)
(3.305126930263938-5.447965848270158j)
(3.2219676971164617-5.422037315298947j)
(3.1387796906304835-5.39224837934882j)
(3.0558248558061836-5.358774444880953j)
(2.9733306963204265-5.321800295724542j)
(2.891492044821326-5.2815158147836945j)
(2.8104731685905007-5.238112308230487j)
(2.7304100929588424-5.191779412574632j)
(2.6514130429278007-5.142702548211861j)
(2.573568921334414-5.091060873306462j)
(2.4969437587487318-5.037025686326833j)
(2.4215850855657766-4.980759223373409j)
(2.3475241901480723-4.92241379682412j)
(2.274778238289283-4.862131224063309j)
(2.2033522387324087-4.800042498553087j)
(2.1332408471133686-4.736267659763647j)
(2.064430006697346-4.670915823115446j)
(1.9968984288326712-4.604085335811448j)
(1.9306189193870607-4.53586402904354j)
(1.8655595597575603-4.466329541403985j)
(1.8016847525519175-4.395549692331053j)
(1.738956142896143-4.323582888022589j)
(1.677333426678022-4.250478545442561j)
(1.6167750570159547-4.176277522836417j)
(1.5572388599469562-4.101012547569365j)
(1.4986825698455353-4.02470863414939j)
(1.441064294477036-3.947383487017776j)
(1.3843429189134524-3.869047884124814j)
(1.3284784568298782-3.7897060384928825j)
(1.2734323569904078-3.7093559359352315j)
(1.2191677720406864-3.627989647878962j)
(1.1656497960673553-3.5455936188689394j)
(1.112845676772491-3.4621489288191283j)
(1.0607250075458976-3.377631530468552j)
(1.009259904208118-3.2920124627960785j)
(0.9584251707378307-3.2052580413774137j)
(0.9081984578914528-3.1173300268399413j)
(0.8585604182661507-3.028185772701515j)
(0.8094948610493506-2.93777835397632j)
(0.7609889094331761-2.8460566780045053j)
(0.713033163449878-2.7529655790223306j)
(0.6656218707989103-2.6584458980375407j)
(0.6187531080861367-2.5624345496224006j)
(0.5724289747767528-2.464864577285419j)
(0.5266558020729074-2.365665199134543j)
(0.48144437886176555-2.2647618456124827j)
(0.43681019683724875-2.1620761911581283j)
(0.3927737168758665-2.0575261817452875j)
(0.3493606587417707-1.9510260603623477j)
(0.3066023162048627-1.842486392633626j)
(0.2645358996773428-1.7318140949472796j)
(0.2232049085039174-1.6189124676473148j)
(0.182659535077595-1.50368123607318j)
(0.1429571029925135-1.3860166024941716j)
(0.10416254148454814-1.265811312289995j)
(0.06634889844478886-1.1429547380779825j)
(0.029597894316892224-1.0173329858880238j)
(-0.005999480800023021-0.8888290279403707j)
(-0.040342324530717205-0.7573228670973815j)
(-0.07331913181203087-0.6226917386434953j)
(-0.10480705449099377-0.4848103557004645j)
(-0.13467110885846764-0.343551205322584j)
(-0.16276332922603967-0.19878490313382488j)
(-0.18892186591377055-0.05038061528603611j)
(-0.21297002636716345+0.10179344247386342j)
(-0.23471525858689873+0.257869417715439j)
(-0.2539480766582807+0.4179791340766664j)
(-0.27044092893719485+0.582253290368157j)
(-0.2839470104205484+0.7508205310787794j)
(-0.29419902204006737+0.9238063717490429j)
(-0.30090788111576816+1.1013319609815764j)
(-0.30376138904063793+1.2835126590616899j)
(-0.3024228645036953+1.4704564112697631j)
(-0.2965297532605651+1.6622618920239234j)
(-0.28569222871022465+1.859016394013866j)
(-0.26949180141582685+2.060793434548247j)
(-0.24747996031567812+2.267650049491155j)
(-0.2191768738071028+2.4796237435200132j)
(-0.1840701852619237+2.6967290641110817j)
(-0.1416139449580393+2.9189537658182343j)
(-0.09122772899768712+3.1462545312573647j)
(-0.03229600563105078+3.3785522159994135j)
(0.035832179404659055+3.615726586626343j)
(0.11384311433084396+3.8576105249027157j)
(0.20245783137221496+4.103983676823637j)
(0.3024309018981596+4.354565533765524j)
(0.4145484866881437+4.609007944731144j)
(0.5396254940289836+4.8668870744598625j)
(0.6785016806828722+5.127694842785935j)
(0.8320365134710566+5.390829906923868j)
(1.0011025933236466+5.655588281234153j)
(1.1865774305345953+5.921153729329115j)
(1.3893333514362562+6.186588111849184j)
(1.6102253150582664+6.450821930382384j)
(1.8500764263678526+6.712645373907607j)
(2.109660953746691+6.97070024833858j)
(2.389684696264398+7.223473250877216j)
(2.6907626052545175+7.469291136490944j)
(3.013393649011238+7.706318409987521j)
(3.357933023190461+7.932558258201676j)
(3.7245619560441985+8.145857505045896j)
(4.113255538767767+8.343916417784824j)
(4.523749226428511+8.524304203941943j)
(4.955504900167228+8.68448100113077j)
(5.407677648051091+8.821827062291039j)
(5.879084695998458+8.9336796622372j)
(6.368178181203977+9.017377986367402j)
(6.873023681751877+9.070315901946595j)
(7.391286565344482+9.090002057384337j)
(7.920228261592793+9.07412621684766j)
(8.45671446037576+9.020630141001016j)
(8.997236962558954+8.927780708847335j)
(9.537950438898362+8.794242393851825j)
(10.074724685449297+8.619145724204964j)
(10.603212119220595+8.402148041937807j)
(11.118929282319558+8.1434827950199j)
(11.617350088691227+7.84399380303768j)
(12.094007548519022+7.505151458306012j)
(12.544599847177928+7.1290486541164375j)
(12.96509604252465+6.718375325126514j)
(13.351836363354217+6.276371758309861j)
(13.701622197913068+5.80676217258145j)
(14.011791366067182+5.313671340609925j)
(14.280275135705844+4.8015281080989825j)
(14.505634592191772+4.274960444625206j)
(14.687075284356977+3.7386870626213264j)
(14.824440419789433+3.197410639899335j)
(14.918184135917002+2.655717296975937j)
(14.969327421230615+2.117986276499911j)
(14.979400025284285+1.5883128417499297j)
(14.950372138822184+1.0704463626799339j)
(14.88457974792888+0.567744498499727j)
(14.784647403354434+0.08314340797648596j)
(14.653411756608762-0.38085690820615437j)
(14.49384866877717-0.8221936628232964j)
(14.309006068533465-1.2392306914448585j)
(14.101944087764513-1.6307383985375508j)
(13.875683389204616-1.9958664743242225j)
(13.633162057946826-2.3341115267063897j)
(13.377200979856108-2.64528158036257j)
(13.110477283522235-2.929459137805654j)
(12.835505176594245-3.1869642076981504j)
(12.554623352856733-3.4183184107768736j)
(12.269988069508969-3.62421099315264j)
(11.983570979185739-3.805467323721646j)
(11.697160832714127-3.9630202344300742j)
(11.41236823215582-4.097884382047778j)
(11.130632697085503-4.211133667442277j)
(10.853231400432122-4.303881640311918j)
(10.581289025991492-4.377264739843908j)
(10.315788292500642-4.432428170077037j)
(10.057580775347928-4.470514178080704j)
(9.807397734450879-4.492652488893398j)
(9.565860724574941-4.4999526494405j)
(9.333491822207403-4.49349804092366j)
(9.110723351435409-4.474341332575555j)
(8.89790703083914-4.443501166918871j)
(8.695322495138248-4.401959885992477j)
(8.50318517022692-4.350662128077536j)
(8.32165349932293-4.290514144333739j)
(8.150835532179833-4.222383703769899j)
(7.990794899550071-4.14710047271984j)
(7.841556202108226-4.065456771224544j)
(7.70310984751107-3.9782086233308425j)
(7.575416371751984-3.886077031290301j)
(7.458410281934366-3.789749415033506j)
(7.352003457416848-3.6898811681964916j)
(7.256088145301388-3.587097290503808j)
(7.170539584674618-3.4819940636024076j)
(7.095218292079363-3.375140743616659j)
(7.029972038531246-3.2670812488967917j)
(6.974637546126263-3.1583358257732757j)
(6.92904192998276-3.049402678733229j)
(6.893003909001455-2.94075955438984j)
(6.866334806741593-2.8328652710310243j)
(6.848839361635189-2.7261611874711322j)
(6.840316363814194-2.621072606478983j)
(6.840559134012624-2.5180101092589156j)
(6.8493558583359455-2.417370818388235j)
(6.866489791162456-2.319539587295283j)
(6.891739337051873-2.2248901148441282j)
(6.924878021279979-2.133785983899206j)
(6.9656743574929685-2.046581622909207j)
(7.0138916199687085-1.9636231895852658j)
(7.069287527083781-1.8852493756864244j)
(7.131613841807297-1.8117921317602423j)
(7.2006158943676-1.7435773104520875j)
(7.276032031668156-1.680925226678364j)
(7.357592997554728-1.6241511325834956j)
(7.4450212476604225-1.5735656047612008j)
(7.538030202278422-1.5294748407236372j)
(7.636323440531442-1.4921808610553555j)
(7.739593839034562-1.4619816130866172j)
(7.847522658278421-1.439170971273193j)
(7.959778580111896-1.4240386287724516j)
(8.076016699979624-1.4168698739678969j)
(8.19587747798439-1.4179452449117276j)
(8.318985653417442-1.4275400538440153j)
(8.444949128138543-1.4459237731035635j)
(8.573357825125969-1.473359272890493j)
(8.703782529664615-1.5101019004801894j)
(8.835773722033032-1.5563983896493927j)
(8.968860412212019-1.6124855882756162j)
(9.102548989096661-1.678588991350086j)
(9.236322098982315-1.7549210660384322j)
(9.369637570747186-1.8416793549872141j)
(9.501927408190161-1.939044343869154j)
(9.632596873437043-2.047177079264976j)
(9.761023689211962-2.16621652348742j)
(9.886557392098617-2.2962766339712894j)
(10.008518873676193-2.4374431565128547j)
(10.126200151585916-2.5897701240893998j)
(10.238864418112424-2.753276056387537j)
(10.345746419663016-2.927939859702313j)
(10.446053226468086-3.1136964327392453j)
(10.5389654577305-3.310431991250622j)
(10.623639033068203-3.5179791335886033j)
(10.699207526118435-3.7361116803373107j)
(10.764785200194803-3.9645393343735327j)
(10.819470808426647-4.202902223107039j)
(10.862352241284709-4.450765402311768j)
(10.892512102127201-4.7076134208106755j)
(10.909034285636405-4.972845067103132j)
(10.911011623932845-5.2457684424326905j)
(10.897554649905253-5.525596529148739j)
(10.867801506047135-5.811443447633364j)
(10.820928999105204-6.102321618328854j)
(10.756164765552974-6.397140066003776j)
(10.672800470019048-6.694704119465336j)
(10.570205908450363-6.993716769332769j)
(10.447843830626994-7.292781946837595j)
(10.305285233996207-7.5904099754356995j)
(10.14222481476162-7.885025421874705j)
(9.95849619569246-8.174977532106125j)
(9.754086487033925-8.458553378503213j)
(9.529149681781897-8.733993767517298j)
(9.284018344660094-8.999511861670886j)
(9.019213030878653-9.253314358602445j)
(8.735448871549064-9.493624946405443j)
(8.433638792175481-9.718709624180041j)
(8.11489289236153-9.926903346678223j)
(7.780513610315996-10.116637330694896j)
(7.431986424009339-10.286466257831867j)
(7.070965998222966-10.435094532926877j)
(6.699257866585898-10.561400718501528j)
(6.318795930584651-10.664459269937902j)
(5.9316162518130415-10.743558747934449j)
(5.539827796403917-10.798215784814838j)
(5.145580948453802-10.828184226253692j)
(4.75103473020744-10.833459052774087j)
(4.358323741063205-10.814274895281104j)
(3.969525848798186-10.771099182600308j)
(3.5866316326682193-10.704620181723632j)
(3.211516491554813-10.615730398464196j)
(2.8459161976548435-10.505505984114821j)
(2.4914065074179197-10.375182931795306j)
(2.1493872490161365-10.226130937335117j)
(1.8210711032325906-10.059825840700192j)
(1.5074770957084997-9.877821556126454j)
(1.209428635029756-9.681722346878844j)
(0.9275557728630913-9.473156211391492j)
(0.6623012360309211-9.253750030793086j)
(0.41392968968089766-9.025106993663973j)
(0.18253963617389665-8.78878667231851j)
(-0.03192266598004825-8.546287985026385j)
(-0.22964786886513858-8.29903514789312j)
(-0.4109473584480972-8.048366604270566j)
(-0.5762367515065223-7.79552682224836j)
(-0.7260195167070957-7.541660773815354j)
(-0.8608710966489846-7.287810852892517j)
(-0.9814238318821757-7.034915952541212j)
(-1.0883529140668067-6.78381240224878j)
(-1.1823635266572707-6.5352364616934455j)
(-1.2641792698950505-6.289828074949244j)
(-1.3345319137370664-6.048135605833551j)
(-1.3941524781432277-5.810621298327492j)
(-1.4437636048292881-5.577667233311799j)
(-1.484073157654798-5.349581582218965j)
(-1.5157689694659489-5.126604987962101j)
(-1.5395146404867703-4.9089169324049315j)
(-1.5559462862150533-4.696641976772127j)
(-1.5656701302017901-4.489855786168617j)
(-1.5692608381063073-4.288590871434339j)
(-1.567260493141861-4.092842000765903j)
(-1.5601781186936856-3.9025712499053933j)
(-1.5484896608516823-3.717712673354218j)
(-1.5326383513201758-3.538176590217203j)
(-1.5130353792235915-3.3638534871679777j)
