(148.26779701848298+0j)
(131.85105737247395-47.07148982288582j)
(98.70240620386996-71.07950997830166j)
(69.02133347230043-75.69639583762688j)
(47.98126641870071-71.71999747645619j)
(33.9223905349023-65.2581460451407j)
(24.495430814705156-58.68148384266632j)
(18.02150358099843-52.73066111912656j)
(13.446282043907349-47.55104132284658j)
(10.121509270628984-43.09329003265693j)
(7.643519137733411-39.2572625468698j)
(5.754898169381472-35.94087595021351j)
(4.287069102670399-33.0547156683036j)
(3.126700971484699-30.524615708044394j)
(2.1957079814278573-28.290333760964714j)
(1.4390607578540888-26.30325400078725j)
(0.8171743687680275-24.524126181017813j)
(0.30103906472810504-22.921137264784434j)
(-0.1309662615987216-21.46835613753518j)
(-0.49520421582075036-20.1445090431883j)
(-0.8042311695180964-18.93202459035771j)
(-1.0678055241655564-17.816290599725313j)
(-1.2935995353024148-16.785074739525125j)
(-1.4877096692471463-15.828071013000189j)
(-1.6550277620228377-14.936542876128206j)
(-1.7995145221903495-14.103040722712134j)
(-1.9244035426280042-13.321176839510958j)
(-2.0323552069065562-12.585445002601984j)
(-2.125574021956026-11.891074948261865j)
(-2.2058989471839263-11.233914251595404j)
(-2.274873571979237-10.610331875926235j)
(-2.333801103932853-10.017138960435537j)
(-2.3837878004815454-9.451523401733956j)
(-2.4257775302662625-8.910995537168994j)
(-2.460579469629897-8.393342813344196j)
(-2.4888904447141265-7.896591766059888j)
(-2.5113130665515917-7.4189759808264695j)
(-2.528370537571439-6.958908969588227j)
(-2.540518807186449-6.514961108159264j)
(-2.5481566029055145-6.085839942951669j)
(-2.5516337487449277-5.670373305531297j)
(-2.551258095043132-5.267494776731517j)
(-2.5473013163281775-4.876231124573691j)
(-2.540003781672258-4.495691406510849j)
(-2.5295786611965974-4.125057479880318j)
(-2.516215400488468-3.763575707807314j)
(-2.500082669482087-3.410549682951458j)
(-2.481330872380177-3.0653338203193945j)
(-2.4600942892669546-2.7273276939359867j)
(-2.4364929072887427-2.395971011587809j)
(-2.4106339889853676-2.0707391378974633j)
(-2.382613417047739-1.7511390892691627j)
(-2.352516847974711-1.4367059352881721j)
(-2.3204207015875764-1.1269995503221273j)
(-2.286393008780879-0.8216016667587029j)
(-2.2504941361496247-0.520113187690944j)
(-2.2127774029953966-0.22215172221561374j)
(-2.173289603597476+0.0726506890305849j)
(-2.1320714454443968+0.3646496867694545j)
(-2.0891579122476203+0.6541905699787879j)
(-2.0445785589616348+0.9416101598461735j)
(-1.9983577446533767+1.2272385717329717j)
(-1.9505148078429133+1.5114009144793623j)
(-1.9010641878664956+1.7944189350531348j)
(-1.850015494821311+2.076612625616324j)
(-1.7973735297512927+2.358301809410917j)
(-1.743138255869117+2.6398077215011604j)
(-1.687304720776095+2.921454600328309j)
(-1.629862928807378+3.203571306215099j)
(-1.5707976617758177+3.4864929834324765j)
(-1.5100882454933318+3.770562783205541j)
(-1.4477082584841907+4.056133666108314j)
(-1.3836251782470144+4.343570303729006j)
(-1.3177999592444203+4.633251101284525j)
(-1.2501865354526907+4.925570365101627j)
(-1.1807312387623126+5.220940641625644j)
(-1.1093721227294995+5.519795257912398j)
(-1.0360381790650681+5.822591097558858j)
(-0.9606484317562849+6.129811650806147j)
(-0.8831108907436693+6.441970383280074j)
(-0.8033213435098313+6.759614474703341j)
(-0.7211619586323152+7.083328987151685j)
(-0.6364996701380603+7.413741532318191j)
(-0.5491843051351166+7.751527519155003j)
(-0.45904640940320934+8.097416077633245j)
(-0.36589471603089857+8.45219677175376j)
(-0.2695131903003507+8.816727236062928j)
(-0.1696575692566573+9.191941895683382j)
(-0.06605129590700466+9.578861961376061j)
(0.04161927523351738+9.978606929881906j)
(0.15371055392145494+10.392407867603541j)
(0.27062846133645074+10.821622814980557j)
(0.3928364864878514+11.26775472282766j)
(0.5208653513791318+11.732472424519397j)
(0.6553246643424536+12.217635264579604j)
(0.7969170453269929+12.725322152078057j)
(0.9464553442693934+13.257865995705213j)
(1.1048837558424758+13.817894719163952j)
(1.2733038775338037+14.408380367729878j)
(1.4530070867908187+15.03269822282654j)
(1.645515060824281+15.694698373229382j)
(1.8531379225453246+16.398619186628117j)
(2.0773618778109086+17.149768072322825j)
(2.3209220870489458+17.953972476378294j)
(2.58695974447924+18.81806937257699j)
(2.8792858609242784+19.750068512804482j)
(3.2025758643710045+20.75940888301472j)
(3.5626222038472894+21.85728779523321j)
(3.966675005914587+23.05708430780092j)
(4.423909902896181+24.374908625204704j)
(4.946081076749127+25.830321892824877j)
(5.548448567775291+27.44728893143856j)
(6.251119739213387+29.255452595176717j)
(7.081029957845441+31.291856150435674j)
(8.074934006760058+33.60329389184056j)
(9.284039031901806+36.249544500153775j)
(10.781383739524136+39.307835553083954j)
(12.673965324621378+42.878977094900584j)
(15.12337676890261+47.095579920047655j)
(18.382312362790977+52.13224874658169j)
(22.861918298644383+58.21524745569717j)
(29.26157652039726+65.62007053241868j)
(38.82879061007703+74.61210159788304j)
(53.885878898772454+85.1616095086919j)
(78.79723368257731+95.79845433306073j)
(120.652181280696+99.4288855636214j)
(181.23593909949764+72.7940821871953j)
(218.25630281797268-12.122432707402234j)
(174.78025504783145-96.41564361306662j)
(108.485978031223-118.34425347464j)
(64.96631810916953-108.97615078861158j)
(40.63857378127279-94.08794004742808j)
(26.84054370150249-80.72837705770276j)
(18.6005195045028-69.88738079170213j)
(13.414171255906384-61.23540732996423j)
(9.9978472452542-54.28540054356902j)
(7.661023516427909-48.62869126547211j)
(6.012613242457789-43.95773587066188j)
(4.820358084237101-40.04692774373196j)
(3.940426246605983-36.730680406821584j)
(3.2804364893459232-33.88624072862704j)
(2.7791405201205523-31.42138747039141j)
(2.394791636415687-29.265848354081797j)
(2.0982372743249575-27.365325261958436j)
(1.8686806422691022-25.67730476414771j)
(1.6910032110082351-24.168087156261848j)
(1.5540286302922293-22.810652363354947j)
(1.4493704693807967-21.58310659239913j)
(1.3706512020033976-20.46753691478176j)
(1.3129626701881612-19.449156047809094j)
(1.2724868827084443-18.51565621099369j)
(1.246225282177798-17.656715474876165j)
(1.231802657969953-16.863616651947133j)
(1.2273232396660465-16.128950181695956j)
(1.231263795399861-15.44638037204465j)
(1.2423933228818302-14.810459911429891j)
(1.2597120854350066-14.216481507091725j)
(1.2824048801779464-13.660358333910485j)
(1.3098048861947607-13.138527029671236j)
(1.34136545326918-12.647868475561268j)
(1.3766379025482465-12.185642712107738j)
(1.4152539150973986-11.749435170154111j)
(1.4569114463207642-11.337112020666316j)
(1.501363366513157-10.946782920716979j)
(1.5484082195775866-10.576769794996377j)
(1.597882633319571-10.225580570880712j)
(1.6496550197663253-9.891887001008973j)
(1.7036202825301046-9.574505875609638j)
(1.7596953073916808-9.272383058655903j)
(1.817815057080801-8.984579885636169j)
(1.877929125353627-8.710261542571379j)
(1.9399986316324496-8.448687110588361j)
(2.003993357692816-8.19920101146301j)
(2.0698890437052175-7.961225629790462j)
(2.137664773556854-7.7342549189414385j)
(2.207300389752347-7.517848822318129j)
(2.278773887120274-7.311628359945688j)
(2.352058742716369-7.115271244122927j)
(2.42712114734598-6.928507897561945j)
(2.503917112582068-6.751117753952959j)
(2.5823894365996445-6.582925724845798j)
(2.6624645230781763-6.423798718882626j)
(2.7440490603369114-6.2736421004967795j)
(2.8270265831733457-6.132395976031905j)
(2.9112539578888668-6.000031196845423j)
(2.9965578518656297-5.87654497243632j)
(3.0827312727211913-5.76195599327115j)
(3.1695302881080405-5.656298974188454j)
(3.2566710648052797-5.559618546517002j)
(3.3438273935171137-5.471962451812959j)
(3.43062889176831-5.39337402365723j)
(3.5166600988513235-5.323883987125503j)
(3.601460690689722-5.263501658515105j)
(3.6845270449986165-5.212205689872375j)
(3.765315374268969-5.16993457171598j)
(3.843246612131131-5.136577179430879j)
(3.9177131845343576-5.11196371881349j)
(3.988087719395734-5.095857487270018j)
(4.05373364759335-5.087947911132576j)
(4.114017527933078-5.08784533788399j)
(4.168322795845602-5.095078046800189j)
(4.216064500175756-5.1090918865534025j)
(4.256704467374788-5.129252850920651j)
(4.289766232097202-5.154852765699487j)
(4.314849011818732-5.185118088371438j)
(4.331639992465492-5.219221629433017j)
(4.339924239480866-5.256296807517586j)
(4.3395916553070935-5.2954538689282j)
(4.330640563793663-5.335797355490579j)
(4.313177701504504-5.3764440093373675j)
(4.287414616731896-5.416540270563043j)
(4.2536606976739675-5.4552785575119795j)
(4.21231325016565-5.491911615754447j)
(4.16384520412021-5.525764369255896j)
(4.108791133509131-5.5562428891570805j)
(4.047732321306137-5.582840292456433j)
(3.981281589518405-5.6051395753321716j)
(3.91006855262347-5.622813557064713j)
(3.834725852284455-5.635622248196209j)
(3.75587680629897-5.643408053691466j)
(3.6741247696926487-5.64608927675164j)
(3.590044373468781-5.64365240439156j)
(3.50417468679929-5.636143638034617j)
(3.417014248137078-5.623660089175706j)
(3.329017833310759-5.6063410001520495j)
(3.240594774769318-5.5843592813096885j)
(3.1521086142106634-5.5579135852083175j)
(3.063877857855315-5.527221071267135j)
(2.9761776058512024-5.492510954052139j)
(2.889241840766492-5.4540188773549945j)
(2.803266181125891-5.411982115145225j)
(2.7184109312342986-5.366635569262451j)
(2.6348042854989786-5.31820851154493j)
(2.552545572129903-5.266922003788352j)
(2.471708446096654-5.212986921111055j)
(2.3923439636915784-5.156602501606665j)
(2.3144834905478127-5.0979553462977085j)
(2.238141411359047-5.037218797236549j)
(2.163317622935071-4.974552627198158j)
(2.08999980283838-4.910102981004228j)
(2.0181654539906715-4.844002515547318j)
(1.9477837316670505-4.77637069260772j)
(1.8788170635562131-4.707314185292752j)
(1.8112225763856065-4.636927365181363j)
(1.7449533442920635-4.565292842921886j)
(1.679959474916487-4.492482040056386j)
(1.6161890493386943-4.41855577423176j)
(1.55358893162541-4.343564843722649j)
(1.4921054630887296-4.267550600386789j)
(1.4316850554597669-4.190545502843469j)
(1.3722746961635055-4.112573643878425j)
(1.313822377803431-4.033651247882996j)
(1.2562774628796092-3.9537871355947463j)
(1.199590993704962-3.872983154571144j)
(1.1437159564800194-3.7912345747423846j)
(1.088607507547369-3.708530449100034j)
(1.0342231689865808-3.624853940119468j)
(0.9805229999293481-3.5401826129174023j)
(0.9274697492770642-3.4544886964404884j)
(0.8750289948834353-3.367739314188319j)
(0.8231692737221004-3.279896686113023j)
(0.7718622070895185-3.190918303428793j)
(0.7210826244877079-3.1007570781120903j)
(0.6708086894901043-3.009361468902081j)
(0.6210220306059326-2.916675585613305j)
(0.5717078799236607-2.822639273573713j)
(0.5228552221241515-2.7271881799936337j)
(0.47445695630548396-2.630253804067072j)
(0.42651007295250326-2.5317635326114827j)
(0.3790158483051356-2.4316406630634946j)
(0.3319800583344785-2.32980441567747j)
(0.28541321451500706-2.2261699368181396j)
(0.23933082358609836-2.12064829530428j)
(0.1937536735210811-2.0131464738501594j)
(0.14870814796768217-1.9035673577659793j)
(0.10422657148361957-1.7918097232265653j)
(0.06034758796650922-1.6777682275938688j)
(0.017116574762887915-1.5613334044977303j)
(-0.025413904963997043-1.4423916666340046j)
(-0.06718360892792297-1.3208253195453252j)
(-0.1081240786934056-1.1965125900001934j)
(-0.14815805604731644-1.0693276730000651j)
(-0.18719884979303547-0.939140801913267j)
(-0.22514964991054998-0.8058183467805935j)
(-0.26190278596380745-0.6692229464541194j)
(-0.2973389266017784-0.5292136809370154j)
(-0.33132621700207804-0.3856462910912839j)
(-0.36371935115756443-0.2383734537826568j)
(-0.3943585760211818-0.08724512155110385j)
(-0.4230686247208577+0.06789106296270679j)
(-0.44965757635459663+0.22718926632493971j)
(-0.47391564030176747+0.3908048644113889j)
(-0.49561386357060255+0.5588937287823649j)
(-0.5145027604794359+0.731611383049279j)
(-0.5303108649844128+0.9091120110212632j)
(-0.5427432072693879+1.091547296302842j)
(-0.551479717864799+1.279065070713515j)
(-0.5561735646323082+1.4718077464167383j)
(-0.5564494305230122+1.6699105039938424j)
(-0.5519017431832643+1.8734992058997435j)
(-0.5420928713540156+2.0826880018285103j)
(-0.5265513077109366+2.2975765895543514j)
(-0.5047698634616616+2.518247091881571j)
(-0.47620390681055746+2.7447605075392327j)
(-0.4402696854857314+2.9771526913606254j)
(-0.39634278308009724+3.2154298170788156j)
(-0.3437567701697373+3.459563274828216j)
(-0.2818021242228204+3.7094839552961387j)
(-0.2097255073651673+3.965075873855452j)
(-0.12672950825974827+4.226169091456909j)
(-0.03197297375904979+4.492531895233472j)
(0.07542792241279399+4.763862211455188j)
(0.19639770305169738+5.0397782376215545j)
(0.3318985067057313+5.319808300182337j)
(0.48292568008824033+5.6033799708885335j)
(0.6505017944556482+5.88980850946401j)
(0.8356688114500831+6.178284744614242j)
(1.0394781018658774+6.467862560807699j)
(1.2629780046447567+6.7574462261062775j)
(1.5071986065748584+7.045777877609387j)
(1.7731334299880537+7.331425576269341j)
(2.0617177414505945+7.612772451474254j)
(2.373803245160528+7.888007576126905j)
(2.710129007309536+8.155119341347767j)
(3.0712885792079456+8.41189223042074j)
(3.4576934543787665+8.65590801522047j)
(3.8695332137727165+8.884552502727013j)
(4.306732986917384+9.095029028226573j)
(4.768909184266899+9.284379905693806j)
(5.2553248303099815+9.449516981983896j)
(5.7648462331772174+9.58726227575753j)
(6.29590313977442+9.694399391529043j)
(6.846454910141857+9.767735965612935j)
(7.413965554203169+9.804176815159293j)
(7.995390652867263+9.800806729718294j)
(8.587179173661186+9.75498099255908j)
(9.185292931501671+9.66442079593713j)
(9.785245893058942+9.52730979567444j)
(10.382164657340804+9.342387233568708j)
(10.970870279319644+9.109032454017065j)
(11.545980194615392+8.827335368223245j)
(12.102027454529031+8.498147573677329j)
(12.633592936439141+8.123109480402615j)
(13.1354448259874+7.704649936713971j)
(13.60267865033806+7.245956427867839j)
(14.030850628403172+6.75091581546761j)
(14.416097195377331+6.224027612049518j)
(14.755234283343535+5.670293729325981j)
(15.045831242350156+5.095090284570474j)
(15.286256034367796+4.504028215330703j)
(15.47569033465125+3.9028100181203613j)
(15.614115211703119+3.2970898522419603j)
(15.702269915029992+2.6923435787887695j)
(15.741587803697458+2.09375415165029j)
(15.734114482830247+1.5061163044281576j)
(15.682413733843003+0.9337628660541937j)
(15.589466847966138+0.380513461181286j)
(15.458570575239104-0.15035504940860814j)
(15.29323819003484-0.6561181609020087j)
(15.0971072699457-1.134595927214432j)
(14.873856803287216-1.5841308309561897j)
(14.627135279489039-2.0035545575551548j)
(14.360500549145042-2.3921468446871414j)
(14.077371512458646-2.7495893286595354j)
(13.780991127500323-3.075916939588587j)
(13.474399824279594-3.3714689643324656j)
(13.160418153990204-3.636841447127903j)
(12.841637373045609-3.8728421677012252j)
(12.520416632900863-4.080449048626531j)
(12.198885493088634-4.2607725110247525j)
(11.87895057250215-4.415022025349023j)
(11.562305282396188-4.544476891095813j)
(11.250441727616165-4.650461120995375j)
(10.944664008039938-4.734322194568007j)
(10.646102291619492-4.79741337493003j)
(10.355727158289655-4.841079243466227j)
(10.074363827372391-4.86664409207429j)
(9.802705978746854-4.8754028156834375j)
(9.541328960055656-4.868613963218538j)
(9.290702239504503-4.8474946287478735j)
(9.051201017790161-4.813216892799598j)
(8.82311695500337-4.766905554188093j)
(8.606668000711334-4.709636923300035j)
(8.402007339460857-4.64243847737319j)
(8.209231481180995-4.566289206023582j)
(8.02838753773145-4.482120500664369j)
(7.85947973431512-4.390817464270511j)
(7.702475208615509-4.293220538140774j)
(7.557309152155877-4.190127359950284j)
(7.423889348157873-4.082294782639024j)
(7.302100158641543-3.9704409967284082j)
(7.191806011063293-3.855247709723875j)
(7.0928544317684-3.737362345573234j)
(7.005078670172856-3.6174002349142658j)
(6.928299954084818-3.495946773282059j)
(6.8623294130491335-3.3735595297269874j)
(6.806969703156509-3.2507702926035087j)
(6.762016363456363-3.1280870427632794j)
(6.727258931002669-3.005995847165384j)
(6.7024818386548475-2.8849626681081286j)
(6.687465117081323-2.7654350849891274j)
(6.681984919951323-2.6478439267990597j)
(6.68581388906962-2.5326048145137245j)
(6.698721374182494-2.42011961322922j)
(6.720473520357728-2.310777794339651j)
(6.75083323420899-2.2049577083107037j)
(6.7895600387673225-2.1030277687103376j)
(6.8364098255037735-2.005347548122813j)
(6.891134510854227-1.9122687864313794j)
(6.9534816035783145-1.8241363117211176j)
(7.023193688398982-1.7412888737295338j)
(7.100007830593649-1.6640598893887726j)
(7.183654905550738-1.5927780995398801j)
(7.273858856747959-1.5277681353873502j)
(7.370335885157901-1.4693509926846202j)
(7.472793572732158-1.4178444110098232j)
(7.580929942366849-1.3735631548031564j)
(7.694432456602633-1.3368191920925163j)
(7.812976957278823-1.3079217660309213j)
(7.936226548439439-1.2871773535073407j)
(8.063830424999962-1.2748895041725445j)
(8.195422650036367-1.2713585522396291j)
(8.33062088406938-1.2768811923804595j)
(8.469025070415222-1.2917499099443333j)
(8.61021608156978-1.3162522545849236j)
(8.753754332734891-1.3506699451972024j)
(8.899178369997054-1.3952777928651139j)
(9.046003442381863-1.4503424273101844j)
(9.193720069062131-1.5161208111535611j)
(9.341792615450174-1.592858525189866j)
(9.489657894788127-1.6807878068722968j)
(9.6367238152229-1.7801253233965113j)
(9.78236809626025-1.8910696602188553j)
(9.92593708297091-2.0137985056617955j)
(10.0667446914219-2.1484655125689596j)
(10.20407152453422-2.2951968189187046j)
(10.337164203948673-2.4540872110758865j)
(10.465234970478564-2.625195916154187j)
(10.587461613294616-2.8085420140159747j)
(10.702987796018903-3.004099465022014j)
(10.810923856230655-3.211791757040902j)
(10.910348163278229-3.43148618475451j)
(11.000309127405732-3.6629877862569176j)
(11.079827960606494-3.906032976644551j)
(11.147902295740414-4.160282936004929j)
(11.203510774595946-4.425316830117318j)
(11.24561871688874-4.700624966385974j)
(11.273184979676053-4.98560201495226j)
(11.285170109193265-5.2795404552924925j)
(11.28054587346172-5.581624441338788j)
(11.258306242882663-5.89092431232206j)
(11.217479856169378-6.206392010796266j)
(11.157143969255749-6.5268577018292495j)
(11.076439834416474-6.8510279158088725j)
(10.974589395363383-7.177485558865335j)
(10.850913111818828-7.504692146255553j)
(10.704848645164539-7.8309926115494335j)
(10.535970047456582-8.154623024346346j)
(10.344007002866553-8.473721507925104j)
(10.128863578294736-8.786342582656005j)
(9.890635854662499-9.09047506916552j)
(9.62962773955322-9.384063566659945j)
(9.346364213541296-9.66503337806393j)
(9.041601245039228-9.931318588763459j)
(8.716331629554144-10.180892826570954j)
(8.371786075110434-10.41180204661909j)
(8.009428969987088-10.622198508270825j)
(7.630948432085211-10.810374955573963j)
(7.23824044720851-10.974797892735298j)
(6.833387147736622-11.114138775254343j)
(6.4186295505169335-11.227301927137974j)
(5.996335346462598-11.3134480525206j)
(5.568962594976986-11.37201233834674j)
(5.139020403883779-11.402716339757982j)
(4.709027851376682-11.405573091479022j)
(4.281472515387489-11.380885181172397j)
(3.858770007812036-11.329235834492568j)
(3.4432258628040544-11.25147337413932j)
(3.0370010034494226-11.148689704247248j)
(2.642081819745117-11.022193716889246j)
(2.260255648545848-10.87348070354289j)
(1.8930921722297638-10.704198971010213j)
(1.5419309679987308-10.516114904862228j)
(1.2078751640108967-10.311077696647256j)
(0.8917909094340672-10.090984861996255j)
(0.594312156524794-9.857749537610275j)
(0.31585009274953924-9.613270370642043j)
(0.056606453616188865-9.359404619646206j)
(-0.18341010840266003-9.097944886824589j)
(-0.4043654311172397-8.830599709523568j)
(-0.6065798254175636-8.558978064972614j)
(-0.7905073682972803-8.28457769313792j)
(-0.9567151535349808-8.008777022325566j)
(-1.1058630466380388-7.73283039209931j)
(-1.2386843842767221-7.457866207219037j)
(-1.3559679531819524-7.184887622043554j)
(-1.4585414844915865-6.914775343471054j)
(-1.5472568104120639-6.64829214774925j)
(-1.6229767529959798-6.386088728010102j)
(-1.686563750797936-6.128710521005074j)
(-1.7388701781691736-5.876605199519068j)
(-1.7807302732836907-5.63013055817301j)
(-1.8129535634726341-5.389562562248317j)
(-1.836319658625868-5.155103369848072j)
(-1.8515742737278627-4.92688917578142j)
(-1.8594263384725644-4.704997760121144j)
(-1.8605460538838277-4.489455654947396j)
(-1.8555637616414893-4.280244869176769j)
(-1.8450695002401976-4.07730913363253j)
(-1.829613132240478-3.880559646864952j)
(-1.8097049379377312-3.68988031699978j)
(-1.7858165821742973-3.505132506467492j)
(-1.7583823722967764-3.326159295254682j)
