(21.647409688971052+0j)
(21.299105802393125-2.1838337768036005j)
(20.43478465976442-4.063216374540402j)
(19.242811310750664-5.579111087606665j)
(17.847444577362236-6.71050305079348j)
(16.358848827631604-7.45708952020471j)
(14.87239144099525-7.842726374715634j)
(13.463236275976081-7.9086595600460665j)
(12.185610791056448-7.7042633565071625j)
(11.076027719280356-7.279608399608076j)
(10.158327053465221-6.681116158364634j)
(9.448920218330878-5.950078154409293j)
(8.961386080352863-5.1234031776969635j)
(8.710073050678531-4.236091339448529j)
(8.712492385484609-3.325268122247876j)
(8.990029880927029-2.4359293581754837j)
(9.565802439975368-1.6286344308612655j)
(10.457281353449845-0.9888032174176882j)
(11.659883703232515-0.6350921713447281j)
(13.117795860814036-0.7191978531016017j)
(14.684677978142231-1.4015984124218923j)
(16.0963639188966-2.785502443948745j)
(17.00388134769423-4.816637685342495j)
(17.102937747398194-7.218751818946844j)
(16.299824611234275-9.562443858011875j)
(14.766544231854082-11.455510646692238j)
(12.82851384778782-12.699345848460355j)
(10.799737795077021-13.300038558173235j)
(14.583059751685429+5.565906655483413j)
(7.204118169615074-13.093038795400368j)
(5.7673350416972395-12.567461978434839j)
(4.568910957365119-11.900735078994005j)
(3.5812976031236574-11.158110809031905j)
(2.773619285315018-10.38122576253204j)
(2.1173874557458863-9.59552067442615j)
(1.5885418661253585-8.815898500278996j)
(1.1677820201912645-8.05064942086917j)
(0.840218864822624-7.304066214726358j)
(18.890873004422055+39.538034631339904j)
(0.42396633405318346-5.873941756934055j)
(0.3228582240031382-5.192126742695358j)
(0.28931692395023356-4.534092086940165j)
(0.3233751684390632-3.902584927066534j)
(0.4268725073188185-3.302690583006307j)
(0.6027402890104848-2.743017619774472j)
(0.8536493520488366-2.2371117117550745j)
(1.1795100625918316-1.8048484489176277j)
(1.5732427364102735-1.4730235211688576j)
(2.0146384872747367-1.2734588602447623j)
(2.463709133189355-1.2360584859974413j)
(2.858114524733665-1.374960805642818j)
(3.122110186748606-1.6708596206665087j)
(3.1908666059902733-2.0611986997640033j)
(3.0400673161451772-2.452350883785519j)
(2.6987745822719007-2.75268025647644j)
(2.2340225393529756-2.904424437907569j)
(10.516807900167574-6.681146700814954j)
(1.2174250532316777-2.73798317434891j)
(2.507169168070294-3.058626774331071j)
(0.3661528206566939-2.123000387619946j)
(0.03734634191303133-1.7238568281769715j)
(-0.22940833440597522-1.2929245132121112j)
(-0.4404947757915377-0.8440723977415469j)
(-0.6028460375571646-0.38631279207781666j)
(-0.7228454747655756+0.07479312948384755j)
(-0.8058780270183372+0.5360244018814281j)
(-0.856207715945293+0.9956910209207243j)
(-0.8769972757905481+1.4530627996056595j)
(-0.8703740019500937+1.9079629094783725j)
(-0.8374962978273398+2.3604616602086614j)
(-0.7786037657303957+2.8106168718905358j)
(-0.693051862066592+3.25821427302031j)
(-0.5793488601144117+3.702464180998634j)
(-0.4352356829665137+4.141611990980671j)
(-0.2578855710240253+4.572427133325532j)
(-0.04435625970515056+4.989564854960857j)
(0.20750290255597056+5.38488001954864j)
(0.4974443071269027+5.746961448061362j)
(0.8203808614214941+6.061482547383066j)
(1.163470125533218+6.31332393136286j)
(1.504148393187441+6.491346594935064j)
(1.8117152034632173+6.595331270035124j)
(2.0546111850311237+6.6417570477943375j)
(2.211698004712601+6.663187733060862j)
(2.2809138197321404+6.699098366527053j)
(2.279034910816015+6.78305068744155j)
(2.233274006423878+6.934311151864823j)
(2.171240627530536+7.157408163529793j)
(2.114670299334517+7.446907860088527j)
(2.0778038533247067+7.793002874566525j)
(2.06857073472936+8.185452116213106j)
(2.090620698623625+8.615551114694545j)
(2.145144471651776+9.076744157929626j)
(2.232170232339562+9.564544537975603j)
(2.35137811649609+10.076199481995229j)
(2.5025730977248877+10.610320672781079j)
(2.6859469670425513+11.1665690715214j)
(2.9022238621803504+11.745418075968535j)
(3.1527517909454215+12.347993560778981j)
(3.439582801880679+12.975982673546305j)
(3.7655774435834406+13.631603012922527j)
(4.135368304934892+14.317167940611553j)
(4.5529900723047225+15.03657850433857j)
(-6.992277268544721+21.167534803136j)
(5.5622219094406455+16.59260546021716j)
(5.355479225877962+20.204687238336046j)
(8.246751627514907+17.861989933750927j)
(5.61635746497545+19.878274425854887j)
(7.878539676503387+20.53792898701546j)
(19.51767850061051+18.455013492927176j)
(16.01226229127758+28.77630224616914j)
(10.141438942637823+32.09452345785224j)
(14.590823821863918+38.205388248721725j)
(18.426349649024605+37.29443042675388j)
(20.55743048975988+49.9144445850414j)
(26.678986165537964+28.254896152456382j)
(23.54153375095729+30.951798932654885j)
(45.27016462332658+40.893754131861066j)
(43.481482502674325+13.812433740747593j)
(45.22241439494405+55.54002100238329j)
(41.030348211636074+24.177106146127564j)
(52.69433486706013+17.035886954954226j)
(36.44474789553348+27.20303396731377j)
(40.81734759282149+11.061568946840273j)
(69.25514553481626-1.7551536345318397j)
(134.30852966452272-12.743372275240775j)
(30.50507247170154-6.222165120899194j)
(49.2029316599875-0.9274328167894637j)
(29.316431795439517-15.37882420867879j)
(39.09803059795007+6.33858112335186j)
(43.525994238440234-6.695658319067752j)
(78.35376920024791-21.891060583096653j)
(49.89495613939081-4.072727072812537j)
(34.75260448954762-27.724704954941508j)
(39.697433960084155-22.168945885531198j)
(36.06990276325284-19.19618514670903j)
(32.28267797103656-23.17540360813664j)
(35.90626236773012-25.15933187277023j)
(52.83878614942884-37.78396629720521j)
(19.015090770542574-35.905910844474576j)
(23.026334112256883-33.82217535730994j)
(19.791773704979924-26.638654352100918j)
(8.751872687029982+203.07159276423056j)
(13.760308668486848-24.22396388663161j)
(15.348609488589073-22.626650570718436j)
(22.340988313252755-37.35526127130285j)
(13.855469249288548-19.72228770512148j)
(12.892780948212755-24.16545077397348j)
(9.289835792122613-15.587647079466397j)
(9.417099284429375-16.26641180281353j)
(8.521163855521552-17.278276892721227j)
(13.150532237463738-39.59050146333434j)
(5.368194741137948-13.030650270043802j)
(9.267306914446015-15.882774257194315j)
(6.723418185219203-16.227209968531724j)
(8.13975100657247-14.764970565351033j)
(-1.3485762103276142-8.165139487770299j)
(7.58014641294592-13.33199283295443j)
(8.443624715808363-12.510751639359038j)
(8.565796533996547-9.380254672588784j)
(7.7264518001449-6.656222592896972j)
(7.098852611253082-16.217506074408966j)
(7.882406233722185-14.590489818606125j)
(-3.3845488471649565-17.36718702591927j)
(9.957237572427204-15.026782311803936j)
(8.60291363557545-19.25121627791767j)
(5.633452213300404-11.066856795197019j)
(1.3568802957875947-19.200210400308126j)
(6.984264259826159-9.4406421359357j)
(7.347581731916954-13.414673106526266j)
(4.634084369138898-11.471180202601348j)
(6.925674343397262-10.583020806681327j)
(5.442585872847996-11.98891765470195j)
(6.106505527694738-8.819984780476265j)
(5.759833422919422-9.965644368173368j)
(4.798549388727414-10.007662425633665j)
(-1.1488345111929912-7.904899036633812j)
(3.6954645519587035-8.962688321663824j)
(3.6374677415259917-8.718517424459666j)
(3.5955647169716616-8.482077150020253j)
(3.5691587459439744-8.254497231023663j)
(3.5577207787885214-8.037040870443905j)
(3.5607020838785153-7.831195924218732j)
(3.57740385653579-7.6387477776793995j)
(3.606794511359294-7.461815934176206j)
(3.647271088536515-7.302822295679735j)
(3.6963786613797254-7.164343639115148j)
(3.7505368168492517-7.048792284396818j)
(3.804875839398136-6.957884998660924j)
(3.523337642770511-10.902959268652166j)
(3.8892280515579403-6.849048710630802j)
(3.9062282828517128-6.8247375391432294j)
(3.899781297982685-6.811959198628622j)
(3.8682954157347633-6.802132385391208j)
(3.813667247661731-6.786718971025264j)
(3.740815348188589-6.758866182966217j)
(3.65642796323189-6.714470048060777j)
(3.567479321881553-6.652364288583574j)
(3.4800530907895655-6.573782079869915j)
(3.3987249397128982-6.481482006515495j)
(13.348123539078045-7.436401023835893j)
(3.2648220684875113-6.26953576297795j)
(3.2143284680696778-6.156570838969629j)
(3.1747722940945597-6.042731529430357j)
(3.1455005230321884-5.93025744453169j)
(3.1256047890156053-5.820950885408994j)
(3.1140434482174597-5.716251008427302j)
(3.1097097379789784-5.617309672315314j)
(3.111461886360491-5.525056443469094j)
(3.1181279794788-5.440247426373972j)
(3.1284951504508154-5.363496128261158j)
(3.141290228990174-5.295285939480906j)
(3.155157669320219-5.235964107910896j)
(3.168640341465221-5.185717083110905j)
(3.1801694855106546-5.144527414137103j)
(3.188071522207657-5.11211357407954j)
(3.1906009791437273-5.08785672611911j)
(2.059588149540475-2.345916162851018j)
(3.172660364868233-5.059196467737956j)
(3.1491893597429392-5.051245274646709j)
(3.1147074650334883-5.044349957800366j)
(3.0690158397210183-5.035622132799959j)
(3.0127898041718404-5.022030749495892j)
(2.947671591094465-5.000726753213523j)
(2.8762159044284337-4.969420351312218j)
(2.8016608988526697-4.926731076068462j)
(2.727547332750549-4.872418581222998j)
(2.657261358076936-4.807424871144943j)
(2.593605924303213-4.733712104679915j)
(2.538495960155342-4.653941284933088j)
(2.4928285994784516-4.5710779983391765j)
(1.5305507852350946-3.71641305993855j)
(2.4286948931869214-4.407289004051901j)
(2.4078711145159604-4.330885395061001j)
(2.392243101305862-4.260182171820307j)
(2.379867972245898-4.195951513402257j)
(2.3688328593505146-4.138422892207655j)
(2.3573695490542748-4.087370021763451j)
(2.3439274164080435-4.0422044830324735j)
(2.327214223756097-4.002064862508605j)
(2.3062141869033406-3.965896131543288j)
(2.280191003583246-3.9325178187437895j)
(2.248681454120561-3.9006816154369863j)
(2.2114833216779064-3.8691199515331216j)
(2.1686399534644614-3.836587281134009j)
(2.120422795428437-3.8018956855582484j)
(2.067312587578243-3.763946162001463j)
(2.009979485437408-3.721756737218362j)
(1.949262062754801-3.674488369514329j)
(1.8861448600702406-3.621469468903768j)
(1.8217338083467516-3.5622197275837433j)
(1.7572284431604706-3.4964737353417137j)
(2.098954699905798-3.4274409090187197j)
(1.6329987003727473-3.3456459698459478j)
(1.5758116734323742-3.2613137226921243j)
(1.5234959752011286-3.172019078276613j)
(1.4770581774149854-3.0788727907991027j)
(1.4372569696432975-2.9832699760375267j)
(1.4045073176457143-2.8868474093027334j)
(1.378784781005816-2.791403907548991j)
(1.3595457223291159-2.6987775050115745j)
(1.3456849392348453-2.6106804274179307j)
(1.3355543395981153-2.5285046731042473j)
(1.3270611656214528-2.4531251853471305j)
(1.317849920086029-2.384739191101879j)
(1.3055503836070375-2.322782744713999j)
(1.2880517282558992-2.265954077402577j)
(1.2637494381372425-2.212348938016395j)
(1.2317150329252315-2.1596837283030634j)
(1.1917586500733919-2.105559669747646j)
(1.1443833675605775-2.0477145307048406j)
(1.1849942879828-2.255955887007067j)
(1.0320331442202977-1.913594376129752j)
(0.9701811709811248-1.834855174467137j)
(0.9068191801106742-1.7474861474109038j)
(0.8435999480415594-1.6513822619213312j)
(0.7820320203972406-1.5467696436617118j)
(0.7234378684491034-1.4341254211699388j)
(0.6689392135952997-1.3141068037655417j)
(0.619459924432516-1.1874944252190374j)
(0.575737979778546-1.0551510025358704j)
(0.538339755391007-0.9179938593117563j)
(0.5076716600640327-0.7769784623497411j)
(0.48398563754972757-0.6330893504292294j)
(0.4673762666688185-0.48733429317337046j)
(0.4577683247598999-0.3407369352435143j)
(0.4548950491955557-0.19432245764190514j)
(0.45826933475329434-0.04909005541031185j)
(0.46715312059648806+0.09403425440009619j)
(0.4805344017700205+0.23426994316985864j)
(0.4971261844081837+0.3710812153972284j)
(0.5154056925924008+0.5042974766686029j)
(0.5337121476939378+0.6342375509084524j)
(0.5504134528894542+0.7618063601815741j)
(0.5641333978404434+0.8885229365534193j)
(0.5740039399341665+1.016441693323565j)
(0.5798821174503717+1.1479517271222686j)
(0.5824640770139717+1.285478757521385j)
(0.5832508755862807+1.4311548477385836j)
(0.5843674225693883+1.5865396215326282j)
(0.5882852083713141+1.7524602704045127j)
(0.5975260158585473+1.9289941531949346j)
(0.6144168807913667+2.115570824717598j)
(0.6409355757790899+2.3111418392728305j)
(0.6786503605227624+2.5143637309271964j)
(0.7287330753683015+2.723754770666337j)
(0.7920155171403349+2.937806891043596j)
(0.8690617257832465+3.1550512302535845j)
(0.9602369731261284+3.3740856350786035j)
(1.065762904084075+3.5935759778935568j)
(1.1857549932100104+3.8122426825976845j)
(1.3202427521581375+4.028841633233156j)
(1.4691754182024783+4.242146058457254j)
(1.632416857972659+4.4509336853451105j)
(1.8097336936938142+4.653981597410117j)
(2.00078054127397+4.850069757914684j)
(2.205085895918968+5.037992969506655j)
(2.422041658868763+5.216580073542008j)
(2.650898581844268+5.384718446618209j)
(2.890769046929699+5.541381370222136j)
(2.9513428617100406+5.335446386324914j)
(2.404418691625431+5.6377581585941625j)
(3.665783843239205+5.934102346184434j)
(3.938584733028201+6.037223355091394j)
(4.2164923635311595+6.125878290018426j)
(4.498228000161248+6.20000368392753j)
(4.89529182494195+5.506569653516916j)
(5.068332815190341+6.305326796709541j)
(5.354512412783439+6.337276094004135j)
(5.640207103925252+6.356159381063995j)
(5.924703085722287+6.36267182433341j)
(6.207488901755667+6.357574449532395j)
(6.488274525667235+6.341646681988257j)
(6.767000794416756+6.315630511260731j)
(7.0438355174196525+6.280167696856586j)
(7.3191524919419875+6.235733023259598j)
(7.593490253299923+6.182568442494572j)
(7.867488851061415+6.120624704357443j)
(8.141805302150397+6.049518355578175j)
(8.417011456502545+5.968512334937302j)
(8.693481409426928+5.876527413579999j)
(8.971278684869638+5.772189241117386j)
(9.250055471966682+5.653911891779256j)
(9.52897658011181+5.520014066382715j)
(9.806679126334705+5.368859313367089j)
(10.081275363557003+5.199007737996955j)
(10.350401053083264+5.009364506879614j)
(10.61130628908494+4.799310498798612j)
(10.86098072393108+4.568802676927261j)
(11.096301590046682+4.318435654475594j)
(11.314191264147357+4.049460670205493j)
(11.511771416402498+3.7637628798415657j)
(11.686502677803546+3.4638017543388497j)
(11.83630165225496+3.1525220036269386j)
(11.959630350223232+2.8332436935613474j)
(12.055556179995186+2.509540245648893j)
(12.123783133542037+2.1851121192963294j)
(12.164656575289952+1.8636625427924542j)
(12.179145073968241+1.5487800171734851j)
(12.168803105525683+1.2438307226609455j)
(12.135718343260624+0.9518625763048718j)
(12.39414611304985-0.2607234701193987j)
(9.503191773501799+4.976975330606543j)
(19.149831567130878+2.7379898544058503j)
(12.169812995798209+1.0792282608887058j)
(7.232814293587795-0.0609515679880293j)
(15.357362505061978+2.277754080590559j)
(10.327605971755457+0.4080925508531446j)
(15.846190872686169+4.043496422946736j)
(2.1879156304314713-9.702589787695794j)
(9.488526280579674-2.1000311592506127j)
(18.149383197344495-4.744131563824051j)
(13.37536601813941-0.17777682908678347j)
(8.598975381787817-1.076783574267969j)
(14.469544461782936+2.866394215556859j)
(12.48094695308759-3.2152861377161814j)
(14.298764167953626+0.4917756313885394j)
(78.7296032905173+26.616260565374592j)
(15.828494551642311+6.117961058866961j)
(6.90613902719056+0.12287469254658707j)
(11.381360300693457+0.46437664198003603j)
(11.72783972464441-3.548331365395063j)
(13.295307338293991+2.6193401954810147j)
(10.091793937532215+5.2014589625737555j)
(37.46334884884196-8.152127991341008j)
(14.89563530243431-5.6780667955800395j)
(14.832242644497518-3.5677913346922803j)
(6.62064258141692+1.836381773203109j)
(68.4384334285342-35.23469853293973j)
(14.357639320309927-5.787863327829454j)
(9.35111812230743+1.8309168980003745j)
(12.794242746557819-4.431249137633775j)
(49.00880854891166+101.3918274453612j)
(12.3597462220533-8.10686012397475j)
(12.83497357571424-1.125386743438521j)
(0.7560536737721321+11.987338408520884j)
(14.595546289153704+9.767879449573044j)
(28.278984974833765-14.390364744485526j)
(8.615967219792179-3.3136909409421174j)
(15.310320486532824+2.870234982480732j)
(-2.979852608590731+14.62295227281055j)
(-137.37386559931232-119.902064471099j)
(-0.6830216804358077-15.26845503288896j)
(26.318060935103095-13.157666992274729j)
(11.387824136242044+8.571811502883856j)
(-11.695155582088873+13.906845417522128j)
(2.3736215648039907-1.1891980748894895j)
(30.956784690354496-39.227154358186944j)
(35.59164894334528+30.096157593790572j)
(74.91454735255795+82.04751303065296j)
(31.06545838292043+59.2087458946854j)
(14.665798065950696+1.7272923487285292j)
(8.287824330552938+11.33727504964432j)
(30.46037498238929+12.598029027361937j)
(-12.283073172700991-13.51723760142525j)
(6.02894376384074+1.7365064034916071j)
(3.1249272423392376-16.637529145966j)
(9.18109017369854-4.769276143968074j)
(8.637470620870284-4.590116547197915j)
(18.360020700890797-2.4852828506119753j)
(-61.78574914259206+56.08690191371262j)
(13.10438421960338-14.967141644669468j)
(19.431925295012288+4.912915820238988j)
(11.310245138013462-2.424694839910747j)
(5.648098155269585+0.3417456419479666j)
(1.7410466572838765-10.519883537378696j)
(10.587966093772534-6.108230323612425j)
(7.7497985116416395-4.1859371228931535j)
(-5.418129408023005-29.530059780494913j)
(7.003216268894658-15.908826356394124j)
(7.034889285493673-4.7860734647752565j)
(7.0617949497529695-15.43636045395984j)
(-4.35246973096762-4.44352910851625j)
(17.724815644413187-14.921650326612362j)
(10.625491140333324+0.3387289690509138j)
(9.449778243953125-5.892826041834373j)
(10.629472890477198-6.685524096633321j)
(9.10486976298969-0.9000656543043423j)
(11.085312351218779+0.8180911510702535j)
(12.601332588667628-9.461307731514912j)
(13.161070737351215-17.350422979455892j)
(12.08100484297976-6.240765879597208j)
(7.136569288197594-6.286150646174455j)
(5.836301557412102-8.322575741657937j)
(8.70294409221166-5.277985590893509j)
(2.9045871851035523-11.685717585804015j)
(1.204798138389903+7.233959116992852j)
(10.100126696695387-9.837428767324866j)
(9.28715085081234-12.591059478864624j)
(10.486792314537132-5.319716174616057j)
(14.661310801200255-4.746499350612725j)
(6.349080074066198-10.347894047619318j)
(8.90245551111962-6.715889705794842j)
(10.324422483997141-16.04523723711378j)
(-13.406801212162513+0.19053733584155497j)
(3.2200605658996384-7.584152983393493j)
(3.8668416588559777-4.747719269941167j)
(13.015276955246126+23.368876466602863j)
(9.855671355311134-3.839816651544142j)
(5.5322861381686845-6.2552523458606695j)
(9.101366812125681-1.890754211906977j)
(6.333174725392507-2.859614311563562j)
(3.9358290965313563-7.78005014211702j)
(6.276626372301387-7.50814737048583j)
(8.324174428818306-0.8810838427068977j)
(8.714758295181625-10.816478082213703j)
(11.306768572359225-7.608275749252988j)
(4.536130672081929-9.873724077012909j)
(1.9302933321727958-15.747392665671368j)
(5.6372225960706865-11.503625553939564j)
(4.33680292826607-6.403275589895384j)
(8.441608774563353-6.175178103724186j)
(6.498468588538008-6.332001993686071j)
(6.598954766202589-8.93690464919141j)
(6.026944854256174-7.865405062946791j)
(5.4486641980965755-6.967403141694961j)
(2.2111004240162315-10.620720228713939j)
(3.016328398491946-11.104030168956221j)
(2.282555037363096-8.642979330608613j)
(14.194425279573238-13.178131541409192j)
(4.680835459071765-6.560308622909424j)
(2.5025054457489477-5.471487806890673j)
(-12.825262338836167-13.512879570709417j)
(0.4653683750613767-4.068535906091994j)
(0.6836003231386654-7.618308852410159j)
(-0.13993379639561185-6.1821633922742585j)
(12.703646146482768-2.4886123879159996j)
(0.08900771655116704-7.7638586563280505j)
(13.195222148627238-22.180423394452514j)
(2.4041533875506063-5.985319194573249j)
(3.983846373556927-7.45988980060329j)
(1.1022722480772187-5.524500692946902j)
(0.7312193134783115-6.798674366786556j)
(0.6145501990032832-6.603456511127381j)
(0.5125033056045523-6.41397650132951j)
(0.4222889610836121-6.231302862237507j)
(0.3413110487473061-6.055722075421834j)
(0.26734494692996863-5.886927610546207j)
(0.19862059848506597-5.724225033106714j)
(0.13382808688057005-5.566717449475934j)
(0.07207094318629657-5.413451709884503j)
(0.01279173535378665-5.263519676374207j)
(-0.04431075264805336-5.1161180123734615j)
(-1.1169104671777734-5.809017922994742j)
(-0.15236801949834095-4.82634951308548j)
(1.0392833868103786-2.4576466975623132j)
(-0.2520521817492032-4.540265890741537j)
(-0.2985907295198084-4.397820192610367j)
(-0.34284503887198675-4.255462065479439j)
(-0.38476361031162504-4.1129796647478445j)
(-0.42429055467231835-3.9701512988239243j)
(-0.461345848410886-3.826731931293929j)
(-0.4958001778387157-3.682449401362424j)
