(0.7124436216044133+0j)
(0.3938198473441149+0.28658282376474914j)
(11.119548661413399-0.8823423763237154j)
(10.86710583479548-1.1619288051725645j)
(10.603485159900938-1.3648155505526862j)
(10.339420858504322-1.5004257176708196j)
(10.085224191324963-1.573579590843312j)
(9.85203705479189-1.5885215416899927j)
(9.651615683608993-1.5507236596917833j)
(9.495822266675596-1.467799353148336j)
(9.396027417596507-1.3500464605093374j)
(9.3624124188061-1.2108257865477399j)
(9.403094330829099-1.0668296033772287j)
(9.522980115100225-0.9381835656566002j)
(9.722283703128074-0.8482156900909829j)
(9.99473534180596-0.8226176993292785j)
(2.4570612288409883+0.09601276616729859j)
(10.690743347016086-1.0671347081957878j)
(11.055389329319913-1.3781325053941598j)
(11.377167356050903-1.826071012452576j)
(11.610429814256454-2.400515405271463j)
(1.30732315557702+5.197677506589673j)
(11.657306081232072-3.802266528601141j)
(11.429976893816791-4.5353368286957325j)
(11.039891808874437-5.22194195784494j)
(10.511935077863395-5.819978241777399j)
(8.677547785710079+2.962111413629554j)
(9.186414900065337-6.652068645110543j)
(8.463141066623391-6.87223766126235j)
(7.741363842818769-6.970358991419183j)
(7.043722957762464-6.960522316609878j)
(6.385919584175539-6.859058305037646j)
(5.777834453219098-6.682371723404757j)
(5.224900989062449-6.445680430415384j)
(4.729401615599109-6.162440984343118j)
(4.29153800792704-5.8442273543897825j)
(3.910238952500828-5.500874528221155j)
(3.583724983580753-5.140756645129708j)
(3.3098677765979914-4.7711182201555316j)
(9.138459556713268+1.314335058440277j)
(2.910875304172655-4.02860726040307j)
(2.7807829384542857-3.6674712269438032j)
(10.078921271167694+1.1731662213508678j)
(2.644524031459176-2.9943308465937206j)
(2.630255671533971-2.69409126544106j)
(2.6444491600720097-2.425763235417719j)
(2.679459774269371-2.194387364349831j)
(2.7257932017362356-2.0035721273290417j)
(2.7723422455206492-1.8545579398405285j)
(2.8071439200174813-1.74529675546186j)
(2.818681344109365-1.669865671077833j)
(2.7975331250922713-1.6185569948916436j)
(2.7379413674004547-1.578835876439882j)
(2.6387801615255704-1.5370425624516177j)
(2.503568039384676-1.4803892477901568j)
(2.339527575102458-1.3986647949784126j)
(2.1560490614867063-1.2852056874977342j)
(1.9630659356987985-1.137016318832184j)
(1.7697566491152126-0.9542243215133481j)
(1.5837631939941421-0.73919808035231j)
(1.4109061116975317-0.4956283770072367j)
(12.00940371347469-4.0981093956992805j)
(1.1194217177596526+0.060129670941049276j)
(1.004865000188164+0.36408896128934454j)
(0.9122626272577716+0.6806067827624063j)
(0.841773392945696+1.0066629711868407j)
(0.7932583371748287+1.3396835957074589j)
(0.7664352515773565+1.6774591044758966j)
(0.7609774716966228+2.0180429776496878j)
(0.7765643758446885+2.359643876652026j)
(0.8128888044140647+2.7005195225439995j)
(0.869623671530742+3.038879081698126j)
(0.9463477059808124+3.372802352571314j)
(1.042429866540069+3.700188134709148j)
(1.1568751653796572+4.018750007811334j)
(1.2881432730053957+4.326083447406093j)
(1.4339666746700621+4.619829938426169j)
(1.5912161373370033+4.897955506075336j)
(1.7558813995811176+5.159136219571295j)
(1.9232407744023587+5.403199346330231j)
(2.0882672092307235+5.631515481564744j)
(2.2462504601753635+5.8472004944817995j)
(4.684399433748679+5.747868529227647j)
(2.5280788128198517+6.260827196549477j)
(2.6499495366374712+6.471010778083985j)
(2.7611355146592382+6.691504763094761j)
(2.865225522640537+6.927223176538833j)
(2.966797186370579+7.181676036851179j)
(3.0708028859031686+7.456919384679041j)
(3.1820800087261207+7.753746099578639j)
(3.305048478892981+8.072001556617934j)
(4.646570375278477+7.703175655173937j)
(3.6010594279275625+8.76941102197941j)
(3.7803904616455988+9.146277238425377j)
(3.9842259719077235+9.540344701360878j)
(4.215069170835632+9.950534337707445j)
(4.475424726694932+10.375879856474421j)
(4.767929216580313+10.815508834699974j)
(5.095470347618457+11.268595467453048j)
(5.461297708309928+11.73428885904565j)
(5.8691278809534095+12.211615843895304j)
(6.323910990486618+12.698715862020947j)
(6.829657913222615+13.194731287933882j)
(7.392253546968317+13.697206921282191j)
(8.018171169021162+14.202935139612142j)
(8.97345581771502+14.990947985875499j)
(9.489540017507691+15.20478877646702j)
(10.35128175553488+15.686728757390059j)
(11.329415742151271+17.567857220943157j)
(13.518511677766982+15.948151804009948j)
(9.969442512822605+17.638946952460113j)
(1.4156244710610077+32.18455779852072j)
(18.697075220746708+16.665305543931694j)
(25.360728472390747+20.38134090194431j)
(29.0565492946007+14.913663202219517j)
(24.114664469344643+21.835228385264813j)
(19.434820620848626+10.376808354386217j)
(39.434454145166406+30.10372597708964j)
(28.482800870914748+16.464130128772542j)
(34.16154394916359+21.228646075330367j)
(22.83476326185638+10.274641553936563j)
(46.97001678728741+14.729745134268981j)
(27.382521439092883-4.309797721023479j)
(56.607306967939806-5.4533196025361725j)
(40.47619427159391-1.5959186286086424j)
(33.25019375547464+1.8178766689905232j)
(33.40831784476519+3.9455287697780763j)
(34.31528647309517+1.2998094998442993j)
(32.83288903425739-5.721824507515521j)
(50.330417774764-4.539729059313941j)
(32.28871751476315-4.387689503449229j)
(30.523769960429014-8.624959553964699j)
(34.592801184256345-4.0301214489227855j)
(31.554382970147206-10.635774440431756j)
(36.84004815626249-13.430917652306858j)
(27.56465182391605-10.825819383190064j)
(29.601521468006137-10.305707245718127j)
(27.443192698466117-15.885333809230994j)
(22.254319654389164-21.804656348892955j)
(40.04723224227886-14.084143240158275j)
(33.69586571360016-24.08431429562834j)
(22.222130768634663-15.925975510877056j)
(14.913651348806967-19.16746765248804j)
(11.150351789439044-21.130474693974406j)
(9.257638959101198-13.627721331067255j)
(15.08830221276872-17.892856113318498j)
(15.028811727970442-11.922420570811084j)
(11.033206376515462-15.292350691133745j)
(12.2738163533335-14.08755403480622j)
(14.788546917448206-14.347666433023893j)
(11.34961143817222-15.10190704317261j)
(10.6548275364937-10.851614586192058j)
(21.924615648435203-37.59402020816118j)
(10.022024636808375-11.954424964978497j)
(10.602003032023935-11.610418545118758j)
(6.151499760338493-10.628668079710065j)
(9.458048021403917-12.919887509076343j)
(11.931415598960855-17.296908358951445j)
(10.69539137552299-10.725589414537321j)
(9.221662704045286-11.603033649960636j)
(10.264224462114537-12.850843703818096j)
(9.328586959854151-12.360398827846842j)
(5.779801766505742-13.837200840835012j)
(12.618570694636881-23.255778401451213j)
(4.68586785265202-10.83647675847415j)
(0.08124983750068064+1.115223794003421j)
(6.004696206715637-9.63531929628622j)
(5.76993189672354-11.771884459792j)
(6.217194397847301-15.267522034471545j)
(5.973798807791385-9.908343915770386j)
(5.792497290384326-9.733123171330325j)
(5.621508313562902-9.55328991962653j)
(5.461846206634842-9.370016274854857j)
(5.3141563613983465-9.184571817147088j)
(5.178773493053371-8.998239622097108j)
(5.055782220740054-8.812266378438055j)
(4.945071021000185-8.627838448795645j)
(4.846374809938285-8.446075838605347j)
(4.759304213504381-8.268036999418863j)
(4.683361305099862-8.094728497765054j)
(4.617942645754384-7.927114469588641j)
(4.562331260889464-7.7661213480846145j)
(4.51568007359792-7.612633682188514j)
(4.476990538903627-7.4674771935086j)
(4.445091892411411-7.331385934904566j)
(4.418628405136806-7.2049520078912765j)
(4.39606382448707-7.0885592567481295j)
(4.375712833137835-6.982306914982395j)
(4.355807581935445-6.8859349185582746j)
(4.334601968986349-6.798768077811831j)
(3.8367139095496077-7.096564273055287j)
(4.282240222749346-6.64722692792211j)
(4.248959078035444-6.579559185353484j)
(4.210352082831502-6.51476725768703j)
(4.166659840703428-6.45097212034027j)
(4.118620825925557-6.386524331168524j)
(4.067352626338846-6.320144778117857j)
(4.0141954323706175-6.2510036857563875j)
(5.366549216251167-7.157696858418575j)
(3.9077372918787416-6.10338007225526j)
(3.8568973488288814-6.025330321983804j)
(3.8089299865084083-5.945207416436961j)
(3.764474047748936-5.863781509976459j)
(3.723914280277855-5.781888715892888j)
(4.310091263180925-6.493815354715869j)
(3.654903810087268-5.620022243741539j)
(3.6262011356075754-5.541578992249418j)
(3.6009544136468374-5.465683054836813j)
(3.578712458705712-5.392880949957573j)
(3.558937497200501-5.323615511124802j)
(3.5410231713596843-5.258220919720263j)
(3.5243103156439015-5.19691754459213j)
(3.508102233744261-5.139805774281503j)
(3.4916812739582697-5.08685882890939j)
(3.474328374625043-5.037915318984813j)
(3.4553469049059164-4.992673079189222j)
(3.4340915057614727-4.950686505791806j)
(3.4100016897208465-4.9113701634394245j)
(3.3826386813287814-4.874011629657407j)
(3.3517224693040295-4.8377961972402455j)
(3.3171645400548164-4.801844955831013j)
(3.2790906695920325-4.765265842538358j)
(3.2378479578238464-4.727214641618956j)
(3.1939914225591406-4.68696009340314j)
(3.148248076099836-4.643944990222638j)
(3.1014601619114592-4.59783422302304j)
(3.0545133072362605-4.548541787699559j)
(3.0082586279067107-4.496231800065927j)
(2.9634392897090467-4.441292955532842j)
(2.920631202150691-4.384290452148253j)
(2.8802046562768657-4.325902944659799j)
(0.8882916052104152-3.6488597816008714j)
(2.8068840937954667-4.207845346528203j)
(2.773679386916953-4.149503558480303j)
(2.742299478183641-4.092336397582446j)
(2.712245220944633-4.0367080618909705j)
(2.6829599156215935-3.9828277394191316j)
(2.6538716715344663-3.9307507875478773j)
(0.41013016870180374-4.339837235381578j)
(2.594136577065948-3.83153015288495j)
(2.5625665273464184-3.7838550651575145j)
(2.5293862820134443-3.736965547715684j)
(2.494363022037158-3.6904063726949796j)
(1.739000181028693-3.5198649660031402j)
(2.4183867713011815-3.5963167236279987j)
(2.3774969720182244-3.5478011316485474j)
(2.3348811620894825-3.4976865923419425j)
(2.290808141018849-3.445565700797616j)
(2.245623193577574-3.391095736275201j)
(2.199734027644878-3.334012604312931j)
(2.1535944023542406-3.274142531259264j)
(2.1076854990177853-3.2114111770728697j)
(2.0624951159403584-3.145849681331902j)
(2.0184948781110372-3.077596989277878j)
(1.976115865331393-3.0068976474580307j)
(1.9357233931005307-2.934094158940947j)
(1.8975921262315718-2.8596130085031857j)
(1.8618832311621627-2.783943685942728j)
(1.8286257977102447-2.7076105226646368j)
(1.7977051507164281-2.631137954236927j)
(1.7688607503518308-2.5550109025032857j)
(1.741695965900274-2.479633204392454j)
(1.7157009788629711-2.4052881542924696j)
(1.690288443359316-2.332105939156306j)
(1.6648395167452636-2.2600426972232373j)
(1.6387558804519913-2.1888749150806284j)
(1.6630675219520759-2.4234292427773263j)
(1.5827007529522743-2.047518812002686j)
(1.5520686408283686-1.9761672215447348j)
(1.5195340036303813-1.9034741659778132j)
(0.3323165664262866-2.468775598708655j)
(1.4492916306860872-1.751380651611175j)
(1.4122315650405624-1.6707916525361943j)
(1.3745075242469031-1.5865487067759247j)
(1.33668717484532-1.498335943373805j)
(1.2993734423711047-1.4059678083085327j)
(1.2631732785915009-1.3093849531416983j)
(1.2286713823119275-1.208643921596113j)
(1.196409359149703-1.103902973450783j)
(1.1668700187678598-0.9954059748374762j)
(1.1404660330298315-0.8834657136394374j)
(1.1175319923459566-0.7684474009417698j)
(1.098318946739241-0.6507525830254878j)
(1.0829907442230482-0.5308032650944814j)
(1.0716218305632372-0.40902576760112j)
(1.0641966079569576-0.28583372123886486j)
(1.0606109218492576-0.1616096823008428j)
(1.0606766973933643-0.03668514427342681j)
(-1.8038375217568208+4.121418174130307j)
(1.0706516738438985+0.2143226914482371j)
(1.0798788185070942+0.34018899778427436j)
(1.0914459153280582+0.4663566674431804j)
(1.1050165037085298+0.5930383778295133j)
(1.1203258832500456+0.7205778763349001j)
(1.1372228637948494+0.8494313022322579j)
(1.15570599523887+0.9801338984744423j)
(1.1759483227852396+1.1132542632272275j)
(1.1983058698113693+1.249341050575329j)
(1.2233075963177917+1.3888690063740439j)
(1.2516279200361706+1.5321916963879016j)
(1.2840460634158528+1.6795070034163455j)
(1.321398568943589+1.8308388119189947j)
(1.3645317842190738+1.9860351027674346j)
(1.4142600244973782+2.144779885428796j)
(1.471333026614986+2.3066146648919585j)
(1.536413956290671+2.470964678722675j)
(1.6895381178215192+2.753646536065602j)
(1.6927542951093635+2.804488654936297j)
(1.7848344724138991+2.972159802301443j)
(1.886569123795642+3.13937715138294j)
(1.9981265544807008+3.305322483504741j)
(2.1195867493070004+3.4691705640372787j)
(2.2509451374928164+3.630096434563287j)
(2.3921152598830204+3.787281861204177j)
(2.5429305832472124+3.9399217776631916j)
(2.7031459509533873+4.087231282106561j)
(2.8724392717835157+4.228453448683631j)
(3.050414050133171+4.362867935514877j)
(3.236603276409522+4.489800137114356j)
(3.430475052545359+4.608630456239963j)
(3.631440150602666+4.718803165057861j)
(5.52431612071986+15.107264663135645j)
(4.052065563037636+4.911317950310073j)
(4.270354932882454+4.992930727220898j)
(4.493022335217271+5.064433563905761j)
(4.719364936143993+5.125671007159049j)
(4.446413157950676+5.3517152972228486j)
(5.180372527910905+5.217120908018453j)
(5.41378023181081+5.24739251368107j)
(5.648371895122761+5.267494867286765j)
(5.883661692796574+5.277576457903962j)
(6.119232769988996+5.277804377794086j)
(6.354738009794895+5.268345339650087j)
(6.589896094820199+5.249345944435052j)
(6.824482358081371+5.220913328043704j)
(7.058314181968191+5.1830975695814026j)
(7.291231084955042+5.135877440149258j)
(7.523070122777266+5.079151154961372j)
(7.753637787400473+5.012733711335331j)
(7.9826801518039945+4.936362111953672j)
(8.20985350034511+4.849709273822179j)
(8.434698014651286+4.752406730862866j)
(8.656617173926277+4.644075413364222j)
(8.87486532381627+4.524362926044151j)
(9.08854535947783+4.392984964190872j)
(9.562894891292872+6.5114892825227475j)
(9.497920750055272+4.094689431737668j)
(9.691202146793993+3.927913666045453j)
(9.875158933152775+3.7498184986025116j)
(10.048484325235217+3.5610124113026687j)
(10.209918041504137+3.3623397667212562j)
(10.358297097108796+3.154874034379156j)
(7.93189661722603+2.258303547958559j)
(10.612010081000864+2.718882086080477j)
(10.715910710995923+2.493432736333136j)
(10.803952783870969+2.2652626223968584j)
(10.876051693916173+2.036135240205057j)
(10.932398613010756+1.8078158917029457j)
(10.973457833345822+1.5820211541930969j)
(10.999954725450367+1.3603700526606233j)
(11.01285504651562+1.1443384627589899j)
(11.013336472504527+0.9352180129566428j)
(11.002753289012462+0.7340805339832043j)
(10.982595189718943+0.5417489406234672j)
(10.95444112987858+0.3587753326435624j)
(8.97096541793109+5.522793893480479j)
(5.137500062412333-0.7005768945806692j)
(9.546745390219755+0.76836236034266j)
(13.340710841843784+2.1666306024933872j)
(11.365990528784065+1.5465764922922602j)
(6.840602484170921-1.5724299538900555j)
(11.226385862437764-1.7125264614235727j)
(15.033357562787055-2.4209713353735616j)
(10.003654471381308+1.0587267139272285j)
(9.265435816931458+0.9942590011134339j)
(12.045808988377141+5.61070444781932j)
(34.41850364363579+13.566678985093025j)
(12.561924908410685+0.31112747229473126j)
(12.864209642336364+3.728617048135971j)
(12.579640459149935-4.426215317574478j)
(23.93381007095513-35.54486021693403j)
(7.971271909558031+2.6449101811009457j)
(10.853210394051786-0.011352613139417444j)
(13.26064425892162-5.6610982184852014j)
(9.135547337757421-2.6364156194577175j)
(4.446014837513662-9.166077719088523j)
(5.932220294290696-6.750675822373012j)
(7.101016399673808-0.5160943910019741j)
(9.475153005522063-5.8514543345801j)
(5.486909841609904-2.1943722935149887j)
(20.05473265225292-8.732140698437412j)
(13.341201480491234+7.334845707239612j)
(11.68128981532976-7.717442641482586j)
(15.093253055194493+5.5135947457162375j)
(128.40253925853366-9.491457553182414j)
(-7.36675069748816-25.32494669135385j)
(-7.123889959358502+4.8166404226388115j)
(8.997433991395708-3.8434466632578883j)
(-34.104039134746955+101.7466358408514j)
(-12.564646546045182-14.619502124547676j)
(7.653738929983997-3.2377609222304082j)
(3.712435166308611+0.25779679300654607j)
(25.36240507280503-6.999930167072996j)
(6.698055115245814+0.7589144581118945j)
(10.137614114872102-9.057481173657427j)
(12.221923571545734-0.3625406461491185j)
(10.51363394996907-4.836610528900381j)
(19.76388020601643+2.5509077648835916j)
(20.123551418039558-1.314411263313594j)
(15.24177543232465+1.612886348504753j)
(3.3391900316031777-16.2257028368934j)
(7.771156329797624-4.125631946663529j)
(48.0442458541751-11.651189695169107j)
(3.8304652437964326+8.331373871147742j)
(6.052941821679942-6.115708567198831j)
(-28.32526096315296+17.437466944785342j)
(-2.12843431430892+3.60382655632082j)
(-19.87268603102924+15.788348166384875j)
(28.731186974185462+6.347292203109692j)
(14.285262347240671-7.557801593970322j)
(11.387992247215838-8.15265052828279j)
(16.89657952302148-0.6550701424725959j)
(9.732783045487617-0.5122823007353579j)
(17.919222683837617-5.584578259917114j)
(7.364787368802077+3.0361684261845308j)
(9.105172241970164-7.981734457709727j)
(9.18630364004648-1.40958216588439j)
(11.563304469898366-4.929602340367714j)
(0.34455191386190154+88.29191939606977j)
(20.48663368818208-24.41878007737598j)
(9.226543449994724-8.732399450797583j)
(11.868977175747922-18.183616885368515j)
(7.285035572917657+0.8069430252020391j)
(3.138274945091181-10.505103535932518j)
(11.710422660518645-0.7162565709124663j)
(7.837692599421672-3.7417295998499633j)
(12.193687753118057+1.3756139408896475j)
(8.229201745185891-6.806950373437537j)
(-19.56341392647079+11.110805860212636j)
(8.256628399669845-4.51155625641782j)
(7.359456704075265-9.771023944996477j)
(12.131378447372137-4.349769216044515j)
(9.54480655148086-2.6853198189624528j)
(-75.5275631316638+1.0257559071580415j)
(14.490451258258387+0.48151159316601705j)
(8.657343128955613-6.363506144656188j)
(9.4612272445062-5.374103499251002j)
(6.491072794528845-6.4400087390640826j)
(19.685038176712872-17.447447525768112j)
(6.335454670445872-6.766489868848846j)
(-0.20751624314886516+50.45820841670845j)
(5.594178846931001-3.687348104085271j)
(5.777599513147335-10.887722274418607j)
(7.324645972606337-4.463045913825232j)
(7.59859564918763-5.265198271594798j)
(4.489383988272784-8.204795210463509j)
(7.964390661481101-5.343201286868233j)
(9.907878305488417-9.113872560247366j)
(4.836091708977606-7.895219942785148j)
(6.42747529136224-5.15961717487807j)
(7.907231903508395-6.43161714696755j)
(6.443677407422816-7.944301015269207j)
(5.2143461395394946-4.453383884486137j)
(7.272330436534255-5.251861618755846j)
(7.8329926891289015-3.746566204786099j)
(5.593958386321516-5.751507552386995j)
(6.152725336732705-6.128828391652178j)
(3.314448231870739-7.237712667466891j)
(6.3345104471211195-6.422776256673257j)
(4.475133263180572-7.433407667313763j)
(5.978280536727169-2.4629730130101337j)
(3.16531256905058-7.629640811023884j)
(9.620276013570896-9.067083992629948j)
(11.612384578563104-7.192414850914096j)
(4.04698822484173-7.430978165131422j)
(9.723443290674801-11.644843358618377j)
(3.697911205904249-7.411123353192909j)
(6.961117504143951-6.333326345236029j)
(-4.3201403478483975-3.767414129441107j)
(3.3842694583689092-9.155657909310001j)
(7.8495062810680665-9.755974064389509j)
(2.810764705027537-8.349248602725575j)
(1.897399642202311-7.334723616960338j)
(5.612482508959158-4.397630716274978j)
(2.274431937012876-7.293542345755448j)
(4.351707592916153-4.523876137867041j)
(-27.015550071596987+0.08022623882381294j)
(7.5707647949630195-6.623048438606108j)
(-0.22149339758889625-1.8989412319918075j)
(1.0593454909207047-6.535434419887646j)
(-0.07772059922472159-9.048843640166321j)
(5.8064105539718796-6.926874761049265j)
(1.2749843238611556-2.7637303922920995j)
(1.4018080517723364-6.063210555293332j)
(1.288989653278013-5.923692414148917j)
(1.1844768940655714-5.784056725762786j)
(1.087508323689556-5.644914400684191j)
(0.997321055048142-5.506675668072667j)
(0.9131935673979248-5.369576850998763j)
(0.8344751337019972-5.23371365726745j)
(0.7606024050232812-5.099076006610741j)
(0.6911051269730023-4.965580577488609j)
(0.6256036981711797-4.833098627364709j)
(-0.669391074811024-5.959494777151519j)
(0.5054740326549502-4.570558657444174j)
(0.45045859245482944-4.440183917082595j)
(0.39864327112534986-4.310205766632085j)
(0.34995898158462785-4.18048813651304j)
(0.3043733364549551-4.050907805667628j)
(0.2618869784960316-3.921354663913595j)
(0.2225319897957866-3.791732297660982j)
(0.18637180446560997-3.6619597338076115j)
(0.15350183256791192-3.531974918628706j)
