(76.03510217411291+0j)
(67.40956562928311-24.158334847993906j)
(50.06716152473164-36.17809771114592j)
(34.59625618756359-38.05274992177035j)
(23.672436961442724-35.43994490788573j)
(16.417385531757937-31.52168979611406j)
(11.603298182257612-27.526402015115227j)
(8.356617297308738-23.832336060877115j)
(6.132083629985638-20.507125151721095j)
(4.598478139471704-17.51607015754757j)
(3.5548836208140195-14.796557814826567j)
(2.8804499411999425-12.282921125506999j)
(2.506206088760764-9.91337418796749j)
(2.4003987504819224-7.630622366887306j)
(2.562783273322154-5.380520838874251j)
(3.0262784981451567-3.1108083692126898j)
(3.866958018475078-0.771944692656569j)
(5.226330983610938+1.6754121580685084j)
(7.353671929633813+4.233447836540086j)
(10.677040567530456+6.7830791118946445j)
(15.879280992041576+8.836594864538506j)
(23.727700438064623+8.899757854437615j)
(33.522980134240335+3.5898056785964423j)
(39.22547666127606-9.789049400875845j)
(33.66765492057688-24.15576150429579j)
(22.321555035946293-30.170198595560656j)
(13.024228837908554-29.628030124492735j)
(7.071874326475638-26.83677312360859j)
(3.4324892212736784-23.75975219168232j)
(1.1685997921193085-20.965050300503556j)
(-0.28557570257193726-18.545809607752687j)
(-1.248710786511326-16.465267960606482j)
(-1.9017606834683534-14.662341720911735j)
(-2.350505417997557-13.080360726045793j)
(-2.6587860406559987-11.672879457619828j)
(-2.8661942796452715-10.40313762569067j)
(-2.9976987684658214-9.242136245468926j)
(-7.419748384897729+7.129626465823582j)
(-3.0895930894321992-7.158094233148575j)
(-3.064347343058314-6.2004720567276195j)
(-2.9943820216941335-5.280321174639963j)
(-2.8771754947889594-4.3856375741681j)
(-2.7061250296651918-3.5055650297032472j)
(-2.4693969667887803-2.6303548962560335j)
(-2.147810984342563-1.7519835883788273j)
(-1.7113141515014914-0.8661850753640371j)
(-1.11352264488007+0.022290125116187328j)
(-0.28448546714072526+0.8869773931208418j)
(0.8740642848436114+1.6504870168213102j)
(2.470066480019299+2.124066933407905j)
(4.509953947720995+1.9203038925301683j)
(6.58257772611046+0.49591887660830725j)
(7.592568208255968-2.2276489542958426j)
(6.6707161711400245-5.057571175922839j)
(4.499438094420151-6.611815366405364j)
(2.313805601588309-6.812758497633092j)
(0.6473485095644285-6.264979432509995j)
(-0.500721837608067-5.436360435437113j)
(-1.2683267076111864-4.550964022459619j)
(-1.7793845853424248-3.694482683006762j)
(-4.61905634554439+5.208029041560773j)
(-2.345305324744393-2.1470106738998678j)
(-2.4913998411723797-1.4524355402140203j)
(-2.5810556088011727-0.8007797110998771j)
(-2.6292471046656374-0.18417482358774384j)
(-2.645840269279023+0.4045294013764255j)
(-2.637321878270355+0.9716681573432376j)
(17.27236026781321+10.798874757853081j)
(-2.559812509690312+2.0632320193808558j)
(-2.4942503319485376+2.5974928049862767j)
(-2.410862340796073+3.130205643309704j)
(-2.307967859618965+3.665874410973864j)
(-2.1821915816419493+4.209042188820526j)
(-2.027872184509437+4.764269282721095j)
(-1.836056288118428+5.3358606565389355j)
(-1.5928859150485066+5.92701385445018j)
(-1.2771820345875085+6.537635027570731j)
(-0.857358749776421+7.1591669246709015j)
(-0.28946991446437653+7.763143330286794j)
(0.23548709269653356+7.019712302407398j)
(1.4562541905802586+8.563235747009914j)
(2.53726685650807+8.409235156333109j)
(3.3752620110034366+7.713496545042599j)
(3.585574895608848+6.7464421706120685j)
(3.175634159977936+6.010255451602123j)
(2.5005975206397864+5.749030344103568j)
(1.8578622162193115+5.8860084103133365j)
(1.3583339259720177+6.261801707765022j)
(1.0071933387586276+6.76004568890754j)
(0.777598098314933+7.316675200750683j)
(0.6408637034745787+7.900772754498481j)
(0.5743107123396546+8.498991092462086j)
(0.5616565291971453+9.106731985261751j)
(0.5916737306114922+9.723672598936492j)
(0.6568124197672053+10.351585444604956j)
(0.7521491404258864+10.993296477083712j)
(0.8746548778740978+11.65219888141153j)
(0.8460655143873892+11.874239955768141j)
(1.1957105433464073+13.036829199740618j)
(1.3939128740431852+13.770844913456749j)
(1.6180738245767332+14.538653206406897j)
(1.8697600746183591+15.345034928358046j)
(2.348901825861865+21.28845077318991j)
(2.9120399749567407+25.183140896959834j)
(5.139350268478473+21.241534879477705j)
(2.2961664868129694+48.044062355872185j)
(3.6037580400298155+21.062397048324705j)
(4.457986761781234+23.253559887850525j)
(-0.8163266025937346+36.31034831368145j)
(4.848928515743915+33.53613119638162j)
(11.473495621293013+27.994814561415453j)
(11.378456818617737+22.158132169117664j)
(9.379541748794734+39.760633371892695j)
(11.057523568938375+36.49597102862373j)
(17.912292628287606+40.83212405510362j)
(19.4968753237362+40.51076519107192j)
(11.266145099526922+50.04363530268911j)
(24.604332646134758+80.05721210713008j)
(19.048094771090803+57.003350480017225j)
(71.17019823156221+46.57914418713549j)
(99.04957038328143+55.00293581912156j)
(61.387639920528855+31.14899762681091j)
(45.18913439400941+30.206393196877524j)
(-88.75007435917995-107.90311309314222j)
(55.48859783951885-44.64785407368243j)
(139.90524688176527-71.4875671322187j)
(57.709259079457134-10.604341725866652j)
(53.96103573364135-44.52853824859382j)
(21.899816472120573-32.45382428052826j)
(42.12382014833182+26.527382017764307j)
(48.88760954812708+12.692425515031703j)
(35.21248525518052-8.163528328454268j)
(46.60806194838869-7.351543099542044j)
(12.600347778221055+10.38620200941918j)
(77.22023789084385-37.59979827653959j)
(36.28104872260073-96.0976366807669j)
(38.89874667025717-46.39468719885838j)
(284.53864967009457-260.28820662033576j)
(33.141492390355786-44.415545843708784j)
(14.154344044662487-41.468911461134304j)
(24.055817253786344-40.80971523185867j)
(12.627348845758002-38.8150242400111j)
(13.061995401183957-40.76747705501776j)
(-4.858317933373726-40.753710852540664j)
(7.431750495418862-27.744028232317984j)
(8.820076413128733-26.918607848875904j)
(-5.901973951113292-27.56150750925755j)
(13.471948246060773-31.297044899083637j)
(2.6099067899529604-15.798855202347655j)
(2.6497751514275047-23.225281813564358j)
(7.025907567855607-16.605046228643058j)
(5.904926851614255-23.739454655936356j)
(8.350694084572792-18.877552938944465j)
(3.8553595215685084-13.828204220786047j)
(6.728455142180618-15.286608034975941j)
(485.5277311574085-114.14959739383421j)
(-0.6319630137772171-11.834690671263465j)
(7.205492486343233-12.037856100668769j)
(6.265951245084248-13.65370046465763j)
(5.8126131569421515-11.469302173577631j)
(7.876079127511019-10.793174082061952j)
(9.632504633496703-10.822835870548682j)
(6.944939102482015-11.077229424397299j)
(6.852089152287335-13.620937151748217j)
(15.936236367238015-28.51389801470669j)
(8.842958524575474-9.106507022945431j)
(8.566482812570861-15.0149458295664j)
(2.9127862304049765-10.77120934959956j)
(3.7853690185591526-11.77124363625368j)
(5.9511427898697145-13.597503997780224j)
(4.837995823451502-15.548720468620898j)
(4.463203626900973-17.37601822341016j)
(5.40061394263614-9.266109591017681j)
(2.4952141973569355-14.075061732075953j)
(3.6323392428082704-17.52938248254527j)
(5.7629376213040455-10.789002702992201j)
(3.03848622685215-10.160273246212565j)
(3.6612526604855753-8.779830721618625j)
(3.11563957854099-14.089893447263467j)
(2.036692671464304-8.078748459854678j)
(2.495999927938428-8.32392021754447j)
(2.5293559018415097-8.043849324520359j)
(2.5826168361788375-7.774604145647687j)
(4.135996861246897-8.506961303324056j)
(2.7565394887535644-7.276528320537207j)
(2.8818218244957516-7.0555531456584015j)
(3.035153216818717-6.862481327939863j)
(3.2160622642596928-6.708261675478987j)
(3.4192179659412543-6.607271882522373j)
(3.6306450749725645-6.575392646732915j)
(3.824354776458178-6.624275745510561j)
(3.963583884544839-6.751353008198791j)
(4.011731113856667-6.930487022845506j)
(3.9511591169617377-7.1140113790510275j)
(3.7956630174190558-7.251280556253078j)
(3.5834093599079484-7.310972480170894j)
(3.3568088241394185-7.288905382441315j)
(3.146872201821606-7.199750417231487j)
(2.969482084989126-7.064450919630862j)
(2.829133637175303-6.9020315989777865j)
(2.7240528533618065-6.726724222752365j)
(2.208027397994623-9.906183873751509j)
(2.601887471585502-6.372188638283102j)
(2.575535472951656-6.20266096145382j)
(2.5671102565368837-6.041699604900337j)
(-6.862414196628268-8.456929910356779j)
(2.592410918354479-5.750267978411327j)
(2.6216655528868102-5.621257946621087j)
(2.6596381738691854-5.504136449572629j)
(2.7048469720935833-5.399470860586662j)
(2.7558952764098827-5.307904689000825j)
(2.8113591432351948-5.230183059491601j)
(2.8696724428200993-5.16715211256343j)
(2.929004735492284-5.1197283903348225j)
(2.9871302871081067-5.088827698744267j)
(3.0412929437902827-5.075236222802822j)
(3.0880834417651317-5.079400838744685j)
(3.1233656887556345-5.101114093479827j)
(3.142317926996101-5.139079811892087j)
(0.23166298116524925-4.332604504303561j)
(3.1103904266345372-5.249942532251468j)
(3.050512216869187-5.310210983652389j)
(2.958704537606988-5.361364619249029j)
(2.8375913043372196-5.392406627807309j)
(2.6945724000674707-5.393211733858649j)
(2.541312795718807-5.35706454308498j)
(2.3916760432874455-5.282685538963745j)
(2.2587122008573526-5.174729692098391j)
(2.151928905162258-5.0424653738815435j)
(2.0758988663512388-4.897304454526895j)
(2.0304446008249646-4.750303209412178j)
(2.011882489612151-4.610463428699595j)
(2.0145731522683827-4.484046527551236j)
(2.0322375205090535-4.374659117110734j)
(2.0588325068255635-4.283734966358287j)
(2.0890146742600155-4.211116185283213j)
(2.118313484302475-4.155571144553897j)
(2.143137365994247-4.115192577039745j)
(2.1607022704266194-4.0876778810536765j)
(2.168936258156133-4.070516459036492j)
(2.166386862883627-4.061112182269925j)
(2.1521415272623474-4.0568642883114405j)
(2.125762734076234-4.055223350775661j)
(2.087235677820437-4.053733019716508j)
(2.036925280675405-4.050063789718317j)
(1.9755396758960528-4.0420421093193495j)
(1.9040981509396238-4.027676445628422j)
(1.823902503704496-4.005181175584951j)
(1.73651155595397-3.9729991430203855j)
(1.643719024862947-3.929824201391299j)
(1.547534949547873-3.874625896309812j)
(1.4501702702092443-3.806679482339099j)
(1.354022789179938-3.7256055356342332j)
(1.2616603758506049-3.6314242317542478j)
(1.1757936511094282-3.5246293920878626j)
(1.0992253372468095-3.4062857490769187j)
(1.0347572448750693-3.278148047406668j)
(0.9850298342932743-3.142790491453487j)
(0.9522669258462871-3.003717507923189j)
(0.9379062040035461-2.865401398678077j)
(0.9421245419233969-2.733164347390561j)
(0.9633245435042199-2.6128073246582018j)
(0.9977308387551443-2.5099154164181505j)
(1.0393176533666602-2.428868065093756j)
(1.1929794913545508-2.83409621522131j)
(1.112147440732668-2.3375385066370686j)
(1.1272355575425181-2.321919524055955j)
(1.1201236038083675-2.3179767022457782j)
(1.0884971579260763-2.317507803628751j)
(1.033193685393961-2.312532176325378j)
(0.9575328466147852-2.296482518889928j)
(0.8662970053799476-2.2648143698904395j)
(1.1808723973289525-3.163228276656151j)
(0.6578471469389292-2.1464474448197906j)
(0.5499309944532371-2.0595233698752367j)
(0.4444689648061782-1.9555817427401772j)
(0.344132829203901-1.8363401832537607j)
(0.25090088822567685-1.7036685588105682j)
(0.16620200561435652-1.5594296965947914j)
(0.09105600690999757-1.4053982899166437j)
(0.026194108195121853-1.2432347127875019j)
(-0.027846392807382634-1.0744954951791315j)
(-0.07065402862356242-0.9006679879639699j)
(-0.10190139750307836-0.7232215074322116j)
(-0.12133067991084072-0.5436703380726103j)
(-0.12877018623798775-0.3636450264846037j)
(-0.12418947034700568-0.18496683336160188j)
(-0.10780449526328435-0.00971490698080407j)
(-0.08024650122100706+0.15973497143653295j)
(-0.04280416433996316+0.3207388541440566j)
(0.0022700791492094997+0.4705424858951101j)
(0.05144412937650314+0.6066503062004328j)
(0.09971578695645614+0.7274763718035694j)
(0.14078011180181857+0.8332596964485816j)
(0.1678218030229529+0.9270219609501392j)
(0.1750316423307015+1.0150776710006382j)
(0.15949765850703046+1.1065076076312061j)
(-0.07985521559636563+1.3336353763825892j)
(0.07013138563774053+1.3382685857544359j)
(0.010640188576665413+1.4923001827833837j)
(1.6878430828172324+2.7677668535639377j)
(-0.09394662922402547+1.8825724885966453j)
(-0.12559841126134486+2.1123028234682635j)
(-0.13832736709443508+2.358921299599048j)
(-0.13061285277654494+2.6179793659355113j)
(-0.1020758846244314+2.8857530203479347j)
(-0.0529352346497878+3.1593058355690427j)
(0.016371551563576617+3.4363738999439857j)
(0.10541298867460676+3.7151858097476884j)
(0.2138723034272644+3.994279838789233j)
(0.3415774338976794+4.272345644711733j)
(0.48848066981142885+4.548099405553108j)
(0.6546070665024777+4.82019353133831j)
(0.8399845144720722+5.087159850246475j)
(1.044565098943459+5.34738494921967j)
(1.2681462358399271+5.599116189393739j)
(1.5102998637045588+5.840495923358886j)
(1.7703176102865297+6.069619494176842j)
(1.746757193986094+6.5549310238733245j)
(2.3395433382828186+6.48370197094938j)
(2.6457755694472693+6.665320798912101j)
(2.9639858969240898+6.828154502511143j)
(3.292093178075348+6.971206000821326j)
(3.6278940943772016+7.093826650599145j)
(3.9691340407557454+7.1957311507652095j)
(4.313574197486252+7.276997942362919j)
(4.659052935078758+7.338060152508364j)
(5.003542825279038+7.379691394872158j)
(5.345206731223914+7.402988538426896j)
(5.682457211013719+7.409350522315493j)
(6.014022609627733+7.400449134847653j)
(6.339020806105711+7.37818504661003j)
(6.6570378661088565+7.344620874265182j)
(6.968204207834144+7.301883189723619j)
(7.2732559027667545+7.25202768127275j)
(7.5735642783607675+7.196866511938364j)
(7.871114301669316+7.137764390913432j)
(8.168412812137168+7.075419450286207j)
(8.468312998886768+7.009655260080041j)
(8.168125349020189+6.98257050128052j)
(9.087417451370557+6.86190229069119j)
(9.411366078180095+6.774183619340489j)
(9.7466554496331+6.671803537064808j)
(10.093031447786547+6.549879124140786j)
(10.448733126911543+6.403364793947583j)
(10.810450286712776+6.227530964489369j)
(11.173447179876742+6.01843734848102j)
(11.531837149482016+5.773338560763866j)
(11.878969022408768+5.4909734676293525j)
(12.207872100729377+5.171711982064215j)
(12.511704690591792+4.817557346203594j)
(12.784159598383088+4.43202234828526j)
(13.019794765252922+4.01991076452895j)
(13.214273519874132+3.5870398533675263j)
(13.364513125735929+3.1399374698415015j)
(13.468750405852875+2.685540899316113j)
(13.526538874002142+2.2309164136097546j)
(13.538693684526768+1.783010753233855j)
(13.507199981894093+1.3484393143651667j)
(14.642224417533063+2.0258243032730827j)
(8.159116795805977+0.7303074974497006j)
(28.96549309112708+15.531384144905324j)
(8.916027496984983+1.1305004438687052j)
(10.5903290000933+4.273439959476485j)
(6.799266226731328-5.53093314924534j)
(10.046564391269495+3.5350994669623685j)
(9.510514449983443-0.38970879175885004j)
(12.402856727885716+2.1768624781314894j)
(11.069001840648031+0.8555044891449808j)
(13.693732183757463-1.9097020373801585j)
(-0.675063856957565-16.135177168003608j)
(11.848375261766623+0.05614918982325426j)
(16.494740468999577-14.586631007505282j)
(5.077873689378499+2.4930007058257297j)
(11.90068691189605+1.5005149561155247j)
(9.999308127648513-2.0492338814002458j)
(15.01622583273964-8.0629724906417j)
(3.3376775922454947+4.234291515591681j)
(15.416016621863797-3.92790096074123j)
(13.622732133929253-2.1677950823014047j)
(13.747997886326527-2.919073257498702j)
(-386.01348285463934-69.85339835347972j)
(6.229408677188559-2.249143195040358j)
(13.971952185029666-3.957677902135292j)
(15.47813623477365-2.2156714257644095j)
(14.765585602349855-7.221718599224287j)
(24.015631533991275-10.022626670576832j)
(14.038982368273563-14.281567319954473j)
(11.580417055763114-4.817494219957251j)
(-290.6891434851265-207.14174390817212j)
(12.231641447701756-12.454245828996498j)
(17.06494126919416+4.855240133726981j)
(9.89937856784489-4.43663420197886j)
(9.3631321536731-3.088552625487091j)
(43.45295387486476-54.458666630064485j)
(4.5988612610831625+4.584681390275541j)
(10.16421079934167-4.66118190709762j)
(17.497243789407438+57.555991262047726j)
(6.278529853925138+5.310816234259778j)
(-7.307708310453434-8.492330552165468j)
(80.71611638584369+7.366104878893818j)
(45.37720724518237+80.21919368129988j)
(19.96758595749266-3.1367414547208194j)
(13.597667052272195-2.078638383264839j)
(10.371360850825829-3.836784755173112j)
(-26.78024233530497-5.848490601994263j)
(18.83370338782163-7.922144495132349j)
(63.415050685645774+5.119108847386931j)
(10.980373557417192-4.433326254195452j)
(-227.76606358964455+385.86862043847333j)
(18.19699202882383+3.5198228621472194j)
(33.041756199388985-1.6255802822543137j)
(27.993872428322998-13.027554340283858j)
(15.440832226566037+3.249886237149032j)
(-0.0424081487567395-85.88472337740846j)
(16.84795334860409-14.049189423218655j)
(8.161847286652705-1.9968122934612098j)
(8.769834314485689+2.8971187223936443j)
(23.45236109385072-19.104869890039648j)
(-34.37376001523609-65.29460928504103j)
(9.550935709466817-6.9872882638763985j)
(6.830846631879619-8.31554920347344j)
(28.592677646373577+8.828512888428534j)
(10.247551966641828-4.496209890771435j)
(-18.924656539546618-15.069893205014875j)
(6.704961505939878-1.7856719688344072j)
(14.274437288936287-7.890007467999673j)
(7.253640076438537-2.9233107825793487j)
(0.9754012556125877-12.469090166780097j)
(11.461057938624961+1.4354760009043266j)
(8.099892600729659+18.480148340183998j)
(5.242013692247808-18.786148475951943j)
(9.046989386966821-11.87931041216458j)
(-58.175367076247234+22.48372611987865j)
(11.964533620326224-6.098561325330131j)
(111.49701282743065+52.88722827291218j)
(11.06989365319931-10.068480023384232j)
(10.478735721099417+1.36290265670825j)
(62.07221889016556+0.6542836940465993j)
(33.790728361033054+8.431080418755336j)
(9.498245107917805-6.497699649863666j)
(-1.3483069933725624-14.351003737777978j)
(24.680752699988858+1.2879128870009824j)
(14.098306903443895-4.470524382367637j)
(-3.3205135952094014+18.788483233434842j)
(-34.54014206565165-2.11602319678674j)
(6.6279941173524275-5.766056473750063j)
(20.960059920655464-3.5392501175782747j)
(9.803638182656798-11.740659919414208j)
(15.141801287553001-61.137288682033606j)
(3.2764617872893282-26.055054979896315j)
(9.10006346235515-1.523513161102455j)
(-6.202783278859297-15.475350715797557j)
(11.245371211288647-4.878570159461846j)
(4.5372404614523925-8.41227260771972j)
(22.649828761049406+6.443437012763401j)
(4.948133673449385-10.70333436415307j)
(4.577927159215373-10.167416596699772j)
(1.8283192462200253-9.646972748825807j)
(8.012091192413095-10.092730082339692j)
(9.865946691099854-5.148510807249272j)
(10.348107952241232-4.121464236957918j)
(0.0768118689547344-9.504251076400665j)
(8.680832812635849-4.4540469840837j)
(20.172459747979097+1.5772636257891124j)
(11.25931786500127-7.806805320841285j)
(5.933220654385941-20.973410615698818j)
(-12.754232304206583-12.538746690186374j)
(5.478103187460871-10.506315139692378j)
(9.362859692134476-0.3001032924591059j)
(19.328580783274486-25.739855337902608j)
(9.61380434424707-0.8818125965027411j)
(2.001399276680856-10.316928914261156j)
(1.8028451173012103-7.9785754302408805j)
(3.7619360878145622-9.132265954990313j)
(3.7445042427800868-10.288637680035405j)
(30.69081762067857-32.22814320321357j)
(1.5446487240693973-8.298077472176347j)
(-1.7711049297438262-11.672699124351139j)
(8.191034601237835-9.679713001275742j)
(4.808390974349435-8.396913893711801j)
(13.60149299796736-13.92475772845491j)
(2.7115912495395667-9.308824593594688j)
(-2.055746121172007-12.408232136111222j)
(0.7112375631673843-8.738648607080915j)
(-4.914914291027957-7.677876902097058j)
(0.6604359281970629-7.043531598259453j)
(0.575220629600972-32.84227320885056j)
(1.5584725200943934-7.655802014175677j)
(-1.6434418404774847-8.495876321074125j)
(6.141296154178229-5.991416899638549j)
(-0.07142746045986981-7.492121661915676j)
(-0.16913428342411999-7.20016682337137j)
(-0.23777848243186528-6.931854355481624j)
(-0.28738703519081743-6.689114841837959j)
(-0.3266000004006516-6.470598949138708j)
(-0.36189372571276984-6.272915294147843j)
(-0.39748090559147714-6.0918011466108455j)
(-0.43563267706677117-5.92298556090396j)
(-0.4771704784615146-5.762700849684832j)
(-0.5219575616491192-5.6079075938500464j)
(-0.5693073606681062-5.456329531065811j)
(-0.6182864681928313-5.306382809432259j)
(3.2348840250252278-12.787779378616905j)
(-0.6720287290001502-5.313453251511157j)
(-0.765796104652601-4.85834176361364j)
(-0.8128098293011535-4.7086706519661705j)
(-0.8580759230933444-4.558850813649392j)
(-0.9015052503699609-4.4089716850439045j)
(-0.9431870358538448-4.259060501548372j)
(-0.9833433387659676-4.109011772670532j)
(-1.0222639700638227-3.958528786034889j)
(-1.0602206207086013-3.8070830017209287j)
