(-0.1348124550174946-0j)
(37.727165502580654-7.083028817574285j)
(34.028132258466755-12.687982665862835j)
(29.251344137124814-16.28558813354147j)
(24.36832518121509-18.022002139294795j)
(19.953430270893403-18.354919926016354j)
(16.23028180740723-17.76248206095249j)
(13.215549835583928-16.61464663691607j)
(10.837045804997-15.15793020462698j)
(9.000499330503382-13.54219689226783j)
(7.619715283269667-11.852042154031482j)
(6.627571009661992-10.13112940831223j)
(5.978927346601607-8.398698429870388j)
(5.651189603483089-6.660498052611686j)
(3.4312259022113616+3.6981000152971233j)
(5.988517035837494-3.1700124192465657j)
(6.7396857887007995-1.4357079029919169j)
(7.9960856386706824+0.23833207102604573j)
(1.4695562380365417+19.571234160350222j)
(12.603503291637741+2.80026006917055j)
(16.203999216676365+2.941990182208604j)
(20.435465886315786+1.3792756736202927j)
(24.22453822760252-2.6363998404339477j)
(25.70226170719818-8.782789067961742j)
(23.72667027681759-14.998681947400838j)
(19.316807505390834-19.108528977653116j)
(14.426062184632737-20.67455799937641j)
(10.231399434665565-20.4848233082219j)
(7.007689527755091-19.402730731329065j)
(4.629637448309072-17.970474096319478j)
(2.8913175436755405-16.46071177023029j)
(1.615178099841303-14.99322523170247j)
(0.6704809614681897-13.612722981992839j)
(-0.034033615728979845-12.329665306496162j)
(-0.5610307088107256-11.139884657812242j)
(-0.9534151961923995-10.033638771049485j)
(-1.2405256941933847-8.999657676779673j)
(-1.4422400048240704-8.026871408889372j)
(-1.5716116478156759-7.10508825563648j)
(-1.6364980547596695-6.225229018217148j)
(-1.640478980401189-5.379422362386772j)
(-1.583241594113572-4.561144902607553j)
(-1.460526712249965-3.765568176553733j)
(-1.2636895764587384-2.9903299414468907j)
(-0.9789534685442922-2.237089745966272j)
(-0.5866112926549122-1.5144872373121525j)
(-0.06098551812965258-0.8434928049288135j)
(0.6266084996840768-0.2663775512436547j)
(1.496566294752135+0.14056658147870868j)
(2.5316388059730306+0.25662945154347505j)
(3.622115782489191-0.06751353219269161j)
(4.514106181194523-0.922484919598684j)
(16.370404705850532+2.9897084803767333j)
(4.503502996942567-3.4627802107868426j)
(3.575741145092946-4.355102614561678j)
(2.434206499107245-4.708559452922208j)
(1.3561336784359528-4.612537115498524j)
(0.46242650550100184-4.231207005264265j)
(-0.23134772172741203-3.699653481057531j)
(-0.7525050865725059-3.1028707655678147j)
(-5.114689235318087+13.435444304623305j)
(-1.4171262274850032-1.8764372675321948j)
(11.729756837002881+15.037970990771145j)
(-1.7570652792459036-0.7014494025641778j)
(-1.8489224401557685-0.14065023900716883j)
(-1.9027151824943065+0.4041708500587078j)
(-1.9251066206153822+0.9355392885580355j)
(-1.9205775913614196+1.4562700053728568j)
(-1.8918839317922116+1.969242708860218j)
(-1.8403228409553931+2.4772878958848614j)
(-1.7658411953997812+2.9831100891029396j)
(-1.6670018558132036+3.4891923165073058j)
(-1.540810505870514+3.9976203897303653j)
(-1.3824006451579427+4.509736169583446j)
(-1.1845916776913745+5.025467571661133j)
(-0.9374107767344144+5.54207820822319j)
(-0.6278897464236916+6.051936848107724j)
(-0.24098869570245313+6.538827045028934j)
(0.23640647475601548+6.972729862700365j)
(0.8050075391321152+7.305126090234311j)
(1.4334610165483257+7.47250968770482j)
(2.037153052705975+7.422623446868084j)
(2.4864523468558564+7.16715825246212j)
(2.6742972228968727+6.816259270708545j)
(2.5959898133169883+6.529427306981921j)
(2.345080355078932+6.417503692664876j)
(2.0364487470063772+6.502717992680866j)
(1.749206815926951+6.75080245872187j)
(1.5196403994358323+7.1140548429783435j)
(1.3566292723975577+7.553065727817875j)
(1.256487810670945+8.041209310225076j)
(1.2115529139175598+8.56240204087972j)
(1.2140562620402455+9.107779170101551j)
(1.2575172369230947+9.67305976345387j)
(1.3370520471121217+10.256797854784985j)
(1.4492815726625545+10.859308009490427j)
(1.5921298721067576+11.4820330281776j)
(3.0566349054456325+11.732621363218598j)
(1.966718946075509+12.797572265997388j)
(2.1991696586254212+13.496517055067972j)
(2.764012197248031+11.882587333844636j)
(2.7621750192345713+14.996176536059831j)
(3.097085405617939+15.80758201217477j)
(6.50607869436547+16.736137777947008j)
(8.074083808107888+20.536458695277464j)
(4.520720118920039+20.71078031740909j)
(157.93607945104395+51.179531476844765j)
(8.396346495130727+24.17356571453131j)
(6.247357135575693+24.473968682532142j)
(8.690585966678587+24.992064938406397j)
(10.852048827344483+28.971362008974314j)
(18.10831434777433+27.542600312303232j)
(3.459960142010852+43.78996000034548j)
(12.651414632824444+40.399475226721314j)
(22.884994912387825+39.89561403137011j)
(44.489957298359855-14.894904907154082j)
(28.608202344680777+72.74957981281645j)
(10.819422440372488+47.06533118144662j)
(24.38678315666559+72.64031637686551j)
(54.52638373332091+39.75994645566779j)
(69.14058925692929+22.227271441239253j)
(64.4606459363349+28.560027409569507j)
(61.38064228100623+9.651888812049277j)
(61.11900497630166+3.655883493015315j)
(47.923938541754126-24.467961029341517j)
(49.50722489934578-1.9500453528449515j)
(39.8585171793331-1.1664085629037784j)
(33.96213712156924+0.274031419294576j)
(59.918011304148685-54.4981794250905j)
(38.68120904184962-4.347952272413258j)
(68.61337049815134-25.561032249419412j)
(51.88580038796923-12.472261269516663j)
(26.817956947914336+3.551477807638535j)
(39.72161513028353-31.798717900070155j)
(83.23131776376317-43.85924915610784j)
(53.24870601502091-36.02323791616904j)
(1.5298514875165317-95.52037624807437j)
(14.567619066541997-28.45209485693549j)
(36.68328088462126-79.0178250460415j)
(20.98736858254211-24.747162914885656j)
(3.7450083790382958-44.01145968522303j)
(16.661705151609535-42.78653533199585j)
(26.932474377905578-59.20701543432658j)
(15.989504017572985-30.99939558002573j)
(10.190256054001487-28.46462817004292j)
(38.53804217552139-33.92785898462203j)
(21.061179139142574-66.13845694905916j)
(7.138762616283235-21.913379122093342j)
(27.986468815684226-52.36450618962606j)
(5.44183709677138-20.824360010669878j)
(16.680199955065188+6.556045426039378j)
(5.68364568774138-16.359673797103948j)
(4.561452682622297-25.70034101746862j)
(6.9347361612598775-16.279076273930272j)
(11.657345921608204-23.559963993752433j)
(-1.8749108220042476-29.939609940485443j)
(2.060536309845334-17.17528761533878j)
(9.27812758307297-15.555122685749618j)
(36.89677411435673-35.483966449152376j)
(8.55548434876583-18.751901042992472j)
(21.49582807610474-17.548811149774853j)
(6.015839445210526-14.353018310472402j)
(7.744511272168035-15.967793176337054j)
(133.06545112139048-17.91387060914786j)
(6.661976802212404-13.239112684862388j)
(5.486420929889887-17.5759863046678j)
(-4.666878063704861-7.722603238496685j)
(6.598794602969353-13.703210106237618j)
(7.725091012658629-21.821177446890268j)
(3.663926564082644-12.521910314012928j)
(3.3776583679003123-14.728244400125194j)
(4.41516431678365-10.8698447597494j)
(4.534601587387238-11.337537561706123j)
(4.598315446028759-12.301798324262178j)
(3.9358492202773077-11.292226660161933j)
(7.0465977690897175-12.943905714211159j)
(7.004574626571255-10.64547342278401j)
(6.6924880261484585-9.07064894980688j)
(6.016342957999381-7.882684382836742j)
(4.210095703563135-14.06462630628032j)
(4.739111047132238-8.840586726970047j)
(2.9426062313108696-8.065858010830588j)
(2.977214891615526-7.8230116698364025j)
(3.0304276685457867-7.5942405408782045j)
(3.1027103237008227-7.382522066062346j)
(3.1940424267502623-7.192029563037189j)
(4.80706784903-8.172161998280158j)
(3.4269816876560997-6.898082002710018j)
(3.558508967779068-6.808624524240572j)
(3.6865632757754567-6.765818369892317j)
(3.795318664862191-6.771206816251721j)
(3.8666588001378788-6.818524666949373j)
(-0.10805121882758369-11.005939810249899j)
(4.007064661731701-11.67599358359302j)
(3.7512038210657432-7.024076667424939j)
(3.620530822645541-7.042299879288785j)
(3.4727318282688966-7.0165591390826005j)
(3.3254895494688337-6.949645846085719j)
(3.1910418252716943-6.849695989928929j)
(3.0759877781032006-6.726416012906723j)
(2.9826496840778796-6.588733610522485j)
(2.910705007023072-6.443843622670342j)
(2.858475486365523-6.297117283259078j)
(2.8237547666404863-6.1523914609128365j)
(2.8042646048502173-6.012351006863916j)
(2.7978672688832424-5.878876064834793j)
(2.8026359080889756-5.753315247542942j)
(2.816848982847795-5.636684828466587j)
(2.8389468471363366-5.529806794692473j)
(2.8674704681817604-5.433399603664492j)
(2.900991772129856-5.348132256767998j)
(2.9380396593951126-5.274648020424934j)
(2.977023580455939-5.213559908056325j)
(3.016156817182803-5.16541620981926j)
(3.0533840750747987-5.130631144454306j)
(3.0863228970378684-5.1093736811558665j)
(3.1122360752984064-5.101408058416246j)
(3.128062372743183-5.105884914308038j)
(3.1305433252628903-5.121095692861581j)
(3.1164888959064245-5.144228439744929j)
(3.08321345395072-5.1712000010801535j)
(3.0291318391548288-5.196677900397637j)
(2.95442508552292-5.214418737472864j)
(2.8615830793488493-5.218000415600181j)
(2.755563543982625-5.2018879917678005j)
(2.6433542732543063-5.162580536684381j)
(0.6329463689789789-3.6409284620313627j)
(2.431853122248381-5.014931601112844j)
(2.3460203157007022-4.913971744510334j)
(2.2788586952059084-4.802958842371382j)
(2.2312113702455263-4.688526759637943j)
(2.2017383493398746-4.576586135829247j)
(2.1875914989137164-4.471753319964167j)
(1.5897825973996729-4.84715815477446j)
(2.190409438467598-4.29456342590504j)
(2.1997395069119405-4.224524289321802j)
(2.209749043575429-4.166721528167265j)
(2.2175766498430853-4.120176053121541j)
(2.220885042431362-4.0834608409466915j)
(2.217848887227919-4.054859872327424j)
(2.20712262312552-4.032487051204415j)
(2.1878016260041497-4.014374395712487j)
(2.159383402021821-3.9985383008470943j)
(2.12173147382628-3.983030853694578j)
(2.0750425097478824-3.965981189529149j)
(2.0198163496550747-3.945630225323258j)
(1.9568283647277591-3.9203609593620277j)
(1.8871036735244235-3.888725875273351j)
(1.8118928657716435-3.8494727569519016j)
(1.7326488801691196-3.8015702996024126j)
(1.6510044120959508-3.7442351672300513j)
(1.568748586155126-3.6769624507345893j)
(1.4878005309538025-3.599561630029335j)
(1.4101758886364182-3.5121998643066967j)
(1.3379402185914357-3.4154533313429796j)
(1.2731409583850661-3.3103648696268033j)
(1.2177077328567854-3.19850171110276j)
(1.1733106656765666-3.0820001241044017j)
(1.141170124344562-2.9635744948712253j)
(1.1218218764337577-2.846458597434274j)
(0.6955104882268064-2.731526556548941j)
(1.1187184573588609-2.6305648051726895j)
(1.1305436063370042-2.538683676742282j)
(1.1462954766277484-2.460930063477835j)
(1.161096208192714-2.3982008841929168j)
(1.1698424354623536-2.349621784452662j)
(1.167957226550301-2.3125295244662563j)
(1.1520877405642267-2.2828232163830715j)
(1.1205521745317188-2.255603365516242j)
(1.0734282577316725-2.225915095661865j)
(1.012306537592079-2.1893941489938396j)
(0.9398337255021622-2.1426811140965314j)
(0.8592020171491366-2.08357165668539j)
(0.7737067369581148-2.0109530587405042j)
(0.6864334631976202-1.9246136737390296j)
(0.6000812589093886-1.8250074788423685j)
(0.5168964827503949-1.713030867201431j)
(0.4386810696205798-1.5898412141287628j)
(0.41638793321622464-3.9468867464268063j)
(0.30245765439708144-1.3150188175349184j)
(0.24634321359730577-1.1660549235695397j)
(0.19910832983504745-1.0111552223485534j)
(0.1611990267483154-0.8516321975896722j)
(0.1329222594250609-0.688809880690206j)
(0.11444992930972632-0.5240523181887348j)
(0.10579944340721338-0.35879442787706073j)
(0.10678734829439177-0.19456746365039362j)
(0.11695298354473459-0.033007672859776516j)
(0.13545204569038724+0.12416883505120503j)
(0.16092784131501198+0.275248457130407j)
(0.19138358277024684+0.41868718723302634j)
(0.22410343450319056+0.5533843972154557j)
(0.2556980382181502+0.6790593650752936j)
(0.2823644433006094+0.7966711747281535j)
(0.3004198196627247+0.908744796289421j)
(0.30706599040277377+1.019407364555367j)
(0.30118549013329593+1.133970587663128j)
(1.0141189173693608+1.1736668157623473j)
(0.2582986454919996+1.3965631786695385j)
(0.2292810889041972+1.552712826524937j)
(0.20214093264188968+1.7277409595271362j)
(0.18188629293867456+1.9210278830494063j)
(0.17259640058902995+2.1306343367557594j)
(0.1772093775344548+2.3539238588121j)
(0.19760543029958003+2.5880798043165507j)
(0.23484176950537666+2.830436284846129j)
(0.2894195551916543+3.078632645031758j)
(0.36151372499276324+3.3306412936560505j)
(0.45113977973962943+3.5847223595873783j)
(0.5582572575018054+3.8393462238425182j)
(0.6828205897873805+4.0931101654390885j)
(0.8247904549648283+4.344663862146345j)
(0.9841175469313792+4.59265120469125j)
(1.1607086632144155+4.835671791445685j)
(1.3543833540743064+5.072263214499973j)
(1.5648282722699478+5.300903761165095j)
(1.7915555738992215+5.520033811737587j)
(-11.109009483729261+4.274021006726846j)
(2.290854891876888+5.9235672675580675j)
(2.561361592461961+6.105044421445898j)
(2.8440326881755666+6.2712654786048425j)
(3.1373273174533414+6.421173355794665j)
(3.4395632356024524+6.553950832609187j)
(4.196360461463006+6.260699266010934j)
(4.0637182920894785+6.76619233816982j)
(4.3820177941829686+6.845402081115306j)
(4.702122919164886+6.9069724220264295j)
(5.022405346549325+6.951468566380736j)
(5.341398765698689+6.979706891890447j)
(5.657848779894573+6.992729910190441j)
(5.970763943540194+6.991771838001242j)
(6.279466974305593+6.978211373792155j)
(6.525251869517009+6.987618417539093j)
(6.883379262323632+6.91911785632007j)
(5.548521264479205+6.443693087761913j)
(7.4720017439892645+6.826444892953388j)
(7.763133964120197+6.7700348176076215j)
(8.054190182791237+6.707414619890132j)
(8.346931418874906+6.638221860446492j)
(8.643088615087015+6.561397878550742j)
(8.944140754995257+6.475166505065048j)
(9.251077218636025+6.377087332300765j)
(9.564172559272317+6.26419125828402j)
(9.882805113967112+6.133193890649856j)
(10.205348220523897+5.980769136378237j)
(10.529154108958567+5.803854033073871j)
(10.850637332885658+5.59994950305267j)
(11.165449861658814+5.367381912773369j)
(11.468727070107516+5.105496944910781j)
(11.755375568807468+4.814768453054896j)
(12.020371369257726+4.496817787341847j)
(12.259039876259639+4.154350680792602j)
(12.46729601056516+3.791027139596073j)
(12.641831253962549+3.411284068835243j)
(12.780242640170247+3.0201308780974165j)
(12.881105379547721+2.622936038664203j)
(12.943995328289718+2.225218723589814j)
(12.969469917848478+1.8324553386408864j)
(12.959016834145624+1.4499067115820479j)
(12.914979196553334+1.0824683674234483j)
(10.757989339528867+0.5195747872827545j)
(11.83633412207159+2.8781520314880953j)
(11.588597223568762-1.3886723077903629j)
(11.102353994321904-2.5803471899025068j)
(14.525477870381035+1.3544829458045313j)
(12.3765716073644+6.949440474231904j)
(11.68383079747658-3.1438636513355767j)
(9.241209189938667+1.490197285571362j)
(10.593736597439236-1.7990374062394068j)
(14.339775828301681-0.9195889729626047j)
(13.368856821732821-5.17055134496187j)
(11.476612215388018-2.525565676208696j)
(16.609407693771786+0.4883692650321882j)
(10.422799976066697-0.6121776616313248j)
(17.680571491423525-6.325162941033886j)
(13.462742740078298+1.4193122351641925j)
(38.2101964374099-11.459948329837168j)
(10.767567761914027-20.08203998507792j)
(-10.910364116340881-671.4884459064493j)
(28.57788820749667-0.946111974151652j)
(19.225662082537752-10.114718149279227j)
(12.535468718378596-3.6129061718042474j)
(18.041270549054502+0.6358248923129634j)
(10.293374933359882-22.94410380168332j)
(10.754517075393405+0.14956099103830137j)
(12.073718213183096+6.546469293949259j)
(26.962088693348456+3.0665680372968236j)
(10.95237621325412+0.7265724647174838j)
(15.45253132030937-5.9422050785721545j)
(29.164256342137797+15.473669362419898j)
(10.623964829307607-4.625166089987503j)
(9.529169373423892-6.54571828189459j)
(16.861136040022675+35.84852567457499j)
(11.9717123258292-1.9305626111171341j)
(9.410598806066997-4.0292134231356j)
(8.836740345672688-5.152098604319692j)
(192.33212160591563+488.9124656257604j)
(6.476325097114336-1.9889446267240176j)
(34.38647379503749+1.378084229894575j)
(37.881319444761715-22.72905077275091j)
(12.392694941023418-5.486388670850156j)
(25.754280230728238+33.54193027185712j)
(-38.99500360241003+21.751586587390097j)
(23.946335114738016-38.09929304481129j)
(24.51787686029981-14.533029611301597j)
(22.83919399798898+2.3530099682220214j)
(19.132550667110287-9.973376158339477j)
(15.74027335728196-21.962357416552283j)
(13.119455645493968-6.227923867741847j)
(-8.339450881458724+21.199916803680885j)
(-41.09653816332825+73.58677777951426j)
(13.522070650844961-0.8222547464588171j)
(7.375520882179095-15.891353085222866j)
(30.339272562294454-1.0330129756830784j)
(11.956953345585896-3.41043744979775j)
(15.82558124531578-0.7393855518606791j)
(19.727973205363543-4.9035124429734855j)
(-22.941942905518182+6.717410154096134j)
(13.212503738671673-5.579704952530078j)
(3.9758585850890045+26.323747504880853j)
(-0.1503928570590286+60.6296559370419j)
(24.468266279799273-11.388261393938592j)
(12.128818868145425-11.865699212559337j)
(30.548796609647088-9.086732998994087j)
(21.983098952778914-27.265416698013922j)
(7.3521848420696-4.159134380592742j)
(17.3501131843509-0.7674292085149564j)
(7.607978724176345-7.459779420761194j)
(18.14639628659329-7.087996234416117j)
(11.15559621114049-3.160242605248804j)
(9.758675656734226-9.098037941113624j)
(-7.14808540224404-29.620119044919427j)
(8.975427285555469+0.05474128265859913j)
(8.086137439626308-4.644288188069314j)
(9.775193938764584-4.924603944006116j)
(11.219723675767112+0.5336418279035774j)
(70.93461902626639-28.032569524145423j)
(7.238710132765126+1.1583562303440385j)
(16.443470902927697-44.32782559546694j)
(11.29052909260914-7.7804178962954404j)
(3.625675990827092-11.008423447361917j)
(7.676407289236529-5.5549824543540955j)
(7.094218761387417-8.26562792071536j)
(12.36662217019441+0.20694616368307592j)
(7.633269535089637+7.546935977161277j)
(2.170178415553616-8.652079942803232j)
(9.646199984872826-0.5681197742961388j)
(15.942568891281653-6.2896183167816835j)
(10.092252707486786-8.881924176913117j)
(14.958506260631296-8.7354609802188j)
(8.455864377633533-4.780496258120907j)
(10.302635981633259-7.344550532409878j)
(8.114069814747133-11.063295941416413j)
(3.1810035126355776-7.699589137695159j)
(0.8082398133174786-12.583502840680383j)
(21.93564421004631+7.8904823130766815j)
(8.212458576315015-3.1498306910315748j)
(7.227988780190848-13.656795300534618j)
(9.12729111793135-8.270063591718731j)
(4.3785004955234825-8.862591594347743j)
(5.822551269768266-7.484947901436002j)
(4.572518695961672-8.613295338541963j)
(6.3020135782402535-12.66539526704353j)
(6.473252074492062-3.3611096272776946j)
(12.38410533244877-2.936423565873212j)
(6.048648212938425-0.5788628109623846j)
(13.472713493693936-0.8602952608570691j)
(19.64223427437387-10.026488401638623j)
(2.614695252263017-4.260564661349387j)
(-2.4087914822494683-18.208722379516956j)
(1.8347840333297407-10.147272154318076j)
(11.09855592321961-7.9584373158273145j)
(3.176748951292138-9.48844434266181j)
(6.400769627736248-4.723610730589513j)
(3.8788566295200844-7.328082671111333j)
(3.524382145946503-9.976565224369683j)
(13.174809913884896-1.9768610237793975j)
(6.656597182085168-8.421735425695013j)
(10.502183414457875-2.437560902104272j)
(2.8029617888226435-6.657190383914287j)
(4.098696702588133-5.797567233612335j)
(4.497786609210256-9.720642204562752j)
(0.8984236048924988-5.9324234327758125j)
(10.670328899783707-9.895369511040213j)
(3.7891528655118996-7.482651552486877j)
(4.165941154499081-4.862280456863972j)
(3.7629269161297185-10.045050288208817j)
(3.473447892951682-8.393749119524028j)
(0.024581356527713958-8.179372128655322j)
(-0.4744562643989208-7.360813651531027j)
(1.0832906526325605-8.911860526161329j)
(-0.3522286487994767-6.537885363894213j)
(0.20599234969582148-7.069447796466418j)
(0.110419626196251-6.832021441163446j)
(0.03281931333604142-6.609797194241362j)
(-0.032451918937629144-6.4031131302694755j)
(-0.09008425894518585-6.210826868541203j)
(-0.1435799392452271-6.030914881892515j)
(-0.19527448560705285-5.860997011816728j)
(-0.24651178091708598-5.698719006661175j)
(-0.2978813289548631-5.541986275802943j)
(-0.3494553746802131-5.389074996624052j)
(-0.40099290227165907-5.238656787901635j)
(-0.4520988472882783-5.089770022032147j)
(-0.5023391578614762-4.9417626279981635j)
(-0.5513177604118202-4.794222740797358j)
(-0.59872267717584-4.646906837952038j)
(-0.6443475960178857-4.499670527233129j)
(-0.6880934628133016-4.3524046704587604j)
(-0.7299529485318016-4.204978609412328j)
(-0.7699794050869279-4.05719246999934j)
(-0.8082414785709553-3.9087414555155373j)
(-0.8447651283295928-3.7591962602034186j)
