(8.155944805772126+0j)
(8.149059922462293+0.309533862577281j)
(8.223489805674012+0.693129517092788j)
(8.440835344723732+1.0863192096901257j)
(8.8011683852903+1.429991753204724j)
(0.534527790850933+0.8568039449439012j)
(9.873744416688698+1.7931647454577446j)
(10.519392921442202+1.7422986136257759j)
(11.174039020894828+1.5066703271342083j)
(11.77926088165581+1.0851307644650499j)
(12.277073692802835+0.4986120692287504j)
(12.620162988744285-0.21067214830242145j)
(1.7288601980879523+3.9530984683945363j)
(12.755642273494205-1.7650427977364243j)
(12.563286114022862-2.4937853920459214j)
(12.238721599266475-3.1313395366580825j)
(2.5055526861416753+4.402026695237509j)
(11.363735663297895-4.058210752416058j)
(10.893700386151156-4.349312140178966j)
(10.443775643777649-4.545527734063564j)
(10.033673416007003-4.67008094331415j)
(9.673318991725676-4.748671536889922j)
(9.363210002235567-4.806578037241895j)
(9.095241219285764-4.865938695233708j)
(8.854205043414956-4.943105389067764j)
(8.620286404805647-5.046318529947317j)
(8.372642017487058-5.174333245897625j)
(8.093604628606457-5.316751256398713j)
(7.772463030716502-5.456433301567647j)
(7.407597980537602-5.573551316612583j)
(7.0062722718417545-5.650066737313508j)
(6.582327338000717-5.67324652628003j)
(6.152809076826461-5.6373719233928865j)
(5.734691595563604-5.543637781707366j)
(8.594975714994185+4.755580267910475j)
(14.799006094337804+0.9597871857799886j)
(9.502143637252232+6.724160721226903j)
(4.405363709303981-4.773214656370473j)
(4.1792214125754965-4.544035398868894j)
(3.989261980536727-4.323988353749202j)
(3.826331444651808-4.121104748175093j)
(3.679246166982965-3.939547997968451j)
(3.5363226131016585-3.7789528366798844j)
(3.3872542624383413-3.6344420968508184j)
(3.2249339174598606-3.4975575005457826j)
(10.894839257141486+2.0673360285161966j)
(2.8543973838968024-3.2058928369225215j)
(2.6538063226538715-3.033428197859389j)
(2.4528341489341545-2.8362428527851278j)
(2.2599852466881853-2.613546937468263j)
(2.08296028457264-2.3677029199628774j)
(1.927764670286478-2.103422664510887j)
(1.7982614669737267-1.8268955868515773j)
(1.6960259435719751-1.5449998510149268j)
(1.6203646780143686-1.264617767086467j)
(1.568432703266358-0.992003045774197j)
(1.5354687704088408-0.7321440699705043j)
(1.515230349962042-0.48812636176840557j)
(1.5007102285301215-0.26059443875986793j)
(1.485132699884429-0.04749872764213093j)
(1.4630774130165105+0.1556815690367488j)
(1.4314414562597297+0.35516980769845446j)
(1.3899317277679017+0.5577201346132866j)
(1.3409273250884515+0.7693673948277294j)
(1.288791829666256+0.9944519181363726j)
(1.2389012666338648+1.2351306945723302j)
(1.196687178312107+1.4913771125361956j)
(1.1668939322689438+1.7613204824058162j)
(1.153107071923315+2.0417394753715556j)
(1.1575068412168452+2.3285745198027517j)
(1.1807671545379157+2.6174048113122206j)
(1.222042552561717+2.9038993695348685j)
(1.2790360264201701+3.184276076739624j)
(1.3481902564378592+3.4557830542797747j)
(1.425066335620453+3.7171610851954777j)
(4.705028346089908+6.2055893928410955j)
(1.5835927719581964+4.213694536151346j)
(1.658050762522273+4.455345119533914j)
(1.7271944131412547+4.69887028292658j)
(1.791914771297241+4.949245811549922j)
(1.8548650340606372+5.210666399911398j)
(1.9198961325396193+5.485988316186907j)
(1.991380212402984+5.776514885545809j)
(2.0736001806438535+6.082079018211664j)
(2.1702990006494822+6.401309401424492j)
(2.2843971634471396+6.731970756814744j)
(2.4178398261086524+7.071313552971688j)
(2.5715322595757826+7.4164175152156195j)
(2.745348860541623+7.764541180454697j)
(2.938235515274227+8.113486343372712j)
(3.1484450106744153+8.461953959977757j)
(3.373931310691875+8.809823171022366j)
(3.6128755037943376+9.158257486024706j)
(3.8642451808069254+9.509562815072163j)
(4.128244879279142+9.86679723034727j)
(4.406537228412862+10.233226751466727j)
(4.70219920266066+10.611777036956749j)
(5.019476027726881+11.004613188600723j)
(5.363450847952856+11.412905890041275j)
(5.73974130279444+11.836760959633914j)
(6.154285604761682+12.275241033011337j)
(6.613832158326317+12.725756441330605j)
(7.123828016733271+13.186143073839729j)
(7.690861889405492+13.652166486825848j)
(7.386220694612039+13.976329164321893j)
(9.02179409990492+14.578489251216133j)
(9.798062996176846+15.023753707257443j)
(10.655536388235598+15.444210382596951j)
(10.521789245814215+16.9244752921383j)
(14.369562766485446+17.131810320970143j)
(16.48048287828406+18.52873594949986j)
(13.808878169676866+24.90747627060849j)
(22.593862340330755+13.839470266946753j)
(23.25135157854601+20.80011559127202j)
(21.021534659581814+18.056562595370774j)
(33.00814473199608+12.193473107992181j)
(25.05387863715519+19.599074432923867j)
(25.392571221391073+10.691736665108245j)
(25.978251637882384+13.911468568237728j)
(26.79277561766778+24.586952130681603j)
(24.716604521264397+15.307628384507252j)
(33.18619392340517+8.071175400997465j)
(41.97220724912172+7.721339351879316j)
(42.22122085352464-1.009363564947926j)
(46.0820118776636+0.05459687950511408j)
(36.93597065374071-0.6535272808561765j)
(39.14431132597721-3.682824800194081j)
(32.0115150239046-8.664352659941667j)
(36.48664741746953-7.880783032481098j)
(31.78655549860676-1.3263156942717869j)
(50.253010475134616+4.261094540747715j)
(36.14533092866502-8.176808971672152j)
(22.7581048675104-8.224017120172794j)
(30.64794847134641-10.539348513952861j)
(32.79546186843128-18.700063066015414j)
(26.981898861275866-13.128608161800612j)
(25.720744558340268-25.19044763857854j)
(32.09936984237166-11.24996306309412j)
(22.93369011051319-15.476007594483882j)
(18.427945841862286-23.38485337301077j)
(22.106389037752596-15.039028200686843j)
(18.80664144220256-15.16612887147633j)
(16.598282729172382-23.10890701552892j)
(17.48838998315796-13.93529857241549j)
(16.192774360097975-17.90751582994036j)
(21.272088384515527-20.189850093614673j)
(14.351765589348803-19.59482524441411j)
(20.183367242203417-29.68871063432219j)
(11.538988914847707-13.769427488119394j)
(12.18076969909772-14.539731122388092j)
(14.563990522957162-16.054030758956447j)
(15.037855267519983-26.511343506380104j)
(11.49992561142739-11.639258876299726j)
(13.891453466128329-12.59314561264978j)
(20.361987090964213-12.18018706920708j)
(10.167746134780506-11.392020310695093j)
(13.543018008599832-19.039271363379417j)
(10.543142202397926-12.034846000466736j)
(12.906458404936178-13.42507062022939j)
(5.281142373880265-10.448462578264355j)
(7.078752281848589-12.370001843703783j)
(-19.860249933569396-1.5766438912585423j)
(6.767685991966888-14.59209544517378j)
(5.834780640042695-11.080403345676588j)
(11.000341904464594-6.846790625911922j)
(4.269306143478025-14.975354826988724j)
(9.626564538398961-17.356177486837794j)
(9.233373471560673-10.749937621022614j)
(1.7235154568364244-11.211623607969749j)
(5.886955212273794-9.705860523679483j)
(7.5311616285688245-12.014015398839577j)
(5.624945626420847-9.3645669336145j)
(5.49985338918734-9.198849293362056j)
(5.379618023534012-9.034613514264784j)
(5.265323371239335-8.871281244750795j)
(5.158055103673575-8.708898336217622j)
(-5.215960266307481-19.44484894855899j)
(4.967752482692156-8.38965376501926j)
(4.885322745597626-8.234917543114443j)
(4.811012748990408-8.08504226235143j)
(4.743984165261286-7.941113924150863j)
(4.683022872467991-7.80393352495418j)
(4.626666702798435-7.673888251549862j)
(4.573380682127169-7.5508746480863165j)
(4.52175863906529-7.434297453339566j)
(4.470714459301134-7.323156671963392j)
(4.419619429226605-7.216213274679969j)
(4.368351340116235-7.1121992366554885j)
(4.31724506789358-7.010022839268799j)
(5.222951492664927-7.6358036651885905j)
(4.2183210245064755-6.808548343696439j)
(4.172117231150533-6.708951170910819j)
(4.128984831024525-6.6105253555862395j)
(4.089294832561219-6.513899707109462j)
(4.053105332656376-6.419816544768494j)
(3.7334962257910456-8.62583113710506j)
(3.9898963911185485-6.24208716526461j)
(3.9615605870282127-6.159443085111397j)
(3.934256034270454-6.081180844361721j)
(3.907087138354739-6.007086179114759j)
(3.87928251917941-5.936644658617537j)
(3.850309513299783-5.869113696163747j)
(5.288042891189622-6.353745913499929j)
(3.788313753763752-5.739405019208161j)
(3.7557929443880584-5.6757523572691015j)
(3.7229537161888935-5.612289364095416j)
(3.69040811733728-5.548920093113185j)
(3.6586878249668238-5.485821830333989j)
(3.6281480256873135-5.423373922825375j)
(3.598914028920655-5.362060717295014j)
(3.570871887352207-5.30236950482058j)
(3.543696650353001-5.244699349787646j)
(3.5169088513895415-5.1892908054691205j)
(3.489949649555838-5.136182242993926j)
(3.462265405335057-5.085196232047108j)
(1.4957759325490723-6.171707236552196j)
(3.4030266595769914-4.987945255803413j)
(3.371077166304852-4.940565587868064j)
(3.3376729358362893-4.893248625517517j)
(1.5727732477295797-5.56227524038064j)
(3.2679145329905857-4.797158763832266j)
(3.2324884040751747-4.74805463224402j)
(3.1972762459484323-4.698370203189917j)
(3.1625570923434583-4.648400347281298j)
(3.128427308715401-4.598510892650179j)
(3.0947966737627017-4.549053249467329j)
(3.061419742742787-4.500290066776535j)
(3.0279520075057227-4.452343968240035j)
(2.9940181084043163-4.40517481694415j)
(2.959280153626848-4.358585494357247j)
(2.9234963878332163-4.312252579750009j)
(2.88656277386849-4.265776170680922j)
(2.848532122721177-4.218741563193884j)
(2.809607584560736-4.170784046639491j)
(2.7701102440396372-4.1216467498340945j)
(2.730424609531624-4.071221064128668j)
(2.6909305443857123-4.019560733019134j)
(2.651934344931819-3.9668649354080636j)
(2.613613416048821-3.913432228996362j)
(2.5759869507949738-3.859594369870706j)
(2.538919189150508-3.8056443200054084j)
(2.5021539032779843-3.751774150293853j)
(2.465371413529594-3.698035529985328j)
(2.6628304157645726-3.552660976657862j)
(2.39055328919024-3.5904241009336886j)
(2.352127020416816-3.5359970076038616j)
(2.3129746621170812-3.4806888772195355j)
(2.31431078304999-3.1318919369319693j)
(3.2059771273980124-3.9057870577870615j)
(2.193083080317759-3.3065286060048495j)
(2.1533636896081196-3.2452705704209355j)
(2.2805281534627073-3.245598992217075j)
(2.076198702748056-3.118518190595123j)
(2.0390894227123106-3.053593361977654j)
(2.002945254387576-2.9880719268255396j)
(1.96756871072414-2.922225520855739j)
(1.9326517090185147-2.8562089854228754j)
(1.8978349855666823-2.790021621879931j)
(1.8627795127246518-2.7234982416248092j)
(1.8272348936719978-2.6563325379572618j)
(1.7910904005027852-2.5881276377378786j)
(1.7543988852172108-2.518462684500007j)
(1.9878915430770652-2.7070797856251074j)
(1.6803390496174282-2.373352414647662j)
(1.6437099033217266-2.2975051420337547j)
(1.651843142685182-2.6016555532404118j)
(1.5732591762442287-2.1393598981123323j)
(1.5400470084341826-2.057532790792229j)
(1.508361126706389-1.9743256952297952j)
(1.4781349369857346-1.8900974884086008j)
(1.4491424487627895-1.8051378872665462j)
(1.4210346492711956-1.7196033484468507j)
(1.393401859142098-1.6334705662626465j)
(1.3658537584201265-1.5465190433555107j)
(1.3381029134651938-1.458350018495188j)
(1.3100343273872321-1.3684413990972821j)
(1.2817449538800085-1.2762292269623043j)
(1.25354366928179-1.181198893989695j)
(1.2259118911908307-1.0829667803022398j)
(2.948199038333888-1.829059220912782j)
(1.1747149691844672-0.8763181534301585j)
(1.1522945936484805-0.7681176025977344j)
(1.13258266342577-0.6570882892526732j)
(1.1158126189421254-0.5436676713883888j)
(1.1020248820976974-0.4283004241327374j)
(1.0910791002683118-0.31136080845753833j)
(2.3776323201595297+0.3467585227164579j)
(1.0765175616156362-0.07351251548423572j)
(1.07220286341461+0.04752143083597866j)
(1.0695078569539325+0.17038839318796786j)
(1.0683734747606612+0.2956076137251801j)
(1.0689803366027095+0.4237627142465761j)
(1.071763730599508+0.5553977274136006j)
(1.0773818608630994+0.6909148846283767j)
(1.0866430079563287+0.8304958881694329j)
(1.1004074734405234+0.9740625181942748j)
(1.1194852360493706+1.1212820664318093j)
(1.1445488031232731+1.2716124174201886j)
(1.1760744811677182+1.4243743081617077j)
(1.2143174974576794+1.5788358205929711j)
(1.2593199485971867+1.7342955644798372j)
(1.310946662592923+1.8901541948883656j)
(1.2981427034493254+1.8767762691091696j)
(1.433002725726894+2.201472808838032j)
(1.5028514294123734+2.35659527868909j)
(1.5783135432157247+2.5114163595458963j)
(1.6593753057935063+2.6661225948426317j)
(1.7462200061411803+2.8209308740012595j)
(1.8392324708861807+2.9760038450881607j)
(1.4993690806387097+1.7552921822834695j)
(2.046100271410986+3.286852713218294j)
(2.1613258386245193+3.4420482509642505j)
(2.285292326973966+3.596309664157879j)
(2.4185105934960687+3.7487838777592515j)
(2.5612943167675035+3.898466404331148j)
(2.7137232968994187+4.044273688313254j)
(2.8756345020723666+4.1851212139576885j)
(3.046639693483993+4.319997781242094j)
(3.2261659312730457+4.448028026802347j)
(3.413513633009268+4.568517060435209j)
(3.607925678699948+4.680972786179288j)
(3.808660024032751+4.785103244094542j)
(4.015057407745464+4.880788457948904j)
(4.226595346617901+4.968029006158251j)
(4.442920191307032+5.046876743623446j)
(4.663850979052467+5.117356318676775j)
(4.889352261509114+5.179388610693155j)
(5.11947764915412+5.232728180610115j)
(5.354290710564977+5.276925747041915j)
(5.593774078900895+5.311323516350277j)
(5.837740205853246+5.335086385743547j)
(6.085757578466444+5.347266496518204j)
(6.337104297889669+5.34689338420437j)
(6.590757114340385+5.333077967876357j)
(6.845419038047133+5.305116430854011j)
(7.0995833205567465+5.262579873861443j)
(7.351626668260064+5.205377348165932j)
(7.599920587913604+5.133783166617311j)
(7.84294717174889+5.048423802862921j)
(8.079404655512358+4.950224733912046j)
(8.308288848315822+4.840322741010813j)
(8.528939034290259+4.7199539142544875j)
(8.741041028838502+4.59033134862542j)
(8.944585403034896+4.452528737965727j)
(9.139784939200787+4.307386322590406j)
(9.326961438526668+4.155453650050412j)
(9.506417226971081+3.9969793441265367j)
(9.678310215894486+3.83195184410174j)
(9.842552370696112+3.6601875390788297j)
(9.562297626528343+3.915872789589184j)
(10.14619399863574+3.2956164425250205j)
(10.283917777348718+3.1027658485393195j)
(10.410795885004683+2.9033369689855126j)
(10.525690796020456+2.6981645228353286j)
(10.627612723594128+2.488483813666538j)
(10.715871144625346+2.2758666886701033j)
(10.790192581195937+2.062101780366175j)
(11.630811968721442+3.7495028235490326j)
(10.898339332619981+1.6384038584554692j)
(10.933963586143573+1.4316609637306097j)
(10.95906490817054+1.2298602000850567j)
(10.975189722414184+1.0335732904939077j)
(10.98384720635868+0.8428774553318171j)
(10.98633828324309+0.6574066407984669j)
(10.983613281506056+0.4764622375292357j)
(16.075908588098333+6.506911044550251j)
(11.748388873952488-1.5314384488395616j)
(9.70035727914778+2.0756829831814665j)
(0.16749854823337268-19.801014170302636j)
(8.087207227024125+0.2596513695657407j)
(9.483756386801678-2.1489302437258426j)
(12.375967310472777-1.8829109311316776j)
(9.813345762788424+0.02307355529821749j)
(10.512137342850801+9.928379545234764j)
(11.603921214869239-0.894665671424985j)
(10.929263810614986-5.396875101370836j)
(10.126779060097684-0.9411966449092372j)
(12.48453570162501-0.22869083688201594j)
(10.17953370497937-6.354428853003125j)
(11.17564324082847-0.4910621610730014j)
(11.254469376383907+1.011100684235079j)
(9.9438833193358-1.0989024726932475j)
(58.96331042953227+30.797154469431483j)
(12.154775597623896+0.41510972302292j)
(13.55185100555052+0.34878015299811155j)
(12.382940463294636+2.117404988876419j)
(12.461042026809048+2.0317082372155335j)
(10.649825722041184-0.0013260596522849544j)
(1.6147202605326525+24.981061479924435j)
(10.881411530952517-3.3534689218719347j)
(14.168624890303185-25.28559738140912j)
(0.6339381418039168-29.62331266477872j)
(8.561467549080202-1.5906939905779558j)
(8.087565343331839+1.5502125015012682j)
(9.01459710937064-2.173085683870051j)
(7.753232721108298+1.0176192942485487j)
(13.793865256962683-6.894266914115665j)
(8.774759591424697-10.144991849255861j)
(12.814969902698438+4.167393017598861j)
(70.92852434207083-24.026289444298524j)
(17.81181604541592+2.7775891989437596j)
(15.119440775782966-24.514612521532243j)
(18.025168044965007+1.5548486527800454j)
(11.214014490606827-2.532226224903828j)
(13.351242666273322-5.948350425518735j)
(14.352237849463714-3.187531101195581j)
(9.25384663970488-0.3951717848506149j)
(7.053329828965397-4.044106164268373j)
(30.02032223542652+13.377269764870682j)
(10.409119110084438-2.180164588351982j)
(-0.8789689123966203-20.586306688764978j)
(-0.0736189981710943+20.78796486314397j)
(12.428367798134511+7.890076021323523j)
(509.6173903559088-419.0290285089481j)
(19.51082452456468-1.9083926786763112j)
(-67.46387565746755-30.245941047389987j)
(7.422559794385751-3.6353279349545353j)
(29.007120737051732-31.452009444451956j)
(67.1545861455618-1.807951695368316j)
(15.286636993041753+22.58632528880978j)
(11.707285095994369-11.495908101116333j)
(-1.9466677808805386+0.23703636138365863j)
(17.036431276466868-1.6570651060921513j)
(10.054909445918554-2.775530522652083j)
(14.294586905408316-5.503126824961976j)
(16.355233041802197-4.296932112505637j)
(5.35775441434042-37.64120879934048j)
(-20.06801863373901-6.531655746006285j)
(11.48418248989391-28.021033680401576j)
(20.085372084309135+2.8987607763333694j)
(5.328384346918212-1.4610828472282285j)
(5.927128029167608-7.538427607366395j)
(8.451963910021128-5.147328836009366j)
(6.622974598390635-9.05385520577986j)
(10.661086267952207-22.814855623201595j)
(10.94152752628383-10.189627424492555j)
(8.440954849384331-3.258257332720684j)
(10.00465673480149-14.948378807577027j)
(6.46330925380531-5.885658920289959j)
(5.562992903585746-10.145055323252887j)
(11.58283157869848-9.220637651310357j)
(8.269224044260547-5.498295459424434j)
(8.472380226126102+2.584219529633177j)
(6.070459890119145-7.811609932992436j)
(11.212224050530308-6.248030597802862j)
(10.52428082591273-4.021280047028851j)
(7.294541858714452-9.898688645838922j)
(7.669070928839304-2.741332880422894j)
(2.82753269024447-4.115447938803318j)
(13.32568480969228+2.068235012342661j)
(6.595390140731634-11.651306640441168j)
(5.900143939341325+2.837639048222632j)
(11.262206028439905-4.322172198492869j)
(2.626196091318618-7.603725180573709j)
(1.8643066765571168-7.576394126813229j)
(10.562798514614755-5.451154178992888j)
(9.323057913739323+0.709259270300437j)
(6.239624975256142-10.165999293961514j)
(10.893651032532915-3.8557907982963404j)
(8.14271864919032-3.0805293666116222j)
(13.380343347100359-5.635679883708045j)
(20.849754938718274-69.90207274148625j)
(5.554160888966415-6.6507428289161306j)
(16.29076538199903+1.1135663757057246j)
(5.308159453855264-4.301527221298578j)
(10.198322676398163-2.168959790050792j)
(4.305822532733122-7.538479128373159j)
(3.314607357618059+3.3720283451861013j)
(7.628041958126329-9.638521196278258j)
(9.80562396040358-5.298709044791465j)
(2.7969543466783664-7.018362772328739j)
(9.868415490659535-3.695025215897126j)
(4.828652198506967-7.3931553278487545j)
(10.462135456013204-8.498160542696446j)
(6.020468831089002-7.7656575940428105j)
(2.758545974776219-7.276460779312756j)
(4.186422977204843-6.107207335721525j)
(4.331455367552558-7.861387803602208j)
(9.74870716426258-11.75119089738735j)
(5.354244376018893-7.1522843118622j)
(5.301752545088754-6.53759850920656j)
(0.45365358528001054-4.616414541671684j)
(2.0089628087411264-8.888015685565334j)
(1.856660245290591-5.649937334512677j)
(1.2019850820659355-6.595845483697841j)
(0.5323689818043886-7.180870616780784j)
(2.122282493023566-6.383873704030921j)
(1.7595580870913663-7.5882679548707666j)
(41.71717428918356-65.80961682419026j)
(4.185151907454385-5.248456069334997j)
(17.983810186322387-5.484168532253389j)
(1.186026947828259-7.693808302360726j)
(2.3592225210399977-5.6376621769229605j)
(1.4913051010204932-6.133006625566542j)
(1.3595277280888742-6.00889402528606j)
(1.2338208170937783-5.879566911091274j)
(1.1147909664078597-5.745497607866277j)
(1.0029551768127596-5.607321420591854j)
(0.8986901916275071-5.465802703028556j)
(0.8021960203296455-5.32178514201168j)
(0.713478853365256-5.17613206167181j)
(0.6323560714436085-5.029664570373105j)
(0.5584826159563167-4.883106104649839j)
(0.4913944342298045-4.7370409260306685j)
(0.4305620208271555-4.591891537137765j)
(0.3754459625393164-4.447916508830497j)
(0.32554701901866534-4.3052268262526745j)
(0.280445212423173-4.163816401944541j)
(0.23982490384256985-4.0236012601497215j)
(0.20348516252728474-3.8844619631029835j)
(0.171336424686393-3.746284690808239j)
(0.1433853900016585-3.6089974850299784j)
(0.11971049432087748-3.4725991393681297j)
