(0.2880254404799225+0j)
(25.16728469233735-3.9006858373831848j)
(22.77758677664608-6.725918992564274j)
(19.811449335843797-8.13876754332625j)
(16.94727597505933-8.248700881006732j)
(14.606737461879595-7.360858404732248j)
(13.002914520732565-5.794712844716379j)
(12.248780350401983-3.8152724936142333j)
(12.448878118981597-1.6530508266518145j)
(13.74844996262602+0.41752674044512955j)
(16.309998473113204+1.944260038679446j)
(20.11700912892105+2.1343219934984017j)
(24.45744637266541-0.09348959762005159j)
(27.4204411013319-5.216595174381638j)
(26.934090460949765-11.659093278666493j)
(23.16330340896444-16.607719904974797j)
(18.209113669982056-18.79896192742892j)
(13.739695920585348-18.811334167456636j)
(10.303564293600095-17.6235068434809j)
(7.8633677948144785-15.905994278124997j)
(6.238275077796299-14.0088344486313j)
(5.2716109761235375-12.096877306986043j)
(4.869319288030924-10.253233789546098j)
(4.998598336572647-8.54528613528803j)
(5.672029432976279-7.077519744317261j)
(9.675825334062612+1.749228474734914j)
(8.603088370991362-5.794127161763424j)
(10.348623987017758-6.705148520106254j)
(11.29160161314502-8.812444653990829j)
(10.681159653360043-11.317219262556488j)
(8.720291623059241-13.067328334224992j)
(6.316979922627252-13.596880564076057j)
(4.170607623127559-13.172429214850677j)
(2.515613687056188-12.22232220979194j)
(1.3334664892606747-11.046358841808967j)
(0.5385715453462755-9.803744652387932j)
(0.05362523135677432-8.568553251082953j)
(-0.1716189345302087-7.374425999874888j)
(-0.1599893632262168-6.242430630733991j)
(0.08852365662841843-5.200852878353927j)
(0.5872390602291683-4.3049239172959215j)
(1.3382888869647405-3.658978046923628j)
(2.274706444333615-3.425448606658532j)
(3.1709852641574927-3.763255652752531j)
(3.6349267558840963-4.635118826724258j)
(3.3690923336665355-5.652223711111244j)
(2.4890466004035967-6.3173754156291055j)
(1.3891931474919434-6.427958047035704j)
(0.3830681613022074-6.0857362425781405j)
(-0.40704373742956446-5.473961982893918j)
(-0.9741840959301277-4.731488268067756j)
(-1.3489320967621863-3.9380553938499587j)
(-1.5629121132525505-3.133924582394246j)
(-1.6371893444355778-2.3390144618456943j)
(-1.5801706483937559-1.5661624598321278j)
(-3.0940030685745104-7.354205021779789j)
(-1.0514710203733795-0.16356336876127245j)
(-0.5604960114461004+0.3818694283111653j)
(0.06254051427873099+0.7160623451437637j)
(0.7189402218894129+0.7363430151102134j)
(1.2062140031098618+0.41253106167941955j)
(1.3115771663019844-0.10315374301489401j)
(1.002765564953779-0.5262084363995648j)
(0.4559303519492946-0.6597106490338248j)
(-0.12061163833226261-0.4920967352181594j)
(-0.6082296610285082-0.10945113926474916j)
(-0.9712542790913441+0.3992718657866061j)
(-1.2132476177181564+0.9738981135461808j)
(20.872646085327315+5.394909491362538j)
(-1.3862496714247545+2.1999606276260604j)
(-1.3329046591464502+2.821963796282744j)
(-1.1847513478445417+3.435239161616669j)
(-0.9323440316084984+4.021779637766084j)
(-0.5650797499807503+4.547961173170732j)
(-0.08589089014481743+4.9565143983887605j)
(4.962845933519671+1.1141284301626069j)
(0.9535612127629429+5.141757607370513j)
(1.2373444581976771+4.919107756916764j)
(1.2275510563946392+4.674421523004104j)
(0.9903260617326737+4.579262672680124j)
(0.6647140860286962+4.695974510818652j)
(0.35810677798407564+4.994619904362356j)
(0.11988003092744169+5.41874625476816j)
(-0.03778617733712841+5.921954388551231j)
(-0.11741375116090637+6.474783442714136j)
(-0.1237367171035053+7.0605407819816355j)
(-0.05825323976228881+7.6695064855379105j)
(0.0828437554372301+8.293501323708071j)
(0.3086671720269775+8.920065461823713j)
(0.630166613821769+9.52530305109997j)
(1.0489106626151294+10.067265230352614j)
(1.5348574829523662+10.490236650424702j)
(2.0073441156479106+10.757961850131844j)
(2.3616927527071305+10.906055708491706j)
(2.5468082791913846+11.042840077195093j)
(2.6011956512654932+11.272265131002333j)
(2.6033369211559623+11.635565476279595j)
(2.6156584795743236+12.123578693173352j)
(2.6708195831985804+12.711147811428809j)
(2.7812868968853848+13.376538416487119j)
(2.9503131990611866+14.10642398785472j)
(3.1793434398593456+14.89498872477732j)
(3.4689579601714144+15.743127888706052j)
(5.236573532350161+27.29856690471156j)
(3.4042248478811246+27.41945581884319j)
(6.029595130964881+32.13745984551686j)
(8.691649162718939+20.040389154123247j)
(6.459353356033039+20.04216104031845j)
(6.301934603557168+30.88599419248824j)
(7.661528218748685+42.26504306421178j)
(16.82686671699017+28.839045523678813j)
(19.034374698857544+29.03170630479958j)
(19.862327189422476+40.3330244148539j)
(18.611892465254986+35.51678421951585j)
(31.452990979805953+46.90600957932071j)
(28.939697639052703+37.33236842169206j)
(48.38708248871515+45.17717137866069j)
(42.62472591139079+36.211145717529504j)
(37.41951025598416+24.42827807012897j)
(32.40878211861138+43.88022027234246j)
(55.10425005728595+28.056562779718185j)
(45.52520970270835+35.24225956234012j)
(47.9323734372399+31.199843526277558j)
(76.91890833592858+44.57608688792018j)
(53.28682785220407+15.823963303825256j)
(1477.042302735367+123.18815496707451j)
(87.29352563372618+19.91662736058913j)
(84.65950344828417-33.797894954677574j)
(90.46802571037537+0.5847772520340762j)
(54.52838465416228-44.80239152535438j)
(47.32192323846306-33.045581166638094j)
(35.057909382160894-30.92002204448638j)
(48.470340350711325-33.48793191722033j)
(26.17796393955525-42.67708212711983j)
(31.2891892801501-29.635914110149063j)
(117.61388415117806+3.2227593051504737j)
(-177.99680500693376+87.03993004980822j)
(60.221619483551585-34.82435944698866j)
(29.879736261497353-25.107743127153288j)
(24.15811142924273-13.612069946061618j)
(14.959639697318718-31.799776740234417j)
(15.00192021473376-37.31931540376488j)
(14.96622277379798-27.066776735012045j)
(-32.377400818072196+27.420831967106903j)
(15.06550208390692-35.44049888897243j)
(9.522751308287681-18.48251919772418j)
(8.654654149335952-21.79727952813628j)
(9.378368697032345-16.92133299838886j)
(6.252589285059707-14.381507370756115j)
(9.535121209289688-19.822180776032738j)
(13.39166850655564-21.13224574993926j)
(7.74775642744175-25.073881951258333j)
(7.958783961099785-18.515675935294258j)
(3.814474873158081-19.756056665078905j)
(6.080276473556549-13.925768281460556j)
(5.053942357478335-14.78124564413742j)
(5.643382100488973-15.592443141390778j)
(5.247960700189518-16.71507176190081j)
(6.696941088162381-14.126068628063857j)
(5.7102477583119695-17.978510444662156j)
(7.24298594442634-16.458662679736587j)
(4.778591399701071-11.549976933441608j)
(1.5536782033106094-15.784936072954775j)
(2.9979689358629322-15.773525509744776j)
(5.475489167851684-13.325216821604354j)
(13.45656060308808-13.855911690708432j)
(5.009337276927774-13.4132271363759j)
(7.294197343088177-15.8760149953219j)
(8.356595514143415-14.155547552059211j)
(6.892174256543614-9.415309980132887j)
(8.154461487689408-17.894514889838103j)
(3.6731184916541593-16.097665543824988j)
(6.466874923451956-9.455840595751548j)
(7.767385386423361-12.186392265832568j)
(2.7044790841058695-11.63490027610074j)
(4.38569481602579-9.333361337527684j)
(4.9812011727080945-11.035218307870073j)
(3.821315762636756-10.379071289254293j)
(6.389208107833379-8.88967826092627j)
(5.220053571853154-11.019736896410619j)
(4.148721905205365-7.550500587009346j)
(0.6852570250982737-8.742657664695045j)
(3.432660341863825-7.879842328988784j)
(3.5312425563055925-7.767126503347827j)
(3.6068852885855627-7.711780755560579j)
(3.634376537602316-7.696238752457453j)
(3.602875092641741-7.689704896363116j)
(3.521743259562333-7.661872058313557j)
(3.413504276393824-7.595634447871186j)
(3.3015830320760564-7.489321434688824j)
(3.202737277788394-7.350915322843682j)
(3.126017005021277-7.191502577037301j)
(3.074924231354973-7.021545939423791j)
(4.367361537080948-9.110894618738145j)
(3.5524693228704916-9.312837507329697j)
(3.0721771504631117-6.528945501622857j)
(3.114498727824791-6.392643378645842j)
(3.1717791378358395-6.280903282197911j)
(3.2363576255536217-6.199634787590567j)
(3.2967846032390424-6.15239932084808j)
(3.3384413191394797-6.137196220270187j)
(3.3472973606024787-6.143422824241013j)
(3.316479773314761-6.152431002041648j)
(3.2513016389810114-6.143945391958993j)
(3.1675279878414644-6.104902020555315j)
(3.083675360737433-6.0337530945710425j)
(3.013765992594094-5.937929905907973j)
(2.9647986115584075-5.828399828358628j)
(3.6449038056203418-18.153340017087142j)
(2.8187071578495626-6.484462633205321j)
(2.9403944468057266-5.510460043757379j)
(2.9610482688343853-5.428219499863251j)
(1.636570562580049-7.610502586870644j)
(3.0154025096363717-5.318328029449576j)
(3.0368877543831334-5.2922108868803805j)
(3.045425381173871-5.283067203123945j)
(3.034370123506389-5.285527683013791j)
(2.9992970252780595-5.290695858747909j)
(2.9404850990544067-5.2872360770423725j)
(2.8645468340277915-5.26455578372514j)
(2.7833031346051533-5.21699968074474j)
(2.7096533926169952-5.146321422147721j)
(2.652876085232258-5.060521429696552j)
(2.6162876057098723-4.970097524509094j)
(2.5978937201419163-4.884414170510614j)
(2.5925450324991095-4.809844772276144j)
(3.7377356844294707-3.5383648839740505j)
(2.596110658459043-4.704174189380465j)
(2.593578985358673-4.672332938365734j)
(2.581993999956605-4.651324695021246j)
(2.5580388774301075-4.637312534493866j)
(2.519676917250004-4.625515986844172j)
(2.466510684977039-4.610431677769265j)
(2.4002535045363302-4.586300801724352j)
(2.3251090818656457-4.547998245098613j)
(2.2476750727724886-4.492356794066914j)
(2.1759406730071524-4.419580116831712j)
(2.1172767617212687-4.333985367710808j)
(2.0760434973434556-4.243291405265658j)
(2.052032314249605-4.156387723541173j)
(2.0406728438055937-4.080577154521389j)
(2.0348255044408177-4.019668561094004j)
(2.0270689342383976-3.973610055106592j)
(2.011429030174734-3.939347580521567j)
(1.9841655530328683-3.9121351598311307j)
(1.9438113074375571-3.886694084790794j)
(1.8908429468254415-3.8579971452064825j)
(1.8272759309569035-3.8217211371834345j)
(1.7563211793453999-3.774509910155403j)
(1.682117380801768-3.7141868040310846j)
(1.6094723655134846-3.6400099731024236j)
(1.5434945730707699-3.552995575190436j)
(1.4889735871309377-3.4562319266043118j)
(1.4494176234434124-3.35496760394615j)
(1.4258434899334713-3.2561331524833483j)
(1.4157504486947774-3.167008699709762j)
(1.4129940127423726-3.0931583413179844j)
(1.4090993902944318-3.036418145876213j)
(0.43228181283253914-4.0580996692745375j)
(1.3672006292396384-2.959742614035886j)
(2.4640110392096015-4.632009439453587j)
(1.2610005485569369-2.884455027705719j)
(1.189433523623793-2.8311495933895388j)
(1.1123330799918696-2.762903990038183j)
(1.0351459246325938-2.6790892905014134j)
(0.962848677966756-2.5807919542921356j)
(0.8996886126356938-2.4704470880672633j)
(0.8490309836483669-2.351629355702977j)
(0.8131383955670938-2.2289662303848417j)
(0.7927587269680609-2.1080403535328034j)
(0.7864930421267636-1.9950535361149024j)
(0.7901071756564753-1.8959642356396769j)
(4.021135234693258-1.9570435185803774j)
(-1.5884376062093013-7.733730102322343j)
(0.7779076205736949-1.7029601579752123j)
(0.7379968162818898-1.6574433853819575j)
(0.6755192523764003-1.6041028285969618j)
(0.5961374435019504-1.5332504021925406j)
(0.508837000040126-1.4396312368235757j)
(0.4229323328943139-1.3227523860566641j)
(0.3460303643995882-1.1856394869524771j)
(0.2833120122413076-1.0332303957491054j)
(0.23767402063700033-0.8711767081894322j)
(0.21014176904447945-0.7052186896553494j)
(-3.204499031190549-0.1102854286539649j)
(0.20566600417081082-0.38379330208845347j)
(0.2227618551638086-0.23863995576061012j)
(0.24547124022855116-0.10934011392971421j)
(0.2656574634743106+0.002573393728366861j)
(0.27390923322661553+0.09948688048455527j)
(0.2618413018084682+0.18889579835552434j)
(0.22544270963717475+0.2827929581937376j)
(0.16767997605797372+0.39445413006092767j)
(0.09820391208726674+0.5338418205787243j)
(0.7893075673583896+0.9757451640939037j)
(-0.025283958806471184+0.903217341163773j)
(-0.059316531687777424+1.1231437885169713j)
(-0.06828314073508787+1.3558632400925388j)
(15.535291398398243-15.318941295706471j)
(-0.010991574344486773+1.82974927047447j)
(0.05065393280593923+2.0592006341453355j)
(0.1293702668411605+2.277956947859658j)
(0.2203765504071315+2.48325840759769j)
(0.3180947007661482+2.6738170051035866j)
(0.7493334178228093+3.432402297533855j)
(0.5094157328219828+3.0160020104495486j)
(0.5926302863132182+3.1767706508024487j)
(0.6645259617058702+3.3405976852274204j)
(1.625740072700108+3.3689221130725784j)
(0.7880067269766118+3.7091090431159524j)
(0.8546423588392462+3.923458873006011j)
(0.9365359903145424+4.157888429395269j)
(1.0412579898250676+4.407971854213224j)
(1.1738624088394514+4.667179752490477j)
(1.336715453327684+4.92818598382965j)
(1.5298137196933013+5.183809421628739j)
(1.7512392432945396+5.427566219787528j)
(1.997557465553729+5.653978285127269j)
(2.2641249766394482+5.858799738491622j)
(2.5453717085771213+6.039261280040785j)
(2.83515693802912+6.19434909673992j)
(3.1272839994254316+6.3250563669263515j)
(3.416203564114602+6.4344861927083j)
(3.697847873779791+6.5276630224341154j)
(3.970439421428461+6.61094607420921j)
(4.235047165070216+6.691040783743034j)
(4.495667685970989+6.773748681036182j)
(4.758710222973953+6.8627232463618j)
(5.0319353518401995+6.958542160854018j)
(5.3230644208575555+7.0583342051535976j)
(5.638365337258074+7.156042754610581j)
(5.981499765530462+7.243240790511011j)
(6.352815705550865+7.310301975619973j)
(6.749146796005917+7.347702865732797j)
(7.164084571112389+7.347263078488282j)
(7.588639592155069+7.303185298001828j)
(8.012191683781776+7.212805506496015j)
(8.423627804530293+7.0769952137396075j)
(8.812562302237671+6.900177125920553j)
(9.170523466309342+6.68993563398828j)
(9.491977559682063+6.456233468071954j)
(9.775057208472504+6.210288393346703j)
(10.021874614033628+5.963213504081028j)
(10.238335558606304+5.724571044764539j)
(10.4334247419259+5.501022069691491j)
(10.61799907163955+5.295265963732681j)
(10.8031953360304+5.10545326205611j)
(10.998627568283183+4.925222731987952j)
(11.210614853668316+4.744456650130394j)
(11.440735384626072+4.550758493841349j)
(11.685027298699483+4.331526963229059j)
(11.934116495412026+4.0763368978092185j)
(12.174411365395265+3.779181265568861j)
(12.68212433342364+1.9423515169136134j)
(12.566688297397556+3.0654217463612805j)
(12.692090088524845+2.6674307063309812j)
(12.760282743720703+2.261969043026567j)
(12.771455223917588+1.8661181037512669j)
(12.731938398192245+1.4955675891484372j)
(12.210675611927615+0.8547424240345187j)
(11.995667165279123-2.1485686496705947j)
(17.581613948817534-0.48816434709410395j)
(11.09565821521165-2.2749995949612165j)
(10.944170885519549-1.0963477057566502j)
(7.500668180656861-7.94367188440371j)
(12.987920470500356-2.511702080017572j)
(12.357745469017281-2.11709040275385j)
(18.57233823945159-1.689031435133355j)
(11.002742122621449+1.1785068065801152j)
(15.00085968857449-4.575852720253654j)
(26.828652161452613-0.0697270841929341j)
(10.947731426877187+3.9036206752702665j)
(9.624877187598978-4.894044730301339j)
(12.383819370304389-1.5133897412007202j)
(10.617994298513812-4.741115151652288j)
(16.68097498249614-4.150726022392296j)
(10.94224206895208-8.219302327627348j)
(12.262535631767095-1.6325522979950082j)
(12.282309407446382-5.934222084974686j)
(10.418859981871254-6.494645197244164j)
(18.777466280809502-1.6118958794196674j)
(10.09205126567477-2.607083798234898j)
(8.14473073699207-1.335564956679564j)
(17.92317145811203+1.3929581721868571j)
(13.303231025842182-1.237619808621312j)
(37.62468369241962-5.8750038378845995j)
(10.649163075616887+2.375284212391945j)
(5.7888880722424565+9.733137633281535j)
(24.499758746117987-22.618078023715704j)
(12.766374355912408-5.396570060398225j)
(55.31956901469317+68.2284728815754j)
(49.48381614704241-3.415113091647925j)
(17.228484636811014-4.849159833290906j)
(20.974590046881765+7.0500865780922375j)
(16.336250477361602-1.51268370445064j)
(12.877514115241908-20.11174512591299j)
(14.378503413286223-7.092631258121027j)
(-9.139758110818974+9.931375685260294j)
(82.86669256050656-164.51305212456774j)
(-37.702872469970295-37.23160127687998j)
(20.10133308175966-12.41948756353349j)
(23.80524461956232-8.396124885665172j)
(34.82124096328363+17.06354678172487j)
(6.336054758058272-8.668852125965586j)
(15.923798433597124-0.7022644457679574j)
(9.751797834921552+3.218567918150715j)
(7.3141401872886735-2.989348878578457j)
(9.497129061332094-3.5194117315196296j)
(35.29046047862062+55.998881355699126j)
(9.707772601097659-8.624333124822995j)
(3.6019266331343283-11.781692695550385j)
(2.3616150742808806-12.351070802221866j)
(4.128843696702785-0.927011421612169j)
(-22.045985124902142-57.23036023110262j)
(77.7335785583926+34.15072394223215j)
(7.38701885715424+13.971084105690379j)
(3.9713456232409317-7.571065082444634j)
(15.49998096125681+3.009471658775333j)
(10.454858378699537-33.258238131801555j)
(62.84198720498503-41.68695773974467j)
(12.341097400103209-8.398897953857993j)
(21.100561524678263-30.932133140475127j)
(17.297098403804455-6.732216797137905j)
(24.199512932796463+13.097941431377423j)
(14.006233993595735+9.3085997200016j)
(10.879778891292894-5.9503715575477445j)
(-28.572094659571736+22.76193347516726j)
(10.46416098484789-10.775559187038818j)
(16.528705255512453-1.4798280904290269j)
(-2.375533890591914-16.597146063145733j)
(11.653261537013604-9.5991321440968j)
(7.687202808891839-7.3679842277296395j)
(18.635334806645+1.1781619261624015j)
(2.389892306423837+3.3905066737377023j)
(37.02984173899341+3.096251970411196j)
(-14.839652147165996-64.24325969112499j)
(18.04813509879877+1.9139252882067483j)
(13.342271247700598-7.967962999615452j)
(29.521359313289388-6.620406345340589j)
(3.3833012029683167+3.163128340753562j)
(6.969762505738649-9.274077666630058j)
(12.425767647434386-3.9595753702776277j)
(11.053645069132857-22.90818177275937j)
(9.398335682619827+32.52493175255234j)
(8.886720828963117-6.4864110013651315j)
(10.713595640611606-1.619776929517466j)
(11.69417823522331-5.071379413014881j)
(0.13601008559418873-12.673790704916724j)
(11.894866464038667-3.6458778521594484j)
(6.576096577059094-7.91326325732776j)
(38.155810967477116+5.873748938388619j)
(10.211453775684252-4.103468301975605j)
(10.362604940622905-7.300991694345703j)
(15.55627308752979-5.085234888130542j)
(5.920366261850609-5.828249736627873j)
(8.608229342535589-9.270878323898353j)
(2.1453517479212265+0.45386286450812346j)
(9.439388636859615-8.823709201399625j)
(9.322027826709558-5.953511314148232j)
(9.468216463662436+8.588477988722365j)
(-9.153954163083645-26.106445420237144j)
(5.058936535312314-8.02854340263269j)
(3.303341326852183-10.729465713652976j)
(10.443393974096555-0.7768149686717662j)
(10.591441285919286-5.252617582007083j)
(6.294497196089235-5.103165131599089j)
(6.174794915037075-9.861703565608353j)
(7.024619782498947-8.241171724641324j)
(13.666850651897816-7.3656095375192985j)
(22.228017531679537-2.3201005836962527j)
(5.222214349960227-4.681405661768229j)
(5.1333925371981435+5.5973153767833965j)
(4.179623836784599-8.329911468051767j)
(2.9730537886332655-9.418067163466002j)
(-6.755825564446261-4.734719461777818j)
(3.4792911775713162-9.416366994388985j)
(3.2943712554107174-8.932870377067365j)
(7.082274404378468-11.483189385848048j)
(4.5846124784448525-15.072199634154499j)
(5.22810442198332-10.857376565089517j)
(16.690529482647474-31.588518633149043j)
(3.475045059084944-3.0442946290886583j)
(1.3202921639713923-7.112563490315816j)
(-0.39505914981844165-8.294065652242743j)
(1.5147630185015648-7.773495558006084j)
(0.6304848556702302-9.16505863086845j)
(-0.06589173774123304-9.296766532895928j)
(1.959282423684862-6.994506574633651j)
(5.018296611222892-10.56000134348006j)
(5.1395155573814755-10.018857423404517j)
(-5.724733254977473+9.431643882462367j)
(0.022121871756413218-6.800357967203677j)
(0.662350709809432-7.397488799467493j)
(0.45915939780101483-7.246576558826619j)
(0.2604215176330082-7.076657465287258j)
(0.07095072612045311-6.887400197740722j)
(0.21858503143429922-5.814668303362588j)
(-36.47705640504766-27.78771064879103j)
(-0.39323673801668596-6.223634555642792j)
(-0.501088850945771-5.985296381098907j)
(-0.9624844395724794-7.287558820648313j)
(-0.6443740286939044-5.519787523658638j)
(-0.686940857509901-5.303016578567903j)
(6.1465823542899205-4.129162705229002j)
(-0.7403695797337861-4.912428513783828j)
(-0.7610789868830362-4.736830915537915j)
(-0.7823771703959468-4.570979388964686j)
(-0.8059974657239661-4.411687271625031j)
(-0.8324935385834803-4.2558411121431625j)
(-0.8614989876431028-4.100660082984601j)
(-0.8919530666043759-3.9438131082614927j)
(-4.727191935749675-7.421967119481009j)
(-0.950383562757751-3.618358135109122j)
