(50.063540723787696+0j)
(44.35434641979454-15.046148010763906j)
(0.22365984432388508+0.6459516229097378j)
(22.9456196853867-22.12547814076335j)
(16.068541492182096-19.23673136598242j)
(11.786678024889744-15.373380649061966j)
(0.4603062735905557+2.3284981703252505j)
(8.315897217179778-7.227166425705413j)
(8.51285842771191-3.1474096384591976j)
(10.093613996331264+0.9530983909174123j)
(13.577150327992976+4.910199900369812j)
(19.92792815073346+7.872013337754663j)
(29.89580672921675+7.045176294735499j)
(40.00568739694997-2.698974556264738j)
(39.486657027950265-19.2699747354538j)
(28.20818274692217-28.985665805809326j)
(17.242822835865322-29.596490387157147j)
(10.14899689773959-26.580794664670925j)
(5.958186440056826-22.894660952834826j)
(3.5135547519769097-19.39939680856046j)
(2.1305689963063457-16.240903522952575j)
(1.4596132097763321-13.374270500592315j)
(1.35079729824716-10.71967150258978j)
(1.7910217226538008-8.212353870901092j)
(2.893611395375935-5.842101465001912j)
(4.917103824638746-3.746100391069189j)
(8.226216950732052-2.4579641137611605j)
(12.785199200349654-3.354565222523367j)
(16.454099946934974-8.143843199860248j)
(15.240822171407288-14.84382830051261j)
(10.104481634137667-18.32074714626213j)
(5.247212556952258-18.147479280685236j)
(2.0074206082032906-16.44266477741233j)
(0.039169650455355975-14.417431728796373j)
(-1.1305713674580982-12.466390297861867j)
(-1.8032483289407728-10.671577069267371j)
(-2.142853675837533-9.021096883780286j)
(-2.2279726028945337-7.481144040278761j)
(-2.0804182615949833-6.01936609395752j)
(-1.01265009819937-32.23969323278674j)
(-0.932641341788117-3.292278223189366j)
(0.2782651307498889-2.1503482730862484j)
(2.094949939511455-1.5110440182073015j)
(4.349599514248562-2.0429861123016346j)
(5.909237498954923-4.293092548255896j)
(5.272172027479463-7.132518890328581j)
(14.112769896474864+12.213836912153479j)
(0.8203199140604818-8.452878799992309j)
(-0.7422050339874693-7.580070240218798j)
(-1.7351999001559202-6.4835236080322804j)
(-2.3394841095482475-5.370459622287961j)
(-2.6864152123744227-4.300594695658152j)
(-2.852787044483066-3.280248328448629j)
(-2.876694995334721-2.2989415607959547j)
(-2.7681356476241947-1.3432776222129046j)
(-2.512211061589299-0.40473477982906464j)
(-2.0664310953715903+0.5090747362135657j)
(-1.3571274492458767+1.348130284641377j)
(-0.29855336976922914+1.9614223478117343j)
(1.0835344129277054+2.0182945818575955j)
(2.334429161752155+1.1338441514597477j)
(2.5785126651243595-0.4268127123246528j)
(1.660378582914158-1.5869114619990679j)
(0.38844326210410274-1.8303294219341206j)
(-0.6569286712939305-1.4453062023811778j)
(10.028801394149301+14.31195702929523j)
(16.716104490843776+9.804178350087689j)
(-2.0990085774162655+0.7227539442196708j)
(-2.2354091397034366+1.480192721377996j)
(-2.266882630217493+2.2311135448952006j)
(-2.2032143129317605+2.98120491672125j)
(-2.037123443488437+3.7362578467819634j)
(-1.7423256650862589+4.494809780989014j)
(-1.2698429015457595+5.2328849053084445j)
(-0.5536748597780995+5.86962591793514j)
(0.43206773783934915+6.21175155970547j)
(1.4929347793055867+5.971692428610218j)
(2.0852845801741706+5.120198828054751j)
(1.848610622295565+4.239167784491205j)
(1.1280261086676655+3.882725199016316j)
(0.401424965719884+4.0422516718793835j)
(-0.14669550963084488+4.494669717172774j)
(-3.3849728789804225+1.3741196133459248j)
(-0.7359447711765259+5.7220870515368585j)
(-0.8525563561994584+6.391042759192608j)
(-0.8845801252720592+7.07936863530369j)
(-0.8409459256305338+7.789064822126434j)
(-0.7172159890826713+8.52525005497155j)
(-0.49305908462340303+9.289803259904346j)
(-0.12820555768674624+10.068515990517135j)
(0.43312917108062166+10.801931915711487j)
(1.2120529593933118+11.341949081392883j)
(2.0544041494688017+11.485878499992094j)
(2.590427199598501+11.251389010947268j)
(2.6370145639008946+11.020483086594245j)
(2.6800928187798903+10.659055139454054j)
(3.8308856080930767+10.018337380718975j)
(2.0024415974928904+12.031874194438073j)
(1.9404281228757458+12.713755817971418j)
(1.9658133864449414+13.469378016732316j)
(2.0639361271193253+14.281550050861725j)
(2.224134136866084+15.14622831839163j)
(4.304076300594372+20.09694488648345j)
(4.835905868158024+16.416872245268127j)
(4.8681895622754565+16.2437435960842j)
(5.761514631192211+21.43428160462258j)
(-0.05501516711986427+32.77938447311744j)
(4.932311730471211+23.470140389131554j)
(15.57072769152855+37.548472144882204j)
(7.2992261732244925+29.762962806975278j)
(6.430682118783518+26.096627359852572j)
(9.527251916063147+36.09932494872024j)
(7.712713240992495+26.047552780847784j)
(19.72071053192898+43.8293714341558j)
(17.639279747029068+31.907868670126497j)
(24.04414446781415+46.7337668826486j)
(45.470953224476155+68.41545057828606j)
(50.383954730878+47.212831790356674j)
(-249.7678824784399+505.69738377712554j)
(74.7612161380478+125.4935250124132j)
(184.49645694279056+157.557347802015j)
(36.28635411551907+39.3211201460436j)
(38.43188917848566+63.01742532752663j)
(55.83643809517886+43.77816353953261j)
(69.1623869103384+28.934816788588478j)
(110.63102241843237+10.077266877011612j)
(1045.4145362815416+2595.8066996099183j)
(75.96560058890701+22.030777888172658j)
(59.513497097672335-24.4462200865691j)
(112.90826884503947+33.4447955173679j)
(99.72480032607851-4.3656932847380014j)
(164.02445577114858-68.27548411002694j)
(25.723509576433706-55.92928587517356j)
(18.79494783374795-11.79083856634757j)
(148.8924880812723-690.284883692967j)
(42.31590483382914-29.346560280035828j)
(33.34594895992683-28.308135467702247j)
(29.453985004193775-29.80468397795622j)
(24.21618754755829-41.341950223499275j)
(58.09429878714266-53.34586879616186j)
(28.680371976633996-17.650044904783112j)
(14.22238410716703-56.36235442204754j)
(13.274511179511418-32.91422366359258j)
(11.54797255570012-25.460194999791863j)
(10.662408112555152-31.76466715235239j)
(7.384414348238753-22.30665893846427j)
(6.160196910235858-19.688980564399557j)
(31.609158121551904+10.784453886826627j)
(6.183008015161801-16.801408288076228j)
(27.28496591969032-15.80544933102853j)
(10.100002236254223-14.623831314606656j)
(2.5355608822093405-33.410649135962856j)
(13.245461745493161-17.579318125053057j)
(8.642666709846218-17.306554447315555j)
(10.71657851068008-18.416862899621776j)
(6.747085107465153-16.508425872047855j)
(4.64966548820562-16.92637797985415j)
(7.889485795810933-14.447499613338566j)
(5.857347397149408-14.916206621887413j)
(5.1940749350701-16.42773294442313j)
(7.150671593008003-12.43968593657495j)
(6.1960067295232175-20.735149464317647j)
(1.9495487186432072-10.972214441586106j)
(1.9038726263440764-21.603965517032016j)
(0.8571658400129937-9.26341897212958j)
(5.859429376620394-13.478756803971299j)
(2.5175586253984124-8.617484111792754j)
(-3.2033142502152034-14.100549055587907j)
(4.095909039755019-11.147947509683968j)
(10.112095451515144-10.128391839350272j)
(5.976808164588553-8.830376025620733j)
(7.91616891463829-13.115022856761103j)
(6.100823777248872-14.35515757068133j)
(4.917062130535627-10.778185337908587j)
(-0.9608784384687885-12.51555232362134j)
(5.143119471535335-5.819091626785668j)
(4.510246381836032-8.532380032805747j)
(13.913991726319548-12.684852896896146j)
(1.6500630466946289-10.9469195174985j)
(3.794933091389271-12.919704336861688j)
(2.8447620893103127-8.18565804188998j)
(2.9828909483985084-7.910785932893641j)
(3.1724740105742915-7.704773350745509j)
(3.386287791327827-7.6006051024180294j)
(3.566985066930435-7.61493311186778j)
(5.015127577159302-9.337506661195803j)
(3.589870629351255-7.827176022784198j)
(3.434092760253872-7.870962158396734j)
(3.2418358437569292-7.821600593355165j)
(3.0630936734983187-7.693887221986462j)
(2.9215941335667157-7.515659292966367j)
(2.8232656785948156-7.310995520469741j)
(2.76629918456753-7.096504974940536j)
(2.7469257276564614-6.883001187418807j)
(5.160767600132106-8.78037909443527j)
(2.8083892371334427-6.488419664010141j)
(2.8846816967245825-6.321436095026083j)
(2.9873721148514956-6.186815716964028j)
(3.1090102504679087-6.0969283900769655j)
(3.233503963850988-6.064706088134255j)
(3.3325034194610357-6.096034368466609j)
(3.370038243132363-6.176639649763877j)
(3.322517046088891-6.265051328713424j)
(3.201493387040111-6.309856074934905j)
(3.04954298870649-6.2823739500397835j)
(2.910583737837253-6.1885843609172495j)
(2.808947944408301-6.05328079127892j)
(2.74996899115205-5.901487276106291j)
(1.488546822574648-9.558507763189969j)
(2.6105279593417525-6.054031434568542j)
(2.635704337821381-7.699845283423714j)
(2.820010827178272-5.395747425929843j)
(2.8784259042613933-5.324713370044776j)
(2.9393308707721575-5.282402658370529j)
(2.9938876236236602-5.270614704215536j)
(3.0307727467373824-5.288722298420526j)
(3.0365562719068033-5.330911340983737j)
(2.9988895086085554-5.3829833193844765j)
(2.9134945109146715-5.421846100816878j)
(2.791752462400334-5.422202792345029j)
(2.660428168619621-5.3697550324705245j)
(2.549345201941909-5.270175747489808j)
(2.4767574054577945-5.144418796634316j)
(2.4448645074302-5.015979929706844j)
(2.4451294423683225-4.901864770131384j)
(2.465391674054756-4.810806802771022j)
(2.494121093696756-4.745358380862811j)
(-0.7442284921973448-4.809698489392084j)
(2.540901267420971-4.684902554076559j)
(2.545371081379202-4.682461972787053j)
(2.5303899042735387-4.691625671641996j)
(2.4923956701065895-4.705585098067518j)
(2.4296595464259663-4.715964503503141j)
(2.3434190118771423-4.712963181980124j)
(2.2393668289523885-4.686446342775761j)
(2.128688244819127-4.628526659720028j)
(2.027125431295223-4.53740944286332j)
(1.9507652968808986-4.420570478256873j)
(1.575247757810678-3.8788366758276576j)
(1.902622568939001-4.177225157102398j)
(1.919035633427571-4.084498448790282j)
(1.9432713448295502-4.021794917279149j)
(1.961052328601973-3.986647595010334j)
(1.9625494482963806-3.971541449810311j)
(1.9428235787854637-3.96720475184807j)
(1.900861646598203-3.964681846160912j)
(1.8383796687960388-3.9562320241743407j)
(1.7589300993715318-3.935543226167143j)
(1.6674133242175961-3.8977038540109588j)
(1.5699046904528653-3.8392265159149814j)
(1.4736335380607584-3.758311468101035j)
(1.386874728745755-3.6554664493281357j)
(1.3183895867977369-3.534476077598929j)
(1.275949173919235-3.4034070100365845j)
(1.2636595464768157-3.2747851772865193j)
(1.2787023150864985-3.163632478614225j)
(1.3095989056077069-3.0827072651988034j)
(-0.3819134248194592-3.5842827575357155j)
(1.348012856206808-3.019607288888721j)
(1.3270861194763255-3.01721177245471j)
(1.2742318428824255-3.013470026349766j)
(1.195133873060666-2.9955343573177045j)
(1.098945161048184-2.955768261372222j)
(0.9952695496832176-2.891240375107984j)
(0.8926587528299704-2.802312468087706j)
(0.7982535942523133-2.6913888784166944j)
(0.7179670606448375-2.5622028494705007j)
(1.1240201515829975-4.9036678226937775j)
(0.6186316640031064-2.2700003384766654j)
(0.6062435365628689-2.1214334326897326j)
(0.6195887033938776-1.9842798765913912j)
(0.43483240528288886-0.6350880815265536j)
(0.6976332536717785-1.7907143457521533j)
(0.7317564056239081-1.7495672174159123j)
(0.7349185188188694-1.739435947598589j)
(0.6926446639353913-1.7399983335708367j)
(0.6051861712077172-1.725798240812858j)
(0.48666530705445027-1.6773824158382051j)
(0.3568862548774938-1.5872640322919958j)
(0.23329386016877957-1.4583097702605203j)
(0.12755270983416434-1.2987875245831009j)
(0.04593306245127445-1.1183033939268987j)
(-0.008951132864702421-0.9258673872001499j)
(-0.03661175604956684-0.7295425629780601j)
(-0.03788275140968154-0.5368646449219869j)
(-0.014905428687688264-0.35545840903499343j)
(-0.41535328950597467+0.2723271443284809j)
(0.08348146805267032-0.058924439708490144j)
(0.13833992777025336+0.04173371693576497j)
(0.17439592182272093+0.10830415657221j)
(0.17161894599166072+0.1518616363832423j)
(0.11735817123936712+0.19658048069727801j)
(0.01603269940375986+0.2724459627573095j)
(-0.11034888796531876+0.4011717736730697j)
(-0.23322823444461635+0.5869711580201594j)
(-0.3301137623694482+0.8191679472722773j)
(-0.3895538428647423+1.0811160922471241j)
(-0.4090924589861031+1.3572074298092718j)
(-0.3912169510616905+1.6354711933720354j)
(-0.3403771901414549+1.9073397933094476j)
(-0.26163061853386005+2.1665137025653487j)
(-0.16046684708620146+2.407978524602979j)
(-0.043280832374469856+2.627596827418818j)
(0.08196239859962502+2.822462916966965j)
(0.20539894840270456+2.992093821755805j)
(0.8205163709954069+2.9937036259084677j)
(-1.565742249275167+3.969042833479386j)
(0.46398665801534283+3.41516758011776j)
(0.4998726091699265+3.5736394748975155j)
(0.5234516439320069+3.765131411094059j)
(0.5517164870245926+3.9952245702384546j)
(0.601330692163287+4.260871811179684j)
(0.6846778051400316+4.552896638243658j)
(0.8086358366220717+4.8594988551952705j)
(0.9753256778957426+5.168876809544202j)
(1.1834743116748714+5.470484684378556j)
(1.429521166098434+5.755346120534391j)
(1.708225052875401+6.016011814221468j)
(2.0128905471382503+6.24657123642129j)
(2.3354598116032528+6.44290935333179j)
(2.666730793880866+6.603224526220851j)
(2.814282336949463+6.977220976005063j)
(3.3167416204194+6.823927990774552j)
(3.618843798534669+6.897173109380086j)
(3.8995267049423625+6.959435527401146j)
(4.160045731018088+7.022907280270928j)
(4.4070640484639005+7.098613884611544j)
(4.651862901996278+7.193959935089179j)
(4.90838590299665+7.3108768806592055j)
(5.190614458282003+7.445113857088511j)
(5.509969326906345+7.586806214148908j)
(5.873326225193023+7.7220545799237055j)
(6.28193907330546+7.835040321098836j)
(6.73127265696902+7.910221546005362j)
(7.211578366341381+7.934299111861695j)
(7.709010764388946+7.8977939433761275j)
(8.207118919928648+7.796167836200619j)
(8.688588176167551+7.63044555884317j)
(9.137117309124504+7.407288709322071j)
(9.53928865122175+7.138470198534563j)
(9.886244371087926+6.839728718275694j)
(8.807916188258545+6.727692214587932j)
(10.408831431902609+6.224520754522365j)
(10.59762343729198+5.941965524312534j)
(10.756357826391257+5.692687770306137j)
(10.903525335204167+5.481595445802928j)
(11.058549254322553+5.306027823263253j)
(11.238805944456251+5.155541163242538j)
(11.456531940653994+5.012865639102236j)
(11.716082427373097+4.8561496356940115j)
(12.012131174424747+4.662419040903067j)
(12.329444926785621+4.411861345467295j)
(12.644695365856538+4.092143423117411j)
(12.93029993869298+3.7016650055773j)
(13.15959336625322+3.2506915545356243j)
(13.312033205080654+2.759846110733116j)
(13.377013526881855+2.2563137910407045j)
(13.355349947848902+1.7688896762964614j)
(13.258362229805678+1.3232615786878896j)
(10.145012397965184+2.92842801324812j)
(11.053568807385783+2.417056899827122j)
(14.652802900974002+1.5573302562080937j)
(11.871926827426865-2.2175527143644707j)
(12.972553040508988+0.6227061731730512j)
(18.605791452929225-7.52039619909174j)
(15.501679080997349+0.646786190009647j)
(10.239465218095729-5.439144051441664j)
(8.461289630556172-4.809996245141558j)
(12.212328998424766+0.5152180619105718j)
(13.007468416503823+6.145991299571547j)
(37.66213381456742+2.0547436579218523j)
(10.983949653208787-1.528148261842812j)
(7.046029808179047-8.505906238992422j)
(21.905993419487288-2.5876037169068447j)
(9.854598774143758-2.6248399418333843j)
(21.124521003282933-0.19760629207230712j)
(12.677646471954567-1.1451525935963893j)
(9.018347666454558-2.7234125108287066j)
(10.82183320642225-2.409282883292954j)
(14.233893260797597+2.124214499636398j)
(6.970631210063037+9.644634681214324j)
(10.780303382638705+1.3055732522117318j)
(20.304568978463422-21.20106212745412j)
(15.52389246310672+1.9346872237654096j)
(10.734566444654504+0.3638110075559192j)
(10.253706868338465-0.6336583726170342j)
(12.001875449398774-3.3796819076095246j)
(14.452960864644584-4.190847318254211j)
(9.743475887164593+0.09300460652880187j)
(9.907651169200285-5.000778155939106j)
(5.692014633159895+2.2824357327020084j)
(8.887926211824894-3.727561768660674j)
(-4.909316537997263+20.541330529561172j)
(-109.72563238266588+70.56099468461547j)
(-0.6399920401693964-8.596686664697044j)
(9.943415606801437+5.53447023773477j)
(-6.356675239862399-9.216358201525061j)
(9.408877792603938-2.4028359926185794j)
(8.641565887149705+2.181278418750716j)
(10.626089308162292-3.6863733478661893j)
(1.3589567167908982-58.35196571432245j)
(42.82568575139844-25.359885767751702j)
(20.108956108473816-3.007489377895909j)
(-58.64930625138527-28.142309718614975j)
(12.85551807225545-6.058735309360125j)
(-23.59596234550164-17.15594872595688j)
(18.187534022498873+1.60802460265123j)
(-351.50963272279006-412.5752136551681j)
(16.796933607316316-2.891355997839743j)
(19.251029843759845-92.60907124422563j)
(-36.0492792192748-41.67994616123964j)
(3.3623110890552397-23.853351551607684j)
(10.036571641601414-4.0511330189237995j)
(1.668271123289047+33.03609778935274j)
(16.71828912469716-2.5944520902509716j)
(12.522282385652604-4.72116108173301j)
(161.67939649280714-108.23458873122087j)
(9.417266562078181-5.171280485011649j)
(10.868883205745243-15.29200766699089j)
(57.55086035561738-45.621186495082576j)
(8.739237079454607-4.423544607612232j)
(14.129462179921134-7.8406730563460565j)
(26.484105040700314-8.797400879721545j)
(13.31885449745135-51.18060315029427j)
(10.83922350593838-5.750142657975543j)
(43.847842114329126+18.753096988697905j)
(16.947901469956047-14.1425825631623j)
(9.832606272065535-5.482859539939213j)
(-5.655307012715414-5.139647562686292j)
(-4.063324340367834-2.0553301134984223j)
(12.080115709535516-7.426678297775373j)
(3.7306969171551305-6.051913431110868j)
(-17.237654224980698+3.045133200997169j)
(5.340582250760819-5.17835151245135j)
(12.563291919802788-8.056562791235653j)
(-15.945315637942086-40.16211072592804j)
(10.937913614474116-1.3129638445777068j)
(7.458716368137326-2.7198543519269704j)
(23.042622537387683+34.12380236504902j)
(11.772706985281383-4.195490876758072j)
(-178.16795738662233-133.02970411922863j)
(4.355842887818381-3.8150807515582335j)
(10.398083522472202-7.4164807739177805j)
(2.175065547753559-30.63971774959388j)
(6.971199999779032-8.561921962742533j)
(-21.08602856397238-3.5467208896845532j)
(7.4990654801395475-2.5237155417926966j)
(36.418276055497856+6.411927535814044j)
(12.6925465217813-9.755080288359704j)
(6.536941843720229-1.2347066691786053j)
(6.547785272423867-7.8640619672955525j)
(58.09506525845382-39.323305527285j)
(7.6738619610623795-5.9442443329985535j)
(6.354993392363227+5.406448627264387j)
(9.821538073290249-12.307471011152986j)
(4.812369346050248-7.363252512626287j)
(9.338664058193988-13.868371403880479j)
(7.304049103975975-11.026594459043148j)
(7.263919999877325-2.4263399265442116j)
(10.386285287717842-18.44648992201873j)
(6.164191244241351-7.1941506467442995j)
(-5.873612343032972-10.417300047835566j)
(-1.3525239643936762-4.403525358362371j)
(11.954551414181815-2.156201761717304j)
(6.819905266123364-7.083630566400747j)
(7.420846587955373-8.386299788020617j)
(7.944535088010401-8.495222008236496j)
(5.841214304410184-8.342189637321217j)
(9.357969407666047-6.664837388471203j)
(3.2608951596301563-9.203499596173772j)
(3.2005767584093268-6.177405553063142j)
(8.36967808644873-15.008586540405638j)
(9.49067289205528-9.692180042064626j)
(-0.21166550829066177-11.095438362380232j)
(9.943013153399379-9.674820807723501j)
(1.631631430893924-8.766565817311825j)
(-10.51726298279821-8.991103301952055j)
(0.045589824469829586-13.26757342118849j)
(2.9538050604246653-6.884723028039274j)
(3.517112101931743-7.223389515036414j)
(15.045237792076433-8.853690759431124j)
(2.1111630293931642-5.694624891938364j)
(-1.1315902260944317-4.233945263643195j)
(11.536030819060587-4.771376788622407j)
(10.16399099552028-10.384625542716249j)
(0.6216688303856975-8.067463172268955j)
(3.6354437343103245-9.189455407718627j)
(2.0132958283740097-9.382443495932996j)
(5.884806060536726-6.173764589014274j)
(3.978492121390325-4.903727907834337j)
(0.4138797774637534-8.13356706640173j)
(0.679290360239915-7.823324390666364j)
(0.4504384780877521-7.6944545316748165j)
(0.21824212252379308-7.5417586034737925j)
(-0.011400410596697011-7.362651594026077j)
(-0.2316274033858609-7.155931912566044j)
(-0.43472637351470217-6.922363004591885j)
(-0.6127063707109139-6.665412368899293j)
(-0.7585137572325821-6.391777646829167j)
(-0.8677588730455532-6.111148234373909j)
(-0.9403239082019074-5.834787093356645j)
(-0.9809235495669865-5.573133829744613j)
(-0.9980569190387031-5.333392542678708j)
(-1.0017340218754083-5.118249958689075j)
(-1.001087082709758-4.926182173585229j)
(-1.002851618549003-4.752867065549197j)
(-1.0109824724355263-4.592817110449141j)
(-1.0270592798151106-4.4405950864099015j)
(-1.0509736702784385-4.291437676746848j)
(-1.0815405847828412-4.141421002434968j)
(-1.1168884166839563-3.9873917301796964j)
(-1.1546291630870904-3.826852100854321j)
(-1.1918806293989914-3.6579187591538624j)
