(0.3913449391691898+0j)
(30.83350611573085-8.509102317933053j)
(0.495539428455032+0.6502828344165563j)
(17.822000634315486-9.545440652189091j)
(14.934018814022664-5.463434523226731j)
(15.12008671312051-0.6591840591558517j)
(18.846028787237426+3.6405891293985357j)
(26.684583142250176+4.73144150498424j)
(35.31279140310975-2.4571684808767973j)
(34.31550755818125-15.682822144861674j)
(24.546889316033504-22.146024562774098j)
(16.024893773862328-20.972547473269557j)
(11.231625362858647-17.03742911999396j)
(9.365680678070323-12.613896358495756j)
(9.874808570596652-8.460626825963928j)
(12.841676230922259-5.330097522608413j)
(18.195190524596384-5.177306405740348j)
(22.674986724086935-10.74763440093475j)
(20.149666279311514-18.583509538733793j)
(13.269000641005272-21.243356838905036j)
(7.852064723770152-19.514385597353506j)
(4.867593558265449-16.37673768055281j)
(17.125898146619527+8.178041745313894j)
(4.010174702702903-10.061964720259283j)
(5.779352154977041-7.708393499205366j)
(8.97239958404096-7.09166161193235j)
(11.909051255738351-9.80151990725387j)
(10.981203971567716-14.374584911784211j)
(6.913319049098555-16.291429371692818j)
(3.3209352055951715-15.288647272119013j)
(1.2050091676459285-13.167577305189951j)
(0.27817724161068186-10.850492321870433j)
(2.3432357478171517+23.53657305417503j)
(1.1718059303801607-6.76292738370926j)
(3.0024307907616996-5.696101931846115j)
(7.5826004410393075+5.924646949777942j)
(5.816206045565411-8.989556232163865j)
(3.8430983757854182-10.927980623775973j)
(1.3282815032811848-10.815461941573604j)
(-0.3985924864725332-9.541006603360064j)
(-1.2864848677940717-7.920322248602962j)
(-1.5135219941492437-6.276207329591273j)
(-1.1470149355107275-4.752279555190707j)
(-0.1446910154825645-3.567078281647807j)
(1.4147870201589368-3.2317611142426115j)
(2.6892908307496692-4.319890188791756j)
(2.312662437907696-6.0366001440206j)
(12.210173179716227+13.087330258328468j)
(-0.7945145218541105-6.114847771533419j)
(-1.709060178221455-5.018860743563365j)
(15.146568098446384-13.031240957039085j)
(-2.048670236578173-2.5292178529991003j)
(-1.5461518782458348-1.4071253971211002j)
(-0.5571431030431917-0.6484586071851706j)
(0.6992656838451793-0.720000993172345j)
(1.3276564087656695-1.7876129608275073j)
(0.6669495483310205-2.8150134513755085j)
(-0.5254946149381596-2.8941332539345783j)
(-1.4632244591201784-2.256796816184938j)
(-1.984823511607825-1.3217827263211819j)
(-2.1360615577220603-0.30033841689015306j)
(-1.9407542154379047+0.7072354749653934j)
(-1.366792341138473+1.5803390075262285j)
(-0.41642858468373356+2.052062259414257j)
(0.5597464403735385+1.7450967420819805j)
(0.7643004646676642+0.8372422194901478j)
(0.06539656122511074+0.28703745306981254j)
(-0.8105439964749517+0.47806000359218903j)
(-1.426540409543221+1.1257974721282646j)
(-1.725544020023455+1.9616831322147712j)
(-1.7325402167062498+2.856157888463267j)
(-1.4398248610870075+3.7267192545521795j)
(-0.8096135601707536+4.433030705170948j)
(0.0896198003627776+4.689331984346693j)
(0.7935940158357956+4.260361969287641j)
(0.7164155063216163+3.5865619654272733j)
(51.23065492062095-74.72849774591586j)
(-0.5581724649209833+3.7525433625260995j)
(-0.9592394587205219+4.4141156370327685j)
(-1.1077668770878721+5.207307779324623j)
(-1.007356425609089+6.045063305735956j)
(-0.6290999900735014+6.843641416544064j)
(0.050470446489603325+7.430446289142589j)
(0.859552181301954+7.526234100914287j)
(1.279137079290316+7.115309515725343j)
(1.044967034685433+6.768652392006061j)
(0.5394087632704007+6.890906248028027j)
(0.12243229168066316+7.393421755787343j)
(-0.10276680807173055+8.100567417335359j)
(-0.1260992201499601+8.910630673373479j)
(0.07029891279674118+9.76034156941358j)
(0.5260205127964624+10.551264339350139j)
(1.2124040970767043+11.081906228208844j)
(1.838023228595573+11.176861935474932j)
(0.46471369375491706+10.24563695564416j)
(4.199531767409016+8.481783387056971j)
(1.6150202319637774+11.67596675545599j)
(1.4714080195755275+12.366902943383913j)
(1.4537054371610396+13.202923168798268j)
(1.5756833235309038+14.144360374117975j)
(1.8706217261994043+15.156849092277707j)
(2.3737643327081046+16.154109538255046j)
(-1.7576476101272058+24.200143692223133j)
(0.38873013519861527+24.555847380162035j)
(3.2179365670718068+20.95831672856518j)
(2.4018131414578994+22.8798082190794j)
(2.3601503236978396+20.137605207920803j)
(7.117612142328684+22.010160981000848j)
(5.545938182486677+28.70493381875235j)
(-5.943456107422462+53.09004699762354j)
(10.743857463708743+29.444160455351525j)
(10.849104657851331+30.473969764594866j)
(13.232750529769211+55.59390539525783j)
(15.211432534989669+42.16709331179641j)
(38.0742053710635+47.99574662807256j)
(20.74224587890971+16.592436269822564j)
(38.100290707305774+40.72385063964514j)
(20.922713050885836+52.683862059221326j)
(37.514951844292725+44.93509168423784j)
(27.622528269595435+40.35206500420947j)
(38.913911234186756+54.855953801773126j)
(15.749870477771807+89.366382555429j)
(58.11892441179287+41.56416381594385j)
(69.84450740280185+36.18824723249631j)
(72.890231257742+9.659767324886557j)
(56.68068313100096+80.40661439294065j)
(56.2617320278075-14.24373841476712j)
(65.46248698448541-3.4478699042899525j)
(-46.22807678476801-201.5196649055531j)
(63.55943656729357-27.98572362058165j)
(82.74081484313075-34.76126317691504j)
(54.04133213150263-61.9378992405788j)
(38.73308146467451-16.884418945082448j)
(25.390198421393645-57.58860992963264j)
(43.91273608797048-66.58591783561504j)
(26.50630300351388-36.19731039507268j)
(25.793298560768243-30.391846337270838j)
(-42.980383323340874-4.538433548549973j)
(28.31100089512062-30.20371628445296j)
(31.218011332176896-35.257429507189656j)
(12.935065714089662-31.409910361944068j)
(11.62526220533896-29.648219475394097j)
(5.971108918822601-14.631300830984635j)
(7.351812741214328-32.37774501304511j)
(8.696004029768524-24.219089171874536j)
(15.849200367655577-35.14098830670427j)
(2.367713846298497-25.275869326009424j)
(9.79018806772958-19.354697538950045j)
(15.029762749311802-22.661882223310023j)
(8.716839093953078-19.996061663694405j)
(11.89485519762855-16.385028709021416j)
(4.899838705982741-20.901953408039166j)
(5.929576827880163-24.383482707049293j)
(0.059979676857858155-1.602309024043524j)
(7.384180873746346-25.150736255680933j)
(11.394362554399958-17.840858513786593j)
(9.056879760924835-15.580879861145137j)
(71.19778926851424+68.45029176738859j)
(6.723729145343934-21.560224159948586j)
(5.928762771216654-28.116386153256947j)
(4.8272674290799005-15.742282461369712j)
(5.297420758707674-13.782896871516966j)
(23.91492999974178-7.7638223714919965j)
(3.280612804434855-17.398781710247135j)
(1.4493906646443722-14.22511052980242j)
(5.147743426319324-20.964124746087805j)
(3.2922655462516093-11.437156825165998j)
(6.032539820567522-10.340039842001852j)
(0.7328909361671772-11.466760204330384j)
(4.507336702941513-10.326292039002741j)
(4.476673659749723-11.95944506204105j)
(-5.1482564667946935-19.39293950885966j)
(7.66868764354127-16.329595534116304j)
(3.1918111786370744-11.728395564803861j)
(28.23257152624031+10.151145605208999j)
(4.669231903404006-9.184526398270876j)
(-2.913655244962105-6.992657271867583j)
(8.353354756798373-14.402321878219864j)
(4.200823042747282-12.139917039502391j)
(5.226953589767495-9.499982473572832j)
(3.0851886197419343-8.781710615773711j)
(2.9641416801660045-8.512706971234936j)
(2.920855111290383-8.217598608255797j)
(2.960127945520745-7.935513867408206j)
(3.072692511451421-7.710070197664485j)
(3.2196500445872127-7.585473136514184j)
(3.3236331262527723-7.5721790384950305j)
(3.314933687764884-7.607349371885463j)
(3.203744318955465-7.594934211516743j)
(3.062309905822147-7.491774206671543j)
(2.95229889330686-7.316075510711389j)
(2.90062893560667-7.1055757227107135j)
(2.9122186289411034-6.894942586778206j)
(4.622426123147403-9.89175533596874j)
(3.0864124504056267-6.595910750586484j)
(4.4392114626586-6.98752575530788j)
(3.2264014204336022-6.5840066243869355j)
(3.0231750493597733-7.81395353385792j)
(3.064067947771592-6.5725018546873j)
(2.9610584082033675-6.46240970170773j)
(2.902715675128027-6.310382886903373j)
(2.8973930941492614-6.151789750426186j)
(2.93763356708928-6.014027292218185j)
(3.0075357920345036-5.917800309395962j)
(3.0813339721107456-5.877004330034564j)
(3.1223155614332976-5.88899428881348j)
(3.0983171555066926-5.920425922425683j)
(-0.30931042112416895-9.193372205444673j)
(2.9161937969394627-5.8525912909026605j)
(2.8493393018716127-5.740583202546752j)
(2.8291296910308854-5.616743569375061j)
(2.848121107123331-5.509331291331536j)
(2.8895598708292174-5.434969610818675j)
(2.9327873168374263-5.400900530032995j)
(2.954114103004446-5.403992790704657j)
(2.93179786055743-5.425331475534631j)
(2.86126938476279-5.430185889937023j)
(2.7683685590125795-5.388245523207813j)
(2.6936006567076523-5.300688285094929j)
(2.6593663647103103-5.196446557211943j)
(2.6611518690702236-5.105357118897625j)
(2.6809498054152407-5.043406609542738j)
(2.69897690545597-5.0135861147705825j)
(2.6978498453895976-5.009538597964521j)
(2.6648283224252896-5.016500417416338j)
(2.597199821400546-5.012141877588959j)
(2.5095479349168435-4.974341072732504j)
(2.431256388972624-4.897615738363448j)
(2.386433774084083-4.801363365937216j)
(2.375911967949831-4.714572970419177j)
(2.3820120206364437-4.654988573841898j)
(2.3839525936876713-4.623978497684613j)
(2.3667174019210333-4.6122276544054035j)
(2.3230038842178042-4.605297890091745j)
(2.2538788838464794-4.586773874842338j)
(2.170379477655605-4.542101059913103j)
(2.092938840870707-4.46607941711192j)
(2.0423814587722746-4.37049180116792j)
(2.024453403995201-4.280225881241908j)
(2.024534360664722-4.2156626876391154j)
(2.0200613515242627-4.1797284132585855j)
(1.9950624653425313-4.161015750951853j)
(1.9446916606609064-4.143362741729122j)
(2.411162928904771-4.687767973162948j)
(1.7918927932213482-4.057335837438238j)
(1.7164512212547163-3.9760281495412406j)
(1.6635346634011596-3.8764434758534247j)
(1.6412397195527118-3.7783157086160077j)
(1.640193884215933-3.7033427706266675j)
(1.6373361770067987-3.6593502203747423j)
(1.6123853669072075-3.635250812237616j)
(1.5593335832225594-3.6113983366000983j)
(1.4849876197440008-3.571376813698357j)
(1.4025571145654672-3.5066001610721997j)
(1.3270740649934472-3.416540713561551j)
(9.155828278324753-5.063942950206504j)
(1.2468024885504974-3.1995110899659545j)
(1.2458990182083258-3.1093332846862127j)
(1.2495616974828465-3.051984053320037j)
(1.2322681827265975-3.021581121587648j)
(1.1814021188637065-2.9955824942664786j)
(1.103559116339575-2.951431316168788j)
(1.0158783778602498-2.8781238726807863j)
(0.9360536154311336-2.7765148892772866j)
(0.8777440937452173-2.655688621971211j)
(0.8486083386889655-2.5306547936166237j)
(0.8470614370541247-2.420452575173383j)
(0.8579480596479326-2.342125851002022j)
(0.8544257115181709-2.298468959113107j)
(0.8136717270023646-2.269919048570387j)
(0.7349821443853558-2.2259185475360552j)
(4.194517620831271-4.132264610255763j)
(0.5485835433010099-2.0306933294117564j)
(0.48276225180190824-1.8901170224741553j)
(0.44898524552920455-1.741886552619998j)
(0.44619627313957744-1.604887131346616j)
(0.4627075073894002-1.4969069329279203j)
(0.47463557382133303-1.4273104553236806j)
(0.45285486201179975-1.385555679981476j)
(0.38299508516741976-1.3393800908933284j)
(0.280112269856134-1.2553970499216858j)
(0.17670067554842145-1.1227542528160301j)
(0.0996404890193935-0.9538568945323995j)
(0.060603815524610645-0.7707036960950814j)
(0.05832381433883485-0.595156518536075j)
(0.08163781104390962-0.4455815900374298j)
(0.10968174820353051-0.3336620676210023j)
(0.11382399301275978-0.25665635768509565j)
(8.709953338012758+0.2978551859244129j)
(-0.020030146852203275-0.0920054699737093j)
(-0.12466590488693068+0.06170916227271486j)
(-0.20571411071437976+0.2667591583932101j)
(-0.2422695180712039+0.49764480849206844j)
(-0.23333054237081724+0.7269707451576545j)
(-0.19052754710319617+0.9340274599320099j)
(-0.13320888573396303+1.106585660677562j)
(0.2458134630584734+1.1622697041020151j)
(-0.07396448654381295+1.361061767677702j)
(-0.10597661538278848+1.4914184758635682j)
(-0.16418423947026708+1.6678849933018756j)
(0.9612631165302985+2.4187385306358564j)
(0.03530628168610289+1.7884683140029205j)
(-0.1718498416034594+2.452022015372754j)
(-0.08183347207684688+2.7178271680236965j)
(0.036089378139075395+2.9534824662880252j)
(0.16101437197521784+3.1538566841542055j)
(0.42739298435462714+3.1887012162111166j)
(0.3517649864008212+3.48869707801406j)
(-0.028030853625750293+2.85811663126036j)
(0.4462083847612141+3.8936778614821166j)
(0.5108418727822343+4.1590775616057165j)
(0.6197800913928446+4.44996479050085j)
(0.7799172985250963+4.741534307494663j)
(0.9840129679223076+5.011864584542734j)
(1.2159040496252673+5.24712355474127j)
(1.4552726582404492+5.443777396140149j)
(1.6827100866432463+5.609895537307249j)
(1.8141315566211789+5.955276609810395j)
(2.0689823138331325+5.930119179431227j)
(2.2478655800240572+6.124941160937674j)
(2.44846484817919+6.350958014335096j)
(2.6922129844938407+6.594301974593046j)
(2.988189389834351+6.8315777403277j)
(3.3310664440702875+7.0389149805923745j)
(3.7039203745190696+7.199428013751896j)
(4.08373816506555+7.307987702070956j)
(4.448606763361839+7.372931680933784j)
(4.785402426047923+7.413673189235149j)
(5.095283995461381+7.453705325971222j)
(5.393833589638513+7.510999369258898j)
(5.704957045386507+7.59007540721462j)
(6.051108715160068+7.6795045537368045j)
(6.444055850475233+7.755734040125697j)
(6.87959691552541+7.791502516897621j)
(7.338013696822608+7.765898007620545j)
(7.790439658921619+7.672586788435465j)
(8.209251322763485+7.522771010914122j)
(8.578356322075722+7.341120547980408j)
(8.898828273393322+7.156277340322824j)
(9.18774687870545+6.99017826568487j)
(17.802277831182646+9.721371446215807j)
(9.775625448278515+6.726751419255405j)
(10.11577494270053+6.595099792010091j)
(10.489075563923077+6.424431653853454j)
(10.872854901660888+6.190022375876769j)
(11.231852013575638+5.885603439065262j)
(11.532974211377315+5.528102342775931j)
(11.759701652771883+5.150936977929209j)
(11.917981790119486+4.789904762156986j)
(12.03206801575594+4.4699198443791905j)
(12.13472924923295+4.197718331070173j)
(12.256412646325119+3.960641934320764j)
(12.415151492605984+3.730218259841532j)
(12.60830212139676+3.4708718474341196j)
(12.809846471684965+3.154205322669973j)
(12.978740229744501+2.774429334586816j)
(13.07803230072713+2.35451847821336j)
(13.093574951642807+1.9361051555110225j)
(11.987133175546985+3.4540762925075366j)
(10.766028989263546-0.7103758426090009j)
(10.578698263853036+53.51503363211861j)
(2.0277884485484146+3.789821520287111j)
(12.602609261256092+3.7792229915187323j)
(12.61934897614278-7.686642189873954j)
(12.455526562594821+0.8857335826338103j)
(9.949586070316286+0.7873812929414745j)
(9.068239450953627+1.8466548790120927j)
(142.09558311688204+56.9363001741821j)
(13.73066229050684-4.337712344829022j)
(12.037381901862114-1.8819684584545817j)
(12.79690646416873-3.4696462291449874j)
(12.314493349837202-8.656567328702783j)
(16.153685409019012+0.5467583914152645j)
(15.662461314450026+13.918641475613596j)
(-43.86296864226663-8.702378354080762j)
(17.442709252266866+23.32826935784207j)
(14.217034254873644+1.3208591916824115j)
(8.415117655373157-7.945662964582707j)
(13.038123020998283-7.915819262112073j)
(13.739899415019138-2.7704264883798286j)
(20.209799508239705+1.8429797165851827j)
(22.48755922401911-1.5085026524350187j)
(14.09193423978904+1.5039353394863486j)
(14.712569452932469-1.1886610924093182j)
(17.703208978706872-12.542787248949518j)
(4.353592493563404-7.198487665978106j)
(2.1204362839318525+2.2317851806692963j)
(2.645739695491514-11.434104157027905j)
(39.35679056469875+28.979279654376757j)
(-5.585918989540446-38.076663090682565j)
(4.731199598447092-7.3940311915838945j)
(22.505537842944026-34.227786304655396j)
(-37.322418780252114-42.708149410078384j)
(7.615481728897397+3.5965388335523305j)
(7.078803559158234+58.508562329521546j)
(-55.40770718641578-32.41376564197177j)
(-0.07175128365109691-6.508544384599959j)
(41.6131975643858-23.99755158333458j)
(7.188212841565865-3.1068070163548507j)
(42.25989284628024+101.51348196095459j)
(18.050981559299647+83.27444985030718j)
(9.862070116902329-4.241821795201623j)
(67.48170521442852+61.90474194099006j)
(13.000514592852012-0.9491434716513824j)
(-30.204327133741902-40.939084150730324j)
(17.979300616660105-0.7522750409678172j)
(-310.7067585239699+179.2395859309608j)
(8.07536081310548-3.8947195562988255j)
(52.512287565650674+1.479894267480149j)
(15.794986798215296-20.407323429504334j)
(-9.391658533216072-18.216166533387423j)
(25.97587328984333+27.240144986148763j)
(45.44026719743935-9.307043031771354j)
(2.025311002972014+27.852508363495485j)
(9.641402096720524-5.905225536914972j)
(10.515917325111655-4.745220710772991j)
(43.3485968853041-36.19595503350807j)
(37.99640475332938-14.005268258863875j)
(42.8519071844559-25.123259707279328j)
(23.957641352869235+8.532158199553606j)
(-24.78754629094517-43.97279258315802j)
(41.99731792188914-25.9067794271383j)
(9.553158065260279+8.819260550004605j)
(20.556917511482794-1.329363576342986j)
(19.03411915606417+1.9255763189343702j)
(-8.287072947330426-3.9889370361190255j)
(10.048021488882117-11.232780348327694j)
(33.841212125388964-27.256766599720706j)
(8.320488997912065+7.16354146985975j)
(3.45041467939074-11.506530766531794j)
(4.307938553688157-11.297208937121408j)
(12.793956547131371-8.74316342901855j)
(-7.911751403649811+13.588917000112875j)
(5.535020842646281-4.5764792148127995j)
(15.521346561849752-13.79491832840753j)
(20.826743233614383-13.8485613341271j)
(13.281838539101676-4.783326004335678j)
(10.589190187622-3.7896987463004574j)
(3.068760196426953-7.022715914403331j)
(9.014297400081444-3.469856644873312j)
(14.05117537950058-10.952501750265675j)
(9.236341561555998-8.11153575151436j)
(10.148195833258523-3.6054763628684996j)
(-6.71955804233508+9.381341031393545j)
(6.0394153752526964-7.790670233519202j)
(7.882921270913454-3.609415079251288j)
(7.107300737284564-7.572318680455439j)
(1.613536728027784-10.076886593583255j)
(12.120406343685778-0.536300387149371j)
(9.656774407986322-6.328367249972058j)
(6.050682509458024-9.154923323476416j)
(2.300086387819616-8.60107274245473j)
(12.797193368680825-9.721860115556257j)
(8.894126904522054-4.620136569963454j)
(4.10355989655959-15.172595976499458j)
(16.449419051504513-6.246329508337228j)
(8.305967379894367-4.6524306302183716j)
(14.125299939326132+1.842627564453352j)
(5.708277213285248-7.452083523382869j)
(5.833582661019487-9.655201802485484j)
(5.880150680109243-8.112767513922147j)
(3.7348652563856155-8.555365752992126j)
(-0.0386531863640332-12.936985850859507j)
(14.519321287603432-7.193389543713024j)
(4.569531123794955-7.045005120558036j)
(8.818308622929868-4.272900566548205j)
(3.5946301949963817-8.0416248499348j)
(7.639215411772534-17.06965151294222j)
(2.988272602400499-7.841197254987801j)
(3.197773366909733-8.077349460526179j)
(6.248038136608903-8.375820936622441j)
(-11.342289184665312-9.325477964374567j)
(7.672453419157421-6.764417144279477j)
(-0.6000206756140627-11.238159530452767j)
(3.5533487246805633-10.572228242750286j)
(3.5390775898438513-7.553270791728316j)
(2.4552555635728393+11.54229526008187j)
(10.815582870189454-2.4373244774265594j)
(4.486005353612113-7.5665084609546485j)
(7.8761876659534416-7.926977311225631j)
(6.441676168029673-9.52970345428599j)
(2.4686098681431212-9.830826942049834j)
(6.1630725950738245-5.384134823160606j)
(2.8740707000323367-7.26077356120188j)
(4.1462157367335-8.118203998208386j)
(-0.7298936856044785-6.391982986352744j)
(2.595269475705235-11.519759985827987j)
(1.4281589229250649-8.650602953140364j)
(7.326930259441935-12.56070040949914j)
(-0.5596779549225237-6.440291837261204j)
(5.447033720014731-7.23921457948488j)
(0.5143075509704483-7.7852690090816585j)
(0.29300701350966835-7.602909889989341j)
(0.08871977801116629-7.392880489298342j)
(-0.0868530673512031-7.163349153168711j)
(-0.2286387272180022-6.928403414571702j)
(-0.34094330094487174-6.70236232991668j)
(-0.43513948407574987-6.493590461352451j)
(-0.5239313948482699-6.3020773235505345j)
(-0.616422719513284-6.121414361490674j)
(-0.7161905036325867-5.9424792466166405j)
(-0.8216057964915408-5.756477494722092j)
(-0.9269392816030921-5.556925239356272j)
(-1.0237263114765935-5.341141241382449j)
(-1.102783584999013-5.111451425306849j)
(-1.1571925521905402-4.875337708686078j)
(-1.1853456161591742-4.643414247065523j)
(-1.1920230046533364-4.425430815579415j)
(-3.1230424867227606-4.397705298523413j)
(-1.1780007418979686-4.04591714589785j)
(-1.1739545072721633-3.8783933519868294j)
(-1.1771580821104712-3.716601327679756j)
(-1.186481212908732-3.5532779734763866j)
