(11.198196406115322+0j)
(11.250821239236455+0.667575459288159j)
(11.560995578453152+1.429375464494427j)
(12.25730131484513+2.145912215838325j)
(13.361214841921951+2.6216045945768127j)
(14.784091256083514+2.6313083848088796j)
(16.28229926524228+1.991083496022864j)
(17.488207159261368+0.6910953832477229j)
(18.073733153006483-1.020937940149206j)
(17.94615697400329-2.734405382648882j)
(17.28821690452967-4.098238964277277j)
(16.41884672980453-4.972563395018367j)
(15.627004444445552-5.424322414614519j)
(15.08303293573859-5.6431017349498065j)
(14.815267831166594-5.856374750668116j)
(14.715311165194365-6.254876637156388j)
(14.576127502746035-6.915829260375801j)
(14.187946005098228-7.752089774147174j)
(13.461749096069397-8.55147709612778j)
(12.480175514641777-9.105915594324111j)
(11.430044427666715-9.324491833769653j)
(10.492691603844849-9.250013771926517j)
(9.776521513553753-9.008310880870434j)
(9.299706268095985-8.750194515841054j)
(7.061650112979298-3.169622425175705j)
(8.736510324460601-8.637254927234025j)
(8.379119755961504-8.814073231029887j)
(7.84213195545031-9.015541978807708j)
(7.148800289788447-9.103643047348255j)
(6.4024189359635395-8.999442664971381j)
(5.7201622003515125-8.709284581538874j)
(5.182444642148373-8.301056267858598j)
(4.815404893143023-7.867598673730769j)
(4.591839053532892-7.497061469072464j)
(4.440057057604312-7.247244483519093j)
(4.266238351545264-7.121587743327661j)
(3.9954094966735414-7.061887446568932j)
(3.6113193597297126-6.976558645956987j)
(3.161052177091289-6.791740181877761j)
(2.7211757493777657-6.4850299850388975j)
(-5.644742304999006+4.804528280054318j)
(2.1069913886066765-5.641701380115119j)
(1.9674065419223483-5.2217401792178215j)
(1.9056533564837466-4.8746910559382375j)
(1.86331885554843-4.624065267159581j)
(1.7777772439189239-4.452282397846785j)
(1.612216161848383-4.304958584531912j)
(1.3749852664783104-4.118928007352488j)
(1.1107848698300793-3.8551687954414353j)
(0.8733828309849868-3.5121683607070984j)
(0.7025866305199223-3.1179338823706217j)
(0.6144215000825088-2.71477215254167j)
(0.5996482151432962-2.3457625615200377j)
(0.6261466012678274-2.042307589086182j)
(0.6475376509468587-1.8113974776795674j)
(0.621641756436285-1.6287904618149591j)
(0.5320289224565574-1.448437317783336j)
(0.3959549925279595-1.2265464065664229j)
(0.25183782448582326-0.9424891799575105j)
(0.1387061846637465-0.6030779089984127j)
(0.08203289482321029-0.2341783429690155j)
(0.08840012216903183+0.13037102782868148j)
(0.14485521201674806+0.45872808845349783j)
(0.22160846084133698+0.7312733142075073j)
(14.799899668691966+8.604839087158439j)
(0.29513849398151754+1.1421763924694082j)
(0.25887326547966877+1.345369119164717j)
(0.19306131141242264+1.5906153921907824j)
(0.13041167112299662+1.8878574706158007j)
(0.10024111527065795+2.226398372140409j)
(0.11928067564570168+2.582563300018273j)
(0.18839942309077498+2.9282949200390345j)
(0.2924406013985271+3.23944723180834j)
(0.4037119380213494+3.504737270965352j)
(0.4919165364854478+3.7327669419799574j)
(0.538771134952443+3.950294521750504j)
(0.5476722091671851+4.1891677561216545j)
(0.5403657131899475+4.470531716189721j)
(0.5445744266995556+4.79742649548574j)
(0.5825121263169701+5.157268428679856j)
(0.664777939433959+5.528578466305366j)
(0.788206654168196+5.888073458763948j)
(0.9363291813802423+6.218136391843536j)
(1.0840847025425562+6.514583798378779j)
(1.20830066883738+6.7907027523353065j)
(1.2996072004311257+7.072140476528489j)
(1.366916363881639+7.384093126333384j)
(1.431301975131778+7.740071849717028j)
(1.515491392851947+8.138888403278246j)
(2.2998368631066586+6.242023806977588j)
(1.7989358993160234+9.010013636419787j)
(1.9993924147796056+9.446855153150386j)
(2.2222773123271797+9.868129332301866j)
(2.448474912143986+10.275879606812294j)
(2.664263515199186+10.685215936065743j)
(2.8687079048759117+11.117386918920529j)
(3.0735690379642207+11.590052873419639j)
(3.297179675457182+12.111543587408722j)
(3.557846127066585+12.680799064269133j)
(3.869863947766182+13.290209581221642j)
(4.241762134210886+13.92894293838603j)
(4.6766598345570936+14.585873634991282j)
(5.171163556175181+15.254968788700898j)
(5.722194712003081+15.935567749795919j)
(6.329971424733156+16.632428194799626j)
(7.548720038527297+19.50606360430644j)
(18.11924683388259+24.259067256698792j)
(11.229344121800063+19.065922744373303j)
(8.36648916651393+20.302973820416888j)
(99.4904948620264+14.1322462809668j)
(5.901440288199233+21.804173054325883j)
(9.898168270626188+20.253862010443893j)
(16.05164485960964+27.02390747594245j)
(17.959193262332498+26.656084107820256j)
(18.86386228255205+29.19948397410042j)
(30.823535289950925+65.20636052392119j)
(27.388691764160203+36.01155134549326j)
(33.132342824330635+26.386434046060188j)
(27.33624589521922+18.643410455306054j)
(17.54301535117053+26.668893426601127j)
(53.75331827205708+3.2991555876286665j)
(38.69273405058081+26.47693835560907j)
(62.87701862477917+30.718026324427402j)
(62.054186570925566+6.514951335760144j)
(-214.41163745105152-108.45706364288542j)
(47.169672673715645+5.556118446397188j)
(34.17886105704937+10.11092304970094j)
(60.36845246619856-13.854758105323798j)
(42.1486333434101-8.194464345812069j)
(52.091002370283974-5.930391544537253j)
(42.449185811595335-9.820814801653311j)
(56.23722419474163-24.39437811231194j)
(39.961773540532825-24.13551629311008j)
(39.60727964155397-26.025565094400346j)
(25.24556018570826-24.363336628185j)
(26.4316092834331-3.54880581390084j)
(42.370324972930376-35.946053851488756j)
(18.517680694268925-21.756415158987256j)
(37.79341708291945-39.01357369645651j)
(30.567094806918107-35.3195971910893j)
(22.212485281838116-23.03443938013514j)
(-186.07728498337045+2.431252628333906j)
(19.07896331090945-15.096648384371866j)
(16.640854636157002-19.280029011351417j)
(21.12210721852682-18.528208374934085j)
(18.123800683199683-27.7670257522j)
(12.54043465717377-14.256738338629225j)
(13.296379986440629-20.645279710389293j)
(10.610596370443302-14.979356406105817j)
(20.24703013228411-22.383628772106476j)
(18.338213384106453-36.04906774339289j)
(12.134738196560763-27.394108099745075j)
(10.1631906699226-18.005202891576122j)
(8.705918183006798-15.34732563241373j)
(8.755253188570983-15.80411036951466j)
(10.09410386368048-16.519029506795025j)
(11.1269386895147-15.295695504515857j)
(6.901477812239016-14.087662586223763j)
(5.702006984502471-12.582530368784624j)
(8.798506021247942-15.522238242222784j)
(0.5999806874981045-15.559475604535068j)
(7.638638986379033-10.93198177392439j)
(4.7092029664986-15.546656376731006j)
(4.720265460974953-11.289805578868986j)
(6.518262648642642-12.788517060944514j)
(5.331883695543373-12.531263433654447j)
(28.5044884779808+6.250140883197712j)
(3.7732406552355493-12.8159323311011j)
(4.832196705646156-14.15764811163375j)
(5.6771252635700655-10.167330398408252j)
(5.20925915961626-11.161411203178362j)
(5.306456150676373-12.042257643573892j)
(3.4828022582625766-9.32292818931172j)
(3.6510190132100755-12.196535742231307j)
(7.765364427760659-9.681596507140153j)
(4.672593465437238-14.445472513363162j)
(6.464648223583136-10.48702409793226j)
(4.101422799560943-8.840011411804557j)
(4.044332515985541-8.68793756083149j)
(3.981877015163851-8.53535838972027j)
(3.9198886286210874-8.378349026681374j)
(3.864743117690171-8.21744967782128j)
(3.820798746700945-8.056764196354653j)
(3.788972750743946-7.902053911299701j)
(3.7665109418370526-7.7585282807722225j)
(3.747950043577996-7.628796683832839j)
(3.727226911115817-7.5116393476372405j)
(3.7002961413882267-7.402403906624785j)
(3.6668901339536406-7.295153644319977j)
(3.6303125811935444-7.185423127770923j)
(3.5955178961545666-7.071966660301216j)
(3.5667840524736714-6.95679142922021j)
(3.5460943918187113-6.843920801957306j)
(3.532570618457865-6.737673906126739j)
(3.522874796943838-6.641000325747674j)
(3.5124682181658953-6.5542615805721205j)
(3.497472960411553-6.4749545264914525j)
(3.47640933891734-6.3987562567393415j)
(3.450799868920768-6.321551806030962j)
(3.4242091070802303-6.241303201709333j)
(3.400375194749954-6.158703750061029j)
(3.3815576599692587-6.076497420008573j)
(3.367771488668221-5.9980947202805135j)
(3.3569438109095135-5.926156509938007j)
(3.3457760275788497-5.861546907564416j)
(3.3310661739721796-5.802933521055963j)
(3.3110909331979164-5.7472829662387594j)
(3.2863960679596707-5.691211410218917j)
(3.2594535117445043-5.632569879672638j)
(3.233327697428238-5.571343635959551j)
(3.2101746461932037-5.509399030348361j)
(3.1903788124671033-5.449397575972812j)
(3.1725709270138265-5.393552011978568j)
(3.1543140235393117-5.3427244616645195j)
(4.249141651755322-5.3161308728147505j)
(3.1075486376414956-5.25146030386999j)
(3.077764055104441-5.206201485177923j)
(3.0455524169161756-5.158444902905577j)
(3.013360399863723-5.107930144921671j)
(2.983073401802939-5.055994847576025j)
(2.955169818677184-5.004756725217646j)
(2.928650111757384-4.956028991322968j)
(0.12320753710848188-4.5241252831897985j)
(2.872178712498786-4.8675945530849605j)
(2.8392112711375797-4.825544735900929j)
(2.8028983090360087-4.782339202504449j)
(2.7646421110817188-4.7365078574737565j)
(2.7264160871463234-4.6878214859800735j)
(2.6897976546763354-4.6373584617165955j)
(2.6552170547251475-4.586889618725646j)
(2.6218375207288886-4.537945632230023j)
(2.5880640342863632-4.491093160579904j)
(2.5523382266009706-4.445733393236768j)
(2.513834140237253-4.400418001170893j)
(2.4728069976196543-4.353491908028852j)
(2.4304886453043704-4.3038130517053945j)
(2.388549209542182-4.251271667533892j)
(2.3483182413476595-4.1968498693813965j)
(2.3101372628311796-4.1421326804470935j)
(2.2732130640407457-4.088496007653181j)
(2.2360599270599577-4.03642137342604j)
(2.197258317716545-3.9852973589467036j)
(2.156118113897109-3.9337493743968674j)
(2.1129661074809527-3.880276315157396j)
(2.0689918358516106-3.8239035671053716j)
(2.025736737530698-3.7646104330195524j)
(1.9844104814491008-3.703361791752571j)
(1.9453102140815648-3.641684848388491j)
(1.7532834443141885-3.5579531307027468j)
(1.8699122121415066-3.521599541738168j)
(1.830644183324804-3.463058031197705j)
(1.7891239213097891-3.403878622575635j)
(1.745699956318478-3.3425022755922043j)
(1.701608919815864-3.2779295502864576j)
(1.658435426929513-3.2101401924146145j)
(1.617434999656359-3.140109719399955j)
(1.5789643890133187-3.069410288116205j)
(1.5422622799252859-2.9995093521406755j)
(1.505743764976992-2.9310435041041814j)
(1.4677385314300604-2.863445629478792j)
(1.427312189913335-2.795170610448349j)
(1.384721852845264-2.724414208888126j)
(1.3412862028980375-2.649930170869446j)
(1.298790204182376-2.5715522682094365j)
(1.2587262121897411-2.490241805084948j)
(1.221661936425128-2.4076860984349184j)
(1.1869529357455904-2.3255881384010317j)
(1.1529455267444928-2.244880462715219j)
(1.117673658082008-2.165197482692417j)
(1.0797927111291756-2.0849280289098147j)
(1.0392713046634994-2.0019059036967755j)
(0.9974412539472134-1.9143976903126294j)
(2.7191004868056465-5.337880542308245j)
(0.918061010961389-1.7251241397045896j)
(0.8834333806767878-1.6260006661505004j)
(0.8521392299599221-1.526511958061974j)
(2.7714246373255365-3.0422670417145254j)
(0.792466576494704-1.330517026915876j)
(2.3110990996180494+1.32254871845419j)
(0.7246582500821954-1.1314863136372362j)
(1.1357715168892903-0.9986994678755104j)
(0.651146983752806-0.9121319504689883j)
(0.6179145805584101-0.7930751550237574j)
(0.5895487597154122-0.6697592818300748j)
(0.5662131319479212-0.5445456705136895j)
(0.5465603861720558-0.4193093803204604j)
(0.5283064169968649-0.294600462070819j)
(0.5092304162982338-0.16927509047370703j)
(0.48827063965793-0.04083023023956358j)
(0.46620466156708945+0.09357142116464016j)
(0.44547872471875594+0.23582156803703955j)
(0.42921200220003297+0.38601691134714583j)
(0.41991814891174345+0.5424845413370911j)
(0.4185940036307414+0.7025843392145708j)
(0.4245117367390793+0.8638309871374882j)
(0.43568788502453604+1.024875309672249j)
(0.44981722591704243+1.186034306369175j)
(0.4653700040251721+1.3491819666271443j)
(0.4824459844576301+1.5169648363328527j)
(0.5029567219423478+1.691596174087758j)
(0.5299647039081943+1.8737869203289923j)
(0.5664857254610542+2.062370960132854j)
(0.6143738175394707+2.2547804224774337j)
(0.8124234829960466+2.379827727484021j)
(0.7433683027971166+2.6398980435950326j)
(0.8209408048754464+2.8293870933257357j)
(0.9044883217655986+3.0171689782111586j)
(0.9930568635891455+3.205060548163502j)
(1.0872767648097375+3.395173171352692j)
(1.189244042066008+3.5888695405645628j)
(1.3017692364809261+3.786006348885653j)
(1.427324608168975+3.984812561594111j)
(1.567167675843443+4.182429407029693j)
(1.7209858773791415+4.3758285241108315j)
(1.8871352311719303+4.562719889776781j)
(2.0633284076620817+4.742140191673279j)
(2.247521109540265+4.9145512179112325j)
(2.438704602599462+5.081416954820608j)
(2.6373191306374384+5.244383428538754j)
(2.845102123179804+5.4043480557709955j)
(3.0643969292502575+5.560789285547191j)
(3.2971880246212097+5.711642556524416j)
(3.544253442727052+5.853774441223024j)
(3.8047621814508656+5.983855581280595j)
(4.076449630428217+6.0992930059977235j)
(4.356288792236599+6.198886797859957j)
(4.64141344501762+6.282985094594702j)
(4.692548008849988+6.539434069010123j)
(5.221567492374405+6.4109696893887484j)
(5.517188910307432+6.457806727216697j)
(5.818492771247771+6.493363748758569j)
(6.126835237341594+6.515848390255821j)
(6.4423357202022+6.522341786883401j)
(6.763370072323578+6.509720451961503j)
(7.086700763864156+6.4757215226913285j)
(7.408216726120882+6.419746605812795j)
(7.724018614603581+6.343087278208516j)
(8.03144254323379+6.2484707158924095j)
(8.329629799267432+6.139086485631259j)
(8.619419870183172+6.01745785626436j)
(8.902598166053261+5.884582517769735j)
(9.18076853461137+5.739673231767269j)
(9.454265867844477+5.580619939115271j)
(9.721533909231006+5.405034845256077j)
(9.979251045761364+5.211504405193099j)
(10.223210103674047+5.000548612387094j)
(10.449635036836415+4.774865435866359j)
(10.656403386050632+4.538723398974229j)
(10.843668786864239+4.296733205007139j)
(11.013635454698587+4.052488132690456j)
(11.169581489612698+3.807595543001801j)
(11.314498825614637+3.5614544987177146j)
(11.449841820856488+3.311869570599178j)
(11.574854840637597+3.0563082340232524j)
(11.686783043764915+2.7933572277110614j)
(11.781955663946595+2.5237924550903488j)
(11.857342560107037+2.2507675700684757j)
(11.911921908936739+1.9789885104052964j)
(11.947255910991355+1.713214485052378j)
(11.967042956337988+1.4567276901708317j)
(11.975865029277353+1.2103825957302714j)
(10.82469340162049-1.2103236181407315j)
(12.592908077763916-1.6969313090672153j)
(13.169735502478332+0.5909941065400675j)
(9.811375536105613+2.8125842900615727j)
(10.675155266755343-4.356861797483644j)
(7.324459889696085-8.938212450820378j)
(10.193334772213547-0.19340278666702299j)
(13.809232041424758+1.0439976573398329j)
(11.02209787907898-0.7732064345474945j)
(1.5928018900808605-2.525066148442638j)
(15.729172025872913+4.054347395274739j)
(13.231580414135465+2.4691081425994525j)
(10.277169765957488+0.3972158818035133j)
(11.957968901605925-4.178512691683531j)
(8.908363266933009-2.7886493940917227j)
(125.85777846980379-52.38479505708244j)
(13.124758391827216-3.2207689343737798j)
(10.062119667583904-0.3218435677879877j)
(13.257742917278073-1.5612475993358474j)
(14.660481081284086-13.109619304292135j)
(8.38929031764512+28.969699309909924j)
(7.900541255540194-1.7505592076679897j)
(9.264432492017534-3.2980518054454486j)
(14.599610181620475-4.082455689642381j)
(10.42160956849585+0.645786175199081j)
(-65.73589574136092+108.13421961440436j)
(43.632393736432356-66.59428079458299j)
(11.062880328356245-0.41111015376554066j)
(20.44300366332534+20.79295749230298j)
(156.35732392239169-123.48676250591699j)
(9.352706965112223-1.4891739914560382j)
(12.536659626827722-1.864003142131028j)
(10.53230170229194-5.667827837675451j)
(55.60762836496688+23.772467574484114j)
(14.512650313306493+16.282463604767006j)
(-59.217325419925984-40.22918081893128j)
(20.002053422724213+9.082524937661018j)
(0.29635681029079375-37.388188978425j)
(8.41110603701235-1.1217991042170472j)
(33.88071179896177+21.553545600837708j)
(12.383709828225516-7.80021588285422j)
(45.34355391654638-10.520666174629824j)
(10.607027638515907-8.429518370532392j)
(23.00634222070338+18.015298301543723j)
(5.235458279071233-24.538569166056277j)
(6.21937201409903+4.34052569628922j)
(9.205944376466093-1.6820192959628752j)
(17.10960198955505+10.474915897207234j)
(7.765153947230387-3.5032148880741536j)
(15.57057011886108-19.61064101597561j)
(34.950180977225166-5.204371348305537j)
(-5.159546145974508+8.964570708846125j)
(16.886396956831927-0.9361781463820454j)
(-8.29133681373802+114.9820663875751j)
(10.04087711348123-2.523483308530233j)
(39.70923392656121+11.945373175298524j)
(15.629078576102534-9.305067417742029j)
(10.874681021527287-4.165462121940604j)
(27.674618305775752+33.44665829499995j)
(13.736135160405258+11.177481101372921j)
(29.481595546050922-5.316979890740101j)
(8.686803095292785-3.413841671931236j)
(15.163180232768234-3.861439196897186j)
(-33.772715780645605+149.86976625688396j)
(11.7889187742026-12.278879011437157j)
(16.5448231983473-14.288608019421691j)
(8.924067939306092-3.8269388561968314j)
(20.47297393064914-8.886879374324968j)
(11.534679494075238-3.2064372572687456j)
(10.192129402983136-1.8585790259569424j)
(6.484939885334731-11.18827411996025j)
(333.0043721047153+2.34545528219863j)
(17.340017463369918-0.22642694498483193j)
(3.9930643578860385-12.388152966618629j)
(10.614870564250916-7.597251385644203j)
(11.154347127890661-2.7045616978706333j)
(8.748706247569853-1.1663781889197902j)
(2.475023078385673-5.542512652882883j)
(11.034346837232777-9.980726836415881j)
(8.4261783602635-1.7689220767428857j)
(20.376202658417526+14.039124996704631j)
(12.243652354893655-5.222361372991864j)
(7.523045000442258-8.887971799522056j)
(11.95290888736762-5.823323293285259j)
(11.021185254454391-7.057918595775337j)
(4.285012840721395-6.635289209171793j)
(7.668933281689945-12.637520092576738j)
(17.01405570091294-16.321959222495707j)
(19.54870582904609-3.1973508958833214j)
(5.793983594229581-6.706677705523552j)
(10.404789201900117-15.918296900667205j)
(8.126297270254804-4.614173163270824j)
(10.220037422611322+0.06425446825497341j)
(9.66536667540025-7.789518525910421j)
(10.358363942618036-6.699009995286642j)
(9.68618837064829-4.9613067156457005j)
(6.333400839787439-6.317271710497259j)
(2.721574080534077-7.996306015918841j)
(7.06670492824513-5.282178044011711j)
(11.492573731938148-6.505066115990131j)
(9.329716467079676-4.453702973423592j)
(10.176075402311396-4.4733862422239055j)
(8.99362784431331-10.899048197161905j)
(5.714684181063818-8.754229714337859j)
(10.516863541197699-5.408475633628536j)
(49.15097720835619-17.922534163772283j)
(11.134264397976713-7.4691280925367005j)
(6.826053266375127-6.002240238839059j)
(7.582543812233264-14.207460229818295j)
(17.049667593968838-11.354669511720184j)
(7.740034222655659-4.265519412368485j)
(-6.183438070768032-20.948689654483303j)
(6.018843548518709-9.172505713055026j)
(6.905027553643373-8.749664423703814j)
(6.825720389068419-10.342751345412536j)
(7.023295351645263-7.204631789902319j)
(12.425232982874146-4.016091711526248j)
(2.7859704286194864-8.43020135924579j)
(0.11436468735391234-8.942319577457061j)
(1.4289462303356548-9.492865900557325j)
(4.176936722390726-9.451154615753577j)
(6.016693210895927-5.902603049510813j)
(-5.389261213755819-6.690958611811971j)
(3.54648713006207-6.97624075372969j)
(-0.011201352397062216-7.426856628931457j)
(4.365103557033986-4.260991041210279j)
(1.0956291777700284-8.232410895545001j)
(1.3895558744600232-5.382105307343449j)
(-0.45244093963524445-3.3195705926201935j)
(0.5918409794469845-7.0662081012720375j)
(3.4396103613193487-7.832903202351587j)
(0.964563076825782-6.932670780917905j)
(0.8066486052789046-6.776588091896149j)
(0.6589818348781231-6.614064383915576j)
(0.522224347905913-6.44707818345843j)
(0.39610846996897997-6.277631549749443j)
(0.2795989996027612-6.107242331185872j)
(0.17130821405249091-5.936636097811426j)
(0.06998758838241581-5.765734789003698j)
(-0.02508471368242976-5.593908761812108j)
(-0.11392952516945667-5.420373768949765j)
(-0.19592758501318572-5.244597095955861j)
(-0.27007537482366956-5.066600447341537j)
(-0.33535683914766395-4.887081464643604j)
(-0.3911234503719787-4.707317477401785j)
(-0.4373619981485429-4.528874523581568j)
(-0.4747546538963752-4.353214832724292j)
(-0.5045085014297194-4.181341702716262j)
(-0.5280224061969061-4.0136068111926315j)
(-0.5465169175349822-3.8497347771289747j)
(-0.5607503237057749-3.6890359925509886j)
(-0.6026416349000493-3.676454183344231j)
