(18.76144618889999+0j)
(18.24338338773541-1.249152935017299j)
(17.143605049262465-1.7014547413475694j)
(16.179743284031705-1.1911149100147311j)
(15.987764240251698+0.05358181827159618j)
(17.053156899974844+1.474575937705314j)
(19.551335860372745+2.142125977930395j)
(22.882510236342398+0.8528412142538491j)
(25.223679943558693-2.9340654913186808j)
(24.71403825043482-7.7150765802358094j)
(21.713075342548613-11.02825923562502j)
(18.13944393822027-12.000142651801434j)
(15.37655146781189-11.271537984596103j)
(13.907914919200525-9.761368312277334j)
(13.77985290896628-8.245104201670172j)
(14.790851072476402-7.460710942804444j)
(16.27887878490852-8.114825662400523j)
(16.95940823096081-10.312699987075174j)
(15.800607379613718-12.89178969812851j)
(13.248326967546651-14.342750105810362j)
(10.561598321110985-14.277062322592808j)
(8.549221090576093-13.194448022359582j)
(7.443466852446503-11.696849406739089j)
(7.221659226863725-10.256680829828879j)
(7.735608207238643-9.299088266608512j)
(8.60018827430732-9.23132266812433j)
(9.074726252116083-10.158749498887447j)
(8.476101759645216-11.468398738967306j)
(6.935731845921029-12.21321303173799j)
(5.1951434206322356-12.025376687949503j)
(3.819130575292092-11.147058836450285j)
(3.0036107623239623-9.951493214803365j)
(2.7566301371477486-8.738828232205474j)
(34.824928080151345+18.83425104339378j)
(3.592121214742109-7.289120763071113j)
(4.113424692360675-7.47240734186266j)
(4.080777945306933-8.110268664613965j)
(3.345597655783303-8.62476816620849j)
(15.958022480953506+4.396153644926608j)
(1.2983203281406612-8.032572587890723j)
(0.6488027171087738-7.162684563995423j)
(0.37607079761427226-6.196563910138913j)
(0.46466190322130346-5.309093012518995j)
(0.8469465701938138-4.673388014187134j)
(1.3442820188962412-4.451890196289062j)
(1.6363650459056402-4.661363201312904j)
(1.4543075345263228-5.023703151135044j)
(0.8650889343374498-5.1462930540237375j)
(0.17541044775999873-4.870044801449879j)
(-0.36856230611473373-4.282078148896275j)
(-0.6647070990931937-3.536530918662723j)
(-0.6926950422712191-2.7694287543113574j)
(-0.4702464721118287-2.105671813709974j)
(-0.06892927508615676-1.67734906476839j)
(0.3365505049771271-1.5822357099321172j)
(0.4968272103941017-1.7567895668285254j)
(0.28911992413149795-1.9356444333864742j)
(-0.15249086674332207-1.87053927033383j)
(-0.5999706874228405-1.515504176066642j)
(-0.9062813256038134-0.9599133363131381j)
(-1.0154692740370954-0.3150088607579958j)
(-0.9175511715402934+0.3189179915485852j)
(-0.6337104288698532+0.8396976009944928j)
(-0.24374876249532934+1.1418731033085563j)
(9.28177306718546+13.20743673061208j)
(0.16393391844415472+1.0577894410767283j)
(-0.033490839464375255+1.010601373764969j)
(-0.36084612653673126+1.1863632572073899j)
(22.274985675656527+11.856623579205802j)
(-0.8105570156941017+2.1120239085233306j)
(-0.804268268555087+2.6965381202691368j)
(-0.6277784346939624+3.250720959063407j)
(-0.3092732917947641+3.684402599292573j)
(0.060008523142712204+3.9151334535447337j)
(0.32141724420609746+3.9404746590648743j)
(0.3508521471625164+3.8978248862448646j)
(0.1800078567619555+3.9707509859063705j)
(-0.052051581864777326+4.240143544896035j)
(-0.2248431169176897+4.6771205703505405j)
(1.220344652210515-0.5942807634542046j)
(-0.18306086415569836+5.780153700955344j)
(0.0542341752752833+6.302278400369178j)
(0.3961446529641145+6.699356508740152j)
(0.7395814630465162+6.916361603246215j)
(0.9469374523953843+6.995308751431322j)
(0.9579112805571248+7.0806025152424406j)
(0.841701690689411+7.300996713488398j)
(0.713261943932966+7.687186075154178j)
(0.6540943977591845+8.202966668795538j)
(0.7050447905747551+8.794286552989844j)
(0.882427023762992+9.403719883445188j)
(1.178474045632169+9.966061698880152j)
(1.5414923660436415+10.41745814447071j)
(1.8704430242621195+10.742240513558713j)
(2.0764692430386096+11.014602806987936j)
(2.1600736365973097+11.34830544505323j)
(2.192287062574638+11.808481263215027j)
(2.2456345145675316+12.398352920081663j)
(2.3662804882925896+13.093959258722958j)
(2.581222114953807+13.865983005046223j)
(2.906170493153388+14.680863117843197j)
(3.3401659932809697+15.498113384143766j)
(3.851762451099326+16.287116012394275j)
(-1.5578411831263332+28.869670261403904j)
(4.550708409986319+27.286717203600393j)
(2.2471916724574936+16.655723237635264j)
(13.568831811384488+29.594901554113616j)
(5.503679494696862+22.234470741508897j)
(10.68491567426754+24.450841819336954j)
(7.444697640427641+28.687161066496238j)
(12.641712210818104+24.471323403420342j)
(12.260393382546074+30.99619928452239j)
(18.258577477178424+33.49341240628401j)
(20.63854924159107+33.731342262925224j)
(23.515548092130306+32.480365330011765j)
(34.92056312423983+29.287264047868497j)
(99.22674163195781+103.8562458480122j)
(33.29571603576752+28.409661273640655j)
(42.856215719629034+43.577275303439556j)
(46.14994137532669+42.73704882242772j)
(43.66009732653079+38.667357647383135j)
(51.09531875547758+39.55615283402042j)
(49.926935695141225+37.90948419319181j)
(53.84559127521588+17.882326652999797j)
(74.74737815754641+14.099743262988284j)
(68.60241449485855+2.276653578021269j)
(44.756361967780784+85.84394057111915j)
(75.181061465811+46.95743801118622j)
(89.49854822711762+18.703368976461327j)
(112.09889608835348-140.56654940439395j)
(43.927690734428936-20.64274954820364j)
(34.191928462173394-41.115062076984785j)
(36.2287229331502-32.8342652945169j)
(56.215591474498964-24.97453523822134j)
(30.370415192280632-33.51637970607615j)
(33.7313005553278-27.487902445275733j)
(31.58618771613116-22.35327563251041j)
(29.25079704159438-31.240368321092678j)
(35.552557919930166-19.866814567430495j)
(23.060278493584043-27.804579792414838j)
(16.995919254362-27.83959281506067j)
(17.71712037491301-24.04995700862814j)
(8.821722939396095-23.856071086608985j)
(5.133337846850403-38.899697790981506j)
(15.20506769972119-27.494311265571948j)
(11.100176472815875-20.631026242441145j)
(9.836685080554709-22.905112629266277j)
(139.68957704171007-147.92378589583728j)
(11.364495818424103-20.561072406304643j)
(8.476071529016522-17.123839487519408j)
(9.792398436289194-15.454718976333602j)
(7.600995715349442-16.88049273901678j)
(10.273832081404962-18.68751402978451j)
(6.730154990622121-16.86936148926807j)
(3.2274989484915593-23.357730076641364j)
(7.087469426999035-17.95815234519291j)
(7.363223469809748-14.304152971432881j)
(4.912083307800395-14.790540912946152j)
(9.022887427047824-17.642704641848734j)
(6.420479645567752-16.761278861398182j)
(2.579701418017345-15.007851105951701j)
(5.176846815595076-12.035335383470219j)
(-4.749279669110763-28.502523599251685j)
(4.252803761965678-12.194707737410884j)
(5.052468157027548-13.736120105307132j)
(0.9212470943143061-10.331601661778711j)
(7.1919042453447695-10.675371590868298j)
(1.920997739184202-13.14820085533722j)
(2.919575341740779-9.619211327146683j)
(4.555941348728562-12.357323583941785j)
(3.4668686124752432-10.90007429689629j)
(-0.06407753045003942-17.795898862611082j)
(5.159841768846231-10.350596051189603j)
(1.6043319752008354-9.776559906885772j)
(10.857492360408704-7.678783584846331j)
(0.7880833481706048-18.587126012316673j)
(7.825426980082953-2.2149722220163772j)
(6.350091005704014-7.895949868079517j)
(5.661956660093292-9.966557135401825j)
(4.174523128860932-12.987381286847313j)
(8.064618020372006-9.820704630475062j)
(3.3571734152768493-8.390382981730754j)
(3.3177090024210116-8.176041423145255j)
(3.318637640376084-7.971478377709502j)
(5.67621917090144-8.62022232814332j)
(3.3941262679510147-7.66955615758521j)
(3.4192854533058554-7.583836878948563j)
(3.406139370472519-7.518378449285438j)
(3.355950754892363-7.44294508953945j)
(3.2890891490440235-7.338527200033712j)
(3.2297318417335954-7.20471336470788j)
(3.1943290606375103-7.053895059158146j)
(3.1888713421723454-6.903166618134978j)
(3.2098534333258164-6.769356554540815j)
(3.2450574311590135-6.665426841140829j)
(2.330933675713699-9.171385560431407j)
(3.281487061249356-6.549335208787662j)
(3.2557912402731715-6.505586246563102j)
(3.2080339611797046-6.443566778805651j)
(3.158001038942616-6.35613471094346j)
(3.122720948236569-6.250325486959029j)
(3.1099272322139244-6.140048831625514j)
(3.11825086534647-6.039437146992718j)
(3.1393584320331747-5.959210098242303j)
(3.160015449999223-5.904011639003939j)
(3.16561380460663-5.869540890502639j)
(3.14688970478634-5.842010313579468j)
(3.1066473992168007-5.804180856043224j)
(3.6795339527582622-5.561696659738956j)
(3.0194732618269278-5.669840828082521j)
(2.9971881694989864-5.5869718353354365j)
(1.9976826614157932-6.840515393778948j)
(2.9967520269546046-5.44739327688049j)
(3.0016833765602438-5.403309527023629j)
(2.9959576547650744-5.3747594774395315j)
(2.9721745542101368-5.352538280326675j)
(2.930573984340974-5.323962740112834j)
(2.880345008312761-5.2795203921137555j)
(2.8345847187511013-5.218912348553362j)
(2.802229868576514-5.150579532441648j)
(2.7839919876406434-5.0855974915625595j)
(2.00239915638013-5.513484171243359j)
(1.2204907297618326-5.636951848880888j)
(2.677990411291562-5.419305356445161j)
(2.711214916328424-4.938657405417692j)
(2.664505737229207-4.908530038493303j)
(1.0887675197548259-4.424308335285806j)
(2.559544646416521-4.808879361840674j)
(2.5195399447444085-4.744393320694857j)
(2.4919217490316186-4.681900379770937j)
(2.4714636542617114-4.6288015751654195j)
(2.450127968382397-4.58707497428158j)
(2.4209456493733983-4.553541597784726j)
(2.3803524063906543-4.5217873588562485j)
(2.32922445858062-4.484519799952063j)
(2.272845342742866-4.436237987266753j)
(2.2192111671383694-4.375963648537874j)
(2.1752724165043906-4.308500154326648j)
(2.142805536979067-4.242291701392139j)
(2.1172746799492157-4.184528485903392j)
(2.0908323708671332-4.137221542248621j)
(2.0567404271683367-4.096920970857796j)
(2.012139510441434-4.057147576201125j)
(1.9585755244257825-4.011303457675977j)
(1.9011427515411885-3.954994217557757j)
(1.846760992463222-3.887706556577433j)
(1.8015148138650152-3.8135516780830327j)
(1.7674752370525113-3.7400615813235887j)
(1.740904256748661-3.6745100132696664j)
(1.713963446378905-3.6196291515885406j)
(1.6792270703019923-3.572103581970865j)
(1.6335194450353359-3.524868192665197j)
(1.5787609623889993-3.470880606937076j)
(1.5204706366226046-3.405898947101856j)
(1.4654982064361413-3.329713644029519j)
(1.4196689864748553-3.2462589640989776j)
(1.385388490207216-3.1626032668686013j)
(1.3598242383130275-3.086292089488233j)
(1.3353447359863788-3.0213636984110495j)
(1.303264267808946-2.965486086955951j)
(0.6219911835167182-3.586210504013927j)
(1.2035021338369025-2.849374459013282j)
(0.9445660347981714-3.2803190008128995j)
(-0.23716752472222802-4.045420309708242j)
(1.0396775174861688-2.5923350013895896j)
(1.005055738599633-2.4947712099691985j)
(0.9810423593246346-2.403507551264576j)
(0.9605842172724325-2.3240925723740555j)
(1.543935608447469-2.4147032890401214j)
(0.8935974253327962-2.192294267580209j)
(0.8391902582182199-2.1220300604173064j)
(0.7772199893040913-2.0373548543862077j)
(0.7172575753771495-1.9364636156256212j)
(0.6674661238454328-1.8234852719575498j)
(0.6319428193169054-1.7062127245987833j)
(0.6096256743957211-1.593462237527001j)
(0.5941780544847528-1.4922084125751989j)
(0.5754204881134225-1.4043046068918656j)
(0.543419362725551-1.32412358945606j)
(0.4942343426530004-1.2400273384732803j)
(0.4329708916083424-1.140459234437579j)
(0.37088733197550455-1.0203518257201756j)
(0.3191432892011983-0.8828830917664865j)
(0.2841270792123474-0.7367227153449749j)
(0.2659796680263876-0.5920741636405756j)
(0.25904716873969796-0.4573619151104063j)
(0.2533541483084071-0.33637101474798553j)
(0.2377026438036635-0.22577472513936667j)
(0.2049140579324095-0.11484483916409767j)
(0.15685093940334507+0.010221894109207973j)
(0.10446327440423948+0.15867168175640997j)
(0.06170332870046239+0.3301936678152769j)
(0.03839172914879529+0.5162742420670772j)
(0.0369456438514197+0.7052800696236472j)
(0.3947160925352454+1.2423289665268444j)
(0.07722198320968776+1.0561790582268347j)
(0.09887394814746953+1.2132958607006943j)
(0.1091581165595231+1.3663118034619668j)
(0.10623187599718777+1.52782450808751j)
(0.09740517423840371+1.7092540561136969j)
(0.09596538216819737+1.914509173539233j)
(0.11425837436437401+2.138238565807258j)
(0.42052620974062815+2.148302723651442j)
(0.22674705363817638+2.5967768666981326j)
(0.3126317213448235+2.8122790357311516j)
(-111.82116906975297-302.54569552382713j)
(0.4983831145655359+3.2036543331679916j)
(0.583532093267755+3.391752250672514j)
(0.6630870613416667+3.588419347108043j)
(0.7453452651220196+3.8014309801644157j)
(0.8419707035100431+4.0316404758865385j)
(0.9627023086821086+4.272674772523463j)
(1.1116346930645813+4.51407895563086j)
(1.286509586671395+4.745475544069981j)
(1.4802484185718228+4.959801077152857j)
(1.6835492750511099+5.155124430042851j)
(1.887959431072827+5.335064481038529j)
(2.0889688522796326+5.507558954727817j)
(2.2881116464851483+5.6818126251422925j)
(2.492761511483005+5.8642349466007895j)
(2.7132324746405367+6.0552712894136365j)
(2.9584860841243823+6.248843022025205j)
(3.232573840263478+6.434552560334171j)
(3.5332272547146686+6.601364875949994j)
(3.8527470243453212+6.7412049857960215j)
(4.180602961872856+6.851398115720913j)
(4.506930442890422+6.935337881704817j)
(4.8259217211800225+7.0010917964978745j)
(1.3164786124137264+10.40968779106184j)
(4.281457746368409+7.914040210695114j)
(5.7693532895176896+7.168703943565143j)
(6.10724236551226+7.217992964353272j)
(6.467008612152608+7.251006795922561j)
(6.845868042888682+7.255854367804552j)
(7.234420968116664+7.223602605998191j)
(7.619513517482522+7.151696734155069j)
(7.9886511742981305+7.045062040427407j)
(8.33426332085216+6.914350104058142j)
(8.65610545831252+6.77198276719702j)
(8.960882055940404+6.62755978670744j)
(9.259305056889477+6.484341871063691j)
(9.561651880033393+6.338007716182383j)
(9.87327150341265+6.178161601559551j)
(10.191602163886667+5.992328738159499j)
(10.506101655407925+5.771274430964919j)
(10.801640030173498+5.513543694029242j)
(11.064245923788876+5.226943331547796j)
(11.286590447549097+4.9260031882380595j)
(11.47062402861016+4.626624165888707j)
(10.729064718781684+0.04815983057018147j)
(10.970431731455248+5.41251649783627j)
(11.909261642130314+3.8133686676235317j)
(12.05649538173337+3.555155664252765j)
(12.207822454242912+3.282231608459744j)
(12.351864974483927+2.9843714321478547j)
(12.472195888507215+2.6607158116539553j)
(12.554469043820148+2.3212918294984326j)
(12.592987792576878+1.9833284534057347j)
(12.593167952529813+1.6642471547164617j)
(12.569062394580056+1.3750912669258335j)
(9.655136924260974-0.0970210104936642j)
(9.873194247204848+1.0246449417072474j)
(16.443435933576+15.09639268280248j)
(13.760087293801366+0.25315495102417035j)
(11.578642048992313-2.424019879373013j)
(24.430452845283497+12.868595060788582j)
(11.176959176661045-5.008359534903337j)
(30.86205844991178-30.58544212124016j)
(14.473417213188153+9.656034813752443j)
(10.270004399862417+2.8897655067342356j)
(12.55038136476662-1.4832650348016525j)
(8.98172555588398-0.3213928875095437j)
(7.696056675879533+1.3966355203894014j)
(6.694084804907064-0.08114842643664909j)
(16.313826022938766+5.00831899513386j)
(9.83738483839696-2.9082857183799673j)
(6.84618933725845-11.584297977930213j)
(13.392210357394458-2.5354151601389416j)
(10.613984652814086-3.9246147247004215j)
(11.53675274367871-4.113691395072518j)
(15.410658871810497-6.878463111854093j)
(45.33942940648487+28.013286803099202j)
(5.230404441591287-16.85852235171753j)
(12.220110067687383-1.1971708630885691j)
(14.172629818060841-30.10672500334561j)
(9.372088916814537-5.487283353963461j)
(11.210438820071557-1.061632555841477j)
(8.65259057068156-1.1899742781291596j)
(-41.16999014763873+22.908989792870862j)
(15.320153319435986-9.653172028325736j)
(8.924477659651926-8.705549315913936j)
(10.686405639753207-2.2122627805413595j)
(8.905289340578571-3.8949267887597885j)
(28.719358124750133-10.95723420173342j)
(40.02434745441964+15.083728752962369j)
(10.84236668803198-6.735734705099571j)
(123.97467994417572+7.309863256420043j)
(29.212155905620698+6.32519932503123j)
(2.629361537690896+0.1400957843365684j)
(11.420504145060704+20.058868295762228j)
(19.292780989184706+0.8759695306653156j)
(11.108721503443027+13.586759447403532j)
(10.889467049714165+9.058149972799793j)
(12.138905071878401-12.797591605747828j)
(-2.2717129661037014+8.551015220957648j)
(19.51326187387564-47.89430516323434j)
(121.23102070520005+99.38763028099729j)
(-19.183958855468948+15.308893376246667j)
(12.898557037485697-12.147723146876132j)
(43.698735003157644+73.64802609387779j)
(14.955866315996369-9.422104573638814j)
(-5.688220256172125-6.797467614959272j)
(10.54553684499242-4.3820625708886345j)
(12.803687102749334-1.1885136951644582j)
(-7.718081128460661-5.09337750341865j)
(7.042157844142808-3.979895779503493j)
(33.71563819283537+14.892280231365355j)
(12.686934771123289-0.18706815455046572j)
(11.666381128805492-14.18273314404077j)
(55.742118454073335+2.368849769648781j)
(58.89730538849422+3.9329545172431826j)
(8.28158882362129-7.127202026049795j)
(-19.789146193163003-6.223770689076719j)
(-4.386710760998634+18.565653916597494j)
(10.823273864362516-4.080569349566132j)
(12.072843916963654-3.1374530282407416j)
(8.672623012519347-3.9063018839228203j)
(6.882339569275672-7.931432550474666j)
(17.690557214009473-13.251950498634603j)
(-23.868620815921822+13.299689887834887j)
(15.830009026443719+0.37595502216529175j)
(1.6339314235123674-3.2828102422532908j)
(9.24041081703373+0.4236132695033586j)
(9.32523562112231-5.226470309770551j)
(10.206826223208802-12.59215987121479j)
(14.388514636104597-7.6045309658210405j)
(12.570075433962321-8.808887799688945j)
(12.92710927104157-5.237905919688129j)
(14.056700511112354-7.3693642382347955j)
(11.76044770647522-7.608293318595704j)
(19.2180162851-4.998386915562767j)
(7.04614614850157-4.842876178052562j)
(8.910295339705435-4.475026543799452j)
(13.447534140056733-9.998156371233868j)
(2.1855298679950845-9.433724478086113j)
(17.958008908060172-2.7849043905859707j)
(10.611863082411347-3.92244780726394j)
(9.471014491465521-6.625143610862225j)
(7.289941335586093-7.513814195548066j)
(10.132986813287058-3.962860700756307j)
(9.438495203861988-7.410192192834704j)
(7.902133754376314-14.069328132596336j)
(9.16590217131721-6.83940946539341j)
(25.546046478118154-8.737632301432415j)
(1.0312278629067584-3.3475557743114095j)
(7.078927595508814-14.021141058792498j)
(8.5290523615752-8.682029448708102j)
(8.530277100220754-7.1587876401683355j)
(13.219821522098426-5.083737739748553j)
(8.957963431785148-4.178520527965366j)
(8.456759076304955-6.607142878556068j)
(6.968993651852-7.198515537922595j)
(8.274598764636535-10.729304241607585j)
(2.202462851819912-3.532704201135177j)
(7.138086319337514-8.799295258875716j)
(6.484251550730713-5.67423166667759j)
(7.589167232404559-6.526653425382423j)
(9.437164603678802-5.489168243018374j)
(3.7619961480414186-6.515122571099845j)
(4.183065195929103-6.342567681995746j)
(3.6293713448444316-14.913331880027705j)
(3.1684951743128926-10.151192947582734j)
(10.826318786590912-3.24129810758371j)
(4.707075716824549-9.83153470708166j)
(7.993806014204299-0.05641501363650116j)
(2.7906065271066676-7.118845565491779j)
(3.055797121970728-11.548558278365768j)
(3.403455014675378-9.315967020036098j)
(6.854674573025957-8.39946597109857j)
(1.7569048270208492-7.331259797932501j)
(1.724281409919732-4.5693499516687375j)
(1.1960942191036565-6.889031160504447j)
(5.208013853831037-8.37101683851205j)
(-2.29661161767601-2.3600171555715046j)
(5.474258440547946-17.40070717279156j)
(3.0084056582679617-1.9310333750684503j)
(3.877048746232334-9.705724634619243j)
(6.91063841711123-1.3353467809486128j)
(2.2998603999106453-8.030851512918547j)
(1.985034839393496-1.1145658941067613j)
(0.3307043856999474-5.5570425495667015j)
(0.3221676778989596-7.584259935288539j)
(0.5655659438715851-7.3298146530214074j)
(0.38601914964897155-7.146029377387359j)
(0.22401409769595498-6.950964966599941j)
(0.08168583874765456-6.750921012436699j)
(-0.042552046091257734-6.55224129262633j)
(-0.15321354785636787-6.359092388017686j)
(-0.2557829263386403-6.172339074279664j)
(-0.35469790828455616-5.989875173546436j)
(-0.45211370654006533-5.807896204608319j)
(-0.5476008168346437-5.622384541209952j)
(-0.6385319994988992-5.430380886196325j)
(-37.00206611988588+3.647568822386905j)
(-0.7906805928484296-5.025419336011542j)
(-0.8448941506252079-4.817602695233698j)
(-0.8830405511163845-4.612328292089866j)
(-0.9072395030361189-4.414080181156869j)
(-0.9215162995245539-4.225511279659591j)
(-0.9303824840654449-4.046794707694228j)
(-0.93743517142186-3.875925858803073j)
(-0.944474464249749-3.709645769356776j)
(-0.2850187760109294-5.461817015255834j)
