(0.3098072822327713+0j)
(6.909213007601922+1.0580320936497754j)
(7.5601684780388085+1.9214407546882681j)
(8.472925017905858+2.411977681414402j)
(9.433236301973965+2.5065483752983932j)
(10.288330405701082+2.284331264221572j)
(10.96506063429702+1.8572111121607526j)
(11.452136263503085+1.3266684360866086j)
(11.77427624577568+0.7654908938972536j)
(11.970248981526396+0.21532834824121447j)
(12.077889674816072-0.307881009371223j)
(12.125527238796188-0.8054873996666427j)
(12.128525176136769-1.2872025302273236j)
(1.4531309501576006+3.2820629573613247j)
(12.004243026405165-2.2374775421216246j)
(11.8633943957797-2.706420442430578j)
(11.662476795037785-3.1583846815639123j)
(11.403713132392134-3.5783602821991356j)
(11.097022332363768-3.9530293986248974j)
(10.757452138489851-4.27494221239043j)
(10.400896505092204-4.544169509575363j)
(10.03995139412268-4.767174707507023j)
(9.68136121989474-4.953698377996134j)
(9.325731380658834-5.112968823861854j)
(8.969380134427343-5.250603287727401j)
(8.60750524915727-5.367252287876725j)
(8.237376177347961-5.459385057462139j)
(7.860267644304771-5.521745343175818j)
(3.0691720170171455+6.827451720081991j)
(7.108402389431751-5.544438470046841j)
(6.74833981956985-5.50748609126323j)
(6.405893052503685-5.445753801583616j)
(6.082013766209189-5.366453766670154j)
(5.774247052840266-5.275478694671587j)
(5.478219842651439-5.175820138312037j)
(5.189716638484318-5.067193927898994j)
(4.906502063106643-4.946965516982187j)
(4.6291628887304626-4.8119273235607265j)
(4.360695663934629-4.6601281544835675j)
(4.10513297224834-4.491997469043095j)
(3.865868126491381-4.310394921564573j)
(3.6443591288522708-4.119691979286157j)
(3.439654074696806-3.924328352651014j)
(3.248846250668602-3.727413173983068j)
(3.0682427793355607-3.5298870931547337j)
(2.8947759284380443-3.330549599557815j)
(2.727086724871683-3.1269167455144875j)
(2.565849719464471-2.9165237736438265j)
(10.161755645683371-0.3774301972887462j)
(2.271914847839688-2.4721975620775j)
(2.1437245989691913-2.240945797824686j)
(2.029045862732709-2.007329460921418j)
(1.9265538179514035-1.774079454750733j)
(1.8337242122489228-1.5427399505388861j)
(1.747771797448694-1.3132097234321176j)
(1.6666642183854743-1.0839369306196307j)
(1.589799163544673-0.8526778176409865j)
(1.5180755189260402-0.6174878946763862j)
(1.4533620075875273-0.37752419167448587j)
(1.397622709315527-0.13334904955987126j)
(1.3520696145106712+0.11334032313975996j)
(1.3166589266020312+0.36040774281459653j)
(13.642176446029614-1.6145821148342925j)
(1.2703204565647839+0.8497877067699046j)
(1.2552998231067798+1.0920476162760364j)
(1.2437804944688517+1.3345381543567616j)
(1.2357221405815335+1.579244116617932j)
(1.2322234625640365+1.8277100270541717j)
(1.2350023648947088+2.0804810403974447j)
(1.2456685322206935+2.3369764824976365j)
(1.2650861011679464+2.5958130809297777j)
(1.293060394605722+2.855426478302645j)
(1.3284502722651248+3.114746184235372j)
(1.3696544608234802+3.373668516490974j)
(1.4152810297801222+3.6331443545316j)
(1.464729827035546+3.894846635682199j)
(1.5184481173629307+4.160560201458079j)
(1.5777636842065232+4.4315569143379765j)
(1.6443865164780886+4.70821366120297j)
(1.7198006541715667+4.990010038383074j)
(1.8047896363317353+5.2758812135476j)
(1.8992683290557568+5.564773118238086j)
(2.00247489473245+5.856184163423922j)
(2.1134455693166014+6.1504861405167945j)
(2.2315852281580226+6.448898324343876j)
(2.357103101025352+6.753128025021429j)
(2.4911398618448928+7.064833955237504j)
(3.348188163319483+6.97554931841202j)
(2.7924647332680057+7.714397653776687j)
(2.9637979603772773+8.05225150983618j)
(3.0516179340048826+9.356410388032032j)
(3.3547086891183735+8.750983855918028j)
(3.5755741847149203+9.111105626341907j)
(3.8141045579792214+9.478881552470245j)
(4.071417644111295+9.8553951021973j)
(4.3494963020368544+10.241934893475538j)
(4.651253128525978+10.639544904789208j)
(4.980353437707454+11.048639503257458j)
(5.340896674589367+11.468797771431296j)
(5.737091002239083+11.898764262043823j)
(6.173033865938609+12.336605162025126j)
(6.653247760304314+12.779245088506912j)
(7.180770410039956+13.224844546239236j)
(7.7598252773163825+13.670258843863628j)
(8.394860950367491+14.112116146856117j)
(9.360386491574557+15.157929669956673j)
(9.853405319397204+14.967865761714373j)
(10.688464920305874+15.369902483551156j)
(11.580374640565287+21.688175895010243j)
(19.529901159229293+31.201194039016308j)
(15.75188337896119+17.820532706376706j)
(12.52539596459861+16.395443684525237j)
(13.639559584861475+19.826375296416j)
(7.40349117661642+23.446615567914435j)
(17.831894503020646+16.102539774461274j)
(42.83153447524415+29.66733988950398j)
(19.85337088101878+19.125978783484605j)
(34.87673349896912+18.48768610379251j)
(22.271743706985845+9.076695230054556j)
(7.143552567253217-6.884513111287634j)
(32.295438617589745+18.129564492124153j)
(25.179613227790043+9.907564117017728j)
(33.69656241645989+9.232254477231855j)
(38.7106280707293+8.118230095294209j)
(41.76453715223652+1.0972902802445208j)
(37.05907259664487+4.052393789853211j)
(34.48576604276536-1.627614271831975j)
(33.30620680926071+0.996199204133987j)
(29.002347519175647-5.767165117766242j)
(33.34929280115564-1.3013513920359792j)
(29.177953627542472-2.611129465559809j)
(28.771143034976973-11.387696101549897j)
(40.0817871076794-17.6686562769559j)
(37.70139111452023-7.165048340684281j)
(33.798569670150584-13.056749953483038j)
(28.784268880127122-21.32210618766946j)
(27.3503190044136-16.172184413285425j)
(24.362838961505183-14.607714193811226j)
(35.24357201059967-20.55055288466555j)
(23.728548619827237-15.727392102455658j)
(13.85816636819429-15.271739199399237j)
(19.273154299662895-17.32964310666718j)
(19.52939231621734-17.916364809975935j)
(18.059975094462846-20.930225622264555j)
(13.282406915951372-17.056807132463717j)
(16.295321998576483-15.976624543873955j)
(23.88066819028156-16.7258685785972j)
(15.219118907503494-14.770327416974244j)
(11.514581702811407-28.263535976343242j)
(11.804847467357005-16.604939710781103j)
(-30.583386667900644-46.34679361931601j)
(13.830449940526758-11.292357494409202j)
(11.548878156511604-19.266499430340087j)
(23.74695605673583-6.883365778637187j)
(11.576425502268819-13.49983071421373j)
(9.785368742426488-14.890360263013308j)
(5.8607613664462725-13.81920331177463j)
(19.09675785948724-19.39201445799894j)
(8.45998400400757-14.30081759048024j)
(-1.8897509597789066-11.963676675176108j)
(13.883287698977425-18.349986028095167j)
(7.699715791912377-12.276434544792359j)
(8.339511858772143-10.590248261646748j)
(5.377728735579353-14.864374536393441j)
(-2.620060051464173-30.073126838965454j)
(16.88090162144353-12.460719336652891j)
(3.8465899145103837-32.08121136977942j)
(12.260946539980633-17.972183105798212j)
(6.722720228926438-9.856255904624149j)
(5.863506365788463-9.715835059199383j)
(5.727953348523512-9.531447188243103j)
(5.600892322013708-9.351578692372025j)
(5.4821680995785975-9.176305284452335j)
(5.3714611085375275-9.005923138224773j)
(4.578677007154442-10.95331628452873j)
(5.171597683731219-8.681058813599215j)
(5.080786062183216-8.526726502444125j)
(4.994990843775505-8.377459334307556j)
(4.913669495166692-8.232775368336839j)
(4.836557764215646-8.092187387683632j)
(4.763610380119756-7.955353115947026j)
(4.694867508925554-7.8221555780310315j)
(4.630306049012493-7.692687097692689j)
(4.56973537406174-7.567151148736262j)
(4.512774819527631-7.445726883270039j)
(4.458916213179747-7.32845245503283j)
(4.407641353024905-7.2151732091860525j)
(4.358543150655229-7.105573094772189j)
(4.311399124165089-6.999272315014605j)
(4.266168255650585-6.895946447268235j)
(4.22291688700932-6.795415313744378j)
(4.181709352729873-6.697666417336356j)
(4.142510932059029-6.602808051564224j)
(4.1051416544284045-6.510976313835584j)
(4.069296192644347-6.422236823161625j)
(4.034617831486793-6.336521572503564j)
(4.000793127400941-6.2536254125713295j)
(3.967626232497049-6.1732610818709155j)
(3.93506170791887-6.095146535691101j)
(3.90314840194923-6.0190850296218334j)
(3.871963456792311-5.9450035843118165j)
(3.841531791747893-5.872936003519062j)
(3.8117756493281343-5.802961593038135j)
(3.7825133630589316-5.735128515493825j)
(3.753504709747003-5.669394977988251j)
(3.724521106784324-5.605612135600733j)
(3.6954094197614933-5.543554088649955j)
(4.49747726947805-5.513904331651198j)
(3.636700309395103-5.423698973346064j)
(3.6072241836865286-5.365610186801697j)
(3.577747451548769-5.308699451430439j)
(3.5482532193588128-5.252999009122076j)
(2.445848584771524-6.928215101181395j)
(3.488774495898503-5.145250673018182j)
(2.180973024680485-6.704383525380096j)
(2.7352062658673404-5.380358998814549j)
(3.3964092206260053-4.991101125296924j)
(3.3646402029446545-4.941004427380408j)
(-0.45606890974888686-6.752949788252024j)
(3.3000458479925427-4.842080282974684j)
(1.4620381343680413-4.702774170073271j)
(3.2342670242967517-4.744826638714506j)
(3.200816784920053-4.696807829702304j)
(3.166884284404218-4.649090070853628j)
(3.13242634133063-4.6015342843479115j)
(3.097459670707808-4.553989988494271j)
(3.0620551464262573-4.506335012618407j)
(2.4194533041144606-3.9247002610795048j)
(2.9903006887492567-4.4104783900782j)
(2.954069964792915-4.362284897122035j)
(2.9176031082987937-4.313936973682622j)
(2.8808540232763793-4.265414536440741j)
(1.5458204240826627-4.531598682892701j)
(2.8063566685826897-4.167539008194176j)
(2.768628797250963-4.11797255319657j)
(2.7306693239581303-4.067867121813065j)
(2.6925705560354167-4.017186588197521j)
(2.6544077418665184-3.9659408629979764j)
(2.6162147585846522-3.914163855330762j)
(2.5779798949742383-3.8618812040776915j)
(2.5396633795501646-3.8090832828478765j)
(2.501227855869362-3.7557161688700496j)
(2.4626670789396683-3.7016944172836395j)
(2.424019348269111-3.646929153782768j)
(2.3853595908253515-3.591358068059184j)
(1.371083246034773-5.498323217223751j)
(2.3083284607272776-3.477768321718459j)
(2.270047220259121-3.4198162703880564j)
(2.2319093213204426-3.3611376194953047j)
(2.193867492264803-3.301724394611696j)
(2.1558791081690076-3.2415219682515626j)
(2.11793523939326-3.1804428636693753j)
(2.080074016548984-3.11839606758507j)
(2.0423720033551978-3.0553181908548104j)
(1.5298625542689885-4.869593707030902j)
(1.9677772321026963-2.9260435337377877j)
(1.9309734074097393-2.8599185767108795j)
(1.8944792364025806-2.7928487026587874j)
(1.8582385783811417-2.7248222440422105j)
(1.8221996623668595-2.65577388676704j)
(1.7863482465682574-2.5855983229833313j)
(0.5426544172013023-1.6920861724625862j)
(1.7154167001357963-2.4414400821374485j)
(1.6805306739218413-2.367337557177242j)
(1.6461542108793839-2.2918913134212042j)
(1.6123266128804876-2.21514483093897j)
(1.5790309822817514-2.137130175581981j)
(1.5462124806649336-2.057832386995579j)
(1.5138157652975952-1.9771727302794138j)
(1.4818255236361129-1.8950193040905627j)
(1.4502918052623646-1.8112212999652024j)
(1.419328144651398-1.725652094124486j)
(1.3890826602098831-1.6382418287360554j)
(1.3596946310518154-1.5489845263341613j)
(1.3312557539059344-1.457915941376667j)
(1.3037935673981518-1.3650711610339925j)
(1.2772853384776868-1.2704400181776554j)
(1.251697764196671-1.17394001405454j)
(1.227036274900247-1.075419706049672j)
(1.2033825771783693-0.9746926151862889j)
(1.1809033142125893-0.8715878999598567j)
(1.1598251855918527-0.7659958283997392j)
(1.1403870106487017-0.6578878219415423j)
(1.1227897874088684-0.5473019700075158j)
(1.1071668886692225-0.43430014329045546j)
(1.0935879643009874-0.3189152764236492j)
(1.5756725876405304-0.7099401550828353j)
(1.072761343042975-0.08077816466954758j)
(1.0657332081940722+0.04224608598676866j)
(1.0612603111609287+0.1681147652271329j)
(1.059676188214863+0.2969180440624347j)
(1.0613512614499576+0.4286459562489961j)
(1.0666331895254952+0.5631888474624059j)
(1.0758008041604603+0.7003739449045313j)
(1.0890509267746593+0.8400217168859285j)
(1.1065230679875657+0.9819975188368264j)
(1.1283510395941176+1.1262362781398412j)
(1.1547192747303838+1.2727292882240735j)
(1.1858994926577533+1.421478004142496j)
(1.222251325079004+1.5724337866797082j)
(1.2641857002481531+1.7254488009552966j)
(1.3121057224045234+1.8802586347825143j)
(1.3663492516954134+2.0365035587351135j)
(1.4271561826162544+2.193779009073937j)
(1.4946725747317924+2.3516941505038766j)
(1.5689885438923217+2.509914839934433j)
(1.6501935499930118+2.668174218578488j)
(1.738426259687157+2.8262472498932123j)
(1.833898593405177+2.9838997238403207j)
(1.9368838818109495+3.1408322626972707j)
(2.0476733518688865+3.2966417621458985j)
(2.1665177326302327+3.4508155895027524j)
(2.2935764189646983+3.6027606491286934j)
(2.357874591109546+3.767548933207119j)
(2.5724064239941553+3.897506506520664j)
(2.7239890972897527+4.039183220065771j)
(2.883501081763418+4.17642592214181j)
(3.2170842234729546+4.649548433759745j)
(3.023171209058598+4.442320059825391j)
(3.2915838179704395+4.776892525493395j)
(3.59928738613601+4.672322334545413j)
(3.797406899983546+4.7803574008268j)
(4.002887766305982+4.880676577406127j)
(4.215356609413395+4.972558300783938j)
(4.43430796626504+5.0553417082789975j)
(4.659147185790606+5.128469477685097j)
(4.889247897244261+5.19149842730192j)
(5.124002444847371+5.244075554941446j)
(5.362846264098581+5.285890284691938j)
(5.605246953381842+5.316622963663579j)
(5.850662322334208+5.335911549256073j)
(6.098483989985762+5.3433519886281164j)
(6.347989421028756+5.3385351783798685j)
(6.598322985715656+5.321109238672908j)
(6.848516304343484+5.290845554655157j)
(7.097543522819179+5.247684727396163j)
(6.041142244625331+6.2879277436715775j)
(7.5881361482995535+5.123292258646755j)
(7.827954743458102+5.042675504223906j)
(8.063142520084767+4.950263751536979j)
(8.293058099545693+4.846396801008609j)
(8.517064257211738+4.731376131793961j)
(8.734474443364311+4.605497235200651j)
(8.944531369757696+4.469111150707494j)
(9.14642982206323+4.322690308426378j)
(9.339378615638111+4.166870822993441j)
(9.522680616534565+4.002451428584603j)
(9.695801533515217+3.830345575707563j)
(9.858401401297822+3.6515015290729784j)
(10.010316361563731+3.466818264496563j)
(10.151497251742011+3.277087275550841j)
(10.28192828033804+3.082980998235272j)
(10.401557172911897+2.885090896189837j)
(10.510264291150113+2.683998915142376j)
(10.607883429840921+2.4803524252569025j)
(16.290845740843622+3.0586490891426963j)
(10.769366866798556+2.0685403092127905j)
(10.833305514461362+1.8621611321912344j)
(10.886394378225825+1.6566566492136119j)
(10.92910253360374+1.4527871371937762j)
(10.961977649182234+1.2511357616186891j)
(10.985550671512065+1.0521093276219522j)
(11.000259231588595+0.8559932481000041j)
(11.00641838698456+0.663039452982418j)
(11.004249324084212+0.4735528395520814j)
(26.666117330531428-5.7497794108828515j)
(14.935744894030188-2.3355243600086824j)
(8.53241634357319+1.4376069294049985j)
(8.562884428291024-3.0264476734590002j)
(13.665048100859796-0.07810027822210357j)
(9.972364413494214-1.3124044064520068j)
(8.242177863044525+3.5304837550021793j)
(10.788333120649833+2.495655615716796j)
(9.715454169059527+0.0296344214380186j)
(9.69051308808518-0.89341275640057j)
(13.627605622803049-3.892198955229388j)
(8.93148609034836+1.6607709358067533j)
(11.935100065639821-0.41004264670981566j)
(7.341110129788692-0.4541442096644472j)
(14.870854726517798-5.069035616755504j)
(12.623679836743644+0.8825373474992517j)
(11.696340141122082-1.6574240337445383j)
(15.930727548826557+3.321162962502588j)
(30.08310731967718-10.94176839638899j)
(15.012253967353606-6.225591283699961j)
(6.521617153696555+5.5783426470974575j)
(9.135291361930733-0.6185738482809549j)
(16.761631277356344+15.2011808199286j)
(12.598223594784875-0.07134435218769632j)
(33.86495908887616+19.89193336880053j)
(20.125942786603616+31.979510482580967j)
(10.109822034119684+0.09389197517760656j)
(10.536240612235622-34.06818638523425j)
(58.643316996019664+116.76514110846567j)
(102.50070902007779-132.6812260268872j)
(14.302165500620545-7.55960340833661j)
(7.2698601221269135-0.5443057910027539j)
(-2.2467345752558434-2.408057395725114j)
(-5.34480134483826-7.658332006927086j)
(19.45052084885842-8.957855007091252j)
(95.03205771480167+42.267670675547244j)
(-41.73189095240077-90.55411289495963j)
(7.38650692712551-1.2766038653809142j)
(19.6599908190804-13.561920239772503j)
(23.282801946481566-2.111394009068098j)
(11.379360662875744-7.16428577615914j)
(8.709387705191082-3.2184192294369884j)
(87.99896967771579+67.55558283826171j)
(12.824234241821545-2.53500822978844j)
(13.728555421976658-7.490442712812182j)
(-0.8759445289550037+4.03105904911604j)
(26.594079262298447+29.69627293002847j)
(8.920879569857238+25.574284137683023j)
(74.26474296221647+157.96055526163602j)
(10.540543530504419-2.905858720438604j)
(9.380477562603527-2.7259380874516324j)
(13.92944129710672-13.90153294838725j)
(25.889162020578482+155.02061193865103j)
(11.610213926872746-5.490707088417911j)
(9.398988678915915-4.162480214048725j)
(8.505235959371625-6.255373197852045j)
(19.63728354164383-10.460618791399083j)
(23.59188854036212-22.50315983274226j)
(10.858875041754848+4.289095188027755j)
(11.144988544748285-7.013021104443351j)
(17.928244807620455-13.546624891994682j)
(10.06289627266754-5.0412065421789825j)
(11.908106174692742-12.34896487967703j)
(5.149514289865626-4.499804482248598j)
(8.91641824499129-8.371359285060636j)
(5.808612582355565-11.743073443548623j)
(75.33615867208125-5.220755841074715j)
(-57.04558913510496-145.3960286573719j)
(14.123137072113577-9.503079313698699j)
(10.723816245265922-6.8609952614522305j)
(6.228762593604542-8.286151852948512j)
(1.9894687517468868-10.732844922094818j)
(16.715147436502285-27.98812349563276j)
(8.60454860498631-4.553271991574732j)
(8.766015892835233-8.267104768946377j)
(36.919298288486374+13.998699470843949j)
(11.164382580110546-0.663906202781074j)
(4.7781691698451105-9.884904084946283j)
(12.691980274898805-4.315143710997821j)
(-0.5117287899500659+3.112284577373244j)
(6.17490561085849-7.748040248981824j)
(11.7089931494714-4.005199361684782j)
(4.5859567938528265-7.198654788642012j)
(6.918423066437422-4.984871598732281j)
(10.243578670121703-4.96140708196738j)
(6.644108845643128-3.5843679221299727j)
(7.33990752551309-11.022538776065607j)
(10.362416586968042-5.968224556423282j)
(8.079037582633068-4.774650637725617j)
(16.20486478423608-23.638830121699286j)
(7.041088389369939-6.876150638969925j)
(0.940588618422896-6.179402281225323j)
(6.052840661006978-6.467365481350687j)
(15.069766144386396-2.1711709393742074j)
(14.179073183966489+2.9874432839728327j)
(6.594837432536673-10.028510295507807j)
(4.685730420160042-7.210582664674425j)
(8.429296663303331-3.4668588696240024j)
(9.847452778555635-6.877257192147462j)
(4.772708404121765-4.20827973298001j)
(8.766751026446792-5.430001065930031j)
(9.704831721621844+1.6125301710352056j)
(10.496021752149959-5.970258345459975j)
(1.007862424008775-7.923066335601151j)
(9.085253444534015-2.5945687578426213j)
(4.3134765211945885-6.120469978236881j)
(4.200097574450982-7.287129403952206j)
(8.181253042994337-6.143961490466454j)
(1.230474848468026-11.17258845787912j)
(4.422648587592582-4.162736411232755j)
(2.544408788724763-9.46053103572292j)
(3.3954646155649395-4.6547125935020786j)
(4.174436840669605-9.36663469898948j)
(5.314574768611931-8.2245919364392j)
(2.2989694336457847-6.1850844827289855j)
(4.140722234260269-6.970702068503373j)
(5.858159773199799-2.015150149357497j)
(2.043061799620119-7.872444838183403j)
(2.219451731848811-6.045957778746368j)
(0.5901971640174941-5.214913354083175j)
(3.0355851194345274-17.22081818625999j)
(7.902808589857272-6.108426921514288j)
(5.667808306435492-6.564921153249109j)
(7.496617031991727-9.557296885810379j)
(0.059418598557115905-5.948217638127873j)
(-4.571001917071169-13.35921588759053j)
(3.823139427367847-5.616813507344227j)
(3.04916188887875-6.169594224608061j)
(1.4865802117438671-6.12088276480565j)
(1.358716584511693-5.995355586784125j)
(1.2372165538578777-5.8660452405486785j)
(1.1221652653436975-5.733455466265561j)
(1.0135674349056258-5.5980595605293235j)
(0.9113735278905589-5.460275618541812j)
(1.2827574935284758-5.9367364106065j)
(0.7259283717814989-5.178919618311817j)
(0.6425853925462489-5.035937871081185j)
(0.5654800781622427-4.89180411668488j)
(0.49461841702150794-4.746837099626817j)
(0.42999042902448315-4.601394322631273j)
(0.3715428175118382-4.455864602887262j)
(0.3191601782781659-4.310646415815612j)
(0.2726609741768498-4.166119170616255j)
(0.2318095151087902-4.022616666863604j)
(0.19633994280510933-3.88041099818452j)
(0.16598447489704976-3.739711508888672j)
(0.14049709430513493-3.600678412524806j)
(0.11966566090753898-3.4634460512769203j)
