(123.50164414985733+0j)
(112.8678161121823-35.00189101479095j)
(89.55763443398396-55.906855241670705j)
(66.24917285393218-62.78899489192737j)
(48.09225456902856-61.860096603040155j)
(35.1043605511668-57.786226638363516j)
(25.977633231612835-52.86284727263167j)
(19.505171114014278-48.02723568758022j)
(14.828022780773901-43.603632417020506j)
(11.376004228316281-39.66543174768046j)
(8.77536810273017-36.19126566836199j)
(6.778985595172008-33.129187874820275j)
(5.220661549848734-30.42208469975015j)
(3.986410901410155-28.017018052632352j)
(2.9964812067760054-25.868009602945204j)
(2.193991015828585-23.936242891168153j)
(1.5376359421539143-22.189343047706178j)
(0.9969214469612139-20.60041569164169j)
(0.5489892159447605-19.14711126934919j)
(0.17646604479941824-17.81080555101232j)
(-0.134019501577435-16.575914697770237j)
(-0.3928766762165848-15.429335569329123j)
(-0.6082922757699459-14.359993205432163j)
(-0.786764489391712-13.35847647034481j)
(-0.9334932584750101-12.416744802175357j)
(-1.052669204542672-11.527891757716215j)
(-1.1476898948297676-10.685953744408236j)
(-1.2213233985973335-9.88575468240137j)
(-1.2758331530425975-9.122779278798129j)
(-1.313074108619488-8.393069149731703j)
(-1.3345673249289989-7.693137252558012j)
(-1.3415582300593627-7.019897051398842j)
(-1.3350623698247577-6.370603589510896j)
(-1.3159014808968987-5.742804227791476j)
(-1.2847320035667922-5.134297266394697j)
(-1.242067624724294-4.543097025396119j)
(-1.1882970535497097-3.967404242505041j)
(-1.1236979426636136-3.40558086890868j)
(-1.0484476487442573-2.856128521428905j)
(-0.9626313594197986-2.317669990584806j)
(-0.8662479838172087-1.7889333181691263j)
(-0.7592141022392881-1.2687380504782855j)
(-0.6413661886552643-0.7559833493979004j)
(-0.5124612525099824-0.24963770718754544j)
(-0.3721759894593643+0.25126993500555983j)
(-0.22010448081100484+0.7476578172715166j)
(-0.055754436005485214+1.2403978487514216j)
(0.12145807073958248+1.7303210209718525j)
(0.3122154614518653+2.218221773298007j)
(0.5173072491974685+2.7048612934311613j)
(0.7376405500753463+3.190969687346553j)
(0.9742527477293869+3.6772468965809475j)
(1.2283266036436304+4.164362172405436j)
(1.5012081721128558+4.652951831597182j)
(1.7944279533372913+5.143614910572413j)
(2.109725802958028+5.636906195613378j)
(2.449080211964457+6.1333259253174734j)
(2.8147426770542476+6.633305222483167j)
(3.209277995885681+7.137185996133638j)
(3.6356114387341854+7.645193633040321j)
(4.097083856617618+8.157400235018994j)
(4.59751586537894+8.673675403802394j)
(5.141282258968405+9.193620562637806j)
(5.7333976910340265+9.716481444283676j)
(6.379614317207289+10.24103155250362j)
(7.086531338246996+10.765416969937549j)
(7.861714943508207+11.286949657555768j)
(8.713824566574635+11.801832163361663j)
(9.652736895902564+12.304791233448583j)
(10.689651570284424+12.788591092741552j)
(11.837150124705783+13.24338931529684j)
(13.109159798447896+13.655890091498796j)
(14.520742295259208+14.008243634110553j)
(16.087579112317105+14.276641669887926j)
(17.824953322199175+14.429578141111383j)
(19.745927772892344+14.425801720757812j)
(21.85829470216104+14.212118180515882j)
(24.159748703495197+13.721462096223176j)
(26.6306960945177+12.872121304673593j)
(29.224347153618936+11.56971739236628j)
(31.85458686999525+9.714444715957628j)
(34.38403998291806+7.216705485848035j)
(36.617945042440304+4.023523869293029j)
(38.31295196919502+0.15419111959625748j)
(39.21038784825897-4.2646119153108355j)
(39.095706702728044-8.983527018331898j)
(37.868242895910456-13.655879831996453j)
(35.58835979473267-17.908041835892522j)
(32.47190032110137-21.429820150332844j)
(28.830624908296738-24.042420419147916j)
(24.9897205084345-25.715197726333795j)
(21.220996671872186-26.535037937829888j)
(17.711592873044246-26.654483657457842j)
(14.564714118519444-26.244119811656454j)
(11.817833221753245-25.46143186872134j)
(9.465019761774998-24.436341951223145j)
(7.475996934771614-23.268262133978183j)
(5.8096354919098685-22.029179969617463j)
(4.4223247079603505-20.768945119664377j)
(3.2725647367725084-19.52066850520747j)
(2.323109581255112-18.305345763153696j)
(1.5431300933962218-17.134650562019583j)
(0.9030134104111563-16.01669852439719j)
(0.38033160306900804-14.953884652038157j)
(-0.043923833720318134-13.946422702001172j)
(-0.38551433265078133-12.992977785428124j)
(-0.6574693155917589-12.091275664865503j)
(-0.8705531778430281-11.238519689516313j)
(-1.0336648883480435-10.431667785745455j)
(-1.1541717106595042-9.667612355766943j)
(-1.238184216626175-8.94329389670314j)
(-1.2907811845355814-8.255769851405413j)
(-1.3161927281603143-7.602253528023551j)
(-1.3179491045711078-6.9801332513616465j)
(-1.2990015585383048-6.386978671951159j)
(-1.2618204923050411-5.820538929868794j)
(-1.208475290916311-5.278735840989464j)
(-1.1406993134000338-4.759654226515071j)
(-1.0599428779962885-4.2615307917152725j)
(-0.9674165116720674-3.7827424728052708j)
(-0.8641262825143559-3.3217948404172337j)
(-0.750902670263803-2.877310925064221j)
(-0.6284241389120542-2.448020680708093j)
(-0.4972363419312869-2.0327512039329174j)
(-0.3577677036382443-1.6304177624061873j)
(-0.21034196991180262-1.2400156464598144j)
(-0.05518820026539423-0.8606128342761741j)
(0.10755142502465424-0.4913434492891494j)
(0.2778156893410354-0.1314019846147218j)
(0.45562008856146474+0.21996172863420113j)
(0.6410540724678451+0.5634468257876168j)
(0.8342796538356164+0.8997049922977997j)
(1.035531300783657+1.2293433195715786j)
(1.2451170637341766+1.5529264089267691j)
(1.463420920615829+1.8709776787548418j)
(1.690906353823009+2.183979804487085j)
(1.9281212007013204+2.4923741896387916j)
(2.1757038465403604+2.7965593275389002j)
(2.434390855478046+3.096887865158034j)
(2.70502616029131+3.393662119988032j)
(2.9885719562063295+3.6871277245636533j)
(3.2861214653032724+3.9774649761967122j)
(3.598913754497182+4.264777345758468j)
(3.928350797449689+4.549076440936902j)
(4.27601696274849+4.830262516247082j)
(4.6437010771420635+5.108099361246713j)
(5.033421137872105+5.382182063734379j)
(5.447451608070147+5.651895716231354j)
(5.88835298694774+5.91636258791463j)
(6.3590029463267+6.1743745934145755j)
(6.862627682898605+6.424307026724453j)
(7.402831125985445+6.6640084703349665j)
(7.983618077692927+6.890660531409122j)
(8.609404975056162+7.100599635014291j)
(9.285008363344904+7.289091642642957j)
(10.015595815297335+7.450048854836234j)
(10.806576203505195+7.575678602669421j)
(11.663395050605171+7.656054285926881j)
(12.591185227785449+7.678605453932547j)
(13.594202986173302+7.62753690666249j)
(14.674954918883419+7.483213559969005j)
(15.832896939603518+7.221596504921723j)
(17.06257257213092+6.81389737424425j)
(18.351078291841137+6.226743416963867j)
(19.674841664965463+5.423315199334672j)
(20.995939962599397+4.366101650082668j)
(22.258646730233096+3.0220135388986904j)
(23.387590718423652+1.370397211902619j)
(24.289673841638372-0.5863126744101127j)
(24.86218597927315-2.811199508620074j)
(25.008477094182716-5.224809938745019j)
(24.659416613860767-7.705940903949945j)
(23.79443890304485-10.105369075815108j)
(22.45317999964893-12.271369734016085j)
(20.73097046699722-14.079083611846245j)
(18.758794577643208-15.452555215065265j)
(16.675918725263404-16.371773458796014j)
(14.605702299289163-16.864790959594092j)
(12.64133473872638-16.991195853692176j)
(10.842307425309809-16.824484559584793j)
(9.238408865586358-16.43832060473737j)
(7.83710071835211-15.89824480992388j)
(6.631168487133122-15.258108099841893j)
(5.605048583710152-14.559660698900975j)
(4.739380767866277-13.833824701441607j)
(4.013949634224734-13.102614595197258j)
(3.4093972372006536-12.381108214505634j)
(2.9080946932941822-11.679186449842035j)
(2.4944840036669143-11.002949061849982j)
(2.155111183889697-10.355810581861972j)
(1.8784956683133178-9.739320692897161j)
(1.6549252757748232-9.15376397772069j)
(1.4762285661567873-8.598590593104738j)
(1.335552642472934-8.072721034061674j)
(1.2271600582428464-7.5747589469687275j)
(1.1462501635548945-7.103137724338615j)
(1.0888056599725526-6.656219915552023j)
(1.0514628225070983-6.232363307747511j)
(1.0314028344358528-5.829963649190597j)
(1.0262613870072776-5.447481136527665j)
(1.034053776333919-5.083455721290918j)
(1.053112985197352-4.736514807108432j)
(1.0820385572692017-4.40537584977898j)
(1.119654396591044-4.0888456194258005j)
(1.1649739272599755-3.7858173504674504j)
(1.217171315176806-3.4952666281791434j)
(1.2755576825484698-3.2162465949338084j)
(1.339561438293367-2.9478828725330475j)
(1.4087120073372845-2.6893684663921342j)
(1.482626373440561-2.439958826407432j)
(1.5609979580448285-2.1989671765736425j)
(1.643587445683211-1.965760182619903j)
(1.7302152382410318-1.7397539983137555j)
(1.8207552787530332-1.5204107125488973j)
(1.9151300329233274-1.307235207984802j)
(2.0133064551760267-1.0997724358261431j)
(2.115292797406468-0.8976051088942878j)
(2.2211361440116777-0.7003518154841115j)
(2.330920577254857-0.5076655589445265j)
(2.4447658933554743-0.31923273204984476j)
(2.5628268024849854-0.13477254077374887j)
(2.6852925555021105+0.045963101108633234j)
(2.8123869470361553+0.2231891771351325j)
(2.944368648523798+0.3970866342707195j)
(3.081531825977689+0.5678008607778333j)
(3.2242069954005+0.735439514718312j)
(3.372762063475712+0.9000696286751106j)
(3.527603491889775+1.0617139015526225j)
(3.6891775095473474+1.2203460721688804j)
(3.8579712769677044+1.3758852519784481j)
(4.034513879894282+1.528189076023715j)
(4.2193769928599+1.6770455128061739j)
(4.413175005961752+1.8221631563716032j)
(4.616564346813211+1.963159809402564j)
(4.830241651499429+2.0995491573658844j)
(5.054940339960795+2.230725335078288j)
(5.29142502894445+2.3559452046384046j)
(5.540483066056317+2.4743082063717834j)
(5.802912288947867+2.5847337245321738j)
(6.079503903690166+2.685936043647882j)
(6.371019139205497+2.7763971816268693j)
(6.6781580801743115+2.854338200149259j)
(7.001518829840921+2.9176900458752537j)
(7.341544943862426+2.964065607026094j)
(7.698458968071568+2.9907355197569996j)
(8.072180000963591+2.994611361559259j)
(8.462223622131159+2.9722412375204326j)
(8.867583465218027+2.9198243670546487j)
(9.286595398486668+2.8332529997258615j)
(9.716787963211864+2.7081915858144177j)
(10.154726637821401+2.5402041731595117j)
(10.595864744673461+2.3249408400808624j)
(11.034420210552186+2.0583917154071196j)
(11.463304247574628+1.7372117482089247j)
(11.874133939066496+1.3591099443970256j)
(12.25736346732097+0.9232829190216243j)
(12.602565419035743+0.4308551600329171j)
(12.898881355778684-0.11472994003649481j)
(13.135637980382544-0.7074385992012674j)
(13.303092957334012-1.338568997178607j)
(13.393238125380956-1.9969291771326552j)
(13.400557000633905-2.6693001521959725j)
(13.32261953258139-3.341165530172799j)
(13.160408982084686-3.99763477605872j)
(12.918315181447012-4.624442525227471j)
(12.603787177319713-5.208885825691093j)
(12.226700397856543-5.740572438085161j)
(11.798541325680354-6.211893172914866j)
(11.331533892761646-6.6181869930057395j)
(10.837823934268613-6.957622631667781j)
(10.32880794965589-7.230860941213527j)
(9.814652169402246-7.440581422288019j)
(9.304009378420384-7.590955382735854j)
(8.803912031706208-7.687133041499823j)
(8.319803802928776-7.734790304622038j)
(7.855666690145328-7.739759366418126j)
(7.414203889270874-7.707749713154507j)
(6.9970461575369995-7.644154047350683j)
(6.604958310289583-7.553926875548836j)
(6.2380308569167395-7.44152087718761j)
(5.895848597174768-7.310866327379819j)
(5.577632990600429-7.165380566695349j)
(5.282358420412663-7.007996892876245j)
(5.00884442786143-6.841204710599263j)
(4.755826960311336-6.667094995161042j)
(4.522011983672781-6.487406966531209j)
(4.306114714477247-6.303573306637849j)
(4.106887414165975-6.116762320306113j)
(3.923138281596576-5.927916199785147j)
(3.7537435557785024-5.737785070125231j)
(3.597654542420708-5.546956828126257j)
(3.4539009259024778-5.355882991637964j)
(3.3215914299030906-5.164900888416235j)
(3.1999126443755928-4.974252564534042j)
(3.088126638988821-4.784100803380568j)
(2.9855678270476895-4.594542633019246j)
(2.8916394223752695-4.405620672720883j)
(2.805809738283585-4.21733263592899j)
(2.7276085069130893-4.029639271300313j)
(2.6566233441010074-3.8424709885939428j)
(2.5924964456220714-3.6557333836857357j)
(2.5349215719587463-3.4693118476874427j)
(2.4836413582022803-3.2830754193968374j)
(2.4384449712880767-3.0968800181290073j)
(2.3991661270093796-2.9105711752416057j)
(2.365681472955266-2.7239863671505162j)
(2.337909339777792-2.5369570400790873j)
(2.315808861319003-2.3493104069598543j)
(2.2993794635856135-2.1608710895882917j)
(2.2886607229271134-1.9714626741468662j)
(2.2837325947126446-1.7809092454525437j)
(2.284716015028375-1.5890369646539362j)
(2.2917738791588476-1.3956757566142075j)
(2.3051124016153435-1.2006611768976725j)
(2.324982862933199-1.003836534233667j)
(2.3516837480408874-0.8050553527281542j)
(2.385563279276563-0.6041842691170829j)
(2.427022343545767-0.401106474306138j)
(2.476517806975608-0.19572582556159804j)
(2.5345662007935053+0.012028223635529293j)
(2.6017477478441546+0.22219470461940943j)
(2.678710678581466+0.43477402552872585j)
(2.766175756512804+0.6497194417532858j)
(2.864940893328464+0.8669268358589818j)
(2.9758856800316664+1.0862224982928503j)
(3.0999755881793947+1.307348558626522j)
(3.238265499803468+1.5299456762582149j)
(3.391902099657973+1.7535325636011516j)
(3.562124502136595+1.9774818905287315j)
(3.750262279821988+2.2009921163991497j)
(3.957729803392623+2.423054830333988j)
(4.186015486867861+2.6424172730376556j)
(4.436664154536044+2.857539894111222j)
(4.711250309800006+3.066549107629495j)
(5.0113396073070415+3.2671858975906205j)
(5.338435344183574+3.456751657455629j)
(5.693906361655274+3.6320536972421813j)
(6.078892498341295+3.7893542911206244j)
(6.494183836766814+3.9243290252017005j)
(6.940070687579662+4.032042548551873j)
(7.416162896284638+4.106952542813038j)
(7.921180034991083+4.142955552802576j)
(8.452718762789296+4.13349075573137j)
(9.007010388741206+4.071718950280854j)
(9.578690402897214+3.9507928108547974j)
(10.160611771726368+3.7642292861371813j)
(10.743743481926181+3.5063844499277264j)
(11.31720234354667+3.173014268300014j)
(11.86846558408107+2.7618822365604183j)
(12.38380019226381+2.2733496672075026j)
(12.848919549873026+1.7108624706120263j)
(13.249839310818231+1.081237724425686j)
(13.573858661927806+0.39466235500075114j)
(13.810551286609586-0.3356505932425381j)
(13.952626515902601-1.094148079176641j)
(13.996526750424453-1.863901074512271j)
(13.942665504454265-2.6277251440655016j)
(13.795273365382519-3.369304522597367j)
(13.561889611534948-4.0741697922790365j)
(13.252595470936658-4.730415447975891j)
(12.87911656959603-5.329100255388729j)
(12.453922702545496-5.864332955850312j)
(11.989428408287186-6.333093356164443j)
(11.497359579836012-6.734865902893099j)
(10.98831168258637-7.071169000740309j)
(10.47149285774785-7.345053646529233j)
(9.954624264788206-7.560626608417623j)
(9.443960359730939-7.7226329238661675j)
(8.944390904869502-7.836114358932659j)
(8.45959107838749-7.906146803761923j)
(7.9921931554302-7.93765073538462j)
(7.543960750191297-7.935264178615044j)
(7.115953303663747-7.903265948239221j)
(6.708673834419942-7.845537269900093j)
(6.322196859206829-7.765551263549851j)
(5.956276002609252-7.666381600055507j)
(5.610432414710845-7.55072351098176j)
(5.284025974792548-7.420922026440754j)
(4.976311613852774-7.279003741791935j)
(4.686483124081945-7.12670955175245j)
(4.413706673920144-6.965526661670424j)
(4.1571460049251545-6.796718829840906j)
(3.9159810105350026-6.621354255844319j)
(3.689421122494143-6.440330849345985j)
(3.4767146776298263-6.254398827132242j)
(3.277155214810353-6.064180722206964j)
(3.090085461862965-5.8701889699925065j)
(2.9148996138706345-5.672841280026721j)
(2.751044374647924-5.472474019529115j)
(2.59801912855948-5.269353836824941j)
(2.455375526326957-5.063687744214452j)
(2.3227167024341857-4.855631865855243j)
(2.1996962899432733-4.645299039546119j)
(2.0860173581918-4.4327654439206245j)
(1.9814313676086994-4.21807640571564j)
(1.88573721183105-4.001251526229312j)
(1.79878039883902-3.78228925225807j)
(1.7204524086698896-3.5611710049118517j)
(1.6506902543703788-3.337864969832798j)
(1.589476264354522-3.1123296444940265j)
(1.5368380975358786-2.884517232373821j)
(1.492848996906324-2.65437696983759j)
(1.4576282821161652-2.4218584694383027j)
(1.4313420765940932-2.1869151629943566j)
(1.4142042593767326-1.9495079291569168j)
(1.4064776256358784-1.7096089931647542j)
(1.4084752324068774-1.4672061910122542j)
(1.420561896697968-1.222307696223698j)
(1.443155801387719-0.974947314665706j)
(1.4767301493948004-0.7251904611078924j)
(1.5218147877220602-0.47314094019971975j)
(1.578997699198894-0.2189486636428497j)
(1.648926230005414+0.037181556162792465j)
(1.7323078841642574+0.2949799889409497j)
(1.8299104708323752+0.5541005952493196j)
(1.9425613350718587+0.8141081123752921j)
(2.0711453365322217+1.074463478879793j)
(2.216601162077329+1.3345074815580489j)
(2.379915467266792+1.5934425480533212j)
(2.562114238095169+1.8503126713987708j)
(2.7642506503054167+2.10398154733681j)
(2.9873885830442894+2.35310914097505j)
(3.232580824060404+2.5961270872724795j)
(3.5008408972371883+2.8312135820814053j)
(3.7931073685097627+3.056268749016399j)
(4.110199469717806+3.2688918822680906j)
(4.4527629580314985+3.4663624715132997j)
(4.821205348317474+3.64562750740633j)
(5.215620074585011+3.8032982237261246j)
(5.635699819152197+3.93566010975654j)
(6.080640259050109+4.038700645057467j)
(6.549036869893582+4.108159647433414j)
(7.038779215386739+4.139607215348413j)
(7.546949290762324+4.1285537759564965j)
(8.069732839115733+4.070595480829575j)
(8.602354849584156+3.961595897887199j)
(9.139052254975198+3.797901482396474j)
(9.67309761480432+3.5765836911648203j)
(10.196886662658308+3.295695115954914j)
(10.702099430987406+2.954521281836355j)
(11.179938900870425+2.5538047687650054j)
(11.621442880386851+2.09591531665969j)
(12.01785485673729+1.584939836685023j)
(12.361029346107033+1.0266707111089295j)
(12.643838749333298+0.4284796272794098j)
(12.860543980209396-0.20092335561320512j)
(13.00709176016509-0.8518316259646215j)
(13.081308025920029-1.5139575160654333j)
(13.082968581857006-2.1768844661676185j)
(13.013742893931612-2.8305145956311293j)
(12.877021967330192-3.465472494056038j)
(12.677653789765053-4.073433774641442j)
(12.421617816488329-4.647358454316967j)
(12.11567257623974-5.181622077105064j)
(11.767008080320469-5.672049307636615j)
(11.382928633393474-6.115863761455611j)
(10.970583611946173-6.5115732805319615j)
(10.536755468123957-6.858811742687088j)
(10.087706905283076-7.15815746808898j)
(9.62908359006543-7.410945311005534j)
(9.165865138788465-7.619085575073856j)
(8.702355291706338-7.7848987707494555j)
(8.24220180094072-7.910971498181196j)
(7.788437167874509-8.000035689844243j)
(7.343532561288308-8.054871183750423j)
(6.909458695835952-8.078230080652547j)
(6.4877489153556365-8.072780451592395j)
(6.079561060638422-8.041066560862813j)
(5.685735832346646-7.985482712013016j)
(5.306850263704159-7.908257988637122j)
(4.943265603596556-7.81144945129945j)
(4.595169405526796-7.6969416972922255j)
(4.262611955188423-7.566451044000501j)
(3.9455373834239147-7.421532930558057j)
(3.6438099329654983-7.263591430555963j)
(3.357235902697832-7.093890024326744j)
(3.085581803102266-6.913562992122244j)
(2.8285892370245485-6.723626962140637j)
(2.585986982759517-6.524992284390985j)
(2.357500710062941-6.318474008019897j)
(2.1428607098285957-6.104802321136906j)
(1.941807968569518-5.8846323731343615j)
(1.7540988718157726-5.6585534441833065j)
(1.579508777377804-5.427097458547205j)
(1.417834660704506-5.190746860508918j)
(1.2688970004148796-4.949941886415934j)
(1.1325410423467883-4.705087275495312j)
(1.0086375548126638-4.456558467123248j)
(0.897083165778162-4.204707334300302j)
(0.7978003539439381-3.9498675030206205j)
(0.7107371497838988-3.6923593056841324j)
(0.6358665890664482-3.4324944141447102j)
(0.5731859498918839-3.1705801947576218j)
(0.5227157944894206-2.90692382411411j)
(0.4844988286497144-2.6418362001909887j)
(0.4585985844793239-2.3756356794887705j)
(0.44509792595108755-2.108651666436285j)
(0.44409737132369537-1.8412280769159606j)
(0.4557132217835044-1.5737266932015854j)
(0.4800754815262051-1.3065304228704104j)
(0.5173255508707865-1.0400464693061477j)
(0.5676136708534527-0.7747094161968109j)
(0.6310960950625959-0.5109842228893827j)
(0.7079319622734618-0.24936912152882937j)
(0.7982798417617029+0.009601599485409049j)
(0.9022939220945841+0.2653549480982114j)
(1.02011981382054+0.5172767471042573j)
(1.1518899369365208+0.7647093564893613j)
(1.297718465473487+1.0069496462397796j)
(1.457695804204232+1.243247275565425j)
(1.6318825765720164+1.472803344361498j)
(1.820303108724792+1.6947694930862052j)
(2.022938402307366+1.9082475379095287j)
(2.2397185987099113+2.1122897387638733j)
(2.4705149501218577+2.305899808500666j)
(2.7151313282979896+2.4880347813146155j)
(2.973295320694353+2.657607867419644j)
(3.2446489858121375+2.813492427996056j)
(3.5287393653437658+2.9545272088911365j)
(3.8250088800699884+3.0795229725170907j)
(4.132785769258202+3.1872706637867294j)
(4.451274769181072+3.2765512365816205j)
(4.779548264631149+3.3461472508859127j)
(5.1165381869386195+3.3948563260530316j)
(5.461028971558524+3.4215065014380968j)
(5.811651925898931+3.4249735107294694j)
(6.166881391328009+3.404199919915117j)
(6.525033109371057+3.3582160105413066j)
(6.8842652176913575+3.2861622099842918j)
(7.242582302925662+3.1873127799002656j)
(7.59784292102596+3.06110037487406j)
(7.947770957771219+2.9071409787325324j)
(8.289971139279219+2.725258620471138j)
(8.621948912226681+2.515509170976176j)
(8.941134794894582+2.2782024326059847j)
(9.244913153636798+2.0139216640314097j)
(9.530655187624035+1.7235396408378472j)
(9.795755712916828+1.4082303464559978j)
(10.03767313288495+1.0694754253497916j)
(10.253971776075574+0.7090646166491473j)
(10.44236558737737+0.32908952454624146j)
(10.600761987728607-0.06806972869598812j)
(10.727304586122345-0.47976518488638364j)
(10.820413348894016-0.9031090106120077j)
(10.878820816605923-1.3350083807323114j)
(10.901603016012182-1.7722066215637937j)
(10.888203846491015-2.2113296543831855j)
(10.838451924218573-2.6489365147306847j)
(10.752569134565986-3.0815725081700776j)
(10.631170459530576-3.5058234150321095j)
(10.475254993727876-3.918369087133588j)
(10.286188417911262-4.316034794590795j)
(10.065677540477024-4.695838780194576j)
(9.815737823398267-5.055034655429484j)
(9.538655061034245-5.391147513317959j)
(9.236942564477841-5.702002921577387j)
(8.913295312473249-5.985748275063342j)
(8.570542560493264-6.240866308294336j)
(8.211600356208361-6.46618087724757j)
(7.839425301177579-6.660855397513799j)
(7.45697073775598-6.8243845601001905j)
(7.067146341792994-6.956580128013858j)
(6.6727818812770865-7.057551742232895j)
(6.276595673625647-7.127683735114565j)
(5.881168053063789-7.167608966669629j)
(5.488919955275356-7.178180671171838j)
(5.102096547164222-7.160443236747344j)
(4.722755680154541-7.11560274818671j)
(4.352760828270715-7.044998012501871j)
(3.993778087226628-6.950072666301179j)
(3.6472767560337007-6.83234884133796j)
(3.314532994985594-6.693402745669256j)
(2.9966360492856405-6.534842407339597j)
(2.6944965416469246-6.3582877285321056j)
(2.4088563655209336-6.165352912569789j)
(2.1402997490645648-5.95763125476616j)
(1.8892651048427547-5.736682230806778j)
(1.6560573284439073-5.504020772321916j)
(1.4408602581033663-5.261108587394491j)
(1.2437490550992911-5.009347362451411j)
(1.06470230966742-4.750073669741454j)
(0.9036137184862711-4.484555399807636j)
(0.7603032168350634-4.2139895395187645j)
(0.6345274810501795-3.939501121939953j)
(0.5259897448798884-3.6621431833960005j)
(0.43434889692048617-3.382897574454767j)
(0.3592278457894225-3.102676484381537j)
(0.3002211554111462-2.8223245521740705j)
(0.25690196516023434-2.5426214510435603j)
(0.22882821903628447-2.2642848467341268j)
(0.2155482349398536-1.987973643073914j)
(0.21660564986318237-1.7142914404116576j)
(0.23154377975405355-1.4437901439847955j)
(0.2599094342706478-1.1769736697149793j)
(0.30125622689943354-0.9143017044071423j)
(0.3551474201904133-0.6561934858577207j)
(0.4211583443797852-0.4030315759783674j)
(0.49887842558268974-0.1551656067776045j)
(0.587912857182407+0.08708401503279208j)
(0.6878839451219756+0.32342245385536056j)
(0.7984321545993439+0.5535768459883023j)
(0.9192168822317697+0.7772927560111331j)
(1.0499169741240293+0.9943306860656687j)
(1.1902310064671984+1.2044626324741705j)
(1.3398773413073921+1.4074686817426623j)
(1.4985939659427585+1.6031336360287416j)
(1.666138120008079+1.7912436565941854j)
(1.8422857096459715+1.971582912608243j)
(2.0268305031937435+2.1439302219351766j)
(2.2195830974782074+2.308055670267565j)
(2.420369638038004+2.463717195215631j)
(2.6290302703139297+2.61065712282645j)
(2.8454172919891327+2.748598645611535j)
(3.0693929691515067+2.877242233679348j)
(3.3008269707232696+2.9962619742172594j)
(3.539593366618738+3.105301839631351j)
(3.7855671253280048+3.2039718914769812j)
(4.038620036115073+3.291844436335199j)
(4.298615969869128+3.368450161532486j)
(4.565405381049402+3.433274293693636j)
(4.838818941481473+3.4857528423032162j)
(5.118660185521436+3.525269014580804j)
(5.4046970361341815+3.551149918015425j)
(5.696652073888927+3.562663703897134j)
(5.994191407391968+3.559017350209665j)
(6.296912006464434+3.5393553363355643j)
(6.604327371369421+3.502759526017353j)
(6.9158514364052515+3.448250649359072j)
(7.230780649022658+3.3747918590842096j)
(7.5482742322060945+3.281294929404133j)
(7.867332735193779+3.166629764604902j)
(8.186775113648386+3.0296379833069023j)
(8.505214763603272+2.86915143441894j)
(8.821035172040817+2.6840165688828925j)
(9.132366147270277+2.4731256187661113j)
(9.43706195696594+2.2354554972457126j)
(9.732683126565325+1.9701151981101221j)
(10.016484120641854+1.6764022042611673j)
(10.285409614237938+1.3538679705607095j)
(10.536102508778052+1.002391887930916j)
(10.764927182135308+0.6222622333381502j)
(10.968011582379258+0.21426145645643757j)
(11.141311554442726-0.22024822184676315j)
(11.280700091719714-0.6792444369354085j)
(11.382082904493696-1.1599765666656068j)
(11.441539712976303-1.6589181542941205j)
(11.455488012032804-2.1717488388634583j)
(11.420862859227775-2.6933745674185867j)
(11.335302818364209-3.217993465718433j)
(11.197329031356908-3.7392119469586405j)
(11.006502106148053-4.25021145483275j)
(10.76354073999687-4.743960973345176j)
(10.470387265744513-5.213464714838459j)
(10.130208841855309-5.6520291028267104j)
(9.74732860752122-6.0535292854493665j)
(9.327088125717829-6.4126538157668875j)
(8.875649792079258-6.725107325639075j)
(8.399754378628796-6.987754981425928j)
(7.9064534059275715-7.198698658980589j)
(7.402837874573609-7.357282086704246j)
(6.8957838638341595-7.464029456433054j)
(6.391732006258523-7.520528064104055j)
(5.89651267810369-7.529269624109604j)
(5.415222904169335-7.493466676925674j)
(4.952155411323142-7.41686011098414j)
(4.510775694735764-7.303531721074072j)
(4.093739780973781-7.157732573937597j)
(3.7029436633316957-6.9837344018908425j)
(3.339594983672239-6.785707838526982j)
(3.004298134337707-6.5676284135477685j)
(2.697145198776554-6.333209021772346j)
(2.4178067110468358-6.0858561081528295j)
(2.1656178302684856-5.828645995298836j)
(1.9396570164073548-5.5643174947573275j)
(1.7388155558972538-5.2952770423200075j)
(1.5618572791704148-5.023612943617999j)
(1.40746854042289-4.75111579497375j)
(1.2742990223494943-4.479302669863347j)
(1.1609942270271048-4.209443174721349j)
(1.0662206631497473-3.94258594358438j)
(0.9886847807714176-3.679584541376538j)
(0.9271466726776941-3.421122075044365j)
(0.8804294843582691-3.1677340728019145j)
(0.8474253731979364-2.9198293914589133j)
(0.8270987467824664-2.6777090592384516j)
(0.8184874000523221-2.441583066114524j)
(0.8207020675767488-2.2115851844244383j)
(0.8329248138561904-1.9877859472133026j)
(0.8544066027618822-1.7702039370524296j)
(0.8844643171947307-1.55881554933649j)
(0.9224774412154192-1.3535633955299795j)
(0.9678845682544484-1.1543635067695006j)
(1.020179859345871-0.9611114890689999j)
(1.0789095433879232-0.7736877699063748j)
(1.1436685260139465-0.5919620634636422j)
(1.2140971536546918-0.41579716912183134j)
(1.2898781638099617-0.24505220556662236j)
(1.370733840579076-0.07958537139978471j)
(1.4564233854059032+0.08074368730442125j)
(1.5467405061726358+0.23607183141074575j)
(1.6415112227274655+0.38653064222772854j)
(1.7405918832405418+0.5322448383203093j)
(1.843867383112266+0.6733308458554341j)
(1.9512495762269373+0.809895477692239j)
(2.0626758669221017+0.9420346804616616j)
(2.1781079699336106+1.069832312016648j)
(2.2975308246099244+1.193358913942659j)
(2.4209516487161507+1.3126704453452027j)
(2.548399116027259+1.4278069449315898j)
(2.6799226405030194+1.5387910885133467j)
(2.81559174799967+1.6456266085166837j)
(2.955495514047897+1.7482965409292832j)
(3.0997420430371485+1.846761263374418j)
(3.248457959984212+1.9409562857285347j)
(3.401787880684875+2.030789751945853j)
(3.5598938191584+2.1161396086088455j)
(3.7229544825415553+2.1968503923114944j)
(3.8911643925496473+2.2727295844919877j)
(4.064732758787556+2.3435434790375878j)
(4.243882011967758+2.4090125052923486j)
(4.4288458837652085+2.4688059475841944j)
(4.619866893811809+2.522536002883189j)
(4.817193072293382+2.569751121855676j)
(5.021073707794876+2.6099285870050353j)
(5.2317538634553955+2.6424662969835424j)
(5.449467349260037+2.666673751507494j)
(5.674427773801191+2.681762270595147j)
(5.906817225048586+2.686834540324501j)
(6.146772047572268+2.6808736617740956j)
(6.39436509596724+2.662731998871323j)
(6.649583756362667+2.6311202851347373j)
(6.91230294940846+2.5845976713297336j)
(7.18225227461751+2.5215636899488834j)
(7.458976451533762+2.4402534925798123j)
(7.741788293552365+2.338738194877673j)
(8.029713665845707+2.2149327466865203j)
(8.32142829791987+2.066614423662133j)
(8.615187030899879+1.8914557783852108j)
(8.908747182566298+1.6870766195961306j)
(9.199289317239927+1.4511201731415466j)
(9.483340901282276+1.181358799492501j)
(9.75671113371496+0.8758341801773102j)
(10.014448559142963+0.5330353142773302j)
(10.250836566349934+0.1521144898753185j)
(10.459444892318281-0.2668638570675166j)
(10.633256725172423-0.722654070856254j)
(10.764889482082836-1.2125623455523185j)
(10.846921205228368-1.7322149740522768j)
(10.872322461203828-2.275404283803281j)
(10.834975432786493-2.8340596746899287j)
(10.73023933521647-3.3983876136850992j)
(10.555498733746546-3.957209217634573j)
(10.310615417961037-4.498496505577689j)
(9.998202432454699-5.010072026389218j)
(9.623655625548652-5.480399403529212j)
(9.194913333689097-5.899365173030523j)
(8.72196156722186-6.25894484081766j)
(8.216148167669036-6.553662684244522j)
(7.6894019162742016-6.780791935716972j)
(7.153462848103027-6.940289196078765j)
(6.619216992576197-7.03450107358893j)
(6.096198672459658-7.067711346959404j)
(5.592286635579159-7.04560848785609j)
(5.113586683343055-6.974747585828513j)
(4.664469672301287-6.862063335217709j)
(4.247721922719605-6.714468784346115j)
(3.8647636991472414-6.538553837975903j)
(3.5158971778999333-6.340381507134144j)
(3.2005545601602807-6.1253697371141955j)
(2.9175268365768585-5.89824178902042j)
(2.6651623579650408-5.663027266825675j)
(2.4415310101908707-5.42309748244768j)
(2.2445543252453586-5.181221674516728j)
(2.0721045718540245-4.939633747865285j)
(1.9220771951707765-4.700102142296865j)
(1.7924413546157423-4.463997910506951j)
(1.6812731081988097-4.232358010778195j)
(1.5867752831770485-4.005942230898371j)
(1.5072874409569657-3.7852831356656256j)
(1.4412887023766254-3.5707290652540693j)
(1.387395610318453-3.3624805941108242j)
(1.3443566983373805-3.1606210645002535j)
(1.311045014010464-2.9651418937483873j)
(1.2864495096922879-2.775963363101987j)
(1.2696659513171067-2.592951559790287j)
(1.2598877959086392-2.415932083460413j)
(1.2563973387637757-2.2447010574802437j)
(1.258557321270571-2.0790339133001625j)
(1.2658031109885226-1.918692347196005j)
(1.277635509585172-1.7634297859551995j)
(1.2936142056089883-1.6129956425565255j)
(1.3133518633075814-1.4671385948322393j)
(1.3365088222602337-1.3256090791460018j)
(1.3627883728340036-1.188161156643867j)
(1.3919325674145173-1.0545538808968822j)
(1.4237185255473264-0.9245522719848545j)
(1.457955191490296-0.7979279825479351j)
(1.4944805044554146-0.6744597253979898j)
(1.5331589444662055-0.5539335193540291j)
(1.5738794198914272-0.43614279954896723j)
(1.6165534660765424-0.3208884301276747j)
(1.6611137279032788-0.2079786506688147j)
(1.707512702450656-0.0972289825279858j)
(1.7557217211343086+0.011537882614726129j)
(1.8057301537235009+0.11849219259826861j)
(1.8575448194493338+0.22379722559549423j)
(1.9111895930143792+0.32760934568184386j)
(1.966705195680299+0.43007800743095626j)
(2.0241491637430764+0.531345693643091j)
(2.083595988588265+0.6315477695083379j)
(2.1451374241355152+0.7308122350672585j)
(2.2088829587952987+0.8292593557381226j)
(2.2749604500234377+0.9270011478885929j)
(2.343516920095269+1.024140692884095j)
(2.4147195117244937+1.1207712486623045j)
(2.488756601479178+1.2169751225712413j)
(2.5658390673972447+1.3128222628523305j)
(2.6462017045146444+1.408368518632215j)
(2.7301047778382257+1.5036535094797971j)
(2.8178356961625273+1.5986980353742462j)
(2.9097107814481094+1.6935009462259558j)
(3.006077096475357+1.788035376863703j)
(3.1073142771805373+1.8822442387175897j)
(3.2138362942210534+1.9760348435225121j)
(3.3260930393577812+2.069272517742236j)
(3.4445715942691946+2.161773049962917j)
(3.5697969901357505+2.253293798718117j)
(3.702332203063604+2.3435232774305517j)
(3.842777050139097+2.4320690299498424j)
(3.9917655504333585+2.5184436197786995j)
(4.149961191610977+2.6020485860449107j)
(4.318049393750506+2.6821562801198153j)
(4.496726287261776+2.7578896028384556j)
(4.686682724705768+2.828199832423803j)
(4.88858223639839+2.8918429914036294j)
(5.103031436399903+2.9473555758116214j)
(5.330541223359064+2.993030993762445j)
(5.5714770556146815+3.0268987640235108j)
(5.825996696284408+3.0467094299843427j)
(6.093974240578399+3.0499292479639797j)
(6.374910109083298+3.0337499619418717j)
(6.667828199353483+2.995120252093353j)
(6.971163715141928+2.9308064978844337j)
(7.282648460383572+2.8374909310099463j)
(7.59920455942331+2.7119145042489303j)
(7.916862318578348+2.551069174863241j)
(8.230722504641744+2.352439105679096j)
(8.534986362155085+2.114282106194705j)
(8.823076405675883+1.8359317249246507j)
(9.087865433587531+1.518088132404652j)
(9.322018903471044+1.1630550556609935j)
(9.518436932189543+0.7748744570808073j)
(9.670759360637241+0.35931449203765664j)
(9.773875871310375-0.0763179017542587j)
(9.824370003743379-0.5235414650126806j)
(9.820827210201712-0.9732109003765427j)
(9.76395522838397-1.4161115571914829j)
(9.656496801690954-1.8435587995321958j)
(9.502951851073576-2.247921866512268j)
(9.309158255700586-2.6230094181907218j)
(9.081799142542364-2.964283366615984j)
(8.827906767934774-3.2688999704331887j)
(8.554420973570178-3.535603992652582j)
(8.267839750126385-3.764517832718655j)
(7.973977377693543-3.9568720448326964j)
(7.677827121172671-4.114718942818216j)
(7.383513148915212-4.2406609658156755j)
(7.0943104441284-4.337613895601864j)
(6.8127107122098085-4.408614546865463j)
(6.54051481334507-4.456674561896502j)
(6.278936347907797-4.484676734802073j)
(6.028705422536875-4.495307520891082j)
(5.790165566958212-4.491018432316698j)
(5.563359914781874-4.47400923877905j)
(5.348105046124828-4.446226749667237j)
(5.144052411132598-4.40937407018856j)
(4.950738169164476-4.364926358432164j)
(4.7676227530513735-4.314150132114386j)
(4.594121644580345-4.258124027179904j)
(4.429628838149645-4.197759585601392j)
(4.273534355400166-4.133821161375379j)
(4.125237009481168-4.066944407240645j)
(3.98415343829964-3.997653067807288j)
(3.849724252157751-3.9263739833644355j)
(3.72141798338143-3.8534503245503062j)
(3.5987333884864245-3.7791531489401327j)
(3.4812005379554294-3.703691410016097j)
(3.368381033593228-3.6272205670866335j)
(3.2598676164561633-3.5498499489018616j)
(3.1552833669353633-3.471649019215447j)
(3.0542806501505866-3.392652683010153j)
(2.9565399220311184-3.3128657599960585j)
(2.8617684822729266-3.2322667389290323j)
(2.769699238028586-3.1508109133053943j)
(2.6800895252765167-3.068432986691629j)
(2.592720022158799-2.985049224681377j)
(2.507393779241206-2.9005592204073993j)
(2.4239353848879808-2.8148473317172704j)
(2.342190279175257-2.7277838405322745j)
(2.262024226529994-2.6392258784922147j)
(2.1833229552181126-2.549018157669343j)
(2.1059919706381995-2.4569935408383805j)
(2.029956548884663-2.3629734824393287j)
(1.9551619170558985-2.266768368908873j)
(1.88157362715898-2.1681777854292514j)
(1.8091781310864488-2.0669907353216352j)
(1.7379835649139148-1.9629858382705188j)
(1.6680207515938126-1.855931534305755j)
(1.5993444319081949-1.7455863219979555j)
(1.5320347341914766-1.6316990616663987j)
(1.4661988937280561-1.5140093775942038j)
(1.4019732327353844-1.3922481973336336j)
(1.3395254112974773-1.2661384712243122j)
(1.2790569583168634-1.135396121282902j)
(1.2208060892605541-0.9997312757074093j)
(1.1650508138857099-0.8588498533955164j)
(1.1121123318792956-0.7124555721092207j)
(1.062358706990146-0.5602524641748827j)
(1.0162088002477163-0.4019479947655268j)
(0.9741364296326036-0.23725688964754227j)
(0.936674706379708-0.06590579140673691j)
(0.9044204761637036+0.11236112496697055j)
(0.8780387658728398+0.29777543550028457j)
(0.8582671026302383+0.49053649953839235j)
(0.845919530312756+0.6908020861842137j)
(0.8418900993171196+0.8986774414719506j)
(0.8471555472940111+1.1142026528854525j)
(0.8627768220511791+1.3373381898967134j)
(0.8898990236428976+1.567948537417695j)
(0.9297492627647949+1.805783898208742j)
(0.983631850502271+2.0504600257007044j)
(1.052920155871642+2.3014363659242347j)
(1.1390444007313303+2.557992841529087j)
(1.2434746179565666+2.8192058062871665j)
(1.3676979931773199+3.083923936631553j)
(1.5131898612572707+3.3507451052701667j)
(1.6813777572631388+3.617995592199326j)
(1.8735981505069104+3.8837133136920676j)
(2.091045840530339+4.145637062710543j)
(2.3347164813360735+4.401204015373933j)
(2.6053433293812605+4.647557916180506j)
(2.903330068698121+4.881570348328324j)
(3.2286824152440663+5.099877259101037j)
(3.5809420742886533+5.298932383469539j)
(3.959127419302705+5.475078350174415j)
(4.361685850407066+5.624635056922233j)
(4.786463031369755+5.744003409540172j)
(5.230693958794006+5.829780841594429j)
(5.691019983142428+5.878883338947976j)
(6.163534443651382+5.888667213740635j)
(6.643857558060727+5.857042853828918j)
(7.127238791907036+5.782572346201189j)
(7.608682389061715+5.664543394505035j)
(8.083089408555663+5.503013362739688j)
(8.54540782417539+5.298819476534073j)
(8.990781285683724+5.053553956473275j)
(9.414687176733583+4.7695057962761656j)
(9.813055640095723+4.449573642428035j)
(10.18236312071992+4.097156424419334j)
(10.519696418898173+3.716029769210424j)
(10.822785898863764+3.310216695048577j)
(11.090009013463117+2.8838606538080653j)
(11.320367397040675+2.4411078395071617j)
(11.513442263399613+1.986004045662857j)
(11.669333656682516+1.5224095035777776j)
(11.788589277319636+1.053933312778264j)
(11.872128255420815+0.583887472553533j)
(11.921164522993758+0.11525925730008704j)
(11.937133504479206-0.34930020483898844j)
(11.921624845263386-0.8074738013886278j)
(11.876322941134442-1.2572655930177614j)
(11.802956192308644-1.6969800366670393j)
(11.703255223200525-2.1251958148206307j)
(11.578919794864373-2.5407364702704864j)
(11.431593782195181-2.9426396589998487j)
(11.26284737151533-3.330126445394249j)
(11.074165529380087-3.702571703442694j)
(10.866941772728081-4.059476372201384j)
(10.642476308504682-4.400442051175616j)
(10.401977686085093-4.725148212186327j)
(10.14656720113335-5.033332145037399j)
(9.87728539221277-5.3247716386901995j)
(9.595100072578063-5.599270320460323j)
(9.300915433354342-5.856645525644657j)
(8.995581837394825-6.096718542164418j)
(8.67990599398626-6.319307063269907j)
(8.354661262943141-6.524219681055865j)
(8.020597883082326-6.711252260339863j)
(7.678452955673261-6.880186043094332j)
(7.328960039590928-7.0307873455513725j)
(6.972858233083728-7.162808721407008j)
(6.610900628863625-7.27599147384029j)
(6.243862036188243-7.370069405360928j)
(5.872545867232273-7.444773697193272j)
(5.497790086793433-7.499838808680002j)
(5.120472125610645-7.535009282007148j)
(4.741512659585104-7.5500473286181755j)
(4.361878161166006-7.54474106144324j)
(3.982582136159464-7.518913222195905j)
(3.604684970133952-7.472430236370172j)
(3.2292923241222455-7.405211411303291j)
(2.857552039912563-7.317238076021618j)
(2.4906495410160248-7.208562446954782j)
(2.129801746210849-7.079315992464715j)
(1.7762495478200098-6.929717062954242j)
(1.4312489456261668-6.760077553468858j)
(1.096060968219487-6.57080837335562j)
(0.771940554935424-6.3624235135615566j)
(0.46012461141009714-6.135542526996582j)
(0.16181948803391527-5.890891271022751j)
(-0.12181183893919266-5.629300802973857j)
(-0.38966258123396413-5.35170436850584j)
(-0.6406946319343284-5.059132476826381j)
(-0.8739504209531096-4.752706114271156j)
(-1.0885638248830116-4.433628205757538j)
(-1.2837698451949895-4.103173489607927j)
(-1.4589128017954587-3.762677022355502j)
(-1.6134528321210504-3.4135215738493936j)
(-1.7469705373560829-3.057124207067059j)
(-1.8591696746187538-2.6949223598519976j)
(-1.949877854334441-2.328359756310449j)
(-2.019045262618806-1.95887247353721j)
(-2.066741486491251-1.5878754751183985j)
(-2.093150572532477-1.2167498976132254j)
(-2.0985644950106637-0.8468313416135584j)
(-2.083375245873297-0.4793993771444139j)
(-2.04806578529064-0.11566842647032775j)
(-1.9932001072334744+0.24321986172821833j)
(-1.9194126800514597+0.596202681969081j)
(-1.8273975179116722+0.9423005675396311j)
(-1.7178971264006366+1.280620337245271j)
(-1.5916915460380958+1.6103565562698579j)
(-1.449587692527203+1.930791605475959j)
(-1.292409163960403+2.2412944780272595j)
(-1.1209866545473761+2.5413184398058406j)
(-0.9361490832308876+2.8303977009599484j)
(-0.738715515109625+3.1081432505546345j)
(-0.5294879249483818+3.3742380054373307j)
(-0.30924482603760867+3.6284314189043405j)
(-0.078735764816958+3.870533685479013j)
(0.16132333767615462+4.100409665986673j)
(0.4102540322091645+4.317972642989805j)
(0.6674184224608479+4.523178001316559j)
(0.9322215364703224+4.716016912529451j)
(1.2041130497406722+4.896510086305896j)
(1.4825884241927625+5.064701636263206j)
(1.7671895276157055+5.2206530930753265j)
(2.057504796634688+5.364437584010404j)
(2.3531690028465384+5.4961341853797885j)
(2.6538626769630733+5.615822442871572j)
(2.959311239798063+5.7235770443121226j)
(3.2692838819376453+5.819462619988216j)
(3.5835922260710653+5.903528637145126j)
(3.9020887973023375+5.975804347526066j)
(4.224665317301947+6.036293739677563j)
(4.551250827817881+6.084970441068045j)
(4.88180963767749+6.12177250870868j)
(5.216339074735233+6.146597040809118j)
(5.554867009912069+6.1592945359583355j)
(5.897449104064676+6.159662920359033j)
(6.244165709352924+6.147441157798686j)
(6.595118334300785+6.122302351451418j)
(6.950425554983094+6.0838462415529335j)
(7.310218222611301+6.031590998953167j)
(7.67463377892276+5.964964212284795j)
(8.043809443593362+5.883292967124713j)
(8.417873980538516+5.785792920744183j)
(8.796937680247702+5.67155628823852j)
(9.181080110767878+5.539538678415306j)
(9.570335087930705+5.388544755586157j)
(9.964672193175737+5.21721276299929j)
(10.363974022401857+5.023998034216266j)
(10.768008180005523+4.807155752723774j)
(11.176392838768207+4.564723414211462j)
(11.588554471929166+4.2945037224276j)
(12.003676137746515+3.994049037196762j)
(12.420634477678421+3.660649028686021j)
(12.837923410504537+3.2913239202749676j)
(13.253562422720824+2.8828266757714998j)
(13.664987460806179+2.431658761235238j)
(14.06892286241436+1.9341057379466788j)
(14.461233726143558+1.3863009481720603j)
(14.836759902514192+0.7843279101113794j)
(15.189135778447502+0.12437460275047743j)
(15.510604701955316-0.5970447397114509j)
(15.791843775637627-1.3827830389366034j)
(16.021824277618915-2.234651920691231j)
(16.187745245968895-3.1528981396038547j)
(16.275092096631234-4.135561381678462j)
(16.26788639202568-5.177728480066335j)
(16.149202651226187-6.270728955546313j)
(15.902026166922699-7.401358829990113j)
(15.510502392279383-8.551270492132806j)
(14.961573478233852-9.69671551837444j)
(14.246905688204286-10.808855174043687j)
(13.3648900684246-11.854833008016005j)
(12.32237552586901-12.799710229226749j)
(11.135717017207888-13.609190006806326j)
(9.830748139020699-14.252829763559502j)
(8.44145189372446-14.707230846097843j)
(7.007387034676722-14.958594372993897j)
(5.570246610982248-15.004109039809327j)
(4.170160462788723-14.851889924023327j)
(2.842408687263855-14.519533354481684j)
(1.615070162193152-14.0316638327432j)
(0.5078566498280244-13.417018914791445j)
(-0.467909380796494-12.705612499517576j)
(-1.3084298999879658-11.92637635039375j)
(-2.0160306571257176-11.105482646769971j)
(-2.5975621109237266-10.265370018773572j)
(-3.06285951626693-9.424373213564827j)
(-3.423419212388428-8.596799724056346j)
(-3.6913586424587743-7.793291244643453j)
(-3.8786635625201806-7.021332486589499j)
(-3.9966886321474986-6.285806107419936j)
(-4.055861667431026-5.589528117602597j)
(-4.065539965700985-4.933727162183112j)
(-4.033972857991882-4.318451916910424j)
(-3.9683334463447997-3.742904239042012j)
(-3.8747915897164718-3.205703347383926j)
(-3.7586082351647216-2.705089936685754j)
(-3.624237649267614-2.239080232403584j)
(-3.4754289748071345-1.8055796479636594j)
(-3.315322030952688-1.4024646463890469j)
(-3.1465346735863324-1.0276400826977792j)
(-2.971240609678669-0.6790779693546377j)
(-2.7912375476241507-0.3548423939819135j)
(-2.608006145957261-0.05310427912123033j)
(-2.42276053114461+0.22785118278128771j)
(-2.236491287972922+0.4896222729452095j)
(-2.050001850533061+0.7336920620242203j)
(-1.8639391831450154+0.9614321094486306j)
(-1.6788195683950509+1.1741076769401113j)
(-1.4950502325618846+1.3728838282260416j)
(-1.3129474485799457+1.5588319679107687j)
(-1.1327516699581974+1.7329365069258327j)
(-0.9546401692641453+1.8961014410817423j)
(-0.7787375834373224+2.04915670166092j)
(-0.6051247056852513+2.192864189397723j)
(-0.4338458097127137+2.327923440694471j)
(-0.26491474586575237+2.4549769013874494j)
(-0.09832000960071546+2.5746148017110304j)
(0.06597105036568689+2.6873796385042903j)
(0.22800874463961926+2.7937702787766727j)
(0.38785816014951696+2.8942457037167433j)
(0.5455967847002611+2.9892284149768034j)
(0.7013125584657496+3.079107526254359j)
(0.855102285362643+3.164241563301275j)
(1.007070348560294+3.244960994867433j)
(1.1573276838272468+3.321570515984164j)
(1.3059909723042153+3.3943511035880216j)
(1.453182020894691+3.4635618629060714j)
(1.5990273039969098+3.529441681354893j)
(1.7436576449471586+3.592210705004116j)
(1.887208019459295+3.6520716509567746j)
(2.0298174666554982+3.7092109673246125j)
(2.171629096091343+3.763799850831548j)
(2.3127901815766387+3.8159951304667796j)
(2.453452334649548+3.8659400240171937j)
(2.593771752338711+3.9137647727293943j)
(2.73390953539393+3.9595871577620336j)
(2.874032074520459+4.003512900470406j)
(3.014311503349133+4.045635946889122j)
(3.1549262179360595+4.086038635014567j)
(3.2960614635352083+4.124791741601449j)
(3.437909990229344+4.161954403132624j)
(3.580672779753735+4.197573903353015j)
(3.7245598464903216+4.231685317215124j)
(3.869791116146014+4.264310998201888j)
(4.01659738602775+4.295459892688718j)
(4.1652213710582755+4.325126661188493j)
(4.315918839686898+4.3532905818766965j)
(4.468959843561388+4.379914206586162j)
(4.624630044140846+4.404941733331635j)
(4.783232138195966+4.428297052184906j)
(4.945087382171401+4.449881412747284j)
(5.110537212407747+4.46957065129215j)
(5.279944953879736+4.487211903566974j)
(5.453697603923064+4.502619714889484j)
(5.6322076687432086+4.5155714421342195j)
(5.815915018460679+4.525801822020777j)
(6.005288709875682+4.532996556275147j)
(6.200828703475108+4.536784736219491j)
(6.40306737035756+4.536729896648962j)
(6.6125706429350535+4.532319451078935j)
(6.8299386067587555+4.522952217426604j)
(7.055805254685196+4.507923695216465j)
(7.290837022338343+4.486408703566648j)
(7.535729586901617+4.457440935991611j)
(7.791202228630906+4.419888938154092j)
(8.057988811957067+4.372427976421665j)
(8.336824122920493+4.313507252364305j)
(8.628423880412566+4.241311953793808j)
(8.93345619540172+4.153719752380965j)
(9.252501558576997+4.048251616667597j)
(9.5859975693208+3.9220172912671876j)
(9.934163566869957+3.7716566222996484j)
(10.29689910799694+3.5932792642355125j)
(10.673648937756543+3.3824074323298725j)
(11.063225921958681+3.1339295948512356j)
(11.463582758205511+2.842077728235771j)
(11.871523896390382+2.5004474020558223j)
(12.282352223062308+2.1020888088758314j)
(12.68945262592183+1.6397077580966182j)
(13.08382926368088+1.1060274448645915j)
(13.453638486475239+0.4943713577580743j)
(13.783797721264538-0.20047134238545286j)
(14.055802286581343-0.9810549569768692j)
(14.247939891881128-1.8457703093930982j)
(14.336136216877623-2.787132596355478j)
(14.295656458541215-3.790129479163627j)
(14.103775760906284-4.831077221496395j)
(13.74327530214674-5.8775691583142j)
(13.206237730059796-6.890071841628638j)
(12.497229773340726-7.8254164996223885j)
(11.63479679091444-8.64184366564322j)
(10.650467028300199-9.304583548452513j)
(9.585185820194404-9.790548920139244j)
(8.483983566786364-10.090876060178777j)
(7.390273603565862-10.210758657789937j)
(6.341174239202639-10.166922682280903j)
(5.364713702932244-9.983735347717225j)
(4.479050639940449-9.68908930816689j)
(3.6932809423198454-9.310927963969819j)
(3.0091657747867364-8.874829154290536j)
(2.4231619846986656-8.402671177203828j)
(1.9283262355325796-7.912172842486099j)
(1.515872604812711-7.417023156284008j)
(1.1763224117375202-6.927340198282708j)
(0.9002788951279157-6.450265004988866j)
(0.6789000490613081-5.990566590399701j)
(0.5041500407384322-5.551190876615503j)
(0.36889995953279864-5.133725107848415j)
(0.26693317073532535-4.738772653903499j)
(0.19289515684531183-4.366245300676864j)
(0.14221489396636147-4.015585231271445j)
(0.11101510663904778-3.6859299655700677j)
(0.09602187549129164-3.37623255710739j)
(0.09447945049174912-3.085347546739888j)
(0.10407314848889598-2.8120911993383793j)
(0.12286138450223553-2.555282721253642j)
(0.14921682052976218-2.3137715984808094j)
(0.18177604124691907-2.0864549326555144j)
(0.21939689677368762-1.8722876609860843j)
(0.26112256558336805-1.6702877856161473j)
(0.3061514065139877-1.4795381634107323j)
(0.35381173830415413-1.299185978363628j)
(0.4035407781683343-1.128440701690844j)
(0.4548670702189613-0.9665711118595208j)
(0.5073958304365725-0.8129017769469838j)
(0.560796722584746-0.6668092785170426j)
(0.614793657014362-0.5277183673270452j)
(0.6691562713762004-0.3950981774591255j)
(0.723692809406245-0.2684585800909568j)
(0.7782441621217733-0.147346726077238j)
(0.8326788760778376-0.031343804114234375j)
(0.8868889668896542+0.07993797417631363j)
(0.9407864040599228+0.18685816135337j)
(0.9943001561832253+0.2897506394387273j)
(1.0473737046314768+0.3889259737106133j)
(1.0999629495426084+0.4846735679174823j)
(1.1520344449107052+0.5772636351568843j)
(1.2035639102953246+0.6669489991601428j)
(1.2545349755272988+0.7539667406526634j)
(1.3049381221196346+0.8385397030268912j)
(1.3547697911670624+0.9208778709100531j)
(1.4040316325585303+1.0011796344297592j)
(1.4527298745202215+1.0796329511505365j)
(1.5008747959998123+1.156416416816854j)
(1.548480287322632+1.2317002552276142j)
(1.5955634869972464+1.3056472368038097j)
(1.6421444846070024+1.3784135347082251j)
(1.688246081463386+1.4501495267417361j)
(1.733893602175472+1.5210005506801891j)
(1.7791147515537191+1.5911076202302266j)
(1.8239395123574684+1.6606081083742785j)
(1.868400080345863+1.7296364045436756j)
(1.9125308339313654+1.798324551804861j)
(1.956368336488807+1.866802870070008j)
(1.999951370060765+1.9352005712474534j)
(2.0433209998445254+2.003646372236888j)
(2.0865206694625242+2.0722691117487386j)
(2.1295963276253924+2.1411983770949052j)
(2.1725965874117885+2.210565147365769j)
(2.215572920027925+2.280502459785251j)
(2.258579885592582+2.351146106535586j)
(2.3016754042384377+2.4226353699812937j)
(2.344921071652206+2.4951138050184056j)
(2.388382524119111+2.5687300782539406j)
(2.432129859224035+2.6436388749151076j)
(2.4762381196286536+2.7200018858334913j)
(2.5207878488358855+2.7979888885950372j)
(2.565865729627482+2.877778939051022j)
(2.6115653179849256+2.959561691921224j)
(2.657987887864738+3.0435388722758856j)
(2.705243405307857+3.1299259233753607j)
(2.7534516541537677+3.218953860812045j)
(2.802743540283937+3.310871368319423j)
(2.853262607058682+3.405947177206158j)
(2.905166801733789+3.504472779429927j)
(2.9586305415247556+3.606765534196667j)
(3.0138471391302466+3.7131722401259326j)
(3.0710316615851943+3.824073260045747j)
(3.1304243141617274+3.939887304141772j)
(3.1922944638371438+4.061077000475287j)
(3.256945446166509+4.188155411101846j)
(3.324720337365697+4.3216936888766435j)
(3.3960089229339716+4.462330116779641j)
(3.471256159245731+4.610780831246466j)
(3.5509725108137395+4.767852607578075j)
(3.6357466612521367+4.934458184476885j)
(3.7262612515419127+5.111634733517211j)
(3.8233125111289454+5.300566248050574j)
(3.927834939072498+5.502610848651811j)
(4.0409325984011275+5.719334298176854j)
(4.1639191584707875+5.952551416004771j)
(4.298369635352465+6.204377616387024j)
(4.446187958796031+6.477293524261514j)
(4.609696223097077+6.774226620587562j)
(4.791754055438722+7.098655248204013j)
(4.995920440406216+7.454742224813007j)
(5.226676369193394+7.847507982163766j)
(5.489736181255232+8.283056882598517j)
(5.79249076170659+8.768875549971447j)
(6.1446509810182794+9.314229140371388j)
(6.559202457201384+9.930690782793352j)
(7.053857076666128+10.632850465878182j)
(7.653320311043616+11.43925914636435j)
(8.392941701411965+12.373659619532344j)
(9.324794633294395+13.466498191162714j)
(10.528190456453798+14.75647608520884j)
(12.128626137228178+16.291090585940694j)
(14.333437711382699+18.12242144417791j)
(17.501607082616875+20.285256296584695j)
(22.282925396692455+22.712072578398942j)
(29.87533505559765+24.918954663529252j)
(42.25421264156355+24.87638852146098j)
(60.25868396884488+15.830016278736197j)
(71.4383036564614-12.322146934391588j)
(53.918147257767465-40.80760462314921j)
(29.105532933391967-45.02156021022943j)
(14.753753488528604-38.6847419284958j)
(7.780024882688499-31.84250396941601j)
(4.3254444873288405-26.413253685721333j)
(2.522530026124333-22.30013412338065j)
(1.5381334787963188-19.16179316195022j)
(0.9847435135230225-16.71964396583205j)
(0.6706069209965905-14.77828651234941j)
(0.4950597342231536-13.204025351913195j)
(0.40247311908822664-11.904627056074855j)
(0.3607465888617217-10.815292395637691j)
(0.35067733372757715-9.889545794695248j)
(0.3604311163095423-9.093367411536832j)
(0.3825351522667438-8.401374243827945j)
(0.41217763707604754-7.794291996494958j)
(0.446212925573699-7.257249193060526j)
(0.4825620056951425-6.778603833817123j)
(0.5198416852698502-6.349121355915879j)
(0.5571299531176959-5.961388655066149j)
(0.5938145053929301-5.609389591027269j)
(0.6294932264502523-5.288192847114547j)
(0.6639077893263615-4.993719213574707j)
(0.6968987543589987-4.722565855479798j)
(0.72837485017156-4.471872034223612j)
(0.7582917474524694-4.239215374646614j)
(0.7866372695820547-4.022530910861905j)
(0.8134210187508653-3.820047308937326j)
(0.8386670622739624-3.630236177315709j)
(0.8624087591083356-3.4517714463169447j)
(0.8846850950256427-3.2834965646942433j)
(0.9055380884672001-3.124397816455705j)
(0.9250109605391836-2.973582467574587j)
(0.9431468528084719-2.830260752668618j)
(0.9599879390804504-2.6937309359407546j)
(0.9755748210712756-2.5633668494790025j)
(0.9899461287308874-2.4386074401619164j)
(1.0031382678970595-2.318947954473544j)
(1.0151852736514888-2.203932466120254j)
(1.0261187390544173-2.093147510021979j)
(1.035967797125088-1.986216632105462j)
(1.044759139903808-1.882795700387185j)
(1.0525170628009601-1.7825688513541198j)
(1.0592635256523852-1.6852449683378206j)
(1.0650182242756183-1.5905546067116882j)
(1.069798668084068-1.4982472953084571j)
(1.0736202606311922-1.4080891552077195j)
(1.07649638094358-1.3198607865572822j)
(1.0784384642491265-1.2333553818246286j)
(1.079456081277685-1.1483770301688467j)
(1.0795570157572483-1.064739182761633j)
(1.0787473400843224-0.9822632530766573j)
(1.0770314894405735-0.9007773295841196j)
(1.074412334882868-0.8201149810666208j)
(1.0708912561666062-0.740114137014136j)
(1.0664682152885352-0.6606160273499947j)
(1.0611418319696126-0.5814641671463178j)
(1.0549094625508089-0.5025033730613472j)
(1.047767284060471-0.42357879900636647j)
(1.0397103855422107-0.3445349790608191j)
(1.0307328691227993-0.2652148659149898j)
(1.0208279637663156-0.18545885314646107j)
(1.0099881552244694-0.1051037694323209j)
(0.9982053363769418-0.023981832364320443j)
(0.9854709829885034+0.05808045113990074j)
(0.9717763609284653+0.1412634517624334j)
(0.9571127721464222+0.2257556671795502j)
(0.9414718482321723+0.31175507055411183j)
(0.9248459022776057+0.39947057658652513j)
(0.9072283520913038+0.4891236457899683j)
(0.888614230704968+0.580950050286536j)
(0.8690008036953893+0.675201827535408j)
(0.8483883173070952+0.7721494520692949j)
(0.8267809069286088+0.872084259613629j)
(0.8041877024451188+0.9753211629745966j)
(0.780624175741905+1.0822017049056751j)
(0.756113786655293+1.1930974998936774j)
(0.7306899975974807+1.3084141245356868j)
(0.7043987447401836+1.4285955249912068j)
(0.6773014761070215+1.554129019922121j)
(0.6494788955958637+1.6855509883627686j)
(0.6210355886733799+1.8234533439362104j)
(0.5921057526692083+1.9684909094045622j)
(0.5628603154265786+2.1213898180322346j)
(0.5335158047342135+2.2829570794206235j)
(0.5043454329960165+2.4540914552805435j)
(0.4756929942756288+2.6357957916156227j)
(0.44799034376475544+2.829190942466885j)
(0.421779455401574+3.0355313878879344j)
(0.3977403481060708+3.2562225811837817j)
(0.37672655578760966+3.4928399356563617j)
(0.3598103171625553+3.7471491446698906j)
(0.34834031033417934+4.0211271669522475j)
(0.34401559038216745+4.316982617920955j)
(0.3489804425801606+4.637173357658727j)
(0.365946165725665+4.984417556859463j)
(0.3983473419770332+5.361692147711317j)
(0.4505418414255036+5.772208865532168j)
(0.5280653822353396+6.219352376266109j)
(0.6379522889780551+6.706556288679129j)
(0.7891328318301536+7.237079853254638j)
(0.9929115645638151+7.813629273890799j)
(1.2635155144388244+8.43774139249451j)
(1.6186672869231444+9.108814111502546j)
(2.0800720547688063+9.822632042139528j)
(2.673588739988999+10.569213829480375j)
(3.428662266699912+11.329840029644922j)
(4.376320346656363+12.07329062719274j)
(5.544747799032263+12.751767832225651j)
(6.951374516250112+13.297859724543475j)
(8.5910610071307+13.625207110793465j)
(10.422051682748496+13.636676906716184j)
(12.355093466582321+13.24318343478963j)
(14.25464271074886+12.391679180703369j)
(15.959765393118953+11.092457644361282j)
(17.32243118797378+9.429858914259645j)
(18.247172816437647+7.545731620902765j)
(18.7117700732997+5.601518017439068j)
(18.760406316166694+3.738473428590969j)
(18.477936230473436+2.0536160195190645j)
(17.961231784588392+0.5958068106118994j)
(17.298730687655056-0.6246799965730081j)
(16.560768949377163-1.6222272419774435j)
(15.797984302094346-2.4235945121097773j)
(15.043942177452879-3.059430410629538j)
(14.319125594763621-3.5593795463480387j)
(13.634761500344489-3.949767229015825j)
(12.99590378859646-4.252848872406545j)
(12.403694476629127-4.486885915198378j)
(11.8569266009358-4.666590141171972j)
(11.353079919804811-4.80368289780103j)
(10.888984166128827-4.9074437299609714j)
(10.461230015182249-4.985195383483634j)
(10.066414117593004-5.042709786932251j)
(9.701277487962955-5.084537378975794j)
(9.36277678908606-5.114269292239048j)
(9.048114350981116-5.134743762972262j)
(8.754743548625582-5.148207596118157j)
(8.480360086288957-5.156442059334752j)
(8.222885785064854-5.160860921980828j)
(7.9804489273107135-5.162586809312517j)
(7.7513635900318505-5.1625107209981j)
(7.534109374664142-5.161338485082628j)
(7.3273123006001315-5.159627062373667j)
(7.1297272358854595-5.157812947170745j)
(6.940222001374149-5.156234392502568j)
(6.757763146718566-5.155148789574506j)
(6.581403320944307-5.154746225339736j)
(6.4102701234015385-5.155160007657685j)
(6.243556307566607-5.1564747677037825j)
(6.0805112109788-5.1587326112760765j)
(5.920433293576501-5.161937684589465j)
(5.762663680154568-5.166059438603884j)
(5.60658061836621-5.171034813288487j)
(5.451594780314081-5.176769515270496j)
(5.297145352569384-5.183138525924463j)
(5.142696876017086-5.1899859498216445j)
(4.9877368130465864-5.197124293917414j)
(4.831773835161118-5.20433325474013j)
(4.674336838971023-5.211358083378165j)
(4.514974712615981-5.217907595769557j)
(4.353256887688193-5.223651898442478j)
(4.188774723338108-5.2282199073693585j)
(4.021143778866248-5.231196750030481j)
(3.8500070379670572-5.232121158231224j)
(3.675039150836651-5.230482981739789j)
(3.495951758238205-5.225720980340989j)
(3.3124999526602315-5.2172210841056925j)
(3.1244899139256366-5.204315347821249j)
(2.931787727761156-5.186281864283562j)
(2.7343293535328477-5.162345940389565j)
(2.532131649252302-5.131682876545271j)
(2.3253042861020137-5.093422719460977j)
(2.114062289979737-5.0466573752299935j)
(1.8987388341937508-4.990450466601564j)
(1.679797777877499-4.923850287309836j)
(1.4578453042876018-4.8459061382751605j)
(1.2336398709777778-4.755688216733436j)
(1.0080995532489405-4.652311062718839j)
(0.7823057610408493-4.53496034407779j)
(0.5575022591534335-4.402922483162145j)
(0.3350884452108587-4.255616305264561j)
(0.11660596236607748-4.092625540281055j)
(-0.09628203695920647-3.913730665377396j)
(-0.30181929491462184-3.7189382780846665j)
(-0.4981923530404722-3.50850598379784j)
(-0.6835732107154946-3.282960718059681j)
(-0.8561673590690936-3.0431085445784634j)
(-1.0142651958103701-2.7900343008734168j)
(-1.1562943017041891-2.5250900059807018j)
(-1.2808697055459521-2.249871668881478j)
(-1.3868391489143914-1.9661849801585785j)
(-1.4733205263780047-1.6760012441962144j)
(-1.5397291261108839-1.3814057117884586j)
(-1.5857929934303132-1.084541102248579j)
(-1.6115556108513274-0.7875494789375033j)
(-1.61736603136131-0.4925157163197942j)
(-1.6038575055818711-0.2014155670551334j)
(-1.5719164063765725+0.0839291562615937j)
(-1.5226437999444395+0.3618864548035034j)
(-1.457312300076433+0.6310400254289299j)
(-1.3773208700889583+0.8902048887569853j)
(-1.2841500367273946+1.1384332060027191j)
(-1.1793196074523629+1.3750112913369703j)
(-1.0643505037107548+1.5994492178822803j)
(-0.9407318043601304+1.8114646284658553j)
(-0.8098935921814064+2.0109624130576425j)
(-0.6731857543643539+2.1980118339879886j)
(-0.531862530420343+2.372822504937953j)
(-0.38707233829196785+2.535720398011463j)
(-0.23985223935355915+2.6871247982937034j)
(-0.09112631495721574+2.8275268735548615j)
(0.058292794093283994+2.957470296708509j)
(0.20769990509387054+3.0775341613862977j)
(0.3564915255157497+3.1883182714382783j)
(0.5041588748784033+3.2904307635042107j)
(0.6502801809529826+3.3844779350807004j)
(0.7945126439195526+3.4710560939746675j)
(0.9365843767055362+3.5507452131656527j)
(1.0762865532932666+3.6241041623792696j)
(1.213465930979791+3.691667289019897j)
(1.3480178578252664+3.7539421321727877j)
(1.4798798323831657+3.8114080705993056j)
(1.609025648303912+3.8645157262447434j)
(1.7354601303090822+3.913686966696878j)
(1.8592144490294773+3.959315371817946j)
(1.98034198900393+4.001767050453769j)
(2.0989147355694064+4.041381712116231j)
(2.215020141405914+4.078473915528831j)
(2.328758431252207+4.113334430819541j)
(2.44024030306094+4.146231664969897j)
(2.5495849850242718+4.177413111006586j)
(2.6569186100255435+4.207106790521126j)
(2.7623728717947507+4.235522666618882j)
(2.8660839301105687+4.26285401053097j)
(2.968191535598171+4.289278710063726j)
(3.06883834788834+4.314960511991488j)
(3.168169424032803+4.340050193580821j)
(3.2663318570565703+4.364686660811186j)
(3.3634745473337198+4.388997972651853j)
(3.45974809208828+4.4131022920743606j)
(3.555304780740429+4.43710876541071j)
(3.6502986860524422+4.461118332284182j)
(3.7448858430926486+4.485224468701345j)
(3.839224509949735+4.509513866048717j)
(3.933475505917995+4.534067048721967j)
(4.027802624558996+4.558958932958047j)
(4.122373120660773+4.5842593291624665j)
(4.217358271681026+4.610033389634628j)
(4.312934015815305+4.6363420031037235j)
(4.409281670399157+4.663242136892203j)
(4.506588735972385+4.690787126819127j)
(4.605049793038139+4.7190269141261j)
(4.704867500379552+4.748008227735348j)
(4.806253705795266+4.777774709002138j)
(4.909430682333814+4.80836697476361j)
(5.014632505597773+4.839822612863954j)
(5.122106590519327+4.872176102382893j)
(5.2321154092552815+4.905458648430789j)
(5.344938415594903+4.9396979184877665j)
(5.460874205625686+4.974917663720736j)
(5.580242949479469+5.011137204332911j)
(5.70338913492691+5.048370752557405j)
(5.830684670573002+5.08662654010552j)
(5.962532404624509+5.125905708339277j)
(6.099370124890733+5.166200908660568j)
(6.2416751171038785+5.207494546943928j)
(6.389969372123812+5.249756588437076j)
(6.544825548466318+5.292941817285378j)
(6.706873815254651+5.336986416215948j)
(6.876809722542939+5.381803694963296j)
(7.055403271388649+5.427278748084302j)
(7.243509385381665+5.473261760345626j)
(7.442080018711338+5.519559596084437j)
(7.65217817305323+5.565925201369321j)
(7.874994135689884+5.612044205621051j)
(8.111864292264547+5.657517920610282j)
(8.364292905249071+5.701841683031471j)
(8.633977275952349+5.744377149732032j)
(8.922836710174698+5.7843167013899475j)
(9.233045662149745+5.820637498913061j)
(9.56707129864845+5.852041909712309j)
(9.9277154385987+5.876879900747572j)
(10.318160272266018+5.89304747857988j)
(10.742016263220222+5.897853209603308j)
(11.20336887953984+5.887842110368744j)
(11.70681778122635+5.858562571504846j)
(12.25749697425931+5.804257301454055j)
(12.86105586451826+5.717453508039739j)
(13.523566906801255+5.588421022163725j)
(14.25130217507182+5.404461111083184j)
(15.050283424512095+5.148986796567828j)
(15.925450713005244+4.800365661301935j)
(16.879204741258558+4.330535745442975j)
(17.908952350785945+3.703508995016258j)
(19.003135592208405+2.874109047094751j)
(20.13512090466877+1.787754770287611j)
(21.254472662265112+0.3829233373182206j)
(22.27601188436625-1.4008722595423904j)
(23.06949366744971-3.605657774574408j)
(23.457466252041677-6.224974859177684j)
(23.23460215638921-9.164410121890995j)
(22.221548047479914-12.210546120073799j)
(20.34791628757634-15.042105715590388j)
(17.722222650495432-17.309052214311183j)
(14.627896831977562-18.75521198986179j)
(11.428877467762517-19.30755416950164j)
(8.444779154666028-19.073024737368907j)
(5.8738432748342895-18.261117111114743j)
(3.787624717324208-17.096191832076997j)
(2.168596567164366-15.763340042729006j)
(0.9541127055043499-14.391869828595414j)
(0.06820259191750074-13.061066044552462j)
(-0.5611330034345984-11.813448189792863j)
(-0.994924100173143-10.667557744796152j)
(-1.2818995738398529-9.627620555674211j)
(-1.4596703395729753-8.690006411786971j)
(-1.5567120907425533-7.847230373519616j)
(-1.5943581273483654-7.090292937889584j)
(-1.5885078265642385-6.409975172540412j)
(-1.5509874612917076-5.797506673968571j)
(-1.4905930052295315-5.244870880343862j)
(-1.413872604217372-4.7449083517192925j)
(-1.3257072288483043-4.291312739399065j)
(-1.229739366670858-3.8785739611487853j)
(-1.1286890860690193-3.501899162719226j)
(-1.0245872895238541-3.1571280508571533j)
(-0.9189482770029661-2.8406511313241354j)
(-0.8128978410410782-2.5493348365470467j)
(-0.7072687230758568-2.280455019908577j)
(-0.6026720423647471-2.0316389628392675j)
(-0.4995509702204112-1.8008153796956283j)
(-0.39822122911534197-1.5861716183745873j)
(-0.29890177110172156-1.38611717080497j)
(-0.20173810238711964-1.1992526289074152j)
(-0.10682007612478317-1.024343292958893j)
(-0.01419550544372709-0.8602967299170612j)
(0.07611939530051423-0.7061436728050077j)
(0.16413198601957932-0.5610217405210886j)
(0.24986702492510507-0.42416153680706825j)
(0.33336191154543815-0.2948747564473912j)
(0.41466302255736776-0.1725439862603565j)
(0.49382289171497856-0.05661393888791632j)
(0.5708980434530274+0.05341610016455549j)
(0.6459473338124971+0.15799879624149774j)
(0.7190306858030072+0.25754441433439307j)
(0.7902081318355398+0.3524257225589697j)
(0.8595390953991664+0.44298225930546037j)
(0.9270818591716017+0.5295240558887144j)
(0.9928931783407688+0.6123348922161016j)
(1.0570280068831754+0.6916751510482572j)
(1.119539311510508+0.7677843264464697j)
(1.1804779534248337+0.8408832336472915j)
(1.2398926222621336+0.9111759605984147j)
(1.2978298099273273+0.97885159550561j)
(1.3543338146317236+1.0440857597854438j)
(1.4094467674978823+1.1070419716398259j)
(1.463208675715181+1.1678728619383287j)
(1.5156574775071923+1.2267212611009821j)
(1.5668291051830876+1.2837211731388618j)
(1.616757553343882+1.3389986508505398j)
(1.665474949947787+1.3926725843359797j)
(1.7130116284380146+1.444855413421124j)
(1.7593961995326983+1.495653773246998j)
(1.8046556215875216+1.545169081130755j)
(1.8488152686864276+1.5934980718244312j)
(1.8918989958067023+1.640733287455061j)
(1.9339292005528326+1.686963527707977j)
(1.974926881066708+1.7322742651959888j)
(2.0149116898060058+1.7767480304267402j)
(2.0539019829453573+1.8204647703263686j)
(2.0919148651965203+1.8635021838910637j)
(2.1289662298714784+1.9059360382087462j)
(2.165070794025028+1.9478404678161583j)
(2.200242128515653+1.989288260125159j)
(2.234492682814334+2.0303511294607213j)
(2.26783380437371+2.0710999821002662j)
(2.3002757523421637+2.111605174584071j)
(2.3318277053726217+2.1519367674787064j)
(2.362497763231529+2.192164776718784j)
(2.3922929418594463+2.232359424622248j)
(2.4212191614722327+2.272591392676138j)
(2.4492812272168893+2.312932078217366j)
(2.476482801810268+2.35345385719186j)
(2.50282636948817+2.3942303552637956j)
(2.5283131904757132+2.435336729667658j)
(2.5529432450547964+2.476849964353455j)
(2.576715166146673+2.5188491811687492j)
(2.5996261591437246+2.56141597006023j)
(2.621671907510214+2.604634741562752j)
(2.6428464624195493+2.6485931051844775j)
(2.6631421143995833+2.693382277699277j)
(2.682549244608212+2.739097525832232j)
(2.7010561529484276+2.7858386483823505j)
(2.7186488597411236+2.8337105034805417j)
(2.7353108770900603+2.882823587450611j)
(2.7510229453750803+2.933294672641274j)
(2.7657627294731175+2.985247512658472j)
(2.779504468299297+3.0388136246714317j)
(2.7922185700449944+3.0941331599344615j)
(2.803871144016624+3.1513558753982576j)
(2.814423458187561+3.2106422213321015j)
(2.823831309387838+3.272164562305659j)
(2.8320442903751424+3.336108551761699j)
(2.8390049347302524+3.4026746838452793j)
(2.8446477164412616+3.472080050254558j)
(2.8488978759749344+3.5445603347848853j)
(2.851670038318192+3.6203720841309264j)
(2.8528665805548994+3.6997953006018016j)
(2.85237569657482+3.783136410963471j)
(2.850069093887687+3.8707316759804367j)
(2.8457992414537325+3.962951117798489j)
(2.8393960668776335+4.060203057598956j)
(2.830662974842193+4.162939374596385j)
(2.819372024363333+4.27166162022597j)
(2.805258057740835+4.3869281492360495j)
(2.7880115153989777+4.509362463538909j)
(2.767269593254556+4.639663006498815j)
(2.742605295984479+4.778614696534906j)
(2.7135138010162+4.927102551423596j)
(2.679395360670058+5.0861278306042825j)
(2.639533714290798+5.256827214202801j)
(2.5930686305185486+5.44049564591172j)
(2.538960711489261+5.638613592329666j)
(2.4759459061057245+5.852879610347463j)
(2.4024762101427464+6.085249255838995j)
(2.3166416443384525+6.337981485715269j)
(2.2160665973345974+6.613693747044161j)
(2.0977706923522157+6.915426801498953j)
(1.9579800139159587+7.246719783479239j)
(1.791868084593984+7.611694610218167j)
(1.593196279449343+8.015145820197283j)
(1.353808655594639+8.462625580127467j)
(1.0629137831946167+8.960500744306426j)
(0.7060521630474381+9.515933033076648j)
(0.26359692377877314+10.136681629371184j)
(-0.2914377376139521+10.830523340452311j)
(-0.9966011850287184+11.60387494807897j)
(-1.9046348125762187+12.458776141069194j)
(-3.0898963592935655+13.38653595155687j)
(-4.656357087493948+14.354686455132535j)
(-6.744487572972845+15.280975995721183j)
(-9.526476866254097+15.984466332052984j)
(-13.158527391446022+16.105766658864024j)
(-17.621075564962304+15.023882124683594j)
(-22.377359459730723+11.929030910988153j)
(-26.05620686028916+6.388393079195569j)
(-26.97484858625719-0.6978977025650603j)
(-24.69277700997313-7.214277486469634j)
(-20.493725313603683-11.57924083341252j)
(-15.992422256869142-13.699256229664748j)
(-12.0763733271679-14.272716540346249j)
(-8.965929417209892-13.998273950935241j)
(-6.580891447496508-13.331602773565828j)
(-4.76671463234185-12.521909423931351j)
(-3.37999749097218-11.692970127652067j)
(-2.308673854631251-10.901348474352059j)
(-1.4703286156318922-10.169644976243232j)
(-0.8055617415124228-9.503955069657342j)
(-0.27165753184543284-8.90272070228643j)
(0.16229229604020678-8.361137298414917j)
(0.518880810027869-7.873309047930878j)
(0.8148202674962978-7.4332707853452265j)
(1.0626273096084378-7.0354418349894425j)
(1.2717925514845696-6.674797910076721j)
(1.4495983801031986-6.346906260082334j)
(1.6016964375218712-6.047897788941377j)
(1.7325199070213373-5.774413344725926j)
(1.8455812214395886-5.523542608141965j)
(1.9436894844719526-5.292764337391306j)
(2.029111022564077-5.0798917691947745j)
(2.1036892128173137-4.8830244730726164j)
(2.1689348329271567-4.700506735472644j)
(2.226094848939411-4.53089199696742j)
(2.276205270954276-4.372912654843553j)
(2.320132122376638-4.2254545032567385j)
(2.3586034587186253-4.087535123159806j)
(2.3922345871725006-3.958285607238981j)
(2.4215480776992067-3.8369350871436034j)
(2.446989752311187-3.7227976097644064j)
(2.4689415452616097-3.6152609811653753j)
(2.487731911112313-3.513777259327594j)
(2.503644297986357-3.4178546301279455j)
(2.5169240841933034-3.3270504457168473j)
(2.5277842868631386-3.2409652417273667j)
(2.536410283400513-3.1592375806367845j)
(2.5429637348433896-3.081539594135764j)
(2.547585860489711-3.007573118435899j)
(2.550400182460081-2.9370663338492693j)
(2.551514834995181-2.8697708343451422j)
(2.55102451461698-2.8054590646775197j)
(2.549012132595515-2.743922072524177j)
(2.5455502195473305-2.684967531250141j)
(2.540702122756772-2.628417995706774j)
(2.5345230294318917-2.574109359141431j)
(2.5270608431820163-2.521889484026287j)
(2.518356936226-2.4716169835763933j)
(2.5084467959683217-2.4231601340522344j)
(2.497360581430425-2.3763959007379425j)
(2.485123602451048-2.331209062841677j)
(2.4717567324589136-2.2874914245543767j)
(2.457276763883548-2.2451411011852938j)
(2.4416967138334704-2.2040618707160413j)
(2.4250260864815862-2.1641625823239368j)
(2.4072710976064307-2.125356614449427j)
(2.3884348659130468-2.0875613758517795j)
(2.3685175750646006-2.0506978438336456j)
(2.347516609778672-2.0146901344408104j)
(2.325426668853161-1.97946509996787j)
(2.3022398575794876-1.9449519495452205j)
(2.2779457616551353-1.9110818889507533j)
(2.252531504419081-1.8777877760950834j)
(2.2259817889909526-1.8450037888771291j)
(2.1982789266928733-1.812665102303618j)
(2.1694028529663445-1.7807075719162564j)
(2.139331131861467-1.74906742067912j)
(2.108038950068478-1.7176809265463533j)
(2.0754991013815256-1.6864841079608193j)
(2.0416819624289197-1.655412404529452j)
(2.0065554604730864-1.6244003500783282j)
(1.970085034077749-1.5933812352147498j)
(1.9322335874593055-1.5622867564095893j)
(1.8929614393876635-1.531046648463157j)
(1.8522262675794032-1.499588297028961j)
(1.8099830496393272-1.4678363276393718j)
(1.7661840017575199-1.4357121674036104j)
(1.7207785165671932-1.4031335752286742j)
(1.6737131018180447-1.370014136042931j)
(1.6249313218333137-1.3362627140771064j)
(1.5743737441063834-1.3017828597741568j)
(1.521977893868488-1.266472164351835j)
(1.4676782200421576-1.230221555426382j)
(1.4114060767037533-1.1929145264161423j)
(1.3530897250421667-1.1544262916772792j)
(1.2926543618462902-1.114622858474114j)
(1.2300221818225412-1.0733600059521218j)
(1.1651124825788783-1.0304821602629626j)
(1.0978418229678653-0.9858211538874306j)
(1.0281242477264914-0.939194856023847j)
(0.9558715940614738-0.890405659668072j)
(0.8809938991039585-0.839238809730637j)
(0.8033999311087888-0.7854605552531033j)
(0.7229978720385681-0.7288161075525372j)
(0.6396961849150455-0.6690273850211742j)
(0.5534047062305613-0.6057905244497042j)
(0.4640360120167927-0.5387731382861038j)
(0.3715071161297203-0.4676112974080319j)
(0.2757415712326032-0.3919062200793256j)
(0.17667205718020912-0.31122065018758477j)
(0.07424355841420834-0.22507491218304965j)
(-0.03158274803318426-0.1329426370947135j)
(-0.14082474884309665-0.03424616458845485j)
(-0.2534736225569811+0.07164835842651424j)
(-0.3694868355579378+0.1854361399882644j)
(-0.48877966603588546+0.307879092269008j)
(-0.6112149761106461+0.43981125115810893j)
(-0.7365909090304669+0.5821440913368705j)
(-0.864626143332815+0.7358714836711147j)
(-0.9949422920507084+0.9020739378666673j)
(-1.1270429973739706+1.081921637160679j)
(-1.2602892474224274+1.2766755956692948j)
(-1.3938704438286966+1.487686044576305j)
(-1.5267707941231516+1.7163868724980866j)
(-1.6577307164109525+1.9642846017528057j)
(-1.7852031599921363+2.232939974021094j)
(-1.9073051103836058+2.5239397530865912j)
(-2.0217651192969135+2.8388558517895075j)
(-2.125868549928872+3.179188403342095j)
(-2.2164034326211848+3.546289010831239j)
(-2.289611457075684+3.9412602649874358j)
(-2.341150726707297+4.364827932723833j)
(-2.3660794396585225+4.817183284577835j)
(-2.358872478804055+5.297795224778213j)
(-2.313485615712572+5.805195632548914j)
(-2.22348398483332+6.336746985430255j)
(-2.0822516218775218+6.888409055322599j)
(-1.8832957990843253+7.4545308900544835j)
(-1.6206521004163288+8.027704235010749j)
(-1.2893824572855923+8.598722716146332j)
(-0.8861386018298985+9.1566940616933j)
(-0.4097395198275673+9.689346318294433j)
(0.13831181346646468+10.18354999576809j)
(0.7534625512288335+10.62604553450462j)
(1.4279843354328303+11.004323214525545j)
(2.151154295669473+11.307559826822597j)
(2.90976376352104+11.527486125323039j)
(3.6889163906497835+11.659053711769582j)
(4.4730193208518525+11.700795738640537j)
(5.246831779850351+11.654828500689355j)
(5.996427152819635+11.526506572787603j)
(6.709949079182669+11.32380395716503j)
(7.378090109908307+11.056531947121435j)
(7.994277393273552+10.735513993221904j)
(8.554598287265936+10.371821618628848j)
(9.057529920762391+9.976143096849261j)
(9.503548108746175+9.558319772648225j)
(9.894686151265326+9.127052826293365j)
(10.234099254864926+8.689760903318085j)
(10.525671958181691+8.252557219136357j)
(10.77368868459702+7.820311684876937j)
(10.982573907806652+7.396766386203953j)
(11.15669913473961+6.984678561209527j)
(11.30024858562571+6.585971921396829j)
(11.417133168982044+6.201883404471025j)
(11.510942109491252+5.833097588145293j)
(11.584922532280167+5.479864853049735j)
(11.64197880559354+5.142102054492138j)
(11.684685081952829+4.8194761629930065j)
(11.71530601774051+4.5114723047419005j)
(11.735821978612728+4.217448095167413j)
(11.74795611750318+3.936676288845113j)
(11.753201551869823+3.668377698855878j)
(11.752847497303954+3.411746160594665j)
(11.748003672998177+3.165967089621933j)
(11.739622617641158+2.9302309480668463j)
(11.728519774584818+2.7037427108379033j)
(11.7153913494731+2.4857282224027384j)
(11.700830033204296+2.275438161342397j)
(11.685338734371035+2.0721501835442564j)
(11.669342490289921+1.8751696938811577j)
(11.653198733224267+1.6838295976346738j)
(11.637206084688218+1.4974893035575885j)
(11.621611840199021+1.3155331872210543j)
(11.606618292504077+1.1373686733069515j)
(11.592388025143297+0.9624240563215039j)
(11.57904829149113+0.7901461487303426j)
(11.566694577931747+0.6199978220229496j)
(11.555393433992723+0.45145548831313703j)
(11.545184637294058+0.2840065566493579j)
(11.536082747111426+0.11714688838992425j)
(11.528078087153803-0.04962173088777564j)
(11.52113718570414-0.21679408989412968j)
(11.515202689422638-0.3848640098080511j)
(11.51019275569995-0.5543267517800861j)
(11.505999917319647-0.7256813619644017j)
(11.502489402174652-0.8994329389965944j)
(11.499496879765381-1.0760948035376419j)
(11.496825595080312-1.2561905419679136j)
(11.494242839177423-1.440255886150802j)
(11.491475694379266-1.6288403778760896j)
(11.48820598059868-1.8225087494897405j)
(11.484064318217907-2.0218419304630184j)
(11.478623212660281-2.227437562238264j)
(11.471389057128722-2.4399098693730417j)
(11.461792944176597-2.659888692343385j)
(11.449180175638642-2.8880174347215304j)
(11.432798366573984-3.1249496130168053j)
(11.411784055921265-3.3713436194183313j)
(11.385147769560637-3.627855214314172j)
(11.351757537231116-3.8951271555892366j)
(11.310320952318882-4.173775245152824j)
(11.259365994651322-4.46436993168203j)
(11.197221025983753-4.767412457110519j)
(11.121994633993783-5.083304382958042j)
(11.031556364481204-5.412309198823049j)
(10.923519865991969-5.7545046279902206j)
(10.795230598094175-6.109724248213089j)
(10.643761039354406-6.477487203572254j)
(10.465917273435716-6.856915184879483j)
(10.258261901400738-7.246636617681485j)
(10.017159344532828-7.644679259675019j)
(9.738850606694482-8.048354326772296j)
(9.419565192675067-8.454137975630605j)
(9.055677729418765-8.85755953514272j)
(8.643915370173984-9.253110207532943j)
(8.181618634910192-9.634190683950832j)
(7.6670523259666945-9.993120467331346j)
(7.099754170603373-10.321234392508947j)
(6.480897086392387-10.609091124566332j)
(5.813627649213031-10.846812314898937j)
(5.103331007450161-11.02455796195067j)
(4.357764987942073-11.133122971643814j)
(3.587008001007188-11.164613814382399j)
(2.8031803165536715-11.113137302529669j)
(2.019927332068903-10.97541315713106j)
(1.251693070360283-10.751216178395232j)
(0.512853966710021-10.443568107568133j)
(-0.18318430001723787-10.058633844373926j)
(-0.8248110194045899-9.605324871202349j)
(-1.402851335995147-9.094662484176235j)
(-1.9109530996735558-8.538991534593611j)
(-2.3456952012139367-7.951152450759103j)
(-2.706439027721018-7.343713029942312j)
(-2.994979624251025-6.728336691038402j)
(-3.2150709961983606-6.115329730961959j)
(-3.371900709725817-5.5133762589750415j)
(-3.4715769066341484-4.929442904217052j)
(-3.5206722015821605-4.368819239585868j)
(-3.525849317679051-3.835253834454611j)
(-3.4935765802857546-3.331147530909724j)
(-3.4299293156772555-2.857771842741379j)
(-3.340465953982919-2.4154885383419513j)
(-3.2301644168334387-2.0039545224829647j)
(-3.103404016573531-1.6223029681705088j)
(-2.9639794755238937-1.2692968437322274j)
(-2.8151358899583716-0.9434545524077852j)
(-2.659615894279243-0.6431496031435708j)
(-2.4997125569370877-0.3666873913572325j)
(-2.3373234801121905-0.1123626046028981j)
(-2.17400312376777+0.12149925611813746j)
(-2.0110115473929615+0.3365130350618549j)
(-1.849358610670485+0.5342149671806637j)
(-1.6898432601467503+0.7160512641605014j)
(-1.5330879138400078+0.8833723258279182j)
(-1.379568192734236+1.037431049073886j)
(-1.2296383804219917+1.1793840390739283j)
(-1.0835530530474877+1.3102948040368498j)
(-0.9414853358966133+1.4311382388289176j)
(-0.8035422282263882+1.5428058809567204j)
(-0.6697774065910103+1.6461115616737625j)
