(71.59991951810805+0j)
(65.26528207261995-20.45155723699354j)
(51.4467252050416-32.48865051288092j)
(37.67890228566508-36.22338392594995j)
(26.98180502471795-35.35268732297082j)
(19.350676201666143-32.63238477278539j)
(14.007702212279403-29.413542225749712j)
(10.238935390383439-26.245974024994535j)
(7.537395611198799-23.31863190341046j)
(5.567120874074444-20.673063791834753j)
(4.108330784725996-18.29524160259809j)
(3.016120726801486-16.15325925527639j)
(2.193485293611908-14.212223755405937j)
(1.5743838510219215-12.439706649132246j)
(1.1131622390266518-10.807348036693119j)
(0.7778880560778335-9.290949294136459j)
(0.5460954918217606-7.870028465663982j)
(0.40203211539015055-6.527237973861832j)
(0.3348599819676195-5.24780096911979j)
(0.3374781765173294-4.019020352041435j)
(0.40576290367753337-2.8298731246816016j)
(0.5381001519173627-1.6706881850957367j)
(0.735133363529177-0.5329056167226148j)
(0.9996732185659282+0.5911104808706785j)
(1.336820746046874+1.7081394213358785j)
(1.7541249475793887+2.824095199320216j)
(2.2619973878161637+3.943918806962401j)
(2.8742616820827798+5.071261131499137j)
(3.608908544730333+6.207914611912581j)
(4.48907871765136+7.35283396641784j)
(5.544275642462712+8.50051082467598j)
(6.811742938482705+9.638326591362196j)
(8.337770485243636+10.742300772558005j)
(10.178301828083212+11.770378369504213j)
(12.397382608603476+12.652138865508755j)
(15.060347216600361+13.27389116498992j)
(18.21578437957289+13.459535572983588j)
(21.856583429503065+12.952698861061492j)
(25.84950654631277+11.418489042001719j)
(29.83749760376046+8.504990691986649j)
(33.171089320706315+4.015166101046492j)
(35.00471407080811-1.8268805652844262j)
(34.66561096492541-8.218157807885808j)
(32.10459583022037-14.018261200634559j)
(27.973308429816875-18.317225268171548j)
(23.215703151271203-20.81621956764786j)
(18.60141048250702-21.742698660836353j)
(14.548341418362506-21.54084525773893j)
(11.186894375809347-20.63625476097256j)
(8.487657479912814-19.34600132384203j)
(6.35778149676971-17.876790937287215j)
(4.692833157236469-16.352373551075473j)
(3.3986218677763693-14.84186703614438j)
(2.397592058800619-13.380871590761101j)
(1.628622716804783-11.985317334565769j)
(1.0445904003704325-10.659991533613354j)
(0.6095619646874688-9.403610191708559j)
(0.29629808018079806-8.211768156902735j)
(0.08424148854563877-7.07862399989271j)
(-0.04202881362526201-5.9978425469229855j)
(-0.09395456427747964-4.9631069224969755j)
(-0.07984917311135316-3.9683842417143156j)
(-0.005513450560860567-3.008053483511498j)
(0.12532846867973102-2.0769596134844743j)
(0.3107315501283376-1.1704290838183464j)
(0.5503875799223608-0.2842485997339746j)
(0.8454975557445965+0.5850645207803721j)
(1.1985778499763486+1.4407114338769524j)
(1.6139195136165607+2.2851219455224174j)
(2.0974169870742765+3.119909008821834j)
(2.656848716302931+3.9456587094704707j)
(3.3021505800538145+4.761552508638102j)
(4.045749700091302+5.564805572399258j)
(4.902941160683941+6.349826176897884j)
(5.8922552829731885+7.1069673951374925j)
(7.035698934230862+7.820691424030025j)
(8.358630562081219+8.466909061091707j)
(9.888800164060997+9.009217433081622j)
(11.653686797543786+9.393811384986407j)
(13.674631727330162+9.54316868935369j)
(15.955427613102078+9.349591574904823j)
(18.462420016261788+8.67199154575966j)
(21.094329399965567+7.343609042951029j)
(23.64634000688664+5.203836775817049j)
(25.788624328887316+2.167737468163343j)
(27.1001653514389-1.6726497445145774j)
(27.195402463503388-5.9703472056891105j)
(25.91221097054892-10.16382711049277j)
(23.429336903236898-13.670574446796865j)
(20.196564781649833-16.116279855435852j)
(16.72893416499243-17.43015106453536j)
(13.427657851904161-17.773243715709658j)
(10.518419014391371-17.40240997238837j)
(8.080227628425822-16.566858468316013j)
(6.102540441796354-15.462364652472212j)
(4.53315915574042-14.225080303037808j)
(3.307717100081944-12.94220447776163j)
(2.3644040274872955-11.665945445068918j)
(1.6497820646697725-10.425369572899985j)
(1.1200690481877549-9.234982999113587j)
(0.7404533631605507-8.100472997006658j)
(0.48499861930568944-7.022132590480306j)
(0.3308289040799372-5.998157768524985j)
(0.262401478154749-5.024564505636411j)
(0.26771378303308724-4.09687019533398j)
(0.33786885354707885-3.2104602995187586j)
(0.46649550089364533-2.3608615153885015j)
(0.6493093247013743-1.5439066215666635j)
(0.8837783241764686-0.7558447088228479j)
(1.1688669201195923+0.006677818891196374j)
(1.5051334635936873+0.7465261657991588j)
(1.8944453353722552+1.465808538951703j)
(2.33999798871818+2.165988772877159j)
(2.846454624747696+2.8476664322490834j)
(3.420046088039661+3.5103150700341876j)
(4.0687246597607984+4.151920147306081j)
(4.802348634033385+4.768448306818371j)
(5.632862409053213+5.353075854717422j)
(6.574406316512701+5.895077818980772j)
(7.643228923071721+6.378247349862304j)
(8.857162622344314+6.778689118329121j)
(10.234229452788924+7.061838430133512j)
(11.78962953361866+7.17867130433j)
(13.52991153203223+7.061446409167669j)
(15.442633229440142+6.620254919087929j)
(17.479759160762605+5.743582477149976j)
(19.534711941586778+4.30923704172844j)
(21.4188347548286+2.215090184952608j)
(22.854933752811377-0.5632817954011203j)
(23.517816188080754-3.8989232635586006j)
(23.141702231994408-7.470378888578961j)
(21.65855085487215-10.814960823028345j)
(19.266593650119212-13.48811050589026j)
(16.356165484616515-15.230945085607331j)
(13.345255414918688-16.026745618665124j)
(10.546554958840428-16.033921222994316j)
(8.127166893636053-15.47672280932892j)
(6.136410631210742-14.565193588069668j)
(4.55342996429087-13.461163158915095j)
(3.3261528510269294-12.275252835226338j)
(2.3949450447027507-11.076814816241614j)
(1.704173093555026-9.906074271921058j)
(1.2065259462989104-8.784244126189327j)
(0.8636974352441235-7.720776317083493j)
(0.6455326688913124-6.718170126973928j)
(0.528702261592742-5.77501679232334j)
(0.49537908031334205-4.887869306306336j)
(0.5320948968093336-4.052364328085431j)
(0.6288180894458409-3.263881595342897j)
(0.7782382347885989-2.5179236610640405j)
(0.9752268321822586-1.810330144866953j)
(1.2164470613909977-1.137400740965228j)
(1.5000785347955758-0.4959989663332624j)
(1.8255631400385093+0.11636391962799914j)
(2.193469290076639+0.7015373167856053j)
(2.605477289252368+1.2606175845642258j)
(3.064318030564473+1.7937825623914325j)
(3.5737438245219564+2.3001095564504763j)
(4.138521411448095+2.777312345084495j)
(4.764410558856997+3.221369308647178j)
(5.4580892176308575+3.6260130924779737j)
(6.22696468897059+3.982045649110192j)
(7.07877251871869+4.276443163827608j)
(8.02080688427941+4.4912321661337495j)
(9.058543830379492+4.602170184663524j)
(10.193316464967783+4.577386922981677j)
(11.418611557114886+4.376391409397491j)
(12.714578510489678+3.9502956393652644j)
(14.040698305276745+3.2447716651997824j)
(15.327636932774858+2.2079651021876194j)
(16.471495304387105+0.8056283510780264j)
(17.336672820908742-0.9563720441189099j)
(17.77508385182375-3.007834167540795j)
(17.66475997425162-5.202153879224811j)
(16.95706513659987-7.333115011954928j)
(15.706910074310219-9.184511300706731j)
(14.062872484850192-10.591801498307865j)
(12.219802699473878-11.481957692786748j)
(10.362139533147646-11.873287804008294j)
(8.626403729261199-11.845192353394928j)
(7.09144615125126-11.501016476459856j)
(5.787862136624535-10.940540240019336j)
(4.714083022703135-10.246195683905972j)
(3.851029830335138-9.479638127471333j)
(3.172443842741158-8.683801787076838j)
(2.651037010925561-7.886881079163275j)
(2.2616236774802476-7.106351900286939j)
(1.9823942912549388-6.352298345090034j)
(1.7951753159638444-5.629907892869377j)
(1.6852019220934125-4.941240496034116j)
(1.6407000532367273-4.286440158603302j)
(1.6524306010862129-3.6645469492835443j)
(1.7132661518037295-3.0740346496643993j)
(1.817826846064361-2.5131657161888796j)
(1.9621801730317834-1.9802277288073284j)
(2.143600483619662-1.4736952858008108j)
(2.360381415285878-0.9923492066858274j)
(2.6116903542813588-0.5353789898125397j)
(2.8974481656007107-0.10248411926108278j)
(3.218223248681697+0.3060211616923185j)
(3.5751352365688507+0.6890904964387526j)
(3.969755906472792+1.0448024780204672j)
(4.403987948552288+1.3701845829184538j)
(4.879899004932192+1.661001274158648j)
(5.399482707140866+1.9115080165756064j)
(5.964309893374609+2.114181538286762j)
(6.575023820519362+2.2594526580250656j)
(7.230626373059538+2.335494785474412j)
(7.927504695807968+2.328162411621042j)
(8.658171661289172+2.2212310245818356j)
(9.40975854095224+1.9971568553067827j)
(10.162428245007579+1.6386285151906377j)
(10.888088552201129+1.131170536452134j)
(11.5500540585082+0.46689464051794005j)
(12.10452362263672-0.35091548901810926j)
(12.504678994028255-1.3033676823196394j)
(12.707591977952804-2.35336439428571j)
(12.682873857828422-3.446770958885676j)
(12.420570013952439-4.518445256748697j)
(11.935199668767702-5.50228009596766j)
(11.263915679413703-6.342303043459618j)
(10.45921562088634-7.001097328618624j)
(9.578952410960323-7.4630478267195866j)
(8.677090482271966-7.732322378984975j)
(7.7975774096219155-7.8274597679775235j)
(6.971910814491705-7.775004159875222j)
(6.219619906103588-7.604013448613931j)
(5.5503849932611455-7.342254290668421j)
(4.966678860930007-7.0140912559507305j)
(4.4662302273119465-6.639676463712829j)
(4.043998147905236-6.234965387994406j)
(3.693601059088943-5.812166797274582j)
(3.408270427718018-5.380361160934569j)
(3.1814399138417944-4.94613308111558j)
(3.007077690029819-4.51414179502183j)
(2.8798491897361997-4.087601848303825j)
(2.795174348834821-3.6686720515882936j)
(2.749223337957502-3.2587629678871712j)
(2.738879454547242-2.8587774673221396j)
(2.7616869268718673-2.469299190806707j)
(2.8157939268289582-2.09074232600694j)
(2.8998961085359864-1.7234740971410893j)
(3.0131826883289294-1.367919367154073j)
(3.1552848690844586-1.024655012535769j)
(3.326224782408547-0.6945003837567998j)
(3.526361582675684-0.3786091185573552j)
(3.7563295877140623-0.07856647719335827j)
(4.016961456336143+0.20350511322036233j)
(4.30918737524054+0.46483163056219734j)
(4.633899011999562+0.7018662960828449j)
(4.991764679156037+0.9101680866654225j)
(5.382980339504416+1.084292791586157j)
(5.8069409763406155+1.21771884954437j)
(6.261820466495932+1.3028428137915136j)
(6.744058436029918+1.3310945695073173j)
(7.247773533706492+1.293237813376473j)
(7.764157920035518+1.179930836214484j)
(8.280958722442318+0.9826156730982607j)
(8.782212749705986+0.6947652050967638j)
(9.248451877603877+0.3134329940860005j)
(9.657602909203266-0.1590838716906219j)
(9.98672273141958-0.7138178549171637j)
(10.214508162096836-1.3344069882283294j)
(10.32422578646637-1.9975231661491235j)
(10.306427454243899-2.6746770193000513j)
(10.16071215923067-3.3352167671730997j)
(9.895981329669588-3.949905844131674j)
(9.52907854806748-4.494225837500874j)
(9.082209409909124-4.950645837007142j)
(8.579861388826828-5.309477511897957j)
(8.04596161578475-5.568395275597896j)
(7.501775687460089-5.731032504721422j)
(6.964724416665468-5.805172592893327j)
(6.4480277335162315-5.800973222905844j)
(5.960943936628459-5.729493535871871j)
(5.50934837057672-5.601627539679131j)
(5.096441689339662-5.427430376597072j)
(4.723447761707097-5.215764301779116j)
(4.3902256253032395-4.974174612464362j)
(4.095766766234706-4.7089138384327365j)
(3.838577604058677-4.425050568760605j)
(3.6169614606610767-4.126618487195301j)
(3.4292194343830738-3.8167774195442035j)
(3.273789553108031-3.4979703131617406j)
(3.1493411033764134-3.1720683810147454j)
(3.0548377582367054-2.8405019850087467j)
(2.989579889930978-2.5043780856718056j)
(2.9532335969106054-2.1645869822314436j)
(2.9458515635594638-1.821902152867304j)
(2.9678888274673514-1.4770776535757666j)
(3.0202146998406847-1.1309479864805811j)
(3.10412026178599-0.784535735358764j)
(3.2213187893849873-0.4391725924350858j)
(3.373933896313593-0.09663951629260338j)
(3.5644669405782596+0.24066859822648237j)
(3.7957311306571087+0.5695495423580414j)
(4.070734539225994+0.8857701751505783j)
(4.392487893368208+1.1838163798460701j)
(4.763706294476857+1.4566301481545663j)
(5.186368844326437+1.695363447832055j)
(5.661100285850117+1.8892028097056124j)
(6.186350706029856+2.0253514602930007j)
(6.757382646939202+2.0892937798171456j)
(7.36514054360759+2.0654983073759907j)
(7.995181564908774+1.9387165546692198j)
(8.626979170076307+1.6959689651345802j)
(9.234027223315504+1.329138772300894j)
(9.785187583276011+0.8378117624149288j)
(10.24753310307002+0.2316734841035578j)
(10.590491974041935-0.46842591252791294j)
(10.790505187560317-1.2314930034522729j)
(10.834957942583141-2.019682405120448j)
(10.724169424603849-2.793216661106305j)
(10.47082631000852-3.5156366881541197j)
(10.097148612937863-4.157984962893369j)
(9.63079695640053-4.701025625657972j)
(9.100731238863931-5.135384008794453j)
(8.533932545878699-5.460120295915617j)
(7.95338077030412-5.680509324251033j)
(7.377227247461982-5.805715269375032j)
(6.818853381970993-5.8467989143852055j)
(6.287452486988232-5.815238247849144j)
(5.7888339230666475-5.721962973375524j)
(5.32624882395341-5.5768120212788945j)
(4.901128461645192-5.388297132846036j)
(4.513692012369421-5.163565684420368j)
(4.163419858122159-4.908479953964002j)
(3.8494081220152183-4.627755328118555j)
(3.5706271923468775-4.325121012908601j)
(3.326107239794388-4.003482321163541j)
(3.1150708858922096-3.6650741513145375j)
(2.9370293494731206-3.3116020399508077j)
(2.7918546203550956-2.9443713513229888j)
(2.6798368877890364-2.564407719678381j)
(2.6017336385065906-2.172573483682052j)
(2.5588144091656866-1.7696860257180893j)
(2.5529029005525485-1.356644970743043j)
(2.5864156970898846-0.9345762984009215j)
(2.662393698673226-0.5050025455434866j)
(2.784518148736329-0.07004897366579155j)
(2.95709791469124+0.3673045829583587j)
(3.1850079441324675+0.8029172555193752j)
(3.4735486514806118+1.2311199860577804j)
(3.828182643169645+1.644290561658341j)
(4.254091507320271+2.0323917462182326j)
(4.755484593325296+2.3825235885912295j)
(5.334590955851685+2.6785877229698576j)
(5.99028926039417+2.9012260094873805j)
(6.716399434516841+3.0282693441819664j)
(7.499796490677385+3.035986803501303j)
(8.318718597914724+2.9014046359304326j)
(9.141889778468213+2.605790322044577j)
(9.92924449429197+2.1390066724408383j)
(10.634931952106031+1.5038726794236679j)
(11.212718135367922+0.7191483820635183j)
(11.622937827486725-0.18031679719567859j)
(11.839191768315418-1.1470528171602428j)
(11.85267501893932-2.127519894778778j)
(11.672738734941321-3.0699214740594876j)
(11.323723812680184-3.930991553883974j)
(10.839432073727952-4.680080958401768j)
(10.257121256328109-5.3000957091080725j)
(9.612548374640946-5.785934914456481j)
(8.936782730719244-6.141575320576626j)
(8.25477190164527-6.376870048122403j)
(7.585228773001984-6.504752950336446j)
(6.941308426349939-6.539142624030329j)
(6.3316315336497-6.493561574259948j)
(5.761359766286432-6.380346001849142j)
(5.233164256332973-6.2102822169713185j)
(4.74802376812696-5.992520225159511j)
(4.305845515393878-5.734649551361201j)
(3.9059289684549694-5.442858126241444j)
(3.5473026269459984-5.122124349694931j)
(3.228963936753211-4.776413662495988j)
(2.950048579232776-4.408865135458468j)
(2.7099501704840487-4.0219625105672465j)
(2.5084063740011158-3.617689488003196j)
(2.345563076247948-3.197672164982811j)
(2.2220246728159285-2.7633133282326265j)
(2.1388955175115196-2.315924397960676j)
(2.0978149506738886-1.8568616035665364j)
(2.1009857197767725-1.387673654016875j)
(2.1511925960894307-0.9102687262813802j)
(2.2518042979877855-0.42710850814198503j)
(2.406748231986273+0.0585639432235014j)
(2.6204433312710367+0.5424556171094441j)
(2.8976666872325807+1.0189087811433386j)
(3.2433192916145757+1.4805445368975807j)
(3.6620499239030795+1.9178829154199892j)
(4.157689446893814+2.3189765914820635j)
(4.732446086513854+2.669126556710201j)
(5.385826471748914+2.9507913125384855j)
(6.113288817657939+3.143850764720252j)
(6.904716832052007+3.2264276930030085j)
(7.742933456071192+3.176474087711343j)
(8.602639664819218+2.974252256867059j)
(9.450312783723325+2.605635866102384j)
(10.24562943966582+2.065814132435297j)
(10.944766578086062+1.3625813886135472j)
(11.50541834346773+0.518127764794201j)
(11.892659968390818-0.43163847720777776j)
(12.084215224429343-1.440584854252335j)
(12.073624396841812-2.4580595055529346j)
(11.87041755899397-3.4353764879988096j)
(11.49741368806217-4.331410793636028j)
(10.986165123202552-5.116089299864651j)
(10.371932797038365-5.771413531859244j)
(9.689360999397604-6.290428403833248j)
(8.96948093498431-6.67495530208997j)
(8.238132357937316-6.932915312397842j)
(7.515544288562929-7.075837990270456j)
(6.816687488855489-7.116865050221543j)
(6.152036096916036-7.0693298988639155j)
(5.52846945161817-6.9458576515664845j)
(4.950147619752321-6.757873017021716j)
(4.4192764392420605-6.515396527076627j)
(3.9367329380441958-6.22702723408488j)
(3.502553530261311-5.900035210135662j)
(3.1163023878091916-5.5405111051690765j)
(2.777342265612371-5.153539223863557j)
(2.4850295130494446-4.743374560774872j)
(2.238852006180113-4.313613742339466j)
(2.038524958604196-3.8673559558886734j)
(1.884055839570804-3.407353715645539j)
(1.775786269583656-2.9361555206203955j)
(1.7144158248294163-2.4562436626896478j)
(1.7010100674492799-1.9701710026243604j)
(1.736992660589412-1.4807006077763512j)
(1.824119021185776-0.9909516398655792j)
(1.9644270320680706-0.5045537425405971j)
(2.160158772781853-0.02581187488289131j)
(2.413642174024948+0.4401170870090559j)
(2.7271171315789777+0.887042277618426j)
(3.1024930694908246+1.3075636089098048j)
(3.541023139286036+1.6929196320101767j)
(4.042879413917397+2.0328863503316668j)
(4.606620168299776+2.3157690962142676j)
(5.228554314673665+2.5285437846502026j)
(5.902031855973361+2.657216005367988j)
(6.616725210041133+2.687470597338904j)
(7.358013352176413+2.6056713615784064j)
(8.106631492983492+2.4002295172209576j)
(8.838786822252342+2.0632819793841537j)
(9.52693976410711+1.5925082546489981j)
(10.141381470070488+0.9927887525896129j)
(10.652585931594087+0.277312523154851j)
(11.034096542729545-0.5322615020569809j)
(11.26548545024764-1.4068523341756671j)
(11.334795134612243-2.3122100405106534j)
(11.239917868241315-3.212046902297017j)
(10.988604093867052-4.071463904169861j)
(10.597137399483406-4.860012932383145j)
(10.088036331749159-5.553867587188593j)
(9.48732306471723-6.1368513644256115j)
(8.821894095316514-6.600371168486209j)
(8.117380885885202-6.942521248359184j)
(7.3966845899373395-7.166711956092165j)
(6.679187351909022-7.2801543999534655j)
(5.980525332255663-7.292443790511491j)
(5.312760227267124-7.214379825015295j)
(4.684788897436854-7.057073930473084j)
(4.102861209367483-6.831333386674904j)
(3.5711150939455942-6.547280500522348j)
(3.092073496959383-6.214154026640554j)
(2.6670753816695494-5.840241808134611j)
(2.296631553015999-5.432901582682091j)
(1.980707209898437-4.998636733003606j)
(1.7189388145819584-4.5432030671454395j)
(1.5107949753837333-4.0717304504415335j)
(1.3556910244156752-3.588849029773882j)
(1.2530658375361627-3.098814038442604j)
(1.2024278149971892-2.605626038313338j)
(1.2033751725090303-2.113145238624684j)
(1.2555939824093365-1.6251994269604073j)
(1.358836069040671-1.1456851425596997j)
(1.5128786289168394-0.678661890803034j)
(1.7174656752131021-0.22844192149287468j)
(1.9722235713456064+0.20032557884432145j)
(2.2765505593380486+0.6025877005165262j)
(2.6294863152396277+0.9728380089307657j)
(3.029554169386372+1.3050854567513297j)
(3.4745730797255687+1.5928545636315363j)
(3.9614422512436445+1.8292295429095478j)
(4.48590407277446+2.0069562689571794j)
(5.042296138038779+2.1186179092698456j)
(5.623310611464085+2.1569002622519826j)
(6.219788485367919+2.1149600371127955j)
(6.820586400561083+1.9869020900843342j)
(7.412562798824883+1.7683586415002899j)
(7.98073521248015+1.4571440679982284j)
(8.508657443791154+1.053933878197587j)
(8.979050014946308+0.5628893184220404j)
(9.374686743377925-0.00787387509323789j)
(9.679495378505896-0.646083873981051j)
(9.879777289295186-1.3354771585607406j)
(9.965402644832645-2.0563875262620015j)
(9.930809456557746-2.786752535323402j)
(9.775641460488819-3.503451303229481j)
(9.504906646763203-4.183816091665698j)
(9.128617565026143-4.807118026508052j)
(8.660966292562401-5.3558290598335745j)
(8.11916578921199-5.816508151885394j)
(7.522134551607455-6.180235345185233j)
(6.8892046037632655-6.4426002530692426j)
(6.2389994913891496-6.603319711103369j)
(5.588574263332412-6.665599528779299j)
(4.952850972239141-6.635364974719663j)
(4.344334702725847-6.520470126150564j)
(3.773063461562447-6.329967918299594j)
(3.246730976471404-6.0734907540127425j)
(2.770920973099458-5.760763077878727j)
(2.3493997227147028-5.401246010461183j)
(1.984425815227609-5.003900679827173j)
(1.677048729922154-4.577050194199835j)
(1.4273788074212295-4.128318448836382j)
(1.2348198078746144-3.6646253069981953j)
(1.098261290941685-3.1922206341897685j)
(1.0162319120548935-2.716743137804649j)
(0.9870169017408489-2.243293320597847j)
(1.0087440155409566-1.7765127782939996j)
(1.0794425952428157-1.3206646052782116j)
(1.1970798687899087-0.8797124123417418j)
(1.359574741395297-0.4573967710656713j)
(1.5647892977603535-0.0572996827529036j)
(1.810514882864102+0.3171051277280596j)
(2.094449069386855+0.6623987861789417j)
(2.414150645670719+0.97517241163643j)
(2.766982786632179+1.25199890305002j)
(3.1500475295069053+1.489418419976573j)
(3.56011071823821+1.6839390575873427j)
(3.9935182259458317+1.8320563039363682j)
(4.446105605605141+1.9302953856859988j)
(4.913104671946432+1.9752810386103459j)
(5.389052321658614+1.963839478034189j)
(5.867709243676194+1.8931370879263414j)
(6.341998998150128+1.7608592543568602j)
(6.803981043481773+1.5654304544769426j)
(7.244874244430942+1.3062727851622242j)
(7.655149502702729+0.9840942775736572j)
(8.024710414260172+0.6011905544695383j)
(8.343178037593393+0.1617340862654787j)
(8.600288695126848-0.3279843530124457j)
(8.786401353020533-0.8594054108115505j)
(8.893093626673382-1.4216889384320792j)
(8.913804515558635-2.001882591734237j)
(8.84446120541319-2.5852997997298375j)
(8.684012010864281-3.1561107751237905j)
(8.43478364278868-3.6981172215243534j)
(8.102592928122702-4.1956462263361765j)
(7.6965717285823265-4.634470002826999j)
(7.228704950788305-5.002644196401112j)
(6.71312649015-5.291163845555789j)
(6.165255866918546-5.494362693786468j)
(5.600879905251357-5.610022309365631j)
(5.035284569653205-5.6392023011252315j)
(4.482523597134199-5.585841260971897j)
(3.95487942139241-5.456202335442922j)
(3.4625368455417873-5.258244825942154j)
(3.013458903240459-5.000995951163117j)
(2.61343238143656-4.693979890547263j)
(2.2662391404862867-4.346740283467526j)
(1.973907462778932-3.968472353698957j)
(1.7370024617872506-3.567764810674439j)
(1.5549230301098649-3.152440834210633j)
(1.4261823115661487-2.7294815643215737j)
(1.3486574836194076-2.3050135930001283j)
(1.3198017879576525-1.8843427276151208j)
(1.3368169555993514-1.4720185592957111j)
(1.3967876811160076-1.0719171246809995j)
(1.4967823925739474-0.6873318600246037j)
(1.6339259660431042-0.3210672612206231j)
(1.80544697036154+0.024467017432415562j)
(2.008700701614552+0.3471675147695451j)
(2.24117532835595+0.6451580364138918j)
(2.5004858211569214+0.9167179256650473j)
(2.784355695099423+1.1602167527198513j)
(3.0905873000727966+1.3740564772622876j)
(3.417021681646488+1.5566216608607018j)
(3.7614884120594843+1.7062382081073986j)
(4.121745262267328+1.8211415669483841j)
(4.495407318111911+1.8994560352666963j)
(4.879865144078277+1.9391877318188482j)
(5.272191933466034+1.9382348846697757j)
(5.669040378409952+1.89442033776576j)
(6.066531417145473+1.8055524870242026j)
(6.460139271397912+1.669522045879191j)
(6.8445804755356585+1.484442776107424j)
(7.213719053845695+1.2488440745530875j)
(7.5605055633544715+0.9619213169827405j)
(7.876973945123389+0.6238451479926501j)
(8.154325945746468+0.23612241608802273j)
(8.383136340087136-0.19801160130060308j)
(8.553710400859476-0.6732075634968113j)
(8.656614462580489-1.1816810731921672j)
(8.68337781381683-1.7130327828973086j)
(8.627328536932504-2.2542954541687044j)
(8.484480928712635-2.790285226707496j)
(8.254347838167135-3.3043002496391662j)
(7.940523535635364-3.7791490512029102j)
(7.550888679302535-4.198413330076637j)
(7.097338647553759-4.547776620007402j)
(6.595024787558585-4.81620850186698j)
(6.0612021319301235-4.996804473291164j)
(5.513863513513034-5.087146981669128j)
(4.970379564528978-5.089154361201686j)
(4.446345583302952-5.008488306170642j)
(3.954770852850489-4.853665120801492j)
(3.505660051665983-4.635044128901015j)
(3.105958036311205-4.363850242970181j)
(2.7597771389383263-4.05134253632594j)
(2.468805340275316-3.7081865325529595j)
(2.2327986662483266-3.344040500380665j)
(2.050081459914795-2.9673333523922962j)
(1.9180036510313059-2.5851948699916054j)
(1.833327708359598-2.203494767878678j)
(1.7925360991909072-1.8269509838941462j)
(1.792062021853052-1.459275349254346j)
(1.8284527250858185-1.103333445796872j)
(1.898477359249111-0.7613032110658603j)
(1.999191598422026-0.43482305780604646j)
(2.1279702129252094-0.12512516361112483j)
(2.282516528727561+0.16684691099665j)
(2.4608552246082636+0.44033553599805975j)
(2.661313354769261+0.6946798733665033j)
(2.882493199018091+0.9292381679213525j)
(3.123239031260936+1.1433189643662658j)
(3.3825985481277883+1.3361188856210235j)
(3.6597786311849556+1.506664978827833j)
(3.954094189660234+1.6537601180703068j)
(4.264907947381886+1.7759305819704765j)
(4.59155816183386+1.8713757796946775j)
(4.933270400378163+1.9379212901676919j)
(5.289048707501052+1.9729780548259317j)
(5.657540923707423+1.973512911387471j)
(6.0368728474650215+1.936038883683919j)
(6.424446862406544+1.8566379307111154j)
(6.8167033695730375+1.7310342484057448j)
(7.208849008895985+1.554742405965652j)
(7.594565692013963+1.3233205884195116j)
(7.965730436769408+1.0327628237676763j)
(8.312198788654785+0.6800613677343665j)
(8.621733062493009+0.26395544150717065j)
(8.880185247712552-0.21415202650887344j)
(9.072060857717155-0.7491879305307431j)
(9.18157416325512-1.3314747604643298j)
(9.194233495596622-1.9461205503266672j)
(9.098853656864254-2.573041462369607j)
(8.889697916020152-3.187892281693112j)
(8.568269934569585-3.764011509296849j)
(8.14421021625925-4.275193210581972j)
(7.634891697261607-4.698773444830707j)
(7.063653666002386-5.01832276039064j)
(6.457034741168429-5.225295649196305j)
(5.841668087799997-5.319302055984399j)
(5.2415453709160245-5.3070899598038785j)
(4.676146113608502-5.2006654916881425j)
(4.159598666285734-5.01510477968561j)
(3.700746176301107-4.766534189264641j)
(3.3038290017333987-4.470566096257004j)
(2.969469565965616-4.1412805829450985j)
(2.6957082870504343-3.7907034352833047j)
(2.4789326613206972-3.428662446013373j)
(2.314626432197264-3.062891654209793j)
(2.197925359694981-2.6992722723749405j)
(2.123999625324532-2.3421293519226496j)
(2.0882967359750157-1.9945325338670028j)
(2.0866805123121854-1.6585723017837348j)
(2.115497420314376-1.3355990728893778j)
(2.1715950543789426-1.0264223058036501j)
(2.252311150625313-0.7314722266483903j)
(2.3554460318675785-0.4509293273792011j)
(2.4792270800924507-0.18482764041511623j)
(2.6222706095834702+0.06686230612962689j)
(2.7835442183414614+0.30416551128609j)
(2.9623311148470473+0.5270448420245246j)
(3.158196796031071+0.735349652933701j)
(3.370957589483454+0.9287671658704162j)
(3.6006498352120757+1.1067735116604753j)
(3.8474977569619053+1.2685816721420848j)
(4.111877248731025+1.4130838536220078j)
(4.394271768669526+1.538786151937097j)
(4.695215181989341+1.6437338653077356j)
(5.015214625973517+1.7254266794878292j)
(5.354644211180722+1.7807245092751005j)
(5.713597632246835+1.805747515401755j)
(6.091684737772699+1.7957784325441235j)
(6.487754390492654+1.745182807378927j)
(6.899524854153742+1.6473742275581686j)
(7.323106028240173+1.494868223171653j)
(7.752409538637531+1.2794904980391322j)
(8.178469722509075+0.9928302517441853j)
(8.588749411229383+0.627049893469829j)
(8.966586034951467+0.17616124432597108j)
(9.291042650305291-0.36217435753259336j)
(9.537536017813164-0.984407117883333j)
(9.679647743724198-1.6787637178613992j)
(9.692370492976-2.423496827421765j)
(9.556597741743209-3.18666704955728j)
(9.263970413080532-3.9283348923174333j)
(8.820551333945104-4.605401899687984j)
(8.247717040505018-5.178223199114477j)
(7.579471896275759-5.617085785812637j)
(6.856825395252537-5.90644882115603j)
(6.121083481645972-6.045736854761729j)
(5.4081375738543835-6.0469244247358045j)
(4.745070396645028-5.930253264553357j)
(4.149267725877464-5.719672454727772j)
(3.6293981214247117-5.439135469362544j)
(3.1873513758429137-5.110205487389321j)
(2.8203734830083858-4.750892434083995j)
(2.5229406847804556-4.375393563152244j)
(2.2881906243075387-3.99437500347229j)
(2.1089048408986195-3.6155060094922025j)
(1.978119595762517-3.244057919902687j)
(1.8894635402303108-2.883464830871838j)
(1.837311530648873-2.535801199062063j)
(1.816823961254957-2.2021658178277703j)
(1.8239206481635764-1.882978900403523j)
(1.855221609956977-1.5782059520612026j)
(1.907974851178453-1.287523473071501j)
(1.9799829078992108-1.0104402769259793j)
(2.069534531246713-0.7463860143439455j)
(2.175344567632889-0.4947762298078912j)
(2.296503107710176-0.25506130813107003j)
(2.432433815499197-0.02676506860614058j)
(2.5828607245778095+0.1904824688466968j)
(2.747782485335417+0.39691447301607136j)
(2.9274528650545735+0.5925956707502386j)
(3.1223661003996384+0.7773867354187276j)
(3.3332453926081227+0.9509017234301745j)
(3.5610323301423543+1.1124553838818423j)
(3.8068741989991337+1.260996799964418j)
(4.072104826955545+1.3950253498123713j)
(4.3582125695731815+1.5124845163946823j)
(4.666785962558259+1.61062886465462j)
(4.999423021893646+1.685859991802907j)
(5.35758368888242+1.7335292858089906j)
(5.742356074904356+1.7477104004226844j)
(6.154095968190059+1.72095502019024j)
(6.591886789366363+1.6440657782183503j)
(7.052758053648505+1.5059558250302234j)
(7.5306046538327225+1.2937220578798658j)
(8.014787616170075+0.9931417944768945j)
(8.488504473606278+0.5899003689573759j)
(8.927239436443807+0.07192441981302937j)
(9.297966270089024-0.566877035291771j)
(9.560207866055242-1.3215572746635813j)
(9.670261666949607-2.170743033077016j)
(9.589322131390723-3.0731472696180684j)
(9.294389449100692-3.9690461029747603j)
(8.788210636886696-4.788819329689736j)
(8.103058318043601-5.467254781169596j)
(7.295155278255931-5.958266521451489j)
(6.431541336215562-6.2435435205147485j)
(5.57532676782991-6.331993785010694j)
(4.775221766452948-6.251952160279529j)
(4.061713151620438-6.040921767856814j)
(3.4486559524977296-5.736938409921389j)
(2.937554204156316-5.373291396249165j)
(2.5222127277734114-4.976377032275269j)
(2.192528666118602-4.565634117909726j)
(1.9370912242245293-4.154517177567192j)
(1.7447327989311052-3.751792440616953j)
(1.605323940250129-3.3627748669870443j)
(1.5100886836846745-2.9903529469188435j)
(1.4516466038177966-2.6357730084738487j)
(1.4239168605851515-2.2992100397050517j)
(1.421965159257196-1.9801689678140086j)
(1.4418382372494754-1.6777595450547438j)
(1.4804082299848245-1.390880745447303j)
(1.5352365036856086-1.1183422127177132j)
(1.6044596874572612-0.8589429341907184j)
(1.686697253258273-0.61152152180393j)
(1.7809785617509446-0.3749882047291077j)
(1.88668690028905-0.14834563538389242j)
(2.003518129400575+0.0692964044022472j)
(2.1314518279221946+0.2787086217357233j)
(2.2707331661649177+0.48052918158765906j)
(2.4218640663551936+0.6752474342131624j)
(2.5856024502552697+0.8631818314582307j)
(2.762968460000974+1.0444491699765173j)
(2.9552564009983846+1.2189217003470114j)
(3.1640506836721536+1.3861677116649138j)
(3.391243044118763+1.5453699053762857j)
(3.639046490120663+1.6952141903820772j)
(3.90999824885168+1.8337395163124819j)
(4.206938709267882+1.9581372551878644j)
(4.532944800215962+2.0644871121522206j)
(4.8911828308367316+2.147417148260686j)
(5.284625657350862+2.1996815071876j)
(5.715550724454525+2.2116672298689846j)
(6.1847004653232505+2.170882517584273j)
(6.689954605439333+2.0615609985402155j)
(7.224364921451821+1.8646625036884936j)
(7.773504760089245+1.5587724854850287j)
(8.31240799984961+1.1226548918896113j)
(8.803053576654243+0.5403030605798163j)
(9.194372149977522-0.19118098618962032j)
(9.427541404120017-1.0522345780784172j)
(9.448474347790095-1.9941713740374485j)
(9.225466291212182-2.9413568655270006j)
(8.764233915871925-3.8059376535413914j)
(8.110597495358157-4.510944976589424j)
(7.337461595371169-5.010259681071727j)
(6.523223569448927-5.295350405249619j)
(5.7331738334593885-5.388078631317234j)
(5.0107136098054585-5.3267733006573j)
(4.377785825436595-5.153375113342221j)
(3.840156104500029-4.9053853966742915j)
(3.3935643170200334-4.612546846632305j)
(3.028693576734265-4.296593625236502j)
(2.7344660725334364-3.9724404141851277j)
(2.499925514944484-3.6497638480709425j)
(2.3151535864809745-3.3344672575974807j)
(2.1716084293839235-3.0298532823865902j)
(2.0621538693734567-2.7374919162391596j)
(1.9809436097823476-2.4578331472546893j)
(1.9232521188708533-2.19062584596928j)
(1.8852992400070534-1.9351976501164283j)
(1.8640900922460544-1.6906384908200964j)
(1.8572782478314667-1.4559188438965447j)
(1.8630534369125074-1.2299645334890148j)
(1.8800520333069448-1.011703095053646j)
(1.9072875213223015-0.8000919129851334j)
(1.9440980375907964-0.5941350885133706j)
(1.9901083933789525-0.3928938376432239j)
(2.0452044412544774-0.1954938428383057j)
(2.109518124329841-0.0011321606247318762j)
(2.183421973694176+0.1909141234109327j)
(2.2675321624666873+0.38127538380215226j)
(2.3627194476997784+0.5704707768387117j)
(2.4701273866489486+0.7588806032905678j)
(2.5911970245514127+0.9467061490514853j)
(2.7276966841419705+1.1339123447373114j)
(2.8817543194476554+1.3201471390730624j)
(3.055887768725154+1.504629705833967j)
(3.253024600781502+1.6859976537346146j)
(3.4764972898668396+1.8621017320715203j)
(3.7299901025290194+2.0297361689812803j)
(4.017400134121622+2.184295906115575j)
(4.342555628963425+2.3193626680425j)
(4.708711233344507+2.4262469363111925j)
(5.1177185567918615+2.493562670883835j)
(5.568768821069915+2.506997396483736j)
(6.056658652756618+2.4495655464482056j)
(6.569697907249186+2.3027708709948667j)
(7.087717441318246+2.0491594149086145j)
(7.581125069864543+1.676527523048947j)
(8.012362857912917+1.1833381327306933j)
(8.340906844059027+0.5837084533192417j)
(8.531584806175443-0.09069555408608136j)
(8.563728912386276-0.794170428638117j)
(8.437125831324837-1.4758001280420048j)
(8.171711891790276-2.0903230280495895j)
(7.801280188559436-2.606454932729113j)
(7.3645213686707365-3.0098358808969325j)
(6.897232412029649-3.3009262075098094j)
(6.427789171031586-3.49022300894898j)
(5.975883259392473-3.5932449304565406j)
(5.553396149527684-3.6266874167630037j)
(5.166185818805278-3.60608362519155j)
(4.815956815098222-3.544708306466366j)
(4.501819237628398-3.45329425521399j)
(4.221433542393574-3.340188038449805j)
(3.971781090951633-3.211692602232975j)
(3.7496472852300617-3.07245221501562j)
(3.551903902962441-2.9258091888684334j)
(3.37566007957283-2.7741053350689735j)
(3.2183318983575306-2.6189236810082233j)
(3.0776642360523843-2.461276082636967j)
(2.951726508460128-2.3017458090758436j)
(2.8388957513039164-2.140594417870242j)
(2.737835119003151-1.9778411673769436j)
(2.647472518547977-1.813321772810994j)
(2.566982046533339-1.646731934121032j)
(2.495769691818753-1.4776599128115977j)
(2.4334640865727106-1.305611552661463j)
(2.379912726456552-1.1300305164405202j)
(2.335183899862301-0.9503161225037192j)
(2.2995744732411483-0.765840988084887j)
(2.2736236038654303-0.5759707042958931j)
(2.2581323282410026-0.38008797379726617j)
(2.2541887309496347-0.17762403395173035j)
(2.263197939224803+0.031899238413670886j)
(2.2869153803341105+0.2488124134052233j)
(2.3274804027891127+0.4732218409028527j)
(2.3874452728953552+0.704907540133317j)
(2.469791452517977+0.9431895861848516j)
(2.5779206773355132+1.1867574765854008j)
(2.715602537700122+1.4334593251410224j)
(2.8868532575440202+1.6800533151292147j)
(3.095713285071831+1.9219345300774133j)
(3.345886840233549+2.152868089182995j)
(3.640209761494201+2.364785600160761j)
(3.9799306363742724+2.547734489133166j)
(4.363833501638662+2.690100691475162j)
(4.787304245071496+2.77923678843561j)
(5.241540322634062+2.802592807881641j)
(5.713193219772003+2.7493386682225687j)
(6.184755984731757+2.612282246210083j)
(6.635897599564693+2.3896744320574146j)
(7.045679464385739+2.0863610815877496j)
(7.39524290049241+1.7138123412548896j)
(7.670301058475513+1.2888696143367109j)
(7.8627707832946925+0.8314845521171239j)
(7.971169458960525+0.36206320537579006j)
(7.999830105038973-0.10090171603594063j)
(7.957333531165783-0.5424313608371246j)
(7.854679998083691-0.9517455226770596j)
(7.7036348705460025-1.3221664297057147j)
(7.515490531574521-1.650518475907548j)
(7.300301016826667-1.936307262163442j)
(7.066525152103516-2.180889866295516j)
(6.820964328072094-2.3867577827166557j)
(6.568880837764992-2.5569794643818673j)
(6.3142063176662-2.6948019123817506j)
(6.059778933984533-2.8033872922605676j)
(5.8075731249305775-2.885653320267595j)
(5.558903927572243-2.94418777403295j)
(5.314599540959436-2.9812127731283797j)
(5.075142392116126-2.9985804988755995j)
(4.840782243804635-2.9977874159114357j)
(4.6116261229461095-2.979998368237109j)
(4.387709958665165-2.9460751380519508j)
(4.169056373368149-2.8966063437885983j)
(3.9557224075046493-2.8319371311592985j)
(3.747840257391567-2.7521981819888888j)
(3.5456534432940288-2.6573342960288406j)
(3.3495502205563428-2.5471333128817237j)
(3.1600954868717097-2.421256517224194j)
(2.978061894623019-2.279271960588017j)
(2.80446031210281-2.120692359521496j)
(2.640569152874041-1.945019390746684j)
(2.487961373202303-1.751796272269689j)
(2.348527097760912-1.5406704429896396j)
(2.224488867880703-1.3114678534468103j)
(2.1184054426868366-1.0642797541919606j)
(2.033159000305385-0.7995617989807613j)
(1.971919624599314-0.5182436543446406j)
(1.9380803297170128-0.2218450213870562j)
(1.9351559148230248+0.08740908120428387j)
(1.9666403390656921+0.40648466166040137j)
(2.0358207079596093+0.7314611295493251j)
(2.1455508549629183+1.057496354557838j)
(2.297993579567739+1.3788522368736544j)
(2.494348719479306+1.68899768068441j)
(2.734593074997014+1.980800500938409j)
(3.0172648541133618+2.246809725109886j)
(3.3393275196610057+2.4796162119591627j)
(3.696143907319305+2.6722645196164585j)
(4.081580343933088+2.818675683536863j)
(4.488243203050259+2.9140327584652863j)
(4.907830021758323+2.955081648910669j)
(5.331558588223295+2.94030987670178j)
(5.750624969349906+2.869983786614318j)
(6.156638388810811+2.7460462044032155j)
(6.54198762640763+2.571896646943738j)
(6.900107909061733+2.3520904423253897j)
(7.22563507309688+2.091999175777403j)
(7.514450804847635+1.7974728248066578j)
(7.763635767825787+1.4745358388143768j)
(7.971354869472179+1.1291382364088012j)
(8.136700934276165+0.7669713936708572j)
(8.259520873336745+0.39334862110257146j)
(8.340243759079167+0.013143886847739771j)
(8.3797246249624-0.3692217492719458j)
(8.379112506856153-0.7497577736347327j)
(8.339746876225943-1.124857399945955j)
(8.26308333491783-1.4912365284338553j)
(8.150647152355036-1.8458670294691293j)
(8.004011837599405-2.185911071507979j)
(7.824799308690791-2.5086615717163014j)
(7.614698035998091-2.8114926095273534j)
(7.3754954667917225-3.0918227734073285j)
(7.109120931646075-3.3470937413800534j)
(6.817695070094344-3.574765799291741j)
(6.503581597704499-3.7723314040212363j)
(6.169436978842921-3.93734723078348j)
(5.818253312404234-4.0674843272981605j)
(5.453389571946324-4.160594976212604j)
(5.078586392119354-4.214793631346748j)
(4.697959996559452-4.228547897163438j)
(4.315971737770834-4.20077408793763j)
(3.9373711366332564-4.130930621029672j)
(3.567112256362724-4.019101599035564j)
(3.210245605645953-3.8660626571710317j)
(2.8717903084273946-3.6733216904900083j)
(2.5565936800899083-3.4431285271936134j)
(2.269187242559557-3.1784499317998582j)
(2.0136492504963477-2.882909293664118j)
(1.793483747277911-2.5606936245315333j)
(1.61152495119139-2.2164336075540083j)
(1.4698735141611687-1.855064962184756j)
(1.369868197262949-1.4816809573827217j)
(1.3120931705845489-1.1013863066999745j)
(1.2964179252223857-0.7191617842414352j)
(1.3220645610550932-0.33974669477286273j)
(1.3876970729700622+0.03245525992435264j)
(1.49152443500851+0.3934403817594079j)
(1.6314047936186955+0.7396407514938191j)
(1.8049469517942145+1.067937784850918j)
(2.009606597261833+1.3756533277589411j)
(2.2427708709642387+1.6605208723459706j)
(2.5018279428904093+1.9206423368914696j)
(2.7842205633638644+2.154435114391474j)
(3.087483479657908+2.360573332926845j)
(3.409265241239592+2.5379266729717145j)
(3.7473353359457824+2.6854994696410492j)
(4.099577779115598+2.80237223609712j)
(4.4639722499310235+2.887647250497293j)
(4.838563688532605+2.9403995043077154j)
(5.221420992403942+2.959634146617976j)
(5.610585138636081+2.9442515978165797j)
(6.004006768222684+2.8930217618293446j)
(6.399473064249772+2.8045692523467913j)
(6.794523717845795+2.6773722751782523j)
(7.186356009512498+2.5097787749094858j)
(7.571719676299493+2.3000446310686136j)
(7.946803456077122+2.046400001114143j)
(8.307117196114255+1.7471512097015225j)
(8.647376410227299+1.4008266262763815j)
(8.961400402497574+1.0063753262099036j)
(9.242040689116996+0.5634262814317158j)
(9.481163277293764+0.07261233419066984j)
(9.669715646884288-0.46404400229465514j)
(9.79791539859951-1.0426980545454914j)
(9.855599720875698-1.6572368590679554j)
(9.83276912019551-2.2988754967485305j)
(9.720340602011035-2.9558770943387844j)
(9.511090906404677-3.61349808587727j)
(9.200719402189964-4.254265466989377j)
(8.788899843442765-4.858670405888726j)
(8.280136715173146-5.406303875701867j)
(7.684219055984123-5.877366979057587j)
(7.016095358138166-6.254380291700438j)
(6.295086419870165-6.523827738942197j)
(5.543492674072123-6.677440234863593j)
(4.784797013191637-6.712876090322098j)
(4.041762188882414-6.633680860491709j)
(3.3347372048410415-6.448568468954326j)
(2.680417113448934-6.170203681996386j)
(2.0911763573233317-5.813740988214706j)
(1.574964223975214-5.395374066763611j)
(1.1356519557520706-4.931090253895503j)
(0.7736730323683159-4.4357380286326675j)
(0.48679768139035257-3.922433212957904j)
(0.27091337044658775-3.4022699841186466j)
(0.1207261112610705-2.884271008927432j)
(0.030338627783613632-2.3755026973454085j)
(-0.0063067270353969924-1.8812885182895498j)
(0.0048880748549701425-1.4054675302389565j)
(0.05838474404447296-0.9506608313283883j)
(0.14913009211430953-0.5185203948940044j)
(0.2726387310840018-0.10992994303329374j)
(0.4250077022747181+0.2746658664136827j)
(0.6027786831449856+0.635338377512034j)
(0.8031259340053556+0.9723824603288144j)
(1.0236738882369751+1.2862323405973222j)
(1.2624827857809855+1.5773968267676866j)
(1.5180068335791244+1.8463887070435585j)
(1.7890517894159783+2.0936691958633715j)
(2.0747352333721367+2.3196018643930874j)
(2.374449910506805+2.5244125611258506j)
(2.6878298284226214+2.708152517703743j)
(3.0147183134045896+2.8706622155853987j)
(3.3551367939699137+3.0115338499488873j)
(3.709252616630915+3.1300704153923427j)
(4.077343639600417+3.2252395883391616j)
(4.459756627268164+3.295620740492862j)
(4.856855505640072+3.3393436583282887j)
(5.268954252614525+3.354017979141048j)
(5.6962274998426485+3.3366531643465205j)
(6.13858974163001+3.2835702971403498j)
(6.595531361407752+3.1903095471501324j)
(7.065896615819201+3.0515414347563072j)
(7.547585675720165+2.8609969706748735j)
(8.037160809086242+2.611442552912566j)
(8.529337847278732+2.2947415580047674j)
(9.016351977273422+1.9020669651405682j)
(9.487207957884415+1.4243577397846896j)
(9.926868388909664+0.8531418149898314j)
(10.315510893637507+0.18186792968889934j)
(10.628103853846369-0.5921289868192247j)
(10.8347018264856-1.4650029330612824j)
(10.901996800296292-2.423321312545217j)
(10.796664467848172-3.441149064519285j)
(10.490738031280774-4.478400968264051j)
(9.968480152066684-5.481905617327348j)
(9.233108517806885-6.3903570729278485j)
(8.310819807602842-7.143116019424021j)
(7.249721153692906-7.690915185737416j)
(6.112988571316334-8.005010639059513j)
(4.96812967944629-8.081471669329483j)
(3.875994511764568-7.939334783328316j)
(2.882957343167161-7.613984884763098j)
(2.0178251686628097-7.14868787152986j)
(1.2929342607925127-6.587038642524232j)
(0.7077323489021814-5.96783656487259j)
(0.25309353122501915-5.322580593430609j)
(-0.08480984251826792-4.674988560536966j)
(-0.3215912453423036-4.041731572694918j)
(-0.4727373683692915-3.4337031028409006j)
(-0.5525187871888743-2.8573791334053333j)
(-0.5734844125230768-2.3160376652593357j)
(-0.5463259735446779-1.8107500944454364j)
(-0.47995263213822614-1.3411378133237222j)
(-0.38166870104349343-0.9059242479558767j)
(-0.2573885447313225-0.5033239589346462j)
(-0.11184409138763371-0.13131006293553962j)
(0.051140674470811824+0.21224338364177409j)
(0.22867824161528638+0.5293289624526537j)
(0.41841582901340413+0.8219163492736147j)
(0.618576129492781+1.091772698472319j)
(0.8278120487033758+1.3404888337740832j)
(1.045128192720207+1.5694633614361448j)
(1.2698157975585287+1.7798981951816253j)
(1.501399933437969+1.9727979679568266j)
(1.739596557766743+2.148970792359714j)
(1.984277194239801+2.3090287591662957j)
(2.235439285431858+2.4533870712002517j)
(2.493180480991728+2.582261033149587j)
(2.7576752608695263+2.695660331659211j)
(3.0291523462726784+2.7933801906734415j)
(3.3078713164002513+2.874989111555853j)
(3.59409672235298+2.9398130406803737j)
(3.8880677664359182+2.9869159868762587j)
(4.18996129215176+3.0150773838619376j)
(4.499845409743818+3.0227669196643934j)
(4.8176205796121945+3.0081182178784407j)
(5.142944433235842+2.9689037632855713j)
(5.475136118696244+2.9025149562696457j)
(5.813055687901936+2.8059533233495464j)
(6.154954298609381+2.6758418793872845j)
(6.498292284981547+2.5084695606106684j)
(6.839525220140062+2.2998865018890076j)
(7.173864029417025+2.0460733340913926j)
(7.49502535366822+1.7432125560176357j)
(7.795004031389725+1.3880921673983229j)
(8.06392134984476+0.9786672696264848j)
(8.2900290473496+0.5147885528522048j)
(8.45997408012805-0.000929216677732357j)
(8.559440460017445-0.5621852354823171j)
(8.57426244852102-1.1581842677637106j)
(8.49202602442652-1.7731914135089917j)
(8.30403175687604-2.3867440895569034j)
(8.00730276487684-2.9747670013820686j)
(7.606154627837044-3.5116540121805686j)
(7.112803235749279-3.9730823610355626j)
(6.546654204282657-4.33901295486708j)
(5.932280033823881-4.5961645319557425j)
(5.2965090003985855-4.739348244233847j)
(4.66532377543555-4.771394725387077j)
(4.061268569292758-4.701837498825494j)
(3.5018161458586055-4.544834985280209j)
(2.9987982960436437-4.316905889222968j)
(2.5587166660618053-4.034940859060187j)
(2.183610079002118-3.7147428521525248j)
(1.8721530862207898-3.3701473336099963j)
(1.6207411995960175-3.01264060430826j)
(1.4244208817259285-2.6513380809236478j)
(1.2776089463852653-2.293183198338381j)
(1.1746029453418843-1.9432547214596139j)
(1.1099133588026309-1.6051050076268767j)
(1.0784580809293236-1.2810827549139778j)
(1.075658172741371-0.972616801871539j)
(1.097467446751056-0.680452535715628j)
(1.1403610792380257-0.4048413297276095j)
(1.201301350662717-0.14568868500287438j)
(1.2776912612415579+0.09733151767739286j)
(1.3673225736871393+0.32469157778603186j)
(1.4683246695569743+0.5369483843425792j)
(1.5791177068410134+0.7346991020881322j)
(1.6983705001948426+0.9185492990038314j)
(1.8249631445983412+1.0890905341194346j)
(1.9579543881413768+1.246885050808011j)
(2.096553512846009+1.3924556334457454j)
(2.2400962947399496+1.5262791183598876j)
(2.388024539503034+1.64878242490072j)
(2.5398686826193577+1.7603402638845644j)
(2.695232967212971+1.8612738994841598j)
(2.853782749233404+1.9518505033796625j)
(3.015233518167153+2.0322827607419436j)
(3.179341256452037+2.102728477484236j)
(3.3458937892302463+2.1632900058169158j)
(3.514702796346983+2.2140133573169667j)
(3.6855961697176323+2.254886915086021j)
(3.8584104009011617+2.285839693948429j)
(4.0329826757589595+2.3067391345214583j)
(4.2091423355191715+2.31738845788345j)
(4.3867013368260395+2.3175236573908102j)
(4.565443308480464+2.306810268633857j)
(4.745110761675637+2.284840144379832j)
(4.925389967513915+2.2511285768549985j)
(5.105892977221637+2.205112264710028j)
(5.286136237961109+2.1461488278533687j)
(5.465515268216023+2.0735188422905497j)
(5.643274928529846+1.9864317107466494j)
(5.818474995800613+1.884037110814187j)
(5.989951078700649+1.7654442684951952j)
(6.156271473656867+1.6297518695431035j)
(6.315691449922631+1.4760919874937488j)
(6.466107775528015+1.3036918630689474j)
(6.605018152280978+1.111957518824756j)
(6.729492666083441+0.9005827283382932j)
(6.8361673019469125+0.6696853464657362j)
(6.921272705896217+0.41996990591397015j)
(6.9807140020528635+0.152910148716675j)
(7.0102183881843505-0.1290625372848032j)
(7.005564712074519-0.422388687091133j)
(6.962901287601498-0.722262911670204j)
(6.87914329172068-1.0226117212116914j)
(6.752419269057624-1.3162119169036008j)
(6.582510710638174-1.5949843764926124j)
(6.37120650759816-1.8504724929531906j)
(6.122485529429126-2.0744746927415383j)
(5.842455188267826-2.2597549725437767j)
(5.53901470366682-2.4007194620812036j)
(5.2212709480383115-2.4939368547893133j)
(4.898794039576175-2.5384049185961097j)
(4.580838046939465-2.535519337956447j)
(4.275655345844566-2.4887670841027303j)
(3.990001710484378-2.403221838628301j)
(3.728877024652154-2.284947158191668j)
(3.49549308090508-2.140410165182075j)
(3.2914210498523353-1.9759825248367306j)
(3.1168534601658897-1.7975698539952554j)
(2.970916769946703-1.6103777395188106j)
(2.8519838195740252-1.4187992809284673j)
(2.7579530495234548-1.2263970942067735j)
(2.6864778071334987-1.0359499936521481j)
(2.6351415540597913-0.8495377131389505j)
(2.601582718988149-0.668642864968038j)
(2.5835769811581053-0.49425562046300575j)
(2.5790860452955138-0.3269720880175352j)
(2.5862815712375316-0.16708158302155818j)
(2.603551695897769-0.014640917484401222j)
(2.629496088011016+0.13046430667476946j)
(2.6629140255410766+0.26847036698677995j)
(2.7027887336647396+0.39969652333522254j)
(2.748270217277641+0.5245148816162353j)
(2.798658058961551+0.6433274051546092j)
(2.8533850979113278+0.7565486234670306j)
(2.9120025159120067+0.8645927898254853j)
(2.9741665932342745+0.9678644431778382j)
(3.039627226380986+1.0667515167928319j)
(3.10821819408479+1.161620296792604j)
(3.179849097424133+1.2528116660159243j)
(3.2544988693708206+1.3406381731844867j)
(3.3322107376583183+1.4253815463622928j)
(3.4130885247891913+1.5072903258161774j)
(3.4972941746617363+1.5865773270206538j)
(3.5850464024442266+1.6634166615715158j)
(3.6766203694649686+1.7379400433685124j)
(3.7723482846940364+1.8102320900372282j)
(3.8726208251719174+1.8803242948804972j)
(3.977889244828464+1.9481872917091416j)
(4.0886679981827605+2.0137209621995384j)
(4.205537633482194+2.0767418412628005j)
(4.329147596184148+2.1369671589596626j)
(4.460218410170995+2.193994717936543j)
(4.599542445100326+2.2472776468305096j)
(4.747982098173436+2.2960929032221533j)
(4.906463668755996+2.3395022480499095j)
(5.075964420632325+2.3763043233887475j)
(5.257489229012469+2.4049765225871953j)
(5.452031706281663+2.423605695614334j)
(5.660512706641892+2.429807634420201j)
(5.883686589827221+2.42063713764133j)
(6.122002685685077+2.3924938798980935j)
(6.37540647561122+2.341035190932677j)
(6.643063164068589+2.261116308119624j)
(6.922987755536063+2.1467928365494373j)
(7.211574439520029+1.9914394745731911j)
(7.503040206401894+1.78806170797623j)
(7.7888410360683284+1.5298961961604414j)
(8.057189918588167+1.2113950466796393j)
(8.29290027208521+0.8296416651260631j)
(8.477866697023304+0.38611764867102705j)
(8.592508461811306-0.11148553008904709j)
(8.618339183596818-0.6479936202411598j)
(8.541420232456154-1.2007757648163142j)
(8.355887623298287-1.74167743952268j)
(8.066322366967555-2.2408509937772054j)
(7.687863886919454-2.6715854074269987j)
(7.243772798738853-3.0146111824468216j)
(6.761230704698202-3.260488479260615j)
(6.266834949783429-3.409545487697923j)
(5.78312538869992-3.469847956269384j)
(5.326784495532539-3.454250052281604j)
(4.908406856675065-3.3775344849850395j)
(4.533310705433436-3.254241443011333j)
(4.202806646075102-3.0973466272440118j)
(3.9154932277535344-2.9176668812595703j)
(3.668349637815716-2.7237672009521834j)
(3.4575513291487647-2.522152700408406j)
(3.279023739271074-2.317585575322716j)
(3.1287862341304256-2.1134276998899972j)
(3.003144443936215-1.911956556538129j)
(2.898781110035361-1.7146328474214554j)
(2.8127834451522995-1.5223155443392429j)
(2.7426335843880545-1.33542866650602j)
(2.6861796341275324-1.1540873598292791j)
(2.641598271737277-0.9781913620867836j)
(2.6073553969082246-0.8074931744757023j)
(2.58216844946654-0.6416470464942915j)
(2.5649722122517424-0.48024362912484897j)
(2.554888845618871-0.32283403839178637j)
(2.551202292787747-0.1689461534354913j)
(2.5533368775064744-0.018095248524302575j)
(2.5608397732853523+0.13020949810050825j)
(2.5733669846889122+0.2764614951765166j)
(2.5906725015488745+0.4211554179638685j)
(2.612600340240902+0.5647874951705654j)
(2.6390792577208693+0.7078569899627348j)
(2.670120006667923+0.8508685828894887j)
(2.705815091543721+0.9943354500054725j)
(2.746341086732529+1.1387828867759981j)
(2.791963692869966+1.2847523618551588j)
(2.8430458420874403+1.432805895863332j)
(2.9000593258854703+1.5835306468940917j)
(2.963600622604434+1.7375435406245778j)
(3.0344118610667468+1.895495696907461j)
(3.1134081945856713+2.058076256498585j)
(3.20171330423583+2.226014967928046j)
(3.300705340703455+2.400082501329589j)
(3.412076400566671+2.5810868251587475j)
(3.537909678739981+2.769862969137945j)
(3.6807798174291824+2.9672518657918965j)
(3.843883753725321+3.1740613223927983j)
(4.031211581839458+3.39099787531254j)
(4.247769480854771+3.618551238238935j)
(4.499869128604489+3.856801479314226j)
(4.795498824205021+4.10510000451199j)
(5.144787239594924+4.361544187912353j)
(5.5605529687495325+4.622115044365107j)
(6.058882983616584+4.879268685818081j)
(6.659559851076466+5.119659026418103j)
(7.385877488077607+5.320536203833616j)
(8.262794996805145+5.444308476678956j)
(9.31126332890756+5.431112514164863j)
(10.534879785973946+5.190922714671472j)
(11.893945782601712+4.601561992211273j)
(13.266510901823683+3.528367280171537j)
(14.416503694425408+1.8884355074892465j)
(15.02559305611697-0.24164930185221328j)
(14.840403944154259-2.55752784213028j)
(13.856435397717837-4.626856176561235j)
(12.339423518163109-6.12319436705885j)
(10.647321197178918-6.966465650834074j)
(9.0494730786512-7.267911949573132j)
(7.675364702199931-7.201356404158612j)
(6.552534475860178-6.919379285531783j)
(5.6581721581659465-6.528588128161341j)
(4.9531263061063315-6.094718904433582j)
(4.398175524430305-5.655034865046985j)
(3.9598718508810204-5.22908431423386j)
(3.6115945475738838-4.826066934758484j)
(3.3328190630422565-4.449392499472317j)
(3.1079333526458317-4.099361105631189j)
(2.925106743586532-3.774692776470353j)
(2.775359508590192-3.473381469981648j)
(2.6518444572378823-3.193160973889417j)
(2.549308296178186-2.9317506578006767j)
(2.463693019375801-2.686977611686057j)
(2.3918422102525-2.456830212066563j)
(2.331284536362091-2.2394743659504774j)
(2.280073637797244-2.033250099765898j)
(2.236669181230341-1.8366584107174377j)
(2.1998480577805837-1.6483438736298184j)
(2.168637783354913-1.467075970452893j)
(2.1422663842700183-1.2917306705568623j)
(2.1201246490732135-1.1212729747463048j)
(2.101737777287897-0.9547406793035508j)
(2.086744288324259-0.7912293656706781j)
(2.074880663503167-0.6298784884334383j)
(2.0659706486677387-0.46985836809919j)
(2.059918492769688-0.3103578663125336j)
(2.056705674621886-0.15057251268938773j)
(2.0563909027717133+0.010307145162773547j)
(2.059113384428942+0.173107188396267j)
(2.065099568807667+0.33868217671943884j)
(2.0746737982795658+0.5079273853123898j)
(2.088273568845234+0.6817915739153837j)
(2.1064704338026017+0.8612903627440792j)
(2.1299980104547807+1.047520165075526j)
(2.159789107320081+1.2416724107162909j)
(2.1970247295160585+1.4450474286307708j)
(2.243198709916107+1.6590667415594404j)
(2.300203037346152+1.885281494118459j)
(2.3704407058928045+2.125373010363158j)
(2.4569751770911132+2.3811385928403483j)
(2.563728347134574+2.6544508605682333j)
(2.695742049595395+2.947170902542706j)
(2.8595208572965225+3.260982220481938j)
(3.0634742352188664+3.5970905749375754j)
(3.3184689980214372+3.9556995835848343j)
(3.638477400318985+4.335117026393205j)
(4.0412383727749+4.7302672702117j)
(4.548692618691414+5.130287224635745j)
(5.186624184146933+5.514813889672196j)
(5.982330038184773+5.848692034268651j)
(6.958206471921163+6.075555026592918j)
(8.118318176123354+6.112850732910401j)
(9.426128526554733+5.855138228244904j)
(10.778562165158526+5.1971730521992j)
(11.99676947596223+4.084598575081843j)
(12.864517384301175+2.574687102993034j)
(13.218402826775437+0.8540758050394475j)
(13.030925825496995-0.8267019345067563j)
(12.412758392870028-2.2612538487567497j)
(11.539142670716952-3.351815338565624j)
(10.571156908533537-4.100279735112504j)
(9.61865001178371-4.563043581118397j)
(8.740444950836165-4.810879839381251j)
(7.959504782273126-4.907441750930412j)
(7.278233418508151-4.90228642517903j)
(6.689126922192045-4.831163971401503j)
(6.180961903402531-4.718763924121249j)
(5.741965540372673-4.58168852214736j)
(5.361241264168723-4.430898243649793j)
(5.029280898676932-4.273515263881674j)
(4.7380375155696965-4.114084896725366j)
(4.480809259985882-3.9554343611487734j)
(4.2520583573051525-3.7992495162328472j)
(4.047222933395148-3.64645977512175j)
(3.8625456896032335-3.4974944042586174j)
(3.694927272698824-3.3524531017006103j)
(3.5418048322894276-3.211219513723458j)
(3.401053279081234-3.0735367113957497j)
(3.2709058523805004-2.939057233746237j)
(3.1498906259839963-2.8073760669126084j)
(3.0367799674097067-2.6780521367783905j)
(2.930550452814352-2.550622051919811j)
(2.830351213341845-2.424608617381737j)
(2.7354791042169686-2.2995258339797666j)
(2.6453594350720446-2.1748815631822085j)
(2.559531282420752-2.050178683593808j)
(2.4776366315126066-1.9249153327527788j)
(2.3994127744316875-1.7985846790450706j)
(2.3246875326171144-1.6706745781452987j)
(2.2533769816228353-1.540667420402372j)
(2.1854854386239695-1.4080404596888798j)
(2.121107531667308-1.2722669238845643j)
(2.060432204734793-1.132818238207757j)
(2.0037485231085705-0.9891677422000243j)
(1.9514531259455443-0.8407963468181893j)
(1.9040591218613665-0.6872006567237338j)
(1.8622061309424043-0.5279041697035721j)
(1.8266710331448828-0.3624722524645987j)
(1.7983787769644324-0.1905316674818464j)
(1.7784123209349103-0.011795470058949075j)
(1.7680204118769596+0.17390592123932416j)
(1.7686214418240962+0.366586798832059j)
(1.7818010817310925+0.5660609907656026j)
(1.8093008052066308+0.7718895647805427j)
(1.8529938615865729+0.9833223657532376j)
(1.9148448420566815+1.1992355293183559j)
(1.9968488733442198+1.418068715195474j)
(2.100946918892185+1.6377677997648012j)
(2.228914970484542+1.855741009672143j)
(2.3822273664151226+2.0688386322569245j)
(2.561898258292248+2.2733679542296623j)
(2.7683102985879455+2.4651552052285353j)
(3.0010454459846803+2.6396641715232043j)
(3.258738348311681+2.7921760988621247j)
(3.538976498044424+2.9180273363258467j)
(3.8382714451316877+3.012890601401134j)
(4.152120295737609+3.0730746121802035j)
(4.475166086653532+3.0958079292301535j)
(4.801450649375067+3.079469219264714j)
(5.124737286153858+3.0237299758422482j)
(5.438867076056175+2.92958724483881j)
(5.738105739792693+2.799280919875202j)
(6.01743979851477+2.636108605439283j)
(6.2727907390192055+2.4441662864749296j)
(6.501131127565819+2.2280516073854177j)
(6.700502956192908+1.9925671989976157j)
(6.869952116825796+1.742455304788399j)
(7.009401394412558+1.4821846349246073j)
(7.119487209972048+1.2157990162705214j)
(7.201383489702079+0.9468275149687809j)
(7.256631228090263+0.6782486957039507j)
(7.286986354890523+0.41249786623343504j)
(7.294292805950255+0.15150508409705835j)
(7.280383059439504-0.10324744318950148j)
(7.247005133279058-0.3506580040616938j)
(7.195773086018804-0.5899352022174408j)
(7.128137173386842-0.8205298472814874j)
(7.04536967899552-1.0420719301408534j)
(6.948562762447644-1.254314260103964j)
(6.838635206907579-1.4570833315311136j)
(6.716345561809135-1.650237316585609j)
(6.582309803801419-1.8336306920734915j)
(6.437022203833993-2.007084867855968j)
(6.280878525588722-2.1703642068854423j)
(6.1142009984806664-2.323156926395281j)
(5.9372647366971805-2.465060514972728j)
(5.750325419795978-2.595571480669076j)
(5.553648106924486-2.7140794421975825j)
(5.34753702800437-2.819865766185856j)
(5.132366087624814-2.9121071183590916j)
(4.908609638548008-2.989884416848067j)
(4.6768728411498435-3.0521977319759834j)
(4.4379206368965365-3.0979876474739183j)
(4.192704049930966-3.126163461163683j)
(3.9423822231388894-3.1356383395215834j)
(3.6883383372922265-3.125371138731484j)
(3.4321874079035664-3.0944140674437466j)
(3.1757739641048985-3.0419647167725365j)
(2.9211578447086994-2.967420270562511j)
(2.670586841930927-2.8704310113684954j)
(2.426455697946157-2.7509496573563923j)
(2.191251986185027-2.6092727184894056j)
(1.9674906096066092-2.446070057801132j)
(1.7576398924669552-2.262399266625915j)
(1.564043362357214-2.0597023381821087j)
(1.3888421346955497-1.8397834054794293j)
(1.2339031638842046-1.6047678723064516j)
(1.1007584141953055-1.3570449197277017j)
(0.9905592160630935-1.099196890341435j)
(0.9040487932159935-0.8339202224462052j)
(0.8415543379860717-0.563943262040318j)
(0.8029982865359889-0.29194632834864875j)
(0.7879268842801339-0.020488802579901783j)
(0.7955531574106778+0.24805292561863956j)
(0.8248103305022759+0.511533514365806j)
(0.8744107505599573+0.768071790181713j)
(0.9429067944596812+1.0160694961813397j)
(1.028750368379459+1.2542162573716962j)
(1.1303478717755029+1.4814826107546926j)
(1.2461086141580557+1.697103532786926j)
(1.374485545028787+1.9005549550362106j)
(1.514007873841751+2.091525653641608j)
(1.6633057456665676+2.2698866420446j)
(1.8211275714043105+2.435659838843183j)
(1.9863508886786623+2.5889873832663532j)
(2.1579877700137415+2.7301025766598426j)
(2.335185826377377+2.859303070856103j)
(2.517225806252113+2.9769266206952167j)
(2.703516690382369+3.0833294744780373j)
(2.893589052881308+3.1788672911271236j)
(3.0870873176264713+3.2638783397942093j)
(3.2837613965734302+3.338668647607121j)
(3.4834580607585757+3.4034987045509006j)
(3.686112268404819+3.458571301958824j)
(3.891738557666892+3.504020064769916j)
(4.100422501759118+3.5398982311437925j)
(4.312312117230053+3.566167231461991j)
(4.52760900614946+3.5826846192525377j)
(4.746558892626858+3.5891909081784776j)
(4.969441074493716+3.5852948732808305j)
(5.196556141477624+3.5704568854649796j)
(5.428211099106038+3.5439698741606938j)
(5.664700768064665+3.5049375684100763j)
(5.906283985109839+3.4522497741425044j)
(6.153152696307595+3.384554640390586j)
(6.4053914905826375+3.3002282031294605j)
(6.662924462895695+3.197342051518903j)
(6.925445531765087+3.073630852412453j)
(7.192327513642215+2.9264628564416455j)
(7.462504498332403+2.7528186098249594j)
(7.734321626986929+2.549286182559918j)
(8.005346716823404+2.3120855971104755j)
(8.272140114972155+2.0371410492067j)
(8.529983994530944+1.7202269530321455j)
(8.772581926342353+1.3572221839681569j)
(8.991756402819844+0.9445142056648634j)
(9.177198474745596+0.47959686292516657j)
(9.31636065345199-0.038105022880481065j)
(9.394627900111116-0.6061857189962905j)
(9.395938463616611-1.218056089013813j)
(9.304028626620404-1.8617761855550419j)
(9.10440125585826-2.5192549498703825j)
(8.78692763718137-3.1662695461390706j)
(8.348686430858475-3.773755239548749j)
(7.796313898134322-4.310585751105148j)
(7.1469786166726275-4.747578436085808j)
(6.427307425549137-5.061872801885136j)
(5.670215958821603-5.240466142240547j)
(4.910384250987286-5.281837433642517j)
(4.179633386395652-5.19525085554866j)
(3.50340749481371-4.998157269034253j)
(2.8990189434189007-4.712662135065969j)
(2.375629036422984-4.362085187739792j)
(1.9354582498475443-3.9683081364887736j)
(1.5755772985771588-3.5501606267057335j)
(1.289743620632887-3.122749618848172j)
(1.0699628186263996-2.6974699643879454j)
(0.9076523847028926-2.282412805279704j)
(0.7944154118355284-1.882945233041981j)
(0.7224949239334394-1.5023125161413111j)
(0.6849957389599336-1.1421820279308899j)
(0.6759524239981799-0.8030955799509679j)
(0.6903043997753654-0.48482535907846325j)
(0.7238207752098071-0.18664300433390246j)
(0.7730025672964403+0.09248468541294205j)
(0.834982371111896+0.353757986736694j)
(0.9074291100094076+0.5984465679969218j)
(0.988459773218092+0.8278242082208656j)
(1.0765630970019313+1.0431276360957216j)
(1.1705350225656401+1.2455311557638231j)
(1.2694245656485912+1.4361322310314335j)
(1.3724889135823983+1.615944600312493j)
(1.4791565048487394+1.7858963847671598j)
(1.588996870514817+1.946831382250801j)
(1.7016961261109087+2.099512287289626j)
(1.8170371452197054+2.244624971199347j)
(1.934883592912161+2.3827832348411677j)
(2.05516713423429+2.5145336407909653j)
(2.1778772544436755+2.640360165479718j)
(2.303053232097118+2.760688502387213j)
(2.430777894027797+2.8758899070197095j)
(2.561172854320674+2.986284511980545j)
(2.6943949995205005+3.0921440621112173j)
(2.8306340313881333+3.1936940296835226j)
(2.970110918248182+3.291115070792534j)
(3.1130771377508957+3.3845437782249483j)
(3.2598146187629804+3.4740726741620116j)
(3.4106363088143903+3.559749368507948j)
(3.565887306352378+3.6415747852918794j)
(3.725946503837671+3.7195003299109417j)
(3.891228687743807+3.793423832984196j)
(4.062187033377039+3.863184060894611j)
(4.239315913770572+3.928553526924057j)
(4.423153909107555+3.9892292680810417j)
(4.614286850810352+4.044821168798916j)
(4.813350654748031+4.094837311017535j)
(5.021033579643942+4.138665708327482j)
(5.238077373516153+4.175551638330319j)
(5.465276519895126+4.204569622874109j)
(5.703474434329+4.2245889256899645j)
(5.953554945411783+4.234231255324979j)
(6.216426661932392+4.231819208259186j)
(6.492996797078431+4.21531392084545j)
(6.784129587668228+4.182240525159483j)
(7.090582487115756+4.129600508317601j)
(7.4129106975706645+4.053771270770518j)
(7.751327252801516+3.950395579230045j)
(8.105501825938193+3.8142680209947644j)
(8.474277127019242+3.6392331937100453j)
(8.85527833935197+3.4181228710682756j)
(9.244391124886196+3.1427787585476645j)
(9.635092388727195+2.8042353522600867j)
(10.017644029557873+2.39317336680157j)
(10.378216448182442+1.9007917218276886j)
(10.6981107942972+1.3202659343517353j)
(10.953404075133353+0.6489225466951355j)
(11.115525179295771-0.10890139651199052j)
(11.153389872302931-0.938694375879869j)
(11.037592098480122-1.8132170175782802j)
(10.746543053496055-2.691996286253917j)
(10.27332626476337-3.524351889084802j)
(9.630851602095497-4.2564957544362985j)
(8.85261613635297-4.841325174075194j)
(7.987792268060843-5.247664310765349j)
(7.091990960327652-5.465424656447586j)
(6.217136006981304-5.504991976155878j)
(5.403933290254873-5.3918690707219765j)
(4.67863169262974-5.159323565067425j)
(4.053662562836054-4.841715085066172j)
(3.5305765019565643-4.4699575530578715j)
(3.1036556649590716-4.06929512867515j)
(2.7631434539907094-3.658838433961404j)
(2.4976530911314554-3.2521332534798417j)
(2.2957311509934075-2.8581695871377364j)
(2.1467416906496704-2.4824582943459643j)
(2.041277736621375-2.1279883928906385j)
(1.9712782368112538-1.7959988828267999j)
(1.929980111834351-1.486563708873393j)
(1.9117901793149268-1.1990163261521825j)
(1.912127893458833-0.932247788382171j)
(1.92726705405691-0.6849101967606198j)
(1.9541904252250493-0.455551825599392j)
(1.9904628634875405-0.24270422590939195j)
(2.0341239692168243-0.044936278650644694j)
(2.0835990062606373+0.13911411618199793j)
(2.1376259158578494+0.31072324526074285j)
(2.195196032248459+0.4710745158559276j)
(2.2555062091918585+0.6212575731511548j)
(2.3179203066637095+0.7622711985365496j)
(2.381938278206072+0.8950283867084711j)
(2.4471713925424297+1.0203625517277697j)
(2.513322390802174+1.139034187539959j)
(2.58016961167727+1.2517375605261656j)
(2.647554309541617+1.359107179336887j)
(2.7153705482483774+1.461723897709162j)
(2.7835571809113717+1.560120577763502j)
(2.8520915286104214+1.654787287043677j)
(2.9209844533278497+1.7461760308625718j)
(2.9902765865831795+1.8347050381369707j)
(3.060035528586283+1.9207626277436105j)
(3.130353876071004+2.0047106861174946j)
(3.2013479725963165+2.0868877870649234j)
(3.27315730488017+2.167611982686708j)
(3.3459444942082417+2.2471832905690263j)
(3.419895854428889+2.3258858973582233j)
(3.4952225086097837+2.4039900925883297j)
(3.572162076087972+2.4817539390915995j)
(3.6509809612930884+2.559424677181425j)
(3.731977296268113+2.637239848560676j)
(3.815484611151353+2.7154281118096093j)
(3.901876331999775+2.7942097032723874j)
(3.991571234288444+2.873796473672168j)
(4.085040014420875+2.9543913997327187j)
(4.1828131819805465+3.036187428518907j)
(4.28549052374609+3.119365455999748j)
(4.3937524482875245+3.204091164667252j)
(4.5083735888203815+3.2905103396863216j)
(4.630239123149595+3.3787421373161526j)
(4.760364363266027+3.4688695765579705j)
(4.899918271657015+3.5609262412832274j)
(5.0502516706233465+3.6548777812572277j)
(5.212931010740106+3.7505962374029624j)
(5.389778625869608+3.8478244190792488j)
(5.582920368168448+3.9461264291363327j)
(5.794841281050435+4.044818825697269j)
(6.028449336186153+4.142874635400071j)
(6.287145880384153+4.238789238061796j)
(6.574898681982623+4.330392721599239j)
(6.89630822936674+4.414587356439214j)
(7.256648303440678+4.486981241999427j)
(7.66184459078112+4.541380470289534j)
(8.118324992034193+4.569094641627871j)
(8.632624461644149+4.558010799214557j)
(9.210545709911722+4.491414633248266j)
(9.855557551650989+4.3466193943023175j)
(10.565967499535702+4.093668399453802j)
(11.330312662507785+3.6948122900332208j)
(12.120613170868877+3.1062349102516777j)
(12.884149685196874+2.284525187574981j)
(13.536988343962848+1.2008716559967276j)
(13.966550884708308-0.13627382482876332j)
(14.052876210264733-1.6570056473565355j)
(13.711106061103798-3.2223762829496896j)
(12.937373933323654-4.652695867828095j)
(11.82394994067327-5.787464980868929j)
(10.525906518644398-6.540461624342399j)
(9.202087068645803-6.914002205078688j)
(7.970085690567022-6.972709287326827j)
(6.893189043825166-6.804504554120621j)
(5.990468223754027-6.4919686358732935j)
(5.253949227488134-6.099664686793959j)
(4.663060132193486-5.672585465234666j)
(4.193739480024419-5.23955705883951j)
(3.8231079196161257-4.817713202493347j)
(3.5313536848677227-4.41637412227212j)
(3.3021447924937126-4.039914496260428j)
(3.1223766894898906-3.6897152181234754j)
(2.9816861498951632-3.3654271616177547j)
(2.8719352450081086-3.065762266332573j)
(2.7867485817884465-2.7889754853599156j)
(2.721128574751941-2.533150535684939j)
(2.671147936499539-2.2963636394440377j)
(2.633709098627689-2.076772609225944j)
(2.606358133862515-1.8726609757459196j)
(2.587141611881089-1.6824555651805817j)
(2.574496666398163-1.504728828939441j)
(2.567166504860599-1.3381928014784028j)
(2.564135321594811-1.1816888200981412j)
(2.564577990874543-1.034175450938212j)
(2.5678210288441154-0.8947160290821232j)
(2.5733121678745396-0.7624665891830957j)
(2.5805965352160865-0.6366645817635618j)
(2.589297916285541-0.5166185434213418j)
(2.5991039499352433-0.40169875707697006j)
(2.6097543787235495-0.2913288641986709j)
(2.621031684584122-0.18497835173180188j)
(2.6327535967265727-0.08215581804034053j)
(2.6447670770490834+0.017597084264520516j)
(2.656943478435378+0.11471113061384142j)
(2.669174640198204+0.20959453058472854j)
(2.6813697379441632+0.302637552089008j)
(2.6934527462461695+0.39421685367171017j)
(2.705360404710777+0.4846996117007415j)
(2.71704060358627+0.5744475275611387j)
(2.7284511257243045+0.6638208003133407j)
(2.7395586988581475+0.753182153052796j)
(2.750338326919708+0.8429010068811041j)
(2.760772882452478+0.9333579055409243j)
(2.77085295497971+1.0249493071389786j)
(2.780576963357546+1.1180928780051858j)
(2.789951554679626+1.2132334490065764j)
(2.798992329402868+1.3108498284593033j)
(2.8077249535892435+1.4114627107816906j)
(2.816186746605985+1.515643979835523j)
(2.8244288692616384+1.62402778554953j)
(2.832519287440148+1.7373238789823142j)
(2.8405467561191498+1.8563338344553262j)
(2.8486261676281015+1.9819709820398128j)
(2.856905750445027+2.115285140099108j)
(2.8655768128956445+2.257493605788502j)
(2.8748870346269535+2.410020375706142j)
(2.885158773343562+2.5745462954830844j)
(2.8968145656695516+2.7530738762259497j)
(2.910413109642189+2.9480120211887852j)
(2.9267007775047347+3.1622881171129986j)
(2.9466865640557223+3.3994982387180435j)
(2.9717531157309995+3.664111194996345j)
(3.003824549145476+3.961749787577009j)
(3.0456258673415904+4.299584544856026j)
(3.101094194667169+4.686893937697923j)
(3.176049418292609+5.135874856017221j)
(3.279323461775244+5.66283434246804j)
(3.42473216781319+6.289966637446748j)
(3.634663582298861+7.048023194020669j)
(3.946920540944862+7.980287612688163j)
(4.428471999250429+9.148166311564532j)
(5.20470153982851+10.637379637968708j)
(6.525096996793733+12.556401288390743j)
(8.91486515982878+14.98272708271504j)
(13.488589208147458+17.64277990619191j)
(22.07005364151568+18.49055041466267j)
(33.19768436962442+11.077214976511161j)
(34.19194850395665-4.612672690354509j)
(25.067719569330034-13.044436817333521j)
(17.304634358062703-13.959984394816477j)
(12.653247276998-12.671873503496197j)
(9.91183384480805-11.12805252192369j)
(8.210739546609759-9.769164634281024j)
(7.09209569205234-8.646799244905463j)
(6.317490800367237-7.728922127826315j)
(5.757162279222324-6.973685283549788j)
(5.336662361800521-6.345400607375346j)
(5.011106272723915-5.816384189961273j)
(4.7522156985610655-5.365689856072936j)
(4.54147819875507-4.977496600904848j)
(4.36636354320381-4.639767853015368j)
(4.218140030407627-4.3432473597083785j)
(4.090565320429517-4.080731581058405j)
(3.9790745114007224-3.846546433294934j)
(3.880261179368183-3.636169799128919j)
(3.7915366214669755-3.4459570046648302j)
(3.7109006471694173-3.272939129922604j)
(3.636784018251644-3.1146731801768937j)
(3.567937993814767-2.9691295212680826j)
(3.5033555045829647-2.8346063631696317j)
(3.442213976395773-2.709664082439598j)
(3.38383323345042-2.5930742462136016j)
(3.3276440749578318-2.483779638981472j)
(3.2731645184008307-2.3808626010034746j)
(3.2199816248812274-2.2835196996609426j)
(3.167737440287324-2.191041263616343j)
(3.116118007060484-2.1027946761295238j)
(3.064844692391752-2.0182105903229584j)
(3.013667282720833-1.9367714245158973j)
(2.9623584394257527-1.8580016400013852j)
(2.910709215049026-1.7814594108173942j)
(2.8585254057238574-1.7067293750442627j)
(2.8056245720770496-1.6334162169457263j)
(2.751833603657867-1.5611388738718017j)
(2.6969867349965604-1.4895251948473014j)
(2.6409239477169066-1.4182069017658272j)
(2.5834897149384304-1.3468147209474883j)
(2.5245320632343438-1.2749735638202198j)
(2.4639019450940607-1.2022976415771724j)
(2.4014529324543776-1.128385400473996j)
(2.3370412606640367-1.0528141623817104j)
(2.270526273564166-0.9751343495511097j)
(2.201771345743891-0.8948631634399768j)
(2.130645389328465-0.8114775750192472j)
(2.0570250922407483-0.7244064683764898j)
(1.980798085791942-0.6330217609960397j)
(1.9018673057067819-0.5366283034732922j)
(1.8201568975530906-0.43445233987340903j)
(1.735620132039873-0.3256282897532785j)
(1.6482499471015304-0.2091835979530793j)
(1.5580929346227583-0.08402139523102015j)
(1.4652678571550917+0.05109926733423108j)
(1.3699901377583132+0.19758578536884194j)
(1.272604245833056+0.35703700492287554j)
(1.1736265340346388+0.5312706118938916j)
(1.0738018615737044+0.7223521244716002j)
(0.9741782276418066+0.9326238714413354j)
(0.876204751185793+1.1647311795384685j)
(0.7818599490010694+1.421641077474635j)
(0.6938190607618009+1.7066452751870191j)
(0.6156702839784123+2.0233336274955342j)
(0.5521897428182868+2.375516415171802j)
(0.5096827262387562+2.7670623378867876j)
(0.4963912312509999+3.2016029456467474j)
(0.5229501026767371+3.6820334034281332j)
(0.6028383771086384+4.209716747407134j)
(0.7527082716953242+4.783283119306877j)
(0.9923710324447115+5.39692820256772j)
(1.3440762124547092+6.038197553850493j)
(1.8305728708822022+6.685459244725622j)
(2.471396287411327+7.305679279033524j)
(3.27709894938123+7.853704052399532j)
(4.2420095535492175+8.274765699221174j)
(5.337603937846787+8.51174091374626j)
(6.51004073216359+8.517067732655466j)
(7.68531806977702+8.266198802716236j)
(8.782557141048338+7.766854260062024j)
(9.731163378844897+7.058942838052881j)
(10.484723666161239+6.204577891236323j)
(11.02629700603604+5.272923376703909j)
(11.364783484985574+4.326454217406673j)
(11.526143681384672+3.41285223341157j)
(11.5439986208087+2.5629767872126634j)
(11.45244941756499+1.7929391974117073j)
(11.281876492354494+1.1078944281989518j)
(11.057207345669198+0.5058758623730232j)
(10.797758368109747-0.01911463173882158j)
(10.517871971029514-0.47493569902644805j)
(10.227834136018709-0.8699320938143732j)
(9.934792359257077-1.2121470930870588j)
(9.64355122372869-1.508925313041437j)
(9.357211150206156-1.7667557745838214j)
(9.07765808019734-1.9912523419925914j)
(8.805927758346337-2.1872059948460425j)
(8.54247113440599-2.3586694300960276j)
(8.287344817439504-2.509051391423315j)
(8.040346234119736-2.641208684474524j)
(7.8011087023793335-2.7575302200339196j)
(7.56916768570573-2.8600110136230565j)
(7.344006384225278-2.950315858547122j)
(7.1250866259903685-3.029833247918211j)
(6.911869297603418-3.099720541305425j)
(6.70382755806456-3.160941413148477j)
(6.500455035269138-3.214296871240752j)
(6.301270553827522-3.260450823049878j)
(6.105820509810664-3.2999511272888555j)
(5.9136796505864675-3.3332468961363833j)
(5.724450802843144-3.360702677204229j)
(5.53776393818806-3.3826100329840902j)
(5.353274857594712-3.3991969431053457j)
(5.170663699630583-3.410635378875486j)
(4.989633423623316-3.4170473374648553j)
(4.80990838150291-3.4185095724876073j)
(4.6312330665671935-3.415057216841343j)
(4.453371110664961-3.4066864610442416j)
(4.276104590936037-3.393356424759466j)
(4.099233701586991-3.374990339761514j)
(3.922576843946289-3.351476148537666j)
(3.745971188303909-3.3226666134909135j)
(3.5692737630402327-3.288379026979391j)
(3.39236312965691-3.2483946120235694j)
(3.215141705925028-3.202457707430354j)
(3.0375388028006802-3.150274839441016j)
(2.859514443250996-3.0915137950342566j)
(2.6810640317147962-3.0258028299839603j)
(2.5022239403571076-2.95273016795128j)
(2.3230780710110093-2.8718439754681135j)
(2.14376543776121-2.782653031596947j)
(1.9644887921103331-2.6846283499187718j)
(1.7855242776979714-2.577206053277524j)
(1.6072320513153768-2.459791846487395j)
(1.4300677378868778-2.3317674758462705j)
(1.2545944955699975-2.1924996020107224j)
(1.0814953500325204-2.0413515377374893j)
(0.911585312404295-1.877698304861098j)
(0.7458226238366463-1.7009454335300456j)
(0.5853182754143813-1.510551845879702j)
(0.4313427458914106-1.3060570165828336j)
(0.285328701086143-1.087112354989731j)
(0.1488682381617681-0.8535163345682972j)
(0.023703104797227762-0.6052519415774525j)
(-0.08829607083004926-0.34252084375131603j)
(-0.18521776567078282-0.06579378078214582j)
(-0.26493332273447134+0.22401007563911854j)
(-0.32538949175370047+0.5259371060294579j)
(-0.3646446736665787+0.8384586653451359j)
(-0.3808243916001876+1.1597099555617618j)
(-0.3722626991767539+1.4874684648136356j)
(-0.33758161492708544+1.8191720235383255j)
(-0.2757695204816858+2.1519642888878154j)
(-0.18625138555770002+2.482762040226668j)
(-0.06894396339602239+2.8083417069480747j)
(0.07570997853943702+3.1254408776280007j)
(0.24673286243240972+3.430868657834984j)
(0.4426312915804558+3.7216173472946723j)
(0.6614426145470079+3.9949673221482502j)
(0.9008061778289074+4.248577396139321j)
(1.1580540134014128+4.480554277583017j)
(1.4303139965983633+4.6894968405142645j)
(1.7146176934924209+4.874513456215535j)
(2.008005261579575+5.035213192712731j)
(2.3076207673899263+5.171673917730181j)
(2.610792901028628+5.284391965428345j)
(2.9150979944572715+5.3742189168477825j)
(3.218404183722224+5.442291205847573j)
(3.5188972497890263+5.489957814907318j)
(3.815089971899695+5.518710451970088j)
(4.1058176696313335+5.530119501371935j)
(4.390223012797077+5.5257778988643445j)
(4.667733213629028+5.5072540290309675j)
(4.93803248140988+5.476053867696584j)
(5.201032217530821+5.433591929146332j)
(5.4568409482903855+5.381170127795751j)
(5.705735502902333+5.319963401592574j)
(5.9481344922229376+5.251010832420784j)
(6.184574756663061+5.175210996153478j)
(6.415691140659523+5.093320343369341j)
(6.642199715710448+5.005953518533601j)
(6.864884407048031+4.913584645012973j)
(7.084586869570914+4.816548716613598j)
(7.302199394417675+4.715042329827306j)
(7.518660596341533+4.609123055058263j)
(7.734953622422904+4.498706772530201j)
(7.952106623907354+4.383562282873388j)
(8.171195234423282+4.263302436129702j)
(8.39334678611573+4.137370896147573j)
(8.619745959554633+4.00502346630424j)
(8.85164146915829+3.865302562788206j)
(9.090353121040678+3.717003155252728j)
(9.337278378508426+3.558627906794545j)
(9.593896960000837+3.388328930058456j)
(9.86177187643115+3.203832843651001j)
(10.142544805245295+3.0023441877328008j)
(10.437921800497522+2.7804195108270076j)
(10.749641005821161+2.5338020913279102j)
(11.079408676113818+2.257206302662516j)
(11.428783805372886+1.944039002611837j)
(11.7989813476095+1.5860418438570998j)
(12.190545146632504+1.172835829490646j)
(12.602811070052537+0.6913522025900207j)
(13.033033595542353+0.12514842203419313j)
(13.474977906123069-0.54635121980683j)
(13.916678575030206-1.3485533774465517j)
(14.336943138034892-2.3119811787793303j)
(14.700091079779824-3.471361149058148j)
(14.948559827015158-4.861914885982935j)
(14.993891610893629-6.5099731971462536j)
(14.70930249988842-8.413661413931978j)
(13.932907595374694-10.51004580636145j)
(12.49887867963511-12.633296183509504j)
(10.313983974009924-14.490687795267606j)
(7.465193000677696-15.709316490222944j)
(4.276849663694629-15.98448809494678j)
(1.2190419213462815-15.251892553926776j)
(-1.301256402988977-13.727187917438654j)
(-3.0946664597491322-11.772360201344458j)
(-4.186536553568313-9.722061480655013j)
(-4.718566282641607-7.794691144384409j)
(-4.855840800247559-6.093261993130205j)
(-4.738628802864601-4.643455360067279j)
(-4.4697051342215435-3.4306771833417415j)
(-4.118340212931964-2.4243276354706955j)
(-3.7288137906393697-1.5906705936392431j)
(-3.3283290669809853-0.8985507796027004j)
(-2.9329673839376795-0.321340087438687j)
(-2.5517722910027696+0.16286324821282938j)
(-2.1894221185235505+0.571729674145369j)
(-1.8479352608944344+0.9193906386396007j)
(-1.527742866943491+1.2171165161865647j)
(-1.2283575316247146+1.4739041361492766j)
(-0.9487869691290995+1.6969580153588977j)
(-0.6877876027957912+1.892073407810426j)
