(12.84025914051459+0j)
(12.736075625085187-0.6122907035877062j)
(12.518106039485732-1.1147580287328835j)
(12.256468644598618-1.5324122356030914j)
(11.96659880554985-1.8874352433575068j)
(11.653664848914492-2.1888280922360033j)
(11.321679857137084-2.4399850690310747j)
(10.974955548038487-2.6421508660107014j)
(10.61821447828578-2.795896126187124j)
(10.256445771378097-2.9017814606662746j)
(9.89472920945435-2.9606553715297776j)
(9.53808220185216-2.973770179727582j)
(9.191343048507479-2.9428023976651425j)
(8.859091764669474-2.8698234775594598j)
(8.545605253663167-2.7572478826242217j)
(8.254841676327013-2.607775315688461j)
(7.9904480488545975-2.424337899127008j)
(7.755784905620546-2.2100591907295546j)
(7.553962018452845-1.968229295174098j)
(7.387879465902153-1.702298567168961j)
(7.26026862627191-1.415891240240855j)
(7.173727787246665-1.1128395520484593j)
(7.130746913819345-0.7972383820694989j)
(7.1337156204598235-0.4735198681711311j)
(7.18490751743339-0.14654669295405612j)
(7.286432870203948+0.17827854888513667j)
(7.440150043873167+0.4948926099475998j)
(7.64752477720361+0.7964475343407714j)
(7.909425463964182+1.075196340873816j)
(8.225843195904558+1.3224084797567235j)
(8.59552869854892+1.5283441173075345j)
(9.015546342406248+1.6823267690945767j)
(9.48076035984+1.7729639218761994j)
(9.983292210157165+1.7885714109787763j)
(10.512021131835557+1.717853462459008j)
(11.052239062959718+1.5508684493766218j)
(11.585606876907029+1.2802625623695936j)
(12.090574154759809+0.9026764974371061j)
(12.543396844425386+0.42013239914891026j)
(12.91979661868336-0.15888383308485415j)
(13.19715137576668-0.8189724708824978j)
(13.356920458320072-1.5382767747729416j)
(13.38685813299161-2.2899522088840127j)
(13.282533010508129-3.044500412403178j)
(13.047794082451272-3.772570221445109j)
(12.694079458745202-4.447686037958437j)
(12.23875682972117-5.048393936553695j)
(11.702900797731616-5.559501881650817j)
(11.108980103487243-5.972347052560538j)
(10.478850256435996-6.284248312962388j)
(9.83228486037553-6.4974288866928145j)
(9.186107239997614-6.617713051968489j)
(8.553855791998435-6.653242709904054j)
(7.945850006167049-6.613369843309838j)
(7.369510796973743-6.507794972576491j)
(6.829808634402267-6.345958293212571j)
(6.329746511991442-6.136652967174618j)
(5.870818718895116-5.887814358669662j)
(5.453414014815263-5.606437506979792j)
(5.077151279981309-5.298581158770169j)
(4.741147799153502-4.969425526691841j)
(4.444226810683951-4.62335983155635j)
(4.185073643878913-4.2640833084761685j)
(3.962350174384555-3.8947093055823134j)
(3.774776509598639-3.5178664473888523j)
(3.6211874546789153-3.1357938427040186j)
(3.5005698002605024-2.7504293022348887j)
(3.41208501850098-2.363490776562748j)
(3.3550806363334726-1.976551956355438j)
(3.329092382857862-1.591113355717316j)
(3.333838152006049-1.2086703242197827j)
(3.369203848668981-0.8307793379303303j)
(3.435220299120168-0.4591236036575596j)
(3.5320296340565998-0.09557850085083983j)
(3.6598388549772367+0.2577232669091556j)
(3.8188575616545326+0.5983278189181135j)
(4.009216103127925+0.923399914833445j)
(4.23086002785576+1.2296708282650914j)
(4.483417002475388+1.5134012788814895j)
(4.766033665347687+1.7703695349571416j)
(5.0771826237487+1.995898219332053j)
(5.414444578314276+2.1849366122489573j)
(5.774277906080679+2.332217377276894j)
(6.151798121254169+2.4325060803680882j)
(6.540601787838739+2.4809565372369065j)
(6.932681601120876+2.473572682982243j)
(7.318487555335552+2.4077568517328363j)
(7.6871877267269335+2.28289585420565j)
(8.027165168893896+2.1009046844548473j)
(8.326751087937451+1.8666224046962223j)
(8.575141352952302+1.5879483774091778j)
(8.763384962813209+1.2756308860001957j)
(8.88528869367032+0.9426775297232443j)
(8.938072414139484+0.6034371158991979j)
(8.922645917887664+0.2724823884752604j)
(8.843454453206148-0.03652639678371184j)
(8.707932824410745-0.3118145989836119j)
(8.525686088378597-0.5441666517670803j)
(8.307554772266883-0.72723949322501j)
(8.06471760751177-0.8575340893647347j)
(7.807945496003153-0.9341009531985043j)
(7.547010937936844-0.9573912510834709j)
(7.290721583996923-0.9311252016949849j)
(7.04616581924012-0.8588673821686145j)
(6.819140068548263-0.7449948898777509j)
(6.614213331471491-0.5941693154120672j)
(6.434896871533129-0.41107236426992505j)
(6.28383722329247-0.20023616815408732j)
(6.163006796348725+0.03405203205965411j)
(6.073877444492592+0.28778767302470637j)
(6.017569543168276+0.5572439677637496j)
(5.9949737417324505+0.8389365323118825j)
(6.006845209384042+1.1295669612592898j)
(6.053871398217561+1.4259522560078906j)
(6.136714558530679+1.7249450140905713j)
(6.256029821429974+2.0233479149952402j)
(6.412458885213056+2.3178253153843302j)
(6.606598417174262+2.6048146991453285j)
(6.838941398867835+2.8804413223354426j)
(7.10978900176482+3.1404406622984053j)
(7.419130433251812+3.3800952230006454j)
(7.766488869971217+3.5941948079213786j)
(8.150733513854437+3.7770323649024977j)
(8.569861441171671+3.922450530004773j)
(9.020758704665946+4.023956314010591j)
(9.49895830123493+4.074921830227714j)
(9.99842280176303+4.068885985344846j)
(10.511390389816636+3.9999638682071708j)
(11.028332210798263+3.8633557195315134j)
(11.538072363960145+3.6559256255610215j)
(12.02811485320246+3.376793600531553j)
(12.485200347640017+3.027858926201244j)
(12.896078787316746+2.6141560361356784j)
(13.248436329800874+2.143946514236556j)
(13.531867957730721+1.628478730325489j)
(13.73875564143467+1.0813996381131519j)
(13.864910381934731+0.5178706464726457j)
(13.909870629874106-0.04649752886854432j)
(13.876812716133795-0.5967375632188213j)
(13.772103030516355-1.1194907538774932j)
(13.604584736916651-1.6037246305289754j)
(13.384727038673246-2.0411409536604816j)
(13.123766963732482-2.4262744481735186j)
(12.832948374794855-2.756332238914881j)
(12.522923203998488-3.0308517635128647j)
(12.203339058901502-3.251260600448272j)
(11.882604697217776-3.420410898293838j)
(11.567804384465061-3.5421418071500805j)
(11.26472336315583-3.620902419514136j)
(10.977946647868487-3.6614497103320485j)
(10.71099855969358-3.668622793361093j)
(10.466497783061108-3.647186610007628j)
(10.246310187510161-3.6017340608487345j)
(10.051688069771249-3.536634369140228j)
(9.883389411708958-3.456015991927454j)
(9.74177423251157-3.363773780249365j)
(9.626877376667519-3.2635917300394692j)
(9.538458437475397-3.1589741966730895j)
(9.476030280708695-3.0532796866365026j)
(9.438868077655897-2.94975223157011j)
(9.426001105959623-2.851545918151165j)
(9.436190007390644-2.761738475729558j)
(9.467892833430781-2.6833300432871723j)
(9.519224137818796-2.619223521980503j)
(9.587912594945488-2.572183480560456j)
(9.671264042554164-2.5447716518301293j)
(9.766138249288899-2.5392588589878278j)
(9.868948730409432-2.557515885164325j)
(9.975695085509022-2.600889325776367j)
(10.082036056276426-2.6700725538987466j)
(10.183408329898313-2.7649859570725943j)
(10.275190869395884-2.8846836141105445j)
(10.35290758264498-3.027304437498059j)
(10.412453457364384-3.1900835072330955j)
(10.450322502267808-3.369433409744428j)
(10.463811816195589-3.561096336971614j)
(10.451176406294962-3.7603570133674964j)
(10.411714593185774-3.962296504143676j)
(10.345773241105443-4.162060050048622j)
(10.25467365389748-4.355110025535235j)
(10.140570143610569-4.5374383786637456j)
(10.006261564015238-4.7057204878753325j)
(9.854980013764116-4.8574022213052945j)
(9.690180255869972-4.990721755806622j)
(9.515349118229148-5.104675477050128j)
(9.33384782483781-5.198941987064179j)
(9.148793509872675-5.273779782407472j)
(8.962980358551848-5.329913131656853j)
(8.778836600111152-5.368418011423179j)
(8.598411110157048-5.390616598341128j)
(8.423382444045002-5.397985498695042j)
(8.255083314403372-5.392080084849228j)
(8.09453440768616-5.374475196384097j)
(7.942482634264198-5.346721062684629j)
(7.799440155281578-5.310312511563461j)
(7.665721662815629-5.266669199390211j)
(7.541478327986565-5.2171245846666325j)
(7.4267275538239526-5.162921543416633j)
(7.321378190640792-5.105212795674139j)
(7.225251223536418-5.045064612008047j)
(7.138096162037515-4.983462556442927j)
(7.059603486791037-4.921318275047246j)
(6.98941356876655-4.859476548484263j)
(6.927122497834408-4.798721990950051j)
(6.872285259365022-4.739784901142592j)
(6.8244166942966435-4.683345860127143j)
(6.782990680532228-4.630038734708029j)
(6.747437988858984-4.580451792806675j)
(6.717143299136812-4.5351266797929055j)
(6.691441913676901-4.494555052964022j)
(6.669616772484337-4.459172737244367j)
(6.650896453316979-4.429351360700708j)
(6.634454917193271-4.405387564757425j)
(6.619413820273603-4.387490069504007j)
(6.604848233211656-4.375765112340072j)
(6.589796561484248-4.370201062754937j)
(6.573275315238246-4.3706533292312315j)
(6.554299108399804-4.376830982541754j)
(6.531905858744153-4.388286773222852j)
(6.505186618207009-4.404412356526539j)
(6.473318820270825-4.424440487598277j)
(6.4356010579935-4.447455654320437j)
(6.3914869043374996-4.472414044663942j)
(6.34061487842581-4.4981729158403825j)
(6.2828315663401275-4.523528419818238j)
(6.218205207550045-4.547259878161414j)
(6.147027777227439-4.5681775629528465j)
(6.069804665508205-4.585170408559028j)
(5.987232329929497-4.597249890404368j)
(5.900165573781499-4.60358662192649j)
(5.8095771677221695-4.603536999881492j)
(5.716513212178403-4.596658338191278j)
(5.622047842180588-4.582712177750013j)
(5.527240610316957-4.561656637200965j)
(5.433099240589303-4.533629605422015j)
(5.34054957478883-4.498925165570131j)
(5.2504135973690795-4.457965856823968j)
(5.16339556722133-4.411273265645863j)
(5.080075603321451-4.35943908047356j)
(5.000909612106077-4.303098246307224j)
(4.926234207787328-4.242905316162143j)
(4.856275230303229-4.1795145906195454j)
(4.791158560081248-4.113564212915094j)
(4.730922111758834-4.045664067135111j)
(4.675528113879745-3.976387112536765j)
(4.624875012460807-3.9062636657533347j)
(4.578808549139405-3.8357780959068077j)
(4.537131745931701-3.7653674049581562j)
(4.499613673296801-3.6954212081752185j)
(4.465996986748446-3.6262826918982696j)
(4.436004293561876-3.5582501962255533j)
(4.4093434606465705-3.491579140866352j)
(4.385712003172915-3.4264840783046973j)
(4.364800706392456-3.3631407170175165j)
(4.3462966348169445-3.301687807867455j)
(4.329885677098317-3.242228829070921j)
(4.31525476423954-3.1848334400554283j)
(4.302093885021839-3.129538703047411j)
(4.290098006933328-3.0763500943896775j)
(4.278968994123704-3.0252423462693363j)
(4.268417596317957-2.9761601744410533j)
(4.25816556432458-2.929018959108777j)
(4.247947928803004-2.8837054546120986j)
(4.237515459333777-2.840078608964492j)
(4.226637300680426-2.797970576456728j)
(4.215103762683622-2.7571880052188367j)
(4.202729219904925-2.7175136765282546j)
(4.189355057545462-2.6787085634954693j)
(4.174852582094191-2.640514363410138j)
(4.159125799554421-2.602656540519089j)
(4.14211395199447-2.564847894643721j)
(4.123793695625718-2.5267926464302155j)
(4.1041808015863674-2.488191003113213j)
(4.083331264863196-2.4487441407361765j)
(4.061341717740897-2.4081595113593197j)
(4.038349061832865-2.3661563586168826j)
(4.014529256619314-2.3224713038436167j)
(3.99009523148157-2.2768638495046734j)
(3.9652939209652756-2.2291216382083405j)
(3.940402457539236-2.1790653050564743j)
(3.9157235902987937-2.126552768835323j)
(3.8915804297112873-2.0714828232700127j)
(3.86831064558175-2.0137979123350958j)
(3.8462602662594207-1.953486001933703j)
(3.825777240548028-1.8905814922313722j)
(3.8072049292865406-1.825165148426295j)
(3.7908756912476522-1.7573630605886361j)
(3.7771047185853703-1.687344673464789j)
(3.7661842617794927-1.6153199531965499j)
(3.758378364461178-1.541535778657253j)
(3.753918206407276-1.4662716599902579j)
(3.7529981300974713-1.3898348959557327j)
(3.7557724040873963-1.3125552853334512j)
(3.7623527563011314-1.2347795067755196j)
(3.772806693024535-1.1568652772811778j)
(3.787156605302364-1.079175393111773j)
(3.8053796535956828-1.00207174967753j)
(3.8274084135850654-0.925909429754591j)
(3.8531322602707854-0.8510309431289046j)
(3.8823994632209953-0.7777606959165762j)
(3.9150199620792296-0.7063997645612118j)
(3.9507687874278044-0.637221047732984j)
(3.9893900870893995-0.5704648686633946j)
(4.030601711400299-0.5063351002278891j)
(4.0741003026068014-0.44499588456733885j)
(4.119566823299211-0.3865690173774769j)
(4.166672446970876-0.33113206333683765j)
(4.215084720940729-0.27871726274740677j)
(4.264473898816618-0.22931127975207544j)
(4.314519327427244-0.18285582917425083j)
(4.364915762835442-0.13924920212704228j)
(4.415379482787251-0.09834869046631338j)
(4.465654059754454-0.059973887661465254j)
(4.515515660347832-0.023910819811361787j)
(4.564777743743225+0.01008316336975902j)
(4.6132950438934275+0.04227383031822197j)
(4.660966737297653+0.07294395465690061j)
(4.707738719161993+0.10238677583002334j)
(4.7536049347620475+0.1308991725194698j)
(4.798607738324463+0.15877469331901528j)
(4.842837277264907+0.18629658870427854j)
(4.886429923654621+0.21373098242079228j)
(4.929565795978087+0.24132030971074758j)
(4.97246543148649+0.2692771353364261j)
(5.015385681989595+0.29777844743763077j)
(5.058614913398493+0.3269605053244127j)
(5.102467591799289+0.3569143018393579j)
(5.147278336756732+0.38768168532091946j)
(5.193395516756578+0.41925217368939477j)
(5.241174453313684+0.45156048471842286j)
(5.290970290670675+0.48448480279608175j)
(5.343130578698043+0.5178458037052448j)
(5.397987609180418+0.5514064650654877j)
(5.4558505417295295+0.5848727005767235j)
(5.516997356648962+0.6178948701808766j)
(5.581666679563616+0.6500702343703686j)
(5.650049537697702+0.6809464373543062j)
(5.722281131143895+0.7100261184399307j)
(5.798432734676451+0.7367727611648952j)
(5.878503886318261+0.7606178924195078j)
(5.96241506686419+0.7809697357323028j)
(6.050001127721203+0.7972234006730923j)
(6.1410057793521275+0.8087726507278031j)
(6.2350775045328595+0.8150232323900574j)
(6.331767303365344+0.8154076670381366j)
(6.430528703101539+0.8094013046108224j)
(6.530720467040183+0.7965393167051118j)
(6.631612404664689+0.77643417205871j)
(6.7323946123212+0.7487929983941995j)
(6.8321903549358955+0.7134341036947269j)
(6.930072633184725+0.6703018224843826j)
(7.02508427112827+0.6194787856550209j)
(7.116261116939201+0.5611947027104494j)
(7.202657691092408+0.4958308071230612j)
(7.283374365375533+0.42391925743641534j)
(7.35758493948021+0.3461370091710999j)
(7.424563327763668+0.2632939658228583j)
(7.483708001780741+0.17631556103713517j)
(7.534562871612408+0.08622028891274312j)
(7.576833436894536-0.005906950199228952j)
(7.610397289488437-0.09894452199861764j)
(7.63530838328325-0.19176536742401515j)
(7.651794871032502-0.2832684605915782j)
(7.660250705083123-0.3724089391159115j)
(7.661221568963942-0.458225557139336j)
(7.655386015268605-0.5398643357056533j)
(7.643532906576986-0.6165975792217434j)
(7.626536376958999-0.6878377570412715j)
(7.60532955129047-0.7531460813544879j)
(7.580878188938253-0.8122359162755214j)
(7.554155276409819-0.8649714053379974j)
(7.526117403968415-0.9113618917458914j)
(7.497683548444759-0.9515528231092446j)
(7.469716670686735-0.9858138834297854j)
(7.443008338989631-1.0145250891156716j)
(7.418266421669716-1.038161535637178j)
(7.3961057593635555-1.0572774011740809j)
(7.377041632438056-1.0724897167816674j)
(7.361485779022945-1.0844623108836569j)
(7.349744689963629-1.0938902384405536j)
(7.34201990231756-1.1014849183314213j)
(7.338410026269862-1.1079601301419775j)
(7.338914265170901-1.1140189652585009j)
(7.34343721915087-1.1203417867662402j)
(7.3517947947997575-1.127575226739727j)
(7.363721073136933-1.1363222358584963j)
(7.378876013032842-1.1471331962306672j)
(7.3968538858406365-1.160498111045348j)
(7.417192348569795-1.1768398914617584j)
(7.4393820674870765-1.1965087694548384j)
(7.462876802163124-1.2197778729711615j)
(7.487103852703183-1.2468400048888177j)
(7.51147476156415-1.2778056685398458j)
(7.5353961475133255-1.3127023790015715j)
(7.558280534581829-1.3514752905283691j)
(7.579557024965732-1.3939891563468076j)
(7.598681653272398-1.4400316179844526j)
(7.615147251647602-1.489317798125429j)
(7.628492652206358-1.54149614476661j)
(7.638311055537076-1.5961554464735028j)
(7.64425740219277-1.6528329101828532j)
(7.646054598022719-1.7110231656306332j)
(7.643498463624389-1.7701880353749757j)
(7.636461302562922-1.8297668876881303j)
(7.624894011558399-1.8891873723209212j)
(7.608826687612682-1.9478763271559498j)
(7.5883677208777405-2.0052706377007734j)
(7.563701396636202-2.060827831577685j)
(7.535084063687779-2.114036196631536j)
(7.502838958408062-2.1644242236137954j)
(7.467349802662203-2.2115691919224405j)
(7.429053318780069-2.255104738684557j)
(7.3884308253925495-2.29472727658546j)
(7.345999093798531-2.330201153301691j)
(7.3023006555934264-2.361362474271151j)
(7.257893758610453-2.388121539999509j)
(7.213342169985941-2.410463878417867j)
(7.169205022633612-2.4284498813155997j)
(7.126026894929675-2.442213081021146j)
(7.084328303360849-2.4519571288098936j)
(7.044596774670667-2.4579515595968258j)
(7.007278648089695-2.460526448000535j)
(6.972771739982574-2.4600660785882935j)
(6.941418983125427-2.4570017678330323j)
(6.913503131285575-2.4518039868765515j)
(6.889242597260847-2.4449739424973576j)
(6.868788469502615-2.4370347786681537j)
(6.852222729365111-2.42852256275891j)
(6.839557668360973-2.419977218851341j)
(6.83073648302595-2.4119335659103633j)
(6.82563500455754-2.4049126109108974j)
(6.824064501704821-2.399413236717361j)
(6.825775478827181-2.395904411913412j)
(6.830462376901712-2.3948180352930097j)
(6.837769073768343-2.3965425118169192j)
(6.847295071179069-2.4014171400120405j)
(6.858602250287123-2.4097273735503526j)
(6.871222073989183-2.42170100258678j)
(6.8846631138408325-2.437505283824181j)
(6.898418780827448-2.4572450325990602j)
(6.911975142750156-2.480961675873438j)
(6.924818715979614-2.5086332520896444j)
(6.936444125421327-2.540175332518449j)
(6.946361533297083-2.57544282900572j)
(6.954103744393294-2.614232644793416j)
(6.959232902430966-2.656287118148579j)
(6.961346698933027-2.7012982025982706j)
(6.960084022289744-2.7489123223017384j)
(6.955129980649663-2.7987358361622294j)
(6.946220237911715-2.8503410393826285j)
(6.933144607692739-2.9032726260721637j)
(6.915749855969696-2.9570545310830263j)
(6.893941669476333-3.011197063466682j)
(6.867685754185242-3.065204237864665j)
(6.837008036638534-3.1185812039645118j)
(6.801993950773586-3.170841668121697j)
(6.762786804450019-3.2215151957420427j)
(6.719585233260837-3.270154278500571j)
(6.672639764426996-3.316341047496387j)
(6.622248530493492-3.3596935126286667j)
(6.568752190820593-3.399871210448259j)
(6.512528137953486-3.4365801480672116j)
(6.453984085102153-3.4695769398242486j)
(6.3935511492612775-3.4986720465523256j)
(6.331676560940719-3.5237320444531215j)
(6.26881614503144-3.5446808714579516j)
(6.205426727036569-3.5615000229575386j)
(6.141958623938948-3.5742276950574294j)
(6.078848378767537-3.5829569009875395j)
(6.016511892167923-3.587832613732964j)
(5.955338093000175-3.589048014056488j)
(5.895683273550508-3.5868399465819043j)
(5.837866194039012-3.581483706345737j)
(5.78216403670293-3.5732872932549316j)
(5.728809263012-3.5625852815482677j)
(5.677987399836496-3.549732455294597j)
(5.629835752968576-3.535097359177662j)
(5.584443020571627-3.519055906636679j)
(5.541849756014769-3.5019851754798426j)
(5.502049610050832-3.484257505220757j)
(5.464991267054805-3.466234991624974j)
(5.430580979413679-3.4482644533968303j)
(5.398685598226353-3.4306729246869914j)
(5.369135997047834-3.413763706194936j)
(5.341730788103612-3.397812987988122j)
(5.3162402366437735-3.383067039504772j)
(5.292410288232301-3.369739947115614j)
(5.269966635055053-3.3580118674591937j)
(5.248618760046734-3.348027755735765j)
(5.228063911091025-3.3398965222851675j)
(5.2079909710948495-3.3336905679951423j)
(5.1880842028187395-3.3294456492056925j)
(5.168026859467864-3.327161025533119j)
(5.147504662808844-3.3267998491335775j)
(5.12620915962529-3.3282897610224698j)
(5.103840974381545-3.3315236688136802j)
(5.080112980782356-3.336360690268522j)
(5.054753417297674-3.3426272579643004j)
(5.027508971489468-3.3501183917944406j)
(4.998147854992804-3.3585991574521414j)
(4.966462885153836-3.367806340034625j)
(4.9322745805619785-3.3774503718805455j)
(4.895434266041985-3.387217562098675j)
(4.855827168217254-3.396772681257309j)
(4.8133754657839845-3.4057619576161247j)
(4.768041239606182-3.413816540280196j)
(4.719829247355906-3.4205564789166196j)
(4.668789426669967-3.425595258444593j)
(4.61501901097287-3.428544909781357j)
(4.5586641248443005-3.4290216939687554j)
(4.499920712973918-3.4266523268859084j)
(4.4390346504244755-3.4210806758853547j)
(4.376300884215963-3.411974819346575j)
(4.312061469072078-3.3990343173435793j)
(4.2467023850066346-3.381997499149615j)
(4.180649061991123-3.360648534602841j)
(4.114360586926185-3.334824025349405j)
(4.048322628948273-3.3044188327187447j)
(3.9830391877612112-3.26939085522276j)
(3.9190233418538005-3.2297644833391534j)
(3.8567872437100106-3.1856324939460667j)
(3.796831671332833-3.1371562013550642j)
(3.73963549346111-3.0845637541518633j)
(3.6856454343396665-3.0281465527459623j)
(3.635266528844378-2.968253855633785j)
(3.588853638268237-2.905285735640614j)
(3.5467043517023114-2.839684633143998j)
(3.509053530778186-2.771925824270374j)
(3.4760696718731574-2.7025071724136014j)
(3.4478531666531174-2.6319385573122434j)
(3.4244364467437416-2.560731375984551j)
(3.4057859089713025-2.4893884852472494j)
(3.3918054405771665-2.4183949098146935j)
(3.3823413040023387-2.348209578284352j)
(3.3771881011046347-2.2792582778390966j)
(3.3760955177143663-2.211927943599499j)
(3.3787755500162966-2.1465623260781093j)
(3.3849099316221207-2.0834590148963534j)
(3.3941575106520676-2.022867742225591j)
(3.4061613655463896-1.9649898472526508j)
(3.420555492615046-1.9099787539576851j)
(3.4369709438646656-1.8579412981243784j)
(3.4550413374231614-1.8089397344830085j)
(3.474407702651756-1.762994259385445j)
(3.4947226562758025-1.7200858963764103j)
(3.515653933732707-1.6801596093415776j)
(3.5368873211593286-1.6431275286100187j)
(3.5581290482104637-1.6088721977130092j)
(3.5791077107358253-1.5772497710102005j)
(3.5995757959775516-1.5480931139601881j)
(3.6193108822202253-1.5212147776396607j)
(3.638116580577125-1.4964098366873326j)
(3.6558232796197125-1.473458594891012j)
(3.672288744539406-1.4521291750500882j)
(3.6873986120412274-1.4321800195469863j)
(3.7010668106517746-1.4133623353227576j)
(3.7132359239240853-1.3954225217585223j)
(3.7238775014064442-1.3781046223755038j)
(3.732992309434779-1.361152841294623j)
(3.7406105010325943-1.3443141630025846j)
(3.7467916717116156-1.327341109063896j)
(3.75162475608824-1.3099946578732953j)
(3.755227709383968-1.292047343238284j)
(3.75774690861126-1.2732865344252007j)
(3.7593562012289325-1.2535178843028074j)
(3.760255525079531-1.2325689135272313j)
(3.760669023381039-1.2102926777067786j)
(3.760842583361843-1.1865714418170608j)
(3.7610407376736656-1.161320262794594j)
(3.7615428847090753-1.134490358573081j)
(3.762638807802539-1.1060721215480398j)
(3.7646235039692777-1.0760976185752786j)
(3.7677913697029477-1.0446424103222705j)
(3.77242983305171-1.0118265222957075j)
(3.7788125655894387-0.9778144101230352j)
(3.787192452084945-0.9428137840932901j)
(3.7977945361215166-0.9070731931604777j)
(3.8108091927169205-0.8708783160723346j)
(3.8263858002298603-0.8345469652131292j)
(3.8446271900546356-0.7984228740093469j)
(3.8655851412909255-0.7628684069996232j)
(3.8892571576144053-0.7282563976828309j)
(3.915584715580727-0.6949613774138307j)
(3.9444531100310547-0.6633505035308709j)
(3.9756929473377207-0.6337745220875022j)
(4.0090832564989345-0.6065591070422307j)
(4.044356107912088-0.5819969024707436j)
(4.081202556425736-0.5603405583627951j)
(4.119279664711112-0.5417969969022476j)
(4.1582183194833195-0.5265230794878023j)
(4.197631529231888-0.5146227708536265j)
(4.237122888502164-0.5061458215593433j)
(4.276294909103065-0.5010879195519102j)
(4.314756950017418-0.4993922002353553j)
(4.352132521257249-0.5009519559524808j)
(4.388065787882792-0.5056143518833791j)
(4.422227154326586-0.5131849364909287j)
(4.454317861911169-0.5234327298634079j)
(4.484073580680436-0.5360956806946069j)
(4.511267017984823-0.5508862996416948j)
(4.535709599271773-0.567497300580465j)
(4.557252300742628-0.5856071090505245j)
(4.575785729215993-0.6048851264453678j)
(4.591239552512958-0.6249966671854462j)
(4.603581385142152-0.6456075126532611j)
(4.612815230367327-0.6663880490147105j)
(4.618979572272371-0.6870169756139977j)
(4.622145201481716-0.7071845862078798j)
(4.622412846872302-0.7265956369995582j)
(4.619910673850671-0.7449718235502971j)
(4.6147916982770605-0.762053893626002j)
(4.607231154413062-0.7776034253749502j)
(4.597423845694359-0.7914043004430709j)
(4.585581498881285-0.8032639001987765j)
(4.571930135307199-0.813014050602101j)
(4.556707467531218-0.8205117377911201j)
(4.540160325659853-0.8256396124956347j)
(4.522542114846652-0.8283062971867231j)
(4.50411030391146-0.828446505642461j)
(4.485123944532893-0.8260209805312501j)
(4.465841220957277-0.8210162508223753j)
(4.446517031534414-0.8134442074511242j)
(4.427400605539636-0.8033414928014404j)
(4.408733161583134-0.7907686973241697j)
(4.390745617342269-0.7758093550909068j)
(4.373656364278757-0.7585687293926126j)
(4.357669125291506-0.7391723797468981j)
(4.342970917761726-0.7177645029768126j)
(4.329730148981621-0.6945060434748034j)
(4.318094875298196-0.6695725714457397j)
(4.308191260182491-0.6431519328785493j)
(4.30012226954434-0.6154416812260127j)
(4.293966644613198-0.5866463081982755j)
(4.289778193241953-0.5569742995367297j)
(4.287585439213093-0.5266350508653691j)
(4.287391665726517-0.4958356883330067j)
(4.289175383490321-0.46477784827886603j)
(4.292891245600541-0.4336544789812669j)
(4.298471420718198-0.4026467350337218j)
(4.305827423146047-0.37192104034955537j)
(4.314852383691999-0.34162639856935684j)
(4.32542372929595-0.3118920291735835j)
(4.337406223087991-0.28282540347508006j)
(4.35065530076809-0.254510746687959j)
(4.365020624953652-0.22700806050560626j)
(4.380349767429203-0.20035270541859898j)
(4.396491920953844-0.17455556399571404j)
(4.41330153816368-0.14960378642653344j)
(4.4306417956152275-0.12546209886454823j)
(4.448387786305843-0.10207463472311282j)
(4.466429353894472-0.07936723027949577j)
(4.484673495802518-0.057250109875686475j)
(4.503046279574592-0.03562087361588836j)
(4.521494236267499-0.014367692434421877j)
(4.539985215011513+0.0066273879024259345j)
(4.558508703028855+0.02748513087888868j)
(4.577075634133898+0.04832587259841377j)
(4.595717725094417+0.0692664460401725j)
(4.614486392440925+0.09041733525787253j)
(4.633451311899899+0.11188011404973867j)
(4.652698688408164+0.13374520813389976j)
(4.672329306729506+0.15609000436852266j)
(4.692456431362798+0.17897731591311858j)
(4.713203620202145+0.20245419912786192j)
(4.734702509902453+0.2265511069521398j)
(4.7570906227827034+0.2512813547894386j)
(4.7805092360300705+0.2766408686711949j)
(4.805101344566396+0.3026081816247161j)
(4.831009739737209+0.3291446425557798j)
(4.8583752174176675+0.3561948023003488j)
(4.887334921526651+0.38368694347492277j)
(4.918020822521593+0.4115337240042621j)
(4.950558325341103+0.4396329083708056j)
(4.985064997517105+0.46786816537452464j)
(5.021649405773815+0.49610991620054745j)
(5.060410048300096+0.5242162215971777j)
(5.101434369917177+0.5520337017265706j)
(5.144797848435436+0.5793984865718916j)
(5.1905631424465035+0.6061371984996499j)
(5.238779293469459+0.6320679715569612j)
(5.28948097857777+0.6570015142266894j)
(5.342687813194568+0.6807422236027155j)
(5.398403707459815+0.7030893592464783j)
(5.456616283248946+0.7238382843421471j)
(5.517296362366872+0.7427817802222012j)
(5.580397539474263+0.7597114379533212j)
(5.6458558557692005+0.7744191275598107j)
(5.713589591206518+0.7866985417404051j)
(5.783499193984434+0.7963468067426472j)
(5.855467366067614+0.8031661485499401j)
(5.929359322572788+0.806965597871341j)
(6.005023240857766+0.8075627127884889j)
(6.082290912086242+0.8047852935182339j)
(6.160978603889594+0.7984730598373815j)
(6.240888137571689+0.788479258556238j)
(6.321808177238518+0.7746721662963538j)
(6.40351572150344+0.7569364519774305j)
(6.485777781327956+0.7351743640468236j)
(6.568353220469976+0.709306709703587j)
(6.650994728331458+0.679273597181091j)
(6.733450889113406+0.6450349174503492j)
(6.815468306459165+0.6065705482750539j)
(6.896793739475489+0.5638802710817359j)
(6.9771762043623005+0.5169833992390821j)
(7.056368995939945+0.46591812466393134j)
(7.134131585119814+0.4107405977839148j)
(7.210231351695216+0.35152376340728025j)
(7.2844451165240915+0.28835598165487253j)
(7.356560442951199+0.22133946854032494j)
(7.4263766838480025+0.15058859488219067j)
(7.493705757589497+0.07622808491851736j)
(7.558372643299035-0.0016088427026408607j)
(7.620215592473424-0.08278234886186812j)
(7.679086060398604-0.16714782122480387j)
(7.734848366399663-0.25455765516964013j)
(7.7873790968336785-0.3448629313324626j)
(7.836566268801169-0.4379149556828503j)
(7.8823082758752925-0.5335666311443056j)
(7.924512639835431-0.6316736328034985j)
(7.9630945946180605-0.7320953615687412j)
(7.997975530657616-0.8346956536434161j)
(8.029081329711996-0.939343225368155j)
(8.056340622368364-1.045911834909457j)
(8.079683002910684-1.1542801440655137j)
(8.099037239267126-1.2643312653293788j)
(8.114329519452896-1.375951981561243j)
(8.125481780321486-1.489031628501183j)
(8.132410169478106-1.6034606342667166j)
(8.135023696731142-1.719128715318128j)
(8.133223137165375-1.8359227355257632j)
(8.126900253383123-1.9537242443015381j)
(8.11593740908733-2.0724067215454283j)
(8.100207649232052-2.191832571581647j)
(8.079575322556499-2.311849925307597j)
(8.053897319443426-2.43228932920335j)
(8.02302499063908-2.5529604210936947j)
(7.986806799391178-2.6736487146890275j)
(7.945091740085737-2.794112636616j)
(7.897733529859024-2.9140809791085833j)
(7.8445955457315995-3.0332509466023723j)
(7.785556439001381-3.1512869826876257j)
(7.720516312180986-3.2678205626483994j)
(7.649403293843713-3.382451123680101j)
(7.57218029649197-3.4947482778574104j)
(7.488851696027975-3.6042554108671583j)
(7.399469633294835-3.710494712524433j)
(7.304139613448865-3.812973614809769j)
(7.20302507232671-3.9111925330001744j)
(7.096350594242039-4.004653720567741j)
(6.9844035049476085-4.09287096547892j)
(6.867533626774768-4.175379781840808j)
(6.746151067611747-4.251747694088249j)
(6.620722016182438-4.321584177799786j)
(6.491762625561144-4.384549816645865j)
(6.3598311759957-4.440364261139419j)
(6.225518807395174-4.4888126308775975j)
(6.089439192427859-4.529750083746577j)
(5.952217576032656-4.563104376254518j)
(5.814479631926736-4.58887634996945j)
(5.676840580234709-4.607138390345523j)
(5.539894974722447-4.6180310067722194j)
(5.404207508122852-4.621757768674005j)
(5.270305106519352-4.618578896383076j)
(5.138670496550061-4.608803844432859j)
(5.009737340151517-4.592783228702307j)
(4.883886947670972-4.57090043964993j)
(4.7614465069231695-4.543563255646023j)
(4.642688706827085-4.511195728124217j)
(4.527832591417758-4.4742305592549645j)
(4.417045453398462-4.433102138165118j)
(4.310445564729306-4.3882403477489165j)
(4.2081055428672665-4.3400652042386305j)
(4.110056162484772-4.288982348264885j)
(4.016290440958217-4.235379370463164j)
(3.9267678489311804-4.1796229272200645j)
(3.8414185224481465-4.122056582662472j)
(3.7601473785889925-4.062999300745178j)
(3.6828380607542592-4.002744505270587j)
(3.6093566617476482-3.9415596247209965j)
(3.5395551919678856-3.8796860417396113j)
(3.4732747760762157-3.8173393728716603j)
(3.4103485744131006-3.754710011819913j)
(3.35060443534261-3.691963878175987j)
(3.2938672918597374-3.6292433227169543j)
(3.2399613205199183-3.566668149415065j)
(3.1887118833820574-3.504336722926479j)
(3.1399472745292365-3.4423271382495173j)
(3.0935002921654045-3.3806984362978834j)
(3.049209655565984-3.319491855209177j)
(3.0069212835500894-3.2587321122382806j)
(2.96648944787138-3.198428715034157j)
(2.927777811209335-3.138577303953724j)
(2.8906603554789334-3.07916102883062j)
(2.8550222021535063-3.020151964305827j)
(2.820760322400519-2.9615125674728002j)
(2.787784131246953-2.90319718024428j)
(2.7560159569063014-2.8451535765862346j)
(2.725391373996189-2.7873245516950096j)
(2.695859387824487-2.7296495464619897j)
(2.6673824563793245-2.672066296360172j)
(2.6399363372440137-2.614512489429432j)
(2.6135097484481147-2.5569274135935416j)
(2.588103835277284-2.4992535694101083j)
(2.5637314392415216-2.4414382208422705j)
(2.5404161706055297-2.3834348540514547j)
(2.51819129189905-2.3252045128247922j)
(2.497098426348796-2.2667169792876543j)
(2.477186111845535-2.2079517701635125j)
(2.4585082274726555-2.1488989220725006j)
(2.4411223253562193-2.0895595441502315j)
(2.4250879052482386-2.0299461224328694j)
(2.4104646724775187-1.970082567708623j)
(2.397310821433574-1.9100040064942623j)
(2.385681386439961-1.8497563230127765j)
(2.375626699701516-1.7893954680485036j)
(2.3671909920872363-1.7289865578747123j)
(2.3604111670698775-1.6686027926693774j)
(2.355315771521801-1.6083242286257302j)
(2.3519241796719714-1.5482364411011316j)
(2.350245998806171-1.4884291175283026j)
(2.3502806976843096-1.4289946184608704j)
(2.3520174515614674-1.3700265431758216j)
(2.355435191473769-1.3116183329403814j)
(2.3605028403420136-1.253861940670756j)
(2.3671797146132474-1.1968465906008885j)
(2.3754160676652165-1.14065764609149j)
(2.38515375001256-1.0853755981718554j)
(2.396326961372836-1.031075182111907j)
(2.4088630707124863-0.9778246245108476j)
(2.422683482298257-0.9256850192385722j)
(2.43770452830751-0.8747098271923176j)
(2.4538383714802046-0.8249444922910042j)
(2.470993904414783-0.7764261644234514j)
(2.4890776352312427-0.729183519153867j)
(2.507994552286157-0.6832366637925482j)
(2.527648963297377-0.6385971198619894j)
(2.5479453065226316-0.5952678729150437j)
(2.568788933470352-0.553243481968765j)
(2.590086863962773-0.5125102423865886j)
(2.6117485152083586-0.47304639774916885j)
(2.6336864068778305-0.43482239799191136j)
(2.655816844043666-0.39780120274957936j)
(2.678060579276543-0.36193863034167345j)
(2.700343454249918-0.3271837540751901j)
(2.722597019952831-0.29347934846165125j)
(2.7447591331295884-0.26076238848612276j)
(2.7667745249407854-0.22896460518420125j)
(2.7885953361689277-0.19801310045045822j)
(2.810181611676198-0.16783102321149435j)
(2.83150174536581-0.1383383078585635j)
(2.8525328657068383-0.10945247418379075j)
(2.8732611510554045-0.0810894860565891j)
(2.8936820636297798-0.05316466379446791j)
(2.9138004911469246-0.02559364272760443j)
(2.9336307858513635+0.0017066320479222842j)
(2.9531966919846484+0.02881688715170973j)
(2.972531154642351+0.05581449324646129j)
(2.991676005396829+0.0827724446381649j)
(3.0106815229421193+0.10975836388618654j)
(3.0296058702242536+0.13683354985802096j)
(3.0485144129068464+0.1640520876642604j)
(3.06747892742193+0.19146003817470542j)
(3.0865767100913324+0.21909472334624225j)
(3.1058896016997326+0.24698412143438223j)
(3.1255029442986113+0.27514638340550907j)
(3.1455044887860204+0.3035894786449369j)
(3.16598327284697+0.332310974528828j)
(3.187028489099063+0.3612979507738165j)
(3.208728362765177+0.3905270458857599j)
(3.2311690569291343+0.4199646296759894j)
(3.254433621507875+0.4495670928631131j)
(3.2786009996131553+0.47928124236387953j)
(3.3037451021220576+0.5090447890932559j)
(3.3299339581905256+0.5387869140034581j)
(3.357228946288029+0.5684288977056261j)
(3.385684107264747+0.5978847993214946j)
(3.4153455381241407+0.6270621711470512j)
(3.4462508626856985+0.6558627971974881j)
(3.478428773279669+0.6841834456446221j)
(3.5118986360852475+0.7119166274405135j)
(3.546670151750823+0.7389513559337345j)
(3.5827430625361556+0.7651739049101243j)
(3.620106897394116+0.7904685651233592j)
(3.658740747145726+0.814718401920458j)
(3.698613063171041+0.8378060189236847j)
(3.73968147480384+0.8596143348199453j)
(3.7818926228404925+0.8800273820561696j)
(3.8251820092074027+0.8989311375705799j)
(3.8694738658288417+0.9162143965346935j)
(3.914681049043864+0.9317697003646915j)
(3.9607049694695067+0.9454943299059319j)
(4.007435570924141+0.9572913736194065j)
(4.054751375804078+0.9670708787163282j)
(4.102519618026919+0.9747510904127119j)
(4.15059648815261+0.9802597807289116j)
(4.198827518370282+0.9835356634771452j)
(4.24704813744884+0.9845298862285405j)
(4.295084427206903+0.9832075831437513j)
(4.3427541122334485+0.979549464664491j)
(4.389867813130008+0.9735534113657925j)
(4.436230590084824+0.9652360300332999j)
(4.481643797788242+0.9546341206606043j)
(4.525907264275727+0.9418059940981789j)
(4.5688217950731564+0.9268325722089898j)
(4.610191990016397+0.9098181963974575j)
(4.6498293435448605+0.8908910671680732j)
(4.68755558062913+0.8702032378472826j)
(4.723206160590723+0.8479300906224093j)
(4.7566338610457155+0.8242692332946606j)
(4.787712335472606+0.7994387710066931j)
(4.816339522116555+0.7736749286766184j)
(4.842440770836602+0.7472290264256388j)
(4.865971549747484+0.7203638408345063j)
(4.886919596500692+0.6933494177333677j)
(4.905306390703406+0.6664584352532437j)
(4.921187844531627+0.6399612465254181j)
(4.934654137494249+0.614120757072332j)
(4.945828657133272+0.5891873101175163j)
(4.9548660479943445+0.5653937617398208j)
(4.961949413645816+0.5429509257331088j)
(4.967286757684289+0.5220435548629293j)
(4.971106786352611+0.5028270016183198j)
(4.973654224765987+0.4854246692064177j)
(4.975184818608074+0.4699263249117332j)
(4.975960202237602+0.456387306060785j)
(4.976242812165203+0.44482860691627335j)
(4.976291012550462+0.43523779593736556j)
(4.9763545783196435+0.4275706795808863j)
(4.976670653931827+0.4217536030799044j)
(4.977460274279892+0.41768626149195154j)
(4.978925501304452+0.4152448859943305j)
(4.981247198004234+0.41428567039711267j)
(4.984583432616798+0.41464831003468106j)
(4.989068481251081+0.41615953807489353j)
(4.994812378039749+0.41863656115701886j)
(5.001900948260126+0.421890315438754j)
(5.010396251695305+0.42572848405212493j)
(5.020337360269561+0.42995823633910457j)
(5.031741394948766+0.43438866706778567j)
(5.0446047511879355+0.43883292943851365j)
(5.058904448944873+0.44311006869166863j)
(5.074599551627341+0.44704657339187487j)
(5.091632607564809+0.4504776690474428j)
(5.1099310770900095+0.4532483838349712j)
(5.129408717611422+0.4552144191229443j)
(5.149966907820707+0.45624285856003227j)
(5.1714959001919985+0.4562127490457431j)
(5.193875998071424+0.4550155852515831j)
(5.216978659884466+0.452555726786263j)
(5.240667538311013+0.4487507738287696j)
(5.264799466738883+0.4435319232709783j)
(5.2892254089627855+0.43684432324760414j)
(5.31379139100444+0.42864743947649325j)
(5.338339436142593+0.4189154421415201j)
(5.362708525783325+0.40763761715024505j)
(5.38673560967796+0.39481880050330115j)
(5.410256689179772+0.3804798292270631j)
(5.433107996667155+0.3646579968601201j)
(5.455127292863704+0.3474074958769626j)
(5.476155301446618+0.3287998237405693j)
(5.496037296927023+0.3089241235999737j)
(5.514624857177577+0.2878874251435343j)
(5.531777786049676+0.26581474599724647j)
(5.547366204171302+0.24284900960078143j)
(5.561272797201268+0.2191507320507371j)
(5.573395200571307+0.194897428381754j)
(5.583648488213948+0.17028268862050364j)
(5.591967720224626+0.14551487618108547j)
(5.598310491273182+0.12081540624440713j)
(5.602659408469034+0.09641657009348147j)
(5.605024415075794+0.07255888325943008j)
(5.605444865908669+0.04948795088088039j)
(5.603991252490619+0.027450862758781013j)
(5.600766472208903+0.0066921527495822095j)
(5.595906536874222-0.012550618418953264j)
(5.589580623164088-0.030051572276686922j)
(5.58199038105979-0.045601403914904456j)
(5.57336843678382-0.05901232276254633j)
(5.5639760535992435-0.07012289134977401j)
(5.554099946230974-0.07880259787020279j)
(5.5440482810825324-0.08495599344068361j)
(5.534145932756617-0.08852622911967085j)
(5.524729105127624-0.08949784163800575j)
(5.516139459621818-0.0878986603043663j)
(5.508717921743948-0.08380073971181601j)
(5.502798356879262-0.07732026191069646j)
(5.498701316223729-0.06861639515452922j)
(5.496728052388497-0.057889141220646444j)
(5.497154991751495-0.045376246525249894j)
(5.500228827906669-0.03134929078654141j)
(5.5061623693552235-0.01610909827009453j)
(5.515131237317182+1.9361216435581517e-05j)
(5.527271469026834+0.016692402481815753j)
(5.542678041022461+0.033553205601586734j)
(5.5614042884622155+0.050237374520584153j)
(5.5834621626830545+0.06637831749860099j)
(5.6088232417568324+0.08161231614672679j)
(5.637420388699197+0.0955831769391191j)
(5.669149939588554+0.10794638831197131j)
(5.703874298883312+0.1183727357461321j)
(5.741424820931126+0.12655135484429728j)
(5.781604863950064+0.13219222702351285j)
(5.824192914350985+0.13502814314883163j)
(5.8689456938335285+0.1348161767492072j)
(5.915601177965942+0.1313387202673858j)
(5.9638814718332585+0.12440414528335558j)
(6.013495504890812+0.11384715121421217j)
(6.0641415226863105+0.09952886716411807j)
(6.115509367119475+0.08133676897509823j)
(6.167282549093848+0.059184468712470274j)
(6.219140127635662+0.0330114273750578j)
(6.270758417791723+0.002782634044894258j)
(6.3218125559373854-0.031511713595181505j)
(6.3719779556453-0.06985650111369396j)
(6.420931690128119-0.11221194407838572j)
(6.46835383861697-0.1585137809501125j)
(6.513928833998128-0.20867341189559954j)
(6.557346847706296-0.2625779915135371j)
(6.598305245335951-0.3200904913055446j)
(6.63651014272435-0.38104975509372374j)
(6.67167808740412-0.4452705773982891j)
(6.7035378843232865-0.5125438409193092j)
(6.731832577595828-0.5826367545665899j)
(6.756321591793677-0.6552932377566738j)
(6.776783026978783-0.7302344997198446j)
(6.7930160914016815-0.807159864066869j)
(6.804843644735929-0.8857478885759404j)
(6.812114813129657-0.9656578277819095j)
(6.814707625590414-1.04653148121975j)
(6.81253160972757-1.1279954628730462j)
(6.8055302742109465-1.2096639173696966j)
(6.7936833960981415-1.2911416957428685j)
(6.777009024129075-1.372027988268712j)
(6.7555651048975545-1.4519203943352295j)
(6.729450638163035-1.5304193900114753j)
(6.698806271051269-1.6071331337157135j)
(6.663814248932166-1.6816825300542468j)
(6.624697653563031-1.7537064526133956j)
(6.581718876558612-1.822867009427336j)
(6.535177297991906-1.8888547212264986j)
(6.485406165194092-1.951393473533723j)
(6.432768694530863-2.0102451001732744j)
(6.377653447733968-2.065213458473605j)
(6.320469062709926-2.1161478656809134j)
(6.26163844499197-2.1629457817456936j)
(6.201592548555134-2.2055546451244195j)
(6.1407638921550936-2.2439727945529575j)
(6.079579968568115-2.2782494395229533j)
(6.018456708393667-2.3084836737857235j)
(5.957792157194356-2.3348225578350985j)
(5.89796051495144-2.3574583262083073j)
(5.839306670828156-2.3766248019614067j)
(5.782141345184893-2.3925931224770807j)
(5.726736926092093-2.405666896870797j)
(5.673324060825645-2.416176925134171j)
(5.622089035619535-2.4244756126967677j)
(5.5731719508201465-2.4309312116231956j)
(5.526665674858535-2.4359220118770035j)
(5.482615540182512-2.439830593934715j)
(5.441019728196322-2.4430382386557192j)
(5.401830278733301-2.4459195729175507j)
(5.364954652710143-2.448837511303445j)
(5.330257774171964-2.452138536181048j)
(5.2975644795026025-2.45614834179114j)
(5.266662306540164-2.4611678532431065j)
(5.237304563998019-2.4674696191611916j)
(5.209213631183708-2.475294567520958j)
(5.182084448763612-2.484849108152349j)
(5.155588172498123-2.4963025625014423j)
(5.129375972776703-2.5097849014380786j)
(5.103082972782541-2.525384774961794j)
(5.076332326648463-2.543147823295191j)
(5.048739445530504-2.5630752666869907j)
(5.019916383690447-2.5851227808368966j)
(4.989476398073731-2.609199675697427j)
(4.957038693194215-2.635168406934498j)
(4.922233358164682-2.662844460901243j)
(4.884706494309933-2.6919966648871974j)
(4.844125519950919-2.7223479838611646j)
(4.8001846237852925-2.7535768720831824j)
(4.752610320128882-2.7853192519202143j)
(4.701167038661529-2.817171192053885j)
(4.645662659035553-2.8486923521508913j)
(4.585953877827114-2.8794102502181724j)
(4.521951273195834-2.908825391732771j)
(4.453623912877642-2.9364172759596636j)
(4.3810033355792015-2.9616512648006004j)
(4.304186726378486-2.983986263696398j)
(4.223339105228365-3.0028831237557263j)
(4.138694355750583-3.0178136312235515j)
(4.050554940419256-3.028269907030698j)
(3.959290178552082-3.0337739983531704j)
(3.8653330050359855-3.033887409034161j)
(3.769175179239506-3.0282202896094286j)
(3.6713609729455294-3.016439993509922j)
(3.5724794302694494-2.998278706192098j)
(3.4731553575405654-2.973539869968078j)
(3.3740392626693922-2.9421031595232896j)
(3.2757965171532444-2.903927810551704j)
(3.1790960554740866-2.859054164316832j)
(3.0845989528598534-2.8076033607672723j)
(2.992947230992305-2.749775187694443j)
(2.904753231412595-2.685844168397378j)
(2.820589868751893-2.616154040448629j)
(2.7409820325749465-2.5411108389037897j)
(2.666399350847921-2.461174844993114j)
(2.597250463948948-2.3768516934743764j)
(2.5338788902782596-2.2886829472595633j)
(2.4765604974087565-2.1972364468619623j)
(2.4255025304322744-2.103096726081343j)
(2.3808440950263647-2.0068557565705833j)
(2.3426579491589172-1.9091042455827443j)
(2.3109534255784387-1.8104236666712203j)
(2.285680287616909-1.7113791557701026j)
(2.2667333127805143-1.6125133579947275j)
(2.2539574008524044-1.5143412662404931j)
(2.247153014037618-1.4173460531834596j)
(2.2460817740598076-1.3219758648994082j)
(2.2504720630348216-1.2286415176923111j)
(2.2600244994860277-1.137715019996376j)
(2.2744171863400187-1.0495288280775255j)
(2.293310652758675-0.964375737099866j)
(2.316352435145227-0.8825093071211585j)
(2.343181263839852-0.8041447258196732j)
(2.373430840407627-0.729460015288905j)
(2.4067332057807214-0.6585974981515985j)
(2.442721711817467-0.5916654477100325j)
(2.4810336182182495-0.528739857142404j)
(2.5213123434380673-0.46986627329019803j)
(2.563209402574042-0.41506165090107966j)
(2.6063860675234096-0.364316192971734j)
(2.6505147853417723-0.3175951518493473j)
(2.6952803900003004-0.2748405738641446j)
(2.7403811409282985-0.23597297740445256j)
(2.785529619086299-0.20089296048616784j)
(2.8304535080600397-0.16948273901633507j)
(2.8748962839819536-0.1416076211379362j)
(2.9186178341270845-0.11711742631240418j)
(2.9613950199266865-0.095847860199982j)
(3.0030221960017256-0.07762185798858852j)
(3.04331169273594-0.06225090965465375j)
(3.082094265964883-0.0495363807655792j)
(3.1192195136283396-0.039270841906098j)
(3.1545562557887004-0.031239418680703405j)
(3.187992871323331-0.025221172566022767j)
(3.2194375819210816-0.020990520719149135j)
(3.2488186718105347-0.018318700254739702j)
(3.2760846299833775-0.016975279560377428j)
(3.30120420059752-0.01672971600977027j)
(3.324166326796912-0.017352956052245582j)
(3.344979973397621-0.01861907021196033j)
(3.3636738147742498-0.020306912134650672j)
(3.3802957758330976-0.022201787597331005j)
(3.3949124161461635-0.024097116469837213j)
(3.407608150091323-0.02579606810882563j)
(3.4184842991168987-0.02711314868830702j)
(3.4276579759210084-0.027875717623438073j)
(3.4352608042807677-0.027925409607623398j)
(3.441437482340569-0.027119438904597552j)
(3.4463442012175745-0.025331763443781248j)
(3.4501469346476745-0.022454087942673125j)
(3.4530196189202194-0.018396687680879452j)
(3.455142245392343-0.013089037594397442j)
(3.4566988903096076-0.0064802349373696486j)
(3.457875708392809+0.001460792266375788j)
(3.4588589176159528+0.010745294538830347j)
(3.4598328027710603+0.021364927288047765j)
(3.460977764798406+0.03329218921493302j)
(3.4624684415026543+0.04648106385552732j)
(3.4644719232542625+0.06086785173708783j)
(3.4671460846959916+0.07637217753654682j)
(3.470638050465126+0.09289815412954491j)
(3.475082809640934+0.11033568356395751j)
(3.4806019901809835+0.12856187380744394j)
(3.4873028011589606+0.14744254959388742j)
(3.4952771472939523+0.1668338357894864j)
(3.504600917180655+0.18658379235049904j)
(3.5153334438858486+0.2065340810647529j)
(3.527517134237994+0.2265216457583325j)
(3.541177261247994+0.24638038939831575j)
(3.5563219126769945+0.26594283342237646j)
(3.5729420878059086+0.28504174656859216j)
(3.59101193393082+0.30351173236711754j)
(3.6104891139627595+0.3211907662026661j)
(3.63131529668584+0.33792167439325216j)
(3.653416761650737+0.35355354900426816j)
(3.676705111271874+0.3679430930930618j)
(3.7010780833724275+0.38095589174419064j)
(3.726420458100185+0.3924676046116182j)
(3.7526050537418714+0.4023650757543039j)
(3.779493806425371+0.4105473563719169j)
(3.806938928959019+0.4169266356690867j)
(3.834784144070233+0.4214290745620948j)
(3.8628659870414097+0.423995536362068j)
(3.891015172185745+0.42458220799948176j)
(3.919058016763172+0.4231611048743651j)
(3.946817914828012+0.4197204521023094j)
(3.974116852163467+0.4142649348482398j)
(4.000776951950838+0.4068158106621093j)
(4.026622039208679+0.39741087730201613j)
(4.051479210405513+0.3861042904852201j)
(4.075180393083546+0.37296622736336205j)
(4.09756387892802+0.35808239326808683j)
(4.118475812568694+0.3415533713938882j)
(4.137771617596129+0.32349381752619305j)
(4.155317340892872+0.3040315046181286j)
(4.170990896482281+0.28330622488178964j)
(4.184683190728406+0.26146855998794705j)
(4.196299111899514+0.2386785328524986j)
(4.205758368831519+0.2151041572111416j)
(4.212996165664228+0.1909199036337745j)
(4.217963702318278+0.16630510269947738j)
(4.220628493453137+0.14144230765070795j)
(4.220974502000387+0.11651563989571136j)
(4.2190020868857445+0.09170914118379862j)
(4.214727768119663+0.06720515611191033j)
(4.208183815923213+0.04318276783739871j)
(4.199417673845466+0.019816308499865043j)
(4.1884912288110305-0.002726036050963955j)
(4.175479943618668-0.02428350998833644j)
(4.160471869519204-0.04470394520019479j)
(4.143566558084625-0.06384478142921399j)
(4.124873892610218-0.08157394049720498j)
(4.104512859767577-0.09777054944023274j)
(4.082610282165354-0.1123255105115205j)
(4.059299531915926-0.12514191898855548j)
(4.034719244305154-0.13613533246570117j)
(4.009012049284382-0.14523389776370657j)
(3.9823233368249316-0.15237834369223274j)
(3.954800070271763-0.1575218496352089j)
(3.9265896597837218-0.16062980127641321j)
(3.8978389058251453-0.1616794457483294j)
(3.868693020546146-0.1606594590871498j)
(3.8392947328135043-0.15756943913662488j)
(3.8097834806811437-0.15241933699873103j)
(3.780294693255689-0.14522883981967366j)
(3.7509591622471277-0.13602671716766548j)
(3.7219025020150265-0.12485014254860238j)
(3.693244695636158-0.11174400075798491j)
(3.665099723430805-0.09676019082230451j)
(3.6375752694879377-0.07995693327480204j)
(3.6107725010139307-0.06139808947037138j)
(3.5847859147802907-0.04115249959691399j)
(3.559703244550266-0.019293345006766098j)
(3.535605423102284+0.004102460513638104j)
(3.5125665923244074+0.02895484688378079j)
(3.4906541548129137+0.055181128546015576j)
(3.46992886045279+0.0826965080982977j)
(3.450444921579212+0.11141454170200352j)
(3.4322501505027048+0.14124756599785482j)
(3.4153861134227883+0.17210708699126476j)
(3.3998882950475675+0.20390413205569163j)
(3.3857862685794786+0.23654956685296316j)
(3.373103866119614+0.2699543795848627j)
(3.361859344987138+0.3040299355739171j)
(3.352065545951599+0.33868820572132174j)
(3.343730039939001+0.3738419729054044j)
(3.336855260405249+0.4094050208569274j)
(3.331438619279442+0.44529231047093515j)
(3.327472605170275+0.4814201488726433j)
(3.324944863406013+0.5177063568323933j)
(3.323838258442674+0.5540704402976416j)
(3.3241309202222844+0.5904337718549164j)
(3.3257962771835707+0.6267197878219454j)
(3.328803079802674+0.6628542063694625j)
(3.3331154197445962+0.698765271553476j)
(3.3386927508987627+0.7343840273724634j)
(3.3454899197058805+0.7696446249288277j)
(3.3534572131967746+0.804484664453106j)
(3.362540433987801+0.8388455723445325j)
(3.3726810120327233+0.8726730115055757j)
(3.3838161631352976+0.9059173211396633j)
(3.3958791040009277+0.9385339799005881j)
(3.408799332875993+0.9704840839156781j)
(3.4225029835362055+1.0017348288676544j)
(3.4369132585109927+1.0322599831449306j)
(3.4519509449750014+1.0620403372141902j)
(3.4675350137484804+1.0910641129903278j)
(3.483583298420285+1.1193273162356403j)
(3.5000132478843717+1.1468340150509706j)
(3.516742741750505+1.1735965284278154j)
(3.5336909543766346+1.1996355106664063j)
(3.550779249917989+1.2249799202213754j)
(3.567932088043351+1.2496668651334746j)
(3.585077918057851+1.2737413214919746j)
(3.602150038277365+1.2972557261323627j)
(3.619087397742929+1.320269449737292j)
(3.635835318785731+1.3428481613778585j)
(3.65234612151011+1.3650631000000744j)
(3.6685796348220943+1.386990272142902j)
(3.68450358298886+1.4087095980322981j)
(3.7000938416019054+1.4303040299582888j)
(3.71533456193651+1.4518586674233338j)
(3.730218167741093+1.4734598929485005j)
(3.7447452331641533+1.4951945507260378j)
(3.758924254587446+1.5171491876679564j)
(3.772771332394409+1.539409373035508j)
(3.7863097810488173+1.5620591089855236j)
(3.7995696872482947+1.5851803402926339j)
(3.812587436379021+1.608852567441548j)
(3.8254052271188534+1.6331525634430017j)
(3.8380705929466354+1.6581541912780096j)
(3.8506359476757965+1.6839283159380471j)
(3.863158170110848+1.7105428026687428j)
(3.875698240695179+1.7380625912637147j)
(3.888320940731085+1.7665498350667699j)
(3.9010946225418586+1.7960640926739597j)
(3.9140910569141205+1.8266625600987771j)
(3.9273853623840913+1.8584003312831745j)
(3.941056019461588+1.8913306752035781j)
(3.9551849717435896+1.9255053183355437j)
(3.9698578150570074+1.960974721809063j)
(3.9851640752720914+1.9977883431228574j)
(4.001197575215134+2.0359948727130504j)
(4.018056891144488+2.075642435923812j)
(4.035845899491551+2.1167787509446114j)
(4.054674414961471+2.1594512330099707j)
(4.074658921581834+2.2037070345558103j)
(4.095923398827712+2.2495930100459605j)
(4.1186002454758075+2.2971555927799705j)
(4.142831304280638+2.346440569119162j)
(4.168768990845176+2.3974927331747904j)
(4.196577530081624+2.4503554020310627j)
(4.226434303312408+2.50506976796823j)
(4.258531308205368+2.561674059840737j)
(4.293076732189874+2.620202480686241j)
(4.330296637539246+2.6806838827302064j)
(4.3704367526390975+2.7431401341528376j)
(4.413764358733049+2.807584124275549j)
(4.460570254190684+2.8740173452108335j)
(4.51117076851677+2.9424269785886628j)
(4.5659097852215815+3.012782405908384j)
(4.625160715467451+3.085031050720306j)
(4.6893283421021374+3.15909345079211j)
(4.758850425145434+3.2348574495725124j)
(4.8341989237387875+3.3121713899908447j)
(4.915880644662326+3.390836191901402j)
(5.004437072485973+3.470596200080877j)
(5.100443070231841+3.5511287064283104j)
(5.2045040616674205+3.632032082994133j)
(5.317251217721113+3.7128125182519254j)
(5.43933407258233+3.7928694358429103j)
(5.571409895288563+3.8714798026507307j)
(5.7141290497463935+3.9477817124510373j)
(5.8681155058265455+4.020757873597155j)
(6.033941639785528+4.089219943485154j)
(6.212096516500795+4.15179504298689j)
(6.402947021730527+4.206916244622288j)
(6.606691561740571+4.252819335915478j)
(6.823306626716124+4.287548665607553j)
(7.052487374774577+4.308975302243213j)
(7.293584564518431+4.314830948146986j)
(7.545541628572464+4.302760892102259j)
(7.80683734342618+4.270398558717657j)
(8.07544120853602+4.215462734984207j)
(8.34878996936519+4.135876202590998j)
(8.623794259349069+4.029901300511005j)
(8.89688359735847+3.8962841396764487j)
(9.164095536276426+3.73439533457494j)
(9.421210441759268+3.544352027700718j)
(9.663927449135086+3.327104635024958j)
(9.888070405935633+3.084473005134915j)
(10.089806354764153+2.8191210020592536j)
(10.26585486933199+2.534465612564466j)
(10.413665634509117+2.234525439465997j)
(10.53154468136293+1.9237221330593395j)
(10.618716283790306+1.606655021393996j)
(10.675316367249096+1.2878724318385728j)
(10.702322464669079+0.9716623465643057j)
(10.701432878659972+0.6618805479486326j)
(10.674912430203802+0.36182757021171663j)
(10.625423515363252+0.07417823756681542j)
(10.5558595237107-0.19903914538150783j)
(10.469193938070132-0.4564217646909262j)
(10.36835377336705-0.6971399060640534j)
(10.256121430885218-0.9208642888549494j)
(10.135065231157308-1.1276832749647685j)
(10.007496169704536-1.3180182383763497j)
(9.875446839735663-1.4925431575046417j)
(9.740667816715739-1.6521123315514417j)
(9.604636847545303-1.79769827796403j)
(9.468576672291178-1.9303404499358838j)
(9.333478010079231-2.051104426263579j)
(9.20012500278854-2.1610506160440575j)
(9.069121128502175-2.2612112070151396j)
(8.940914216755289-2.352573985437172j)
(8.815819699095954-2.436071693968559j)
(8.694041612651308-2.512575714016063j)
(8.575691154393434-2.582893018360481j)
(8.460802777747638-2.647765510127161j)
(8.349347949847735-2.7078710279569616j)
(8.241246764213752-2.7638254450938065j)
(8.136377644258806-2.816185418026499j)
(8.034585389194604-2.865451447762013j)
(7.935687814183235-2.9120710052303616j)
(7.8394812271618-2.9564415442078276j)
(7.745744969870302-2.9989132833443914j)
(7.654245232921532-3.039791686197862j)
(7.564738335774672-3.0793396071322694j)
(7.4769736428360165-3.1177791036253746j)
(7.390696266615665-3.155292943543731j)
(7.305649687513576-3.1920258603271314j)
(7.221578396768437-3.2280856302592786j)
(7.138230643728065-3.263544064006352j)
(7.055361340398588-3.2984380187830173j)
(6.97273514504827-3.3327705468110462j)
(6.89012971285366-3.3665122988306115j)
(6.807339066197801-3.3996032968710423j)
(6.72417700201945-3.431955177024036j)
(6.640480421016641-3.4634539798196196j)
(6.556112436525726-3.4939635330262573j)
(6.470965102761468-3.5233294304138987j)
(6.384961595854679-3.551383562616512j)
(6.2980576890897675-3.577949106305621j)
(6.210242387014391-3.6028458300133672j)
(6.1215376211109955-3.6258955341725128j)
(6.031996960075193-3.646927414141832j)
(5.941703346261764-3.665783122095547j)
(5.850765931031251-3.682321308993169j)
(5.75931613938918-3.6964214516405414j)
(5.667503142518664-3.707986810090154j)
(5.575488950702208-3.7169464132840453j)
(5.483443355621495-3.7232560304533115j)
(5.391538949204522-3.726898146261096j)
(5.299946427324815-3.727881013167694j)
(5.208830353878037-3.7262369001920197j)
(5.118345518443276-3.7220196899110776j)
(5.028633973790002-3.715301993757767j)
(4.939822792649209-3.7061719597792373j)
(4.852022540418308-3.69472993875937j)
(4.765326424699406-3.681085156715129j)
(4.679810055437485-3.665352517412336j)
(4.595531731416076-3.647649630878925j)
(4.5125331595075-3.628094135710421j)
(4.430840511213966-3.6068013564776122j)
(4.35046572512623-3.5838823142939624j)
(4.271407972303865-3.5594420894600116j)
(4.1936552126405875-3.5335785203897774j)
(4.1171857826359854-3.506381212614842j)
(4.041969967531207-3.4779308251334675j)
(3.967971522669247-3.448298598129182j)
(3.895149119664706-3.4175460854613493j)
(3.8234577022159804-3.385725056675589j)
(3.7528497440480586-3.352877536000132j)
(3.6832764075593327-3.3190359493786903j)
(3.6146886063761805-3.284223354635199j)
(3.5470379783581794-3.248453734060043j)
(3.480277777836988-3.2117323328297607j)
(3.4143636971989872-3.1740560305753682j)
(3.3492546285182376-3.1354137370099564j)
(3.284913375963457-3.0957868057723057j)
(3.2213073292767076-3.0551494635308503j)
(3.1584091078527154-3.0134692539314636j)
(3.096197183918639-2.970707498189649j)
(3.0346564920836276-2.926819776053238j)
(2.973779031127806-2.881756432524502j)
(2.9135644623590875-2.8354631171597595j)
(2.8540207071862818-2.787881363979786j)
(2.795164544739451-2.738949221037233j)
(2.7370222084028097-2.688601939499277j)
(2.6796299779986232-2.6367727327037875j)
(2.6230347620616388-2.5833936160158206j)
(2.56729466215636-2.528396338407504j)
(2.512479508514116-2.4717134164659913j)
(2.4586713534023867-2.4132792809350265j)
(2.4059649056062145-2.3530315448462686j)
(2.3544678862334036-2.29091240071141j)
(2.3043012828104312-2.2268701520358207j)
(2.2555994753997015-2.16086088148547j)
(2.2085102053563466-2.0928502542976433j)
(2.163194354507785-2.0228154508923883j)
(2.119825500172353-1.9507472170519677j)
(2.078589209766122-1.8766520134580917j)
(2.039682038046614-1.8005542388257667j)
(2.0033101906120327-1.722498492419185j)
(1.9696878194357437-1.6425518325298203j)
(1.9390349203002575-1.5608059777797498j)
(1.9115748083133859-1.47737938822604j)
(1.8875311565143507-1.3924191536457586j)
(1.8671245940988863-1.306102607642125j)
(1.8505688750862188-1.2186385790174659j)
(1.83806664523341-1.1302681869710607j)
(1.8298048543927232-1.0412650849387097j)
(1.8259498827782046-0.9519350601428866j)
(1.8266424719510335-0.8626149029661248j)
(1.8319925736301843-0.773670472755785j)
(1.842074250264543-0.685493904992212j)
(1.8569207790134312-0.5984999288658819j)
(1.8765201236598932-0.5131212936154647j)
(1.900810945488321-0.4298033353171752j)
(1.929679323150693-0.34899775156996304j)
(1.9629563423826693-0.2711556878256228j)
(2.000416698916985-0.19672027404579207j)
(2.041778432259495-0.1261187819597044j)
(2.086703874728985-0.0597545994164275j)
(2.134801860465723+0.0020007628899257287j)
(2.1856311948450093+0.05881540754531349j)
(2.238705338419685+0.11040430570861133j)
(2.2934982141207376+0.15653586002929928j)
(2.3494510049985142+0.19703758632120824j)
(2.405979775018606+0.23180075688656931j)
(2.462483719496148+0.2607838870460974j)
(2.518353836045053+0.28401498929469726j)
(2.572981801956443+0.30159256363135345j)
(2.6257688493540825+0.3136853351195023j)
(2.676134444158355+0.3205307880235818j)
(2.723524597032228+0.32243257786369545j)
(2.76741966184375+0.31975692701183395j)
(2.80734150731248+0.3129281253473372j)
(2.8428599779771733+0.30242326505413497j)
(2.8735985892301206+0.2887663386038707j)
(2.89923942610038+0.2725218225932355j)
(2.919527235436834+0.2542878590400101j)
(2.934272715409141+0.23468913184008838j)
(2.9433550146433234+0.2143695212446412j)
(2.946723456207203+0.1939846052083555j)
(2.944398499874827+0.1741940648261747j)
(2.9364719508154384+0.15565404302078056j)
(2.923106415502897+0.13900950196602624j)
(2.9045339978057396+0.12488662579191606j)
(2.8810542214965054+0.11388532081525782j)
(2.85303116132888+0.10657187533652111j)
(2.820889764691633+0.10347185397734947j)
(2.785111350682129+0.10506331629297948j)
(2.746228283883602+0.11177046438352448j)
(2.70481783634975+0.12395783768022814j)
(2.6614952729531116+0.1419251831750089j)
(2.61690622146542+0.165903134372147j)
(2.57171841811612+0.19604983068723603j)
(2.526612950092815+0.23244859983033306j)
(2.4822751463422925+0.2751068083474491j)
(2.4393852947935524+0.32395596006097793j)
(2.3986093854775445+0.3788530894338877j)
(2.3605900929501593+0.4395834583307824j)
(2.3259382163811555+0.5058645222646052j)
(2.2952247907018646+0.5773510883948019j)
(2.268974067047552+0.6536415448564901j)
(2.247657535800116+0.7342850020268119j)
(2.231689131898934+0.8187891534875j)
(2.221421721413378+0.9066286398601905j)
(2.217144922929804+0.9972536840597956j)
(2.2190842698699473+1.0900987628521421j)
(2.2274016734778335+1.1845910870328584j)
(2.2421971038224084+1.2801586801704317j)
(2.263511370173085+1.3762378719121564j)
(2.2913298541165723+1.4722800540287535j)
(2.3255870295591765+1.5677575832068187j)
(2.3661715933389122+1.6621687517521213j)
(2.412932028056907+1.7550417837776873j)
(2.465682424038419+1.845937848397167j)
(2.5242083988769117+1.9344531115573473j)
(2.588272969440941+2.0202198734396664j)
(2.6576222510793794+2.1029068582449106j)
(2.7319908806051925+2.1822187374378084j)
(2.81110708213425+2.257894976297439j)
(2.894697316842492+2.3297080972993056j)
(2.982490478246391+2.397461453048209j)
(3.0742216130119355+2.4609865969033384j)
(3.1696351630934787+2.520140331848293j)
(3.268487737940303+2.5748015082933233j)
(3.370550435505854+2.6248676300294713j)
(3.475610737896323+2.6702513150529765j)
(3.583474011834683+2.7108766448981605j)
(3.693964645865269+2.746675422787941j)
(3.806926855557989+2.777583347539512j)
(3.922225185027204+2.803536096840206j)
(4.039744727926627+2.824465300221766j)
(4.15939108367675+2.8402943687089683j)
(4.281090054846585+2.850934134525028j)
(4.4047870789798464+2.8562782401730704j)
(4.53044637211825+2.856198201419443j)
(4.658049740932934+2.8505380529249638j)
(4.787594994415693+2.8391084682943584j)
(4.919093852699649+2.821680228055524j)
(5.05256920728079+2.7979768896886164j)
(5.188051530337946+2.767666493868711j)
(5.325574156478645+2.7303521218490485j)
(5.465167062068992+2.6855611028599875j)
(5.606848637432513+2.6327326619166693j)
(5.750614775377651+2.5712038049935826j)
(5.896424372719669+2.500193272508437j)
(6.044180043717202+2.4187834735493428j)
(6.193702457098148+2.3259004743299925j)
(6.344696212219744+2.220292405393895j)
(6.496704549261704+2.100507151173986j)
(6.6490494413008765+1.9648710113361576j)
(6.800752774758175+1.811471351990267j)
(6.950433493395652+1.6381483488217163j)
(7.09617500546843+1.4425041066401627j)
(7.235357338401261+1.221942146263341j)
(7.364450420522404+0.9737569154242612j)
(7.478770134462719+0.6953018299028132j)
(7.572210088360696+0.38427487616311995j)
(7.6369831994850434+0.03917071485505303j)
(7.663442581036082-0.34004837413024963j)
(7.640103493759481-0.751025426547126j)
(7.554052183498972-1.187841683102499j)
(7.391979576986873-1.6397418608319316j)
(7.142062736202953-2.0900773045594887j)
(6.7967473154536275-2.5160280825757635j)
(6.3560839841058545-2.889811987084191j)
(5.830689021430633-3.181913160795235j)
(5.242935668025409-3.3661669489483597j)
(4.625143658385385-3.4254524407288156j)
(4.014616879543664-3.3559187457307305j)
(3.4469478975816417-3.167908205861212j)
(2.9499833801140998-2.883165356679519j)
(2.540447199829857-2.5296257525901478j)
(2.2237818123316915-2.135894867284992j)
(1.996377136161931-1.7271070510022888j)
(1.848789008176238-1.3227990497019768j)
(1.768785828047087-0.9365316551714108j)
(1.743627250006498-0.5766011301374604j)
(1.7614647043963365-0.24720686209012965j)
(1.8120214529216976+0.050355370695374595j)
(1.886793660338576+0.3166859486571178j)
(1.978979659371676+0.5535136709649016j)
(2.083275819969816+0.7631515877369442j)
(2.1956271751890526+0.9481370313880249j)
(2.312983794801655+1.111008855132257j)
(2.433086181996262+1.2541792884961442j)
(2.554286652106306+1.379867759958683j)
(2.675405704670967+1.490073635307768j)
(2.7956191018784105+1.5865723050793765j)
(2.9143704276950864+1.6709244470965308j)
(3.031304083385537+1.7444920112982076j)
(3.146214317510214+1.808456962214151j)
(3.259006654405822+1.8638404353285796j)
(3.3696688156841983+1.911520994723528j)
(3.4782488611272+1.9522513196466098j)
(3.5848387933484402+1.9866730340489875j)
(3.6895622816058564+2.015329617597096j)
(3.792565479367118+2.0386774595667423j)
(3.8940101544712307+2.0570951774495976j)
(3.9940685354342875+2.0708913449524196j)
(4.0929194156299635+2.080310775037385j)
(4.19074515916175+2.08553949248227j)
(4.287729326288978+2.086708513093229j)
(4.384054688325673+2.0838965267873815j)
(4.479901436387199+2.0771315614400905j)
(4.575445408268826+2.0663916850098847j)
(4.670856165042422+2.0516047859479536j)
(4.766294744680054+2.032647457115726j)
(4.861910904398997+2.00934299737781j)
(4.957839636025712+1.9814585391325064j)
(5.054196698446541+1.9487013114219587j)
(5.151072856595592+1.9107140601359351j)
(5.248526445523415+1.86706967396565j)
(5.346573788945985+1.8172651141721052j)
(5.445176892830393+1.7607148280012375j)
(5.5442277060711165+1.6967439540012297j)
(5.643528095379019+1.6245818224466475j)
(5.742764529500588+1.5433565424593243j)
(5.841476328991927+1.4520918844685957j)
(5.939016250443062+1.3497082562023677j)
(6.034502206136859+1.235030382585676j)
(6.1267591846788205+1.1068053833962939j)
(6.214251113765465+0.963736326005638j)
(6.2950037594202195+0.8045379856701593j)
(6.366522156158897+0.6280233200408731j)
(6.425709968829386+0.4332306715627661j)
(6.468804064729001+0.2196021742442931j)
(6.491345672221626-0.012778090364969194j)
(6.488219395743883-0.26288401194594213j)
(6.453801200257314-0.5283966534673962j)
(6.382262047631618-0.8053366502304216j)
(6.268067904297714-1.0877458536065854j)
(6.106689851661423-1.3675205650458282j)
(5.895482270815654-1.634525155281744j)
(5.634604692584957-1.8771083784237435j)
(5.327775751558739-2.083080831075008j)
(4.982600125216782-2.2410832797252063j)
(4.610252441049364-2.3421127292187975j)
(4.224457403601173-2.3808487931243136j)
(3.839930305743528-2.356418717269294j)
(3.4706352521600414-2.272386683763766j)
(3.1282782958209383-2.1359956443690806j)
(2.8213493168512747-1.9569117907067637j)
(2.5548221759686474-1.7458237756131008j)
(2.3304232520740533-1.513209247064017j)
(2.14726230891436-1.268452700856319j)
(2.002602867664529-1.019357763287981j)
(1.892600010429195-0.7719970067972903j)
(1.8129070220984216-0.5307977475741488j)
(1.7591167156641379-0.29876038436001956j)
(1.727046650082122-0.0777266022567086j)
(1.71290008123632+0.13135655371288293j)
(1.7133394403275652+0.32820325488550456j)
(1.7255020930595344+0.5129942054016595j)
(1.746979221579506+0.6862213227218001j)
(1.7757735389621079+0.8485696319635908j)
(1.8102479771277986+1.0008316130624855j)
(1.8490734473180925+1.1438475393921643j)
(1.891180089451117+1.2784653921222453j)
(1.9357139425568495+1.4055150017594173j)
(1.9819995764826401+1.5257923110655276j)
(2.0295085164316897+1.6400507156838884j)
(2.0778329593387266+1.7489972642064042j)
(2.126664151888809+1.8532921216684082j)
(2.175774781187887+1.9535501633901573j)
(2.225004768472253+2.050343906840022j)
(2.2742499233639166+2.1442072373335703j)
(2.323452993352762+2.235639562159734j)
(2.3725967205913014+2.3251101552255893j)
(2.421698590780797+2.4130625443674205j)
(2.470807024951982+2.499918856495117j)
(2.5199988240994724+2.5860840794114197j)
(2.5693777297355496+2.671950229078171j)
(2.619074011875954+2.757900431286768j)
(2.669245041492054+2.8443129399092437j)
(2.720076849044469+2.9315651219883128j)
(2.7717867165975836+3.020037443934746j)
(2.8246269007794127+3.110117493409533j)
(2.878889640566255+3.2022040677705053j)
(2.934913671295602+3.296711351128557j)
(2.993092549207506+3.394073185916994j)
(3.0538851953378026+3.4947474177135547j)
(3.1178292018110474+3.5992202478891313j)
(3.185557618191471+3.708010457966379j)
(3.257820164691966+3.821673257290834j)
(3.3355101213519545+3.940803327892705j)
(3.4196985419473576+4.066036359306035j)
(3.511677968841431+4.198047920998496j)
(3.6130185164189754+4.337547813581009j)
(3.725640084222124+4.48526691497713j)
(3.8519055842544314+4.64193173968562j)
(3.9947414071379233+4.808219045223334j)
(4.1577927835820665+4.984678181408743j)
(4.345622823812006+5.171601413017856j)
(4.563963823319099+5.368810468963967j)
(4.820025543316132+5.575308542893915j)
(5.122852382540738+5.788717404623245j)
(5.483688576098447+6.004375419037871j)
(5.916235359281666+6.213913385293264j)
(6.436524048239529+6.403064455226842j)
(7.0618141111168455+6.548459442667998j)
(7.807373770676958+6.613382171307379j)
(8.679240890385973+6.543324155706156j)
(9.66065901419662+6.2644082209668825j)
(10.691855754952499+5.691791591504143j)
(11.651045252568249+4.758445698243837j)
(12.359604544025213+3.4670888975776295j)
(12.638565624316266+1.9379312885948394j)
(12.403230184521206+0.3950940583896981j)
(11.719095142112483-0.9282940943380299j)
(10.760004134380463-1.8936973003678081j)
(9.712518594262335-2.4850696512328985j)
(8.709655842049582-2.7660177230922183j)
(7.819104060494674-2.8243589680637853j)
(7.061154880021084-2.7387282857863395j)
(6.430357391839719-2.5677074588307316j)
(5.910634568466923-2.350761602936494j)
(5.483491590336376-2.1128544314782496j)
(5.1316944252030465-1.8690498716471686j)
(4.8405356655386855-1.6280254143926j)
(4.597987306559791-1.3944750211816435j)
(4.394416709895166-1.1706650989993501j)
(4.222181070274592-0.9574128751096107j)
(4.075231977659141-0.7546912161711042j)
(3.9487756894638775-0.5619982446057257j)
(3.8389975892088-0.37858085787279916j)
(3.742845044249792-0.20356810646288145j)
(3.657858706564317-0.03604914795758802j)
(3.5820422420730007+0.12488279231483349j)
(3.5137618457226614+0.2801072467690962j)
(3.4516685687771007+0.4304659810268872j)
(3.3946380187732466+0.5767601117561479j)
(3.3417232623131263+0.7197517947584938j)
(3.2921177599445928+0.8601686135791935j)
(3.2451259273440836+0.9987095499979565j)
(3.20013949360604+1.1360518903995582j)
(3.1566182578112665+1.2728587228289303j)
(3.1140741638535006+1.4097868747240365j)
(3.0720578476459406+1.547495272524145j)
(3.0301469804364847+1.6866537981924303j)
(2.987935851614221+1.8279527917681802j)
(2.945025714241321+1.9721134156261426j)
(2.9010154631446237+2.119899164536338j)
(2.8554922322290563+2.272128884032906j)
(2.8080214853800385+2.4296917562472844j)
(2.758136131597107+2.593564836772183j)
(2.7053241140923308+2.7648338904358214j)
(2.6490137947324364+2.944718494523981j)
(2.58855626282062+3.134602678071586j)
(2.523203414839286+3.336072778605775j)
(2.452080239036388+3.550964771888509j)
(2.374149132512361+3.781424138429621j)
(2.288163178826448+4.029982482821665j)
(2.1926039603361565+4.299656787536887j)
(2.0855974078158477+4.594079626714921j)
(1.9647979583831743+4.91767230997518j)
(1.827226142300633+5.2758784578537155j)
(1.6690363108043569+5.6754840681484025j)
(1.485177117546022+6.125063648846305j)
(1.2688830057662652+6.63561382551613j)
(1.0108914275310923+7.22147195618601j)
(0.6981997464588554+7.901678617363766j)
(0.31201926626624416+8.702049769640958j)
(-0.1757348016214006+9.658415892149923j)
(-0.8087655094635093+10.821836092778502j)
(-1.658459730165908+12.26724396914294j)
(-2.8485765738276276+14.108145307862062j)
(-4.610250138192541+16.52169802611723j)
(-7.418064495336953+19.788054454718154j)
(-12.372413821871252+24.318591803751612j)
(-22.429234380924495+30.34526435947653j)
(-46.206040385505325+33.88500545299954j)
(-85.76430142019545-1.7902790686039407j)
(-47.56772895104471-57.33683836138326j)
(-11.656088117009011-47.3756225146125j)
(-0.8476731499737735-34.54023813261518j)
(2.767895347128771-26.442277309493193j)
(4.17686674697583-21.244722878016685j)
(4.77408044654474-17.69936077900066j)
(5.029159253074992-15.147400302908576j)
(5.125995001800105-13.229875881852356j)
(5.145111157362102-11.73910683265047j)
(5.124792152995947-10.54793804931748j)
(5.084373369732122-9.57463212839057j)
(5.034051237292658-8.764441733539297j)
(4.979357723980322-8.079400739100622j)
(4.923336051261175-7.492389947139791j)
(4.867655104139165-6.98353954683585j)
(4.813205048594449-6.537966879043963j)
(4.760426962073627-6.144307656091478j)
(4.709500509014402-5.793735181622694j)
(4.660453243418278-5.479288981337715j)
(4.613225383043456-5.195404984884117j)
(4.567708665764133-4.937580201158006j)
(4.523769813892317-4.70212909920564j)
(4.481264706796991-4.486003746853803j)
(4.440046872895627-4.28665906196069j)
(4.399972477942495-4.101950496008237j)
(4.360903142643498-3.930055373696732j)
(4.322707416779988-3.769411715664017j)
(4.285261428901968-3.6186701376919896j)
(4.248449040395142-3.476655637030126j)
(4.212161713947835-3.3423369276043355j)
(4.176298231705473-3.214801588973532j)
(4.140764351195782-3.0932357264660664j)
(4.105472457372824-2.976907153642618j)
(4.070341250651764-2.865151338037114j)
(4.03529549972366-2.7573595209277797j)
(4.000265881847279-2.6529685482823537j)
(3.965188930731855-2.5514520445953552j)
(3.9300071121772744-2.452312632310091j)
(3.8946690498695076-2.355074952737905j)
(3.859129927977246-2.259279284048221j)
(3.8233521035538747-2.1644755810421845j)
(3.787305970514905-2.0702177822430743j)
(3.7509711286610923-1.9760582439507506j)
(3.7143379266222865-1.8815421695254495j)
(3.677409467773579-1.7862019061997834j)
(3.6402041945866626-1.6895509819425067j)
(3.6027592014953864-1.591077752015667j)
(3.565134471846329-1.490238519697965j)
(3.5274182944999954-1.3864499892962112j)
(3.4897341950682557-1.2790809037307722j)
(3.4522498223189206-1.1674427164392132j)
(3.415188371039375-1.0507791526977348j)
(3.3788433109122904-0.9282545363979111j)
(3.3435974431617534-0.7989408076019084j)
(3.3099476445361073-0.6618032548935301j)
(3.278537109363931-0.5156851691938497j)
(3.2501974989214597-0.3592919483935001j)
(3.2260041915218376-0.19117573490539194j)
(3.2073488334611335-0.009722593555054565j)
(3.1960346425800528+0.1868542424239422j)
(3.194401394371842+0.40050906949870885j)
(3.2054886123300093+0.6333364328227514j)
(3.2332468581381475+0.8875056914311803j)
(3.2828073266796256+1.165131387991984j)
(3.360817188007232+1.4680380553049546j)
(3.475837943656241+1.797355229338103j)
(3.6387780631408524+2.1528470386723884j)
(3.863274701474179+2.531844240064572j)
(4.165829950283216+2.9276204832779036j)
(4.5653182969000055+3.3270822506269178j)
(5.081206207590018+3.707819882926702j)
(5.729544745898395+4.035063130904576j)
(6.515829591898338+4.260074454206504j)
(7.424859957455833+4.322870940131033j)
(8.410544134054993+4.162806070951723j)
(9.392615773834398+3.7380783885913966j)
(10.268451096533045+3.0480448184540165j)
(10.940975753744313+2.1445474002995373j)
(11.349927406701806+1.1207587030659598j)
(11.487584258758817+0.08152092487229026j)
(11.391190105611717-0.8868582059827396j)
(11.121245845822187-1.7320208264723358j)
(10.740329997358876-2.434519754770143j)
(10.300536113279653-2.9979942491771587j)
(9.839531237748837-3.438370993402547j)
(9.381748352626937-3.775897513065703j)
(8.941480200287574-4.030530004966961j)
(8.526040923903587-4.2198188020463885j)
(8.138293959170959-4.358275229440375j)
(7.778443953246631-4.457475471807544j)
(7.445218031312724-4.52645966146637j)
(7.136605898080239-4.572199134158318j)
(6.8503042473343045-4.600030952309878j)
(6.583972046288977-4.614024466709446j)
(6.335368814301125-4.617275355158696j)
(6.1024225090993465-4.612134955897751j)
(5.883256268690101-4.600386319608853j)
(5.6761919715628855-4.583378203903899j)
(5.479741446972838-4.562126648751426j)
(5.292591744041234-4.5373918950220276j)
(5.113588161959237-4.509736683900218j)
(4.941717106819201-4.479570542169728j)
(4.776089862837547-4.44718352705607j)
(4.615927790558597-4.412772035685107j)
(4.460549133642391-4.376458627557872j)
(4.309357432036852-4.338307315880588j)
(4.1618314438440835-4.298335415144043j)
(4.0175164356803155-4.2565227568105675j)
(3.8760166907646707-4.212818879209656j)
(3.736989092532272-4.167148645464915j)
(3.6001376605041404-4.119416633345863j)
(3.4652089371066244-4.069510565277895j)
(3.3319881421926443-4.0173039978476695j)
(3.200296020582308-3.962658459097442j)
(3.069986305061551-3.9054251981605455j)
(2.9409437065830892-3.8454466855720226j)
(2.8130823333188593-3.782557968793929j)
(2.6863444398151914-3.716587948352011j)
(2.5606994211967673-3.647360603618343j)
(2.4361429921373223-3.574696172568075j)
(2.3126965177765326-3.4984122809998124j)
(2.190406485231135-3.4183250213093244j)
(2.0693441152544083-3.3342499921824897j)
(1.9496051145170954-3.24600332154486j)
(1.831309563769675-3.153402701586225j)
(1.714601930132019-3.056268465859644j)
(1.5996511859064317-2.9544247357508384j)
(1.4866510127927728-2.8477006591171987j)
(1.3758200690261102-2.735931759306873j)
(1.2674022969906469-2.618961409045204j)
(1.1616672494366542-2.4966424411199597j)
(1.058910412875529-2.3688389063334663j)
(0.9594535065709533-2.235427988603462j)
(0.8636447343911605-2.0963020872105647j)
(0.7718589641005873-1.9513710769726422j)
(0.6844978034056637-1.800564758779318j)
(0.6019895318326305-1.6438355160469722j)
(0.5247888264405004-1.4811611985096373j)
(0.453376172097719-1.3125482657197347j)
(0.3882567294713739-1.1380352418086546j)
(0.32995810450689084-0.9576965555081974j)
(0.27902540050689634-0.7716467723545603j)
(0.23600786276616362-0.580044167909402j)
(0.20141258860526143-0.3830806970494933j)
(0.17553013649890922-0.18077395261607196j)
(0.1600510123245511+0.02840514708326753j)
(0.15729077509183098+0.23957508317760992j)
(0.1639598508963759+0.45441033407151343j)
(0.18225593893786157+0.673144124159372j)
(0.21306991747663712+0.8949725791219625j)
(0.25710194032516326+1.1191648362921827j)
(0.31502348563861177+1.3449528344593495j)
(0.3874880117740612+1.5714937123063515j)
(0.47512513998004113+1.797854771304776j)
(0.5785314657574365+2.0230048926260724j)
(0.6982596884941599+2.2458083299510827j)
(0.8348062264625693+2.465019771141786j)
(0.9885972286030635+2.6792804325797603j)
(1.159972851504905+2.887115270842567j)
(1.3491696741356982+3.086931555206789j)
(1.5563011459100284+3.277019153294497j)
(1.7813360033341648+3.4555529772904627j)
(2.024074650440979+3.6205981315869136j)
(2.284123584220405+3.7701183971431234j)
(2.5608680648461557+3.9019887809901403j)
(2.8534433886881767+4.014012945074375j)
(3.1607053265794223+4.103946397032789j)
(3.4812005459576327+4.169526362235514j)
(3.813138145885865+4.208509242439615j)
(4.1543637961183215+4.218716477654146j)
(4.502338375226256+4.198089435881253j)
(4.854123427230257+4.144753629014475j)
(5.206376165854649+4.0570920615055295j)
(5.555357097738017+3.933826836336634j)
(5.896953539445403+3.7741072586337263j)
(6.226722279488089+3.5776016025368413j)
(6.539954286385163+3.344588487909038j)
(6.831763589196108+3.076042541566536j)
(7.097201180976802+2.7737078364634438j)
(7.331392988328248+2.4401517059180273j)
(7.5296986578147305+2.0787911492674236j)
(7.687885280723822+1.693884417114669j)
(7.802307475023234+1.290481684373967j)
(7.870082836803227+0.8743310842207624j)
(7.889250097548617+0.4517397257616326j)
(7.858896805261786+0.029393396986417356j)
(7.779244310631631-0.38585699102771714j)
(7.651680407142609-0.787230135128749j)
(7.478733997354285-1.1682551136756756j)
(7.263991200161397-1.523001565386218j)
(7.011957708314179-1.8462830210564396j)
(6.7278771760639735-2.133819439521489j)
(6.417519238165991-2.382348911989876j)
(6.086952911100837-2.5896834307529395j)
(5.74232138903941-2.754708825373422j)
(5.389632738415039-2.8773337110618407j)
(5.034578117529429-2.958395975691365j)
(4.682385483483015-2.9995375986423496j)
(4.3377129449145775-3.0030593571887727j)
(4.0045826089647925-2.9717663830245193j)
(3.6863535896724025-2.908813934395916j)
(3.385732621710652-2.81756079760611j)
(3.104823962809456-2.7014370589711585j)
(2.8452296622232-2.5638392124112297j)
(2.6082267723330714-2.4080994601423953j)
(2.395024305575369-2.2377023902806434j)
(2.2067057481488375-2.057189751916816j)
(2.0417936609979193-1.873347563816461j)
(1.8914028932195275-1.6896124941023145j)
(1.751390407407861-1.4958660494226448j)
(1.6338273241350945-1.2898584410976879j)
(1.541803982661054-1.0825148344471585j)
(1.4701232390063588-0.8790653397769692j)
(1.415081634309269-0.6802240306260415j)
(1.3747459125078276-0.48612728971330604j)
(1.3477979459305915-0.2970885903052144j)
(1.3330814810777105-0.11349439960763393j)
(1.3295109991368557+0.06431181914719492j)
(1.3360751275460674+0.2360601946324176j)
(1.3518353240965062+0.4015413928710838j)
(1.3759084844406941+0.5605957162948059j)
(1.4074528611369337+0.7131162126125861j)
(1.4456663084309993+0.8590549235993538j)
(1.489791734167469+0.9984235415278819j)
(1.5391229741750194+1.1312881710800806j)
(1.5930081740552449+1.2577611821146828j)
(1.6508505614228055+1.3779925878056385j)
(1.712107380708993+1.4921621287537548j)
(1.7762877412654017+1.6004724300872994j)
(1.8429498956020567+1.703143234191579j)
(1.911698262596017+1.8004065904707174j)
(1.9821803793832755+1.8925028629350271j)
(2.054083888605883+1.9796774289477894j)
(2.127133623694083+2.062177961983697j)
(2.201088829490372+2.1402522093777083j)
(2.275740540409979+2.214146190950254j)
(2.3509091289451645+2.2841027562885805j)
(2.4264420312569244+2.3503604479910676j)
(2.5022116525735565+2.413152625931359j)
(2.578113452428988+2.4727068140211426j)
(2.6540642080231036+2.5292442363573833j)
