(66.0500157655656+0j)
(60.19085462829464-18.68225802601712j)
(47.426412098904684-29.571447764791976j)
(34.72725639915007-32.78398723961294j)
(24.87834658751678-31.739428619226015j)
(17.87213716549941-28.980921546605487j)
(12.989921213347534-25.752531920238948j)
(9.573611417370492-22.558241126916485j)
(7.157221789343124-19.568765037819272j)
(5.433498734384788-16.81849110399504j)
(4.203371653452597-14.290073597622404j)
(3.3380518981393177-11.949058224803162j)
(2.754500701130453-9.757450775506083j)
(2.4003400844713965-7.6785643445270235j)
(2.244874593919327-5.678311115912086j)
(2.2740867728651826-3.7251177314517814j)
(2.4884056341888985-1.7894236260848997j)
(2.9027073439962843+0.1567307902255675j)
(3.5485230837935644+2.1395765014340733j)
(4.478887541201378+4.182209770917581j)
(5.776759988580939+6.300424070077142j)
(7.568407054764281+8.492470874470442j)
(10.042832041344601+10.715438279569433j)
(13.474520587396203+12.832427725653993j)
(18.229357237793835+14.49942483149063j)
(24.672952058616367+14.94960555524781j)
(32.748401318356805+12.717460877409687j)
(40.90203236875632+5.844958385234998j)
(45.20445493124319-6.053675629870585j)
(42.165936853029336-18.961659747968632j)
(33.57673869569104-27.442604937525676j)
(24.127867596296603-30.347835015115937j)
(16.45135773717472-29.712988702289508j)
(10.908302883066545-27.53018312118717j)
(7.052444409169361-24.888255954516367j)
(4.380014104717677-22.254928305385924j)
(2.5127651016348183-19.79689070800224j)
(1.1959074200298505-17.55356678837652j)
(0.26291991434237705-15.51531717310673j)
(-0.3947102973282159-13.65617322951113j)
(-0.8480475471265209-11.946872593809514j)
(-1.1437308446500016-10.359649000747043j)
(-1.3120296921708565-8.869649867745293j)
(-1.371759993841003-7.455033225595158j)
(-1.333199742432495-6.096608406337676j)
(-1.1996714241904154-4.777392247032515j)
(-0.9681519478739634-3.48226112631612j)
(-0.6290647889728648-2.1978317267114678j)
(-0.1652332114101418-0.912756998130809j)
(0.4495614287581186+0.38117866034134273j)
(1.2552392479090924+1.6871883094693894j)
(2.30742125914791+2.9974662465199193j)
(3.684567393199002+4.284179271001484j)
(5.491850861390674+5.479526249669817j)
(7.857478944668803+6.4396592896363485j)
(10.899283195503294+6.884989435132087j)
(14.611726431285526+6.330824166411435j)
(18.607159854841417+4.110706645804487j)
(21.802141782950372-0.23879758339028337j)
(22.65961122074723-6.136608192924158j)
(20.506388860494308-11.72226061851571j)
(16.38325252439182-15.306514591940825j)
(11.927007129850631-16.635401214552264j)
(8.11105493866969-16.397752326198184j)
(5.174435454854048-15.338455709005768j)
(3.0149130670897546-13.939604442619453j)
(1.4523970709482277-12.452445613678433j)
(0.32654562065160236-10.991309541349983j)
(-0.4832325907595472-9.600550120813269j)
(-1.0622432712268401-8.291387371270158j)
(-1.4694445752243233-7.060299558993862j)
(-1.7451854743023658-5.897783546396836j)
(-1.9168119396039274-4.792381057605573j)
(-2.002454690052288-3.73243812595501j)
(-2.013485422637155-2.7067997206508196j)
(-1.9560340112093264-1.7050218857743284j)
(-1.8318369614065044-0.7173908175714888j)
(-1.63858954680687+0.26505751566612573j)
(-1.3697345406398984+1.250361210186053j)
(-1.0137832767168689+2.245526464004465j)
(-0.5534811728372104+3.2558201238992552j)
(0.03587852071016834+4.2831930175179105j)
(0.7886822699321723+5.32353293551795j)
(1.7515129098168307+6.361474173797079j)
(2.9850382563278473+7.360977575870542j)
(4.562282179890579+8.249087027355907j)
(6.5556288165124785+8.890591037320135j)
(8.996418592259428+9.057351470680254j)
(11.784117139510398+8.418885129271988j)
(14.548546252443705+6.628719086898872j)
(16.5901632525118+3.5946704196923003j)
(17.159461289840323-0.19271023826975536j)
(16.036870617383485-3.7560414295548785j)
(13.739405935982662-6.2760873765123j)
(11.054305678370353-7.543126396405803j)
(8.542931949372406-7.8018259343951835j)
(6.4410641412674075-7.408619573816623j)
(4.779003573607869-6.648956957210647j)
(3.5027176125328223-5.705520477572884j)
(2.539364797514492-4.682185146968148j)
(1.8230042815701835-3.6331878401389814j)
(1.3026185843682052-2.58355733756199j)
(0.9377523751461034-1.5439306172587401j)
(0.7014170796350474-0.5149761049072427j)
(0.5755517210612322+0.5070534288674167j)
(0.5492185396988866+1.527902620317296j)
(0.6178203263295416+2.5549395732423674j)
(0.7826299669162943+3.595730125569782j)
(1.0507001907006772+4.657626484699561j)
(1.4354782609879275+5.746993684115966j)
(1.957936934802623+6.867980598539214j)
(2.6482513769216927+8.020379806381449j)
(3.547892948016918+9.195842788096705j)
(4.711607208059745+10.37128530548799j)
(6.207715609789524+11.497789752281609j)
(8.112876132712781+12.483148813644064j)
(10.493080740281048+13.168067619619915j)
(13.357037294671557+13.304265051062414j)
(16.569561567472515+12.563861228153783j)
(19.746596845607055+10.638551695085297j)
(22.24237166530714+7.467239768379007j)
(23.38807584900841+3.4656634013886376j)
(22.913068410951663-0.5500167571037976j)
(21.12900499731386-3.8062135106691724j)
(18.664503392705377-5.948344136500663j)
(16.084831808967177-7.033824106095663j)
(13.72561192787916-7.312175814849986j)
(11.72180263816052-7.0464793509949j)
(10.09215535723682-6.440881310477716j)
(8.805109782410312-5.632986807021308j)
(7.815211648096396-4.708530131096537j)
(7.079528215640069-3.7181569966879495j)
(6.563697301877722-2.690424899956638j)
(6.243432092743621-1.6406991811195677j)
(6.104382324993777-0.577067597118958j)
(6.141633335584348+0.4955374244008162j)
(6.359319671943513+1.5720414789755077j)
(6.770403457431322+2.6439696234297267j)
(7.3963456087646415+3.695531868317984j)
(8.265990716377651+4.6984098842719595j)
(9.412320822797701+5.60478517812584j)
(10.864723539627253+6.338871087196187j)
(12.633359410431835+6.789231887182279j)
(14.682524825580359+6.808416171847515j)
(16.89514259700431+6.232406186147658j)
(19.045020581346563+4.9339818575981615j)
(20.812753979329997+2.906841024524346j)
(21.876864403691883+0.33448713078292097j)
(22.052280306587033-2.430251150345336j)
(21.376973958458926-4.993747697522703j)
(20.07395226948857-7.070687251428736j)
(18.430580724343876-8.548641199476506j)
(16.693898722230887-9.455937715999301j)
(15.028215743814165-9.893065512826123j)
(13.520447850614792-9.976466172078446j)
(12.203853085405228-9.808990354298746j)
(11.080946949135605-9.470576927999776j)
(10.139519159200727-9.019069446143954j)
(9.362145888299816-8.494549900650242j)
(8.731236620488385-7.9240490030468145j)
(8.231444591265584-7.325525077683463j)
(7.850668254222357-6.710930257767488j)
(7.580362526967351-6.0885210042468065j)
(7.415539599335788-5.464654059699756j)
(7.35462796489988-4.8453035286030355j)
(7.3992179464188705-4.237506451347376j)
(7.553605333707195-3.650909029613109j)
(7.823917719535537-3.099528635913534j)
(8.216454458209457-2.603723177545994j)
(8.734715926655648-2.192089616272317j)
(9.374563902041071-1.9024977438716573j)
(10.117345704196172-1.780680875968047j)
(10.922113823020203-1.8740765133342059j)
(11.720537946206731-2.219004920861818j)
(12.420617936511023-2.8224655037429787j)
(12.92434178620217-3.6460618349394776j)
(13.156496350039111-4.604181056110385j)
(13.090597207879059-5.583473602816832j)
(12.755665142484002-6.475755280414936j)
(12.22037430015921-7.205812021274218j)
(11.56661211169272-7.741088643275939j)
(10.86752482274167-8.084508712277335j)
(10.177014290455629-8.260031336871581j)
(9.529078837200192-8.29960176550279j)
(8.94186357999092-8.234973060307096j)
(8.422585560511923-8.093734947564249j)
(7.971813465143648-7.898039510507795j)
(7.586604484873218-7.6648424636922226j)
(7.2625221956665875-7.406771790583715j)
(6.994822347563614-7.133113041036585j)
(6.77910076475885-6.850700432853884j)
(6.611617295733267-6.564658372552287j)
(6.489432382055441-6.279003272124171j)
(6.410436146001124-5.997138437741531j)
(6.3733107152735995-5.722279583901587j)
(6.377438403430226-5.457845834361367j)
(6.422745619415174-5.207844499035342j)
(6.509450721581243-4.97726671520258j)
(6.6376613470477865-4.772490856790883j)
(6.806745011073557-4.601653430681604j)
(7.014386397776278-4.474882175719619j)
(7.2552718310778515-4.404185056642552j)
(7.519454325316828-4.402662885183542j)
(7.7907135165669015-4.482627291107011j)
(8.045652837361873-4.652319708933259j)
(8.254712437690667-4.911476329908017j)
(8.386242449448353-5.247060923232251j)
(8.41364806298785-5.631596274494337j)
(8.323415509943343-6.026418835225552j)
(8.120096060579904-6.389902082915136j)
(7.825213173975848-6.687378612080286j)
(7.470570638825546-6.898116785348876j)
(7.089620502602075-7.01675606895244j)
(6.7107620814071245-7.05006193140286j)
(6.354256893519579-7.01177307823403j)
(6.032223676127931-6.917961567761211j)
(5.750278192715777-6.78397466012356j)
(5.509582426458439-6.622938220775906j)
(5.308628237597165-6.445345571595328j)
(5.144537079874991-6.259237406742446j)
(5.01390012304793-6.070624229920646j)
(4.913267475475784-5.883954637909149j)
(4.839399154177859-5.702538989185816j)
(4.789365900709497-5.528898468654681j)
(4.760559830634397-5.365038622589988j)
(4.7506520172613715-5.212657477244606j)
(4.757517898787677-5.073300204102379j)
(4.7791408411271-4.94846984871264j)
(4.8134979353701395-4.839699275526648j)
(4.8584292386515555-4.7485842351236816j)
(4.911491871339273-4.6767718303720125j)
(4.969803934580238-4.625893170089744j)
(5.029890808085886-4.597424721835938j)
(5.087558731025198-4.592461996099598j)
(5.137837369250905-4.611395526936506j)
(5.175051181346011-4.653497964599874j)
(5.193090334196833-4.716467290692264j)
(5.185940542868713-4.796023921239542j)
(5.14847940991885-4.885714446489293j)
(5.077446568487642-4.977098625392311j)
(4.97236867528042-5.06044505927979j)
(4.836132381548792-5.125911559685731j)
(4.674930455996196-5.164977612948938j)
(4.49749180796962-5.17173708393416j)
(4.313774611423533-5.143664053359217j)
(4.133504701501086-5.08165545601043j)
(3.9649627788378634-4.9894261114564085j)
(3.8142708485262524-4.872532230390914j)
(3.685211980112782-4.737344144081127j)
(3.579455096170961-4.590202708086349j)
(3.4969969408197263-4.436860223803447j)
(3.436656681444533-4.282197290744997j)
(3.3965181065049146-4.130149404988272j)
(3.374272706955378-3.983764298247578j)
(3.367457304151525-3.845323327325568j)
(3.3736010617832695-3.7164806670718904j)
(3.390304122675059-3.5983930528865886j)
(3.4152698055669815-3.4918269652424825j)
(3.446308542216873-3.397239357815028j)
(3.4813269036302934-3.314833217095238j)
(3.5183105289791925-3.2445912925571974j)
(3.5553065978854037-3.1862912291086913j)
(3.590410235674206-3.1395045076474255j)
(3.6217593752902038-3.10358152659843j)
(3.647542770813162-3.077626318651549j)
(3.6660251113772278-3.060466095623517j)
(3.6755915993450454-3.050622179408753j)
(3.6748124426539484-3.0462897010830057j)
(3.662525610773464-3.045333966180291j)
(3.6379336436676866-3.0453116125731263j)
(3.6007070624718946-3.0435241893390845j)
(3.5510832225676436-3.0371098813202977j)
(3.489946013999541-3.0231752430358827j)
(3.4188697913048958-2.99896289169551j)
(3.340111562135846-2.962043744479203j)
(3.256539724310311-2.910514954717407j)
(3.1714956409829624-2.843179181449492j)
(3.0885950226944736-2.759679250783793j)
(3.0114872099636973-2.660565955228879j)
(2.9435991650870594-2.547285595886379j)
(2.8878947721367756-2.422086158205172j)
(2.8466777113001847-2.2878537750511656j)
(2.8214583382292857-2.1479012140745235j)
(2.8128938660703056-2.0057352653270457j)
(2.8207996663617156-1.8648294224928297j)
(2.8442203482627604-1.728423093510928j)
(2.8815440683105304-1.5993607971444412j)
(2.930642517882521-1.4799767831692452j)
(2.989021240170397-1.3720241903091352j)
(3.053968614963564-1.2766441342071462j)
(3.1226953335128096-1.1943686755889589j)
(3.192458629506174-1.1251512605748717j)
(3.2606673246488342-1.0684178162573799j)
(3.324965907804424-1.023131188912554j)
(3.383298628147768-0.9878620892563794j)
(3.4339567465745024-0.9608618078765839j)
(3.475612371370041-0.9401346887295231j)
(3.5073410056237995-0.9235100149935397j)
(3.528633552926562-0.9087130443484605j)
(3.5393980718341522-0.8934342715944228j)
(3.5399519076107038-0.8753955701187403j)
(3.5310053548275455-0.852411973942135j)
(3.513638323622746-0.8224483155922357j)
(3.4892715255157634-0.7836704768174058j)
(3.459633526889148-0.7344915082773905j)
(3.426724696731934-0.6736132941043047j)
(3.3927786168697196-0.6000647622018299j)
(3.360220924710239-0.513237838184215j)
(3.331624822548212-0.4129223509651186j)
(3.3096616377268138-0.29934083953344354j)
(3.297043915035365-0.17318358363032244j)
(3.2964576838295896-0.035643075863179295j)
(3.3104799689877016+0.11155452846664872j)
(3.3414776167518143+0.26612573917434557j)
(3.3914844954712344+0.4252213823578325j)
(3.4620565585521614+0.5854440616857011j)
(3.5541084957879616+0.7429043591009712j)
(3.6677418820197465+0.8933296692447307j)
(3.8020825092760826+1.0322377667028373j)
(3.95515278842929+1.1551812677780797j)
(4.123811463368575+1.2580581477205248j)
(4.303794205135296+1.3374678257696395j)
(4.48988171591173+1.391074569733638j)
(4.676204981048657+1.4179248900973185j)
(4.856671505472989+1.4186593375326308j)
(5.025467077036327+1.3955671144232404j)
(5.177563696897264+1.3524558963166815j)
(5.309155284116891+1.2943447787449083j)
(5.4179539230815505+1.2270249727084999j)
(5.503308397333196+1.1565586612751855j)
(5.566144028976767+1.0887932166228431j)
(5.608756340530083+1.02895531073089j)
(5.6345116192063225+0.9813638625231387j)
(5.647512031303111+0.9492718658769802j)
(5.652274257241923+0.9348232524645409j)
(5.653454601179988+0.9390964697848093j)
(5.655636188379488+0.9622017026731889j)
(5.663179358237631+1.0034012576286306j)
(5.680126481700435+1.0612293051648825j)
(5.710147104660045+1.133595117646154j)
(5.756507469603728+1.2178613520111268j)
(5.8220487774522285+1.3108950425271664j)
(5.909159924810584+1.4090937803481471j)
(6.019732221631561+1.5083934867018685j)
(6.155085566081899+1.6042678135921737j)
(6.315857984163598+1.691733054575312j)
(6.501854000597225+1.7653768015280114j)
(6.711853007703901+1.8194332614418725j)
(6.9433878254219845+1.8479322178417734j)
(7.192516948687962+1.8449500811692727j)
(7.453631497142995+1.8049870821174756j)
(7.719357393362333+1.7234803067747613j)
(7.980629238519472+1.5974343077548925j)
(8.227015432795863+1.4261088329226645j)
(8.4473527596647+1.2116526168035757j)
(8.630693725921512+0.9595284652048781j)
(8.76748290974109+0.6785623168695297j)
(8.850780468585482+0.38049210075877377j)
(8.877282310557094+0.07899812009269588j)
(8.847889919414389-0.2116602607617068j)
(8.767675400570635-0.4781514478476529j)
(8.64524228073005-0.7094210787294782j)
(8.491638777932232-0.8976323530322958j)
(8.319075444188474-1.0385713728584638j)
(8.13970432282931-1.1315377150897585j)
(7.964647152208304-1.1788505832870115j)
(7.803358032218581-1.185146967439555j)
(7.663313615291478-1.1566353018287396j)
(7.5499651813969395-1.100420730852213j)
(7.466865011939561-1.0239627310823014j)
(7.415884520249311-0.9346800332801516j)
(7.397460486276193-0.8396881942418856j)
(7.410827960635407-0.7456408038461113j)
(7.454217907567638-0.6586418388368867j)
(7.525012212368216-0.5841994479293879j)
(7.619858368011049-0.5271969515797175j)
(7.734752059782343-0.49186295059688995j)
(7.8650992306098155-0.48172819647653914j)
(8.005771031259538-0.49956207085141874j)
(8.151165949882943-0.547286342308359j)
(8.295293593134083-0.6258686555228979j)
(8.431893921690664-0.7352032763403453j)
(8.55460376775622-0.8739921243339198j)
(8.657178400683033-1.039644865956423j)
(8.733768822863857-1.2282218013560728j)
(8.7792452590284-1.4344451784971206j)
(8.789546451824222-1.651801168327092j)
(8.762026654080458-1.8727477096482397j)
(8.695765812431382-2.0890367496383138j)
(8.591798894749356-2.292148576239775j)
(8.45321581589831-2.47381359609321j)
(8.2850958727712-2.626571997558977j)
(8.094265303005562-2.744308366611781j)
(7.8888929034289665-2.8226980002606443j)
(7.677962472493614-2.8595113776898264j)
(7.470679277388307-2.854742115905692j)
(7.275876472101722-2.8105491763851536j)
(7.101483982210088-2.7310305131724157j)
(6.95410815562621-2.6218666747915043j)
(6.838749732933644-2.489884980836048j)
(6.758665757834847-2.34259669376028j)
(6.71536253063078-2.1877527410445046j)
(6.70869435604574-2.032951295814746j)
(6.737037314627929-1.8853165081067822j)
(6.797507628563352-1.7512548267554293j)
(6.886198569311847-1.636285437304351j)
(6.9984162937230385-1.5449349879052532j)
(7.128901857861411-1.48068375407531j)
(7.272032839495842-1.4459500058681694j)
(7.422002925271159-1.4421007494212403j)
(7.572981316792815-1.4694794591519005j)
(7.719255959452435-1.5274443180373956j)
(7.855365586394304-1.614413460184421j)
(7.976225591001362-1.7279165503042935j)
(8.0772519075903-1.864654646766248j)
(8.154485316174-2.0205725959997003j)
(8.204715580862974-2.190949765526102j)
(8.22560072664386-2.3705142987195607j)
(8.215774548082061-2.5535817858748016j)
(8.174940046392756-2.734216318913756j)
(8.103949372956645-2.90642112708593j)
(8.004852746340745-3.0643724334223092j)
(7.880884138254583-3.2026856255807115j)
(7.7363731558279785-3.3166813897108156j)
(7.57659171906033-3.4026309053048713j)
(7.407539986626594-3.457967959191266j)
(7.235675494115345-3.4814502374803955j)
(7.0675989468020814-3.473249745309033j)
(6.909719510898067-3.434958060494111j)
(6.767927281941196-3.3695018502442005j)
(6.647300718062246-3.28097463796059j)
(6.551872745458514-3.174400341527247j)
(6.484471854630419-3.0554511076629285j)
(6.446645222397238-2.9301453701038342j)
(6.4386614481489906-2.804551541045738j)
(6.459582504555895-2.6845188033803047j)
(6.507389103983616-2.5754502251292513j)
(6.5791413226984465-2.482126256054515j)
(6.671156802763928-2.4085798873859865j)
(6.77919149923703-2.3580193066759723j)
(6.898611883439259-2.3327902529296405j)
(7.024551902332647-2.334368544610935j)
(7.152052153963518-2.3633731908655897j)
(7.276182220695142-2.4195917288472177j)
(7.3921496636041315-2.502011546628757j)
(7.495400736346586-2.6088535739351424j)
(7.581718445330195-2.7376075381278127j)
(7.647323253131652-2.8850707709887407j)
(7.68898056233299-3.0473952335036993j)
(7.704116962693606-3.220150001957195j)
(7.690943542838475-3.3984085621093145j)
(7.648579130473751-3.576870543765698j)
(7.5771606130062645-3.7500244024669556j)
(7.477924194957731-3.912351547390382j)
(7.353241238535807-4.058566123403765j)
(7.206593506397611-4.183878962053443j)
(7.042475125672987-4.284267751714288j)
(6.8662146362094765-4.356728636220681j)
(6.68372083155576-4.399480299234051j)
(6.50116861523598-4.412092897773358j)
(6.324652412468347-4.395521619883324j)
(6.159841785387692-4.352036871698425j)
(6.01167488084672-4.285057561233644j)
(5.884119818995218-4.198907428072141j)
(5.78002341582141-4.098523909550634j)
(5.701053318995557-3.9891528036005783j)
(5.647726756663864-3.8760597653519393j)
(5.619509188024613-3.764282732671286j)
(5.614960604035725-3.6584398816012857j)
(5.63190617816176-3.562597954704907j)
(5.667610534086648-3.4801975706525554j)
(5.718939700354491-3.414026393671054j)
(5.782500462208783-3.3662280074116193j)
(5.854752208218159-3.3383336207614063j)
(5.93209085336475-3.331304675433407j)
(6.010907762534378-3.3455763407819497j)
(6.087628856266304-3.3810942134266027j)
(6.158740475046331-3.4373389251127806j)
(6.220809383933552-3.513335638033999j)
(6.270504759745433-3.607647588438692j)
(6.304630254567984-3.718355087846695j)
(6.320174225250322-3.843023946939123j)
(6.3143856795395115-3.978670355595091j)
(6.284881916908671-4.121732854649466j)
(6.229790612517269-4.2680658580073585j)
(6.147923635227268-4.412972464440069j)
(6.038971956469386-4.551295769683192j)
(5.903701044120684-4.677585867214307j)
(5.744115708655123-4.786352472734583j)
(5.563555399918493-4.872399589665306j)
(5.366679412371905-4.931219591615292j)
(5.1593101688927-4.959402983286932j)
(4.948123388299628-4.9550030996693994j)
(4.740203983952943-4.917789447218315j)
(4.542518625776796-4.849334622519352j)
(4.361379692360907-4.752907758385713j)
(4.201981755297496-4.63318546915779j)
(4.0680774388775465-4.495827777727943j)
(3.96182890970414-4.346990114821703j)
(3.883834608837142-4.192846937319551j)
(3.8332994227416064-4.039188942666953j)
(3.808297939730385-3.891131207869379j)
(3.8060766362450877-3.7529427432797506j)
(3.8233487866337725-3.6279860634278176j)
(3.8565502558035276-3.518742019304669j)
(3.902039886549271-3.4268904864267618j)
(3.956241223824736-3.353419534320944j)
(4.015731043816879-3.298741504696669j)
(4.077284507781212-3.262801239346378j)
(4.137887832233754-3.245167607613796j)
(4.194728675585931-3.245103687794366j)
(4.245173249817165-3.2616135874893666j)
(4.286738152242903-3.293465507971884j)
(4.317064257749094-3.3391918050519656j)
(4.333899683154797-3.397067817714015j)
(4.335098778801701-3.465072359881748j)
(4.318644243549898-3.54083425772013j)
(4.2826995900840785-3.621571482444097j)
(4.2256988517770315-3.7040325716921516j)
(4.14647885787003-3.7844542545763566j)
(4.044455571842373-3.858554169449485j)
(3.9198387577560885-3.921582235486128j)
(3.7738678346434518-3.9684565543398787j)
(3.609036571962579-3.9940065870689994j)
(3.429257835036109-3.993334236457089j)
(3.2399074671700614-3.962279967241293j)
(3.04768672842232-3.897947514794084j)
(2.8602634897396393-3.799204558995512j)
(2.6856963416903494-3.667051884414606j)
(2.531705099245697-3.504755980116069j)
(2.4049064124272284-3.317678968116386j)
(2.310160043345649-3.1128089738150986j)
(2.250153771591192-2.898070658985722j)
(2.2252960324248674-2.6815499324274543j)
(2.2339077292941556-2.470778316895738j)
(2.272637700967766-2.272190498919405j)
(2.3369911478327756-2.0908105557898136j)
(2.4218617437222303-1.9301619723168493j)
(2.521987093781373-1.7923527537267785j)
(2.632287582110272-1.6782684694241694j)
(2.7480844919663445-1.5878106603028606j)
(2.8652151286800795-1.5201354274977537j)
(2.9800703414867-1.473865883935748j)
(3.0895788556610047-1.447266170414201j)
(3.191158865235433-1.4383731622414273j)
(3.2826534205484985-1.4450867663416054j)
(3.362262840137198-1.4652227627806014j)
(3.4284842758488003-1.4965342499657783j)
(3.4800655419437403-1.536708868423919j)
(3.5159777606867437-1.583349124717206j)
(3.5354096478872585-1.633942768070735j)
(3.5377853273743463-1.6858299257044973j)
(3.5228070081844867-1.736174045888963j)
(3.4905230949164037-1.7819447842725504j)
(3.4414207195107527-1.8199226518773928j)
(3.3765387121618278-1.8467370822029767j)
(3.2975922230689307-1.8589507798212008j)
(3.2070934379965204-1.853202572046126j)
(3.1084446460141577-1.826416908628756j)
(3.0059719873885107-1.776079005702017j)
(2.9048636426567853-1.7005595078338989j)
(2.810979326374752-1.5994524963847485j)
(2.730512926330087-1.4738699398068291j)
(2.669518577044014-1.3266219735411242j)
(2.63334842192304-1.1622150487020646j)
(2.626086914172608-0.986625518798964j)
(2.650086450606037-0.8068528541488398j)
(2.7056998674852855-0.630311532286556j)
(2.7912654077321957-0.46416376720424984j)
(2.90334179896922-0.31470965748100954j)
(3.037135553290585-0.18693224881537437j)
(3.187027748021175-0.08425106577705442j)
(3.347102125396761-0.008485895527043432j)
(3.511597002776999+0.04000932874499244j)
(3.6752377718036637+0.062104277948892304j)
(3.8334407121875382+0.059604290358530064j)
(3.9824033132423677+0.034966552871076285j)
(4.119108646473586-0.008947913879315395j)
(4.241273667859053-0.069071588031084j)
(4.3472676928110205-0.1422745460401818j)
(4.436021332428659-0.2254603444766667j)
(4.5069400534767405-0.31562263385357336j)
(4.5598310588703415-0.4098729519974148j)
(4.594847665871169-0.505449991113521j)
(4.612451966913471-0.5997194215295981j)
(4.6133943197181075-0.6901716851148442j)
(4.5987068961114055-0.7744235454153743j)
(4.569707733217521-0.8502278441770512j)
(4.528011122540134-0.915494844683486j)
(4.475539535233491-0.9683275663569583j)
(4.41453156767645-1.0070724135620819j)
(4.347539684116166-1.0303849761061417j)
(4.2774110256316265-1.0373089884515303j)
(4.207244533027544-1.0273640339481702j)
(4.140318445637497-1.0006347716071449j)
(4.07998423917835-0.9578515501818576j)
(4.029526495613521-0.9004497944952954j)
(3.991993042148414-0.8305942409768196j)
(3.9700055374936007-0.7511547768390192j)
(3.9655666211919356-0.665623955029022j)
(3.9798844592695355-0.5779724115048436j)
(4.013237545169398-0.492446873237337j)
(4.0649007608131456-0.41332485868999996j)
(4.133147563071682-0.34464854116457666j)
(4.215333468417076-0.2899654415131548j)
(4.308054622426524-0.2521040877354044j)
(4.407364667799906-0.2330081611993997j)
(4.50902571973713-0.2336439693665j)
(4.608766459878305-0.2539854221626781j)
(4.702522303630219-0.29307045791122516j)
(4.786638226539905-0.34911505288657174j)
(4.858022414577479-0.4196666209118522j)
(4.914246630292261-0.501777816528815j)
(4.9535956809428665-0.5921837835933772j)
(4.975072882427646-0.6874696610018348j)
(4.978370773360663-0.7842195771144489j)
(4.963816819206295-0.8791425533592715j)
(4.932302975849205-0.9691741254438591j)
(4.885206347756409-1.0515548326992716j)
(4.824306302253659-1.1238880497272226j)
(4.751701657757647-1.1841801389280255j)
(4.669730146392756-1.230865848347103j)
(4.58089131826063-1.2628215072231201j)
(4.4877733793562715-1.2793680641742409j)
(4.392984073462571-1.280265490288866j)
(4.299085557418859-1.2656996010894075j)
(4.208533212049846-1.2362619714052552j)
(4.123618422485909-1.1929233366526888j)
(4.046415509004866-1.1370006901215197j)
(3.9787331621176625-1.0701181882772286j)
(3.9220709132809093-0.9941619508769702j)
(3.8775813453385917-0.911228875531283j)
(3.846038914438625-0.8235696666358701j)
(3.8278164252538422-0.7335264059581588j)
(3.8228703808497984-0.6434651831819374j)
(3.830736608564926-0.5557045935766631j)
(3.8505377025522045-0.47244133540329036j)
(3.881003844193958-0.3956747187265144j)
(3.9205083654468673-0.3271325988457132j)
(3.9671189216225256-0.268201981849712j)
(4.018664298573924-0.2198681791674078j)
(4.0728157222974195-0.18266675237908353j)
(4.127180172369188-0.156652442060878j)
(4.179401798616484-0.14138872335668407j)
(4.227266307853381-0.13596057245348123j)
(4.268802307661698-0.13901154549683717j)
(4.30237319665866-0.14880450073576268j)
(4.326753357171269-0.16330339145642897j)
(4.341183187072366-0.18027169654702976j)
(4.345398908781683-0.1973814494026222j)
(4.339635033943282-0.21232571466092623j)
(4.324599642521195-0.22292695971495455j)
(4.301424955181412-0.2272341873531054j)
(4.27159770415183-0.22360290137420205j)
(4.236875255756623-0.2107537849207383j)
(4.199194137249167-0.18780809665902357j)
(4.1605775432508185-0.15429991628324347j)
(4.123047645868692-0.11016721804263141j)
(4.08854730173813-0.05572512398220916j)
(4.058874272499608+0.008374501930795846j)
(4.035629576216999+0.08119270087171411j)
(4.020180243797295+0.16155809930665405j)
(4.013635681010455+0.24812296186391328j)
(4.016836083270338+0.33941770269186944j)
(4.030350912854824+0.43390175946712795j)
(4.0544852845742465+0.5300095282698842j)
(4.089292155139094+0.6261907690334272j)
(4.134588417517717+0.7209455010653284j)
(4.189973339556322+0.8128539207623076j)
(4.2548482763338145+0.9006022745159348j)
(4.328437256565109+0.9830058134410766j)
(4.409808810874337+1.0590297537182318j)
(4.49789994522624+1.1278084402697075j)
(4.5915429970891815+1.188661916444237j)
(4.6894951460837+1.241108570435856j)
(4.790469308001492+1.2848730683480754j)
(4.8931650715239+1.3198899998124338j)
(4.996299387788176+1.3463043230735843j)
(5.098637827784441+1.3644690989226638j)
(5.199027317405149+1.3749397491274264j)
(5.296430360614601+1.3784632482304122j)
(5.3899596303403765+1.375960705356442j)
(5.478911043756132+1.368502435048704j)
(5.562793147923281+1.3572754155363838j)
(5.641350671253968+1.3435437627264373j)
(5.7145803102989525+1.3286034759874268j)
(5.782737176143144+1.313733255971194j)
(5.846330822854534+1.3001436432128837j)
(5.906110415373638+1.2889270309427994j)
(5.963039324811931+1.281011209236557j)
(6.018260191330109+1.277118961657029j)
(6.073052177364669+1.2777358567356087j)
(6.128782658802019+1.283087792127027j)
(6.186855902346602+1.293129130724629j)
(6.248661322242197+1.3075415081260375j)
(6.315523707043915+1.32574268581035j)
(6.3886574020715985+1.3469042568044853j)
(6.469125896258132+1.369976636454901j)
(6.557807675814453+1.393719613220316j)
(6.655368651439346+1.4167367840555987j)
(6.762241007247509+1.4375124211738026j)
(6.87860800585927+1.4544496603745276j)
(7.004394144035363+1.4659093054370846j)
(7.13926009897487+1.470248941522711j)
(7.282602129011224+1.4658623668985433j)
(7.433555949552284+1.4512195028856303j)
(7.59100549365002+1.424906864149063j)
(7.753597242584535+1.385668385462022j)
(7.919760885837151+1.3324460441378616j)
(8.087737020698786+1.2644194431254498j)
(8.255612615831025+1.1810432954849912j)
(8.4213650560574+1.0820813324807816j)
(8.582915453533571+0.9676344012220427j)
(8.738191205300522+0.8381596664684071j)
(8.885196492502887+0.6944773545466596j)
(9.022087890518645+0.5377616778400238j)
(9.147250876112535+0.369513450310349j)
(9.2593720177899+0.1915132849716115j)
(9.357501147854661+0.005755981318768734j)
(9.441097936171017-0.18563140684180893j)
(9.510058082316458-0.38048350146620685j)
(9.564715796339138-0.5766966924747857j)
(9.605821204319557-0.7723286225183723j)
(9.634493528364802-0.9656901271936041j)
(9.652153017181801-1.155423341666296j)
(9.660436316430287-1.3405610399975514j)
(9.66110102542919-1.5205640929587052j)
(9.655925483228133-1.6953358942106131j)
(9.646609409283053-1.8652143917217174j)
(9.634680067901876-2.0309437152605274j)
(9.621407387137209-2.193628166091909j)
(9.60773021949481-2.3546715105030906j)
(9.59419493168874-2.515704185658844j)
(9.580906937065503-2.678500359895506j)
(9.56749573828695-2.844886017456564j)
(9.553094542107775-3.01663861195099j)
(9.536336464088544-3.195378608837621j)
(9.51537058223792-3.38245365370376j)
(9.487902337774429-3.578817353503665j)
(9.451263610330702-3.784906841708203j)
(9.402517694633762-4.0005263447905195j)
(9.338602803389364-4.224747538745727j)
(9.25651412645892-4.455840887432061j)
(9.153518705779923-4.691254322414369j)
(9.027389840456127-4.927655245499716j)
(8.876639631644455-5.16104769722682j)
(8.700721647811315-5.386968060289292j)
(8.500173016582341-5.6007504909283945j)
(8.276668652866684-5.797839553814416j)
(8.032970573611225-5.974115693132792j)
(7.772770970014836-6.126192902656101j)
(7.500445445341805-6.251649830164811j)
(7.22074800265767-6.349165797234002j)
(6.938487933459296-6.418549394621425j)
(6.658228726848999-6.460665139669802j)
(6.38404121109176-6.477278632754163j)
(6.119330276652604-6.47084956341675j)
(5.866740522647465-6.444303841632116j)
(5.628134318121402-6.400812176848527j)
(5.404627989216421-6.343594917029411j)
(5.196668508093019-6.275764396873585j)
(5.004133404840582-6.200208369120356j)
(4.82643935202262-6.119512376641325j)
(4.66264867760586-6.035915436951395j)
(4.511566941087469-5.951291887566738j)
(4.3718280499128905-5.867152163090755j)
(4.241965936967854-5.784656094921434j)
(4.12047354407874-5.704633586229431j)
(4.005850871206246-5.627608897764939j)
(3.8966443134801136-5.553826091285603j)
(3.7914795703157207-5.4832743212790716j)
(3.6890901944212073-5.415712608087632j)
(3.5883434393260356-5.350694462913819j)
(3.4882645174983518-5.287593271356104j)
(3.3880597339379253-5.225629674013678j)
(3.28713824517836-5.163902294219456j)
(3.185131454669975-5.101423027029822j)
(3.0819083595141343-5.0371576921800365j)
(2.977584606769251-4.970072155149022j)
(2.87252272132653-4.899183061511741j)
(2.7673210595108895-4.823611196689603j)
(2.6627896243544553-4.742634333380771j)
(2.5599119818102234-4.655735482511019j)
(2.459794064585277-4.56264196821213j)
(2.363602435764944-4.46335091739473j)
(2.2724962918418323-4.358137697835384j)
(2.1875587507407475-4.247545497323401j)
(2.1097334798136016-4.1323563685435465j)
(2.0397723029168326-4.013546285816042j)
(1.9781981250695346-3.8922286389147653j)
(1.9252855762095953-3.7695917651454227j)
(1.8810595901728595-3.6468364022719446j)
(1.845310118395373-3.525118352218152j)
(1.8176196657018362-3.4055003857071062j)
(1.7973995092560282-3.288915807175037j)
(1.7839303316507815-3.1761444669277084j)
(1.7764034383192369-3.0678006170424226j)
(1.7739595357240716-2.964331013473981j)
(1.775723006607544-2.866021111362081j)
(1.780830554557082-2.773007038437636j)
(1.7884538843760553-2.6852911673149698j)
(1.7978166806800704-2.60275943123759j)
(1.808206537360296-2.525198940184799j)
(1.8189826990709803-2.452314879811734j)
(1.8295805412227824-2.38374606604838j)
(1.8395136775987764-2.3190788579655015j)
(1.8483744799978197-2.2578593917347565j)
(1.855833649887967-2.199604289853301j)
(1.8616393182711655-2.1438101275957737j)
(1.8656159815298556-2.089962009940471j)
(1.8676634186417236-2.037541634390917j)
(1.8677555866195845-1.9860351954128663j)
(1.865939362053626-1.9349414313201259j)
(1.8623328915868453-1.883780030235229j)
(1.8571232370854363-1.8321005033065674j)
(1.850562956770933-1.7794915056428215j)
(1.8429652571733395-1.725590444553399j)
(1.8346973882440556-1.6700930694058895j)
(1.826172039788847-1.612762600164617j)
(1.817836632264272-1.55343783856054j)
(1.8101605734725943-1.4920396352231313j)
(1.8036207614224906-1.4285750757196152j)
(1.798685831104867-1.3631388115498033j)
(1.7957998413572704-1.29591110344002j)
(1.7953662471624499-1.2271523567920515j)
(1.7977330755404954-1.157194193136345j)
(1.8031802014937637-1.0864273861259217j)
(1.8119094997791632-1.0152872587257125j)
(1.8240384400029492-0.9442373526738574j)
(1.8395974226757117-0.8737523121693348j)
(1.8585308585592701-0.8043009543714028j)
(1.8807017123119296-0.7363304292267129j)
(1.9058989994240498-0.6702522157166095j)
(1.9338475677295168-0.6064304882232997j)
(1.9642194224592322-0.5451731487026859j)
(1.996645863742239-0.4867255903652484j)
(2.0307297830672404-0.4312670629277097j)
(2.0660575890664132-0.37890936492787036j)
(2.102210379785533-0.3296975016299728j)
(2.1387741271946457-0.2836119155941916j)
(2.1753487733226593-0.2405719130048583j)
(2.2115562443598122-0.20043996102370576j)
(2.24704746225297-0.16302660704368643j)
(2.2815084695495393-0.1280958565635038j)
(2.3146657831919595-0.0953709291580196j)
(2.3462910616414963-0.0645403789877537j)
(2.376205116875728-0.03526460720570495j)
(2.4042812419348776-0.007182803185806214j)
(2.4304477700302973+0.02007966882807684j)
(2.454689743905034+0.04690346364661996j)
(2.477049559596586+0.07366710977783224j)
(2.4976264569437343+0.10073866063216186j)
(2.516574756991553+0.12846732824711532j)
(2.534100790247707+0.15717532548997623j)
(2.550458516297268+0.18715016904228354j)
(2.5659439009716727+0.21863770449573938j)
(2.5808881868550633+0.25183610313509447j)
(2.5956502591535187+0.2868910456045589j)
(2.6106083634763495+0.3238922518360234j)
(2.6261514670701356+0.36287144414389555j)
(2.6426705650191287+0.40380174912806294j)
(2.6605502159038874+0.4465984635679373j)
(2.680160549296226+0.49112103946534114j)
(2.701849925586315+0.5371760919069553j)
(2.7259383547267793+0.5845212059280739j)
(2.7527117034039157+0.6328693173715123j)
(2.782416648673423+0.6818934670532998j)
(2.8152562779157435+0.731231773969626j)
(2.8513861961044977+0.7804925365288445j)
(2.89091098600686+0.8292594444347854j)
(2.9338808774361476+0.8770969608876924j)
(2.980288518889805+0.923556007961031j)
(3.030065808288793+0.9681801499408241j)
(3.083080827171494+1.0105125123897698j)
(3.139135030970427+1.0501036906168204j)
(3.197960970978365+1.086520881648303j)
(3.259220952120664+1.1193584103858503j)
(3.3225071513711413+1.1482497063546862j)
(3.387343816484516+1.1728806184776304j)
(3.453192211072292+1.1930037338208732j)
(3.5194589445496827+1.2084531036027597j)
(3.5855081997209997+1.2191584993882378j)
(3.650678129215796+1.225158061274199j)
(3.714301331464821+1.2266080069011305j)
(3.7757288561436293+1.223788000271712j)
(3.8343566735983816+1.2171008830539132j)
(3.8896530445174538+1.2070657800974j)
(3.9411848344207687+1.1943041041276636j)
(3.9886406224984228+1.179518658169973j)
(4.031848524504765+1.163466781653693j)
(4.070787010327699+1.1469291905313574j)
(4.105587617647625+1.1306766997180648j)
(4.136529257244385+1.1154372868910223j)
(4.164024647285861+1.101865907794645j)
(4.188600166661568+1.0905191146522146j)
(4.21087096507765+1.0818359306947032j)
(4.2315134400272605+1.0761257059190739j)
(4.251237175112089+1.0735629460088634j)
(4.270758170947924+1.0741884770721266j)
(4.290774766050203+1.0779158574522782j)
(4.311947131958956+1.0845417048554162j)
(4.33488071924804+1.093758562975606j)
(4.360113593080147+1.1051690488325898j)
(4.388107266157552+1.1183002483810909j)
(4.419240425633076+1.132617610924484j)
(4.453804851980123+1.147537887906469j)
(4.4920028237088205+1.1624409366642219j)
(4.533945369567835+1.1766804454454725j)
(4.579650847874478+1.189593823794222j)
(4.629043483307918+1.2005116408658147j)
(4.6819516624718185+1.2087670855345376j)
(4.738105973082085+1.213705969045047j)
(4.797137163326131+1.2146977944618427j)
(4.858574394513088+1.2111483752794843j)
(4.921844357099877+1.2025143928735849j)
(4.9862720092879975+1.18832013088827j)
(5.051083864272444+1.1681764051949781j)
(5.1154148746124095+1.1418014140121908j)
(5.178320009303257+1.1090428641659287j)
(5.23879155315866+1.0699002985745802j)
(5.295782938709153+1.0245460871786447j)
(5.3482395133518335+0.9733431015847582j)
(5.3951360319843085+0.916856749032864j)
(5.435519862860796+0.8558588884472054j)
(5.4685579622029135+0.7913212890630366j)
(5.493584723717668+0.7243968005760058j)
(5.510147002074917+0.6563873155990347j)
(5.518042128742066+0.5886988778970142j)
(5.517344754154138+0.5227857896757285j)
(5.508418968466359+0.460087079605025j)
(5.491913372528433+0.4019599416410178j)
(5.468738458582594+0.3496154835946331j)
(5.4400275651187835+0.30406215218843785j)
(5.407084472322059+0.26606148021908094j)
(5.371322090864573+0.23609943905628564j)
(5.334197439586806+0.21437491656094815j)
(5.297148117622613+0.20080498915889022j)
(5.261534815721411+0.19504502359517925j)
(5.228593263589464+0.19652045908765045j)
(5.199397622576514+0.20446649757249188j)
(5.174835952910795+0.21797186070599092j)
(5.155597206852274+0.23602315478985827j)
(5.142168339450256+0.257547064469121j)
(5.134839622030879+0.2814484101526431j)
(5.133716060743169+0.3066429142465455j)
(5.138732894844085+0.3320842308267616j)
(5.149673393784965+0.35678535041116266j)
(5.166187509814437+0.37983488195923304j)
(5.187810310357815+0.4004089503402772j)
(5.213979467788816+0.41777955583901777j)
(5.2440513974918135+0.43132025409202907j)
(5.277315896917239+0.4405099596954804j)
(5.3130093472308415+0.4449355789217294j)
(5.350326699582943+0.44429405443780245j)
(5.3884325870149885+0.43839426927796943j)
(5.426471987835905+0.4271591148335423j)
(5.463580922751242+0.4106278803077383j)
(5.4988976992968714+0.3889589680501751j)
(5.53157522297661+0.3624327780809738j)
(5.560794870805069+0.33145443373976813j)
(5.585782361680155+0.2965558385630037j)
(5.605825947760031+0.2583963660957394j)
(5.620297078442133+0.21776129953793347j)
(5.6286734408186225+0.17555697537473516j)
(5.63056394919844+0.13280147256553954j)
(5.625734842674778+0.09060966416363235j)
(5.614135570913702+0.050171556050476865j)
(5.5959226435342835+0.012723123220347927j)
(5.571479153002861-0.020490646499921154j)
(5.541427345671845-0.04826006646674828j)
(5.5066315182017105-0.06946106585152555j)
(5.468188763368009-0.08310910952698901j)
(5.427405757230545-0.08841331261238745j)
(5.385760884260846-0.08482653227780924j)
(5.344852464325138-0.07208682256946634j)
(5.306335501003477-0.05024582148918788j)
(5.271850956111536-0.019680488610456418j)
(5.242952775139459+0.018913916885269805j)
(5.221038480304994+0.06454981897708782j)
(5.207288955477413+0.11599042395372347j)
(5.202622070113158+0.17180625950154663j)
(5.2076631917328635+0.23044017354621774j)
(5.222733707376673+0.290275238194818j)
(5.247856753052671+0.34970020215778413j)
(5.282777741716493+0.40716799373147566j)
(5.326996190339581+0.4612440736481105j)
(5.379804851536263+0.5106429077829048j)
(5.440332211994927+0.5542522314666253j)
(5.50758490372022+0.5911459345957397j)
(5.580487324897901+0.6205872169076108j)
(5.657916629155339+0.6420241265643165j)
(5.738732086725405+0.6550797368761679j)
(5.821798557187006+0.6595391022108892j)
(5.906004388601021+0.6553348463074579j)
(5.990274456181083+0.6425328556613543j)
(6.073579289319687+0.6213191455239143j)
(6.154941341504765+0.591988582603603j)
(6.233439471240724+0.55493580943034j)
(6.3082126559530955+0.5106484245341615j)
(6.378463876858985+0.4597022232315785j)
(6.44346500169026+0.40275808532189733j)
(6.502563355505781+0.3405598989466222j)
(6.555190502364031+0.27393272903681715j)
(6.6008735527393965+0.2037802752748017j)
(6.63924905205373+0.131080527540008j)
(6.670079185383524+0.056878435018330745j)
(6.693269649870209-0.017725613190679855j)
(6.708888109661368-0.09159260689124268j)
(6.717181686777754-0.16356790390193954j)
(6.718591506445553-0.23251083775404763j)
(6.713761982103535-0.2973307712623197j)
(6.703542386324952-0.35702862016700243j)
(6.688978405558829-0.41074194766599575j)
(6.671291895218808-0.4577908006113913j)
(6.651847964575845-0.4977206805383632j)
(6.632109779408323-0.5303385985622864j)
(6.613582935234844-0.5557382153545407j)
(6.597752704464958-0.5743107115966306j)
(6.586018631981121-0.5867392561499241j)
(6.57963159699148-0.5939765947549789j)
(6.579638410205055-0.597207114711486j)
(6.586838246511178-0.5977964350234054j)
(6.601753848610241-0.5972328289734712j)
(6.624618724483534-0.5970654015982j)
(6.655379809019113-0.5988438528707025j)
(6.693713557605597-0.6040639392459609j)
(6.739052394245831-0.6141215932517448j)
(6.790617938989032-0.6302773160326612j)
(6.8474574649356486-0.6536311532828543j)
(6.9084804754696245-0.6851074760748391j)
(6.9724929987457935-0.7254480127545714j)
(7.038228019130938-0.7752111410723904j)
(7.104371280564175-0.834775321556658j)
(7.169582418157855-0.904344673292499j)
(7.232511952349073-0.9839549898483095j)
(7.291815096460701-1.0734788965831268j)
(7.346163589136828-1.1726293029454127j)
(7.394256887592583-1.2809607636861329j)
(7.434834069648431-1.3978688085600603j)
(7.46668771024402-1.5225877229817608j)
(7.4886808285609785-1.6541876606949166j)
(7.49976774067994-1.7915723397471366j)
(7.499019288445428-1.9334789010148496j)
(7.485652436610816-2.078481766102321j)
(7.459063634779086-2.2250024755511766j)
(7.418864643491044-2.371327463721379j)
(7.364918767116373-2.515635473496784j)
(7.297374695084637-2.6560357800786094j)
(7.216694536221282-2.7906175519191634j)
(7.123672272348966-2.9175095470237413j)
(7.0194388954138915-3.034948005814004j)
(6.9054510388476125-3.1413492091421173j)
(6.783461015681132-3.235381934143633j)
(6.655467781626229-3.3160342031689254j)
(6.523650284265104-3.382668502574309j)
(6.390286669647751-3.4350601884403593j)
(6.257664566626387-3.4734151033115084j)
(6.127988841067687-3.49836435506675j)
(6.003293580547866-3.5109364722318634j)
(5.885364559134944-3.5125093865969954j)
(5.77567713698252-3.504746544873257j)
(5.675352713349488-3.489522643251467j)
(5.585134801500432-3.4688448812890766j)
(5.505383862316398-3.4447752710279196j)
(5.4360884874255895-3.4193585713813306j)
(5.376889520066433-3.394559081991795j)
(5.3271132815167554-3.3722080764758338j)
(5.285810171990853-3.3539622987581326j)
(5.251795413231227-3.3412728391454514j)
(5.223689447346143-3.3353629267167353j)
(5.1999563623619345-3.3372127357187336j)
(5.178939566503538-3.347549175797419j)
(5.158894701693903-3.3668387656584255j)
(5.13802042489807-3.3952820180520815j)
(5.1144881692397295-3.4328082374138638j)
(5.086472313128748-3.4790702069550106j)
(5.052182325669178-3.533438885546583j)
(5.009898407512316-3.594998916178232j)
(4.958011889346131-3.662546432700025j)
(4.895071163387533-3.7345912926620413j)
(4.819833189237891-3.8093663936910276j)
(4.731319634767081-3.884847057311516j)
(4.628875520828466-3.9587834750230906j)
(4.512226924405223-4.028748787130276j)
(4.38153301397931-4.0922044043867105j)
(4.237426667020635-4.146582641446017j)
(4.0810374231039805-4.1893846643057815j)
(3.913990826979916-4.218289351283556j)
(3.7383795098925625-4.231266263760879j)
(3.556703683714232-4.226683967135714j)
(3.3717818972343383-4.20340391264206j)
(3.1866365032854986-4.160850373575173j)
(3.004361701234575-4.0990486905815064j)
(2.8279845886062165-4.018627175120814j)
(2.6603308313248277-3.9207819855955166j)
(2.5039060708469956-3.807208439337245j)
(2.3608021135000725-3.6800058121038943j)
(2.2326337150000453-3.5415650963490806j)
(2.120508020245409-3.3944501130656253j)
(2.0250251259808687-3.241281808870456j)
(1.9463053585890981-3.0846338211504163j)
(1.8840370270748235-2.926944935383341j)
(1.8375376914308397-2.7704514014002926j)
(1.8058222357100828-2.6171396494382964j)
(1.7876719813511102-2.4687180345683917j)
(1.7817004085093366-2.326604960368304j)
(1.7864124912943629-2.1919300753430293j)
(1.8002559885341411-2.0655450953626957j)
(1.821664140448996-1.948041038291539j)
(1.8490900541370356-1.8397691175988016j)
(1.8810336226000204-1.740863108565248j)
(1.9160621497002264-1.651261586801624j)
(1.9528259940189487-1.5707289902436326j)
(1.9900705431829862-1.4988749431646562j)
(2.0266457253429957-1.4351716899958036j)
(2.0615140879333915-1.3789698131116854j)
(2.0937582511838744-1.3295126536469486j)
(2.12258829430189-1.2859500229678664j)
(2.147349368984915-1.2473518905235021j)
(2.1675295668973904-1.212722765378641j)
(2.1827678026919095-1.1810174544267422j)
(2.1928612217734598-1.1511587780578358j)
(2.197771416307217-1.122057651411777j)
(2.197628553129423-1.0926356966161033j)
(2.1927324067040503-1.061850245324365j)
(2.1835492740733433-1.0287212377872972j)
(2.1707038489313284-0.9923591525119668j)
(2.1549653618622986-0.9519927485588215j)
(2.1372276521275233-0.906995118227003j)
(2.1184833024833316-0.8569063808181319j)
(2.099792500651456-0.8014513410654048j)
(2.0822478291787347-0.7405506147231546j)
(2.0669366588302553-0.6743240897491816j)
(2.0549031597034055-0.6030861161322587j)
(2.04711209356686-0.5273324447866139j)
(2.0444164807534917-0.4477195906157319j)
(2.0475309473695082-0.3650378945054716j)
(2.057012087461864-0.28018002805401193j)
(2.073246580222074-0.19410696612878212j)
(2.096447161996342-0.10781351573618975j)
(2.126655950716637-0.022295338002817886j)
(2.1637541315759576+0.061480929413317544j)
(2.2074766874334046+0.14260328463817498j)
(2.257430710004497+0.22023502389603675j)
(2.3131158396230926+0.29363022110886955j)
(2.373945513947506+0.3621441724598422j)
(2.4392679166873954+0.42523924182596917j)
(2.5083857681267885+0.48248673513348034j)
(2.5805743589551757+0.5335655339541017j)
(2.6550974738786506+0.5782582433969107j)
(2.731221064814397+0.616445572708639j)
(2.808224705262526+0.648099586788392j)
(2.8854109841526285+0.6732763603365207j)
(2.9621130806118723+0.692108448594681j)
(3.037700805626825+0.7047974713032864j)
(3.111585409141582+0.7116069978315367j)
(3.1832234388504905+0.7128558265197047j)
(3.2521199064772794+0.7089116727525681j)
(3.3178309744779364+0.7001852190461978j)
(3.379966325654088+0.687124436280407j)
(3.438191323992584+0.6702090573436235j)
(3.492229020308022+0.6499450717998897j)
(3.5418620036133808+0.6268591115464393j)
(3.586934050940668+0.6014926115333538j)
(3.6273514867840317+0.574395655031912j)
(3.6630841305229973+0.5461204479787208j)
(3.694165688039487+0.5172144094983809j)
(3.72069343389507+0.488212913254613j)
(3.7428270340269094+0.45963176373524056j)
(3.760786376377942+0.43195953945528925j)
(3.7748483076950214+0.405649977656018j)
(3.785342217351415+0.38111460872696756j)
(3.792644460816171+0.35871587004303784j)
(3.7971716726621603+0.33876093574088534j)
(3.7993730774055003+0.32149648984914236j)
(3.799721961290911+0.3071046452197281j)
(3.7987065148199823+0.2957001714457659j)
(3.796820290449866+0.2873291443673322j)
(3.7945525396792816+0.28196907194764487j)
(3.7923786973480538+0.2795304910300773j)
(3.7907512686792186+0.2798599716867002j)
(3.790091348229012+0.2827444150542568j)
(3.7907809626233795+0.28791649031432476j)
(3.7931563847957954+0.295061029113527j)
(3.7975025208298723+0.30382218204871103j)
(3.8040484257445004+0.31381114119362j)
(3.8129639653148986+0.32461424304474706j)
(3.8243576099979464+0.33580128476039767j)
(3.8382753257189055+0.3469339096271193j)
(3.854700514894705+0.3575739416318939j)
(3.8735549586238123+0.3672915704375684j)
(3.8947007154329847+0.37567330415599587j)
(3.91794294053859+0.3823296161897858j)
(3.9430335990031278+0.38690221324265184j)
(3.9696760530968898+0.3890708447177703j)
(3.9975305055321613+0.38855956062465175j)
(4.026220273574247+0.38514230832557433j)
(4.0553388528631915+0.378647741319493j)
(4.084457703844895+0.3689630996199177j)
(4.1131346591455005+0.35603701502867174j)
(4.140922809575881+0.3398810992093285j)
(4.167379683517823+0.3205701904554377j)
(4.192076493918871+0.29824116758779484j)
(4.214607194090714+0.27309028597870644j)
(4.234597062836+0.24536904897574108j)
(4.251710535139229+0.21537869399318865j)
(4.265658009352332+0.1834634409042225j)
(4.276201396205933+0.15000271490029415j)
(4.283158227615651+0.11540261031747881j)
(4.286404210430312+0.08008690034397946j)
(4.285874186342703+0.04448791583319955j)
(4.281561537280253+0.009037612706966522j)
(4.273516148596027-0.025840877698219432j)
(4.261841104001974-0.05974096441720552j)
(4.2466883318063-0.09227938463605409j)
(4.228253449130583-0.12310193356378031j)
(4.206770059032116-0.151888072163232j)
(4.182503746342248-0.17835441020664292j)
(4.155745994447392-0.20225711554113981j)
(4.126808210941534-0.22339334262885305j)
(4.096016009171496-0.24160180281408628j)
(4.063703849182732-0.25676261510696224j)
(4.030210099006767-0.2687965803878676j)
(3.995872538491121-0.27766401544800295j)
(3.961024295058631-0.28336326829843445j)
(3.9259901752139976-0.28592901502468415j)
(3.8910833379209655-0.28543041343880976j)
(3.8566022462072858-0.28196916201894784j)
(3.8228278311536545-0.27567748599396935j)
(3.7900208071272603-0.2667160475048782j)
(3.758419087893329-0.2552717548525387j)
(3.7282352691279352-0.24155542797867988j)
(3.6996541628437978-0.22579926438723333j)
(3.672830392241538-0.20825404240474277j)
(3.6478860803478264-0.18918599758093277j)
(3.624908691221525-0.16887331359120197j)
(3.6039491070853207-0.1476021815105962j)
(3.585020046892847-0.12566240085704056j)
(3.5680949498368144-0.10334252212494606j)
(3.553107459277735-0.08092456303456923j)
(3.5399516466249095-0.05867836828888631j)
(3.5284831090117312-0.036855723555540836j)
(3.5185210576363835-0.015684376311788078j)
(3.509851484366133+0.004637843917609187j)
(3.5022314524150104+0.023948579136363137j)
(3.4953945034983764+0.04212591880070051j)
(3.489057111092707+0.05909253547462754j)
(3.4829260409616434+0.07481872333837872j)
(3.4767064108468966+0.08932410750008538j)
(3.4701101767521867+0.10267783658132593j)
(3.462864719212057+0.11499713421900207j)
(3.4547211646613913+0.1264441645355279j)
(3.4454620595849925+0.13722125861990062j)
(3.4349080233871163+0.14756464820936033j)
(3.4229230435822995+0.1577369510425808j)
(3.409418144489138+0.16801873929373956j)
(3.3943532537015244+0.17869958720199886j)
(3.377737200073144+0.19006902824471392j)
(3.3596258911932866+0.20240785247285406j)
(3.34011882606616+0.21598014223139905j)
(3.3193541906508135+0.23102638419759985j)
(3.2975028533165798+0.2477579143564166j)
(3.2747616199117124+0.2663528582826282j)
(3.2513461224616096+0.28695363057179873j)
(3.227483702651132+0.3096659629326077j)
(3.2034066148825016+0.3345593477283699j)
(3.1793458194704516+0.3616687181611254j)
(3.1555255711705867+0.39099714099314137j)
(3.132158938611172+0.4225192734183044j)
(3.1094443224992823+0.4561853310034852j)
(3.0875629796187165+0.4919253254864958j)
(3.066677508965779+0.5296533556531409j)
(3.0469312176235595+0.5692717672074366j)
(3.0284482574551648+0.6106750343796291j)
(3.011334408581682+0.65375325343782j)
(2.995678380298362+0.6983951735143333j)
(2.9815535025381195+0.7444907213097288j)
(2.969019689047667+0.7919330021855309j)
(2.9581255650110205+0.8406197804902173j)
(2.9489106650928147+0.890454456820726j)
(2.941407621247534+0.9413465698466246j)
(2.9356442719661673+0.9932118561204563j)
(2.9316456350597235+1.0459719039269477j)
(2.929435694070016+1.0995534377172271j)
(2.929038953683365+1.1538872690880162j)
(2.930481722079498+1.2089069496479377j)
(2.9337930781820662+1.2645471614926236j)
(2.9390054797315095+1.3207418833956222j)
(2.9461549646907406+1.3774223761818716j)
(2.955280894770072+1.434515039979237j)
(2.9664251872860867+1.4919392098653375j)
(2.9796309821100526+1.5496049752129646j)
(2.9949406965625966+1.6074111315209625j)
(3.0123934355335034+1.665243400415516j)
(3.032021749463146+1.7229730811981696j)
(3.053847770882397+1.7804563218069427j)
(3.077878811193488+1.8375342134118295j)
(3.104102561751161+1.8940339160287818j)
(3.132482114179977+1.9497710078480173j)
(3.162951090385515+2.0045532138583044j)
(3.1954092472361464+2.058185604568791j)
(3.2297189847609795+2.11047725791902j)
(3.265703224621868+2.161249244953131j)
(3.303145118372508+2.210343639027187j)
(3.341789975289458+2.2576330772018274j)
(3.3813496591148935+2.3030302489867096j)
(3.421509497870703+2.3464965838602265j)
(3.4619375023588863+2.388049383601022j)
(3.5022954311464103+2.4277667162793093j)
(3.5422510137607484+2.465789557381909j)
(3.581490489375972+2.5023209129294486j)
(3.6197305652905825+2.537621955516543j)
(3.6567289603286963+2.5720055020250423j)
(3.6922928641860615+2.6058274149741196j)
(3.72628488659531+2.63947668054901j)
(3.758626349259811+2.673364984472973j)
(3.789298044997223+2.707916571244047j)
(3.818338815025957+2.7435590500879j)
(3.8458424524967816+2.7807156315387576j)
(3.8719535195339763+2.8197990752866238j)
(3.8968626716845245+2.8612074331882464j)
(3.920802033191342+2.905321503495166j)
(3.9440410790074707+2.9525037857403054j)
(3.9668833749994747+3.0030986432109548j)
(3.989664423017463+3.057433337124803j)
(4.012750764064674+3.1158195846934476j)
(4.036540417039357+3.1785553016164743j)
(4.06146467423452+3.24592620783591j)
(4.087991236311802+3.318206994691138j)
(4.116628644870517+3.395661765006893j)
(4.147931954694916+3.4785434601874856j)
(4.182509574190675+3.5670919769161085j)
(4.221031184796532+3.6615306488861914j)
(4.26423662108824+3.7620607257267764j)
(4.312945544879992+3.8688534228328466j)
(4.368067669681224+3.9820390447231815j)
(4.43061317565594+4.101692605746327j)
(4.501702787275414+4.227815293982419j)
(4.582576752123481+4.36031106105545j)
(4.674601645196452+4.498957594245755j)
(4.7792735156113055+4.643370970838796j)
(4.898215385016152+4.792963455670345j)
(5.033166505752005+4.946894246541698j)
(5.1859601234903465+5.104013582537652j)
(5.3584858366268575+5.26280160643895j)
(5.55263213850107+5.4213048161857j)
(5.770204588803014+5.577074928568137j)
(6.012815608697254+5.727117513519291j)
(6.281743547180761+5.867860692218778j)
(6.577761885001995+5.995157132145289j)
(6.900944604921628+6.104334779358227j)
(7.250460932007352+6.1903121193701445j)
(7.624381281977792+6.2477908426835596j)
(8.019524858153572+6.2715312507776675j)
(8.431385344858413+6.256702898229935j)
(8.854171233371122+6.199285665527158j)
(9.280988375453886+6.096477736751444j)
(9.704173062394558+5.947052054389254j)
(10.115756335805425+5.751597955767268j)
(10.508010432323584+5.512594625388785j)
(10.874005079548363+5.234288280160039j)
(11.208093161834897+4.922380495421704j)
(11.506256130697926+4.583571049159946j)
(11.766266917910997+4.225024463813681j)
(11.987663680077084+3.8538379436604466j)
(12.17156088516282+3.476578827669333j)
(12.320346577127646+3.098937165558779j)
(12.437322566755274+2.7255118109905765j)
(12.526339319210388+2.3597242189977794j)
(12.591464157142392+2.0038376726715144j)
(12.636705475311135+1.6590521425632923j)
(12.665801194276739+1.3256449444879863j)
(12.682068971730986+1.0031321317326467j)
(12.688309303454904+0.6904324579125378j)
(12.686750022880027+0.3860227687985791j)
(12.679020815123708+0.08807965350307476j)
(12.666148148009253-0.2053933698939088j)
(12.64856365240341-0.4964509756467492j)
(12.62612188868839-0.787099802004237j)
(12.598126267997783-1.0791968829347192j)
(12.563364441965676-1.3743493986700888j)
(12.520156561531593-1.6738139142129904j)
(12.466421232449763-1.9783955550883203j)
(12.399764493278706-2.2883504913502435j)
(12.317596383925942-2.6032984119675535j)
(12.217277348101279-2.9221549118818535j)
(12.096292666785752-3.2430961726133147j)
(11.952447543677692-3.5635690840363163j)
(11.784069072765623-3.8803581087938235j)
(11.59019541495374-4.1897151310631475j)
(11.370728820228116-4.487550375365422j)
(11.1265293541478-4.769672359139993j)
(10.859431345317562-5.032054877358199j)
(10.57217440064003-5.271101849159354j)
(10.268253555041872-5.483878788597618j)
(9.951705804608467-5.668283745511195j)
(9.626859770625334-5.823140069049406j)
(9.298079293514967-5.948205932616585j)
(8.969529745278416-6.044108092680078j)
(8.644988895447689-6.112217009579795j)
(8.327714542765873-6.154485580706088j)
(8.020371359816341-6.173274138902803j)
(7.725011473070112-6.171181060811636j)
(7.443098243339481-6.150892917299711j)
(7.175560606025928-6.115062176822051j)
(6.92286561027754-6.066215226649859j)
(6.685098613726534-6.00668954128409j)
(6.462043117616597-5.9385963526768535j)
(6.253254830109956-5.863803991425737j)
(6.05812682966796-5.78393684811971j)
(5.8759444860940695-5.700385302455338j)
(5.70593005698408-5.614322688676987j)
(5.547277673124477-5.52672619322085j)
(5.399179856673661-5.438399377148394j)
(5.2608468842379255-5.349994709020896j)
(5.131520303749949-5.262035055312864j)
(5.010481810165054-5.174933505181697j)
(4.897058531208001-5.089011219091576j)
(4.790625604439144-5.004513207077919j)
(4.690606761256798-4.921622083615312j)
(4.596473483237135-4.8404699312605795j)
(4.507743166296367-4.761148450353777j)
(4.423976619554926-4.683717589484443j)
(4.344775137360388-4.6082128504562005j)
(4.269777312516299-4.534651448778996j)
(4.198655703911802-4.463037490909232j)
(4.131113430112075-4.393366305643118j)
(4.06688073006161-4.3256280412705195j)
(4.005711511345811-4.259810613659768j)
(3.947379894375862-4.195902064339995j)
(3.8916767567519264-4.13389236275543j)
(3.838406285546771-4.073774664201792j)
(3.7873825560702645-4.015546015846512j)
(3.7384261734008075-3.959207489436155j)
(3.6913610366950382-3.904763712996725j)
(3.6460113142438524-3.8522217775065024j)
(3.602198746448784-3.801589510551416j)
(3.5597404199319396-3.7528731390459757j)
(3.518447173093801-3.706074407385179j)
(3.47812279499001-3.661187273622011j)
(3.4385641590663516-3.6181943690221186j)
(3.399562386588551-3.5770634668299275j)
(3.360905060797894-3.5377442527652327j)
(3.3223794165673795-3.5001657101472423j)
(3.2837763224008714-3.464234415881992j)
(3.244894768107422-3.429833984112372j)
(3.2055464911634557-3.3968257941412277j)
(3.1655603349944563-3.3650510092772445j)
(3.1247859444868236-3.3343337522684022j)
(3.083096469725583-3.3044851738558925j)
(3.0403900591941357-3.2753080554619562j)
(2.996590060396806-3.2466015405089514j)
(2.951643986271828-3.2181655967847327j)
(2.905521427795235-3.18980486934142j)
(2.858211180372322-3.1613316757433543j)
(2.8097178960007225-3.1325680046565094j)
(2.760058575614096-3.103346486457353j)
(2.7092591842980336-3.073510396194329j)
(2.6573516179464898-3.042912816153865j)
(2.6043711858619036-3.0114151248152705j)
(2.5503547105328432-2.9788849934112163j)
(2.4953392909641523-2.9451940660451745j)
(2.439361733659926-2.9102154810298058j)
(2.38245862683384-2.873821366286261j)
(2.324667017609942-2.835880415664824j)
(2.2660256465556703-2.7962556298189276j)
(2.206576695982562-2.7548022872274425j)
(2.1463680151761997-2.711366199344735j)
(2.0854557944712155-2.6657822990059925j)
(2.023907668649267-2.617873612903906j)
(1.9618062366427054-2.56745067663483j)
(1.8992529873631452-2.514311463767275j)
(1.836372619151109-2.458241917778809j)
(1.7733177313732091-2.399017196556263j)
(1.710273849496923-2.3364037622301357j)
(1.6474647178422008-2.270162472769766j)
(1.5851577553532512-2.2000528537168202j)
(1.5236695174166899-2.125838745502952j)
(1.4633709395948986-2.04729552964309j)
(1.4046920565721712-1.9642191299981078j)
(1.3481257925482295-1.876436956039302j)
(1.2942303110481705-1.7838208950177483j)
(1.2436292994148304-1.6863023596586715j)
(1.197009457475243-1.583889248125149j)
(1.1551143780299125-1.4766844661492882j)
(1.1187339719725276-1.3649053946330862j)
(1.088688631469994-1.248903364906733j)
(1.0658074721220994-1.1291818450810176j)
(1.050900279244963-1.006411675728506j)
(1.044723227483591-0.8814413673393764j)
(1.0479390604945131-0.7553002452730271j)
(1.0610732129864904-0.6291921809851365j)
(1.0844683059775535-0.5044779101910695j)
(1.1182403985304352-0.38264468696831155j)
(1.162240962553383-0.2652632987459529j)
(1.2160284274453332-0.1539338827101128j)
(1.2788525699549032-0.05022303404837141j)
(1.349654481368538+0.04440444425810966j)
(1.4270840521463481+0.12865470454348812j)
(1.5095353399482936+0.20146954694233135j)
(1.5951980951588625+0.26208119799169016j)
(1.6821218072783417+0.31005266944807525j)
(1.7682873371059553+0.3453007931130129j)
(1.8516806480821235+0.3681009282573267j)
(1.930363347127892+0.37907422629685034j)
(2.0025355949039114+0.37915993540577075j)
(2.06658825338345+0.3695763236086712j)
(2.1211426487827367+0.35177428893929186j)
(2.16507778246624+0.3273876272984816j)
(2.197546016376337+0.29818335961034026j)
(2.217979071146838+0.26601465288076953j)
(2.2260865699702213+0.2327778883611197j)
(2.2218493762314004+0.20037449263715104j)
(2.2055096897064006+0.17067736788525548j)
(2.177559385548937+0.14550120058651247j)
(2.1387275019761196+0.1265756158182924j)
(2.089967192997753+0.11552006748854313j)
(2.032441930427886+0.11381948416465984j)
(1.9675103161375036+0.12279998488205501j)
(1.896708587688414+0.14360439282200838j)
(1.8217297922802123+0.1771677559865278j)
(1.7443986769398678+0.22419357752218577j)
(1.666641592927517+0.28513190511605213j)
(1.5904511141983502+0.36016077177945854j)
(1.5178455762198277+0.4491726782808958j)
(1.4508243013200504+0.5517678528941731j)
(1.3913198786544796+0.667255929711967j)
(1.3411495464901941+0.7946673986839177j)
(1.301968410044141+0.9327755145262824j)
(1.2752275565509013+1.0801282297290304j)
(1.2621397470867215+1.2350885386917243j)
(1.263654511186026+1.3958809504801664j)
(1.2804437152788486+1.5606416344305347j)
(1.3128981314643224+1.7274696884407903j)
(1.3611349293606496+1.894476856875465j)
(1.4250152662056075+2.0598330812891863j)
(1.5041704251640524+2.2218056264416575j)
(1.5980344213535593+2.3787901235880002j)
(1.7058807278279478+2.5293325798979693j)
(1.8268607592303139+2.672142099741572j)
(1.9600419412235361+2.8060946685530848j)
(2.1044435264260914+2.9302288136984114j)
(2.2590687264419294+3.043734257833411j)
(2.42293215346651+3.145934820499309j)
(2.595081953224798+3.2362668224793256j)
(2.774616326439126+3.3142541348466747j)
(2.960694354839182+3.379480825316435j)
(3.1525411571118584+3.4315621228418958j)
(3.3494473945355963+3.4701141787755416j)
(3.550763022570404+3.4947228774169456j)
(3.7558849392788134+3.5049117671064427j)
(3.964237805258273+3.5001090748975234j)
(4.175246786934448+3.479613773068837j)
(4.388300282769958+3.4425608449188654j)
(4.602699804310876+3.387886347446178j)
(4.817593083914661+3.3142937455599255j)
(5.031885187276569+3.2202245420574984j)
(5.244121032667882+3.1038388237844043j)
(5.452331573473604+2.963015527350354j)
(5.653835702679855+2.795388711808846j)
(5.844992147709785+2.598445701583492j)
(6.020902959072753+2.369726124699279j)
(6.175087244328053+2.107176837162124j)
(6.299177310112016+1.809732323524214j)
(6.38274697977604+1.4781920567955358j)
(6.413466435985792+1.1164319454429183j)
(6.377873453305155+0.7328783410104346j)
(6.263097961188564+0.34194988640817703j)
(6.059752193965456-0.035160301208536526j)
(5.765748055748841-0.37129155981606216j)
(5.39000327900084-0.6365704977350111j)
(4.954220710307882-0.8041369331662975j)
(4.490978685488124-0.8568265013895005j)
(4.037850052416159-0.7920281469816541j)
(3.6295364632288156-0.6222845592927736j)
(3.29128046230815-0.3713558346987997j)
(3.0359434898201942-0.06782224079966245j)
(2.8649392232805817+0.2609427256284386j)
(2.77150098998193+0.5926093125122943j)
(2.7444422045987236+0.9112638662303214j)
(2.771215312475059+1.2070201421361249j)
(2.8398751638276245+1.47478082074746j)
(2.940066381438499+1.7128294823468901j)
(3.0633401623737737+1.9216090066138352j)
(3.203091524131294+2.1028011858924684j)
(3.354323467948456+2.258694920540219j)
(3.513360971219084+2.391783130489102j)
(3.677577618484645+2.5045229081978078j)
(3.8451610419425526+2.5992042377645554j)
(4.01492365717187+2.6778869609359215j)
(4.186155952063516+2.7423783509960145j)
(4.358516137345035+2.794233248263824j)
(4.531949401828948+2.8347653813110334j)
(4.70663071629426+2.865062883602759j)
(4.882926266649321+2.886003767464678j)
(5.06136978492133+2.8982687536655902j)
(5.242651135893647+2.902349739897332j)
(5.427615474755931+2.8985525588235235j)
(5.617272138262256+2.8869926574800107j)
(5.812813214055863+2.8675819739029835j)
(6.015642506266452+2.8400045690390665j)
(6.2274164423675975+2.803677385562721j)
(6.450099412241949+2.757690633052313j)
(6.686037158984446+2.7007193522338535j)
(6.938053194680852+2.630893011748305j)
(7.209574759357498+2.545602351537545j)
(7.504796318597201+2.441209993505602j)
(7.828889133882966+2.3126097532328296j)
(8.188262552977744+2.1525419868590503j)
(8.590869622597195+1.95050524447655j)
(9.046508394262458+1.690982251097216j)
(9.566952136377564+1.3504717715045054j)
(10.165412010305511+0.8923978259288381j)
(10.853913723411448+0.2582173179933704j)
(11.634558305231625-0.6480876989174832j)
(12.473231680218591-1.9854394307628713j)
(13.224531233583196-4.00647209483116j)
(13.438331281870632-7.033430122814487j)
(12.025685216913516-11.0890606870036j)
(7.565878258307115-14.669983114316981j)
(1.1153125833240376-14.617396977402755j)
(-3.323312782460228-10.891626476766616j)
(-4.622925542572777-6.712042272310659j)
(-4.26554320545971-3.6429933608668654j)
(-3.392837687293639-1.6385043572481086j)
(-2.4649403716734883-0.34473594152118264j)
(-1.6219301626373324+0.5088439795897632j)
(-0.8909600034156242+1.0892252496188795j)
(-0.2642799742289753+1.4954665873667494j)
(0.2743012554400701+1.7873256553495813j)
(0.7406827870465753+2.001784650987167j)
(1.1484428829370665+2.162310987240538j)
(1.5086490925625493+2.284253848922556j)
(1.8301692208932088+2.377934968087302j)
(2.120091330834326+2.4504657877109626j)
(2.3841095961846634+2.5068501311985694j)
(2.6268404047219716+2.550672097485268j)
(2.852070390389136+2.584535889656685j)
(3.062948136768797+2.610353184524349j)
(3.2621321411435136+2.6295343394226482j)
(3.45190580208253+2.6431173737605635j)
(3.634267947099565+2.651855602322354j)
(3.811005449289712+2.656276961069302j)
(3.9837529438832537+2.6567232260874647j)
(4.154043520411946+2.6533742293235734j)
(4.323353462409522+2.6462600928692117j)
(4.4931435637197925+2.635262994164424j)
(4.6648992106710905+2.6201087474208844j)
(4.840171236849317+2.600347325204193j)
(5.020619491964172+2.5753201518786484j)
(5.208061072295155+2.544110355261856j)
(5.404525163480384+2.505469864959026j)
(5.612316302065092+2.4577138468420143j)
(5.834087265336088+2.398567752344738j)
(6.072921094865298+2.324944081467889j)
(6.33241753192228+2.232612904718207j)
(6.616769305785332+2.1157091387123503j)
(6.9307914698664+1.965985540920242j)
(7.279817168552472+1.7716660384931544j)
(7.6692616980890325+1.5156708879171656j)
(8.103406347683958+1.1728732750802795j)
(8.582392703959203+0.7059566122421642j)
(9.095189751425037+0.05963077270523797j)
(9.603809924145935-0.8455674378177557j)
(10.010217131398871-2.112641146688927j)
(10.09784223624072-3.8346788544103134j)
(9.47569563604722-5.965890483981047j)
(7.6935708797772975-8.056808838889813j)
(4.783378779554579-9.174851175049652j)
(1.701824283380524-8.669551605725092j)
(-0.4799594472760933-6.97809383526493j)
(-1.5367794367781287-5.006098547738029j)
(-1.8156312371175758-3.2868628413091483j)
(-1.6895248759831158-1.9464093485812328j)
(-1.389629229545316-0.9385839012856806j)
(-1.0330774774611218-0.18266858994156063j)
(-0.674062736670561+0.39214674240883035j)
(-0.3363192811378429+0.8365241883407468j)
(-0.02592404159752161+1.1862708811591947j)
(0.25627897979033215+1.4678156390594348j)
(0.5117349837688083+1.6992770607803398j)
(0.7430314749803564+1.893404888869359j)
(0.9530287841958476+2.0593872685788277j)
(1.1444800879921968+2.2039703909777844j)
(1.3198906045036314+2.332198138840806j)
(1.4814834580158058+2.4479119607572195j)
(1.6312117206290324+2.5540941513437847j)
(1.7707887478503972+2.653107441917832j)
(1.9017240359790737+2.746865187257764j)
(2.0253590210140273+2.836954651527783j)
(2.1429007073229895+2.92472837870095j)
(2.25545269529659+3.011373809500557j)
(2.364044000177174+3.097968202086756j)
(2.469656480888571+3.185523922246879j)
(2.573251967672642+3.2750279181108466j)
(2.675800426675119+3.3674784597253824j)
(2.778310821743804+3.463921878082239j)
(2.881866815818577+3.565492024234576j)
(2.987670206228578+3.6734554881241097j)
(3.097096175590614+3.7892663302400127j)
(3.2117663352371992+3.9146353263676406j)
(3.333648610277265+4.051620761747175j)
(3.465198100590257+4.202751081580399j)
(3.6095616907300423+4.371194983654812j)
(3.770884315128547+4.56100318307891j)
(3.9547822548711777+4.777460506940232j)
(4.169100777785179+5.027611565267043j)
(4.425176335644591+5.3210659960785085j)
(4.740038852134943+5.671264665000694j)
(5.140470086106009+6.0975203669271085j)
(5.67099091227767+6.628362616385739j)
(6.410900949843343+7.306957548465736j)
(7.5144676508403965+8.198845698764494j)
(9.318414835021041+9.39463820392744j)
(12.676019826539548+10.933180129099863j)
(20.102655873729173+11.90820557061706j)
(35.56095177408402+1.6313187619307752j)
(20.72807131903704-25.545618426421598j)
(3.4394098467116736-17.738459015638167j)
(0.359946036685812-10.741230181467584j)
(-0.06009484052411929-7.01146438495022j)
(0.03365699632670297-4.820089893213638j)
(0.22590474825262064-3.3977243471265184j)
(0.42010803916885303-2.402412554628538j)
(0.593306122872927-1.6653934235746224j)
(0.7420722744320634-1.095105791240743j)
(0.8684479764823647-0.6380259160783915j)
(0.9756092059893336-0.2612854722966398j)
(1.0660932598739552+0.05639021713144846j)
(1.1419362057230096+0.32984349651828804j)
(1.2050384366725932+0.5696658447448579j)
(1.2570127764060393+0.7834782955344591j)
(1.2991278389775884+0.976908024579474j)
(1.3323543263793376+1.1542267409584461j)
(1.3574208351391253+1.3187560218092054j)
(1.3748572785974351+1.4731341336442665j)
(1.3850259054042802+1.6194983521673145j)
(1.38814255482118+1.7596132071649209j)
(1.3842902391419358+1.8949627721253828j)
(1.3734264088692312+2.0268183144476444j)
(1.35538468359565+2.1562885972704877j)
(1.329871385191608+2.284357606062656j)
(1.2964568300923929+2.4119128129231866j)
(1.254560977923097+2.5397659245606237j)
(1.203432657688326+2.6686671599994507j)
(1.1421211675178553+2.7993133110676203j)
(1.0694385375217461+2.932349015850925j)
(0.9839101262893419+3.0683596767657755j)
(0.883710463539655+3.207853092934329j)
(0.7665803464238213+3.3512248787243895j)
(0.6297201885492777+3.498699686659368j)
(0.46965367902595134+3.650235479293986j)
(0.2820553951434893+3.8053705461499248j)
(0.061537234144821755+3.9629809844149544j)
(-0.19860610700034173+4.120897457642497j)
(-0.5066773985816263+4.275300755264742j)
(-0.8728314958687493+4.419772198642065j)
(-1.3091717469081303+4.543816420416004j)
(-1.8293835038429864+4.630613910644723j)
(-2.4472574657318655+4.653759695583378j)
(-3.1728402064612355+4.572993518072165j)
(-4.004063375867051+4.329912005897831j)
(-4.911166736461956+3.8473124115239012j)
(-5.813555152246979+3.0409442616521662j)
(-6.559332741587416+1.8569632978644148j)
(-6.9388040284875006+0.3375752600109631j)
(-6.768966073202412-1.326218043948781j)
(-6.019015107359249-2.836770457642714j)
(-4.8545125847224835-3.9394543825275203j)
(-3.536800251587818-4.545823372292119j)
(-2.283415369508576-4.722633042849877j)
(-1.2085114425840058-4.601533011320171j)
(-0.3410167736885023-4.306331975344754j)
(0.33552489446538636-3.925979066869881j)
(0.8534186660918872-3.515531622765916j)
(1.2457996391831183-3.1057028693489586j)
(1.5409935297669155-2.711967716795593j)
(1.7613826865685478-2.3409811377868004j)
(1.9239958159786414-1.9945716957577668j)
(2.0415498186510694-1.6720717410774009j)
(2.123454537401755-1.3716249529027458j)
(2.1766354378496-1.0908979199411604j)
(2.2061618660969624-0.8274545898404156j)
(2.21571056923711-0.5789438344545685j)
(2.2079012267984357-0.3431854821740229j)
(2.1845361789158813-0.11820281258887609j)
(2.146769392480275+0.09777157581483367j)
(2.0952230860303414+0.3063013541747432j)
(2.0300651387080055+0.5087547576903133j)
(1.9510564300098083+0.7063102074866356j)
(1.8575743650005283+0.8999554568624208j)
(1.748616798190605+1.0904769047711091j)
(1.6227892116896945+1.2784353610000763j)
(1.4782772610473782+1.4641235029494406j)
(1.3128067308171352+1.647498519091272j)
(1.1235937662373658+1.8280808925805248j)
(0.9072904466132884+2.0048068154022154j)
(0.6599352174070516+2.1758172839751007j)
(0.37692589664859033+2.3381617366834724j)
(0.053047310690927246+2.487389114977944j)
(-0.3173903795606765+2.6169971184283094j)
(-0.7402084562522036+2.717717401553328j)
(-1.2206612468419795+2.776643596844714j)
(-1.762160636587469+2.7762849527730196j)
(-2.3641369074196823+2.6937907512043338j)
(-3.018762873633431+2.5008864779382365j)
(-3.706521016400286+2.165500087740839j)
(-4.3913461389975765+1.6564761430649484j)
(-5.0175268593137785+0.9526343439357413j)
(-5.512277333554463+0.055738905645716215j)
(-5.798065297183507-0.996926152989029j)
(-5.81462647686565-2.1288872782606445j)
(-5.542189187994935-3.237381400331465j)
(-5.011889043863992-4.220835401553807j)
(-4.295414906211056-5.007027315690644j)
(-3.480344782684718-5.56685604040627j)
(-2.645845154300778-5.909962379612284j)
(-1.849151196913796-6.069741671926559j)
(-1.1237184557370297-6.088049346140521j)
(-0.4838727372352165-6.004946359516607j)
(0.06876096702871694-5.853789719164906j)
(0.539681766468515-5.660073352991465j)
(0.9376255451288663-5.442184335307547j)
(1.2722130668152347-5.212821422974921j)
(1.5526925184083913-4.980434194337534j)
(1.7873649601546238-4.750432177909214j)
(1.9833965421189055-4.526112042016626j)
(2.1468301608812594-4.309332712988381j)
(2.2826875763378607-4.100991543601625j)
(2.395102780553782-3.9013531975421905j)
(2.4874567268441647-3.710273402467354j)
(2.5624998554925984-3.5273492691139894j)
(2.6224574838745855-3.352018978393472j)
(2.6691174081227853-3.1836268208102676j)
(2.703900974152958-3.0214646200245183j)
(2.727919544929548-2.8647970810241743j)
(2.7420183375344274-2.712876183737027j)
(2.7468093566581344-2.564948081332623j)
(2.742694776952777-2.4202548264394954j)
(2.729881701741731-2.2780324740619444j)
(2.7083887756909064-2.1375065861877225j)
(2.6780446493239554-1.9978858188077702j)
(2.638477756828694-1.8583540666120884j)
(2.5890962283513113-1.718061558849713j)
(2.529055943247777-1.5761153529024863j)
(2.45721363881474-1.4315699060435954j)
(2.372060470404514-1.283418922845355j)
(2.2716292551223995-1.130590678994426j)
(2.15336550613389-0.9719509093719076j)
(2.0139478375833475-0.8063209145858343j)
(1.8490368462307871-0.6325254717063924j)
(1.652922704508365-0.44949942012750355j)
(1.4180306142106884-0.2565149400157866j)
(1.1342271889536426-0.05368898468474863j)
(0.7877151582242627+0.15665972582309715j)
(0.3559410566600833+0.3665698624085789j)
(-0.1964773302127212+0.5804836456639085j)
(-0.8829570601266901+0.7743843977443846j)
(-1.761800994382888+0.8964170001626818j)
(-2.891394880961539+0.8660910650460931j)
(-4.314766442199012+0.525322255920929j)
(-5.988520084693849-0.3982488107448719j)
(-7.611193907278692-2.2576573575572785j)
(-8.44383881348268-5.173647066082856j)
(-7.657227140034814-8.454793231879817j)
(-5.371808328606652-10.811764650222418j)
(-2.6880099854289794-11.67277798366807j)
(-0.4659117318472951-11.45919265910179j)
(1.0994540978099474-10.771260243656272j)
(2.1315727677287364-9.971034235408418j)
(2.797301606351657-9.212112739035566j)
(3.2242945232055424-8.542655363342956j)
(3.496981970282393-7.967953198341717j)
(3.668847170695785-7.4786433606344405j)
(3.7735862660917086-7.061909400319203j)
(3.8326375062029423-6.7054874131665665j)
(3.859853850774556-6.398842070529107j)
(3.864339565456089-6.13329797995645j)
(3.8521753715540847-5.901828749779853j)
(3.827480248506117-5.698769561649701j)
(3.793075518824912-5.519546436356426j)
(3.750907354683822-5.360448651555123j)
(3.70232005851908-5.218446208580368j)
(3.6482354903776995-5.091046271390795j)
(3.589272464655525-4.976180875677713j)
(3.525827241928957-4.872118881447081j)
(3.458128594701224-4.777396538239004j)
(3.386276112363388-4.690762491614171j)
(3.3102671950692257-4.611134242248199j)
(3.2300159874424006-4.537563807785112j)
(3.145366108293901-4.46921067118442j)
(3.056098306598216-4.405320243029914j)
(2.9619338919477385-4.345206249374206j)
(2.862534671832453-4.288235767584752j)
(2.75749998023955-4.233816001512699j)
(2.646361146393233-4.181382198711226j)
(2.5285734673373823-4.130386302955437j)
(2.4035054635527993-4.080286011073891j)
(2.270424928976411-4.030533903507364j)
(2.1284810162036534-3.980566279251039j)
(1.9766812839967025-3.929791266208552j)
(1.8138622260716373-3.8775756994987804j)
(1.6386512338378583-3.823230154798912j)
(1.4494171348201401-3.765991377723046j)
(1.2442052642391-3.7050011458919996j)
(1.0206512675014785-3.6392803160137j)
(0.7758651683482046-3.567696418151578j)
(0.5062731273365777-3.488922637000626j)
(0.20739783863517236-3.401385351290773j)
(-0.12645191203194192-3.303196617301123j)
(-0.5026291497109937-3.192067206460215j)
(-0.9308095772798152-3.065195280214946j)
(-1.4239913430637392-2.919125766340878j)
(-2.000052895916172-2.7495768480698572j)
(-2.684271833867887-2.5512397753175065j)
(-3.5135823922596914-2.3176060116338877j)
(-4.544135142438266-2.0410384670931627j)
(-5.865497175379048-1.7137968219459294j)
(-7.629244462856469-1.3323724943837019j)
(-10.11172352416909-0.9137173084328154j)
(-13.866981302866506-0.5590523006022247j)
(-20.14442646115737-0.7446815511052501j)
(-32.05039823610261-4.014128819368384j)
(-52.61198843149072-27.103062628068926j)
(-12.035958939129424-76.67064763152682j)
(21.27229990205553-44.328893422388774j)
(19.64303038382081-26.8397507100331j)
(16.20493767617664-19.51040891788289j)
(13.56871045500591-15.766228271896765j)
(11.61843894735504-13.552136857626992j)
(10.131325334048732-12.105306351068265j)
(8.955262898995054-11.089668152535662j)
(7.993680692280294-10.337194464409773j)
(7.184503279627909-9.755267881088534j)
(6.486587364641972-9.28888263799421j)
(5.871812074132116-8.903363205461977j)
(5.3204101802506365-8.575749091504637j)
(4.818143235480599-8.290191613592652j)
(4.354542160910689-8.035349411954304j)
(3.9217804113537893-7.802843157182128j)
(3.513933986730554-7.586302357410933j)
(3.1264842066462952-7.380759828854245j)
(2.755974469921244-7.18225996066847j)
(2.399762522251563-6.987602184592381j)
(2.0558295294286197-6.794166364989588j)
(1.7226273634267528-6.599779245331827j)
(1.3989659999884756-6.402597683553251j)
(1.083948629845701-6.201009905558244j)
(0.7769451100760424-5.993570811428158j)
(0.47757730100222123-5.7789752922125075j)
(0.18569634338546404-5.556053307712366j)
(-0.09864895222613732-5.3237676785412535j)
(-0.37524396200442933-5.081206878794245j)
(-0.6437342798911568-4.82757438678186j)
(-0.9036450440722069-4.562178125613018j)
(-1.154395240717438-4.284421927180037j)
(-1.39530887101961-3.993799298367527j)
(-1.6256242514301829-3.689889000967397j)
(-1.8445021205425098-3.3723518101545706j)
(-2.0510328449351523-3.0409279154198217j)
(-2.244242803422662-2.695434572046689j)
(-2.4230999058378333-2.3357637308807484j)
(-2.5865181164851174-1.9618794543755438j)
(-2.7333607827086426-1.5738149670755233j)
(-2.862442520869957-1.1716691947156932j)
(-2.9725294047417403-0.7556026432078187j)
(-3.0623372348010105-0.3258325115100659j)
(-3.130527680579011+0.11737292861474134j)
(-3.1757019808294578+0.5737004481484588j)
(-3.1963916302353033+1.0427980901207028j)
(-3.1910451935091846+1.5242811371165408j)
(-3.1580102059728037+2.017737517540441j)
(-3.095509032606577+2.5227323307385134j)
(-3.00160743039296+3.0388109761523103j)
(-2.874174283646538+3.5655000357558726j)
(-2.7108305354496878+4.102304619621266j)
(-2.508884729130137+4.648700309900816j)
(-2.2652517894452933+5.204117027167554j)
(-1.9763506697306958+5.767910935289469j)
(-1.6379752066220372+6.339318663443081j)
(-1.2451308968644603+6.917385301052701j)
(-0.791828309385638+7.5008532528758j)
(-0.270821527738399+8.087992229472185j)
(0.32672233506367004+8.676339946320008j)
(1.011638090840002+9.262306179639328j)
(1.7972762788847076+9.840565937636754j)
(2.700121743269997+10.403124760159175j)
(3.7404970760038037+10.937871656129976j)
(4.943265889597202+11.426330721771961j)
(6.338299857490246+11.840168380242144j)
(7.960140202035434+12.135810503745047j)
(9.845579925333618+12.246336786720343j)
(12.026487458505374+12.069924304659587j)
(14.512668884360776+11.455379028092143j)
(17.256055351857395+10.189973918821483j)
(20.086328406590706+8.007228724599702j)
(22.62249477736704+4.655177125582794j)
(24.22199128920147+0.07899745330306437j)
(24.123827123164773-5.306441903497963j)
(21.898624964780694-10.515902201810126j)
(17.901750638929567-14.408159582365936j)
(13.13922817842757-16.37878964505949j)
(8.618114502186994-16.591185752936262j)
(4.895166241332647-15.621487987015245j)
(2.09050322461814-14.043055184497907j)
(0.09403040108126647-12.25201422839501j)
(-1.2707760863488817-10.47047184005049j)
(-2.169006474123221-8.802445110325523j)
(-2.7285584096309274-7.283863131739313j)
(-3.033955091871374-5.92116074777217j)
(-3.146435809054894-4.7297780909258575j)
(-3.1507594959366143-3.709560201218835j)
(-3.0952571608216273-2.8096020626203226j)
(-2.983670547143493-2.004304192797281j)
(-2.826226338045947-1.287158716409804j)
(-2.636239614028322-0.6501623489686666j)
(-2.4242970007660967-0.08407931237940516j)
(-2.1980753991747526+0.4197876540623058j)
(-1.963095799956565+0.8690767346425388j)
(-1.7233331633644668+1.2703936534504023j)
(-1.481673552864193+1.629477544297843j)
(-1.2402555775419406+1.9513366598662045j)
(-1.00069184398256+2.240337419068797j)
(-0.7642001341389719+2.500283472354505j)
(-0.5316888439136428+2.7344965850870535j)
(-0.3038213248241594+2.9458922157940206j)
(-0.08106708175674979+3.1370442566523584j)
(0.13625760313133103+3.310238435976812j)
(0.3479578119694679+3.467516088960393j)
(0.553935145681456+3.6107102885002j)
(0.7541683306398742+3.7414760103114744j)
(0.948698006907984+3.8613156310747345j)
(1.1376147135178454+3.971600758861096j)
(1.321049323888527+4.073591176939274j)
(1.499165367362587+4.1684515258722055j)
(1.672152808380584+4.257266236888801j)
(1.8402229530495957+4.3410531497531775j)
(2.0036042224824797+4.420776193047442j)
(2.1625385797545813+4.497357469266384j)
(2.317278426947421+4.571689068735258j)
(2.468083802949095+4.644644933953978j)
(2.6152197121580447+4.717093109613491j)
(2.7589533979740013+4.789908744440614j)
(2.899551339980161+4.863988261653543j)
(3.037275694502672+4.940265188950329j)
(3.172379805765834+5.019728242042541j)
(3.3051022749575942+5.103442395147292j)
(3.4356588652047635+5.192573857152302j)
(3.5642312077026306+5.288420115348059j)
