(47.09473330996916+0j)
(42.8557498258045-12.899339095981976j)
(33.67900335584986-20.121794228648355j)
(24.616059645226958-21.788721513233586j)
(17.6625369148872-20.37131810970956j)
(12.811290758449136-17.69043488650676j)
(9.553445366399812-14.62745656980207j)
(7.431924749951507-11.529845343117582j)
(6.13682955397143-8.503846634634785j)
(5.484814909506949-5.555960649696852j)
(5.389060213916538-2.6545065062965714j)
(5.842709029779831+0.24233203057533964j)
(6.918917990975305+3.167545923307104j)
(8.788228561446633+6.117404013474056j)
(11.751713673163266+8.988177483056651j)
(16.2668817530893+11.423277486599485j)
(22.841087642359113+12.479806718002433j)
(31.351385541341024+10.163081220002017j)
(39.19267825665397+1.9836771826130624j)
(40.752781106408506-10.963721073200842j)
(34.12972451192777-21.747905040437328j)
(24.533335310783748-26.077408336457307j)
(16.454556874931118-25.688764303947124j)
(10.813844066737747-23.26919650678618j)
(7.105210181832675-20.278760592810357j)
(4.713577243811597-17.286173920745057j)
(3.204196724872174-14.463442110091501j)
(2.3088487994573135-11.832650222016088j)
(1.8733975149750308-9.365296263993963j)
(1.8198615364016604-7.019872900787455j)
(2.125873000296918-4.756723277319169j)
(2.8174266789235847-2.5468446519087267j)
(3.9719098288660546-0.3840543746167648j)
(5.728867605075711+1.688870144527136j)
(8.299705211166478+3.5213345036817545j)
(11.939591065992888+4.732094941808439j)
(16.75670724989849+4.510835827819492j)
(22.101868841884173+1.5680556006351702j)
(25.70988896456392-4.869797019011467j)
(24.788332119878113-12.821648638635049j)
(19.723380543908387-18.401424552392093j)
(13.661947483789517-20.21523139324205j)
(8.684410764762417-19.49420292345429j)
(5.159383680827229-17.655728613824664j)
(2.800179677107082-15.483557259708459j)
(1.2635656243214628-13.30448284771577j)
(0.2971216570179859-11.227144083322813j)
(-0.26067894448309437-9.270724207451694j)
(-0.5051376814219782-7.421445102318653j)
(-0.4851530851666289-5.65597588687424j)
(-0.2146253101325783-3.9517334539640334j)
(0.3231764073337252-2.293516191682605j)
(1.1764487981979168-0.6822047482497651j)
(2.429632824521875+0.8493894274307053j)
(4.205260729216362+2.200392967126363j)
(6.641203130591984+3.137738342241028j)
(9.785386027760701+3.199794459479881j)
(13.296008034116374+1.678267187973788j)
(16.01618595939388-1.9401309833077498j)
(16.30624949088055-6.88803756537423j)
(13.802819622538797-11.047418409357755j)
(9.995413480190273-13.025733257365479j)
(6.426426803051259-13.090140349802843j)
(3.6842479849489207-12.08415209701146j)
(1.7531393274553209-10.629442731894466j)
(0.4512009643745268-9.044380215028648j)
(-0.3923497159257371-7.463378797508927j)
(-0.8995889742434675-5.9319782420998814j)
(-1.1480203162078144-4.457047013187904j)
(-1.1809972286889192-3.030328558143379j)
(-1.0154322740491226-1.6395159881838195j)
(-0.6454146066653306-0.2741604570109925j)
(-0.04561460390020268+1.0659208024265472j)
(0.8399289576359205+2.363894654759307j)
(2.087008031980329+3.565990200538486j)
(3.7907036025592564+4.5454407484440535j)
(6.019140687476676+5.0495429783835535j)
(8.68095472847939+4.6584361971587205j)
(11.278079571342339+2.9030973643695965j)
(12.802222514413184-0.2352346293566535j)
(12.383056988973177-3.794139362043089j)
(10.272764330449016-6.407180642851851j)
(7.552857040539349-7.507531526782282j)
(5.075825619436993-7.395921131822117j)
(3.1462447702793437-6.5838030370915135j)
(1.7558469371976706-5.440306144409317j)
(0.8041213986663983-4.166156841430871j)
(0.1920849246077343-2.8546030013865744j)
(-0.15296436451591608-1.5423445626916383j)
(-0.2757344977174273-0.23877723660949476j)
(-0.19985372757263098+1.0578576432802258j)
(0.07688700498090219+2.351694543959769j)
(0.57339881999763+3.6435987046657874j)
(1.331261298849646+4.921196868574046j)
(2.414947882721172+6.145165441969736j)
(3.9074114452001774+7.223854837757264j)
(5.8842476901179275+7.9734059877150925j)
(8.333390435487445+8.07720613864478j)
(10.987802379441703+7.119666363510853j)
(13.162046035742755+4.852190426029429j)
(13.967227751882032+1.6679450545993777j)
(13.057311604293398-1.3677074568186984j)
(11.002558532424782-3.335336055154486j)
(8.664984130694531-4.0559042158601155j)
(6.594750799599284-3.8396638889664882j)
(4.976490487909645-3.059673798642742j)
(3.8049354209714443-1.978566495634933j)
(3.0173989131900725-0.7458480243757315j)
(2.5521076591824126+0.5631735317905646j)
(2.3665818202445257+1.9142972173510824j)
(2.4415388094456065+3.2934503881654185j)
(2.781359710857528+4.6927448292238605j)
(3.4143194596172073+6.0991085949498824j)
(4.393194675589042+7.480834142257372j)
(5.792880628916766+8.76710285262737j)
(7.695557889828651+9.816485756657253j)
(10.142738648767443+10.378249895871589j)
(13.024792951506672+10.080675102680157j)
(15.917537299365367+8.542481052226817j)
(18.03855346955725+5.703651180785436j)
(18.62529967076493+2.1646196874565433j)
(17.562832194975893-1.0362062576134738j)
(15.45981136672935-3.1473712959010807j)
(13.086961227762577-4.049491481690687j)
(10.943808431930051-4.009158607467088j)
(9.229940282260367-3.3548698818929945j)
(7.97590733423223-2.336088636162891j)
(7.150862971165577-1.1102661059704129j)
(6.717452028389276+0.2302107522776641j)
(6.6538188725798015+1.6292330260269228j)
(6.960699056330874+3.0439206485549963j)
(7.661924872730727+4.4248256645477495j)
(8.79927920172468+5.695249834221508j)
(10.416542575522445+6.727319789578636j)
(12.521477090298198+7.319316008300805j)
(15.013728520860173+7.196291983974065j)
(17.591439766274+6.082326142385999j)
(19.722375055799098+3.884620402384005j)
(20.820043038073862+0.9010581288323188j)
(20.597208306011822-2.207018573729365j)
(19.256966973984195-4.766549253358204j)
(17.304021186841513-6.430808030646864j)
(15.22335990796734-7.206618813311696j)
(13.321161896587153-7.281316966920154j)
(11.73626633439026-6.868627895629082j)
(10.50771049445782-6.141322715596482j)
(9.63131044961825-5.221452362326542j)
(9.09246630549973-4.192639622231446j)
(8.88150955541851-3.1168144434059983j)
(8.998600494557756-2.050183126326341j)
(9.45133960340577-1.0580494868582138j)
(10.24445846347251-0.22827768976563842j)
(11.35862082865156+0.3201690504248792j)
(12.717357049333184+0.44386385773342707j)
(14.153099617375577+0.01267878120688305j)
(15.405504085770662-1.0158856980420834j)
(16.19157184926318-2.522622421749589j)
(16.333058610776227-4.230143492255295j)
(15.844107190023701-5.814818530537583j)
(14.899946461618848-7.04356473562137j)
(13.727386916617313-7.829805310436713j)
(12.515316883283575-8.199368547765385j)
(11.385487998815513-8.230406960777039j)
(10.401108633926091-8.0094468779834j)
(9.587966702308997-7.6104256384270155j)
(8.952994620439188-7.090190179802208j)
(8.496289880447264-6.49140678680442j)
(8.217759381270794-5.847902124020661j)
(8.119993205971177-5.1906013565921665j)
(8.208121202280488-4.5536109241358815j)
(8.486338715002937-3.980138619785915j)
(8.94998293093663-3.5269469283317108j)
(9.572421875638405-3.2638200137006215j)
(10.289418060967286-3.262054382240364j)
(10.991160563850434-3.567393708216434j)
(11.538381305263721-4.164500374451388j)
(11.808916062367667-4.958636091518836j)
(11.750515416243909-5.800462434144282j)
(11.39865518008813-6.544484331477654j)
(10.847215182881728-7.0982934239682365j)
(10.201223926196324-7.433413559533728j)
(9.545032444260135-7.566071990606879j)
(8.934005047562845-7.532763321867321j)
(8.398772049691948-7.373735955284174j)
(7.953305828902935-7.12453239772011j)
(7.602578139884526-6.813671132835676j)
(7.347793496908883-6.463652565252996j)
(7.189349643874709-6.093148910600381j)
(7.128145343268961-5.719518149204526j)
(7.165545358044807-5.36138998097001j)
(7.301914558468201-5.041149809923867j)
(7.533333969037673-4.786811268132814j)
(7.846187494245786-4.63199621636994j)
(8.210353308317854-4.6117567717855685j)
(8.574346811545407-4.751938686725412j)
(8.868935781918953-5.053064703939028j)
(9.024754616768242-5.477153982586007j)
(8.99920287139275-5.95086796578636j)
(8.795049814684761-6.389474097280054j)
(8.455915032317469-6.72716370710776j)
(8.04363255225915-6.933373766345407j)
(7.615422961464351-7.009564809764854j)
(7.212359865658487-6.976019782903135j)
(6.858489836849882-6.859358501710526j)
(6.565025604102033-6.685050034452962j)
(6.33529066489107-6.47446331051286j)
(6.1685427112044415-6.24464028203614j)
(6.0623387862259825-6.009282473579241j)
(6.013692308646668-5.780088304503548j)
(6.019331116887997-5.568051656887823j)
(6.075238117635631-5.384542601866306j)
(6.175529028281752-5.241989618200251j)
(6.310705129509753-5.1538293594433595j)
(6.465533746385015-5.133169894563977j)
(6.617380730969707-5.189551512351804j)
(6.736658323111536-5.323756503329503j)
(6.7914063651880605-5.522278890605745j)
(6.756440061569127-5.755232515405298j)
(6.62354127751672-5.981568301544278j)
(6.406088390488198-6.161097587211372j)
(6.134160115401837-6.266826098016811j)
(5.843298253256563-6.290400466420102j)
(5.564107628074354-6.239258930720236j)
(5.317217461835981-6.129627209662327j)
(5.11332008557902-5.9800363194591535j)
(4.955713421953572-5.807442188901407j)
(4.843156351683148-5.625770109304004j)
(4.772028637941193-5.44591559801915j)
(4.737624100211733-5.2763536723483915j)
(4.73474463133556-5.123856855152575j)
(4.757810852944338-4.994087103473726j)
(4.800655743570222-4.891954593335317j)
(4.856127615084469-4.821666316766856j)
(4.915644430855978-4.786379857868825j)
(4.968919431745404-4.7873960389234j)
(5.00418717574861-4.822932787426463j)
(5.009310320595268-4.886771702019621j)
(4.973978264804035-4.9674276114221305j)
(4.89266760039269-5.048732612699295j)
(4.767245924897258-5.1124319030553735j)
(4.607684026914649-5.142344812414901j)
(4.430011667826299-5.128419504357216j)
(4.25223159789538-5.068759328549968j)
(4.090108220126722-4.9688707067285485j)
(3.9545333850913713-4.838979546182629j)
(3.8509429583491244-4.690969257876979j)
(3.7801846909328556-4.5360839337867205j)
(3.7399303499325254-4.383730995040335j)
(3.7259791627273326-4.241158180054706j)
(3.7331813302216585-4.1136115156234645j)
(3.755977472984167-4.00465038367949j)
(3.7886648677715664-3.9164351555952877j)
(3.8255092244991946-3.84991731885525j)
(3.8607870820807513-3.8049144530038856j)
(3.8888305720447147-3.7800613633061375j)
(3.9041636103967905-3.7726508821405074j)
(3.901820014301251-3.7784365848248234j)
(3.877887282967588-3.7915318259805932j)
(3.8302339247234265-3.80457062666277j)
(3.759268794371746-3.8092775105381182j)
(3.668472135308161-3.7974994152468007j)
(3.564393271743465-3.762570065644732j)
(3.455911281297908-3.7006611695670117j)
(3.352819317388388-3.6116596679989006j)
(3.26410388491663-3.4992197367314355j)
(3.196449293707864-3.369954787064893j)
(3.15338892414189-3.2320756858119344j)
(3.135225536121845-3.0939418092226374j)
(3.1395499075490996-2.9629114067203255j)
(3.1620496624697627-2.844660300136668j)
(3.1973324272014247-2.7429323972678192j)
(3.2396104221139246-2.6595801602184044j)
(3.2832139729318763-2.5947544480008875j)
(3.322958873921658-2.547160046510856j)
(3.3543898629812485-2.514333222267999j)
(3.3739224603975395-2.4928966397052146j)
(3.3789372953571255-2.478759813540098j)
(3.3678889540568266-2.4672866676019547j)
(3.3404476466314903-2.4534886805762066j)
(3.297645100653061-2.4322912676312662j)
(3.241976198855681-2.398893226334855j)
(3.177400988912242-2.3492154993834538j)
(3.109187431507603-2.280409015926996j)
(3.043542244201855-2.191355008993173j)
(2.9870086924711283-2.0830525813720357j)
(2.9456705563760766-1.9587670350787185j)
(2.9242783263342864-1.82383116512122j)
(2.9254766065718805-1.6850615959407875j)
(2.949324185161839-1.549858861366654j)
(2.993240882639676-1.4251621032917285j)
(3.052404378755652-1.3164798605287755j)
(3.1205018251323846-1.2271948161870874j)
(3.1906617472402363-1.158258783999032j)
(3.256369301681118-1.108293287255901j)
(3.312192886634358-1.0740179772734333j)
(3.3542185832487608-1.0508558293358037j)
(3.3801966928751717-1.0335443343257757j)
(3.38949394215066-1.016644668924036j)
(3.382952251339115-0.9949322938926204j)
(3.3627097245864292-0.9636955707800472j)
(3.332006977091809-0.9189677010604431j)
(3.2949911810781014-0.857712816536829j)
(3.2565203675597703-0.7779891059495171j)
(3.221954995077125-0.6791099636376045j)
(3.1969081297507915-0.5618123782015528j)
(3.1869157545487243-0.4284201260140005j)
(3.1969902044177214-0.28295915071270344j)
(3.231040279870533-0.13114751649694628j)
(3.291190300392664+0.01984582002040227j)
(3.377108405840371+0.16197640308841682j)
(3.4855397663598615+0.28727386144064593j)
(3.610281960414548+0.3890728845273695j)
(3.7427789254215544+0.46326763892503814j)
(3.873325608344961+0.5092219729978538j)
(3.9926285471777856+0.5300105188426368j)
(4.093296839320998+0.5318845207466508j)
(4.17086448735415+0.5231421077059463j)
(4.2241512415348135+0.5127647291583594j)
(4.255013879533385+0.5091802081986356j)
(4.26770002461062+0.5193813338357641j)
(4.268058225914972+0.5484621227537387j)
(4.26280670345948+0.599501912293536j)
(4.2589680959742395+0.6736629317944631j)
(4.263486451129649+0.7703656729211206j)
(4.282981052866232+0.887441854937699j)
(4.323560762299185+1.0212115246371907j)
(4.390612466248578+1.1664765326784357j)
(4.488479950650108+1.3164671458996902j)
(4.619965729266113+1.4628268661289223j)
(4.785629322457996+1.5957739624576666j)
(4.982939767115487+1.704623726927047j)
(5.20547982336184+1.7788544163376858j)
(5.44256959315436+1.8097888742450694j)
(5.679780571292754+1.7926930827294292j)
(5.900687215062538+1.728713097390675j)
(6.089749178784132+1.6258047860288714j)
(6.23557566408067+1.4979591640855918j)
(6.333412139059472+1.3626859121076746j)
(6.38590251847395+1.2375539518704521j)
(6.401966413372799+1.1370195709728812j)
(6.394456836649078+1.070497349410114j)
(6.377594227311677+1.0419145990311098j)
(6.364936665378215+1.0503674596283354j)
(6.368167570578584+1.091268538394277j)
(6.396595749187851+1.1574854029767836j)
(6.457091001343111+1.240206443184211j)
(6.554173622232322+1.3294788221501292j)
(6.690045725588303+1.4144929164444695j)
(6.864435249727155+1.483755538265174j)
(7.074202956690949+1.5253324493783984j)
(7.312752025912052+1.5273668286210391j)
(7.569402815719779+1.479083397934837j)
(7.829061301211585+1.3724217874222018j)
(8.072675353651729+1.2042367311438893j)
(8.27900444459046+0.9786173289891026j)
(8.427927939296305+0.7084180645814637j)
(8.504799220706357+0.41488722059891114j)
(8.50448951219304+0.12471552250496762j)
(8.433389069794677-0.1350430909084104j)
(8.308281272858464-0.3425036438826236j)
(8.152466544894281-0.4848861384192572j)
(7.9907770024930125-0.5596631987240472j)
(7.84530892089341-0.5731456321695911j)
(7.73290126385926-0.5376862376142385j)
(7.664379396020593-0.4687582958281177j)
(7.644981151405039-0.3826740162699113j)
(7.675284226669036-0.2951475961549025j)
(7.7521418050621556-0.22055124120003522j)
(7.869379865760081-0.1715809253754161j)
(8.018203346550626-0.1590537879575178j)
(8.187384098110181-0.19161845920040582j)
(8.363385549872794-0.27523427825620683j)
(8.53063965927658-0.4123641804390295j)
(8.672230885737598-0.600947288647983j)
(8.771227233057049-0.8333858127656483j)
(8.812767453830721-1.0959754623440547j)
(8.786712086591878-1.3693292013502025j)
(8.690254360741076-1.6302198933521566j)
(8.52960388639541-1.8548235960167856j)
(8.319927627529305-2.022747254802577j)
(8.08321483446412-2.1207327201027533j)
(7.844528668687836-2.1448531854353248j)
(7.62779336319937-2.100566952085301j)
(7.45235591547887-2.0008679973233034j)
(7.3310548627890535-1.8634048373759928j)
(7.269835221879461-1.707540397462237j)
(7.268464975364229-1.5520116512524653j)
(7.3217714832767-1.4134145001782386j)
(7.420933665479345-1.3054142188456073j)
(7.554575955013844-1.2384343652670498j)
(7.709598777798841-1.2195685696307426j)
(7.871805907244778-1.2525235288827823j)
(8.026454710178228-1.3374897470016656j)
(8.158876653188095-1.4709276914562301j)
(8.255301632540814-1.645345982520735j)
(8.303968385865799-1.8492322686684475j)
(8.296502953296915-2.06736459690499j)
(8.229385240414864-2.2817437969287586j)
(8.105135975439028-2.473265644321766j)
(7.932803839006928-2.6239843645768333j)
(7.727471317249064-2.7196174592413205j)
(7.508633483586013-2.751816371125846j)
(7.297595204551911-2.719572259102524j)
(7.114479359034589-2.6293010672440786j)
(6.975588613974781-2.493628630542733j)
(6.891666562095648-2.329293862335163j)
(6.867255833065646-2.154756817751526j)
(6.901016349706765-1.98803548260738j)
(6.98666858019385-1.8450808763231525j)
(7.114197955425861-1.73876028521322j)
(7.271047689237611-1.6783475018353193j)
(7.443161415025529-1.669346503011879j)
(7.615856605247944-1.713483263985808j)
(7.774588448201632-1.808755807170319j)
(7.905697704372561-1.9495066366264377j)
(7.997229371890062-2.1265562292147133j)
(8.039865844277164-2.3274991585866127j)
(8.027940076719027-2.5373029831628537j)
(7.9603827834680905-2.739339791721374j)
(7.841348468711325-2.91687311737859j)
(7.680282682728396-3.05483827780826j)
(7.491320506996429-3.1416955798219846j)
(7.291898912040988-3.1710924219054126j)
(7.100649641408931-3.1428527794939116j)
(6.93504573461632-3.06295725920612j)
(6.809333074992133-2.942571811823951j)
(6.733109668253954-2.796414099129637j)
(6.71071180963733-2.640848372566384j)
(6.741350935923722-2.4920883075127684j)
(6.819787565489201-2.36476593802252j)
(6.937277764850254-2.2709601486211093j)
(7.082569989081275-2.2196407885584777j)
(7.242820848968471-2.216409698083291j)
(7.404393687354009-2.2634081675192848j)
(7.55357686221283-2.3592940447505772j)
(7.677298169667419-2.4992508420875694j)
(7.763914591280164-2.6750595897317275j)
(7.804120750403356-2.875327358720634j)
(7.791945199172029-3.0860053088622053j)
(7.725703094681881-3.2913168930299945j)
(7.608686980097677-3.475134357560122j)
(7.449351911149146-3.622715813054831j)
(7.260778625293178-3.7225836705646005j)
(7.059304260025863-3.7681625142372908j)
(6.862491033818572-3.7587166399719165j)
(6.686884572797307-3.699322285310962j)
(6.54605930518247-3.5999267089623648j)
(6.449311617866829-3.4737831657379803j)
(6.401143514385593-3.335662567370815j)
(6.40145483001728-3.2002154264244496j)
(6.446212588042656-3.080721278598965j)
(6.528328902248738-2.9882937949211392j)
(6.638531565968177-2.9314767472379772j)
(6.766105640915665-2.916097799197383j)
(6.899478424401428-2.9452384392507183j)
(7.0266923785923625-3.019209529553558j)
(7.135855240898441-3.1354749169227056j)
(7.21567377678407-3.2885299862966693j)
(7.256165059938336-3.4698122331947343j)
(7.249589177552177-3.6677879310070938j)
(7.191552434926539-3.8684022557908824j)
(7.082096912624297-4.056064967519415j)
(6.9264591804983136-4.215232350297015j)
(6.735125895277523-4.332431915186144j)
(6.522921332601061-4.398325519463683j)
(6.307146738632245-4.409256210766946j)
(6.105145444123497-4.367799782253656j)
(5.931903787395557-4.282148994064169j)
(5.798277286116583-4.164551929160068j)
(5.710169297653784-4.029302625452039j)
(5.668641070703205-3.8908220547925407j)
(5.670673113320564-3.762201964449952j)
(5.710211472049393-3.6543409713639177j)
(5.779192434897922-3.575602373643967j)
(5.868366567235884-3.5318197518108696j)
(5.967868600500753-3.526460558723333j)
(6.067570076182665-3.560793768309085j)
(6.157303924989752-3.6339629252915104j)
(6.227074999295838-3.742924133105504j)
(6.267377335474704-3.882267580661474j)
(6.269727464836098-4.044005444436824j)
(6.227482015963321-4.2174787121476625j)
(6.136919577377058-4.3895958445625975j)
(5.99842284978264-4.545628997061854j)
(5.8174246356864545-4.67070323976437j)
(5.604665256593851-4.751884677097805j)
(5.3753726902363494-4.780450601398728j)
(5.147290945514579-4.753671361319886j)
(4.9379532988117365-4.675455101876789j)
(4.761964452280769-4.555576629871364j)
(4.629070814298057-4.407755428025065j)
(4.543442745565191-4.247246934920485j)
(4.504100180567799-4.08865859930607j)
(4.506064339914078-3.944445682217474j)
(4.54173547618679-3.824191495324021j)
(4.602118348270122-3.7345174184766474j)
(4.677710472782197-3.6793621951690936j)
(4.759033325585636-3.660384116475945j)
(4.836886686898878-3.67731143786857j)
(4.902447419239793-3.728147673201607j)
(4.947338279839657-3.8092060055323236j)
(4.963781155067685-3.914998022220452j)
(4.944933365061252-4.038046341432397j)
(4.885480301065326-4.168741129821672j)
(4.782502424516733-4.2954179577369604j)
(4.636527031185794-4.404874814848089j)
(4.452514922915164-4.483517568178184j)
(4.240371197074462-4.519166547637269j)
(4.014522885789552-4.503260404945378j)
(3.7923011051626734-4.43286009178626j)
(3.5913153113448146-4.311705594267542j)
(3.4265108236193496-4.149805751302253j)
(3.3078261343402904-3.961605363866695j)
(3.23912500442754-3.7633524333636905j)
(3.218518785870707-3.5705250218724847j)
(3.2396777607440495-3.3959801779254257j)
(3.2935183006803888-3.249062945259044j)
(3.369747649871293-3.135539051771974j)
(3.4579880680741035-3.0580320131156102j)
(3.548431428795697-3.01663932709777j)
(3.632122491685989-3.0094934944996776j)
(3.7010279621429127-3.0331504899284285j)
(3.7480418175486028-3.082786197535323j)
(3.767039889164508-3.1522400572414178j)
(3.7530613157411703-3.2339726934121775j)
(3.702670145377219-3.3190270765773073j)
(3.614517910447688-3.397116480472107j)
(3.4900630440217375-3.4569950269651493j)
(3.334297831154443-3.4872645966793225j)
(3.156209463265917-3.4776937848477307j)
(2.968620054668889-3.4209422345834146j)
(2.7871058126500863-3.3143242189349604j)
(2.627958129854558-3.1610289611602242j)
(2.5055671309981853-2.970222165020268j)
(2.4299649287418985-2.7557856360974373j)
(2.4053024419404356-2.5339882478007683j)
(2.429676750327883-2.3208104417617608j)
(2.496185012490185-2.1297074060682375j)
(2.5946768498063886-1.9702994520288115j)
(2.7135861449708254-1.848049218377658j)
(2.8413983385078536-1.7646621335437935j)
(2.9675837185453355-1.7188335022937238j)
(3.083050059698767-1.7070263266959096j)
(3.180278484102876-1.7240997752688816j)
(3.2533182152272535-1.7637394575671301j)
(3.297768803332061-1.8187260519957096j)
(3.310819828987965-1.8811093993379504j)
(3.2913812917163026-1.9423577337247022j)
(3.240314538692151-1.9935597518662918j)
(3.160736098674287-2.025770227515315j)
(3.058308669783242-2.030583261714772j)
(2.941371077427688-2.000971754443926j)
(2.820718936840143-1.93234040778733j)
(2.7088653876046602-1.8236119571910263j)
(2.6187207113752415-1.6780425720054057j)
(2.561831624973819-1.5034163408436276j)
(2.5465494763544823-1.3113733395020248j)
(2.576627384524619-1.1158875957711982j)
(2.6506705963169193-0.9312284414064164j)
(2.7625831693445058-0.7699403105467769j)
(2.9028092052208123-0.6413399757034882j)
(3.0599471046334665-0.5507898747683463j)
(3.2223052865498008-0.4997195712154056j)
(3.3791105250391897-0.4861736096932751j)
(3.521267763527305-0.5056056213499948j)
(3.641721024571186-0.5516866849805472j)
(3.7355423921027904-0.6169955412695046j)
(3.7998810026497702-0.6935570858490766j)
(3.8338631990204983-0.7732574658558323j)
(3.838488468079249-0.8481819834626337j)
(3.816537005259828-0.9109199253080635j)
(3.7724836593513436-0.9548793075551287j)
(3.7123862565953196-0.9746474137311526j)
(3.6436918890032706-0.9664080953510599j)
(3.574896879441273-0.9283876934072887j)
(3.5150110274191952-0.8612591960656318j)
(3.4728154846372945-0.7684001020581149j)
(3.4559633916817885-0.6558867556744792j)
(3.470041306415598-0.5321310044163197j)
(3.5177639059435752-0.40713050249284394j)
(3.5984864105415966-0.2914004767622381j)
(3.7081716241033607-0.19475124198319055j)
(3.839848937570148-0.1251334256446316j)
(3.984483948967857-0.08776497818530424j)
(4.132083533688935-0.08468127393274343j)
(4.272825419119413-0.11474117002416509j)
(4.39802936139723-0.1740199313418371j)
(4.500857787570386-0.25645738225995207j)
(4.57671428809991-0.35461718966761313j)
(4.623370285081057-0.4604402987739685j)
(4.640880004281529-0.5659194515709004j)
(4.631346320418274-0.6636599106287883j)
(4.598591249913697-0.7473151948831297j)
(4.547775218832947-0.8119017274711479j)
(4.484997069510678-0.8540076525750909j)
(4.416891215239104-0.8719149498921096j)
(4.350225747166963-0.8656484592495385j)
(4.291500575315188-0.8369556322230277j)
(4.246546824616894-0.7892123303902477j)
(4.220134795563805-0.7272447691707368j)
(4.215606262019708-0.6570559840342517j)
(4.2345570394062415-0.5854476606857498j)
(4.276606364926208-0.5195363052670053j)
(4.339297899056743-0.46617796122511346j)
(4.418178570385018-0.43133794126891495j)
(4.507090776467374-0.41946813057394683j)
(4.598687031883285-0.4329770762476267j)
(4.685135337937286-0.4718871328707781j)
(4.758936791109383-0.533759043277038j)
(4.813738922113514-0.6139243614502686j)
(4.8450146579361535-0.7060073036654944j)
(4.850496472037734-0.8026569103024577j)
(4.830304478326797-0.8963676878028068j)
(4.786770663621933-0.9802555915101839j)
(4.7240196762538655-1.0486778727293822j)
(4.64740369222276-1.0976307497485926j)
(4.562897073403562-1.124912439520533j)
(4.4765381964123945-1.130084155443431j)
(4.39397217927142-1.1142870900243136j)
(4.320113179536935-1.0799776083761063j)
(4.258918290053425-1.030631920410127j)
(4.213250243343221-0.970453545993319j)
(4.184802148606145-0.904098336100751j)
(4.174061675227566-0.8364164214391445j)
(4.180301811923035-0.7722001494852183j)
(4.2015982983548525-0.715922996528933j)
(4.23488771543295-0.6714576251268789j)
(4.276091902252138-0.6417724663710033j)
(4.320339463769109-0.6286249975499929j)
(4.362308532312797-0.6322930908504655j)
(4.396692841391709-0.6514062843574243j)
(4.4187565131375734-0.6829459295730118j)
(4.424900732485926-0.7224664422401812j)
(4.413134620971555-0.764545786159947j)
(4.383341812089048-0.803411549925353j)
(4.337272672390703-0.833632450132479j)
(4.278260286801115-0.8507399474118267j)
(4.2107296025524645-0.8516645585268091j)
(4.13961407595411-0.8349278405212996j)
(4.0697977401063286-0.8005982131766353j)
(4.005668847874667-0.7500699710653564j)
(3.950823873946859-0.6857461470311992j)
(3.907917799949734-0.6106993898424828j)
(3.8786297070740288-0.5283622706166523j)
(3.863703326546531-0.4422719521925717j)
(3.863025859008684-0.35587226252995546j)
(3.875719047407529-0.27236220164196046j)
(3.9002293418704754-0.1945736911491291j)
(3.9344160684553326-0.12486147554321249j)
(3.97564625022403-0.06499294052367843j)
(4.02091122264018-0.01603406263373387j)
(4.0669824532027326+0.021761039784427626j)
(4.110620272170975+0.04903644143625296j)
(4.14883706767664+0.0673641506212509j)
(4.179195117996426+0.07918025651623284j)
(4.200094137544875+0.08760131995040062j)
(4.21098747339709+0.09612305751973033j)
(4.212470585247397+0.10823946059667398j)
(4.206212172168921+0.12704831191071428j)
(4.194736859258639+0.15491651476937174j)
(4.181104092333723+0.1932633277852288j)
(4.16854848673554+0.24248807697105293j)
(4.160146679635992+0.30203337126092633j)
(4.158557700793482+0.3705477642495064j)
(4.1658574321570345+0.44610038555543774j)
(4.183463351030499+0.5264039318467816j)
(4.212130153734229+0.6090157664879822j)
(4.25199149903567+0.6915026712080478j)
(4.302625672108635+0.771567841442403j)
(4.363129731144408+0.8471467065549587j)
(4.432194302193021+0.9164811218733969j)
(4.5081774606076985+0.9781808578499401j)
(4.589180484412586+1.03127904397865j)
(4.673131795589758+1.0752853992398292j)
(4.757889255754984+1.1102360073082513j)
(4.841371670810987+1.1367279150832925j)
(4.9217196778174515+1.1559150746832982j)
(4.997465523581089+1.169443636295058j)
(5.067679225318223+1.179323795922218j)
(5.13206560909605+1.1877542448416731j)
(5.190999242448478+1.1969208897429475j)
(5.245491382589581+1.208792157271916j)
(5.297090046778632+1.2249357772289355j)
(5.347725471624991+1.2463815751805878j)
(5.399523933793068+1.2735469863817535j)
(5.454617298272677+1.3062291152007568j)
(5.514972339150034+1.3436547181696852j)
(5.582255363399846+1.3845716416177256j)
(5.657737828045098+1.4273632719286982j)
(5.742240665896769+1.470170348207923j)
(5.836110538887333+1.5110097788131251j)
(5.939220292323353+1.5478856201385194j)
(6.050987544912484+1.578891512336847j)
(6.170408263041348+1.6023058990745664j)
(6.29610507183171+1.616681388902007j)
(6.4263922468635135+1.6209282948085086j)
(6.559360903586865+1.614390142266046j)
(6.6929887100255385+1.596904978164611j)
(6.825275738158222+1.5688401061557264j)
(6.954398420586565+1.5310841280567025j)
(7.078862062932848+1.484986678499434j)
(7.197630517097735+1.4322496197317218j)
(7.310218610317913+1.374781021643206j)
(7.416737666767865+1.3145242493577178j)
(7.517886354153654+1.2532773309042875j)
(7.614884723924407+1.19252223864791j)
(7.70935856593893+1.1332838844855813j)
(7.803188977817952+1.0760330645043477j)
(7.898345170793164+1.0206392861431408j)
(7.996717066014763+0.9663717931436024j)
(8.099959933559871+0.9119421960309219j)
(8.209358295559243+0.8555804530589218j)
(8.325712295979665+0.795136956424941j)
(8.44924777700444+0.7282059443726101j)
(8.579551663294271+0.6522679493190966j)
(8.715536504464655+0.5648501869543096j)
(8.855441148324802+0.4637027217580897j)
(8.996877064596683+0.34698449641489154j)
(9.13693015354498+0.2134472441228363j)
(9.272324472159715+0.06259819484069326j)
(9.399646372912343-0.10518351491387759j)
(9.515615377093589-0.2886039592000053j)
(9.617373690816134-0.4855075980892305j)
(9.702754123808369-0.6930355527527832j)
(9.770482541557751-0.9078776305824154j)
(9.820279454145918-1.126586358334271j)
(9.852843209291862-1.3459083341757831j)
(9.869718379312092-1.5630856912534727j)
(9.873072090467588-1.7760877097209238j)
(9.865414133244933-1.9837474171573708j)
(9.849300740430813-2.1857962286151236j)
(9.827056930111969-2.382805828164492j)
(9.80054162429813-2.5760564435980537j)
(9.770968057545382-2.767353368065226j)
(9.738783074993549-2.958810745682003j)
(9.703604612573564-3.1526163186722895j)
(9.664216847981523-3.350786128466028j)
(9.6186256811491-3.554916442120543j)
(9.564180914502293-3.7659427272303496j)
(9.497772828742978-3.9839222895488478j)
(9.416106859189096-4.207866547703381j)
(9.316048715301775-4.435657283566428j)
(9.195013737756646-4.664083401575639j)
(9.051352387595065-4.889025430539969j)
(8.884666304235479-5.105791521198829j)
(8.695986029270768-5.309574091798591j)
(8.487759199121493-5.4959605341779j)
(8.263635818887746-5.661408567256453j)
(8.028084357052242-5.803598409797065j)
(7.785911967793194-5.921601981166751j)
(7.5417794598541645-6.015854093617534j)
(7.2997919339584065-6.087955222191541j)
(7.063216314363858-6.140364869862842j)
(6.834340960228519-6.176052489077083j)
(6.614462757280925-6.198162667489103j)
(6.403970117481125-6.209731466564446j)
(6.202486244779921-6.213470149478968j)
(6.009041986591444-6.2116167064590995j)
(5.822256703582078-6.2058465908880684j)
(5.640514890377709-6.197231297371323j)
(5.462133365392295-6.186234971274709j)
(5.285517704266182-6.172743024231747j)
(5.109307149882052-6.156120859590345j)
(4.932505032312758-6.135303740380505j)
(4.75458779817494-6.108919355376304j)
(4.575581591073351-6.075442007759415j)
(4.3960928626748474-6.0333715749843355j)
(4.217280680689888-5.981422600010874j)
(4.04076447442686-5.918701447363003j)
(3.868471554788383-5.844845525438542j)
(3.7024414091578617-5.760100841698342j)
(3.544614458644661-5.665323418200791j)
(3.3966376204926374-5.5619043624669775j)
(3.259715534792337-5.4516333659931755j)
(3.134525695624128-5.33652630125245j)
(3.021201653021218-5.218646295095834j)
(2.9193754948843167-5.09994397013481j)
(2.828262420548181-4.982133848812589j)
(2.7467675724242704-4.8666137097566775j)
(2.6735974847276487-4.754424999845176j)
(2.60736349268393-4.6462468774453844j)
(2.54667011680825-4.542414295855297j)
(2.490186299705009-4.442950997458194j)
(2.436700708543688-4.34761031293859j)
(2.385164017279391-4.255919275398225j)
(2.3347213828364715-4.167224068520801j)
(2.284737585526465-4.080736800708006j)
(2.2348158839317804-3.995584785896546j)
(2.1848099021768603-3.9108637738319003j)
(2.1348262162865383-3.82569584699029j)
(2.0852141842194922-3.7392910520045395j)
(2.036539437823022-3.651009531929769j)
(1.9895386847238385-3.5604185137475968j)
(1.9450561153799564-3.467336759583232j)
(1.9039653621777906-3.3718588310415734j)
(1.8670846972848079-3.2743532835871614j)
(1.8350957835132609-3.175432629176783j)
(1.8084767684360767-3.0758977588224607j)
(1.7874584412312682-2.976664141039094j)
(1.7720080497674306-2.8786801228097088j)
(1.7618404227985887-2.7828482258522573j)
(1.7564516925370526-2.689958496974816j)
(1.755168235138427-2.600639558974335j)
(1.7572028011620873-2.5153291905024107j)
(1.761710866408475-2.434263070023849j)
(1.7678422704882046-2.3574783235050507j)
(1.7747854639506389-2.284827788310856j)
(1.7818036060908848-2.2160011748024604j)
(1.788263079363361-2.1505501820769855j)
(1.7936556570172442-2.0879157582166594j)
(1.7976156166022488-2.0274568248082154j)
(1.7999326103145468-1.9684806848717589j)
(1.8005602307839241-1.910275783145568j)
(1.7996192114946563-1.8521473251169491j)
(1.7973934230677189-1.7934554773842302j)
(1.7943165893312167-1.733654655722862j)
(1.7909481282430197-1.6723310931183668j)
(1.78793771259753-1.6092348496317352j)
(1.7859798540491747-1.5443020212548622j)
(1.7857616974027537-1.4776633565492603j)
(1.7879088237246619-1.409636843220937j)
(1.792934753841311-1.3407038849039785j)
(1.8011997160544582-1.2714710235082198j)
(1.812883061952652-1.2026212266794867j)
(1.8279717551645402-1.1348600652232168j)
(1.8462651086814663-1.0688623921662301j)
(1.867393937200643-1.0052244488062025j)
(1.890850915462738-0.9444249673891154j)
(1.9160283443974364-0.8867972403117947j)
(1.9422596361727824-0.832512671774656j)
(1.9688613942804893-0.7815752621228501j)
(1.9951737085362635-0.7338258608187316j)
(2.0205969954758-0.688954789821842j)
(2.0446242806077786-0.646521466216727j)
(2.0668681905254687-0.6059798402408351j)
(2.0870820524456124-0.5667087164160592j)
(2.1051743587058325-0.5280461829714925j)
(2.1212155502409247-0.48932722722486643j)
(2.135435899805934-0.44992306528381043j)
(2.148213548888358-0.4092799453150726j)
(2.1600525500484555-0.3669545774914383j)
(2.1715518677622594-0.3226432107886311j)
(2.1833673624137226-0.2762017799960562j)
(2.196169577884043-0.2276553543113204j)
(2.210600563028222-0.17719614243589554j)
(2.2272329620440225-0.12517037210579765j)
(2.246534246907653-0.07205531024443783j)
(2.2688383288160083-0.018428398368239823j)
(2.2943260115807877+0.03506912472730071j)
(2.3230149876943504+0.087771651313967j)
(2.3547594472333913+0.139029366061547j)
(2.389258928343104+0.18824708230108905j)
(2.426075770456289+0.23491995333117155j)
(2.464660363019576+0.27866443438129723j)
(2.504383210095919+0.319242945258634j)
(2.5445725619922186+0.35658070675028186j)
(2.5845559543820475+0.39077329792043936j)
(2.623703472228631+0.4220837259810239j)
(2.6614700233213267+0.450928304143556j)
(2.697433510253132+0.47785141336270787j)
(2.7313256682477474+0.5034902197576331j)
(2.7630525871490637+0.5285315181497882j)
(2.792702623230876+0.5536639312537386j)
(2.820540558979703+0.5795295166401614j)
(2.8469884019135523+0.6066791541395253j)
(2.8725948357032927+0.6355356816834161j)
(2.8979966158856065+0.6663676315353383j)
(2.9238758024878786+0.6992749004804619j)
(2.950916588639021+0.734186197841283j)
(2.979764811570994+0.7708669799072053j)
(3.0109923018805+0.8089359297971813j)
(3.04506728597409+0.8478878577310515j)
(3.0823312803189054+0.887121076365495j)
(3.1229824078734114+0.9259677095453381j)
(3.167064863118244+0.9637258679105349j)
(3.2144643261119215+0.9996930269868226j)
(3.264909398249242+1.0332001562090036j)
(3.3179794834952827+1.0636460973976498j)
(3.3731198255378954+1.0905313594682782j)
(3.4296644849257634+1.1134899269328435j)
(3.4868677713869096+1.1323169869670235j)
(3.543943957922119+1.1469898444261688j)
(3.60011400822733+1.157678943667007j)
(3.6546566827441387+1.1647460783114578j)
(3.7069600138486343+1.1687277043314732j)
(3.7565681095987964+1.170302793283779j)
(3.803217915058221+1.1702466913692782j)
(3.846861178381071+1.1693746139371022j)
(3.8876684666313803+1.1684802107669672j)
(3.9260144078963592+1.168275604842525j)
(3.9624459066338047+1.169339136264423j)
(3.9976372825066937+1.172075749742364j)
(4.032337618929636+1.1766929026507393j)
(4.067315868448888+1.1831925966861954j)
(4.103308575909436+1.1913781825990166j)
(4.140973798312301+1.2008732877951633j)
(4.180853326387498+1.211149658861509j)
(4.223343978923254+1.2215607950939933j)
(4.268677755885732+1.231378774213292j)
(4.316910087270618+1.2398324085633492j)
(4.367915288939826+1.246145608985252j)
(4.4213885520269685+1.2495754090668612j)
(4.476854224765843+1.2494494042998145j)
(4.533680650173408+1.2452023328865112j)
(4.591102247256469+1.2364111628556704j)
(4.648249714536767+1.2228274015688267j)
(4.704189051124336+1.2044045164734356j)
(4.7579694249494695+1.1813175269795815j)
(4.8086787356382645+1.1539712413928935j)
(4.855504107986068+1.1229935558741746j)
(4.897792759706147+1.089210967276623j)
(4.9351071259431+1.0536051187381088j)
(4.9672673016522975+1.017251705486849j)
(4.994374243758748+0.9812460305480016j)
(5.016808985970009+0.9466222635539477j)
(5.035206196643061+0.9142752646853475j)
(5.050404164660392+0.8848940853277115j)
(5.063376855966818+0.8589147424328721j)
(5.075156170601315+0.8364968967228902j)
(5.086753381629951+0.8175253859177924j)
(5.0990878837778215+0.8016340780222242j)
(5.112929228606698+0.788246972279601j)
(5.1288556635569655+0.7766302737795814j)
(5.147229731207281+0.7659492729630905j)
(5.168189440952743+0.7553249346676876j)
(5.191652339507091+0.7438866699633095j)
(5.217329467736963+0.7308193792137825j)
(5.244746519890696+0.7154041861840233j)
(5.273270263279782+0.6970531448527577j)
(5.302139172584895+0.6753385335837283j)
(5.330498054817715+0.6500171881765354j)
(5.357437001772789+0.6210497613258456j)
(5.382035161124813+0.5886139742541688j)
(5.403409465188701+0.5531100363874938j)
(5.420767562186887+0.5151556889367699j)
(5.433462822852239+0.4755680529551467j)
(5.441047649711125+0.4353299015570487j)
(5.443319762036127+0.3955393135597636j)
(5.440355157250325+0.35734389349234486j)
(5.4325215647092895+0.32186356749344014j)
(5.420467747599855+0.2901087912719227j)
(5.4050869497321585+0.2629030506304507j)
(5.387456637100406+0.24081906529738625j)
(5.368760566996839+0.22413673800532918j)
(5.350202119742542+0.21282779271797544j)
(5.332918973555079+0.20656794095880765j)
(5.317908342156882+0.20477333986707652j)
(5.305969482887922+0.20665503909836297j)
(5.297666813345857+0.21128364806391506j)
(5.293313660129032+0.21765665012076843j)
(5.292974126561557+0.22476224846478696j)
(5.296479159701354+0.23163571606359706j)
(5.30345259429999+0.23740631776422813j)
(5.31334346867419+0.24133454140963229j)
(5.32546186912268+0.24284042207423814j)
(5.339016630560861+0.24152417030056741j)
(5.353154163412356+0.2371802293668102j)
(5.366998341014956+0.22980543240689194j)
(5.379691677002365+0.21960126151814202j)
(5.3904379017207+0.20696949373077692j)
(5.39854551656565+0.19249993327689255j)
(5.403471039528704+0.1769486574175869j)
(5.404859606097427+0.1612053983715049j)
(5.402579581260358+0.14624943718405878j)
(5.39674714373519+0.1330946849100763j)
(5.387736697080878+0.12272632660792493j)
(5.376173649139553+0.11603321693608043j)
(5.362907636785252+0.11374174802979459j)
(5.348966503003716+0.11635774432774142j)
(5.335493888610663+0.1241227576730733j)
(5.323675667591332+0.13698983784724128j)
(5.314662110633926+0.15462161560060017j)
(5.309493231722854+0.17641078479696723j)
(5.3090341485459085+0.2015203693349659j)
(5.313925654565263+0.22893904171404866j)
(5.324552972351692+0.2575455782517903j)
(5.341033342337394+0.28617638466927386j)
(5.363221150996489+0.3136907396729741j)
(5.390727991639703+0.3390296391796266j)
(5.422954417110482+0.36126549431248023j)
(5.459130030083492+0.37964116512888135j)
(5.498358754937282+0.39359780777605313j)
(5.5396665294431156+0.4027917993183209j)
(5.582049221832879+0.4071015694457644j)
(5.624519252038198+0.40662542120569717j)
(5.666149992073452+0.40167132143311524j)
(5.706117347755312+0.3927392997261295j)
(5.743737919796614+0.3804967236797765j)
(5.778502880321024+0.3657464925743338j)
(5.810106303076199+0.3493881963404589j)
(5.838466262763701+0.3323725475175142j)
(5.863736672331809+0.31564991637661854j)
(5.8863076705502335+0.3001145678032904j)
(5.906792534123685+0.2865471510957941j)
(5.9259996864924265+0.2755589986831874j)
(5.944889471472475+0.26754264149437673j)
(5.964516912821288+0.2626333946835843j)
(5.9859635133458164+0.26068666550539893j)
(6.0102629487603805+0.26127463315696825j)
(6.038326891244345+0.26370416343405784j)
(6.070877784074636+0.26705547324690937j)
(6.108394950263691+0.2702385616296354j)
(6.151078959433189+0.27206227469880967j)
(6.198836964829412+0.27130951518587254j)
(6.251289215209988+0.26681178557867374j)
(6.307794644153566+0.2575169357456948j)
(6.367491715764974+0.2425454081309892j)
(6.429349724809745+0.22123208758318297j)
(6.492225524300603+0.19315276837993262j)
(6.554921154948664+0.15813599028704908j)
(6.616238979620967+0.11626226571027928j)
(6.675032374944173+0.06785323748049846j)
(6.73025132077358+0.013453040954303169j)
(6.780982984958165-0.04619660485580135j)
(6.82648756260539-0.11018687965503292j)
(6.866229344327571-0.17747785904666344j)
(6.899902425429892-0.24694030612772397j)
(6.927449758903037-0.3174035128256727j)
(6.949073544053854-0.38770900094095845j)
(6.965234426718072-0.4567690086916065j)
(6.9766368961675305-0.5236274450967332j)
(6.984198799637855-0.5875195982329084j)
(6.9890041547194475-0.6479256554561508j)
(6.992240346457017-0.7046124115432417j)
(6.9951230679089-0.7576577375053396j)
(6.9988145429983755-0.8074536276544967j)
(7.0043421317773955-0.8546858450880997j)
(7.0125249219293515-0.9002909750069329j)
(7.023915160940247-0.9453944996301976j)
(7.038759513069408-0.9912357220653967j)
(7.056982563235927-1.0390865405937486j)
(7.078192322082731-1.090171055683177j)
(7.101705262197841-1.1455919470282045j)
(7.126586984012233-1.2062678819115047j)
(7.151704055947679-1.272884366728417j)
(7.175782770837084-1.345858802755994j)
(7.1974712870791-1.4253192887737038j)
(7.215402630561775-1.5110960590106817j)
(7.2282570346835255-1.6027244085190373j)
(7.234822763087355-1.699458449247299j)
(7.234054642335504-1.8002957674076716j)
(7.225129006999075-1.904013615620115j)
(7.2074928422946165-2.009217351547608j)
(7.18090392114312-2.114401293162993j)
(7.14545798632616-2.2180210235087436j)
(7.1015987972567-2.318574579182016j)
(7.05010736649733-2.414688138043442j)
(6.992068072346255-2.505200135963765j)
(6.928811491225166-2.5892366104714153j)
(6.861836466296226-2.6662703749404533j)
(6.792716644005783-2.736157589394623j)
(6.722998912344439-2.799147368943647j)
(6.654102381225817-2.8558629304927763j)
(6.58722649540983-2.907255886678365j)
(6.5232756048397995-2.9545380587161993j)
(6.462805160454158-2.999097114231337j)
(6.405992153824096-3.042403197159146j)
(6.352629994237411-3.085913537970963j)
(6.3021461134471854-3.1309810765195207j)
(6.253639398011481-3.1787717795111394j)
(6.205934049882951-3.2301939692338086j)
(6.157646483920598-3.2858418777132194j)
(6.1072621259262485-3.3459549292465063j)
(6.053219224643813-3.410393916867335j)
(5.993996849912343-3.478635152854656j)
(5.928204016707899-3.5497836632085034j)
(5.85466633446373-3.6226063611519215j)
(5.772505806170529-3.6955856671114407j)
(5.681208580804656-3.7669930587895597j)
(5.58067490553945-3.834980451700908j)
(5.471245600194231-3.8976852334690886j)
(5.353700386179894-3.9533425306162706j)
(5.229225447186464-4.00039635928746j)
(5.099350512174879-4.037600212821187j)
(4.965859113015632-4.064097760645173j)
(4.830678894387451-4.0794758275906275j)
(4.695761330026575-4.083784544169251j)
(4.562961443132047-4.077523078381298j)
(4.4339279129753-4.06159306673241j)
(4.310012362730399-4.037225117016128j)
(4.192204033032538-4.005886052227678j)
(4.0810929853005975-3.9691756442464277j)
(3.976861999064028-3.9287214659797667j)
(3.879304864830483-3.886079418235277j)
(3.78786707362888-3.842645836939031j)
(3.7017040089272575-3.7995852474276486j)
(3.619751537520176-3.757776122527316j)
(3.540804161855647-3.7177756161771467j)
(3.4635964034852025-3.679803252240563j)
(3.3868836352862584-3.6437429104284815j)
(3.3095190343545107-3.6091620607384107j)
(3.2305236312813435-3.5753469190983935j)
(3.1491466007781934-3.5413519019306645j)
(3.0649130456943086-3.5060613517752133j)
(2.977656679174342-3.4682609457656857j)
(2.8875351286972815-3.4267154978738366j)
(2.795026181701329-3.3802490998763073j)
(2.7009042402924606-3.327822848992366j)
(2.6061975612809642-3.268604961573496j)
(2.51212844280622-3.2020280652656528j)
(2.42004019052367-3.127829051434551j)
(2.3313161824273436-3.0460681114337946j)
(2.247297356161686-2.957125388326838j)
(2.169204728121363-2.861675818072602j)
(2.098073013110881-2.760644878286926j)
(2.034700109500964-2.6551497556025905j)
(1.979615367612426-2.5464316000353713j)
(1.9330674886974808-2.4357849083708043j)
(1.895030947480669-2.3244896822987253j)
(1.8652282719141264-2.213750997279738j)
(1.8431645155773755-2.104649239863763j)
(1.8281698577837815-1.998102790179647j)
(1.8194463906076315-1.8948435696834534j)
(1.816115658506329-1.795404794248157j)
(1.8172642399517922-1.7001195381725192j)
(1.8219854498827683-1.609128324277175j)
(1.8294159783327442-1.5223938601418008j)
(1.8387668841845999-1.4397211660611968j)
(1.8493487900687902-1.3607816011377738j)
(1.8605913647608214-1.285139604289414j)
(1.8720572533201456-1.2122812495288564j)
(1.8834505685781384-1.1416439101782145j)
(1.8946199535134147-1.0726464011033772j)
(1.90555613128649-1.0047189181676752j)
(1.9163838403224327-0.937331946121452j)
(1.9273481501312633-0.8700231109113098j)
(1.938795387186297-0.8024207767223487j)
(1.951149254513292-0.7342631027679621j)
(1.964883156029381-0.6654113401861365j)
(1.9804901623556843-0.5958563999690202j)
(1.9984523903026323-0.5257181552585973j)
(2.0192117306160666-0.45523750876274216j)
(2.043143792598126-0.3847618729514993j)
(2.0705366312569145-0.3147252693096386j)
(2.101575329787621-0.24562465032006153j)
(2.1363329222581666-0.17799421705118623j)
(2.1747675736805925-0.11237943807047297j)
(2.2167254852006453-0.04931222398921917j)
(2.261948711050241+0.010711634829165111j)
(2.3100869559541173+0.06725201261014697j)
(2.3607124230228016+0.11994051783725704j)
(2.4133368476237536+0.16849285227568653j)
(2.467429937233014+0.21271737350775968j)
(2.5224385142487686+0.25251987535651127j)
(2.5778057182808705+0.2879046733206712j)
(2.6329896676982454+0.3189721453731157j)
(2.68748101448301+0.3459129437826417j)
(2.740818861487838+0.36899916614157063j)
(2.792604556663547+0.3885728527044742j)
(2.842512941896504+0.40503225676747323j)
(2.890300717704881+0.41881640639921425j)
(2.935811687037795+0.43038853010519024j)
(2.978978755050019+0.4402189487995994j)
(3.0198226773676375+0.4487680387960377j)
(3.058447657129143+0.4564698475513271j)
(3.0950339835776717+0.4637169023406615j)
(3.129827979472249+0.47084670132836526j)
(3.1631295840077494+0.478130325829994j)
(3.1952779501937716+0.4857635677235156j)
(3.226635491239525+0.4938609266994102j)
(3.2575708787956654+0.5024527908605794j)
(3.288441580906552+0.5114860573535734j)
(3.319576624278049+0.5208283605549356j)
(3.35126035847541+0.5302759395105011j)
(3.3837180643305618+0.5395649878709021j)
(3.417104256296802+0.5483860959963907j)
(3.4514944531873666+0.5564011393739344j)
(3.486881019960321+0.56326172658525j)
(3.5231734199075193+0.5686281368926754j)
(3.5602028878852505+0.5721875913956278j)
(3.59773118492912+0.573670737342788j)
(3.635462775241673+0.5728653846919876j)
(3.6730595269616773+0.5696267948548478j)
(3.710156911628493+0.56388414129261j)
(3.7463806739651035+0.5556430881362786j)
(3.7813630493188772+0.5449847170753083j)
(3.814757787632518+0.5320612389582925j)
(3.846253457664466+0.5170890394486145j)
(3.875584712125217+0.5003396325513817j)
(3.9025413619241154+0.4821290524711904j)
(3.9269752184109934+0.46280613222468125j)
(3.9488047134706536+0.4427400272899804j)
(3.9680173080484535+0.4223072708307014j)
(3.9846696686416547+0.4018786125515428j)
(3.9988855524359934+0.3818059050685042j)
(4.010851320664788+0.3624093577251148j)
(4.0208090191769115+0.34396556457907923j)
(4.029047040227884+0.3266968074055256j)
(4.035888513203492+0.31076220643919755j)
(4.041677752781306+0.29625131146764j)
(4.0467652953128095+0.2831806711140238j)
(4.051492242599557+0.2714937796894299j)
(4.05617476913594+0.2610645874613961j)
(4.061089703464189+0.2517044974998526j)
(4.066462050465014+0.24317249864804422j)
(4.0724551823527335+0.2351878414971508j)
(4.079164213645241+0.22744448818254331j)
(4.086612824260413+0.21962647870708837j)
(4.094753544209366+0.21142335936970508j)
(4.103471297183433+0.20254489857775956j)
(4.112589840837952+0.1927344458593748j)
(4.121880646055678+0.1817804409286179j)
(4.131073719353584+0.1695257236763182j)
(4.139869875072995+0.15587441339801447j)
(4.147953984661437+0.1407962077264021j)
(4.155008746183154+0.12432800218799232j)
(4.160728510538421+0.10657276590756654j)
(4.164832666654077+0.08769565242575744j)
(4.167078038721399+0.0679174012526973j)
(4.167269711889432+0.04750520720846515j)
(4.165269708889335+0.02676139183901952j)
(4.161003007544779+0.0060103785767319185j)
(4.1544605189972765-0.014415379359358908j)
(4.145698826011685-0.034189766409632075j)
(4.134836690559948-0.05300687254704227j)
(4.122048557750566-0.07059359143749336j)
(4.107555484889631-0.0867202715946568j)
(4.091614086007791-0.10120889512471097j)
(4.074504184325914-0.11393845072440809j)
(4.056515898355546-0.12484737405671559j)
(4.037936854369472-0.13393312248151562j)
(4.019040132640646-0.14124911026664141j)
(4.0000734378919764-0.14689934200693824j)
(3.981249858170894-0.15103114390690336j)
(3.96274045983501-0.15382641213911j)
(3.944668871734325-0.15549178822475498j)
(3.9271079430839237-0.15624814910637405j)
(3.910078513335395-0.1563197785668354j)
(3.893550299167392-0.1559235765863246j)
(3.87744487110355-0.155258667317644j)
(3.8616406481528656-0.15449678061519245j)
(3.845979775125378-0.15377379612022965j)
(3.8302766629740144-0.15318283884560976j)
(3.8143278752854792-0.1527692884614845j)
(3.7979229473115046-0.15252800548144094j)
(3.780855639670222-0.15240298930895974j)
(3.76293506178558-0.15228957071746532j)
(3.743996053041044-0.15203910244870994j)
(3.7239081978093767-0.1514659398078308j)
(3.7025829038530547-0.1503563088894019j)
(3.679978111601441-0.14847848379325038j)
(3.6561004069639615-0.14559358551059923j)
(3.6310045352255087-0.14146629741563455j)
(3.6047905139894802-0.1358748530325382j)
(3.57759869831248-0.12861976324593605j)
(3.5496032579123424-0.11953088979473198j)
(3.5210045857122116-0.1084726253598887j)
(3.4920211696226593-0.09534709567606266j)
(3.4628814280188234-0.08009544273084306j)
(3.433815941086693-0.06269736776149887j)
(3.4050504165244155-0.043169199510943855j)
(3.376799622250261-0.02156080335148637j)
(3.3492624133711426+0.002048338259265178j)
(3.322617885910223+0.02755355885772028j)
(3.297022612730996+0.05482967761193872j)
(3.272608861569522+0.08373568127251678j)
(3.2494836620648435+0.11411925341301966j)
(3.2277285767665282+0.14582104442654883j)
(3.2074000370760767+0.1786786276195871j)
(3.188530124417542+0.2125301278085021j)
(3.1711277044211967+0.24721753688811068j)
(3.1551798525741046+0.2825897458690336j)
(3.1406535401746725+0.3185053264782081j)
(3.1274975783765777+0.3548350889465879j)
(3.1156448452137564+0.3914644243471664j)
(3.1050148406216573+0.428295404641693j)
(3.0955166125476756+0.4652485605623764j)
(3.087052055036295+0.5022642035029798j)
(3.0795194982744634+0.5393031380292219j)
(3.072817427425167+0.5763466516978348j)
(3.066848127941377+0.6133957513876414j)
(3.0615210703621742+0.6504696926049915j)
(3.0567558859684825+0.6876038911993321j)
(3.052484814821285+0.7248473270334946j)
(3.0486545289955513+0.7622595703781672j)
(3.0452272635887594+0.7999075892709984j)
(3.0421812353245876+0.8378625163319159j)
(3.0395103860819583+0.8761965524769536j)
(3.037223541817258+0.9149801591928903j)
(3.0353431141371994+0.9542796470106342j)
(3.0339034870398147+0.9941552162877708j)
(3.032949226094263+1.0346594575942096j)
(3.0325332265257208+1.0758362801863617j)
(3.0327148869100857+1.1177202119845926j)
(3.033558363002081+1.1603360036457135j)
(3.0351309269719087+1.2036984708242446j)
(3.037501434597045+1.247812519137806j)
(3.040738888433363+1.2926733117325617j)
(3.0449110786257663+1.338266555935595j)
(3.0500832834569254+1.384568900349872j)
(3.0563170168709957+1.4315484451440093j)
(3.063668817922738+1.4791653757194223j)
(3.072189085942619+1.5273727338103136j)
(3.081920974742702+1.5761173407682527j)
(3.092899369308987+1.6253408845597554j)
(3.1051499773826947+1.6749811729292998j)
(3.1186885709932+1.7249735397909718j)
(3.1335204030347685+1.7752523758311811j)
(3.149639801674372+1.8257527500315702j)
(3.167029924344695+1.8764121064564034j)
(3.185662653581118+1.9271720540625155j)
(3.205498647001547+1.9779802934731607j)
(3.2264875987171275+2.0287927225552296j)
(3.2485688050002435+2.079575731293281j)
(3.2716721395674933+2.13030865170107j)
(3.2957195358908+2.1809862857157323j)
(3.3206270536610365+2.2316213983354154j)
(3.346307577709352+2.282247033497569j)
(3.3726741592698994+2.332918486478248j)
(3.3996439603502377+2.3837147532732472j)
(3.4271427049942167+2.4347392809635857j)
(3.455109483777897+2.486119868329224j)
(3.4835017101199153+2.5380076134303815j)
(3.512299998873459+2.5905748695611086j)
(3.541512736059148+2.6440122431790263j)
(3.571180135091222+2.6985247347322394j)
(3.601377624949636+2.7543271735846657j)
(3.632218479622873+2.811639122559182j)
(3.6638556627772942+2.870679422480605j)
(3.6964829137327175+2.9316605152954174j)
(3.730335129819273+2.994782634236023j)
(3.7656881001342986+3.0602278931072946j)
(3.802857616224823+3.1281542573029206j)
(3.8421979310112078+3.198689348655956j)
(3.884099466884731+3.271924034028715j)
(3.9289855982225137+3.3479057797258993j)
(3.9773082648023257+3.4266318234782243j)
(4.029542124448466+3.5080423233360123j)
(4.08617694161173+3.592013785310206j)
(4.14770795163099+3.678353239948896j)
(4.214624055983236+3.766793813870645j)
(4.287393903877944+3.8569924964409266j)
(4.36645019984319+3.948530996798233j)
(4.4521729286613665+4.040920582467309j)
(4.544872573700687+4.133611652721724j)
(4.644774771483523+4.226008504213389j)
(4.752008129848679+4.31748928858952j)
(4.866597067753015+4.407430564268681j)
(4.988461444885367+4.495235163112362j)
(5.11742439444736+4.580361417014241j)
(5.253229149293564+4.662351232523605j)
(5.39556481060435+4.740854178653974j)
(5.544100053842014+4.815644752734573j)
(5.6985228412404165+4.886630346713804j)
(5.858583463465971+4.953848117136285j)
(6.024137786561925+5.0174498636670135j)
(6.195187494902805+5.077674994705977j)
(6.37191438153736+5.134812544340828j)
(6.5547062570941295+5.189153869884878j)
(6.744172691413478+5.240938028112214j)
(6.941149416246928+5.290291897014279j)
(7.146690667742508+5.33716694248553j)
(7.36204894098198+5.3812742416460875j)
(7.5886415279702435+5.422019112353327j)
(7.828002836719753+5.458436617364552j)
(8.081720922314483+5.489129461324677j)
(8.35135603989004+5.5122105117579965j)
(8.63833855814113+5.525253453762178j)
(8.943843530007417+5.5252569811707275j)
(9.268639969398157+5.508630388103138j)
(9.612914870785195+5.471211243483179j)
(9.976075699936544+5.408328539198j)
(10.356540846904082+5.314926476104424j)
(10.751535403917075+5.185763658128472j)
(11.156918980296144+5.015698343672614j)
(11.567081420224103+4.8000610060550795j)
(11.974948305141295+4.535099927672101j)
(12.372137024931353+4.218464732604866j)
(12.749292009051752+3.8496701533737223j)
(13.09660234099107+3.4304643975548874j)
(13.404468541279435+2.9650214764430385j)
(13.664245480712255+2.459891783830936j)
(13.868957405927205+1.9236817672959365j)
(14.013871539015772+1.3664851615391849j)
(14.096835695753462+0.7991407701809944j)
(14.118329814185964+0.23242842782829007j)
(14.081238206889433-0.32367643399738566j)
(13.990401157626795-0.8605899608617246j)
(13.852036654871492-1.3714905611950885j)
(13.67312971095435-1.8514622660361608j)
(13.460871375809814-2.2974395104508387j)
(13.22220163324171-2.7080058890957655j)
(12.963480201106092-3.0831064111255895j)
(12.690284382576923-3.4237268578754714j)
(12.40731695022028-3.7315808959834373j)
(12.118399522615263-4.008830918554382j)
(11.826525964809731-4.257855684109912j)
(11.533953392853029-4.481068295640615j)
(11.242313108621401-4.680782087977133j)
(10.952728656149004-4.859118956626776j)
(10.665932305664798-5.017953667854161j)
(10.38237431705582-5.158887872864372j)
(10.10232134779564-5.2832482246156545j)
(9.82594158200514-5.392103704850842j)
(9.553374871920823-5.4862977660026155j)
(9.284786697315756-5.56649111220362j)
(9.020405294855944-5.633210955861383j)
(8.76054202019537-5.6869025451141795j)
(8.505595897721673-5.727978842915405j)
(8.256044297562495-5.756864598686308j)
(8.012422597455195-5.774031758433868j)
(7.775296361486253-5.780024178202893j)
(7.545229860232463-5.775470815609251j)
(7.322754609512095-5.761087795981842j)
(7.108341054599772-5.737670799790567j)
(6.902375689710703-5.706079956840423j)
(6.70514493805334-5.667219794192225j)
(6.516826184846962-5.622016781640385j)
(6.3374855782036414-5.571396725254676j)
(6.167081660717549-5.516263783123635j)
(6.005473583455703-5.457482328192251j)
(5.852432556811427-5.395862351969971j)
(5.707655257752318-5.332148650604594j)
(5.570778081463781-5.2670136907504785j)
(5.441391343726575-5.201053820603889j)
(5.319052767469817-5.134788358346543j)
(5.203299796065074-5.068661034621833j)
(5.0936604532036664-5.003043264523215j)
(4.989662610533567-4.938238757464651j)
(4.890841631725188-4.874489024407467j)
(4.7967464406140765-4.811979400434591j)
(4.706944117735546-4.750845260235948j)
(4.621023169557234-4.691178161758304j)
(4.538595642256352-4.63303170837731j)
(4.459298269527744-4.576426972883178j)
(4.3827928526705-4.521357377904071j)
(4.308766071018476-4.467792977193814j)
(4.236928911056412-4.415684129662157j)
(4.1670158827765995-4.364964601312999j)
(4.098784162096238-4.315554166663014j)
(4.032012759777058-4.267360807449434j)
(3.9665017731767556-4.22028261923879j)
(3.9020717319829044-4.174209533561102j)
(3.8385630088984604-4.129024943969816j)
(3.7758352375745328-4.084607291312263j)
(3.7137666683845842-4.040831621900612j)
(3.6522534006804173-3.997571090109581j)
(3.5912084568276517-3.9546983430713785j)
(3.530560703283327-3.912086707300305j)
(3.470253668778499-3.8696110997479503j)
(3.4102443496917383-3.8271486089963016j)
(3.3505021195784126-3.7845787316765525j)
(3.291007868384079-3.741783297357178j)
(3.231753485963301-3.6986461637213077j)
(3.172741776593765-3.6550528056075415j)
(3.1139868509201887-3.610889951643291j)
(3.055514994443446-3.5660454387734783j)
(2.997365961735579-3.5204084582346957j)
(2.939594595894058-3.4738703578239676j)
(2.8822726246924946-3.426326146007705j)
(2.825490438824954-3.3776768139295936j)
(2.7693586139549717-3.327832550827832j)
(2.7140088982977457-3.2767168747187942j)
(2.659594354314243-3.224271630871177j)
(2.606288322202872-3.170462723445599j)
(2.55428187208611-3.1152863402659667j)
(2.5037794409868512-3.0587753096911996j)
(2.454992420715436-3.001005099245733j)
(2.4081305835110625-2.9420988411867492j)
(2.363391409685171-2.882230670066869j)
(2.3209476140802545-2.8216266066626137j)
(2.280933443175965-2.7605622491366386j)
(2.2434306055764517-2.6993566613010813j)
(2.2084549647478617-2.6383620951569915j)
(2.1759453130264443-2.577949548925254j)
(2.1457556063804453-2.5184906171133643j)
(2.1176519260265763-2.4603365840405083j)
(2.091315124912438-2.403796172845863j)
(2.0663496282070284-2.3491137042486048j)
(2.0422982407375136-2.2964495669376843j)
(2.018662158285554-2.245864805890422j)
(1.9949247893550286-2.1973112910434347j)
(1.9705775697970103-2.1506283805551214j)
(1.9451457659047813-2.105546326163195j)
(1.9182123377204077-2.0616959914608843j)
(1.8894382480783873-2.0186238738650397j)
(1.8585780868829307-1.975811018920344j)
(1.8254904429214815-1.9326942324195797j)
(1.7901430037996124-1.8886880290424795j)
(1.752612821899583-1.8432059669776144j)
(1.7130825026196148-1.7956803453491281j)
(1.6718332337991169-1.7455796180152736j)
(1.6292355923068904-1.6924232432220117j)
(1.5857389636849768-1.6357939986459893j)
(1.5418602307003115-1.5753480185377062j)
(1.498172164581946-1.5108229435369713j)
(1.4552917219705481-1.442044616453207j)
(1.413868237619986-1.368932719040112j)
(1.3745713272091622-1.2915056396940239j)
(1.3380781902832877-1.2098847056862345j)
(1.3050599405955154-1.1242977221251012j)
(1.2761665976605123-1.0350815502394877j)
(1.252010454612493-0.9426832484155236j)
(1.23314769590522-0.8476591120574071j)
(1.2200583715681117-0.7506708074168615j)
(1.2131251325156442-0.6524777274081404j)
(1.2126114725352573-0.5539247315403055j)
(1.2186405723281761-0.45592458889647586j)
(1.2311761539208996-0.35943472923613057j)
(1.2500069844118922-0.2654283095819126j)
(1.2747367818247075-0.1748600961909535j)
(1.3047812444806037-0.08862821843965316j)
(1.3393737113444233-0.007533437802686799j)
(1.3775805276098432+0.06776187653567847j)
(1.4183265421788416+0.13677246557498693j)
(1.4604303678255752+0.19922381565135922j)
(1.5026481923323232+0.25507803512832605j)
(1.5437241421913404+0.3045496720376268j)
(1.582444558525633+0.34810978669595555j)
(1.6176931193395376+0.3864773870780153j)
(1.6485035809571902+0.42059822632177263j)
(1.6741070310347324+0.45161185772985163j)
(1.6939709279309725+0.48080865056063105j)
(1.707827797767845+0.5095791115573903j)
(1.7156922002721902+0.53935827840936j)
(1.7178653754413256+0.5715681273002952j)
(1.714927763495792+0.6075608722303065j)
(1.707720279164616+0.6485657600123488j)
(1.697315764944059+0.6956415326255249j)
(1.6849824163355778+0.7496362001319403j)
(1.6721411590750803+0.8111552067142561j)
(1.6603189794431088+0.8805385366894777j)
(1.65110009492185+0.9578468401578103j)
(1.6460766427373899+1.042856286669453j)
(1.646800298974703+1.135061592576537j)
(1.6547359607284033+1.2336865137828945j)
(1.6712183653962638+1.337701037919374j)
(1.6974123142247373+1.4458445217736127j)
(1.7342770242570613+1.5566540636845j)
(1.7825350445458539+1.6684974405421895j)
(1.842646112959899+1.779609953795452j)
(1.9147862694873399+1.8881345175806055j)
(1.998832458520448+1.9921643005954974j)
(2.0943527372114974+2.0897872271659708j)
(2.2006020656917067+2.1791316810961816j)
(2.3165235100451302+2.258412865370461j)
(2.440754579550258+2.3259794700819167j)
(2.5716384004651744+2.3803605919980817j)
(2.7072395650532655+2.4203132081306813j)
(2.8453648544749712+2.444870873980351j)
(2.9835896742789605+2.4533945931792567j)
(3.119291986958155+2.44562683835473j)
(3.2496967424199705+2.4217492926412625j)
(3.3719351580453663+2.3824437884083625j)
(3.4831243963807146+2.3289539032824393j)
(3.580473737066042+2.263141569212266j)
(3.661422519644495+2.1875289117172407j)
(3.7238120591757378+2.1053108405531615j)
(3.7660875815382893+2.0203197887148088j)
(3.7875166850725197+1.9369223510604838j)
(3.7883987959330887+1.8598308935215342j)
(3.770228267912772+1.7938237790773952j)
(3.735766841928215+1.74338635750359j)
(3.6889846339798513+1.7123086955473519j)
(3.634846488218677+1.7032985279613244j)
(3.5789513843132013+1.7176797549025802j)
(3.527068960538301+1.7552399567851367j)
(3.484646557741209+1.8142630616008848j)
(3.4563705721442344+1.8917426313134407j)
(3.445852412079476+1.9837310465878568j)
(3.455477084324537+2.0857540846744866j)
(3.486413813828389+2.193216244315802j)
(3.5387563405330584+2.3017375572227934j)
(3.6117436668112464+2.4073886671767366j)
(3.7040108083556156+2.506817388534995j)
(3.813828923976849+2.5972795726968796j)
(3.939308682390691+2.6765973509177723j)
(4.0785546050770725+2.7430698179529958j)
(4.2297684712450385+2.795357855687138j)
(4.391305885675064+2.8323590394903424j)
(4.561692306365942+2.8530826167687118j)
(4.739604208458673+2.8565296558399447j)
(4.923818571261148+2.841580191410683j)
(5.113130170493512+2.806887758105603j)
(5.306231585002473+2.750782335407171j)
(5.501545571040951+2.6711859839071534j)
(5.69699385665298+2.5655525221066147j)
(5.889681573644818+2.4308555773036016j)
(6.075475556365893+2.2636713643947544j)
(6.248464843855676+2.0604370747878784j)
(6.400327748121277+1.8180136020470459j)
(6.519717492340192+1.5347319838474118j)
(6.591950856342903+1.212115675789695j)
(6.599553589513296+0.8573461576851384j)
(6.52448882872917+0.48611081950607127j)
(6.352830497730759+0.12461675298208813j)
(6.081640282065962-0.1914386011676178j)
(5.725578234591002-0.4231239160417187j)
(5.318647923439275-0.5393924974276783j)
(4.907534302951982-0.5282258247071199j)
(4.538439874314341-0.40092152126006037j)
(4.244607927109826-0.18671122630262596j)
(4.04092790827226+0.07828364620777695j)
(3.9262402819539157+0.3611081420086929j)
(3.8895067469448743+0.6372600926893106j)
(3.915849983147503+0.8914338512677549j)
(3.9905883506595754+1.1157765751510926j)
(4.10120646237651+1.307493139892796j)
(4.237928621178169+1.4667615792285573j)
(4.393569026487898+1.5952385438649j)
(4.563105990781038+1.6951028890566626j)
(4.743214617769438+1.7684878504187778j)
(4.931855985900657+1.8171584823708933j)
(5.12794916156151+1.8423265436491865j)
(5.331119962046141+1.8445291068955412j)
(5.541507595835758+1.8235212871013649j)
(5.7596050384636035+1.7781475151264579j)
(5.986104122592158+1.7061618438327695j)
(6.22170671134224+1.6039681655972495j)
(6.466843366722941+1.4662485118704702j)
(6.721202043559851+1.2854464419627085j)
(6.9828972272548775+1.0510844616037514j)
(7.246982470873915+0.7489498479429019j)
(7.502801986901148+0.3603596279233444j)
(7.729403988136309-0.1378035327000218j)
(7.888122271964545-0.7704290234033392j)
(7.912434863175462-1.5546671454699037j)
(7.700129443089222-2.476219765099622j)
(7.126058373343-3.44629480983893j)
(6.10910786437662-4.260565166525606j)
(4.734303875056502-4.639001467534098j)
(3.3027797129093375-4.406564816399216j)
(2.162908932318028-3.6558839126623215j)
(1.479973435655203-2.66389222147179j)
(1.2097803586571936-1.6807913490123865j)
(1.2216438687656377-0.8339274534162632j)
(1.3954712965116485-0.15392882350911813j)
(1.6496612523878156+0.3735795467281326j)
(1.9361625483328717+0.7768649145723978j)
(2.2296588842226766+1.083566200521297j)
(2.517894644680643+1.3161766385512803j)
(2.795723099088474+1.4918022429007722j)
(3.06175772782003+1.6230433063061744j)
(3.316543139698332+1.719010203576568j)
(3.561579889869193+1.7861762652808022j)
(3.798816882172268+1.829014112417331j)
(4.03039596160381+1.8504379069428611j)
(4.258530265563548+1.8520877091436017j)
(4.485450202822334+1.8344854838781874j)
(4.713377374523885+1.797080241926871j)
(4.944497484300747+1.738186741895554j)
(5.180902409833667+1.654808689641003j)
(5.424458477134206+1.542323034761234j)
(5.676526721304454+1.3939872533366346j)
(5.937397916622941+1.2002211292819107j)
(6.205184209878763+0.9476262756198696j)
(6.473686483893261+0.6177953662837987j)
(6.728381114668703+0.18628263808168236j)
(6.939180854543672-0.3769510759512099j)
(7.0485941184336065-1.1019145719484067j)
(6.956871146960634-1.9993048181314383j)
(6.518647670929662-3.0148369619461826j)
(5.594004529119755-3.9613350001010295j)
(4.197137727692663-4.5099645811000935j)
(2.6320288658132007-4.380563361516544j)
(1.3420738559288004-3.6151037895435953j)
(0.5698938163379772-2.5390682662745774j)
(0.27289708136604224-1.4682738972070302j)
(0.28749459630105606-0.5582134036825058j)
(0.4708385031102347+0.1714706445727489j)
(0.7361397080626819+0.7277508834107757j)
(1.0239044018796346+1.1542468781436424j)
(1.311775442620642+1.4839099034684105j)
(1.5891538652428525+1.7418714522014331j)
(1.8523495913387462+1.9467583662704906j)
(2.101162979778204+2.112065586651557j)
(2.33706566425915+2.2475078163445885j)
(2.5622896677312497+2.360076387798352j)
(2.7793956335741115+2.4547985589593337j)
(2.991091371353206+2.535260308893124j)
(3.2001834082942455+2.603953076638471j)
(3.409603069725378+2.662488820648869j)
(3.622479520543128+2.7117103222750845j)
(3.8422486455130125+2.7517072783491825j)
(4.0727952925749085+2.7817319305379646j)
(4.318629758580349+2.799987330542703j)
(4.5850963898304515+2.80323127898607j)
(4.87859623763778+2.7860904156470014j)
(5.206758181027412+2.739897153411015j)
(5.578365274931655+2.650726136091925j)
(6.002512024328505+2.4961017982884117j)
(6.485631014218433+2.239642256898642j)
(7.023013771442808+1.8231887144292958j)
(7.577265991242723+1.1589231925577703j)
(8.03134402979535+0.13685731934347015j)
(8.119235335520003-1.3014993642665602j)
(7.444773125355933-2.952524512253335j)
(5.848745088963539-4.1807156154798575j)
(3.8642234768098116-4.384830616097044j)
(2.2654727630520837-3.6931182399163354j)
(1.3217413569091185-2.6571904051297355j)
(0.8873530247132215-1.656074746306467j)
(0.7519177289018277-0.81624341534713j)
(0.7730335762584162-0.14002839163446637j)
(0.8732027417870355+0.3971862082982681j)
(1.0041355377636734+0.8279309813669038j)
(1.145432667856409+1.1819115625497385j)
(1.2876974221403727+1.4795160581975952j)
(1.4265114403945507+1.7355750392982596j)
(1.5601620377193255+1.9610546109894684j)
(1.6883784299212465+2.164190699661473j)
(1.8116596774131752+2.3513145211249573j)
(1.9309317072771774+2.5274466388275445j)
(2.047385224798323+2.696727300710434j)
(2.1624173338867103+2.862737625223788j)
(2.277639392778995+3.0287529462992118j)
(2.394936655119058+3.1979601003917284j)
(2.516580962383107+3.3736653365956895j)
(2.6454123646233794+3.559518847586271j)
(2.785124725194286+3.759786081699885j)
(2.94072216146227+3.979706422466972j)
(3.1192728992941063+4.225999392186174j)
(3.331208342047464+4.50761181918254j)
(3.5926780463193784+4.836850581397574j)
(3.930082387195692+5.2311031495115365j)
(4.389440346748299+5.7153014236124005j)
(5.057463893297215+6.324470649210189j)
(6.113894238886174+7.100256336707159j)
(7.975143529318615+8.04033698336088j)
(11.687483863066266+8.711650377260673j)
(18.889317616155985+5.6454543341677965j)
(19.303965504712988-8.131793061782489j)
(7.778749648858937-10.91864875416213j)
(3.1852397011331157-7.247967696311477j)
(1.8623051285588286-4.590241426015003j)
(1.4552781337120193-2.90493311863026j)
(1.3357480587070314-1.7763812728076775j)
(1.317380610491706-0.9699953390672383j)
(1.3366244102209999-0.36125886277536506j)
(1.3684602329831972+0.11861399849048339j)
(1.4014465778066623+0.5111336628931814j)
(1.4307064189359344+0.8430746267931252j)
(1.4543079101102574+1.1320288431381214j)
(1.4713888836906968+1.3899897199646585j)
(1.4814578398342368+1.6255268897165j)
(1.484114367684078+1.845043480003495j)
(1.4789078117533045+2.0535366511517137j)
(1.4652464655037685+2.255086164014867j)
(1.4423217721752777+2.453187126595204j)
(1.4090274458312442+2.6509911217605695j)
(1.3638575136934985+2.851493814556633j)
(1.3047656956444702+3.0576930350635445j)
(1.2289620377521946+3.272732903635486j)
(1.1326097688680015+3.5000431227998936j)
(1.0103619550770522+3.743474538087414j)
(0.8546356589961246+4.007416413200931j)
(0.6544455220049997+4.296843799784618j)
(0.3934798311189651+4.617150043677633j)
(0.04684821440644526+4.9733768665283655j)
(-0.4245137510105361+5.36780468456123j)
(-1.0834339270874145+5.79307331416431j)
(-2.0318087081226746+6.212981287994758j)
(-3.427452420049638+6.509637128112763j)
(-5.458165880965323+6.34886287205434j)
(-8.057589566773549+4.950798015186975j)
(-9.973254658418+1.388685880670469j)
(-8.890527227712953-3.119532122865216j)
(-5.482519582815586-5.44432832605903j)
(-2.4407857024819934-5.442113399025789j)
(-0.5273491113899488-4.565128096510932j)
(0.5723902171105227-3.5816226704734464j)
(1.2006580772202882-2.7097437010989407j)
(1.5627487038717682-1.9781294048337545j)
(1.769955467147685-1.3677574810103394j)
(1.882510880634061-0.8531291032251169j)
(1.9337805105245378-0.41218877571383394j)
(1.9427269793249273-0.02767864415674596j)
(1.9203117476607217+0.3135239259341994j)
(1.8728371345130022+0.6213369149497189j)
(1.8037292200734756+0.9032669527507291j)
(1.7145096286873482+1.165004866965723j)
(1.6053289528511423+1.4108421812884984j)
(1.475249771882268+1.643939072206951j)
(1.3223770575482452+1.8664673383799837j)
(1.1438897133486665+2.079639062282553j)
(0.9360065796052421+2.283616421171413j)
(0.6939146349560184+2.4772807484405166j)
(0.41169526213366364+2.6578185609945093j)
(0.0823114183178857+2.82005877398461j)
(-0.3022233428636396+2.955472894604343j)
(-0.7502624003936783+3.050745067408879j)
(-1.2691068148836415+3.085878237484662j)
(-1.8620390906675655+3.0320384300980296j)
(-2.5228022123450566+2.849973570305556j)
(-3.2266176790565124+2.4911833847992586j)
(-3.918454085804096+1.906050904681416j)
(-4.504151894423848+1.0641798314685773j)
(-4.857840733565797-0.01302547591919611j)
(-4.860376404468174-1.2243037748716932j)
(-4.461198426857832-2.3967757904134457j)
(-3.7244434531851796-3.3590344383480093j)
(-2.784242599354018-3.99927986480527j)
(-1.8019426943475014-4.308903008125012j)
(-0.8907189530526506-4.346818988503442j)
(-0.10781357936518424-4.194095752997364j)
(0.532423753664101-3.9236896069145812j)
(1.0392058750636781-3.589416093685706j)
(1.4309731049845535-3.2264839196206667j)
(1.7274619434578502-2.855980663258667j)
(1.9462159102891712-2.48948519951208j)
(2.1014940496375716-2.1326016935217047j)
(2.2042596467324027-1.7873528074334155j)
(2.2625548453319015-1.4537018519226124j)
(2.281940368652019-1.1304911325976004j)
(2.265869818096779-0.8160176119875464j)
(2.2159544081076112-0.5083995208188794j)
(2.1321082253896444-0.20583985208889344j)
(2.012574125280013+0.09313395701755674j)
(1.8538301582688088+0.3893835014635583j)
(1.6503738873704155+0.6827496998867071j)
(1.3943882563406407+0.9714292383213364j)
(1.0753423990479216+1.2510290510709376j)
(0.6797536253649711+1.513134511658603j)
(0.19164789682527772+1.7429948964008088j)
(-0.4055667178057386+1.915650741688633j)
(-1.124831851338964+1.9905038679303593j)
(-1.9663077156091224+1.9062905967946486j)
(-2.8999133143624594+1.5813149536442872j)
(-3.8404337072282337+0.9290666911011389j)
(-4.630618118547698-0.0978320715293768j)
(-5.068113396571909-1.4412402163826636j)
(-5.000314742561521-2.904036886896833j)
(-4.429813868996276-4.219251392968438j)
(-3.518275337759249-5.188041617284792j)
(-2.480853188956693-5.756901778913379j)
(-1.4831604933881153-5.985537848322042j)
(-0.6103934845970188-5.974134126942093j)
(0.11328447026191647-5.814319714742742j)
(0.6959859970523669-5.5727941157755785j)
(1.1579860774887303-5.2925356397651955j)
(1.5213512329116057-4.999154126773317j)
(1.8057276058818028-4.7069476619783535j)
(2.027182972523611-4.423289736364434j)
(2.198316615076638-4.151469670477363j)
(2.3287819759158883-3.8924320826076597j)
(2.425863031775422-3.645809468129932j)
(2.4949758331696237-3.410522257347327j)
(2.540063422551897-3.1851204121717034j)
(2.5638880980358802-2.9679724224861723j)
(2.568234797890952-2.757364957945929j)
(2.554038882225052-2.551550976152878j)
(2.521447259218018-2.348769474824604j)
(2.4698159825687136-2.1472523790844744j)
(2.3976406112136948-1.945231239732156j)
(2.3024073657287802-1.7409579851283568j)
(2.1803426072176064-1.5327609981931318j)
(2.026024679367906-1.3191735055306155j)
(1.8318068747139782-1.0992020412129817j)
(1.5869940439703012-0.8728571579404713j)
(1.2767777385094392-0.6421306058449735j)
(0.8814511707700013-0.4122890022858521j)
(0.3813951369915991-0.18276855097230155j)
(-0.39782176102942907-0.07895547196188414j)
(-1.2260458629760296-0.05755780704433296j)
(-2.3221398734102996-0.2981436537831522j)
(-3.586055179914301-1.0294523870650303j)
(-4.714802069319965-2.4962129294960467j)
(-5.108714179428449-4.6546013411824685j)
(-4.312107722217715-6.835739638978064j)
(-2.6590240756415913-8.2138562091453j)
(-0.9160833633084292-8.625135864297684j)
(0.4726869748052907-8.423249514157012j)
(1.4494125781636926-7.964770239365019j)
(2.10303097816792-7.447649893771157j)
(2.5328585926533678-6.955114711086394j)
(2.8131622320954492-6.514117798829514j)
(2.993519550890741-6.128320915860715j)
(3.105933433688381-5.793011593264802j)
(3.1709867879791642-5.5012173013447025j)
(3.2020194088421645-5.246016058836739j)
(3.2077664652212414-5.0212907120114405j)
(3.1939928988634714-4.821875457948192j)
(3.1645063382551113-4.643484056595963j)
(3.1217896339563893-4.482575586367428j)
(3.067398759792072-4.336217124944347j)
(3.0022131865974684-4.201963412178731j)
(2.926590744336799-4.077758059259168j)
(2.8404579397103182-3.961855329488597j)
(2.7433537584168706-3.852760131965536j)
(2.6344366073813346-3.749184247669799j)
(2.512458105875435-3.6500180485017637j)
(2.375702544495213-3.5543189025202264j)
(2.2218859809256446-3.461320386222078j)
(2.0480031917396238-3.3704711630406687j)
(1.8501029735636136-3.2815205911777436j)
(1.6229612000956684-3.1946830978065845j)
(1.359604883003115-3.110941904656091j)
(1.0506179925960824-3.0326094171644873j)
(0.6831346844597987-2.964378982243635j)
(0.23942714986695962-2.915351991186715j)
(-0.30484971199445376-2.9030353902296273j)
(-0.9820316752854689-2.961215017640927j)
(-1.8308079473861791-3.1551326728666296j)
(-2.882625180084658-3.609993005487542j)
(-4.105626153346915-4.554941030050502j)
(-5.235459052370896-6.328250972263703j)
(-5.5003473567048635-9.080119523543221j)
(-3.9424800386524-11.938272235965531j)
(-1.023662856412038-13.251362029996985j)
(1.575660496041925-12.798691065789631j)
(3.1401286745558132-11.611335262218601j)
(3.8981725960418525-10.40631821277626j)
(4.196233506207718-9.40216018296401j)
(4.255286169836562-8.609590293071067j)
(4.192464264804786-7.98846798687047j)
(4.067184228754148-7.496791669573545j)
(3.909531745848046-7.101229249164203j)
(3.7348325073891657-6.7771864142716005j)
(3.550864103397688-6.506817810135592j)
(3.3614506251210887-6.2771180919898315j)
(3.1682915545211623-6.078480034537429j)
(2.971913199071153-5.903678478701962j)
(2.772172144376987-5.7471682408671745j)
(2.5685228623437544-5.604598589903751j)
(2.3601568887872117-5.472473762163339j)
(2.146069147533365-5.347911390717857j)
(1.9250804626112514-5.22846660891115j)
(1.6958311238410715-5.112000201537197j)
(1.4567523141385292-4.9965760839210525j)
(1.2060171259670047-4.880377815251711j)
(0.9414690742883299-4.761636643375018j)
(0.6605223581127914-4.638565290161451j)
(0.3600237126299264-4.50929268773171j)
(0.036059462323019105-4.371795440702647j)
(-0.3163182398858783-4.223822202914526j)
(-0.7034876576172111-4.062807868394853j)
(-1.133844299900147-3.885776383432357j)
(-1.6186927023660982-3.689236040967406j)
(-2.173642165449989-3.4690839794188295j)
(-2.820868690928867-3.220570326891683j)
(-3.5929365428609596-2.9384676498780387j)
(-4.539571313011347-2.617872385350753j)
(-5.740313856511738-2.256908252414868j)
(-7.329583286346224-1.8652785452292948j)
(-9.549543633592336-1.4920805164334894j)
(-12.867322166699253-1.3244676679796712j)
(-18.219218990673365-2.085917805568983j)
(-27.043422597136217-6.830147720971461j)
(-34.141104950708616-25.791942580497004j)
(-11.653671924576216-44.42934541272819j)
(5.790872260962024-33.47886022254881j)
(8.435626864496959-23.668378477923465j)
(7.830643275712358-18.25669574462081j)
(6.762958296367557-15.090979905398367j)
(5.743296794852386-13.057312285443675j)
(4.84842440824916-11.64305548205994j)
(4.069730525002859-10.59462963180275j)
(3.3849947039475405-9.775593484946143j)
(2.7736449957722322-9.106901114840722j)
(2.219297748030505-8.539799100558959j)
(1.7094312758456218-8.042560243187475j)
(1.2345747438547472-7.593537742716524j)
(0.78757326919185-7.177312773891712j)
(0.36302504881901954-6.782451009585208j)
(-0.043127242816086424-6.4001410895425535j)
(-0.433887792858045-6.023338375001212j)
(-0.8114141293635413-5.646209038303079j)
(-1.1771625994519739-5.263758376926102j)
(-1.531989474958108-4.871575401792029j)
(-1.876219189088867-4.465652776051065j)
(-2.2096877408983397-4.042256681112438j)
(-2.5317668978891987-3.5978301699800124j)
(-2.8413730289927406-3.1289187421230413j)
(-3.136962928894069-2.6321097095762083j)
(-3.4165177056221148-2.1039782198629835j)
(-3.6775146305378357-1.5410330639553491j)
(-3.9168856236651366-0.9396550914479063j)
(-4.13095918421093-0.2960205367249846j)
(-4.315379075388052+0.39399941281000794j)
(-4.4649872184274+1.1349739269952963j)
(-4.573649982222811+1.932098598609335j)
(-4.633995563402297+2.7914549431795703j)
(-4.637011999596039+3.7203745604685996j)
(-4.5714239521095825+4.727950616983578j)
(-4.4227108026800614+5.825755824098325j)
(-4.171528312343767+7.028849394534839j)
(-3.7911088202151175+8.357184292230619j)
(-3.2428502779933446+9.837548171516788j)
(-2.468561731847858+11.506134324926334j)
(-1.3762487611676983+13.411546407872613j)
(0.18721266523906818+15.616770264075884j)
(2.4913343055491795+18.19365661809887j)
(6.038757501919506+21.183751931872695j)
(11.812009158451998+24.418238729820317j)
(21.687583757590907+26.75363195555528j)
(37.90071810482397+23.258767930965732j)
(53.42464508713535+2.270212600579643j)
(43.14860277223917-26.654223275731244j)
(20.530492254068776-33.459200885588j)
(6.959465480856796-28.375120472857457j)
(0.5068463587999378-22.25996474924283j)
(-2.566323797505422-17.296550559522665j)
(-4.061867068281655-13.475674048808763j)
(-4.771830064028614-10.5109935576225j)
(-5.062359048271141-8.162556475276647j)
(-5.115255168833914-6.261602262825528j)
(-5.027064384453777-4.692543297584754j)
(-4.852107240783689-3.375429665310172j)
(-4.62246759362224-2.2538423701423977j)
(-4.357890759619417-1.2870692397953996j)
(-4.0709618166992545-0.44507145051058056j)
(-3.769939133236926+0.2948009565739776j)
(-3.460367403286724+0.9499934616544752j)
(-3.146034665269536+1.5342238062179203j)
(-2.829562488980862+2.0584893357903664j)
(-2.5127761318800683+2.5317600930853894j)
(-2.1969359149007484+2.9614672734527696j)
(-1.8828835933097963+3.3538607167945167j)
(-1.5711392904902615+3.7142791330801233j)
(-1.2619690001771062+4.047358583496786j)
(-0.9554326559609561+4.3571963775285365j)
(-0.6514180383885139+4.647483440780863j)
(-0.3496638046796515+4.921615437899909j)
(-0.04977393064718588+5.182790896745153j)
(0.2487748046590834+5.434103299212105j)
(0.5466311358887822+5.678633610991529j)
(0.8445725735870624+5.91955003957208j)
(1.1435128403851254+6.160223043201687j)
(1.4445124815451373+6.404366034944242j)
(1.7487908871370763+6.656216370411565j)
(2.057736195015437+6.920778039993778j)
(2.3729057833696667+7.2041587074639075j)
(2.696002215080032+7.514052354444798j)
(3.0287930186993837+7.860450181248974j)
(3.3729074103457206+8.25671628800128j)
(3.7293653679667167+8.721258548996614j)
(4.097517289352492+9.280189814442949j)
(4.472651612443031+9.971658773755092j)
(4.840482442962872+10.852980083397261j)
(5.16401523019521+12.012175730229362j)
(5.351016980708934+13.584691996781702j)
(5.171254706904234+15.765711104889736j)
(4.054182172575552+18.74661936031884j)
(0.7455999681100351+22.230418361338636j)
(-6.1223885478046505+23.79040087008674j)
(-13.492215271706645+19.24702364618393j)
(-15.12178529711866+11.502694555776788j)
(-12.655559993447834+6.343680313989645j)
(-9.682084925758188+3.9397364114372126j)
(-7.275426754409469+2.9530414923379174j)
(-5.461930346178018+2.5955174687450078j)
(-4.091585451242918+2.5136127200032505j)
(-3.033010562007014+2.5530664620454275j)
(-2.194050344506423+2.6447330896067367j)
(-1.5126369891768352+2.756639871349758j)
(-0.9467891655414038+2.8738381354920026j)
(-0.4676745196068854+2.9895310672987803j)
(-0.055130648530118176+3.1008956476640455j)
(0.305246254370261+3.207046915890052j)
