(160.8431806049124+0j)
(147.11911297605346-45.39548619555243j)
(116.9911518389904-72.60489394045688j)
(86.83863373672169-81.67957920989176j)
(63.339110487485776-80.64274865731873j)
(46.52265369340682-75.5325996674061j)
(34.69926769003166-69.32121098327613j)
(26.30787049873496-63.22254818859072j)
(20.237126141164943-57.65681695722385j)
(15.749220122347639-52.71936840903918j)
(12.360484531603511-48.3828008965561j)
(9.751081948695889-44.58007760153824j)
(7.705896963948906-41.237439539671186j)
(6.077369618766678-38.28651132302954j)
(4.762232557347621-35.667912510083866j)
(3.6868086144711576-33.331524039601916j)
(2.7975719185839445-31.23555913901001j)
(2.054978566425233-29.345321543535352j)
(1.4293594227597062-27.631996027700097j)
(0.8981360510264853-26.071588890122424j)
(0.44390073240605826-24.644042359192447j)
(0.0530706770660512-23.3325109316059j)
(-0.2850697818757636-22.122776314931222j)
(-0.5790606392580355-21.002776407612238j)
(-0.835772054057336-19.962226263272232j)
(-1.0607790035469726-18.992312536818023j)
(-1.2586419940702454-18.085446401261247j)
(-1.4331196591390072-17.235062962843458j)
(-1.5873313977555035-16.43545771007279j)
(-1.7238829677141918-15.681652540982359j)
(-1.844964328827248-14.96928549924048j)
(-1.9524264989619768-14.294519592125491j)
(-2.047842394168523-13.653967033724664j)
(-2.13255534268157-13.044626013752318j)
(-2.207718036441074-12.463827683714431j)
(-2.274324008090778-11.909191515647993j)
(-2.333233223730759-11.378587552382818j)
(-2.385193012052044-10.87010435524759j)
(-2.4308552736044353-10.382021682241694j)
(-2.4707907049559146-9.912787110168658j)
(-2.505500613547017-9.460995958286844j)
(-2.5354267773119687-9.02537398644388j)
(-2.5609597093002545-8.604762433669064j)
(-2.5824456146382992-8.198105038143774j)
(-2.600192270392904-7.804436740633195j)
(-2.614474014133853-7.422873822873963j)
(-2.625535991821307-7.052605273267934j)
(-2.633597787571321-6.692885205414575j)
(-2.638856535545358-6.343026182599727j)
(-2.641489596297749-6.002393324104044j)
(-2.6416568654399937-5.670399088005716j)
(-2.6395027708413332-5.346498640955355j)
(-2.6351580050633188-5.0301857385035165j)
(-2.628741031986402-4.720989050583157j)
(-2.620359400226429-4.4184688760246j)
(-2.610110890715989-4.122214197781029j)
(-2.5980845215223787-3.831840037177123j)
(-2.5843614293815507-3.546985071074267j)
(-2.5690156444550047-3.2673094806279703j)
(-2.552114772355587-2.9924930043828133j)
(-2.53372059537676-2.722233171907723j)
(-2.5138896031516444-2.4562436971734822j)
(-2.492673461456447-2.1942530134000813j)
(-2.4701194266766704-1.9360029333264073j)
(-2.446270712346028-1.6812474207243027j)
(-2.42116681332757-1.42975146063085j)
(-2.3948437923901658-1.181290017158156j)
(-2.3673345333092564-0.9356470689930594j)
(-2.3386689640491456-0.69261471371839j)
(-2.3088742530910094-0.4519923330300791j)
(-2.277974981558343-0.2135858116951428j)
(-2.245993293422883+0.02279319620654241j)
(-2.212949025751243+0.2573279596446348j)
(-2.17885982067531+0.49019732696086415j)
(-2.1437412205192543+0.721576351102159j)
(-2.107606747294278+0.9516368883213348j)
(-2.0704679675741735+1.1805481746135j)
(-2.0323345435890037+1.4084773838830116j)
(-1.9932142711999226+1.6355901716439871j)
(-1.9531131052783952+1.8620512078744158j)
(-1.9120351728600338+2.0880247025410017j)
(-1.8699827743158592+2.313674927214435j)
(-1.8269563726411773+2.539166736166585j)
(-1.7829545708494001+2.764666090316751j)
(-1.73797407731026+2.9903405874448965j)
(-1.6920096587563966+3.2163600021474696j)
(-1.64505408053943+3.4428968391238324j)
(-1.5970980335710292+3.6701269035359316j)
(-1.54813004724452+3.898229892370715j)
(-1.4981363874556624+4.127390010984499j)
(-1.4471009386718638+4.3577966192986155j)
(-1.3950050688021838+4.589644912458205j)
(-1.3418274753961879+4.82313664119456j)
(-1.2875440114596863+5.05848087760109j)
(-1.2321274888981253+5.2958948326007995j)
(-1.1755474572805726+5.535604732040369j)
(-1.1177699552616385+5.7778467590982485j)
(-1.058757231586725+6.022868071573471j)
(-0.9984674321269444+6.270927903634047j)
(-0.9368542488472962+6.52229876277453j)
(-0.8738665259658244+6.7772677340843215j)
(-0.8092325591626625+7.036057503710693j)
(-0.7431937404348123+7.299102329294335j)
(-0.6756103666260425+7.56671563796852j)
(-0.6063975890828441+7.839255127875241j)
(-0.5354681323157907+8.117103713855887j)
(-0.4627279239227313+8.40067050633342j)
(-0.3880742270063036+8.690393017685757j)
(-0.3113942439900255+8.986739878159879j)
(-0.23256377507562065+9.290213952984999j)
(-0.15144579271535719+9.601355863818222j)
(-0.06788886312039899+9.920747952749684j)
(0.0182746346930398+10.249018745143047j)
(0.10723053837809306+10.586847981781329j)
(0.19918522954412726+10.934972305050442j)
(0.29436831519820633+11.294191699866367j)
(0.39303572976968276+11.665376808769196j)
(0.495473337289256+12.049477262946843j)
(0.602001129967478+12.447531197889464j)
(0.7129781403970211+12.860676155100718j)
(0.8288082109994124+13.290161611204248j)
(0.9499467976487678+13.737363424779497j)
(1.0769090266270551+14.203800551600402j)
(1.2102792778695122+14.691154453716276j)
(1.3507226364233513+15.201291720838872j)
(1.4989986429933828+15.73629053887727j)
(1.6559778899489355+16.298471786856677j)
(1.8226621602038344+16.890435728560085j)
(2.000209005368622+17.51510550074375j)
(2.1899619238128536+18.17577890115291j)
(2.3934876531032536+18.876190367671366j)
(2.6126225692882423+19.620585543051433j)
(2.8495308373425066+20.413811476206412j)
(3.1067778548962828+21.261426373877672j)
(3.3874237811422026+22.16983395856639j)
(3.695143702291977+23.14644901150094j)
(4.034383492098536+24.19990272534155j)
(4.410564044876935+25.3402992603492j)
(4.830351854957509+26.579538673088713j)
(5.302021784220115+27.931726569219936j)
(5.835949734818646+29.413697988825106j)
(6.445291180320216+31.045692959666138j)
(7.146930037817144+32.85223494492515j)
(7.9628279025461755+34.863282506581974j)
(8.921977955527854+37.115750610291315j)
(10.063291932063136+39.65553258974052j)
(11.43996111311006+42.54019635965028j)
(13.126206600805807+45.84257114773556j)
(15.228012723919571+49.65545283302615j)
(17.900705788205133+54.09753697320201j)
(21.37868486075632+59.32013389272477j)
(26.027454756426554+65.51230473796029j)
(32.437875922874994+72.89591759485216j)
(41.60196188863569+81.682599144941j)
(55.24381998631785+91.90140789291935j)
(76.40567893571533+102.79944406576004j)
(110.14166326768611+110.88242763239803j)
(161.956471101541+104.44304535761836j)
(222.63005940629972+57.2633271427244j)
(239.86029759561967-38.17717854982216j)
(186.3391570452835-113.16175390856691j)
(120.95218829984738-131.87902825321729j)
(76.44694953922497-123.2009643469219j)
(49.90005950398779-108.49894883622635j)
(34.00912878237663-94.6054345832945j)
(24.122815538517223-82.9077389602619j)
(17.701168328920318-73.3236683387128j)
(13.362834293837054-65.4763937327819j)
(10.331328340469803-58.997719328820565j)
(8.151894103371156-53.589579296259124j)
(6.547280266429756-49.02313076649237j)
(5.342132968186158-45.12498067653765j)
(4.421854331609771-41.763508521103205j)
(3.7093515558306764-38.83799976071225j)
(3.151418644557095-36.27057820034077j)
(2.7104942619707217-34.00034712364172j)
(2.359522899933109-31.979151188893532j)
(2.0786637713199227-30.168497806954473j)
(1.8531313873947919-28.53730277917393j)
(1.6717473147869937-27.060223343708245j)
(1.5259494318261144-25.716412682359778j)
(1.409101829334059-24.488579513521458j)
(1.3160061582406597-23.362270704560522j)
(1.2425503797643693-22.32531856763889j)
(1.185452777396934-21.36741099068897j)
(1.1420730136469122-20.479754092527504j)
(1.1102710307114616-19.654805232888908j)
(1.0883005332985611-18.886060006625023j)
(1.0747277664336061-18.167881019588023j)
(1.068369000449552-17.495359268382238j)
(1.068241993935531-16.86420116110911j)
(1.0735280015500144-16.270635852763185j)
(1.083541808341597-15.711338788608572j)
(1.0977079250609176-15.183368265325484j)
(1.1155415497730896-14.684112513888074j)
(1.1366332439949225-14.211245337946188j)
(1.160636523667527-13.762688748717034j)
(1.1872577521981522-13.336581352706293j)
(1.2162478625611912-12.931251494202257j)
(1.2473955407484736-12.545194347165012j)
(1.2805215827739496-12.177052303089951j)
(1.3154741985160043-11.82559812200618j)
(1.3521250826453233-11.489720409982654j)
(1.3903661092392638-11.168411063640425j)
(1.4301065349698656-10.860754384361494j)
(1.4712706178764294-10.565917615197787j)
(1.513795576129572-10.283142694430502j)
(1.5576298249322078-10.01173905313476j)
(1.6027314405895763-9.751077311500293j)
(1.6490668094521548-9.500583751157308j)
(1.6966094263518077-9.259735459331761j)
(1.7453388127088465-9.028056055971383j)
(1.7952395289352054-8.805111927683543j)
(1.8463002593748246-8.590508902828605j)
(1.8985129509340941-8.38388931079196j)
(1.9518719889557856-8.184929375651052j)
(2.0063733958660817-7.993336900339094j)
(2.062014039791232-7.808849202244688j)
(2.1187908417862653-7.631231265085936j)
(2.176699971605265-7.460274075017946j)
(2.235736023153312-7.29579311138415j)
(2.295891161951606-7.13762696438035j)
(2.357154238179149-6.985636053270453j)
(2.419509860186418-6.839701419745228j)
(2.482937424873393-6.699723571615986j)
(2.5474101030250305-6.565621352368053j)
(2.6128937796850704-6.437330812247j)
(2.679345951933354-6.314804056585158j)
(2.746714589108568-6.1980080471143975j)
(2.81493696357277-6.08692333214976j)
(2.883938463605261-5.981542681896617j)
(2.9536314039241764-5.881869605875917j)
(3.0239138536463828-5.787916730726507j)
(3.094668506155404-5.6997040185996735j)
(3.165761620252272-5.617256809186847j)
(3.2370420669669144-5.5406036722786345j)
(3.308340521316389-5.469774062816548j)
(3.3794688428287483-5.40479577678498j)
(3.4502196925054522-5.345692214101316j)
(3.520366436664617-5.292479463904433j)
(3.589663389378696-5.245163238252048j)
(3.657846444515646-5.203735692024873j)
(3.724634145254117-5.168172179473657j)
(3.789729232937184-5.138428010863136j)
(3.852820707906842-5.114435285421695j)
(3.9135864223063064-5.096099888506734j)
(3.9716962087362684-5.083298750636415j)
(4.026815529324118-5.075877472807102j)
(4.078609607740797-5.073648425315912j)
(4.126747982817942-5.076389425202979j)
(4.17090939782535-5.083843089654758j)
(4.210786915621239-5.095716948826976j)
(4.246093128401418-5.111684381458989j)
(4.276565313390514-5.13138641078313j)
(4.301970374192201-5.154434367492885j)
(4.322109403079373-5.180413392368697j)
(4.336821703292443-5.208886715443756j)
(4.34598812290218-5.239400613532281j)
(4.349533572814109-5.271489915894812j)
(4.347428630173643-5.304683901045343j)
(4.339690163247204-5.3385124082236235j)
(4.326380952721776-5.372511976335791j)
(4.30760832482811-5.40623182205129j)
(4.2835218511502084-5.439239477326768j)
(4.254310205923206-5.471125924216636j)
(4.220197301867919-5.501510090098394j)
(4.181437848488847-5.530042597467072j)
(4.138312491262461-5.556408697032044j)
(4.091122695928-5.580330348609192j)
(4.040185539510135-5.601567449006333j)
(3.9858285596629806-5.61991823778258j)
(3.928384797788341-5.63521893887385j)
(3.8681881507565117-5.647342717595429j)
(3.805569122680482-5.656198047923675j)
(3.7408510437120603-5.661726594203368j)
(3.67434679874002-5.66390071490398j)
(3.6063560863886552-5.662720694447941j)
(3.53716320875327-5.658211803361056j)
(3.467035375458159-5.650421278043768j)
(3.39622149217356-5.63941530033538j)
(3.3249513937116206-5.625276044682109j)
(3.2534354750693253-5.60809884793806j)
(3.1818646699698308-5.587989544305649j)
(3.110410725166254-5.565061996165814j)
(3.0392267195474387-5.539435840925838j)
(2.968447779461614-5.511234464736917j)
(2.898191945212419-5.480583206110639j)
(2.8285611479829913-5.44760778609565j)
(2.759642261175553-5.412432956695796j)
(2.691508195028964-5.3751813555040595j)
(2.624219008190019-5.33597255194464j)
(2.557823014492682-5.29492226889725j)
(2.4923578674431566-5.252141762664326j)
(2.4278516087400006-5.207737344065254j)
(2.3643236705489667-5.161810023776005j)
(2.301785824190161-5.11445526573215j)
(2.240243070394851-5.065762833379074j)
(2.1796944683723796-5.015816714692018j)
(2.120133902634079-4.964695113120615j)
(2.06155078788407-4.91247049288536j)
(2.0039307133519793-4.859209668314841j)
(1.9472560287496115-4.804973928136975j)
(1.8915063746189567-4.749819186791328j)
(1.8366591602441908-4.693796155909366j)
(1.782689992552141-4.6369505300937615j)
(1.729573059558344-4.579323182024911j)
(1.6772814719498068-4.520950362721012j)
(1.6257875663591237-4.461863903490446j)
(1.5750631737858283-4.402091416738632j)
(1.5250798564893882-4.341656493334869j)
(1.4758091165096008-4.28057889471573j)
(1.427222578791412-4.218874738305526j)
(1.3792921516974135-4.156556675175092j)
(1.3319901674948298-4.0936340591538505j)
(1.2852895052115676-4.030113106849864j)
(1.2391636980640022-3.9659970482360407j)
(1.193587027478922-3.9012862676277047j)
(1.1485346055594559-3.8359784350094928j)
(1.1039824476829905-3.770068627783269j)
(1.0599075367694324-3.703549443091357j)
(1.0162878806197477-3.636411100941067j)
(0.973102563598415-3.568641538407718j)
(0.9303317938180301-3.500226495232962j)
(0.8879569468814962-3.431149591165338j)
(0.8459606071431959-3.3613923954086604j)
(0.8043266073684038-3.2909344885595098j)
(0.7630400675965461-3.21975351742113j)
(0.7220874339496075-3.1478252430869227j)
(0.6814565180705873-3.0751235826870134j)
(0.6411365378290045-3.0016206451897243j)
(0.6011181598883201-2.927286761649628j)
(0.5613935446963967-2.8520905102892185j)
(0.5219563944300502-2.7759987367998002j)
(0.4828020044030075-2.6989765702446165j)
(0.4439273184268457-2.620987434947316j)
(0.405330988602651-2.5419930587477677j)
(0.3670134400103337-2.4619534780120773j)
(0.32897694075877876-2.3808270397859j)
(0.2912256778568021-2.298570401489004j)
(0.2537658393679204-2.215138528558941j)
(0.21660570331552897-2.130484690464452j)
(0.1797557338125142-2.0445604555265797j)
(0.14322868489944865-1.957315685005684j)
(0.10703971258738133-1.8686985269384164j)
(0.07120649561443153-1.7786554102369516j)
(0.03574936544190138-1.6871310395981558j)
(0.0006914460318988848-1.5940683918100378j)
(-0.033941196033526806-1.4994087140888435j)
(-0.06811939051262766-1.4030915251317209j)
(-0.1018106909456191-1.3050546196301336j)
(-0.13497918996072686-1.205234077055221j)
(-0.16758532180863336-1.1035642756018353j)
(-0.19958565147221588-0.9999779122616829j)
(-0.23093264968199773-0.8944060300908917j)
(-0.26157445315495176-0.7867780538401037j)
(-0.2914546093631914-0.6770218352331124j)
(-0.3205118051338469-0.5650637093080072j)
(-0.3486795783804364-0.45082856337661326j)
(-0.37588601227242546-0.3342399203159382j)
(-0.4020534111641596-0.21522003807835566j)
(-0.427097957629495-0.09369002749628737j)
(-0.450929349985299+0.030430009332069064j)
(-0.4734504197396533+0.157220817563042j)
(-0.4945567284700456+0.28676380226956494j)
(-0.5141361437286859+0.419140812209135j)
(-0.5320683936877728+0.5544338913668596j)
(-0.5482246003839979+0.6927249946204482j)
(-0.5624667916016022+0.8340956635288989j)
(-0.574647391655413+0.9786266578733435j)
(-0.5846086916031609+1.1263975381788083j)
(-0.592182299740953+1.277486194018254j)
(-0.5971885736231155+1.4319683124497524j)
(-0.5994360353089417+1.589916780458427j)
(-0.5987207720856945+1.751401014777922j)
(-0.5948258255599473+1.916486211948522j)
(-0.5875205727644014+2.085232510940821j)
(-0.5765601038082848+2.257694060138962j)
(-0.5616846016224087+2.4339179799527697j)
(-0.5426187305365555+2.6139432118143167j)
(-0.5190710417909512+2.7977992438442856j)
(-0.49073340565202694+2.985504703055599j)
(-0.4572804815910399+3.1770658036292145j)
(-0.4183692400193352+3.372474640579186j)
(-0.3736385513726291+3.571707318066582j)
(-0.32270886092308176+3.774721901764163j)
(-0.26518197058552806+3.9814561850850643j)
(-0.2006409521890653+4.1918252598275165j)
(-0.12865022021250666+4.405718882942907j)
(-0.048755795828793566+4.622998632796318j)
(0.039514201744853365+4.8434948505664694j)
(0.13664879617000464+5.067003365450657j)
(0.24315308212045397+5.293282006232656j)
(0.35954679078416607+5.522046906696502j)
(0.48636243809355273+5.752968618481289j)
(0.6241429963841519+5.985668052447852j)
(0.7734390258725619+6.219712278640984j)
(0.9348051986525301+6.454610225639482j)
(1.1087961451766433+6.689808332651278j)
(1.2959615518331282+6.924686222235205j)
(1.4968404387456338+7.158552478083663j)
(1.7119545499060298+7.390640630857018j)
(1.9418007938711623+7.6201054754964614j)
(2.186842683270854+7.846019865480758j)
(2.447500736094416+8.06737215266873j)
(2.7241418220006755+8.283064465000152j)
(3.0170674635540173+8.491912037436292j)
(3.326501136079278+8.69264383283642j)
(3.652574651330291+8.883904707354212j)
(3.995313759694796+9.064259387424379j)
(4.35462316310063+9.232198530157318j)
(4.730271195506061+9.386147133352841j)
(5.121874498487538+9.52447554257115j)
(5.528883093758963+9.645513267909235j)
(5.950566329279343+9.747565769682298j)
(6.386000246656875+9.828934297942359j)
(6.834056979543553+9.887938774390532j)
(7.293396839385088+9.922943586718127j)
(7.762463769347431+9.932386026397728j)
(8.239484842355823+9.914806945155714j)
(8.722474438198018+9.868883038849729j)
(9.209243651948858+9.79345999875358j)
(9.697415357978292+9.687585610127867j)
(10.184445179812275+9.550541739062119j)
(10.667648399153649+9.381874044586686j)
(11.14423258472249+9.18141819750357j)
(11.61133544501465+8.949321392274488j)
(12.066067124486251+8.686058012515787j)
(12.50555588922253+8.392438458478695j)
(12.92699590676996+8.06961036479288j)
(13.327695636264005+7.719051720686687j)
(13.705125227717351+7.342555738275947j)
(14.056961297118587+6.942207677109411j)
(14.38112750426855+6.520354200617675j)
(14.675829512709461+6.079566186326234j)
(14.939583147361999+5.622596211349014j)
(15.171234869750549+5.152332166009806j)
(15.369974041294398+4.671748595404684j)
(15.535336816655926+4.183857422768844j)
(15.667201875218815+3.691659669106854j)
(15.765778534686893+3.198099658034824j)
(15.831588075858502+2.706022997106671j)
(15.865439326882973+2.218139375777978j)
(15.868399700399022+1.7369909368752996j)
(15.841762946272489+1.2649266845167597j)
(15.787014880600852+0.8040831066329843j)
(15.705798287459574+0.3563709310396772j)
(15.599878076021392-0.07653228742353434j)
(15.471107626332154-0.4931842273021384j)
(15.321397086473423-0.8923751148897691j)
(15.152684205319375-1.2731209792127036j)
(14.966908109910376-1.634653570978033j)
(14.76598627348508-1.9764076679196207j)
(14.551794775718855-2.298006457726012j)
(14.32615183449182-2.5992456357453992j)
(14.090804490149365-2.8800767852902975j)
(13.847418248528257-3.1405905302141317j)
(13.597569436482896-3.38099986811478j)
(13.342739990834282-3.6016240124994003j)
(13.084314385644578-3.802872996834535j)
(12.823578400399894-3.985233224876473j)
(12.561719439981015-4.149254091355935j)
(12.299828133416707-4.295535745580141j)
(12.038900959833486-4.4247180278050235j)
(11.779843674650888-4.5374705739055194j)
(11.52347533519689-4.634484057227187j)
(11.270532751216827-4.716462516676228j)
(11.021675211218758-4.784116706144094j)
(10.777489359559812-4.838158391342473j)
(10.538494121173427-4.879295515122183j)
(10.30514559062581-4.9082281505660035j)
(10.07784181967571-4.92564516182781j)
(9.856927452711384-4.93222149522567j)
(9.642698172451151-4.9286160269384744j)
(9.43540492927584-4.915469898382955j)
(9.235257936687566-4.893405275589647j)
(9.042430422864507-4.863024474396869j)
(8.857062134305965-4.824909398812111j)
(8.679262592321177-4.779621245307197j)
(8.509114106807786-4.727700430996483j)
(8.346674554546038-4.66966670852914j)
(8.191979931257272-4.606019435053866j)
(8.04504668808007-4.5372379667672j)
(7.905873864011441-4.463782154331764j)
(7.774445026350474-4.386092917842097j)
(7.650730031351579-4.304592883051107j)
(7.534686617214844-4.219687063261277j)
(7.426261841274571-4.131763573654529j)
(7.325393372838332-4.041194366916637j)
(7.232010652624887-3.948335980823152j)
(7.146035929177196-3.8535302900262725j)
(7.067385182014042-3.75710525563822j)
(6.995968940651216-3.659375667373214j)
(6.931693007988962-3.560643874000768j)
(6.8744590959315675-3.4612004987143923j)
(6.824165380496179-3.3613251367290404j)
(6.7807069830759605-3.2612870330237844j)
(6.743976383967655-3.161345738646218j)
(6.713863773736857-3.0617517444083093j)
(6.690257347502174-2.9627470911457254j)
(6.67304354674977-2.864565955986427j)
(6.662107252859064-2.767435214295145j)
(6.657331936117424-2.6715749771350388j)
(6.658599763633304-2.577199104217449j)
(6.6657916692127825-2.484515692410968j)
(6.6787873879563735-2.393727539946972j)
(6.697465458039151-2.3050325865017824j)
(6.721703191883874-2.2186243293554857j)
(6.7513766186896165-2.134692215829358j)
(6.786360400067167-2.053422012187723j)
(6.826527720333003-1.974996149162072j)
(6.871750152836484-1.899594044212293j)
(6.92189750353477-1.8273924005883757j)
(6.9768376328853945-1.7585654831914983j)
(7.0364362570005285-1.6932853711625167j)
(7.1005567288927995-1.6317221870449419j)
(7.169059800542606-1.5740443022810646j)
(7.241803366436278-1.5204185187030304j)
(7.318642189147561-1.4710102255781214j)
(7.399427607482606-1.425983531653848j)
(7.484007227660592-1.3855013715317015j)
(7.572224597973237-1.34972558557007j)
(7.663918867351841-1.3188169723826428j)
(7.7589244282665-1.2929353128562715j)
(7.8570705444012905-1.2722393644603693j)
(7.958180963578568-1.2568868244618978j)
(8.062073516459533-1.2470342604904792j)
(8.168559701619362-1.2428370067240568j)
(8.277444257691-1.2444490237781938j)
(8.388524723391905-1.2520227201931589j)
(8.50159098639797-1.2657087332089418j)
(8.6164248222073-1.2856556663170742j)
(8.732799424354468-1.3120097808624815j)
(8.850478927587192-1.3449146387585904j)
(8.969217925918292-1.3845106931611113j)
(9.088760987808108-1.4309348237363022j)
(9.208842171134506-1.4843198129526236j)
(9.329184541061743-1.5447937596320893j)
(9.449499694442824-1.6124794258225392j)
(9.569487294978957-1.6874935129016952j)
(9.688834624024295-1.769945862710062j)
(9.807216152672197-1.8599385794413688j)
(9.924293141585423-1.9575650680096264j)
(10.039713275955469-2.0629089846769224j)
(10.153110343984265-2.1760430958830472j)
(10.264103968384898-2.2970280414867243j)
(10.372299401591476-2.4259109990324554j)
(10.47728739664951-2.562724246221005j)
(10.57864416711569-2.7074836195155174j)
(10.675931450724729-2.860186867788709j)
(10.768696693047724-3.0208119011428702j)
(10.85647336886982-3.1893149365517344j)
(10.938781460492438-3.3656285438106663j)
(11.015128113602406-3.549659597485015j)
(11.08500849267381-3.741287143140374j)
(11.147906859023603-3.9403601891626407j)
(11.203297895551836-4.146695438947497j)
(11.250648302764157-4.3600749821838996j)
(11.289418690802158-4.580243968368707j)
(11.319065791770397-4.806908290567117j)
(11.339045015524507-5.039732312737418j)
(11.3488133701248-5.278336679614635j)
(11.347832765221895-5.522296254101532j)
(11.335573712576544-5.771138233231475j)
(11.311519432575533-6.024340499867087j)
(11.275170368867272-6.281330273181454j)
(11.226049104992395-6.541483126370469j)
(11.163705667063077-6.804122444658235j)
(11.087723185131807-7.068519400132864j)
(10.997723872941119-7.3338935218909j)
(10.89337527138989-7.599413939954236j)
(10.774396685538209-7.864201379016516j)
(10.640565728634854-8.127330972846886j)
(10.491724869976483-8.38783596173416j)
(10.327787866990546-8.64471232335666j)
(10.148745946493682-8.89692437170241j)
(9.954673586461238-9.143411339034078j)
(9.745733738752314-9.38309493251368j)
(9.522182326050666-9.61488783026434j)
(9.284371843746841-9.837703051928834j)
(9.032753900503286-10.050464106989951j)
(8.767880540559718-10.252115791335179j)
(8.49040420697907-10.441635470092644j)
(8.201076228260314-10.618044654152184j)
(7.900743740921053-10.780420650656414j)
(7.5903449972774535-10.927908045788541j)
(7.2709030497410065-11.059729762993127j)
(6.943517849150125-11.175197432780914j)
(6.609356843165469-11.273720812574933j)
(6.269644209511735-11.354816007352174j)
(5.9256489055644375-11.418112264277344j)
(5.57867175811143-11.463357146711296j)
(5.2300318528487-11.490419933910422j)
(4.881052510302432-11.499293140855718j)
(4.533047151865365-11.490092105932728j)
(4.187305365452082-11.46305265022771j)
(3.84507947452826-11.418526868418892j)
(3.507571897194447-11.35697716499809j)
(3.175923554511242-11.278968698385237j)
(2.8512035508059923-11.185160437237368j)
(2.5344003052344384-11.07629506620377j)
(2.226414265632307-10.953188001387133j)
(1.9280522850871846-10.816715788286219j)
(1.640023691081565-10.667804157077398j)
(1.3629380287270387-10.507416002345758j)
(1.097304415463708-10.33653953789442j)
(0.8435324061760716-10.156176853488168j)
(0.6019342360751607-9.967333071012947j)
(0.3727282845477603-9.771006264352188j)
(0.15604358665935092-9.568178272068174j)
(-0.04807479009412969-9.35980649640423j)
(-0.2396596884142794-9.146816747644387j)
(-0.4188153039924436-8.930097160698143j)
(-0.5857103003104027-8.710493181844019j)
(-0.7405707543232466-8.488803598498352j)
(-0.883673075966572-8.26577756404401j)
(-1.0153370265777457-8.042112553261203j)
(-1.1359189424829677-7.818453171661463j)
(-1.2458052510020647-7.595390733772739j)
(-1.3454063476410025-7.373463520771672j)
(-1.435150885807359-7.153157626362126j)
(-1.515480514394401-6.934908300941154j)
(-1.5868450842880624-6.719101707380341j)
(-1.6496983324048817-6.5060770066801j)
(-1.7044940413107896-6.296128697882023j)
(-1.7516826637686047-6.089509143528256j)
(-1.7917083946202061-5.886431219299153j)
(-1.8250066670933212-5.68707103393454j)
(-1.8520020467663683-5.491570672918942j)
(-1.8731064938515487-5.3000409264999355j)
(-1.8887179629806778-5.112563969276087j)
(-1.899219309124587-4.929195964747067j)
(-1.9049774684719738-4.7499695738009295j)
(-1.9063428838858965-4.57489635110286j)
(-1.903649145802415-4.403969017736663j)
(-1.897212821017147-4.237163602255521j)
(-1.887333443614194-4.074441445546302j)
(-1.8742936442418487-3.9157510676445875j)
(-1.858359395956748-3.761029896895078j)
(-1.839780356885521-3.6102058636846124j)
(-1.8187902919438548-3.463198862427785j)
(-1.7956075577742259-3.3199220866068266j)
(-1.7704356368880036-3.180283242500448j)
(-1.7434637087108198-3.044185647825167j)
(-1.7148672468185777-2.911529221893929j)
(-1.6848086331117031-2.782211374105216j)
(-1.653437781005331-2.6561277976445417j)
(-1.620892760914803-2.533173175232932j)
(-1.5873004223934417-2.4132418036224634j)
(-1.55277700823993-2.2962281433318066j)
(-1.5174287567412061-2.1820272998583587j)
(-1.4813524889635095-2.070535442308132j)
(-1.444636178655528-1.9616501650652793j)
(-1.4073595028931014-1.8552707977885403j)
(-1.369594372081832-1.7512986686808438j)
(-1.3314054383510316-1.6496373256377093j)
(-1.2928505817260312-1.5501927195433682j)
(-1.2539813737648124-1.452873353658535j)
(-1.2148435185931565-1.3575904027276067j)
(-1.1754772714791937-1.2642578051344877j)
(-1.1359178352554866-1.1727923311510768j)
(-1.0961957350328366-1.0831136300552615j)
(-1.0563371717564587-0.9951442586448822j)
(-1.0163643552382298-0.9088096934402612j)
(-0.9762958173604872-0.8240383286526224j)
(-0.9361467061914314-0.7407614617949153j)
(-0.8959290617816335-0.6589132686286877j)
(-0.8556520744285081-0.5784307689714324j)
(-0.8153223262026986-0.4992537847355296j)
(-0.7749440165288709-0.4213248914289787j)
(-0.7345191726056602-0.34458936422089526j)
(-0.6940478454358342-0.2689951195590199j)
(-0.6535282922204838-0.1944926532218071j)
(-0.6129571458503249-0.12103497559361204j)
(-0.5723295722041915-0.048577544866027514j)
(-0.5316394159406497+0.02292180120728244j)
(-0.4908793354431584+0.09350291444381603j)
(-0.45004092755371305+0.16320340575611308j)
(-0.40911484270401166+0.23205871462389338j)
(-0.3680908910284456+0.30010217812034j)
(-0.3269581400182136+0.36736509914294396j)
(-0.28570500425274353+0.4338768135370969j)
(-0.24431932772187764+0.49966475583589043j)
(-0.20278845923115005+0.5647545233703127j)
(-0.16109932136297694+0.6291699385307273j)
(-0.11923847344767687+0.6929331089864399j)
(-0.07719216898208825+0.7560644856904637j)
(-0.034946407917691956+0.8185829185177754j)
(0.007513015773146448+0.8805057094021711j)
(0.05020047085679733+0.9418486628541007j)
(0.09313044953768852+1.0026261337558975j)
(0.13631753172124217+1.0628510723457611j)
(0.1797763524708444+1.1225350663147493j)
(0.2235215722962617+1.1816883799537752j)
(0.267567849914932+1.240319990300701j)
(0.31192981713139495+1.2984376202495695j)
(0.3566220554818692+1.356047768597444j)
(0.4016590742921459+1.4131557370172798j)
(0.4470552897964926+1.4697656539593438j)
(0.4928250049643418+1.5258804954985876j)
(0.5389823896794607+1.5815021031615568j)
(0.5855414609134003+1.63663119878354j)
(0.632516062531946+1.6912673964660871j)
(0.6799198443699238+1.7454092117255329j)
(0.7277662402055783+1.799054067946483j)
(0.7760684442628734+1.852198300278953j)
(0.8248393858665893+1.9048371571460747j)
(0.8740917018736031+1.9569647995595927j)
(0.9238377065022354+2.0085742984734187j)
(0.9740893581830129+2.059657630442507j)
(1.0248582230570582+2.110205671893556j)
(1.0761554347545117+2.160208192357179j)
(1.1279916500947098+2.2096538470576355j)
(1.1803770003634761+2.258530169305325j)
(1.2333210378420263+2.3068235631909757j)
(1.2868326772857304+2.3545192971352447j)
(1.3409201320833726+2.4016014989068233j)
(1.3955908448653611+2.448053152782308j)
(1.4508514123782548+2.493856099583165j)
(1.5067075044995777+2.538991040388337j)
(1.5631637773360627+2.5834375447832265j)
(1.620223780427727+2.6271740645665314j)
(1.6778898581735526+2.6701779538939143j)
(1.73616304570076+2.7124254968902095j)
(1.7950429595196042+2.75389194380669j)
(1.8545276834410789+2.794551556835578j)
(1.9146136503839244+2.834377666717508j)
(1.9752955208617047+2.8733427412849837j)
(2.0365660591170442+2.9114184670743275j)
(2.098416008060992+2.948575845105804j)
(2.1608339643738734+2.984785301872619j)
(2.22380625533229+3.020016816492278j)
(2.2873168191377378+3.0542400648527708j)
(2.3513470907331184+3.0874245814294734j)
(2.4158758952990524+3.119539939253589j)
(2.480879351814711+3.1505559482760446j)
(2.546330789242521+3.1804428720921467j)
(2.6122006780424694+3.20917166267028j)
(2.6784565798345423+3.2367142123655923j)
(2.745063118092891+3.263043622096645j)
(2.811981972769337+3.2881344841273195j)
(2.879171901692155+3.3119631774318314j)
(2.9465887914632036+3.334508173137319j)
(3.014185740374407+3.355750347046624j)
(3.0819131755752305+3.375673295757648j)
(3.1497190063448004+3.394263652427402j)
(3.2175488148513485+3.4115113977991403j)
(3.2853460852225775+3.4274101617340826j)
(3.3530524711044127+3.4419575101861897j)
(3.4206081011668665+3.4551552123461073j)
(3.487951921231412+3.467009482578673j)
(3.5550220708685165+3.477531191799248j)
(3.6217562914616486+3.4867360430949352j)
(3.6880923618845647+3.4946447067019983j)
(3.753968557116937+3.5012829099090217j)
(3.8193241243584843+3.506681478061134j)
(3.8840997705246325+3.5108763235904386j)
(3.9482381544432257+3.51390838087534j)
(4.0116843766524335+3.515823485718949j)
(4.074386459442337+3.5166721993069867j)
(4.136295809708013+3.5165095776294555j)
(4.197367657299842+3.5153948884934625j)
(4.257561461871954+3.513391279378079j)
(4.3168412817359965+3.5105654004523767j)
(4.375176098917933+3.506986988054093j)
(4.432540095466391+3.5027284147782987j)
(4.488912877048797+3.4978642130216744j)
(4.544279640964529+3.492470579346533j)
(4.598631286866704+3.4866248673522517j)
(4.651964469676396+3.48040507686258j)
(4.704281595359834+3.473889347154409j)
(4.755590761378345+3.4671554616753544j)
(4.805905644682016+3.4602803712374435j)
(4.855245341068392+3.4533397420555016j)
(4.903634160543141+3.446407534246048j)
(4.951101383983003+3.4395556155467153j)
(4.997680986900356+3.4328534140900113j)
(5.043411336438177+3.4263676130990732j)
(5.088334867889445+3.4201618894018817j)
(5.132497747038438+3.4142966967097452j)
(5.175949524483067+3.408829093704917j)
(5.218742787827529+3.4038126161504167j)
(5.260932817258355+3.399297191491412j)
(5.302577249553018+3.3953290937722023j)
(5.343735755042032+3.3919509361553595j)
(5.384469731474967+3.3892016979017066j)
(5.42484201814781+3.387116782350331j)
(5.464916633054399+3.3857281022229606j)
(5.504758535242042+3.385064188458009j)
(5.544433413998298+3.385150318748135j)
(5.584007505979787+3.386008661999258j)
(5.623547440927122+3.3876584350357932j)
(5.663120116194165+3.3901160680367783j)
(5.702792599962467+3.3933953753848725j)
(5.742632062710713+3.3975077288357967j)
(5.782705736265836+3.4024622301580325j)
(5.823080899573818+3.4082658806415247j)
(5.863824890191671+3.41492374512132j)
(5.905005140413059+3.422439108400124j)
(5.946689236893001+3.430813622176516j)
(5.988945002629123+3.440047440787884j)
(6.031840600180349+3.4501393442540738j)
(6.075444655054812+3.461086847258458j)
(6.11982639827213+3.4728862928221154j)
(6.1650558271953475+3.4855329295146755j)
(6.211203883831758+3.499020971100239j)
(6.258342649912614+3.5133436375367215j)
(6.306545558179169+3.528493176232571j)
(6.355887619419079+3.54446086241493j)
(6.40644566491208+3.561236977376854j)
(6.45829860405223+3.5788107632477146j)
(6.511527697014387+3.5971703527698793j)
(6.566216842417462+3.6163026723638003j)
(6.622452880009217+3.636193316521503j)
(6.680325908445938+3.656826391284054j)
(6.7399296182662285+3.678184324227033j)
(6.801361640153384+3.7002476379990727j)
(6.864723908539029+3.7229946840259553j)
(6.9301230405179695+3.7464013325047403j)
(6.9976707299048755+3.7704406142631424j)
(7.067484156066782+3.795082309443725j)
(7.139686406887071+3.820292477287218j)
(7.214406914851359+3.8460329205256105j)
(7.291781904767908+3.8722605770532232j)
(7.37195485102504+3.8989268306119276j)
(7.455076941518499+3.9259767312079443j)
(7.54130754441743+3.9533481148633194j)
(7.630814672744508+3.980970611100929j)
(7.723775440271896+4.008764525267693j)
(7.8203765004288845+4.036639581426731j)
(7.9208144577141395+4.064493510112063j)
(8.02529623842817+4.092210463762812j)
(8.134039404303524+4.119659241178582j)
(8.247272388709638+4.146691300918373j)
(8.365234630430892+4.173138542281372j)
(8.488176574429886+4.19881083146903j)
(8.616359502373019+4.223493249880076j)
(8.750055147852663+4.246943041432149j)
(8.889545042036824+4.268886236591759j)
(9.03511952474548+4.289013932768667j)
(9.187076343555814+4.306978214319908j)
(9.345718749357564+4.322387701166475j)
(9.511352980767798+4.334802723634678j)
(9.684285012019174+4.343730133451421j)
(9.864816419560597+4.348617777875518j)
(10.053239202088342+4.3488486869741685j)
(10.249829367815849+4.343735054489757j)
(10.454839082704462+4.332512132208818j)
(10.66848715592487+4.314332208006604j)
(10.890947626611295+4.2882589005810985j)
(11.12233621261194+4.253262080961077j)
(11.362694392251727+4.208213823381571j)
(11.61197092036758+4.151885896416924j)
(11.87000063784121+4.082949428244206j)
(12.136480528891633+3.999977514181697j)
(12.410943123095748+3.901451673532091j)
(12.6927275406521+3.7857731950420503j)
(12.980948750215404+3.651280518944444j)
(13.274465956289644+3.4962738645339995j)
(13.571851459271754+3.3190482938157606j)
(13.8713618272474+3.117936264881221j)
(14.170913760813969+2.8913604290096266j)
(14.468067576219239+2.637896918336898j)
(14.760021708571038+2.3563486192811056j)
(15.043621949538295+2.04582691355949j)
(15.315389163211691+1.705839111392659j)
(15.5715688380787+1.3363773697738566j)
(15.808204910626722+0.9380034171100888j)
(16.02123875682973+0.5119220988713544j)
(16.20663209224584+0.06003588086245055j)
(16.36050986838511-0.41502771283882395j)
(16.479316362838194-0.9099229319104384j)
(16.55997493000991-1.4206321545497407j)
(16.600039794739125-1.942553954658558j)
(16.59782732045299-2.470631147866648j)
(16.552514738637505-2.9995127807109703j)
(16.464196527174703-3.5237399946789774j)
(16.333892303339848-4.037942624107948j)
(16.16350477412141-4.53703184836267j)
(15.955731255691905-5.016374526507109j)
(15.713936753455387-5.471936961524828j)
(15.441999903676052-5.900389393246476j)
(15.144144786280458-6.2991668792923425j)
(14.824771620365942-6.6664866720980935j)
(14.48829785630366-7.001326085883178j)
(14.139018614115205-7.3033677106399715j)
(13.78099232076041-7.572920461277176j)
(13.417954280534179-7.810825379052127j)
(13.05325817226221-8.018354538592616j)
(12.68984334859391-8.197110162658738j)
(12.330224406172553-8.34892943094203j)
(11.976498766784994-8.475798769935375j)
(11.630367845051207-8.579779836304212j)
(11.29316762788022-8.662948083323071j)
(10.96590500296612-8.727343783882187j)
(10.64929681631429-8.774934675011298j)
(10.343809311007968-8.807588953764325j)
(10.049696232302049-8.827057141111366j)
(9.76703443739672-8.834961283171106j)
(9.495756304066935-8.832790025516552j)
(9.235678588598034-8.821898232518917j)
(8.986527647900417-8.803509995712528j)
(8.747961126088612-8.778724058396323j)
(8.51958632684536-8.748520861778246j)
(8.30097556391102-8.713770581043498j)
(8.091678815849852-8.675241662756314j)
(7.891234018665398-8.633609496289372j)
(7.699175319499161-8.58946495199202j)
(7.5150395932166685-8.543322599295125j)
(7.338371496078944-8.495628481275036j)
(7.168727300422668-8.446767370939787j)
(7.005677723722983-8.397069471166244j)
(6.848809936116902-8.346816547114445j)
(6.69772890335258-8.296247499088894j)
(6.552058197660552-8.245563396921261j)
(6.411440387394217-8.194932005433676j)
(6.275537097422485-8.144491835555108j)
(6.144028816028066-8.094355758124262j)
(6.0166145102429365-8.04461421803593j)
(5.893011099890292-7.99533808573239j)
(5.772952830832924-7.946581181525779j)
(5.6561905798040035-7.898382506181052j)
(5.542491116480148-7.850768208823129j)
(5.431636342936414-7.80375332072472j)
(5.323422526114323-7.757343281004877j)
(5.217659535264511-7.7115352777995865j)
(5.1141700933651935-7.666319426112451j)
(5.012789049132506-7.621679801345167j)
(4.913362674339299-7.5775953454644895j)
(4.815747989647995-7.534040660888928j)
(4.719812120977089-7.490986705477045j)
(4.625431687494226-7.448401400461594j)
(4.532492221615488-7.406250161794045j)
(4.440887620847905-7.364496364129817j)
(4.350519630906693-7.323101745584802j)
(4.26129735924382-7.282026760418137j)
(4.173136817916126-7.241230885930815j)
(4.0859604945830545-7.200672889106354j)
(3.9996969503386026-7.160311057845159j)
(3.9142804430398863-7.120103401051055j)
(3.829650574784586-7.080007821306922j)
(3.7457519622035513-7.03998226341829j)
(3.662533928267737-6.99998484170142j)
(3.579950214354375-6.959973948542366j)
(3.4979587113725112-6.919908346443641j)
(3.4165212088097148-6.87974724550856j)
(3.3356031606262224-6.839450368077262j)
(3.255173466990502-6.798978002025391j)
(3.1752042709164456-6.758291044058054j)
(3.095670768929287-6.717351034178056j)
(3.016551034951667-6.676120182374105j)
(2.9378258566631232-6.634561388458828j)
(2.859478583645723-6.592638255888212j)
(2.781494986684662-6.550315100308221j)
(2.7038631276447345-6.507556953502624j)
(2.626573239392695-6.464329563353455j)
(2.549617615280693-6.420599390374958j)
(2.4729905077470096-6.3763336013374134j)
(2.3966880356281126-6.331500060461923j)
(2.3207080998090164-6.286067318638212j)
(2.2450503068697567-6.240004601093571j)
(2.1697159004104227-6.193281793923428j)
(2.0947076997605896-6.145869429879346j)
(2.020030045796112-6.097738673800864j)
(1.9456887536020546-6.048861308070609j)
(1.8716910717302226-5.9992097184677515j)
(1.798045647807649-5.948756880793602j)
(1.7247625002552933-5.897476348642939j)
(1.651852995876185-5.8453422426963755j)
(1.5793298330679328-5.792329241911104j)
(1.5072070304071767-5.738412576990963j)
(1.435499920341855-5.683568026519273j)
(1.3642251477122749-5.627771916140896j)
(1.293400672803935-5.571001121182217j)
(1.2230457786123399-5.5132330730982275j)
(1.153181081975189-5.454445770135268j)
(1.0838285481983967-5.394617792595179j)
(1.01501150877087-5.333728323081012j)
(0.946754681727912-5.2717571720958345j)
(0.8790841941859175-5.2086848093543106j)
(0.8120276065315115-5.144492401150275j)
(0.7456139377058998-5.079161854103028j)
(0.67987369098225-5.0126758655791175j)
(0.6148388795892314-4.94501798105515j)
(0.5505430514887331-4.8761726586498675j)
(0.48702131257071357-4.806125341009758j)
(0.4243103474841939-4.734862534681894j)
(0.36244843728068815-4.6623718970504004j)
(0.30147547300646915-4.58864233084689j)
(0.24143296434390837-4.5136640861731685j)
(0.18236404237001327-4.437428869893688j)
(0.12431345547483043-4.359929962167452j)
(0.06732755746292796-4.281162339792805j)
(0.011454286851190296-4.201122805937444j)
(-0.04325686362571454-4.119810125715181j)
(-0.0967548882798832-4.037225166957543j)
(-0.14898732146160532-3.953371045407565j)
(-0.19990030319788005-3.868253273440458j)
(-0.24943865834880768-3.781879911289369j)
(-0.2975459900862342-3.694261719628461j)
(-0.34416478841687187-3.6054123122404014j)
(-0.38923655437189664-3.515348307372447j)
(-0.432701940367545-3.4240894762703356j)
(-0.4745009071052795-3.331658887269284j)
(-0.5145728972264736-3.2380830437244645j)
(-0.5528570257659702-3.143392013979083j)
(-0.5892922872606203-3.0476195514993845j)
(-0.6238177791674652-2.950803203257434j)
(-0.6563729410294332-2.8529844044149253j)
(-0.6868978086004519-2.7542085573586235j)
(-0.7153332819065404-2.65452509316126j)
(-0.7416214059799257-2.5539875135953705j)
(-0.7657056627616534-2.4526534119098j)
(-0.7875312724304014-2.3505844706944847j)
(-0.8070455021831762-2.2478464353055347j)
(-0.8241979802748453-2.1445090615037476j)
(-0.838941012919701-2.0406460361699152j)
(-0.8512299014771759-1.9363348702031729j)
(-0.8610232571876929-1.8316567629784481j)
(-0.868283310599517-1.7266964380343706j)
(-0.872976212737355-1.621541949980232j)
(-0.8750723250109439-1.5162844629439372j)
(-0.874546494851348-1.4110180012300966j)
(-0.8713783140962557-1.3058391732085268j)
(-0.8655523572234887-1.2008468698075676j)
(-0.8570583966566913-1.0961419393321858j)
(-0.8458915925371576-0.9918268406619787j)
(-0.832052654569431-0.8880052771983103j)
(-0.8155479738040355-0.7847818142196802j)
(-0.796389722514449-0.6822614825624399j)
(-0.7745959206528209-0.5805493717641426j)
(-0.7501904677248281-0.47975021598689244j)
(-0.7232031393026734-0.37996797617049693j)
(-0.6936695477893058-0.2813054219507151j)
(-0.6616310674505357-0.18386371691082032j)
(-0.6271347241366468-0.08774201071833257j)
(-0.5902330505142616+0.006962958371175053j)
(-0.5509839080164056+0.10015724727938966j)
(-0.5094502770857543+0.19175007494176027j)
(-0.46570001762743163+0.28165416922769804j)
(-0.41980560189802163+0.3697860912060263j)
(-0.37184382233092944+0.45606653430124705j)
(-0.3218954770322508+0.540420596198279j)
(-0.27004503587130435+0.6227780216889522j)
(-0.21638029023560032+0.703073415003451j)
(-0.1609919896191495+0.781246420531274j)
(-0.10397346826618645+0.8572418711988621j)
(-0.04542026510090243+0.9310099041316579j)
(0.014570259861282684+1.0025060435790032j)
(0.07589930950039982+1.0716912514171837j)
(0.138467030968221+1.1385319458628749j)
(0.20217289159135532+1.202999989323593j)
(0.26691604661277124+1.2650726465788948j)
(0.33259569628139213+1.3247325147241875j)
(0.3991114300183623+1.3819674265165454j)
(0.46636355562088083+1.436770328935858j)
(0.5342534117081961+1.4891391389180586j)
(0.6026836618632764+1.539076578326763j)
(0.6715585691735433+1.5865899903079104j)
(0.7407842501234839+1.63169113922145j)
(0.8102689070328919+1.6743959963639257j)
(0.879923038469482+1.7147245136897742j)
(0.9496596272859161+1.752700387710388j)
(1.019394306140947+1.7883508156986014j)
(1.0890455005573265+1.8217062462574987j)
(1.158534549747416+1.852800126227783j)
(1.2277858055967423+1.8816686458096445j)
(1.296726710339466+1.9083504836676455j)
(1.3652878535840245+1.9328865536701907j)
(1.4334030094550634+1.955319754794828j)
(1.501009154708848+1.975694725604695j)
(1.5680464687531395+1.994057604576061j)
(1.6344583165622546+2.0104557974311006j)
(1.7001912155220684+2.024937752506283j)
(1.7651947872717626+2.0375527450663418j)
(1.8294216956280103+2.048350671358256j)
(1.8928275716860565+2.0573818530890406j)
(1.9553709271909419+2.064696852906701j)
(2.0170130572625027+2.0703463013662877j)
(2.0777179335413534+2.0743807357725115j)
(2.1374520887997406+2.0768504512068993j)
(2.1961844940342368+2.0778053639723555j)
(2.253886429024896+2.0772948876195962j)
(2.3105313473118407+2.0753678216592686j)
(2.3660947365033325+2.072072253010788j)
(2.4205539747927256+2.0674554701921615j)
(2.4738881845232576+2.061563890216306j)
(2.5260780836037604+2.0544429981262295j)
(2.577105835541685+2.0461372990750037j)
(2.6269548988266287+2.036690282835335j)
(2.6756098763663867+2.026144400608067j)
(2.7230563656488718+2.014541053987849j)
(2.769280810280009+2.001920595937759j)
(2.814270353526054+1.9883223436216295j)
(2.8580126944750623+1.973784602943036j)
(2.9004959474203367+1.9583447046425067j)
(2.9417085050651233+1.9420390518091055j)
(2.9816389061486426+1.9249031786675328j)
(3.0202757081013933+1.9069718205079487j)
(3.057607365351847+1.8882789946303284j)
(3.093622113928477+1.868858092178154j)
(3.128307863029254+1.8487419807372156j)
(3.1616520942670854+1.8279631175707822j)
(3.1936417693427406+1.8065536733543734j)
(3.224263246947996+1.7845456662572288j)
(3.2535022097595037+1.7619711061934824j)
(3.2813436024486005+1.7388621490328122j)
(3.307771581703285+1.7152512605138097j)
(3.3327694793350546+1.6911713895445062j)
(3.3563197796232584+1.6666561504984994j)
(3.3784041121333+1.6417400140224045j)
(3.3990032613281604+1.616458505756452j)
(3.418097194375227+1.5908484122340174j)
(3.4356651086271173+1.5649479930655597j)
(3.451685500324512+1.5387971983248825j)
(3.4661362561246722+1.5124378898399746j)
(3.478994769098244+1.4859140648452889j)
(3.4902380808516114+1.4592720801753263j)
(3.4998430514172196+1.4325608748724097j)
(3.507786558501357+1.40583218874328j)
(3.5140457275812875+1.3791407740327635j)
(3.518598194190447+1.3525445969912548j)
(3.5214223995143152+1.3261050257005569j)
(3.52249792013042+1.299887000097503j)
(3.521805832352547+1.2739591797053682j)
(3.519329111175657+1.248394064161852j)
(3.515053063252595+1.2232680812329948j)
(3.5089657926625506+1.198661636644464j)
(3.5010586974479865+1.1746591197629321j)
(3.491326994002415+1.1513488589480925j)
(3.479770265385752+1.1288230202927934j)
(3.4663930285394597+1.1071774435070028j)
(3.451205314179411+1.08651140890766j)
(3.434223251885937+1.0669273298837j)
(3.4154696516136105+1.0485303658407548j)
(3.394974571547997+1.0314279515215348j)
(3.3727758609858953+1.0157292397644997j)
(3.3489196657671525+1.001544456221376j)
(3.3234608827990826+0.988984166305474j)
(3.296463549457697+0.9781584566795831j)
(3.2680011531948225+0.969176035891782j)
(3.2381568465972093+0.9621432612870566j)
(3.207023553502262+0.957163102005965j)
(3.1747039526326812+0.9543340506488428j)
(3.1413103266172424+0.9537489989402014j)
(3.1069642662427164+0.9554940953605543j)
(3.07179622233655+0.9596476050986368j)
(3.035944900787358+0.966278794682714j)
(2.9995564998120257+0.9754468651452628j)
(2.962783792587482+0.9871999584360084j)
(2.9257850626577+1.0015742619162327j)
(2.8887229039541404+1.018593235060993j)
(2.851762901652333+1.038266980915411j)
(2.8150722142437883+1.060591782389388j)
(2.7788180809302783+1.0855498201686569j)
(2.743166281564111+1.1131090849520853j)
(2.7082795786890967+1.1432234920272806j)
(2.6743161726483793+1.1758332010371289j)
(2.641428201117505+1.2108651383735411j)
(2.6097603137486254+1.2482337141841506j)
(2.5794483508808725+1.2878417207260406j)
(2.5506181525454186+1.3295813939724588j)
(2.52338452038564+1.3733356161798176j)
(2.497850350782038+1.4189792337248661j)
(2.474105952613139+1.4663804620536116j)
(2.452228557912565+1.5154023481246284j)
(2.4322820284248206+1.5659042603010183j)
(2.414316755935708+1.6177433762232765j)
(2.398369749460698+1.6707761407003474j)
(2.384464898086403+1.7248596679720483j)
(2.372613394613032+1.7798530656751277j)
(2.362814302232436+1.835618661318355j)
(2.3550552443480677+1.892023115863538j)
(2.349313196309088+1.9489384129442064j)
(2.3455553572616785+2.0062427161694814j)
(2.343740080457017+2.0638210907142236j)
(2.343817841112398+2.1215660888671892j)
(2.345732222199018+2.1793782023084165j)
(2.3494209002155393+2.2371661865472174j)
(2.3548166149903444+2.2948472651431127j)
(2.361848109726851+2.3523472230373494j)
(2.3704410297675773+2.409600399558109j)
(2.3805187708147337+2.466549592452135j)
(2.3920032695349533+2.5231458846841455j)
(2.4048157315350633+2.5793484057798044j)
(2.4188772935804845+2.635124039226697j)
(2.4341096186093147+2.690447086943516j)
(2.4504354235559016+2.745298901139399j)
(2.4677789412335436+2.7996674930618317j)
(2.486066318538097+2.853547127221887j)
(2.505225954035933+2.906937908729658j)
(2.52518877860384+2.9598453704055534j)
(2.5458884832161015+3.0122800653837563j)
(2.5672616982449847+3.064257170013051j)
(2.5892481287781237+3.1157961010063406j)
(2.6117906504802235+3.1669201500026425j)
(2.634835370458942+3.2176561379930866j)
(2.658331657454117+3.2680340914280714j)
(2.6822321454733604+3.318086941266203j)
(2.706492714761053+3.367850245747274j)
(2.7310724537242868+3.4173619372646558j)
(2.7559336051608647+3.4666620933756263j)
(2.7810414998495943+3.5157927317130477j)
(2.806364480278703+3.564797628344183j)
(2.8318738170124043+3.613722158955734j)
(2.8575436199300195+3.6626131621222004j)
(2.8833507463226367+3.711518823831309j)
(2.909274707599664+3.760488582391634j)
(2.9352975761435567+3.8095730528261513j)
(2.9614038936573714+3.858823969859686j)
(2.9875805821750903+3.908294148631368j)
(3.013816858749791+3.9580374623040124j)
(3.040104154699819+4.0081088357962j)
(3.0664360401751507+4.058564254927964j)
(3.0928081547076545+4.109460790345497j)
(3.11921814432568+4.160856635671353j)
(3.1456656057471086+4.212811159414251j)
(3.172152038113222+4.265384970264995j)
(3.1986808026881492+4.318639995501087j)
(3.225257090925281+4.372639572323357j)
(3.2518879012904742+4.427448552051029j)
(3.2785820252337685+4.483133417209454j)
(3.3053500427148714+4.539762411655231j)
(3.332204327713509+4.597405683998711j)
(3.359159064192896+4.656135444703876j)
(3.386230273035271+4.716026137370759j)
(3.413435850530399+4.777154624837463j)
(3.4407956190741533+4.839600390878515j)
(3.4683313908246554+4.903445758424652j)
(3.49606704516893+4.968776125387973j)
(3.524028620975689+5.035680219347997j)
(3.552244424752024+5.1042503725393535j)
(3.580745155983989+5.174582818784534j)
(3.6095640511284577+5.246778014235968j)
(3.638737047938226+5.320940984036182j)
(3.6683029720474085+5.397181697273526j)
(3.6983037480272922+5.475615472910359j)
(3.7287846374461906+5.556363419693645j)
(3.7597945068404766+5.639552913430168j)
(3.791386128933677+5.725318115426105j)
(3.823616520937171+5.813800536359717j)
(3.856547324341679+5.905149650385636j)
(3.890245231275501+5.999523564866252j)
(3.924782463281692+6.097089751803445j)
(3.9602373092718524+6.198025847811603j)
(3.9966947304714626+6.302520530347069j)
(4.034247041412432+6.410774478904131j)
(4.07299467748541+6.523001431023402j)
(4.113047061282128+6.639429344256795j)
(4.154523581986872+6.760301676720162j)
(4.197554704483158+6.885878800568455j)
(4.242283227699314+7.0164395646863005j)
(4.2888657151274705+7.152283025136679j)
(4.337474124527475+7.2937303645010685j)
(4.388297668720062+7.441127024230092j)
(4.441544945264767+7.594845077566843j)
(4.497446379932412+7.755285874579268j)
(4.556257037507711+7.922882995428503j)
(4.618259863951318+8.098105553299286j)
(4.683769436763269+8.281461894539921j)
(4.753136316099747+8.473503750618079j)
(4.826752108525916+8.674830904634536j)
(4.905055379180156+8.886096444481737j)
(4.9885385777764695+9.108012685442116j)
(5.077756180833861+9.341357857215852j)
(5.173334298804911+9.586983664160702j)
(5.275982055007164+9.845823842959277j)
(5.3865051168756315+10.11890385892424j)
(5.505821853583686+10.407351900440286j)
(5.634982713525362+10.712411349998268j)
(5.7751935685029405+11.035454928729623j)
(5.927843969412885+11.378000727202684j)
(6.094541515174472+11.741730344956178j)
(6.277153872065574+12.128509358907833j)
(6.4778604210166355+12.540410316768918j)
(6.699216091952503+12.979738390276346j)
(6.944230716629318+13.4490596991956j)
(7.216468262990848+13.951232089966064j)
(7.520171699266765+14.48943775683985j)
(7.860421105284473+15.067216422014818j)
(8.243335181513512+15.688496671460674j)
(8.676329749493153+16.357621191717175j)
(9.168451523432482+17.079358603646927j)
(9.730811800853207+17.85888956901992j)
(10.377153321345686+18.701746564404722j)
(11.12459500183319+19.61367300535285j)
(11.994614111933538+20.600344597234578j)
(13.014343687017139+21.666857674399957j)
(14.218282817800857+22.816825346326446j)
(15.650532476015217+24.050814841661953j)
(17.367661875817973+25.363679578580253j)
(19.442235347401216+26.74004216895347j)
(21.966781970407155+28.146708003087014j)
(25.057333238620664+29.520076441117027j)
(28.854088048152228+30.745719247060865j)
(33.51334062789063+31.62672337727267j)
(39.1781278184648+31.83909376972097j)
(45.90462430904527+30.881980079065727j)
(53.513857734714044+28.058960305382517j)
(61.364048237677544+22.583088388225377j)
(68.16094774846363+13.941237299688586j)
(72.13706052115772+2.506918000423586j)
(71.88228859666819-10.086705006195889j)
(67.3442290770275-21.521378959202767j)
(59.904088859824505-30.0594575211872j)
(51.41335297342028-35.2550781277043j)
(43.2668365242039-37.64448621891333j)
(36.15341083623429-38.08793289461385j)
(30.247437452314692-37.35029042374152j)
(25.463731753154576-35.975387462676984j)
(21.62631391282906-34.307031495286026j)
(18.550987947568675-32.54718135071756j)
(16.0767329352458-30.807643601697418j)
(14.072988258320066-29.146170357865817j)
(12.437491174155516-27.589259840305303j)
(11.09134389403836-26.145869941030774j)
(9.973964436098926-24.815452833330426j)
(9.038788705988773-23.592585356190167j)
(8.249874859632556-22.469599524223167j)
(7.579311619898292-21.438049970269176j)
(7.005271337738589-20.489509067581448j)
(6.510556136707077-19.61597571436368j)
(6.081512697021475-18.81006412738443j)
(5.707219873224463-18.065069359846586j)
(5.378877614448948-17.3749657075464j)
(5.089344560490193-16.73437049375317j)
(4.832785828660239-16.13849186599767j)
(4.604402876513902-15.583071113749128j)
(4.400224859443528-15.064325255956634j)
(4.216946358025731-14.578892870239844j)
(4.051800302951125-14.1237845308131j)
(3.902457797348121-13.696338311768155j)
(3.7669486317691123-13.29418031241953j)
(3.6435978238438507-12.915189902933422j)
(3.530974648026094-12.557469270439826j)
(3.427851461838878-12.21931680787773j)
(3.3331702628658495-11.899203893945984j)
(3.246015382371829-11.59575464141284j)
(3.165591077920011-11.307728230195776j)
(3.091203058443415-11.03400348393166j)
(3.0222431826131806-10.773565390270491j)
(2.958176730921761-10.525493303831023j)
(2.898531775385972-10.288950605741988j)
(2.842890266862563-10.063175624705833j)
(2.7908805351333528-9.84747365164816j)
(2.7421709560262713-9.641209903545555j)
(2.6964645865482777-9.443803312300894j)
(2.653494606104646-9.254721031947094j)
(2.613020431477646-9.073473572366881j)
(2.574824396965085-8.89961048046254j)
(2.538708910183881-8.732716500599684j)
(2.5044940094926846-8.572408155449088j)
(2.472015261534233-8.41833069629739j)
(2.4411219476302026-8.270155378693076j)
(2.4116754961385314-8.127577025107923j)
(2.3835481247708143-7.990311841276663j)
(2.3566216625498204-7.85809545715207j)
(2.330786525796462-7.730681167087302j)
(2.3059408264491195-7.60783834701913j)
(2.281989594285705-7.489351029154876j)
(2.25884409735416-7.375016617021003j)
(2.236421247215913-7.2646447257766145j)
(2.2146430775450505-7.158056134463646j)
(2.193436286264654-7.055081838409105j)
(2.172731832792662-6.955562191338757j)
(2.152464583151787-6.8593461279356385j)
(2.132572996707238-6.7662904586071155j)
(2.112998849158502-6.676259229126979j)
(2.093686987150072-6.5891231386164435j)
(2.074585110501439-6.504759010029043j)
(2.055643578601192-6.423049307925656j)
(2.036815237981289-6.343881698877276j)
(2.0180552684916497-6.267148650321654j)
(1.9993210458460646-6.192747064135489j)
(1.9805720186114035-6.120577941572275j)
(1.9617695979735605-6.050546076562618j)
(1.9428770588385136-5.982559774684296j)
(1.923859451021513-5.916530595387229j)
(1.9046835194450975-5.852373115307742j)
(1.885317632411285-5.790004710730819j)
(1.8657317171380345-5.729345357459328j)
(1.845897201856594-5.670317446530992j)
(1.8257869638588642-5.6128456143852485j)
(1.805375282961824-5.556856586229237j)
(1.784637799923866-5.50227903148343j)
(1.7635514794044123-5.449043430304789j)
(1.7420945771073137-5.397081950292835j)
(1.7202466107890597-5.346328332578099j)
(1.697988334847859-5.296717786579185j)
(1.675301718238347-5.248186892790097j)
(1.6521699254811066-5.200673513029477j)
(1.6285773005564959-5.154116707644218j)
(1.6045093534883512-5.108456659214593j)
(1.5799527494375798-5.0636346023576175j)
(1.5548953001364243-5.019592759268778j)
(1.5293259575029912-4.97627428068063j)
(1.50323480928342-4.933623191951671j)
(1.4766130765746208-4.891584344029383j)
(1.4494531130846227-4.850103369057546j)
(1.4217484059919037-4.809126640422707j)
(1.393493578266697-4.768601237054422j)
(1.364684392320271-4.728474911813016j)
(1.3353177548485935-4.688696063814314j)
(1.305391722738122-4.6492137145537535j)
(1.2749055099019484-4.609977487705943j)
(1.2438594949147754-4.570937592484572j)
(1.2122552293145024-4.5320448104564655j)
(1.1800954464388236-4.493250485711461j)
(1.147384070663018-4.454506518295652j)
(1.114126226907881-4.415765360819222j)
(1.0803282502804445-4.376980018156327j)
(1.045997695714868-4.338104050153381j)
(1.0111433474760774-4.299091577268199j)
(0.9757752283894406-4.259897289059097j)
(0.9399046086576175-4.220476455445923j)
(0.9035440141255308-4.1807849406619395j)
(0.866707233852868-4.140779219814294j)
(0.8294093268530831-4.100416397968434j)
(0.7916666278561268-4.059654231666772j)
(0.7534967519532525-4.018451152788507j)
(0.7149185979806019-3.9767662946517093j)
(0.6759523504993233-3.9345595202520083j)
(0.6366194802309129-3.891791452525768j)
(0.5969427428070551-3.8484235065169017j)
(0.5569461756964628-3.8044179233188293j)
(0.5166550931734273-3.759737805652052j)
(0.47609607919699876-3.714347154929198j)
(0.43529697807539486-3.6682109096477826j)
(0.39428688279579693-3.621294984939835j)
(0.35309612090809306-3.5735663130961863j)
(0.31175623786024664-3.524992884871306j)
(0.27029997769412323-3.4755437913629357j)
(0.22876126102275607-3.425189266248585j)
(0.18717516022533598-3.3739007281505935j)
(0.14557787181198184-3.3216508228899952j)
(0.1040066859289153-3.2684134653801196j)
(0.062499952994959695-3.214163880902284j)
(0.021097047482417797-3.1588786454986493j)
(-0.020161671120726976-3.102535725212468j)
(-0.06123490010450471-3.04511451390254j)
(-0.10208043799682898-2.9865958693578447j)
(-0.14265523157069718-2.926962147441442j)
(-0.1829154252513523-2.866197233996661j)
(-0.22281641274439667-2.8042865742581546j)
(-0.262312890676594-2.7412171995227883j)
(-0.30135891401011267-2.6769777508504826j)
(-0.339907952960486-2.611558499586951j)
(-0.37791295112171197-2.5449513645226696j)
(-0.4153263844731987-2.477149925532953j)
(-0.45210032091998686-2.408149433574944j)
(-0.4881864799959566-2.337946816955348j)
(-0.5235362923419901-2.2665406838216526j)
(-0.5581009585576165-2.1939313208750812j)
(-0.5918315070160839-2.1201206883489716j)
(-0.6246788502302455-2.045112411346008j)
(-0.6565938393592864-1.968911767678929j)
(-0.6875273164560035-1.8915256724109042j)
(-0.717430164071129-1.8129626593448132j)
(-0.7462533518540206-1.7332328597608015j)
(-0.7739479798209921-1.6523479787528943j)
(-0.8004653179989178-1.5703212695614785j)
(-0.8257568421987689-1.4871675063411864j)
(-0.8497742657237243-1.4029029558435533j)
(-0.8724695668758827-1.3175453485245263j)
(-0.8937950121887711-1.2311138496124534j)
(-0.9137031753813143-1.1436290306902015j)
(-0.9321469521012677-1.0551128423523022j)
(-0.9490795706011323-0.9655885884977916j)
(-0.9644545985662536-0.8750809028069795j)
(-0.9782259463908686-0.7836157279288751j)
(-0.9903478672734441-0.6912202978729055j)
(-1.0007749545746247-0.5979231240536885j)
(-1.009462136949503-0.5037539853833927j)
(-1.0163646718270327-0.4087439227396318j)
(-1.0214381378641653-0.3129252380621124j)
(-1.0246384270475573-0.2163314982451675j)
(-1.025921737150146-0.11899754390017538j)
(-1.0252445652729252-0.020959502961986457j)
(-1.0225637032124646+0.0777451909945163j)
(-1.0178362353898198+0.17707777597073754j)
(-1.0110195400584747+0.2769981346525447j)
(-1.0020712944729744+0.37746476388139066j)
(-0.9909494846499113+0.4784347410758733j)
(-0.9776124202850434+0.5798636883010682j)
(-0.9620187553062997+0.6817057347901097j)
(-0.9441275144419019+0.7839134788228443j)
(-0.9238981260660337+0.886437949956589j)
(-0.9012904614518186+0.9892285726874149j)
(-0.8762648804140719+1.0922331326856294j)
(-0.8487822831617491+1.1953977468059416j)
(-0.8188041680059196+1.298666838109994j)
(-0.7862926943812865+1.4019831171583275j)
(-0.7512107504421788+1.5052875708314994j)
(-0.7135220242867507+1.6085194599184653j)
(-0.6731910776487501+1.711616326670522j)
(-0.6301834206758662+1.8145140134516435j)
(-0.5844655861888947+1.917146693528431j)
(-0.5360052015886073+2.0194469149277237j)
(-0.4847710563492669+2.121345658150219j)
(-0.4307331628106911+2.222772408361598j)
(-0.3738628077558617+2.323655242490903j)
(-0.31413259204042143+2.4239209314467414j)
(-0.25151645532449396+2.523495057415859j)
(-0.18598968274758657+2.6223021459387175j)
(-0.1175288901836206+2.720265812158183j)
(-0.04611198451626334+2.8173089203158157j)
(0.028281904816789456+2.9133537552226314j)
(0.1056725269494579+3.0083222040593762j)
(0.18607864750605982+3.1021359464630507j)
(0.2695182276242364+3.1947166504363764j)
(0.35600864858444214+3.285986171165245j)
(0.4455669867538033+3.3758667493537287j)
(0.5382103437756551+3.4642812051752956j)
(0.633956237188953+3.5511531233916216j)
(0.7328230569554404+3.6364070245989923j)
(0.8348305937186241+3.719968516914205j)
(0.9400006450381071+3.8017644216968978j)
(1.0483577063479204+3.8817228660996888j)
(1.15992975400874+3.9597733343225223j)
(1.274749128580676+4.0358466683870295j)
(1.3928535273705818+4.109875008001845j)
(1.5142871164368692+4.181791657605831j)
(1.6391017736089328+4.251530866889775j)
(1.767358475741885+4.319027508917062j)
(1.8991288454303827+4.384216637282905j)
(2.034496874812434+4.447032900432373j)
(2.1735608469661485+4.507409787113435j)
(2.3164354788166897+4.56527867175055j)
(2.463254313507565+4.620567621984856j)
(2.6141723949378277+4.67319992236088j)
(2.7693692627110256+4.723092257650928j)
(2.929052312171869+4.770152485952138j)
(3.0934605715922436+4.81427691462837j)
(3.2628689569453035+4.8553469702918175j)
(3.437593074051638+4.893225125871171j)
(3.617994648049665+4.92774991146424j)
(3.8044876708000066+4.958729788550986j)
(3.997545367308367+4.9859356058212825j)
(4.197708091349839+5.0090912747494185j)
(4.405592266105081+5.027862197944729j)
(4.621900484309197+5.041840844902555j)
(4.847432868394948+5.0505286868430685j)
(5.08309975499724+5.053313459732862j)
(5.3299356947411995+5.049440402008389j)
(5.589114622824283+5.037975683809972j)
(5.861965818780047+5.017759671864979j)
(6.1499898708494+4.987346912174588j)
(6.454873188100265+4.9449287035129466j)
(6.778498494808527+4.888232810873474j)
(7.122946927214403+4.814393160985223j)
(7.490484399044019+4.719780227834498j)
(7.883520115429144+4.599780296046161j)
(8.304517397702503+4.448509146894252j)
(8.755824634536735+4.2584437207770565j)
(9.239374667869738+4.0199558565944535j)
(9.756170765951607+3.7207394742638398j)
(10.305432487011359+3.3451452732362235j)
(10.883212727743842+2.8734923619839967j)
(11.480223978129157+2.2815458128089796j)
(12.07855927009795+1.5405848063199639j)
(12.647059002579278+0.6189046121629922j)
(13.135490963364981-0.5137731637920324j)
(13.468909454255877-1.8768529206021387j)
(13.546035927481212-3.462394351311014j)
(13.248948828827594-5.212502640228342j)
(12.472586627149377-6.9993215745079675j)
(11.174242562631935-8.62711186860236j)
(9.421307787348255-9.876099076472766j)
(7.397172876576585-10.580729928533351j)
(5.344630675565273-10.69533138026203j)
(3.479347756000602-10.299378458265384j)
(1.931163097257194-9.545393866620202j)
(0.7381163053672006-8.594388638682071j)
(-0.12521820267705278-7.575212686349871j)
(-0.7139314133943994-6.573198059250604j)
(-1.0889139261310328-5.636149064615707j)
(-1.304729709758563-4.785613053213037j)
(-1.4055165947439043-4.027095450539255j)
(-1.4250043168907023-3.3573641535550798j)
(-1.3881276344382547-2.7690466570122365j)
(-1.312959645129131-2.2532804603516716j)
(-1.2124450429693365-1.8011259250955314j)
(-1.0957860198497447-1.4042493024523246j)
(-0.969489228997946-1.0551989784573954j)
(-0.838132971709568-0.7474671812066664j)
(-0.7049202178287025-0.4754464983393152j)
(-0.5720739506516973-0.23434109811840423j)
(-0.44111882678914105-0.020064146034873498j)
(-0.3130817504648822+0.17086294481818054j)
(-0.18863489224466565+0.34140240906331476j)
(-0.0681979006357275+0.49408068777571773j)
(0.047988852108263924+0.6310574494736509j)
(0.15981163742393292+0.7541839287380159j)
(0.26724545675838435+0.8650518468364323j)
(0.3703266779119002+0.9650342584580521j)
(0.46913326312319764+1.0553195920244336j)
(0.5637704813090845+1.1369400099547704j)
(0.6543605964316064+1.2107950569887775j)
(0.7410354481589642+1.2776714121262365j)
(0.8239311424123003+1.338259422820922j)
(0.903184284577501+1.3931669819046282j)
(0.9789293425195857+1.4429312081076882j)
(1.0512968377887297+1.488028308281079j)
(1.1204121439705594+1.5288819312862332j)
(1.1863947297354704+1.5658702677197662j)
(1.249357726957279+1.599332104091753j)
(1.309407735678602+1.6295720029419798j)
(1.3666448008253818+1.6568647501106237j)
(1.4211625126600909+1.6814591856883503j)
(1.473048195622943+1.7035815150004292j)
(1.5223831596162098+1.7234381794688063j)
(1.569242994783494+1.741218353647907j)
(1.613697896047713+1.7570961235847957j)
(1.6558130075502544+1.7712323924547708j)
(1.6956487800141458+1.783776551807276j)
(1.7332613361832026+1.7948679504318072j)
(1.768702841047398+1.804637187575998j)
(1.8020218746891343+1.8132072528390377j)
(1.833263806374081+1.8206945313571365j)
(1.8624711690396465+1.8272096897821062j)
(1.8896840336584928+1.8328584559221324j)
(1.9149403831162655+1.8377423026917379j)
(1.9382764852732084+1.8419590451399555j)
(1.9597272648019626+1.8456033577421285j)
(1.9793266732293915+1.84876721781556j)
(1.9971080563718395+1.8515402798152834j)
(2.013104518057128+1.8540101843698542j)
(2.0273492786829808+1.8562628051991081j)
(2.0398760267842095+1.8583824365141046j)
(2.0507192613817353+1.8604519231148466j)
(2.0599146224797353+1.86255273517142j)
(2.067499206677009+1.8647649895889544j)
(2.073511864481403+1.8671674199114674j)
(2.0779934755796066+1.8698372969048964j)
(2.0809871980365595+1.872850302267884j)
(2.0825386871982046+1.8762803583380168j)
(2.082696279968288+1.880199417175841j)
(2.0815111401403565+1.8846772130035012j)
(2.0790373606092833+1.889780982624628j)
(2.075332018572751+1.895575159133062j)
(2.0704551802750064+1.9021210449024102j)
(2.0644698524439433+1.9094764704994729j)
(2.05744187832982+1.917695446755077j)
(2.0494397771580855+1.9268278177145564j)
(2.0405345268456445+1.9369189225458991j)
(2.030799290975468+1.9480092746761783j)
(2.020309092245698+1.9601342664242527j)
(2.009140435872856+1.9733239071848847j)
(1.9973708876852725+1.9876026027772529j)
(1.9850786128514026+2.002988982899985j)
(1.972341882297601+2.0194957827393907j)
(1.9592385548334905+2.0371297836754354j)
(1.945845543778745+2.055891816748427j)
(1.9322382774351532+2.0757768311280405j)
(1.9184901630430564+2.096774028307287j)
(1.9046720638840844+2.1188670611824336j)
(1.8908517989361324+2.142034295629473j)
(1.8770936739569628+2.166249130703341j)
(1.8634580520890751+2.1914803722236957j)
(1.850000971068057+2.217692653314753j)
(1.8367738129207543+2.244846894481185j)
(1.8238230307015235+2.272900795054135j)
(1.811189935391498+2.301809347351501j)
(1.7989105446223657+2.331525364674629j)
(1.7870154934434335+2.3620000142996798j)
(1.775530005972488+2.3931833469090265j)
(1.7644739255017148+2.4250248144130375j)
(1.7538617995081465+2.4574737688117065j)
(1.7437030150656692+2.490479935595101j)
(1.7340019793971089+2.5239938561446764j)
(1.7247583397434016+2.5579672946315437j)
(1.7159672363654288+2.5923536059722987j)
(1.7076195823240552+2.627108062461932j)
(1.6997023636905422+2.662188137722071j)
(1.692198954003893+2.697553747555253j)
(1.6850894370907914+2.733167448159627j)
(1.6783509327714685+2.76899459291781j)
(1.6719579204672725+2.8050034496188125j)
(1.6658825562757027+2.8411652804981804j)
(1.66009497966324+2.8774543878909773j)
(1.6545636065256255+2.913848128586466j)
(1.6492554059566304+2.95032690016254j)
(1.644136158639423+2.9868741026717185j)
(1.6391706953120546+3.0234760790586686j)
(1.634323114254925+3.060122037627013j)
(1.6295569771938552+3.096803959750522j)
(1.624835483406538+3.1335164958554067j)
(1.6201216221574188+3.1702568524960513j)
(1.6153783038725138+3.20702467311816j)
(1.6105684706958654+3.243821914859697j)
(1.6056551872526814+3.2806527234900913j)
(1.600601712581706+3.317523308337434j)
(1.5953715542937559+3.354441818810178j)
(1.5899285060741282+3.3914182238844086j)
(1.584236669672734+3.428464195709048j)
(1.5782604625268415+3.4655929982749387j)
(1.5719646121377324+3.502819381908043j)
(1.5653141382822273+3.5401594841771793j)
(1.558274324082768+3.5776307376559915j)
(1.5508106768922096+3.6152517848464356j)
(1.5428888798725002+3.653042400455451j)
(1.5344747350628476+3.6910234211173094j)
(1.525534098646598+3.7292166825704225j)
(1.5160328090348736+3.7676449642276033j)
(1.505936608294602+3.806331941020897j)
(1.4952110573571467+3.845302142357259j)
(1.4838214453529146+3.8845809179836497j)
(1.4717326933273238+3.9241944105342568j)
(1.4589092525053708+3.9641695345114094j)
(1.4453149971853432+4.00453396143822j)
(1.430913112255083+4.045316110912643j)
(1.415665975241297+4.086545147287213j)
(1.3995350327165281+4.128250981698243j)
(1.3824806708056077+4.170464279168194j)
(1.3644620794483862+4.213216470507982j)
(1.3454371099900826+4.256539768748217j)
(1.3253621255830403+4.300467189832268j)
(1.3041918437935527+4.345032577305131j)
(1.281879170713391+4.390270630733516j)
(1.2583750257764934+4.436216937591495j)
(1.2336281563773297+4.482908008340501j)
(1.2075849412745079+4.530381314425739j)
(1.1801891816438943+4.578675328898074j)
(1.1513818785139216+4.627829569352536j)
(1.1211009951741875+4.6778846428501355j)
(1.0892812029923014+4.728882292457771j)
(1.0558536089024428+4.78086544499962j)
(1.0207454626398098+4.83387825956133j)
(0.9838798415847493+4.8879661762241j)
(0.9451753108480407+4.943175964425289j)
(0.9045455559677686+4.999555770246244j)
(0.8618989852996186+5.057155161808309j)
(0.8171382988573037+5.116025171816756j)
(0.7701600199979628+5.176218336118555j)
(0.7208539859394875+5.237788726934577j)
(0.6691027926421691+5.300791979176746j)
(0.6147811890729811+5.365285307963731j)
(0.5577554152958755+5.43132751509143j)
(0.4978824781836351+5.498978981787198j)
(0.43500935781849237+5.568301644563824j)
(0.36897213682792285+5.639358950377107j)
(0.29959504398103554+5.712215786553799j)
(0.2266894023314345+5.786938380075742j)
(0.15005247102408714+5.863594159745525j)
(0.06946616857278426+5.942251573487647j)
(-0.015304336063257427+6.022979851507478j)
(-0.10451217992698278+6.105848704186213j)
(-0.1984305272132006+6.190927941367883j)
(-0.2973544743686335+6.278286997010863j)
(-0.4016031606934476+6.367994339930162j)
(-0.5115221085579277+6.460116747432619j)
(-0.62748582016416+6.554718413883872j)
(-0.7499006608813616+6.651859860469621j)
(-0.8792080625369996+6.751596605389301j)
(-1.0158880836529058+6.853977545171938j)
(-1.1604633674147073+6.959042987386322j)
(-1.313503542078901+7.066822262305145j)
(-1.4756301124136566+7.177330825553742j)
(-1.6475218944262455+7.290566744785804j)
(-1.8299210487205055+7.406506440190142j)
(-2.0236397698788378+7.525099520175183j)
(-2.229567689567035+7.646262518723088j)
(-2.4486800486133533+7.769871298209493j)
(-2.6820466866669594+7.89575182922238j)
(-2.930841885155084+8.023668995004059j)
(-3.196355077248895+8.153312990145787j)
(-3.4800024033746304+8.284282788264301j)
(-3.7833390368170807+8.416066038410369j)
(-4.108072123329171+8.548014611520825j)
(-4.456074060515692+8.67931485297379j)
(-4.829395672196974+8.80895140246651j)
(-5.230278589580483+8.935663216709983j)
(-5.66116580725786+9.05789017561648j)
(-6.124708900773235+9.173708376255401j)
(-6.623769724903284+9.280751938362897j)
(-7.161413494594536+9.37611889482034j)
(-7.740888904368896+9.456258581591817j)
(-8.365589271712677+9.516837978200492j)
(-9.03898648977809+9.552584851550154j)
(-9.764526743653617+9.557106589855795j)
(-10.545473420109278+9.522685686028108j)
(-11.384678465869131+9.440056536358664j)
(-12.284258892021292+9.298174391714312j)
(-13.245150876163894+9.083997018367445j)
(-14.266511410492827+8.782314159699123j)
(-15.344939283109895+8.375680417962437j)
(-16.473497628731934+7.844534145867411j)
(-17.64054563449351+7.167616801645895j)
(-18.82843525170903+6.322838317000404j)
(-20.01220775993717+5.28875169059757j)
(-21.158537415679696+4.046781865337596j)
(-22.225303530690038+2.5842680268667095j)
(-23.162289767978802+0.89819131229934j)
(-23.913535990642824-1.0008416446687196j)
(-24.42170266238165-3.0851618005187276j)
(-24.634368741886846-5.308260705247461j)
(-24.511493930996973-7.6058194646541475j)
(-24.03254332993897-9.900240271165341j)
(-23.201373460885627-12.108426110753738j)
(-22.047269493152587-14.151402637345033j)
(-20.62155511920129-15.963571385537007j)
(-18.990571534248335-17.499395083858303j)
(-17.226889984155875-18.73618465540003j)
(-15.400904564563177-19.672940106721594j)
(-13.574437587033614-20.326276175062635j)
(-11.797067474502903-20.72494394812402j)
(-10.105029646056417-20.904334688907557j)
(-8.522026088287554-20.90187886429166j)
(-7.0611405703974945-20.753726042882576j)
(-5.727171585046172-20.492693673613577j)
(-4.5189132633812825-20.14725599319423j)
(-3.4311285784486856-19.741276237449625j)
(-2.4561197082622215-19.294207029434695j)
(-1.584899459549991-18.821543923454005j)
(-0.8080170952290495-18.335382983356972j)
(-0.11610861568230378-17.84498927352056j)
(0.49976002179592266-17.35732455341547j)
(1.0478981157576377-16.87751020300487j)
(1.535897467348516-16.4092184400713j)
(1.9706068607073313-15.954994406815391j)
(2.358148713207411-15.516516345565522j)
(2.7039604434955407-15.094802784353208j)
(3.0128487788656972-14.690375712226093j)
(3.2890493067789355-14.303387961207726j)
(3.536286432833519-13.933721914008178j)
(3.7578308586722646-13.581065495053304j)
(3.956552994399004-13.244970314987862j)
(4.134971565642853-12.92489588508661j)
(4.2952972081311875-12.620243014209942j)
(4.439471164378423-12.33037884095471j)
(4.569199379206426-12.054655421388386j)
(4.685982382396003-11.792423368896344j)
(4.7911413811785435-11.543041708176204j)
(4.885840984821709-11.305884843174473j)
(4.971108962946708-11.080347334125936j)
(5.0478534079722515-10.865847019737267j)
(5.116877636237969-10.661826897116601j)
(5.1788931256389255-10.46775607647245j)
(5.234530752180424-10.283130053691337j)
(5.284350554920181-10.107470486795044j)
(5.328850228879136-9.94032461819529j)
(5.368472518827319-9.781264450651472j)
(5.403611663322489-9.629885758621494j)
(5.434619017821665-9.485806996496164j)
(5.461807967811339-9.348668149674594j)
(5.485458227459104-9.21812956249262j)
(5.505819605965934-9.093870767860166j)
(5.523115312358399-8.975589336455615j)
(5.537544859624193-8.862999757978722j)
(5.549286620676746-8.755832362900904j)
(5.558500081406255-8.65383229008186j)
(5.565327829896242-8.556758503317562j)
(5.569897315581163-8.464382858168133j)
(5.5723224075817415-8.376489219156412j)
(5.5727047775638905-8.292872626513885j)
(5.571135129128094-8.213338511010873j)
(5.5676942928737-8.137701954967262j)
(5.562454203821952-8.065786997256936j)
(5.555478775772459-7.997425979957435j)
(5.546824685349375-7.932458934218531j)
(5.5365420769345315-7.870733002917493j)
(5.5246751983410665-7.812101897709822j)
(5.5112629759263-7.756425388164591j)
(5.496339536846727-7.70356882078026j)
(5.479934685305352-7.653402665803833j)
(5.462074338901843-7.605802089921124j)
(5.442780930566349-7.560646553038487j)
(5.4220737810114406-7.517819427543754j)
(5.3999694461694645-7.477207638604166j)
(5.376482043680873-7.438701324244202j)
(5.351623562152691-7.4021935141319855j)
(5.32540415660698-7.367579826203433j)
(5.297832433281597-7.334758180461526j)
(5.268915726717907-7.303628529508364j)
(5.238660371869823-7.27409260560218j)
(5.207071973783771-7.246053684279219j)
(5.174155677230244-7.219416364849198j)
(5.139916438499694-7.194086368359456j)
(5.104359301403544-7.16997035392888j)
(5.067489679340899-7.146975754686549j)
(5.029313645087377-7.125010634902683j)
(4.989838229727869-7.103983570280494j)
(4.949071731879962-7.083803553779464j)
(4.907024038022659-7.064379929764698j)
(4.863706954347744-7.045622359718165j)
(4.819134550067551-7.02744082319801j)
(4.773323511533333-7.00974565818258j)
(4.726293505823344-6.992447645373754j)
(4.678067551629428-6.975458141437056j)
(4.628672394296401-6.958689266502977j)
(4.578138880727973-6.942054151513603j)
(4.526502328558029-6.925467251129863j)
(4.473802882491655-6.908844727872584j)
(4.420085849044163-6.89210491290295j)
(4.365401999062469-6.875168848282371j)
(4.309807825428109-6.857960914627396j)
(4.2533657412581505-6.840409546705827j)
(4.196144201804052-6.822448037628126j)
(4.138217731203576-6.804015429797103j)
(4.0796668333774395-6.785057487610008j)
(4.020577764858729-6.765527743019416j)
(3.9610421463816126-6.745388600413321j)
(3.901156389877684-6.72461248190332j)
(3.8410209183856825-6.703182988076257j)
(3.7807391585540295-6.681096042726897j)
(3.7204162891804335-6.658360983283139j)
(3.6601577348349283-6.63500155190537j)
(3.6000674012475797-6.611056736031961j)
(3.5402456588958042-6.5865814020204985j)
(3.480787093051592-6.561646662128222j)
(3.42177805220215-6.536339914095845j)
(3.3632940417837256-6.5107644947411725j)
(3.3053970258481233-6.485038894867266j)
(3.2481327146564754-6.459295492918782j)
(3.19152793008685-6.433678779407654j)
(3.1355881518077315-6.408343063050563j)
(3.0802953540293005-6.383449672278524j)
(3.0256062440059903-6.359163691283415j)
(2.9714510082918406-6.3356502966018216j)
(2.9177326604336304-6.313070786554876j)
(2.8643270642959577-6.291578419573965j)
(2.811083681177458-6.271314196398882j)
(2.7578270576364643-6.252402733381647j)
(2.704359036466334-6.234948378127107j)
(2.650461637987855-6.219031713582463j)
(2.5959005254417815-6.20470658235623j)
(2.5404289394028217-6.191997740303807j)
(2.4837919640838035-6.180899218837234j)
(2.4257309748345257-6.171373441263539j)
(2.365988111942604-6.163351102355159j)
(2.3043106310297308-6.1567317850787315j)
(2.240454994059482-6.151385256498967j)
(2.1741905856984856-6.147153358447385j)
(2.1053029654594386-6.143852389056047j)
(2.033596594438096-6.141275859432903j)
(1.95889700427709-6.139197505609518j)
(1.8810524032416074-6.137374438778563j)
(1.799934738363055-6.135550325650823j)
(1.715440252381649-6.133458504070604j)
(1.6274895890930317-6.130824955307644j)
(1.5360275105560988-6.1273710721711465j)
(1.44102229470984-6.12281617996966j)
(1.3424648828451538-6.11687978425487j)
(1.2403678438129444-6.109283534464601j)
(1.1347642166512033-6.099752905503303j)
(1.025706286288421-6.08801860971787j)
(0.9132643388846635-6.0738177596195j)
(0.7975254348331573-6.0568948071994315j)
(0.6785922289897189-6.037002289037081j)
(0.5565818596979482-6.013901407916942j)
(0.4316249209003097-5.987362481695085j)
(0.3038645252186334-5.9571652890214j)
(0.1734554604217402-5.923099339539392j)
(0.04056343717505412-5.884964093620279j)
(-0.09463557766676382-5.842569153769959j)
(-0.2319559507748242-5.795734446755663j)
(-0.3712029057087105-5.744290412371449j)
(-0.5121729920335334-5.688078211697743j)
(-0.654654513228212-5.626949964773249j)
(-0.7984279269222072-5.560769024838641j)
(-0.9432662311262924-5.489410293735196j)
(-1.0889353499628596-5.41276058067349j)
(-1.235194531997233-5.330719004408075j)
(-1.3817967736649728-5.243197436865267j)
(-1.5284892795197702-5.150120984458742j)
(-1.6750139701057798-5.051428501677288j)
(-1.8211080472097567-4.947073130038729j)
(-1.9665046250743627-4.837022854161727j)
(-2.110933434866219-4.721261065511882j)
(-2.254121608296725-4.599787123337771j)
(-2.3957945447760007-4.472616901424774j)
(-2.5356768648746697-4.339783308579162j)
(-2.673493451153611-4.201336770215555j)
(-2.8089705756202314-4.057345658088959j)
(-2.941837111202256-3.90789665508777j)
(-3.0718258226967476-3.7530950421224776j)
(-3.198674730698981-3.593064894512974j)
(-3.322128540056979-3.4279491759138603j)
(-3.441940122472166-3.257909718735846j)
(-3.557872041019986-3.083127081225514j)
(-3.669698102626403-2.9038002728585326j)
(-3.7772049229694824-2.7201463414715894j)
(-3.8801934869056414-2.5323998175969646j)
(-3.978480686411622-2.3408120137379016j)
(-4.071900817216656-2.1456501788049027j)
(-4.16030701481662-1.9471965105773716j)
(-4.243572610443074-1.7457470318109336j)
(-4.321592387828604-1.5416103384158277j)
(-4.394283722279569-1.3351062309288497j)
(-4.461587584627763-1.1265642432120089j)
(-4.523469394088983-0.9163220848730472j)
(-4.57991970586306-0.7047240162416891j)
(-4.630954721443238-0.49211917678316325j)
(-4.6766166119979795-0.2788598895359649j)
(-4.716973647790892-0.06529996545506424j)
(-4.752120129334678+0.14820696759784432j)
(-4.782176118757913+0.3613090860979988j)
(-4.807286972603988+0.5736579173182459j)
(-4.827622679908651+0.7849097865993063j)
(-4.843377011811368+0.9947271421046422j)
(-4.854766491083349+1.202779735284562j)
(-4.862029191713241+1.408745637255247j)
(-4.865423380031235+1.6123120736665262j)
(-4.8652260097081115+1.8131760633419491j)
(-4.861731083316711+2.0110448489801653j)
(-4.8552478929574185+2.2056361114568452j)
(-4.846099151733047+2.3966779627182393j)
(-4.83461902661827+2.5839087158710248j)
(-4.821151081549636+2.767076434829615j)
(-4.806046137403453+2.9459382697558354j)
(-4.789660053012965+3.1202595885251725j)
(-4.772351428589769+3.2898129185878346j)
(-4.754479229968719+3.454376717887105j)
(-4.736400329127356+3.6137339979978473j)
(-4.718466953596744+3.7676708273878803j)
(-4.701024034862614+3.915974747753052j)
(-4.684406443864758+4.058433141756494j)
(-4.668936100478888+4.194831596263419j)
(-4.654918943677008+4.324952311293237j)
(-4.642641750205763+4.448572611382122j)
(-4.632368792421546+4.565463622756214j)
(-4.624338330709485+4.675389186482431j)
(-4.618758943033666+4.778105084311389j)
(-4.615805703927915+4.873358659848405j)
(-4.615616237910766+4.96088892244783j)
(-4.618286688052483+5.040427224112832j)
(-4.623867659259093+5.111698599853654j)
(-4.632360217559405+5.174423858397733j)
(-4.6437120507995155+5.228322501753125j)
(-4.657813921803418+5.2731165377319025j)
(-4.674496570959577+5.3085352280486235j)
(-4.693528249563054+5.334320785086686j)
(-4.714613085818166+5.350234992334255j)
(-4.7373904994680505+5.3560666768308005j)
(-4.76143588552976+5.35163990754935j)
(-4.786262779434006+5.336822733256655j)
(-4.8113266920602324+5.311536209980604j)
(-4.83603076142129+5.275763405915858j)
(-4.859733306869385+5.229558015640174j)
(-4.881757292051108+5.1730521719711255j)
(-4.901401606810161+5.1064630190306275j)
(-4.917953970467609+5.030097610116723j)
(-4.930705146307932+4.944355723598034j)
(-4.938964048489843+4.849730251912387j)
(-4.942073228039804+4.746804912656558j)
(-4.939424154287269+4.636249153035099j)
(-4.930471671183944+4.518810262400204j)
(-4.914747011096807+4.395302861916297j)
(-4.8918687949682+4.266596092959964j)
(-4.861551535946801+4.133598963348194j)
