(11.575061761223592+0j)
(11.481840930066891-0.4522920143783125j)
(11.295387968467937-0.79763822168532j)
(11.084589998182464-1.061866414133268j)
(10.864592818120826-1.2677374484853943j)
(10.640707925032046-1.4249844835708378j)
(10.417365920846335-1.5379105649893734j)
(10.199527092723729-1.6088780938992462j)
(9.992777750280888-1.6398428968552188j)
(9.80317058827496-1.6331014439941405j)
(9.637019588115816-1.5916957553005664j)
(9.500691605793445-1.5196591023685266j)
(9.400394511390536-1.4221863157685526j)
(9.341947178634369-1.3057685069551446j)
(4.016556372399169+3.305452633415647j)
(9.370247165203878-1.0492019695137653j)
(9.46390633960229-0.9293912022556924j)
(9.612281640119567-0.8312943660647875j)
(9.813578715464011-0.7685946237422837j)
(10.062707597764497-0.7557729454024028j)
(10.350595100166698-0.8073064682170182j)
(10.663671418780813-0.9364686893587013j)
(10.983751036743959-1.1537419111942426j)
(11.288558220721349-1.4649794095963693j)
(11.55309784026255-1.86961918449946j)
(11.751906962217118-2.3593968081878387j)
(11.86195087650194-2.918042886155652j)
(11.865632652785326-3.522301138304922j)
(11.75321168313016-4.14426230237219j)
(11.52400065074017-4.754591029631679j)
(11.18604350996152-5.325919793138971j)
(10.754431882410142-5.83564913129874j)
(10.24878485517742-6.267636730319924j)
(9.690550327002603-6.612642134843955j)
(9.100678045210822-6.867736416075519j)
(8.497971224400471-7.035069293363684j)
(7.898175117456167-7.120398379239721j)
(7.313690141203817-7.1316873115025565j)
(6.753723198505352-7.077947329691281j)
(6.224690760071913-6.968382898914548j)
(5.730725943238116-6.8118272215954825j)
(5.274190768294975-6.616416553022112j)
(4.856137815982379-6.389442192713264j)
(4.4766967450923065-6.137324047995322j)
(4.135380664805128-5.86566090871037j)
(3.8313177780118606-5.579324727772751j)
(3.5634179973817335-5.28257671358595j)
(3.330484849231428-4.979191044795604j)
(3.131281661595538-4.672577512840593j)
(2.9645588978439465-4.365897711494929j)
(2.829047235488658-4.062170904232392j)
(2.7234190591150793-3.7643657263600447j)
(2.6462198241451107-3.47547266768133j)
(2.5957706878763678-3.1985500814972654j)
(2.5700454334637377-2.936733660113252j)
(2.566528635574989-2.6931966162824534j)
(2.5820687061032284-2.47104646682251j)
(2.6127488238231353-2.2731462551672923j)
(2.65380945752813-2.1018557006299603j)
(2.6996649143085443-1.958703262914387j)
(2.744057509905443-1.8440236818364992j)
(2.7803798739622234-1.756623299589005j)
(2.8021640474192537-1.6935578914797609j)
(2.8036879950206415-1.650111127046224j)
(2.7805993548076384-1.6200343185404724j)
(2.7304248206663644-1.5960489864099372j)
(2.6528421136229756-1.5705394294503319j)
(2.549645104633243-1.5363025494411982j)
(2.424413611863313-1.487204141307971j)
(2.281974855342695-1.418623124371184j)
(2.127784107651428-1.32763171015316j)
(1.9673476449919791-1.2129304114948178j)
(1.805772944682197-1.074606137529362j)
(1.6474811469017185-0.9137990009688579j)
(1.4960744386765952-0.7323539637268732j)
(1.354325693322581-0.5325097716911613j)
(1.224249341891221-0.3166519223074598j)
(1.107215807547859-0.08713602237964646j)
(12.688140147621104-1.1342450434851068j)
(0.9153104497610071+0.4042207795830065j)
(0.841092493592698+0.6622677660734588j)
(0.7814280749928117+0.9264033870208276j)
(0.3457357424600365-10.869497673160664j)
(0.7052499855186919+1.4676640756974848j)
(0.6883716158963522+1.7425394508453442j)
(0.6853802719551368+2.0189294298783746j)
(0.6961024060121608+2.295927738232585j)
(0.7203807247325374+2.5726468179845385j)
(0.7580638102219286+2.8481822923414577j)
(0.8089845822921115+3.121581171649776j)
(0.8729271738625098+3.3918160240850925j)
(0.9495819347404355+3.6577683875216604j)
(1.0384890761171641+3.91822597787266j)
(1.1389731777711742+4.171899488381633j)
(1.2500736093315454+4.417465486824092j)
(1.3704798540245975+4.653641348844413j)
(1.4984852813494516+4.879295362415143j)
(1.6319768586753238+5.093589241074061j)
(1.768479538424619+5.29614111559992j)
(1.9052700633091133+5.4871859284377855j)
(2.039563817078468+5.667700353018939j)
(2.1690110945951857+5.83926473699844j)
(2.291085916392921+6.004697788658199j)
(3.5763987927779968+5.617391152121858j)
(2.5085543871994123+6.329719597573986j)
(2.7393721784198686+6.954259260497467j)
(2.6913239077195703+6.669762630692267j)
(2.773155697337114+6.853090359311819j)
(2.8516768953543017+7.048320036962493j)
(2.9295480328037016+7.256903118841802j)
(3.0094712736627702+7.479666017824052j)
(3.094036229917478+7.716906547849725j)
(3.1856242692638572+7.968516603058064j)
(3.286366302097666+8.234106872216357j)
(3.3981423786850713+8.513117566757918j)
(3.5226096906282933+8.804907132916744j)
(3.6612469999074704+9.108817000230868j)
(3.8154063819149946+9.424214169592076j)
(3.9863662416186476+9.750515202464301j)
(4.175382188936823+10.087195544637115j)
(6.633713080389054+11.685177880004908j)
(4.612770673561367+10.789870759693224j)
(4.863947616818931+11.155053458735377j)
(5.13886775292496+11.528950710960501j)
(5.439316528675888+11.911154239321808j)
(5.767297930954522+12.301195839139567j)
(6.1250693101491525+12.69850174759785j)
(6.515174431976623+13.102335926413444j)
(6.940472771141966+13.511729923313679j)
(7.404161869060738+13.925397250046354j)
(7.909788519429014+14.341630949275668j)
(8.461243866046035+14.758184064619089j)
(9.062737290993493+15.172133713483932j)
(9.516212777278376+15.140923983627625j)
(9.931655000532235+17.454851064181096j)
(12.658858915310306+17.705608660946897j)
(13.335229054067325+12.964057394498711j)
(13.724714234084667+17.311125392033603j)
(21.281881761357166+28.406938610864646j)
(30.991525844487803+24.096901921750874j)
(16.43593202706347+16.608892538732196j)
(21.899512361554578+16.865031158026444j)
(20.794241320797642+19.10000216880278j)
(25.573440588674107+21.936779697577066j)
(33.65487053154877+29.571462624505894j)
(11.88598327007724+29.56969449849013j)
(26.69223575369168+10.364639898267608j)
(34.04335345175974+5.941952669014624j)
(40.413997930434306+23.683257921683804j)
(38.34389707418724+6.472688590677801j)
(28.02007534419612+11.941803144017472j)
(27.26592085595191+9.345192184615087j)
(28.261053940934488+10.942998892114076j)
(56.2839769340054+22.8377331102767j)
(37.2747028868377+7.5406534093236735j)
(29.497409891287276+14.230815919078555j)
(51.98248321975154+4.751649502244134j)
(11.582004690382288-65.2179740487522j)
(34.51828796487215+2.1496935700021074j)
(24.43070772940054+18.646031420857042j)
(18.20535011246198-8.207639437854912j)
(36.118742219379996-0.5085853510146499j)
(33.78551131996105-10.452750674426152j)
(51.397905324067075-10.075876216179257j)
(27.827034696753763-5.469430054276268j)
(44.78323971779008-0.5054479886842107j)
(30.960723040080435+5.360979526353162j)
(13.039637565447766-3.097738118304063j)
(32.26966967631131-13.641793752656424j)
(21.516671597342352-13.171635988179448j)
(28.56168870639645-16.58994052442938j)
(40.395258455963855-36.15042253035391j)
(19.35596299248227-17.14495010524894j)
(28.722335082480456-15.844399350618437j)
(24.87909490335452-12.24403603756255j)
(-16.39149961408602+54.87454633030608j)
(-4.8876264086378765+83.22166868303498j)
(32.469685120315596-20.038593844979264j)
(21.772701278571464-22.23031554053226j)
(17.485519692195794-19.26457226474666j)
(32.703608642475444-31.07174332459231j)
(14.216717511921038-17.176327877613144j)
(11.907415387257927-16.01465531959853j)
(24.28167566312495-20.967698322880484j)
(13.613378840358093-17.891004401654715j)
(16.61946943462644-26.21763445613183j)
(11.888345048158074-15.072464908931632j)
(19.77150430744514-15.470089921869171j)
(12.045767033248445-14.478402600369579j)
(10.000788496283825-12.47674555122372j)
(12.564546474848733-14.616168562623066j)
(11.271717054734912-14.101570758115638j)
(9.806765532995087-14.03817358309693j)
(11.672949542611011-12.472193685441159j)
(11.055212227917886-13.486975090557818j)
(9.740864151647513-11.75102311549553j)
(-0.045638682057807016-11.026494697074478j)
(16.44034391571262-27.228386552391125j)
(7.557142081485476-13.15852248253165j)
(4.601154427050059-13.082857419922526j)
(13.465581751914536-14.47834061963058j)
(7.913118449831409-13.557040315021267j)
(6.539476117535624-13.095473378267833j)
(6.397884886554003-14.414044751271085j)
(2.0212524314736036-3.8586913212591627j)
(7.4420614949947845-11.515776651096306j)
(5.838013161244817-9.168922694057224j)
(7.104138579188334-10.290779543033928j)
(5.33341275259482-8.853978212248743j)
(7.135612431398991-10.918838946078955j)
(3.2552201610860854-11.785962460190794j)
(5.975562689719058-9.981863114261559j)
(5.827296331881494-9.841420036634057j)
(5.6854387832384905-9.697561678893663j)
(5.550636142283384-9.550889573483245j)
(5.423359844549676-9.402068921526942j)
(5.303925965225893-9.251790657241848j)
(5.19251756351939-9.100744871780279j)
(5.089207046767597-8.949603858332624j)
(4.993976576012627-8.799012807090557j)
(4.9067353454818745-8.649586229992316j)
(4.827333147555521-8.501908387612005j)
(4.755570020408935-8.356536225073702j)
(4.6912020196140665-8.214003540138858j)
(4.633943310963048-8.074825274004795j)
(4.583464898716453-7.939500924928518j)
(4.5393904241637975-7.808516143924652j)
(4.501289629368782-7.6823416018241675j)
(4.468670306550347-7.561428252938576j)
(4.4409698570415905-7.446198211461733j)
(4.417547955388757-7.337030664158239j)
(4.397682210890929-7.234242634190788j)
(4.380569053522221-7.13806504385674j)
(4.365332207705957-7.048615419601096j)
(4.351040882793329-6.965869688951752j)
(4.336739032081413-6.889636674820422j)
(4.3214856136742-6.819539812411078j)
(5.24156461521419-8.782181316739678j)
(4.284734728253042-6.6953001883881695j)
(4.2618896571209595-6.639504683062219j)
(4.235492753877812-6.586614817190955j)
(4.205407858656876-6.535574836436929j)
(4.171744101509167-6.4853504284587755j)
(4.13483893827113-6.434994854248771j)
(4.095220964804796-6.383705155092589j)
(4.0535581785356-6.330861961886385j)
(4.010599243667677-6.276049628552136j)
(3.9671154581463566-6.219056896840714j)
(3.9238497454809207-6.159861186041803j)
(3.8814767194923743-6.098601334841413j)
(3.8405754116826594-6.035544091275554j)
(3.8016141776459187-5.971049094463343j)
(3.7649459099285787-5.90553593708277j)
(3.730811019436858-5.839455556782861j)
(3.6993455723736517-5.77326698337212j)
(3.6705922807532425-5.70741952928953j)
(3.6445125449585793-5.642339895247864j)
(3.62099828794017-5.5784233354089015j)
(3.5998828113544734-5.516027916970223j)
(3.580950302357216-5.4554709430895905j)
(3.5639439177043384-5.397026723336342j)
(3.548572579914112-5.340925027882782j)
(3.5345167568319105-5.287349723077008j)
(3.521433579344714-5.236437243446832j)
(3.5089616973092683-5.1882747041492845j)
(3.496726290351741-5.142897599833099j)
(3.4843446420436006-5.100287174115333j)
(3.4714326516697516-5.060367681270751j)
(3.457612591884372-5.023003898246116j)
(3.442522314981944-4.987999375831864j)
(3.425825957296251-4.95509603138686j)
(-0.41363064834579166-0.1562604301152033j)
(3.3864761760403557-4.894264785305623j)
(3.3633948230182344-4.865541304427464j)
(3.3378771934144824-4.837346984558136j)
(3.3099059839436755-4.809202314967734j)
(3.279558408182033-4.780625568741521j)
(3.2470085630847567-4.751154508485998j)
(3.2125239709925917-4.720369457376569j)
(3.1764556696605584-4.687915897031002j)
(3.1392218972835564-4.653524488997552j)
(3.1012862021131067-4.61702643392109j)
(3.0631315649533395-4.5783624247108925j)
(3.0252327100155094-4.537584091427166j)
(2.988029071429182-4.494847679045149j)
(2.951900814347762-4.450400596094804j)
(2.917149895008716-4.404562259629197j)
(2.883987471840368-4.357701205517315j)
(2.852528186421474-4.310210658989884j)
(2.8227910653614985-4.262484668028068j)
(2.794706172142847-4.2148965541252705j)
(2.7681257323641564-4.167780931486718j)
(2.7428382825171846-4.121419994764758j)
(2.7185844222329605-4.07603426760598j)
(2.6950729266540105-4.031777598969192j)
(2.6719962350416204-3.988735916931621j)
(2.649044616367549-3.9469290981262315j)
(2.625918579769384-3.9063152644764894j)
(2.6023393216895285-3.8667968487488356j)
(2.578057171608836-3.828227847449147j)
(2.552858114912331-3.790421778955611j)
(2.5265685414866117-3.7531599681741055j)
(2.499058402223513-3.7161998745740696j)
(2.470242962764556-3.6792832619465465j)
(2.4400833337653354-3.642144073279909j)
(2.408585936762722-3.6045159230957573j)
(2.3758010396239104-3.566139154048175j)
(2.3418204690158135-3.5267674267083002j)
(2.3067745815352816-3.4861738232782113j)
(2.2708285514656312-3.444156449133806j)
(2.2341780123747297-3.4005435118550658j)
(2.1970440730153857-3.355197846335308j)
(2.159667716083948-3.3080208373436526j)
(2.1223035830473926-3.2589556678003126j)
(-1.254698265167705+1.8942026968091152j)
(2.0486573256869614-3.15515650978994j)
(2.012888489055412-3.1005354554618774j)
(-0.6726270718543564-1.6156641581546265j)
(1.94462807375803-2.9864742380512976j)
(1.9125219275071992-2.927410602215107j)
(1.881956455130679-2.8673025143251896j)
(1.853013933622-2.8064173363593015j)
(1.8257196541642424-2.7450383605207183j)
(1.8000372973229706-2.683453044976333j)
(1.775866798059484-2.621939667539716j)
(1.753045291402255-2.560752952719266j)
(1.7313515981250052-2.5001094613991155j)
(1.710514480368327-2.4401737337790217j)
(1.6902245778370353-2.381046301276589j)
(1.6701495551706598-2.3227546899464584j)
(1.649951600179107-2.2652483975956503j)
(1.629306074742129-2.208398533901339j)
(1.6079199005645688-2.1520023927875642j)
(1.5855482114137975-2.0957927344277083j)
(1.5620079437334493-2.0394510665180805j)
(1.5371873533662699-1.982623811113899j)
(1.5110508871231112-1.9249399898727146j)
(1.4836393299864388-1.8660289924305857j)
(1.4550656118879075-1.805537108158605j)
(1.42550702464921-1.743141765061049j)
(1.3951948278543707-1.6785627730163737j)
(1.364402300804867-1.6115702469059514j)
(1.3334322424477831-1.54198923094752j)
(1.0048849661417847-1.7403856909179656j)
(1.2722460315731476-1.3946437415520787j)
(1.2426783066663762-1.3168064931304782j)
(1.214211584858259-1.2362280493664477j)
(1.1871367519129872-1.1529902092398006j)
(1.1617202111391713-1.0672124752032208j)
(1.1381997714191436-0.9790462898414691j)
(1.1167815698316501-0.8886693303368421j)
(1.0976377972917413-0.7962799574695194j)
(1.0809050220160363-0.7020918252781709j)
(1.066682954203521-0.6063285853562657j)
(1.055033560566017-0.5092185684720877j)
(1.0459805147416716-0.41098929786339183j)
(1.0395090549603088-0.3118616857480864j)
(1.0355664086249254-0.21204379068514562j)
(1.0340630277012814-0.11172407222398939j)
(1.0348749487796003-0.011064173891503217j)
(1.0378476333856017+0.08980860366200112j)
(1.0428016401935625+0.19080881574343128j)
(1.0495404125934387+0.2918998701723517j)
(1.0578603169606577+0.3930998326295062j)
(1.0675628327099105+0.49448523703659625j)
(1.0784684852899817+0.5961920541329084j)
(1.6928169856789619+1.341216695185594j)
(1.103355906033873+0.801391060049342j)
(1.6106186489110286+1.1943987935798708j)
(1.132020733938854+1.0107696622123128j)
(1.1479160597295754+1.117788718438488j)
(1.1650890685211779+1.2267646256288074j)
(1.1838125122404906+1.3379649453435178j)
(1.2044258486979125+1.451608107105294j)
(1.330121670905784+1.6266813268791585j)
(1.252930824941532+1.6867730516037238j)
(1.2817029159767885+1.808385020853655j)
(1.5083272211456524+1.9627449347609707j)
(1.3505402429106859+2.0593238988946623j)
(1.3914662778343312+2.188301754041606j)
(1.4372554631113297+2.319286042159649j)
(1.48825384777919+2.4519665615000634j)
(1.5447645814112754+2.5859958200987982j)
(1.607046567740027+2.720997689958903j)
(1.6753147213524946+2.8565749005235714j)
(1.7497412449924932+2.992315234128109j)
(1.8304574220755236+3.1277964684858923j)
(1.9175555307654857+3.262590235637008j)
(2.0110906086222005+3.3962650365660383j)
(2.1110819136901955+3.5283886750359237j)
(2.2175140288687656+3.658530364275212j)
(2.3303376366398934+3.7862627268448477j)
(2.4494700494924846+3.9111638605941748j)
(2.574795618622441+4.032819589481204j)
(2.706166161831997+4.1508259628009485j)
(2.84340155369676+4.264792014192666j)
(2.986290609932432+4.37434274570564j)
(3.1345923765183805+4.479122264293248j)
(3.2880379055956945+4.5787969696841575j)
(3.3399822640810113+5.088025351215289j)
(3.609158914216782+4.761627526467603j)
(3.776180077407642+4.844254611576818j)
(3.9470436538148856+4.920724107572581j)
(4.121386007430881+4.990854892052101j)
(4.2988368973384485+5.05450150893499j)
(4.479024326150616+5.111554423972489j)
(4.661579493463688+5.161939515768999j)
(4.846141731182408+5.205616766499606j)
(5.032363291340208+5.242578132915082j)
(5.2199138508611+5.272844594295172j)
(5.408484590820587+5.2964623910153845j)
(5.597791700121178+5.313498487018768j)
(5.787579145973395+5.324035313494789j)
(5.977620547974935+5.328164880929073j)
(6.167719991535959+5.325982383184766j)
(6.357711623157402+5.317579460166298j)
(6.547457888064553+5.303037333334806j)
(6.736846303135128+5.282420077871461j)
(6.925784707277779+5.25576834214455j)
(7.1141949983403245+5.22309386363285j)
(7.302005449217267+5.1843751541315415j)
(7.489141792671398+5.139554729386904j)
(7.675517368570584+5.088538233552611j)
(7.86102273052683+5.031195753103769j)
(8.045515201348904+4.967365526882551j)
(8.22880893755316+4.8968601410508175j)
(8.410666102257863+4.819475155966741j)
(8.590789744939073+4.734999956108672j)
(8.76881894095059+4.643230456747371j)
(8.944326653039921+4.543983156290148j)
(9.116820645862518+4.437109905145846j)
(9.285747621946548+4.3225126826718j)
(9.45050056669575+4.20015764175001j)
(9.610429106068237+4.0700876994700685j)
(9.764852509093839+3.9324330206727613j)
(9.913074822382397+3.787418852105246j)
(10.054401515980457+3.635370308027463j)
(10.188156955814256+3.4767138701342093j)
(10.31370199923221+3.31197553168978j)
(10.430451034115235+3.14177567476004j)
(7.827763811690361+6.554892594565719j)
(10.635579755816625+2.787893218640721j)
(10.72318967995474+2.6058368312033835j)
(10.800485669970678+2.421543304707903j)
(10.867347860580178+2.2359353117727188j)
(10.92377265087374+2.049949626985502j)
(10.969874137952901+1.8645197837278156j)
(11.005882866835485+1.6805588327129157j)
(11.032142021172172+1.4989425870303672j)
(11.049101219539224+1.320493688544426j)
(11.057308107290398+1.145966782053373j)
(11.057397946836362+0.9760350402627752j)
(11.05008141301305+0.8112782469494918j)
(11.036130798516275+0.6521726192829964j)
(11.016364830989586+0.49908253373842154j)
(10.991632302084628+0.3522543130500004j)
(13.741574691622123+4.750594729558529j)
(16.940145994207885-5.265696152294629j)
(10.034034386789555-1.3322114092555228j)
(10.926478081908385+0.04307024438340173j)
(25.36431254408891-6.372927999579934j)
(6.45874164612041+1.4222619947261328j)
(11.861559944760918-1.773483221633588j)
(10.992961809115727-1.8520923138978018j)
(10.220389908235282-2.308196179036587j)
(9.43773651786662-0.9579409782113392j)
(11.753473075711963+0.611524109611055j)
(9.589069726370415+3.2823683016773915j)
(23.54626876393928+0.9544443874209383j)
(10.51317916722569-3.3684864040937037j)
(10.700857063784097-3.8527162657405167j)
(13.61042699320619+0.12992052001139837j)
(6.038278090733992-4.206155187588275j)
(12.927327011963195-2.6424857098837475j)
(20.11045621465601+0.7847409529534296j)
(9.700658606732443+2.8932085993636196j)
(29.432556386467063-23.41348947933602j)
(9.720220919261529-2.057410804976168j)
(11.835772022741102-2.754746799187895j)
(12.90983045925371-3.0252445416475635j)
(40.527526842722644-47.094392306858836j)
(19.36522317811686+0.5909116827493762j)
(11.144764027008536-2.4126414789945874j)
(16.613738780804464-10.142191120161687j)
(9.366438967169268-5.249629336238704j)
(23.022967821485217+18.042628729999812j)
(10.603169919448757-5.528610092556423j)
(17.201294901611952-9.137983410039732j)
(3.731543834146301+12.199658337029886j)
(9.762411849085856-3.9107378238870765j)
(-11.845908086993283-8.88776766761567j)
(-7.076676664291734+0.9698080627176731j)
(11.20009041955761-1.48650261151788j)
(13.882954306552222+7.151623538667054j)
(30.219691196544375-28.690952835818646j)
(14.170567137290835-7.758151170269033j)
(7.91852778314705+1.6455014682020408j)
(38.379137758462306+18.254033093431488j)
(7.52552420539308-1.6958782053042898j)
(10.535554171573198-3.5522500426371404j)
(-2.938416443218606+0.6264092240001067j)
(12.908481434365033+5.034414966311956j)
(10.020889093139125-0.8910056921737458j)
(7.821115532975544+5.882305740346425j)
(9.296436128162082-0.13656768826885388j)
(-8.507113031948313+0.867797731588605j)
(19.403999267997932+29.53062669814724j)
(20.828444808883425+6.0612177650524375j)
(12.414354657676972-0.09809408144581497j)
(50.0161302030105-130.51916406028116j)
(19.02804411198083-1.7560571654348092j)
(130.88100699168328+39.415890326190905j)
(11.885399833717052-10.946081233869723j)
(13.380415833828813-2.3851278422504145j)
(-6.498688016726463-48.98229424736686j)
(97.89265096886145-59.741915209549084j)
(51.24963245097864+40.14095437751881j)
(16.681758736015635-17.237839744569285j)
(-194.91183767056984+501.3266522721762j)
(20.24069555986411-23.65791362391518j)
(16.640639951811522+8.223348563737726j)
(9.56800790368809-5.293979751046795j)
(6.375367243121727-10.651963402583181j)
(-1.2812165344731954+12.031519706748467j)
(22.031775435986347-3.941195613619368j)
(-9.200867350532354+0.40808624777419117j)
(50.495239326304-5.951890106128519j)
(12.120554424359145-3.846117196258269j)
(8.227481555380614-1.695966959232783j)
(16.318183402279708+3.445941836710134j)
(9.457056681775956-1.5383377386974613j)
(8.260606016010533-9.598195662526187j)
(20.054385481231137-7.270910257558229j)
(7.305497357877335-10.024447696203584j)
(12.316432088327677-7.549814494522534j)
(10.285886542685642-3.1126941928312357j)
(9.716223617778724-3.9402139438741113j)
(11.408177417888101-2.5609386717775533j)
(29.882930856937758+7.828037205054602j)
(-39.170884926573756+4.628869437787566j)
(10.241944776556936-3.100356466112665j)
(9.033950577647554-5.685003667542617j)
(6.198969457497685-27.56177521825079j)
(9.56592107216546-2.6848094262868147j)
(10.533109011244408+0.8213908054519039j)
(6.701748938139003-3.4318635681169494j)
(-2.737240318894782-10.562496143786708j)
(6.5796465851204164+1.6667310784158325j)
(7.6476864967781495-4.826840928437182j)
(11.927008556836881-7.681830661933132j)
(9.624568390876707-7.088493400968651j)
(11.203643724410385-4.359408861734026j)
(12.687303874330752-1.7544800812090142j)
(8.789109479522061-5.192926564337091j)
(8.477367233742672-6.511347909059347j)
(8.62312648084835-19.88186316565689j)
(6.983642529471772-5.464647707188777j)
(2.358360853715113-12.481417363271246j)
(7.907272915085039-5.4362449464357665j)
(7.064962773541644-10.943948817517175j)
(8.427130438419411-3.9780868090171717j)
(8.580690495281685-3.2327393251950385j)
(-57.4812673192027+30.40790904553894j)
(6.412361346673238-11.610750589221087j)
(9.187737420067664-5.504081568673593j)
(8.397886390828633-1.3036551327783843j)
(10.53268205040899-6.049133931362723j)
(-9.387383467950185-1.8580204901456334j)
(8.603018793419993-4.8121053399408575j)
(10.041714643751416-5.908103556138988j)
(7.691012350684077-5.812212461655448j)
(13.024544339022167-2.836549900244506j)
(8.55106615741467-6.063520321928139j)
(5.864199618307426-10.816241479786143j)
(127.03502170181577-607.3266510408854j)
(8.414079693472381-6.31660913192706j)
(6.428469022603574-7.52729340413807j)
(8.626144518331422-4.709194694885437j)
(7.237282984677532-3.6579072897883735j)
(3.5340863032924688-15.647485754122094j)
(7.746703485947959-9.554648999084796j)
(9.1432487346677-5.213312773146343j)
(5.5983399665676465-4.343358394163183j)
(1.809409735617693-6.486999611190221j)
(2.8147185566974384-8.267337358876173j)
(0.010313388425374012-11.95857747465019j)
(9.582549663845558-2.763428235897183j)
(5.344420823565348-10.875908677295644j)
(5.594681824806877-6.045504674137928j)
(-0.6266567438439996-4.430885379480841j)
(4.539501807050458-8.344176627715054j)
(2.372353198116336-7.365684132305452j)
(3.055468998754763-6.891248681672124j)
(5.317665082910002-6.60893416809655j)
(4.898101121849162-6.587772434660652j)
(6.111384042275536-5.9971935620300165j)
(3.9909439159405045-6.137119689341436j)
(4.507975459673577-9.394178721273057j)
(0.3193213400244389-10.987568597684644j)
(4.05115209079936-7.214105633359604j)
(5.279297067964872-9.17102649618939j)
(1.4326118233794385-6.248875931146826j)
(3.1832188410501634-5.201125702043191j)
(4.250154107431078-5.633210186564872j)
(5.172254098243283-8.559227601748852j)
(0.9467073314481496-2.425820741049529j)
(12.88800372913496-11.877553445468132j)
(1.4629645538209675-5.209394050352092j)
(1.8152305691746269-7.400358076751388j)
(1.335350507429013-8.011994012415785j)
(0.07145117228970713-6.812402280424973j)
(4.383169615459815-5.5312958671576515j)
(3.0278363428669337-8.427412852284768j)
(2.7921716202537503-7.038524199946047j)
(-1.2592586463517195-5.302200987801623j)
(1.7464516261292864-7.936450465924214j)
(1.3968155950491332-6.115556402483265j)
(1.304314161359445-6.002575095010391j)
(1.2174312287989741-5.8894202551040795j)
(1.135763124343849-5.776466581612164j)
(1.0588937942713303-5.663996956216007j)
(0.9864126794344285-5.552209515519368j)
(0.9179289961160012-5.441227740148457j)
(0.8530821582118285-5.331112274953934j)
(0.7915484651151358-5.221873316969632j)
(0.7330444653055602-5.113482621963686j)
(0.6773275806933885-5.005884436159024j)
(0.6241946516995082-4.899004915884271j)
(0.5734790587157512-4.792759826296628j)
(0.5250470163200969-4.687060495616771j)
(0.47879354519287554-4.581818138926474j)
(0.43463852147577897-4.47694675826515j)
(0.3925230973233467-4.372364880367988j)
(0.3524066874938516-4.267996418210175j)
(0.31426462878197764-4.163770945432626j)
(0.2780865428135637-4.059623660149011j)
(0.24387536749208663-3.955495291127428j)
(0.21164696691320298-3.8513321676136063j)
(0.1814301827839693-3.747086635358709j)
(0.15326715198845478-3.642717956006504j)
(0.12721368564409555-3.5381937748406975j)
(0.10333948651796192-3.433492183262374j)
(0.08172797648567649-3.3286043384428017j)
(0.062475516503792024-3.223537535901026j)
(0.04568983053527526-3.118318565343968j)
(0.031487492946066106-3.0129971214199642j)
(0.019990405004725327-2.907648995370551j)
(0.011321266720075183-2.802378747197801j)
(0.005598139259263196-2.697321556041491j)
(0.0029282824673763155-2.5926439718768406j)
(0.003401532361112632-2.4885433441755556j)
(0.007083546019277042-2.3852457791029673j)
(0.014009278941083857-2.283002569249014j)
(0.024177068616842257-2.182085139662526j)
(0.037543677371370196-2.0827786511461843j)
(0.05402060078730511-1.9853744872365442j)
(0.0734718813842141-1.8901619181292257j)
(0.09571358854270906-1.7974192791798012j)
(0.12051504289390574-1.70740502297216j)
(0.1476017833337432-1.6203490045444309j)
(4.615889505834826-2.296443042698088j)
(0.2073437111346279-1.4558401767393336j)
(0.2392802476546957-1.3786355861951785j)
(0.2720808873325643-1.3048749319720074j)
(0.3053492903297853-1.234544793294413j)
(-16.63663566918393+4.629147799483172j)
(0.3717270132552168-1.1038274572429692j)
(0.40409702493968447-1.043121972260197j)
(0.43547573259271694-0.9852170914022913j)
(0.46557809577176507-0.9298278017995225j)
(0.4941674564897563-0.8766307414204847j)
(3.218181034800319-3.4809471364015034j)
(0.5461362462238041-0.775382219228328j)
(0.5693286128266685-0.7265764884455539j)
(0.5906362717999045-0.6784754922833366j)
(0.6101160067495233-0.6307106089525095j)
(0.6278799697394819-0.582934669158651j)
(0.6440902848481536-0.5348306289056649j)
(0.6589522518285517-0.4861189027177583j)
(0.6727064949196757-0.4365631334779811j)
(0.6856204338840587-0.38597426870326706j)
(0.6979794595036033-0.3342129087987975j)
(0.7100781755626965-0.2811899825974185j)
(0.7222120277371401-0.22686588248564096j)
(0.7346695824665502-0.17124825078471909j)
(0.7477256523495127-0.11438864821946138j)
(0.7616353954005933-0.05637835394977129j)
(0.7766294494515347+0.0026564536029036047j)
(0.7929101046616437+0.06255990196619049j)
(0.8106484696514561+0.1231518106573613j)
(0.8299825518447711+0.18423308848875486j)
(2.096480864522408+0.7892728818093279j)
(0.8738184512494378+0.30700429298994086j)
(0.8984242108521743+0.3682478839371878j)
(0.9248344322634218+0.429097492991927j)
(0.9530174442036851+0.4893338159764366j)
(0.982910322126242+0.5487465017823968j)
(1.014420610033186+0.6071378815303936j)
(1.047428326848388+0.664326492317368j)
(1.0817882636815928+0.7201504204432654j)
(1.1173325977714097+0.7744704756209108j)
(1.1538738633020647+0.8271731877802709j)
(1.1912083268188152+0.8781735928675789j)
(1.229119813877045+0.9274177452013721j)
(1.2673840223362338+0.9748848637869271j)
(1.3057733353060756+1.02058899148558j)
(1.3440621129082508+1.0645800227145743j)
(1.3820323976130935+1.1069439415066535j)
(1.4194799153118298+1.1478021114839327j)
(1.4562201975492044+1.1873094763260401j)
(0.4945520204322748+1.3971947673689977j)
(1.5269759075776679+1.263040262685969j)
(1.560773320460978+1.2997083508918392j)
(1.5934363409985917+1.3359029746971751j)
(1.624957438775819+1.3718782060787884j)
(1.655373156883993+1.4078870259394607j)
(1.6847635391835825+1.444173085300878j)
(1.713249825637604+1.4809626588889113j)
(1.7409904854251683+1.5184572114426385j)
(1.7681757746365545+1.5568269670689125j)
(1.795021108052731+1.5962058057346735j)
(1.8217596108862448+1.636687715762826j)
(1.8486342581675357+1.6783249182043627j)
(1.8758900134472682+1.7211276615250146j)
(1.9037663466660641+1.7650655763418401j)
(1.932490450003001+1.8100703909284142j)
(1.9622713899228317+1.856039746138507j)
(1.9932953444221297+1.9028418162148917j)
(2.025721987003514+1.9503204384697004j)
(2.0596820016328485+1.9983004756075504j)
(2.0952756515699513+2.0465931730510762j)
(2.1325722822832893+2.0950013228148303j)
(2.1716106148035204+2.1433240984089497j)
(2.212399678953263+2.191361476210483j)
(2.2549202427280157+2.2389182035055617j)
(2.2991266109286275+2.28580730936957j)
(2.344948689153808+2.3318531805357243j)
(2.3922942350164162+2.3768942403859983j)
(2.441051244081826+2.4207852759811805j)
(2.491090441321632+2.4633994569494173j)
(2.542267868235228+2.5046300826677514j)
(2.594427570165222+2.544392082192758j)
(2.6474043971228354+2.5826232765087127j)
(2.7010269344266016+2.619285396494j)
(2.75512057673002+2.6543648340966897j)
(2.809510750950084+2.687873090005282j)
(2.8640262808563888+2.71984686992948j)
(2.9185028695665944+2.7503477746488043j)
(2.9727866571196047+2.7794615272187886j)
(3.026737790115705+2.807296684833415j)
(3.0802339207847362+2.833982793151474j)
(3.133173535536532+2.8596679572690142j)
(3.1854789998186157+2.884515825323553j)
(8.76464393502368-0.5586797472098461j)
(3.2880116505253794+2.9324099761906868j)
(3.3382239826780733+2.95582654243144j)
(3.3877746634360926+2.979136991489599j)
(3.4367329175539045+3.0025200346772296j)
(3.48519777105328+3.0261427129974905j)
(3.533296207046092+3.0501554199230556j)
(3.5811804465647126+3.0746872088860986j)
(3.6290244019293305+3.0998415480803505j)
(3.6770193814778493+3.1256926744225053j)
(3.7253691521834824+3.1522826818663376j)
(3.911317281979432+4.70110139230695j)
(3.8239773648552444+3.207675560270616j)
(3.8746549251964932+3.2363880925587143j)
(3.9265134480771495+3.265659626381282j)
(3.979732437922067+3.29536017171112j)
(4.034469052233117+3.325330184886004j)
(4.0908530379759735+3.35538456739142j)
(4.148982359352293+3.3853175800408932j)
(4.208919691868041+3.414908563698443j)
(4.270689945778592+3.443928321983343j)
(4.33427896219332+3.4721459841044626j)
(4.3996334953522+3.4993361291116503j)
(4.466662553441152+3.525285919587764j)
(4.535240117565326+3.549801967224452j)
(4.605209195539977+3.572716639359486j)
(4.676387097289738+3.593893518684649j)
(4.748571746993906+3.613231751156387j)
(4.821548780219817+3.630669060965541j)
(4.895099119286194+3.646183275065794j)
(4.969006683697537+3.6597922793190802j)
(5.043065879821662+3.6715524174130065j)
(5.117088527657837+3.6815554342198156j)
(5.190909922065985+3.68992414844929j)
(5.264393787538109+3.696807107199259j)
(5.33743596315876+3.7023725210846656j)
(5.4099667397745135+3.706801799508844j)
(5.481951856012022+3.710283000926644j)
(5.55339223580352+3.713004485192873j)
(5.624322611353986+3.715149009191914j)
(5.694809218196156+3.716888449237824j)
(5.764946771802759+3.7183792709678976j)
(5.834854939104133+3.7197588058924778j)
(3.4454316424400626+4.224566168854246j)
(8.683901502779994+6.321824219452704j)
(4.332402270292618+0.5909190113011262j)
(5.790356355922812+3.991608329486538j)
(6.217841804729388+3.8729106307115684j)
(12.306855098313013+1.8993847608201715j)
(5.159869181595383+5.610127363497215j)
(6.536489823407615+4.036206064116313j)
(10.786442098178703+9.171008013675372j)
(7.456052401584513+3.6130276359828963j)
(12.743938577257238-23.18993903521524j)
(4.585722284636131+1.8753799161225944j)
(6.929518854445846+3.7912386772385496j)
(7.570372201319143+5.785529936371187j)
(11.191795016924852+6.88855574376823j)
(5.428248054408351+3.473570385479807j)
(8.316317380812567+4.071204141428185j)
(7.695579290367332+2.834299506195144j)
(6.91293991919208+5.525664905330872j)
(7.721287857568598+2.78202738830273j)
(8.630539159339621+5.804568009131393j)
(9.557349499949765+1.387342628839861j)
(8.494190737829864+7.583084501552024j)
(6.566436687119626+6.003229265976779j)
(7.276645136524056+3.435582621170586j)
(10.685483607291518+1.1180631421486988j)
(6.453384893839312+5.049275793882114j)
(19.947524762935224+2.341218360200154j)
(9.390594345011879+5.7971600535580174j)
(8.7001243152983+3.7583213606655517j)
(15.51812956258654-4.667300612271974j)
(10.466214813612456+3.630804030869115j)
(9.466542096501584+6.159613324317332j)
(8.888096005772322+7.958581436929328j)
(9.403646597098122+4.821898115402994j)
(46.445065063639696+10.943303710742974j)
(12.767441004635035+2.7051505316245597j)
(13.2187336258094+3.7812299124774j)
(6.3134510399676405+25.910700446221156j)
(15.284955796989346+10.46748823534484j)
(10.398256460561223+4.693904256503926j)
(34.785490989324394-20.57675665800753j)
(10.729470737357031+2.597497391366702j)
(18.054465667250835+2.4824211054927634j)
(11.164629989987448-0.6597444076676098j)
(10.235045356046472+3.674497125497317j)
(14.451635749883085+3.1178162155310587j)
(13.916137456827967+3.9485426066360785j)
(10.939690423192781+2.5512756437487685j)
(10.943602617313564+2.1486892391983843j)
(12.87102869747056+1.3654735039049732j)
(22.79585203593987+3.792189552893537j)
(10.202321775512415+1.5800245496864467j)
(10.781604322937033-2.1854675184452557j)
(14.230385296892592+1.1951616021596814j)
(12.516773145039306+0.8566882404393807j)
(14.939645311904266+2.914459405980622j)
(10.092807161085535-2.181457987375957j)
(15.058579926385933+2.147853291038573j)
(25.018473353890773-1.015276100867892j)
(10.752506102407263+1.6350393590291348j)
(11.800628876524991+0.9654198374901992j)
(9.9118694543842+1.1592924589318914j)
(15.18238978239503-5.72679071340542j)
(20.271963335747223+7.0912755958685025j)
(95.14059586243134-447.4916384030257j)
(16.074252296454247-14.027713433070309j)
(14.686346681224418-2.4498879716868536j)
(11.538722472068063-1.6948822153276482j)
(13.074832174518829-1.8754609555623996j)
(11.792995571802704-1.4475782215141209j)
(14.28514729429452-1.2512557536129247j)
(11.835123904079225-2.4407782722873352j)
(16.372652810669955-3.438387017831248j)
(17.073399603004773+6.765782124764614j)
(15.260619057297326-4.027419302400433j)
(39.411612892294585-53.76924341057035j)
(12.983504551604161-3.1823707400185772j)
(6.335482438724937-5.612052942574128j)
(12.362836110381012-3.2686474158621714j)
(12.308194733984992-4.440513055205514j)
(10.361834184258083-2.9145213006990103j)
(11.085788774071714-1.3479779909622926j)
(14.869838000967869-5.89691827739045j)
(9.745632434253425-6.5222587192852215j)
(15.097704002157966-7.776248279097729j)
(12.057614440564402-3.71344108060872j)
(16.808823878262185-4.944033395476363j)
(35.41272056722924-3.0828120888059645j)
(10.696789197222852-5.62239477650571j)
(6.6420704221199465-3.940643081977125j)
(-16.732987570307156-4.803155282894994j)
(8.884076210952767-7.514308344061661j)
(17.605676777799605-27.217267648421547j)
(-3.366492080338899-42.172641980637366j)
(13.319156416823173-5.208682542340041j)
(12.897710311117963-6.446839644085962j)
(8.601705776230823-7.35003272457295j)
(12.989841530234923+4.503007257053296j)
(2.2658777981617235-11.083462391634416j)
(8.024171884739678-10.305114874463321j)
(7.711018131326155-1.8263650577065536j)
(1.9991550434181802-7.303173951456811j)
(10.74988527228988-10.253655701930853j)
(8.256463195403953-6.0672251965368424j)
(10.071828210996948-6.98215434406375j)
(7.796826416687414-7.619748201825102j)
(9.665303199867253-9.501037441032626j)
(11.281147986402017-7.434501133459899j)
(8.633840963988975-13.890665993419878j)
(7.376640165180238-5.867216386280705j)
(6.677585238264831-14.39249128010012j)
(8.071832366676432-6.999126737371978j)
(7.042735230462971-6.689255980785089j)
(8.356669116744085-7.205505543950939j)
(-9.918473923468076-14.272627296595113j)
(-24.926658847100594-64.10590932858322j)
(7.084386471990812-11.274068244422478j)
(5.366576358475059-6.739091422596365j)
(8.308961895631874-6.837787208411429j)
(9.316433387039075-8.190799316358046j)
(3.7632317155386628-6.853363313506296j)
(5.612425344857919-7.510196240743039j)
(4.456139989644147-6.955020922024611j)
(6.6178924041293286-7.6933311981825865j)
(7.905084170426399-3.4262885498953337j)
(6.5171799784558875-5.562583679439108j)
(7.840287447437689-8.130348332551796j)
(6.381144499019625-6.571348786674721j)
(3.5946200515812787-5.568102818813917j)
(4.487790450209708-7.433939527365732j)
(4.265434724846783-7.136649405294634j)
(2.917857822447786-9.687232750532745j)
(7.442470227240168-22.417704267323085j)
(4.184154636150994-9.808801709383639j)
(6.027590243310084-4.908204966556826j)
(5.193357134800119-6.198910482492281j)
(3.3573187098487076-6.7266605921423315j)
(3.497049271214528-6.576074873020479j)
(5.0988311723749-6.149282021919087j)
(12.4045686515133-6.388036691143334j)
(6.049493383104457-7.545940949416823j)
(4.7920784444913975-8.114771297080393j)
(6.899437902933638-11.805536681285032j)
(-4.610864928287005+4.577549803263379j)
(3.624688702236642-5.843296132243103j)
(3.8412668906863896-5.633155898223332j)
(7.203568984016877-9.017872934994367j)
(4.33428795654702-6.130222962854263j)
(4.703139830691811-6.732079488201702j)
(2.0719662274974193-4.578785712940039j)
(8.229679571944313-8.220762537883882j)
(16.82732841888037-65.72312511891664j)
(5.025033224083354-8.642705065847467j)
(4.851648313799708-9.442124496964787j)
(3.342808667147906-6.224605701632875j)
(2.313042023027372-3.7664273764315817j)
(3.974020053427728-5.368781817648261j)
(2.9433645607674754-6.871979556931682j)
(5.3216747727854505-5.569786669840073j)
(1.0388259249956082-6.646564338571767j)
(3.5046360663666043-5.333563314649787j)
(-4.941655608504307-1.9605121243732637j)
(-1.2899538838919755-11.11809126795722j)
(2.2158943010548446-6.56749559779839j)
(4.257374811225202-1.356153669359418j)
(2.4682654010499943-5.343936080807677j)
(3.064490167227779-5.095671675079223j)
(-1.5682223932710881-6.83890612147006j)
(1.1848806218700147-5.562715706092674j)
(2.381978241830939-6.208364387391132j)
(1.5515001635325592-2.9988557253551025j)
(2.0972878503776746-6.324620896477658j)
(1.8645730975482522-6.158199965566481j)
(3.286013160980892-4.469025374836889j)
(1.6111107860353115-10.758247359753375j)
(2.2220276960862733-5.3916858786185164j)
(2.4399967325892074-4.743021735529018j)
(-11.10454422839675+12.595974855447036j)
(1.1756429868062268-3.782360077836402j)
(-0.7134668609934394-4.808401868391474j)
(1.629752302808445-4.80145102779627j)
(1.7681020913390364-5.508694916775397j)
(4.936985902041773-1.3184295061325695j)
(0.06749843721706708-6.864600039231287j)
(2.2757356402073445-4.962411538973433j)
(-0.14516575112921387-10.358570582366992j)
(0.04976789757151556-4.792569416712752j)
(0.6795033419812301-5.237661768061984j)
(-1.5549027276985576-8.327636707596241j)
(0.9818635809427754-5.205926352637898j)
(1.8814458133626561-9.712304360472885j)
(-0.7554566212858623+3.109484944978823j)
(1.498778090030749-6.859960972460261j)
(1.0525691331250489-3.949236894841185j)
(0.6785574692015487-7.605057089113024j)
(0.3321941545718011-4.096233103380298j)
(3.9814683597320903-4.0146176839285515j)
(1.1177112094355788-3.5250409646039724j)
(0.6452346627051838-4.4558391343438535j)
(1.3009802791730625-4.406393455002197j)
(0.6875944511822674-5.294846933912218j)
(-1.6045782908018602-6.695176484644067j)
(0.03824913359604259-4.184268731821513j)
(3.4515332562867376-4.45624906823515j)
(8.80144909347524+0.8229768028265202j)
(0.09066551657209485-3.858609316067479j)
(-0.6023552737601845-3.8843329571994687j)
(0.33452299117400797-3.210181793536035j)
(0.17840655990212054-4.140948884788969j)
(0.4826363371050625-3.115456729180235j)
(1.4306622239913462-4.625257068727498j)
(0.36504690575998316-4.3098560391694924j)
(-1.5036529201671018-4.401455474902706j)
(0.42537210661779495-3.145319832013392j)
(-0.14491456180534398-3.2421004161188307j)
(0.23454621827928826-4.064133675336773j)
(-0.4680869643947077-4.084512072458702j)
(0.5513498091681731-2.7093494529458493j)
(0.19041043725392778-2.875769201150021j)
(1.8434723894632667-3.0185228065692837j)
(0.43508635130896184-2.2557216356295466j)
(1.3794193587992272-1.7273066309190543j)
(1.3454253364104585-2.3986088918737822j)
(4.604014647053348-2.609677071329145j)
(-0.01676498777312862-1.7153757809495052j)
(0.3152974960415798-1.2469154580004091j)
(-0.19127834415230607-0.9772917647297747j)
(0.12204446955388978-1.5445666455386984j)
(9.817193258844686+12.332713777934172j)
(0.038014630956084046-1.324807094783335j)
(0.34130842815134593-1.2612425179804037j)
(0.3499527153232951-1.1936109999766416j)
(0.8119025483177258-1.9856386834720394j)
(1.4556088172753678-2.6314553004799652j)
(0.6394371205818995-3.849291172815623j)
(4.487293933162861-2.8291073147770938j)
(0.39850553077372786-0.8756421192427375j)
(0.408164364186639-0.8150960896558443j)
(0.4175540928651531-0.7551195781556994j)
(0.42663526397287016-0.6954848019018258j)
(0.4354097063228334-0.6359554141847596j)
(0.443923095832398-0.5762934679154309j)
(0.4522663151724323-0.5162671596349577j)
(0.4605753681232532-0.4556591349858458j)
(0.46902965042134886-0.3942750610228788j)
(0.4778484451362022-0.3319521027889345j)
(0.4872856007248602-0.2685668900257199j)
(0.49762245942033173-0.20404253353941162j)
(0.509159224600713-0.13835425706842094j)
(0.5222050773251654-0.07153325417812355j)
(0.537067461482914-0.00366846133135812j)
(0.5540410409402682+0.06509394640731841j)
(0.573396879440764+0.13455339071304645j)
(0.5953723973125385+0.20445995877227582j)
(0.6201626159711393+0.2745214605533954j)
(0.6479131153248179+0.3444121017642967j)
(0.6787150094953218+0.4137823044032082j)
(0.7126021058541339+0.4822691530203845j)
(0.7495502663789463+0.5495069359543845j)
(0.7894788536254709+0.615137284668767j)
(0.8322540286883463+0.6788184837835999j)
(0.8776935840290766+0.7402336189637293j)
(0.9255729440512004+0.7990973374498122j)
(0.9756319504471261+0.8551611049507154j)
(1.0275820636159572+0.9082169428785956j)
(1.0811136493833373+0.9580997142263968j)
(1.1359030741929876+1.0046880905363655j)
(1.1916193942326632+1.047904375046572j)
(1.2479304878255502+1.0877133792569578j)
(1.4329410992316687+2.2456735848890257j)
(1.3610348447514264+1.1571695704951306j)
(1.4172039192722605+1.186939512241717j)
(1.4727269850488414+1.2135418414620225j)
(1.5273348574945522+1.2371172376669346j)
(2.3541725644064813-1.352711869844289j)
(1.6328401023817907+1.275876903217223j)
(1.6833163978442522+1.2914600310113198j)
(1.7320382203762266+1.3048077774331042j)
(1.7788624237903983+1.316159827755045j)
(1.3628621194845933-0.9791751515688897j)
(1.8663895934060373+1.3338863258965006j)
(1.9069523761615932+1.3407820087628908j)
(1.9453380647012108+1.3467184473400573j)
(2.2553626048366873+1.3739464153443197j)
(2.015631009090774+1.3567627122495396j)
(2.0476403971676014+1.3613802210733499j)
(2.0776759870506414+1.366051001550939j)
(-0.13248206781648827-1.5755299280992807j)
(2.1323485066795866+1.3764312074255416j)
(5.1460234642754745+3.0336483364965465j)
(2.1809505288825175+1.389452836407989j)
(2.203481173037033+1.397328902244835j)
(2.2251367174025845+1.406254457081147j)
(2.2461609700503917+1.4162913323272956j)
(2.2668039650339336+1.4274647583493707j)
(1.7986062787367232-0.22381695858742562j)
(2.3079452205436284+1.4531324576118618j)
(2.328925313049608+1.4674870681261067j)
(2.1309987860542656+0.7426895138097147j)
(2.3727946815099275+1.4986146954594346j)
(2.3960506108636532+1.5150391246958153j)
(2.420381246513468+1.5317583932623782j)
(2.445887621409204+1.548535751413321j)
(2.4726312679375795+1.5651192380890615j)
(2.500632018847922+1.5812479985723846j)
(2.529866875151658+1.596658913124697j)
(2.5602699760766545+1.6110933371312102j)
(2.5917336642277435+1.6243037544385288j)
(2.6241106003408183+1.6360601564532273j)
(2.6572168488016774+1.6461559784404756j)
(2.6908358290412338+1.6544134490016942j)
(2.7247230097321777+1.66068823634347j)
(2.758611212232992+1.6648733031703782j)
(2.7922163860157014+1.6669019086867964j)
(2.8252437203718612+1.6667497196960985j)
(2.8573939616938286+1.6644360122541553j)
(2.8883698122086687+1.660023960612305j)
(2.917882292526563+1.6536200217879382j)
(2.945656955492966+1.6453724330779282j)
(2.971439841893032+1.635468847585258j)
(2.99500306947009+1.6241331408932034j)
(3.0161499460433197+1.6116214318306574j)
(3.0347194963639987+1.598217372941235j)
(3.050590292283864+1.5842267824099276j)
(3.0066128234839926+1.750078106644189j)
(3.0739648943654765+1.5557840420293754j)
(3.081446202986063+1.541998808157123j)
(3.086184965097541+1.5289473069336434j)
(3.088283616154979+1.5169502721015322j)
(3.087887345341091+1.5063112467209971j)
(3.085180912129594+1.4973103718235137j)
(3.0803844792714727+1.4901987818680902j)
(3.0737485830422617+1.4851937848323782j)
(3.0655483999582547+1.482474978136305j)
(3.056077500565143+1.482181415161934j)
(3.0456413025302336+1.484409893123234j)
(3.0345504451589864+1.4892143845120114j)
(3.023114304709869+1.4966065848594836j)
(3.0116348547804663+1.5065575027628293j)
(3.000401049989788+1.5189999773787461j)
(2.9896838765291016+1.5338319765614896j)
(2.97973217286856+1.5509205072855572j)
(2.970769281235509+1.5701059596766818j)
(2.96299054858509+1.591206706598546j)
(2.9565616574354605+1.6140237911531958j)
(2.9516177342984347+1.638345552846445j)
(2.9482631579326086+1.663952067354946j)
(2.9465719719660743+1.6906193024964675j)
(2.946588796589591+1.7181229219434475j)
(2.9483301314747226+1.7462416965040242j)
(2.9517859459024725+1.774760508879429j)
(2.9569214611546437+1.8034729605666595j)
(2.9636790433046496+1.8321836082888077j)
(2.97198014046921+1.8607098716246886j)
(2.981727216285282+1.8888836632588142j)
(2.9928056499464373+1.9165527985361999j)
(3.005085591804484+1.9435822419223194j)
(3.018423781663962+1.9698552446879594j)
(3.032665353867728+1.995274420783306j)
(3.047645668467565+2.0197627965113174j)
(3.063192220465415+2.043264854318467j)
(3.079126688393382+2.065747571902163j)
(3.095267188243747+2.087201435165586j)
(3.111430797609707+2.1076413779275196j)
(3.1274364063429463+2.12710757381621j)
(3.14310793257901+2.145665978227892j)
(3.158277915422844+2.163408493232989j)
(3.1727914574193017+2.180452609363928j)
(3.1865104418403645+2.1969403695588534j)
(3.199317894185322+2.213036506764067j)
(3.2111222985974157+2.228925632082527j)
(3.2218616248615937+2.244808397857172j)
(3.2315067788604486+2.2608966301988325j)
(3.2400641683539724+2.2774075151571704j)
(3.2475770855903456+2.2945570246775024j)
(3.2541256547243713+2.312552871182175j)
(3.2598251767080035+2.331587368480418j)
(3.264822822259532+2.3518306363146735j)
(3.2692927629975497+2.373424602946165j)
(3.273429974541003+2.396478226887811j)
(3.277443073199894+2.4210642751407647j)
(3.2815466407087013+2.447217869719385j)
(-2.5209604407991186+6.603515750858715j)
(3.29086767501388+2.5041839470379132j)
(3.2964777190017927+2.5348902603898176j)
(3.302951961870857+2.5669601545806926j)
(3.3104346367996453+2.600276716407088j)
(3.31904368404103+2.6347076330787753j)
(3.3288699244760207+2.6701110143979383j)
(3.339977481269689+2.706340848330187j)
(3.352405228412902+2.743251847120469j)
(3.3661690127968704+2.7807035283260038j)
(6.042175677868352-5.249442195826381j)
(3.397669657181345+2.8567096525239015j)
(3.41534891519268+2.8950321943833415j)
(3.4342551035839723+2.9334341451348767j)
(3.4543327826517+2.9718318710227463j)
(3.4755206472067+3.010154895233933j)
(3.4977537066564697+3.0483453927406625j)
(3.52096511855073+3.08635743300772j)
(3.5450876810304814+3.1241560626699756j)
(-104.8670458031663+12.26589485932818j)
(3.5958023929096155+3.1990221404629855j)
(3.622267468334666+3.2360655102960747j)
(3.64939057840279+3.272845389993827j)
(3.677115021178224+3.309366948147903j)
(2.302059893720182+7.049072535363122j)
(3.7341562125500527+3.3816824699784727j)
(3.7633744913281206+3.4175117556404206j)
(3.7929968813319097+3.453152520109715j)
(3.8229808256476048+3.488632388634815j)
(3.8532860992754863+3.5239826609913023j)
(3.8838746454936395+3.559238329437682j)
(7.254946750672411-15.622748581686283j)
(3.945759580304812+3.6296251665670844j)
(3.9769901084890313+3.6648464368659277j)
(4.0083724524022415+3.7001539959186163j)
(4.0398796456374+3.7356049713179016j)
(7.054107881969122+2.9925063765480258j)
(4.57825990974703+3.2025897915692667j)
(5.721438497035951+6.400504094592894j)
(11.299098296750136+5.697278106735726j)
(4.421930624002247+4.077158876167666j)
(5.909412480264545+5.793237772974911j)
(3.9144129953008067+5.022687353536336j)
(4.890793942902462+4.238002971477564j)
(5.033923926301251+4.5255021523841314j)
(4.941543899534568+4.658532188731499j)
(4.86168143748335+4.802935119898203j)
(5.294819725835846+4.339099593374137j)
(7.13162038518248+4.7086830437573735j)
(4.805430783926028+4.38729233662041j)
(6.776095128704992+6.01846665210989j)
(4.508571360443884+3.437346671259793j)
(-0.8736610192295725+4.840492675778234j)
(4.963139409318805+4.2514118263565965j)
(-8.828408360529636+11.263496995248975j)
(6.519307204748982+4.980158610659639j)
(5.444000085487751+5.476822246187229j)
(4.892787137931835+5.323006224473097j)
(4.3087133766301315-0.02639715739141071j)
(6.8023152840999455+3.6134522564889062j)
(4.819419036602047+48.11944890795225j)
(5.255519090832899+5.99903986269263j)
(5.726386069715354+7.27386167129955j)
(31.142491524343065+21.447342334778778j)
(5.340797688333609+5.309412268512088j)
(1.8891249231103535+5.689254763750379j)
(8.811820995937827+7.253252332673873j)
(6.1317027665694654+6.541775592924808j)
(2.191744143092387+8.657988057635956j)
(4.630737461047235+6.26314666784526j)
(3.7536157515744972+5.523678762426906j)
(11.173794642513949+11.906378373715807j)
(5.897527441022709+5.546390691250438j)
(6.861036706624416+6.953142759588381j)
(5.715755527663672+5.968298036770453j)
(21.460699570591025+22.02565461201089j)
(2.1088574067126675+6.395794163832879j)
(4.4233232933819355+5.952297271819007j)
(8.595855810637461+4.95939782287303j)
(8.068838421609705+8.164729803693616j)
(5.584558358968426+6.110878901780168j)
(-84.71744279947403-27.7258277572797j)
(4.953426819227152+7.995809596313557j)
(8.650328037910898+6.674737502223591j)
(10.624611923955019+7.4562627300200575j)
(-1.105511768456124+6.608117523751027j)
(5.8097161082617985+16.72852362901027j)
(7.867107166151601+6.915745488006441j)
(5.357013129007639+12.946449922547833j)
(7.7567700225466965+8.654508590623003j)
(7.498315901943938+4.714492508717954j)
(11.807851609587926+8.523033242563718j)
(9.711032835454471+4.0684583661427585j)
(9.74695676562428+2.271676900634259j)
(10.27040142243494+7.980230047848103j)
(2.812562213159121+39.599385268382115j)
(9.675454864803564+7.853311216118078j)
(6.472527010158047-5.34107991221012j)
(-3.961813180044824+119.63755405025664j)
(1.6386066858583295-0.9154531483499173j)
(13.933625786139215+6.4017494510442035j)
(7.9630541356314355+7.806698069075453j)
(10.734791139289877+9.15254515906363j)
(10.77408621964656+11.865780227759313j)
(14.4876183473897+6.732320481655926j)
(13.644445659385404+10.557208267838428j)
(13.884794716336648+5.8974138536631475j)
(-41.240711136754+64.75619350280448j)
(14.32073048034565+3.4479539831185892j)
(15.87957853610242+1.8506105762879772j)
(-42.26698934917059+38.25431038718075j)
(15.1000093878259+7.884427640748299j)
(10.81640038980509+6.289022605476558j)
(42.38101262998836+25.36473560440939j)
(11.902414257783896+4.477657968492966j)
(20.924603663631203+0.9644185787706413j)
(15.167806312427965+9.965284234811492j)
(22.00036867167813-0.2551425497671492j)
(29.124637359194864+5.8611164388786205j)
(17.509953376789984+4.2592347270683835j)
(12.490536286121813+11.996047401894813j)
(24.87448001481245+2.494888568646524j)
(20.204640923196738-4.152115485176755j)
(26.123764211909613-6.796619272136159j)
(22.77150848955998-85.80073138487136j)
(16.83324786089448-17.271778775561568j)
(37.836954302444944-9.89667723376292j)
(2.3404449568822745-11.284069107847j)
(-48.3853808678925+10.468620873072727j)
(12.666573378361674+0.9095851081832517j)
(20.100662680023795-9.167105902055388j)
(20.24548231907901-5.169818904390837j)
(13.204370480144215-0.38644590457443695j)
(16.93085746032029-1.9877985847175597j)
(18.05429380865532-7.869889767129142j)
(17.974070341865076-17.70788940240044j)
(8.771368337768484-14.730579444385484j)
(12.940245929632425-10.21108725453582j)
(19.06713239211391+14.842973490769854j)
(10.651476662533797-12.193200939119508j)
(11.97100516362238-13.160066998546368j)
(4.334516102220938+2.650416952157509j)
(44.835286235588185+3.503011096502061j)
(13.688782844487555-8.210593878541898j)
(19.688394027209274-21.767463467789973j)
(18.238246290994734+5.020318437085936j)
(17.31948402977094-13.285977876805942j)
(9.88111965957863-11.684253957630467j)
(9.286021906675185-14.50066041035179j)
(7.904759572619405-12.548828244784062j)
(15.380422422547056-4.036286666020048j)
(18.869388444132827-4.263025220628425j)
(3.7983919831637003-10.327740447018208j)
(6.493655364670605-9.73283921691875j)
(12.344576837969043-8.633331331521688j)
(19.342973957832456+12.449504015660047j)
(9.912410907294118-15.1668152032958j)
(-13.595671899704332-17.492328802707068j)
(7.542574962180999-1.3961971463745346j)
(9.798593080394522-9.812915121118689j)
(4.711616418817385-7.471050164862827j)
(7.512231097825196-5.356028905056878j)
(7.958661589664098-6.757760391082294j)
(27.663491361540128-20.214112357964893j)
(4.044070801806274-6.323293570365585j)
(5.489944733795648-10.153677980695987j)
(24.53434489084059-7.728107149861105j)
(-2.12940555576162-10.21906956581218j)
(53.55276263781701+3.8572865118237076j)
(4.987985925764056-7.520736189968962j)
(4.976643296862508-8.58661956845515j)
(6.5042292077797885-7.579888062733405j)
(1.646104003231808+0.3053399520471333j)
(3.040802501582828-4.845632395269788j)
(6.05503396177602-8.585472169511865j)
(7.275724702016375-22.601676877516937j)
(4.090361461381181-9.808751556067742j)
(9.959043757686878-9.400104046214262j)
(3.3521952951845164-4.530398589082549j)
(4.131101316326186-6.934408868130829j)
(12.901703383865035-5.340381166316976j)
(4.640101643551295-11.437719721343726j)
(3.545711535371776-5.033589919518925j)
(4.390814258933384-5.117016228578441j)
(-15.55450292838309-27.430560159081114j)
(3.9589481214831816-6.063253120266917j)
(3.4237056275962416-0.6385528857744259j)
(5.37944586198451-14.003280137617056j)
(-1.1479082748489786+0.2296064112396829j)
(4.007018038838684-5.929628876831901j)
(3.6166832375603133-5.894069782462722j)
(4.4996089846795035-5.270618966526045j)
(0.20365491831104268-7.322906162412546j)
(4.268562038750352-6.038402170216236j)
(4.05483339477073-5.265741132461408j)
(4.285419820203056-5.886709407765566j)
(5.605728819337126-5.211211551151493j)
(5.422110043583119-10.740985616848404j)
(8.187638508422927-1.199282558057385j)
(7.129053027403813-6.844482748809122j)
(9.66961030312655-8.623750033898238j)
(3.2083695597666835-8.533833786096237j)
(0.27447467011891447-5.900491957259529j)
(2.6375732617188112-5.536391879441587j)
(6.171902323624537-5.3372202225226335j)
(-2.9976008533035428-9.233002159832623j)
(1.0370038850904335-4.477997547669605j)
(5.34310155271281-9.852067824790154j)
(3.665743064766976-3.5498132377772746j)
(7.751637054776377-0.8025300518595038j)
(2.398197125465551-5.194914112323202j)
(2.881021503004497-2.4965503595975918j)
(2.980858517326065-2.4760619253360754j)
(6.2620179809859495-4.625254990899861j)
(3.994860276280446-7.4859353002276j)
(2.388775107101229-5.723919829702048j)
(3.136028010823126-6.460681256858404j)
(3.8256656827587134-3.8219958396831193j)
(1.8916054672183342-6.129288964331165j)
(0.2360948842283151-2.4428288937331897j)
(6.776446104586281-9.509228939650857j)
(-1.2353786410767633-2.396473753165407j)
(2.2453509865472445-5.9691148978373745j)
(1.5958986440113385+3.296339095331148j)
(2.7964672016330065-0.2582452523722621j)
(-0.026744288743084918-6.193792154832196j)
(3.806957189663531-4.579545273512135j)
(2.5668283757097914-7.220619698805043j)
(4.821501218506211-4.7256869751878545j)
(1.8747352200491259-4.036472298424441j)
(1.8495527197810153-4.28519885507211j)
(1.7142398646895332-4.998924197062565j)
(5.985046516697592-9.578736165147253j)
(1.9133326731433322-3.727197695733914j)
(0.8605036328303077-2.571677410240232j)
(0.011650499475547959-5.552316978660985j)
(1.1698574086517588-4.0241629634797205j)
(1.0842156258232536-3.921695495416444j)
(1.391349880486671-3.0860299722168056j)
(1.7580480257661728-3.6824100744308015j)
(0.8935384114240044-3.8109458865534984j)
(2.6257650702117634-3.6668343945935673j)
(0.16280479039274895-3.2629458668601905j)
(0.4237437415845918-3.934142177519756j)
(-2.029034750714657-3.0467329585249265j)
(3.298656433650934-16.189168242242783j)
(0.9257594590927234-2.865779015115766j)
(-0.041216981623025374-3.482186876647216j)
(-2.853005634073926-6.054400830051619j)
(-0.34244957437834983-2.725651450122168j)
(1.4804855046385945-2.984855153200262j)
(5.83363657403089-5.623268575056793j)
(2.5787243113771106-2.9891204232608923j)
(2.8641910138896085-5.77455717503081j)
(3.570776420370378-0.028930771262163764j)
(1.3520939904817006-2.727449788293811j)
(1.7222713353835952-2.5615896883761073j)
(-2.1511965806982567+0.3560622582661437j)
(0.8001688725176886-2.336299650551342j)
(1.3895582500119037-2.5172405415163612j)
(-1.21400042781697-2.265136794082749j)
(0.603866418042157-2.939007486629846j)
(0.6888728543509719+3.20865175397089j)
(6.665307472185303-8.93056019903638j)
(0.6906987610788508-4.77039364520398j)
(1.9953369170344486-2.0225339069889454j)
(0.9878078686746943-2.49491094752912j)
(0.8809421171056389-2.1630171663615574j)
(1.0201144052580666-2.374161595213767j)
(0.11205217692168104-1.9661663759521586j)
(0.8506457031763517-2.4217903824497613j)
(0.9224165153252056-4.658359777922979j)
(50.625416023198206-134.41713846674443j)
(0.5760136873073698-3.0921245778309494j)
(0.5743131373407907-2.492223114774002j)
(31.80317032678996+1.0217051181154972j)
(-2.1582290569844655-1.2455450485920192j)
(-3.3083925070095423-2.4468897365673654j)
(0.3774913363587755-3.6583418421688836j)
(-2.09179803033261+0.7753495922572504j)
(-0.2001421424831862-1.4190493908622337j)
(0.6074648035304298-2.2418128877594805j)
(0.1399610402328038-3.7009354534409313j)
(4.47500792125961-3.5865741033167122j)
(-1.271879360121165-3.333363946282524j)
(-1.8947861833429362-0.6005481285911469j)
(1.9185466275213126-1.8163104342093754j)
(-1.6351318448755776-3.86910715580273j)
(-1.7612366710166987-2.239961699228043j)
(0.8375259693488996-0.957995419925194j)
(1.1354002259651208-1.355340029166856j)
(5.939495076840925-1.575403751321363j)
(0.5158619740668249-1.8360940542950543j)
(0.44251451987033685-0.9549895059007804j)
(0.3766136952039856-1.5117251199971156j)
(0.21039769709403064-0.9370731264274176j)
(0.5649487561522317-0.8017713904001504j)
(0.3435239930344984-0.7364678233347696j)
(0.9668647525352446-0.13641254991274143j)
(-0.621385735706257-1.89870063632597j)
(0.4623455152886958-0.3523991541765948j)
(0.5897368922620728-0.19490907916024022j)
(1.0661992944181553-0.5750430718083297j)
(0.2907043591145249+1.5123133727054257j)
(1.4304544745959165+0.8619483564318938j)
(0.799383520425977-0.23566656155189875j)
(2.3763208457272285+0.8007228637421947j)
(2.0194152889713677+0.3808996912691855j)
(2.971876186994539-0.07262366761074035j)
(3.1632615273835696+0.6448860630925847j)
(1.699850364564054-0.007992337644858924j)
(0.1787018351939247-0.6063486718978538j)
(1.042431535552241+0.5424094085778689j)
(0.7152230458522147+0.8824721774432596j)
(0.6940616621243029+0.5499536327430765j)
(0.7233714979229872+0.602711394076227j)
(0.7536519014176313+0.6546701871703325j)
(0.7849028504427188+0.7058073164271271j)
(0.8171239624522312+0.7560970878174806j)
(0.8503140617252719+0.805510869445132j)
(0.8844707706061407+0.8540171953046926j)
(0.9195901266413574+0.9015819071874931j)
(0.9556662268194318+0.9481683302088851j)
(0.9926908996532561+0.9937374779782275j)
(1.0306534055587828+1.0382482839693101j)
(1.06954016586126+1.0816578561399348j)
(1.109334520781955+1.1239217522609275j)
(1.1500165168989573+1.1649942737196675j)
(1.1915627248047762+1.2048287757275982j)
(1.2339460879619866+1.2433779918662293j)
(1.2771358040378826+1.2805943707274632j)
(1.3210972402229433+1.3164304220366547j)
(1.365791884136561+1.3508390690923255j)
(1.4111773318229741+1.383774003642752j)
(1.9664826340491681+1.8439268438664924j)
(1.5038317607171574+1.4450434523488611j)
(1.5509969044593903+1.4732923204665893j)
(1.5986454182290688+1.4998968245768431j)
(1.6467165857466184+1.5248195349961249j)
(1.6951464968085472+1.5480256587651722j)
(1.7438682596759478+1.569483248742125j)
(1.7928122201513375+1.5891633707477881j)
(1.8419061756620574+1.607040228777486j)
(1.89107557218762+1.6230912518744836j)
(1.9402436725710253+1.6372971501935742j)
(1.9893316868253048+1.6496419516447902j)
(2.0382588584862122+1.660113033778844j)
(2.0869425056720363+1.668701167745087j)
(2.135298020875956+1.6754005917909567j)
(2.1832388390672177+1.6802091306282154j)
(2.230676388763977+1.683128374060384j)
(2.277520044754813+1.684163923791319j)
(2.3236771036182637+1.6833257117825446j)
(2.36905280387325+1.6806283874995775j)
(2.4135504114909785+1.6760917655086338j)
(2.4570713888445823+1.6697413197066577j)
(2.4995156613607996+1.6616087063746272j)
(2.540781991636222+1.651732295426183j)
(2.5807684660400136+1.6401576876770447j)
(2.619373094204036+1.6269381955327455j)
(2.6564945175359997+1.6121352649419276j)
(2.6920328190739293+1.595818817534195j)
(2.7258904236164887+1.5780674933335415j)
(2.7579730740204114+1.5589687761646542j)
(2.7881908667272124+1.5386189857934913j)
(2.8164593268594778+1.517123122995581j)
(2.842700500541127+1.4945945562192637j)
(2.8668440394528116+1.4711545414460407j)
(2.88882825010699+1.4469315703860295j)
(2.9086010780780636+1.4220605464099694j)
(2.926120995667538+1.396681792678763j)
(2.9413577604942316+1.3709399027885159j)
(2.954293012565874+1.344982450812957j)
(2.964920678794687+1.318958584707964j)
(2.9732471569178887+1.2930175343602133j)
(2.9792912555516198+1.267307072737766j)
(2.9830838737315943+1.2419719751920175j)
(2.984667411738375+1.2171525274811321j)
(2.9840949151053096+1.1929831370394934j)
(2.981428965159184+1.1695911039474278j)
(2.9767403418203537+1.1470956075641656j)
(2.3877676446443106-0.05437025266319494j)
(2.961609890798781+1.1052261843076774j)
(2.951336249919558+1.0860449217000956j)
(2.8469801704733055+0.9104657539514333j)
(2.9258067371648826+1.0516028676546954j)
(2.910723460772245+1.0364831779545614j)
(2.8942056041074906+1.0228477307528336j)
(2.8763320052321553+1.0107534906062505j)
(2.857177272549185+1.000255363679067j)
(2.8368118336717+0.9914084021608435j)
(2.8153025607583104+0.9842700818350615j)
(2.792714021547159+0.9789025280734985j)
(2.7691103830269785+0.9753745460401896j)
(2.7445579662107473+0.9737632936127393j)
(2.719128415123839+0.9741554220608373j)
(11.265805602059505+8.108989922521538j)
(-9.70734417914116+5.791244618441662j)
(11.152012437369725+1.4481431093533885j)
(2.610475257834979+0.9978205236005725j)
(2.5821972758199934+1.0098368750113986j)
(2.5538075364842996+1.0245287507530145j)
(2.5255251138746933+1.0420016883727015j)
(2.4976011053581826+1.062343071827295j)
(2.4703175733355907+1.0856139526106658j)
(2.443984382998732+1.1118406720712433j)
(2.500170729899542+3.5121134124314484j)
(2.3955127482029845+1.1730464939674021j)
(2.374073323133854+1.2078385955554796j)
(2.3549614042649707+1.2452043269402175j)
(2.3385046273282297+1.2849068026933115j)
(2.3250001560789038+1.3266539651416605j)
(2.3147032507535537+1.3701044831310585j)
(2.3078174648597027+1.4148763860890528j)
(2.3044871920195207+1.460557879463694j)
(2.304793071514475+1.5067195863791607j)
(2.3087504923738513+1.5529273480507317j)
(2.3163111504871883+1.5987547053635627j)
(2.3273673514292206+1.6437942715487068j)
(2.341758546611232+1.687667370954088j)
(2.3592794625139186+1.730031531146423j)
(2.3796891378073832+1.7705856414212737j)
(2.4027202133416847+1.8090728000606346j)
(2.4280879079477513+1.8452810432508637j)
(2.455498236785838+1.8790422684673311j)
(2.484655166793999+1.9102297320753667j)
(2.51526653735102+1.938754520209821j)
(2.547048690689188+1.9645613736884466j)
(2.57972984870516+1.987624203642918j)
(2.613052338445718+2.0079415761683395j)
(2.6467738092097384+2.0255323811983623j)
(2.6806676037052104+2.0404318401203114j)
(2.7145224488526973+2.052687952912643j)
(2.7481416235409832+2.0623584411659976j)
(2.7813417453105984+2.0695082088873042j)
(2.8139512991484428+2.0742073179749942j)
(2.8458090120103545+2.0765294584937846j)
(2.8767621582017338+2.076550883859234j)
(9.487802306431803+3.0168480747918225j)
(2.935376470483272+2.0700060059471603j)
(2.9627599892682945+2.06360125115953j)
(2.988680706425361+2.055219444193475j)
(3.0130049505155694+2.0449475168042377j)
(3.0355990665671535+2.0328764169059585j)
(3.0563286239892755+2.019102372048158j)
(3.075057892191845+2.0037283747283103j)
(3.0916496201568933+1.986865862856339j)
(3.1059651598075315+1.9686365645468282j)
(3.1178649765912954+1.9491744696169135j)
(3.1272095934578705+1.9286278804598982j)
(4.290986897241285+4.151294803392901j)
(3.137684680217972+1.8849583565111603j)
(3.1385519742572447+1.8622218444764975j)
(3.1363433426050444+1.8391771449466616j)
(3.130952002502077+1.8160725122687562j)
(3.1222882445345754+1.793179898819465j)
(3.1102842698865687+1.7707948710259438j)
(3.0948994677085873+1.7492356185655153j)
(3.0761259836000105+1.7288408779289093j)
(3.0539943708226156+1.7099666078612297j)
(3.0285790540113955+1.6929812892781544j)
(3.0000032766119626+1.6782597791680136j)
(2.968443155675456+1.6661757280821448j)
(2.9341304399517787+1.6570926727333632j)
(2.8973535687818828+1.6513540340890167j)
(2.8584566683828414+1.649272378237998j)
(2.817836204135722+1.651118419407605j)
(2.7759351330603477+1.6571103460717285j)
(2.7332345641521165+1.6674041154019223j)
(2.6902431230928525+1.6820853733933547j)
(2.647484413177074+1.7011636077069778j)
(2.605483143100437+1.7245690251017882j)
(2.5647506307914854+1.7521524721497477j)
(3.185053119572758+0.46014518364325135j)
(4.466725453335323+4.787571961309021j)
(-3.417200888138778+1.0188344875860613j)
(5.82892150870622-0.8254871087202958j)
(2.907024753564029+4.780084032297945j)
(8.221359180573689+6.472896566559681j)
(7.6308237969023756-1.8048869389866333j)
(2.429389123120498+1.7634003196502939j)
(3.444624420323054+2.6117152490794644j)
(1.4260967735629468+1.92930578408642j)
(2.1717910121131565+2.175678954143246j)
(0.3736173887594326+3.1953331638330695j)
(1.8460412742338939+0.5369572808631689j)
(3.919186817228378+3.2033609776549437j)
(2.0434723308363787+2.130993847630225j)
(3.2852066350306015+3.5870923220187034j)
(3.425344486594631+2.958206066189296j)
(0.26502126678948507-6.0703219727196345j)
(2.467010876181315+3.177518248168481j)
(2.8374299385843518+2.395159617113859j)
(2.3024528052909456+2.504576320969006j)
(2.3460876722961155+2.6655345579781393j)
(2.3535811616613125+2.6933274459299663j)
(2.3601413357921275+2.719441490621465j)
(2.365500350257202+2.744102921948428j)
(2.3694314265832364+2.767574877841007j)
(2.37175577074373+2.790150297152138j)
(2.3723482595923784+2.8121428170683536j)
(2.3711411469213126+2.8338759155438273j)
(2.368125104639591+2.8556708539844795j)
(2.3633471208696335+2.877834264369923j)
(2.3569051108566077+2.9006464187289303j)
(2.348939507294858+2.924351258357844j)
(2.3396225047870933+2.94914911719751j)
(2.329145951603787+2.975192764078943j)
(4.06081145055073+2.1917528485984525j)
(-3.831319454562648+4.904055231233333j)
(-3.299048663617325+6.749390403576409j)
(2.6895199884616265+3.5115858537959297j)
(1.970493341655653+5.157398666664556j)
(2.9593451925151073+7.303898649213667j)
(0.11148345562522545+4.450877459691214j)
(3.801758222254909+5.662214881780438j)
(2.023449711556829+7.4757490157057305j)
(-28.7416349392365+10.280781159836241j)
(2.430597994152951+2.7091383882584594j)
(2.5758724937999182+3.362070382315759j)
(7.444547547201182+4.724402409267995j)
(7.305651219254306+3.4476379039133445j)
(4.612996781987546+6.331484174795904j)
(2.4090155833247198+3.2926339453691416j)
(7.420607199965606+2.1194938944609354j)
(5.1546450584097645+1.264260465845487j)
(5.211997110217811-0.4404259937824503j)
(3.551287161344199+7.005516684538052j)
(2.15309983986407+3.064806390434395j)
(-2.7348449097933973+5.54443691132215j)
(24.7340736918042+14.308962271557652j)
(1.6145190298819487+5.201226820414367j)
(3.2058293765708394+4.363654164380688j)
(15.478998855121453+18.828282718753268j)
(2.1478205284457585+4.048896251703414j)
(0.9759270398650924+2.023663649795664j)
(1.8671589429723416+4.953031679973286j)
(3.107905042727744+5.400038565235543j)
(2.8048664161752854+4.0470008033707705j)
(2.1296959442890406+4.230684148419501j)
(-2.8812296057651885+5.3530763173117535j)
(1.7039619997297233+4.452945188191224j)
(2.707581952070943+4.956190984272167j)
(2.955894885422073+6.880852690730373j)
(1.3757358866369225+4.611601028398388j)
(1.3070362302841532+20.512285283666678j)
(5.388392695778967+3.109635565229117j)
(1.299628241518236+4.017420287295939j)
(6.365222003806526+7.995592320779894j)
(2.686093906116031+4.66638037969943j)
(10.13477249527587+4.535946823170853j)
(2.7640650626803507+4.9285370575678655j)
(0.8832859367197301+7.867228320728168j)
(10.078893512373764-2.6059978543956803j)
(0.9921617529761516+5.442958546164645j)
(4.770824676770734+4.539200835905919j)
(12.049355109045116+0.02220075848956142j)
(3.759128953072218+20.675807691140115j)
(1.5652601854886528+5.796144713528359j)
(5.160216921310418+14.447604983404265j)
(0.30040049664850044+7.126747167024067j)
(-1.3675369257172265+6.027713045428819j)
(1.9600412833184155+5.322339549357223j)
(5.8498658160934625+3.424848161288507j)
(2.705329947121373+6.812053771758995j)
(2.961840495303058+6.2868386621496715j)
(3.816022245043225+9.294499708070296j)
(0.9465352557803576+6.918770001600401j)
(1.284768937342814+5.569094008637562j)
(1.2020555858338111+7.503913896912593j)
(-0.890707699745414+19.873050954415888j)
(0.4148602223351915+7.933848188648649j)
(1.497871668564973+9.11759849120004j)
(1.708251045234588+6.912872115583878j)
(1.7744418507552597+9.552746148169852j)
(10.17130884974779+15.572857404205994j)
(0.45878586274278943+6.944062902564764j)
(-0.775859115065384+7.5371648214807765j)
(-0.36543004764485904+9.282586988514334j)
(1.830751246135025+15.366315413010637j)
(1.4296807674163998+4.721723020459219j)
(-1.461247178943591+7.570389960435956j)
(-20.495579147854464+10.837962982979494j)
(-1.304603390940465+2.041404580920464j)
(-0.3940270956614953+9.14783834082917j)
(6.309255517191553+11.231337769300692j)
(-38.781540535261215+15.748656699025734j)
(0.45784387231328066+9.373148087164235j)
(0.4924718787600561+10.103708546260192j)
(2.4487232070972884+10.910238430724288j)
(3.701940316836323+4.1001527642116455j)
(-2.1649569419291805+13.330677221192289j)
(15.454010659528407+30.797757330643133j)
(18.35030314257694+18.65532903294554j)
(0.798958260368772+13.172886199319853j)
(-7.810225382082319+42.52673207851755j)
(3.9686391764774793-6.771414803032114j)
(-2.3755735525632837+16.452246797527398j)
(3.2619246263526533+10.205274230021784j)
(-0.2884881089962612+19.153247712584797j)
(-5.7036194701718195+9.1084147318929j)
(-3.278636020833106+18.20372346959812j)
(-168.36161217521703-242.4413751480222j)
(-47.53267146507679-111.4215690618629j)
(-4.243146725321249+15.664790608710344j)
(-33.45035161301088+21.035859363075204j)
(5.421811652559109+17.633975954536695j)
(13.871588379214662-11.689151130357697j)
(-0.07164880020831031+23.828289429641536j)
(11.243770464508316+32.74020780999485j)
(-32.28365045388572+14.032695248532805j)
(46.72042309034097-16.6695071772728j)
(33.127570361556955-51.63725036274833j)
(21.221179357325273+33.928039945827884j)
(15.962614531464347+44.75643495284647j)
(-8.825510641091446+62.01224655427651j)
(13.863906058435125+23.502921227929846j)
(-22.630553912185736-24.521428390779047j)
(-18.366183716007072+27.270525974880538j)
(10.732611516618464-206.18261015977487j)
(16.328230431350676+40.79491479457534j)
(-175.06790643870983-104.98399444812321j)
(14.22008607224751-34.47841075694562j)
(-3.1479276412741375-7.43568828039467j)
(18.76915751822995+30.93013666278774j)
(-8.325225432888777-38.00500615009545j)
(27.006756106596136+1.8855818653084464j)
(13.95211825267884+30.186886898629076j)
(4.486951814820796-13.513995902715065j)
(8.782309242702427-23.83113486247477j)
(31.64476288831023-15.729019384355421j)
(-30.05595408279644+7.285721031623567j)
(15.91993219847928-3.7578018956480426j)
(18.3429819258378-11.204000947345424j)
(13.73611300663856-4.673228298802419j)
(42.59646142264789+22.112860503601713j)
(15.090037999645153-4.094068835305015j)
(73.79148146905925-34.435293827337624j)
(34.247334515633995-5.325834659932698j)
(1.9201615963321677-24.78922804832487j)
(46.002767761306195-9.671495799740988j)
(9.929560252004071-8.694159629537513j)
(1.5781645850370862+19.463934576330733j)
(26.102182438584215-21.148443660134028j)
(32.54152433800053+13.190649558868506j)
(197.8417022963872-124.50831437144983j)
(16.084812418444685-10.879602950014114j)
(37.3018728487399+8.40725353598278j)
(11.97851100712397-14.513527094602647j)
(18.665333662856575-46.88378856952431j)
(-1.3527047868808142+13.584488745781778j)
(-1.0683940337596982-13.154247108705349j)
(11.05479649743263-11.809602245358018j)
(8.108068404570453-9.326848720825701j)
(8.582731825749716-11.455780702904852j)
(10.787342357403272-11.339350623413901j)
(36.231201968187115+0.702092378612138j)
(8.410944341569975-0.34875154758091265j)
(22.05428198520822-4.443435513539301j)
(8.090377094139873-13.143804397543583j)
(8.117535247463827+10.807824223798983j)
(7.477125619847061-10.9938533805927j)
(3.117647778980861-8.530223123469803j)
(-46.418676290267605-25.43787045894785j)
(14.44392640349327-4.990159937055144j)
(14.75983154477224-8.110287387828759j)
(18.57815184508619+11.791000124673287j)
(7.981733943528916-6.352759033968547j)
(19.64635567855956+3.831758415968904j)
(8.640962604358943-5.615643545223003j)
(15.179840743629118-9.927191047329131j)
(5.794488806890526-7.4283506938927j)
(3.556448307591206-4.301065971417423j)
(4.028152702387191-6.951523320509859j)
(5.151657528694721-6.994042099652881j)
(5.0539770016871755-6.263719177188097j)
(6.505768494985782-7.063776515481404j)
(6.029904544252327-5.137069855612319j)
(6.023849226919543-7.6802502085418265j)
(5.963552631910826-7.223950606584189j)
(9.802020394943899-5.999983138893779j)
(6.711536110061436-9.186630165394801j)
(5.719582709103852-6.453397951082362j)
(5.301148130581855-5.448873065906027j)
(7.861717308622101-6.6436508831753605j)
(5.6178217137487065-6.372580613677534j)
(1.2752895292747863-10.388675259750887j)
(4.772188903625629-5.827273371983582j)
(8.52872460402083-6.735289279219336j)
(4.571803354632952-6.500403054458907j)
(5.774128048106276-3.7484135986329155j)
(5.744610972689346-3.21285373789351j)
(1.081108621134156-2.8364279902321594j)
(8.665161058460432-5.239354368337661j)
(17.074290910177265+1.6792334917403096j)
(4.995784291921867-5.444262403299507j)
(3.5360980495321397-5.864889587055921j)
(-22.255167560271328-1.9843989767820467j)
(14.537641667652206-8.572230555106403j)
(8.505009054532708-1.6611344610785979j)
(9.806176382080746-1.1442523072700659j)
(5.40775583636876-7.741339637716123j)
(13.941889783805388+18.80408611561224j)
(19.11457371737506+10.236686028193464j)
(7.053668077252852-0.677744929441846j)
(7.0726678330541795-5.732798192563702j)
(8.561084148329943-2.954671272484292j)
(43.983441109716836+7.325717291245784j)
(-18.731868659883535+17.74745459691438j)
(-106.37157093291837-41.04910527896673j)
(9.67063858710231+2.3738363938989964j)
(6.74806316356304-9.36864140944478j)
(9.493262235790823-5.685993617029302j)
(8.683296695114242-5.614211145682431j)
(1.142443429517848+3.3423315433180294j)
(-2.7446788539184106-5.515910259454139j)
(5.991928346985626-6.37797005016873j)
(1.3409183976389414-9.113015055889385j)
(2.2286608544108364-10.157903991496328j)
(6.1698420041035185-6.264292777527118j)
(4.269626842938412-5.8307832848832035j)
(8.200079374030834-16.50992790054937j)
(2.965532620361901-7.222844503815055j)
(5.854843308914852-6.998199492351958j)
(6.895091207393989-6.133626398304697j)
(4.349233696372986-2.3122383150535515j)
(-16.183881442997418+2.1277609161248914j)
(4.7665765797900255-6.171723752278836j)
(4.839798369565656-6.090642309216245j)
(5.804583916924463-6.1293600415521245j)
(0.5984764461149308-9.163821306387417j)
(29.045107243738936+16.651143110681392j)
(3.338345085674756-10.666295831245856j)
(4.429186801659679-6.56008219240911j)
(3.1281082149545276-6.429848826915349j)
(3.1884050582715053-6.24771598613383j)
(4.341827798601272-7.886213478725455j)
(-62.89589916385284-151.47619104431547j)
(4.098358054615758-5.940110968674586j)
(3.6655029033183335-6.101482590315467j)
(1.1867324376961645-9.375983812542776j)
(1.654508117589726-6.5717770246832705j)
(8.35790551471808-6.563492162109264j)
(3.069362698323015-5.03104312170866j)
(1.7429891996896818-5.761419452104129j)
(-0.4018912743125392-4.870693756654103j)
(-3.3314294586736617-11.95221720956894j)
(-0.02670305706495078-7.544310325913226j)
(6.5859965762652735+2.72474428102346j)
(-1.8503484272132975-6.468409527753823j)
(0.4141617935107964-8.283019494500675j)
(1.7504716374454032-5.296651902926162j)
(0.18350348966789565-2.8441472453568992j)
(1.3106792020998423-5.224452253452504j)
(-4.629233140332533-3.2667461548733012j)
(1.7705101506460121-4.579323718228624j)
(0.49164058576984476-4.71935657501931j)
(-1.2099604565788815-1.9523505607024048j)
(-0.36852053517386324-5.006552523520984j)
(-0.20502276760462954-6.480081363506451j)
(-3.920158308302721-6.569461431311996j)
(-2.985640173829792-5.415638988267857j)
(-2.7128858583649293-6.374094821144798j)
(-3.4177016376121068-4.796232840750026j)
(-24.18554610006202+35.389806655791396j)
(1.438928305931248-0.3829288553877877j)
(1.0151323548297226-0.26607843067062004j)
(4.954441745527296+6.395339107969137j)
(6.643581184020657+7.446208191802301j)
(3.0236947308369766+5.585267966552523j)
(1.9039041697178405+6.814650608623498j)
(4.752720211212385+3.0978197329050507j)
(6.22140468119401+0.43813492364362033j)
(9.291452791256479-1.0655886669614174j)
(9.780000505273042+3.731971034853677j)
(3.1288025366447454-2.437514164034809j)
(-1.1446208675230194-24.82412204560373j)
(7.625547309109928-1.6484510055996302j)
(6.276437503983092-4.445744726307668j)
(1.8898489295822458-1.4617224578367312j)
(4.780846336140879-4.633340922974607j)
(5.206915924729505-5.846135416613842j)
(5.579615777424679-7.089127422252057j)
(4.633330322676631-6.293929631305388j)
(4.2373307395275575-6.152906074553446j)
(3.3039233500243186-8.49897486363772j)
(7.75428206665128-10.258743119990529j)
(3.5705113419066814-2.3847807452763914j)
(3.0771780269472826-6.341779080291472j)
(-2.181523462394602-9.221723816479239j)
(2.6691370765233295-6.343761685896017j)
(1.5854367357872894-5.986300999568241j)
(1.0914075889528339-5.4442125690210075j)
(1.7753418430252756-6.040932459782726j)
(1.4652759077324988-6.207434603501308j)
(0.9552124964043327-6.190539617805602j)
(0.7356970073431621-6.0172882302545965j)
(0.420280276386433-6.161108137697636j)
(0.9691838405925179-6.935639829871662j)
(4.190486002170445-8.634000412480308j)
(-0.31380142957705837-5.2401985833297156j)
(0.8069956465329816-3.200167431541944j)
(-5.373491868938488-4.096257766971739j)
(-2.7305177582466436-7.184513711255709j)
(-1.133380921700856-3.572871123052443j)
(-1.8902100964465738-4.291638298267079j)
(-3.820242636847919-4.815334304659492j)
(-0.66441222248774-4.275383475205364j)
(9.030789572407985-2.401067400233421j)
(-1.9380058317766242-3.5354526617581707j)
(-1.7061870847462344-3.310935946865572j)
(-2.6957745363127783-0.09255351890356373j)
(-3.5520248197586275-2.1795068632092716j)
(-2.586666706014552-4.288532198126489j)
(-2.965310720296449-2.5223798843164738j)
(-2.043078478026311-1.9404136993338765j)
(-3.680668413990545-6.2454873171429215j)
(-2.675167742948392-2.864735154127702j)
(-3.947642363934866-1.6018670195236318j)
(-2.777137879128168-1.8908923711575545j)
(-4.807104254721701-2.190827279345046j)
(-4.052144359005355-1.0700490158561677j)
(7.540146695018924-12.017244284141126j)
(-5.055849466457278-0.2719311824462926j)
(-3.913330210943997-0.15006236279692076j)
(0.4712878707380121-16.36465235587792j)
(-8.502369994281125+3.614037025797371j)
(-5.249305397932445+1.2061343790711658j)
(-5.767691983478418+1.817484501640744j)
(-3.2263257966882994-3.4382110163074096j)
(-8.655906570561081+0.6792999387707676j)
(-6.980369671483328+1.3476509568806645j)
(-7.052482401572158+4.41410576507371j)
(-7.905943710503273+1.6450043358554431j)
(-5.2755936498605225+7.834810720720381j)
(-10.730083982727455+3.2388270262063172j)
(-5.898009468012288+8.047668542260396j)
(-13.863433802609798-1.0780620860320946j)
(-7.4878080193063274+1.7231971776201354j)
(-8.970417999222375+1.1385880369912653j)
(-10.460739773368562+1.8768849736509796j)
(-7.21106924537845+2.3320250905913644j)
(0.9513919020218204+20.13884860150787j)
(-10.037260208868654+6.311485914769492j)
(-8.35218301241363+2.442756587265435j)
(2.265283207177084+14.05987606518138j)
(-165.16606126596076+231.3867418464274j)
(-14.855565244931926+2.5752033497520093j)
(-1.4612274582860063-6.590352982230575j)
(-17.92491668981002-2.186832056959214j)
(-3.6247137097640314-2.062941917612774j)
(-11.055648359680502-3.07920067779879j)
(-9.916378648129047-5.6003430881678j)
(-12.832774603101035-7.0189320811866445j)
(-11.542760091604155-19.46481853135186j)
(-40.77866024014179+26.45912806270228j)
(-4.431988208049811-1.8731182363016854j)
(-11.179430210811672-2.8132337237829916j)
(-6.108454037621513-0.6473410287168138j)
(6.63470002425854-7.423608217749466j)
(-6.298070480980491-7.664192492796898j)
(7.041880136433968-10.46203219722086j)
(-5.369648554322211-5.481042152412317j)
(-20.1435452315425+46.73844535888854j)
(-6.20019883233358-0.1261286125832836j)
(-4.382892279808318+0.7550452283707917j)
(-7.2326033112437305-10.245992670381153j)
(1.9023025369927835-14.341260634190496j)
(-0.3789384336269502-2.7579793806250845j)
(9.744377564265267-37.30074686583014j)
