(45.13752070251016+0j)
(40.99085631725807-13.008047553230195j)
(32.01068032163249-20.485921912430307j)
(23.11821810106857-22.56838521634553j)
(16.249132405450798-21.673479595209205j)
(11.387473701122696-19.58380428989027j)
(8.026346648013968-17.1682305988005j)
(5.704673682177508-14.777732415992437j)
(4.097362411674388-12.530728382174427j)
(2.991274920686499-10.450842318569906j)
(2.249673087791335-8.526056074838946j)
(1.7857026124622037-6.733038812973865j)
(1.5452233667181674-5.04697947476033j)
(1.4956842619986317-3.445706299989711j)
(1.6160117989697729-1.9100661084363408j)
(1.8957477829621299-0.4040248010942433j)
(2.386161640706423+1.0889045067055299j)
(3.0975196249129904+2.539392576935172j)
(4.05368810642923+3.9534780511315626j)
(5.310037612690358+5.316134180143762j)
(6.9401597554032675+6.581408796148471j)
(9.033473885886082+7.655816009667509j)
(11.681814925604174+8.367607813083835j)
(14.935733717429748+8.42461161334706j)
(18.69869690228902+7.382092240289154j)
(22.530761377136983+4.6965230816983246j)
(25.418871591332948+0.02989688964546458j)
(25.88866615642796-6.004819413033734j)
(23.434970988945274-11.343878406343151j)
(19.61984700591721-14.688461261551511j)
(15.531236259570596-16.385262088113862j)
(11.654927021040708-16.699280612274134j)
(8.38436127036277-16.018685516429493j)
(5.8268135072064435-14.780241621349552j)
(3.9088456008267425-13.29254819963066j)
(2.5070773278902196-11.731704483507826j)
(1.5064414744953722-10.186539607241468j)
(0.8160451555357469-8.696637296890726j)
(0.3690424351108356-7.275890090107712j)
(0.11817293891095773-5.92570823827211j)
(0.030909725207097342-4.64224393917903j)
(0.08469163755240412-3.420458050910658j)
(0.2592112101630911-2.255284779994778j)
(0.5191293514343762-1.1138815133677546j)
(0.9933914330183279+0.09777185136191867j)
(1.6823201553725113+1.131443871317315j)
(2.476578622960584+2.0908463716781927j)
(3.441022247671356+2.9831743476587276j)
(4.61236610250736+3.7712601132220067j)
(6.020454601961267+4.398531829555439j)
(7.686416537683554+4.7794671495604995j)
(9.606495203980174+4.78887047736027j)
(11.718337905692824+4.256724107102528j)
(13.842167821920576+2.987459076076201j)
(15.606942798978523+0.8539708061472133j)
(16.48238135993041-1.9641774778640242j)
(16.208081063699932-4.825680009911758j)
(15.149513807340462-7.24296645051746j)
(13.558749471647051-9.233114456171618j)
(11.478482147530244-10.64105954520535j)
(9.194656329992133-11.290840862766j)
(7.03279136291708-11.25123512820772j)
(5.174343499456126-10.715614293725j)
(3.6716590860041776-9.872678700207505j)
(2.5079994015219618-8.862425432865509j)
(1.6405132511867921-7.776217203048986j)
(1.022372797661225-6.669188570418333j)
(0.6119062730841472-5.572566824612736j)
(0.37511696445099724-4.5027407958064884j)
(0.28504273392642526-3.466841640403841j)
(0.31940017615572097-2.463967327676693j)
(0.4617470957972168-1.4743171631788905j)
(0.7695455037458929-0.4503488653211329j)
(1.3178484902856364+0.4390821976547664j)
(1.907552941095162+1.1975666899474517j)
(2.590414006519833+1.9156563375850064j)
(3.410147719730834+2.566677525640865j)
(4.383413092305637+3.1134825462776794j)
(5.519036211887627+3.5101054239601486j)
(6.815344057103793+3.6948228455055965j)
(8.248101617417749+3.5864352999863187j)
(9.749335251443389+3.088761644819713j)
(11.179763117039517+2.116760791604814j)
(12.32072555493565+0.663372612004713j)
(12.954332734103316-1.1181921571379316j)
(13.028933354584685-2.970892356537554j)
(12.629973043116866-4.7516480599585424j)
(11.76133859617437-6.388837837228554j)
(10.436277116237125-7.699843902834394j)
(8.825603755629636-8.51181067021505j)
(7.162033733920548-8.795918911283326j)
(5.6223624223494255-8.636374580335293j)
(4.299489899670923-8.154715292188259j)
(3.2227900555741646-7.463054226640767j)
(2.3855511788179817-6.647720775567842j)
(1.7651148401332892-5.768856746798132j)
(1.3346202319230165-4.865580824934685j)
(1.0689037006333701-3.9616915409842397j)
(0.9473347456005327-3.0699536649065307j)
(0.9566257611659609-2.1945167692868117j)
(1.0989279616445025-1.3354563395952574j)
(1.3962894517528217-0.5190339236452811j)
(1.8139373239504522+0.19729606152260126j)
(2.2989581897295888+0.8413368460329622j)
(2.87569205386424+1.437117973297641j)
(3.5660870938480635+1.9650455426150937j)
(4.377784804207014+2.3959634255518214j)
(5.311411290264908+2.694532503164616j)
(6.358453133923464+2.8160267682163167j)
(7.493317854627242+2.705626135147775j)
(8.661349551648136+2.303975467068541j)
(9.76702496283592+1.5650124028446832j)
(10.67661133010759+0.48981033230764587j)
(11.257823737063163-0.8414469573487187j)
(11.444700123234012-2.290358963230965j)
(11.242759018131624-3.736002064704614j)
(10.6628251620468-5.0869984804954145j)
(9.726051440812636-6.22487313301544j)
(8.5252475171901-7.026222501561285j)
(7.210443738343212-7.433746678070936j)
(5.9248572945995726-7.4711499905755225j)
(4.766223946245539-7.209781217784386j)
(3.7839172397466605-6.732496008911452j)
(2.9922739858438985-6.112928667307213j)
(2.385446723572815-5.408325309209652j)
(1.9484424704443182-4.659755581282412j)
(1.6639675600422639-3.895148072049365j)
(1.5163039669926823-3.1328489265896518j)
(1.4935956521825182-2.385082854617059j)
(1.5891391936696497-1.6622164669541923j)
(1.798531305290511-0.9788034622629541j)
(2.1088575562414342-0.3511945974552435j)
(2.504952887035942+0.2188500172360047j)
(2.988376025302903+0.7322976129327053j)
(3.565928902485704+1.176981572197353j)
(4.239972344172815+1.5321007190491178j)
(5.007424102788354+1.7708661641242227j)
(5.857304266103852+1.8602262442064477j)
(6.765580967132139+1.7618099385987107j)
(7.688342276135372+1.436754993574785j)
(8.556159060033334+0.8571613145635718j)
(9.276513715267788+0.024965010180543153j)
(9.75362280092276-1.0095546892655207j)
(9.92390123859642-2.1498608909377657j)
(9.778195591244465-3.2870581959224427j)
(9.34460541822816-4.33323512193909j)
(8.663585849244821-5.217994266373068j)
(7.793092285694995-5.877876915689173j)
(6.816147220070149-6.271546523981552j)
(5.823959581291114-6.396614129928666j)
(4.892156465527648-6.285287756031643j)
(4.069596532853464-5.987272074222364j)
(3.3800852973606172-5.554250718026768j)
(2.8296473432787566-5.031238756842252j)
(2.41397689608127-4.453736579680132j)
(2.124019198587776-3.848144992511502j)
(1.9495285694960904-3.2335165363891516j)
(1.881097278187934-2.6236240165625233j)
(1.9111560851270155-2.02899772103551j)
(2.0340792271675596-1.4588958324546395j)
(2.2451710297714196-0.9226729319129964j)
(2.539712753906109-0.4293849270781116j)
(2.9142361650590956+0.012419600590406218j)
(3.3671802955129193+0.3921330919498856j)
(3.8966676690795503+0.6948200696276524j)
(4.497536426718634+0.9008098715652381j)
(5.158336383616569+0.9863166806681622j)
(5.857897274501106+0.9252330855073627j)
(6.561710453943193+0.6931468281815096j)
(7.219688877553896+0.27473279797462336j)
(7.768579831530992-0.32555116623641067j)
(8.143029745765999-1.0730924691153365j)
(8.29550216413529-1.9016780970300355j)
(8.21495778962526-2.729042128125357j)
(7.927653302165215-3.4832390011525507j)
(7.478196651208742-4.118225110918267j)
(6.911738391945023-4.608806997392115j)
(6.271291148189029-4.940773988811819j)
(5.60045734637879-5.109794234271515j)
(4.940904938986534-5.124021714956266j)
(4.326763517004313-5.0027603466476975j)
(3.7813765429884247-4.771408749439391j)
(3.317695494812713-4.4562274936671145j)
(2.940754050146353-4.080962334484785j)
(2.6505340819837873-3.665445677584852j)
(2.444351059807262-3.2255265441617835j)
(2.318542989330237-2.773680015292561j)
(2.2695532560532716-2.3198902266419315j)
(2.294555405145131-1.8726444523854868j)
(2.3916437421339456-1.4400189622354669j)
(2.559438204814587-1.0306889583649832j)
(2.796280903175426-0.6543627127726743j)
(3.099821143895449-0.3217649688257502j)
(3.466782135925187-0.045178990718150236j)
(3.8917211165104177+0.16076399515951223j)
(4.364907802023418+0.27926181090095326j)
(4.870129737201065+0.2928150702709981j)
(5.3829086725373285+0.1860484815805943j)
(5.869865441328835-0.049920223763170485j)
(6.290595096340256-0.41185567531184j)
(6.603565645647307-0.8791635416725467j)
(6.77625792786046-1.4124340559550632j)
(6.796324876193388-1.9596350311883537j)
(6.676697458404575-2.470182995884651j)
(6.448826309432393-2.9096473254232995j)
(6.147622969919828-3.264527957988005j)
(5.799922593461609-3.5348989302849074j)
(5.423499332386715-3.7240810385067533j)
(5.032208052487034-3.8341353759141126j)
(4.639769907600983-3.8670511181532756j)
(4.259963517000698-3.826989712404879j)
(3.905136445895142-3.7209169755473672j)
(3.5850339276852217-3.557776383942866j)
(3.3065587648378325-3.34724251633053j)
(3.0742152915021745-3.0987488331312467j)
(2.890823735357045-2.8209923782084063j)
(2.758217785807449-2.5218562366670123j)
(2.6777846326331876-2.208625843089987j)
(2.6507814047538925-1.8883927513268357j)
(2.678377227540639-1.5685400861496384j)
(2.76142327519687-1.2571609882415005j)
(2.900076497900573-0.9633223227869075j)
(3.0933296124521132-0.6972656216937033j)
(3.3382816798279973-0.4705134356538755j)
(3.629143222656803-0.29560400776062756j)
(3.9561835799973433-0.1852788075018049j)
(4.304839859340975-0.15100847326363942j)
(4.655377386229733-0.20074880440490386j)
(4.983718281423079-0.33608477682903504j)
(5.264066875665748-0.5494205688344862j)
(5.473583229495371-0.8224813957764765j)
(5.598355030056099-1.127821611769011j)
(5.638303200939009-1.4345416328327034j)
(5.607479826130736-1.7171436679828298j)
(5.52768614643619-1.963072497446003j)
(5.41819618157501-2.173523461274246j)
(5.288479380470321-2.3566052558106394j)
(5.13859559946109-2.5183821977249035j)
(4.965147527946944-2.658299176749266j)
(4.767085698702026-2.7704073930843123j)
(4.547968818082582-2.847248454316804j)
(4.315105751873897-2.883050016159932j)
(4.077555181089357-2.875035036773497j)
(3.844429416433863-2.823281202658025j)
(3.6239673266555816-2.7299691760848543j)
(3.4232600382886758-2.5986086916442255j)
(3.248353405698545-2.4334991005855655j)
(3.104491163646028-2.2394740596582094j)
(2.996339921120289-2.0218949748868127j)
(2.9280831350577037-1.7868318553271432j)
(2.9032824542689646-1.5413338738741662j)
(2.9244546241805565-1.2936016036705502j)
(2.992508171852651-1.0528374328593606j)
(3.1063571435257105-0.8288043539335164j)
(3.2627561840043713-0.6314266724186836j)
(3.455988427772741-0.47048272491769305j)
(3.6773021530861927-0.35491376982195266j)
(3.9146189998282557-0.2914104357536142j)
(4.153171389605858-0.2825400297437593j)
(4.377412770355349-0.3250956868254881j)
(4.57412517927625-0.40955042851033896j)
(4.736039162056848-0.5215764092827562j)
(4.864374466672796-0.6461760453295473j)
(4.968079837785857-0.7735193058178664j)
(5.058540229595643-0.9034274366982477j)
(5.141754133282042-1.0447116216909853j)
(5.2131122463622495-1.2085185753846008j)
(5.258866829991479-1.3998369332641831j)
(5.2631129513053905-1.6130496895538724j)
(5.215055362334036-1.8337290568085047j)
(5.112388328299272-2.0440588219011837j)
(4.960445227003045-2.227938890439981j)
(4.769235859209223-2.373678130856j)
(4.550490216847364-2.474365476785646j)
(4.315715574565734-2.5269619680746422j)
(4.075337008290386-2.531075959473397j)
(3.8385875063192065-2.4879619296103765j)
(3.613770518464945-2.399934309252974j)
(3.408596377208063-2.270201045967833j)
(3.230361673814077-2.103029243174521j)
(3.0857913035315394-1.9040589596136155j)
(2.980489422132-1.680457154817408j)
(2.9182195279105017-1.4405770158438453j)
(2.9005376662703877-1.1930543249852417j)
(2.9272632558635383-0.9458703976210066j)
(2.997461201953927-0.7063066425975772j)
(3.109644438381913-0.48183675601242276j)
(3.260671902840469-0.28046395618947073j)
(3.444762639276926-0.10945467042699228j)
(3.6541258563547836+0.026576865274116j)
(3.8811259101353537+0.12660102066278045j)
(4.120846039480375+0.19218827063572427j)
(4.372540354950815+0.22452371698964066j)
(4.638364255538191+0.22043948665519433j)
(4.918669046233914+0.16997687081924723j)
(5.205708857261287+0.05848924275409651j)
(5.480261594735808-0.12614417058849622j)
(5.714904541202149-0.38513811045959917j)
(5.882730592268405-0.7051432410335201j)
(5.9658772876451085-1.0616818275315867j)
(5.959042628266965-1.426655278365532j)
(5.867602589212143-1.7750465488912326j)
(5.703171881579584-2.0881401952163388j)
(5.479522340656963-2.353522496193671j)
(5.2101894013164785-2.5634706327735897j)
(4.907709912921811-2.7131694508508235j)
(4.583858295987849-2.7994980382045265j)
(4.250241934900038-2.8205625786610136j)
(3.918800964196325-2.775865119577632j)
(3.6019186507858776-2.666885759360344j)
(3.3119581946224717-2.4977783248321903j)
(3.060177366454187-2.2757838552352534j)
(2.8551879054438434-2.010892444669773j)
(2.7014766121286615-1.7142385102528248j)
(2.599313897102202-1.394941182540169j)
(2.548287232376852-1.0570199401801008j)
(2.5536612442324222-0.7016140294736589j)
(2.626889756143538-0.3357549948268219j)
(2.776526264993571+0.023802885448840752j)
(3.001913602149383+0.3573373076779881j)
(3.2960782629815255+0.648856533270602j)
(3.6509048192672258+0.886498886851168j)
(4.059354357662309+1.0593652772636988j)
(4.514107647557005+1.1541459456756638j)
(5.003372560435872+1.1538895262233397j)
(5.505918365633389+1.0409454589906497j)
(5.989206378680233+0.8042055129875018j)
(6.413877501990938+0.44696063394344965j)
(6.743372343656036-0.01026554324379792j)
(6.9529605035599955-0.5342813094520995j)
(7.033077377007299-1.0878903475271589j)
(6.9867377780124755-1.6372104543553252j)
(6.824510301131954-2.1548019788013075j)
(6.560434285500554-2.619319193953265j)
(6.210106037131459-3.013871807076542j)
(5.790420495120198-3.3247682391916875j)
(5.3199220991534055-3.5412197523259645j)
(4.818965785033518-3.6558296603724147j)
(4.309324565415433-3.665428317753717j)
(3.8131946920104283-3.571845681954612j)
(3.3516975302286744-3.382324625377075j)
(2.9430208891494667-3.109372423923379j)
(2.6002749939264866-2.769887320556925j)
(2.3289179412009364-2.383082479674307j)
(2.12406834377696-1.9652566893104977j)
(1.973099541077067-1.5180718332198666j)
(1.8784811023798837-1.0200777158877294j)
(1.8845863611447238-0.4605631448560284j)
(2.0361016373795486+0.1163858635309766j)
(2.3284341021630586+0.6518760719158242j)
(2.7343637099737883+1.1140898761828326j)
(3.2322122304540897+1.4886182349497799j)
(3.8073511678855674+1.7632051908986677j)
(4.446143293401299+1.922104959219141j)
(5.129966074301423+1.9459797091472766j)
(5.830353310888957+1.8155510890150683j)
(6.507176992693101+1.5186436389335884j)
(7.112415878073055+1.0580966982851945j)
(7.599219463984351+0.4557519573209621j)
(7.931653155866524-0.2505564545311792j)
(8.08979636490924-1.0149575082474735j)
(8.06895471914996-1.7912963135700872j)
(7.875955822038626-2.5373685667758354j)
(7.525929531016206-3.216049211619923j)
(7.040725684021314-3.7954838056980393j)
(6.44817776036453-4.2498376515554686j)
(5.781036213476436-4.560702896642729j)
(5.075027578570605-4.718464700561347j)
(4.366229455650988-4.72293070459582j)
(3.6883025281894595-4.582946944432525j)
(3.070065312264009-4.315146716257429j)
(2.5336061563283727-3.9422150174018817j)
(2.0926778581462466-3.491079879066581j)
(1.7503055915433-2.991045263150152j)
(1.4932076638547367-2.469494036963174j)
(1.2836868675352813-1.9330838705137428j)
(1.0904606679262863-1.316778007744016j)
(1.0290377218031839-0.5321281762246739j)
(1.2523580635052511+0.2851715226667519j)
(1.6841232824260302+0.975824559978644j)
(2.228771691021784+1.5314353685538529j)
(2.856105650450438+1.9694179969062022j)
(3.557641194712125+2.289649494150578j)
(4.324638930454585+2.4788741497492564j)
(5.141136430110067+2.517063695517537j)
(5.98039215625294+2.382584575342431j)
(6.803021659776845+2.0585044454486208j)
(7.558665206013395+1.5402271791863138j)
(8.192550221941213+0.8416811516836498j)
(8.655034110365849-0.003545991424120157j)
(8.909609724633716-0.9467703612157751j)
(8.93637264823678-1.9312058044191533j)
(8.731932760061925-2.897746964797238j)
(8.308511284393566-3.7888777665689806j)
(7.693324918622803-4.55230119179709j)
(6.927207681781281-5.145351352028956j)
(6.0611462625374966-5.539436050102043j)
(5.150718486323238-5.722832013598017j)
(4.249763864679959-5.700708827050715j)
(3.404959391843191-5.492511953242189j)
(2.6523624585927417-5.12780640280546j)
(2.016013847685961-4.641950085031741j)
(1.50781949077945-4.07269184831487j)
(1.1269943129884932-3.458242647652208j)
(0.855177843561452-2.83581702780516j)
(0.6382129258682486-2.229771591509007j)
(0.3703947625120227-1.5654408512417792j)
(0.1911532726521151-0.5491376246904992j)
(0.5813095755263668+0.5315578118594729j)
(1.2123438865870186+1.2672980127627482j)
(1.8681015669706558+1.8075518344388208j)
(2.5602754776674814+2.2349345056719j)
(3.3086135134098065+2.557055946535353j)
(4.117280560868504+2.759535564416873j)
(4.978291561061555+2.821082980276494j)
(5.872678591544412+2.7181609185946223j)
(6.769582405850447+2.4287201312445212j)
(7.625691719504711+1.9374982385573756j)
(8.387401043124916+1.242474504274964j)
(8.996662715502813+0.36009350659147865j)
(9.398969336700814-0.6731488816841119j)
(9.550675871732313-1.802804029733073j)
(9.424574638517395-2.9603609851645327j)
(9.014729439851354-4.068127358098683j)
(8.340759914311429-5.046457397965579j)
(7.449183379968106-5.824193099878873j)
(6.408904184250644-6.350101115237418j)
(5.300705660485937-6.600910337809319j)
(4.204101942253132-6.582674808494847j)
(3.1861211567816836-6.325547361550988j)
(2.294979557854715-5.874874083299224j)
(1.5588936754757567-5.282181341385956j)
(0.9882783034710043-4.598554056756748j)
(0.5786895746528486-3.8714458643313936j)
(0.3107921754437221-3.1449595080201376j)
(0.1377580414854349-2.461187867877117j)
(-0.07421128563302232-1.827050224475302j)
(-0.5074306370983862-0.8310717068128908j)
(-0.011673054960699094+0.6800966749750708j)
(0.8717732982025046+1.365771735094302j)
(1.5737769509133481+1.818427806125873j)
(2.2563669091810192+2.20679191478995j)
(2.9807428376697764+2.5219112129473267j)
(3.7614698679437817+2.7412113566758713j)
(4.596591212434012+2.842005166562705j)
(5.474827052415109+2.8013084149858187j)
(6.376042978756579+2.5958618737376358j)
(7.269712118386714+2.2039674570452696j)
(8.113549825531155+1.6094490663057495j)
(8.854007713085123+0.8072393565924025j)
(9.429577033297436-0.19077490946320178j)
(9.776739583218454-1.3510432349181323j)
(9.838176820318841-2.6154368641678714j)
(9.573586996653114-3.9011268197471427j)
(8.972629547011918-5.106121884873729j)
(8.065800071823293-6.123426239006194j)
(6.926113606449714-6.8621886083497445j)
(5.657290588426658-7.267889844548715j)
(4.371917178447568-7.332132241493428j)
(3.1690519692353-7.088263870671611j)
(2.1198684097504636-6.596924633761476j)
(1.2640141769726825-5.929318332456656j)
(0.6139011703111661-5.154370011320397j)
(0.1621086292198666-4.332164555444185j)
(-0.11253445102437044-3.513503115842613j)
(-0.24552630900353897-2.745412440710524j)
(-0.31426163522271305-2.0835504334065065j)
(-0.6344201963245161-1.5277009697114594j)
(-1.0267138043357997+0.41623093395485306j)
(0.4380978387437884+1.30140147816481j)
(1.1894769118758317+1.618801969021161j)
(1.8327935389781156+1.96247781382066j)
(2.5038481552549534+2.271856930794084j)
(3.2252815425321066+2.509567122536823j)
(3.998241434924859+2.6516942982782106j)
(4.816522509722205+2.677971968590767j)
(5.668386395606115+2.5681012907018204j)
(6.535319446610486+2.300878551458495j)
(7.389735222579517+1.8552911198152187j)
(8.192619953608473+1.213608356541005j)
(8.8921749062831+0.36653746727592845j)
(9.424652952322555-0.6797975560213257j)
(9.71878071750435-1.895725830975607j)
(9.70552094793782-3.2204108430728056j)
(9.334374979819046-4.55866438665334j)
(8.593799174221987-5.788263031540874j)
(7.5271070707743-6.7816408936354495j)
(6.23240943379508-7.437127740872783j)
(4.841939749277606-7.705607673705396j)
(3.489279270212731-7.598773729329741j)
(2.280496941564884-7.176621839551808j)
(1.2803797620929172-6.523871090180877j)
(0.514058654345852-5.727784609379024j)
(-0.022758898115879216-4.8645305170543445j)
(-0.3522991155468398-3.9949269135716636j)
(-0.5069836986784653-3.167824971051028j)
(-0.531132505902948-2.4319346328155964j)
(-0.5243104746833488-1.8696161549983403j)
(-1.1445542780767817-1.5410389577243624j)
(-0.6710123629105769+1.3387031845124866j)
(0.6482335086289388+1.3819055438982055j)
(1.2784705823196074+1.6161607331981005j)
(1.8852296625198866+1.9000912688259335j)
(2.52845005498742+2.14757988835275j)
(3.215385902331874+2.3253424217846743j)
(3.9437535727236877+2.4135627721820208j)
(4.707342107552004+2.395329795742997j)
(5.495974758747788+2.253206456625751j)
(6.29385998072935+1.9683261196378379j)
(7.077161690597819+1.521121659127831j)
(7.811264184387334+0.8938307164128171j)
(8.448501415266893+0.07524014733892649j)
(8.927735476755643-0.9319797159271778j)
(9.177971809331126-2.101752010936703j)
(9.128660269744254-3.3751456282670556j)
(8.727990188635177-4.656217247232j)
(7.965696458165022-5.820290151385011j)
(6.889986747478502-6.738470810116875j)
(5.605832625569037-7.311935711439368j)
(4.25053441942273-7.499468319883312j)
(2.9576114220863983-7.323389435381751j)
(1.8273696630864709-6.853101953691298j)
(0.9153156209693507-6.178594604881298j)
(0.2368446652102981-5.387701596074386j)
(-0.22033127858654064-4.55373630195988j)
(-0.483939038466341-3.733164894708453j)
(-0.5898805925475297-2.9708914522423564j)
(-0.5858434480902524-2.3144534258025953j)
(-0.584248487174294-1.8545060464061713j)
(-1.3984076993640444-1.639646896495697j)
(-0.6836479228872825+1.4511499394219107j)
(0.5958112719441764+1.3341899994638327j)
(1.184357653365966+1.4941857524149855j)
(1.739911494950416+1.721103138691614j)
(2.3219177348544586+1.9247576179464314j)
(2.938618888700908+2.071851292998825j)
(3.5890335099240698+2.143678290202917j)
(4.268592250086781+2.125005926354576j)
(4.969306308954426+2.0004548677111207j)
(5.6784161629337575+1.753418021553649j)
(6.376295707018852+1.3664728589177328j)
(7.03398381268838+0.8233500061534551j)
(7.6109750185542255+0.11291863434627977j)
(8.054529410565067-0.7643993081077423j)
(8.302557181404167-1.788112866906483j)
(8.292478379858316-2.909141736889905j)
(7.97710129688099-4.045938700687161j)
(7.344377967155083-5.091344066085414j)
(6.432211840368011-5.933271321668608j)
(5.327664476259815-6.483814768480237j)
(4.147005498167665-6.70311663871866j)
(3.0054465518259055-6.605498594963326j)
(1.9916849565456685-6.246689289100938j)
(1.1569319807867102-5.70194086372171j)
(0.5177018501620098-5.04653713724384j)
(0.06551429114948128-4.344605496875645j)
(-0.22332750156979347-3.646268792254678j)
(-0.3825880595929992-2.9908039659951116j)
(-0.4618191274110334-2.4140540892534035j)
(-0.5712228911878349-1.953827410252781j)
(-1.1137854462042542-1.4674994944294504j)
(-1.2325738925912757+0.6971115219192139j)
(0.30821806285384373+1.2228568892965346j)
(0.9689437185229121+1.306996458261179j)
(1.4707148901881115+1.4753761280582995j)
(1.9672068391865685+1.6529603365237802j)
(2.4874509538379037+1.7994259603004858j)
(3.0371396475848575+1.8928542073157588j)
(3.615153043841137+1.917364195979796j)
(4.216477970166535+1.8583691028367677j)
(4.83194422764345+1.7008738512676673j)
(5.446846894894554+1.429366050652648j)
(6.039100864700943+1.0290700654147062j)
(6.577491189153137+0.48879074603203887j)
(7.020955626927972-0.19438964062757322j)
(7.320373963935071-1.00878447945638j)
(7.42457595740685-1.9215705580506566j)
(7.291396572305394-2.875185726678703j)
(6.901918584262798-3.790814794049567j)
(6.2723328925034965-4.58143683483148j)
(5.456238797139759-5.1717337374084025j)
(4.533899771971079-5.516580207349931j)
(3.5925629065694182-5.609305486924905j)
(2.707110356185437-5.4769393117150225j)
(1.9286363692766566-5.167027568148686j)
(1.2825339365328652-4.733377041566213j)
(0.7728349060034526-4.225770793891905j)
(0.38829566274142274-3.684816848903601j)
(0.10670159699105605-3.14036226067334j)
(-0.10524947534699373-2.610013456012557j)
(-0.2990442290065052-2.0886802614998725j)
(-0.5463634026923402-1.4940945682933544j)
(-0.7462914524154461-0.5390052054212893j)
(-0.2077450406881187+0.5813542720560294j)
(0.6097532986414268+0.9999519912527135j)
(1.1566651343337828+1.1630782068730736j)
(1.589932440745454+1.3195986745682238j)
(2.0087166138534243+1.474677673388193j)
(2.445655476443909+1.6068850356509568j)
(2.9102923473326734+1.697749284910148j)
(3.403327055507886+1.7315998016380623j)
(3.920353957689674+1.6937227392701926j)
(4.452218890927388+1.569564293343848j)
(4.984183630360237+1.3450836318507975j)
(5.4947966719917725+1.0082963969519243j)
(5.9551957709833925+0.5520972360059736j)
(6.329741864987998-0.02175388305693843j)
(6.579014583398087-0.6981758149585906j)
(6.665854434008628-1.4454215358373954j)
(6.563932984565008-2.215130561290554j)
(6.266437599378706-2.9476777891935915j)
(5.791053122262721-3.582610786935925j)
(5.178143625217189-4.070941808371114j)
(4.482181893919767-4.384397033993056j)
(3.7599743786937823-4.518123844130395j)
(3.0603912941969487-4.486859274078319j)
(2.4185898133574804-4.317428041896285j)
(1.8549502740301986-4.040967009256096j)
(1.377125065849565-3.6869679716578996j)
(0.9832885310045721-3.2795312711714852j)
(0.6653556329593374-2.8350083710425684j)
(0.4121622589028136-2.3595070851362907j)
(0.2150341438700182-1.8445175555090243j)
(0.08417782216702603-1.262435022479504j)
(0.08700694009888167-0.5879945136563565j)
(0.34056753620153263+0.09362327565734635j)
(0.7954990664687059+0.577363543888887j)
(1.2420347756199799+0.8455902476314826j)
(1.6166811587765628+1.0292080714886886j)
(1.9616259870179413+1.1924045362353972j)
(2.3143371179518804+1.3401983203344372j)
(2.6922143136947208+1.4602876001170022j)
(3.100207017757684+1.5376833708518705j)
(3.5359864353990518+1.5577591301355558j)
(3.991870825843433+1.5067688423031393j)
(4.455169636239478+1.3723799337843487j)
(4.908044177237009+1.1448352215280768j)
(5.327618606169762+0.818826813509281j)
(5.6869474102498945+0.3958756485741668j)
(5.9573114978419-0.11331832753477751j)
(6.1119779431593715-0.6874237088723401j)
(6.130948570940738-1.2949161748902525j)
(6.005510629748553-1.8970532111061693j)
(5.741013650379125-2.453142186813326j)
(5.356652849694639-2.926786633297883j)
(4.882135247723313-3.2912024301272806j)
(4.352352543520861-3.5320386789455167j)
(3.8018311442914974-3.6472235970034688j)
(3.260476223780488-3.6444871223095214j)
(2.751304216842056-3.537785024153831j)
(2.2900431078208054-3.343756978723102j)
(1.8860410301784987-3.0788845034686325j)
(1.543899010127694-2.7575280365105113j)
(1.2654962834694368-2.3907292948562686j)
(1.0524747511581192-1.9856770789643465j)
(0.9096525202080791-1.5462814426603773j)
(0.8495114232260879-1.0769263204572703j)
(0.8938101194213034-0.5935481073999421j)
(1.0580414483069218-0.13882350024165296j)
(1.315627551524581+0.23163087131054896j)
(1.6033093911066743+0.5050957336142572j)
(1.8847753524202169+0.7176495154830502j)
(2.16641488357424+0.9007391791518623j)
(2.465503677965385+1.060597157884101j)
(2.792009800820336+1.1891480546066173j)
(3.1471981702274805+1.2744572904616422j)
(3.5261670041461035+1.305017455364044j)
(3.9197421655070914+1.2710970283323162j)
(4.315461558312099+1.16533872656529j)
(4.698163752600326+0.9833814878818361j)
(5.050616271434119+0.724643618405822j)
(5.35445178410024+0.39315162954761435j)
(5.59152773921615-0.0018120457055454025j)
(5.745671923753631-0.44551047375209146j)
(5.804617484044566-0.9182421655075055j)
(5.761791588244171-1.396645843644009j)
(5.617552257261537-1.8557539199534565j)
(5.3795184113276955-2.271501697663868j)
(5.061824784884984-2.623219481849937j)
(4.683410774963106-2.8955879148867556j)
(4.265719470154441-3.0796639569142363j)
(3.830328822087793-3.1728475149447926j)
(3.3970021231416663-3.1779499209201196j)
(2.9824583704464196-3.1017270582643066j)
(2.5999221204984275-2.95328770911717j)
(2.259324060052471-2.7426997671884883j)
(1.9679489941435964-2.479972242694592j)
(1.7313626300174891-2.1744850524950965j)
(1.5545257463020954-1.8349552559361395j)
(1.4429657087090122-1.4702255427704292j)
(1.4033515297921668-1.0914234567588537j)
(1.4413986553467468-0.7153796121277156j)
(1.5547005650179626-0.36529808700090605j)
(1.7261080746270394-0.0611391837454141j)
(1.9323427615713222+0.19372409621519288j)
(2.1608520623703624+0.40828927903371004j)
(2.411021288287825+0.5888312888049486j)
(2.684597395496076+0.7340447675429361j)
(2.980285707940194+0.8386601389362849j)
(3.2934588516905783+0.8970106982935528j)
(3.617296931684093+0.9045419640570908j)
(3.943705990341406+0.85816069121099j)
(4.263806541005811+0.7562259083868103j)
(4.568146056881129+0.5985330255056649j)
(4.846798624148883+0.38640580833124916j)
(5.089476882364677+0.12291571219410621j)
(5.285755314942749-0.1867984323727783j)
(5.425484073371277-0.5351757906449066j)
(5.499442776551627-0.9119497007240659j)
(5.500230551845373-1.3040753291855571j)
(5.423307725149718-1.6960192191760952j)
(5.268009865951606-2.0705204990132167j)
(5.038283584298478-2.4098278668839295j)
(4.742895825405667-2.697263902332486j)
(4.394975099192895-2.918829466115127j)
(4.010927713141207-3.0645135100665097j)
(3.608949586763811-3.1290544613868767j)
(3.2074369482390384-3.1120653589840996j)
(2.8235668191659706-3.017593413000338j)
(2.4722258257349963-2.853272054490652j)
(2.165380890905498-2.6292477337575026j)
(1.91192856005043-2.3570712092871453j)
(1.7180072818923513-2.048766923194789j)
(1.587662828087436-1.7163428922569206j)
(1.5235238416044428-1.372041361353379j)
(1.5266448762679103-1.0293762850623225j)
(1.5944217556816218-0.7037284884971109j)
(1.717719344681735-0.4096299752698088j)
(1.88235152971022-0.15513886112325836j)
(2.07570685273817+0.05948906459191514j)
(2.2904632725870346+0.2368747349911134j)
(2.522706942791983+0.3784461483299826j)
(2.769294427963202+0.48405190278428345j)
(3.0268679102671947+0.5528573030070151j)
(3.2918333464544083+0.5838877068322604j)
(3.5604582025512728+0.5761122224396105j)
(3.828801110119802+0.5283533202752076j)
(4.092469775485509+0.43923217300409195j)
(4.346277946968872+0.3072549659263791j)
(4.583881037494633+0.13108994968402465j)
(4.797474588243243-0.08994011669911425j)
(4.977656075176757-0.3551463484792049j)
(5.113574794085395-0.6615765513908859j)
(5.193509495877688-1.0030340971205085j)
(5.205989324147689-1.3692141510353424j)
(5.1414749088843195-1.7452653852581907j)
(4.994423848467085-2.112139233970747j)
(4.765311704637741-2.448005383134655j)
(4.461978902022018-2.7307345550874498j)
(4.09968734639038-2.9410268607626544j)
(3.699597949824556-3.065387043647715j)
(3.2859348992714623-3.0980623209206595j)
(2.8826098780734806-3.0413775274249892j)
(2.510253455271759-2.9044840081244283j)
(2.1843603145550947-2.7010699890446657j)
(1.9147755530405015-2.4468063552865997j)
(1.706309515037816-2.1571927312791597j)
(1.5600432505488355-1.8461936674784871j)
(1.4748427186608781-1.5258211436182672j)
(1.4485316165089368-1.206671290896853j)
(1.4779724473403983-0.8990359422295621j)
(1.5576802552143052-0.6132117464157933j)
(1.678669028932596-0.35748046908748626j)
(1.830302361664217-0.13543254079287365j)
(2.003862725208574+0.05367714206835753j)
(2.193971988618763+0.21213087394243513j)
(2.3976604712613003+0.3417138453340118j)
(2.6131270562308493+0.4431948748453183j)
(2.83903746141277+0.516410029101874j)
(3.074170936465288+0.5603509764610239j)
(3.317132096235027+0.5731664677582583j)
(3.566001981834355+0.5521551019616024j)
(3.8179037981033943+0.4938363177107662j)
(4.068500507467166+0.39417227345351813j)
(4.311468000789172+0.24901075790573712j)
(4.538027299280403+0.05482094869583246j)
(4.736682906172964-0.19022281744509617j)
(4.893394031395342-0.4848198654032302j)
(4.992464236091096-0.8229408425057689j)
(5.018397512336803-1.192431254135241j)
(4.95873588049009-1.574455853019765j)
(4.80742009890566-1.9445024851371342j)
(4.56764566147313-2.2753416040416994j)
(4.252918586021733-2.541531858614153j)
(3.8854707301983824-2.724126498886168j)
(3.4923299224942923-2.813865336423338j)
(3.1004566595810505-2.8117556390717424j)
(2.732658500909198-2.727175862871024j)
(2.4053544111449416-2.5746122872875765j)
(2.128279308598039-2.3703308142144097j)
(1.9055458166642818-2.129850246920423j)
(1.7373231427222615-1.86650325917165j)
(1.6215651734732717-1.5909957510692114j)
(1.5554258252662827-1.3117637672441822j)
(1.536045021189195-1.035899874134062j)
(1.5603731614690015-0.7701741452563704j)
(1.6241617778142978-0.5212403874002758j)
(1.721319483750055-0.29448851622329786j)
(1.8448574530946378-0.09265449072706658j)
(1.9887201390854954+0.0841521954784143j)
(2.1488202157626635+0.23713597339526854j)
(2.3229050054012554+0.3675089199617438j)
(2.509946147860325+0.47579141218457105j)
(2.7095650171582313+0.561545486388248j)
(2.921573544276821+0.6232686432048556j)
(3.145546011599644+0.6583383114162601j)
(3.380346139331723+0.6630164014302373j)
(3.623579075624953+0.6325732273241348j)
(3.8709812299172+0.5616107828784931j)
(4.115810617386025+0.44467609212508513j)
(4.348370575034913+0.27724778634850666j)
(4.55589023928114+0.057124976203348166j)
(4.723064955414446-0.2138890826037253j)
(4.833552686747741-0.5283497235956282j)
(4.872520765284461-0.8721917899372501j)
(4.829882732180154-1.2251463924397938j)
(4.7032923854228-1.5630232334150995j)
(4.4996619207066-1.861581542831132j)
(4.234350515311488-2.1008262091134497j)
(3.928182416166249-2.268192076255675j)
(3.60345305679161-2.359591929307241j)
(3.2803690272932347-2.378349012276621j)
(2.974861072443569-2.332863675298659j)
(2.6979194364798316-2.23404819568975j)
(2.4560524005910898-2.093243695391389j)
(2.2523178955953886-1.9208886919402997j)
(2.0874878401822654-1.725899312819291j)
(1.9610810801521534-1.5155981954115028j)
(1.8721234488492342-1.2960228930523634j)
(1.819536823643876-1.0724528520277332j)
(1.8020862993141744-0.8499385664273446j)
(1.8179516799597992-0.6335244141731674j)
(1.8642714162762284-0.4279254366974079j)
(1.9371607157510207-0.23681039909513318j)
(2.0323780087769667-0.06225914703552163j)
(2.146241912776055+0.09514546150940245j)
(2.27624683826819+0.23567037004069355j)
(2.4211710945884684+0.35963387701919214j)
(2.5808070057136803+0.4667538481666249j)
(2.7554994761045686+0.5557175832670671j)
(2.9455904138210776+0.6239497144235004j)
(3.150798443696862+0.6675680962475546j)
(3.3695581452284915+0.6815574125672827j)
(3.598377016055259+0.6602093266031747j)
(3.8313157740832366+0.5978655835658894j)
(4.059742512515833+0.4899542037712384j)
(4.2725355373279195+0.334225152511509j)
(4.45688322072789+0.131975742784268j)
(4.599716858230805-0.11105885685300824j)
(4.689605994738494-0.38451670816248074j)
(4.718704545893895-0.6741760078308163j)
(4.6841932514209645-0.9636446215629074j)
(4.588751737956062-1.2365820626280746j)
(4.439920388275236-1.4788366631109409j)
(4.248614988808992-1.6799321670027352j)
(4.027310527205597-1.833634044591367j)
(3.7884037237414017-1.937677839729311j)
(3.5430641326229826-1.992966005071775j)
(3.3006440469271423-2.002578833874264j)
(3.0685515815183795-1.9708580362937993j)
(2.85242675056462-1.9026986122020346j)
(2.65646770077829-1.803085650972274j)
(2.483791799177664-1.6768554843206473j)
(2.3367542312656395-1.5286372916815558j)
(2.217171809070006-1.3629244834889687j)
(2.1264127179954095-1.1842172999719205j)
(2.0653279860036466-0.9971574091036906j)
(2.034041722021332-0.8065473520177673j)
(2.031700540857652-0.6171485711054813j)
(2.056375479467158-0.43323682050966683j)
(2.105312467029157-0.25806870897401746j)
(2.1755588157425905-0.09355988216682852j)
(2.2647369086989753+0.059573150001079725j)
(2.3716107297264593+0.2012011454257098j)
(2.496197507763889+0.33093372091305834j)
(2.639389688852694+0.4473381579155911j)
(2.8022121222485143+0.5474606258369218j)
(2.984914819437158+0.6267790238698132j)
(3.1861272987837377+0.6796097223185902j)
(3.4022811937375392+0.6998819711080554j)
(3.62743471807847+0.6821074523380682j)
(3.8535285699317408+0.6223417050997847j)
(4.071010708969571+0.5189607895605665j)
(4.269711216275869+0.3731328570770511j)
(4.439823926411739+0.18892449386103602j)
(4.572846338539048-0.026961338897446445j)
(4.662340710658208-0.26576284093396985j)
(4.704412788239333-0.5174478220354777j)
(4.697861409465287-0.7715750075388552j)
(4.644020129408798-1.0180890674280934j)
(4.546369508929401-1.247943981681154j)
(4.410027611478513-1.4535046388777926j)
(4.2412220088147325-1.6287321679056943j)
(4.046818676264512-1.769197333293046j)
(3.833947006396955-1.8719824220891188j)
(3.6097284701953765-1.9355293755542091j)
(3.3810952000812313-1.9594786878099875j)
(3.154674196012146-1.9445273138340162j)
(2.9367101965143667-1.892319226136971j)
(2.7330018975983372-1.8053712728526776j)
(2.5488287966045853-1.6870292605951j)
(2.388847220406908-1.5414422271602197j)
(2.2569343933434998-1.3735321812876675j)
(2.1559644607832102-1.1889171360175022j)
(2.0875244121095617-0.9937173764403182j)
(2.051639930281724-0.794157392043876j)
(2.046680768894383-0.595918268717774j)
(2.0696847875621316-0.4033533115705051j)
(2.117238132517505-0.21891765611037636j)
(2.186704596648058-0.04326886397772537j)
(2.2772153793493883+0.12376587330773262j)
(2.3897976901843174+0.28170624133455513j)
(2.5264694485769223+0.42816840553523416j)
(2.688741342186569+0.5584959211613324j)
(2.876275740689013+0.6663876376691152j)
(3.0862475835430714+0.7450972487575549j)
(3.3134689020842245+0.7886184507397842j)
(3.5509858476350584+0.7924896755339623j)
(3.7908061549468828+0.7541619388405231j)
(4.024547035095382+0.6730497167537293j)
(4.243936785687643+0.5504103744339446j)
(4.441182960042345+0.38915263463126887j)
(4.60924253716437+0.19362451432839278j)
(4.742024995976885-0.03060002376759162j)
(4.834549146453711-0.27693014639734576j)
(4.883067739082462-0.5379621240960293j)
(4.885170789288333-0.8056800916299178j)
(4.839876467770171-1.0716593268745647j)
(4.747714399279413-1.327282606307192j)
(4.610798779434484-1.5639838229495941j)
(4.432878392060942-1.7735326629725574j)
(4.2193398851812605-1.9483675527306994j)
(3.9771334167716845-2.0819708572328772j)
(3.714590161525597-2.1692625064191997j)
(3.441111931045001-2.2069706506466225j)
(3.1667337003069767-2.1939271545050745j)
(2.901584955457112-2.131237460776701j)
(2.6552965813005076-2.0222899793918803j)
(2.4364075823643083-1.8725941019850925j)
(2.2518169229463254-1.6894560184191j)
(2.1063079374661458-1.4815033044895198j)
(2.0021687072355787-1.2580457096924609j)
(1.938975399973218-1.0282288925319432j)
(1.9137128514459814-0.7999656017985795j)
(1.9215033273171158-0.57881057638121j)
(1.9570898408786688-0.36726901775010323j)
(2.016713789569347-0.16518923914775177j)
(2.099422126224705+0.028544007528964126j)
(2.2068467993356693+0.21375983519592667j)
(2.3414651485756757+0.38757204842395104j)
(2.504514703236384+0.5445997691082948j)
(2.6948352738141272+0.6783655545177749j)
(2.9089210838254704+0.7827565314188941j)
(3.141629611516291+0.8528705843038326j)
(3.3869386829309396+0.8852384390108325j)
(3.638468384127183+0.877699507846215j)
(3.889744283740922+0.8291806859529318j)
(4.134279547399942+0.7395147402500234j)
(4.3655627579097445+0.6093497714839796j)
(4.57701935535192+0.44015730156106175j)
(4.761996146616334+0.23432801340397091j)
(4.9138070533746285-0.004664370304037305j)
(5.025872216288456-0.2720582980022174j)
(5.091977160346816-0.5615968793016186j)
(5.106668729928874-0.8653704392292897j)
(5.065784979510731-1.1737771124643843j)
(4.967084034348046-1.4756784362367454j)
(4.810893631057562-1.7588195824900885j)
(4.600658064028254-2.0105499344947044j)
(4.343231032069319-2.21881519840368j)
(4.048773787198326-2.373307526732521j)
(3.7301819211841094-2.4665830972324447j)
(3.4020721864176116-2.494923878037513j)
(3.0794772023526846-2.458756932338653j)
(2.776472981836237-2.362544491066476j)
(2.504969267100126-2.2141821783801396j)
(2.2738284287172696-2.024039489632263j)
(2.088382496032016-1.8038098827547269j)
(1.950342725174057-1.5653070269818006j)
(1.8580837586796102-1.3192893688872647j)
(1.807331495212212-1.0743892666286918j)
(1.792306068892401-0.836320538446653j)
(1.8072353458223418-0.6076733343330037j)
(1.847859870613885-0.3885620468847437j)
(1.9123553380967-0.1780574152582417j)
(2.001225600500488+0.024085972951717056j)
(2.1161348683856076+0.21616754057960105j)
(2.258283116980921+0.39440022973006833j)
(2.427293092555865+0.5538116842205156j)
(2.6210569698587083+0.6893833384660739j)
(2.8362007638451874+0.7967598401291132j)
(3.0686360930785126+0.8724390280713133j)
(3.313923644793279+0.9136624158412553j)
(3.5674119915100615+0.9182238880532181j)
(3.824211201203469+0.8843205504050885j)
(4.079072195126216+0.8104984045631345j)
(4.326230458402891+0.6957104675442669j)
(4.559262639689998+0.5394909890116574j)
(4.7710027781196125+0.34224175388958855j)
(4.95356903995138+0.10561529907470305j)
(5.098555667599845-0.16704030570625836j)
(5.19743931885695-0.47024055362698913j)
(5.242224242658802-0.79602701391894j)
(5.2263012880903235-1.133856650848475j)
(5.1454280626464-1.4708360060818915j)
(4.998673353901561-1.7923719710437473j)
(4.789134812959055-2.083231401165498j)
(4.524246702050729-2.3289130616729956j)
(4.215537407053409-2.5171548000114403j)
(3.877772703694829-2.6393291682589806j)
(3.527544581237829-2.6914393462511788j)
(3.1815262662467383-2.674464074144661j)
(2.8547406217162856-2.593947512832916j)
(2.5591962771777155-2.458938527960366j)
(2.303121746309659-2.2805472651292407j)
(2.0908488626324924-2.0704324090416972j)
(1.9232577526589936-1.8394747916088996j)
(1.798635192524184-1.5968049621722105j)
(1.7137816598730873-1.3492961785261135j)
(1.6651609113082453-1.1016035237238053j)
(1.649800399085054-0.8567383942668496j)
(1.6656397078022085-0.6169365394692621j)
(1.7112964434621025-0.3843392324749659j)
(1.7856942251182757-0.16117970652405694j)
(1.8879825402506476+0.05020073762129814j)
(2.017475345882446+0.24709516486091482j)
(2.1732422924854324+0.42623954292150323j)
(2.3536798779900954+0.584049683287606j)
(2.556439328834912+0.7170363729804512j)
(2.778616057143646+0.8220516250631219j)
(3.0169540423635275+0.896313069849288j)
(3.2679415460083443+0.93731422013743j)
(3.5277885115254985+0.9427243459322647j)
(3.7923179842813424+0.9103376212260025j)
(4.056809170570255+0.8381006812724401j)
(4.315827491441337+0.7242333056459213j)
(4.563077890698959+0.5674492582267429j)
(4.7913221511715385+0.367275134406791j)
(4.9924042301685425+0.12444998990862147j)
(5.157422558886367-0.15863092854862373j)
(5.277071247125248-0.4774796819803753j)
(5.342152429980097-0.8251358477762281j)
(5.344263452363093-1.1918793922606978j)
(5.2766955706767895-1.5650876194728314j)
(5.13559040456666-1.929379263429104j)
(4.921275951712034-2.2673117292156033j)
(4.639427823374876-2.5608706739588722j)
(4.3014840044045775-2.7936744086336147j)
(3.923864869497439-2.953357613419735j)
(3.526025383923614-3.033363344714688j)
(3.1278758649039675-3.033564039150107j)
(2.747322625295826-2.9596056081181215j)
(2.3985333625801566-2.8213134662798534j)
(2.0911894294609805-2.63070950519243j)
(1.8306578708589276-2.4001522277032024j)
(1.6188210795099502-2.1409369456305685j)
(1.4552516618093814-1.8625018844848946j)
(1.3384592445026553-1.5722560379508992j)
(1.2669856722132402-1.2760014682056044j)
(1.2400767418859213-0.9789357382767792j)
(1.2573949677937741-0.6870598387530802j)
(1.3171790709608033-0.40791032811488387j)
(1.4141592179890463-0.14858875584936945j)
(1.5410519402649026+0.08772851067640852j)
(1.6927149437605606+0.30143500759493297j)
(1.8670586066383756+0.49294974436950867j)
(2.0630049585938055+0.6611366646598282j)
(2.27908864320334+0.8038849918507376j)
(2.513268655973131+0.9188588370337836j)
(2.7631328823089447+1.0037840784144156j)
(3.0260457534875447+1.0564382577103j)
(3.299154456450725+1.0745484482728058j)
(3.579280485209414+1.0557020373070798j)
(3.8627334803502698+0.9973152635405196j)
(4.145075552593454+0.8966821765583348j)
(4.420858945722682+0.7511222326330328j)
(4.683361304734673+0.5582467430885337j)
(4.924351105902163+0.31636831631716184j)
(5.133933345692995+0.025081082283028196j)
(5.300558772044337-0.31396326536414443j)
(5.411333576296339-0.6960868573619007j)
(5.452823716799812-1.1125160100910183j)
(5.412544949818685-1.5494734264020817j)
(5.281167560440681-1.9878988227521168j)
(5.055103562957219-2.4043385280522154j)
(4.738721770560156-2.773300919079086j)
(4.3452546378309-3.0707983429938484j)
(3.895764400291976-3.2781609282849073j)
(3.4162582740049547-3.384926542745611j)
(2.933792663499274-3.389911725564822j)
(2.472748615118732-3.3002910012913054j)
(2.0522415099179634-3.1292303602015155j)
(1.6850558617085913-2.892970381707717j)
(1.3779332761315606-2.608162361825641j)
(1.1327386116069371-2.28990764548905j)
(0.9480303590080794-1.9505776293115145j)
(0.8207923695231963-1.599270031325291j)
(0.7484675103028201-1.241849508905184j)
(0.7316760858604437-0.8823740547869067j)
(0.7760782693482845-0.5286082250315516j)
(0.884388666983316-0.20053317809218735j)
(1.0382199036157713+0.07991202914061553j)
(1.2102565176544018+0.3154149603035268j)
(1.3920943074881804+0.5217010434546786j)
(1.5874025863543793+0.7059949708759666j)
(1.799226231465113+0.8679280233532622j)
(2.0277804877948507+1.0049618297953664j)
(2.271615380116493+1.114546554346499j)
(2.528566769468071+1.194486029458038j)
(2.796176517703589+1.2428131658347954j)
(3.0717942664008198+1.2576051894799278j)
(3.352511891210692+1.2368451026446818j)
(3.635004671813948+1.1783529505231387j)
(3.915314444823881+1.0797967274149665j)
(4.188595615977392+0.9387967163307033j)
(4.448844967832389+0.753145014945833j)
(4.6886474116469605+0.5211690374962552j)
(4.898992052547522+0.24226920988785777j)
(5.069245888408708-0.0823507877265726j)
(5.187411207565119-0.44877991499357495j)
(5.2408208820274735-0.8494161260680559j)
(5.21740918899298-1.2721157227076372j)
(5.10758737002098-1.6998224023951969j)
(4.906522505711693-2.111095825859854j)
(4.616307238889535-2.481857475520875j)
(4.247270005218463-2.7883195659427322j)
(3.817725463883427-3.010538922420608j)
(3.3519128277146-3.1356100426850015j)
(2.8765597347989753-3.159489616499799j)
(2.4170609727922567-3.086917464663065j)
(1.9943472778828828-2.929614522736779j)
(1.6231277114896636-2.7034868249505024j)
(1.3116085573963863-2.4256909415884578j)
(1.0623638591419315-2.112164015624479j)
(0.8739478557615045-1.7758248629354019j)
(0.7431423533932798-1.4254006496397778j)
(0.6683598885772863-1.0652244048446493j)
(0.6545703309182422-0.6985271534352702j)
(0.7136671496422136-0.3391160937317816j)
(0.8439387749370094-0.01956609070031102j)
(1.0123702672340926+0.2385945494746456j)
(1.1886850649098353+0.44809796699699656j)
(1.367571822828902+0.6278117289411531j)
(1.5533380818913505+0.7854516757525283j)
(1.74892403512785+0.9216949989699644j)
(1.954640683761348+1.035210181112344j)
(2.16924192404613+1.1246000446567292j)
(2.3908071578344354+1.1888467066499708j)
(2.617217020687344+1.2272778938733666j)
(2.8463597913353387+1.2394114801972045j)
(3.0761729249338847+1.2247900918699457j)
(3.304576738515928+1.1828468365773497j)
(3.5293337797805653+1.1128241444006859j)
(3.747858369578012+1.0137622761805392j)
(3.9569988861228995+0.884572590278878j)
(4.152818326886126+0.7242104423703762j)
(4.33040659503645+0.5319612591829229j)
(4.483770688954138+0.3078472641526505j)
(4.605864372297917+0.05314680255196103j)
(4.688831148918991-0.22901144448446686j)
(4.724532772191362-0.5330627133378617j)
(4.705405165420123-0.8505682043694988j)
(4.6256106066342815-1.1701116734443435j)
(4.482338606234939-1.4777222025894161j)
(4.276976677915885-1.7579383081000535j)
(4.015790467842702-1.9954551093505533j)
(3.7097970806270357-2.1770674909884176j)
(3.373718829543766-2.293442543380636j)
(3.0242056184087778-2.3402392498723814j)
(2.677771053789736-2.318280966033444j)
(2.348968818504657-2.2327936716614087j)
(2.0492161138864433-2.091997856826085j)
(1.7864419852528355-1.9054723515616188j)
(1.5655296321142371-1.6826957487234178j)
(1.389395701576716-1.4321156327091547j)
(1.2604239615366435-1.1611070685736622j)
(1.181607374154372-0.8771851977857114j)
(1.1560761461496754-0.5902595921839551j)
(1.1838645450296232-0.31386538132108005j)
(1.257985834016162-0.06214633042237008j)
(1.3651885911129833+0.1563109699637938j)
(1.4919997950344284+0.3411007442821949j)
(1.629563766248897+0.49668627134609117j)
(1.7737481412931022+0.6279586713317112j)
(1.9229580308228167+0.7382555654975244j)
(2.076355237592786+0.8294060850530547j)
(2.2330887411536255+0.9023866287658762j)
(2.392174965318501+0.9578576107093897j)
(2.5526337508865367+0.9964181331191712j)
(2.713648193726257+1.018623703331605j)
(2.8746336310622396+1.0248611871787248j)
(3.035173290828729+1.015181620886212j)
(3.194832099110876+0.9891811765385498j)
(3.3529006762389235+0.9459928789940009j)
(3.5081412868242032+0.8844109514578032j)
(3.658602602393674+0.8031287871410416j)
(3.8015464575975444+0.7010436154042861j)
(3.933499367858676+0.577571798559016j)
(4.050415677120621+0.4329257275000852j)
(4.147923783804405+0.2683190851112422j)
(4.221622248770948+0.08608425153753321j)
(4.267395483523942-0.11030113522527993j)
(4.281724863053492-0.3162737633342375j)
(4.261976872950375-0.5263228205148229j)
(4.206653131869216-0.7341989837756145j)
(4.115587412076702-0.9331861850639153j)
(3.990073354542833-1.1164254989823643j)
(3.8329059519693587-1.2772744414607586j)
(3.64832306325566-1.4096762188612952j)
(3.441842575792632-1.5085048830972227j)
(3.220006661964397-1.5698484629474208j)
(2.9900640070623665-1.5911978151128061j)
(2.7596375976081484-1.571527228852418j)
(2.5364309537258674-1.511282822472756j)
(2.3280103906705283-1.412330051051895j)
(2.141657825469607-1.2779384827076654j)
(1.9842182168685905-1.1128767653172726j)
(1.8617897430707329-0.9236210348862584j)
(1.779087130844367-0.7185259772686581j)
(1.7384511895917418-0.5076218534425231j)
(1.7388226066448291-0.30166986982617583j)
(1.7753405357444827-0.11045680362751252j)
(1.8401255745808147+0.05905413851346472j)
(1.924101103576726+0.20376755516600245j)
(2.018981578687734+0.3242017248792442j)
(2.118555686030416+0.4232903318848993j)
(2.2190294255913297+0.5050004252311161j)
(2.3187503272391448+0.5732778442646652j)
(2.4177118636849984+0.631389744627568j)
(2.5170160619625754+0.6815246861065002j)
(2.618287222079088+0.7245716495283065j)
(2.7230352771127064+0.7601312516146317j)
(2.8320910731349267+0.7868244956166951j)
(2.945298091078852+0.8028312575508487j)
(3.0615492170685807+0.8064535552962725j)
(3.1790849142435604+0.7964983955755427j)
(3.2958702678340885+0.7724012165375551j)
(3.409895528579908+0.7341446027788141j)
(3.519336214684041+0.682082992548725j)
(3.6225857460175943+0.6167667524435565j)
(3.7182058470361143+0.5388147394289359j)
(3.8048386751248735+0.4488482581559501j)
(3.8811107619941283+0.3474810876310594j)
(3.945545905541686+0.23535563077443689j)
(3.996496753603596+0.11321703990468093j)
(4.032102807442639-0.017979801262358163j)
(4.050284265568535-0.15693413879863183j)
(4.048784693092506-0.30183939838407203j)
(4.0252790375427745-0.4502103164969147j)
(3.9775646957958086-0.5987178304362223j)
(3.903849187830412-0.7430657683042683j)
(3.8031352157759613-0.8779577831026857j)
(3.675680134229463-0.9972132323663265j)
(3.523472858392053-1.094089175261111j)
(3.350632989519121-1.1618441797732133j)
(3.1636065270284655-1.1945332618135678j)
(2.971026191575449-1.1879546963501417j)
(2.7831374980257872-1.1405919569899199j)
(2.6107719904427555-1.0543313717767029j)
(2.4639695395241414-0.9347179745952182j)
(2.3504858404967384-0.7905651314336067j)
(2.2745241637916496-0.6328677761911995j)
(2.2360496810845643-0.47316382470563356j)
(2.2309431878400012-0.32168696229204097j)
(2.252032981514192-0.18577637146226111j)
(2.2907698251055404-0.0689839286845234j)
(2.339085090989252+0.028872893224395846j)
(2.3908993171318946+0.1107665343548024j)
(2.442871934926178+0.18097242377254055j)
(2.494260763717717+0.24355450392697506j)
(2.546082461666635+0.30130405885799544j)
(2.599998685136331+0.3553881995600235j)
(2.6573887159384832+0.40564596133801517j)
(2.7188896990467484+0.45121851527685547j)
(2.7844048517102014+0.4911489665794166j)
(2.8533771358539872+0.5247314697793113j)
(2.9250970683125885+0.5515909040718368j)
(2.9989096526073955+0.5715968085445456j)
(3.074296610578123+0.5847277262029378j)
(3.1508702688158032+0.5909559095259986j)
(3.2283244313557677+0.5901741963720508j)
(3.306372741162905+0.5821602964217027j)
(3.3846880766747094+0.5665664417762208j)
(3.462845622492244+0.5429247719762182j)
(3.5402674545996984+0.5106639382834943j)
(3.616165599800266+0.46913719603887577j)
(3.6894818456827205+0.4176660346794897j)
(3.758825383703185+0.35560627899650565j)
(3.82241371678183+0.28244557244237595j)
(3.8780285540910056+0.1979416413607064j)
(3.9230068964037703+0.10230830715056004j)
(3.9542975375851617-0.0035515321868327693j)
(3.968622104623613-0.11778280381618668j)
(3.962781515685387-0.2373285132276267j)
(3.934133438734541-0.35777216273921925j)
(3.881222599677777-0.473384497894045j)
(3.8044689627943966-0.5774946967766696j)
(3.7067248671075332-0.6632568996959494j)
(3.5934485910475353-0.7247565635173417j)
(3.472276185722937-0.75822197051874j)
(3.3519468141037487-0.7629614803854121j)
(3.240804074650785-0.7416511336489288j)
(3.145317173762404-0.6998011643159829j)
(3.0690931768590506-0.6445505195702614j)
(3.0126517660455048-0.5831957377946929j)
(2.9739260351400407-0.5219128699237253j)
(2.9492128072511066-0.46497981676034067j)
(2.9342244089069025-0.414572494763823j)
(2.924969526177011-0.3710225104464598j)
(2.9183252675686897-0.33334368158873073j)
(2.912279458029861-0.2998408845079545j)
(2.9058938833881807-0.2686598986807067j)
(2.8990750205089593-0.23818781022051344j)
(2.8922548010480593-0.20726221437898937j)
(2.886083507629123-0.175197356034322j)
(2.8812131659277442-0.14168215880812515j)
(2.8782026530920657-0.10663210653609898j)
(2.8775228363375978-0.07006938552262508j)
(2.8796075681390683-0.032068275846184546j)
(2.8848977388046864+0.00724054605313759j)
(2.8938512754452828+0.047638217458555544j)
(2.906920293046666+0.08878984438637243j)
(2.9245119606993932+0.13023711811105323j)
(2.9469502701801016+0.17141228202973038j)
(2.974448704469556+0.21166582990589874j)
(3.007096081650999+0.25029914048354723j)
(3.044853170207093+0.286596075006707j)
(3.087556320464096+0.319851214430983j)
(3.134925235488357+0.3493952022216512j)
(3.1865739846229495+0.3746190827996934j)
(3.24202672530636+0.39499958081481623j)
(3.3007419311097124+0.41012596291608994j)
(3.362150824782583+0.4197262960343644j)
(3.4257164653549483+0.4236862760220216j)
(3.4910181960225395+0.4220472343706747j)
(3.5578597905775884+0.4149621257882611j)
(3.626385980494165+0.40258177358278385j)
(3.6971691878374826+0.38484402348160707j)
(3.7711980534570704+0.3611551372944376j)
(3.849672188472857+0.3299970472272728j)
(3.933507402679828+0.2885716519637867j)
(4.022518299316906+0.23268909613335859j)
(4.114399688805115+0.15716772454523467j)
(4.203854971877932+0.05694832128644905j)
(4.282403450619703-0.07114366498623105j)
(4.3393426744724355-0.22648497700779244j)
(4.363909858240991-0.40343614258032j)
(4.348015851447276-0.5915865637134525j)
(4.288462075682273-0.7776098963132161j)
(4.187710594641625-0.948054536056618j)
(4.053003603534074-1.0919575568114974j)
(3.89439705934772-1.2024012294826145j)
(3.7225900416220656-1.2767692135893005j)
(3.547237158144267-1.316022025562605j)
(3.376013347698441-1.3235276331529235j)
(3.214356195671105-1.303897264243045j)
(3.0656556301219244-1.262071696561798j)
(2.931657904966614-1.202722926445648j)
(2.8129174159421755-1.1299320136924296j)
(2.7092044197502205-1.047066888221333j)
(2.6198319913368997-0.9567858746986381j)
(2.543897680725565-0.861109795062115j)
(2.480450145055124-0.7615241161276062j)
(2.428595787969489-0.6590873715567931j)
(2.3875604683703235-0.5545322885978515j)
(2.3567195777911496-0.4483526836221919j)
(2.3356075447177638-0.3408733525212409j)
(2.3239157355901723-0.23230263909207705j)
(2.3214862113907055-0.12276876434259852j)
(2.3283080391648086-0.012342095165697323j)
(2.3445225536595724+0.09895293972584072j)
(2.370443381574889+0.21113026872093296j)
(2.406595417488251+0.32423011469883717j)
(2.453773993609088+0.4382910687436304j)
(2.5131215419741335+0.5532931374402216j)
(2.586214559574407+0.6690574861887394j)
(2.6751484048441543+0.785087469293167j)
(2.782599832210497+0.900333977697751j)
(2.9118344241156606+1.0128672857942247j)
(3.066605041423864+1.1194415795794856j)
(3.250856548736845+1.2149558983772835j)
(3.468115757832391+1.2918607723491757j)
(3.7204222908522544+1.3396519513276823j)
(4.006690459147571+1.3447429228870555j)
(4.3205610537241785+1.2911902055135465j)
(4.648185061139562+1.1628423716573353j)
(4.9669519532681985+0.9472526458348908j)
(5.2466172377694225+0.6408766939267752j)
(5.453948126816234+0.25377265456813625j)
(5.56040038205146-0.18889741311514335j)
(5.550082928547632-0.6505048925981627j)
(5.424245260990298-1.0910125582936245j)
(5.200121500237443-1.4760282960804818j)
(4.905129681850762-1.783017821593625j)
(4.569562977678891-2.002916627913688j)
(4.220706964004104-2.1379448831441676j)
(3.879670698624339-2.1976732356658717j)
(3.5606820903501863-2.195149083117621j)
(3.271909740950573-2.1440170351934524j)
(3.016897581657695-2.0568014807500026j)
(2.7960184125215823-1.9441200183759282j)
(2.6076713483968534-1.8144965407877538j)
(2.44915746291418-1.6744933768010855j)
(2.3172705745662787-1.528973686554844j)
(2.20867409614887-1.3813865554711182j)
(2.120134647147764-1.2340241000465655j)
(2.0486697585606595-1.0882350287159044j)
(1.991650408555344-0.9445989748019247j)
(1.9468829767662383-0.8030757418840243j)
(1.9126807042540965-0.6631463422472051j)
(1.887922787680492-0.5239598424987477j)
(1.8720911521827608-0.3844926943849962j)
(1.865272354448471-0.24371718502263487j)
(1.8681161355324982-0.10076586401258587j)
(1.8817523101160036+0.04492650494210267j)
(1.9076800518104922+0.19351874516949957j)
(1.9476510438522587+0.34470015589674263j)
(2.0035645882096516+0.4976575017471021j)
(2.0773806688402794+0.6510536833132058j)
(2.171044943353119+0.8030020745593089j)
(2.286413343736206+0.9510272577690446j)
(2.4251611718846555+1.092008619173664j)
(2.5886583064527415+1.2221087725710669j)
(2.7777885811430156+1.3366976097657006j)
(2.9926910055507046+1.4302965322486565j)
(3.232407254897245+1.496585070600511j)
(3.4944376087063267+1.5285306589801841j)
(3.7742399456793376+1.5187159758394615j)
(4.064754910772866+1.4599365367787924j)
(4.356099061954842+1.3461090740869688j)
(4.635617103873673+1.1734542758973792j)
(4.888488668193257+0.9417948159353264j)
(5.099003508713551+0.6556709110246232j)
(5.252433778442821+0.32488818364890454j)
(5.337184610746396-0.035841391289538886j)
(5.346703976693879-0.40828505213746935j)
(5.280607850769906-0.7728857946723396j)
(5.144682275614358-1.1112551907352881j)
(4.94978277178243-1.408341701222434j)
(4.709991826240454-1.653794853160988j)
(4.440562328526496-1.8423496534364565j)
(4.156124034244176-1.9733645768037498j)
(3.869432416482788-2.049832174227683j)
(3.5907151269202844-2.0772070649011933j)
(3.3275141512711737-2.0623084487979786j)
(3.0848606494206425-2.0124313458651164j)
(2.865630366589651-1.9347013328143785j)
(2.6709688957733726-1.8356515200451704j)
(2.500717741319914-1.7209794410998862j)
(2.3538028065544165-1.5954389921946996j)
(2.2285673043366003-1.4628270194339994j)
(2.1230448245187423-1.326030982082389j)
(2.035177520004675-1.1871124042065402j)
(1.962989337708626-1.0474102224033635j)
(1.9047244371530203-0.9076574648279524j)
(1.8589564178371987-0.7681117407650058j)
(1.8246662866255197-0.6287020709439517j)
(1.801280029157748-0.48918988579474126j)
(1.788655435663118-0.3493319693981324j)
(1.7870159385967737-0.20902360652565039j)
(1.7968441479643125-0.06839910817616608j)
(1.818760554649496+0.07212223458746389j)
(1.853414578885188+0.2118394464148345j)
(1.9014051661397207+0.3498040259629434j)
(1.9632341432193083+0.4848636818283674j)
(2.039285087158859+0.6156993868747775j)
(2.1298156678644147+0.7408473182359996j)
(2.234951165399511+0.858704635400663j)
(2.354669578847453+0.9675235027413672j)
(2.488772813094085+1.0654006305307273j)
(2.6368423055369563+1.150270173110508j)
(2.798180297453558+1.2199070736543813j)
(2.971739784947232+1.2719468508971348j)
(3.156047472020143+1.3039268786561904j)
(3.3491252764146826+1.3133534394153727j)
(3.5484173960698544+1.2977979909654278j)
(3.7507316885999997+1.2550248211669073j)
(3.95220599720296+1.1831502332075008j)
(4.1483117347564695+1.0808303232468452j)
(4.333908002169292+0.9474701392678201j)
(4.503359113928703+0.7834416178023778j)
(4.650725911247128+0.5902915754285845j)
(4.770036016645861+0.37091498484419244j)
(4.855629896648441+0.12966402538876276j)
(4.902568557963356-0.1276385116967324j)
(4.907076083397606-0.3938106003250467j)
(4.866977822945072-0.6605693332785659j)
(4.782084129940454-0.9189476403644817j)
(4.654459091079321-1.1598665859163595j)
(4.488501728038677-1.3748388341393505j)
(4.290759147430031-1.5567391342739367j)
(4.069411089021803-1.7005150035428727j)
(3.833445408739132-1.8036534220106764j)
(3.5916775090877398-1.8662331169754842j)
(3.351872633425312-1.8905199996471602j)
(3.1202081921957046-1.880249437017602j)
(2.9011573648789715-1.839853421309776j)
(2.6976948844754545-1.7738562189980167j)
(2.5116385854257013-1.6865261115894346j)
(2.34396948327369-1.5817409509385647j)
(2.1950599857960658-1.462968165106911j)
(2.064816847808155-1.3332724631643835j)
(1.9527818046498473-1.1953090402944258j)
(1.8582314710416659-1.0513026155195055j)
(1.7802958186134437-0.903036405434257j)
(1.7180881008570539-0.7518772738288211j)
(1.6708207595989633-0.598848753146203j)
(1.6378785599844856-0.44474155248461306j)
(1.6188329537971775-0.29023246070230607j)
(1.6134049693120078-0.135977289999367j)
(1.6214056307966223+0.017342949534595926j)
(1.6426876264529062+0.16901690968484834j)
(1.6771238799969457+0.3183130302817876j)
(1.7246040795781146+0.46448282284392084j)
(1.785032767176557+0.6067546180581969j)
(1.8583235103311309+0.7443265789091627j)
(1.9443943354977284+0.8763635897524008j)
(2.043169598628674+1.0019942818501741j)
(2.154587817199854+1.1203016524879443j)
(2.2786108087378683+1.230302963093953j)
(2.415228477284708+1.3309177892035686j)
(2.564454200173499+1.4209251021188278j)
(2.726306391777236+1.498911086424717j)
(2.900771758249517+1.5632097935297653j)
(3.087744936908626+1.6118394418818707j)
(3.286937852910716+1.642438808951743j)
(3.4977506317108706+1.6522112967407687j)
(3.7190949928194383+1.637889518008253j)
(3.9491620110892036+1.595741256355424j)
(4.185131212629809+1.521648658292942j)
(4.422830713976675+1.4113055924588527j)
(4.65638323431848+1.2605895434019412j)
(4.877914652862877+1.0661652291928332j)
(5.0774595586193945+0.8263507084806778j)
(5.243256193127187+0.542199930032168j)
(5.362637268521859+0.21861178992594535j)
(5.423618711335566-0.13491053860267238j)
(5.417004783381958-0.504341865671104j)
(5.338433985505382-0.8724065388654212j)
(5.189569377214559-1.2208944365509324j)
(4.9779035591502385-1.5332932692350334j)
(4.715320067393269-1.7968346707997238j)
(4.416088306437919-2.003463314329293j)
(4.09496984882336-2.1498240262693415j)
(3.7657638112725222-2.2366402646969017j)
(3.4403298493500962-2.2678003227822257j)
(3.1280406803025333-2.2493339093865163j)
(2.8356186964696226-2.188402165157795j)
(2.567297268266854-2.092411482614032j)
(2.3252133536424977-1.9683352695764513j)
(2.1099196748643574-1.822278079845846j)
(1.920916966133481-1.6592666053459413j)
(1.757139361997671-1.4832218504187804j)
(1.6173616620712514-1.2970609054186157j)
(1.500523261925221-1.102890155433299j)
(1.4059710368807017-0.9022773338640223j)
(1.3336009638453372-0.6966161354763152j)
(1.2838142265670571-0.4875917744508594j)
(1.2571283468129402-0.2776476084377079j)
(1.2533644208341939-0.07010221927844909j)
(1.2708046655998497+0.1315551121313506j)
(1.3062461821259683+0.3250446939022604j)
(1.356313091048089+0.5101552948609537j)
(1.4189144311800757+0.6881686695592634j)
(1.493611097373343+0.8605407969264394j)
(1.5810309208272648+1.0280264444722949j)
(1.6821580558631797+1.1905304572313107j)
(1.797925988941657+1.347317327957384j)
(1.9290896376756466+1.497245422569775j)
(2.0762310468747462+1.6389087302444003j)
(2.2397969629625805+1.7706885378916053j)
(2.420122583181032+1.8907466797097943j)
(2.617426244022466+1.996987540690796j)
(2.8317711989548604+2.087006795755174j)
(3.062993227365958+2.1580390092919464j)
(3.3105925356233863+2.206914290814905j)
(3.573588014417138+2.2300352750943317j)
(3.8503328295559376+2.223388888565637j)
(4.138293644506654+2.182611877091593j)
(4.433802628200754+2.10313380571098j)
(4.731802842070243+1.98042433829058j)
(5.025624053572641+1.810370042154611j)
(5.306846243088872+1.5897954955574516j)
(5.565327669547751+1.3171194003878748j)
(5.789484470961406+0.9930957886556435j)
(5.96689624583748+0.6215362123464107j)
(6.085263560205413+0.20985489895220993j)
(6.133655358263095-0.23074808590361742j)
(6.1038760965637495-0.6856197663052409j)
(5.9916991636537285-1.137556235402516j)
(5.797703656474768-1.5681832854837523j)
(5.527529367662746-1.9596006404754327j)
(5.191492497238986-2.2960186579052135j)
(4.803627781736963-2.565131463157477j)
(4.380315033925287-2.7590279030023313j)
(3.938711024186586-2.8745225610873355j)
(3.495237555213559-2.9128917714802505j)
(3.0643556112304076-2.879112152944418j)
(2.657777734204638-2.7807874012135816j)
(2.2841618967949233-2.626979637678365j)
(1.9492338096023238-2.4271296624349565j)
(1.6562346799685888-2.1901818783407085j)
(1.4065972258227804-1.9239638406798552j)
(1.2008015608668814-1.6348468837598702j)
(1.0394188246891216-1.3277765041004916j)
(0.9243131250577798-1.0069597235771208j)
(0.8595603856664835-0.6777832767715583j)
(0.8504459417409354-0.3502541342586491j)
(0.8978903487266372-0.04154056390478468j)
(0.9901278160545292+0.22921377411599247j)
(1.1037421120460513+0.45456859839070335j)
(1.2187313925444339+0.6441736276453235j)
(1.3289319532056278+0.81366876398693j)
(1.4378616490362468+0.9735470807501498j)
(1.5510394786278654+1.1275872531849493j)
(1.6724264318068363+1.2757315164909222j)
(1.804057139065453+1.416553541631274j)
(1.946641477614915+1.5484441154169364j)
(2.1001625342735206+1.6700050188143347j)
(2.2642723041613+1.780101534259106j)
(2.438517776044566+1.877797030243725j)
(2.6224575933496723+1.9622575371582032j)
(2.8157118997858426+2.032655589360296j)
(3.017969623571273+2.088081078425085j)
(3.2289654158195376+2.127460244266748j)
(3.4484314218724856+2.149482767957063j)
(3.6760249847400566+2.1525377283417795j)
(3.9112309214156853+2.1346608867921137j)
(4.153235574433866+2.0934982412200984j)
(4.400769403352283+2.0262942113686027j)
(4.6519159126314085+1.9299173375501086j)
(4.90388812783676+1.8009418786604103j)
(5.152780915311371+1.6358094699519283j)
(5.3933195909272+1.4310993024620886j)
(5.618643354892099+1.183934880533742j)
(5.8201852430559855+0.8925454112163346j)
(5.9877340816350095+0.556974473689421j)
(6.109778697726457+0.1798835321567555j)
(6.174225395143388-0.23266512934139041j)
(6.169530078770369-0.6706290770047263j)
(6.086187899341261-1.1198377317234158j)
(5.918387766151494-1.5624887309484987j)
(5.66550708947984-1.9783985891220743j)
(5.333056584403766-2.3469284487489817j)
(4.932744312189697-2.6492811118523787j)
(4.481526968230154-2.8706962869938084j)
(3.9997989414277813-3.00204676941988j)
(3.509123904109647-3.04049152332526j)
(3.0300295156860675-2.9891175258082407j)
(2.580319800148243-2.8557849709475494j)
(2.1741569009795345-2.6515709975089212j)
(1.8219205807595897-2.389241046920238j)
(1.530654591874608-2.082091623361238j)
(1.304785722916485-1.7433623254132522j)
(1.1467390549863021-1.3862450251533256j)
(1.05705999095777-1.0243085872103332j)
(1.0337542881694044-0.6718721138325701j)
(1.0709401555558515-0.34357401372112956j)
(1.157654624769598-0.0524662304994553j)
(1.2782887925810562+0.19309427360427361j)
(1.4155469498586162+0.3919944226963909j)
(1.5547920579107817+0.5502410576418324j)
(1.6871526979303226+0.6779317907257054j)
(1.8097867107273795+0.7853567056014777j)
(1.923986668530061+0.880409324772404j)
(2.032840173619864+0.9679008544678687j)
(2.139571038959434+1.0501007992059976j)
(2.24675783081662+1.1276423102739361j)
(2.3561579405865936+1.200300163047182j)
(2.468822020526574+1.2675024602270022j)
(2.585295039739748+1.3286090876351249j)
(2.705807689113787+1.3830325787671356j)
(2.830425593514415+1.4302661150561264j)
(2.959152283506275+1.4698614001871513j)
(3.0919909399026535+1.5013815409831726j)
(3.2289707889049097+1.524343650991434j)
(3.3701429430527385+1.53816113607952j)
(3.5155503462353015+1.542093890183639j)
(3.66517790347838+1.5352133503135457j)
(3.8188908451200465+1.516386784477372j)
(3.9763701075008813+1.484281027691745j)
(4.1370516369363814+1.4373813757669156j)
(4.300072019729752+1.374018456666418j)
(4.4642170757954025+1.2923960977124487j)
(4.627864911190284+1.1906167197481032j)
(4.788911760627978+1.066706823858696j)
(4.944668213409001+0.9186528236080117j)
(5.091715259230607+0.7444667550155576j)
(5.2257152199510415+0.5423130954834415j)
(5.3411857977518835+0.3107424827222169j)
(5.431273058554215+0.04909249450565681j)
(5.487608812322443-0.24188158049711792j)
(5.500409284184942-0.5591157276419969j)
(5.459040888560041-0.8961555741382585j)
(5.353282276784363-1.2421356881877657j)
(5.175361025505124-1.5812869436546086j)
(4.922494219632718-1.8935443588439773j)
(4.599220022727537-2.1566367475838026j)
(4.218552829852594-2.3494923664831084j)
(3.801213448509994-2.456114872049472j)
(3.3728843234672468-2.4687007343314784j)
(2.96024938486683-2.3889829255358417j)
(2.587018810901476-2.2274891835132213j)
(2.271000333134015-2.0011699935087943j)
(2.0227346846392087-1.7302861180633815j)
(1.8456167859698873-1.4354341788516685j)
(1.737043793905404-1.1352770013646296j)
(1.69003746300586-0.8451635840382287j)
(1.6949024882851618-0.5765407639463122j)
(1.740674499298084-0.3369342676028303j)
(1.8162750183544587-0.13028174133929601j)
(1.911379822634213+0.04253566257085724j)
(2.0170313552075965+0.1830530487539324j)
(2.1260157526550234+0.29452770711880494j)
(2.233013067740078+0.38124263358200305j)
(2.3345366615836127+0.44786882209077084j)
(2.428702000854933+0.4989468343875994j)
(2.5148888396814804+0.5385279929627741j)
(2.593369064276474+0.5699833765240857j)
(2.6649622446020227+0.5959588585068674j)
(2.730759642601987+0.6184369552560036j)
(2.791935902908598+0.6388627034357411j)
(2.8496535489003976+0.6582953448295702j)
(2.9050600117647765+0.6775510274534823j)
(2.959373467340619+0.6972951572264746j)
(3.0140351186394825+0.718024386888129j)
(3.070847588483949+0.7398681213854956j)
(3.131922955591611+0.7622002125273545j)
(3.1992306934309807+0.7832509523892178j)
(3.273767960161152+0.800147839836222j)
(3.354864454995408+0.8097026113155257j)
(3.440310020861701+0.8095994104021723j)
(3.527351023732418+0.7991031288328938j)
(3.6137927749934944+0.7788110722527528j)
(3.6984897738456937+0.7498332887828387j)
(3.7811827090979584+0.7130597568469249j)
(3.862059511157959+0.6688134699022666j)
(3.9413538822821015+0.616816604394947j)
(4.019078971385245+0.5562946784197151j)
(4.09486349994708+0.48610407401794903j)
(4.167828608313084+0.40484871824053303j)
(4.236461800072303+0.311001838316988j)
(4.2984746485822045+0.2030712250727086j)
(4.350663393738188+0.07985120470897698j)
(4.388824879480783-0.05920650702736769j)
(4.40780982661954-0.21350178445276238j)
(4.4018085426093565-0.38072683449604444j)
(4.3649426782300065-0.5563580257858158j)
(4.292167195385151-0.7333752815656325j)
(4.180375822637562-0.9023961483183613j)
(4.029486989327376-1.0523460438330037j)
(3.8432222776479366-1.1716463851197416j)
(3.6293227497810943-1.2497347416419506j)
(3.399082450117698-1.2786091513970113j)
(3.1662608163135566-1.254069741026972j)
(2.945588761499734-1.1764193810463104j)
(2.75115080093704-1.0505322142754252j)
(2.594902860044491-0.8853373359047535j)
(2.485509732547901-0.6928506749773884j)
(2.427604365513527-0.48691732944562266j)
(2.4215104837778814-0.28182316756108117j)
(2.4634303748560993-0.09092520348980516j)
(2.5460646127203206+0.0745536801359128j)
(2.6595851997518563+0.20642679616388854j)
(2.79282904047877+0.3000318335299808j)
(2.9345348322135014+0.3542552587973467j)
(3.0744378596301987+0.3711262779595503j)
(3.204074196808347+0.35509286436748955j)
(3.3172178840072286+0.3121403195169743j)
(3.4099564069667623+0.24891627857150042j)
(3.4804749573483558+0.17199090597272831j)
(3.528653740817167+0.08732650711210863j)
(3.555585863689092-2.2134247046852524e-05j)
(3.5631081394774102-0.08599376993042726j)
(3.5534186698607884-0.16743341774545603j)
(3.5288425467420743-0.24189216315947096j)
(3.491792186082194-0.3074105874271013j)
(3.4449109920392718-0.36244129966108407j)
(3.391226580259082-0.40608403274657373j)
(3.333915998878672-0.43859815170344585j)
(3.275380558690499-0.4616224503291363j)
(3.2161954101107564-0.4772778723468875j)
(3.155338693235712-0.48642363910587j)
(3.092011858619901-0.48788017937589495j)
(3.0272225741105347-0.4796257932276677j)
(2.96359453313406-0.4605768901513954j)
(2.9040688423505223-0.43127974800617697j)
(2.8508774576127185-0.3934714804906887j)
(2.8052570429339325-0.34934004805096136j)
(2.7676223939831224-0.3010187985285553j)
(2.7378436598534934-0.25038423580951247j)
(2.715453890529734-0.1990374361130188j)
(2.6997536880536575-0.14835161346301057j)
(2.6898351722603544-0.09951684949160951j)
(2.6845574433277775-0.05354980952531015j)
(2.682502295537236-0.011255164261991815j)
(2.6819356191305417+0.026865917114438805j)
(2.6807997234114036+0.06075914859497244j)
(2.676763442602776+0.09100415150974563j)
(2.6673574502970276+0.11902629992034493j)
(2.6502183428098967+0.14730096409429608j)
(2.62345403615182+0.17950386655143563j)
(2.5861243296131713+0.2205517700724482j)
(2.538807199711364+0.2764772947988564j)
(2.4842000612478112+0.3540919581932429j)
(2.427692898111377+0.46040809431057816j)
(2.3778485333096406+0.6018022932748089j)
(2.3467245605370213+0.782897931607195j)
(2.3499473632082952+1.005118213725686j)
(2.406366067051712+1.2648322482944088j)
(2.5369401839582846+1.551043169478904j)
(2.7622531237895+1.8427690687088842j)
(3.0978264786549046+2.1068292719594375j)
(3.546657005080267+2.2977989025486094j)
(4.089881658037946+2.3630754767581057j)
(4.679704080507123+2.2557682752774366j)
(5.242009436015204+1.9539892065615276j)
(5.69422867158162+1.4772428511257591j)
(5.973316228913946+0.8865652793330617j)
(6.057242969563641+0.26417042909567284j)
(5.966273374594624-0.3151005666645109j)
(5.7465791044381325-0.8029718620131826j)
(5.449905716749913-1.180767398772754j)
(5.119966874334188-1.4516568632580313j)
(4.7875643180307454-1.630427108522619j)
(4.471385029533562-1.7356059689666101j)
(4.180997503697384-1.7849546714297448j)
(3.9199657819914933-1.7935401193122174j)
(3.6882838072557336-1.7733053522823523j)
(3.4840262933462136-1.7333374130812766j)
(3.304368478649991-1.680369630109982j)
(3.1461695847970836-1.6192930353127937j)
(3.006282302055153-1.5535869413005274j)
(2.881705215577878-1.4856466106093695j)
(2.769656792772483-1.4170175913740943j)
(2.667620306301087-1.3485606572155937j)
(2.573385429247402-1.2805766593488261j)
(2.4850921217460424-1.2129184382833718j)
(2.401267746894-1.1451072385694734j)
(2.320842741143427-1.076457098581292j)
(2.243133819973502-1.0061987737059581j)
(2.1677921110941445-0.933589096539035j)
(2.0947221280047645-0.8579918643775413j)
(2.0239841111888084-0.7789207034027037j)
(1.9556951759355612-0.6960417688071691j)
(1.8899419641702109-0.6091414622128108j)
(1.8267106896474075-0.5180666265828642j)
(1.7658355576744746-0.42263974817455985j)
(1.7069700856838799-0.32254310091438215j)
(1.6496009725372567-0.2171622269960224j)
(1.593146749064782-0.10539318416523145j)
(1.5371953494504107+0.014539086418830212j)
(1.4819003317392778+0.1451405362027537j)
(1.4284476417718917+0.289447384649668j)
(1.3793742649150327+0.4505217719052354j)
(1.3385200267209107+0.6308176931742755j)
(1.3106170889176474+0.831739313545611j)
(1.3007951824345496+1.0535894280160631j)
(1.3143195452305951+1.2958034571468888j)
(1.356666047775878+1.5571836235058918j)
(1.4338156580394794+1.8359022611681495j)
(1.5525760214857625+2.1291914234775287j)
(1.720766338664859+2.4327327321953445j)
(1.9471306963574553+2.739790507262j)
(2.2408289073210197+3.040149874459391j)
(2.6103072009577653+3.3189895260656135j)
(3.0613276897625736+3.5559758467974385j)
(3.594028695016588+3.7251162465196557j)
(4.199226049735633+3.7961772591549994j)
(4.854838526902246+3.738522927770763j)
(5.524180511196828+3.527669653090203j)
(6.158290428686753+3.153412344671977j)
(6.703504277404088+2.62650872294154j)
(7.112827612396942+1.9801267548242094j)
(7.356776976560324+1.2640835097416472j)
(7.428866412512484+0.5337661008367628j)
(7.343759968659525-0.1614241099218799j)
(7.130064115485736-0.785628889155383j)
(6.821723655052001-1.318548552078481j)
(6.451237817830247-1.7532031514957231j)
(6.045930449033681-2.0918100140646705j)
(5.626917499586354-2.3417253036369456j)
(5.209750634964062-2.5124582959510895j)
(4.8057201906002565-2.6139772564132926j)
(4.42309186069771-2.6560555960366976j)
(4.0679114932752265-2.6482059074282738j)
(3.744344405879366-2.5997553235364252j)
(3.4547447789752446-2.5197776108538124j)
(3.1997157443796223-2.4168280988701936j)
(2.9783273190446873-2.298608618522283j)
(2.7884930634005154-2.171739904846655j)
(2.627375147347372-2.041742485796894j)
(2.491655052742072-1.9131909301762058j)
(2.3775793029436216-1.7898865348694173j)
(2.2808382932789018-1.6748515878511487j)
(2.196501356105313-1.5700380974227128j)
(2.119288459014174-1.4758799516526275j)
(2.0442592347116832-1.3910655181130527j)
(1.967596189415619-1.3128658989857338j)
(1.8869683015334944-1.2379051586971757j)
(1.8013169911769216-1.1628537553847178j)
(1.7104199113252059-1.0846929501748297j)
(1.6146198996252168-1.0006826713023065j)
(1.5147480237734043-0.9083293622828413j)
(1.4120604630757494-0.8054432113093843j)
(1.3080890628400448-0.6901785596190465j)
(1.2044582505902828-0.5609307820527514j)
(1.1028269261914185-0.4160300170910374j)
(1.0052275833511157-0.2533031187534915j)
(0.9151396009472199-0.06998690448941418j)
(0.8389000875832627+0.135756324933457j)
(0.7847096391569875+0.3613487154713451j)
(0.757277651716056+0.5990421103860539j)
(0.7548463776095417+0.8417291336051573j)
(0.7736074421050726+1.0873767752834385j)
(0.8120908428734284+1.3370884394445814j)
(0.8713876784256125+1.5920731563678312j)
(0.95390854085731+1.8525291393521999j)
(1.0625527925489395+2.11763595437788j)
(1.2003852574727383+2.3857420900164787j)
(1.3705475794341808+2.6544620291776218j)
(1.5762323444741155+2.9206608289057114j)
(1.8206435107188306+3.1803553515475604j)
(2.1069070886559107+3.4285585240941816j)
(2.437906996752354+3.6590869892138396j)
(2.816020688196574+3.864353398544971j)
(3.2427261848761524+4.035173640927833j)
(3.718051909078707+4.160636827038988j)
(4.239848932273178+4.2281118939824776j)
(4.802889986874199+4.22349719081121j)
(5.397851246778357+4.131850782997724j)
(6.010321447455164+3.9385514170012286j)
(6.6201092115300595+3.6310996682631247j)
(7.201257636762487+3.2015273428233035j)
(7.723246972993411+2.6490941615230756j)
(8.153717569641849+1.9825187017655543j)
(8.462454943492393+1.220569187364063j)
(8.62516022323532+0.3898953032798501j)
(8.623917309271546-0.4794702185313621j)
(8.441221606805355-1.3559767832186753j)
(8.052305158112615-2.194533703415822j)
(7.442253576756807-2.907973967551489j)
(6.673282965975443-3.3726081728357515j)
(5.918524227571165-3.5380326238698805j)
(5.330494684027835-3.518002370910266j)
(4.903928487722393-3.475017660778097j)
(4.542651431547659-3.4723890566491664j)
(4.1802362202962975-3.485559211173964j)
(3.8053069268502275-3.4752293587136625j)
(3.4332521974856993-3.4215756209073698j)
(3.082114530276898-3.323832046691768j)
(2.763501545407308-3.1910129898440873j)
(2.481862881476049-3.0347720352103047j)
(2.2364249729765784-2.8657238004264154j)
(2.023322099706929-2.6920549968379266j)
(1.837226821656245-2.5193042913587544j)
(1.6724320246692412-2.3506423705617503j)
(1.5235060135817342-2.1873144222918564j)
(1.3856518879596313-2.0290906237590387j)
(1.254873140137485-1.8746609424315408j)
(1.1280162598698147-1.721951822622948j)
(1.0027366384484069-1.5683580570259747j)
(0.8774163930032512-1.4108839549439014j)
(0.7510508120150315-1.2461751824973297j)
(0.62311566196888-1.0703871536471736j)
(0.4934447220646762-0.8787458098947172j)
(0.3622569716256073-0.664416082842605j)
(0.23104714714611124-0.41562047034746613j)
(0.1082387806057417-0.10830739118988576j)
(0.04207907926331474+0.30590452204014135j)
(0.24572820491011196+0.8012687001448359j)
(0.6689028150527244+0.8359662792364467j)
(0.6195660346860424+0.7222248928570746j)
(0.46980471344856417+0.8568923062686213j)
(0.3809849135696344+1.098901226087148j)
(0.35069381153935303+1.3805636104006933j)
(0.3683526677772059+1.6794583992113425j)
(0.42806695368158804+1.9861049846501837j)
(0.5269072228603341+2.2948818857598616j)
(0.663347641064999+2.6014388297346747j)
(0.8364461532751918+2.9018992233218928j)
(1.0454508871824668+3.192608039911726j)
(1.28962873476391+3.470053703311834j)
(1.5682106695332303+3.730836915934602j)
(1.8803969452463718+3.9716372192972003j)
(2.2253877174979144+4.189156666742103j)
(2.602415142108256+4.380032334897082j)
(3.0107580962699205+4.5407157629086194j)
(3.449723034505905+4.667321386559422j)
(3.9185752225594306+4.755449232220728j)
(4.416404262144035+4.799990617524226j)
(4.941907143869365+4.794930271778804j)
(5.4930724390581025+4.733164612910937j)
(6.066753082935698+4.606362700828066j)
(6.65812492408173+4.40489738480506j)
(7.260038511387014+4.117851182635844j)
(7.862237412796344+3.7330199053097943j)
(8.450161187153995+3.2367009246802594j)
(9.00217964636327+2.6132642417493486j)
(9.482852742427012+1.8468632165624985j)
(9.833511692782338+0.9341910683216361j)
(9.980634489940849-0.08516661744168674j)
(9.886769115098767-1.1172139036276802j)
(9.589461601434227-2.071569464203113j)
(9.154638366015433-2.9193067606218603j)
(8.618134860981815-3.668934619196164j)
(7.988777688423991-4.321919538049239j)
(7.274908209524171-4.864054596769435j)
(6.496406154774988-5.2775128385018455j)
(5.682458114078091-5.551676048931117j)
(4.864725675266109-5.687033434108776j)
(4.07147333309165-5.694009160697729j)
(3.324305662461451-5.589558686141058j)
(2.637297127507874-5.393518369833692j)
(2.017688074918449-5.12570471399018j)
(1.467320353565434-4.804046433262196j)
(0.9842199683586129-4.44363814330616j)
(0.5639951267538903-4.056455168863771j)
(0.20091535463820692-3.651462986640462j)
(-0.11134716964695113-3.234908224521078j)
(-0.37928539426821856-2.810638740416842j)
(-0.6094080450251639-2.3803409947356893j)
(-0.8083946799724611-1.9435867437597254j)
(-0.9836994763757554-1.4975202540565657j)
(-1.1450739595009738-1.0358095582802493j)
(-1.308507590836673-0.5458527633050474j)
(-1.5081269853526527-0.0011246965786976817j)
(-1.8430235488234403+0.6623935248673376j)
(-2.770855952838981+1.616229674217591j)
(-8.464846280622298-0.014473955456600181j)
(-0.21373692218875562-2.7943460873242594j)
(-0.038647865973427245-0.49852294352664056j)
(-0.05389020639853606+0.41835360117853965j)
(0.012218277108525358+1.004665883459439j)
(0.13944742304405913+1.4522388775498916j)
(0.3099232532295596+1.8174979114249168j)
(0.510740267075556+2.122215129570561j)
(0.7316366421618002+2.377131654203499j)
(0.9641801774946948+2.589365522990189j)
(1.2016669022618738+2.764952445571535j)
(1.439154720137896+2.909584680526091j)
(1.673394770817584+3.0286568255466864j)
(1.9026243478930807+3.1271033294693416j)
(2.126274380088017+3.209240426410912j)
(2.344660698356694+3.278684475518009j)
(2.5587097363857487+3.338349283863598j)
(2.7697433012230377+3.3904985702718453j)
(2.9793269183637543+3.436826246725355j)
(3.189175051320466+3.478543043988071j)
