(154.46973887085818+0j)
(141.2707865735966-43.60898996332019j)
(112.30267971273692-69.72649867966425j)
(83.31534945591123-78.40911000238164j)
(60.72576475728154-77.37208134902698j)
(44.561575492687204-72.4199428931619j)
(33.19775973432639-66.40946945527752j)
(25.13352005954434-60.50744397478698j)
(19.30049345958883-55.117685220815645j)
(14.989412126582678-50.33177269631657j)
(11.735328643021175-46.12330628290457j)
(9.230788983267232-42.42779637629071j)
(7.2690096018888655-39.174297599829664j)
(5.708148640954136-36.29704312224027j)
(4.4489432168337695-33.73891459827612j)
(3.4205759993710387-31.451697315337174j)
(2.5716016529238246-29.39518644141621j)
(1.8640163278570479-27.535992883976206j)
(1.2693094743130273-25.846380324103933j)
(0.7657875808859137-24.303246465820084j)
(0.3367285613128342-22.887271514056653j)
(-0.030911887002260077-21.58222233911505j)
(-0.3474209543296283-20.37438989226107j)
(-0.6209933391510964-19.252136249066307j)
(-0.8582174324445526-18.205530076213705j)
(-1.0644353907717015-17.226052732104975j)
(-1.2440128945366165-16.30636056778209j)
(-1.4005434213944519-15.440091917203596j)
(-1.537004484018201-14.621709676473667j)
(-1.655878245950568-13.846372302961015j)
(-1.7592454494296617-13.109827590057193j)
(-1.8488591548680533-12.408324767700877j)
(-1.926203069236572-11.738541411376207j)
(-1.9925380084644466-11.097522369820421j)
(-2.0489391484963315-10.482628490139298j)
(-2.0963260697838906-9.891493364132952j)
(-2.135487121230989-9.321986668995372j)
(-2.16709927395414-8.772182951256026j)
(-2.1917443685634286-8.240334920572545j)
(-2.209922458254505-7.72485049306248j)
(-2.222062796621004-7.224272961861384j)
(-2.228532901378264-6.737263782981313j)
(-2.2296460340998165-6.262587553092413j)
(-2.2256673651147834-5.799098827341515j)
(-2.216819036909786-5.345730483018194j)
(-2.2032842950778817-4.901483381484495j)
(-2.1852108203871827-4.465417118697786j)
(-2.1627133667771052-4.036641685353566j)
(-2.1358757863855153-3.614309882425017j)
(-2.104752502981523-3.1976103580170134j)
(-2.069369478318178-2.785761147457339j)
(-2.0297247014196285-2.378003611694802j)
(-1.9857882178554573-1.9735966799021698j)
(-1.9375017038261497-1.571811312867554j)
(-1.884777574755066-1.1719251165292406j)
(-1.8274975891289444-0.7732170504995155j)
(-1.7655108445367835-0.3749621710897895j)
(-1.6986309930639307+0.023573761648050723j)
(-1.626632668262997+0.423140194374374j)
(-1.5492475786607265+0.8245083253670701j)
(-1.4661603138292263+1.228477571699736j)
(-1.377002768967926+1.6358817808664936j)
(-1.2813466744182977+2.047596161122768j)
(-1.178694603073446+2.464545356620394j)
(-1.0684694057707098+2.8877124698858148j)
(-0.9500015713337522+3.3181489947444534j)
(-0.8225139178373266+3.756985824637779j)
(-0.6851029598955601+4.205445549167074j)
(-0.5367161519649265+4.664856251916849j)
(-0.3761239867921048+5.1366670208305205j)
(-0.20188563081446198+5.6224653772910465j)
(-0.012306384970144494+6.12399680993919j)
(0.19461526327751774+6.643186547852803j)
(0.4212539304698941+7.182163601019454j)
(0.6704408467133354+7.743286895738407j)
(0.9455697391447229+8.329172976268874j)
(1.250731987467533+8.942724128938123j)
(1.590890338662728+9.587154741239654j)
(1.9721037533109607+10.266011953145659j)
(2.4018204821584437+10.98318371685746j)
(2.8892626987503216+11.742882452754781j)
(3.4459345280727716+12.549584208472718j)
(4.086296780356996+13.407889251770829j)
(4.828666684534684+14.322246310697086j)
(5.696419295247807+15.296442205932388j)
(6.7195866868978005+16.332689273012996j)
(7.936963182423292+17.43002401592836j)
(9.398806128800569+18.58152751958919j)
(11.170112226926484+19.76953827883407j)
(13.334106251440927+20.957482187750912j)
(15.994676489034577+22.076145322592755j)
(19.274324319461275+23.001318169841063j)
(23.299462861917743+23.51976153260936j)
(28.15618359625624+23.28493889834647j)
(33.78888842602741+21.781821712576015j)
(39.81948479424918+18.36492634763372j)
(45.34163740888058+12.494319120712673j)
(48.942768886835374+4.242041749431766j)
(49.30313998147598-5.247041503994458j)
(46.148856346701855-14.058912504477277j)
(40.52272263248352-20.619074150480554j)
(33.989150781733535-24.457926916951184j)
(27.75576341317383-26.02716944697082j)
(22.392286953138594-26.059357697855113j)
(18.021321874307386-25.19524999244444j)
(14.551224504708776-23.87573165893672j)
(11.824224064542452-22.368756397010728j)
(9.684073779688092-20.82475117864631j)
(7.998943906388356-19.32247863454275j)
(6.6647972779218705-17.899471451191552j)
(5.601920086465129-16.570436391022852j)
(4.749937764296044-15.337889828054845j)
(4.063220750873255-14.198151908226903j)
(3.5071802160515086-13.144665269417379j)
(3.055445108533991-12.169797863874557j)
(2.687764781603096-11.265794743181159j)
(2.3884667529570622-10.425255503907364j)
(2.1453252819843827-9.6413499032326j)
(1.9487294980103185-8.907891353313863j)
(1.7910688419144045-8.219335614077819j)
(1.6662762257788089-7.570742374986402j)
(1.5694860764444651-6.9577206180055295j)
(1.4967765313064578-6.376369117112582j)
(1.4449736950275838-5.823218022077619j)
(1.4115020112193348-5.295174425478888j)
(1.394269176879578-4.7894731147520115j)
(1.3915771508490713-4.3036327891456665j)
(1.4020530497193464-3.8354175428814714j)
(1.4245953444696104-3.3828031889838837j)
(1.4583319499483023-2.943947912151414j)
(1.5025876642149427-2.5171667296659033j)
(1.5568590550852976-2.1009092700072207j)
(1.6207953698904525-1.693740428842479j)
(1.6941844057237283-1.2943235197233893j)
(1.7769425533042702-0.9014055940196501j)
(1.8691084465020682-0.5138046557256482j)
(1.9708398385026338-0.13039855113843293j)
(2.082413479258007+0.24988460698449458j)
(2.2042278624241987+0.6280745465284275j)
(2.3368088007725896+1.0051655099670964j)
(2.48081792088748+1.3821214786814766j)
(2.6370642836801212+1.7598798279171541j)
(2.8065194285241843+2.139353179725685j)
(2.9903362379180423+2.521429096568638j)
(3.1898721325746227+2.9069670965509755j)
(3.4067172286328593+3.296792254948191j)
(3.6427282157937375+3.691684367934181j)
(3.900068842274114+4.092361267558205j)
(4.1812580080160116+4.499454356576532j)
(4.489226549066348+4.9134737297383975j)
(4.827383802992144+5.334759300784759j)
(5.199694907789005+5.763413078547159j)
(5.610769387448869+6.199206025468623j)
(6.065960722054006+6.641450659799499j)
(6.571474973209436+7.088827587116j)
(7.134483631458946+7.539150339590182j)
(7.763230876849755+7.9890482140466625j)
(8.467117178763+8.433541405743606j)
(9.256727801912913+8.865477316273815j)
(10.143753802170618+9.27479320547657j)
(11.140721270702413+9.647572115600019j)
(12.260398603869387+9.964873602791995j)
(13.514689996571633+10.20136161015823j)
(14.912751498923017+10.32384073317605j)
(16.45800612712533+10.28998041935852j)
(18.143743616278336+10.047787677990938j)
(19.94718251526987+9.536789975463792j)
(21.82242622532658+8.692324461074477j)
(23.693840203150554+7.454503430503836j)
(25.452967451118138+5.7827478329264395j)
(26.963484302018724+3.6745319257874294j)
(28.07822994481158+1.1830918290022356j)
(28.66815900920047-1.5748495905027224j)
(28.655512180939766-4.429883056171077j)
(28.03732909369914-7.190381767029322j)
(26.887262722051723-9.682499511957205j)
(25.33448136047672-11.783206515908297j)
(23.530350059757176-13.434319520390575j)
(21.61742651490782-14.636701216593146j)
(19.710097131719213-15.432603026180786j)
(17.88815068149407-15.8857757333346j)
(16.199466701867575-16.065549697374923j)
(14.666959330477425-16.03682775131008j)
(13.296216321198862-15.855244660287472j)
(12.082012906922072-15.565823120358687j)
(11.013145846185108-15.20356897309111j)
(10.0756946471576-14.794913013519862j)
(9.255055272689258-14.35935902165553j)
(8.53711008774556-13.911020043268852j)
(7.9088317011101745-13.459918592888277j)
(7.358536618295438-13.013028126593275j)
(6.875934424800494-12.575079163548162j)
(6.452065926106003-12.149169475552178j)
(6.079187556666354-11.73721919209013j)
(5.750635672012355-11.340306890736182j)
(5.460689431482523-10.958916095620456j)
(5.204441943794669-10.593115137172402j)
(4.977684049515356-10.24268781965459j)
(4.7768021136264425-9.907227953509256j)
(4.598689580921962-9.586207431547823j)
(4.440671241029338-9.279024980547625j)
(4.3004388139072525-8.985040822658073j)
(4.175996392721466-8.703601079659517j)
(4.065614344824261-8.434054723439736j)
(3.9677904004310314-8.175765121910889j)
(3.8812168110956575-7.928117678179083j)
(3.804752613676995-7.69052465782512j)
(3.7374001787741165-7.462428004635637j)
(3.6782853506016804-7.243300729685764j)
(3.6266405966029405-7.03264730094394j)
(3.581790680254567-6.830003344941307j)
(3.5431404509176714-6.634934887202651j)
(3.5101644119972475-6.447037295808484j)
(3.482397784898122-6.2659340466552775j)
(3.45942883300201-6.0912753952857255j)
(3.440892248672658-5.922737015406087j)
(3.4264634384319543-5.760018646000696j)
(3.4158535680831803-5.602842775599326j)
(3.4088052516259975-5.450953382462704j)
(3.405088786113715-5.304114742299764j)
(3.4044988497996806-5.162110309907426j)
(3.406851593552119-5.02474167733809j)
(3.4119820660361904-4.891827608443152j)
(3.4197419219376304-4.763203147658146j)
(3.4299973698394592-4.638718799443754j)
(3.4426273225160595-4.518239773745012j)
(3.4575217175889623-4.4016452920438445j)
(3.4745799808637536-4.288827947975626j)
(3.4937096083938686-4.1796931159912285j)
(3.514824846508992-4.074158401126848j)
(3.5378454518138125-3.972153122551949j)
(3.562695515594821-3.8736178231880496j)
(3.5893023392471286-3.778503797297395j)
(3.617595349319972-3.6867726275389945j)
(3.6475050426363094-3.5983957225617837j)
(3.6789619537292597-3.513353845768839j)
(3.711895638596962-3.4316366254468007j)
(3.746233670559801-3.3532420360294304j)
(3.7819006458433115-3.2781758398790437j)
(3.8188171984398447-3.2064509786591753j)
(3.8568990258545135-3.1380869031650196j)
(3.896055929526092-3.0731088304375995j)
(3.9361908760499564-3.0115469171522085j)
(3.977199087810941-2.953435338714547j)
(4.018967174242035-2.8988112642795296j)
(4.061372317632606-2.847713719105016j)
(4.1042815301579445-2.800182327332908j)
(4.1475510015197-2.756255930533364j)
(4.191025559172235-2.7159710802043837j)
(4.234538265437116-2.679360405950497j)
(4.27791017772603-2.6464508652913348j)
(4.320950299424994-2.6172618859696413j)
(4.363455749542288-2.5918034172020796j)
(4.405212178786888-2.5700739124459053j)
(4.445994458110215-2.552058272796214j)
(4.485567662719768-2.5377257868675773j)
(4.5236883699969646-2.52702810966529j)
(4.560106283511918-2.519897329178257j)
(4.594566187392673-2.5162441748147004j)
(4.6268102257378425-2.515956425916971j)
(4.656580490741637-2.5188975809655036j)
(4.683621891040726-2.5249058482646682j)
(4.707685258944454-2.5337935165007983j)
(4.728530642252013-2.5453467582684017j)
(4.745930713988138-2.559325911308011j)
(4.759674222369594-2.575466270806703j)
(4.769569394445781-2.5934794118911912j)
(4.775447200906406-2.6130550448464285j)
(4.777164387176319-2.6338633872793147j)
(4.774606177622137-2.655558018283657j)
(4.767688565742467-2.6777791606570847j)
(4.756360113583892-2.700157319462223j)
(4.740603198019313-2.722317189804857j)
(4.720434659316858-2.743881734606241j)
(4.695905827753061-2.7644763251960347j)
(4.667101925798173-2.783732834289629j)
(4.634140865419109-2.8012935725939543j)
(4.5971714810869155-2.8168149668028812j)
(4.556371257980311-2.829970887694239j)
(4.511943630665233-2.8404555516999j)
(4.464114939452478-2.8479859367695473j)
(4.41313113924124-2.8523036725039375j)
(4.359254358790813-2.853176384281458j)
(4.30275940718572-2.850398490355786j)
(4.2439303191798405-2.843791468707217j)
(4.183057022738585-2.8332036260079505j)
(4.120432201213269-2.8185094138493927j)
(4.056348409989314-2.799608347057964j)
(3.9910954939822023-2.776423585394759j)
(3.924958338771495-2.74890024329977j)
(3.858214975125591-2.7170034928682822j)
(3.7911350447076804-2.6807165233332393j)
(3.7239786242561173-2.6400384164266053j)
(3.656995396735042-2.594981991605622j)
(3.5904241509709944-2.545571668744475j)
(3.5244925861212337-2.4918413889577167j)
(3.4594173938616075-2.4338326271430226j)
(3.3954045892816658-2.3715925229313743j)
(3.3326500609223415-2.3051721502784117j)
(3.271340310959643-2.234624940104373j)
(3.211653358003046-2.160005265316332j)
(3.153759777103998-2.0813671932985187j)
(3.097823854166567-1.9987634075443759j)
(3.0440048348280233-1.9122442975271985j)
(2.9924582508832778-1.8218572141153602j)
(2.943337310336248-1.7276458867837439j)
(2.8967943400688636-1.6296499984872488j)
(2.8529822728510346-1.5279049142866605j)
(2.8120561729078464-1.4224415605779526j)
(2.7741747964724586-1.3132864530319146j)
(2.7395021856460082-1.2004618730397356j)
(2.7082092954347567-1.0839861945624536j)
(2.680475655005423-0.9638743657572305j)
(2.656491064962832-0.8401385526021367j)
(2.6364573327653047-0.7127889549461379j)
(2.620590048195672-0.5818348089823319j)
(2.6091204000267623-0.44728559407084145j)
(2.602297033568079-0.30915246613121083j)
(2.600387946548152-0.16744994445828468j)
(2.6036824176514948-0.02219788378642259j)
(2.6124929578452925+0.12657623128625722j)
(2.6271572692126357+0.27883462681091875j)
(2.648040189094882+0.4345261663566752j)
(2.675535588584622+0.5935828095611863j)
(2.710068183351827+0.7559155415692955j)
(2.7520952009267736+0.9214097067474437j)
(2.802107831393255+1.0899196750659075j)
(2.8606323674643206+1.2612627660449343j)
(2.9282309146363126+1.4352123540366897j)
(3.005501522073648+1.6114900809704897j)
(3.0930775496285507+1.7897571099747045j)
(3.1916260456730385+1.969604367383742j)
(3.3018448642141838+2.1505417439715835j)
(3.4244581986055294+2.331986261804175j)
(3.5602101543558162+2.513249264499387j)
(3.7098559274930585+2.6935227600720077j)
(3.874150101646507+2.871865141523734j)
(4.053831532499793+3.0471866356081696j)
(4.249604261209133+3.2182349890481796j)
(4.462113900616105+3.383582096891887j)
(4.691918985069289+3.5416125100872975j)
(4.9394568855552885+3.690515024773095j)
(5.205004088986254+3.8282788435914488j)
(5.488630947942211+3.9526960894853196j)
(5.790151447713495+4.061372712605882j)
(6.109069127804013+4.151750014107744j)
(6.444521038648727+4.221139054068934j)
(6.795222492371058+4.266770038052646j)
(7.15941632750815+4.285858304043272j)
(7.534831358057972+4.275687679889439j)
(7.918655475548593+4.233710697023821j)
(8.3075293331992+4.157663425898071j)
(8.697566450219476+4.0456906184412045j)
(9.084404725259988+3.896474582509302j)
(9.463292592676506+3.7093590646355112j)
(9.82921036540711+3.484457766622595j)
(10.177023833049715+3.222736395685241j)
(10.501663280648458+2.9260577263123513j)
(10.798317311417739+2.597181257203092j)
(11.062627855972542+2.2397126428859275j)
(11.29087116982646+1.8580028174907874j)
(11.480109914046047+1.4570019659789823j)
(11.628303710988225+1.0420784122825355j)
(11.7343696057293+0.6188162568085722j)
(11.79818902526985+0.19280757299925264j)
(11.820563272292723-0.23054512454641904j)
(11.803124454029224-0.6462024820976693j)
(11.748212335627349-1.0496278581936507j)
(11.658729532255727-1.436887031765785j)
(11.53798767312034-1.804706656653068j)
(11.389555940256948-2.150493866937256j)
(11.217121151331174-2.4723222783599366j)
(11.024365826273996-2.7688913367969357j)
(10.81486791255155-3.0394665879903933j)
(10.592023387111468-3.2838081824463363j)
(10.358991007502157-3.5020940541151506j)
(10.118657122780855-3.694842993625554j)
(9.87361764988716-3.8628415085909147j)
(9.626173985020008-4.0070770954504145j)
(9.378339637176055-4.128679445506508j)
(9.131854626105229-4.228870222573066j)
(8.8882050779352-4.3089213895502825j)
(8.648645899062595-4.370121607951271j)
(8.414224856262347-4.4137499552519905j)
(8.185806802723768-4.441056062331791j)
(7.964097146788084-4.453245730866414j)
(7.749663955452655-4.4514711165857435j)
(7.542958319067283-4.436824633128593j)
(7.344332782599844-4.410335823251378j)
(7.154057780184503-4.372970545341708j)
(6.972336101850607-4.325631924088296j)
(6.799315482472163-4.26916260885868j)
(6.6350994403351695-4.204347968555764j)
(6.479756512412368-4.131919926034572j)
(6.333328040479297-4.052561198341886j)
(6.195834660537057-3.9669097616383984j)
(6.067281640653268-3.8755634026352452j)
(5.947663201557978-3.7790842528799775j)
(5.836965941772429-3.6780032294515568j)
(5.73517147587241-3.572824326717374j)
(5.642258381492729-3.4640287198192423j)
(5.558203538380425-3.352078652400791j)
(5.482982931539524-3.2374210895844837j)
(5.4165719804522-3.120491123012417j)
(5.358945447610121-3.0017151184600097j)
(5.310076972163618-2.8815135985911104j)
(5.26993826838134-2.760303854235915j)
(5.238498023768408-2.6385022774763414j)
(5.2157205280606105-2.5165264090889288j)
(5.201564061833341-2.3947966917715555j)
(5.1959790720660415-2.273737919265207j)
(5.198906161617397-2.1537803701740494j)
(5.21027392010705-2.0353606141546794j)
(5.229996625085077-1.918921977354013j)
(5.257971844490273-1.804914653675514j)
(5.294077974137291-1.693795448794177j)
(5.338171747188991-1.5860271449459376j)
(5.390085756099022-1.4820774765071503j)
(5.449626031169659-1.3824177093383077j)
(5.516569723452453-1.2875208208634843j)
(5.590662943004354-1.1978592829160004j)
(5.6716188062600335-1.1139024555030366j)
(5.759115748247597-1.0361136067676444j)
(5.8527961563045015-0.9649465824644119j)
(5.952265381604699-0.9008421570582563j)
(6.057091182948248-0.84422410789285j)
(6.1668036536986595-0.7954950634846987j)
(6.280895677323454-0.7550321865520065j)
(6.398823949613092-0.7231827614990572j)
(6.520010596312236-0.7002597643270501j)
(6.643845403685419-0.6865374998885267j)
(6.769688666641019-0.6822473966012941j)
(6.896874644765703-0.6875740517716371j)
(7.024715601372748-0.7026516211920493j)
(7.1525063849591355-0.7275606444017169j)
(7.2795294968682365-0.762325391771326j)
(7.4050605741038655-0.8069118113848246j)
(7.528374202761494-0.8612261426733716j)
(7.648749966037354-0.9251142502088886j)
(7.765478621741655-0.9983617154141259j)
(7.877868298063385-1.080694706743847j)
(7.985250593228634-1.1717816307198388j)
(8.08698646473083-1.2712355476431523j)
(8.182471796958088-1.378617317372719j)
(8.271142542223838-1.4934394226665557j)
(8.352479339397956-1.6151704006104013j)
(8.426011526596508-1.7432397970445717j)
(8.491320479781209-1.8770435452844239j)
(8.548042227539737-2.0159496597172972j)
(8.595869313235072-2.1593041281504393j)
(8.63455189797862-2.3064368850779142j)
(8.663898119806396-2.456667751807842j)
(8.683773744125372-2.6093122382957277j)
(8.694101156375964-2.7636871143095183j)
(8.694857759177276-2.9191156724180307j)
(8.686073843166907-3.074932620453258j)
(8.667830004238164-3.230488555285453j)
(8.640254181058955-3.385153982455j)
(8.603518386569073-3.538322857540468j)
(8.557835206076533-3.689415635522976j)
(8.503454132675483-3.8378818242077037j)
(8.440657807819196-3.983202047117105j)
(8.369758230827564-4.1248896300691875j)
(8.291092995848826-4.262491733610279j)
(8.205021608459274-4.395590060283832j)
(8.111921926954084-4.523801171145731j)
(8.012186765792993-4.646776449863791j)
(7.906220690976754-4.764201755171084j)
(7.794437029646213-4.875796803485699j)
(7.677255109162263-4.981314323329883j)
(7.555097734512604-5.080539021987333j)
(7.428388907205815-5.173286402833876j)
(7.297551783906295-5.259401469169471j)
(7.163006868943625-5.338757347350749j)
(7.025170431473936-5.4112538587317j)
(6.884453135432287-5.476816066502316j)
(6.741258868436645-5.535392820081866j)
(6.595983754416656-5.586955316361604j)
(6.449015333871131-5.631495693869784j)
(6.300731895239135-5.669025672900119j)
(6.151501940824288-5.6995752518370075j)
(6.001683770983183-5.723191467345062j)
(5.851625170808735-5.73993722378323j)
(5.701663184258031-5.749890195148708j)
(5.552123961542531-5.7531418010558095j)
(5.403322666575539-5.749796256692348j)
(5.255563432320535-5.73996969536291j)
(5.109139352977332-5.723789361106588j)
(4.964332503055719-5.701392867948357j)
(4.821413974498294-5.672927521593815j)
(4.680643924112115-5.638549698785445j)
(4.542271624638492-5.598424279093569j)
(4.406535513826702-5.552724123595533j)
(4.273663236869262-5.501629594694881j)
(4.1438716785046354-5.445328111229781j)
(4.017366981989959-5.3840137330109865j)
(3.894344552992751-5.31788676899899j)
(3.7749890472451963-5.247153403474464j)
(3.6594743415425617-5.172025334764138j)
(3.547963488353703-5.0927194213514575j)
(3.440608654940967-5.009457330520301j)
(3.3375510484602224-4.922465185048486j)
(3.23892082902638-4.831973203876585j)
(3.1448370131883108-4.738215333125243j)
(3.055407370650504-4.6414288643156j)
(2.9707283174144505-4.541854037155355j)
(2.8908848087798633-4.439733624784826j)
(2.8159502358501465-4.335312499927369j)
(2.7459863293209064-4.228837180946158j)
(2.6810430743953177-4.120555357375046j)
(2.621158640668477-4.010715395050351j)
(2.5663593307463195-3.8995658215185305j)
(2.516659551224949-3.7873547929233804j)
(2.472061809446652-3.674329544072313j)
(2.4325567391800615-3.5607358238401305j)
(2.398123158047858-3.446817318475682j)
(2.3687281591561273-3.3328150657281426j)
(2.344327238976658-3.2189668629926897j)
(2.3248644631138533-3.1055066728918104j)
(2.310272671166039-2.9926640298538727j)
(2.300473721488516-2.880663451335749j)
(2.2953787762955917-2.7697238573720586j)
(2.2948886272147564-2.660058002149272j)
(2.298894061124939-2.55187192132024j)
(2.3072762658569235-2.445364398835501j)
(2.31990727506951-2.3407264571914292j)
(2.3366504512822144-2.238140875189485j)
(2.3573610055797496-2.1377817375426194j)
(2.3818865518440906-2.0398140208827065j)
(2.4100676924939632-1.944393220810318j)
(2.4417386316552028-1.8516650244556512j)
(2.4767278105601616-1.761765032472468j)
(2.514858558956247-1.6748185334131345j)
(2.555949755597015-1.5909403320744913j)
(2.5998164906629158-1.5102346318178432j)
(2.64627072328871-1.4327949692772826j)
(2.6951219282106633-1.3587041985279438j)
(2.7461777267219087-1.2880345208735282j)
(2.7992444984053937-1.2208475560096512j)
(2.854127971277671-1.1571944503739624j)
(2.910633788863972-1.0971160188674736j)
(2.968568053277742-1.0406429166425526j)
(3.027737843627887-0.9877958381381814j)
(3.087951709118571-0.9385857408965824j)
(3.1490201361483785-0.8930140918730887j)
(3.2107559886594106-0.8510731339711873j)
(3.2729749209949808-0.8127461704364431j)
(3.3354957626300026-0.778007864596847j)
(3.3981408743399215-0.7468245522855976j)
(3.460736475654153-0.7191545641739517j)
(3.5231129437720172-0.6949485551975922j)
(3.585105084473321-0.6741498382886097j)
(3.646552375909225-0.6566947197282692j)
(3.707299186490266-0.6425128336040539j)
(3.7671949683863595-0.6315274730779019j)
(3.826094428407319-0.623655916440065j)
(3.883857678239063-0.6188097462213793j)
(3.9403503661678374-0.616895159958046j)
(3.9954437925315966-0.6178132715366192j)
(4.049015011197467-0.6214604023860707j)
(4.100946919375583-0.6277283621216998j)
(4.151128338048978-0.6365047185770948j)
(4.199454085225155-0.647673057480346j)
(4.245825044102437-0.6611132323342118j)
(4.290148228095276-0.6767016053461313j)
(4.332336844480138-0.6943112805137238j)
(4.372310358209998-0.7138123302091524j)
(4.40999455720438-0.7350720168100784j)
(4.4453216201564-0.7579550111008773j)
(4.478230187611817-0.7823236093064312j)
(4.508665436770697-0.8080379507236776j)
(4.5365791601458865-0.8349562379799067j)
(4.561929847885785-0.8629349619684982j)
(4.584682773238701-0.8918291334925266j)
(4.604810080306567-0.9214925235829059j)
(4.622290872911387-0.9517779143492812j)
(4.63711130308575-0.9825373620687803j)
(4.649264657403604-1.0136224740216582j)
(4.65875143909486-1.0448847003439803j)
(4.665579443644588-1.0761756418887j)
(4.669763825369022-1.1073473747700513j)
(4.671327152292684-1.1382527919171324j)
(4.670299446528631-1.1687459615848799j)
(4.6667182072922255-1.1986825023703112j)
(4.660628413661694-1.227919973865013j)
(4.652082504239232-1.2563182816509382j)
(4.641140330967194-1.2837400949193563j)
(4.6278690845154635-1.3100512745766315j)
(4.6123431888787065-1.3351213092982024j)
(4.594644163103892-1.3588237566185164j)
(4.574860448406304-1.3810366858040068j)
(4.553087199321343-1.4016431189603065j)
(4.5294260379754325-1.4205314665801698j)
(4.503984771031441-1.4375959535534213j)
(4.476877069368044-1.4527370315391248j)
(4.448222111075708-1.4658617735506205j)
(4.41814418888418-1.4768842466251273j)
(4.386772283669068-1.4857258585483661j)
(4.354239606202967-1.4923156747756459j)
(4.320683109813033-1.4965907019352231j)
(4.286242977065919-1.4984961346128844j)
(4.251062084017529-1.4979855624925793j)
(4.215285445925806-1.4950211353595213j)
(4.179059648623636-1.4895736839501743j)
(4.142532269980094-1.481622795150729j)
(4.105851296034924-1.4711568405853874j)
(4.069164536472494-1.4581729581941187j)
(4.032619044105364-1.4426769869578324j)
(3.9963605429652254-1.4246833554795066j)
(3.9605328694542488-1.404214925661165j)
(3.9252774307952976-1.3813027932141841j)
(3.8907326847447834-1.3559860472015877j)
(3.8570336442012003-1.3283114912192744j)
(3.82431140996905-1.2983333291791117j)
(3.7926927345269412-1.2661128189504067j)
(3.762299619216708-1.2317178973463954j)
(3.7332489468225756-1.19522278010892j)
(3.7056521510611327-1.1567075406457878j)
(3.6796149240611724-1.11625767131715j)
(3.6552369624887744-1.0739636310535021j)
(3.6326117525725397-1.0299203830246673j)
(3.6118263939153112-0.9842269259764799j)
(3.5929614616411336-0.9369858227160268j)
(3.5760909061249384-0.8883027290694495j)
(3.561281989280769-0.8382859264628604j)
(3.5485952561421112-0.7870458610967969j)
(3.538084540244379-0.7346946924997986j)
(3.5297970011129722-0.6813458540579238j)
(3.523773191958876-0.6271136279226375j)
(3.5200471554874766-0.5721127364915559j)
(3.518646545532124-0.5164579524273525j)
(3.5195927720366593-0.46026372892057865j)
(3.522901166740488-0.40364385160147703j)
(3.528581166778713-0.34671111316284564j)
(3.5366365133186175-0.2895770113669487j)
(3.547065462327142-0.2323514706874618j)
(3.559861004623181-0.17514258739432806j)
(3.5750110925202434-0.1180563974502j)
(3.5924988706160983-0.06119666618018867j)
(3.61230290862785-0.004664698329359445j)
(3.634397434586834+0.051440833136484385j)
(3.658752567172005+0.10702404128152516j)
(3.6853345464413736+0.16199196432713975j)
(3.7141059626817503+0.21625469138885475j)
(3.745025983506464+0.2697254763559986j)
(3.778050579657454+0.32232084115475484j)
(3.8131327501951073+0.37396066928560023j)
(3.8502227478747533+0.4245682901445751j)
(3.88926830551541+0.4740705542646398j)
(3.930214864074388+0.522397899272159j)
(3.9730058029720907+0.5694844060716837j)
(4.017582672985217+0.6152678445617569j)
(4.063885431773893+0.6596897080534972j)
(4.111852681848681+0.7026952355084082j)
(4.161421910542172+0.7442334207227661j)
(4.212529731335426+0.784257007651126j)
(4.2651121257164535+0.8227224711608229j)
(4.31910468461299+0.8595899826325543j)
(4.374442848344676+0.8948233599502172j)
(4.431062143973874+0.9283900015505747j)
(4.488898418889191+0.9602608043205764j)
(4.547888069427552+0.9904100652382436j)
(4.607968263315934+1.0188153667506281j)
(4.669077154692667+1.0454574459730506j)
(4.731154090446688+1.0703200478855373j)
(4.794139806586891+1.0933897627940514j)
(4.857976613331753+1.1146558484258773j)
(4.922608567586856+1.1341100371388275j)
(4.987981631467028+1.1517463288470164j)
(5.054043815516687+1.167560770399818j)
(5.120745305298827+1.1815512222938531j)
(5.188038570057826+1.1937171137479798j)
(5.255878452217588+1.2040591873227748j)
(5.324222236557791+1.2125792344156956j)
(5.393029698014957+1.2192798231041966j)
(5.462263127180162+1.2241640199392558j)
(5.531887332710962+1.227235107403019j)
(5.601869620036841+1.228496298836988j)
(5.6721797459106+1.2279504527150034j)
(5.74278984853877+1.2255997881777334j)
(5.8136743532073485+1.2214456037620705j)
(5.884809853498903+1.215488001249327j)
(5.956174968369702+1.2077256165207328j)
(6.027750175515035+1.1981553592520373j)
(6.099517621595167+1.18677216320142j)
(6.1714609100177+1.1735687487525472j)
(6.243564867074335+1.1585353992695926j)
(6.31581528730776+1.1416597527100443j)
(6.388198659037449+1.122926609828145j)
(6.460701871002184+1.1023177601920127j)
(6.533311901082063+1.0798118271357848j)
(6.6060154880469675+1.0553841326800828j)
(6.678798787242974+1.0290065833827606j)
(6.751647011078776+1.0006475780325497j)
(6.824544055111115+0.9702719380729895j)
(6.897472110462382+0.9378408616477911j)
(6.970411263231409+0.9033119021899532j)
(7.043339081495293+0.8666389725419151j)
(7.116230190441894+0.8277723756892988j)
(7.189055836134786+0.7866588633179424j)
(7.2617834383921895+0.7432417235633526j)
(7.334376133272926+0.6974608995096678j)
(7.4067923057061735+0.6492531402113647j)
(7.478985112888523+0.5985521862504725j)
(7.550901999203916+0.5452889921034039j)
(7.622484203611316+0.48939198786649896j)
(7.693666260692161+0.4307873831752853j)
(7.764375496865553+0.36939951644050956j)
(7.834531523667798+0.305151252805736j)
(7.90404573046138+0.23796443449863383j)
(7.972820779491127+0.16776038748742708j)
(8.040750106848122+0.0944604885545828j)
(8.107717433638227+0.017986797045024733j)
(8.173596292484529-0.06173724437989368j)
(8.238249575422111-0.14478603566983797j)
(8.30152911026941-0.2312309678101658j)
(8.363275273674859-0.3211394898283354j)
(8.423316650238512-0.4145740908949408j)
(8.481469748376552-0.511591194653102j)
(8.537538784919215-0.6122399637526845j)
(8.591315551782355-0.716561013656588j)
(8.642579379399164-0.8245850361642709j)
(8.691097212900399-0.9363313347830664j)
(8.73662381823789-1.0518062761046474j)
(8.778902136501609-1.171001663731257j)
(8.817663805507674-1.2938930440585568j)
(8.852629868258882-1.420437956365467j)
(8.883511688005166-1.5505741431769484j)
(8.910012089260944-1.684217740727996j)
(8.931826743159913-1.8212614735198287j)
(8.948645813839976-1.961572881352892j)
(8.960155880037389-2.1049926117462245j)
(8.966042142632324-2.2513328151778076j)
(8.96599092443794-2.4003756849492444j)
(8.959692462999241-2.551872187482329j)
(8.946843990534916-2.7055410322801503j)
(8.927153087428586-2.8610679333625684j)
(8.90034128692139-3.018105215444464j)
(8.866147899010853-3.1762718181744045j)
(8.8243340112224-3.3351537501055915j)
(8.774686613179727-3.4943050404688254j)
(8.717022781119057-3.653249231036311j)
(8.651193848114245-3.811481442249232j)
(8.577089476312988-3.968471037267127j)
(8.494641539486176-4.123664894728065j)
(8.403827718242391-4.276491285963633j)
(8.30467470693166-4.426364335522729j)
(8.19726093107589-4.572689025594452j)
(8.081718677558618-4.714866685917957j)
(7.958235547075288-4.8523008917777775j)
(7.827055149620377-4.984403674571119j)
(7.688476978985971-5.110601933111639j)
(7.542855421059558-5.2303439202282584j)
(7.390597872596032-5.34310566918632j)
(7.232161971332045-5.448397218749978j)
(7.0680519638566-5.545768494872629j)
(6.8988142634479335-5.634814711373103j)
(6.725032274955227-5.715181161576005j)
(6.547320586565394-5.786567287518087j)
(6.366318647841756-5.848729932419295j)
(6.182684068805946-5.901485704878577j)
(5.99708568532058-5.944712408677038j)
(5.810196541158723-5.97834951898257j)
(5.622686936761388-6.002397712918593j)
(5.435217688919163-6.016917488660978j)
(5.248433734916976-6.022026931323956j)
(5.062958199721084-6.0178987049175205j)
(4.879387026443687-6.0047563668447586j)
(4.698284249593099-5.982870114245868j)
(4.5201779685557275-5.9525520797457j)
(4.345557056394254-5.9141512978283j)
(4.174868617348738-5.868048462393124j)
(4.0085161862143055-5.814650591478529j)
(3.8468586447130475-5.754385707252483j)
(3.690209814563171-5.687697628846729j)
(3.5388386744660623-5.6150409631688145j)
(3.392970138812381-5.536876365183695j)
(3.252786329500593-5.453666124987185j)
(3.118428268705536-5.3658701248958005j)
(2.989997919449253-5.273942196259986j)
(2.867560502074844-5.178326893168087j)
(2.7511470178185258-5.079456688942899j)
(2.6407569152210995-4.977749591527753j)
(2.536360840729176-4.873607165614581j)
(2.437903421143934-4.767412942694005j)
(2.3453060322621844-4.659531195061005j)
(2.2584695148356264-4.550306046085066j)
(2.177276805629814-4.440060886619767j)
(2.10159545770533-4.329098066121994j)
(2.031280029945772-4.217698826710584j)
(1.9661743312243036-4.106123448848942j)
(1.9061135093829737-3.994611578423111j)
(1.8509259793729682-3.883382706556751j)
(1.8004351884724459-3.7726367754214856j)
(1.7544612194838096-3.662554885446563j)
(1.7128222352509983-3.5533000816063844j)
(1.6753357697729439-3.445018198784084j)
(1.6418198726749298-3.337838748507626j)
(1.6120941148881822-3.2318758315806j)
(1.5859804641311168-3.1272290632439628j)
(1.5633040392385795-3.023984499481935j)
(1.543893752592515-2.922215554906393j)
(1.5275828499169386-2.821983904311057j)
(1.514209356549277-2.7233403614775846j)
(1.5036164390267808-2.626325730140083j)
(1.4956526904598386-2.5309716231822885j)
(1.4901723477322748-2.437301247156353j)
(1.4870354480923347-2.3453301500908057j)
(1.4861079321979804-2.2550669313026956j)
(1.4872617001694355-2.166513912564533j)
(1.4903746266934814-2.0796677705080233j)
(1.4953305407270587-1.9945201305896674j)
(1.5020191748669123-1.9110581233100965j)
(1.5103360889919948-1.8292649036792161j)
(1.5201825723471076-1.749120135166476j)
(1.5314655278180453-1.6706004395749448j)
(1.5440973417490091-1.5936798144398292j)
(1.5579957422688757-1.5183300196762604j)
(1.5730836487206752-1.4445209352937083j)
(1.5892890144276421-1.3722208920511103j)
(1.6065446646798442-1.301396976946432j)
(1.6247881314901607-1.2320153154158395j)
(1.6439614863565952-1.1640413320557357j)
(1.6640111719851813-1.097439991582791j)
(1.6848878336859712-1.0321760216120446j)
(1.7065461509607223-0.9682141186773885j)
(1.7289446696592785-0.9055191387512189j)
(1.752045634990933-0.8440562733585721j)
(1.7758148256311785-0.7837912122391547j)
(1.8002213891492795-0.7246902933987834j)
(1.8252376789859632-0.6667206413147033j)
(1.8508390932156555-0.6098502940161471j)
(1.8770039153234406-0.5540483197458366j)
(1.9037131572053665-0.4992849239091866j)
(1.9309504045577033-0.4455315470247371j)
(1.9587016647602065-0.39276095439221126j)
(1.9869552172837668-0.34094731818507323j)
(2.015701466572037-0.29006629264873063j)
(2.0449327972659987-0.2400950830436462j)
(2.074643431566645-0.1910125089139201j)
(2.104829288466834-0.14279906219253635j)
(2.1354878445325616-0.09543696057609728j)
(2.1666179958762792-0.04891019651873646j)
(2.1982199209396116-0.0032045821116369676j)
(2.2302949436897626+0.041692209969084404j)
(2.262845396829557+0.08579060934332348j)
(2.2958744846261747+0.1290991146114523j)
(2.329386144974448+0.17162426389045352j)
(2.3633849103279863+0.21337060932103377j)
(2.3978757671535065+0.25434069573181733j)
(2.432864013590825+0.29453504371321j)
(2.468355115032825+0.33395213741618357j)
(2.504354557376582+0.3725884174532434j)
(2.54086769773903+0.41043827933976434j)
(2.5778996124788143+0.4474940779717807j)
(2.6154549424206435+0.4837461386940941j)
(2.653537735240246+0.5191827755673659j)
(2.6921512850379017+0.5537903174947286j)
(2.731297969206286+0.5875531429171797j)
(2.770979082785153+0.6204537238306965j)
(2.8111946705919673+0.6524726799161925j)
(2.851943357522605+0.6835888436039083j)
(2.8932221775324147+0.7137793369160021j)
(2.9350264019320114+0.7430196609422512j)
(2.9773493677673035+0.7712837988027943j)
(3.020182307195298+0.7985443329361924j)
(3.0635141789181364+0.824772577518779j)
(3.1073315028946302+0.8499387267705181j)
(3.1516181997100383+0.8740120198301573j)
(3.1963554361486075+0.8969609227877315j)
(3.241521478677169+0.9187533283416714j)
(3.2870915567087833+0.9393567734008973j)
(3.3330377376675204+0.9587386747758291j)
(3.379328816019041+0.9768665828970068j)
(3.425930218555549+0.9937084532640635j)
(3.4728039283304084+1.0092329350617313j)
(3.5199084297140213+1.023409676084254j)
(3.5671986770892565+1.0362096427861978j)
(3.614626089711267+1.0476054539302984j)
(3.6621385752187967+1.0575717259330704j)
(3.709680584197383+1.066085427625223j)
(3.7571931980499866+1.0731262417480663j)
(3.8046142522289634+1.0786769301117132j)
(3.8518784966141424+1.0827236989504208j)
(3.8989177944890154+1.0852565606381785j)
(3.9456613611649365+1.0862696875823923j)
(3.992036042835901+1.085761753808223j)
(4.0379666357145485+1.0837362594931976j)
(4.083376244910039+1.0802018335219559j)
(4.128186681867574+1.075172509019166j)
(4.172318898507097+1.0686679667931624j)
(4.215693455488463+1.060713741696509j)
(4.258231021306443+1.0513413870886816j)
(4.299852898197356+1.040588592877447j)
(4.340481570140965+1.0284992530226833j)
(4.380041267582191+1.0151234789075982j)
(4.418458542901854+1.0005175556164225j)
(4.45566285015087+0.9847438388944832j)
(4.491587122148807+0.9678705913966164j)
(4.52616833775271+0.9499717577373479j)
(4.559348071941048+0.9311266788215995j)
(4.591073021341309+0.9114197469382491j)
(4.6212954979668845+0.8909400041132616j)
(4.649973884222885+0.8697806872219286j)
(4.6770730426894165+0.8480387243210293j)
(4.702564674788188+0.8258141875577997j)
(4.726427623174062+0.8032097088154508j)
(4.74864811354898+0.7803298649444628j)
(4.769219932553869+0.757280539982207j)
(4.788144539428773+0.734168272166528j)
(4.805431110217932+0.7110995937906206j)
(4.8210965144054185+0.6881803720180782j)
(4.83516522497084+0.6655151586810701j)
(4.847669163923964+0.6432065568222068j)
(4.8586474863866735+0.6213546113230127j)
(4.868146307215469+0.6000562304023417j)
(4.8762183749757915+0.5794046440840905j)
(4.8829226987767615+0.5594889049471343j)
(4.888324134034467+0.540393435602813j)
(4.892492933649734+0.52219762642438j)
(4.8955042713564065+0.5049754860989758j)
(4.8974377441201415+0.48879534661520607j)
(4.898376860451021+0.47371962335719714j)
(4.898408521345377+0.45980463007271904j)
(4.897622500302347+0.4471004476358233j)
(4.89611092848762+0.43565084474901045j)
(4.893967790651345+0.4254932480390726j)
(4.89128843687121+0.41665875840163774j)
(4.888169114598485+0.40917220994997083j)
(4.884706524854891+0.40305226752408657j)
(4.880997405775028+0.3983115584171844j)
(4.877138146030253+0.3949568337756567j)
(4.873224430017021+0.3929891550194628j)
(4.869350916059597+0.39240410060758685j)
(4.865610948271511+0.3931919885280003j)
(4.862096302152904+0.3953381100163157j)
(4.8588969634751615+0.3988229701923534j)
(4.8561009395275905+0.4036225315390421j)
(4.853794101373325+0.40970845642617637j)
(4.852060055386248+0.4170483451922438j)
(4.850980042017073+0.4256059666334394j)
(4.850632859463798+0.43534147810323504j)
(4.851094809697431+0.44621163279125237j)
(4.852439664117256+0.4581699721211629j)
(4.854738645975999+0.4711670015801034j)
(4.858060426623027+0.48515034866103013j)
(4.8624711325591+0.5000649019631919j)
(4.868034360275876+0.5158529308505713j)
(4.874811195865649+0.5324541854127455j)
(4.8828602364270175+0.5498059768052188j)
(4.892237610360155+0.5678432383673064j)
(4.902996993737021+0.5864985682221345j)
(4.915189620046751+0.6057022543581186j)
(4.928864280752805+0.625382283471255j)
(4.944067314255233+0.6454643351152355j)
(4.960842581028379+0.665871762959151j)
(4.97923142290088+0.6865255651929216j)
(4.999272604661301+0.7073443463444914j)
(5.0210022364099025+0.7282442729836716j)
(5.044453675333672+0.7491390259793829j)
(5.069657405861418+0.7699397521523653j)
(5.0966408974549395+0.7905550183182685j)
(5.125428439615177+0.8108907708467019j)
(5.156040954025039+0.830850303963274j)
(5.188495784115022+0.8503342400941296j)
(5.2228064627205555+0.8692405255870831j)
(5.258982458899503+0.8874644451395847j)
(5.297028905389761+0.90489865821374j)
(5.336946308607339+0.921433260619588j)
(5.378730243506127+0.9369558742950147j)
(5.422371036036654+0.9513517681008301j)
(5.467853436343034+0.9645040121803707j)
(5.5151562862145385+0.9762936681033074j)
(5.564252184653162+0.9866000166244416j)
(5.615107155716339+0.995300824441843j)
(5.6676803230380415+1.0022726508410937j)
(5.721923595607132+1.007391194568812j)
(5.777781369482245+1.0105316807009768j)
(5.835190250137621+1.0115692866696078j)
(5.89407880005744+1.0103796060007935j)
(5.954367316025247+1.0068391477128389j)
(6.015967640285881+1.0008258687432556j)
(6.078783009395768+0.9922197362356592j)
(6.142707944126093+0.9809033160402726j)
(6.207628183255868+0.9667623833827691j)
(6.273420663497991+0.9496865513518993j)
(6.339953547162952+0.9295699126594464j)
(6.407086298499149+0.9063116900490656j)
(6.474669808980589+0.8798168907780799j)
(6.542546571168865+0.8499969607711626j)
(6.610550900180201+0.8167704343443055j)
(6.678509201268753+0.7800635758113383j)
(6.7462402816181735+0.7398110098004878j)
(6.8135557041373+0.6959563377049656j)
(6.880260180901989+0.6484527383444311j)
(6.946152003888472+0.5972635515944091j)
(7.011023510811951+0.5423628444166159j)
(7.074661584222451+0.4837359593578989j)
(7.136848182511717+0.42138004614480307j)
(7.197360902141033+0.3553045774467808j)
(7.255973571191983+0.28553185017860383j)
(7.312456875243286+0.2120974738299419j)
(7.366579017557588+0.1350508472156578j)
(7.418106416581484+0.054455624713734j)
(7.466804444778705-0.02960982752417783j)
(7.5124382137794825-0.11705198574864356j)
(7.554773411686838-0.20776173464652412j)
(7.593577199078283-0.30161394807959746j)
(7.628619170719493-0.39846708899471445j)
(7.659672390210356-0.49816283481655294j)
(7.686514504653806-0.6005257366606367j)
(7.708928945921762-0.705362922870034j)
(7.7267062241411795-0.8124638596195206j)
(7.739645317593125-0.9216001835762926j)
(7.747555161277244-1.032525623769715j)
(7.750256233922443-1.1449760318076787j)
(7.747582240217583-1.2586695412770645j)
(7.7393818815076925-1.373306878461156j)
(7.725520704188399-1.4885718472796414j)
(7.705883010599876-1.6041320114741713j)
(7.680373812458875-1.719639596410837j)
(7.648920801901526-1.8347326313260222j)
(7.611476310192293-1.949036350315654j)
(7.568019219273263-2.062164866777216j)
(7.518556786797784-2.1737231313265433j)
(7.463126341350335-2.2833091774228524j)
(7.401796801454215-2.3905166521036962j)
(7.334669969966465-2.494937621464141j)
(7.261881554803501-2.5961656319872883j)
(7.183601867854784-2.6937989997850185j)
(7.100036156604021-2.7874442905391486j)
(7.011424527510226-2.876719943800027j)
(6.918041426646896-2.961259986703013j)
(6.820194651410435-3.040717774526574j)
(6.718223877139869-3.1147696892666925j)
(6.612498693987058-3.1831187229495845j)
(6.503416161985495-3.245497870100961j)
(6.3913979055389865-3.3016732539175795j)
(6.276886781970494-3.3514469134208786j)
(6.160343171771014-3.394659184267528j)
(6.042240950183864-3.4311906138687904j)
(5.923063210192456-3.4609633618081723j)
(5.803297815338703-3.483942048894293j)
(5.683432866672525-3.5001340320707133j)
(5.563952171217196-3.5095890972679964j)
(5.445330799476793-3.5123985775018536j)
(5.328030816698393-3.5086939184544716j)
(5.212497266979459-3.498644727799428j)
(5.099154481163834-3.4824563570758813j)
(4.988402769200813-3.4603670755044638j)
(4.880615545749979-3.4326449034037014j)
(4.776136924852996-3.3995841785750796j)
(4.675279806042439-3.361501932087354j)
(4.578324460879803-3.318734150340406j)
(4.485517616133767-3.2716319982944673j)
(4.397072018073452-3.2205580745734452j)
(4.313166452025508-3.165882763137213j)
(4.233946182685918-3.1079807387645504j)
(4.159523773848513-3.0472276751121785j)
(4.089980241270887-2.983997195040394j)
(4.025366489311069-2.918658093613317j)
(3.9657049806301368-2.851571855050301j)
(3.9109915884948405-2.7830904762256297j)
(3.861197582822323-2.7135546013298173j)
(3.8162717038439857-2.64329196519533j)
(3.7761422808831018-2.5726161366729654j)
(3.740719357988097-2.501825548380187j)
(3.709896792812798-2.4312027951427355j)
(3.6835542999668602-2.3610141804796743j)
(3.661559414893182-2.291509488474545j)
(3.6437693590056233-2.2229219572359997j)
(3.6300327912159442-2.155468429769528j)
(3.620191435004988-2.089349658333918j)
(3.6140815737872605-2.024750739117896j)
(3.6115354104504798-1.9618416552205944j)
(3.6123822896168263-1.900777907340721j)
(3.6164497833853817-1.8417012131720532j)
(3.6235646431059867-1.7847402581831378j)
(3.6335536211456216-1.7300114821574903j)
(3.646244167684758-1.6776198875368569j)
(3.661465008369184-1.6276598572069938j)
(3.679046609188189-1.5802159708720063j)
(3.698821535289773-1.5353638105616647j)
(3.72062471061225-1.4931707471032922j)
(3.744293585238436-1.4536967005574597j)
(3.7696682172845257-1.4169948686667195j)
(3.796591275945103-1.3831124182943275j)
(3.8249079720439334-1.3520911356359757j)
(3.854465922108042-1.323968031671284j)
(3.8851149516039096-1.2987758998803138j)
(3.916706842570732-1.2765438236880522j)
(3.949095030468555-1.2572976314140916j)
(3.9821342546489955-1.2410602967026978j)
(4.0156801664663995-1.2278522824896663j)
(4.049588898693274-1.2176918265367243j)
(4.0837165995994935-1.2105951664328218j)
(4.11791893481586-1.2065767017342202j)
(4.152050559937996-1.2056490905959776j)
(4.185964566756034-1.207823277844697j)
(4.219511906028602-1.2131084509617394j)
(4.252540789874141-1.2215119198966684j)
(4.284896077145485-1.2330389160201505j)
(4.316418645603891-1.247692304864316j)
(4.346944755338738-1.2654722066008977j)
(4.376305408712088-1.2863755174861575j)
(4.404325713172809-1.310395324782908j)
(4.430824254611051-1.3375202069745957j)
(4.45561249054445-1.3677334104555587j)
(4.478494174377005-1.4010118933564908j)
(4.499264824284048-1.4373252268029038j)
(4.517711252986908-1.476634343780891j)
(4.533611177817772-1.5188901259870753j)
(4.546732934060677-1.5640318196790386j)
(4.556835318596964-1.6119852727529014j)
(4.563667595373958-1.6626609872160871j)
(4.566969699112699-1.7159519840793778j)
(4.566472678898623-1.771731481680738j)
(4.561899428727987-1.8298503938092925j)
(4.55296575751481-1.8901346609816188j)
(4.539381856218259-1.9523824371010257j)
(4.520854224241801-2.016361164765729j)
(4.497088120577911-2.0818045859118914j)
(4.467790606677421-2.1484097504497215j)
(4.43267424691428-2.2158341041270426j)
(4.3914615278448785-2.2836927579214508j)
(4.343890048136943-2.351556064463767j)
(4.289718515872484-2.4189476516592023j)
(4.228733567687632-2.4853430887109482j)
(4.160757393737734-2.5501693835925656j)
(4.085656112836417-2.612805531524646j)
(4.003348792805585-2.6725843484608003j)
(3.913816952253722-2.7287958286941585j)
(3.817114312807639-2.7806922577277366j)
(3.713376497634167-2.8274952865757776j)
(3.6028302968002257-2.868405127920145j)
(3.4858020481798824-2.902611964978906j)
(3.362724621431811-2.9293095688708446j)
(3.2341424506112855-2.947711000114925j)
(3.100714047595185-2.9570661279864923j)
(2.9632114528475233-2.956680544504606j)
(2.8225161498160483-2.945935288303357j)
(2.6796110890966607-2.924306641473151j)
(2.5355686385458984-2.8913851361455314j)
(2.3915344900498163-2.8468928246316043j)
(2.2487078004367427-2.790697843549022j)
(2.1083181045681934-2.722825350996851j)
(1.9715997895599144-2.643464042459473j)
(1.8397651345455275-2.5529676533205694j)
(1.7139770754836-2.4518511218638706j)
(1.5953229288776876-2.340781395760794j)
(1.484790289532667-2.2205631898009908j)
(1.3832462034722472-2.0921203120335443j)
(1.2914205168072375-1.9564734392228877j)
(1.2098940336192863-1.8147154149556448j)
(1.1390918072855654-1.66798524711542j)
(1.079281570786974-1.5174419874370104j)
(1.030577014565275-1.3642395853247347j)
(0.9929453788583349-1.2095036301244817j)
(0.9662186802114129-1.0543106505617041j)
(0.9501078889780369-0.8996703760082438j)
(0.9442195536098617-0.7465112084955969j)
(0.9480746136718982-0.5956693545683349j)
(0.9611288926779135-0.4478827574194107j)
(0.982793183996966-0.303791266484588j)
(1.0124489366633451-0.16394221267280118j)
(1.0494575114495335-0.028796382254341373j)
(1.0931670056666332+0.10127008332909176j)
(1.1429219980527707+0.22596577196918735j)
(1.1980759333379407+0.3450811262368543j)
(1.2580023681586656+0.45848142136892783j)
(1.322102989305598+0.5660976523069801j)
(1.3898126394555994+0.667917297702257j)
(1.4606022709151907+0.7639757740272728j)
(1.533980527128136+0.8543487109882337j)
(1.6094943480535455+0.9391449879431313j)
(1.686728825942446+1.018500466922826j)
(1.7653064672572238+1.092572382600927j)
(1.844885988277269+1.1615343622258316j)
(1.9251607566910365+1.225572048982468j)
(2.0058569784490663+1.284879297074589j)
(2.0867317157943703+1.3396549006868799j)
(2.1675708088180747+1.3900998141245209j)
(2.248186759770518+1.4364148175427918j)
(2.328416627246547+1.4787985817395866j)
(2.4081199665892776+1.5174460861620054j)
(2.4871768435476227+1.552547346171274j)
(2.5654859403770485+1.5842864083381627j)
(2.6429627671023743+1.6128405757819833j)
(2.719537985429965+1.6383798290645504j)
(2.7951558486540047+1.6610664117144656j)
(2.8697727576885415+1.6810545529483474j)
(2.9433559309265274+1.6984903034793857j)
(3.015882183839761+1.7135114634007096j)
(3.0873368129707797+1.7262475839675289j)
(3.1577125781205706+1.736820027664661j)
(3.2270087760171022+1.7453420732342224j)
(3.295230398482505+1.751919054362599j)
(3.3623873680370067+1.7566485225013957j)
(3.428493843938483+1.759620425844455j)
(3.493567591811299+1.7609172978237926j)
(3.5576294102382744+1.7606144496430565j)
(3.62070260794578+1.7587801623612844j)
(3.682812525486333+1.7554758748923727j)
(3.743986095597763+1.7507563650175828j)
(3.804251436682753+1.7446699211381305j)
(3.8636374740974913+1.7372585030402796j)
(3.922173584157581+1.728557890422137j)
(3.979889255958223+1.7185978183548343j)
(4.036813766261415+1.7074020992358685j)
(4.092975862824972+1.694988731150647j)
(4.148403451633784+1.6813699929049457j)
(4.203123283547514+1.6665525263366532j)
(4.257160635898016+1.6505374068733372j)
(4.310538984562739+1.633320203684787j)
(4.363279662005446+1.6148910312004987j)
(4.415401496724421+1.5952345942327497j)
(4.466920429485203+1.5743302294826562j)
(4.517849101650386+1.5521519468215808j)
(4.568196410869049+1.5286684744504524j)
(4.61796702936559+1.503843312860019j)
(4.667160880097649+1.4776348034614566j)
(4.715772566159421+1.449996218845787j)
(4.763790749024545+1.420875882875722j)
(4.8111974715932995+1.390217330228525j)
(4.857967422581216+1.357959516601916j)
(4.904067139622796+1.3240370925689207j)
(4.949454149634389+1.288380756018448j)
(4.9940760465719585+1.250917700224998j)
(5.0378695088269865+1.2115721768209218j)
(5.080759261239042+1.1702661952359688j)
(5.1226569901846934+1.1269203824357759j)
(5.163460224558863+1.081455028901392j)
(5.203051200819082+1.0337913485741181j)
(5.24129573673792+0.9838529817041365j)
(5.278042146190054+0.931567769889236j)
(5.313120236238323+0.8768698316870288j)
(5.346340437949046+0.819701964571145j)
(5.377493133624179+0.760018394132969j)
(5.406348255202254+0.6977878836929393j)
(5.432655240962332+0.6329972062179371j)
(5.456143449627284+0.5656549649832876j)
(5.476523141463335+0.49579572917908343j)
(5.493487143627574+0.4234844252175711j)
(5.506713320087661+0.34882089373439235j)
(5.515867962861161+0.27194448654198317j)
(5.5206102087915845+0.19303853809417162j)
(5.52059756222258+0.11233450421339193j)
(5.5154925665865+0.030115519781160106j)
(5.504970615510943-0.05328090922974277j)
(5.488728826055692-0.1374613905684044j)
(5.466495814214825-0.22197662949589556j)
(5.438042119067665-0.30632322280984614j)
(5.40319092266618-0.3899475358762899j)
(5.361828616265437-0.4722518649957187j)
(5.313914680533366-0.5526029832778143j)
(5.259490290109191-0.6303430323694577j)
(5.198685033592771-0.7048025615580591j)
(5.131721169204492-0.7753153416224237j)
(5.05891492045923-0.8412344094604813j)
(4.980674455812591-0.9019486500894602j)
(4.897494384619516-0.9568991147467965j)
(4.809946824598658-1.005594224666014j)
(4.718669332576024-1.0476230311798602j)
(4.624350215920394-1.082665797439763j)
(4.527711931717612-1.1105013290783705j)
(4.429493412845354-1.1310106952611478j)
(4.330432220212585-1.1441772253619469j)
(4.231247403362218-1.1500829138346547j)
(4.132623862172791-1.1489015909588471j)
(4.03519885407403-1.1408893984075983j)
(3.9395511036967803-1.1263732314715567j)
(3.8461927676108574-1.1057378681863297j)
(3.7555643074093856-1.079412501770401j)
(3.668032147887285-1.0478573357250054j)
(3.5838888559965-1.0115508042057413j)
(3.5033554771063313-0.970977859288366j)
(3.4265856086203756-0.9266196365152051j)
(3.3536707734261455-0.8789446834336547j)
(3.2846466701536547-0.8284018223100347j)
(3.2194999154860033-0.7754146238766286j)
(3.158174947308437-0.7203773965971665j)
(3.100580818619129-0.6636525455681408j)
(3.046597674554977-0.6055691249104193j)
(2.996082763934097-0.5464223942654678j)
(2.9488758893081206-0.4864741901798712j)
(2.9048042439785116-0.42595393311130586j)
(2.8636866202047058-0.3650601072050212j)
(2.825337000171045-0.3039620700745757j)
(2.789567560964264-0.24280207136152027j)
(2.7561911379107036-0.18169738021225668j)
(2.725023198310339-0.12074244187972547j)
(2.695883381038875-0.060011001748999045j)
(2.66859665772973+0.00044184915154648794j)
(2.6429941692092536+0.06057773975486402j)
(2.618913787303578+0.12037321729525796j)
(2.5962004476658764+0.1798180911956566j)
(2.5747062943530783+0.2389139284397942j)
(2.55429067185077+0.2976727011612252j)
(2.5348199953435904+0.35611558337533367j)
(2.516167525409852+0.41427189112972285j)
(2.4982130690804802+0.47217815861929563j)
(2.4808426253865883+0.5298773418145424j)
(2.46394799014143+0.5874181407123837j)
(2.4474263317483254+0.6448544313026827j)
(2.4311797472706163+0.7022447986365554j)
(2.415114805806216+0.7596521628947752j)
(2.3991420843383526+0.8171434910187194j)
(2.38317569964278+0.8747895872275195j)
(2.367132838479434+0.9326649565671264j)
(2.350933287143562+0.9908477364908154j)
(2.3344989604607105+1.049419692340299j)
(2.3177534294474476+1.1084662734695265j)
(2.3006214460940955+1.1680767276273554j)
(2.2830284630274824+1.2283442720870794j)
(2.264900145153654+1.2893663208886244j)
(2.246161869736739+1.3512447684468587j)
(2.2267382107155673+1.4140863306888725j)
(2.2065524023684757+1.478002945826776j)
(2.185525776682421+1.5431122378662407j)
(2.163577167938178+1.6095380470132195j)
(2.1406222770554337+1.6774110322930973j)
(2.116572987116521+1.7468693529646937j)
(2.091336620161999+1.8180594367248997j)
(2.0648151237770564+1.8911368442928203j)
(2.0369041741035554+1.9662672417794667j)
(2.007492179646589+2.043627494336297j)
(1.9764591675041472+2.1234068969966025j)
(1.9436755303233422+2.2058085614459166j)
(1.9090006082329078+2.2910509807725554j)
(1.8722810750404315+2.3793697981575153j)
(1.833349091888578+2.471019810099999j)
(1.7920201840429497+2.5662772402912064j)
(1.7480907871651648+2.6654423268471117j)
(1.7013353978203798+2.7688422735252374j)
(1.6515032484552812+2.876834625078699j)
(1.5983144088308596+2.9898111384128456j)
(1.5414551928260256+3.10820223515678j)
(1.4805727202035965+3.232482138216166j)
(1.415268445431567+3.3631748155287133j)
(1.345090417404627+3.5008608794829033j)
(1.2695239714217534+3.646185621350902j)
(1.1879804732848285+3.799868397962726j)
(1.099783628337186+3.962713634326818j)
(1.0041527265728167+4.135623762927005j)
(0.9001820058865286+4.3196144902849705j)
(0.7868150611281879+4.515832866646206j)
(0.6628128812066639+4.725578738021641j)
(0.5267136230775461+4.95033028368206j)
(0.3767815761364369+5.191774487709295j)
(0.21094185389893078+5.451843558365094j)
(0.026696053423948478+5.732758484976574j)
(-0.17898773203851714+6.037081085637582j)
(-0.4098198485085398+6.367775998618935j)
(-0.6703822079583525+6.728283997886815j)
(-0.9663887099059187+7.122607549177708j)
(-1.3050408958838098+7.5554082282469475j)
(-1.6955202797543998+8.03211261833963j)
(-2.1496797319173835+8.559016822176206j)
(-2.6830291810229694+9.143366170155002j)
(-3.316163148635547+9.79335865710942j)
(-4.076861283514193+10.517962472515539j)
(-5.003226915917472+11.326316132175268j)
(-6.1484391009456+12.226220436444525j)
(-7.588005783618658+13.220669513379383j)
(-9.430791500074008+14.300128169617256j)
(-11.835250242825683+15.425496002129933j)
(-15.03079967162933+16.49058653742289j)
(-19.33555416871068+17.240358311550438j)
(-25.126448380025543+17.10169951575453j)
(-32.604450681427224+14.893440140596343j)
(-40.9740092528395+8.64094659589654j)
(-46.95543090974238-3.280313101637059j)
(-45.52366720275782-18.415955614153045j)
(-36.2338143576146-29.85580428133228j)
(-24.719185377515903-34.177432891979684j)
(-15.344435507037563-33.57190326296769j)
(-8.880146658567483-30.965838022219415j)
(-4.650896172500431-27.9464914334451j)
(-1.8954466893960038-25.120042615496242j)
(-0.07486945862370895-22.653156544056873j)
(1.1513025248307436-20.5511277160252j)
(1.992880753864353-18.7700675412459j)
(2.5800213355439414-17.25755368112919j)
(2.994959978354789-15.96579487137434j)
(3.2908170112414994-14.854815819362106j)
(3.5026878295463266-13.892264632343226j)
(3.6542638611947136-13.052263445067094j)
(3.7618605655145965-12.31415047247577j)
(3.836920293409192-11.661377753842677j)
(3.8876011385123967-11.080618287590852j)
(3.919806752803317-10.561066311850016j)
(3.9378671180254448-10.09389648628026j)
(3.9449968846784067-9.671847767454715j)
(3.943609084240487-9.288903040316207j)
(3.935533000348179-8.940041516357505j)
(3.9221674841508984-8.621046177781787j)
(3.9045902365170773-8.328352891328414j)
(3.883636749534385-8.05893126015518j)
(3.8599581119759026-7.810189889075402j)
(3.8340638809882-7.579900618998532j)
(3.8063542246779996-7.366137611370388j)
(3.777144230459209-7.167228111852708j)
(3.74668241756177-6.981712429582428j)
(3.7151649213820375-6.808311213932253j)
(3.682746424045677-6.645898536839785j)
(3.649548625457338-6.49347962024386j)
(3.61566684524064-6.350172303673257j)
(3.5811751960367237-6.215191542739647j)
(3.5461306579789698-6.0878363790250205j)
(3.5105763024145222-5.967478936824374j)
(3.474543852458763-5.853555091059033j)
(3.4380557230821727-5.745556519884885j)
(3.4011266499650064-5.643023909851142j)
(3.3637649912639263-5.545541124443259j)
(3.325973767494782-5.452730181062035j)
(3.287751490343666-5.3642469089039775j)
(3.249092820203495-5.279777182283818j)
(3.2099890837458336-5.199033641803575j)
(3.17042867625532-5.1217528302925555j)
(3.1303973683139583-5.04769268228919j)
(3.0898785323849434-4.976630315537398j)
(3.048853301653096-4.9083600809421535j)
(3.0073006709382075-4.842691833995026j)
(2.9651975474631245-4.779449396105515j)
(2.922518757614594-4.718469178759098j)
(2.8792370145006756-4.659598947138232j)
(2.8353228500116967-4.6026967029168055j)
(2.7907445141829186-4.547629668477895j)
(2.7454678438965714-4.494273356894492j)
(2.699456102313776-4.442510713719661j)
(2.6526697898703544-4.392231318007934j)
(2.605066427184545-4.343330631078042j)
(2.556600309792735-4.295709282356488j)
(2.507222234240995-4.249272382237902j)
(2.4568791947051025-4.20392885227407j)
(2.405514048986135-4.159590763171215j)
(2.353065152425688-4.116172671033526j)
(2.2994659580071075-4.073590942038439j)
(2.244644580656129-4.031763055254942j)
(2.1885233235315322-3.9906068726016346j)
(2.1310181639166235-3.9500398639661882j)
(2.072038196193087-3.9099782742351237j)
(2.0114850293292226-3.8703362173747413j)
(1.94925213636792-3.831024680708877j)
(1.8852241535991863-3.791950420090341j)
(1.8192761275045866-3.753014723685485j)
(1.751272708237248-3.7141120184915724j)
(1.6810672894590397-3.675128289369636j)
(1.6085010959252513-3.635939275167859j)
(1.5334022224754111-3.5964084002780274j)
(1.455584631295675-3.55638439251703j)
(1.37484711879643-3.515698529355001j)
(1.2909722696291566-3.474161443970392j)
(1.2037254238377801-3.4315594101445592j)
(1.1128536946781833-3.3876500103302343j)
(1.0180850902846619-3.342157074066424j)
(0.9191278134957722-3.2947647540350524j)
(0.8156698426112596-3.2451105843193875j)
(0.7073789340706712-3.1927773399012356j)
(0.5939032392332201-3.1372834885290524j)
(0.4748727958067124-3.0780719968355363j)
(0.3499022455133686-3.014497223992257j)
(0.21859525033431937-2.9458096118739046j)
(0.08055123909026257-2.8711378667659204j)
(-0.06462467477590433-2.7894683340158815j)
(-0.21730749140913722-2.69962130939975j)
(-0.3778323765241103-2.6002241336015195j)
(-0.5464670636368963-2.4896811157482204j)
(-0.7233741597393254-2.366140682733109j)
(-0.9085602647470463-2.2274607321126325j)
(-1.1018081025939053-2.071174090702319j)
(-1.3025871618419638-1.8944574077457592j)
(-1.509937824063888-1.6941089585132667j)
(-1.7223239100172352-1.4665439763990438j)
(-1.9374494495694645-1.2078205395087371j)
(-2.152037977653053-0.9137147834151613j)
(-2.361577928810395-0.5798708446807713j)
(-2.560047615891371-0.20205721705123428j)
(-2.7396501427893156+0.22343507430362072j)
(-2.8906138120626363+0.6992196655501336j)
(-3.0011456563232217+1.2260500158889622j)
(-3.0576581797358924+1.8018825601914001j)
(-3.0454080604485982+2.42085536032684j)
(-2.949666518015654+3.0723661854178856j)
(-2.757454969973005+3.7405379312721765j)
(-2.4597088647971668+4.4044206873950476j)
(-2.0535003562404777+5.039226950214478j)
(-1.5437443880185626+5.618673919064923j)
(-0.9437688135779712+6.1181368153761175j)
(-0.27435321986393524+6.517939444030902j)
(0.43869634310831707+6.805932911952071j)
(1.1678665066357465+6.978682444570446j)
(1.8872947599181271+7.041042528184815j)
(2.5753840259559495+7.004419954024514j)
(3.2162448986643586+6.884353184539273j)
(3.799959678842812+6.6980701977059605j)
(4.321962575341736+6.462495086328835j)
(4.781937005860852+6.192906634346248j)
(5.182583559846652+5.9022330707709045j)
(5.528493732496206+5.6008458471472125j)
(5.825243810847641+5.296681727415287j)
(6.078734624255603+4.9955423905396525j)
(6.294752283725465+4.70146156448205j)
(6.478704311267842+4.417070835074606j)
(6.6354831932680245+4.143927620308212j)
(6.769415929984616+3.8827906201849216j)
(6.884267546319757+3.6338409953254613j)
(6.983275604824087+3.396854170342219j)
(7.069200232739812+3.1713298349183545j)
(7.144379782721322+2.9565881524087603j)
(7.210786198109485+2.7518395116116405j)
(7.2700768028928175+2.5562340438215143j)
(7.3236409355970435+2.368895938241295j)
(7.372640886876686+2.188946498927881j)
(7.418047202614756+2.015518962670962j)
(7.460668734484707+1.8477673502330014j)
(7.5011779650583845+1.6848710376821476j)
(7.54013217515451+1.5260362848722229j)
(7.577991002321881+1.3704956178069108j)
(7.615130889214693+1.2175057061446717j)
(7.651856856510141+1.0663441852283186j)
(7.688411968793145+0.9163057262696545j)
(7.724984803773796+0.7666975470145315j)
(7.761715193074558+0.616834477734678j)
(7.79869846919545+0.4660336652335433j)
(7.835988390553103+0.3136090095980645j)
(7.8735987908562075+0.15886542659372382j)
(7.911503869791861+0.00109293412720637j)
(7.949637030765506-0.16043957784773702j)
(7.987888254376805-0.3264910599650237j)
(8.026100001501312-0.4978555612297738j)
(8.064061515037858-0.675370011803812j)
(8.101501239073425-0.859922516681488j)
(8.138076964858625-1.0524611793177705j)
(8.173363220298258-1.2540034751208138j)
(8.206835303752102-1.4656461537588508j)
(8.237849205908066-1.6885755725230474j)
(8.26561646016467-1.9240782465278536j)
(8.289172707694188-2.1735512279432574j)
(8.30733845119766-2.4385116666714906j)
(8.318670094074362-2.7206045164394803j)
(8.321398916051798-3.0216067721760917j)
(8.313355129653182-3.343425769303443j)
(8.291873624045765-3.688087818559748j)
(8.25367750698353-4.057711616509867j)
(8.194735254666483-4.45445822338505j)
(8.110087468186057-4.880445624261981j)
(7.99364045293377-5.337610608587697j)
(7.837927029553867-5.827493524926951j)
(7.633841744560242-6.350912144190652j)
(7.370370534975874-6.907479664591139j)
(7.034357768193918-7.494910391160276j)
(6.6103916525713595-8.108049211620799j)
(6.0809480387546895-8.7375674361528j)
(5.42701557592317-9.368306661341986j)
(4.629523879457218-9.977355253499283j)
(3.671974853900604-10.532150509631379j)
(2.5446472369021964-10.98924644850273j)
(1.2504476811166807-11.2948408122441j)
(-0.18827078069175082-11.388517414525028j)
(-1.7238528767786658-11.21147635873821j)
(-3.2816839537130327-10.719196189481673j)
(-4.766169283449843-9.895833171434928j)
(-6.07554953399069-8.764859313457487j)
(-7.122183289737855-7.389964904610533j)
(-7.850802736309405-5.8639017485535065j)
(-8.247286297642045-4.289086000538964j)
(-8.335343543827102-2.757868046802003j)
(-8.164488375453237-1.3393932298847755j)
(-7.795520314978547-0.0754276773361289j)
(-7.2885787650366165+1.0167445877132073j)
(-6.69586994320642+1.9379453227650953j)
(-6.0587285366991495+2.7002892241563363j)
(-5.407608875509642+3.321594612784132j)
(-4.763578692317786+3.821498874013755j)
(-4.140305501707654+4.219105300597617j)
(-3.545973691428096+4.531760441016951j)
(-2.984892818835995+4.774565785200987j)
(-2.458742972231023+4.960318007097126j)
(-1.9674901306577812+5.099671323572188j)
(-1.510034401743524+5.201395114867849j)
(-1.0846558806993427+5.2726550614336505j)
(-0.6893135200449462+5.319280900509175j)
(-0.3218403097684961+5.346004466469396j)
(0.01993311017039756+5.356663041792323j)
(0.33810335739689923+5.354368849600333j)
(0.6346515692171573+5.341648134654407j)
(0.9114218657534406+5.320554161611433j)
(1.1701134170778142+5.292758459610724j)
(1.4122809970648909+5.259624240385577j)
(1.6393406144043496+5.222265371150263j)
(1.8525779763283508+5.18159372438261j)
(2.053158329487596+5.138357214538197j)
(2.2421367527952643+5.093170389177808j)
(2.4204683310582196+5.046539072312897j)
(2.5890178724746686+4.998880255450346j)
(2.748568986411048+4.950538187915384j)
(2.8998324367660397+4.901797422975082j)
(3.043453748675931+4.852893421142438j)
(3.1800200845116633+4.804021189048733j)
(3.3100664273163067+4.755342334920997j)
(3.4340811215874454+4.706990844684224j)
(3.552510826361838+4.659077821750904j)
(3.665764936407105+4.611695385265233j)
(3.7742195256295+4.564919883247524j)
(3.8782208636640765+4.518814546618881j)
(3.9780885527316205+4.473431685816151j)
(4.074118327689252+4.428814512324662j)
(4.166584558045092+4.3849986519442385j)
(4.255742486727477+4.342013404149429j)
(4.341830236685905+4.299882791889115j)
(4.425070613005139+4.2586264380845815j)
(4.5056727251464554+4.218260298547021j)
(4.583833451189483+4.1787972757289795j)
(4.659738763518987+4.140247733410811j)
(4.733564933261572+4.102619928901248j)
(4.805479628905071+4.065920376453947j)
(4.875642922904715+4.030154153238697j)
(4.944208218670025+3.9953251572636197j)
(5.011323109116538+3.9614363250405527j)
(5.077130176936945+3.92848981545753j)
(5.141767745878477+3.8964871652179576j)
(5.20537059159583+3.865429420283056j)
(5.268070620071254+3.8353172469805132j)
(5.32999752113978+3.8061510257849007j)
(5.391279404331584+3.7779309302188135j)
(5.452043424030691+3.7506569928381075j)
(5.512416400856617+3.7243291598437205j)
(5.572525446197757+3.6989473354832945j)
(5.6324985969701356+3.674511417060083j)
(5.692465467948244+3.651021321040418j)
(5.752557929426221+3.62847700043331j)
(5.812910818530915+3.6068784532936546j)
(5.873662693246642+3.5862257218636953j)
(5.934956639142494+3.566518881500397j)
(5.996941139953394+3.547758018124106j)
(6.059771024593207+3.5299431924498927j)
(6.123608504919798+3.5130743887019977j)
(6.1886243206917815+3.4971514448405716j)
(6.254999010732828+3.4821739605122195j)
(6.322924332448283+3.468141177930062j)
(6.3926048556508155+3.455051829640358j)
(6.464259761307501+3.442903945569608j)
(6.538124881536199+3.431694609768897j)
(6.614455024245125+3.421419654745693j)
(6.693526634613688+3.412073277981779j)
(6.775640856700565+3.403647560826218j)
(6.861127072545619+3.3961318637801154j)
(6.950347014062255+3.3895120629898288j)
(7.043699565335807+3.383769578061987j)
(7.141626398228005+3.3788801166116684j)
(7.244618604181193+3.374812020393819j)
(7.353224474991186+3.371524043882613j)
(7.4680585021624655+3.3689623792079204j)
(7.589811534295111+3.367056938486775j)
(7.719262279881891+3.3657175220035573j)
(7.857291891302719+3.3648308035442285j)
(8.004905197430775+3.3642565530039414j)
(8.163258935357288+3.363817540433858j)
(8.333691253434115+3.3632815987823497j)
(8.51775177414453+3.3623422397090845j)
(8.717240618624944+3.360599336079617j)
(8.934262019141764+3.357533088377996j)
(9.171293170988521+3.352465269451403j)
(9.431270262592667+3.344503941078238j)
(9.717696807371278+3.3324661655939103j)
(10.03478177309901+3.3147692376927456j)
(10.38761723049318+3.2892753749986774j)
(10.782408056216159+3.253066452279783j)
(11.226769727468128+3.202111966897122j)
(11.730113951457241+3.1307712818481823j)
(12.30414415350472+3.0310338993938246j)
(12.963479130744938+2.8913376154601624j)
(13.726401351009077+2.694693216613252j)
(14.615655072429227+2.41564886648848j)
(15.659017865892633+2.015283646245995j)
(16.88882848688035+1.4328307176500914j)
(18.338235299458017+0.571609331114788j)
(20.028269233526167-0.7240730746219943j)
(21.930777552769772-2.7034496086684077j)
(23.87250988346427-5.744951115507147j)
(25.3203187121495-10.323039189110668j)
(25.05564461543683-16.66039612952377j)
(21.289027279458974-23.70555393466869j)
(13.54182429820844-28.389180816978563j)
(4.705277942962211-28.215425567672288j)
(-1.754938387577246-24.40286497319134j)
(-5.145803476475835-19.65431268640111j)
(-6.4482174272820885-15.45909897984144j)
(-6.6510991764393355-12.156211761254166j)
(-6.348025151071922-9.642929562529625j)
(-5.8407733897302085-7.733387883850658j)
(-5.272838513768306-6.2659903897800895j)
(-4.70951901547852-5.1203072206822915j)
(-4.17861164313126-4.210617917968428j)
(-3.69014484266336-3.4764507424144884j)
(-3.2458703730953027-2.8748878560667794j)
(-2.8438433645349117-2.3750933429634835j)
(-2.480636524461589-1.9545847346471084j)
(-2.1524017439982708-1.5967187332170207j)
(-1.8553642379730795-1.2889900145084838j)
(-1.586035981023075-1.0218692891352978j)
(-1.341291151306556-0.7880005455461938j)
(-1.1183753279202004-0.5816409283364699j)
(-0.9148838260080061-0.39826969275446633j)
(-0.7287213000510449-0.23432498730205578j)
(-0.5580160356075471-0.08705609015174282j)
(-0.4008122033622058+0.045562763339465205j)
(-0.25432754230714844+0.16575922632344078j)
(-0.11758542438461013+0.27810203095847597j)
(0.0069652990262916515+0.3831072838296647j)
(0.12111560804971724+0.4795877013147367j)
(0.22674374930406044+0.5686528976398307j)
(0.32478880409290023+0.6514558405798079j)
(0.41590326077095313+0.7288617155045691j)
(0.5006374211749876+0.8015515296100161j)
(0.5794787364485876+0.8700879220518545j)
(0.6528633580176669+0.9349486910521069j)
(0.7211822870277277+0.9965460103066137j)
(0.784786215311309+1.0552390226477182j)
(0.8439897936411719+1.1113429300486117j)
(0.8990754512928263+1.1651359645484447j)
(0.9502967960806243+1.2168649347865788j)
(0.9978816207401323+1.266749741798629j)
(1.0420345482977051+1.3149871116605443j)
(1.0829393525930262+1.3617537137494493j)
(1.120760990073573+1.407208786529225j)
(1.155647376793068+1.4514963625473698j)
(1.187730941367275+1.494747163551098j)
(1.217129981163866+1.5370802216454131j)
(1.2439498455971132+1.578604271219226j)
(1.2682839672393103+1.619418947782197j)
(1.290214758618161+1.6596158231441562j)
(1.3098143900532049+1.6992793010430156j)
(1.3271454616804514+1.7384873930483873j)
(1.3422615808926501+1.777312391093054j)
(1.3552078547512576+1.8158214501365415j)
(1.366021305472022+1.8540770921067602j)
(1.374731215820357+1.8921376402958272j)
(1.381359410146672+1.9300575917221832j)
(1.385920475823293+1.9678879335486308j)
(1.3884219289922277+2.0056764084127616j)
(1.3888643277797872+2.0434677324400563j)
(1.3872413354642512+2.0813037687355243j)
(1.3835397354858165+2.119223658254872j)
(1.3777393996509595+2.157263909116641j)
(1.3698132104013716+2.1954584446078536j)
(1.3597269375818397+2.2338386093359017j)
(1.3474390697502128+2.2724331321683593j)
(1.3329005997217203+2.3112680437589703j)
(1.316054763733371+2.35036654556461j)
(1.2968367333501825+2.3897488262893343j)
(1.2751732590257436+2.4294318206298766j)
(1.250982264078978+2.469428904013739j)
(1.224172387776621+2.5097495156935947j)
(1.1946424762323666+2.5503987010578824j)
(1.1622810199794698+2.591376562306847j)
(1.1269655373756502+2.6326776046880025j)
(1.0885619035066931+2.674289963249193j)
(1.046923625026416+2.7161944925011565j)
(1.0018910624829345+2.758363698447537j)
(0.9532906032342767+2.8007604890793076j)
(0.9009337901743971+2.8433367156026765j)
(0.8446164143364053+2.886031472318307j)
(0.7841175832127389+2.9287691181608806j)
(0.7191987815880629+2.97145697740787j)
(0.6496029481412642+3.0139826709731605j)
(0.5750535994310091+3.0562110230457473j)
(0.49525404363315206+3.0979804807080837j)
(0.40988674014795196+3.1390989767536035j)
(0.3186128786777147+3.1793391585279003j)
(0.22107227346894126+3.218432898743198j)
(0.1168836961584304+3.2560649986277337j)
(0.005645805246720848+3.2918659906068477j)
(-0.11306112702040359+3.325403948626906j)
(-0.2396724372581568+3.35617522156652j)
(-0.3746349266796605+3.3835940222043583j)
(-0.5184009583211613+3.4069808353883406j)
(-0.6714203163016625+3.42554966037114j)
(-0.8341292479884707+3.4383941815800414j)
(-1.0069360010673172+3.444473079397578j)
(-1.1902020553568209+3.442594860200437j)
(-1.3842181446089603+3.4314028175132534j)
(-1.5891740846166866+3.409361049725514j)
(-1.8051213989307222+3.374742870141544j)
(-2.0319278039945474+3.3256234641767386j)
(-2.2692228397039345+3.259879278595331j)
(-2.516334385890507+3.1751973521133516j)
(-2.772216583682542+3.0690985663531363j)
(-3.0353708860382413+2.9389795119467457j)
(-3.303763687303157+2.7821781576312365j)
(-3.574746276267674+2.596068524544256j)
(-3.8449856700234863+2.3781887561851653j)
(-4.110417991719206+2.1264049221109613j)
(-4.366238972041073+1.8391091930425254j)
(-4.606948082855808+1.5154454203571497j)
(-4.826462650591444+1.1555477555174822j)
(-5.0183148010448635+0.7607694891734614j)
(-5.1759362245657705+0.33387132925221497j)
(-5.293023248191322-0.1208667745458398j)
(-5.363958623790427-0.5976456667834615j)
(-5.384249473664513-1.0892858350607564j)
(-5.350927242030166-1.5875141864246323j)
(-5.262853008728974-2.083381521313074j)
(-5.120886954607298-2.567774328031448j)
(-4.927881682623518-3.031978938326389j)
(-4.688475916494809-3.4682067952529723j)
(-4.408746783497982-3.8700058924953153j)
(-4.095769167044957-4.232539543054187j)
(-3.7571291969454004-4.552707258059552j)
(-3.40045541556137-4.829108869948138j)
(-3.033017647101347-5.06188126274852j)
(-2.6614228172457266-5.252449030384909j)
(-2.291417431910657-5.403232195913094j)
(-1.927790574678669-5.517348753180706j)
(-1.574360871129749-5.598340192451691j)
(-1.2340260686646607-5.649937394247183j)
(-0.9088536158496728-5.6758745907229855j)
(-0.6001933038099586-5.679751703863504j)
(-0.3087971266973947-5.664940564294284j)
(-0.03493587184445348-5.634527997217318j)
(0.2214941495837407-5.5912879703902485j)
(0.4608777051534244-5.537675334629044j)
(0.6838017855415064-5.475834642002696j)
(0.8909909978441171-5.407618729015921j)
(1.0832560245643343-5.334612962787942j)
(1.2614535226661394-5.25816213524671j)
(1.4264556981768155-5.1793978964176315j)
(1.5791278417444776-5.099265332717864j)
(1.7203122654607081-5.01854783533108j)
(1.8508172839219152-4.937889794260153j)
(1.971410096515753-4.857816925353767j)
(2.0828126319542557-4.778754218340454j)
(2.1856995991116595-4.701041607491148j)
(2.2806981458639317-4.624947532165358j)
(2.3683886594629784-4.55068058699078j)
(2.4493063497973875-4.478399471847417j)
(2.523943343522637-4.408221448192478j)
(2.592751085635666-4.340229496225612j)
(2.656142898705659-4.274478350838378j)
(2.7144965914462076-4.210999575796654j)
(2.7681570400441036-4.14980581681355j)
(2.8174386896990993-4.090894356087329j)
(2.8626279418406004-4.034250074039474j)
(2.9039854058546704-3.979847908634525j)
(2.94174800395752-3.927654888824053j)
(2.9761309249960877-3.877631806212142j)
(3.0073294281577976-3.8297345777508025j)
(3.0355205014938353-3.783915341795373j)
(3.0608643834295264-3.740123319680761j)
(3.0835059588559903-3.698305464421913j)
(3.1035760461410744-3.6584069061480955j)
(3.1211925995701786-3.620371188885251j)
(3.13646186741778-3.5841402729262892j)
(3.149479577463339-3.5496542478880433j)
(3.1603322872131856-3.516850659599057j)
(3.169099174397086-3.4856632977035695j)
(3.175854840751195-3.4560202352924705j)
(3.1806743487029756-3.427840941020274j)
(3.183643106659325-3.4010327382918497j)
(3.1848770745444224-3.3754890022855397j)
(3.1845634985279547-3.3510994362339432j)
(3.1830335008531017-3.327808813189959j)
(3.1808338302324337-3.305826707965258j)
(3.178510567387703-3.286134101987417j)
(3.1752754479108396-3.270769922663853j)
(3.167327836195453-3.2602421431501756j)
(3.152211011421357-3.24978283497819j)
(3.133993099639959-3.2356243163761476j)
(3.1163423168839164-3.2198316956744666j)
(3.099105130627811-3.204903339237629j)
(3.0811928280107774-3.1915642830184883j)
(3.0619368412527304-3.1797263812927485j)
(3.041046421771766-3.1691624970500243j)
(3.018407496458821-3.1596845127815527j)
(2.993972907876466-3.151157190157161j)
(2.9677167719927655-3.143482151828646j)
(2.9396172376071257-3.1365832832521954j)
(2.9096503633862714-3.13039728940766j)
(2.8777881408900363-3.1248680700774374j)
(2.8439980009088144-3.1199434085178313j)
(2.8082428072793792-3.1155729838545754j)
(2.7704809737393394-3.111707130540785j)
(2.73066657675377-3.1082960198638956j)
(2.68874942538507-3.1052890806662203j)
(2.6446750808371817-3.102634555109025j)
(2.598384828511988-3.100279128834007j)
(2.5498156077546503-3.098167599170697j)
(2.4988999041052944-3.0962425587549784j)
(2.4455656077581027-3.09444407974456j)
(2.3897358407519076-3.0927093882865795j)
(2.3313287543892387-3.090972521416498j)
(2.270257297538867-3.0891639599302376j)
(2.206428955801507-3.08721023141272j)
(2.1397454609703432-3.0850334777816375j)
(2.070102469767584-3.08255098155781j)
(1.9973892104549709-3.0796746446784846j)
(1.9214880955859894-3.0763104130772456j)
(1.8422742988693284-3.072357639469389j)
(1.7596152938455705-3.0677083758151134j)
(1.673370351831518-3.0622465857655032j)
(1.5833899963633022-3.055847266010509j)
(1.489515411168986-3.0483754638112224j)
(1.3915777985317148-3.039685176070177j)
(1.2893976847780966-3.0296181130244673j)
(1.1827841695525054-3.018002306974847j)
(1.0715341155438536-3.0046505433126067j)
(0.9554312754374092-2.9893585873901585j)
(0.834245353112804-2.9719031763881274j)
(0.7077309965415673-2.9520397401371925j)
(0.5756267205231307-2.9294998087081j)
(0.43765375841673054-2.9039880573164303j)
(0.293514843507807-2.8751789305022344j)
(0.1428929227619857-2.8427127774250054j)
(-0.01455019125696224-2.8061914182064807j)
(-0.17917522018365112-2.7651730472638762j)
(-0.3513668549458095-2.719166363115969j)
(-0.5315352005738485-2.6676237946312367j)
(-0.7201171918653781-2.6099336701990854j)
(-0.9175779221636785-2.545411147381992j)
(-1.1244118015397782-2.473287684167531j)
(-1.3411434264663675-2.3926987865077054j)
(-1.5683279999358128-2.3026697083047516j)
(-1.8065510879376758-2.202098708751843j)
(-2.056427432023899-2.0897373894174924j)
(-2.318598450385914-1.9641675422273563j)
(-2.593727937412456-1.8237738404455288j)
(-2.88249529552483-1.6667115947546836j)
(-3.1855853827597342-1.4908686692874302j)
(-3.503673713623069-1.2938205032806367j)
(-3.837405282543336-1.0727770157802161j)
(-4.187364650015554-0.8245199980700845j)
(-4.554034083283778-0.5453294501455552j)
(-4.937735394276805-0.23089724206283782j)
(-5.338549558194536+0.12377344162427366j)
(-5.756206086510263+0.5244840519998996j)
(-6.1899312957279955+0.9779723233754616j)
(-6.638240858979723+1.4920581658743728j)
(-7.098657151611448+2.0757991135868243j)
(-7.567325772958003+2.739644961915136j)
(-8.038498339704267+3.4955716177264207j)
(-8.503840851210894+4.357158389129389j)
(-8.951520467557998+5.33954771667942j)
(-9.36502262698146+6.459187399145243j)
(-9.721663637899143+7.733197866981104j)
(-9.990807216049982+9.178127723787728j)
(-10.131894123298467+10.807763429852628j)
(-10.092592840804256+12.629566765744704j)
(-9.807724136273595+14.63929140465565j)
(-9.200128145533448+16.813515480039637j)
(-8.185249200140165+19.100451421787024j)
(-6.68157787778425+21.410722901486956j)
(-4.628475769154244+23.611867180328257j)
(-2.010309282464866+25.532382331764126j)
(1.1191388680428898+26.98114756962311j)
(4.623354756877557+27.783331410638j)
(8.292939635163295+27.824190888698826j)
(11.88213794158549+27.083022098984724j)
(15.160591272667371+25.640113158898394j)
(17.95883202914492+23.652786650094214j)
(20.190143776690483+21.313066456138085j)
(21.845859560887742+18.806229749020563j)
(22.973692652402438+16.283661935444808j)
(23.651900549068397+13.85277948119189j)
(23.968003133641133+11.579462678531504j)
(24.005089739680308+9.4966118912314j)
(23.834979311713422+7.613971939419354j)
(23.516108004986705+5.926662049004004j)
(23.09408522532262+4.421573273029367j)
(22.603448112109184+3.081718561089347j)
(22.069741921008443+1.888966407528675j)
(21.511486606682723+0.8256293993286471j)
(20.94185270086574-0.12470122465174101j)
(20.370009029068253-0.9767893769019783j)
(19.8021687220828-1.743662980163888j)
(19.24238275072458-2.436673794372874j)
(18.693132919113804-3.065631876624058j)
(18.155770524433766-3.638969577942671j)
(17.630838585362852-4.163909630151773j)
(17.11830726304969-4.646623829109131j)
(16.617744719586394-5.092375992191623j)
(16.1284395467404-5.5056477809236855j)
(15.649488035291423-5.890250209087931j)
(15.179861674122366-6.249422329900579j)
(14.718463410055293-6.5859080493764965j)
(14.26416229147937-6.902010741009768j)
(13.815809126080882-7.199644920007841j)
(13.372251268004709-7.480386446563855j)
(12.932348378064784-7.7455121912694205j)
(12.494984965316718-7.996029937446187j)
(12.059079953700811-8.232702112087775j)
(11.623594910864503-8.456065134158912j)
(11.187542072631475-8.66644523323973j)
(10.749992840895857-8.863971421328856j)
(10.310087209606369-9.048586298270063j)
(9.867044451224391-9.22005537918728j)
(9.420175302525745-9.377975639199185j)
(8.968895796919623-9.521783982088072j)
(8.512742788946674-9.650766356245976j)
(8.05139109856439-9.764068258986814j)
(7.584672063508415-9.860707381868124j)
(7.112593124878986-9.939589145242328j)
(6.63535788426966-9.999525838174062j)
(6.153385864060715-10.039260007018111j)
(5.667330984568149-10.057492608854254j)
(5.1780975568047065-10.052916252094874j)
(4.686852398144619-10.024253576580726j)
(4.195031536654089-9.970300475784803j)
(3.7043399093821483-9.889973439625116j)
(3.2167425135536996-9.782359814851498j)
(2.7344456680151876-9.646769271947605j)
(2.2598674077701597-9.482784278307783j)
(1.7955965744909204-9.290306964921836j)
(1.3443408666219179-9.069599503095814j)
(0.9088649343456865-8.821315042939403j)
(0.4919204806479749-8.546516458538456j)
(0.0961711704767-8.246680623932095j)
(-0.2758841471208112-7.923686702898383j)
(-0.6219859352523365-7.579787927228653j)
(-0.9401820729764916-7.217567476151148j)
(-1.228885682022805-6.839880236488132j)
(-1.486919386066353-6.449783287050991j)
(-1.7135436227203804-6.050458785948322j)
(-1.9084677582635383-5.645133447500238j)
(-2.071843976821715-5.236998921860661j)
(-2.2042450922420644-4.829137133186837j)
(-2.3066284375791106-4.424454039953785j)
(-2.3802887303960465-4.0256244423787395j)
(-2.426803240897946-3.6350494882479296j)
(-2.44797269840856-3.2548275345728532j)
(-2.445761193881754-2.886738109633442j)
(-2.42223793467827-2.5322379634585577j)
(-2.3795231604496916-2.1924676387186874j)
(-2.319739915222341-1.8682666517867015j)
(-2.244972761752658-1.5601952340252716j)
(-2.157233975710092-1.2685606189956369j)
(-2.0584373058040515-0.9934460398889463j)
(-1.9503790450887215-0.7347408960142399j)
(-1.8347259097367274-0.492170942751444j)
(-1.713008994167404-0.26532784506100354j)
(-1.5866227203232386-0.05369795199735658j)
(-1.4568270419604958+0.14330953786341336j)
(-1.3247502551739865+0.3263353012063382j)
(-1.1913895023027279+0.49604559289763994j)
(-1.0576083020496103+0.6531153843811358j)
(-0.9241355496135444+0.7982227791105184j)
(-0.7915734560488139+0.9320521257997204j)
(-0.6604166593964095+1.0552963303220197j)
(-0.5310754461216723+1.1686508506600155j)
