(1.1455650205295196+0j)
(1.2160992383469966+0.28370039684305554j)
(1.3604651052988082+0.47183182450558064j)
(1.4967225188072957+0.5822016782895045j)
(1.6077695752584786+0.6563043275579894j)
(1.699378798304982+0.7142967817037233j)
(1.7777353220215995+0.7637665442410699j)
(1.8466572638263836+0.8078550103589001j)
(1.9084566538927314+0.8482170823963652j)
(1.9646740984207678+0.8859015482768767j)
(2.016434950340633+0.9216215684750148j)
(2.0646057339499597+0.9558661724711742j)
(2.109868891254765+0.9889673744781275j)
(2.152766389194348+1.0211482159763865j)
(2.1937303631367815+1.0525576122041456j)
(2.2331067447781763+1.0832948311085389j)
(2.2711739027961975+1.113426128610218j)
(2.3081572708276634+1.1429957886132003j)
(2.344240699132906+1.1720333567360335j)
(2.3795751885398064+1.2005583689216546j)
(2.4142855858423395+1.228583464242531j)
(2.448475723143963+1.2561164646489664j)
(2.4822323842215113+1.283161793088886j)
(2.5156283914757953+1.3097214629743543j)
(2.5487250331637092+1.3357957843010337j)
(2.581573993004024+1.361383877484174j)
(2.6142189010155823+1.3864840528518134j)
(2.646696592760365+1.4110940935824747j)
(2.679038141287758+1.4352114675438412j)
(2.7112697096598524+1.4588334857962348j)
(2.743413260165862+1.4819574205894253j)
(2.775487147837114+1.5045805923910915j)
(2.8075066196871252+1.5267004331906586j)
(2.839484236530532+1.548314531657416j)
(2.8714302308037456+1.569420664484121j)
(2.903352811198962+1.590016817283456j)
(2.935258422892941+1.610101197653218j)
(2.9671519705598066+1.6296722424349865j)
(2.9990370100875086+1.6487286207237164j)
(3.0309159138940838+1.6672692338197301j)
(3.0627900139104782+1.6852932130266713j)
(3.0946597256174786+1.7027999159760319j)
(3.1265246559686286+1.7197889219854514j)
(3.1583836975685626+1.7362600268271118j)
(3.1902351110987435+1.7522132371803658j)
(3.2220765976668524+1.767648764966052j)
(3.2539053624940055+1.7825670217045286j)
(3.285718171136166+1.7969686129937794j)
(3.3175113992558427+1.8108543331748312j)
(3.3492810768074666+1.8242251602257777j)
(3.381022927373081+1.8370822509097249j)
(3.4127324032787287+1.849426936189263j)
(3.444404717032585+1.861260716909529j)
(3.4760348695494736+1.8725852597468113j)
(3.507617675563232+1.8834023934134467j)
(3.5391477865730576+1.8937141051079336j)
(3.5706197116252407+1.9035225371945639j)
(3.602027836190328+1.9128299840973766j)
(3.6333664393631047+1.9216388893911813j)
(3.664629709582894+1.9299518430719576j)
(3.695811759047155+1.9377715789889043j)
(3.726906636968554+1.9451009724199477j)
(3.757908341807823+1.9519430377740448j)
(3.788810832597546+1.9583009264020155j)
(3.8196080394579806+1.9641779245000301j)
(3.850293873392957+1.9695774510899025j)
(3.880862235443588+1.9745030560607546j)
(3.9113070252681323+1.978958418257032j)
(3.9416221492059083+1.9829473436006455j)
(3.9718015278782777+1.986473763233456j)
(4.0018391033721095+1.9895417316683242j)
(4.03172884604437+1.992155424937981j)
(4.061464760983035+1.994319138731722j)
(4.091040894154227+1.9960372865104743j)
(4.120451338261449+1.997314397591775j)
(4.14969023833979+1.9981551151972858j)
(4.1787517971043675+1.9985641944562487j)
(4.207630280069915+1.9985465003586445j)
(4.2363200204562865+1.9981070056530772j)
(4.264815423891649+1.9972507886851327j)
(4.293110972924728+1.995983031171974j)
(4.321201231354303+1.9943090159108654j)
(4.349080848383874+1.9922341244185704j)
(4.376744562608095+1.989763834500479j)
(4.404187205835664+1.9869037177474909j)
(4.431403706753407+1.9836594369610667j)
(4.458389094435271+1.980036743505547j)
(4.485138501698453+1.9760414745885448j)
(4.511647168310084+1.9716795504699645j)
(4.537910444045155+1.9669569716014694j)
(4.563923791597885+1.9618798156978268j)
(4.5896827893474414+1.9564542347422031j)
(4.6151831339790865+1.950686451928074j)
(4.64042064296071+1.944582758540671j)
(4.66539125687649+1.9381495107803355j)
(4.690091041616954+1.9313931265326236j)
(4.714516190426587+1.9243200820872897j)
(4.738663025809036+1.916936908810942j)
(4.762528001290552+1.9092501897773757j)
(4.786107703041702+1.9012665563590574j)
(4.809398851358465+1.8929926847857586j)
(4.8323026139558145+1.8844251807277932j)
(4.854951847980523+1.8755860664877702j)
(4.877312074350268+1.8664784696987233j)
(4.899376587482037+1.857108721841551j)
(4.921141179094246+1.8474834671520777j)
(4.942602545728225+1.8376094688019629j)
(4.9637578626298415+1.8274935531192724j)
(4.984604622866603+1.817142585869062j)
(5.005140563811381+1.8065634593050857j)
(5.025363629038533+1.7957630836792893j)
(5.0452719466671825+1.7847483808752225j)
(5.064863816117556+1.7735262791640003j)
(5.084137699488635+1.7621037086080233j)
(5.103092215612864+1.7504875968664646j)
(5.12172613572584+1.738684865268537j)
(5.140038380137268+1.72670242507778j)
(5.1580280155352485+1.7145471739020373j)
(5.175694252692793+1.7022259922209495j)
(5.193036444430025+1.6897457400144387j)
(5.210054083734014+1.6771132534812756j)
(5.226746801971377+1.66433534184169j)
(5.243114367149672+1.651418784219763j)
(5.259156682196704+1.638370326603671j)
(5.2748737832374974+1.6251966788828602j)
(5.29026583785393+1.6119045119612654j)
(5.305333143318179+1.5985004549474484j)
(5.320076124792975+1.5849910924211756j)
(5.3344953334954495+1.571382961777415j)
(5.348591444821733+1.5576825506481884j)
(5.362365256432459+1.5438962944023924j)
(5.375817686298329+1.5300305737246798j)
(5.388949770707551+1.516091712273228j)
(5.401762662236216+1.5020859744169712j)
(5.414257627683273+1.48801956305199j)
(5.426436045973012+1.473898617497908j)
(5.438299406026491+1.4597292114731126j)
(5.449849304605275+1.4455173511495125j)
(5.461087444129533+1.4312689732854846j)
(5.472015630473541+1.4169899434377369j)
(5.4826357707411475+1.402686054250064j)
(5.492949871023797+1.3883630238192688j)
(5.502960034143958+1.3740264941369837j)
(5.512668457386423+1.359682029606128j)
(5.522077430220185+1.3453351156316715j)
(5.53118933201323+1.3309911572834032j)
(5.5400066297425825+1.3166554780310349j)
(5.548531875702123+1.3023333185481856j)
(5.55676770521023+1.2880298355860038j)
(5.564716834319208+1.2737501009132004j)
(5.572382057528838+1.2594991003220941j)
(5.57976624550552+1.245281732698517j)
(5.586872342809214+1.2311028091539005j)
(5.593703365629115+1.2169670522185363j)
(5.60026239953069+1.2028790950933816j)
(5.6065525972142565+1.188843480959463j)
(5.612577176287413+1.1748646623428567j)
(5.618339417051937+1.1609470005334555j)
(5.623842660306546+1.1470947650561187j)
(5.629090305166313+1.1333121331920026j)
(5.634085806899667+1.1196031895488856j)
(5.63883267478397+1.105971925678627j)
(5.643334469980138+1.0924222397395924j)
(5.647594803426683+1.0789579362035373j)
(5.651617333754491+1.0655827256042665j)
(5.655405765221937+1.0523002243269004j)
(5.658963845670956+1.0391139544366041j)
(5.662295364504506+1.0260273435443612j)
(5.665404150685667+1.0130437247096464j)
(5.668294070758116+1.0001663363769675j)
(5.670969026888442+0.9873983223469296j)
(5.673432954930291+0.9747427317782337j)
(5.675689822510097+0.9622025192214461j)
(5.677743627134666+0.9497805446823083j)
(5.679598394319997+0.9374795737127255j)
(5.6812581757418235+0.9253022775304465j)
(5.6827270474071465+0.913251233164171j)
(5.684009107846768+0.9013289236244098j)
(5.6851084763286615+0.8895377380985968j)
(5.686029291091673+0.8778799721700051j)
(5.686775707599477+0.8663578280592412j)
(5.687351896814299+0.8549734148873411j)
(5.687762043490273+0.8437287489606128j)
(5.688010344486023+0.8326257540755013j)
(5.688101007095877+0.821666261843442j)
(5.688038247399782+0.8108520120347051j)
(5.687826288631453+0.800184652941277j)
(5.6874693595640595+0.7896657417575607j)
(5.686971692913516+0.7792967449786271j)
(5.686337523758904+0.7690790388160629j)
(5.685571087979425+0.7590139096300357j)
(5.68467662070804+0.7491025543782158j)
(5.683658354800906+0.7393460810804489j)
(5.682520519322698+0.7297455092993024j)
(5.681267338047315+0.7203017706360959j)
(5.679903027973504+0.7110157092418659j)
(5.678431797855529+0.7018880823436533j)
(5.676857846748154+0.6929195607852938j)
(5.675185362565866+0.6841107295827099j)
(5.673418520656093+0.6754620884939703j)
(5.671561482385945+0.6669740526031797j)
(5.669618393742497+0.6586469529188549j)
(5.66759338394626+0.650481036986078j)
(5.6654905640774755+0.6424764695128343j)
(5.663314025715243+0.6346333330100971j)
(5.661067839589056+0.6269516284457757j)
(5.658756054242907+0.6194312759124726j)
(5.656382694711171+0.6120721153090583j)
(5.653951761206771+0.6048739070359473j)
(5.65146722782091+0.5978363327040859j)
(5.648933041234645+0.5909589958579724j)
(5.646353119441867+0.5842414227121749j)
(5.643731350483512+0.577683062901916j)
(5.6410715911933+0.571283290247587j)
(5.6383776659544615+0.5650414035329958j)
(5.6356533654674275+0.5589566272980342j)
(5.632902445528615+0.5530281126452131j)
(5.630128625819862+0.547254938060506j)
(5.627335588709027+0.5416361102487007j)
(5.62452697806084+0.5361705649831309j)
(5.621706398058876+0.5308571679699615j)
(5.61887741203792+0.525694715727487j)
(5.616043541327071+0.5206819364801721j)
(5.613208264103455+0.5158174910679035j)
(5.610375014256676+0.5110999738706468j)
(5.6075471802637145+0.506527913748434j)
(5.604728104074772+0.5020997749972668j)
(5.601921080009722+0.49781395832080544j)
(5.599129353665445+0.4936688018185544j)
(5.596356120834103+0.48966258199005813j)
(5.593604526432447+0.48579351475619226j)
(5.5908776634423285+0.48205975649730304j)
(5.58817857186244+0.4784594051085553j)
(5.585510237671793+0.47499050107295937j)
(5.582875591804675+0.4716510285521292j)
(5.580277509137748+0.4684389164953506j)
(5.577718807489259+0.4653520397670301j)
(5.575202246630808+0.4623882202930903j)
(5.572730527311986+0.45954522822633975j)
(5.570306290298126+0.4568207831315036j)
(5.567932115421591+0.45421255518994974j)
(5.565610520647277+0.4517181664246442j)
(5.56334396115219+0.4493351919454896j)
(5.561134828420317+0.4470611612156958j)
(5.558985449352757+0.4448935593390364j)
(5.556898085393961+0.4428298283688326j)
(5.554874931674508+0.4408673686385089j)
(5.5529181161713925+0.43900354011440623j)
(5.551029698886013+0.43723566377086576j)
(5.549211671041079+0.43556102298794397j)
(5.547465954296916+0.43397686497215165j)
(5.545794399987983+0.43248040220012474j)
(5.544198788380704+0.4310688138857795j)
(5.542680827953197+0.42973924747083075j)
(5.541242154698107+0.42848882013908135j)
(5.539884331449213+0.42731462035432966j)
(5.538608847233255+0.4262137094221211j)
(5.537417116647628+0.425183123075428j)
(5.53631047926527+0.42421987308398196j)
(5.535290199067799+0.4233209488876087j)
(5.534357463908171+0.4224833192528472j)
(5.533513385003873+0.42170393395343203j)
(5.532758996462071+0.4209797254737255j)
(5.5320952548377775+0.42030761073517703j)
(5.5315230387267+0.4196844928454784j)
(5.531043148393464+0.4191072628696584j)
(5.530656305437219+0.41857280162312527j)
(5.530363152495496+0.41807798148560626j)
(5.530164252987847+0.4176196682356055j)
(5.5300600909006645+0.4171947229046286j)
(5.530051070614474+0.41680000365033215j)
(5.530137516775092+0.4164323676477047j)
(5.530319674210127+0.41608867299730706j)
(5.5305977078919275+0.41576578064962516j)
(5.5309717029486425+0.4154605563441237j)
(5.5314416647243725+0.41516987256207916j)
(5.532007518890028+0.41489061049166404j)
(5.532669111605923+0.41461966200392447j)
(5.533426209737471+0.4143539316380595j)
(5.534278501125056+0.41409033859466104j)
(5.535225594909305+0.4138258187347707j)
(5.536267021912894+0.4135573265836016j)
(5.537402235079583+0.41328183733641677j)
(5.538630609971926+0.4129963488649322j)
(5.539951445328055+0.41269788372241517j)
(5.54136396367871+0.4123834911447713j)
(5.542867312024986+0.4120502490461595j)
(5.544460562577404+0.4116952660062316j)
(5.54614271355706+0.41131568324697626j)
(5.547912690059046+0.41090867659683705j)
(5.549769344978429+0.41047145843931804j)
(5.551711459999244+0.41000127964399175j)
(5.55373774664622+0.4094954314769383j)
(5.555846847399446+0.40895124748820455j)
(5.558037336871667+0.4083661053736747j)
(5.560307723047981+0.4077374288086709j)
(5.562656448587397+0.40706268925030964j)
(5.565081892185652+0.4063394077063899j)
(5.56758236999872+0.40556515646764907j)
(5.570156137125924+0.4047375608009019j)
(5.572801389151728+0.40385430060036065j)
(5.57551626374505+0.402913111994391j)
(5.578298842314736+0.4019117889048251j)
(5.581147151719764+0.40084818455687143j)
(5.584059166032413+0.3997202129361753j)
(5.587032808352952+0.3985258501912223j)
(5.590065952673543+0.39726313597818336j)
(5.593156425789652+0.3959301747462348j)
(5.596302009256485+0.39452513696044783j)
(5.599500441388366+0.3930462602607535j)
(5.602749419298446+0.3914918505544333j)
(5.606046600976206+0.38986028304005665j)
(5.609389607400048+0.3881500031616081j)
(5.612776024682116+0.3863595274901405j)
(5.616203406242475+0.38448744453232664j)
(5.619669275009556+0.3825324154635569j)
(5.623171125643777+0.38049317478492434j)
(5.626706426781209+0.37836853090261147j)
(5.630272623293768+0.37615736662866045j)
(5.633867138562824+0.3738586396025543j)
(5.637487376762768+0.37147138263262286j)
(5.641130725150969+0.36899470395698974j)
(5.644794556360703+0.36642778742370385j)
(5.648476230693717+0.36376989259005454j)
(5.652173098408475+0.36102035474081734j)
(5.655882502001025+0.35817858482602594j)
(5.659601778474714+0.3552440693185546j)
(5.663328261595166+0.35221636999207223j)
(5.667059284127447+0.349095123620452j)
(5.670792180051431+0.3458800415990283j)
(5.674524286752503+0.34257090948978813j)
(5.67825294718401+0.3391675864909918j)
(5.681975511998353+0.33567000483320963j)
(5.685689341643429+0.33207816910347127j)
(5.689391808421606+0.32839215549900047j)
(5.693080298508086+0.3246121110132568j)
(5.696752213925925+0.32073825255575644j)
(5.7004049744750525+0.3167708660083329j)
(5.704036019612649+0.31271030522036103j)
(5.7076428102825005+0.3085569909452542j)
(5.711222830691039+0.30431140972126197j)
(5.714773590028037+0.29997411269895075j)
(5.718292624129937+0.29554571441894106j)
(5.721777497084001+0.2910268915420125j)
(5.725225802771684+0.2864183815355231j)
(5.728635166350017+0.28172098131862716j)
(5.7320032456693415+0.276935545869976j)
(5.73532773262671+0.2720629868006648j)
(5.7386063544537675+0.2671042708962737j)
(5.741836874938723+0.26206041863067525j)
(5.745017095581576+0.2569325026554995j)
(5.748144856682428+0.2517216462679696j)
(5.751218038362881+0.24642902186124124j)
(5.7542345615201205+0.2410558493593729j)
(5.757192388714346+0.23560339464125685j)
(5.760089524989782+0.23007296795600068j)
(5.762924018629629+0.22446592233339607j)
(5.765693961845922+0.2187836519918496j)
(5.768397491405081+0.21302759074762964j)
(5.771032789190259+0.20719921042775874j)
(5.7735980827014055+0.20130001928944946j)
(5.776091645494723+0.19533156044911573j)
(5.778511797562756+0.1892954103230819j)
(5.780856905656709+0.18319317708301752j)
(5.783125383552655+0.17702649912816285j)
(5.785315692263606+0.17079704357649317j)
(5.787426340199106+0.16450650477744053j)
(5.78945588327449+0.15815660284755365j)
(5.7914029249718+0.1517490822314681j)
(5.793266116354558+0.14528571028944778j)
(5.795044156038561+0.13876827591352772j)
(5.796735790120859+0.13219858817325497j)
(5.798339812069448+0.12557847499256689j)
(5.799855062575764+0.1189097818588132j)
(5.801280429372379+0.11219437056498724j)
(5.8026148470183605+0.105434117985832j)
(5.803857296654627+0.09863091488873761j)
(5.80500680573161+0.09178666477974652j)
(5.806062447711571+0.08490328278528436j)
(5.807023341748084+0.07798269456962167j)
(5.807888652344677+0.07102683528837406j)
(5.808657588995257+0.06403764857807039j)
(5.809329405808275+0.05701708558139003j)
(5.809903401116947+0.049967104008221096j)
(5.810378917077661+0.04288966723160591j)
(5.810755339258501+0.03578674341883074j)
(5.811032096220089+0.02866030469624002j)
(5.811208659090477+0.021512326347613735j)
(5.811284541136024+0.014344786045292728j)
(5.81125929733005+0.00715966311283588j)
(5.811132523920894-4.106218143194326e-05j)
(5.810903858000861-0.007255409301160572j)
(5.810572977077872-0.014481398090197925j)
(5.810139598650775-0.021717049393300592j)
(5.809603479790069-0.02896038565072843j)
(5.8089644167248755-0.036209431467946966j)
(5.808222244437484-0.04346221416177397j)
(5.807376836266409-0.05071676428432867j)
(5.806428103518874-0.05797111612634047j)
(5.805375995093417-0.06522330820088901j)
(5.804220497113594-0.07247138370954818j)
(5.8029616325729965-0.07971339099191807j)
(5.801599460992488-0.0869473839602728j)
(5.800134078089648-0.09417142252078592j)
(5.798565615461152-0.10138357298265088j)
(5.796894240277937-0.10858190845683505j)
(5.7951201549935085-0.11576450924553362j)
(5.793243597065285-0.12292946322418428j)
(5.7912648386890115-0.13007486621704745j)
(5.78918418654598-0.1371988223680048j)
(5.787001981563-0.1442994445077462j)
(5.78471859868464-0.15137485451883512j)
(5.782334446657444-0.15842318369967803j)
(5.7798499678257285-0.165442573128804j)
(5.777265637938255-0.1724311740305975j)
(5.77458196596536-0.1793871481435329j)
(5.771799493925899-0.1863086680920367j)
(5.768918796723117-0.19319391776307013j)
(5.765940481988831-0.20004109268817377j)
(5.762865189935158-0.20684840043203595j)
(5.75969359321279-0.21361406098853017j)
(5.756426396774973-0.22033630718469716j)
(5.7530643377463235-0.22701338509355307j)
(5.749608185295295-0.23364355445647195j)
(5.746058740509736-0.2402250891154629j)
(5.742416836273882-0.24675627745608472j)
(5.738683337146276-0.25323542286127704j)
(5.734859139237273-0.2596608441766169j)
(5.730945170085138-0.26603087618717963j)
(5.726942388529445-0.27234387010629385j)
(5.722851784581137-0.2785981940764968j)
(5.718674379287445-0.28479223368238293j)
(5.714411224591237-0.290924392475991j)
(5.710063403183216-0.2969930925140991j)
(5.705632028346112-0.30299677490769567j)
(5.701118243789574-0.30893390038338686j)
(5.696523223474962-0.3148029498564051j)
(5.69184817142858-0.3206024250150114j)
(5.687094321542723-0.3263308489160212j)
(5.6822629373631-0.33198676659081006j)
(5.677355311861991-0.3375687456616237j)
(5.672372767195861-0.34307537696730966j)
(5.667316654446657-0.3485052751982989j)
(5.662188353345792-0.35385707953981427j)
(5.656989271979967-0.3591294543228439j)
(5.651720846477919-0.36432108968206134j)
(5.646384540677297-0.36943070221993823j)
(5.640981845771026-0.37445703567613403j)
(5.635514279932154-0.3793988616014178j)
(5.629983387916736-0.38425498003500824j)
(5.624390740644064-0.38902422018459376j)
(5.618737934753448-0.3937054411077868j)
(5.613026592137407-0.3982975323942727j)
(5.60725835945023-0.402799414847206j)
(5.601434907592043-0.40721004116313714j)
(5.595557931167537-0.41152839660909446j)
(5.589629147919257-0.4157534996957101j)
(5.583650298135072-0.4198844028452817j)
(5.577623144029727-0.42392019305351925j)
(5.571549469100104-0.42785999254375356j)
(5.565431077454307-0.43170295941241166j)
(5.559269793114362-0.4354482882644261j)
(5.553067459292677-0.43909521083752384j)
(5.546825937642185-0.4426429966137849j)
(5.54054710748043-0.44609095341762234j)
(5.5342328649877315-0.4494384279985067j)
(5.527885122379715-0.4526848065975117j)
(5.521505807054476-0.4558295154961617j)
(5.5150968607148885-0.45887202154643425j)
(5.508660238466232-0.46181183268063297j)
(5.502197907890023-0.4646484983999433j)
(5.495711848094202-0.467381610240344j)
(5.489204048740685-0.4700108022147458j)
(5.4826765090506795-0.47253575123014957j)
(5.476131236788648-0.47495617747862456j)
(5.469570247225659-0.47727184480097523j)
(5.462995562083117-0.47948256102205133j)
(5.456409208457585-0.4815881782564779j)
(5.449813217727833-0.48358859318387387j)
(5.443209624445143-0.48548374729257465j)
(5.436600465207803-0.4872736270906711j)
(5.429987777521105-0.48895826428366546j)
(5.423373598643924-0.49053773591780353j)
(5.4167599644231945-0.49201216448810625j)
(5.410148908117406-0.49338171801045894j)
(5.403542459210702-0.49464661005695404j)
(5.396942642218655-0.49580709975378484j)
(5.390351475487413-0.4968634917410629j)
(5.383770969987391-0.49781613609404735j)
(5.377203128103292-0.4986654282052046j)
(5.370649942421641-0.499411808626579j)
(5.36411339451773-0.5000557628722865j)
(5.357595453743184-0.500597821180632j)
(5.351098076016194-0.501038558235683j)
(5.3446232026155185-0.5013785928480055j)
(5.338172758980432-0.501618587594686j)
(5.3317486535178125-0.5017592484183028j)
(5.325352776418427-0.5018013241850944j)
(5.318986998483852-0.5017456062023334j)
(5.3126531699657695-0.5015929276951557j)
(5.306353119419476-0.5013441632429934j)
(5.300088652573101-0.5010002281760761j)
(5.293861551214338-0.5005620779323352j)
(5.287673572096397-0.5000307073753089j)
(5.281526445864744-0.49940715007336656j)
(5.275421876006382-0.4986924775412675j)
(5.269361537823311-0.49788779844446124j)
(5.263347077431662-0.4969942577671695j)
(5.257380110788324-0.4960130359449041j)
(5.251462222746356-0.49494534796270007j)
(5.24559496614096-0.4937924424196832j)
(5.23977986090728-0.49255560056152503j)
(5.234018393231706-0.4912361352816228j)
(5.228312014737856-0.4898353900925021j)
(5.22266214170881-0.48835473806856045j)
(5.217070154346664-0.48679558076178603j)
(5.211537396070919-0.4851593470916822j)
(5.206065172856597-0.48344749221114214j)
(5.200654752613502-0.48166149634966826j)
(5.195307364607428-0.4798028636357538j)
(5.1900241989244735-0.47787312090002615j)
(5.184806405979245-0.4758738164609674j)
(5.179655096067978-0.47380651889502584j)
(5.17457133896704-0.4716728157929549j)
(5.169556163577754-0.4694743125043007j)
(5.16461055761814-0.46721263087193254j)
(5.159735467361721-0.4648894079587735j)
(5.154931797424296-0.46250629476849764j)
(5.150200410598681-0.4600649549623779j)
(5.145542127737735-0.4575670635744113j)
(5.140957727685808-0.45501430572663754j)
(5.136447947258725-0.4524083753469146j)
(5.132013481272066-0.449750973891168j)
(5.12765498261774-0.44704380907226543j)
(5.123373062388595-0.4442885935976601j)
(5.119168290050541-0.44148704391786525j)
(5.11504119366195-0.43864087898790294j)
(5.110992260139585-0.4357518190438746j)
(5.107021935570519-0.4328215843965945j)
(5.103130625569207-0.42985189424447484j)
(5.099318695678854-0.4268444655076544j)
(5.095586471816207-0.42380101168523265j)
(5.0919342407585555-0.42072324173781767j)
(5.088362250671935-0.4176128589970293j)
(5.084870711679156-0.41447156010399555j)
(5.081459796466437-0.41130103397860196j)
(5.078129640927088-0.40810296082115277j)
(5.074880344840806-0.40487901114831865j)
(5.071711972586907-0.4016308448647739j)
(5.068624553889895-0.3983601103721906j)
(5.065618084595477-0.3950684437171218j)
(5.062692527475269-0.3917574677789611j)
(5.059847813058243-0.38842879149941906j)
(5.057083840486913-0.3850840091547467j)
(5.054400478396206-0.38172469967177936j)
(5.051797565813006-0.3783524259887211j)
(5.049274913073936-0.37496873446186796j)
(5.046832302759576-0.3715751543187853j)
(5.044469490642389-0.3681731971588133j)
(5.042186206646427-0.3647643565015524j)
(5.039982155816305-0.36135010738366335j)
(5.03785701929298-0.3579319060045083j)
(5.0358104552942144-0.35451118942083915j)
(5.033842100097051-0.35108937529066175j)
(5.031951569019923-0.34766786166638874j)
(5.030138457402184-0.34424802683708894j)
(5.028402341578206-0.34083122921971215j)
(5.026742779844061-0.3374188072989381j)
(5.025159313414015-0.33401207961517465j)
(5.023651467364615-0.33061234480018087j)
(5.022218751563948-0.3272208816595935j)
(5.020860661583658-0.32383894930156276j)
(5.0195766795914665-0.3204677873106629j)
(5.018366275221891-0.317108615965729j)
(5.0172289064229245-0.3137626365009761j)
(5.016164020276426-0.3104310314086132j)
(5.015171053790265-0.3071149647819207j)
(5.0142494346599165-0.3038155826971014j)
(5.013398581997751-0.30053401363249355j)
(5.012617907027901-0.2972713689232458j)
(5.011906813744999-0.2940287432498201j)
(5.0112646995348875-0.29080721515833174j)
(5.010690955755813-0.28760784761086117j)
(5.0101849682783595-0.284431688563421j)
(5.0097461179826706-0.2812797715698331j)
(5.009373781211728-0.27815311640879464j)
(5.009067330179193-0.27505272973224165j)
(5.0088261333308095-0.2719796057323713j)
(5.008649555658286-0.26893472682502634j)
(5.008536958964671-0.2659190643468719j)
(5.008487702080491-0.2629335792638038j)
(5.00850114102989-0.2599792228880871j)
(5.008576629146288-0.25705693760144926j)
(5.0087135171370525-0.25416765758152754j)
(5.008911153096911-0.2513123095290313j)
(5.0091688824699485-0.24849181339268953j)
(5.009486047960103-0.24570708308947706j)
(5.009861989390338-0.2429590272171603j)
(5.010296043510592-0.24024854975655713j)
(5.010787543754988-0.2375765507606267j)
(5.011335819948823-0.23494392702772662j)
(5.011940197965761-0.232351572756249j)
(5.012599999336308-0.229800380177921j)
(5.013314540808233-0.22729124016713698j)
(5.014083133860052-0.22482504282355767j)
(5.014905084168861-0.2224026780254734j)
(5.015779691033554-0.2200250359512977j)
(5.016706246755173-0.21769300756669296j)
(5.017684035975702-0.21540748507482962j)
(5.018712334977102-0.21316936232747874j)
(5.01979041094242-0.2109795351944623j)
(5.020917521180762-0.20883890188940557j)
(5.022092912318297-0.20674836324941703j)
(5.023315819457443-0.20470882296679557j)
(5.024585465306386-0.20272118777061937j)
(5.025901059281414-0.20078636755649298j)
(5.027261796584467-0.19890527546243397j)
(5.028666857258471-0.19707882788955064j)
(5.030115405223209-0.19530794446552593j)
(5.031606587294245-0.19359354794984818j)
(5.033139532188039-0.1919365640791747j)
(5.034713349515887-0.19033792135179262j)
(5.036327128769779-0.18879855074996482j)
(5.037979938303282-0.18731938539931617j)
(5.039670824310354-0.18590136016445488j)
(5.041398809805516-0.18454541117999554j)
(5.043162893608367-0.1832524753166523j)
(5.044962049335784-0.18202348958198392j)
(5.046795224405175-0.1808593904552926j)
(5.048661339051976-0.17976111315708562j)
(5.050559285364831-0.17872959085258988j)
(5.0524879263418025-0.1777657537900392j)
(5.054446094971025-0.17687052837368866j)
(5.056432593339155-0.1760448361724342j)
(5.058446191771006-0.17528959286448295j)
(5.060485628003823-0.17460570711901482j)
(5.06254960639948-0.17399407941581263j)
(5.064636797198022-0.17345560080405326j)
(5.066745835815835-0.1729911516015566j)
(5.068875322191756-0.1726016000359919j)
(5.071023820184369-0.1722878008296729j)
(5.073189857023724-0.17205059372972042j)
(5.075371922820531-0.17189080198566514j)
(5.077568470136054-0.17180923077643562j)
(5.079777913615576-0.17180666558913518j)
(5.081998629688536-0.17188387055203844j)
(5.084228956338057-0.17204158672429684j)
(5.086467192942704-0.1722805303451653j)
(5.088711600193145-0.1726013910456579j)
(5.09096040008624-0.17300483002552203j)
(5.0932117759990945-0.17349147819887975j)
(5.095463872845309-0.17406193431174727j)
(5.097714797315703-0.17471676303484412j)
(5.099962618205624-0.17545649303537408j)
(5.102205366830643-0.17628161503142586j)
(5.1044410375325855-0.17719257983283554j)
(5.1066675882774595-0.17818979637239027j)
(5.108882941346739-0.17927362973161803j)
(5.111084984123315-0.18044439916509955j)
(5.113271569973344-0.18170237612776396j)
(5.11544051922477-0.18304778230945448j)
(5.1175896202434465-0.18448078768113765j)
(5.119716630607347-0.18600150855754488j)
(5.121819278379262-0.18761000568049963j)
(5.123895263478136-0.1893062823279749j)
(5.125942259148985-0.19109028245333665j)
(5.127957913531173-0.19296188885965024j)
(5.129939851324579-0.19492092141398548j)
(5.131885675552826-0.19696713530634724j)
(5.133792969422753-0.19910021935828j)
(5.135659298278958-0.20131979438603267j)
(5.137482211651865-0.20362541162299508j)
(5.139259245397804-0.20601655120650925j)
(5.140987923929135-0.20849262073367508j)
(5.14266576253224-0.2110529538911589j)
(5.1442902697710995-0.21369680916361072j)
(5.145858949973585-0.21642336862551806j)
(5.147369305797895-0.21923173682101163j)
(5.148818840875619-0.22212093973622232j)
(5.15020506252833-0.22508992386869195j)
(5.151525484553905-0.22813755539798916j)
(5.1527776300787-0.23126261946196258j)
(5.153959034471515-0.23446381954242948j)
(5.155067248314827-0.2377397769644541j)
(5.156099840428911-0.24108903051279254j)
(5.157054400943737-0.24451003616901698j)
(5.157928544413831-0.24800116697286498j)
(5.158719912970674-0.2515607130107151j)
(5.159426179507202-0.25518688153425134j)
(5.160045050888759-0.2588777972119441j)
(5.160574271184578-0.2626315025157268j)
(5.161011624913808-0.2664459582450576j)
(5.161354940299825-0.27031904419024555j)
(5.1616020925265085-0.2742485599365623j)
(5.161751006989998-0.27823222581047846j)
(5.1617996625392415-0.28226768396888624j)
(5.161746094698707-0.2863524996321373j)
(5.161588398866354-0.2904841624609453j)
(5.161324733480061-0.2946600880772624j)
(5.160953323145444-0.2988776197288123j)
(5.160472461718226-0.30313403009630635j)
(5.159880515334116-0.30742652324243686j)
(5.159175925379039-0.31175223670106467j)
(5.158357211393046-0.31610824370481544j)
(5.157422973900696-0.32049155554881964j)
(5.156371897161234-0.3248991240879746j)
(5.155202751831703-0.3293278443648645j)
(5.153914397536309-0.33377455736491707j)
(5.1525057853356016-0.33823605289511416j)
(5.1509759600889895-0.3427090725821539j)
(5.149324062704441-0.34719031298573844j)
(5.147549332269341-0.3516764288220696j)
(5.145651108056772-0.35616403629256604j)
(5.1436288314015775-0.3606497165122825j)
(5.141482047440988-0.3651300190322156j)
(5.1392104067148425-0.3696014654496412j)
(5.136813666620597-0.37406055309980046j)
(5.1342916927188265-0.3785037588225728j)
(5.131644459885126-0.38292754279716035j)
(5.128872053304762-0.38732835243756025j)
(5.1259746693067205-0.39170262634159353j)
(5.122952616034158-0.39604679828596095j)
(5.119806313948861-0.4003573012594472j)
(5.116536296167407-0.40463057152666054j)
(5.113143208627445-0.40886305271394924j)
(5.1096278100826735-0.4130511999098502j)
(5.105990971925828-0.4171914837714289j)
(5.10223367783907-0.4212803946286137j)
(5.098357023271956-0.42531444657811746j)
(5.094362214747331-0.4292901815586659j)
(5.0902505689961925-0.4332041733993983j)
(5.086023511922696-0.4370530318332009j)
(5.081682577401373-0.4408334064668471j)
(5.077229405908408-0.4445419907000363j)
(5.072665742990051-0.44817552558538376j)
(5.0679934375709195-0.4517308036217429j)
(5.0632144401057895-0.4552046724732138j)
(5.058330800578831-0.4585940386067375j)
(5.053344666354435-0.46189587084093225j)
(5.048258279884257-0.46510720379956305j)
(5.043073976275613-0.4682251412629917j)
(5.037794180726356-0.47124685941131045j)
(5.0324214058319905-0.4741696099533064j)
(5.026958248770895-0.47699072313557633j)
(5.021407388373862-0.4797076106265253j)
(5.015771582084388-0.4823177682703554j)
(5.010053662816451-0.48481877870646173j)
(5.004256535716537-0.48720831385020136j)
(4.99838317483712-0.4894841372311095j)
(4.992436619728668-0.49164410618533483j)
(4.986419971957588-0.4936861738992871j)
(4.980336391557553-0.495608391302005j)
(4.974189093421748-0.4974089088040963j)
(4.9679813436434825-0.4990859778815112j)
(4.96171645581299-0.5006379525029941j)
(4.955397787277802-0.5020632904002146j)
(4.94902873537436-0.5033605541800867j)
(4.942612733638482-0.5045284122794981j)
(4.936153248001989-0.5055656397623578j)
(4.9296537729829675-0.5064711189600952j)
(4.923117827876843-0.5072438399564678j)
(4.9165489529554876-0.5078829009183087j)
(4.909950705681221-0.5083875082738512j)
(4.903326656942506-0.50875697674113j)
(4.896680387318029-0.5089907292085679j)
(4.890015483375327-0.509088296470898j)
(4.883335534010457-0.509049316823353j)
(4.876644126834233-0.5088735355175166j)
(4.869944844611039-0.5085608040825979j)
(4.863241261755397-0.5081110795158739j)
(4.856536940891537-0.5075244233464653j)
(4.849835429480734-0.5068010005769148j)
(4.843140256521088-0.5059410785067581j)
(4.836454929323863-0.5049450254430177j)
(4.829782930370483-0.5038133093023829j)
(4.823127714253734-0.5025464961098547j)
(4.816492704706649-0.5011452483991344j)
(4.809881291721957-0.4996103235197311j)
(4.803296828765031-0.4979425718559571j)
(4.796742630082645-0.49614293496324774j)
(4.790221968109697-0.49421244362690386j)
(4.783738070975804-0.4921522158486093j)
(4.777294120113219-0.48996345476604813j)
(4.770893247967452-0.48764744651087427j)
(4.764538535811458-0.4852055580102505j)
(4.7582330116641725-0.4826392347371909j)
(4.751979648313831-0.4799499984147964j)
(4.745781361446277-0.47713944467945874j)
(4.739641007878128-0.47420924070798015j)
(4.733561383894639-0.47116112281348144j)
(4.727545223691586-0.46799689401482947j)
(4.721595197920633-0.46471842158426446j)
(4.715713912337017-0.46132763457762394j)
(4.709903906548673-0.4578265213516451j)
(4.704167652865288-0.4542171270725036j)
(4.698507555245958-0.4505015512196091j)
(4.692925948343715-0.44668194508866277j)
(4.687425096645225-0.4427605092976516j)
(4.682007193703755-0.438739491299382j)
(4.676674361463302-0.43462118290390817j)
(4.671428649671871-0.4304079178143139j)
(4.66627203538161-0.42610206917852844j)
(4.661206422533483-0.4217060471604849j)
(4.656233641624151-0.4172222965330695j)
(4.651355449452557-0.41265329429552877j)
(4.646573528943782-0.4080015473177107j)
(4.641889489047575-0.4032695900132634j)
(4.637304864708973-0.3984599820440305j)
(4.6328211169085725-0.3935753060572467j)
(4.628439632769589-0.3886181654575698j)
(4.624161725729351-0.3835911822151906j)
(4.61998863577246-0.37849699471173404j)
(4.615921529723051-0.3733382556249762j)
(4.611961501593689-0.3681176298536587j)
(4.60810957298818-0.362837792483275j)
(4.604366693555885-0.3575014267937375j)
(4.6007337414950875-0.3521112223096286j)
(4.597211524102867-0.34666987289367734j)
(4.593800778369193-0.34118007488380925j)
(4.590502171612852-0.33564452527436717j)
(4.587316302156961-0.33006591994153317j)
(4.584243700041802-0.3244469519133574j)
(4.581284827772895-0.31879030968424965j)
(4.578440081102121-0.31309867557413323j)
(4.575709789839987-0.30737472413206174j)
(4.573094218697014-0.30162112058414137j)
(4.570593568152321-0.2958405193256733j)
(4.568207975347736-0.2900355624569965j)
(4.56593751500559-0.2842088783629762j)
(4.563782200368491-0.2783630803355113j)
(4.56174198415968-0.2725007652388096j)
(4.559816759562196-0.2666245122168135j)
(4.558006361215623-0.2607368814424265j)
(4.556310566228906-0.2548404129078942j)
(4.554729095208032-0.24893762525585783j)
(4.553261613297212-0.24303101465045887j)
(4.551907731232518-0.2371230536879941j)
(4.550667006406821-0.2312161903464005j)
(4.549538943944962-0.22531284697311563j)
(4.548522997788196-0.21941541931060804j)
(4.54761857178698-0.2135262755590042j)
(4.546825020801244-0.20764775547520103j)
(4.546141651807303-0.2017821695079941j)
(4.5455677250106525-0.19593179796841184j)
(4.545102454963928-0.19009889023487364j)
(4.544745011689336-0.18428566399264584j)
(4.544494521804919-0.17849430450681852j)
(4.5443500696540635-0.17272696392860523j)
(4.5443106984377035-0.16698576063419301j)
(4.544375411348587-0.16127277859586497j)
(4.544543172707212-0.15559006678484183j)
(4.544812909098902-0.14993963860533335j)
(4.545183510511508-0.1443234713596611j)
(4.545653831473371-0.13874350574371033j)
(4.54622269219109-0.1332016453726687j)
(4.546888879686604-0.12769975633645925j)
(4.547651148933338-0.12223966678475319j)
(4.5485082239908285-0.11682316654111277j)
(4.549458799137569-0.11145200674609577j)
(4.550501540001631-0.10612789952902649j)
(4.5516350846886535-0.10085251770818066j)
(4.552858044906799-0.09562749451923065j)
(4.554169007088306-0.09045442337169131j)
(4.555566533507221-0.08533485763321431j)
(4.557049163392797-0.0802703104415737j)
(4.5586154140383055-0.07526225454417795j)
(4.5602637819046-0.07031212216490683j)
(4.5619927437181795-0.06542130489823036j)
(4.563800757563105-0.06059115363042061j)
(4.565686263966387-0.05582297848770729j)
(4.567647686976289-0.05111804881130795j)
(4.5696834352330225-0.04647759315913783j)
(4.571791903031297-0.04190279933413176j)
(4.5739714713741755-0.03739481443894246j)
(4.576220509017587-0.032954744957048185j)
(4.578537373505027-0.028583656859844934j)
(4.580920412191603-0.02428257573981228j)
(4.583367963257079-0.02005248696939877j)
(4.585878356706973-0.015894335885503746j)
(4.588449915361235-0.011809027999301282j)
(4.591080955829728-0.007797429231162963j)
(4.593769789473814-0.0038603661703959223j)
(4.596514723353354+1.3736404445073662e-06j)
(4.599314061158347+0.0037870413970801345j)
(4.6021661041245325+0.007495926701164971j)
(4.605069151932143+0.011127357204475871j)
(4.608021503587087+0.01468069823004126j)
(4.611021458283801+0.018155352370744067j)
(4.614067316248941+0.021550759065760202j)
(4.617157379565334+0.024866394155512832j)
(4.6202899529751384+0.028101769415586002j)
(4.623463344661792+0.03125643207030071j)
(4.626675867009671+0.034329964286553286j)
(4.629925837340999+0.03732198264861942j)
(4.633211578629075+0.040232137614712275j)
(4.636531420187267+0.04306011295598403j)
(4.639883698332935+0.045805625178832604j)
(4.643266757025749+0.04846842293146421j)
(4.646678948479627+0.0510482863954253j)
(4.6501186337477725+0.05354502666324629j)
(4.6535841832802145+0.05595848510307225j)
(4.657073977453172+0.058288532711325024j)
(4.660586407069918+0.06053506945451343j)
(4.664119873832471+0.06269802360121035j)
(4.66767279078382+0.06477735104543376j)
(4.671243582720176+0.06677303462252916j)
(4.674830686572976+0.06868508341881592j)
(4.678432551760283+0.07051353207618803j)
(4.682047640507396+0.07225844009297487j)
(4.685674428136376+0.07391989112237901j)
(4.689311403324464+0.07549799226967287j)
(4.6929570683312045+0.07699287338972144j)
(4.696609939194335+0.07840468638595059j)
(4.700268545894433+0.07973360451231404j)
(4.703931432488426+0.08097982167951723j)
(4.707597157212165+0.08214355176700341j)
(4.711264292552284+0.0832250279419891j)
(4.714931425287606+0.08422450198703554j)
(4.718597156500546+0.0851422436375077j)
(4.722260101558878+0.08597853993034617j)
(4.72591889006844+0.08673369456556533j)
(4.729572165797293+0.08740802728169236j)
(4.733218586572048+0.08800187324679747j)
(4.736856824147+0.08851558246613522j)
(4.740485564046998+0.08894951920793784j)
(4.744103505384736+0.08930406144858828j)
(4.747709360653536+0.08957960033834186j)
(4.751301855496536+0.08977653968896235j)
(4.754879728453408+0.08989529548432158j)
(4.758441730685656+0.08993629541522792j)
(4.761986625681774+0.08989997843943535j)
(4.765513188943427+0.08978679436800062j)
(4.769020207654057+0.08959720347896086j)
(4.772506480331215+0.08933167615911704j)
(4.775970816464049+0.08899069257502794j)
(4.7794120361374715+0.08857474237383782j)
(4.782828969644519+0.08808432441474735j)
(4.786220457088406+0.08751994653181869j)
(4.789585347975957+0.08688212532864945j)
(4.792922500804121+0.08617138600547233j)
(4.7962307826411+0.0853882622191628j)
(4.799509068703969+0.08453329597644135j)
(4.802756241934486+0.08360703756055453j)
(4.805971192574819+0.08261004549169647j)
(4.8091528177450735+0.08154288652125978j)
(4.812300021024363+0.08040613565981074j)
(4.815411712037291+0.07920037623891642j)
(4.818486806047675+0.07792620000651201j)
(4.821524223561295+0.07658420725558389j)
(4.824522889939558+0.07517500698587508j)
(4.82748173502592+0.07369921709809663j)
(4.830399692786752+0.07215746462017643j)
(4.833275700968667+0.07055038596484889j)
(4.836108700773852+0.06887862721790994j)
(4.838897636555343+0.06714284445635596j)
(4.841641455533802+0.06534370409534077j)
(4.844339107537695+0.06348188326322958j)
(4.846989544768275+0.06155807020333153j)
(4.849591721591141+0.05957296470141702j)
(4.852144594355873+0.05752727853759129j)
(4.85464712124521+0.055421735961221553j)
(4.857098262155299+0.053257074187527086j)
(4.859496978608259+0.05103404391423472j)
(4.861842233698497+0.048753409856822194j)
(4.864132992073956+0.04641595130058516j)
(4.866368219953403+0.044022462667868176j)
(4.868546885181021+0.041573754098604455j)
(4.87066795731902+0.03907065204239929j)
(4.872730407779478+0.03651399986004522j)
(4.874733209996029+0.033904658432709005j)
(4.876675339636192+0.03124350677664812j)
(4.878555774855028+0.028531442661298367j)
(4.880373496590535+0.025769383228810783j)
(4.882127488901367+0.022958265612697246j)
(4.883816739347024+0.020099047553443182j)
(4.885440239410925+0.017192708008936637j)
(4.886996984966324+0.014240247757370515j)
(4.888485976785174+0.01124268999037863j)
(4.889906221089759+0.008201080894186875j)
(4.891256730146877+0.005116490216393182j)
(4.89253652290437+0.0019900118161655955j)
(4.89374462566936-0.0011772358043748454j)
(4.894880072827711-0.004384108990081184j)
(4.895941907604189-0.0076294384459968285j)
(4.896929182862196-0.010912028776289759j)
(4.897840961942551-0.014230658051029884j)
(4.898676319540083-0.017584077403102912j)
(4.899434342616859-0.020971010657197118j)
(4.90011413135107-0.02439015399322746j)
(4.900714800119979-0.027840175646022206j)
(4.9012354785155825-0.03131971564342898j)
(4.901675312391433-0.03482738558473567j)
(4.902033464938986-0.03836176846117795j)
(4.902309117791648-0.041921418520633844j)
(4.902501472154744-0.045504861177825984j)
(4.902609749959401-0.049110592972096946j)
(4.9026331950383755-0.052737081574055926j)
(4.902571074321657-0.05638276584271007j)
(4.902422679049661-0.060046055934406824j)
(4.902187326001725-0.06372533346498191j)
(4.901864358737586-0.0674189517261609j)
(4.901453148849328-0.07112523595749284j)
(4.900953097221456-0.07484248367455486j)
(4.900363635296384-0.07856896505460968j)
(4.899684226342887-0.08230292338012175j)
(4.898914366724721-0.08604257554110695j)
(4.898053587166842-0.08978611259655245j)
(4.897101454016393-0.09353170039548662j)
(4.896057570495779-0.09727748025789973j)
(4.894921577944933-0.1010215697156352j)
(4.893693157050021-0.10476206331326143j)
(4.892372029055773-0.10849703346888091j)
(4.89095795695854-0.11222453139455095j)
(4.889450746677251-0.11594258807589901j)
(4.887850248199449-0.11964921531051537j)
(4.886156356699568-0.12334240680439822j)
(4.884369013626562-0.12702013932567705j)
(4.882488207758246-0.1306803739146654j)
(4.880513976219398-0.1343210571492485j)
(4.878446405461006-0.13794012246437612j)
(4.876285632197953-0.14153549152430472j)
(4.874031844302419-0.14510507564621025j)
(4.8716852816505325-0.14864677727353284j)
(4.869246236919563-0.15215849149735713j)
(4.866715056333402-0.15563810762400798j)
(4.864092140353742-0.15908351078688143j)
(4.861377944314702-0.16249258360046218j)
(4.858572978998756-0.16586320785427985j)
(4.855677811151617-0.1691932662445686j)
(4.852693063934239-0.172480644141165j)
(4.8496194173098415-0.17572323138706772j)
(4.8464576083641315-0.1789189241282172j)
(4.843208431557064-0.18206562667053183j)
(4.839872738904472-0.18516125336155867j)
(4.836451440087995-0.18820373049375952j)
(4.832945502492106-0.1911909982264615j)
(4.829355951166845-0.19412101252343494j)
(4.825683868715206-0.19699174710291217j)
(4.82193039510422-0.1998011953968771j)
(4.81809672739894-0.2025473725163759j)
(4.8141841194185-0.20522831721953885j)
(4.810193881313976-0.2078420938789085j)
(4.806127379067385-0.21038679444478514j)
(4.801986033911787-0.2128605404009609j)
(4.797771321672394-0.21526148470967596j)
(4.793484772028685-0.21758781374204317j)
(4.789127967697876-0.2198377491906766j)
(4.784702543540124-0.222009549960881j)
(4.780210185586014-0.22410151403702283j)
(4.775652629987087-0.22611198032061436j)
(4.771031661890308-0.22803933043658353j)
(4.766349114237551-0.22988199050441951j)
(4.761606866491261-0.23163843287073882j)
(4.756806843287727-0.23330717779998877j)
(4.751951013019532-0.2348867951199416j)
(4.747041386348776-0.23637590581886148j)
(4.7420800146530615-0.2377731835910613j)
(4.737068988406101-0.23907735632791505j)
(4.7320104354952495-0.24028720755119137j)
(4.726906519478096-0.2414015777859145j)
(4.721759437780706-0.2424193658699058j)
(4.716571419839988-0.24333953019730561j)
(4.711344725192927-0.24416108989353338j)
(4.706081641515547-0.24488312591912695j)
(4.700784482614464-0.24550478210027804j)
(4.69545558637422-0.24602526608368416j)
(4.69009731266348-0.24644385021382004j)
(4.6847120412034196-0.24675987233057364j)
(4.6793021694016765-0.24697273648556956j)
(4.673870110155288-0.24708191357547657j)
(4.668418289626221-0.24708694189100183j)
(4.662949144993037-0.24698742758004436j)
(4.657465122182456-0.24678304502414253j)
(4.65196867358445-0.246473537127033j)
(4.646462255754762-0.2460587155147333j)
(4.640948327108542-0.2455384606464401j)
(4.63542934560909-0.24491272183581655j)
(4.6299077664554895-0.24418151718249373j)
(4.624386039772951-0.24334493341371874j)
(4.618866608309969-0.2424031256361663j)
(4.613351905145869-0.24135631699838636j)
(4.607844351412875-0.24020479826423266j)
(4.602346354036384-0.2389489272980355j)
(4.596860303497265-0.23758912846228902j)
(4.591388571619971-0.2361258919289593j)
(4.58593350939015-0.23455977290553418j)
(4.580497444805396-0.23289139077727147j)
(4.5750826807627005-0.23112142816707446j)
(4.569691492986164-0.2292506299148417j)
(4.564326127998234-0.22727980197803638j)
(4.558988801137939-0.225209810255546j)
(4.55368169462922-0.22304157933704055j)
(4.54840695570251-0.22077609118006614j)
(4.543166694772505-0.21841438371740798j)
(4.537962983675012-0.2159575493972692j)
(4.5327978539656195-0.21340673365898924j)
(4.527673295282725-0.21076313334715202j)
(4.522591253777407-0.20802799506697223j)
(4.517553630612441-0.20520261348412028j)
(4.51256228053265-0.20228832957195722j)
(4.5076190105085026-0.19928652880964978j)
(4.5027255784548625-0.19619863933417225j)
(4.497883692026519-0.1930261300499108j)
(4.493095007492141-0.18977050869899237j)
(4.488361128687752-0.18643331989610912j)
(4.483683606051164-0.18301614313116513j)
(4.479063935738202-0.1795205907434896j)
(4.474503558821653-0.17594830587109142j)
(4.470003860573541-0.17230096037863293j)
(4.465566169831212-0.1685802527678087j)
(4.461191758447709-0.16478790607362886j)
(4.456881840826303-0.16092566575033496j)
(4.452637573539491-0.15699529755061561j)
(4.448460055032043-0.1529985854014306j)
(4.4443503254078705-0.14893732928037984j)
(4.440309366300196-0.14481334309583235j)
(4.436338100824403-0.14062845257438486j)
(4.43243739361265-0.13638449315907886j)
(4.4286080509294905-0.13208330792168607j)
(4.424850820867149-0.12772674549236293j)
(4.421166393619479-0.1233166580098467j)
(4.417555401833058-0.11885489909531256j)
(4.414018421033899-0.1143433218530306j)
(4.410555970128392-0.10978377690056286j)
(4.407168511976432-0.10517811043153157j)
(4.403856454035088-0.10052816231361383j)
(4.4006201490708445-0.09583576422440415j)
(4.397459895938247-0.0911027378276285j)
(4.394375940422938-0.08633089299228602j)
(4.391368476146784-0.08152202605672802j)
(4.3884376455328375-0.0766779181401734j)
(4.385583540827689-0.071800333503416j)
(4.38280620517884-0.0668910179608927j)
(4.380105633764534-0.06195169734572382j)
(4.3774817749735595-0.05698407602954743j)
(4.374934531632318-0.05198983549861562j)
(4.372463762276707-0.04697063298759867j)
(4.370069282465916-0.04192810017238036j)
(4.3677508661356645-0.03686384192303491j)
(4.365508246987974-0.031779435118024446j)
(4.363341119914974-0.026676427520469087j)
(4.361249142453724-0.021556336717409377j)
(4.359231936269656-0.016420649122564336j)
(4.357289088665575-0.011270819043305194j)
(4.355420154113772-0.006108267812127172j)
(4.353624655808355-0.0009343829830246514j)
(4.35190208723529+0.004249482407114634j)
(4.35025191375729+0.009442010511857623j)
(4.348673574211136+0.014641919283560904j)
(4.347166482514691+0.019847963016596835j)
(4.3457300292810865+0.02505893282586933j)
(4.344363583437659+0.030273657060814422j)
(4.34306649384702+0.03549100165541114j)
(4.341838090927935+0.04070987041463332j)
(4.3406776882736775+0.04592920523799586j)
(4.339584584265418+0.05114798628085725j)
(4.338558063678537+0.056365232054191354j)
(4.337597399279574+0.06157999946379169j)
(4.336701853411722+0.06679138378965023j)
(4.335870679566765+0.07199851860662007j)
(4.335103123941511+0.0772005756473376j)
(4.334398426976693+0.08239676460849203j)
(4.333755824876561+0.08758633290168817j)
(4.333174551107276+0.09276856534993354j)
(4.332653837872499+0.09794278383119231j)
(4.3321929175643+0.1031083468701839j)
(4.331791024188005+0.10826464917981966j)
(4.331447394759365+0.11341112115360603j)
(4.331161270672508+0.11854722831045368j)
(4.330931899037506+0.12367247069337428j)
(4.330758533985978+0.12878638222340427j)
(4.330640437943659+0.1338885300103917j)
(4.330576882868693+0.13897851362204122j)
(4.330567151454566+0.14405596431283543j)
(4.330610538296525+0.14912054421426238j)
(4.330706351020657+0.15417194548802435j)
(4.33085391137461+0.15920988944372885j)
(4.3310525562790385+0.16423412562260267j)
(4.331301638839174+0.16924443084886326j)
(4.331600529315555+0.17424060825031476j)
(4.331948616053401+0.17922248624967604j)
(4.3323453063699375+0.1841899175283432j)
(4.332790027399098+0.18914277796403597j)
(4.333282226893168+0.19408096554395965j)
(4.333821373980776+0.19900439925505617j)
(4.334406959880974+0.20391301795283695j)
(4.335038498572985+0.20880677921041527j)
(4.3357155274212005+0.21368565814923282j)
(4.336437607755414+0.21854964625297119j)
(4.337204325405792+0.22339875016625804j)
(4.338015291192636+0.22823299047957618j)
(4.33887014137062+0.23305240050189097j)
(4.339768538027582+0.23785702502243886j)
(4.340710169437669+0.24264691906321806j)
(4.3416947503689025+0.2474221466235187j)
(4.342722022345184+0.2521827794179621j)
(4.343791753862757+0.2569288956094554j)
(4.344903740561272+0.26166057853843894j)
(4.346057805349481+0.26637791544981j)
(4.347253798485896+0.2710809962188801j)
(4.348491597614379+0.27576991207768015j)
(4.349771107755065+0.28044475434297345j)
(4.351092261250762+0.28510561314720617j)
(4.352455017669138+0.28975257617380984j)
(4.353859363660995+0.29438572739794816j)
(4.355305312774929+0.29900514583409804j)
(4.356792905228799+0.30361090429166415j)
(4.358322207638307+0.3082030681397674j)
(4.359893312703106+0.31278169408246354j)
(4.361506338850936+0.31734682894560945j)
(4.363161429840137+0.32189850847642226j)
(4.3648587543210455+0.32643675615696277j)
(4.366598505356785+0.3309615820326324j)
(4.368380899903936+0.3354729815567629j)
(4.370206178253698+0.33997093445246807j)
(4.372074603433911+0.344455403592728j)
(4.373986460572734+0.34892633389978867j)
(4.375942056224374+0.3533836512649395j)
(4.37794171765766+0.35782726148969213j)
(4.379985792107896+0.36225704924923335j)
(4.382074645992786+0.3666728770793319j)
(4.38420866409301+0.37107458438747376j)
(4.386388248698179+0.3754619864892965j)
(4.3886138187187935+0.3798348736711583j)
(4.390885808764969+0.38419301027982333j)
(4.393204668192631+0.38853613384009594j)
(4.39557086011794+0.3928639542013387j)
(4.397984860400583+0.39717615271364626j)
(4.400447156596886+0.40147238143455305j)
(4.402958246883342+0.4057522623672045j)
(4.405518638951435+0.4100153867305519j)
(4.40812884887455+0.4142613142626137j)
(4.410789399947717+0.41848957255741603j)
(4.413500821501115+0.42269965643640084j)
(4.416263647688082+0.42689102735515894j)
(4.419078416248473+0.4310631128459487j)
(4.4219456672483135+0.43521530599706015j)
(4.4248659417964165+0.43934696496939274j)
(4.4278397807390855+0.44345741255118526j)
(4.430867723333565+0.4475459357513885j)
(4.433950305901192+0.4516117854324718j)
(4.437088060461247+0.4556541759831818j)
(4.440281513346245+0.4596722850320272j)
(4.443531183799647+0.4636652532020249j)
(4.446837582556979+0.46763218390732214j)
(4.450201210411218+0.4715721431923487j)
(4.453622556763339+0.47548415961407053j)
(4.45710209815909+0.47936722416794386j)
(4.460640296812868+0.4832202902581515j)
(4.464237599119708+0.48704227371267533j)
(4.467894434156338+0.490832052843884j)
(4.471611212172306+0.4945884685550453j)
(4.475388323072202+0.4983103244934869j)
(4.4792261348899425+0.5019963872508507j)
(4.483124992256267+0.5056453866111356j)
(4.487085214860348+0.5092560158468956j)
(4.491107095906705+0.5128269320644432j)
(4.495190900568513+0.5163567565982761j)
(4.499336864438295+0.5198440754556284j)
(4.503545191977321+0.5232874398114488j)
(4.507816054964738+0.5266853665545265j)
(4.512149590947667+0.5300363388852547j)
(4.51654590169354+0.5333388069656376j)
(4.521005051645861+0.5365911886220784j)
(4.525527066384668+0.5397918701015091j)
(4.530111931093195+0.54293920688151j)
(4.534759589031843+0.5460315245347975j)
(4.539469940021112+0.5490671196488612j)
(4.5442428389347835+0.5520442608011279j)
(4.549078094205016+0.5549611895902564j)
(4.553975466340765+0.5578161217241469j)
(4.5589346664612505+0.5606072481650984j)
(4.563955354846101+0.5633327363327191j)
(4.569037139503958+0.5659907313649123j)
(4.574179574761256+0.5685793574377142j)
(4.5793821598731235+0.5710967191440812j)
(4.5846443376582835+0.5735409029322188j)
(4.589965493160056+0.5759099786039618j)
(4.595344952335399+0.5782020008732139j)
(4.600781980774225+0.5804150109851126j)
(4.606275782451287+0.5825470383958957j)
(4.611825498512793+0.5845961025138697j)
(4.617430206100286+0.5865602145014914j)
(4.623088917214173+0.5884373791386945j)
(4.628800577619508+0.5902255967474287j)
(4.634564065796601+0.591922865177407j)
(4.640378191939294+0.5935271818527812j)
(4.646241697003565+0.5950365458795666j)
(4.652153251809388+0.5964489602134205j)
(4.658111456198876+0.5977624338872533j)
(4.664114838253613+0.5989749842982048j)
(4.670161853574385+0.6000846395530456j)
(4.676250884626397+0.6010894408713374j)
(4.6823802401533+0.6019874450452506j)
(4.688548154663224+0.6027767269548164j)
(4.694752787990248+0.6034553821374413j)
(4.700992224934634+0.6040215294099514j)
(4.707264474985315+0.6044733135417283j)
(4.713567472128051+0.6048089079769157j)
(4.7198990747427745+0.6050265176035782j)
(4.726257065593563+0.6051243815676909j)
(4.732639151914858+0.6051007761293657j)
(4.739042965597267+0.6049540175585744j)
(4.745466063476448+0.6046824650675309j)
(4.751905927728708+0.6042845237765042j)
(4.758359966376312+0.6037586477095885j)
(4.764825513906194+0.6031033428169428j)
(4.771299832005059+0.602317170019416j)
(4.7777801104141195+0.6013987482715266j)
(4.784263467906482+0.6003467576383895j)
(4.7907469533900615+0.5991599423818597j)
(4.7972275471387436+0.597837114051092j)
(4.803702162154468+0.5963771545722591j)
(4.810167645662494+0.5947790193321134j)
(4.816620780742147+0.5930417402497037j)
(4.823058288094941+0.5911644288303151j)
(4.829476827951857+0.589146279195622j)
(4.835873002121117+0.5869865710836222j)
(4.842243356177735+0.5846846728118436j)
(4.848584381795691+0.5822400441970029j)
(4.854892519223146+0.579652239424335j)
(4.861164159901067+0.576920909859193j)
(4.867395649224958+0.5740458067939666j)
(4.873583289449244+0.571026784122682j)
(4.879723342733261+0.5678638009357858j)
(4.885812034327596+0.5645569240275862j)
(4.891845555898962+0.5611063303085334j)
(4.897820068991341+0.5575123091145892j)
(4.903731708620772+0.5537752644060241j)
(4.909576587000617+0.5498957168477112j)
(4.91535079739368+0.5458743057632872j)
(4.921050418087138+0.5417117909554026j)
(4.926671516485605+0.537409054384613j)
(4.932210153317358+0.5329671016992955j)
(4.937662386948164+0.5283870636094011j)
(4.943024277796507+0.5236701970968505j)
(4.948291892843953+0.5188178864558026j)
(4.953461310233395+0.5138316441560159j)
(4.958528623947876+0.5087131115231788j)
(4.963489948561914+0.5034640592299776j)
(4.96834142405713+0.49808638759249196j)
(4.973079220693177+0.49258212666656204j)
(4.977699543924949+0.48695343613941j)
(4.982198639356354+0.481202605011994j)
(4.9865727977207595+0.47533205106859516j)
(4.9908183598778475+0.46934432012997385j)
(4.994931721816258+0.4632420850875509j)
(4.99890933965118+0.457028144716347j)
(5.002747734605883+0.4507054222651603j)
(5.006443497965787+0.44427696382291076j)
(5.009993295993824+0.4377459364610438j)
(5.01339387479532+0.431115626152071j)
(5.016642065121013+0.42438943546555574j)
(5.019734787096398+0.4175708810430589j)
(5.022669054865819+0.4106635908544968j)
(5.025441981139791+0.4036713012390667j)
(5.028050781634045+0.3965978537344494j)
(5.03049277938904+0.3894471916988687j)
(5.03276540895876+0.38222335673107344j)
(5.03486622045811+0.3749304848942074j)
(5.0367928834582365+0.3675728027500638j)
(5.038543190719635+0.36015462321081265j)
(5.0401150617532275+0.3526803412161125j)
(5.041506546200094+0.3451544292439104j)
(5.0427158270207855+0.337581432663981j)
(5.0437412234861165+0.32996596494365205j)
(5.044581193961314+0.32231270271581397j)
(5.045234338476488+0.31462638071964055j)
(5.045699401076741+0.30691178662507285j)
(5.045975271945835+0.29917375575226457j)
(5.046060989298376+0.29141716569776205j)
(5.045955741035629+0.2836469308794235j)
(5.0456588661612605+0.27586799701222575j)
(5.045169855953837+0.2680853355274792j)
(5.044488354893708+0.2603039379480546j)
(5.043614161342476+0.2525288102323427j)
(5.042547227974403+0.24476496709960158j)
(5.041287661959483+0.23701742634969128j)
(5.039835724898849+0.22929120318968635j)
(5.038191832513915+0.2215913045800996j)
(5.036356554091352+0.2139227236132417j)
(5.03433061168681+0.20629043393588642j)
(5.0321148790908925+0.19869938422834835j)
(5.029710380561579+0.19115449275168955j)
(5.02711828932819+0.1836606419745441j)
(5.024339925872153+0.17622267329040714j)
(5.0213767559910005+0.16884538183627265j)
(5.018230388652124+0.16153351142259076j)
(5.014902573643535+0.15429174958429148j)
(5.011395199029508+0.14712472276204464j)
(5.007710288419188+0.14003699162252012j)
(5.003849998056793+0.13303304652536785j)
(4.999816613742503+0.12611730314485858j)
(4.995612547593154+0.11929409825263237j)
(4.991240334652648+0.11256768566811348j)
(4.986702629361563+0.10594223238200727j)
(4.982002201896393+0.09942181485802006j)
(4.977141934388319+0.09301041551702537j)
(4.97212481703201+0.08671191940745929j)
(4.966953944094751+0.08053011106496212j)
(4.961632509836281+0.07446867156373435j)
(4.956163804349912+0.06853117576134381j)
(4.950551209334949+0.0627210897382628j)
(4.9447981938109145+0.05704176843263323j)
(4.938908309783589+0.0514964534703164j)
(4.932885187872727+0.04608827118966005j)
(4.926732532911318+0.040820230859875926j)
(4.9204541195257585+0.03569522309133584j)
(4.914053787706301+0.030716018435824367j)
(4.9075354383765974+0.025885266173955153j)
(4.900903028971104+0.021205493286839978j)
(4.894160569028602+0.016679103608520304j)
(4.887312115809763+0.012308377155335884j)
(4.880361769946367+0.008095469628006537j)
(4.873313671129463+0.004042412081923486j)
(4.866171993843126+0.00015111076086748486j)
(4.858940943150347-0.0035766529109877527j)
(4.851624750537008-0.007139222184070217j)
(4.844227669819491-0.010535064690843155j)
(4.836753973121173-0.013762772011496019j)
(4.829207946922424-0.01682105910360619j)
(4.8215938881885165-0.019708763601741494j)
(4.81391610057939-0.02242484499308646j)
(4.80617889074465-0.024968383675035965j)
(4.798386564707022-0.027338579901047252j)
(4.7905434243368425-0.02953475262070236j)
(4.782653763920101-0.03155633822019997j)
(4.774721866821697-0.033402889169272004j)
(4.766752002245757-0.035074072580609454j)
(4.758748422094131-0.03656966868755418j)
(4.7507153579239505-0.03788956924609677j)
(4.74265701800487-0.03903377586672041j)
(4.7345775844763-0.0400023982817396j)
(4.726481210604555-0.04079565255353104j)
(4.718372018139713-0.041413859228940024j)
(4.710254094771579-0.04185744144502219j)
(4.702131491684076-0.042126922990911204j)
(4.694008221206977-0.04222292633065306j)
(4.685888254563916-0.04214617059153322j)
(4.677775519715203-0.04189746952220124j)
(4.66967389929387-0.04147772942470634j)
(4.661587228633488-0.04088794706451607j)
(4.65351929388565-0.04012920756194265j)
(4.645473830225349-0.03920268226882104j)
(4.637454520142152-0.03810962663344783j)
(4.629464991815124-0.0368513780569991j)
(4.621508817569144-0.03542935374427497j)
(4.613589512410558-0.0338450485513703j)
(4.605710532639693-0.032100032832804166j)
(4.597875274538027-0.03019595029031209j)
(4.590087073127596-0.028134515825334588j)
(4.582349201000336-0.025917513397181118j)
(4.574664867214978-0.023546793888369576j)
(4.5670372162592185-0.021024272978868358j)
(4.559469327074747-0.01835192903034003j)
(4.5519642121430035-0.0155318009817824j)
(4.544524816629365-0.012565986257390322j)
(4.537154017583567-0.009456638687625092j)
(4.529854623194277-0.006205966444150308j)
(4.522629372095769-0.0028162299892759133j)
(4.515480932724683+0.0007102599597258945j)
(4.508411902724978+0.0043711444508878605j)
(4.501424808399277+0.00816401830241598j)
(4.494522104204803+0.012086432091799252j)
(4.487706172292238+0.016135894129244002j)
(4.480979322086046+0.02030987241535102j)
(4.474343789904619+0.02460579658329618j)
(4.467801738618983+0.029021059825521892j)
(4.461355257348679+0.03355302080529706j)
(4.455006361193692+0.038199005553381606j)
(4.448756991001283+0.04295630935007195j)
(4.442609013166666+0.047822198593129875j)
(4.436564219466723+0.0527939126517752j)
(4.430624326925814+0.057868665707418415j)
(4.4247909777130126+0.0630436485812748j)
(4.4190657390700565+0.06831603054954687j)
(4.413450103269482+0.07368296114644407j)
(4.40794548760254+0.07914157195555124j)
(4.402553234396272+0.08468897838996584j)
(4.397274611059679+0.09032228146160307j)
(4.392110810158526+0.09603856954002075j)
(4.387062949518766+0.1018349201012795j)
(4.382132072358324+0.10770840146696622j)
(4.377319147447308+0.1136560745338577j)
(4.372625069296606+0.11967499449445398j)
(4.368050658374906+0.12576221254854758j)
(4.363596661354357+0.13191477760616824j)
(4.35926375138489+0.13812973798187486j)
(4.355052528397591+0.14440414308061336j)
(4.350963519437136+0.1507350450752152j)
(4.346997179023842+0.1571195005753737j)
(4.343153889545404+0.1635545722883j)
(4.339433961678785+0.1700373306706472j)
(4.335837634842626+0.176564855571866j)
(4.332365077680429+0.1831342378684804j)
(4.329016388575101+0.18974258108922346j)
(4.325791596195023+0.1963870030305707j)
(4.322690660072217+0.2030646373623567j)
(4.319713471212981+0.20977263522300232j)
(4.3168598527413256+0.21650816680382604j)
(4.314129560575657+0.22326842292193658j)
(4.311522284139076+0.23005061658103046j)
(4.309037647103652+0.2368519845195063j)
(4.306675208168995+0.24366978874504627j)
(4.304434461875552+0.250501318055054j)
(4.302314839452683+0.2573438895419548j)
(4.300315709702139+0.26419485008265625j)
(4.2984363799168195+0.2710515778110682j)
(4.29667609683526+0.27791148357286255j)
(4.295034047631848+0.28477201236139604j)
(4.293509360943022+0.2916306447337131j)
(4.292101107929394+0.2984848982056482j)
(4.290808303373915+0.30533232862477566j)
(4.289629906816007+0.3121705315201198j)
(4.288564823721638+0.3189971434273924j)
(4.287611906689099+0.32580984318867523j)
(4.286769956690438+0.33260635322502513j)
(4.286037724348189+0.3393844407810423j)
(4.285413911247201+0.34614191913994313j)
(4.284897171281012+0.35287664880785047j)
(4.284486112032609+0.3595865386660837j)
(4.284179296188788+0.3662695470900012j)
(4.283975242987819+0.3729236830332029j)
(4.283872429699571+0.37954700707561656j)
(4.283869293137566+0.38613763243437255j)
(4.28396423120211+0.39269372593584473j)
(4.284155604453725+0.3992135089478227j)
(4.28444173771597+0.4056952582703957j)
(4.284820921706702+0.41213730698424444j)
(4.285291414696693+0.41853804525510674j)
(4.285851444194695+0.42489592109330787j)
(4.286499208657503+0.4312094410668338j)
(4.287232879224105+0.4374771709671395j)
(4.2880506014723805+0.44369773642626825j)
(4.288950497197208+0.44986982348426113j)
(4.28993066620837+0.4559921791058617j)
(4.290989188146986+0.4620636116453059j)
(4.2921241243188+0.46808299125845776j)
(4.29333351954281+0.4740492502610916j)
(4.294615404013579+0.47996138343264505j)
(4.295967795175518+0.48581844826452814j)
(4.297388699607502+0.4916195651522558j)
(4.2988761149158+0.4973639175305942j)
(4.300428031633811+0.5030507519512823j)
(4.302042435126326+0.5086793781025034j)
(4.303717307496823+0.5142491687697921j)
(4.305450629495447+0.5197595597378806j)
(4.307240382425898+0.525210049633031j)
(4.309084550049167+0.5306001997057422j)
(4.3109811204819755+0.5359296335534655j)
(4.312928088087887+0.5411980367832536j)
(4.314923455359015+0.5464051566143623j)
(4.3169652347860845+0.5515508014207647j)
(4.319051450714757+0.5566348402136475j)
(4.321180141186131+0.5616572020643796j)
(4.323349359759095+0.5666178754678718j)
(4.325557177312415+0.5715169076470095j)
(4.327801683824489+0.5763544037985731j)
(4.33008099012841+0.5811305262811601j)
(4.33239322964029+0.5858454937458802j)
(4.334736560058681+0.5904995802105362j)
(4.337109165032927+0.5950931140781891j)
(4.339509255798355+0.5996264771010192j)
(4.3419350727761845+0.6041001032906378j)
(4.344384887136204+0.60851447777589j)
(4.346857002320064+0.6128701356094555j)
(4.349349755523302+0.6171676605245888j)
(4.351861519134124+0.6214076836433982j)
(4.354390702127172+0.6255908821381861j)
(4.356935751410284+0.6297179778474962j)
(4.359495153122638+0.6337897358484972j)
(4.362067433882537+0.6378069629875134j)
(4.364651161983226+0.6417705063705679j)
(4.3672449485351335+0.6456812518158014j)
(4.3698474485532355+0.6495401222698753j)
(4.372457361987924+0.6533480761903391j)
(4.375073434698313+0.6571061058961141j)
(4.37769445936662+0.6608152358883621j)
(4.380319276352589+0.6644765211438862j)
(4.38294677448693+0.6680910453834974j)
(4.385575891802842+0.671659919317585j)
(4.388205616204807+0.6751842788713546j)
(4.390834986073992+0.6786652833921931j)
(4.393463090809607+0.6821041138415879j)
(4.396089071305759+0.6855019709740721j)
(4.398712120363433+0.6888600735058656j)
(4.401331483037288+0.6921796562754944j)
(4.403946456917175+0.6954619683992849j)
(4.406556392344299+0.698708271423899j)
(4.409160692562085+0.7019198374788199j)
(4.411758813801999+0.7050979474310931j)
(4.4143502653045985+0.7082438890450484j)
(4.41693460927615+0.7113589551493285j)
(4.419511460781539+0.7144444418139462j)
(4.42208048757389+0.7175016465396473j)
(4.42464140986187+0.7205318664621917j)
(4.427194000015389+0.7235363965738064j)
(4.429738082210704+0.7265165279642364j)
(4.432273532016156+0.7294735460837523j)
(4.434800275919454+0.732408729030185j)
(4.437318290798125+0.7353233458624314j)
(4.439827603334192+0.7382186549422275j)
(4.442328289374845+0.74109590230656j)
(4.4448204732404974+0.7439563200724162j)
(4.44730432698196+0.7468011248759161j)
(4.449780069588471+0.7496315163474768j)
(4.452247966148407+0.7524486756249158j)
(4.4547083269645364+0.7552537639057852j)
(4.457161506625797+0.7580479210407597j)
(4.459607903037632+0.7608322641692044j)
(4.462047956412952+0.7636078863983903j)
(4.464482148225748+0.7663758555273935j)
(4.466911000129723+0.7691372128167976j)
(4.469335072843884+0.7718929718051474j)
(4.471754965007537+0.7746441171729768j)
(4.474171312006773+0.777391603655014j)
(4.4765847847747775+0.7801363550013005j)
(4.478996088568176+0.7828792629875821j)
(4.481405961721737+0.7856211864753736j)
(4.4838151743835635+0.7883629505218434j)
(4.486224527233118+0.7911053455397624j)
(4.488634850184242+0.7938491265074022j)
(4.4910470010753345+0.7965950122283492j)
(4.4934618643488005+0.799343684640877j)
(4.495880349722002+0.8020957881768452j)
(4.498303390851581+0.8048519291692973j)
(4.500731943993298+0.8076126753086542j)
(4.503166986659226+0.8103785551465063j)
(4.505609516274304+0.8131500576466555j)
(4.508060548833893+0.8159276317823274j)
(4.510521117564198+0.8187116861789179j)
(4.512992271587291+0.821502588801183j)
(4.515475074592057+0.8243006666839955j)
(4.517970603512954+0.8271062057055278j)
(4.5204799472176695+0.8299194504017561j)
(4.5230042052052735+0.8327406038211336j)
(4.525544486316042+0.8355698274182809j)
(4.528101907454091+0.8384072409852343j)
(4.5306775923240314+0.8412529226192235j)
(4.533272670182568+0.8441069087254792j)
(4.5358882746059725+0.8469691940537126j)
(4.538525542274333+0.8498397317670193j)
(4.541185611773259+0.8527184335417112j)
(4.543869622413741+0.8556051696967475j)
(4.546578713070691+0.8584997693511742j)
(4.549314021040791+0.8614020206085344j)
(4.552076680919806+0.8643116707663429j)
(4.554867823499952+0.8672284265496579j)
(4.557688574687282+0.870151954367042j)
(4.560540054439543+0.8730818805877893j)
(4.56342337572418+0.876017791838713j)
(4.566339643496863+0.8789592353196142j)
(4.569289953700112+0.8819057191355918j)
(4.572275392282062+0.8848567126454036j)
(4.575297034234977+0.8878116468242826j)
(4.5783559426532445+0.8907699146401975j)
(4.581453167810424+0.8937308714423018j)
(4.584589746254888+0.896693835360569j)
(4.587766699923486+0.8996580877154495j)
(4.590985035272646+0.9026228734366286j)
(4.594245742426337+0.9055874014899954j)
(4.597549794339964+0.9085508453118659j)
(4.600898145979665+0.9115123432497422j)
(4.604291733516041+0.9144709990088803j)
(4.6077314735315635+0.9174258821040477j)
(4.611218262240711+0.9203760283158654j)
(4.614752974721931+0.9233204401513123j)
(4.618336464160547+0.9262580873079779j)
(4.621969561101581+0.9291879071417524j)
(4.625653072711592+0.9321088051378082j)
(4.629387782048497+0.9350196553845276j)
(4.633174447338467+0.9379193010506582j)
(4.6370138012589335+0.9408065548654166j)
(4.640906550226634+0.9436801996018443j)
(4.644853373690015+0.9465389885635825j)
(4.6488549234248255+0.9493816460752914j)
(4.652911822832164+0.9522068679771609j)
(4.6570246662381125+0.9550133221238972j)
(4.66119401819415+0.9577996488886849j)
(4.6654204127775785+0.9605644616727563j)
(4.669704352891164+0.9633063474211421j)
(4.674046309561487+0.9660238671453688j)
(4.678446721235239+0.9687155564538776j)
(4.6829059930729295+0.9713799260909181j)
(4.687424496239532+0.9740154624848627j)
(4.692002567191648+0.9766206283068627j)
(4.696640506960653+0.9791938630407606j)
(4.701338580431669+0.9817335835653926j)
(4.706097015617967+0.9842381847501683j)
(4.710916002930774+0.9867060400652857j)
(4.7157956944440915+0.9891355022074008j)
(4.720736203154794+0.9915249037422297j)
(4.725737602237661+0.9938725577650435j)
(4.730799924295792+0.9961767585804461j)
(4.735923160606299+0.9984357824026687j)
(4.741107260361578+1.000647888077581j)
(4.746352129906604+1.002811317827879j)
(4.751657631972494+1.0049242980226285j)
(4.757023584906908+1.006985039972702j)
(4.762449761901884+1.0089917407532463j)
(4.76793589021973+1.0109425840548463j)
(4.773481650417831+1.0128357410645001j)
(4.779086675573107+1.0146693713780313j)
(4.784750550507327+1.0164416239451994j)
(4.790472811014129+1.0181506380489411j)
(4.79625294308915+1.0197945443201588j)
(4.80209038216448+1.0213714657894086j)
(4.80798451234893+1.022879518976753j)
(4.813934665675698+1.0243168150212083j)
(4.819940121359091+1.0256814608509828j)
(4.826000105062144+1.0269715603956715j)
(4.832113788177151+1.0281852158417097j)
(4.838280287121082+1.0293205289319753j)
(4.844498662648193+1.0303756023106967j)
(4.850767919182127+1.0313485409144656j)
(4.857087004169953+1.0322374534102126j)
(4.86345480746084+1.033040453680846j)
(4.869870160711823+1.0337556623589834j)
(4.876331836823823+1.034381208409422j)
(4.882838549410471+1.0349152307603524j)
(4.889388952303082+1.0353558799836913j)
(4.895981639094561+1.035701320024251j)
(4.902615142725717+1.0359497299776637j)
(4.909287935116977+1.036099305916569j)
(4.915998426849004+1.0361482627645044j)
(4.922744966895418+1.036094836216596j)
(4.9295258424110635+1.0359372847061157j)
(4.936339278579229+1.0356738914156491j)
(4.9431834385211815+1.0353029663313773j)
(4.950056423271448+1.0348228483388766j)
(4.956956271822191+1.0342319073584738j)
(4.963880961240062+1.0335285465181097j)
(4.970828406858763+1.0327112043613031j)
(4.977796462550592+1.0317783570877228j)
(4.984782921080135+1.0307285208235437j)
(4.9917855145431425+1.0295602539186055j)
(4.998801914893526+1.028272159267068j)
(5.005829734561489+1.026862886648312j)
(5.0128665271652375+1.025331135084194j)
(5.019909788319158+1.0236756552090254j)
(5.026956956540654+1.021895251648023j)
(5.034005414258067+1.0199887854001062j)
(5.041052488921685+1.0179551762204837j)
(5.048095454219708+1.015793404998505j)
(5.05513153140108+1.0135025161257762j)
(5.062157890706327+1.011081619849715j)
(5.069171652907934+1.0085298946072745j)
(5.076169890961194+1.0058465893334712j)
(5.083149631766179+1.0030310257393549j)
(5.090107858041508+1.000082600553686j)
(5.09704151030991+0.99700078772257j)
(5.103947488995637+0.9937851405611814j)
(5.110822656633314+0.9904352938516625j)
(5.117663840187348+0.9869509658809653j)
(5.124467833481012+0.9833319604125732j)
(5.131231399733671+0.9795781685859126j)
(5.137951274204362+0.9756895707370697j)
(5.144624166939575+0.9716662381346676j)
(5.151246765622792+0.9675083346245469j)
(5.157815738522492+0.9632161181770127j)
(5.164327737535688+0.9587899423304884j)
(5.170779401322903+0.9542302575254691j)
(5.177167358530467+0.9495376123226709j)
(5.183488231095634+0.9447126544997653j)
(5.189738637629198+0.9397561320207192j)
(5.19591519687052+0.9346688938725768j)
(5.202014531208734+0.9294518907642638j)
(5.208033270264123+0.9241061756825393j)
(5.213968054522868+0.9186329043005592j)
(5.219815539018146+0.913033335234604j)
(5.2255723970503665+0.907308830145302j)
(5.231235323938456+0.9014608536796447j)
(5.23680104079464+0.895490973250934j)
(5.2422662983141315+0.8894008586540384j)
(5.247627880571245+0.8831922815138542j)
(5.252882608813328+0.8768671145655182j)
(5.25802734524352+0.870427330765268j)
(5.263058996783357+0.863875002231623j)
(5.267974518806115+0.8572122990169018j)
(5.272770918831779+0.8504414877098414j)
(5.277445260174437+0.8435649298705784j)
(5.28199466553316+0.8365850802999142j)
(5.286416320517241+0.8295044851452197j)
(5.290707477096919+0.8223257798460711j)
(5.294865456971133+0.8150516869232598j)
(5.298887654843552+0.8076850136151165j)
(5.3027715415989425+0.8002286493660566j)
(5.306514667371813+0.7926855631722931j)
(5.310114664499876+0.7850588007905118j)
(5.313569250355071+0.7773514818155509j)
(5.316876230045362+0.7695667966336326j)
(5.320033498980927+0.7617080032579869j)
(5.3230390452988114+0.7537784240542934j)
(5.325890952140551+0.745781442363442j)
(5.328587399777715+0.7377204990294447j)
(5.331126667581003+0.7295990888408688j)
(5.333507135828743+0.7214207568939253j)
(5.335727287351335+0.7131890948858844j)
(5.337785709008809+0.7049077373476004j)
(5.339681092998749+0.6965803578237533j)
(5.341412237992977+0.6882106650100159j)
(5.342978050101341+0.679802398855831j)
(5.344377543661796+0.6713593266420201j)
(5.345609841856437+0.6628852390420388j)
(5.346674177153484+0.6543839461759619j)
(5.347569891575941+0.6458592736659811j)
(5.348296436797948+0.6373150587022713j)
(5.34885337407061+0.6287551461279396j)
(5.349240373978983+0.6201833845514836j)
(5.3494572160332465+0.6116036224952386j)
(5.349503788096584+0.6030197045879973j)
(5.349380085653517+0.5944354678096708j)
(5.349086210922309+0.5858547377958477j)
(5.348622371815882+0.5772813252096352j)
(5.3479888807557705+0.5687190221880103j)
(5.347186153344263+0.5601715988695586j)
(5.34621470689994+0.5516428000101089j)
(5.345075158862675+0.543136341692517j)
(5.3437682250737835+0.5346559081363652j)
(5.342294717938123+0.5262051486131115j)
(5.3406555444742905+0.5177876744715098j)
(5.338851704260345+0.5094070562781271j)
(5.336884287281705+0.5010668210768762j)
(5.334754471688923+0.49277044977140977j)
(5.332463521472475+0.48452137463340433j)
(5.330012784062404+0.47632297693959846j)
(5.327403687860419+0.46817858473969975j)
(5.324637739712153+0.46009147075688467j)
(5.321716522327364+0.4520648504220848j)
(5.318641691655913+0.4441018800428488j)
(5.315414974227036+0.43620565510686626j)
(5.312038164459664+0.42837920871995777j)
(5.308513121951146+0.4206255101777144j)
(5.304841768751665+0.4129474636696349j)
(5.3010260866315955+0.40534790711400975j)
(5.297068114348404+0.3978296111215049j)
(5.292969944919905+0.3903952780849803j)
(5.288733722910123+0.3830475413926288j)
(5.284361641733707+0.3757889647612777j)
(5.279855940984561+0.3686220416863214j)
(5.2752189037941175+0.36154919500452354j)
(5.2704528542239615+0.35457277656563235j)
(5.265560154697626+0.34769506700859193j)
(5.260543203475553+0.34091827563797117j)
(5.255404432177095+0.33424454039607115j)
(5.250146303352954+0.327675927925985j)
(5.244771308111108+0.321214433721117j)
(5.239281963798858+0.3148619823561673j)
(5.233680811743284+0.3086204277950767j)
(5.227970415052241+0.3024915537710787j)
(5.222153356477127+0.2964770742342099j)
(5.216232236339354+0.29057863386178945j)
(5.210209670520913+0.28479780862721743j)
(5.2040882885202695+0.2791361064227911j)
(5.197870731573872+0.2735949677322496j)
(5.19155965084367+0.268175766348913j)
(5.185157705670664+0.26287981013534034j)
(5.178667561894466+0.2577083418207261j)
(5.172091890238569+0.25266253983229153j)
(5.165433364760947+0.24774351915702464j)
(5.158694661369468+0.24295233223039042j)
(5.151878456401524+0.23828996984871045j)
(5.144987425267015+0.233757362101939j)
(5.138024241154149+0.2293553793238961j)
(5.130991573796729+0.22508483305686383j)
(5.1238920883025365+0.22094647702784953j)
(5.1167284440411684+0.21694100813364547j)
(5.109503293590744+0.2130690674320428j)
(5.102219281742008+0.20933124113670365j)
(5.094879044558774+0.20572806161304483j)
(5.0874852084933+0.20226000837283303j)
(5.0800403895553545+0.19892750906502665j)
(5.07254719253346+0.1957309404606143j)
(5.065008210266791+0.1926706294292397j)
(5.057426022966313+0.18974685390537574j)
(5.049803197583143+0.18695984384206604j)
(5.042142287222729+0.18430978215013377j)
(5.034445830602765+0.18179680562101938j)
(5.026716351552907+0.17942100583135911j)
(5.01895635855432+0.17718243002768455j)
(5.011168344316888+0.17508108198948677j)
(5.0033547853917515+0.17311692286936417j)
(4.995518141817039+0.17128987200878096j)
(4.987660856794253+0.16959980772828454j)
(4.979785356392897+0.16804656809120933j)
(4.971894049280868+0.16662995163992345j)
(4.9639893264780515+0.16534971810400856j)
(4.956073561130448+0.16420558907986668j)
(4.948149108302356+0.16319724868139973j)
(4.940218304783926+0.16232434416173175j)
(4.9322834689116535+0.1615864865059876j)
(4.924346900399044+0.16098325099543706j)
(4.916410880175243+0.16051417774349294j)
(4.908477670229157+0.1601787722041582j)
(4.900549513456568+0.15997650565384014j)
(4.8926286335085205+0.15990681564744058j)
(4.884717234638401+0.15996910644992593j)
(4.876817501546178+0.16016274944468528j)
(4.868931599217975+0.16048708352000401j)
(4.861061672759262+0.16094141543530813j)
(4.853209847220348+0.16152502016866893j)
(4.845378227413014+0.1622371412472755j)
(4.837568897717092+0.16307699106263196j)
(4.829783921876142+0.1640437511721813j)
(4.822025342781736+0.16513657258912334j)
(4.814295182245487+0.1663545760621582j)
(4.806595440758789+0.16769685234685888j)
(4.798928097239877+0.16916246247031866j)
(4.79129510876823+0.1707504379906927j)
(4.783698410306461+0.1724597812530778j)
(4.776139914409684+0.17428946564321976j)
(4.768621510922882+0.1762384358403317j)
(4.761145066666457+0.17830560807021037j)
(4.753712425110597+0.1804898703598248j)
(4.746325406038632+0.1827900827943156j)
(4.7389858052002465+0.18520507777729694j)
(4.731695393954808+0.18773366029529928j)
(4.724455918905363+0.19037460818693466j)
(4.7172691015238355+0.19312667241751907j)
(4.710136637767904+0.19598857735958466j)
(4.703060197689881+0.1989590210797373j)
(4.69604142503803+0.20203667563233463j)
(4.689081936850555+0.20522018736032893j)
(4.682183323042644+0.20850817720360657j)
(4.675347145986645+0.21189924101521135j)
(4.66857494008542+0.21539194988581065j)
(4.661868211339282+0.21898485047681618j)
(4.655228436906195+0.22267646536249835j)
(4.64865706465546+0.22646529338176494j)
(4.642155512714811+0.23034980999992874j)
(4.635725169010915+0.23432846768126087j)
(4.6293673908032735+0.2383996962729388j)
(4.623083504211471+0.24256190340118286j)
(4.616874803735923+0.2468134748804471j)
(4.610742551772179+0.25115277513657114j)
(4.604687978118989+0.25557814764494924j)
(4.598712279480361+0.26008791538473597j)
(4.59281661896204+0.26468038131028915j)
(4.587002125562875+0.2693538288409479j)
(4.581269893661784+0.2741065223703544j)
(4.575620982500921+0.2789367077966446j)
(4.570056415666122+0.2838426130745379j)
(4.564577180565612+0.2888224487906404j)
(4.559184227908218+0.29387440876299775j)
(4.553878471182357+0.2989966706660857j)
(4.548660786137516+0.30418739668201394j)
(4.543532010269615+0.3094447341790259j)
(4.53849294231221+0.31476681641785237j)
(4.533544341735342+0.32015176328663086j)
(4.528686928254005+0.32559768206472994j)
(4.523921381348253+0.3311026682157944j)
(4.519248339797244+0.3366648062100575j)
(4.514668401229043+0.3422821703757609j)
(4.510182121688631+0.34795282577941905j)
(4.505790015226159+0.3536748291343422j)
(4.50149255350745+0.3594462297367352j)
(4.49729016544904+0.36526507042842393j)
(4.4931832368794815+0.3711293885850743j)
(4.489172110228894+0.37703721712871674j)
(4.485257084248509+0.3829865855629819j)
(4.4814384137617695+0.38897552102960364j)
(4.477716309448366+0.39500204938434785j)
(4.474090937662622+0.4010641962906414j)
(4.470562420287256+0.4071599883288612j)
(4.467130834623258+0.4132874541194679j)
(4.46379621331688+0.4194446254579044j)
(4.460558544324062+0.4256295384591433j)
(4.4574177709126905+0.431840234710083j)
(4.454373791702825+0.43807476242762067j)
(4.4514264607449325+0.4443311776206174j)
(4.448575587635888+0.45060754525384344j)
(4.445820937672536+0.4569019404121607j)
(4.443162232042236+0.46321244946334317j)
(4.440599148050015+0.4695371712179675j)
(4.438131319381626+0.47587421808497626j)
(4.435758336401824+0.48222171722170487j)
(4.433479746487167+0.4885778116771926j)
(4.431295054392726+0.4949406615278256j)
(4.429203722651766+0.5013084450044175j)
(4.427205172007838+0.5076793596100247j)
(4.425298781878687+0.5140516232278967j)
(4.423483890851277+0.5204234752188971j)
(4.421759797207449+0.5267931775081633j)
(4.420125759479881+0.5331590156603968j)
(4.418580997037959+0.5395192999436448j)
(4.417124690703321+0.5458723663810932j)
(4.415755983395058+0.5522165777906516j)
(4.4144739808045115+0.5585503248119258j)
(4.413277752099791+0.5648720269202704j)
(4.41216633066015+0.5711801334273826j)
(4.411138714840579+0.5774731244679469j)
(4.410193868766888+0.5837495119717179j)
(4.409330723161671+0.5900078406202419j)
(4.4085481762016+0.5962466887873644j)
(4.4078450944064445+0.6024646694625537j)
(4.407220313560196+0.6086604311557245j)
(4.4066726396647065+0.61483265878244j)
(4.406200849926186+0.6209800745279307j)
(4.405803693774572+0.627101438688347j)
(4.405479893916126+0.633195550487585j)
(4.405228147419063+0.639261248867668j)
(4.405047126832+0.6452974132509973j)
(4.4049354813350075+0.651302964272191j)
(4.404891837922497+0.6572768644775248j)
(4.404914802617352+0.6632181189899229j)
(4.405002961715238+0.6691257761370789j)
(4.405154883057875+0.6749989280408919j)
(4.405369117333951+0.6808367111658538j)
(4.405644199405874+0.6866383068245363j)
(4.405978649660678+0.6924029416381742j)
(4.406370975382898+0.6981298879504887j)
(4.406819672147156+0.7038184641932376j)
(4.4073232252281755+0.7094680352018664j)
(4.407880111025451+0.7150780124801382j)
(4.408488798499949+0.7206478544125341j)
(4.409147750620059+0.726177066423663j)
(4.409855425813864+0.7316652010841903j)
(4.410610279424698+0.7371118581628175j)
(4.411410765167223+0.7425166846243196j)
(4.412255336580903+0.7478793745738445j)
(4.413142448478134+0.7531996691479341j)
(4.414070558384004+0.758477356352877j)
(4.415038127965181+0.763712270851499j)
(4.416043624445291+0.7689042936993491j)
(4.417085522004142+0.7740533520317817j)
(4.418162303158907+0.7791594187033802j)
(4.419272460124943+0.7842225118814811j)
(4.420414496154398+0.7892426945955094j)
(4.421586926851205+0.7942200742441229j)
(4.422788281460764+0.7991548020620737j)
(4.424017104133417+0.8040470725488322j)
(4.425271955160529+0.808897122860935j)
(4.426551412182681+0.8137052321700496j)
(4.427854071369263+0.8184717209887208j)
(4.429178548569223+0.8231969504656461j)
(4.430523480432956+0.827881321652103j)
(4.431887525505061+0.8325252747413276j)
(4.433269365288396+0.8371292882821029j)
(4.4346677052795185+0.8416938783681553j)
(4.4360812759758845+0.8462195978041691j)
(4.437508833855144+0.8507070352496097j)
(4.438949162327023+0.8551568143411491j)
(4.440401072658023+0.859569592794135j)
(4.441863404869415+0.863946061483851j)
(4.443335028608746+0.8682869435065301j)
(4.444814843994993+0.8725929932206337j)
(4.446301782437532+0.8768649952681503j)
(4.447794807428771+0.881103763576109j)
(4.449292915310251+0.8853101403379646j)
