(22.39153351423417+0j)
(22.264801182445844-1.249859051951819j)
(21.97963908809818-2.385044853879382j)
(21.60769951356611-3.426073061011908j)
(21.166527680992946-4.39131821193652j)
(20.66376136741047-5.286522249085922j)
(20.10618145120071-6.112359591227583j)
(19.50107472539972-6.867926635618819j)
(18.85623128053787-7.552234425982538j)
(18.17967945937175-8.164861890320072j)
(17.479395730996508-8.706215565129003j)
(16.763051791335037-9.177584740512414j)
(16.03781648143392-9.58108464803701j)
(15.310215193358276-9.919539737705085j)
(14.586042941288985-10.196339254261673j)
(13.87032403486287-10.415285944682106j)
(13.167309819701618-10.580451273139207j)
(12.480505647548629-10.696045236575438j)
(11.8127187325842-10.76630503546864j)
(11.166119536027733-10.795404108394067j)
(10.542310555275641-10.78738115973886j)
(9.942397687351184-10.746087617415757j)
(9.367060563874077-10.67515129206433j)
(8.816619335884461-10.577953730236448j)
(8.291096290005843-10.457618742167755j)
(7.790271391732059-10.31700974286631j)
(7.31373139360995-10.158733800279025j)
(6.8609125346863165-9.98515058201227j)
(6.431137121461711-9.798384696610889j)
(6.023644445177564-9.60034021353355j)
(5.637616579925744-9.392716404991846j)
(5.27219964122895-9.17702397680755j)
(4.926521082235323-8.95460124343067j)
(4.599703577478196-8.726629855970714j)
(4.290876002058813-8.494149814921842j)
(3.999181964479706-8.25807359539615j)
(3.723786298913073-8.019199286213397j)
(3.4638798710467134-7.778222699247968j)
(3.21868300276308-7.53574844560049j)
(2.9874477760145117-7.292300003436609j)
(2.76945943598445-7.048328821570609j)
(2.5640370780772184-6.804222515024882j)
(2.370533772311944-6.560312215698119j)
(2.1883362520922125-6.316879144417796j)
(2.016864271592669-6.074160470890942j)
(1.855569716798976-5.832354526481341j)
(1.7039355391287923-5.591625431871242j)
(1.5614745670604588-5.35210719790019j)
(1.427728240058119-5.113907353794137j)
(1.3022652998365392-4.87711015263056j)
(1.1846804664233828-4.64177939952973j)
(1.0745931203145833-4.4079609438786544j)
(0.9716460069405062-4.175684872830827j)
(0.8755039756175164-3.944967439541136j)
(0.785852761865265-3.715812756143941j)
(0.7023978193534343-3.48821427820227j)
(0.6248632056604967-3.2621561044656966j)
(0.5529905243912216-3.0376141130986793j)
(0.48653792491808584-2.8145569531624046j)
(0.4252791600412344-2.5929469079548286j)
(0.3690027010960524-2.372740644928258j)
(0.31751090951377486-2.153889865142576j)
(0.2706192634157225-1.9363418637188123j)
(0.22815563757443552-1.7200400113688974j)
(0.18995963487654718-1.5049241658944024j)
(0.15588196735331783-1.2909310214461331j)
(0.12578388478732141-1.0779944024189683j)
(0.09953664893937522-0.8660455079858977j)
(0.07702105148078386-0.6550131125507663j)
(0.05812697381201049-0.44482372672221115j)
(0.04275298704368913-0.23540172284154615j)
(0.03080599055387401-0.02666942856898169j)
(0.022200887668476495+0.18145280842925046j)
(0.016860297162656353+0.3890465820474577j)
(0.014714299446710656+0.5961954132914979j)
(0.015700216460460707+0.8029847578611574j)
(0.01976242448207243+1.0095020340987078j)
(0.026852199234461693+1.2158366698975727j)
(0.03692759286226633+1.4220801674009114j)
(0.049953342549919344+1.6283261845120587j)
(0.06590081075273999+1.8346706324417084j)
(0.0847479572284262+2.0412117886687486j)
(0.10647934328276143+2.2480504248529902j)
(0.1310861688790026+2.4552899493674545j)
(0.15856634351668178+2.663036564240548j)
(0.18892459205525172+2.8713994364111977j)
(0.22217259695491884+3.080490883295925j)
(0.2583291787203242+3.2904265727524797j)
(0.297420516685236+3.5013257376037084j)
(0.3394804126516863+3.7133114049456637j)
(0.38455060032231975+3.926510640516177j)
(0.4326811039236887+4.141054808444092j)
(0.4839306499391471+4.357079846707244j)
(0.5383671364455556+4.574726558650267j)
(0.5960681651916381+4.794140920880702j)
(0.6571216422838129+5.015474407824214j)
(0.721626454162885+5.238884333147681j)
(0.7896932264747382+5.464534208139513j)
(0.8614451744882049+5.69259411698106j)
(0.9370190548940499+5.923241108616325j)
(1.0165662301710936+6.156659604642514j)
(1.1006301798428006+6.392925912349975j)
(1.1888628836949116+6.632394321470147j)
(1.2815917568072064+6.875239236876302j)
(1.3790560652656705+7.121674671076752j)
(1.4815079511221683+7.371926606999691j)
(1.5892207658235225+7.62623178012862j)
(1.702493074848013+7.884837693005291j)
(1.8216519003867828+8.148002886938183j)
(1.9470559364169961+8.415997273021745j)
(2.0790989816488588+8.689102454370389j)
(2.2182137122712944+8.967612001624511j)
(2.3648758803174674+9.251831649847787j)
(2.519609014617797+9.542079382814768j)
(2.6829897029949423+9.838685364543627j)
(2.855653541120996+10.141991668788137j)
(3.0383018433350255+10.452351745107167j)
(3.231709222984768+10.770129544646002j)
(3.4367321642278106+11.095698209140426j)
(3.6543187236325063+11.429438201923848j)
(3.8855195182776865+11.771734728536696j)
(4.131500177253418+12.122974255248167j)
(4.393555455225779+12.483539884276688j)
(4.67312522952049+12.853805282023647j)
(4.971812625033291+13.234126777816401j)
(5.291404532610085+13.624833151191776j)
(5.633894803795533+14.026212500249567j)
(6.001510414079332+14.438495425368256j)
(6.396740881923138+14.861833563303017j)
(6.822371202881259+15.296272256294035j)
(7.281518493593144+15.74171582719523j)
(7.777672419609592+16.197883540735592j)
(8.314739275204035+16.664253847108302j)
(8.897089251161105+17.13999391090644j)
(9.529605908854231+17.623870711415105j)
(10.217736092157486+18.114139151063398j)
(10.967537336229823+18.60840163335607j)
(11.785718113862174+19.10343250398041j)
(12.6796637812655+19.594959674939275j)
(13.657437567188564+20.077394846971895j)
(14.727741047926719+20.543503334757524j)
(15.89981187512554+20.98400514512088j)
(17.183227697520277+21.387101588473783j)
(18.587574027036826+21.73792777670342j)
(20.121920485480587+22.017943053123332j)
(21.794035665805897+22.204291747161093j)
(23.60925887501796+22.26919947631345j)
(25.568943623643747+22.17951954480474j)
(27.668404050542662+21.89661228689327j)
(29.894348809832373+21.376824737770754j)
(32.22190001239585+20.572924469720956j)
(34.61148982364702+19.436895150226512j)
(37.00621033812094+17.92445976572237j)
(39.33052500529034+16.001473175969736j)
(41.49151470538856+13.651837092199933j)
(43.38381761072789+10.885833941329548j)
(44.898880000074385+7.746926279057908j)
(45.93794326369872+4.31453490759812j)
(46.42658555144261+0.7006212493398578j)
(46.32730699576686-2.9606406167915416j)
(45.64647393018632-6.528542046934506j)
(44.43336437415908-9.873236682717641j)
(42.77159414428356-12.890500825821237j)
(40.76560980218048-15.510562139297164j)
(38.52605676160893-17.699925863505356j)
(36.15736167385718-19.457324569577608j)
(33.74938985257448-20.806163448823714j)
(31.373447000935244-21.785934158500908j)
(29.081811918183373-22.44441267957123j)
(26.90956608270287-22.8315782375133j)
(24.87755759035835-22.995464797725006j)
(22.995642565460866-22.979718630003468j)
(21.265687690581053-22.822456020247856j)
(19.684091363047887-22.556003752179524j)
(18.243761609991086-22.2071748441662j)
(16.93558862365036-21.797824816252643j)
(15.749493080131995-21.345519057664887j)
(14.675141096264722-20.86420837757379j)
(13.702409330970138-20.36485659321716j)
(12.821669665328942-19.85599438581497j)
(12.023947731339247-19.344191983442293j)
(11.300995934252708-18.83445339697233j)
(10.645310449076637-18.330539916755665j)
(10.05011302352642-17.835232456777653j)
(9.509311970709012-17.350542478050833j)
(9.01745205743898-16.877880487241935j)
(8.569659674923974-16.418189996773425j)
(8.161587366052913-15.972053633118751j)
(7.789360199504122-15.53977693849422j)
(7.449525414348475-15.121454394674844j)
(7.139006054383774-14.71702132800912j)
(6.855058857077456-14.326294629688016j)
(6.595236378143082-13.949004631347352j)
(6.357353163709647-13.584819995413012j)
(6.139455689028976-13.233367093855716j)
(5.939795739179045-12.894245041385766j)
(5.756806895144612-12.567037304720417j)
(5.5890837958107635-12.251320615989977j)
(5.435363864707952-11.946671765284668j)
(5.294511214462264-11.652672726447966j)
(5.1655024684272774-11.368914474760182j)
(5.047414265774962-11.094999779794735j)
(4.939412242114645-10.830545197195054j)
(4.840741301789376-10.575182436081088j)
(4.750717020020125-10.328559241593275j)
(4.668718032901-10.090339902616266j)
(4.5941792909561325-9.860205471396952j)
(4.526586067627707-9.637853763245614j)
(4.465468627860614-9.422999189806074j)
(4.4103974740456495-9.21537246768058j)
(4.360979097162237-9.014720234882272j)
(4.316852170212213-8.820804600158683j)
(4.277684129096747-8.633402644297915j)
(4.243168093139736-8.45230588778538j)
(4.213020083614629-8.277319735382205j)
(4.186976504027258-8.108262905147773j)
(4.164791850636711-7.944966846994226j)
(4.146236625866984-7.787275153897892j)
(4.131095430952319-7.635042967332697j)
(4.119165217435127-7.488136377246094j)
(4.110253680071263-7.346431815919953j)
(4.104177776333973-7.209815444307593j)
(4.100762360100052-7.078182528874718j)
(4.099838919281688-6.9514368065885535j)
(4.101244409168353-6.829489835465698j)
(4.10482017508933-6.712260328009534j)
(4.110410959714648-6.5996734649309365j)
(4.1178639918958035-6.491660186750456j)
(4.127028155410968-6.388156461235232j)
(4.137753237323018-6.289102525119503j)
(4.14988925687679-6.194442099207314j)
(4.163285876944799-6.104121576755397j)
(4.177791900960898-6.018089185983171j)
(4.1932548590382845-5.936294128650678j)
(4.209520687527939-5.858685697872086j)
(4.2264335066116905-5.785212379682301j)
(4.243835500605583-5.7158209443149195j)
(4.261566905457919-5.650455534656931j)
(4.2794661074225395-5.589056760876617j)
(4.297369856067852-5.531560811727029j)
(4.315113593619089-5.477898594450785j)
(4.332531901131094-5.427994916489631j)
(4.349459060159892-5.381767723261536j)
(4.365729726466323-5.33912740703994j)
(4.3811797098903815-5.299976202375577j)
(4.395646851934771-5.264207683479247j)
(4.40897198987262-5.23170637847032j)
(4.420999993443066-5.202347514347944j)
(4.4315808575195375-5.175996904929656j)
(4.440570831659572-5.1525109918267j)
(4.447833565289237-5.1317370458074745j)
(4.453241245561568-5.113513532688392j)
(4.456675703778637-5.09767064427611j)
(4.458029465771005-5.084030990965805j)
(4.457206721863622-5.072410448517397j)
(4.45412419307474-5.062619147438306j)
(4.44871187199017-5.054462589459432j)
(4.44091361931331-5.047742871973627j)
(4.430687600334331-5.042259998165408j)
(4.418006549388471-5.03781324805253j)
(4.402857854644992-5.03420258389012j)
(4.385243460120895-5.03123006244736j)
(4.365179586470233-5.028701226601101j)
(4.342696276672277-5.026426449492241j)
(4.317836777055452-5.024222206134564j)
(4.290656767977655-5.021912249755582j)
(4.26122346180459-5.019328673182922j)
(4.229614588471132-5.016312839122761j)
(4.195917290810863-5.012716167047137j)
(4.160226952957024-5.008400768458174j)
(4.122645985463935-5.0032399263559935j)
(4.083282590407914-4.997118418657411j)
(4.042249528672678-4.989932688956452j)
(3.9996629100001178-4.981590871277403j)
(3.955641024301216-4.972012678261026j)
(3.910303230295405-4.961129164491173j)
(3.8637689148984737-4.948882378388024j)
(3.816156534025988-4.935224917264374j)
(3.767582742727516-4.9201194007845634j)
(3.718161619909634-4.903537878228923j)
(3.6680039904170307-4.88546118469778j)
(3.6172168449832434-4.865878260760122j)
(3.5659028565730635-4.8447854491315505j)
(3.514159989944802-4.822185780814804j)
(3.462081199871918-4.798088261842317j)
(3.4097542123740903-4.772507170361266j)
(3.357261382507947-4.745461372375063j)
(3.304679621732762-4.716973663034285j)
(3.2520803875702415-4.687070139003214j)
(3.199529728190968-4.655779606136539j)
(3.147088374646344-4.6231330255169345j)
(3.0948118736994865-4.589162999834372j)
(3.0427507545524226-4.553903301144623j)
(2.9909507231970323-4.517388440230104j)
(2.93945287860726-4.479653277096382j)
(2.8882939455130945-4.440732671571766j)
(2.837506519040602-4.400661172522286j)
(2.7871193170442234-4.359472743843596j)
(2.73715743648793-4.317200525135527j)
(2.687642610742933-4.273876624785874j)
(2.638593465147335-4.229531943088744j)
(2.590025768620629-4.18419602297391j)
(2.5419526795335377-4.137896925929647j)
(2.4943849844037236-4.090661130745649j)
(2.447331328317747-4.042513452778303j)
(2.4007984362727375-3.993476981541719j)
(2.3547913248859054-3.9435730345459423j)
(2.309313504140512-3.8928211254343674j)
(2.2643671690268046-3.841238944610157j)
(2.21995338109357-3.7888423506827813j)
(2.1760722400596-3.735645371208671j)
(2.132723045742364-3.681660211337906j)
(2.0899044506482234-3.6268972691165766j)
(2.0476146036369323-3.5713651563229054j)
(2.005851285126606-3.5150707238405183j)
(1.9646120343424722-3.4580190906867947j)
(1.9238942691406866-3.4002136759253934j)
(1.8836953989548038-3.341656232791577j)
(1.844012931420883-3.2823468844529224j)
(1.804844573239675-3.2222841609147257j)
(1.766188325829683-3.1614650366572503j)
(1.7280425763179013-3.099884968665364j)
(1.6904061844021383-3.037537934575214j)
(1.6532785656066298-2.9744164707240652j)
(1.6166597714348963-2.9105117099427997j)
(1.5805505669081326-2.8458134189806557j)
(1.5449525059582445-2.7803100354966825j)
(1.509868005127373-2.713988704593856j)
(1.4753004160060406-2.646835314909619j)
(1.4412540968249605-2.578834534311471j)
(1.4077344835961347-2.5099698452784374j)
(1.374748161182569-2.4402235800801386j)
(1.3423029346572657-2.3695769558925663j)
(1.3104079012971601-2.2980101100180654j)
(1.2790735235397672-2.225502135402468j)
(1.2483117032162243-2.1520311166681085j)
(1.2181358573577277-2.077574166906448j)
(1.1885609958586076-2.0021074654988187j)
(1.159603801263333-1.9256062972601637j)
(1.131282710930666-1.8480450932243844j)
(1.103618001813116-1.7693974734183042j)
(1.0766318780740762-1.6896362919968728j)
(1.0503485617498003-1.6087336851416827j)
(1.0247943866459346-1.5266611221534878j)
(0.999997895641362-1.4433894602016417j)
(0.975989941552116-1.3588890032248715j)
(0.9528037916875968-1.2731295655137693j)
(0.9304752362084611-1.1860805405401076j)
(0.9090427003696321-1.0977109756381098j)
(0.8885473607038715-1.007989653182343j)
(0.8690332651690295-0.9168851789507437j)
(0.8505474572470455-0.8243660784044611j)
(0.8331401039417137-0.730400901666006j)
(0.8168646275772365-0.634958338024317j)
(0.8017778412483615-0.5380073408483613j)
(0.7879400877149928-0.4395172638436532j)
(0.775415381469031-0.33945800964217004j)
(0.7642715536274909-0.23780019177192058j)
(0.7545803992240311-0.13451531111151005j)
(0.7464178263773652-0.02957594799242j)
(0.7398640067113187+0.07704402882837043j)
(0.7350035262846296+0.18536923504594818j)
(0.7319255361583252+0.29542252419968645j)
(0.7307239015826312+0.40722472018932837j)
(0.7314973486248312+0.520794327477528j)
(0.7343496068787382+0.6361472174952004j)
(0.7393895466987669+0.7532962897317755j)
(0.7467313091821878+0.8722511059652266j)
(0.7564944268815865+0.9930174960731444j)
(0.7688039329655293+1.1155971338680277j)
(0.7837904562559657+1.2399870814199638j)
(0.8015902992559997+1.3661793003731748j)
(0.822345495940748+1.4941601288340942j)
(0.8462038457154835+1.6239097225119616j)
(0.8733189195497495+1.755401458933597j)
(0.9038500338745785+1.8886013037424578j)
(0.9379621873821573+2.0234671383283342j)
(0.9758259553967972+2.1599480483354507j)
(1.0176173359950613+2.297983572962134j)
(1.0635175415456506+2.4375029154116397j)
(1.1137127288234792+2.578424115387712j)
(1.1683936603330238+2.7206531851613214j)
(1.22775528896502+2.8640832114769204j)
(1.2919962576193291+3.008593426430123j)
(1.3613183049718147+3.1540482514458636j)
(1.43592556815997+3.3002963196219763j)
(1.5160237728362949+3.4471694829957173j)
(1.6018193008129185+3.5944818127416966j)
(1.6935181254258773+3.7420286019241895j)
(1.7913246048196843+3.8895853822160253j)
(1.8954401236259544+4.036906967944217j)
(2.006061574031832+4.183726542935751j)
(2.123379668048488+4.3297548078913035j)
(2.247577073949128+4.474679208393255j)
(2.3788263714014257+4.618163266119896j)
(2.517287821827683+4.7598460383495365j)
(2.663106953038584+4.899341733335832j)
(2.816411960255478+5.03623951154422j)
(2.977310929308368+5.1701035049759065j)
(3.1458888921028225+5.300473088750701j)
(3.3222047294168746+5.426863440663333j)
(3.506287941715972+5.548766425412369j)
(3.6981353149416147+5.6656518404786755j)
(3.8977075150841696+5.77696906002246j)
(4.104925652703621+5.882149111498687j)
(4.319667866284645+5.980607216772935j)
(4.541765981223655+6.071745825180994j)
(4.771002309117537+6.154958160050897j)
(5.007106659573525+6.22963229256728j)
(5.249753643652028+6.295155747417233j)
(5.498560353906113+6.350920633382548j)
(5.753084510370085+6.396329278986556j)
(6.012823164327004+6.430800338600271j)
(6.277212051797354+6.453775318306944j)
(6.545625685993121+6.464725453677352j)
(6.817378272090419+6.463158853901844j)
(7.091725518261614+6.448627809059522j)
(7.367867403781838+6.4207361403942205j)
(7.644951948124239+6.3791464581112525j)
(7.922080004404153+6.3235871782672115j)
(8.198311076661279+6.253859140678561j)
(8.472670133810615+6.169841664265458j)
(8.744155364431187+6.071497875631083j)
(9.011746786858557+5.958879151558854j)
(9.274415599462365+5.8321285268823795j)
(9.53113412779215+5.691482935979264j)
(9.780886199817106+5.53727417878733j)
(10.022677759079505+5.369928530246359j)
(10.255547509460232+5.1899649446038865j)
(10.478577375449513+4.997991841973275j)
(10.690902559094532+4.794702502506023j)
(10.891720979586646+4.580869131993997j)
(11.080301893815053+4.357335699980999j)
(11.255993515795213+4.1250096859072105j)
(11.41822947894674+3.884852898894288j)
(11.566534016668294+3.6378715611840473j)
(11.700525772152426+3.3851058629548625j)
(11.819920186356084+3.1276192065746997j)
(11.92453045180709+2.8664873610579775j)
(12.014267057853415+2.602787742683126j)
(12.089135988483202+2.3375890259225933j)
(12.149235665630217+2.071941270856919j)
(12.194752757836506+1.8068667301927357j)
(12.225956995513787+1.5433514721427486j)
(12.243195149379181+1.2823379261179226j)
(12.24688433784498+1.0247184277745964j)
(12.237504832394434+0.7713298097550718j)
(12.21559252774385+0.5229490555749078j)
(12.181731236525238+0.28029000752211286j)
(12.136544957121828+0.0440010958625044j)
(12.080690249041309-0.18533596338334268j)
(12.014848833713165-0.40720657104336727j)
(11.939720520731498-0.6211628290368798j)
(11.856016541135808-0.8268223960239173j)
(11.764453351046294-1.023866709172152j)
(11.6657469514366-1.2120386684857265j)
(11.560607753502275-1.3911398790889822j)
(11.4497360043188-1.5610275434797865j)
(11.333817774487326-1.7216110905510378j)
(11.213521498371474-1.8728486215695153j)
(11.089495048346555-2.0147432457502j)
(10.962363317172548-2.1473393699388983j)
(10.832726277049678-2.270718998571026j)
(10.701157479974459-2.384998091774514j)
(10.56820296150898-2.490323021465075j)
(10.434380508813994-2.58686715770576j)
(10.300179253587558-2.674827610599078j)
(10.166059551200503-2.7544221466232415j)
(10.03245310865993-2.8258862926598565j)
(9.899763325886617-2.889470636002087j)
(9.768365817029006-2.9454383243653783j)
(9.638609081021723-2.9940627663223123j)
(9.510815293223965-3.035625529601791j)
(9.38528119265699-3.070414432282829j)
(9.262279042028139-3.098721820017905j)
(9.14205764032041-3.1208430209780884j)
(9.024843370209565-3.1370749691711803j)
(8.910841264902336-3.1477149860784706j)
(8.800236081163286-3.153059710147507j)
(8.693193367289046-3.1534041635001255j)
(8.58986051660407-3.1490409452412123j)
(8.490367798682799-3.1402595409325573j)
(8.39482936196155-3.1273457380968415j)
(8.303344202690942-3.110581138013015j)
(8.215997096308874-3.0902427545248297j)
(8.132859488299394-3.0666026910895825j)
(8.053990342446639-3.039927887830204j)
(7.97943694511948-3.010479930898032j)
(7.9092356648344255-2.9785149170025855j)
(7.843412666858117-2.94428336650296j)
(7.78198458303621-2.9080301789790837j)
(7.724959137383899-2.869994625702984j)
(7.672335728252877-2.830410373907804j)
(7.624105968112187-2.7895055382025404j)
(7.580254182150979-2.747502754901762j)
(7.540757867039166-2.704619275428436j)
(7.505588111274049-2.6610670753122365j)
(7.474709978601762-2.6170529756349716j)
(7.448082856037111-2.5727787740784525j)
(7.425660768021703-2.528441383005655j)
(7.407392658256163-2.4842329722538246j)
(7.393222640728812-2.4403411145435134j)
(7.383090221435685-2.396948931607067j)
(7.376930492253937-2.3542352393185944j)
(7.374674298392837-2.312374690265717j)
(7.376248380801363-2.271537912343002j)
(7.3815754948706065-2.2318916420680774j)
(7.390574506721795-2.193598851426806j)
(7.403160468327903-2.1568188671463258j)
(7.419244672675086-2.1217074813702053j)
(7.438734690130296-2.08841705277642j)
(7.461534387146301-2.0570965972326563j)
(7.48754392840325-2.0278918671270043j)
(7.51665976346028-2.0009454185472255j)
(7.548774598968929-1.9763966655084686j)
(7.583777357485338-1.9543819204486337j)
(7.6215531239093695-1.9350344202242622j)
(7.66198308057765-1.9184843368462987j)
(7.70494443204238-1.9048587721999057j)
(7.750310320582228-1.8942817359898747j)
(7.797949733512794-1.8868741061508487j)
(7.847727403394717-1.8827535709548626j)
(7.899503702277913-1.8820345520420643j)
(7.9531345311685575-1.8848281075938689j)
(8.008471205966288-1.891241814859918j)
(8.065360341188114-1.9013796312474944j)
(8.123643732875975-1.9153417331801683j)
(8.183158242179575-1.9332243319356333j)
(8.243735681206328-1.9551194656819113j)
(8.305202702849652-1.9811147669487983j)
(8.367380696433303-2.0112932047967296j)
(8.43008569114984-2.0457328009841023j)
(8.493128269424718-2.0845063194834306j)
(8.55631349250235-2.127680928766654j)
(8.619440840725762-2.1753178363621735j)
(8.682304171169939-2.22747189529581j)
(8.744691695485505-2.284191182156927j)
(8.806385981014094-2.345516546690566j)
(8.867163978450115-2.41148113300508j)
(8.92679707953741-2.482109872708399j)
(8.985051208508702-2.5574189505478166j)
(9.041686951186213-2.637415243430236j)
(9.09645972587203-2.72209573404976j)
(9.149120000348214-2.811446900744075j)
(9.199413559481972-2.905444085651938j)
(9.247081828080002-3.004050843746037j)
(9.29186225374908-3.107218275876171j)
(9.333488754588737-3.2148843495760993j)
(9.371692236555385-3.326973212064596j)
(9.406201185285212-3.4433945006055233j)
(9.436742337028441-3.5640426561811585j)
(9.463041433122005-3.6887962472742366j)
(9.484824062093013-3.817517311436053j)
(9.501816593026472-3.9500507232377586j)
(9.513747203236491-4.086223598140137j)
(9.520347002529165-4.225844742764007j)
(9.521351255430604-4.368704162974943j)
(9.516500701657701-4.5145726420919186j)
(9.505542973823797-4.663201402361842j)
(9.488234109890772-4.814321863578957j)
(9.4643401561968-4.967645513334286j)
(9.43363885501277-5.122863903820869j)
(9.395921408513844-5.279648790348155j)
(9.350994308814647-5.437652426694525j)
(9.29868122133101-5.596508032105775j)
(9.238824906233008-5.7558304440815755j)
(9.171289160184347-5.915216970045901j)
(9.095960757979963-6.074248449527032j)
(9.012751371158405-6.232490536552848j)
(8.921599438257083-6.389495209572441j)
(8.822471959177182-6.544802513335105j)
(8.715366184223539-6.697942533803236j)
(8.600311166883904-6.848437603356966j)
(8.477369148400081-6.995804729317315j)
(8.346636741772494-7.139558234225346j)
(8.208245883104338-7.279212591451392j)
(8.062364519226179-7.414285434678109j)
(7.909197002399731-7.544300714724742j)
(7.748984165631571-7.66879197220388j)
(7.582003055744022-7.787305689784818j)
(7.408566305845283-7.899404683540946j)
(7.229021134159301-8.004671489162881j)
(7.043747962241504-8.10271169588386j)
(6.8531586522980925-8.1931571789484j)
(6.657694370491696-8.275669180497658j)
(6.457823090570165-8.349941188949018j)
(6.254036759690292-8.415701568391636j)
(6.04684815569435-8.472715892232273j)
(5.836787472100607-8.520788939293707j)
(5.624398673451992-8.559766315729512j)
(5.410235669205582-8.589535672361352j)
(5.194858358841217-8.610027494212979j)
(4.978828604149514-8.621215446910567j)
(4.762706186601987-8.623116273011872j)
(4.547044808232018-8.615789239965057j)
(4.332388193536511-8.599335150012596j)
(4.119266347575626-8.57389493068694j)
(3.908192021783283-8.539647832332497j)
(3.699657434132946-8.496809266105755j)
(3.4941312844066803-8.445628321954326j)
(3.2920560985958893-8.386385010997927j)
(3.093845929151364-8.319387280420548j)
(2.8998844301354145-8.244967851372706j)
(2.7105233185621254-8.163480931466328j)
(2.5260812255676357-8.07529885325533j)
(2.3468429337557786-7.980808688717873j)
(2.1730589902947535-7.88040888730363j)
(2.0049456792645723-7.774505981728222j)
(1.8426853314826137-7.663511401555751j)
(1.6864269456563825-7.5478384298817245j)
(1.5362870912677433-7.427899333300885j)
(1.392351061092392-7.304102689988472j)
(1.25467423967929-7.176850935310927j)
(1.123283653404545-7.046538139060386j)
(0.9981796678024678-6.913548023309019j)
(0.8793377986706447-6.7782522251114505j)
(0.7667106048464865-6.641008803931589j)
(0.6602296324531942-6.502160989795352j)
(0.5598073827030744-6.362036164810173j)
(0.46533927792359125-6.220945067867068j)
(0.37670560323355096-6.079181210045732j)
(0.2937734041570126-5.937020486468687j)
(0.2163983233363563-5.794720969062127j)
(0.14442636232939332-5.652522863846037j)
(0.0776955571879479-5.510648615945802j)
(0.016037559074579075-5.36930314544705j)
(-0.04072088645510269-5.22867419745051j)
(-0.09275656571676648-5.088932790176381j)
(-0.14024853098677134-4.950233745667337j)
(-0.183376942991481-4.812716288500912j)
(-0.2223220208991763-4.676504698901854j)
(-0.2572630976689527-4.541709007705486j)
(-0.2883777775764173-4.408425721731204j)
(-0.31584119190155874-4.276738569249714j)
(-0.33982534811289217-4.14671925634744j)
(-0.3604985673972343-4.018428226083352j)
(-0.37802500504790837-3.89191541338411j)
(-0.3925642480171855-3.7672209896192337j)
(-0.40427098384426224-3.6443760917312513j)
(-0.4132947351707305-3.523403531659438j)
(-0.41977965413563006-3.404318482588422j)
(-0.42386437108690583-3.287129139270598j)
(-0.42568189224295067-3.1718373503175594j)
(-0.4253595411736031-3.0584392209294258j)
(-0.4230189392360824-2.946925685037761j)
(-0.418776020386513-2.83728304627834j)
(-0.4127410760862898-2.729493487591259j)
(-0.405018826326076-2.6235355495708013j)
(-0.3957085130950407-2.519384577960742j)
(-0.3849040129226979-2.4170131409180384j)
(-0.3726939654136884-2.31639141685267j)
(-0.3591619149775505-2.2174875537990157j)
(-0.34438646322554123-2.120268001389559j)
(-0.32844142976144075-2.024697816585629j)
(-0.31139601933442557-1.9307409443826558j)
(-0.2933149935462452-1.8383604747435232j)
(-0.2742588455144791-1.7475188770356112j)
(-0.2542839760863664-1.6581782132505627j)
(-0.2334428703758083-1.5703003312772836j)
(-0.21178427355857637-1.4838470394793863j)
(-0.18935336500894615-1.398780263799786j)
(-0.16619192999583682-1.3150621885803526j)
(-0.14233852827761592-1.2326553822436057j)
(-0.11782865904455385-1.1515229089393009j)
(-0.09269492175563694-1.0716284272108283j)
(-0.06696717250436149-0.9929362766877983j)
(-0.040672675625581814-0.9154115537598864j)
(-0.013836250325045943-0.8390201771375073j)
(0.013519587826435479-0.7637289441533267j)
(0.04137449063807946-0.6895055786099353j)
(0.06971014634112072-0.6163187709294701j)
(0.09851015394382778-0.5441382113145707j)
(0.12775990288092565-0.4729346165835518j)
(0.1574464579074741-0.4026797512993945j)
(0.1875584491615094-0.33334644376962264j)
(0.21808596729677074-0.26490859745434303j)
(0.24902046356816085-0.19734119828109603j)
(0.28035465473603405-0.13062031832909185j)
(0.31208243264203733-0.06472311631136622j)
(0.3441987782980165+0.00037216475015411365j)
(0.3766996803199999+0.06468620229104574j)
(0.40958205753187504+0.12823860107699162j)
(0.4428436855571451+0.1910479018736834j)
(0.4764831272122832+0.2531315916316831j)
(0.5104996665115726+0.3145061149281358j)
(0.5448932460903353+0.37518688643041986j)
(0.579664407851468+0.4351883041687614j)
(0.6148142366387253+0.4945237634258533j)
(0.650344306739691+0.553205671071486j)
(0.6862566310204438+0.6112454601888411j)
(0.7225536124947814+0.6686536048580302j)
(0.7592379981307746+0.7254396349797454j)
(0.7963128346986191+0.7816121510388502j)
(0.8337814264647636+0.837178838724938j)
(0.8716472945388972+0.8921464833424659j)
(0.9099141376824205+0.9465209839598903j)
(0.94858579438875+1.0003073672622853j)
(0.987666206049299+1.053509801088422j)
(1.0271593810211899+1.1061316076482433j)
(1.0670693594171745+1.1581752764331128j)
(1.1074001784418912+1.2096424768463236j)
(1.1481558381039008+1.2605340705977424j)
(1.18934026713831+1.310850123922091j)
(1.2309572889816136+1.3605899196969524j)
(1.2730105876478799+1.4097519695524412j)
(1.3155036733637797+1.4583340260811513j)
(1.3584398478305206+1.5063330952736504j)
(1.4018221689913324+1.5537454493208365j)
(1.4456534151966198+1.6005666399414378j)
(1.489936048673091+1.6467915124089738j)
(1.5346721782196606+1.6924142204685384j)
(1.5798635210712308+1.7374282423491347j)
(1.6255113638919336+1.7818263980923608j)
(1.6716165228820328+1.8256008684317635j)
(1.718179303007778+1.8687432154703267j)
(1.7651994563907942+1.9112444054140825j)
(1.812676139923495+1.9530948336298566j)
(1.8606078722095056+1.9942843523018197j)
(1.9089924899625395+2.034802300965624j)
(1.9578271040347792+2.074637540201314j)
(2.0071080552846055+2.1137784887623305j)
(2.056830870535445+2.1522131644130766j)
(2.1069902189199747+2.1899292287353767j)
(2.157579868948572+2.226914036148889j)
(2.2085926466859704+2.263154687368233j)
(2.260020395465119+2.298638087492228j)
(2.311853937612395+2.3333510088860225j)
(2.3640830387014318+2.3672801589759205j)
(2.416696374894414+2.4004122530280285j)
(2.4696815039673106+2.4327340919263123j)
(2.5230248406492457+2.4642326449022325j)
(2.5767116369340735+2.4948951370977515j)
(2.630725968042952+2.5247091417657237j)
(2.685050724730014+2.553662676827985j)
(2.7396676126253223+2.5817443054208207j)
(2.7945571593027334+2.6089432399637085j)
(2.8496987297390683+2.6352494491878833j)
(2.90507055079848+2.660653767461446j)
(2.960649745327725+2.685148005646505j)
(3.0164123763857167+2.7087250626248927j)
(3.0723335020517686+2.7313790365331867j)
(3.128387241163687+2.753105334659488j)
(3.184546850226354+2.7739007808732623j)
(3.240784811607666+2.793763719391863j)
(3.297072933000149+2.812694113632329j)
(3.3533824579758753+2.8306936388597252j)
(3.4096841873024495+2.8477657673253285j)
(3.465948610519052+2.863915844590427j)
(3.5221460470998975+2.879151155759252j)
(3.578246796357988+2.8934809803946844j)
(3.634221295072848+2.9069166349683093j)
(3.690040281660887+2.919471501798386j)
(3.7456749655552+2.931161043557934j)
(3.8010972003244308+2.942002802586917j)
(3.8562796589418755+2.952016384416829j)
(3.9111960095222775+2.9612234251103398j)
(3.9658210897750075+2.969647542227458j)
(4.020131078384707+2.977314269452292j)
(4.074103661523551+2.9842509751430204j)
(4.1277181927257836+2.9904867652990204j)
(4.180955844415042+2.9960523716679344j)
(4.233799749468966+3.0009800259346737j)
(4.286235131330014+3.005303321141584j)
(4.338249421326169+3.009057061675766j)
(4.389832362046926+3.0122771033244526j)
(4.44097609582235+3.0150001850360266j)
(4.491675237575561+3.017263754130662j)
(4.54192693155197+3.0191057867780624j)
(4.591730891671484+3.0205646055983846j)
(4.641089425492131+3.0216786962466156j)
(4.690007442013945+3.022486524809166j)
(4.7384924437829445+3.023026357778319j)
(4.786554503971456+3.023336086273956j)
(4.834206229310307+3.0234530560599304j)
(4.881462709925079+3.023413904753841j)
(4.928341457280761+3.0232544074618386j)
(4.974862331563872+3.0230093318858096j)
(5.021047459928009+3.022712303755229j)
(5.066921147096302+3.022395683234257j)
(5.1125097798532115+3.0220904527503727j)
(5.1578417269698384+3.021826116489058j)
(5.202947236091655+3.021630611602432j)
(5.247858329079495+3.0215302309927874j)
(5.292608697233932+3.021549557357051j)
(5.337233597755022+3.0217114080170653j)
(5.381769752694373+3.022036789916047j)
(5.426255251550591+3.022544864033602j)
(5.470729458541922+3.023252918361472j)
(5.5152329254680055+3.0241763484899375j)
(5.559807310945267+3.0253286447790897j)
(5.60449530667344+3.026721385030363j)
(5.649340571263295+3.0283642315303267j)
(5.694387672031418+3.0302649313081362j)
(5.739682035048472+3.0324293184310203j)
(5.785269903612048+3.034861317154161j)
(5.831198305207456+3.0375629447433097j)
(5.877515026917648+3.0405343127957334j)
(5.924268599148221+3.04377362589886j)
(5.971508287444868+3.0472771764819004j)
(6.0192840920981086+3.0510393347334004j)
(6.067646755152225+3.0550525324762816j)
(6.116647774362473+3.059307239908392j)
(6.166339423574757+3.063791934131183j)
(6.216774778933005+3.0684930584006094j)
(6.268007750252434+3.0733949710412185j)
(6.320093116826303+3.078479882967146j)
(6.37308656686232+3.083727782751314j)
(6.427044739666128+3.0891163481763595j)
(6.482025269604891+3.0946208431883075j)
(6.538086830789241+3.1002139991569146j)
(6.595289181306467+3.1058658793245963j)
(6.653693205716677+3.111543725301955j)
(6.713360954387786+3.1172117844407565j)
(6.774355678088085+3.1228311168886655j)
(6.836741856076942+3.1283593811044366j)
(6.9005852157302705+3.1337505965911236j)
(6.965952741504663+3.138954882591088j)
(7.032912670780601+3.1439181714834357j)
(7.101534473825832+3.1485818956370277j)
(7.171888814782786+3.1528826465053448j)
(7.244047490205318+3.1567518048105394j)
(7.31808334124553+3.160115140759438j)
(7.394070135121935+3.162892383373721j)
(7.472082410976767+3.1649967582113634j)
(7.552195284660227+3.1663344930174406j)
(7.63448420635243+3.166804291185659j)
(7.719024664259526+3.1662967733533187j)
(7.805891826895388+3.164693888011265j)
(7.895160115693713+3.1618682927078487j)
(7.986902698894541+3.1576827082882506j)
(8.081190896827762+3.151989249662838j)
(8.178093487892486+3.1446287378712947j)
(8.277675903732039+3.1354299997370427j)
(8.379999301361266+3.124209163219886j)
(8.485119499361533+3.1107689587117j)
(8.593085764775598+3.0948980390140437j)
(8.703939437075192+3.0763703336199937j)
(8.81771237563124+3.0549444562224672j)
(8.934425217587233+3.030363188107157j)
(9.054085434050052+3.0023530642648653j)
(9.176685174211146+2.970624093662343j)
(9.302198889562495+2.934869650101666j)
(9.430580733964497+2.894766575402894j)
(9.561761740158456+2.8499755421400517j)
(9.69564677961472+2.800141728672653j)
(9.832111320581914+2.7448958644951116j)
(9.970998009065577+2.683855708648743j)
(10.112113109380905+2.6166280276837184j)
(10.255222855019953+2.5428111418987425j)
(10.40004977686288+2.461998108692955j)
(10.546269094144009+2.3737806091076883j)
(10.693505273765597+2.277753597190433j)
(10.84132888501638+2.173520760805323j)
(10.989253898698076+2.060700826052221j)
(11.136735600958493+1.938934714723122j)
(11.28316931128083+1.807893534557582j)
(11.42789010922142+1.667287345092457j)
(11.570173783409798+1.5168745977020113j)
(11.709239216556906+1.356472097653694j)
(11.844252409156812+1.1859652800854257j)
(11.974332319715742+1.0053185330454175j)
(12.098558658561165+0.8145852424073582j)
(12.215981714182728+0.6139171798124621j)
(12.32563421533514+0.4035728108690056j)
(12.426545140008171+0.183924072262472j)
(12.517755276850325-0.04453884108681082j)
(12.598334230740994-0.2812051189423223j)
(12.667398448910285-0.525343799889721j)
(12.724129735957026-0.7761073666261856j)
(12.767793635011897-1.0325386695593406j)
(12.797756988012802-1.2935812353748752j)
(12.813503959528738-1.5580928561648417j)
(12.81464982256126-1.8248621832869927j)
(12.800951864780666-2.0926278809085073j)
(12.772316879111887-2.3600997408781326j)
(12.728804848386824-2.62598103658653j)
(12.670628610554957-2.8889913102930804j)
(12.598149485835604-3.1478887541696303j)
(12.511869045206709-3.4014913636831836j)
(12.412417385268412-3.6486961116150383j)
(12.30053843359919-3.8884955058124144j)
(12.177072929882387-4.11999104346105j)
(12.04293980398228-4.342403246238614j)
(11.899116700026267-4.555078139939177j)
(11.74662037717396-4.757490215272868j)
(11.586487658812525-4.949242061595479j)
(11.419757510989541-5.130060993265871j)
(11.247454718207537-5.299793083551205j)
(11.070575500868436-5.458395081407882j)
(10.89007529357591-5.605924713118515j)
(10.70685878553663-5.7425298672489316j)
(10.521772219777036-5.868437132997012j)
(10.335597860921048-5.983940114936091j)
(10.149050473851995-6.089387887753638j)
(9.96277560787981-6.185173888779862j)
(9.777349451786435-6.271725478980079j)
(9.593280012101207-6.349494338687202j)
(9.411009367348045-6.418947805604459j)
(9.2309167618119-6.480561211367191j)
(9.053322320660715-6.534811230154751j)
(8.878491191375762-6.582170218668242j)
(8.706637942123772-6.623101500862959j)
(8.537931074111409-6.658055532389492j)
(8.372497530717299-6.6874668677749485j)
(8.210427110299701-6.711751846895968j)
(8.051776711407873-6.731306915180519j)
(7.896574358327435-6.746507493223634j)
(7.744822971350099-6.757707315210374j)
(7.596503859916977-6.765238160937473j)
(7.451579928006444-6.769409912674455j)
(7.309998590049208-6.770510875096257j)
(7.1716944025274065-6.768808303659945j)
(7.036591421529422-6.764549093799678j)
(6.904605300169895-6.757960589972588j)
(6.775645142197675-6.749251479771045j)
(6.64961512954552-6.7386127439479155j)
(6.526415942226737-6.726218638244796j)
(6.405945989037772-6.712227687367249j)
(6.2881024671313-6.696783675333123j)
(6.1727822678074205-6.680016619765352j)
(6.059882744932944-6.662043720551019j)
(5.949302361320856-6.6429702756919005j)
(5.840941227247476-6.622890559176331j)
(5.734701544104881-6.601888657357843j)
(5.630487965010324-6.5800392616755365j)
(5.528207883059673-6.557408416640787j)
(5.427771656824636-6.534054222879291j)
(5.32909278167583-6.51002749569512j)
(5.232088014565634-6.485372380141714j)
(5.136677459033911-6.460126923973484j)
(5.04278461640366-6.434323610131162j)
(4.950336408411732-6.407989850606582j)
(4.859263175871009-6.381148443654413j)
(4.769498657376341-6.353817996382228j)
(4.680979951547507-6.326013314771598j)
(4.593647465840071-6.297745763167934j)
(4.507444854546777-6.2690235952366065j)
(4.42231894825076-6.239852258322936j)
(4.33821967667554-6.210234673079564j)
(4.255099986598668-6.180171490141602j)
(4.172915756252425-6.149661325540568j)
(4.091625707424482-6.118700976456059j)
(4.011191316285467-6.087285618810845j)
(3.9315767238121015-6.055408988123036j)
(3.852748646535328-6.023063544939055j)
(3.7746762882231737-5.990240626083977j)
(3.697331253005558-5.956930582883337j)
(3.6206874603587957-5.923122907431027j)
(3.544721062291579-5.888806347904323j)
(3.46941036300846-5.8539690138571245j)
(3.394735741270834-5.818598472358054j)
(3.3206795756266576-5.78268183577923j)
(3.247226172639654-5.746205841987014j)
(3.1743616982118894-5.709156927633564j)
(3.1020741120642708-5.671521295201812j)
(3.0303531054120607-5.6332849744130735j)
(2.9591900418499786-5.594433878566948j)
(2.8885779014409776-5.554953856347248j)
(2.8185112279851836-5.514830739594858j)
(2.7489860794295193-5.474050387518629j)
(2.6799999813636086-5.432598727787571j)
(2.6115518835349016-5.390461794923449j)
(2.54364211930283-5.347625766389373j)
(2.476272367940243-5.304076996749382j)
(2.409445619678414-5.259802050254408j)
(2.3431661433811803-5.214787732192313j)
(2.2774394567217526-5.169021119322319j)
(2.212272298724466-5.122489589698483j)
(2.1476726045227807-5.0751808521713135j)
(2.083649482171969-5.0270829758417115j)
(2.02021319134397-4.978184419726552j)
(1.95737512371842-4.928474062880539j)
(1.895147784872477-4.877941235204098j)
(1.8335447774577522-4.826575749151128j)
(1.7725807854412106-4.7743679325354105j)
(1.7122715591721305-4.721308662616481j)
(1.6526339010255688-4.667389401629199j)
(1.5936856513585165-4.612602233901538j)
(1.5354456745028602-4.556939904685512j)
(1.4779338445068557-4.5003958608045975j)
(1.421171030324801-4.442964293197945j)
(1.3651790801439674-4.384640181417304j)
(1.3099808045280814-4.3254193401064205j)
(1.2555999580477728-4.265298467464804j)
(1.202061219061781-4.204275195668081j)
(1.149390167307532-4.142348143186536j)
(1.0976132589564798-4.079516968910045j)
(1.0467577987892651-4.015782427953681j)
(0.9968519091478473-3.951146428982643j)
(0.9479244953267323-3.885612092858191j)
(0.9000052070743103-3.8191838123688124j)
(0.8531243958866166-3.751867312771833j)
(0.807313067792701-3.6836697128325757j)
(0.7626028313499098-3.614599586008678j)
(0.7190258405921004-3.5446670213893396j)
(0.6766147327024984-3.4738836839613385j)
(0.6354025602160761-3.4022628737379486j)
(0.5954227175943089-3.329819583252216j)
(0.5567088620577693-3.256570552884736j)
(0.5192948286092466-3.1825343234677077j)
(0.483214539231159-3.107731285581389j)
(0.4485019062976105-3.0321837249397015j)
(0.41519073029993914-2.9559158632455005j)
(0.3833145920488895-2.8789538938865666j)
(0.35290673958119056-2.801326011839672j)
(0.32399997006799774-2.7230624371534473j)
(0.2966265070915745-2.6441954313907763j)
(0.27081787372809035-2.564759306430001j)
(0.24660476194514147-2.484790425050304j)
(0.22401689889239068-2.404327192760863j)
(0.20308291073206594-2.323410040376491j)
(0.18383018472074386-2.2420813968935622j)
(0.16628473031536462-2.160385652279826j)
(0.15047104013167772-2.0783691098587647j)
(0.13641195163372502-1.9960799280450743j)
(0.12412851047455145-1.9135680512690456j)
(0.11363983644342607-1.830885130016871j)
(0.10496299299885592-1.7480844300071392j)
(0.09811286138233137-1.6652207306220521j)
(0.09310202031177159-1.5823502128134481j)
(0.08994063224639375-1.4995303368063617j)
(0.08863633719645314-1.4168197100278106j)
(0.08919415502051539-1.3342779457900298j)
(0.09161639711050933-1.2519655133596441j)
(0.09590258831068231-1.169943580139516j)
(0.10204939985128157-1.0882738467830946j)
(0.1100505940011013-1.0070183761445255j)
(0.11989698105734338-0.926239417045416j)
(0.13157638919579578-0.8459992239059888j)
(0.14507364760120323-0.766359873345247j)
(0.16037058318843297-0.6873830789001277j)
(0.17744603111005403-0.6091300050465331j)
(0.19627585912799067-0.5316610817251441j)
(0.21683300580634957-0.45503582058221553j)
(0.23908753236234645-0.3793126341282918j)
(0.2630066878928823-0.30454865899803896j)
(0.28855498757811465-0.23079958446152268j)
(0.3156943033519076-0.15811948729110814j)
(0.3443839664232705-0.08656067403069354j)
(0.37458088093477426-0.01617353164526131j)
(0.40623964795473033+0.052993612549853616j)
(0.43931269891965646+0.12089462086802229j)
(0.473750437574636+0.18748566442158904j)
(0.5095013894015479+0.2527253308670698j)
(0.5465123574784144+0.31657472021448985j)
(0.5847285836798316+0.37899752829841016j)
(0.6240939141060866+0.43996011761840137j)
(0.6645509676188809+0.4994315753668906j)
(0.7060413063637966+0.5573837585710114j)
(0.7485056071725222+0.6137913263816828j)
(0.7918838327618107+0.6686317596449468j)
(0.8361154016804999+0.7218853679890702j)
(0.8811393559978933+0.7735352847512714j)
(0.9268945257788026+0.8235674501538772j)
(0.9733196894476304+0.8719705832161943j)
(1.0203537292089757+0.9187361429586234j)
(1.0679357807604886+0.9638582795161021j)
(1.1160053766067686+1.0073337758309089j)
(1.1645025823593027+1.0491619806386072j)
(1.2133681254841342+1.0893447334964985j)
(1.262543516037685+1.12788628263059j)
(1.3119711590089973+1.164793196396116j)
(1.3615944579641914+1.2000742691573894j)
(1.4113579097636373+1.2337404223964326j)
(1.4612071901963983+1.2658046018566527j)
(1.5110892304454742+1.296281671517747j)
(1.5609522843649397+1.32518830518348j)
(1.6107459866121758+1.3525428764426803j)
(1.6604214017375798+1.3783653477394593j)
(1.7099310643879673+1.402677159259697j)
(1.7592290108297122+1.425501118308463j)
(1.8082708020434348+1.4468612898189994j)
(1.85701353868164+1.4667828885962908j)
(1.9054158682178293+1.4852921738604836j)
(1.9534379846467091+1.5024163466157818j)
(2.001041621122876+1.5181834503301914j)
(2.048190035948911+1.53262227537181j)
(2.094847992343172+1.5457622676064469j)
(2.140981732434365+1.5576334415229856j)
(2.1865589459421875+1.5682662982126816j)
(2.2315487340140283+1.5776917484920698j)
(2.275921568694596+1.585941041421614j)
(2.3196492485105145+1.5930456984374717j)
(2.3627048506552093+1.5990374532792246j)
(2.405062680260159+1.6039481978646282j)
(2.446698217239027+1.607809934230651j)
(2.487588061189446+1.6106547326310903j)
(2.527709874835433+1.6125146958523573j)
(2.567042326490279+1.6134219297822197j)
(2.605565032017025+1.6134085202407318j)
(2.6432584967596724+1.612506516057114j)
(2.6801040579155457+1.6107479183530415j)
(2.7160838278154613+1.608164675968958j)
(2.7511806385755424+1.6047886869470458j)
(2.7853779885821717+1.6006518059616208j)
(2.8186599912687167+1.5957858575647277j)
(2.8510113266415007+1.5902226550907554j)
(2.882417196010617+1.5839940250402003j)
(2.9128632803802614+1.5771318367366933j)
(2.9423357029519766+1.5696680370249965j)
(2.970820996193651+1.5616346897491962j)
(2.9983060739254+1.5530640197193757j)
(3.024778208871687+1.5439884608424215j)
(3.0502250161264026+1.5344407080572133j)
(3.0746344429729597+1.5244537726752099j)
(3.0979947654956685+1.514061040686572j)
(3.12029459240938+1.503296333546394j)
(3.141522876522833+1.4921939709073817j)
(3.1616689342345237+1.4807888347130878j)
(3.1807224734396233+1.4691164340107832j)
(3.1986736301990053+1.4572129697836602j)
(3.215513014488763+1.4451153990411953j)
(3.231231765306627+1.43286149734168j)
(3.2458216153621686+1.4204899188550746j)
(3.2592749655172213+1.4080402530077072j)
(3.2715849690721446+1.3955530766826256j)
(3.2827456259104855+1.3830700008847057j)
(3.2927518864184164+1.3706337107163993j)
(3.3015997649858964+1.3582879974526167j)
(3.309286462772109+1.3460777814523417j)
(3.315810499279074+1.3340491246033443j)
(3.3211718521236246+1.3222492309668317j)
(3.3253721042301723+1.3107264342748457j)
(3.328414597484628+1.2995301709368932j)
(3.3303045916962803+1.2887109372376633j)
(3.3310494275102203+1.278320229457667j)
(3.330658691700468+1.2684104657267519j)
(3.329144383058135+1.2590348885299403j)
(3.3265210768724103+1.2502474469287361j)
(3.322806085789775+1.242102657741016j)
(3.318019614636162+1.234655445141911j)
(3.3121849066015354+1.2279609584063478j)
(3.305328378025849+1.2220743678121053j)
(3.297479738895819+1.2170506390590377j)
(3.2886720960719242+1.2129442869333675j)
(3.2789420362223267+1.2098091093506507j)
(3.268329685452239+1.2076979033432245j)
(3.2568787426923556+1.2066621650084792j)
(3.2446364840528163+1.2067517758960722j)
(3.2316537355663657+1.208014678772216j)
(3.217984812038693+1.2104965461480957j)
(3.203687420096728+1.2142404453806266j)
(3.1888225239763788+1.2192865045365209j)
(3.1734541731152652+1.225671583536429j)
(3.157649291207834+1.2334289553536208j)
(3.1414774270290744+1.2425880022150215j)
(3.1250104680273028+1.2531739318299466j)
(3.1083223184094826+1.2652075186426872j)
(3.0914885441783766+1.278704874961864j)
(3.074585988306644+1.2936772565565617j)
(3.0576923599313353+1.310130906927432j)
(3.040885802097891+1.328066943961526j)
(3.024244443157413+1.3474812920725434j)
(3.007845937401502+1.3683646622224226j)
(2.9917670008912305+1.3907025814346203j)
(2.976082948681272+1.4144754725609108j)
(2.9608672397507316+1.4396587841761601j)
(2.9461910359176304+1.466223169572685j)
(2.9321227808363894+1.4941347129337985j)
(2.918727804856812+1.5233551999103614j)
(2.9060679610703324+1.553842429029162j)
(2.8942012972949023+1.5855505596505772j)
(2.883181768072654+1.6184304915855603j)
(2.8730589899940786+1.652430270992732j)
(2.8638780428417188+1.687495516819693j)
(2.855679318190442+1.723569861831711j)
(2.8484984162343827+1.760595402191808j)
(2.8423660907573445+1.7985131496124755j)
(2.837308241347378+1.8372634802856627j)
(2.8333459511963928+1.8767865751024637j)
(2.8304955681412594+1.9170228460822285j)
(2.828768826006777+1.957913344425913j)
(2.828173002813605+1.9994001461719517j)
(2.8287111120222868+2.0414267120440455j)
(2.8303821226997994+2.08393821872164j)
(2.8331812043169764+2.1268818594138965j)
(2.837099991808749+2.170207112262331j)
(2.842126866548129+2.2138659757176686j)
(2.8482472489888737+2.2578131706213247j)
(2.85544389891131+2.302006309260154j)
(2.863697219447352+2.346406032145361j)
(2.872985561353981+2.3909761136888092j)
(2.883285524334778+2.4356835383075772j)
(2.894572252566294+2.4804985487802247j)
(2.906819721958352+2.5253946689066367j)
(2.92000101705425+2.570348702690138j)
(2.9340885958500644+2.6153407123690964j)
(2.9490545411739624+2.660353977681871j)
(2.9648707976103026+2.7053749387571475j)
(2.9815093932744907+2.750393124990205j)
(2.9989426460402178+2.7954010721976346j)
(3.0171433540869512+2.8403942302478495j)
(3.0360849708729734+2.885370863245397j)
(3.055741764846092+2.930331944211948j)
(3.076088964381471+2.9752810460583694j)
(3.0971028885848826+3.020224230487472j)
(3.118761064721612+3.0651699363084437j)
(3.1410423331280546+3.110128868485413j)
(3.163926940537667+3.155113889087412j)
(3.1873966228065145+3.2001399111568634j)
(3.2114346780602+3.245223796371255j)
(3.236026031304502+3.2903842572381214j)
(3.2611572915501794+3.3356417644394427j)
(3.286816802499483+3.381018459826707j)
(3.3129946878308054+3.4265380754643573j)
(3.339682892100238+3.472225859025751j)
(3.366875218256497+3.518108505762647j)
(3.394567362740577+3.564214097196103j)
(3.422756949114782+3.6105720466128597j)
(3.4514435611393472+3.657213051396319j)
(3.4806287761889547+3.704169052174469j)
(3.5103161998784533+3.751473198727715j)
(3.5405115027463614+3.799159822566624j)
(3.5712224598289857+3.8472644160634033j)
(3.602458993945516+3.8958236179981554j)
(3.6342332235091064+3.944875205364877j)
(3.666559515677331+3.994458091267132j)
(3.6994545456629004+4.044612328723307j)
(3.732937363037578+4.0953791201921215j)
(3.767029465883887+4.146800832621163j)
(3.801754883678127+4.198921017815289j)
(3.837140269826024+4.251784437913303j)
(3.873215004820092+4.305437095754249j)
(3.9100113110454626+4.359926269904474j)
(3.9475643803294367+4.415300554103637j)
(3.98591251541107+4.471609900872716j)
(4.025097286600318+4.528905669004969j)
(4.065163705004398+4.587240674635311j)
(4.106160413821801+4.646669245549143j)
(4.148139899344091+4.707247278349101j)
(4.191158723465056+4.769032298045849j)
(4.235277779674315+4.832083519572777j)
(4.280562574715015+4.896461910645009j)
(4.327083538311008+4.962230255284367j)
(4.374916363622801+5.029453217213356j)
(4.424142381376485+5.098197402176913j)
(4.4748489709282415+5.168531418077014j)
(4.527130011883291+5.2405259315963555j)
(4.5810863802866875+5.314253719736174j)
(4.636826493847947+5.389789714392753j)
(4.694466911158306+5.467211037737229j)
(4.754132990412402+5.546597025731837j)
(4.815959613763643+5.628029236601933j)
(4.880091984128011+5.711591440466101j)
(4.9466865020135655+5.797369585591727j)
(5.015911730799061+5.88545173586361j)
(5.087949459820193+5.975927973001262j)
(5.1629958756550165+6.068890255803572j)
(5.241262853136509+6.164432227194119j)
(5.322979378863794+6.2626489580405j)
(5.408393121339358+6.3636366145635215j)
(5.4977721633245045+6.467492033568956j)
(5.591406913577765+6.574312186636792j)
(5.689612216805269+6.684193510688179j)
(5.792729682388692+6.797231077893496j)
(5.901130254227307+6.913517572533863j)
(6.0152170457832534+7.033142036006268j)
(6.135428466064866+7.156188333447568j)
(6.262241663710587+7.282733286191626j)
(6.396176317366188+7.412844403152994j)
(6.537798800950801+7.5465771308901335j)
(6.687726751846874+7.683971526103958j)
(6.846634068074721+7.8250482351777535j)
(7.015256356503069+7.969803642473862j)
(7.194396847262849+8.118204021814682j)
(7.38493277864141+8.27017849315212j)
(7.58782224031437+8.425610548073937j)
(7.804111438798612+8.584327862692597j)
(8.034942314784683+8.746090063834377j)
(8.281560393983169+8.910574053680222j)
(8.54532268663437+9.077356428828201j)
(8.827705359851306+9.245892452520598j)
(9.130310783698066+9.415490954954176j)
(9.454873386495715+9.585284449402671j)
(9.803263534975153+9.754193667329329j)
(10.177488365548006+9.92088564399531j)
(10.579688116454058+10.08372444382864j)
(11.012126026988456+10.240713627712397j)
(11.477169258918252+10.389429671066814j)
(11.977257538573518+10.526945798705835j)
(12.514855306508595+10.649746190247297j)
(13.09238210437591+10.753631338731653j)
(13.712114770544156+10.833616660839755j)
(14.376053862710291+10.883828442318285j)
(15.085745780517868+10.897404068423935j)
(15.84205167308919+10.866407450228072j)
(16.644854936982124+10.781775770683165j)
(17.49270174524147+10.633320130000211j)
(18.382374675336173+10.409810011462607j)
(19.30840939902486+10.099178751142063j)
(20.262579785954415+9.688892484312381j)
(21.233398294862475+9.166525247988611j)
(22.205705331769014+8.520573670960765j)
(23.160449775029857+7.741520891826865j)
(24.07478560947389+6.823116780602182j)
(24.922614793406673+5.76377969732018j)
(25.6756797773008+4.567950914926422j)
(26.30523867491019+3.2471640859726127j)
(26.78424083269042+1.8205564093239919j)
(27.08977844611386+0.314575825326057j)
(27.205460643285726-1.2382518095535702j)
(27.12329204859733-2.801449653065578j)
(26.844680244464318-4.337355803201788j)
(26.380352438955203-5.810105771163031j)
(25.749190504452038-7.18834702715286j)
(24.97622107870306-8.4472699723224j)
(24.090149406862366-9.569712869973511j)
(23.120861985011896-10.546311270968113j)
(22.097251584331456-11.374845300844521j)
(21.045582450187247-12.059045501460242j)
(19.988466820219173-12.607140860473189j)
(18.944406884453915-13.030391193270432j)
(17.927786759002878-13.341772028379081j)
(16.949174990999232-13.55490227144369j)
(16.015806658501788-13.683241139574024j)
(15.132140059785714-13.739537952964072j)
(14.300413998192226-13.735495328267726j)
(13.521160104664848-13.681598362521719j)
(12.793647011046726-13.587064012520834j)
(12.116248836260654-13.459871427227048j)
(11.486740225939192-13.306842250960331j)
(10.902525497085838-13.133747968584768j)
(10.360811685838035-12.945428279424881j)
(9.85873563395848-12.745909962869016j)
(9.393454524825534-12.538519782751854j)
(8.962208059469805-12.325987875212062j)
(8.562359097268429-12.110540026609018j)
(8.191418270503325-11.893978511799437j)
(7.847056912952088-11.677751928314176j)
(7.52711165478789-11.463014884929093j)
(7.229583229664502-11.250678599897213j)
(6.952631398154364-11.041453517733041j)
(6.694567390934191-10.835885021306735j)
(6.453844890449862-10.634383236599218j)
(6.229050278207953-10.437247825733339j)
(6.018892656404999-10.244688555408386j)
(5.822193990759543-10.056842321866934j)
(5.637879602806401-9.873787215079812j)
(5.464969154003054-9.695554116355705j)
(5.302568202580313-9.522136245814734j)
(5.149860370853179-9.353497008908061j)
(5.00610013089739-9.189576433668794j)
(4.870606196489882-9.030296441663452j)
(4.742755496290626-8.87556515459895j)
(4.621977695412833-8.725280404191542j)
(4.507750228284518-8.5793325842359j)
(4.399593803967964-8.437606959960293j)
(4.297068345067305-8.299985529943354j)
(4.199769322444955-8.166348519441978j)
(4.107324449771547-8.036575570373873j)
(4.019390704150299-7.910546681932857j)
(3.9356516414853653-7.788142946492919j)
(3.8558149777587976-7.66924711774427j)
(3.779610409846445-7.5537440416200745j)
(3.7067876518791443-7.441520975290297j)
(3.637114665401354-7.33246781512344j)
(3.570376063677085-7.226477250895634j)
(3.506371672428053-7.123444860522685j)
(3.4449152310660134-7.0232691571042505j)
(3.3858332200981422-6.925851598003824j)
(3.328963801853341-6.831096563978983j)
(3.2741558630034118-6.738911314954082j)
(3.2212681485492203-6.649205927849958j)
(3.170168478018264-6.561893220907554j)
(3.120733035584553-6.476888668129381j)
(3.0728457266889255-6.394110306790823j)
(3.0263975945127544-6.313478640413613j)
(2.9812862903528328-6.234916539132594j)
(2.9374155925661416-6.158349139002675j)
(2.89469496930848-6.0837037414771284j)
(2.8530391807879947-6.010909714026966j)
(2.8123679171983946-5.939898392656325j)
(2.7726054688930613-5.870602986891975j)
(2.733680425716388-5.802958487680622j)
(2.6955254027254685-5.736901578510558j)
(2.6580767898182844-5.672370549977417j)
(2.621274523038256-5.609305217938699j)
(2.5850618755507155-5.547646845338339j)
(2.549385266489825-5.487338067735232j)
(2.514194086054583-5.428322822530528j)
(2.479440535394945-5.3705462818597285j)
(2.4450794799727618-5.31395478909258j)
(2.4110683152119483-5.258495798867931j)
(2.377366843367467-5.204117820578997j)
(2.343937160645624-5.150770365215836j)
(2.310743553700887-5.098403895468761j)
(2.27775240471596-5.0469697789923105j)
(2.2449321043462143-4.996420244730729j)
(2.2122529718746713-4.94670834220557j)
(2.1796871819825814-4.897787903669651j)
(2.147208697593551-4.849613509033793j)
(2.114793208294855-4.8021404534762775j)
(2.082418073882627-4.755324717649773j)
(2.0500622726142526-4.709122940403572j)
(2.017706353784647-4.663492393943945j)
(1.985332394272985-4.618390961358812j)
(1.9529239587335567-4.573777116437627j)
(1.9204660631270927-4.5296099057203385j)
(1.8879451413114192-4.485848932713323j)
(1.8553490144283673-4.4424543442127895j)
(1.8226668628416447-4.399386818679701j)
(1.7898892003949864-4.356607556611749j)
(1.7570078507741544-4.3140782728608045j)
(1.7240159257683958-4.271761190845692j)
(1.690907805238181-4.22961903861137j)
(1.6576791186058872-4.187615046686723j)
(1.6243267276953617-4.145712947693713j)
(1.5908487107545644-4.103876977661072j)
(1.557244347502541-4.0620718789951376j)
(1.5235141050497618-4.020262905060926j)
(1.4896596245461255-3.978415826324259j)
(1.4556837084177099-3.9364969380066324j)
(1.4215903080585097-3.8944730692012475j)
(1.3873845118486172-3.852311593398255j)
(1.353072533375387-3.8099804403645545j)
(1.3186616997389935-3.767448109321677j)
(1.284160439828447-3.724683683362683j)
(1.249578272458618-3.681656845046093j)
(1.2149257942640594-3.638337893102322j)
(1.1802146672494052-3.594697760184974j)
(1.1454576059015475-3.550708031595617j)
(1.110668363773315-3.5063409649082304j)
(1.0758617194541356-3.4615695104149786j)
(1.041053461847726-3.4163673323128028j)
(1.0062603746836165-3.3707088305452277j)
(0.9715002201941252-3.3245691632120473j)
(0.9367917218957829-3.2779242694549193j)
(0.9021545464202558-3.2307508927243522j)
(0.8676092843470431-3.1830266043304656j)
(0.8331774299976551-3.134729827176993j)
(0.7988813601591651-3.08583985957614j)
(0.7647443117124273-3.0363368990394233j)
(0.7307903581499243-2.986202065938293j)
(0.6970443849762632-2.9354174269279354j)
(0.6635320639941008-2.8839660180265714j)
(0.6302798264876474-2.831831867243669j)
(0.5973148353256029-2.7790000166513256j)
(0.564664956015517-2.7254565437954215j)
(0.5323587267512038-2.671188582345771j)
(0.5004253275049061-2.616184341888684j)
(0.46889454822574445-2.5604331267700586j)
(0.43779675621569014-2.503925353903362j)
(0.4071628627629699-2.446652569463223j)
(0.3770242891224618-2.388607464394413j)
(0.3474129319394071-2.329783888673672j)
(0.3183611282216402-2.2701768642735645j)
(0.2899016199704457-2.2097825967870284j)
(0.26206751858664057-2.1485984856843934j)
(0.2348922691720551-2.0866231331867025j)
(0.2084096148494407-2.0238563517529498j)
(0.18265356122573892-1.960299170192456j)
(0.15765834112259344-1.895953838428656j)
(0.13345837969735716-1.8308238309542095j)
(0.11008826007310218-1.764913849032653j)
(0.08758268959200302-1.6982298217162555j)
(0.06597646679850751-1.6307789057630513j)
(0.04530444925050038-1.5625694845503082j)
(0.025601522245841453-1.4936111660932423j)
(0.0069025685393309675-1.4239147802899634j)
(-0.010757560888303791-1.3534923755230401j)
(-0.027344074963176423-1.2823572147561855j)
(-0.042822269523019894-1.2105237712721233j)
(-0.057157553181411094-1.1380077242007614j)
(-0.07031547205703206-1.0648259539901568j)
(-0.08226173339249208-0.9909965379717939j)
(-0.09296222810543332-0.916538746169715j)
(-0.10238305233361125-0.8414730374975697j)
(-0.11049052805348814-0.7658210564793191j)
(-0.11725122286891494-0.6896056306199081j)
(-0.12263196908198258-0.6128507685386424j)
(-0.1265998821726572-0.535581658962433j)
(-0.12912237882498334-0.4578246706590115j)
(-0.13016719464739845-0.3796073533704535j)
(-0.12970240174138092-0.3009584397854622j)
(-0.12769642627525285-0.22190784856715676j)
(-0.12411806622064249-0.1424866884277583j)
(-0.1189365094041539-0.06272726321930937j)
(-0.11212135201953255+0.017336922016807036j)
(-0.10364261773285392+0.09767115412102127j)
(-0.09347077749686895+0.17823950411124762j)
(-0.08157677016965664+0.25900481882627446j)
(-0.06793202400744644+0.339928712060487j)
(-0.05250847907148307+0.42097155534877784j)
(-0.03527861055553986+0.502092468572007j)
(-0.016215453002264076+0.5832493105624852j)
(0.004707374664518328+0.6643986698902583j)
(0.02751564340931158+0.7454958560095127j)
(0.05223448782157008+0.8264948909328099j)
(0.07888837953471974+0.9073485015863973j)
(0.10750110059446713+0.9880081129741473j)
(0.1380957170958154+1.0684238422444072j)
(0.17069455346142598+1.148544493713335j)
(0.2053191677860764+1.2283175548450778j)
(0.24199032872325094+1.307689193128473j)
(0.2807279944383267+1.3866042537162895j)
(0.3215512941978616+1.4650062576090055j)
(0.36447851320549046+1.5428374000694618j)
(0.40952708132983157+1.6200385488461901j)
(0.4567135663971562+1.6965492416615293j)
(0.5060536727421939+1.772307682286498j)
(0.5575622457198016+1.8472507343758595j)
(0.611253282878784+1.9213139120730736j)
(0.6671399524854937+1.9944313662173077j)
(0.7252346200548685+2.0665358647899517j)
(0.7855488835013327+2.137558766027951j)
(0.8480936174566792+2.2074299824014445j)
(0.9128790272152782+2.276077933407649j)
(0.9799147126550642+2.3434294848630044j)
(1.0492097423441462+2.409409872088155j)
(1.1207727378691779+2.4739426040655155j)
(1.1946119682136345+2.536949345311169j)
(1.270735453761007+2.5983497718346j)
(1.349151079194395+2.658061397161193j)
(1.4298667142030155+2.715999363959889j)
(1.5128903404725826+2.7720761963462257j)
(1.5982301829235623+2.826201507420648j)
(1.6858948425455147+2.8782816560432556j)
(1.7758934274447533+2.9282193462421264j)
(1.8682356778473022+2.9759131619951638j)
(1.9629320797515577+3.021257029417588j)
(2.059993960670218+3.0641395976248376j)
(2.159433559392912+3.104443528730547j)
(2.261264059888229+3.142044686587899j)
(2.365499577278477+3.176811213001392j)
(2.472155081187315+3.2086024792536927j)
(2.5812462385816826+3.237267899939308j)
(2.692789154394592+3.2626455953315325j)
(2.806799983586538+3.2845608879094113j)
(2.923294382727358+3.3028246183499355j)
(3.0422867624665595+3.317231266408521j)
(3.1637892942035877+3.3275568628871817j)
(3.2878106146286936+3.333556680629988j)
(3.414354160326075+3.334962695603311j)
(3.5434160510404706+3.3314808141693235j)
(3.6749824242525255+3.3227878703936504j)
(3.809026105165483+3.3085284086253384j)
(3.9455024749586993+3.28831128294432j)
(4.084344376278383+3.261706128061384j)
(4.225455868782245+3.228239788021392j)
(4.3687046200287405+3.187392832287242j)
(4.513912689760624+3.1385963467776397j)
(4.660845441531629+3.081229264138638j)
(4.809198299235995+3.014616597459536j)
(4.958581064417594+2.9380290696341684j)
(5.108499533617078+2.8506847912484425j)
(5.25833421821848+2.7517538366421173j)
(5.407316092630452+2.6403668010938834j)
(5.554499507079421+2.515628686612967j)
(5.698732732632344+2.3766397443804084j)
(5.8386270979366675+2.2225251674469106j)
(5.972526371092382+2.0524757234134947j)
(6.098478970828348+1.8658014568099246j)
(6.214216770907322+1.6620003477708525j)
(6.317145654613854+1.44084311674121j)
(6.404354462381628+1.2024740084077634j)
(6.472650307365357+0.9475251612005545j)
(6.518628994705355+0.6772389213547981j)
(6.538788870808381+0.39358821223053375j)
(6.529694115332869+0.09938015917936105j)
(6.4881885609648755-0.2016765875176828j)
(6.411653198944127-0.5049636170179479j)
(6.298289960079033-0.805026257856727j)
(6.147402667712322-1.09574608775074j)
(5.95963607222025-1.3706179835796102j)
(5.7371293390946665-1.6231196908383436j)
(5.483544791615413-1.8471414873580372j)
(5.203947739306132-2.0374254415031086j)
(4.904537145653289-2.1899540405910116j)
(4.5922543478699405-2.302231094590347j)
(4.274320487566111-2.3734145183255584j)
(3.957765825785317-2.404286928000169j)
(3.6490122655123556-2.3970786402005952j)
(3.353555577452021-2.3551808209510443j)
(3.075771359466083-2.2827988757346587j)
(2.8188454806148293-2.184596457863579j)
(2.5848113311364433-2.0653711910290693j)
(2.374665538634204-1.92978884705696j)
(2.1885309663156765-1.7821878097072077j)
(2.0258388808701286-1.6264533825439296j)
(1.8855085513727128-1.465953311009412j)
(1.7661098603312444-1.3035217817438576j)
(1.666001160178807-1.1414782801656733j)
(1.5834397832728808-0.9816688942019827j)
(1.5166661247541817-0.825519911296352j)
(1.463964254091917-0.6740961032134768j)
(1.4237029215043124-0.5281584604336885j)
(1.3943609759038038-0.3882180986319185j)
(1.3745409117128469-0.2545845519344102j)
(1.3629737422481762-0.12740772368404313j)
(1.3585178093939445-0.006713460390756485j)
(1.3601535728983736+0.1075668661801456j)
(1.3669759234914085+0.21557216170436777j)
(1.3781851491185388+0.31749210033179337j)
(1.3930773531180503+0.41355160202640845j)
(1.4110348686886014+0.5039986373021916j)
(1.4315170235736168+0.5890947683843031j)
(1.4540514700947815+0.6691079131607396j)
(1.4782261971025892+0.7443068956397545j)
(1.503682272361967+0.8149574187359534j)
(1.5301073184560376+0.8813191595239527j)
(1.5572296962707994+0.9436437427555505j)
(1.5848133527699653+1.0021733955601997j)
(1.6126532805287175+1.057140125499558j)
(1.6405715327545989+1.1087652964281083j)
(1.6684137373946701+1.1572595028958348j)
(1.6960460560675827+1.2028226650567915j)
(1.7233525370293046+1.2456442830743908j)
(1.7502328155397657+1.2859038035950536j)
(1.7766001194149512+1.3237710616374878j)
(1.8023795419473914+1.3594067697573122j)
(1.8275065485836313+1.392963033039759j)
(1.8519256876636345+1.4245838737165586j)
(1.8755894791020213+1.454405753290992j)
(1.8984574581089473+1.482558083228704j)
(1.9204953539133127+1.509163717724553j)
(1.9416743859787233+1.5343394239406167j)
(1.9619706624183668+1.558196326552259j)
(1.9813646672451852+1.580840324533116j)
(1.9998408247674946+1.6023724789375977j)
(2.0173871308856475+1.6228893710587264j)
(2.0339948422890233+1.6424834308021847j)
(2.049658215619886+1.6612432354607294j)
(2.0643742895834314+1.6792537793277829j)
(2.0781427037644904+1.6965967147804486j)
(2.0909655485769894+1.7133505656065529j)
(2.1028472413424217+1.7295909134656302j)
(2.113794423980488+1.745390558468217j)
(2.1238158782158063+1.760819654942901j)
(2.132922454568176+1.7759458235402088j)
(2.1411270117143446+1.7908342409030238j)
(2.1484443630947783+1.8055477082161686j)
(2.1548912278988483+1.8201467000360154j)
(2.16048618380531+1.8346893948930219j)
(2.1652496190858534+1.8492316892569582j)
(2.169203681908025+1.863827196553998j)
(2.1723722249007844+1.8785272330229097j)
(2.174780743277922+1.8933807922944756j)
(2.1764563050539287+1.9084345106668978j)
(2.177427472134258+1.9237326251289197j)
(2.1777242113201227+1.9393169262463557j)
(2.177377794534781+1.9552267080724133j)
(2.1764206878535424+1.9714987172655043j)
(2.1748864292005985+1.9881671035928938j)
(2.1728094948591004+2.005263373965376j)
(2.170225155222672+2.022816352082467j)
(2.167169320491649+2.040852145667479j)
(2.1636783772809838+2.059394123138905j)
(2.159789017353039+2.0784629013959623j)
(2.155538059912442+2.0980763461980767j)
(2.150962269094845+2.1182495863870354j)
(2.146098168444617+2.1389950429476783j)
(2.1409818543005485+2.1603224736262723j)
(2.1356488100930378+2.1822390335363497j)
(2.130133723596313+2.2047493518821866j)
(2.1244703091757287+2.227855624629594j)
(2.118691137021405+2.2515577226592356j)
(2.112827471267452+2.2758533146533693j)
(2.1069091187645097+2.3007380037053173j)
(2.1009642901030197+2.32620547640108j)
(2.0950194742847414+2.3522476629161924j)
(2.089099328211363+2.378854906498734j)
(2.08322658191239+2.406016140575035j)
(2.0774219601735915+2.4337190716230372j)
(2.071704120960167+2.461950365905376j)
(2.066089610762361+2.490695838145128j)
(2.0605928367321176+2.5199406402555886j)
(2.0552260552324335+2.5496694483017053j)
(2.049999376193541+2.579866645970603j)
(2.0449207824636018+2.6105165029562722j)
(2.03999616316369+2.641603346817022j)
(2.0352293599044757+2.673111727035523j)
(2.030622224603058+2.705026570196925j)
(2.026174687547365+2.7373333253943417j)
(2.021884834296621+2.770018099168665j)
(2.0177489899758556+2.803067779485523j)
(2.0137618095190915+2.836470148442831j)
(2.0099163724380156+2.8702139835842844j)
(2.006204280736398+2.9042891478628987j)
(2.002615758653782+2.9386866684541797j)
(1.9991397530002486+2.9733988047564712j)
(1.9957640329352342+3.008419106037405j)
(1.9924752881435088+3.043742459288449j)
(1.9892592244675094+3.0793651279344685j)
(1.9861006561654975+3.115284782112777j)
(1.9829835940739025+3.1515005212869j)
(1.9798913290623552+3.188012889994694j)
(1.9768065102735795+3.224823887551983j)
(1.9737112177409792+3.261936972539426j)
(1.9705870290698189+3.2993570628976823j)
(1.9674150799535615+3.337090532442396j)
(1.9641761183752542+3.3751452045890167j)
(1.9608505524125297+3.4135303440507525j)
(1.957418491625313+3.452256647239718j)
(1.9538597820573471+3.4913362320660553j)
(1.9501540349253472+3.5307826277915035j)
(1.9462806491044342+3.570610765554983j)
(1.942218827545554+3.610836970149367j)
(1.9379475877800574+3.6514789535897028j)
(1.9334457666785323+3.692555810978165j)
(1.9286920196384267+3.7340880191366526j)
(1.9236648143732402+3.776097438447303j)
(1.9183424194735967+3.8186073183145184j)
(1.9127028878978174+3.8616423066376218j)
(1.9067240355381698+3.9052284636652956j)
(1.900383414988285+3.949393280586914j)
(1.8936582846174774+3.994165703205958j)
(1.886525573031458+4.039576161035292j)
(1.8789618389713876+4.085656602152604j)
(1.8709432266722328+4.132440534159148j)
(1.862445416667737+4.179963071593822j)
(1.8534435719931581+4.228260990169203j)
(1.8439122796976337+4.2773727882164545j)
(1.833825487536582+4.327338755750996j)
(1.8231564356690977+4.378201051603095j)
(1.8118775831383682+4.430003789094451j)
(1.7999605288598206+4.482793130786694j)
(1.7873759267879852+4.536617392878432j)
(1.7740933948713002+4.591527159886153j)
(1.7600814173396986+4.64757541031188j)
(1.7453072397984837+4.704817654075036j)
(1.7297367565238646+4.7633120825720825j)
(1.7133343892700204+4.823119732324152j)
(1.696062956802815+4.884304663280225j)
(1.677883534270832+4.946934152965577j)
(1.6587553014068361+5.011078907802041j)
(1.6386353784228647+5.076813293079689j)
(1.6174786483156292+5.144215583232716j)
(1.5952375641335534+5.213368234266438j)
(1.5718619395718318+5.284358180401267j)
(1.5472987210499927+5.3572771572469104j)
(1.5214917391875569+5.4322220540989585j)
(1.4943814373210782+5.509295298265711j)
(1.4659045743934354+5.58860527469227j)
(1.4359938991906231+5.670266784554055j)
(1.404577792490352+5.754401546956192j)
(1.3715798732163638+5.8411387484009785j)
(1.336918564147647+5.930615645289246j)
(1.300506612101425+6.022978225410014j)
(1.2622505567791793+6.118381935162175j)
(1.2220501416137504+6.216992480162278j)
(1.1797976589663914+6.318986707935515j)
(1.1353772208611015+6.42455358259665j)
(1.0886639450871893+6.533895262821412j)
(1.0395230449002197+6.647228296030124j)
(0.9878088086679746+6.764784943586331j)
(0.9333634535783069+6.886814654005626j)
(0.8760158348771684+7.013585703732297j)
(0.8155799889574119+7.145387028042468j)
(0.751853484853427+7.282530268153953j)
(0.6846155541872176+7.425352064776261j)
(0.6136249641844973+7.574216633232318j)
(0.5386175918287261+7.729518661091264j)
(0.45930364927854184+7.891686576149186j)
(0.3753645010129484+8.061186240814196j)
(0.2864490013549956+8.23852513878486j)
(0.19216926653222877+8.424257131699896j)
(0.09209577755815009+8.618987877632854j)
(-0.014248311922821501+8.823381020449146j)
(-0.1273938162525924+9.038165279829974j)
(-0.24793329476234746+9.264142597052604j)
(-0.3765301964979753+9.502197522506929j)
(-0.5139296589400021+9.753308068793952j)
(-0.6609713169252546+10.018558299863278j)
(-0.8186045675678847+10.299152984244625j)
(-0.9879068525047188+10.596434711891073j)
(-1.1701056687948257+10.911903963172886j)
(-1.3666052160094448+11.247242729888509j)
(-1.5790188456568994+11.60434242791974j)
(-1.809208822744084+11.985337017260322j)
(-2.059335369869236+12.392642467751328j)
(-2.3319175872314144+12.829003991047662j)
(-2.629909692737379+13.297552817762712j)
(-2.9567972002536864+13.801874754325402j)
(-3.3167192914187518+14.346093332572893j)
(-3.714625946882679+14.934971096691035j)
(-4.1564817036312185+15.574033489435266j)
(-4.6495326831224455+16.26972093098443j)
(-5.202660549402714+17.02957603714722j)
(-5.826857509667893+17.862474448719503j)
(-6.5358722994196805+18.77890924850121j)
(-7.3471014789971685+19.791339909740266j)
(-8.282838620563497+20.91461590410805j)
(-9.372055137735709+22.16647963181367j)
(-10.652986334246627+23.568136719604297j)
(-12.176962574747604+25.14483919435814j)
(-14.014208446441804+26.92632458905214j)
(-16.262823636479194+28.94671176742321j)
(-19.063023787797484+31.24287904931488j)
(-22.620249274437583+33.84895994839446j)
(-27.24339689415815+36.78113994280659j)
(-33.40857194238404+39.99809435394777j)
(-41.862797411422086+43.2991125690556j)
(-53.77186761017984+46.060289001283785j)
(-70.81299439339965+46.55844949967245j)
(-94.55952602972154+40.41012630899437j)
(-122.5571868962003+18.53950186751748j)
(-138.28072602697932-27.006419091837444j)
(-118.25072263237757-77.58401554716885j)
(-75.87287536036219-99.97426312190224j)
(-40.75695913689761-96.97032194213028j)
(-19.314584462495908-85.48646470484852j)
(-7.193607218363924-73.6885546487947j)
(-0.3211546512233585-63.6831174396778j)
(3.6700562777401244-55.59657811950078j)
(6.044234652034207-49.10342397901385j)
(7.479843066881456-43.85088361186536j)
(8.352149428055968-39.5510591966611j)
(8.87625922288403-35.98570555244567j)
(9.179803544574233-32.99251377060375j)
(9.34091260252873-30.450705917617363j)
(9.408741812115643-28.26964475419288j)
(9.414955505881524-26.380521025040668j)
(9.380363837019845-24.73043786287043j)
(9.318874500917554-23.278218920259434j)
(9.239909969474711-21.99142328234532j)
(9.149922410177663-20.844200260110853j)
(9.053364011471718-19.81573076045556j)
(8.953320740006655-18.889081610979986j)
(8.851933574621192-18.050353562326762j)
(8.750682902251995-17.288040453058862j)
(8.650583234571844-16.59254192108643j)
(8.552318199613905-15.955789012098332j)
(8.456335172368192-15.370953695373245j)
(8.362912265726056-14.832221389000583j)
(8.272206163818172-14.33461126985874j)
(8.184286530586899-13.873833163061844j)
(8.099160917045097-13.44617268255286j)
(8.01679288339555-13.048398374556792j)
(7.9371152364120485-12.677686134100108j)
(7.860039724708739-12.331557283709788j)
(7.785464148997973-12.007827535283091j)
(7.713277575235954-11.704564679876952j)
(7.643364148809117-11.420053321703548j)
(7.575605873001973-11.152765331849574j)
(7.509884618269625-10.901334972951371j)
(7.446083558987134-10.664537859161412j)
(7.3840881835409835-10.441273081568642j)
(7.3237869864322995-10.23054795910115j)
(7.265071923673239-10.0314649772676j)
(7.207838692470455-9.843210558200372j)
(7.151986881097417-9.665045370099207j)
(7.097420023567331-9.496295935974299j)
(7.04404558524622-9.336347343297227j)
(6.991774899161179-9.184636889935598j)
(6.940523067932066-9.040648529195522j)
(6.890208842593865-8.903907999220504j)
(6.840754486802895-8.773978540393566j)
(6.792085632800052-8.650457119538835j)
(6.744131133896559-8.53297109225423j)
(6.696822917018182-8.42117524511061j)
(6.650095837910068-8.314749168126145j)
(6.603887540892103-8.213394915174625j)
(6.558138324513101-8.116834916075144j)
(6.512791014045772-8.024810109235492j)
(6.46779084145416-7.937078268052596j)
(6.423085333236384-7.8534124979445625j)
(6.378624206373583-7.773599884009837j)
(6.334359272490812-7.697440271972406j)
(6.290244350246825-7.624745167349788j)
(6.246235185901559-7.555336739735161j)
(6.202289381970198-7.4890469207694j)
(6.158366333839919-7.425716585831845j)
(6.114427174206369-7.365194810737541j)
(6.070434725176001-7.307338195824173j)
(6.026353457871009-7.252010250764718j)
(5.9821494593701-7.199080834278161j)
(5.93779040681129-7.148425643642325j)
(5.893245548478631-7.09992574955833j)
(5.848485691685892-7.053467172487766j)
(5.803483197256895-7.008940497088485j)
(5.758211980386481-6.966240521825466j)
(5.712647517640949-6.925265941235137j)
(5.6667668598280905-6.885919058680674j)
(5.620548650426309-6.848105527757027j)
(5.573973149215082-6.811734120793557j)
(5.527022260690816-6.776716523159291j)
(5.479679566781918-6.742967152306453j)
(5.431930363294275-6.710403000689782j)
(5.383761699425127-6.678943501877775j)
(5.335162419573478-6.648510419323723j)
(5.2861232065531105-6.619027757388717j)
(5.236636625177781-6.590421694309247j)
(5.186697165037306-6.56262053686832j)
(5.136301281120566-6.535554696569813j)
(5.085447430765584-6.509156687116584j)
(5.034136105231821-6.483361142959786j)
(4.982369854000636-6.458104858611909j)
(4.930153299713975-6.433326848294606j)
(4.877493141472632-6.408968425323976j)
(4.824398144034064-6.384973300414494j)
(4.770879110287082-6.361287697805683j)
(4.716948834244904-6.337860487781422j)
(4.662622031701378-6.314643333758783j)
(4.607915245650192-6.291590851672913j)
(4.552846723586873-6.268660778879409j)
(4.4974362639143886-6.245814149242307j)
(4.441705028870807-6.223015470482988j)
(4.385675321706498-6.200232899246355j)
(4.329370326275556-6.177438408714097j)
(4.272813807782585-6.154607942980975j)
(4.216029774151125-6.131721551837252j)
(4.159042098363748-6.108763499100321j)
(4.101874103157979-6.08572233724571j)
(4.044548110645699-6.06259094084026j)
(3.9870849607366257-6.039366491221152j)
(3.9295035036609236-6.0160504050303665j)
(3.8718200733655546-5.992648199642029j)
(3.814047950055847-5.969169289246752j)
(3.756196821604753-5.945626706396107j)
(3.698272254892222-5.922036745179664j)
(3.6402751892891403-5.898418523900649j)
(3.5822014653864764-5.874793467106657j)
(3.5240414026105733-5.851184709082793j)
(3.4657794394944843-5.827616423360952j)
(3.4073938500261907-5.804113085354355j)
(3.34885654863385-5.78069867779806j)
(3.2901329949710405-5.7573958511417285j)
(3.2311822077465586-5.734225053288554j)
(3.1719568944366303-5.711203644971823j)
(3.1124037008988137-5.6883450185051325j)
(3.0524635817689676-5.665657738526211j)
(2.992072289196051-5.643144723610661j)
(2.9311609740876396-5.620802487213082j)
(2.8696568907653868-5.598620455295345j)
(2.8074841929037153-5.57658037625055j)
(2.74456480599865-5.554655836398252j)
(2.6808193595063736-5.532811891510524j)
(2.616168160294158-5.511004821657615j)
(2.5505321882234555-5.489182013282462j)
(2.483834094557043-5.467281968983767j)
(2.4159991844317297-5.445234442156391j)
(2.346956365813472-5.422960690556953j)
(2.2766390490685144-5.400373840142733j)
(2.204985983438145-5.377379348283086j)
(2.131942019165704-5.353875553715937j)
(2.057458786671834-5.329754299461688j)
(1.981495286871294-5.304901614306887j)
(1.90401838936075-5.27919843840377j)
(1.8250032376722602-5.252521378950477j)
(1.7444335630024395-5.2247434827471855j)
(1.662301909730628-5.195735013585421j)
(1.5786097775905683-5.1653642238325235j)
(1.4933676865434609-5.133498111138064j)
(1.4065951712161293-5.100003152822931j)
(1.318320712240262-5.064746012148969j)
(1.2285816119795703-5.027594212241115j)
(1.1374238220112929-4.988416774889636j)
(1.0449017293744365-4.947084822770062j)
(0.9510779080636087-4.903472144743885j)
(0.8560228415755687-4.857455724843572j)
(0.7598146215569002-4.8089162362814974j)
(0.6625386267920497-4.757738502373982j)
(0.564287185946513-4.703811926634372j)
(0.46515922667706633-4.647030894488198j)
(0.3652599129529647-4.587295149111391j)
(0.26470027173182886-4.524510143811034j)
(0.16359680950152525-4.458587373179837j)
(0.06207111865761827-4.389444684975781j)
(-0.039750526769628786-4.3170065743329245j)
(-0.1417375868849871-4.241204461513716j)
(-0.2437556843093558-4.161976953982403j)
(-0.34566704646100405-4.0792700931347285j)
(-0.4473309631181281-3.9930375855682176j)
(-0.5486042606462773-3.903241018338257j)
(-0.64934179420426-3.809850057223944j)
(-0.7493969591017207-3.71284262663809j)
(-0.8486222222718692-3.612205069463734j)
(-0.946869674564988-3.5079322847937973j)
(-1.0439916042546085-3.400027841297534j)
(-1.1398410917981685-3.2885040637414873j)
(-1.234272625509611-3.173382090062923j)
(-1.3271427373961218-3.0546918963275598j)
(-1.4183106579889593-2.9324722869116835j)
(-1.5076389885721322-2.806770847326859j)
(-1.5949943887943971-2.6776438572611863j)
(-1.680248277241543-2.5451561616401093j)
(-1.7632775421660105-2.409380997814485j)
(-1.843965259225036-2.2703997773610944j)
(-1.9222014127763418-2.1283018214306035j)
(-1.997883617034179-1.9831840490908803j)
(-2.0709178332042577-1.8351506186925635j)
(-2.1412190786035414-1.6843125229141307j)
(-2.2087121237371803-1.5307871388282623j)
(-2.2733321733554206-1.3746977350473062j)
(-2.335025527654005-1.2161729387658569j)
(-2.393750220008981-1.055346166291327j)
(-2.4494766279650126-0.892355021446525j)
(-2.50218805460599-0.7273406670254241j)
(-2.551881277939705-0.5604471752784179j)
(-2.598567066510024-0.3918208641895918j)
(-2.642270660104284-0.22160962708j)
(-2.6830322151397774-0.04996226382450071j)
(-2.7209072150753837+0.12297217729329923j)
(-2.7559668469897054+0.2970450373457496j)
(-2.788298346275792+0.4721086536972323j)
(-2.8180053121963184+0.6480169249556925j)
(-2.845207997810707+0.8246258220741207j)
(-2.8700435784850407+1.001793832994263j)
(-2.892666403806134+1.1793823274425435j)
(-2.913248238198761+1.3572558276307085j)
(-2.9319784958578796+1.5352821696641783j)
(-2.949064475699094+1.7133325393808474j)
(-2.9647316018544494+1.8912813651011038j)
(-2.979223674726888+2.0690060483379864j)
(-2.9928031366901986+2.246386511850615j)
(-3.005751355093337+2.4233045425078874j)
(-3.0183689231821393+2.599642904225564j)
(-3.030975976761594+2.775284193747386j)
(-3.0439125207241533+2.950109409255426j)
(-3.0575387547727026+3.1239961987543334j)
(-3.072235381544142+3.2968167519362788j)
(-3.0884038726215857+3.4684352959251097j)
(-3.1064666582964424+3.638705152103559j)
(-3.1268671950522067+3.8074653084277332j)
(-3.150069850192134+3.974536459648287j)
(-3.1765595254069177+4.13971646725604j)
(-3.20684091994381+4.302775192550216j)
(-3.241437309018329+4.463448661049717j)
(-3.2808886839156752+4.621432525930967j)
(-3.325749066781319+4.776374814076335j)
(-3.376582775672796+4.92786796292101j)
(-3.43395937484489+5.07544019235091j)
(-3.498447003122967+5.218546306718419j)
(-3.570603732396193+5.356558091306322j)
(-3.650966573187385+5.488754559229795j)
(-3.7400377215053737+5.614312422611492j)
(-3.8382676400028255+5.732297308844644j)
(-3.946034599241455+5.841656419942967j)
(-4.063620387358044+5.941213538030144j)
(-4.191182047524804+6.029667505152353j)
(-4.328719743202847+6.105595535022071j)
(-4.476041201806347+6.1674629214538665j)
(-4.632723663851167+6.213640853209757j)
(-4.798074871660973+6.242434073122364j)
(-4.9710953540534195+6.252119962574724j)
(-5.15044505577059+6.241000214653564j)
(-5.334418137313107+6.207465508537542j)
(-5.520930400746938+6.150072465298246j)
(-5.707524105183519+6.067630652427541j)
(-5.891394721481363+5.959295591501944j)
(-6.0694432494271+5.824661794681655j)
(-6.238355958238252+5.663848106723922j)
(-6.394710819989028+5.477566443248299j)
(-6.535106681857893+5.26716480107451j)
(-6.656307776161029+5.034636503863546j)
(-6.755393084040382+4.782590172022109j)
(-6.82989800840141+4.5141787116951315j)
(-6.877935342757192+4.23299021741763j)
(-6.89828394826439+3.942908325644855j)
