(82.52555186922714+0j)
(75.2968820442186-23.397289880151757j)
(59.50583195876141-37.19449109676724j)
(43.75956240632841-41.49455280327944j)
(31.521827470764155-40.5175324952373j)
(22.79241655605526-37.41554639422644j)
(16.683538669170552-33.734265756125325j)
(12.379474431119572-30.101899740062454j)
(9.301234572227196-26.733067172520393j)
(7.065785226075225-23.67313873857725j)
(5.423493425205787-20.903328138008728j)
(4.211038054658254-18.383771176414022j)
(3.3207639135531393-16.070449643961663j)
(2.6816169305020954-13.921261730653448j)
(2.2474934659214303-11.897636434555093j)
(1.9902835364487153-9.964360784896453j)
(1.8960056633428328-8.088733477277238j)
(1.963189094224465-6.239517339036064j)
(2.2032014987964152-4.385929568990594j)
(2.642694017476162-2.4969065343589563j)
(2.877613178651662+2.684819588008428j)
(4.339181414375603+1.511080322928963j)
(5.797847561853082+3.680784745508287j)
(7.903825360424235+5.960998916305702j)
(10.973494544272725+8.264572581208396j)
(15.48803231052303+10.290144514599067j)
(22.054844494701708+11.202889532922102j)
(30.884688396021303+9.065019687245455j)
(39.89677135258245+0.8738376618637896j)
(42.91609090090159-13.518922593780903j)
(36.18386540247083-26.66429101101199j)
(25.247800540640988-32.371149621907406j)
(15.977743296499968-32.35738824062675j)
(9.608292205779794-30.01078047937675j)
(5.460423166501116-27.132076756133685j)
(2.7478064653195675-24.375068511685853j)
(0.9329934559368218-21.915831970709267j)
(-0.3133802427108575-19.76585015870852j)
(-1.190120237150937-17.888566190262665j)
(-1.8190256565223901-16.2390571773464j)
(-2.2765580039066213-14.776259667116841j)
(-2.611980286749464-13.465780691119893j)
(-2.8578067888414376-12.279673870145915j)
(-4.606141688437571+4.765391418156247j)
(-3.1613417236101764-10.194726322024875j)
(-3.2443144990627077-9.26274735008287j)
(-3.2918843680750896-8.387123680642748j)
(-3.30869224063684-7.557460397261647j)
(-3.297531034158205-6.764828340712128j)
(-3.259651105718529-6.001386573809458j)
(-3.194888372092965-5.260084828803368j)
(-3.1016383096670643-4.53443189523902j)
(-2.9766720982820876-3.818327211129093j)
(-2.814764437975225-3.1059698828585836j)
(-2.6080706549614163-2.39188907687784j)
(-2.3451490247248774-1.671196973479559j)
(-2.009471736577513-0.9402811989215846j)
(-1.577219544589321-0.1983927004170179j)
(-1.0141854242803188+0.5489207017471913j)
(-0.27199662108291983+1.2825940845545227j)
(0.7145023615634781+1.9553173455257453j)
(2.0214284102913824+2.463465089296882j)
(6.295985157657159+4.159932406636489j)
(9.115721362360054+6.907418346163224j)
(7.477999388142145+0.41090730823176297j)
(8.321226925555298-2.2013887977647917j)
(7.610482968464094-4.918887372828407j)
(5.747908925034784-6.714824386657208j)
(3.63496842098018-7.343920475772373j)
(1.8331606185640312-7.1631916874886326j)
(149.1405669054359+29.029233386640666j)
(-0.5051006782729577-5.836313945040568j)
(-1.1992924960028393-5.0659956169485385j)
(-1.6916922304922521-4.318622061691841j)
(-2.0421493938740514-3.6129141785215375j)
(-2.2919831000123527-2.952471635709102j)
(-2.469375063253425-2.3346918863104804j)
(-2.593618623409153-1.7547764194761766j)
(-2.67805644277815-1.2074612664734097j)
(-2.732024889183289-0.6877147563324874j)
(-2.7621254064635714-0.19097391114792556j)
(-2.7730561765297326+0.2868198085074648j)
(-2.768158303447597+0.7492670867091108j)
(-2.7497747932445167+1.1995867124227995j)
(-2.7194838935864616+1.6406980547629761j)
(-2.678244696706155+2.0753009655466084j)
(-2.626477383673684+2.505950116776204j)
(19.551939343796196+4.573094478317194j)
(-2.490452925059801+3.3652817190812647j)
(-2.4043228086169512+3.798924436077413j)
(-2.303692796025399+4.238623522400623j)
(-2.18555597046975+4.687032484934753j)
(-2.045538377730109+5.146832057234604j)
(-1.8773484600197539+5.620549117617547j)
(-1.6719696395490902+6.11011424970679j)
(-1.4165239664529525+6.615887168981208j)
(-1.0928181376417683+7.134617138269141j)
(-0.6759414755338485+7.6553487173721j)
(-0.13442685732869022+8.151693303593362j)
(0.5635415619850354+8.56901726138909j)
(4.358300679029345+16.81248788061987j)
(2.395779054318419+8.735185598163344j)
(3.274235755970022+8.24110484423156j)
(3.779147431843765+7.398158567355363j)
(3.7479773265232956+6.50332482685539j)
(3.2932841037349374+5.8681619576644914j)
(2.6670631773270004+5.603884587129789j)
(8.69826515818476-1.5407505534500892j)
(1.5582205774213547+5.900006605178436j)
(1.1722116550944512+6.267115955923796j)
(0.8896914902555054+6.696968197485116j)
(0.6910289114837831+7.158859462220614j)
(0.5582726802268918+7.636697231643601j)
(0.477108667941363+8.122670168462854j)
(0.4367361430648723+8.613506636373208j)
(-4.202176723789541+5.631582251160517j)
(0.44873352952713313+9.607826911384292j)
(0.4911670574691346+10.113035426518646j)
(0.5535564359195462+10.625624390179897j)
(0.6338645210423257+11.147423247489058j)
(0.7307524079695765+11.680397866801865j)
(0.8434271413939756+12.226611690872046j)
(0.9715299914691181+12.788211276757089j)
(1.1150482746426624+13.367424693979824j)
(1.2742337257550982+13.966567683966279j)
(1.3792849383403192+14.432108942182532j)
(1.6413141247662888+15.23446279664835j)
(2.2000547323040016+19.498633158325227j)
(-1.0410021704465389+18.534234894832572j)
(0.572811417994862+20.86963078122402j)
(-2.0936778335915367+22.19605195210163j)
(3.3479045517772144+23.39778232860472j)
(5.024173440773756+21.34082913512398j)
(11.941429425915919+23.207200950155773j)
(3.8837395712133573+24.176563079395365j)
(8.920245179574888+26.699794397288173j)
(8.352377163154575+27.924895201578867j)
(7.14859333766639+34.07209458295023j)
(7.710962975840024+28.519059764437774j)
(-3.824878390371133+36.31685601247644j)
(11.194069322055455+38.44060734695849j)
(10.863584264640489+35.37559244107114j)
(8.539790074968984+45.99095151489679j)
(37.01493917917629+25.468166937188357j)
(33.6094604307273+59.408616729573836j)
(11.688264517906443+76.05957570118977j)
(28.963473700337694+80.91882143413804j)
(31.161335326021902+64.64900851963058j)
(59.09378244743754+48.57951665147471j)
(68.9522542122685+76.48837188008355j)
(73.89838599959455+132.43866331108316j)
(93.76106219679899+36.30069606880423j)
(48.60508418714023+46.01679282773681j)
(78.44906807958314-8.119459541094868j)
(63.85547699569497-9.718535444220304j)
(60.16781535017175+16.99688071115158j)
(-49.316751321809136+68.49638133529002j)
(44.46661714308379-49.62616695918901j)
(38.469512039407476+2.0624311813841745j)
(34.240906757527455-13.069434709327108j)
(-1328.6487371720955+174.33798209856394j)
(56.393086851534456-5.158521950338618j)
(766.1824682439841-374.0276280839217j)
(61.51471297513736-3.167938238627957j)
(51.660165846406215+24.850070682876627j)
(73.03110668817195+4.8628435045017975j)
(-27.424938111716404-361.66628460882697j)
(23.111418917542576-28.211069441247517j)
(17.426122154374294+44.754470941776354j)
(70.18158639171519-20.7182941675314j)
(-204.9283209360982-18.190567399149266j)
(37.207651655795566-83.2297565959207j)
(21.712063346752366-63.42535454422285j)
(-12.87870214829836-75.32023666204158j)
(22.69117426490251-39.174424267332896j)
(11.518445796108404-40.65553831367204j)
(12.69651183415753-40.325278680098975j)
(-4.869126783444297-32.48763342534842j)
(8.70876685178113-43.204629107393764j)
(17.34227075394404-53.2105855708525j)
(-2.5022769518159436-24.058385411428606j)
(7.33408511423005-30.365468535040968j)
(3.369698205467119-26.533804382177287j)
(0.1864774202371476-21.75658277599304j)
(3.2216449943398713-29.12682744534347j)
(6.703842731015768-34.74216807400566j)
(28.924326643338045-5.033969492358635j)
(-2.2232705150552676-20.86982644017119j)
(2.6593701453807803-21.12904475633021j)
(-8.03957745898155-28.41256011929323j)
(5.1969931821848165-23.322780879443318j)
(5.093251217565594-11.900515818532572j)
(2.1030663330518706-16.32851375071116j)
(3.0802209789094026-15.67322661393946j)
(5.309301067037756-13.860036514809583j)
(9.524918238265862-11.798693089212783j)
(7.149733248249148-19.11765634023968j)
(6.580146164718013-16.332209012478238j)
(7.248238704538258-11.30150803043794j)
(35.34871514300913-38.50492508312148j)
(9.707001865676906-24.412322083289645j)
(5.3616231573740505-11.332434952165492j)
(7.212470824264314-11.950511749090822j)
(7.235241801031352-16.66372467078533j)
(6.757163334111964-16.747062185234572j)
(10.944987779864475-12.5540483167551j)
(9.083333564679009-16.744444974776318j)
(8.509223794198503-13.521077315990523j)
(18.043192231972668-35.438281372771755j)
(2.4865105967038965-14.935567001640784j)
(9.127434008502474-13.490284046674587j)
(2.997215579874541-12.532968714110137j)
(1.0365013456378251-11.213221421097714j)
(3.421225487073833-8.715132753741536j)
(2.9376649328411064-11.823428748205792j)
(5.044604678337459-11.040346380371117j)
(1.6771401781077209-12.542149161175299j)
(3.79523650323389-11.973284829591165j)
(3.1578954322941915-9.829272974726875j)
(3.385227232908206-9.179020599238134j)
(3.2809852538759-10.187713275036968j)
(13.260568548729461-7.724664536574878j)
(4.211927229699213-9.544434752792952j)
(3.6204995865441396-12.93000504013066j)
(4.368905221730109-5.832776090599079j)
(0.5689192733361563-10.213287494268265j)
(2.461217582506465-8.091026444119532j)
(3.832341736236923-8.381900493527748j)
(1.892956667945078-10.906464043207771j)
(2.621569583405744-7.448832514636561j)
(2.7056294902064324-7.252648457688082j)
(2.8073811291112984-7.069056022297962j)
(2.928141943142914-6.901852149207117j)
(3.0685948983099602-6.75634064547053j)
(3.2279929930545377-6.639567706018201j)
(3.4029395252228514-6.560233586095641j)
(3.5857928313671246-6.527854165393849j)
(3.7631394294314764-6.5506158387994695j)
(3.9154567507039912-6.631619163843334j)
(4.0196248117427915-6.764299563885962j)
(4.055215430163923-6.929630577810191j)
(4.012647754511165-7.098501722648941j)
(3.8982261027902236-7.2399892079257535j)
(3.732008105837031-7.331230532493384j)
(3.5398677146606405-7.362847261841892j)
(3.34520074304278-7.337793719880951j)
(1.9099954224652194-9.006229410142973j)
(3.006418644479397-7.161067911810574j)
(2.8744823820824945-7.033516310051258j)
(2.7682960855175285-6.892983620056158j)
(2.6857615891183535-6.746311048086597j)
(2.6240992695757903-6.598270377565129j)
(2.58046798151994-6.452067921210899j)
(6.735336326249684-5.83621166824826j)
(2.537207582346427-6.172824858748812j)
(2.53339734200488-6.041998991934026j)
(2.5392344598214422-5.917885470678597j)
(2.5533945308715884-5.800866323710625j)
(-5.455588354332227-7.77802879017614j)
(2.602421833394424-5.589225693321034j)
(2.6355290387840835-5.4951060812480295j)
(2.6733504246355255-5.409147714041356j)
(2.570528144666141-4.853207015467059j)
(2.7603228857214006-5.2630413562744085j)
(-1.5479472726845231-7.12548004000696j)
(2.857478081337889-5.154079462539325j)
(2.9077269889777555-5.114729745222518j)
(2.957661053001793-5.086162036908298j)
(3.0059471180705843-5.068875199615323j)
(3.0509838597278165-5.063282722822914j)
(3.0908585256977745-5.069625529019586j)
(3.1233202119640278-5.08785122774839j)
(1.4272737050039865-4.124300217912607j)
(3.155409001106017-5.157291762447996j)
(3.1492250015416827-5.205355277935152j)
(3.1244315118199757-5.258595526065046j)
(3.0787928806426557-5.312804986230434j)
(3.011165998753664-5.36268334570261j)
(2.068164718881122-3.5059411163474294j)
(2.8140899045022976-5.425064644359943j)
(2.6920958282479104-5.4259729023094305j)
(2.5628232804152256-5.401240829447014j)
(2.4340874339158463-5.349739453521715j)
(2.3136290411835922-5.273140579222867j)
(2.2079721728345203-5.175602010664316j)
(1.1781762612752507-3.8718933509969213j)
(2.056681336679131-4.941768024117952j)
(2.013156862013002-4.818275504771346j)
(1.9893009426858297-4.697870010424448j)
(1.9822766720997458-4.58470319656814j)
(1.9886959913608488-4.48164684773314j)
(2.0050468965081247-4.390415681696921j)
(2.0279776901932105-4.311773157260918j)
(2.0544577282054695-4.2457533822925715j)
(2.081847963337311-4.19186133274282j)
(2.1079138692633683-4.14923595144342j)
(2.1308063332570018-4.116774400004478j)
(2.149028004078204-4.093222471861495j)
(2.1613957374736392-4.077238438789161j)
(2.167004841124918-4.067437474337431j)
(2.1651976203745313-4.062422641364165j)
(2.1555368441254092-4.060807011734016j)
(2.137783765704814-4.061230169898648j)
(2.1118799142316136-4.062371276231605j)
(2.0779317851857906-4.06296005439577j)
(2.0361976518265905-4.061786494845197j)
(1.987075896036362-4.0577096938544255j)
(1.9310944592904675-4.04966603420671j)
(1.8689012058626224-4.036676825241464j)
(1.8012551484105552-4.017855528134778j)
(1.7290185954955142-3.9924147748737258j)
(1.6531503287968243-3.95967352838213j)
(1.5746998923045423-3.9190649117899663j)
(1.4948029608995737-3.870145442204278j)
(1.4146775304131705-3.8126066207311258j)
(1.084594702144025-5.051186842170361j)
(1.259002136637849-3.671207217989524j)
(1.18626056089312-3.587565671959348j)
(1.11888660482471-3.495801863469417j)
(1.0584016779517345-3.396621696988488j)
(1.0063191477670002-3.291047200287103j)
(0.9640839850641113-3.1804658449298366j)
(0.9329834883453141-3.0666750667177687j)
(0.9140234565753134-2.951909361287508j)
(0.9077686887283093-2.838831315448716j)
(0.914155817477437-2.7304628143814145j)
(0.9323009015796342-2.6300317398379924j)
(0.9603422173816188-2.5407174076042196j)
(0.9953745383088722-2.4652990563125066j)
(1.0335347189532484-2.4057460399401003j)
(1.0702784522957434-2.362827582223716j)
(1.1008404205766311-2.3358459244400227j)
(1.1208060709115635-2.322588555592639j)
(1.1266705513041864-2.319543877790872j)
(4.023597072792148-4.0733605277072895j)
(1.0888471444904613-2.326335898651239j)
(1.0451697240298463-2.3271190644910345j)
(0.9870363564138889-2.320977399889894j)
(0.9169936198393135-2.305107439062737j)
(0.8379280676783384-2.277672566284464j)
(0.7527460087184976-2.2377201867603635j)
(0.6641501426097217-2.1850218314613685j)
(0.5745121239806487-2.1198880435324194j)
(0.4858227494233018-2.0429935914785973j)
(-0.4867421529541886-3.805284749202274j)
(0.31740454947539276-1.8576038853190724j)
(0.2399313245831682-1.751142029838683j)
(0.16802352963342387-1.6368601338892512j)
(0.10224479684151572-1.5157267066968567j)
(0.043020693766466306-1.3886537067306972j)
(-0.009323257887079134-1.2564968416403546j)
(-0.05453130542523906-1.1200638933304643j)
(-0.09239465775918043-0.9801287414562465j)
(-0.1227358618329854-0.8374496140549906j)
(-0.14540036724534788-0.6927906876157645j)
(-0.16025579362609807-0.5469464719152172j)
(-0.167200099691298-0.4007684036284147j)
(-0.1661806690658221-0.2551926411047651j)
(-0.15722718828877522-0.11126703295325877j)
(-0.14050188613451678+0.029826618129686525j)
(-0.1163707764169973+0.1667618356380299j)
(-0.0854981408836539+0.29807937035809284j)
(-0.04896220090336971+0.4222380164204979j)
(-0.008380879789587169+0.5377254039924544j)
(0.033978874688829264+0.6432506253422388j)
(-0.9810508910326666+0.8899508765138252j)
(0.11158193064611274+0.8221578701709266j)
(0.1393724310397263+0.8969747830779913j)
(0.15485664045311615+0.9653424861532277j)
(0.15528979247237643+1.0316249098049732j)
(0.13956662075709844+1.101273216749461j)
(0.108672119445913+1.180026375681489j)
(0.06565203082437589+1.2729382890243162j)
(0.015073948693828583+1.3835559713047245j)
(-0.03782608882763986+1.5135152749540728j)
(-0.08800474461272138+1.662623244183512j)
(-0.13123054529006098+1.8292959847283823j)
(-0.16436693089291043+2.0111321445867905j)
(-0.18536666496650753+2.205434988684662j)
(-0.1930911530374757+2.4095864695840254j)
(-0.18706494586321246+2.621259168129548j)
(-0.16723944719808423+2.838498112305639j)
(-0.13380139616447342+3.0597173993261415j)
(-0.08703483772713216+3.2836507961452517j)
(-0.5107271742364817+2.6913328758726576j)
(0.045362069226493724+3.735782429321952j)
(0.13056660306681206+3.962430043721703j)
(0.22827698788848377+4.188570654486382j)
(0.3384529378663191+4.413564625599611j)
(0.46110205765739715+4.6367535929210435j)
(0.5962568612136737+4.857435123260879j)
(0.7439481732447782+5.074846538970253j)
(0.9041767772352254+5.2881575857239715j)
(1.0768850839592927+5.496471637180523j)
(1.2619306250026932+5.698834979497853j)
(1.4590631901649262+5.8942533948743705j)
(1.6679073139563814+6.081714815956804j)
(1.8879515039826718+6.260216345291558j)
(2.1185450782394097+6.428793542916138j)
(2.358902787464255+6.586549693216232j)
(2.6081166459071565+6.732682846260791j)
(2.8651737131688493+6.866508805546888j)
(3.1289780908277103+6.987478850512126j)
(3.3983752102958626+7.095191727098164j)
(3.672176618963072+7.189400172140812j)
(3.9491838780278936+7.270012822819321j)
(4.228210771714054+7.337092704050604j)
(4.508103671581245+7.390853543025507j)
(4.7877604818909045+7.431654945224229j)
(5.066149017837696+7.4599970370306865j)
(5.34232587849705+7.476514616777621j)
(5.615456845536596+7.481970244693993j)
(5.884839568780816+7.477245123013343j)
(6.149928809605632+7.463326141117363j)
(6.410363832988554+7.441287150336062j)
(6.665996709199352+7.412262449439329j)
(6.916919362200814+7.377410665693337j)
(7.163486263858231+7.33786776623397j)
(7.406328834913456+7.294688876472588j)
(7.646357028185859+7.248779930383372j)
(7.884743422445957+7.200821887346216j)
(6.1357509693417684+6.475018464998144j)
(8.362344214542334+7.099890074539424j)
(8.604755103512039+7.046473914399856j)
(8.851719170707852+6.99001963051643j)
(9.104674181008635+6.929108833203243j)
(9.364758474382999+6.861853623114157j)
(9.632678178703873+6.785961735779117j)
(9.908591302179573+6.698841322081373j)
(10.192021658186496+6.59773972117896j)
(10.481813174540099+6.479905964549517j)
(10.776130981111656+6.342763339190294j)
(11.072510424912162+6.184076822556095j)
(11.367949760452243+6.002100875644689j)
(11.65903765781278+5.795695764511789j)
(11.942103596226517+5.564404684359096j)
(12.213378022236379+5.30848866040762j)
(12.46914978602379+5.028920662093087j)
(12.705910427874059+4.727343940262865j)
(12.920477786524852+4.406001920715695j)
(13.110094542493295+4.067648003254154j)
(13.272500202552918+3.7154435017197356j)
(13.405977361934616+3.3528510303670656j)
(13.509374715437056+2.9835292428317146j)
(13.582110240527221+2.6112332693298828j)
(13.624158351157904+2.2397237031778414j)
(13.636024768538556+1.8726856976953672j)
(13.618712524516697+1.5136587094978626j)
(15.25415494744071-0.45287311392189916j)
(14.07625816277018+0.35594886811058124j)
(13.782455528275893-1.2775760278080661j)
(10.266996950276942-1.5207738758314255j)
(12.285110111554202-0.1317577092200574j)
(7.70304618553713-4.882509792559306j)
(10.539685502217536-0.10395250727157815j)
(11.474396762415005-1.4041832413645008j)
(8.033300534995725-4.791751395024311j)
(11.506067454936321-2.561264720222233j)
(12.691275835672002-2.0319884849578886j)
(22.564788648264912+5.090856806266634j)
(1.4741170462428046-20.1058075056688j)
(11.64435572535914-8.846087240771807j)
(14.873437916745345+7.527719471333407j)
(12.472760997360627+0.30003555373106217j)
(11.673836350956865+1.2842937487250425j)
(12.481697349356384-3.127479664860522j)
(11.536280554674505-7.774338415819488j)
(11.731827088708183-5.912108542289018j)
(13.171154921420124+3.2178441219185427j)
(15.965790154393408+2.989065397433615j)
(18.973688567036813-1.1231698430888113j)
(13.488234141566975+1.112110170675816j)
(28.24055592435431-0.8330947880705629j)
(13.597439892996935-1.0331142065094885j)
(11.15194453618961-1.4669832644281464j)
(10.13569705101944+1.592678781950959j)
(-11.593245835653121-27.73946433465475j)
(-14.788264722987154+3.3462701327965108j)
(15.475951441418289+11.586164527143236j)
(1.8405258510119593+18.088262586801044j)
(18.32207027889043-4.008353851579745j)
(14.578623166034609-0.6851656037848246j)
(-24.957055915104604+60.07153787300931j)
(53.57197626662431-11.803609257024785j)
(75.8574660475071+49.338800516422864j)
(-27.578351447687773-21.30757292637692j)
(6.5271332315410255-37.92527066768458j)
(44.84664115559584-5.061809532936509j)
(4.721531819818047-7.061549038043386j)
(21.59144017615338-5.426329494722517j)
(5.827467996566642-10.256450823914935j)
(11.645954281748086-4.171901994078755j)
(16.662846893225232+9.388379558478196j)
(38.48497504207652+21.48036270835427j)
(9.116094388664292+7.464328226024884j)
(14.943088336172579-5.713774103138655j)
(13.18602188279001-5.250855453618655j)
(19.886288208611255+0.8898599273691808j)
(11.235571559603715-30.20724459061609j)
(58.07061789648102-30.26333454348678j)
(78.4159028540368-84.15053559596731j)
(25.799521380861876-17.06731749133298j)
(29.297300940309647+43.616527661371485j)
(16.450728790500012-6.493914278990929j)
(-132.06539877926758-134.0298930456879j)
(-9.965313858781707-4.411374109745611j)
(-4.104251527573261+3.2776029353738276j)
(16.410734743156134+5.252398468925264j)
(-5.671273611096497+7.767593798624256j)
(38.38823993236628-191.34570488389724j)
(30.675524582193322+9.786620607485439j)
(6.717056304827457-3.6552110902209236j)
(14.138416689220929+4.122071742899068j)
(-6.152082512827507-63.47180656414025j)
(6.9695700745395825+2.218950353686143j)
(15.992564171741623-4.979728064594653j)
(-16.884634040707386-66.89141493816308j)
(9.93988799491649-8.417161733131438j)
(24.787192473945748-6.773022867540487j)
(7.027666115142223+1.4932618935447461j)
(8.844330637760024-13.106073570732446j)
(13.70043507473847-3.52045410932865j)
(12.719087968834101-6.333849442477285j)
(-32.70416887604202+5.161251245671466j)
(9.66628831337914-17.980626242853525j)
(15.776444505911378+11.73271793362035j)
(-1.9536829477489945-10.59536396133748j)
(27.504723581755997+8.576503062128463j)
(14.087308163525398-2.7821317515836723j)
(10.554790434985245-0.1887600714294643j)
(1.976482978175218+5.927107957839692j)
(32.74186429260409+6.452123872985298j)
(-27.80639688072648-5.5728391112217155j)
(56.92687364342528-22.061662055301195j)
(1.5647935672300908-8.960836633719298j)
(14.251695434227143-4.444181259011824j)
(25.963144460627273-1.8072423358446084j)
(-125.40617868283239-260.6806903062852j)
(51.32520991971472-24.18982617587449j)
(6.598504405211372-26.68358172709143j)
(6.77929792078887-21.517845288372673j)
(11.240087048953002-4.027719184170196j)
(12.319198403081511-8.539901359594904j)
(-8.988180075252016-8.049872784743124j)
(8.438815494810827-3.3315731695676276j)
(12.915805500549167+0.02651758899841355j)
(36.28760919010396+13.775921312170361j)
(7.4874734926394595+3.985454933007562j)
(-2.8217238356441205+14.172722482000209j)
(-3.8597651235467256-2.232286396235438j)
(8.385895270377562-4.598073572978063j)
(12.50247140674081-11.452969707586988j)
(86.17339085634767-5.441145224610416j)
(18.461773135477163-5.144863691737455j)
(5.09216769988282-3.612524209420546j)
(10.767786380555833-5.668690596535597j)
(18.74473623487125-1.3005680795091914j)
(6.949455516622857-14.423751406440951j)
(7.545669701632495-14.303000486054177j)
(8.718517783252983-6.705235212154523j)
(13.784251554846346-4.271324318289661j)
(14.867493483564626-4.827545716734462j)
(6.476512841386761-5.009354456231873j)
(-1.311992654923438-1.1317276379450167j)
(6.2749700717423496-6.23232420028466j)
(8.687289332877317-5.5800122820065186j)
(8.57084033253232-4.840058160250248j)
(5.3656177374306315-9.24057950208108j)
(8.250496139034729-8.013055314062361j)
(9.83461449963635-3.270641906944485j)
(11.519201432907165+41.36180994541864j)
(1.6657525084985854+0.6140597674332945j)
(2.3896900059793262-4.466094516205577j)
(3.4805265503258322-9.920200803052278j)
(4.9197488218044905-4.9632380988647045j)
(9.58624118981392-7.24889000720071j)
(3.723398661586221-11.6685946738466j)
(9.650895169411848-10.336359975215066j)
(6.313001322153437-9.030041042526694j)
(-4.112945296265242-22.40335210882744j)
(9.865201757241545-5.8404985471009825j)
(3.9615115812050155-8.33938754653545j)
(13.966271154500372-63.24307621183708j)
(6.918002647625565-3.7513006841010075j)
(8.070912822566553-5.965271500417718j)
(10.69848974944336-51.186027566697156j)
(3.64427440335193-7.969453135114141j)
(5.4194589402756215-10.77173051531912j)
(8.404524121966618-5.968874914115733j)
(-5.175793576639628-17.356710941365623j)
(11.067059800563094-1.7873590855527663j)
(-1.4845151282143243-6.79679284785808j)
(1.826350485753415-7.184116757166259j)
(2.418565830732017-8.2620827931687j)
(3.247571481230705-8.82276814419811j)
(7.2200447855306775-13.681147785425535j)
(9.52119085929183-10.463643653772477j)
(7.592184435664866-3.213945005044828j)
(-0.6371518336099656-8.725364426139468j)
(2.739638416383868-10.231743740719812j)
(4.79999789427829-6.60620226920058j)
(9.39566212742759-12.193549211826705j)
(1.5529858687796905-9.19147159135397j)
(4.45517083406377-3.9975458675599533j)
(-9.665232580650184-12.723091714897508j)
(1.5127481533328244-11.900950422935937j)
(-4.0606344913136025-3.859619419025946j)
(8.713145263748657-9.257682281494308j)
(1.2911106448535232-4.211967840693924j)
(-0.8883918821830831-7.299165228804929j)
(6.819305986892643-10.721724812143977j)
(1.4546365095556542-15.417049363820448j)
(-0.23208872339357942-2.9789024270354547j)
(-7.618732046323324-2.5320042622680985j)
(-0.15870943746764712-7.4564189344655505j)
(-0.23047154742794615-7.2184671655378585j)
(-0.28299869047810006-6.9971464093839995j)
(-0.32194490583590113-6.793579913625351j)
(-0.35238686101102873-6.60731900591522j)
(-0.3784708451489904-6.436800287441552j)
(0.6487264479269902-5.464711706941286j)
(-0.42891953294940943-6.133907537621248j)
(-0.45658527072306704-5.996666146807805j)
(-0.48682967761497703-5.865906902973642j)
(-0.519709932211386-5.739768006013692j)
(-0.5549600227602587-5.616740116832868j)
(-0.5921232274360732-5.495655439981574j)
(-0.6306525327216363-5.375653612294578j)
(-0.669982960637232-5.25613689693829j)
(-0.7095812423577194-5.136722493662266j)
(-1.0856879748372925-5.986977476512158j)
(-0.7877882247329335-4.897470142111827j)
(-0.8257197147680633-4.7775429999579675j)
(-0.8625782281968322-4.657466092790726j)
(-0.8982645160363071-4.53731120544143j)
(-0.9327677696191095-4.417141738638389j)
(-0.9661543478345629-4.296986111114423j)
(-0.9985516700306005-4.176813542381626j)
(-1.0301267523832212-4.056512771365734j)
(-1.0610588872157392-3.935874901246986j)
(-1.0915062995254234-3.814582235456477j)
(-11.947830967733111-7.4801616042197985j)
(-1.1512377519445718-3.5682127203321827j)
(-1.180367433647815-3.441991008680508j)
(-1.2086207868487053-3.3128853776951295j)
(4.137515796777659-9.655615240701902j)
(-1.2600677160011315-3.043526795530216j)
(1.674715972030209-5.640747907388688j)
(-1.298514599782908-2.756379468934899j)
(-1.309852663038813-2.6058796889103624j)
(-1.3141509781538758-2.4512376247384626j)
(-1.3101149792588551-2.2932411599813953j)
(-1.2965990148232556-2.133010303586613j)
(-1.2726923201486091-1.9719522035529788j)
(-1.237785864620586-1.8116937393718517j)
(-1.1916148920864669-1.654000901716909j)
(-1.1342764375808743-1.500694615293909j)
(-1.0662248701795014-1.35357106870878j)
(-1.015076382670787-4.030421296384315j)
(-0.9014491392464321-1.0845253935195203j)
(-0.80718165976703-0.9655009276681618j)
(-0.7070368663588618-0.8583698885720266j)
(-0.6027890474785687-0.7639749932556321j)
(-0.49635581835883724-0.6828630119227528j)
(-0.3897527001651691-0.6152607070144124j)
(-0.2850427141986463-0.5610542361257352j)
(-0.18427930701517692-0.5197739173603236j)
(-0.08944195978217635-0.4905875031725699j)
(-0.002365437693761657-0.4723058089814648j)
(0.07533444603938318-0.46340447288875714j)
(0.14233378677937847-0.46206465536803737j)
(0.19766604705096125-0.4662336459982738j)
(0.2407731816204379-0.47370384478411104j)
(0.2715361024072746-0.48220583919033977j)
(0.2902798644353699-0.4895088470817587j)
(0.297751655722164-0.4935201898844654j)
(0.29507290259602437-0.49237510318236105j)
(0.2836699343728819-0.484509214081655j)
(0.26519007423777335-0.46870822401449225j)
(0.24141130049155612-0.44413227065649946j)
(0.21415360325945415-0.4103155084484978j)
(0.1851989936213069-0.3671440826322939j)
(0.15622517316957443-0.31481748599438686j)
(0.12875560359965404-0.25379912591525616j)
(0.10412655502795323-0.1847618600744171j)
(0.0834699629784527-0.10853350430246823j)
(0.06770973699893003-0.026046161865355005j)
(0.05756854823093608+0.061708057922648885j)
(0.05358199130397398+0.15371356381616283j)
(0.8341340267609131-2.8717779157446066j)
(0.06539367858910337+0.34646122276190333j)
(0.08150371376146581+0.44527223485855766j)
(0.10443205292580658+0.5444937254094266j)
(0.13407271984478622+0.6432768520816136j)
(0.17024302201983502+0.7408225842433043j)
(0.21269418268484314+0.8363790171758051j)
(0.26111849928015257+0.9292373672823714j)
(0.3151530514999707+1.0187276078592447j)
(0.3743801023690392+1.1042146507298225j)
(0.4383244482524768+1.1850959544903734j)
(0.5064481043377996+1.2608014425050609j)
(0.5781428865710235+1.3307966302662453j)
(0.652721692324854+1.3945898676373776j)
(0.7294096066772358+1.4517445581003754j)
(0.8073363719300479+1.50189707007082j)
(0.885532233445703+1.5447807358553953j)
(0.9629296553848716+1.5802557661646286j)
(1.0383737734033283+1.6083440272936695j)
(1.1106445453879368+1.6292664115451696j)
(1.1784931528085492+1.6434790441004838j)
(1.2406940620445661+1.6517030135746105j)
(1.2961121197865637+1.6549410607712443j)
(1.343781168383474+1.6544742316747405j)
(1.3829872853234626+1.6518324563131768j)
(1.4133466123113911+1.6487357414624408j)
(1.4348658603096875+1.6470071089709966j)
(1.447973957697377+1.6484638793704407j)
(1.453516494599613+1.6547990836230384j)
(1.452710305756823+1.667468106947265j)
(1.447062480463268+1.6875958770868704j)
(1.4382644411413523+1.7159166608263703j)
(1.4280757220456421+1.7527526256962713j)
(1.418212713547797+1.798030424718639j)
(1.4102550470029616+1.8513290409752863j)
(1.4055775739851097+1.9119483585067798j)
(1.4053105613982773+1.9789868833304656j)
(1.4103261295384568+2.0514183371276746j)
(1.4212458991639996+2.1281595852911934j)
(1.4384634566058812+2.208125551498616j)
(1.4621753017926638+2.2902696476918023j)
(1.4924149095026824+2.3736103938959157j)
(1.529085906499053+2.457246215793814j)
(7.033050415167304-3.9791442608475025j)
(1.620860617292187+2.622223026749973j)
(1.6753646883500148+2.7021797352923946j)
(1.735134497477929+2.779650204470182j)
(1.7997683139898626+2.85411701979349j)
(1.8688375869292473+2.9251186307951325j)
(1.9418891366430713+2.9922430613414264j)
(2.0184449217600857+3.055123551023174j)
(2.098000187136569+3.113436507143235j)
(2.1800207853859694+3.1669019852933036j)
(2.263940456723425+3.2152867754417924j)
(2.3491588497463547+3.2584100312884354j)
(2.435041061982003+3.2961512283242334j)
(2.520919459574226+3.328460061012649j)
(2.606098481743132+3.355367689716256j)
(2.689863027006908+3.376998530790363j)
(2.7714908356962127+3.393581566831368j)
(2.8502690147091325+3.405459967523499j)
(2.925514495670413+3.413097692836509j)
(2.9965977940595976+3.4170817411938907j)
(3.0629689824800397+3.4181188428658467j)
(3.1241843637420392+3.4170257054323887j)
(3.1799319995837414+3.4147123903203216j)
(2.1332325199339484+4.0059325269597945j)
(3.2745642607409238+3.4103865232161574j)
(3.3136581279887904+3.4104232873559717j)
(3.3477160388339233+3.4132690030163393j)
(3.377297580279992+3.4198585888062145j)
(3.403128186334554+3.4310279994383337j)
(3.4260788482607794+3.447483967776628j)
(3.4471404311972+3.4697790676002214j)
(4.203795404944278+4.5910205645317514j)
(3.4879813439525584+3.53321927225866j)
(3.510069792284844+3.574559678160231j)
(3.534824627317117+3.6221210410767792j)
(3.563377298832287+3.675518032993054j)
(3.5967967953155187+3.7341784202295596j)
(3.6360613074992787+3.7973512190126537j)
(3.552031959057696+3.2600710058380584j)
(3.735413933252763+3.9334055983231964j)
(2.748528005776185+5.263687655681062j)
(3.866357133696178+4.074610465073456j)
(3.9443356128949936+4.143819426227503j)
(4.030515187209336+4.210208914549938j)
(4.12445130299491+4.272369808531477j)
(4.225416191554132+4.328970522211727j)
(4.332408024434228+4.378823038697587j)
(4.444178700723127+4.420949994103472j)
(4.594419320365613+5.392146018077304j)
(4.676139168235318+4.479528485173703j)
(4.793122967180387+4.495563399153744j)
(6.653189324232391+3.0959933806470725j)
(5.021241342067682+4.502715213614039j)
(5.129656446980133+4.4954308887111125j)
(5.232895053036619+4.482383625562988j)
(5.33026095440425+4.464878451866625j)
(5.421366623455396+4.444281417395143j)
(5.5061204697662784+4.421944025635671j)
(5.584695666946679+4.399139561407523j)
(8.448752835998961+5.579268431614901j)
(6.621722178847821+4.289031559781718j)
(5.3307624857264395+7.377043555500074j)
(9.705472379411031+15.119785742996092j)
(6.499618463500125+3.1709620324801935j)
(5.364807191529956+3.8669790599453027j)
(6.257036488333405+2.71701990454885j)
(5.01222624442247+6.856578376516641j)
(3.261310347387864+7.586799306386052j)
(4.836180407616373-5.423251209128418j)
(8.350978489745804+2.430092369157505j)
(10.327037156617019+8.20320662076228j)
(-0.933647359611885+5.82417282993436j)
(12.241633182052736+1.5717034083228594j)
(7.002240361842207+2.0424496758685837j)
(3.583882343209557+7.716655828463192j)
(5.850211649013239+4.549445241989178j)
(8.520782284337107+2.9538819869348423j)
(0.4677907352371863+6.195490492172762j)
(7.266819712814066+5.011574794746272j)
(9.989972553342447+3.625294880484411j)
(7.552614938712044+3.751518250062208j)
(7.875697511212701+2.113585109845441j)
(4.346169017177525+5.280340299905983j)
(8.256297354487534+3.4113619089514065j)
(12.715738629174949+4.763098392632653j)
(6.876682293277915+4.293762538149387j)
(8.147292412697217+11.823629577279512j)
(9.399622489779807+8.117407583116643j)
(13.095212869390519+10.939465732577267j)
(1.2994352007316252+13.089764616840966j)
(12.674964019984253+13.824586248193215j)
(31.74386537599655+17.821418117900215j)
(-3.219094782004056+13.598346737884693j)
(10.309333212647575+4.6738160437396195j)
(5.036667717236135-5.059776706202429j)
(9.549475491936242+8.256938978729261j)
(8.02045551899701+5.840576132457316j)
(4.389503802600675+10.820589408288123j)
(23.042873936782684-6.502991084889939j)
(5.931236447888986+5.66070622170894j)
(8.857632478163518+3.4152749382329133j)
(14.429986008305342-0.2780630430766294j)
(9.624070406747299-1.3491733796164735j)
(23.239154637506374+5.784478612162922j)
(31.218781841688628+39.15450599096398j)
(53.535321914405735-37.95492351560637j)
(12.526439354302347+14.32467067522219j)
(2.3407365907675284-6.348470220280427j)
(25.06656099780641+5.6065538173916005j)
(11.79614944764764+4.587731269643568j)
(11.821264768164822+10.642415783261585j)
(14.99883597386214+2.4046135991653523j)
(12.885822485054218+3.0187950263272483j)
(25.91345476124534+30.221803176208375j)
(12.688056804334646+3.761662344073247j)
(20.576646165976143+16.680918081324542j)
(0.15453192979327987+0.8244545209399865j)
(9.584991761138966+5.096277530692333j)
(18.507132622221167+2.4476877182724897j)
(15.291060325409601+5.4127069442688756j)
(109.83420852562213+42.711018946564664j)
(12.789303334239483+0.003928441060410203j)
(-17.725980004344148-18.763963685647276j)
(-37.899713077626664+92.3516648483983j)
(12.534663412319905-1.63987265407653j)
(-1.218751682247015+26.96198417943862j)
(12.17540704599121-0.9370545085090385j)
(21.144625476179495+20.54260604819435j)
(23.607171004434633-4.163742646529283j)
(8.999923304413862-7.308211330593506j)
(14.25320845492764+7.208212047226953j)
(19.92461594148616-10.166976399699186j)
(-26.565481971726168-26.338344317701996j)
(19.532200289104313+1.8974424021446723j)
(14.25626462165739+1.7897273434888261j)
(-51.83975477026227-17.66785582431406j)
(15.200873544414694-6.667216569448853j)
(16.558115615539045-4.5695910847065315j)
(14.91060026947611-2.5710699269169814j)
(23.373005084227007+2.43668771593666j)
(8.892091923698835-4.434194487703988j)
(15.66270711916397-3.375448695544763j)
(14.257145243448326-3.0532221658240624j)
(14.062974243779854-2.0777342546859003j)
(17.419024705991443-8.523506502684699j)
(7.8731173277484885-9.840544646600515j)
(15.570667082213548-3.8043089331130737j)
(14.000816957660902+3.1459169822679742j)
(18.15828607297417-10.089622875883688j)
(11.481711440287455-3.4997249583647614j)
(11.67461184163971-36.79875064363803j)
(11.321573980727216-7.973285654383491j)
(14.389582098899654-1.7966672900685392j)
(9.958013564250294-7.362196858310452j)
(-33.24496435558596-1.0977066836248062j)
(20.908122260823827-9.344520390526776j)
(11.668082271744579-8.243129631160945j)
(11.310165184250154-8.441459908009772j)
(12.75812751549497-6.157391032010097j)
(12.552859217047823-13.731207105363367j)
(10.486964760194835-9.631603246977315j)
(20.523711760655832-6.241461470881045j)
(10.116865381597346-12.680231747307118j)
(20.732889294904115-11.090199422236125j)
(11.776427480738317-7.756350967388851j)
(11.103012106038948-7.297951336126684j)
(9.836167129988922-6.6140463355034855j)
(27.92055217600063-18.064716874291843j)
(21.71663756645646-26.57719183799794j)
(11.23451066738769-7.381547842555482j)
(10.309966195483577-8.595393761320747j)
(8.293406125387628-6.603683788061547j)
(7.382566505439893-3.057261118047296j)
(10.817623131545822-9.674273220237335j)
(2.3285718099504837-12.772835347667685j)
(3.2914200624617616+5.680840930327525j)
(7.479175139976677-8.161232500696151j)
(8.150033900198798-7.855473877176572j)
(7.7780627847849875-6.940719210322933j)
(7.694378420301449-8.370100653544682j)
(7.791757427918888-7.362715308967478j)
(40.04232828075978+5.925467872138777j)
(13.167500171726402-16.274469882383137j)
(5.397362270632756-8.06990377327563j)
(5.799612650276524-7.966076648138635j)
(6.548355044329913-7.549323102565979j)
(5.0737954890899735-8.360224280673256j)
(3.474765931314787-4.018980318369919j)
(-2.1410238513600524-11.480475571827073j)
(5.517443020712941-6.655844286973174j)
(4.656716523727092-9.269114458808934j)
(15.925523038643018-38.94060229166894j)
(6.195949258471623-5.995921020386198j)
(7.3398227070851-5.049095010702586j)
(5.051058708528781-3.435266543771855j)
(7.847744525264436-5.1268340254177085j)
(5.412744546048588-6.747333318954937j)
(4.168637895091593-6.9932479496327264j)
(6.075949324691214-7.042067117032754j)
(9.554499594415017-5.74938335442241j)
(9.752291460359361-7.100700641427571j)
(3.38856351897886-8.019812483472796j)
(6.150537789757805-4.535021768238076j)
(5.602646277957353-6.764543067843393j)
(5.672583828975426-5.601714969102755j)
(4.003624484901815-7.361723137404351j)
(4.496602797164446-7.400637426359148j)
(5.857608444096533-5.678611952859409j)
(-11.97283130010769-4.737993709413206j)
(-0.8216351220906047-11.223948390230733j)
(8.394590492937184-3.7212710730072236j)
(3.7933577131455194-6.993837196441531j)
(4.49886057796849-5.682269311209529j)
(1.543656066495454-8.771817292569816j)
(16.64336228876299-2.9085413688879007j)
(4.6565543260535875-6.076861669927563j)
(0.7390937093526503-13.598413424645438j)
(2.7906404288363627-6.23981410902222j)
(5.015626133589881-6.502221863305362j)
(3.0569499660380677-6.19042720225293j)
(4.774377490571213-7.327885033926152j)
(3.956471424864124-6.138024630557309j)
(1.7692875880838583-5.990136709617704j)
(3.0839994444084926-6.749253105800445j)
(4.536794258034778-6.872855197227594j)
(-6.912819432937466-4.321510591634595j)
(2.335500022339545-5.93542151945785j)
(3.2601339760459576-5.576651389237114j)
(3.6351883529739584-6.745440794557436j)
(3.3235789220993-7.419864581256971j)
(3.429344425848335-9.721381867504363j)
(2.143347160220335-6.454254121713073j)
(2.07772471699929-5.737741772131376j)
(2.5649521471730212-6.141317477247819j)
(1.7070646073637168-7.056418709292939j)
(1.9928551274136848-6.195636318019583j)
(3.0705643225953043-7.53327496260075j)
(3.889551294363826-6.81588325031083j)
(1.184762088998179-5.376936903003006j)
(1.9104865308462915-6.243045030158603j)
(2.0327956876921967-7.607348343885119j)
(1.0763926310829872-6.274832823906313j)
(1.183958816213118-5.297610049808457j)
(1.0696081699097608-5.892029006148971j)
(5.735318360745039-5.010535225270381j)
(-0.35324959528058686-1.8803602397566292j)
(0.6225785141429893-5.804960449243422j)
(0.27046292406139044-6.308518918407496j)
(0.7547505355645225-6.409332756733347j)
(2.3157195873890273-4.806930209880972j)
(1.360575424086518-5.41926631107093j)
(0.352013445082042-4.334559092494195j)
(0.6690988838732935-4.774660087971215j)
(1.3164422800664404-4.866254858624353j)
(3.6750207703957845-2.395727179962925j)
(0.9143119948189738-4.37778499257755j)
(0.7530187824818846-5.314112246177613j)
(41.63939740039154-13.422492678492516j)
(0.4169579699618015-3.154164968405388j)
(2.620055218134516-4.533887288642977j)
(-0.7960518891213585-5.17931956529744j)
(4.379848235936342-4.425831386642213j)
(0.9039266804944733-3.873952688697358j)
(-2.1946839095228365-5.8991771073989385j)
(0.4944789854371743-5.047337822079291j)
(-3.451234937786464-3.5755705778927958j)
(-0.6054586555334689-4.627319211919604j)
(-14.611462494939806-10.322730568247108j)
(-0.9947376819492657-2.8115163238839034j)
(-0.6981716186847728-4.43907804625624j)
(-3.279453239438144-4.627043783294964j)
(-1.439418838137227-3.821577368715436j)
(-0.7653121116470188-3.081067253058779j)
(-0.5614804976729835-3.706356888494237j)
(1.3667434140997+1.3612424070831748j)
(-0.706551799223737-3.405505154779236j)
(-1.108398079199008-4.031888149919894j)
(-1.2184445523780045-3.447542275215478j)
(-0.9909902493719914-3.4464561472366793j)
(-1.9439473568146286-3.6175518045990063j)
(5.177503715362305-5.099422574299343j)
(0.09857917514111392-4.6132562293569785j)
(3.1666377406579285-1.8220507657214822j)
(-0.37959051780957237-2.2210844478752985j)
(-1.2332233957016605-1.5811111932492339j)
(-1.3833736288704355-0.24714473861863412j)
(1.5093722419921618-4.467730489874003j)
(3.8609677384907615-8.566814518686117j)
(8.686119987963082+4.678658568147637j)
(0.08209447968793128-2.713324288619593j)
(1.5455514118218778-2.879912730129211j)
(-26.87583355355763-2.1512443998496837j)
(-0.13226276639941947-1.9294703245118474j)
(-0.4862168483403172-1.2037299117588942j)
(-0.11379943657044611-1.0426872136722072j)
(-0.40148725364872073-1.0425454345645062j)
(0.8951523364327604-0.9287463865900109j)
(-3.8652835406301573-5.356727221363709j)
(0.4564546086250799-1.2178108439155066j)
(-1.331502732436009-4.448727592549058j)
(2.4969705311150783+3.0176917166747943j)
(4.243669202203418-6.298512332756359j)
(1.785736624172158-0.8614496177980956j)
(-0.19261756504227365-1.4240844710180802j)
(-0.09889654940440222-0.5997382779478513j)
(-0.0903339961231431-0.5685530167946091j)
(-0.08912899884277482-0.5370404010216303j)
(-0.09539016661324769-0.5036248928784004j)
(-0.10891709274636759-0.466629998212556j)
(-0.1291539720646577-0.42434252107315884j)
(-0.1551573920191127-0.3750958070158724j)
(-0.18558616158143232-0.3173688296672135j)
(-0.2187204427125619-0.24989451598293835j)
(-0.25251519711504156-0.17176727032318867j)
(-0.2846889772072167-0.0825371134108176j)
(-0.3128437978874836+0.01772286105827286j)
(-0.3346061950803392+0.12838719939495427j)
(-0.3477749507687576+0.248294017424926j)
(-0.3504586638384055+0.37580679592622457j)
(-0.34118719078128246+0.5089156996496033j)
(-0.3189849322743656+0.6453661497330226j)
(-0.2834000659170162+0.7827989131368985j)
(-0.07091291085591966-0.614418198744565j)
(-0.1727740300621942+1.0514463015820816j)
(-0.09915106117787918+1.1785395887583923j)
(-0.014815524560361363+1.298522232475415j)
(0.07883855621990163+1.410078145933814j)
(0.18030379497973797+1.5122214366409514j)
(0.28803430653126255+1.6042793359552112j)
(0.40050559873796526+1.6858615686000564j)
(0.5162588869217588+1.7568221918436393j)
(0.6339309184287736+1.8172188541120493j)
(0.7522713926378614+1.8672731280706596j)
(0.8701504838384891+1.9073343237802518j)
(0.9865589864788654+1.9378481308154205j)
(1.100603364103998+1.9593306307509606j)
(1.2114976237829258+1.9723476592807572j)
(1.3185535475490846+1.9774991439050795j)
(1.4211704468480952+1.9754078499883418j)
(1.5188252933847846+1.9667118869991496j)
(1.6110638294521953+1.952060316828727j)
(1.6974930705955686+1.9321112352968728j)
(1.7777754748497188+1.9075317432480727j)
(1.851624954588283+1.8789992695147153j)
(1.9188048373518225+1.8472037449585312j)
(1.9791278293501715+1.8128501498289635j)
(2.0324579889388437+1.7766609643616715j)
(2.078714667480454+1.739378046349383j)
(2.117878312937861+1.7017634434624114j)
(2.1499979499830304+1.6645986291285433j)
(1.8977584047586806-4.198642819237815j)
(2.1936983222212882+1.5948215855032735j)
(2.2058039667370495+1.5638300874448037j)
(2.211935414156198+1.5365092002749203j)
(2.212626817865894+1.5136356359673762j)
(2.208534064593232+1.4959412512043202j)
(1.1609377886700805+0.2025821032855733j)
(2.189237503212234+1.4786528291073566j)
(2.175949616234618+1.4800792602748494j)
(2.1616852619978575+1.4886711722804566j)
(2.147630678422812+1.5045567586989987j)
(2.1350163590455806+1.5276692190272472j)
(0.5868183892574359+1.997224283133616j)
(2.1190274596247263+1.5942500528727863j)
(2.117984192240526+1.6365166076843445j)
(2.1229563303276393+1.6836229238440799j)
(2.1347880444838623+1.7344841590633686j)
(2.154127886162512+1.7878722266229383j)
(2.1814032234367677+1.8424562657463304j)
(2.216804837829632+1.8968476500029632j)
(2.2602823152782854+1.949646512518051j)
(2.3115498645390002+1.9994868132608208j)
(2.370101311687845+2.045077366412597j)
(2.435232367728868+2.085236900448875j)
(2.5060679149911325+2.1189220201910577j)
(2.581592017174004+2.1452477507077408j)
(2.660678587756282+2.163501056422691j)
(2.7421210785014667+2.173148267340453j)
(2.824660086297599+2.1738376694793864j)
(2.1251147588783335-2.0025047104106766j)
(2.9878730297047453+2.1478385133054503j)
(3.06597591808356+2.1213385237319824j)
(3.140071859034109+2.0862490468182413j)
(3.208966643880237+2.0430849448591335j)
(3.271534997270451+1.9925206220107092j)
(3.326739473162291+1.9353843929907903j)
(3.373650727779873+1.872651321605314j)
(3.411469276282347+1.8054334586766718j)
(3.439548378746761+1.734966300011712j)
(3.4574171895314803+1.6625903420543553j)
(3.46480279661178+1.5897268615790405j)
(3.4616493439802443+1.5178474947872052j)
(3.4481321504794242+1.4484378221410426j)
(1.291882274060767+2.125385188278446j)
(3.3918965450918312+1.3227876810118797j)
(3.3507009879082776+1.2692012793400993j)
(3.3021517071614728+1.2233039578191878j)
(3.247489192379483+1.186004134713888j)
(3.1880783917849818+1.157981906894212j)
(3.1253602059301953+1.1396702675974502j)
(3.060800066658323+1.1312484557505273j)
(2.9958371430884556+1.1326477125658307j)
(2.931837574563392+1.1435685655556438j)
(2.870054590723815+1.1635077581472293j)
(2.811597546030522+1.1917922304764819j)
(2.7574109163582428+1.2276172069633904j)
(2.708263331890538+1.2700854621228619j)
(2.6647458824773658+1.3182451605645142j)
(2.6272783134769395+1.371124204318506j)
(2.596121365573963+1.427759661351017j)
(2.571393389612521+1.4872214935347043j)
(2.5530894437444847+1.548630374627427j)
(2.541101295825509+1.6111698432408894j)
(2.5352370477390744+1.6740933551947654j)
(2.535239416960591+1.7367269893544717j)
(2.5408020141809073+1.7984686408696369j)
(2.5515832186135423+1.8587845324709102j)
(2.567217462046545+1.9172038160623024j)
(2.5873238861430425+1.9733119484876165j)
(2.6115124391926003+2.0267434277072867j)
(2.6393875368190525+2.0771743843316615j)
(2.6705494364930997+2.12431544960049j)
(2.7045934794003608+2.167905271875939j)
(-9.02874031719135+16.87884605229179j)
(2.779666476725086+2.2434943372752794j)
(2.819827792321056+2.275068858409951j)
(2.8611219545171798+2.302240267608043j)
(2.903044431134088+2.3248389825317357j)
(2.9450458641321227+2.342720443622649j)
(2.98652248406533+2.355775673408164j)
(3.0268077211360707+2.363946894308295j)
(3.065166692283954+2.3672488451968787j)
(3.1007958833601714+2.36579605339411j)
(3.1328310110782316+2.3598355575432546j)
(3.160366561890892+2.349783313024807j)
(3.1824905587576007+2.336260684275449j)
(3.198337272969792+2.320125143605272j)
(3.791416491566751+7.874569028360381j)
(3.2084093962334097+2.284702071264997j)
(3.2018421923008282+2.2683317093977373j)
(3.1875900015390264+2.2550627689644487j)
(3.1662254094685607+2.2465901706303573j)
(3.1387731640207015+2.244472414056032j)
(3.1066649415014864+2.2499815942072776j)
(5.540666120857914+2.4843361378811104j)
(3.0355717951591545+2.2868156281357135j)
(3.0003467351051802+2.318353543721422j)
(2.9676577681737673+2.357976473858684j)
(2.938906499457811+2.4047088457880905j)
(2.915128184979934+2.4573403848362902j)
(2.8969747750766106+2.5145578434101337j)
(2.884742050369706+2.5750599513803327j)
(2.8784259208669067+2.6376438536245796j)
(2.877792303123856+2.7012597505285694j)
(3.87851126159752+10.637384745357858j)
(2.891903019209337+2.8282861549974085j)
(2.905623508069487+2.890489861897229j)
(2.923068580030187+2.951279680254869j)
(12.735974397360188+7.949294049219827j)
(2.96708732256967+3.067750122180746j)
(2.9927398143510953+3.123228567201284j)
(3.020287234185047+3.176846844823306j)
(3.049391126005726+3.2286465219991585j)
(3.079760073261664+3.2786993736028394j)
(3.111145898982536+3.327096991447836j)
(3.143339228261649+3.373942761676417j)
(3.176164871970981+3.419345782555936j)
(-20.034291742242836-26.639489677041706j)
(3.2431564506243773+3.5062625147057913j)
(3.27710367199938+3.5479878894874584j)
(3.3112382637653264+3.588689708203189j)
(3.3454941388254764+3.6284577295399836j)
(3.3798168315480597+3.6673733898313015j)
(9.484799985554664+2.855265478613046j)
(3.4484862687543485+3.7429287505964766j)
(3.4827576321772677+3.7796859526456723j)
(3.5169398563002354+3.8158257510282856j)
(3.5509962958352204+3.851384105170005j)
(3.5848857691661014+3.8863886449649883j)
(4.072719006421949+6.522277453438585j)
(1.3649689315909843+4.639392154131305j)
(4.747998973181548+4.519615164414413j)
(-3.297382169394278+4.848768052217877j)
(4.1679919711796325+3.6043999125752886j)
(4.740781917828857+3.9676170625699196j)
(3.9777401851783556+5.012807055351085j)
(5.462734330849843+4.38156092685909j)
(1.4205392998288846+6.9711756396024915j)
(4.2970398437321515+5.210740538313317j)
(5.864686684035483+3.2272404433546145j)
(4.135762157654866+7.691098507743232j)
(3.9967308109160244+3.9784241069899298j)
(15.593502732683909+7.541436000289772j)
(6.685157028878092+9.264182514751479j)
(7.655570977458127+5.000519256288792j)
(82.34988863774348+129.88847728575132j)
(5.752571522954639+5.076013968410074j)
(5.347299114221893+7.232440709323342j)
(6.7798850611040935+5.089667605218419j)
(2.5609185503293537+7.901813379538205j)
(5.397190435883793+3.2902393007940534j)
(7.00075602289847+6.572168497802903j)
(4.221619346844097+4.803021064471926j)
(-91.68020226977643+59.76906039007172j)
(0.3734013238444853+5.163587067618606j)
(4.235192842373903+4.931454240747733j)
(3.29704095040841+5.349047900176111j)
(8.014171122168465-1.5997020568352154j)
(-5.382767069758753+50.484784681453576j)
(2.263618047353148+4.805257606732427j)
(5.360927864759848+5.989132599549632j)
(4.54019950675518+5.310734381980507j)
(2.5360495383181774+5.303461058435305j)
(4.360948543793028+6.745355147361438j)
(8.856194652669377+9.238260702148935j)
(4.534561506141356+6.221658442430643j)
(7.255849957823116+5.994843410056195j)
(0.7909039125898663+8.840050620736775j)
(4.463658435321036+7.0770747385477355j)
(4.274912880138523+6.580707112641106j)
(7.8533320422115205+9.612130887670515j)
(5.126265792573319+7.1123801143627j)
(5.562999488479901+6.968426916726638j)
(4.8503930015151875+7.36654753407536j)
(8.65848166911314+7.196297350415828j)
(-1.8581482367525042+13.821845318769563j)
(8.1505532119726+6.803172092799837j)
(9.16642754423723+7.501103510687965j)
(17.013040804827654+2.814171493097902j)
(4.6703568571704706+9.257903293472964j)
(131.25825506712994-122.66149638106869j)
(18.884871082208786+15.293681061948112j)
(-5.006948279884859-3.4282229707912713j)
(4.701413542401799+9.227191628363421j)
(3.2647399999655753+6.694963241929164j)
(7.022187651776486+8.30729292700851j)
(6.551716997455118+11.46398601271647j)
(6.842210880762798+8.144405380250028j)
(5.430249119567388+11.505966968852254j)
(14.14494899607021+2.4962464723244526j)
(8.062482402841887+13.979299135764744j)
(-3.3007327188904036-65.49455470530336j)
(7.131870050766945+12.507228872180837j)
(86.16400468408183-28.095404736133183j)
(2.90553658951508+13.525911270749571j)
(11.467508842761573+14.361841833297243j)
(10.020469395695821+10.898342477922919j)
(8.285036574343124+16.4590158280714j)
(-2.3389106884220117+26.261137203952195j)
(9.869281553842866+19.33281828252981j)
(10.482678207277925+25.44597357316537j)
(-3.9910741454110523+15.945194845410152j)
(29.837797654483566+1.7899431854917534j)
(-18.295071304999606+166.92847089139508j)
(13.041893483977843+16.218367565880918j)
(15.15721212231546+23.451532100983417j)
(21.590980299906203+3.8091302862744665j)
(23.773757873046062+13.252798535031094j)
(11.878811465429061+53.488897517843725j)
(23.845692478988433+17.102477652537978j)
(10.464859124322338+18.716124110708893j)
(302.3064327116945+0.43483191140918614j)
(13.401156219479459+3.988500709302294j)
(71.6297377352844-6.1492031376507885j)
(179.23928787683076+183.48367274793893j)
(55.940212758982995+9.01242390361364j)
(48.03599130141548-12.59741468583251j)
(53.89542987404347+9.467811311081482j)
(13.13664013751804-9.108454178718006j)
(22.71678024914391-21.62593928230231j)
(27.91840092633817-11.507582089358532j)
(53.48125974587325-9.959019975347038j)
(45.64698083254915+9.520247781461958j)
(34.032874935143354-9.790298694586397j)
(30.245242574354688-43.75431469269876j)
(1.430925154226328-23.386942642872214j)
(13.75258802753267-5.421585092012469j)
(36.966382185934656-10.051094517171288j)
(2.2833597874483464-23.798924859261028j)
(22.824557020989886-32.44216905637641j)
(28.856607307811526-34.94109069568251j)
(21.334064713356575-15.69635049660582j)
(139.35351125350434+63.882023593283115j)
(17.419287524770223-11.068369299719784j)
(22.047511016896728-4.862420993425048j)
(22.458853556908227+0.28001827897677267j)
(-25.985948020474495-129.38760266719046j)
(16.620162865214862-36.745378385743635j)
(9.904154084316648-23.582714123088163j)
(13.246707051779234-9.512771121046278j)
(43.054295406218806-0.35542563173124403j)
(1.9854569218862537-27.644622295784817j)
(3.1073834718451017-24.50997666851379j)
(23.172612990539648-9.553657150062199j)
(7.685020919068678-16.937125916727815j)
(36.61762262315041-3.58083772693921j)
(6.650305444028144-12.289078805086378j)
(0.3558257375629367-8.015000806388011j)
(-1.575496418561951+18.67152705904556j)
(3.240927326227042+5.169004502350563j)
(6.386044163572504-9.639254329093475j)
(4.216514955016821-15.146456576327411j)
(7.617808208687883-13.08183473575205j)
(6.9474805777426205-15.869499408011231j)
(8.828115776927673-16.544082564812623j)
(-14.92227647878665-37.400496595872816j)
(2.8322078686600074-12.016779260794102j)
(8.998463798949954-17.401453373286156j)
(6.402280213277168-11.000935469505043j)
(5.267089138759266-9.264698581408968j)
(9.89952362957013-14.931860406199517j)
(-1.492772290572123-21.007693661570656j)
(3.33423878706997-10.07250354419949j)
(4.485665581784724-5.193526822765875j)
(3.6781462786344545-9.45431574592555j)
(10.227570940087258-11.48952471521359j)
(-2.575991448753444-3.411126163872149j)
(7.806424801370874-0.6740036679558444j)
(9.419051962545415-11.989365373288797j)
(3.6377539266322727-7.392307284786654j)
(27.21765488652487-7.364374956586663j)
(3.442027796605359-8.347859277192224j)
(1.9727095169159152-8.517699843100994j)
(2.1625317059436435-4.6131757807772535j)
(13.772405996002368-12.709544284826434j)
(4.50402225339532-13.27427206798888j)
(-1.9747482810516084-15.757132850591356j)
(-8.884471138777023-49.496869990699885j)
(4.309448509361277-12.461211058246862j)
(5.253783648088062-10.754582409625385j)
(-1.5707628452134386-9.299392058844978j)
(2.5393355773950397-18.13549390812147j)
(6.90292268492278-9.237655776991897j)
(2.0712082842575836-6.18965941841502j)
(3.512556628098001-5.281367604296462j)
(-2.3006880183206793-7.285995191196889j)
(11.586311390748229-14.235608654495467j)
(7.94041678846045-6.9084472687851886j)
(1.7849660309308675-11.321660360713945j)
(2.811932965999165-10.490920606206648j)
(3.8017975218695574-8.339771024853547j)
(-10.04042729139435-39.332317376833224j)
(2.6769508490024014-6.710269588916029j)
(1.975762776887489-6.652785533637698j)
(3.2950433838831383-5.89405913217865j)
(1.8611516451121823-21.719812280769048j)
(1.3180315973077013-3.2168693638327968j)
(0.3345331836121297-7.153300881853381j)
(2.4183636173853147-5.451947723750135j)
(4.374981596213962-9.421115163463654j)
(-15.311480688478646-23.101609315683426j)
(21.01280015749542-16.802139799589327j)
(4.2326594837692095-5.785885370965311j)
(-8.337811274422306-10.310529084429936j)
(-4.4948674870479675-10.195020042664606j)
(2.1917609761553285-5.373340094327704j)
(4.191939748880314-2.650768281467275j)
(47.916250965794326+44.47375933635919j)
(18.93769526581243-2.474733718816999j)
(0.9130191905037672-6.088296539829636j)
(2.1259179514085664-6.433391747691535j)
(2.9296561850342857-9.147476302027275j)
(8.39421282681944-0.8498480666148662j)
(0.9759355782908337-6.487231774064946j)
(1.445029698130204-4.701234984964184j)
(-2.305036164926162-7.927231005297205j)
(24.87088532273545-5.135925353173285j)
(1.5841522616523462-6.495885497302436j)
(9.364469608206415+13.127999149281473j)
(3.631322764418578-7.204210945160053j)
(-1.1268956704197903-5.909629485636237j)
(0.5254103702888161-8.128065281163773j)
(9.838861493808517-9.837232409887292j)
(-6.472183976634182-13.578345199006844j)
(-0.8305542815872605-7.006564663600271j)
(10.792050280270724-1.925949759670732j)
(6.98558334048226-12.799527985676006j)
(3.6378216005039294-6.570026708212473j)
(4.455818415243027-4.745760461243263j)
(2.9538981964374322-2.765406664098348j)
(-0.05447286357897417+2.4514363677142783j)
(1.7363780299951523-5.10373102498073j)
(-11.074299419778878-6.630731924134491j)
(-7.271911859969231-6.734792293067154j)
(-97.67909104540476+44.60612736162974j)
(0.9097858496537901-4.262887412000547j)
(1.1003684804056915-1.5304866129037376j)
(-2.4769079102048166-5.7260732480305006j)
(2.264974958916937-1.5206721036496607j)
(1.1700245470349704-6.1459652799340425j)
(0.9841937390733632-5.277569899807155j)
(1.0083523518678545-4.072116424949338j)
(1.3983326423126867-2.8753051834974444j)
(0.4005883978450194-4.978143357709973j)
(0.7642588329662647-2.8270717807490526j)
(-3.7342275753985015-2.98238998628314j)
(1.4729968472786972-3.594959304047243j)
(-4.951460224875764-7.887525872893955j)
(1.4308325131007242-3.980042367147914j)
(-0.8426723985710826-5.604944711591613j)
(5.668669799283055-8.085553535562202j)
(1.4748678562815725-4.482700611525775j)
(1.0340835144353497-3.2055466144771483j)
(8.711351613812974-2.3356332422999984j)
(1.7975613359293308-3.2031578715388753j)
(-2.2761728647468877-8.60718220293815j)
(1.0520615785971918-3.24104914022075j)
(4.684828659288053+4.076012113253307j)
(-0.28973832266806954-2.7973154771181443j)
(-0.08417341848317572-3.539504700157908j)
(1.4790754312119392-4.846305902131316j)
(1.7911387430678032-4.2260330098182175j)
(-0.924128310462356-5.811465000036654j)
(-0.4440710917650352-2.6796438733871466j)
(-1.9379266229291627-4.594687366168596j)
(-0.10989179985209727-2.3136592376299863j)
(-0.7900039022636007-4.3359919995323954j)
(-14.153491443922759-11.37414048935472j)
(0.06083992458301276-3.01147804481393j)
(-0.1470816411754428-2.6235976835806656j)
(0.8480483206913788-3.1135713130888507j)
(1.5681833545709714-1.3235656447449662j)
(-0.08593875113534073-1.5703850637328702j)
(-0.10015875632457838-2.3442648358568787j)
(-0.7051415959747471-3.7199301642406035j)
(-0.4404983239734446-2.1299187688625656j)
(-0.3858352861067298-2.39718886406673j)
(-0.42529039302095356-1.7657500500663224j)
(-3.1171895931534803-2.94528379427971j)
(-3.814656030280549-3.252993473088131j)
(-0.8775026396435528-2.3634641472879157j)
(-1.9356792145248487-1.527158650206992j)
(-1.245667059068772-14.117440256131346j)
(2.3841568226673315-2.3757436133039698j)
(-1.887294306314054-1.541788346244985j)
(17.735170572746124-4.128223125307109j)
(-5.396731105800286+4.374393678046425j)
(-3.0935470246209618+0.7417412940352047j)
(2.2620614255573823-5.794135132329199j)
(-0.1342385630581951-2.0102595064746103j)
(-2.1184400660004146+2.3682426805752654j)
(0.44547096802956276-0.7135096556049517j)
(-0.8478413840645725-4.017577177596727j)
(-0.4121789963901563-0.3909458305643005j)
(-0.3914772370510625-0.3098364108045402j)
(-0.36932648327962375-0.23050499251711118j)
(-0.34592564761224814-0.15287598488747045j)
(-0.321443726330083-0.07685317383906765j)
(-0.29601912830725413-0.002326127060673922j)
(-0.2697601243872814+0.0708239197658466j)
(-0.24274619276790008+0.14271883574692604j)
(-0.21503003895782513+0.2134791037080905j)
(-0.1866400847935728+0.2832200897659389j)
(-0.15758324518283012+0.352049056877136j)
(-0.12784783972213973+0.420062875809983j)
(-0.09740651599651715+0.48734636726184016j)
(-0.06621908993903398+0.5539711977277224j)
(-0.03423523462581519+0.6199952474607592j)
(-0.001396971473050769+0.685462369746918j)
(0.032359063339462465+0.7504024652124527j)
(0.06709958923719081+0.8148318016872756j)
(0.10289288870840242+0.8787535182314742j)
(0.13980724345551765+0.94215826049983j)
(0.17790958472240648+1.0050249031128646j)
(0.21726433925297475+1.0673213227405105j)
(-5.153397123992576+1.7083301873685746j)
(0.29997054925736333+1.190024778552766j)
(0.3434302627792181+1.250319712563945j)
(0.3883576216109411+1.3098217446802178j)
(0.4347925619234641+1.368455453561009j)
(0.48276849190883186+1.4261389198099683j)
(0.5323119070176212+1.4827843596306347j)
(0.5834420356698475+1.5382987225299685j)
(0.636170498872945+1.5925842597289817j)
(0.6905009686469622+1.6455390734494248j)
(0.7464288120451936+1.6970576611399117j)
(0.8039407102229464+1.747031473116596j)
(0.8630142459428265+1.7953495070328098j)
(0.92361745878491+1.8418989678888285j)
(0.9857083759599958+1.8865660274313647j)
(1.0492345388688447+1.929236720768205j)
(1.1141325621229283+1.9697980191268485j)
(1.1803277828160506+2.008139113343995j)
(1.2477340824381664+2.0441529294328022j)
(1.3162539889763327+2.077737871430793j)
(1.3857791865736553+2.108799744084978j)
(1.4561915652155817+2.13725374742525j)
(1.527364920848273+2.163026360557662j)
(1.5991673541304854+2.186056854863244j)
(1.6714643055063612+2.206298119153077j)
(1.744122009884968+2.2237164716836753j)
(2.392468963808009+2.6402377763561105j)
(1.890008986686353+2.2500068018578294j)
(1.9630029308628798+2.2588589480352885j)
(2.035889119217848+2.2648398972087653j)
(2.1085716524467215+2.26793880220934j)
(2.1809590171971007+2.2681368583602186j)
(0.9983475823867651+4.984642697254455j)
(2.3244748693741766+2.25970310004405j)
(2.3953969076513624+2.2509821305706432j)
(2.465601174283662+2.2391866491605j)
(2.5349447633633213+2.224259439791142j)
(2.603264435505241+2.206146315957519j)
(2.6703763055024763+2.1848010369982265j)
(2.736076667581764+2.160189902751025j)
(2.8001436628999983+2.132295829769014j)
(2.862339516054641+2.1011218580807807j)
(-1.783214697854693+7.099412531298288j)
(2.980102964278936+2.029064464582273j)
(3.0351400215065016+1.9883125254820109j)
(3.087251182590798+1.9445478106478764j)
(3.136162722629241+1.8979113282836468j)
(3.181604209813857+1.8485770317393773j)
(3.223312806168232+1.7967529092648433j)
(3.2610380176088123+1.7426816183287321j)
(3.2945468982319692+1.6866405151138615j)
(3.3236296658847313+1.628940906456034j)
(3.348105629110225+1.569926341999341j)
(3.367829262490971+1.5099697714377576j)
(3.382696202258147+1.4494694179866219j)
(3.392648872041636+1.3888432665867112j)
(3.3976813962997685+1.3285221343399258j)
(3.397843423631225+1.268941379794475j)
(3.3932424713056766+1.210531412748439j)
(-4.617368577118979+8.847054161908376j)
(3.370471862536446+1.098857715672543j)
(3.352800033168652+1.0463341425120107j)
(3.3313503038764476+0.9964401883421482j)
(3.306481209696552+0.9494223147053811j)
(3.2785772587795448+0.9054621515026434j)
(3.248035865969333+0.8646710758413793j)
(3.215252897954636+0.8270874770688399j)
(3.1806074093508543+0.7926770204233091j)
(3.1444461974857627+0.761336075100736j)
(3.107068804200701+0.7328983274076069j)
(3.0687135509461925+0.707144474869831j)
(3.029545121776167+0.6838148085959931j)
(0.4671486014204488+2.4555804188825348j)
(2.9489990093227907+0.6432810066553298j)
(2.9075006301956514+0.6255044878821844j)
(2.8649398927288967+0.6090493383206047j)
(2.821008889830846+0.5937285854844089j)
(2.7753062666668775+0.579440066170039j)
(2.7273478077408684+0.5661946481537252j)
(2.6765836552442157+0.5541461089015373j)
(2.622423997216156+0.5436218309788905j)
(2.564275426211564+0.535152623019988j)
(2.5015902820672165+0.5294987014882534j)
(2.43393087812803+0.5276671610813979j)
(2.3610491930148085+0.5309142544551388j)
(2.282979970636818+0.540723886241632j)
(2.200140903209063+0.5587526642594418j)
(6.135501616065026+5.78273259816748j)
(5.483137001031079-3.0453932218380917j)
(1.934735141680266+0.6789505803025161j)
(1.8473220751440467+0.7455454843850157j)
(1.7649867260462837+0.8263924456848591j)
(1.6908397645715132+0.9209488354038808j)
(1.6278758013312753+1.0277876240405626j)
(1.578667885168443+1.144655000727388j)
(-0.7579189341257658-5.457729914188614j)
(1.5282018159837607+1.3964955616633747j)
(-5.128318300288664+1.0941212107783678j)
(1.5440216686642003+1.650602954033755j)
(1.5746235796690342+1.7710870821500975j)
(1.6180393061047793+1.88422156933491j)
(1.6721855456546983+1.9885448113395527j)
(1.7349374184606654+2.083180412148841j)
(1.8042739540817807+2.1677538798978424j)
(1.8783726244802994+2.242286939864151j)
(1.9556584568614774+2.30708954974948j)
(2.0348179707054133+2.362662484357327j)
(2.1147890827212983+2.409616844010447j)
(2.194736764485649+2.448612076769439j)
(2.2740219473377152+2.4803111992759375j)
(2.3521688123873155+2.505350494425226j)
(2.4288336146001184+2.524320568132752j)
(2.5037767058446625+2.5377558305351737j)
(2.576838415705506+2.5461299173040137j)
(2.6479188262202085+2.54985509024149j)
(2.7169611308634756+2.5492841487987126j)
(2.7839381063173647+2.5447138005388794j)
(2.8488411770876514+2.536388768081982j)
(2.91167156839364+2.5245061592234523j)
(2.9724330897159446+2.5092198092231492j)
(3.0311261502545013+2.4906444345765157j)
(3.087742667202063+2.4688595294944777j)
(3.142261582603026+2.4439130011627546j)
(3.194644752485172+2.415824586603377j)
(3.2448330128343197+2.3845891295260606j)
(3.292742261958346+2.3501798251602852j)
(3.3382594297632497+2.3125515686287894j)
(3.3812382339213563+2.2716445708762505j)
(3.4214946538818403+2.2273884376035507j)
(3.4588020898307814+2.1797069423865567j)
(3.4928862195180237+2.128523765603688j)
(3.7549031856364494+2.5694837032304485j)
(5.097976229804793+26.077961100842607j)
(3.572226674864904+1.9533588953150913j)
(3.5895324201831116+1.8876870263884349j)
(3.601343609529907+1.8184423822122284j)
(3.6069971068408297+1.7457675700857302j)
(3.6057585410970527+1.6699031783952205j)
(3.596828960863564+1.5912143269738601j)
(3.5793580753322023+1.5102203942149728j)
(3.552466235472053+1.4276268800468856j)
(3.5152774670832883+1.3443574570646415j)
(3.4669657290650537+1.2615830751936243j)
(3.4068159359757586+1.1807435735541274j)
(3.3342999283504065+1.1035557871296562j)
(3.2491653037988613+1.0320009482150398j)
(5.120378967543457+5.44759753484329j)
(3.041985788970477+0.9147568281105842j)
(2.9216599093275653+0.8738064300364611j)
(2.792280829773009+0.8477029133456094j)
(2.656169054374206+0.8384245149420303j)
(2.5161772107103206+0.8474735069383023j)
(2.3755619486237425+0.8757095143122965j)
(2.2377962575129806+0.9232275966708121j)
(2.106341888295962+0.9893048093674017j)
(1.984411678924915+1.0724285608673334j)
(-3.660593401062394+1.8603050922257562j)
(1.7794990048837387+1.280533361795068j)
(1.700055172555542+1.3998117789279285j)
(1.6371109618760953+1.5251551005172101j)
(1.5906821248338054+1.6535848307547427j)
(1.560216561501782+1.7823788482460947j)
(1.5447245897078414+1.9091696420878639j)
(1.5429153849032238+2.0319921077187186j)
(1.5533235536660313+2.1492883578204407j)
(1.5744156885330138+2.2598803951936164j)
(1.6046722489023633+2.3629220181366604j)
(1.3750735120018562+3.0239011824097877j)
(1.6869872947197304+2.5442719600505788j)
(1.736475160519503+2.622007198899386j)
(1.7899983500398078+2.6909322679002114j)
(1.8465486824930015+2.750984745535817j)
(1.9051932151393625+2.802115502815094j)
(1.9650383928544615+2.8442609938042525j)
(2.0251851448727827+2.8773274732311607j)
(2.0846755725608794+2.9011904936321162j)
(2.3001929116282787+3.291499980478686j)
(2.1971995026621767+2.920803496399508j)
(2.24748222018735+2.916480865896195j)
(2.2915247128736227+2.903022852477646j)
(2.3273344597224144+2.881126584526652j)
(2.3528019378571687+2.8521029605293946j)
(2.3659439116844383+2.8180403441274975j)
(2.365272638498996+2.78185595139328j)
(1.4250349838857035+8.007135189711772j)
(2.536764080826753+3.3351393798359874j)
(2.814512791215981+2.4903065047077972j)
(-7.387602411005346+7.296417209096063j)
(9.832924418375036+9.390447622629667j)
(0.2993368491822961+1.8032094535847838j)
(1.276441491173342+1.8627224415896366j)
(2.815280550270512+2.9992333100075355j)
(4.508562352683226+2.878865094662339j)
(-0.9177168127415779+8.685297802251835j)
(2.8073430315033896+3.839792446567326j)
(2.697678649415168+4.087993916713953j)
(1.4467922492228098+3.7495777342404573j)
(4.017438307803247-0.5847559431997293j)
(1.5130568858834632+5.327098821422741j)
(-5.759042134763006-7.236346436211067j)
(-8.579041786911958-23.453652157714572j)
(0.07646608281336623+7.1209524852494095j)
(0.9156385519397194-1.8550808372326122j)
(1.1846715056355885+3.540714558426699j)
(11.403260633130206+40.71473903919445j)
(2.3710189150898535+4.770216401669793j)
(1.451011914560757+1.1711431063489464j)
(-0.516457465420015-0.9136750046581775j)
(5.535796856213948+3.791823771882971j)
(4.545552263944524+10.726987246574968j)
(0.4131669030330065+2.292690931449762j)
(-10.262762560031875+5.5256586104389465j)
(-4.948398782063864+5.288870440737352j)
(-3.6304185629535795+19.10541878344794j)
(13.902905814799198+10.300392820754817j)
(9.660827952552776-7.69033378066903j)
(4.660189682929995+2.349170210211766j)
(65.97749791352346-37.393072356079365j)
(0.2572120282272022+4.395778035494249j)
(3.412139446189728+5.045444269415932j)
(2.7986549501767475+4.216288750027112j)
(0.6242759053107702+5.454474037723982j)
(-4.653459563022664+6.94380383223069j)
(0.023168815162595918+5.242696065499081j)
(0.6148248978491944+4.389264465188793j)
(6.664129584140954+8.18651712031508j)
(2.870262358675823+5.811716412060284j)
(-0.4428621459081946+10.646894512417363j)
(1.6098350657663008+9.565885026065168j)
(-0.4957513094504121+2.6784515015009003j)
(-2.382438201533922+3.178391788340429j)
(1.0776620539579849+6.077695701159059j)
(1.1379945077208498+2.6866945578134667j)
(0.401791402377881+6.079822548301957j)
(0.39774662741329253+4.976282418448501j)
(0.8442737869787518+5.06391923282348j)
(-2.364077881449618+4.981692362121299j)
(0.47635159338209426+6.276562175535255j)
(0.7441708175569656+7.0443742850070095j)
(-7.144790707076549+40.61551525469814j)
(1.089270310079753+6.982644354037745j)
(13.34009375763147+17.123495113131984j)
(7.25661051353878+1.8988815914791632j)
(1.005017314720377+8.990765166494965j)
(0.9635497340044258+4.049616691487867j)
(0.32416894579717437+5.622786445173475j)
(0.46145464424659527+10.400655739383476j)
(-0.17479913482591947+6.058998642486931j)
(-0.34951271462802397+8.153440625734014j)
(-2.7684935153314933+9.52844347098392j)
(-9.034806004382197+13.288425996897306j)
(2.252672034462209+6.008522736428855j)
(9.610273139318963+20.039318522716258j)
(5.994712742346052+12.132283424840649j)
(10.765850098553505+12.613255877016758j)
(-2.805052255433039+17.071594888175962j)
(18.92247758730799+0.8121025850540301j)
(-2.940305668311599+16.046667196844858j)
(0.7963067052132369+9.819027988431177j)
(-16.44341091842803+33.82965015960962j)
(-1.3624460135792509+10.738508110857877j)
(-1.4699109162468387+6.167484744469168j)
(-0.5972296862104479+10.874173854076435j)
(-5.197873324933977+21.383178599414315j)
(-2.7900450772610577+7.873665505161086j)
(-2.917474869831901+17.487099526803785j)
(10.145796222267332+23.281140732009817j)
(1.9796725446131507-9.816792925157104j)
(8.592312011294784+20.410681727037733j)
(-3.6531175911346407+9.473488030390332j)
(2.6114830807810807+19.902160763122325j)
(-8.57563600364598+10.498060492441883j)
(-3.2145756228570828+26.01028814499409j)
(-1.784000232236838+9.742022527856477j)
(-2.8514974623915514+9.91476887956561j)
(-6.541534060406874+16.665389445121555j)
(-4.3058907118215055+13.182335185688935j)
(15.959740097997233+33.61962234906605j)
(-3.1218995527284052-5.446427543037263j)
(-22.304640988344993+19.51332294684591j)
(2.710801869251619+10.860977506639074j)
(-2.6260566920465815+9.358470831146263j)
(-40.34040866891344-8.863410462107618j)
(-15.14073403903893+29.004862928067933j)
(-33.54835411217249-0.8300252217648004j)
(-34.47315917285224+6.851965742819681j)
(-17.083755187199543+24.78500390626045j)
(-20.34103544746327+8.410046211234214j)
(13.666713370799542+7.779357417879215j)
(-11.102258249848022+20.972979255096263j)
(-9.171152758474635+58.54470557052231j)
(-18.772781310901575-4.7577418403094605j)
(-21.67259496540288+27.672800748501675j)
(-21.31763764372836+3.7470535409071304j)
(-7.046931673463023+24.98883559141938j)
(-8.190924594745445-29.593992429236025j)
(-89.48941442699032-0.25264410703540724j)
(-15.288454212857493-11.766647340835691j)
(-12.690818998025199-29.036419023655235j)
(-68.32166304702916+20.681508883698736j)
(-12.585883725284711-16.947058608005392j)
(27.36511301624971+75.59624337993617j)
(27.563942110123428-3.366692488676004j)
(-8.9525008898697-43.220105872497236j)
(-13.33783177303579-29.18588413652019j)
(0.35993984726778233-31.54405635086774j)
(-28.302564317255673+9.065391290692437j)
(-7.867909048214068-24.174944216557204j)
(-24.752892850617773-5.652371800792117j)
(-19.94730959418558-2.634424793808485j)
(0.6616712174499861-21.852433345682428j)
(1.4920620926624895-22.499762983468525j)
(-1.6213598700096934-24.02133778715921j)
(16.528527140839966-17.677376193701086j)
(-14.383446273061491-17.061679903595692j)
(6.311660442905215-15.2537133850038j)
(8.304742016451943-26.100044226757674j)
(17.89539323238215+15.856652476823115j)
(-8.243884535150189+168.79377446080454j)
(12.400728926901335-9.150734822426497j)
(19.46523201477746-21.810910915976766j)
(-113.64404578395572+35.214329201356286j)
(211.77247812382768+36.76459624260172j)
(-0.04823504230911719-30.527149673465768j)
(7.64895795687521-8.898224419069468j)
(17.39004296353881-8.786678773873987j)
(-8.905667626382074+21.58595754622908j)
(13.48940405792326-13.863364380732461j)
(14.660350155727974-13.86425389929225j)
(13.037291635201015-14.591813542577482j)
(4.509423664704529-11.945253700297656j)
(8.499125104209408-10.915288004109119j)
(92.13450390758608-155.82999492426887j)
(8.539569085185226-15.342615210650555j)
(26.57011098475857-14.301444909863635j)
(6.792118275411283-11.189656588065208j)
(6.579988660919774-41.877246090221625j)
(22.1109781379149-23.36496125464094j)
(4.326118495406242-15.074969425252073j)
(6.554910739532068-7.036425441205711j)
(8.347876022225323-11.93040357908827j)
(12.916069145909118-23.16617647048451j)
(11.469317610128565-8.662227678839612j)
(14.42515911193386-7.326337457731319j)
(16.669725586934934-26.856968576731994j)
(6.7532973878313305-3.1339594943909748j)
(12.391603974383775-10.127682189996115j)
(13.316281467197644-10.806357389171739j)
(6.109817765749518-8.06359777954284j)
(16.165394497395525-6.016699396988373j)
(2.523878762249456-9.753571116415443j)
(6.901927478315616-9.955659938636785j)
(37.74900954030303-45.36213648670954j)
(10.657572468544403-10.084244709658657j)
(7.758738004686163-9.822649338760835j)
(11.862215610101334-1.0915214039991061j)
(5.420312516459863-7.304190565752468j)
(7.29777053675503+60.834568379139746j)
(7.896930894669979-8.024557155071312j)
(21.34326373447266+11.427057320613907j)
(17.799462756702354-0.6757912516877952j)
(6.093504927033036-11.471303252435595j)
(6.477152858430532-9.456860793576869j)
(6.1355076020764825-4.555234345073554j)
(12.270600273616148+5.850265976716857j)
(9.628409562151475-4.9875746472452j)
(3.059094041684712-8.217992468762716j)
(4.822262224641102-7.29936521991608j)
(3.7498583365961666-13.50116684384474j)
(7.164921608984485-10.147784720924804j)
(6.384273917525646-7.779542513181456j)
(2.781960106174732-6.126901699414151j)
(0.8683593988504845-7.6782571502281645j)
(6.179635368881657-3.3317570623605524j)
(5.845000573779377-14.244741475235218j)
(9.6759315983803-0.07597086391741559j)
(27.70634969960285+41.422277277707984j)
(12.346790621464661-6.092858998563401j)
(25.28105242484055-2.7087573172720756j)
(25.230956702011873-11.276882566167052j)
(92.47288270447656+14.243815729500916j)
(9.450202353368663+123.01215705813847j)
(-31.90413793336392-117.08798881327047j)
(8.266090327614773+7.773196043800805j)
(-0.09261089082592641-23.905342983249334j)
(13.496172252319612-14.827700273041167j)
(14.364802600748314-6.0115447649101705j)
(14.012150877173607+1.639185486124175j)
(-3.0672823007891963+12.686628062291568j)
(6.3624918907386405-4.408428512090424j)
(12.593994297323091-4.700770704677506j)
(-0.8657393871062167+3.3089074155871003j)
(9.72349285170475-7.402083491252485j)
(7.938461108969615-6.845676797168847j)
(8.79643544739282-5.221167062684674j)
(15.21327503486958-10.414087229073692j)
(7.662867693237022-4.783900199782737j)
(7.793135363020882-3.554924036199921j)
(7.2866618423565646-5.969288238100626j)
(6.246705681364477-5.341219599196994j)
(-7.093225953745223-13.226411106135709j)
(7.179773727589639-6.205947517341428j)
(6.824857639877696-15.00956480717855j)
(5.071199294993712-6.458267579538872j)
(16.111628086269207-9.715273414573668j)
(5.331616575036979-8.473579981404724j)
(5.711235021733503-6.108399817302969j)
(3.4231392458430476-6.849617584364914j)
(-0.8435915671050818-48.42810514148233j)
(4.457725649347285-6.665476217625202j)
(7.4826182652535405-8.473061267538768j)
(6.09749862967432-6.895996117004373j)
(4.049111800764885-6.644609852745898j)
(4.214490727725608-7.798622667318731j)
(3.405886634113321-3.621085156411868j)
(3.652549386174848-7.363005195884032j)
(2.3577450749024957-8.317915746963958j)
(2.7088447132762847-4.106796796573727j)
(1.9369442479962211-7.882417357498645j)
(5.290797908838219-7.363795149337366j)
(-0.8854225707067503-11.2267443063995j)
(3.7071610859058466-6.671926036002719j)
(-5.879998796200071-41.243754089072404j)
(2.91189582748295-8.165080302285926j)
(2.109096680451435-6.209691116503808j)
(5.563928573749684-9.310377018168024j)
(5.2775074427022455-8.84004663388907j)
(2.1720784714272563-12.819495046815824j)
(-3.0224254524647476-5.087255016874266j)
(-1.223145469527504-4.282860555786278j)
(6.579075243880964-4.467818881400103j)
(2.428526676588562-6.493242993419123j)
(-2.6083850082254174-6.474802544723679j)
(4.89914501006793-12.249632745197061j)
(0.5588619639652485-6.363408037551214j)
(14.04790611772707-2.34975508244404j)
(-64.65523300405562+20.436133156107122j)
(-1.919387351634277-9.884487862390424j)
(-4.332873199663272-8.011911324560561j)
(1.2349116210656028-11.773764517155163j)
(-4.211136064780495-5.417802958985346j)
(-2.5368852421713233-6.7192291970725995j)
(-2.1214083477344228-10.237444985377055j)
(-4.275170686722617-9.221959143989467j)
(-0.4654901255067718-9.876230096021855j)
(-5.227616889689115-9.951662675288933j)
(-6.821337978283131-11.110497582390115j)
(-5.035646622445891-7.233636450342412j)
(-5.85007327704422-12.059319314805766j)
(-4.339218887301312-8.14971561149482j)
(0.13916347217248692-11.8616417478367j)
(-7.380693969999385-22.04242240865699j)
(3.501621580228817-13.11897859900195j)
(5.742847039956422-19.687201676219626j)
(-11.734459677738133-15.125383455684284j)
(4.032122931127153-23.26274045514731j)
(3.6819752843509463-12.644289346091274j)
(5.916454465129608-11.908884270794308j)
(5.307396700880619-14.474140125069978j)
(5.974880197017573-16.039841078484873j)
(-16.690038161746042-3.3605357895437677j)
(3.2159344208918985-12.669307967080396j)
(-5.23268846999025+0.6255999911140463j)
(1.587419374955685-12.899808333432947j)
(-0.6450501321835879-9.186818995391384j)
(4.742739848349431-9.0862504272625j)
(2.8341248982588194-11.428574256255468j)
(-1.314421898187021-9.39869455148492j)
(1.4336389452901002-8.267591477119822j)
(-5.934204931900046-12.519630087927679j)
(8.7694334652084-4.488952434565641j)
(5.549163191938268-13.347388307751656j)
(1.4300928655693834-8.858417574564557j)
(-1.159971710192703-11.020447705233417j)
(0.7407305482469856-9.598314236712689j)
(1.4657351100651963-8.52006068163448j)
(0.8268163865056577-5.796276493323871j)
(-2.6806318425805857-4.926807278336016j)
(0.811024734372711-7.559416836828686j)
(-1.9003569984174613-8.096436633234806j)
(-6.214864859472798-7.558508874794571j)
(-2.652333146262058-8.703314388540127j)
(-1.8271005981645523-7.341233205461144j)
(-2.9972705926935928-7.751039818478004j)
(-5.029939895862276-5.747346625280232j)
(-2.6861024658686192-7.02918228068669j)
(-2.0647038126794577-6.537494359465817j)
(-5.189879305185819-5.5552710168099155j)
(-3.5907546040959333-4.417456520718119j)
(-3.9411968463460347-6.603220552242018j)
(-6.233877246937798-6.022700728622933j)
(-4.706327123911303-6.060940528300568j)
(-6.763870338606203-4.283171754119146j)
(-6.957931050471491-3.4541593020402788j)
(-6.075586010416033-4.179029869721447j)
(-5.145046731046432-4.885664325570458j)
(-4.448903312442017-4.531813082928278j)
(2.6614211700957684-7.738357884346342j)
(-5.730509653191065-2.60441635322366j)
(-8.009486822053125-2.7288903313898922j)
(-24.10912570445949+25.920484252351766j)
(-11.56173453723657+0.28229022904568496j)
(-5.673890308061444-1.8863227454189488j)
(-6.456751470851305-1.0551915784820904j)
(-6.428282024387043-0.097313793452374j)
(-0.7448957626113494+11.55625350717395j)
(-5.738730950530593+0.20914874167805853j)
(-10.123355311107405+1.3141521754171235j)
(-6.71770581504265-0.923290480065525j)
(-8.113539032594089+2.538642002848512j)
(-8.120116486962411-0.783769102083084j)
(-8.235117749068394+2.7567178088101065j)
(-5.989559097486054-0.3044377015632723j)
(-7.873876982021795-0.08632853669746575j)
(-9.879405869612738+2.072944697497087j)
(-8.51907777221873+1.4815423193202237j)
(-7.986064508822757+0.8503401648182785j)
(-6.49932472188235-0.3467170147372389j)
(-6.815679583419208+1.596797365668566j)
(-11.26264482319877-2.8556539946980464j)
(-4.99057525987268-2.840654648860494j)
(-7.56023735014273-5.992824310654392j)
(-6.005583735090052-0.31990275041157346j)
(-8.76073709205657+5.092341587418682j)
(-8.592661447760793+2.3241255317093046j)
(-11.331984130950616+3.4524577751264194j)
(-10.69261722808725+0.304746402041182j)
(-7.118107872904647+2.851295067619575j)
(-44.011197730966266-9.167244244918866j)
(-10.977329047347322+0.9583130036855493j)
(-9.034978206454975+4.234310931663145j)
(-12.410761877244948+6.439559886672226j)
(4.2544710196393805+4.6552796481680065j)
(-3.762748900170687+8.665737322548953j)
(-7.806069138847328+1.1977695476941137j)
(-7.033713183363703-1.5769008577274062j)
(-8.136054391954763+2.5662829668049043j)
(-6.456838849883697+0.30861479689913107j)
(1.1690606063750237-7.498683066424222j)
(-6.649353599671253-0.3446829264348874j)
(-7.079168094868622-0.6050776325601355j)
(-8.384188645277854+2.7856423231494296j)
(-3.424921983064757+1.7596757655982078j)
(-6.272917558072074+3.9783402518835063j)
(-5.437832373833034-3.565384798346151j)
(-6.129460443436779+1.589326238821817j)
(-2.7256497899313468-1.9489625034330254j)
(-3.658313876681833+1.5910114891897498j)
(15.139466008328958+10.568614126062014j)
(-3.6343280855198894+0.04508273716780127j)
(-3.0964116613250763-0.12740677664077688j)
(-10.262298398347284-0.38528590509327193j)
