(8.097249466820813+0j)
(8.073499068682496+0.23716254962345018j)
(8.088976560119644+0.5520399337299459j)
(8.202183696568452+0.8974462053869601j)
(8.41836271972569+1.2315953176000771j)
(8.731599879523761+1.5255447122736223j)
(0.09777816540902147+2.356609140575722j)
(9.60549033255511+1.8997579812314034j)
(10.133111587083135+1.9395636344139955j)
(10.690256989490729+1.8598779508890573j)
(11.247319805927685+1.6520372687098805j)
(11.771500474280202+1.3159600017036959j)
(12.229894973162576+0.8616606872613892j)
(12.593347388565615+0.30929934085003513j)
(12.840206367000413-0.3125713633839185j)
(12.959028109776646-0.9703434363774538j)
(12.949543847436829-1.6295336173211117j)
(12.821753240311537-2.2588221346069823j)
(12.593558849345982-2.833107510892969j)
(12.287677939070697-3.335149521835302j)
(11.928572424875261-3.755833442098614j)
(11.539911304924166-4.093405341932546j)
(11.14278087755939-4.352134263537057j)
(10.754614267376247-4.540796236998904j)
(10.388676942676772-4.671234246802546j)
(10.053912093771832-4.757101838614726j)
(9.754985463718562-4.812787215273551j)
(9.492439189784394-4.8524529019407785j)
(9.262942733382197-4.88911296004573j)
(4.341060220619152+4.853822388376169j)
(8.873083522129743-4.994146472901172j)
(8.691648450452487-5.074574140151666j)
(8.503421243491964-5.174796475473728j)
(8.297464321648825-5.290315210073437j)
(8.065398392689318-5.41295712824709j)
(7.802582456282115-5.532120125710329j)
(7.508668250289472-5.63641118993641j)
(7.187411161963093-5.715325847707371j)
(6.845832320888876-5.7606140831037j)
(6.4929919433564525-5.767100760830115j)
(6.138686296665882-5.73291172129571j)
(10.550779633717337+6.366533702439955j)
(13.365657537975329+0.09481066764639894j)
(5.154508751164735-5.409707261788752j)
(4.874144717309386-5.245983778071502j)
(4.62361868483392-5.0657036040120245j)
(4.403633844065008-4.876199835124523j)
(4.213079843268905-4.684513906736284j)
(9.987736231223575+4.076301659637588j)
(3.9075970805382583-4.319016523382593j)
(3.7828610872670865-4.15439617319986j)
(3.6686221057776534-4.0052407103705985j)
(3.558285513143056-3.871601486117985j)
(3.4456757516226215-3.7514427025345567j)
(3.325745930854833-3.6408594101743774j)
(3.1951821010243284-3.534581877204179j)
(3.052764213042816-3.4267010072812556j)
(2.899397871781468-3.311476719027358j)
(2.737819870556879-3.184063887330075j)
(2.5720671036803298-3.04102229849286j)
(2.40684588628659-2.880550576896473j)
(2.2469337433653815-2.7024632388603744j)
(2.0967020228509154-2.507983548297927j)
(1.9597919147750982-2.2994408969526106j)
(1.838931351904622-2.079947086418429j)
(1.7358561354769904-1.8530967456706036j)
(1.6512946386335272-1.6227073390037328j)
(1.5849852912026823-1.3925921611101915j)
(1.5357128109627165-1.166348456372661j)
(1.5013672295504121-0.9471425134162647j)
(1.4790446293237032-0.7374833005079546j)
(1.4652157195252398-0.5389939330007048j)
(1.4559835332404187-0.35221181394595524j)
(1.4474320717897295-0.17646613874452927j)
(1.4360362640237216-0.009885657530566694j)
(1.4190703143457895+0.15042786744629663j)
(1.394932133423936+0.30806379531166517j)
(1.3633095795940975+0.46685505541169836j)
(1.3251512438088107+0.6304051879016782j)
(1.2824564942715249+0.8016827954423767j)
(1.237944064573516+0.9827510969142849j)
(1.1946781683743273+1.1746567025627581j)
(1.1557226734885062+1.3774597081855204j)
(1.1238671141469088+1.590361669921706j)
(1.1014378615930904+1.8118829080282517j)
(5.381537662894025+26.787143399377566j)
(1.0912223944333892+2.272577101146612j)
(1.105004897249395+2.5070202670417934j)
(1.1313203435869563+2.740936824046019j)
(1.1693015698557858+2.972034788790489j)
(1.2174613190257328+3.1983366153872983j)
(1.2737677674586843+3.418352149069896j)
(1.335778363818603+3.631248144028263j)
(1.4008425959265078+3.836986514396873j)
(1.4663671168726475+4.036394123150878j)
(1.5301133759809726+4.231129404807348j)
(1.5904773089522775+4.4235291253181925j)
(1.646693523825055+4.61634866107051j)
(1.69891933014064+4.8124401967298125j)
(1.7481838960658989+5.014431403743758j)
(3.5973108880431504+4.961823123966336j)
(1.8456003344724157+5.44400246630097j)
(1.8982596144989032+5.673860666190677j)
(1.9567259904619263+5.9141323539785j)
(2.0232406497168287+6.164333764058476j)
(2.0997264019425184+6.423514848385915j)
(2.187715680768043+6.690384087869207j)
(2.2883074569680697+6.96343010150749j)
(2.4021452128288514+7.241038857424198j)
(2.5294116693112914+7.521611167316686j)
(1.0045488537644534+6.379553255743741j)
(2.8227724925148974+8.086069101099966j)
(2.9872128210288436+8.367963552895173j)
(3.161988866354768+8.64907793549294j)
(11.120416527825713+7.639301974661801j)
(3.5379966946673003+9.210671879422398j)
(3.7376387218353546+9.493363962820565j)
(3.810191933179204+9.892137610734085j)
(4.16008241414408+10.070845430768335j)
(4.343956795049132+9.210077423586734j)
(4.6206492560352475+10.676298366226904j)
(4.870115276327839+10.993100532321126j)
(5.135834125028731+11.32041263773013j)
(5.420734753528613+11.65850614030107j)
(5.727901760462266+12.007199957279248j)
(6.060521253844514+12.365881933594823j)
(6.3150523551701365+13.555552403937854j)
(6.815225383148976+13.108684931283275j)
(7.692561970176243+14.146344504477756j)
(7.711674480025862+13.87354723237405j)
(8.221638903883301+14.257976440321679j)
(8.777333995031372+14.639244732019561j)
(9.382064103350448+15.013140138803749j)
(10.038904652086432+15.374695979407893j)
(9.335009889621947+19.18237053446392j)
(17.027606144099842+16.40598710935262j)
(14.498590488881982+20.30484449541743j)
(11.431907619056528+21.13857271877177j)
(12.142207172027451+16.703681497298035j)
(16.827018093765798+17.655017411877594j)
(21.582253987191244+23.100244459021226j)
(18.414771076271716+17.936637629411628j)
(20.903953830510506+17.358302318982037j)
(23.575089656033448+18.532617026212208j)
(22.535549541013527+17.649494487208518j)
(30.424286375788554+10.0181952270768j)
(29.521601950902127+15.963096964294124j)
(30.811224346736964+17.171002883366516j)
(28.53508595393146-4.396423479474581j)
(36.85551370578787+7.978381404397541j)
(37.376244075574945+23.773389090976096j)
(35.85403273820087+14.424421108230934j)
(36.99098337949134+12.367157002681486j)
(33.8386812110186+7.777851041782786j)
(34.380671925714395+8.425684997353446j)
(34.71507167544902+13.469008567888311j)
(52.409287923020436+0.3303142360102412j)
(33.78525357859159+10.00488186812232j)
(32.50040924922201+2.740600947345255j)
(36.620678066465054-11.482094973365285j)
(37.04546079867763-4.996919872893161j)
(40.009446804314194+3.0174286891365356j)
(33.50800306194164-0.8843526419493732j)
(34.22024525886183-8.196500682564015j)
(28.785132486744246-6.11089596022931j)
(67.12881612407246-30.444744621430427j)
(-35.02309869834375+40.689516391846865j)
(35.780498068711104-17.903074336016847j)
(12.023064356505188-16.88745513686459j)
(26.042147549259226-15.653006900051846j)
(25.92242370179658-17.669692960943987j)
(26.099183860128374+10.172401150954835j)
(25.610353379599722-19.155110118068926j)
(19.644787502271125-17.985041887613686j)
(4.173711367805682-66.02806333972276j)
(19.70184771618444-15.853959129554282j)
(33.90589696972536-18.20078942581063j)
(20.663520512132266-18.45863142492399j)
(18.8102546815222-14.3771909708466j)
(21.7135778556556-16.787668754524788j)
(14.29836776408287-13.096959214236593j)
(13.369538179476729-15.47486847824094j)
(18.4551801722081-14.592706568516927j)
(5.6356553650789944-28.331755046928226j)
(14.53881084506007-19.407416307528475j)
(15.12177237630638-13.256752535595307j)
(9.193401290293798-16.746111743385033j)
(10.246401335736296-18.996122179360608j)
(7.629959648316972+11.714938886097261j)
(24.15729243965244-23.20703617318075j)
(11.074091835371252-12.316322113610585j)
(11.623105616091813-13.599269689668981j)
(11.644977937575307-16.641310064849325j)
(12.8230805233422-14.075332034846108j)
(6.831148094022682-11.921421979293267j)
(6.927114462361597-14.195863554174048j)
(9.274411246313234-11.70076677303243j)
(14.143908072884367-20.75340062996331j)
(10.63243532513586-12.529258025474245j)
(7.622334582701818-15.197490809639906j)
(10.586800584566133-10.77949796826976j)
(9.943828530055839-16.502699681606874j)
(4.5913860033405935-7.403081743608189j)
(4.2706866233708265-12.487848394249937j)
(8.121687436178771-13.15323059079705j)
(4.055153965288019-11.466525254864942j)
(14.693179091952237-11.414289070666024j)
(6.3715347031278915-11.21811522730722j)
(6.090976115011928-11.750082850503592j)
(6.956721539103675-10.399868319009808j)
(7.349606404982559-9.379039775601314j)
(5.876753886977955-9.768975736396769j)
(5.770663938206976-9.628643592229423j)
(5.666725359639703-9.491767485156483j)
(5.564927286694945-9.357249397001512j)
(5.465566757166797-9.224184524171024j)
(5.369155371037019-9.091928191198853j)
(5.276318177134768-8.960125020822378j)
(5.718668346157046-8.853975735652975j)
(5.103876427180841-8.697852664630348j)
(5.025307835803549-8.567963825053972j)
(4.952279011391983-8.439587830261747j)
(4.884880267926534-8.31336976868689j)
(4.822993595566301-8.189989835606381j)
(5.873969127340383-9.029536006776363j)
(4.714266659676435-7.954282258335505j)
(4.666234390160662-7.842961616840737j)
(4.621406708098544-7.736393429057804j)
(4.578938733460172-7.634615235452056j)
(4.5380023223352355-7.537438573438955j)
(4.497859842528864-7.444462439420965j)
(4.457930788467435-7.35511299215216j)
(4.417840581844593-7.268705808933959j)
(4.377443219765492-7.18452202909243j)
(4.336814250725694-7.101886508133736j)
(4.296216434256288-7.020235876205266j)
(4.2560454642953625-6.939167191880975j)
(2.823094136329989-9.035901436571685j)
(4.178846818145824-6.778090206169293j)
(4.142706428464935-6.698185509099342j)
(4.10866781851828-6.619018688072796j)
(4.076929887103113-6.5409541399011495j)
(4.047551569165863-6.46440672668578j)
(4.020448451513847-6.389798182973213j)
(3.9954002582236217-6.317515834342803j)
(3.9720681467003716-6.247875215390139j)
(3.950021126920878-6.181088239981929j)
(3.9287708636772605-6.117239087170782j)
(3.907813407724185-6.0562705342206415j)
(3.8866750416335045-5.997983601637787j)
(3.9672694529054686-7.568717448582212j)
(3.5391979212345306-8.714648363679249j)
(3.81879557220565-5.835519981225111j)
(3.7942185696750435-5.783970577569021j)
(3.7687970151807115-5.732984999782719j)
(3.742791865488822-5.6822355807357265j)
(1.7337201179866606-7.610110578326692j)
(2.0703046624555275-6.993991551454788j)
(3.6646323044384217-5.530040345586963j)
(3.6395744470567677-5.479505622427891j)
(3.615365467734825-5.429404284653327j)
(3.5920662439171833-5.380015623312179j)
(3.569629716754738-5.33162016487465j)
(3.5479100878238214-5.284466418308838j)
(3.5266804699937446-5.238743298439516j)
(3.50565675703393-5.194559590163185j)
(3.484525668405211-5.151931310791149j)
(3.4629750118955416-5.110777603364846j)
(3.4407240572010838-5.070925638660243j)
(3.4175515555362295-5.032124678424322j)
(2.156051323927306-5.752265442705576j)
(3.3679829885344095-4.9564265195594555j)
(3.341603532849863-4.9188749103947575j)
(3.314331132816917-4.881133257629911j)
(3.2863886701113363-4.842992315078154j)
(3.2580411275592036-4.804334161272563j)
(2.411937133646368-4.578555337017517j)
(3.2011912931147806-4.725482431116485j)
(3.1731202908187712-4.685510817642597j)
(3.145457156116356-4.645421019382916j)
(3.11822538401745-4.605426096293812j)
(3.0913651757855978-4.565725324391726j)
(3.064746074198841-4.526477796363217j)
(3.0381867572639543-4.487782886526972j)
(3.011478955698139-4.449668901099178j)
(2.9844126032553664-4.412090134641272j)
(2.1841478676858186-5.22308622479256j)
(2.9284951608589633-4.338021608315513j)
(2.899412227282768-4.301147199235322j)
(2.8695325950790016-4.264076948248348j)
(2.8389089561463905-4.22658323083716j)
(2.8076602905714148-4.188465499218441j)
(2.7759597081295913-4.149570997025366j)
(2.744015732326677-4.109810637740661j)
(2.7120487957955586-4.069167813163858j)
(2.6802656094802995-4.027698534394922j)
(2.648834705153404-3.9855223759133627j)
(2.6178665945445814-3.9428050585752445j)
(2.5874014938117047-3.899734898923944j)
(2.5574064539220056-3.856496435008695j)
(2.5277822289714607-3.8132450271110194j)
(2.49837864888706-3.7700859959427784j)
(2.693943949989154-3.8851328357979478j)
(2.4395091928129804-3.6841428832908045j)
(1.690294375478356-3.9281767069155396j)
(2.379434699968406-3.5982046723203287j)
(2.348664434501628-3.5548549237432847j)
(2.3173682271007103-3.510989698436615j)
(2.285597156653923-3.4664124926389808j)
(2.2534606607827152-3.4209510646339867j)
(2.2211154936189086-3.37447483931065j)
(2.1887498999043986-3.3269080366114716j)
(2.2197022069937793-3.156026618418009j)
(2.1247507563500343-3.228513254882334j)
(-0.6336122237431531-9.54600222433571j)
(2.0628402939331947-3.1263867119969855j)
(2.032910128590395-3.07432272998743j)
(2.0036638828960536-3.021841847337955j)
(1.9750160906017526-2.969114670061443j)
(1.9468221054900279-2.9162700653458327j)
(1.918895446263596-2.8633762737925688j)
(1.891031133876396-2.8104292060129348j)
(1.8630319572245326-2.757349822458285j)
(1.8347340294764045-2.703991108563667j)
(1.8060280991824937-2.6501536410677664j)
(1.7768738345963568-2.595607444431081j)
(1.7473055015659444-2.540117035605621j)
(1.7174287971527264-2.4834663688145366j)
(1.6874097833274155-2.42548075822122j)
(1.6574576894728288-2.366043584503401j)
(1.6278037615743433-2.305106447678293j)
(1.598678395330362-2.242692218715777j)
(1.57028863372313-2.1788910605861047j)
(1.5427978763852412-2.1138499257663184j)
(1.5163094346320047-2.0477563548924747j)
(1.490855398974056-1.980817695607907j)
(1.466392119342657-1.913237215196588j)
(1.4428033314697268-1.8451890267436046j)
(1.4199114774981672-1.7767942368801855j)
(1.3974969817680762-1.7081011153113714j)
(1.3753241643912313-1.6390721798991565j)
(1.3531712529764879-1.5695806832652206j)
(1.3308608686022478-1.499417967990293j)
(1.308286764230724-1.428311599046738j)
(1.2854327702208905-1.3559523703155036j)
(1.2623809428153658-1.2820266571054613j)
(1.2393076346592558-1.2062495940946425j)
(1.2164681953941678-1.128394473978942j)
(1.19417276460392-1.0483145799172264j)
(1.1727567415030367-0.9659551060188081j)
(1.1525498445204885-0.8813544589499552j)
(1.1338473048627076-0.7946356678447433j)
(1.1168859395119617-0.7059896120415445j)
(1.1018269306471933-0.6156522600454448j)
(1.0887463370796482-0.5238782137905169j)
(1.077633783565412-0.43091276259955996j)
(1.068399386584788-0.33696455349358845j)
(1.0608886569730742-0.24218098467929694j)
(1.0549047138026184-0.1466285227833472j)
(1.0502365276569827-0.05028021551558785j)
(1.0466910607876239+0.04698747584833969j)
(1.0441262058236263+0.14538697315527124j)
(1.0424806089117682+0.24520057939026346j)
(1.0417961463148973+0.34675136603332696j)
(1.0422293096831718+0.45036695911151736j)
(1.0440491483748762+0.5563407894534489j)
(1.047621515557213+0.664896163870018j)
(1.0533816806582863+0.7761582197189424j)
(1.0617992932336753+0.8901374626461745j)
(1.0733407162946194+1.0067265249418154j)
(1.088433700077735+1.1257095931973378j)
(1.107438401938543+1.2467821859257147j)
(1.1306272801549877+1.3695779418886311j)
(1.1581748589129024+1.4936988448952266j)
(1.1901571240100877+1.6187456655897658j)
(1.2265595127368711+1.7443460479455104j)
(1.2672920712864781+1.8701783372100524j)
(1.3122102196047942+1.9959897732851464j)
(1.3611395098391594+2.121608024044023j)
(1.413902656348753+2.2469452771918266j)
(1.4703469034230867+2.371994373888937j)
(1.530369528874921+2.496816878401292j)
(1.5164521040428254+2.59043799492362j)
(1.661110004919206+2.746248952568116j)
(1.7320286302270576+2.871121252860188j)
(1.8069294740396051+2.99623213871829j)
(1.886121742454114+3.1216082456079355j)
(1.9699673496363346+3.2471884840063074j)
(2.058852813973831+3.3728094217243743j)
(2.1531581564773554+3.4982002457904793j)
(4.132164788758939+4.311771909986251j)
(2.3593349245200836+3.746708785244061j)
(2.4716764233427053+3.8688331791243296j)
(2.590342001431001+3.988786747251253j)
(2.7153160180449345+4.105980013709824j)
(2.846477214811217+4.219835517035047j)
(2.9836073061379813+4.329813325775918j)
(3.1264058015595606+4.435432889021502j)
(3.3142969537889946+4.7123097726340015j)
(3.4275176564819505+4.632067141558781j)
(3.585014018562296+4.7225385612689745j)
(4.422196145946139+5.964712227557653j)
(3.9118969837253825+4.887089624560345j)
(4.0806071177099215+4.961109310316703j)
(4.252487992504852+5.029663439576136j)
(4.427380122217168+5.09280140933982j)
(4.6052018897158655+5.150555339955045j)
(4.785939540571059+5.202912564409654j)
(4.9696286240756224+5.249791864768135j)
(5.156328213254292+5.291026106324848j)
(5.346090087918945+5.326353429739578j)
(5.538925717927414+5.3554183848217j)
(5.734774240269534+5.377783418117375j)
(5.933474631826083+5.392950082499087j)
(6.13474494123106+5.400388350048367j)
(6.338170807829351+5.3995715932446595j)
(6.543204646652886+5.390014235114669j)
(5.4438544282944985+5.944730013032246j)
(6.955311892274755+5.343159117227625j)
(7.1607675036608205+5.305406768095752j)
(7.364661917993903+5.258048345387904j)
(7.566119085742828+5.20124190043613j)
(7.764308985295463+5.135301746023152j)
(7.958486222550251+5.060681744499256j)
(8.148022742936305+4.977948144982716j)
(8.332431786013501+4.88774393065867j)
(8.511380825236524+4.7907474216253j)
(8.684692062756865+4.68762848713544j)
(8.852330046510067+4.5790060926290295j)
(9.014377080848988+4.465410990092101j)
(9.170998231712833+4.347257119042336j)
(9.322398787825632+4.224824705835873j)
(9.468777927326359+4.0982571447183025j)
(9.610282950582107+3.9675725611395856j)
(9.746968680284985+3.832689577497539j)
(9.878766426820572+3.6934653399387143j)
(10.00546623421282+3.5497424688309507j)
(10.126714974349872+3.4014004311232284j)
(10.242031321574862+3.24840606671424j)
(10.350836858978617+3.0908577746272665j)
(10.452500742448969+2.929018265063247j)
(10.546393713840333+2.7633318159760436j)
(10.631946043585314+2.5944235471160653j)
(10.708703383024993+2.423080157099586j)
(10.776374619257613+2.2502136090507507j)
(10.834866641520543+2.076811122932498j)
(10.884302328001626+1.9038762912534652j)
(10.925019839464081+1.7323670075441278j)
(10.957553213533386+1.5631361147051344j)
(10.982596052896946+1.396880278856166j)
(11.000951606954786+1.234101691685917j)
(11.013473651820279+1.0750859616858752j)
(10.70758264872388+1.645741576796278j)
(11.02430672527459+0.7683973049946842j)
(11.024020164626378+0.6202688669896347j)
(11.02060525391996+0.47507202579412566j)
(15.013897481589483+5.499895448041397j)
(12.32222144327811-1.8500663127472623j)
(15.495377000443703+0.14111915185119767j)
(19.596341614696378-4.625377953815535j)
(9.894053788236167+2.5416498538319683j)
(3.5776929263252573+3.105122821599913j)
(16.39825913641609+33.22798624412877j)
(7.009889132553179+0.9143995276442728j)
(10.224713260194935+0.08894831243267787j)
(11.344382106766966-1.790092997010196j)
(8.500999869745554+2.687344722667178j)
(14.497983332038592-1.500483295792015j)
(16.767059843447218+0.7746359787329378j)
(16.07661927402753-8.620219106072128j)
(5.248368784641714+7.533003897186237j)
(10.49387415396876-6.711223011506619j)
(10.353496030523578-0.13593455881179464j)
(10.016008010757144-2.8407313332473305j)
(13.470540514029663+0.9494825623633213j)
(24.470956908928652+15.940904078880932j)
(24.214243138376933+7.805736720966371j)
(25.20347192837145-6.770115532580169j)
(9.615982256882676-2.567942431322767j)
(14.077028847050936+1.80863837827998j)
(9.546107904160603-1.244149491819501j)
(11.349369789304003-2.457681437406627j)
(-13.653373222927852-4.9081957526479725j)
(6.711643883982337-11.033965036346288j)
(12.71907076326735-0.5194356400174173j)
(14.856558026570491-2.092223866504627j)
(12.72401371411138+0.036345587528259296j)
(8.943322947417855-2.004847026694604j)
(12.284383005270616+0.23017083653886064j)
(15.083125055289022-14.175362650820096j)
(6.011949927953999+2.110864255309393j)
(15.081556677777174-7.850409360605966j)
(9.418170378697354-13.771716767298244j)
(10.584845702111835-1.5280626944421687j)
(10.520912847410601-5.276505556965834j)
(21.21334049539674-0.961138250116237j)
(10.537201633738173+2.0372933498350356j)
(10.053655084852121+2.6712347788005646j)
(-14.006762316731052+35.0565758636497j)
(10.161714748649054+2.3619657746775062j)
(4.8838889556419085+12.581722720484795j)
(12.934602211892154-3.286555644485712j)
(9.380158821789385-3.288686364913676j)
(14.56768069617561+4.164937592611309j)
(12.750609783654225+3.70317006154511j)
(36.65058964085067+25.090313209435728j)
(17.592149456443845-9.040635677233482j)
(11.605182545919485-1.1477552444169947j)
(10.802210860355215-6.822973350322542j)
(21.16976774076308-7.230908365366719j)
(13.353352808488497+7.794519692774998j)
(16.661352483595333+10.794028712914896j)
(220.4484881789299-212.39430528072623j)
(25.363714310963417+7.304273166989115j)
(11.444778260168915-5.940999412792874j)
(20.167558229267886-14.093134494901696j)
(19.329769677838907-7.203677749611261j)
(18.979408206779393-51.691505054683695j)
(61.79146127653687+0.1564722438812211j)
(24.301278017017303-9.913736584428179j)
(15.921822093067522-2.0065940382797756j)
(11.368260421643546-3.3210810639526374j)
(17.845340968253957+5.023828162911687j)
(19.187989270232006-1.0186606084959235j)
(7.001075810331747-0.7215817725994192j)
(12.630819003522536-6.334484205332041j)
(3.3082309740579174-10.508793355718154j)
(19.192290067182473+0.7035951128484891j)
(10.777571516931665+1.3982871172555058j)
(12.184778003389718-7.033847791997975j)
(10.525875517872251-5.722222628383302j)
(7.261119176713871-13.718490092156053j)
(16.855268986332856-4.721681163654991j)
(13.984939320265106-11.583770459696185j)
(12.3186838040235-1.736257694301128j)
(9.865075696444892-2.879650391169901j)
(5.754916490776405-8.65049437848817j)
(4.353893171178813-4.612895311624769j)
(16.040875332154187-7.891327564960114j)
(8.907136265450564-7.4899346246412j)
(18.71670057056777-12.342266982053506j)
(12.149292661761484-5.631818450869406j)
(8.696353368847797-8.679865144635302j)
(13.027899460962121+1.937743409373442j)
(11.770615154537005-7.300172224740216j)
(8.719996654468282-3.6976777038133855j)
(8.895200605178653-7.06500325865371j)
(26.491739553371705+11.81533391068547j)
(6.134287186721942-4.61120514081928j)
(9.008521623386226-2.9380870610566405j)
(6.91485202545894-6.507799908977306j)
(10.059611775585276-7.131553344181743j)
(8.709568099018435-9.133233709879246j)
(10.449457877254774-4.613005742787823j)
(8.643018002327665-5.187208388391657j)
(17.597122981801288-7.38706481259994j)
(4.802398121351453-1.9955644800974035j)
(8.997816014989406-6.844122501307541j)
(20.15795823225657-1.5383694509018326j)
(16.583039405644872+16.009501251218605j)
(24.93821008986127+13.97790090647402j)
(6.127676273517474-5.748889668298327j)
(9.936994510840567-6.41240444545956j)
(-0.9103985385572384-9.70005462914085j)
(6.439336311217005-7.459625827964244j)
(12.685400790573947-3.218776622325928j)
(7.490636104030105-6.126117367936166j)
(3.374521142700846-7.137044182153738j)
(7.203443512726059-9.708551726080985j)
(7.905044327664868-6.674588755976836j)
(15.146782404916753+0.09732507358759049j)
(5.652990768126958-8.58810756701851j)
(4.6337482689006775-2.031029677527233j)
(4.780116089716901-8.387151912178554j)
(10.450331276945839-3.0652802053324386j)
(5.036378249388178-9.453002891135727j)
(5.8037440285136555-15.170112485458539j)
(9.771999450455718-7.291130603239826j)
(8.359910233695667-6.288791388871358j)
(6.520914197850038-6.301078996298678j)
(8.731711793331607-7.608953671424195j)
(6.387628429525352-5.990748545259775j)
(5.687100417074793-8.339398888301002j)
(7.190067797940165-6.2962112183366585j)
(9.45237114633524-6.226955968144632j)
(-0.7683221307403152-11.154026138453132j)
(2.9611273256697888-6.14834887509125j)
(5.155852006054894-5.954208565945784j)
(5.384393293521755-5.210608415898791j)
(2.2316416747841066-5.03619504640224j)
(6.697555670283474-7.66991064262908j)
(3.4718298329943944-7.6141387150979165j)
(2.1869595153942596-3.6026714112604696j)
(1.661404791015443-6.3807367585425805j)
(4.334640395398284-7.1542151861853736j)
(4.315498029177885+1.0934384855827886j)
(3.1613825048801543-7.05071361862526j)
(-4.721026002932751-9.164208863188273j)
(7.824228928246686-6.679576593620028j)
(4.56468398345397-5.226610135702265j)
(2.7833376086388815-7.062266360376213j)
(6.436160911907062-10.540639753106358j)
(4.614353849678366-7.443249786941653j)
(5.637300693507565-5.799099147551796j)
(4.681438739581307-4.517117841568496j)
(6.153462572793204-7.693856636988449j)
(0.8672442996981158-6.177865105214353j)
(-1.368439524632586-3.268058261215985j)
(1.739547613921937-7.787650745774343j)
(2.9867323387550204-7.6068298294218275j)
(5.46294424334088-6.602082383047456j)
(0.9400432403132811-6.604897767308171j)
(2.3241877128168213-6.4809050618075235j)
(1.1902238821821187-5.7634214785780395j)
(1.8918084525922438-5.390837717804185j)
(2.403554174903583-4.942604857432427j)
(1.494059773088322-6.184794675888658j)
(2.8321861793826875-8.44873075301843j)
(1.282489995633904-5.983667094718026j)
(1.18265031935839-5.878031040815995j)
(1.0872096173363577-5.769346749453588j)
(0.9964473022677829-5.657954039318484j)
(0.9105830657803335-5.544251238930341j)
(0.8297628149624297-5.428678513018318j)
(0.7540497474997122-5.311697754081687j)
(-0.1590493978126917-4.731369272971741j)
(0.6177735658929217-5.075337051497742j)
(2.3008823746216853-5.295335413647691j)
(0.5006532132507064-4.838485439385166j)
(0.4486714141394018-4.720681050966874j)
(0.4006891099715322-4.60358190717284j)
(0.3564112393613695-4.487316254793632j)
(0.3155598867326216-4.3719467056091075j)
(0.27788879792121124-4.2574804865796425j)
(1.7319195375520453-4.2330029320873335j)
(0.21132032970024187-4.0310900474694344j)
(0.18216363964024218-3.9190276185119917j)
(0.15566952200146877-3.807621501659149j)
(0.13182850875603544-3.696812746890096j)
(0.11066857951237782-3.5865683485606485j)
(0.09224541117070181-3.4768900742446056j)
(0.07663092564591811-3.3678206159561963j)
(0.06390070407284343-3.2594467773402207j)
(0.05412089503299343-3.1518994687361634j)
(0.047335329652098246-3.0453503702124065j)
(0.043553646571040924-2.940005262821001j)
(0.04274129319312729-2.836094229197454j)
(0.04481227141418716-2.7338591779941623j)
(0.04962540633925077-2.633539426764485j)
(0.05698471832894823-2.5353563448142165j)
(0.06664417429751632-2.4394982636920126j)
(0.07831670754801832-2.3461069627466435j)
(0.09168697055428576-2.255266996884177j)
(0.10642687923222509-2.16699894027085j)
(0.1222126805970994-2.0812572856207536j)
(0.13874207970437394-1.9979333011681617j)
(0.15574992860511855-1.916862662663103j)
(0.1730211160947818-1.8378372105596519j)
(0.19039958182495711-1.7606197942616195j)
(0.20779276923906365-1.6849609023869405j)
(0.225171273092076-1.6106156648269259j)
(0.2425638714556866-1.5373598486608717j)
(0.2600485101010934-1.465003633968189j)
(0.27774009594849025-1.39340221108199j)
(0.2957761417141477-1.32246254636682j)
(0.314301389121955-1.2521459810871542j)
(0.33345253844579825-1.1824666289922257j)
(0.35334414840412903-1.1134858070781837j)
(0.37405666170324603-1.0453029665219793j)
(0.39562737029923223-0.9780437907460142j)
(0.41804496420249093-0.9118463007173087j)
(0.4412481039478184-0.8468459555598256j)
(0.46512821170493546-0.7831608521358127j)
(0.4895363846111492-0.7208781925251291j)
(0.5142940021245631-0.6600431770573493j)
(0.5392062492915709-0.600651364975027j)
(0.5640774499342103-0.5426453058653032j)
(0.5887268510825867-0.4859158831621457j)
(0.48095706664895466-0.23611118959854596j)
(0.6367979242270158-0.37563257207580525j)
(0.6600519894298509-0.3216764194704301j)
(0.682761844841104-0.2682211181072614j)
(0.7049779407960759-0.21505691643596503j)
(0.7267997643958931-0.16199766126497492j)
(0.7483668321033018-0.10889297035669943j)
(0.7698468355187779-0.05563706222833637j)
(0.7914221375643675-0.0021737103989950958j)
(0.8132758365236429+0.051502801038620864j)
(0.8355785069021118+0.10535049128340564j)
(0.8584765345394113+0.15928577407833416j)
(0.8820827364686702+0.213192167871622j)
(0.9064697318605003+0.2669308829822365j)
(0.9316663313589445+0.32035251890289285j)
(0.36757158760616643-1.1623260777161262j)
(0.9843846537471449+0.4256657971904928j)
(1.0117556864732073+0.4773113621580499j)
(1.0396484319104875+0.5281670272804183j)
(4.342037994412793+2.1390997825661264j)
(1.096433046508836+0.6273910114530464j)
(1.1250374713399058+0.6758063154485714j)
(1.1536126222728378+0.7235226223970191j)
(1.1820625441205375+0.7706565277986275j)
(1.2103272192526713+0.817348070063998j)
(1.2383877376588077+0.863749471326089j)
(1.266267949272004+0.9100128831875424j)
(1.2940324636191525+0.956278261199938j)
(1.3864346633145064+1.1119554009860477j)
(1.3496413585710627+1.0492505910906342j)
(1.377756807914348+1.0960900530565936j)
(1.4062772873002511+1.143188055957j)
(1.4353470047671957+1.1905122079148975j)
(1.465094380668586+1.2379941762560918j)
(1.4956233831718262+1.2855358456886017j)
(1.5270070174666308+1.3330173629305726j)
(1.5592832790345312+1.3803063828908566j)
(1.5924536910382332+1.4272678303219595j)
(1.6264843868340704+1.4737735283566276j)
(1.6613095700386162+1.5197111028108095j)
(1.69683707854116+1.564991636801525j)
(1.7329556852983128+1.609555620777755j)
(1.7695436802678037+1.6533768226369818j)
(5.241016634284538+3.0854531911235337j)
(1.8436446417765737+1.7388588985496503j)
(1.8809456401632683+1.780634741107436j)
(1.9183086878518896+1.821888382072162j)
(1.9556920091667775+1.8627335141814765j)
(1.993088022097996+1.903291291691116j)
(2.0305240959058315+1.9436804947671453j)
(2.0680604881263887+1.984007850587735j)
(2.105785610894228+2.0243593370942845j)
(2.1438090298738754+2.06479321559198j)
(2.182252812297339+2.1053353760389215j)
(2.221241985502872+2.145977355152367j)
(2.2608949276338404+2.1866771329975863j)
(2.301314485736521+2.22736256180901j)
(2.3425805145030947+2.267937060803855j)
(2.3847443716022174+2.3082870433018106j)
(2.427825716999289+2.3482904374174947j)
(2.4718117667250357+2.387825618829708j)
(2.5166589643215516+2.4267800863661817j)
(2.562296867648845+2.465058267448468j)
(2.608633911147481+2.502587929447746j)
(3.1782230819747994+2.7398999811346725j)
(2.4251834023761707+2.835477446544094j)
(2.7507641291313925+2.6103955045057092j)
(2.798826237022072+2.6447919640138253j)
(2.847084023388371+2.6785147846472586j)
(2.895481702619489+2.711653203110594j)
(2.943991795630234+2.7443080100390254j)
(2.992617222290101+2.7765833780780103j)
(3.0413910984814674+2.8085783960228348j)
(3.0903742203672846+2.8403789424731785j)
(3.139650392652397+2.8720505259254714j)
(3.1893199291303533+2.903632662857218j)
(3.2394918082824287+2.935135261479712j)
(3.290275089628325+2.9665373312436962j)
(3.3417702746549827+2.9977881562681916j)
(3.394061318970737+3.028810868368182j)
(3.4472089636215375+3.0595081496100067j)
(3.5012459527181785+3.0897696049152032j)
(2.981754128794933+3.4671157566619932j)
(3.6119665496348294+3.14852899722936j)
(3.668565815464256+3.17681761167069j)
(3.7258930355339843+3.2042674048635233j)
(3.783852335168157+3.2308250975439115j)
(3.8423391153546476+3.2564662024486233j)
(3.9012484549786883+3.281196101011373j)
(3.960483376358989+3.305048736962503j)
(4.019962320614755+3.3280831085761617j)
(4.0796252792026+3.350377910032737j)
(4.1394381657151005+3.372024795695752j)
(4.199395168658628+3.3931208138769606j)
(4.2595189839811765+3.4137605812984706j)
(4.319858972586213+3.434028753849265j)
(4.380487415716663+3.4539933037121915j)
(4.441494148222627+3.4737000472154205j)
(4.502979938472042+3.4931687884631515j)
(4.565049057402591+3.512391353275529j)
(4.627801539694729+3.531331684597352j)
(4.6913256850484695+3.549928050571518j)
(4.755691369740655+3.5680972770643957j)
(4.82094472632589+3.585740759156797j)
(4.872779347376625+3.331020485666324j)
(4.954161786196966+3.6190239881153556j)
(6.140960104848676+2.3008299377444583j)
(5.090797313645633+3.6489750395162215j)
(5.16023775094811+3.662512080779021j)
(5.230312583436007+3.675036968398904j)
(7.244953515031123+5.01103209051619j)
(5.070104889328818+5.2517050467565625j)
(5.4434843435984765+3.7066250608783506j)
(5.515300565331835+3.715310919269348j)
(5.58743802722389+3.7231946909046707j)
(5.659901800832511+3.730359662574917j)
(5.732724838349596+3.736885929836017j)
(5.805965976718496+3.742843010520833j)
(5.8797061230365255+3.7482834239978815j)
(5.369040084957185+4.93689696169314j)
(7.307837624092389+4.0013211550815475j)
(12.791094295313586+6.374321429083016j)
(6.5447624163245495+4.2989537077599405j)
(5.452490599978901+5.486109040526138j)
(2.2074754319815155+1.7988551539625808j)
(4.890273573829043+5.064681913097405j)
(2.9149255706806434+12.546795360947291j)
(6.343972554095504+3.8786771010127428j)
(5.706126899306541+2.820741360110695j)
(6.549829497027502+4.723327748989969j)
(11.882901195681606+8.492583055346202j)
(7.027564482218788+4.343287872643986j)
(6.9471414350316+4.475038713054098j)
(7.361746735096029+3.5776521503355667j)
(2.946255256238194+10.854071419965567j)
(8.820619474439757+7.24749046480472j)
(8.854451650334337+3.233012819347564j)
(10.292901557908152-2.1753538152747605j)
(8.15260434585412+3.832169862101285j)
(16.761625572984578-5.658449457605724j)
(6.620340340246422+7.349078401022995j)
(14.632271805833806+5.440290591906641j)
(8.041624714523026+2.8206075615699007j)
(5.1023576095022785+2.7283644033378596j)
(7.589496075366734+5.160653388500714j)
(8.544303884703409+4.020717244257781j)
(12.06296310927423+7.855852487194983j)
(101.80982573111456-98.80931163831069j)
(10.426779144091611+4.262035756655233j)
(9.672301233410929+4.266163773959912j)
(5.932508043344418+6.714360458141909j)
(5.405626467919153+1.401424830864007j)
(9.44673959582249+4.389902336414533j)
(7.380115686174387+4.916404659192721j)
(10.022586996570704+3.674973223291087j)
(12.461885316466219+3.339908875476855j)
(12.150474818344572+6.189897998999543j)
(-2.373870902628583+20.241834549744468j)
(11.455119302993092+4.272785332065553j)
(17.54276807757006+16.108503928682374j)
(12.381201386305293+2.2853040994904057j)
(7.907228105214931+1.4058892601228652j)
(15.681316849079717-0.2753543555013061j)
(9.145639209949904+3.6158504557898j)
(13.241099676648615-6.050101667995682j)
(8.650998924339678+0.8020301985289627j)
(9.275324811315292+3.1927441628963376j)
(11.107417228060577+6.79709416271322j)
(8.282145087657167+15.479762370183874j)
(16.611880345047698+5.6147655520955695j)
(23.444614812446435+9.107567763240596j)
(9.261044399159266+4.359077894060997j)
(23.033150269327777+3.1385634425248594j)
(11.196396980089004+0.0678908786533788j)
(-7.1000824791009665-1.6589733031897944j)
(26.292277313681748-2.211363735906323j)
(12.801439346665038+1.0568976736094886j)
(13.09105434255276+1.388367664957397j)
(12.882713225445176+2.38102971225645j)
(14.484341248648633+1.8360464040355j)
(24.590762799688264-11.705044263379564j)
(10.8728397417769-2.2340838766129703j)
(11.95095177303736-2.2975882593596317j)
(9.070907937555056-3.0403771620199667j)
(13.753642975597206-1.4530320235464154j)
(21.758006917607-18.966754376142422j)
(43.04464877546889+2.651908691812241j)
(7.022363409889169-0.5499175262363889j)
(13.78061911004396-3.3710659575522226j)
(24.20997044330686-1.759664923091407j)
(-7.654714648772623-20.77604765501571j)
(16.820956502290173-2.8257125158186764j)
(21.526445558167104+1.666504424921341j)
(12.06057628641554-3.4028501384928327j)
(11.491757771745148-4.576953167795691j)
(11.70196115580971-4.727651791729548j)
(12.01308764651859-3.8044379809843356j)
(18.05902514235622-31.342608708774492j)
(35.89910071438573-75.07254494514058j)
(12.83510140662934-4.147617788621598j)
(10.033050150729034-2.0320212050526516j)
(12.756245723258852-3.9121248837103373j)
(12.808278897079528-3.3651195309718007j)
(12.59657495862774-6.918032654301519j)
(11.059448300548791-3.2943321193452313j)
(10.797041178606593-4.76134460460448j)
(10.971679720700529-5.64269566564308j)
(3.8957928394837227-2.088769884999284j)
(16.631829514712592-14.160023744039831j)
(11.129395877425189-6.333261047787786j)
(18.145600841289973-13.023210975791136j)
(11.112851502213926-9.278461635856537j)
(13.615778346903271-8.901963070213844j)
(9.412280150849107-4.791553492151646j)
(9.732424854550922-7.801273854297744j)
(16.898389520076535-3.875330643717469j)
(9.89421159757029-3.792665465647909j)
(8.667271542732363-6.052632729150149j)
(13.96980120265351-6.5754801397372695j)
(6.630781352328084-8.218475808863525j)
(8.997959993716568-6.450273130265696j)
(9.93041541204288-6.799657490773634j)
(8.88744755406059-9.416404733854243j)
(10.150940706416643-6.233004309080935j)
(9.100641533963255-5.999258563466808j)
(197.337993075561-52.605057667461566j)
(8.96151571591701-5.671508022273289j)
(7.102149842476109-7.645244494906729j)
(7.045975681259152-6.4088748305134775j)
(6.090639207823027-8.769667220021025j)
(15.279742648163785-9.213622768685138j)
(6.597582420680362-6.164479910528476j)
(10.31604328915645-15.221662461001294j)
(7.231434830631806-7.0377261297079565j)
(10.684180193345979-17.701897654742222j)
(7.0692085727578755-7.334214364946971j)
(7.936069882316154-5.763064679632846j)
(7.127225513575301-5.993497531215732j)
(7.332323103889811-6.9904782631496465j)
(-6.108898793522323-25.89967581933334j)
(12.545795695233087-4.830301319521323j)
(4.467806963491813-8.560919440435171j)
(14.09304942395915-0.8743853377045598j)
(0.18805143330213023-9.339825671132497j)
(4.546033334713894-3.9914126231337455j)
(5.685050220326656-6.756794731467485j)
(5.474279984660245-5.142916003910439j)
(6.560495587460004-6.784300300216849j)
(7.409928145088623-6.380995919886199j)
(5.973634134967737-8.765160560941355j)
(6.8072875963239525-5.72361516126559j)
(4.388544153265371-7.026248903202918j)
(2.870762125652872-7.756743986029928j)
(5.051877918605265-5.866390894102879j)
(5.685089074891427-5.825312537362005j)
(9.170619315254296-6.270735258849954j)
(3.5637450038910266-6.134955580094431j)
(5.109184002558591-5.431352834708018j)
(3.246491130972409-6.141116937622136j)
(6.875808728126872-6.172703900456496j)
(5.339379512257484-6.1175953472150475j)
(4.196805966882469-5.414262696972041j)
(4.2518946134565505-5.6981275979473285j)
(5.602493836911619-5.527142991857485j)
(5.583723636267679-6.735757407127956j)
(3.9696145113979044-6.926910852528191j)
(6.215026465761723-5.8873168616836455j)
(3.5591570220087676-8.725415065346365j)
(6.147313985772158-5.128346318982904j)
(3.167015836312285-4.2115063189763005j)
(3.3285571398615366-6.598163657662064j)
(7.034276698578097-6.211754784538444j)
(3.546179883899254-5.249836738033267j)
(4.411387401164269-5.1537868219633065j)
(1.7820119187288217-5.804409279254831j)
(4.347528419596371-7.750083655823465j)
(3.0936762437764656-6.3659217454210895j)
(2.335429268479585-6.446088159785419j)
(-1.3519062738094019-6.47140241184717j)
(2.790135577887684-5.763360341708679j)
(10.359429456824559-4.885122467850568j)
(2.8689044404400494-5.5089897987416965j)
(1.202637647571887-4.6772217708865105j)
(4.405381308774557-5.065291838678657j)
(-1.1189761142601857-8.800752448571572j)
(0.9065262056458464-5.1159650967176615j)
(2.4495106863461023-4.3224895471908305j)
(2.804107463979535-7.428117030551111j)
(1.4993862151526762-8.561706154490084j)
(2.7748323385255467-6.994445677540619j)
(2.2059528957366754-7.564828357641609j)
(3.1263073682213647-8.399985313282896j)
(1.6126395717808086-4.457716599653457j)
(1.4375896981722887-5.795403771023415j)
(1.7578179652059065-7.011848060634439j)
(4.172419403411492-4.107506710735167j)
(6.25549349056197-4.671655865304182j)
(1.5939026148054813-4.398636027728921j)
(4.284841233815856-5.138070356495259j)
(2.0625856012603694-4.637986937537123j)
(2.5220909477762024-4.878617712926069j)
(1.1069627686829882-5.3919512984864415j)
(-2.9907427712835246-11.401822339137714j)
(0.8838965932275893-5.145623749604205j)
(1.2473058575664489-4.641845317302674j)
(0.5935702174510455-4.630748837701695j)
(1.9314865318502206-3.067668017818207j)
(0.792525228996456-2.701355922071181j)
(0.6161678662937612-4.693975947495833j)
(0.603769042892019-4.74815292873269j)
(0.07014449016613222-3.3742065138638044j)
(0.7466642060107788-2.091582130794698j)
(0.7005921939931533-3.975816911740572j)
(1.7989714081891974-3.941747578972797j)
(-0.4004179701785867-4.664292111693736j)
(1.9383771883900156-5.811387143720744j)
(0.7488420000429252-3.7931841279901772j)
(0.7361321926604547-4.464277202217386j)
(4.985001140925283-11.601996488079985j)
(0.03374117368124996-3.818885711978728j)
(3.4004738109025805-6.532045511865069j)
(0.8286766667747334-2.7764431245038432j)
(2.025209447400026-4.817896499542906j)
(-0.809750599605662-3.5867960377540515j)
(1.9217046854586277-3.1164115390969176j)
(0.2389782189305425-3.358110072792847j)
(-3.1424975595277527-1.9031650226967955j)
(2.7897911160313047-5.532543815692863j)
(2.513260793463065-5.051411023339538j)
(0.6901465274543634-2.270103646747389j)
(0.06113413108111691-3.9253136261567403j)
(0.10901931461565018-3.7312449815157733j)
(0.8489688210703822-2.377205456519003j)
(-5.570975165919779-10.228896757985702j)
(0.5079843773148481-3.030774887987876j)
(-0.00907490877176903-3.2309140750078966j)
(0.6056208279849692-2.896800629259083j)
(0.6327122284517123-2.5414319192518704j)
(-0.46303508802954013-6.380046808754864j)
(0.35036976136751413-3.527166783229556j)
(0.2633206215499663-2.171293124701815j)
(-3.9453361191126954-2.2746962728768j)
(1.2499870176639094-2.477906190550833j)
(4.922020826036814-5.927012838232244j)
(0.6839917517952485-2.139774151295982j)
(1.031275754375381-2.0340336524493448j)
(0.0451049559808738-2.672159295203054j)
(-1.2337943691496722+0.8502799782433836j)
(1.0356410204750859-0.947911933219954j)
(0.2992950673006894-1.3247227743013368j)
(0.2982335356623233-1.2519316058760899j)
(1.3230771472429903+6.54590879182456j)
(0.9287810054722041-0.9819253259439973j)
(6.293870284137209-6.567073254434134j)
(0.645264752582527-2.225167665416245j)
(0.3115664860640028-0.885889419689452j)
(0.31876397242950444-0.8121819012627703j)
(0.3277737473773445-0.7384370405986549j)
(0.3387072445205848-0.6647798273190791j)
(0.35165121020971485-0.5913640663718385j)
(0.3666611306807445-0.518365445250934j)
(0.38375675563684225-0.4459732095581861j)
(0.40291996204367553-0.3743810975010844j)
(0.4240949970588068-0.30377819705099024j)
(0.4471909540970155-0.23434033866579146j)
(0.4720861896237843-0.1662225380065798j)
(0.4986342896035918-0.0995528773331404j)
(0.5266711436396007-0.03442808119592831j)
(0.5560226745577199+0.029089082402281828j)
(0.5865127901760199+0.09097055005565358j)
(0.6179711599311339+0.15122191854488826j)
(0.6502404612482883+0.20987972954205308j)
(0.6831827818330727+0.26700725332022324j)
(0.7166849014899093+0.3226889818045897j)
(0.750662211884637+0.3770240804789427j)
(0.7850610694972481+0.4301190909592768j)
(0.8198594224727922+0.482080222350714j)
(0.8550656129677163+0.5330056165588757j)
(0.8907153378630531+0.5829780132279214j)
(0.9268668535447492+0.6320582635945245j)
(1.0839846457930165-2.0930614585101166j)
(1.0009817933733258+0.7276468271334718j)
(1.0391117954859437+0.7741294554189612j)
(1.0780598861551904+0.8196677840218534j)
(1.1178849638496682+0.8641731310103411j)
(1.1586224191072207+0.9075333449102988j)
(1.2002784998435834+0.9496194982620654j)
(2.05903482372522+0.09702057832506146j)
(1.2862058148648317+1.029418282839609j)
(1.3303215534966664+1.0668632371061082j)
(1.3750485551274845+1.1025154773931543j)
(1.420235577061978+1.1362852413550264j)
(1.4657116426446655+1.1681117285226585j)
(1.5112933000094866+1.1979668781770336j)
(1.5567924259056132+1.2258572797051646j)
(1.602024113402007+1.2518242140498719j)
(1.6468142278327258+1.2759419263288656j)
(-1.3863075092868176-2.8350621936646663j)
(1.7344672997228279+1.3190701904418238j)
(1.777092562600147+1.3383575774960814j)
(1.8188088609419901+1.3563369757192865j)
(1.859576328344836+1.373174231068808j)
(1.8993886556198272+1.3890331062607446j)
(-0.70229349892283+3.126375835184355j)
(1.9762804364307525+1.4184167360390392j)
(12.153543205622192+9.472631939951775j)
(2.0500123761904367+1.4454905854826074j)
(2.085944127195263+1.4583602785716399j)
(2.121403931413511+1.4708276258354827j)
(2.1565017695671993+1.4828830058123086j)
(2.191335408145625+1.494485548359843j)
(2.2259829563741436+1.505567031383758j)
(2.2604965269485255+1.5160375576063405j)
(1.7710533958289172+1.338849798149842j)
(2.3291733702457824+1.5347216812375328j)
(2.363277518793629+1.5427160745222428j)
(2.3971301194627253+1.5496784463813151j)
(2.430621957157305+1.5555303896801684j)
(2.4636198067941257+1.5602194221932197j)
(2.4959733862808853+1.5637243238686973j)
(2.5275233792876044+1.5660585988114215j)
(2.5581100229875675+1.5672718798842087j)
(2.587581740386043+1.5674492284061945j)
(2.615803315678607+1.5667084085100373j)
(2.642663158032249+1.5651953277110773j)
(2.6680792671323457+1.563077927677935j)
(2.6920035960271465+1.5605388802842968j)
(2.7144245975943666+1.5577674938060442j)
(2.735367836059904+1.5549512635706026j)
(2.7548946412688027+1.5522675116093683j)
(2.7730988783727524+1.5498755517942089j)
(2.790101996954875+1.5479097910875022j)
(2.806046608801426+1.5464741342672337j)
(2.6036608777177332+0.8198139030748163j)
(2.8353904028577896+1.5454341752777745j)
(2.8491091529914687+1.5458586634484133j)
(2.8623913793711755+1.5468725458505397j)
(2.875363512013202+1.5484058149597923j)
(2.8881253680445442+1.5503629941136643j)
(2.9007447860994917+1.5526302731987591j)
(2.91325406810245+1.5550837912023316j)
(2.9256484787475614+1.5575986191681268j)
(2.9378869451356686+1.5600579397349446j)
(2.949894976909733+1.562361887336501j)
(2.9615696963724427+1.564435510220546j)
(2.972786735170886+1.5662353446535893j)
(2.9834086270797777+1.5677541546326073j)
(2.9932942141464687+1.5690234868637425j)
(3.002308495585457+1.5701138179182552j)
(3.0103322948306763+1.5711322224653905j)
(3.0172711083153745+1.5722176590213932j)
(3.0230625354025675+1.5735341402185066j)
(3.027681773845372+1.5752622133021663j)
(3.5677916960697984+1.7703479569005842j)
(3.033508981861755+1.580699596179972j)
(3.034871189934598+1.584764051801747j)
(3.0353634014467104+1.5899313646202884j)
(3.035146292303714+1.5963203029801942j)
(3.0344011926136214+1.6040139835073592j)
(3.033321006745706+1.6130563570198644j)
(3.0321007047573483+1.6234510471270036j)
(6.018381822146065-0.8253675435555563j)
(3.029974675932796+1.6481193376772083j)
(3.029389279513822+1.6622193972243637j)
(3.0292911059434733+1.6773364361834424j)
(3.0297661397908766+1.6933277102970483j)
(3.030864821882782+1.7100421954209892j)
(3.0326017536874996+1.7273289436745558j)
(3.0349572680355217+1.7450451723428093j)
(3.03788073638661+1.7630637081304597j)
(2.580043771785916+2.293105645513346j)
(8.546620506251474+8.176549495787262j)
(3.0491989313345265+1.818022011640974j)
(3.0534638734959185+1.836487700317439j)
(3.0577882101349423+1.8550302456736492j)
(3.0620717687013776+1.873699189467991j)
(3.0662327584647655+1.8925711655507764j)
(3.0702139554109156+1.9117443678972146j)
(3.073987338782489+1.9313315927760042j)
(3.0775568188958897+1.9514522834055303j)
(3.0809588201197604+1.9722241132620253j)
(3.0842606461154896+1.9937547111766625j)
(3.087556740380343+2.016134141415828j)
(3.0909631405411115+2.039428696792945j)
(3.094610583691486+2.063676445082016j)
(3.0986368290723+2.0888848025764575j)
(3.103178808268889+2.115030216603233j)
(3.1083651879438174+2.142059848497106j)
(3.114309843980098+2.1698949858048437j)
(3.1211066164042673+2.1984357964878183j)
(3.1288255643768546+2.2275669779408385j)
(3.1375107927410455+2.257163848657412j)
(3.147179794704134+2.2870984706932727j)
(3.1578241608668383+2.3172454618267064j)
(3.169411447074998+2.347487241111256j)
(3.181887969863056+2.3777185356826522j)
(3.1951823013257385+2.407850049334313j)
(3.2092092554491254+2.4378112483314514j)
(3.2238741853202857+2.4675522556194767j)
(3.2390774365993704+2.49704486329398j)
(3.2547188209648206+2.5262826800218154j)
(3.270701980709549+2.555280431729033j)
(3.2869385122884034+2.584072437388371j)
(3.3033517055324313+2.6127102934305744j)
(3.319879742262881+2.6412598244743j)
(3.336478190730633+2.6697973959713766j)
(3.3531216386387452+2.6984057334684883j)
(3.369804334030938+2.727169447015144j)
(3.3865397532974466+2.756170508126361j)
(3.403359087351526+2.7854839594727228j)
(3.4203087235958534+2.8151741439846067j)
(3.4374468908634546+2.8452917139628435j)
(3.454839712827015+2.875871621668629j)
(3.472556968882841+2.906932207057865j)
(3.4906678807145974+2.938475397930426j)
(3.5092372245268746+2.9704879380277114j)
(3.528322017330248+3.0029434744267416j)
(3.547968950614484+3.0358052781807987j)
(3.568212659536993+3.0690293469666265j)
(3.58907483380912+3.1025676446438326j)
(6.040097047655671+2.4734487699934458j)
(3.6326766265909707+3.170393346645927j)
(3.655397137458545+3.2045916467928683j)
(3.6787004970269614+3.2389306782832725j)
(3.5506984628042964+2.4758742833966623j)
(3.726916516110435+3.307932621281248j)
(3.7517461229155744+3.3425716428412096j)
(4.328231759776884+3.395506633378531j)
(3.8026220497353944+3.412148616064325j)
(3.828578800238179+3.4471295032274916j)
(3.8548268936451757+3.482285507682604j)
(3.881332165265045+3.5176644669578567j)
(3.908067915099942+3.5533231720151566j)
(3.9350164367275715+3.589326004921422j)
(3.962170290931644+3.6257432861742585j)
(3.9895332492936535+3.662649368073888j)
(4.01712083398643+3.7001205374451467j)
(5.642135981221611+5.045956180123304j)
(2.98879151362702+8.109121370052025j)
(4.288087797176457+3.8489947334564976j)
(9.616132254557371+1.1880941468627164j)
(6.546572785642351+4.592717171489492j)
(5.576470396365767+4.502040085897037j)
(2.976900537892542+9.067726809440087j)
(4.800832625285607+3.4087920316456803j)
(4.749767813710865+7.677850754061914j)
(4.141194259646083+4.241335539819531j)
(6.626873876516101+4.656805847385943j)
(7.162512616457848+2.5533808394996442j)
(3.478770347244767+3.569841352937368j)
(5.13453729701443+4.558471780153927j)
(3.0929677163367093+5.649581432797667j)
(4.812249451998455+4.753876756784767j)
(5.039126513312898+4.595559933482192j)
(14.778381078198196+9.423901006213237j)
(1.287625802848505+7.099384024230556j)
(5.273614172812627+5.027617375240055j)
(4.652708743310055+5.095669611600405j)
(4.985164477266777+4.719798335105233j)
(4.680231553021888+6.648824440670233j)
(7.086935514116451+4.634611592823187j)
(5.327131351368508+6.611877360580575j)
(10.715093675647923+3.717571833370341j)
(6.168798522038507+7.867807228798941j)
(5.955181408581335+5.543728027033294j)
(5.34660980127941+4.2014732481388855j)
(10.015134890182662-1.3705689435052841j)
(6.504052651549695+5.689592645538859j)
(5.62389649273046+6.207832963521927j)
(5.3283193342490875+8.186659407846944j)
(5.49744719276771+6.204851109452527j)
(6.4150251289017275+10.680828353524014j)
(21.80150730510218+4.623227545745417j)
(14.81613203023111+8.88978419353783j)
(13.334780085585617+17.073930882965822j)
(12.534676875611446+28.10038532892067j)
(12.454602635763015+16.01519390783195j)
(8.90464554084511+7.872982063484961j)
(7.468263312615466+7.179080871173073j)
(6.81156198632466+2.499621319078238j)
(9.75730755668054+13.39418265356727j)
(5.242173223505095+6.682404861895639j)
(11.419028322476134+14.951139101505873j)
(14.054370686645191+14.567023699208951j)
(-4.903604430773985-14.718432242827745j)
(7.232877047513006+7.1139599855450095j)
(-2.6752939231658286+5.825134666315776j)
(6.644244377065147+7.12461315339255j)
(3.17619097269451+9.46330703853118j)
(1.9335306416971012+3.7503863900599703j)
(9.938317983015256+7.970849458086871j)
(8.789842621063546+7.730361423605726j)
(-3.9139977114531104+26.072224504822906j)
(9.171277226293371+7.960129964175136j)
(24.806492750374048-3.7792312411361455j)
(-2.5225809815043316+14.037690857754564j)
(9.649737950207541+6.467519379665254j)
(7.730765440290621+6.64179331547554j)
(13.102212096426754+9.411764590248506j)
(11.272797454918628+14.00670216346844j)
(9.611106709613331+11.248214126062917j)
(16.698082893587614+3.274117338689176j)
(-2.913046950759534+25.931681127507442j)
(13.049626434862668+7.935461336429786j)
(100.04715604950832-34.26471301531353j)
(10.281332771992087+10.57440092126288j)
(13.655633659109625+9.440869221857865j)
(16.440416018279674-4.989411163028877j)
(15.968510837474483+9.124285574221926j)
(3.2961766141772246+50.608920931967376j)
(6.574826697996824+13.173950034750446j)
(17.572793627351373+1.932513848507989j)
(27.895044491604533+13.726554644405189j)
(-3.1850851948659664+127.02090809037377j)
(-17.554392007125553-21.785305369032237j)
(-13.067427227630736-12.814195188406087j)
(21.047860698292443+7.306432629196577j)
(20.715709996992633+3.915434586512466j)
(20.619695823185122+5.896285690207924j)
(17.44539557084998+2.115982837416037j)
(21.376324031475537+6.628143293546487j)
(15.156609224949708+5.3729207319721795j)
(21.887612839976146+0.8893662614086953j)
(43.20727721002941-1.7331656654456087j)
(22.937202904966973+1.474029198491283j)
(17.135204297598182+15.099343830961596j)
(23.062916058205932-0.8787446010462783j)
(21.17887812511207-1.005270770453314j)
(17.386725304291335-22.17089000846428j)
(18.72810347884632-6.453652780252359j)
(21.317266782797358-5.511472263354936j)
(16.77652799339438-4.8088889442140905j)
(28.160792524077127-4.48911525574229j)
(18.885346383148068-9.324176656644696j)
(22.530171337985138-10.295004405944352j)
(3.7348193050109506-17.884237114744206j)
(36.7590140982824-15.241953136579587j)
(10.028393263325189-7.842029029409293j)
(14.390108680705543-14.549591301295376j)
(-38.1400565630725+33.45424526054718j)
(12.377340943643519-7.989918520909293j)
(10.051227659383517-12.46345039617433j)
(11.972592037087257-9.923075041503731j)
(31.186257164619196+35.21370477178013j)
(13.211079968816504-13.051802778251842j)
(12.171579798843743-8.344217496868149j)
(11.784736795144436-8.707564177128832j)
(8.677486653600463-11.413538059273431j)
(6.3232822244227895-6.503084169477246j)
(10.310084201032986-9.421441727712738j)
(13.137725724726321-12.408922306304552j)
(27.947652987281074+4.04170046325042j)
(17.303556634590464-20.28862369988325j)
(13.358109843239598-0.47192884543942043j)
(7.998921929042573-8.617001464647617j)
(7.227337954524052-8.041207771886553j)
(7.703591124181909-10.055715188415254j)
(-0.5689309807025497-16.224954860614552j)
(11.409732952733187-9.119630341667447j)
(195.3140973494266+51.055366444122136j)
(8.410615318247627-12.490583984063264j)
(5.158306003064676-10.167814714948015j)
(5.010643530147594-1.0765997197079749j)
(-12.546901489159813-10.958316808920175j)
(2.9076878299616484-11.695536692019864j)
(4.786236468226793-7.970941877857322j)
(6.017681635601365-7.239313377910404j)
(4.572032541961453-9.576508770807978j)
(21.227873371083483+12.188953625470338j)
(3.682852709622516-7.103921642344046j)
(13.602712232190715-6.903894350174024j)
(5.738999907119566-10.632209600122493j)
(8.995235156215685-8.258931154133242j)
(13.26852359129213-6.520970729856629j)
(3.4732746545983746-6.873092313520436j)
(17.274759197252358-16.110405079149803j)
(3.28990152904134-6.791990696349415j)
(-6.270255797512674+11.397836835743238j)
(3.043337628384413-8.107230801366972j)
(5.520769479396563-8.03209093822755j)
(-3.4823711604854672-4.862572015476403j)
(2.898239331697022-7.754977582240884j)
(5.353732910592322-6.607013781354383j)
(10.85923137418393-13.710855624057752j)
(4.529335371887612-8.430290538658062j)
(5.0298385388490425-3.592466511369687j)
(0.7052019735070411-8.056539914818243j)
(5.25584939730307-7.781471170955646j)
(3.499224389209277-6.095423476295078j)
(6.627213798877673-4.721753329952258j)
(4.147972609811511-12.52773376585689j)
(5.867720925776326-5.545641163655429j)
(4.7529766896045595-4.98723357073337j)
(3.5695956843946783-5.697572060000689j)
(1.120624761237604-11.516993438391186j)
(5.744317682913611-6.430843355505382j)
(2.725970691118139-7.544541776568934j)
(3.332324647250385-3.8778350486688273j)
(4.3528646413717995-5.720633070588101j)
(7.382609388245361-13.181083773530268j)
(1.6394690297326142-6.7674736422827655j)
(2.89138668246082-5.119218246125101j)
(5.145719177133732-4.1744843842034465j)
(0.07924552147642852-3.7924396172434167j)
(1.7096009623294004-8.338116301094175j)
(4.084570812721675-5.440427970892865j)
(1.7522344603882711-7.404322820835231j)
(3.2282517587566475-4.580684230128195j)
(-1.8701838596283327-4.847018488879032j)
(14.421546199797751+1.432639398267572j)
(3.7752368234008737-4.70150720262239j)
(-0.8363018536947304-5.763405593716717j)
(0.41188422743083175-5.056408082335276j)
(2.87423918900607-4.2880171155719555j)
(-1.1079981983269434-2.024334836135077j)
(4.61592760973673-5.035191669332724j)
(1.3657252452501194-4.556418726646586j)
(1.758431917363759-6.446809384581959j)
(2.5758559167628263-3.273154860077825j)
(2.7363799871387107-5.405149050192828j)
(2.2313885778969964-4.496010753122874j)
(2.210472474843665-7.361321459930419j)
(-0.01113097486750422-5.983294416196679j)
(2.882932023634819-7.678831752053443j)
(3.5523517750085425-4.049364228768632j)
(2.0537641639187094-5.260169537911363j)
(2.7260746576087467-3.5981032293011834j)
(1.7655807695569665-4.890495967753548j)
(6.675214392288849-3.9487861661735946j)
(0.2595641414363368-4.2324357868363975j)
(-0.05261008078296471-2.8826671295763915j)
(1.5545631288870576-2.6465620022445036j)
(2.4910312671457344-4.123754890220461j)
(1.0960535433881573-7.241907959531564j)
(0.2416632753884721-3.8915297309064j)
(1.6992630844061212-3.700492735858978j)
(-12.461324328458202-4.917496599611634j)
(0.6113927443202676-3.424033967402428j)
(1.8826083242343947-3.677472978292944j)
(2.0489578493989793-2.4549553413058707j)
(1.446813266151419-3.904063994697618j)
(1.252566491791905-3.707732686815847j)
(1.2792397495575616-4.044396591982174j)
(0.6797467539956509-3.2514817090682047j)
(1.3096782783125165-2.8963713922677226j)
(1.9631383761300247-7.58848616908426j)
(10.689952113784624-3.6369683864127924j)
(1.6937983870524604-3.189821137327993j)
(1.6275989158656137-3.382190030345423j)
(1.1401980860282976-2.6461831932140325j)
(0.911730836139605-6.6265805882729545j)
(1.2019463733898836-3.8354840954827605j)
(0.9452312637322866-3.1084698373191677j)
(-2.198569148013305-4.5701926641011665j)
(4.82997138594662-16.94041313658965j)
(0.6543046177165649-4.713349030260582j)
(1.1779395451845005-3.1317846112544068j)
(1.0442862271612459-2.501927850427102j)
(1.2090590069592475-2.5531027952397882j)
(-0.03621264929317098-2.9580864887514537j)
(1.5485539072349175-4.910938625555747j)
(0.701003961556395-2.425848921840718j)
(4.7375482520382235-1.4259152550813974j)
(0.8597827624494927-2.5412955106271773j)
(-1.471028568775258-0.5432656345084157j)
(-0.039860547713087086-2.426520867448259j)
(-0.8898378770830081-5.275546554953531j)
(2.9307680668808906-10.194412403764359j)
(5.292865938814589-15.27091003746458j)
(0.8274160315045898-3.05731769319582j)
(0.9063143241710206-1.9765626526198208j)
(0.7225853235996579-1.4818167024850648j)
(3.5356815954404497+0.7796160082895354j)
(1.1777628805277511-2.257701189279742j)
(-1.6895998955210658-3.869191230256971j)
(21.346865831411456+11.882494673199771j)
(1.7625832719464478-0.7447860517947094j)
(0.2389326016121913-1.4426385146866982j)
(0.3642020653084563-1.588863630639073j)
(0.3293362527712611-2.7331516955240778j)
(-0.19202126494078847-3.360176248129439j)
(1.3824927031503276-3.80049989162759j)
(0.5833540121181449-1.641686883396845j)
(1.7093829284016886-0.9493181390427882j)
(-0.5678477901413613-2.031814455243448j)
(1.5569493415171345-1.3180844671208354j)
(0.790185196936836-1.5933857179721347j)
(0.32081927820543527-0.8719761026436711j)
(-0.0783349064533647-3.144532652361559j)
(0.45301955227804885-0.603262855677159j)
(-2.134540942369324-2.1106988121496757j)
(0.7520845614512346-1.0089784277011924j)
(9.977482027948506+15.989594092611902j)
(1.6102790762490613-1.920130902412051j)
(0.6772374596132809-0.7614716431979349j)
(129.82151716464864-79.19294259266759j)
(3.7379238711138494+2.022249304684905j)
(0.051724044317981444-1.350951136266519j)
(6.569478422854374-7.914603259185564j)
(1.0913300441854954-0.10331265593572139j)
(1.4139518609756505-0.8250340170687753j)
(0.9030727303653893-0.7994835550259664j)
(-7.939847315823648-1.9144062892446176j)
(6.518575072275079+4.4957599354422735j)
(5.483255892371101-0.673805116378651j)
(2.361829205588148-4.8802589934988925j)
(0.2353812165700278-2.030741657237289j)
(-0.3427394579438275+1.1780718759788151j)
(-1.4574472909355065-0.4727505755985299j)
(1.0991197114607607+0.4594711623314047j)
(2.1345520784259984-2.8746094238835247j)
(1.90344540934902+1.5300651284632396j)
(-0.8466800733273823+0.0390849461439285j)
(4.823176800208336-3.579063179113468j)
(0.6459029197513709+0.4688571355163282j)
(0.6722833191552858+0.5240620569213963j)
(-9.301949715087362-0.019604520942501782j)
(0.7282722576791432+0.632420195032189j)
(0.7578838343111434+0.6855317107834984j)
(0.7885778844631455+0.7378993264784551j)
(0.14949342122340034+2.606152539415496j)
(0.8532316851117706+0.8402879830130849j)
(0.8872011142225659+0.8902431483618717j)
(0.9222713952795746+0.9393223153443088j)
(28.99167621597022-0.5380680021967142j)
(0.9957253362903796+1.0346806417419143j)
(1.034109661242458+1.0808644476763873j)
(1.0735950131792957+1.125981736621796j)
(1.1141743912147115+1.1699760594836806j)
(1.1558368739522995+1.2127879306600584j)
(1.1985671380840126+1.2543552176596495j)
(1.2423450439797439+1.294613596641027j)
(1.2871452998438653+1.333497056244778j)
(1.3329372101537544+1.3709384293129887j)
(1.3796845075840165+1.4068699315119333j)
(1.427345261320691+1.4412236875455895j)
(1.4758718493645309+1.4739322292873052j)
(1.5252109786883472+1.5049289552259866j)
(1.575303735247512+1.5341485464488005j)
(1.6260856458716948+1.561527340296441j)
(1.6774867357844112+1.587003668258495j)
(1.729431568564262+1.6105181692260293j)
(1.7818392593846804+1.6320140926577036j)
(1.834623456981882+1.651437608478732j)
(1.8876922947129509+1.6687381416486762j)
(2.95999310408032-4.1113781831742955j)
(0.24330096864448028+5.133876892860744j)
(2.0476035965562636+1.7074532747468154j)
(2.1007792069452877+1.715835785981961j)
(2.1536946091313287+1.7219068507851856j)
(2.2062233806451212+1.7256458914475985j)
(2.25823343622635+1.727039877086192j)
(2.3095873182119666+1.7260842874319324j)
(2.3601426577700546+1.722784134324448j)
(2.40975283707157+1.71715500769506j)
(2.458267876132719+1.7092241018492236j)
(2.5055355577842944+1.6990311677515035j)
(2.5514027898920495+1.6866293292295134j)
(2.5957171860008765+1.6720856972235945j)
(2.638328825173901+1.6554817180760988j)
(2.679092130891181+1.636913200676051j)
(2.717867790081561+1.6164899836081046j)
(2.75452461964374+1.5943352267637865j)
(2.788941281978208+1.5705843403400086j)
(1.6748194905255025+2.6768152424310374j)
(2.850626477991726+1.5188884836620526j)
(2.877713114963189+1.491261935791382j)
(2.9021969166788506+1.462672483861957j)
(2.9240206866678555+1.4332925025194676j)
(2.943140397474838+1.4032966167334175j)
(2.959524526413545+1.3728603633342462j)
(2.9731531996076894+1.3421591621175655j)
(2.9840172413108417+1.3113676241211176j)
(2.992117224364387+1.2806591970172694j)
(2.9974626090628766+1.2502061241661349j)
(3.0000710445696237+1.2201796764704067j)
(2.999967892455214+1.1907506049759125j)
(2.997186018522335+1.1620897560516978j)
(2.991765888471333+1.1343687879073998j)
(2.983755995589894+1.107760924710438j)
(2.9732136437397485+1.0824416803101347j)
(2.9602061046198616+1.0585894757965078j)
(2.94481216198097+1.0363860629844937j)
(2.927124044076782+1.0160166497938858j)
(2.9072497260607095+0.9976696051579967j)
(2.885315553638266+0.9815356038103817j)
(2.8614690964859544+0.9678060598228835j)
(2.835882084935991+0.9566706981315783j)
(2.8087532189057614+0.9483141322752942j)
(2.7803105699473423+0.942911360782644j)
(2.7508132351320134+0.9406221690569991j)
(2.720551858179617+0.9415845297235238j)
(2.689847623893264+0.9459072281969734j)
(2.659049371450479+0.9536620904718809j)
(2.628528571538171+0.9648763377784128j)
(2.5986720747917396+0.9795257121799648j)
(2.5698727557709073+0.9975290799185678j)
(2.5425184252412953+1.0187451999144135j)
(2.516979628822579+1.0429722281245286j)
(2.493597149960528+1.0699503159673105j)
(2.4726701491792977+1.0993673741962593j)
(3.042851199069746+1.9423573904855262j)
(2.4391117263590654+1.1640632765653816j)
(2.426790327567939+1.1985458557858788j)
(2.4175377514767433+1.2339007192818712j)
(2.4113449848384425+1.2697193522630053j)
(2.4081422141203084+1.3056112873939512j)
(2.4078054014076704+1.3412141090174712j)
(2.410164461355183+1.376201267025242j)
(2.415012324805367+1.4102875469172607j)
(2.4221142292001008+1.443232263814649j)
(2.431216690092741+1.4748404175650465j)
(2.4420557540781402+1.5049621533365818j)
(2.454364285675591+1.5334909187110592j)
(2.467878179449137+1.5603607038996166j)
(2.4823415015910935+1.5855427100748631j)
(2.4975106468502144+1.6090417263650285j)
(2.5131576469045322+1.6308924215364002j)
(2.5290727883301445+1.651155681723391j)
(2.5450666971640636+1.6699150576350212j)
(2.5609720280820616+1.6872733277459844j)
(2.5766448644406643+1.7033491404089813j)
(2.5919658952748432+1.7182736687325968j)
(2.606841390629475+1.7321871979335965j)
(2.6212039508652283+1.7452355658562884j)
(2.6350129623756042+1.7575663933483154j)
(2.6482546553325825+1.7693250716369575j)
(2.660941632874168+1.7806505173561897j)
(2.673111729974788+1.791670759715503j)
(2.684826068187612+1.8024984840139564j)
(2.696166202453413+1.8132267149265968j)
(2.7072303090148653+1.8239248737042808j)
(2.718128436809394+1.8346354767738284j)
(3.5624486042229337+3.6627763336482593j)
(2.739892241347976+1.8561164158313035j)
(3.178789438948585+3.0450929469753882j)
(2.76235037427324+1.8774115909328808j)
(6.647800106879133-1.9723709979971478j)
(2.7861914140727158+1.8978145825964252j)
(2.798744794174878+1.9073653663128918j)
(2.8117215354054688+1.9162874478109357j)
(4.585348526716146+9.238944231280971j)
(2.8748216897330954+1.969008946873912j)
(2.8526286576977+1.9377963158963307j)
(2.8665769684969757+1.9427643429117996j)
(2.8804380438933537+1.9464504436711114j)
(2.894031562253789+1.948782081560772j)
(2.907160919945565+1.949715813885986j)
(2.9196183393496993+1.9492396219781312j)
(2.9311900912168056+1.9473743826119303j)
(2.941661720599971+1.9441745674391298j)
(2.95082321485052+1.939728254133262j)
(3.013504608376769+2.095961674965946j)
(2.9644284008643726+1.9276121916171631j)
(3.04955578031573+2.9949762739881325j)
(2.970605708793396+1.9123645806094614j)
(2.9705733925930895+1.904106222777721j)
(2.9683430997315616+1.8957579396347273j)
(-76.78268516412773-15.44247376103674j)
(2.9571620152443963+1.879882109804538j)
(2.9482537562621234+1.8729165942136592j)
(2.9372369211363627+1.866970551327946j)
(2.9242460416601075+1.862307358629524j)
(2.909459755130517+1.8591676925439797j)
(3.661992893281884+1.2607070800221816j)
(2.8754123127623825+1.858254450473709j)
(2.8566859479468185+1.8607703429626392j)
(2.837216160315629+1.8653752194025959j)
(2.8173068699956283+1.8720785745278141j)
(2.7972555463492426+1.8808312050298985j)
(2.7773405604994816+1.891526950026783j)
(2.7578089688014074+1.9040074070955377j)
(2.738865492141006+1.9180694806480398j)
(2.7206633898324117+1.9334754055973589j)
(2.7286367335443797+1.6000848121818028j)
(2.131234533596203+3.004265448951656j)
(3.3836693523977615+0.8553560960343622j)
(2.580087019442144+2.1907727293824246j)
(7.9961829741914086+12.847480979296874j)
(2.5760508236716344+3.0494611161383656j)
(2.309518350536371+7.8659807712117935j)
(2.4871182790685653+1.9474278100500966j)
(2.3446364999538267+4.150566509338933j)
(3.8748394705626756+6.144490036125717j)
(2.834931500501052+3.2075999829276762j)
(1.039079044183365+5.521929746408345j)
(3.4287255428353665+3.3596230909720544j)
(0.5283938261880768+6.961410555681911j)
(5.53148504982789+8.232653163730777j)
(2.6403737879978033+2.3153400795538843j)
(3.2577259507702485+3.17220354354285j)
(-3.9178491997236833+18.460241876670157j)
(3.0070024366128396+2.3845069231909055j)
(3.0517071776771405+2.180802674166058j)
(2.3632120140902138+2.2252657017841875j)
(2.3082510613894294+2.384738486454421j)
(2.2826033757469832+2.4211508585015644j)
(2.2578016282737514+2.4601451021150846j)
(-14.095879394422948-38.286582824961j)
(2.2120630598892617+2.5452450853535735j)
(2.191678358715817+2.5908917725730123j)
(2.173225305759055+2.6382286306016614j)
(2.156833746909682+2.6869453622960897j)
(2.1425719474854286+2.7367248880100985j)
(2.13045005207687+2.787255804910778j)
(2.120425870169872+2.838242746187619j)
(1.7771060558207856+2.7298963863977397j)
(2.106284629351773+2.9405288038813153j)
(2.101889987094882+2.9913772000033365j)
(2.5728323661208106+3.92946746627123j)
(3.3357990262888286+2.931036749049498j)
(2.8808193507932636+3.8788919716087227j)
(1.8272305451398407+3.457585084080409j)
(2.9307131615978763+3.296687970030887j)
(-2.9180907130465856+4.35393293272258j)
(2.287206977774119+3.4713350607719637j)
(2.503980767141939+2.8790141588934883j)
(1.8637814715765182+2.039099279218699j)
(0.8690511270602898+3.239596457814649j)
(2.3351874998324877+3.9391119079903287j)
(2.016199406311034+5.518003823563645j)
(3.046218322681053+5.715646968817067j)
(14.744049633206789+24.25653468044483j)
(8.85231300214283+3.4123916543761115j)
(7.665571839887645+4.575417233363822j)
(2.7604890506883235+3.9251311646654625j)
(15.21207729109631-9.95196977148327j)
(1.8263296383804442+2.5716845479038883j)
(1.8280085604794452+3.696423615626379j)
(5.068078778707748+5.50894168858208j)
(-0.1938039535830146+4.577972298491691j)
(3.238014924646976+8.347939900332683j)
(2.1688674788452027+4.15513212269003j)
(2.9381830651008234+3.2070076095767166j)
(2.0715449853904686+6.215952258274393j)
(2.668143654515403+4.500726948261356j)
(2.599272406951258+4.735666066561676j)
(8.61783773333512-0.47327344316367376j)
(8.754158059320735+7.6552076260957405j)
(0.6683339542282369+4.3410187691664825j)
(1.4507593776532823+4.1385310315666555j)
(3.5665072804356903+5.052124041952242j)
(-2.19305882484335+5.102375504227369j)
(4.2938396821685325+3.8302715326851584j)
(4.594469247126724+11.041604712630152j)
(2.0792098589228334+6.356205146655668j)
(4.106156978584873+7.870310314723739j)
(0.964031691775456+6.866945322679857j)
(6.421387233456074+5.266477503032533j)
(5.986068070752368+6.886693641755243j)
(0.9347954882743162+2.268390370904151j)
(1.2361601660023276+5.220955548957666j)
(1.1790610842114493+11.268142448088753j)
(2.227881959839424+17.89588488413939j)
(0.7382815942373264+3.9199147701786115j)
(10.956825333817074+22.956998928541502j)
(1.9029290309006668+5.153499870733075j)
(3.8281722835919823+5.277557325207464j)
(1.8599493689794853+6.577501253525859j)
(2.6802198370744628+6.480799786998375j)
(0.6173427252611343+10.797194195087698j)
(1.438557009956153+6.011435702659602j)
(12.469096349610997+7.763717505271054j)
(4.513871912952265+8.980615031808416j)
(-2.040507878507428+5.176333125193165j)
(0.23614153467148588+7.007377265635395j)
(2.169953288435747+6.355555021586625j)
(1.464357610107538-6.105697135276835j)
(3.4030291284219567+5.073959496597621j)
(32.63481990231895+14.013458018026842j)
(1.7234880003908073+5.589657735716494j)
(1.535805782755496+6.570706028423827j)
(1.2724474332396987+7.5198502224914385j)
(3.0928720281158206+7.310081696899599j)
(1.144842887805448+7.554347469997755j)
(0.8127734893050007+9.747324497982213j)
(2.1108911077745827+5.879031819201678j)
(-1.4900344713418734+9.822643254729295j)
(0.6556297256460463+11.64914404512017j)
(-0.17528777737602483+7.503088194664229j)
(7.045529520452016+2.6955300705249963j)
(1.8391865181643794+11.300282691371669j)
(-4.050375264835413+5.833138973729632j)
(13.227849626595889+19.982076201432942j)
(8.21435045173428+14.625907630499428j)
(0.09608252618148382+2.018014197569571j)
(1.347836714985538+19.74128246727398j)
(-4.37126075988459-9.893612403567102j)
(19.88619416265299+23.4272629210325j)
(-1.3328561223294964+18.098743234892954j)
(21.68901793332184+16.713136183013237j)
(11.43992381675471+38.485016385744714j)
(0.648786435176962+15.025901128472258j)
(10.41269298627826+13.78554245783513j)
(-1.5688949521403968+14.307851533482497j)
(-3.4430526214218617+13.12012928895582j)
(-2.0782947710216226+16.982448844909158j)
(21.810697931236973+36.116351940858756j)
(-2.973334069137789+12.448325917347537j)
(-2.04455485741322+16.800009504159284j)
(26.574412773309483+22.973678071626313j)
(-2.3634319624499556+19.148119388480083j)
(7.631565000204587+29.436683784552347j)
(31.099146746115608-13.984092595149207j)
(2.353722554440973+14.965195661029234j)
(-4.4718477448949585+13.082196134241162j)
(19.57199392805642+18.65846309600802j)
(4.73840985454879+25.991738871653048j)
(-13.12560464361277+27.803517121740526j)
(-0.7329142326005624+22.213502678136212j)
(-5.781852410465126+57.96883950684398j)
(0.6274412773587347+38.23417057573678j)
(-4.3098392959104705+34.59925238820805j)
(20.41911820081636+25.939628897588495j)
(-3.363040455233153+25.98239887612756j)
(44.074896055717545+22.99885520663502j)
(3.848526058466404+31.700311377777215j)
(-6.934663542212254-19.228805080088616j)
(91.19928046503914+157.04295713815216j)
(24.597763885636233-10.687014478746615j)
(-19.9098282535152-4.097947527810501j)
(58.32839257593994+7.602854346549855j)
(-102.05554552594272-70.83287767960925j)
(18.9844425747724-16.145282683040726j)
(131.60125136400296-28.4920149960852j)
(39.23616037346089-14.03194034864916j)
(21.512573525964477-14.015382244478715j)
(21.694454798995228-13.435086887061784j)
(49.41294688975583-53.43321305519001j)
(80.05818876624645+17.054129846865827j)
(21.23009970209044-20.569174796016704j)
(-9.194227689596618-32.54667190637458j)
(7.346499690205255-14.992544889274084j)
(32.25481942742749-12.172420681525915j)
(15.063946665040753-12.928090351766604j)
(15.654635796345039+3.500248082662092j)
(12.827903513890611-13.261085136339439j)
(-27.99084182461135+12.851683723403315j)
(17.275973068743248-14.541414553955645j)
(4.51694063373678-14.165400415425916j)
(22.11031953992414-12.093287031834596j)
(12.25301990160241-11.804392134266314j)
(22.624171903838654-41.88234050554992j)
(11.861968199858161-24.967521397778885j)
(14.361751729894934-14.792671933517346j)
(11.5592321609806-8.2378708434128j)
(9.858219111886482-11.431179179793704j)
(4.020096299278625-4.840131833913501j)
(10.313107477350696-9.656918702324134j)
(21.453650982763563+19.150796637541916j)
(9.614553614533046-10.360103274281396j)
(13.092008613821209-11.984938617865657j)
(10.541212461016919-9.383143228950182j)
(24.568690631466204+25.616368942836726j)
(30.1620162064816-17.405638964909613j)
(9.861518923196327-7.213184466061007j)
(8.421550227317768-10.41363084354244j)
(34.073303610806626-34.37802588640239j)
(8.3899267363106-9.239610016828422j)
(8.28137492895934-6.157545097604257j)
(7.092080090083966-4.143805438967316j)
(8.987698593656427-13.144551940208535j)
(8.67454894006667-6.798906146477494j)
(-8.304909702042535+16.87151595087682j)
(6.2884644572066515-5.673217607966259j)
(5.3822156212063925-8.503375164078365j)
(10.950951062483927-0.13023560675562987j)
(9.184170878483238-8.306585547744238j)
(27.247765745832815-9.311001820738108j)
(7.236716630036991-8.309065125039236j)
(9.686138521751095-5.223843051420028j)
(7.7373621784650055-4.480414047424935j)
(7.650947444765948-5.301079624105355j)
(3.9842940900841644-3.6704170479569553j)
(8.609418931377856-6.088580077799227j)
(11.037731606128643-7.9273445804283424j)
(15.426532826801093+5.267591345329145j)
(11.574973232180369-0.9327212920613626j)
(6.660814266338266-5.567927084713574j)
(7.749595915657405-6.232178204424338j)
(7.138054265532862-15.310744638383264j)
(7.277316246939102-1.79994344528696j)
(3.0770123826753877+2.4963115935330564j)
(7.525574127088241-6.845263417129366j)
(53.2165366095564-64.24345758989003j)
(10.981601417416986-6.235234834867588j)
(8.320476277897505-2.4379900370564735j)
(8.426699864390946-7.983470905299813j)
(26.337114189934297+11.064848923007824j)
(5.832235668386178-6.0578768715674425j)
(15.886100380688044+1.3145221590299987j)
(3.893301651434259-1.6587465226234728j)
(6.009047511371782-6.962815712371089j)
(10.68982549882371-9.392560881985107j)
(5.660589343009083-5.683318198185268j)
(6.781155203294123-6.540143304994131j)
(7.055004000171997-4.365546820160503j)
(6.732782818017673-6.459572591056554j)
(1.0850746980149524-6.682694225812774j)
(-1.421392839128293-1.0153581550867925j)
(3.5601799030792063-7.453581373235769j)
(4.622255120562491+11.068803420661432j)
(5.456640684334754-8.188140889340156j)
(6.222007697457704+6.6375662447873385j)
(7.366088636114801-5.6784796883846065j)
(82.84164559579793-100.88470740672255j)
(-93.9039530568777+56.09734192240483j)
(6.13214142053433-5.178168591700467j)
(4.641701948273737-8.094138088775948j)
(5.344529264387014-3.101641953044932j)
(40.06777134098792-29.450344679541946j)
(77.79860772712892-39.676879042113924j)
(5.000791028703589-4.740718755669063j)
(5.971562131796012-4.758633361871749j)
(9.737344610792546-3.398501604232315j)
(6.125107613279718-6.067857680364997j)
(9.07239195304612+1.151888921427573j)
(8.41265915944751-7.943604894013535j)
(7.9059928271319215-6.794646870079013j)
(4.719727528836558-2.4213114315156785j)
(0.707882280592432-8.0936828025638j)
(6.203823511493302-4.156923939336637j)
(4.314055379053052-5.733206036531407j)
(22.573500513750943-19.348643183554312j)
(16.857827042369877-17.504388475115327j)
(51.113756938093665+19.54938632587045j)
(12.692101950192411-42.293187620860884j)
(-5.002047778368432-5.52843250563761j)
(6.22504408895858-8.870417374423043j)
(4.404045127612298-5.722816157127706j)
(1.8093904501460893-1.1895368676102211j)
(3.8672004588445446-6.183015480703921j)
(-1.034079342792947-13.271481555812555j)
(4.325294164360308-5.136936724906372j)
(-6.592682341720183-5.545579590312205j)
(4.457845587820483-5.547215420628452j)
(4.517831123387908-5.301100681807127j)
(-6.3610386459894075-25.371297432343592j)
(3.066968580401811-4.8499009186985464j)
(6.018492906556868-5.10269852194739j)
(4.928639702441188-4.623650882534893j)
(1.1665214343420403-8.624934011830273j)
(1.8796463216946395-4.451588269620669j)
(-9.774994706049844-9.830642487649266j)
(2.2335147215297684-3.583818275677643j)
(1.3565272286664027-4.385804212960329j)
(2.7945617933677824-4.1500123539369955j)
(5.583293554103494+6.560537174867136j)
(0.26871425025543005-9.885298195047593j)
(-3.1325413682435297-6.426984117435223j)
(1.4125454884874344-6.0066096664537785j)
(14.027744903323164+3.9235463256574543j)
(-10.989952463148791-16.927059985085513j)
(7.360210505664864-6.0404852399938855j)
(18.3588601069301-4.4763068272246676j)
(4.32924277580203-4.892681303905248j)
(20.279642013008672-11.39978038486719j)
(11.419156731782172-5.501948701639658j)
(4.068777627007111-4.275177769948827j)
(4.8888081552700475-4.484911709344999j)
(3.0670524554363117-4.5521799599687895j)
(1.956380471036078-3.9721455639979157j)
(4.28534456240626-4.6928944477810415j)
(0.3509056582379205-7.8158131617936j)
(-0.19641695974687573-4.219241679835199j)
(3.654746866549878-5.306784937854092j)
(0.28896601051267673-8.01147412919578j)
(-1.0981304338657294-9.424200421109552j)
(-0.3481687718766605-8.613072423286892j)
(26.788730369740097+8.92836099259169j)
(4.342056679291188-2.9071822905862756j)
(1.961377658306417-6.249937938566552j)
(6.027218690970428-12.174764190987277j)
(3.9545163098238127-5.76191228136223j)
(169.83630748699116-79.29208641191966j)
(-1.9980695819742242-8.100747878672458j)
(-4.096716777604679-6.785321488836133j)
(-2.4623335528179795-7.039111840697042j)
(4.998884954735963-5.734655513217178j)
(-0.4723883981308026-4.015232588923667j)
(-0.1912505665578157-5.138627966145907j)
(0.07311361625406912-8.056279887952641j)
(-2.9472916194726606-4.587905609546562j)
(-0.6622316605380285-5.39307454453362j)
(-0.7857753188936377-4.726143749573751j)
(0.5013928584062876-2.9193050326331935j)
(1.012798463156299-3.4446861696608533j)
(9.019490553058757+9.744301422364712j)
(0.14705206684078795-3.0870917575254473j)
(0.3661800057882027-3.0387552059539864j)
(0.11525957844346242-3.9217004866983114j)
(1.036249553264005-1.5592004177660381j)
(-3.360986749102043-8.19358538878483j)
(2.0559698181371697-3.0696826799269936j)
(-3.470839017131649+3.9609606083174147j)
(1.235311904673323-1.7816506476829606j)
(4.832247986930531-10.258509415874567j)
(0.4892123954535515-2.3809300412747465j)
(1.3833470548901874-5.14622693376614j)
(1.7266547047899874-2.1868817485583842j)
(1.7447520820547768-2.507075361231846j)
(2.5375772371277177-2.263968796258871j)
(3.04441320576753-1.9729549382935332j)
(1.0629706730663169-2.2656787975260575j)
(0.8649830449698179-3.58775534994901j)
(7.888769866905897-8.686802398818049j)
(1.1777432925977325-3.025576511555003j)
(0.8846046316303725-2.757448240898648j)
(-0.41588219185997954-2.2256870310980723j)
(0.38783670563321215-2.125956941164526j)
(0.20692776084634912-2.844815670453377j)
(-0.04380652339379905-2.6729341593046985j)
(0.44648909239947043-2.2582452481608115j)
(-1.673468058448005-2.650737256595337j)
(-1.5014514801277488-1.6846535825226503j)
(-0.7974075052409365-2.855172137596789j)
(-1.0322588097983667-1.8817140261112635j)
(-0.7341795505655474-1.1867727329058722j)
(-1.2472095101506393-0.5664459137484092j)
(-0.06742976761923583-1.118481610283876j)
(-2.025904035676428+0.056264271607666845j)
(-1.714218701608052+0.04748519003029808j)
(-0.92464360983734+1.750239588721413j)
(-1.969848451864781+0.1674440158909556j)
(-0.951608737282132+1.2937614348338526j)
(-1.5361927428756104-2.5888699705063125j)
(-3.537608272149576+4.0336645382436425j)
(-1.6644500297788387+3.32828740269038j)
(-1.7455436405470812+3.5568218572579005j)
(-2.0671989854572503+1.4773107109093708j)
(-1.8603787302008936+5.6577097360633495j)
(-2.075276651148043+4.804303467461941j)
(-1.1432777714315638+2.4003489135376874j)
(0.12223218098375091+6.097097031049576j)
(2.6200167914044994+6.651379403618106j)
(1.5395931155718732+7.168938726329831j)
(2.361933240587993+7.747873919436784j)
(1.312401760545017+6.071803526828415j)
(3.4762723145247545+8.992322302308878j)
(3.3746494875416415+7.504531796174782j)
(12.497529384824027+10.956324165309166j)
(6.0584952947376935+8.269937602830163j)
(-2.975408070788247+17.772789301600632j)
(8.30964750648622+9.503465980987958j)
(4.409643434822063+3.348770483534204j)
(9.746034486892887+3.5297319326204892j)
(3.045065371756884+0.31007939933140427j)
(12.186837845861929+4.916209815705895j)
(4.3443695930842905+2.438100791633854j)
(3.9175815446968816+3.4043398192566765j)
(1.7053043355601012+2.3766919638481334j)
(6.568576461266449-0.6864458852846497j)
(0.3905372735546032-7.662328126292545j)
(8.30658216337536-0.12018453518789847j)
(4.176041043251582+0.6342860618236644j)
(2.5139734959293816+1.0605604961953832j)
(1.99226883554276+1.278576349330212j)
(1.2638391255740582+4.871357828030368j)
(3.7307382201811663+0.292813191936229j)
(2.1206610472161875+3.3556244674645375j)
(1.4296590987833657+6.092505650496439j)
(1.5035187476292158+5.095743091903678j)
(-1.8286424939590895+4.209749708102159j)
(2.2971598428103746+7.041595848794744j)
(-12.957009268195788+13.576352683621282j)
(5.53049630552818+3.687132203769964j)
(5.047277483064145+7.682037343916024j)
(11.669182363710673-9.254440854907118j)
(4.308383069937106+9.686511218259906j)
(-4.796908132397233+12.4188616398067j)
(-10.11187111292111+8.593297375291916j)
