(0.407809493140216+0j)
(49.36118737809374-14.741982748743848j)
(38.93481640744888-23.046475520706117j)
(28.626380307268267-25.02257119771491j)
(20.719990229768825-23.46991290015124j)
(15.218014043894657-20.45726387499357j)
(11.550325675284546-16.98371894958326j)
(9.20878646693035-13.437896221561964j)
(7.860324629387947-9.9308638540931j)
(7.329874468929707-6.457792382381277j)
(7.577443327633849-2.9709318671238685j)
(8.699975566601816+0.5780599037196604j)
(10.968182083189392+4.182911275045484j)
(14.89928213850674+7.648031347948998j)
(21.296413790645513+10.22396367825384j)
(30.805478585955978+9.789589431432155j)
(41.54004881223783+2.345261577213578j)
(45.71722890350458-13.16986957150349j)
(38.159524839049325-27.286388739409514j)
(26.242964641479343-32.519924240248436j)
(16.721300079636954-31.663390608877094j)
(10.460238278726784-28.642102690858323j)
(6.510637075860082-25.24021419117333j)
(4.012761812427725-22.021245292589906j)
(2.4299895582635043-19.102067244293114j)
(1.4547634617195786-16.46065323890911j)
(0.9179948601650565-14.039539137940329j)
(0.7362396925968177-11.778442625816826j)
(0.8863446982015686-9.62477533168458j)
(1.3983221850213619-7.540324520734831j)
(2.362204972243613-5.515138857409428j)
(3.9457023558890367-3.6049044066783678j)
(6.4053023461580025-2.026561907449914j)
(10.00040186680794-1.3680928531136853j)
(14.50300351194308-2.8401453189685086j)
(18.03743210234835-7.660703761752617j)
(17.48951669656983-14.333238065582346j)
(13.026867900889114-18.77501489765577j)
(7.966444412664393-19.743856964209346j)
(4.118760633621535-18.72046468425784j)
(1.5523858716696433-17.010061700991937j)
(-0.10492121187093816-15.19687613357622j)
(-1.171701808094193-13.475661532490319j)
(-1.8533137098268797-11.889223266931564j)
(-2.2722718919938796-10.428865918415077j)
(-2.4986610284238653-9.07121585631426j)
(-2.5690171786100864-7.790932141154016j)
(-2.496103391597153-6.565108285324374j)
(-2.272424772217167-5.375678802423263j)
(-1.8690041745371224-4.213345642379436j)
(-1.2303072345924084-3.0872113859489176j)
(-0.2682837230633397-2.048165817606236j)
(1.1298310467991959-1.2407064981095597j)
(3.025669792199845-0.9920311638092909j)
(5.166121810045567-1.8431892428056915j)
(6.607024527141009-4.112562996499112j)
(11.531080860224586+5.20596414278442j)
(4.302486271600401-8.777583432641766j)
(2.0769961598962956-9.197827134024735j)
(0.2858575021158787-8.720563792047214j)
(-0.9752021232677627-7.864946565438873j)
(-1.8228056502998928-6.902470811619233j)
(-2.3820820240020972-5.943022264647904j)
(-2.742856409510836-5.022088238919265j)
(-2.962516818044777-4.14499416994072j)
(-3.0754082011812014-3.3058023060731014j)
(-3.099903091304638-2.494956802388818j)
(-3.042356755200647-1.7024635543108064j)
(-2.898483861257597-0.9197088040316607j)
(-2.6525716347391626-0.1417579642420879j)
(-2.2748335336327754+0.6278079027674647j)
(-1.718122596712127+1.365868022994062j)
(-0.9198500175437174+2.0060943774730626j)
(0.16989062496483553+2.3972560675796255j)
(1.484560322686336+2.271354276594616j)
(2.650276388233599+1.3690282419683386j)
(3.0297528176383146-0.12868957697786862j)
(2.392597786956098-1.4658781513703696j)
(1.2322417425205048-2.0884373311862143j)
(0.10217510718646204-2.0554010751861433j)
(-0.7795205238250826-1.6475630293061612j)
(-1.4081294055275135-1.0743931909131281j)
(-1.8384761777051657-0.44396569740528613j)
(-2.123975799430353+0.19699647294735917j)
(-2.303506254155739+0.8316938385375957j)
(-2.402296944974546+1.4568203975209448j)
(-2.435001667209518+2.074919522262232j)
(-2.407956502575763+2.690878159197846j)
(-2.320112674790929+3.3100687155922204j)
(-2.162627636176278+3.9366839099217903j)
(-1.2970496389925457+6.576189820096584j)
(-1.5533440877832192+5.202774410641901j)
(-1.0280118824397229+5.798965442755005j)
(-0.296146681896151+6.2780561530259495j)
(0.6404291389761799+6.482092774243204j)
(1.6214268603269517+6.208416304835922j)
(2.2648437499085032+5.42184717099597j)
(2.2490753607784453+4.481366519356882j)
(1.69589603893212+3.8598089896995385j)
(0.975297603363078+3.703145904867736j)
(0.33227523196162906+3.8924553315291823j)
(-0.16083144496390211+4.276276420837924j)
(-0.5135664700610305+4.754475799243903j)
(-0.7545914401853098+5.275892415236907j)
(-2.5366048771053946+2.0568758974115164j)
(-0.9998436509377517+6.369916030399376j)
(-1.0354330223858164+6.932461217273052j)
(-1.0230811860153952+7.507230799554983j)
(-0.9630323823768367+8.09831076422363j)
(-0.8491605710978944+8.710024167493755j)
(-3.1050769902216744+6.287438985001778j)
(-0.3926945898879404+9.996899209047355j)
(0.010628494084790944+10.643301413814125j)
(0.57969023933077+11.220753840141207j)
(1.3090519740589135+11.608007345145857j)
(1.4455655048309184+12.881119379997745j)
(2.5955069180767247+11.412663342958206j)
(2.7273157749930763+11.091015086393782j)
(2.5624974110646175+10.960641434951837j)
(2.2994680397848+11.088408464528932j)
(2.0637777852852386+11.417806375838552j)
(1.8988623218824694+11.877228471863328j)
(1.8081537101765381+12.41725177510641j)
(1.7825952897223312+13.010052808615695j)
(1.811663440270286+13.641759284594722j)
(1.8865787560008742+14.306603170023243j)
(2.0007100030173532+15.003588823011212j)
(-2.7373603042509442+22.615662696751805j)
(1.381854610823011+20.59406918291298j)
(4.512613883040183+30.63397073041633j)
(-1.0237723468485023+39.15447576871739j)
(4.447220560186138+21.69141853044731j)
(4.191860513718199+24.063022014497594j)
(2.6867197494071546+23.935726959760967j)
(4.454984428535745+24.57056282035306j)
(7.473703389196438+27.863367608400548j)
(2.2415674122240365+33.967568203286866j)
(3.490440527918597+29.5787601666679j)
(7.203875747677183+31.52870132415993j)
(0.6050035153960118+52.01621235325833j)
(28.76520622677827+32.83517975125256j)
(-11.283469676576384+46.688800879263084j)
(13.514255724753491+57.14641059327621j)
(21.595315357410474+39.24535410226032j)
(21.25113091812531+44.42110313384644j)
(40.38091404653957+30.230229804929177j)
(5.653913528896105+4.974083499713522j)
(38.01370055054863+64.4042916489734j)
(226.8820419791867-18.370253209951546j)
(20.55791166400211+40.83632846113556j)
(20.571323930732415+40.62660309052146j)
(39.69931196963058+50.22722987916164j)
(47.67456129185356+40.212246556376066j)
(51.420357957313044+43.9230681706454j)
(67.16211794100207+64.13540732840775j)
(74.19107481509631+38.545434587999665j)
(85.69073057123998+41.07917081261219j)
(146.09150916348332-23.129602520569804j)
(102.32522675084772-2.4790369283098963j)
(108.80691230381753-44.84286461054214j)
(48.46288451349037-20.233182084514482j)
(80.55877128880357-35.79372394197848j)
(31.365699496565114-48.381698745539104j)
(46.165756771935975-37.957781514282864j)
(16.25833691695888-36.20572097255787j)
(22.786086665573304-42.272364824613j)
(42.364007017462015-17.88723462412156j)
(30.11284521413731-67.98361822702955j)
(26.97982644603214-3.8185805993829662j)
(-139.19171730994003+89.11245933762446j)
(30.917995311245697-18.771746499831156j)
(32.81250427278812-29.786047916806137j)
(13.413464931579396-54.16847498525167j)
(20.31609167784727-21.174280205038126j)
(13.03060179368098-47.40418797528044j)
(19.551663530319047-36.808617494419686j)
(25.41312727639566-60.74511892137388j)
(8.220143190427503-36.91965035990658j)
(2.1198467078367056-34.393010756400436j)
(9.837357918861283-55.956953437217614j)
(2.2880785427417254-18.126068755892227j)
(15.326335433448769-22.196437692518625j)
(1.5613529222286104-31.911093261344877j)
(7.4977186979912025-25.145506262796257j)
(15.15759602959351-8.515919204405435j)
(27.717498318591982-3.5628123838255066j)
(-8.38780142399388-23.702195278261993j)
(9.96899543919212-15.95418757542605j)
(10.344824930367336-13.139517453189717j)
(8.987151777798505-21.233162946853657j)
(9.017279063488035-17.56607820796245j)
(7.518247435829692-22.69149271273354j)
(14.976657170516274-31.008070405720012j)
(6.118428509294944-18.506506183200692j)
(3.7696130068955385-19.58229705668678j)
(6.604870165014677-20.265638198489356j)
(-1.552194352086865-18.29298896626356j)
(7.721402355926395-10.736015394904179j)
(-12.600285810406724-21.267196726907j)
(14.279901160699373-8.264552644587562j)
(9.9253180689129-23.828551336627886j)
(3.2963960599597515-16.05576837089516j)
(3.386127956763962-12.17641932819288j)
(1.7088766884359572-19.50608090294128j)
(3.0507057106699875-13.924088131723737j)
(0.7289119185377418-9.605907791525883j)
(8.046862367987696-5.526070201723249j)
(4.336306152850413-16.344648481687507j)
(6.373206369487328-17.581179239501314j)
(-5.587953132918593-15.824933381264659j)
(6.784098162809462-10.889882700155985j)
(32.61842508981878-22.151464654114463j)
(1.0847845218455217-12.727438829420796j)
(5.909643605862653-10.01610010564683j)
(-0.4116255616988959-10.805020281598033j)
(10.308645148690003-10.557181071608381j)
(4.921984880484488-12.114455960415796j)
(3.334884948832795-9.913241099824194j)
(15.99446971763687+5.812520796708821j)
(5.7602509618142985-13.487711902297447j)
(3.1524037128320423-9.666534215865951j)
(2.5249494639812577-8.081835667654046j)
(4.5681185517495395-9.088520244117001j)
(1.900017261557543-6.857538856073858j)
(5.881106415899215-11.94667194289155j)
(2.7754727053176227-8.166002022242186j)
(2.888490266166499-7.930311235677964j)
(3.0410036868561474-7.734944086208559j)
(3.22444638163011-7.599743761185392j)
(3.416352818610887-7.544263525117515j)
(3.578296320844681-7.5757631916485035j)
(3.666510057505814-7.6749420229501775j)
(3.6553591462632635-7.795038620139565j)
(3.5540869976223473-7.8834034195560925j)
(3.3984155249354764-7.907714113910527j)
(3.2276412504635514-7.863268239444606j)
(3.0693263780097193-7.762722794709854j)
(2.937238651553386-7.6235373854422495j)
(2.8356864472257253-7.461052720131209j)
(2.764179811984016-7.286595044439978j)
(2.720459416660513-7.107933484029948j)
(2.7020462978273265-6.930365975950501j)
(2.706886765001441-6.7577573095469665j)
(2.7335152382294776-6.59338382701886j)
(2.780943451616846-6.4406232037264575j)
(2.8483210845597755-6.303553079608779j)
(2.5590046817952907-6.869357526432352j)
(3.035893041520679-6.099172228052415j)
(3.1468507430600723-6.046661350639474j)
(3.2555261763906596-6.037350008185174j)
(3.3437491008546814-6.073980756904257j)
(3.3893103364657775-6.1486152180681355j)
(3.3745092393526988-6.238778671737347j)
(3.297549360690308-6.312355287397492j)
(-2.2332622520572674-12.267011268649252j)
(3.0407048020643006-6.31604813322218j)
(2.9157689976656465-6.241891658433254j)
(3.569825859354562-5.201327847003096j)
(2.7488120706072308-6.00998694898161j)
(2.710212354397342-5.880477875545103j)
(2.697018629818022-5.754459931875946j)
(2.704626082776715-5.637262822427917j)
(2.728740388565416-5.532260497383603j)
(2.7655626151641513-5.441747338775902j)
(2.8116436807564273-5.367513939237705j)
(2.863585590408893-5.311165854426922j)
(2.917662189856533-5.274218233732976j)
(2.9693973420600694-5.257949975164535j)
(3.0131684636477787-5.262946096410102j)
(3.0420095584946316-5.288232723269267j)
(3.04797094051407-5.3299972469902075j)
(3.023553313434405-5.380223124626708j)
(2.9645384353263373-5.426204521103389j)
(2.873515625253856-5.452393954036091j)
(2.7617866919648177-5.445215251588904j)
(2.6470500478065246-5.398819854558444j)
(2.547162985908753-5.317714126609232j)
(1.127338277185651-4.584828816716498j)
(2.431138092963897-5.102697496312516j)
(2.4156357535166624-4.995523765408102j)
(2.421102167134869-4.900718403310204j)
(2.4403320843693503-4.822466961628592j)
(2.4666922320905793-4.762147069831732j)
(2.4945892203235274-4.7193891743301295j)
(2.519446089098098-4.692816756965676j)
(2.537502763306939-4.68045676452191j)
(2.545609837125884-4.679902440484216j)
(2.5410949513176355-4.688313117761678j)
(2.521742165955931-4.702318077373772j)
(2.4859148773852544-4.7178842155923695j)
(3.4024215056640124-4.839743054425907j)
(2.3631358618369838-4.733833249007365j)
(2.2793141273102413-4.722876598002063j)
(2.186433762203599-4.691984870788432j)
(2.0921765923362687-4.637622005808227j)
(2.006086854843657-4.559695769182466j)
(1.9376433630135412-4.462715909582477j)
(1.8935914982857984-4.355574785089574j)
(1.8757221862572302-4.249543857731557j)
(1.880346974401868-4.155199174140073j)
(1.8997487642831423-4.0797630141570425j)
(1.924690116184593-4.025993468740196j)
(1.946692915240392-3.9926699814319977j)
(1.959346614708298-3.97593410260007j)
(1.9586381709665814-3.9706886740333447j)
(1.9426790286662614-3.971624836525899j)
(1.5963523099973445-4.243261628767027j)
(1.8651542333347377-3.97290224496945j)
(1.8062234258598073-3.96525607578894j)
(1.7367485134690048-3.9478280033013324j)
(1.6595579808742396-3.918164238496664j)
(1.5779643476980938-3.874397892080168j)
(1.4957879361810809-3.8153338603251403j)
(1.4173696723554556-3.740644822955326j)
(1.3474951693733175-3.6511932965980347j)
(1.291118660460632-3.5494552734698077j)
(1.252755803268308-3.4399352763028324j)
(1.2354636104341539-3.329326947705475j)
(1.2395193614822673-3.2260480050179448j)
(1.2612623563059076-3.13882988742955j)
(0.6879516472807703-3.6115733225428857j)
(1.323728338490836-3.0355080764004736j)
(1.3430861079124996-3.019208279154734j)
(1.3429608785283813-3.0183265424686074j)
(1.3197587781193083-3.023453922413182j)
(1.2742025082350679-3.0255221059242214j)
(1.2100638818684912-3.0174694086384473j)
(1.132608182299756-2.9947903500258963j)
(1.0473763810542351-2.955292243996727j)
(0.9594915743287532-2.8985224643738703j)
(0.8733996362941248-2.825195313041579j)
(0.7928736002473321-2.7367691228385143j)
(0.7211346076383476-2.6352071164179747j)
(0.6609888428108397-2.522904631476325j)
(0.61491242130268-2.4027522593487327j)
(0.5850262958659068-2.2783013717760165j)
(0.5728959728611402-2.1539838379826843j)
(0.5790818009256412-2.0352929257931405j)
(0.6023894213671811-1.9287449499028404j)
(0.638889887562255-1.8413291077130867j)
(0.6810626982369636-1.7791192182616822j)
(0.7178123255814758-1.744991134592721j)
(0.736244948803073-1.7361504919636839j)
(0.7253393548062294-1.7430738552668557j)
(0.6800028979598907-1.75135109936069j)
(0.6029870343641285-1.7460649084992836j)
(0.5033823368398992-1.7162408913893716j)
(0.3929434824807018-1.6569479423769955j)
(0.28262327502402224-1.5686822383606245j)
(0.18072384975371739-1.4553557500778698j)
(-0.17626361604229818-4.210075903022677j)
(0.021281401352433758-1.1750286916363273j)
(-0.031887156710338295-1.0185397087783445j)
(-0.06648697004268146-0.8573268484406323j)
(-0.08268831307419736-0.6954760501245435j)
(-0.0810796199558229-0.5369326967123682j)
(-0.06273631019105891-0.38576438000571894j)
(-0.029515509267163703-0.24634769210898602j)
(0.015421822341717682-0.12336200367663032j)
(0.06691114363022303-0.021401669825535093j)
(0.1171205945229346+0.05604220959234397j)
(0.15544452775037296+0.10838896679582843j)
(0.16978060100554304+0.1402485613578835j)
(0.14980312190145284+0.16293510474786121j)
(0.09149932320175294+0.19330734565825805j)
(0.00030386110896483964+0.2490891412640207j)
(-0.10995954131214773+0.3427593324191602j)
(-0.22210622848300365+0.47791414389090936j)
(-0.3211833620162283+0.6500345906724648j)
(-0.39750477919874805+0.8500736172206304j)
(-0.44670895858633136+1.068078216856384j)
(-0.4682432350879299+1.2953350790784652j)
(-0.46367375619837325+1.5250477148466597j)
(-0.4354753856698712+1.7521595050189631j)
(-0.3863874177402589+1.972870694509563j)
(-0.3192010332230673+2.184157848657898j)
(-0.23682410985056632+2.3834292059608564j)
(-0.7186519070041664+1.706907979018519j)
(-0.04012589674268289+2.737012656024527j)
(0.0655535695705721+2.8880604183823366j)
(0.1688300464316519+3.0214693963896395j)
(0.26338574502968015+3.1391959045017908j)
(0.3431691967177708+3.245855499935649j)
(0.403811852200496+3.348867538360694j)
(0.4441952943955527+3.4576657341738026j)
(0.4674496591770119+3.581913423939827j)
(0.48072396088541763+3.729275319934534j)
(0.4936649395170019+3.903696198367317j)
(0.5162720759088654+4.104899373907589j)
(0.5570540441235438+4.329105979801221j)
(0.6220522203070122+4.570392645962792j)
(0.7147297607032504+4.822023685911375j)
(0.8363828145502058+5.077379663122126j)
(0.9867032719329425+5.3304289605453095j)
(1.1642599997931788+5.575869354199232j)
(1.3668131752752335+5.8091039564010645j)
(1.5914702254236415+6.026181382367102j)
(1.8347340597854183+6.223780106784737j)
(2.092506654774229+6.39927526776218j)
(2.360111013653168+6.550895011667663j)
(2.6323895113837716+6.677947748938252j)
(1.7642153094457895+7.26032030758597j)
(1.9417411770692412+6.003725784301609j)
(3.4242107348015973+6.925976671449285j)
(3.6648794273106726+6.976930034708425j)
(3.8898660406399777+7.021809262138582j)
(4.09992005337091+7.067541171605238j)
(4.298275045600101+7.120632979358787j)
(4.490447585584515+7.186241836832793j)
(4.683657601375575+7.267368260921466j)
(4.88596100260703+7.364335860729716j)
(5.105252975413837+7.474650587891533j)
(5.348316876519716+7.593241455728525j)
(5.620059733979472+7.713006402538247j)
(7.898054189814438+9.469435592960643j)
(6.257110781985918+7.921961253473027j)
(6.619722718516267+7.993634759575543j)
(7.005879474273598+8.032914694914725j)
(7.408653138839423+8.03369369309588j)
(7.819645546471353+7.991857514449107j)
(8.22955818366671+7.905601337570402j)
(8.628820561702112+7.7756047247865805j)
(9.008253300991093+7.605053047207545j)
(9.35973535816554+7.399491968401122j)
(9.676835268746375+7.166506086759924j)
(9.955357897233442+6.915223833237572j)
(10.193754599903848+6.65566686582143j)
(10.393348230186955+6.397980485699375j)
(10.55833540706938+6.1515982990108j)
(10.695545260881616+5.924406238290912j)
(10.813953474269134+5.721976500378275j)
(10.923969803550689+5.546941383371066j)
(10.396520225914712+7.411536747792705j)
(11.162076844198271+5.272624355267201j)
(11.309400502896262+5.161494965912262j)
(11.48459404083148+5.0547432178266565j)
(39.27698829787306-1.7719848923533745j)
(11.923928783173299+4.804138455043597j)
(12.179658182916361+4.6349613139381125j)
(12.446543648131172+4.422671607316938j)
(12.710613730809158+4.1614517576453345j)
(12.956206514402009+3.850525338216386j)
(13.167903708515805+3.49456315386346j)
(13.332512376652911+3.103284542834146j)
(13.440727065828979+2.6903013902592274j)
(13.488173999020907+2.271432509604688j)
(11.759313356925526+2.411216439992636j)
(13.408932672690574+1.479244368224907j)
(10.725153552422958+1.8012680043540585j)
(19.764842648195582+3.0987708860209j)
(11.840230649731273-10.474681215478695j)
(12.562772622232584-2.559069888152021j)
(10.605579498405373-0.7865938288603169j)
(13.075572355327186+0.29397139564531816j)
(12.501933317215045-4.7858520320993385j)
(10.495506749987983-2.71344083919063j)
(13.35425135390288+3.3926873604431798j)
(7.572540995434619-0.4964697176046372j)
(79.14589447023896-30.808776197737163j)
(12.101560500146332-3.355298126343518j)
(13.063259816300198+1.7340188240180647j)
(15.74934081529944+13.238722371206576j)
(9.890463318859197-1.353903830478042j)
(13.654041731958264-1.5892331402297175j)
(14.970468032135868-1.6788585804937743j)
(15.228197733465889+3.530053794129018j)
(16.468482195507146+1.690999257926929j)
(9.671060928308357+1.568116246537108j)
(4.9753748873418235+13.27910607965437j)
(10.963425500677529+2.940385526474938j)
(-17.615849706197896+43.07231911901807j)
(-27.05557011540079-20.332888976048345j)
(15.985377576157893-4.253163832961627j)
(13.206445193377812-0.9776681841049777j)
(1.7995797306496453-15.400243272155842j)
(-11.446550656472317-26.811323386494166j)
(11.327804997411178-8.658539732498424j)
(22.31906499825048+0.16614823956000807j)
(12.514054084955456-4.059434899760258j)
(37.30575033489337-19.325254507327017j)
(-14.17540201350967-0.8427143508602223j)
(9.9855214846665-47.60765669943439j)
(13.890614921312121-1.7949011992523878j)
(18.0371014220354-15.7007208565777j)
(11.803813760031751+1.3243946611245487j)
(149.1010967893139+122.42436186369571j)
(12.456752491319712-1.6225399114222285j)
(25.4232822178792+6.316100557719473j)
(6.387411300668551-12.268576267784933j)
(14.41879580524744-12.39263282529687j)
(11.611314139078303-3.0172744976352064j)
(1.441985979408613-1.9420783101044474j)
(22.299721046528077-5.148820996903668j)
(8.879133887151694-11.60520050444115j)
(5.5971855695715265-4.442752388863095j)
(-81.1001956014572+33.000749423674165j)
(27.28875050952663-21.571107512552206j)
(6.163224614262752+416.98198591476336j)
(69.06840295652344+28.466996048261574j)
(12.150532748570509+0.8747806434187719j)
(181.87909577547407-19.296740574487377j)
(9.634107044758961-2.063376949182994j)
(20.14320372079715+15.914195021321248j)
(35.14889406046363+34.22936171836723j)
(212.06400981855518+85.27319369154222j)
(14.737040960516516-10.509803179068467j)
(215.53860929568643-269.09879979146774j)
(29.31391085868355-8.087748807301722j)
(128.43029377761295+128.8655579686592j)
(0.168900769648934-3.8543455873335293j)
(8.716396903037468-3.4154951952130412j)
(23.06874696933266-14.233758006412318j)
(15.889513435952042-14.835005901490591j)
(18.573790794029577+0.6559087398696273j)
(7.998595780420898-11.297235057059254j)
(-0.7869471705476729-25.552212764264333j)
(8.798208715551862+0.5523941751825445j)
(43.44108173827954+10.43347610012932j)
(7.66093991144519-4.889971638468796j)
(1.1337818626937397-7.310481417790049j)
(23.928501827490393-1.9741351498438535j)
(23.03006469945294+14.412650485986696j)
(25.714767268094295-13.927093359006557j)
(11.9513980164531+10.294827295754127j)
(-26.33903276828092+20.913502176653648j)
(12.590093829239892+35.079034330119484j)
(14.935076997588299+2.5416793637262938j)
(43.15269288077495-8.913436340357288j)
(12.152593872842353-3.623482159392898j)
(30.550597531154406+0.6249037900337484j)
(27.919035287910237-4.277871677004226j)
(31.219116322443174-4.294296535114864j)
(2.3966727089204842-9.86818840889487j)
(12.260687859224204-2.334009412509938j)
(-4.110348212564921-17.180260860379388j)
(19.706920763623184-3.164313542397338j)
(15.29757039059438-5.888755207304037j)
(8.962617986261076-5.030844451224048j)
(13.6670626436411-8.722338542684277j)
(7.154668314862188-1.0825749110783003j)
(17.319351717536776+7.253339238507201j)
(6.0756220369118505-7.235499314683824j)
(6.171539661551039-7.611900254349856j)
(16.756010247203037+9.033539379942498j)
(9.174337030256543-7.211945299627624j)
(8.97724542990402-6.031477733308622j)
(12.545157465955326+0.5388697782772373j)
(1.4977399399674698+5.346478495927202j)
(8.143106769161037-5.0794693415696655j)
(24.160237229570242-7.799539761248411j)
(4.97188035652157-8.103238282103169j)
(7.391698768626017-5.349859981912554j)
(9.492337038113606-14.049596939211185j)
(10.155595865563345-10.130790793257066j)
(9.457415214283184-5.4533880776206445j)
(-6.057121420742392-7.808975183036146j)
(16.403668212412782-7.725081722634316j)
(6.120289411357646-5.373529581456737j)
(6.090226077492088-8.094071023154969j)
(22.896707486002324-3.2080630961630265j)
(8.450972591627261-4.512863843047932j)
(-1.0455348257602255-13.348721867935142j)
(3.851393089803338-4.911883322569893j)
(10.69909434033397-11.338043319415803j)
(7.621010193702384-4.6033187750530535j)
(12.441706746139676-10.689866206134285j)
(20.25458128771907-11.76742773420728j)
(7.455532386848528-4.482365164786093j)
(7.331775076729914-8.556202497459022j)
(7.860998144528247-2.011182929782659j)
(11.705696499668992-6.56999104521023j)
(16.376426532164384-9.507564225124744j)
(7.435705019278692-6.476403413952174j)
(9.130038009912182-7.737966835282518j)
(6.967833113424784-9.981768728185983j)
(5.044592144179234-9.647557910102764j)
(-4.997727410497356-2.522147797316456j)
(6.779307591462678-5.587725649115537j)
(1.9203498264781684-11.765481495783089j)
(-1.7857559045653102-5.337765802961932j)
(4.388587581067727-11.441915217533108j)
(10.802242308150541-5.05342874203867j)
(11.005859171285087+3.0981837164172212j)
(7.150138364243279-9.191808546625943j)
(8.42550459929849-7.069639040364939j)
(12.067076220357047-14.126684108682237j)
(7.667821277126171-11.184630421190581j)
(-6.298141611700881-6.342755637923779j)
(2.570620030176927-8.965221387199243j)
(6.037819986202913-11.30944842032369j)
(1.7902331090058983-10.98218499358808j)
(4.426430621069844-4.735079070776251j)
(6.291735077180296-9.295829601288043j)
(5.558017246203749-7.631348379069754j)
(8.523490344971357-7.578293589511663j)
(4.359934804040719-9.972649051958381j)
(2.2157972886314656-8.143870474417433j)
(2.1559117988694187-11.008113685460257j)
(3.602957512589578-10.715888361910393j)
(3.9523338680581683-9.138420592293254j)
(3.7565401894420534-8.039086448578681j)
(2.3119577044099575-8.17924128525019j)
(-6.01377372861918-10.709287394257707j)
(3.1897518646247827-2.24377031991971j)
(2.4670936846483227-2.0052622360643113j)
(0.32402595817243884-6.219805366957301j)
(0.6864435870833664-9.044902698459413j)
(0.0925935198458533-15.053872482870378j)
(-0.14724607902444053-6.808601370762235j)
(-1.3976325458019405-6.994673294343944j)
(1.0558643193875088-7.55031536932187j)
(5.601580794506373-8.490859198667913j)
(-1.2153855914535847-5.638936199446936j)
(2.6338158460084133-9.721355032842277j)
(0.6116129404978292-7.842632886271308j)
(0.42527077814490916-7.739808110670768j)
(0.198959089298021-6.909182730895084j)
(0.047068424533768964-7.485279120093853j)
(-0.138284843674439-7.33101545779754j)
(-0.31607415455234794-7.158052251553113j)
(-0.48200692839453096-6.966962309202468j)
(-0.6316358727817849-6.759544822527172j)
(-0.7607947168867454-6.539060599314391j)
(-0.8662246043846636-6.31026150955835j)
(-0.9462657770524917-6.079074933771144j)
(-1.0013860831940125-5.851898592701097j)
(-1.0343011940758766-5.634633873810896j)
(-1.0495673249409643-5.431745784610903j)
(-1.0527503991127813-5.2456646274131415j)
(-1.0494572545479017-5.0766992536187265j)
(-1.044537315074865-4.923407612437875j)
(-1.041634052016934-4.783211660294706j)
(-1.0430922758067405-4.653022178427157j)
(-1.0501118725031588-4.529719958714341j)
(-1.0630106070993706-4.4104445007202004j)
(1.5061709032882051-7.711940510490445j)
(-1.1048407164677325-4.174441012496256j)
(-1.1320835825451643-4.053874853869347j)
(-1.1620271842175836-3.929557487215323j)
(-1.1932844504970617-3.8002799327922783j)
(-1.2242558516627304-3.665082048880174j)
(-1.2531083846154116-3.5232945025823974j)
(-1.2777742004883796-3.3746223882975315j)
(-1.2959920543527168-3.2192591407028446j)
(-1.3054101208050943-3.058009097991851j)
(-1.3037591635244101-2.8923875640602255j)
(-1.2841596710095111-2.9485439037838654j)
(-1.2600505840567189-2.557796089692039j)
(-1.2161590360295544-2.3952832847694263j)
(-1.15801840803485-2.240852313711105j)
(-1.0874173633259734-2.098087077508717j)
(-1.007276892543977-1.9700037517412212j)
(-0.9214298083619505-1.858657943190418j)
(-0.8342538157822719-1.7648529882373576j)
(1.435261597920005-2.096808495370655j)
(-0.6733659731754194-1.626197656409096j)
(-0.606965959050482-1.5764000910412468j)
(-0.5531396526583432-1.5348338196918094j)
(-0.5127598322026695-1.4973938135707698j)
(-0.48546766741424924-1.4600696958271686j)
(-0.46983247745547413-1.4193010248187663j)
(-0.4635994946190612-1.372230254131468j)
(-0.4639734566900854-1.3168426890676896j)
(-0.46789344927258036-1.2520052947081237j)
(-0.4722695442437125-1.1774301272011305j)
(-0.4741687685659326-1.0935925441213439j)
(-0.47095248811042445-1.001631003065769j)
(-0.4603771951729281-0.9032470782388775j)
(-0.44067545447060746-0.8006139734423631j)
(-0.4106337186108845-0.6962911256094436j)
(-0.3696791751012605-0.5931326649605013j)
(-0.31797862856738046-0.4941697597022485j)
(-0.25653848121401196-0.40244337100805944j)
(-0.187277143398315-0.3207682399115642j)
(-0.11302378271949226-0.25142527663872416j)
(-0.037388943267155736-0.1958099662000295j)
(0.03553471013368511-0.15410379019513332j)
(0.10164086110724109-0.12506766498207017j)
(-4.237760762430548+0.013236495916266973j)
(0.20030584272750945-0.09330781578185934j)
(0.27034557320286134+0.0686992296153574j)
(0.2453562727178521-0.06919299146201821j)
(5.622873530477073+6.442457852610371j)
(0.24620960854321916-0.021569537880227682j)
(0.23734631576665183+0.017017344563828432j)
(0.22674813395918977+0.06638643712672752j)
(0.21746467585556387+0.12603549680466639j)
(0.2120629318453509+0.19477884670208737j)
(0.21255657342141798+0.27097631215293755j)
(0.22040931931337002+0.3527173714836651j)
(0.2365738929199165+0.43795154002073433j)
(0.26153678953514686+0.5245722033428465j)
(0.2953499522502308+0.6104695290399886j)
(0.3376406340240962+0.6935713703712235j)
(0.38759980527252674+0.7718914528432649j)
(0.44395820773111627+0.8436024193424732j)
(0.5049681681570405+0.9071467640742832j)
(0.56841784357696+0.9613894929279487j)
(0.6317096402635205+1.0058008642938399j)
(0.6920307208849047+1.0406365547678578j)
(0.746625053163798+1.067061834531266j)
(0.7931421713851636+1.0871573406112436j)
(0.8299967675570693+1.1037597014037535j)
(0.8566454468239951+1.1201348657737111j)
(0.8736938468546461+1.1395418330884128j)
(0.8827946502834625+1.1647903208624393j)
(0.8863653966307505+1.1979009226602908j)
(0.8872099621221965+1.239936666268974j)
(0.888143514570109+1.2910132669867271j)
(18.578404732167744-6.621881021771598j)
(0.8999354140227852+1.4169493396991997j)
(0.91438026621826+1.4888792285021144j)
(0.9360128562169459+1.5643947647641245j)
(0.9653182888510736+1.6416085343392066j)
(1.0023447894044242+1.7186773901780497j)
(1.0467584861746506+1.793862520467928j)
(1.0978851873696565+1.8655715266054507j)
(1.1547387879236843+1.9323968118100323j)
(1.216042206503443+1.993161502851345j)
(1.280251322952611+2.0469795573898453j)
(1.345595281310559+2.0933307030191033j)
(1.410147085242235+2.13214335961693j)
(1.471935361793021+2.1638702825579994j)
(1.5291002118185764+2.1895341653505858j)
(1.5800830665345447+2.2107170990198357j)
(1.623824798600934+2.229472338472767j)
(4.1571823772704715+4.374508419047389j)
(1.6887790006399026+2.269161380656019j)
(1.711485604167939+2.2946919134270414j)
(1.7298115398167981+2.3264614664440377j)
(1.7459407062884869+2.36553397594655j)
(1.7622269843081164+2.4122347640744333j)
(1.7809413574122581+2.4661697076896116j)
(1.804062034662738+2.526327622322513j)
(1.8331295589435403+2.591233176349967j)
(1.8691698748678143+2.659117216299564j)
(1.912674929931535+2.7280795083375864j)
(-12.405606326086367+13.436580294382654j)
(2.0215349560918674+2.8618049299821173j)
(2.0855201325228703+2.9232586285318036j)
(2.1543641777153053+2.9793374896811575j)
(2.2265985356045848+3.0291378994200966j)
(2.300587243593542+3.072150938454904j)
(2.374620422324491+3.108292281671933j)
(2.44701595771731+3.137913905348863j)
(2.516226783595378+3.1617930287086664j)
(2.580948306893185+3.1810941243657247j)
(2.640218014050003+3.197301793120315j)
(2.693497883078283+3.212125452408802j)
(2.147498677446179+3.876872935909171j)
(4.6519942453993215+3.429700371483925j)
(2.8193189706958335+3.2661638824025165j)
(2.8529671378747037+3.2926284358108773j)
(2.885002886898857+3.3251475353736706j)
(2.9173362197447683+3.364116130925424j)
(2.9519400740527604+3.409372282926472j)
(2.990686990808193+3.4601890479902666j)
(3.035183778938267+3.515314997432696j)
(3.086619022897947+3.5730654426035127j)
(3.1456404517176084+3.63146167884028j)
(2.660585648465369+3.3731030827412267j)
(3.285938464819878+3.741895376768418j)
(3.365445182678633+3.7901897022972846j)
(3.4491759616150026+3.8320078333823573j)
(3.535227033116571+3.8666269395835506j)
(3.2745242462422905+4.140660861824584j)
(3.706452816490636+3.9143793878865893j)
(3.7881446828761516+3.928929527694474j)
(3.865466312483551+3.9389003109056158j)
(3.937640798581588+3.9458337446277305j)
(4.004345249606769+3.9513558686240478j)
(4.0656833359616815+3.957058326646604j)
(4.122135017805563+3.9644062864311205j)
(4.174496826678157+3.9746722209686682j)
(4.223822326680806+3.9888900614497222j)
(4.271367475415763+4.007821745788431j)
(4.318540556540283+4.031928053230424j)
(4.366851796876849+4.0613375639818505j)
(4.506745721312088+4.541154625908526j)
(4.473065406070089+4.134708016694096j)
(5.133906017452421+4.437524091089019j)
(4.601338097747517+4.221066078724712j)
(4.676153314406047+4.265176820409058j)
(4.758368992801457+4.307201967701789j)
(4.847343489581585+4.345040956075682j)
(4.941719672052896+4.376857316705759j)
(5.039545255533922+4.401361252874921j)
(5.138522523068581+4.418022885384726j)
(5.236337381646867+4.427151060477017j)
(5.330985364396228+4.4298134424865445j)
(5.421014103181508+4.427626827828j)
(5.809513446456127+5.706502778449397j)
(19.157257145215407-6.066762680746904j)
(3.92483724601102+2.9957669923199832j)
(7.163195472386198+5.81519667876423j)
(7.467211327840741+8.187955299558318j)
(6.521350542057922+4.137781885023563j)
(3.649607367873282+4.2500394509335155j)
(5.044623489908757+6.392643616732244j)
(14.205299597281682+0.6087847516998479j)
(9.26133160496931+3.0708555076703554j)
(5.6591229794155185+4.989319662557602j)
(18.191365686857733-1.1393799639924853j)
(7.988117652505092+7.97709226459856j)
(7.911915828574989+13.701314571124312j)
(-132.31291444452074+73.76555621725579j)
(6.913219935505128+7.728272172618145j)
(6.9735114394024365+8.961653889227595j)
(6.9192142341526015+6.358873787924742j)
(7.635191269337319+5.92554614767958j)
(7.345693410766802+5.420594908636613j)
(20.980042670280344+12.027122163756006j)
(4.9538108695590655+5.467223311770378j)
(10.961376896543424-1.3688550618627513j)
(9.670007242778796+9.359885582197904j)
(10.562599335136582+5.262094018437931j)
(10.09653416459151+7.1848874020676865j)
(17.626180146166078-14.062204894798523j)
(9.393335748579254+2.757966935855135j)
(-0.8373678084770975+28.724062239535j)
(9.09625316859896+5.81165465784393j)
(12.342750178024444+6.14666232180383j)
(2.747450376839789+9.614048881363747j)
(-3.6648133064154838+31.905290110712055j)
(7.630141195878184+7.872760042294036j)
(13.882748568321162+3.0191597477513668j)
(15.21446113314318+14.73608212056831j)
(21.27691549156535+5.501108867499719j)
(9.46384646532154+4.3387095209528495j)
(12.743314350300901+3.7524457115634147j)
(12.445410757066552-1.8521815756624733j)
(-3.4780952140993144+21.630136881245615j)
(13.418324071253448+10.265967656975151j)
(7.023968188525653+1.9757132387336795j)
(14.427319031157598-1.4300636214476607j)
(9.34475001772683+7.575763481787064j)
(6.437480973296532+2.574773991373821j)
(10.326052960393676-0.7114727836540427j)
(13.030528758144774+3.583091704960248j)
(-19.879378427102683-13.015435843253053j)
(10.871273931785797+4.203336075161967j)
(14.461738207279602+0.7553830054837534j)
(-42.25734901871953+41.10939211567597j)
(0.3302223734992459+4.553260171008037j)
(12.523690626892718+3.3821732075240707j)
(-40.80662723293696-55.90384265638174j)
(12.456840957684468+3.9427385928294862j)
(12.268697867611191-4.629240294879339j)
(20.978821173627033+5.1928135679704j)
(12.129141309928556+0.15751663410454952j)
(19.511536033613798-12.355975659905479j)
(0.45288495287380226-16.694452780808824j)
(12.233984221466233+0.6913303449913226j)
(35.945273369955615-11.364937865867105j)
(-282.99451200842685-25.032816546202643j)
(22.89062586242044+1.5832781960396667j)
(15.92968758491539-2.241393715534507j)
(13.365617295440991-0.8327575491536885j)
(17.344649633972473-1.0393051311477481j)
(13.207894505262265+0.941330899713842j)
(44.968326672396294-5.589030103929187j)
(11.813560909217165+1.5477953130877224j)
(5.187137938394699-12.514672716363568j)
(16.6673111211111-2.5056338213543468j)
(15.77589941729351-2.2558212999804472j)
(8.799892375744081+1.4836049904656083j)
(16.860137733790395-5.667349147103154j)
(12.526409910994886-1.293930899406969j)
(27.15027211647961-17.95641290026386j)
(15.988115078192063-3.569006692522386j)
(14.058045788827187-1.9104488682517435j)
(15.890313313515723-11.004042162942497j)
(11.570011679749785-9.357271294466175j)
(16.8895945086754-6.113039501014079j)
(11.723049284273277-16.0970989005687j)
(14.859051293878535-7.905128848648419j)
(11.510269004639744-5.14587281130271j)
(14.37699640336955-6.35871761413594j)
(12.626137396120871-8.7278600885276j)
(-6.794607995545343-2.871567431504709j)
(10.984292554324595-9.707043799082468j)
(12.315134020449934-8.364816851875531j)
(12.76692746880787-6.881700735093391j)
(14.413067030748607-6.72555850844483j)
(13.725956420438559-4.4755048969852425j)
(9.589640326884998-7.005534485283228j)
(13.490098441751165-5.784863520767379j)
(12.348379939503785-15.609071978661225j)
(-1.6789496298193356-15.696898482852006j)
(12.265788557453606-9.45280195006214j)
(20.61548822673353-14.976573089328069j)
(9.590030972693354-12.805022047005432j)
(13.57439341463738-11.814038170709363j)
(7.994756941732607-12.23756506492874j)
(-1.104927073716912-10.669831696401786j)
(10.729354955135054-7.773249908128189j)
(10.984444918736392-11.070448776007714j)
(11.950827728408635-7.502151202760941j)
(11.739031058946836-8.762286475061385j)
(8.336507802411559-10.983694814580991j)
(14.451804700724248-6.925390352750143j)
(14.256781842602196-14.39997568005816j)
(2.9061080535889228-5.423228861592328j)
(13.40703580042079-11.421557909698935j)
(10.353042052098635-6.630050690276789j)
(12.422740684696446-6.561840295765718j)
(10.012796364665732-8.793220461135586j)
(6.962137742951689-8.769187281442628j)
(9.92085690060076-10.533445970921294j)
(4.350519033784181+0.6449549069191195j)
(9.119371883686066-6.690122434539534j)
(2.745594258503623-14.000861255094362j)
(-0.5137695128022179-4.497927591163689j)
(7.7133185162318245-7.18334011239273j)
(12.105376477647052-6.734815334651765j)
(6.637227482648291-6.376210372022986j)
(5.627088431883412-8.697046783330276j)
(4.591253964721166-8.736480174627168j)
(4.02690024058536-7.6080332048648245j)
(-1.4044555205118077-14.464047499035049j)
(3.7834398347951517-13.616625704739347j)
(7.979372070976353-7.069234438930426j)
(6.255901064817053-4.542819224645723j)
(5.566643611104584-7.027511109169072j)
(6.895825189642635-7.828224515810115j)
(8.804394526422836+2.5085426628559935j)
(6.499163110650832-7.3980999120907915j)
(8.548663591605433-19.497233084669844j)
(7.593641646675711-6.971266687104139j)
(6.67602756948037-9.406397230983904j)
(1.0878792674745288-9.883030249180594j)
(5.21059835283224-5.3704105903766575j)
(0.9648206955267088-7.53912677262343j)
(4.177956153335069-10.363889504072981j)
(6.200071027321685-11.767564700970174j)
(4.2056534327932855-6.710021863510034j)
(3.742045298753164-7.013908203368439j)
(5.5342105530624535-7.151515970031289j)
(3.145784303006007-12.497901635154804j)
(4.612189139897195-6.950155862784751j)
(-2.7212301340524307-13.856494978295641j)
(-3.8303158844301444-3.8661553900835672j)
(3.985714671318441-13.79397282043238j)
(1.9280193228043696-7.217743919429224j)
(-12.319423911724007-53.301267795223524j)
(4.078675761094715-5.9174585665466415j)
(5.870657946366735-6.45911314869869j)
(3.728903924648114-9.766657085687376j)
(6.156980373277581-8.406097108163943j)
(4.280821778554373-7.023574925814539j)
(0.8327233193435546-8.020287732414781j)
(-2.7700835741809344-2.4331239473302606j)
(2.0882476533884398-8.01189099083011j)
(3.7639557994743855-9.993212156822326j)
(3.6062519926498195-6.0237423756870125j)
(2.346398201863668-5.8286241312006455j)
(0.07466035187157735-6.444324719191189j)
(3.514057240565235-6.1197025939611205j)
(-0.09007445631157214-8.84367196467894j)
(-0.4661112138776001-11.134137821828602j)
(1.2237267848569562-5.4114056174282945j)
(0.5072837952240649-7.143762221642194j)
(0.5497367651225772-5.921227547740242j)
(3.6102310821613672-6.861974565706688j)
(1.6589703000904361-7.028987895768513j)
(1.774130187537774-4.775851110728509j)
(1.1450507642527137-5.287869207809523j)
(2.539214372329324-5.912246929982954j)
(0.7433313104151495-6.168187595791011j)
(31.853137083575294-44.28450650684663j)
(-4.709299644125237-1.729448217063815j)
(1.2794879246603283-5.463754370234774j)
(0.7152240554977546-3.175834003224211j)
(0.9509342627757121-6.240778064385553j)
(2.1028220933423905-7.277966302472214j)
(-1.3322738847572069-4.799774826695832j)
(1.4648791209059244-4.8034263639361585j)
(0.6407113803826019-5.1560917895847345j)
(0.32590505286535953-6.085867123561804j)
(0.8075600667591513-4.746469988417814j)
(1.076888321461382-3.3635863705236053j)
(3.0901387904327215-3.1207338944487883j)
(0.18176576029701963-7.540799445598583j)
(0.09899099268365155-5.871433678390959j)
(19.11968715047801-0.6574315632357219j)
(-3.40609794842863-5.786976760295491j)
(0.8321635096940206-5.777426364962616j)
(4.201456878526582-5.513878066092729j)
(-1.1056551571721058-4.956535917861028j)
(1.208032731180196-4.260169623019695j)
(0.5395642605497764-4.178080590319964j)
(0.8604920064859914-4.141216341577863j)
(0.4702799370484646-7.327728586627995j)
(1.7641117778208868-5.761916845829767j)
(21.78089204608197+5.163837068313433j)
(0.9265389885953444-4.040284356483073j)
(1.1671259870129391-3.213458480350476j)
(-0.17081540107857277-4.243655416030709j)
(1.7926234699662762-11.723457464322944j)
(-1.51337725303077-2.597836064367092j)
(0.913478699403376-4.107157202121391j)
(-3.164202842240195-3.4214120251110813j)
(-0.15630692693060105-3.9857731938371557j)
(0.2537572769278828-3.3708531282735716j)
(-0.3192476684893046-4.095931359966874j)
(-0.40746773040568135-4.401472153150762j)
(-1.1286877804657633-6.092247745903659j)
(-0.5362919755109726-3.529568259986669j)
(-0.6375480703613675-2.723100392477143j)
(-1.1738475024741541-3.8990689917398496j)
(-1.99786950317685-3.9771587498163092j)
(-1.01221757284969-3.315799431600139j)
(-0.42426750295268395-5.783784420372511j)
(-1.2832500485103049-3.218384960180863j)
(0.18652830493705522-2.4906952393276787j)
(-0.9414351540385664-2.7598796617422154j)
(-6.510386266090895-4.039524607618207j)
(-1.5079326799167014-1.4614921395074805j)
(-0.9853390615636417-2.0618167033209116j)
(-0.49627015654703854-2.6605610334156045j)
(0.34464910675805516-2.687585647423605j)
(1.7647989439320015-2.36365723154577j)
(-0.2440140384658373-1.857662640332145j)
(-0.3611194160547281-2.745828031635867j)
(-0.886122934341533-2.460844878182071j)
(-0.46989069166740793-1.481487798838716j)
(-0.46560380497131987-1.41413851507883j)
(-3.7248489436371335-1.8081472846899214j)
(0.3900112872963402-2.059837018695231j)
(-0.7944671285005537-1.9375078044868221j)
(-1.5330848660026741-1.0565194245369878j)
(-4.091555450091863+3.25972503604993j)
(-0.8619367830003043-1.2238594747730625j)
(1.7085235775262222-4.708588991168335j)
(1.519593250994801+12.290081284334324j)
(6.144891316316699-3.07656257954535j)
(-0.5760627650097113-0.5636918443060366j)
(-0.5687512367440509-0.44683258824974564j)
(-0.5517855125825277-0.3282873206870415j)
(-0.5249806858015684-0.21020947882128502j)
(-0.48871482883747625-0.09462976386370053j)
(-0.4438260191938207+0.016679069128751996j)
(-0.3914889383564227+0.12228360450413898j)
(3.626602116483733-1.7453304539154826j)
(-0.2701371923494144+0.31250753961628186j)
(-0.2041446685606545+0.3960923493649311j)
(-0.13660227204588715+0.4718446733306875j)
(-0.0689159392871775+0.5400069929149024j)
(-0.002379452838316032+0.6010650109681951j)
(0.06185048949048921+0.6557211971407366j)
(0.12277816121127455+0.7048734383184251j)
(0.17959591143587617+0.7495960538677789j)
(0.23171711127258457+0.7911187712108937j)
(0.2788153989153825+0.8307980453053234j)
(0.32086789100377977+0.8700745565808363j)
(0.3581966560073495+0.9104112687533332j)
(0.39149916050531797+0.9532086467935722j)
(0.4218554766437607+0.9996980056079288j)
(0.450699170457863+1.0508204493029096j)
(0.4797415521371934+1.107106446517334j)
(0.5108463519304938+1.1685775164855439j)
(0.5458632887773059+1.2346937031484257j)
(0.5864415930414504+1.3043658796373063j)
(0.6338537708775903+1.3760400365391074j)
(0.688861372429438+1.4478444433093374j)
(0.751646521913279+1.517775443497872j)
(0.8218178118935078+1.5838892927241528j)
(0.8984823397359998+1.6444687311470625j)
(0.980363033777395+1.6981426027140805j)
(1.0659354129307799+1.7439503778694192j)
(1.1535604455691544+1.7813559050099028j)
(1.2415974965435832+1.8102227784335279j)
(1.328490004852612+1.8307665210106912j)
(1.412823859523702+1.8434974114161249j)
(1.4933631934908826+1.849164092163343j)
(1.569070453607109+1.848703763973623j)
(1.6391177358698128+1.843200886909385j)
(1.702895246377316+1.8338533387047926j)
(1.7600209587447209+1.821942987504811j)
(1.8103534518536264+1.8088065094088315j)
(1.8540077046089989+1.795801912260458j)
(1.8913713919159953+1.7842665969718787j)
(1.9231170990268622+1.7754639729938702j)
(1.9502041122208815+1.7705177519674475j)
(1.97386248956663+1.7703360833704391j)
(1.9955525283784092+1.7755314225382213j)
(3.6524602171287044-2.275921757675923j)
(2.0395721959654596+1.8025939808736375j)
(2.0652046734949563+1.8236375730478953j)
(2.0952171372918538+1.848400724877445j)
(2.8967688365209843+1.9214736532955614j)
(2.1723487122203085+1.9030102134705547j)
(2.2203081165474896+1.9292797894538365j)
(2.2742449967754923+1.9524031444493222j)
(2.3333357436144495+1.9707056910929766j)
(2.3963500090805328+1.9827993487360114j)
(2.461754569216908+1.9876721429616608j)
(2.527831356516258+1.9847395648817248j)
(2.5927960228110565+1.973859463193184j)
(2.654906931133038+1.9553164391202127j)
(2.7125587119624153+1.9297834740336597j)
(2.7643582413845347+1.8982682313719403j)
(2.8091834242470015+1.8620499350425461j)
(-0.37643565247543825+3.2235225370488854j)
(2.875022425927894+1.7815640801228074j)
(2.2331901296381393-0.48285566763485316j)
(2.907816372501697+1.701312275587578j)
(2.9126819349086306+1.6653188216356534j)
(2.9110009471222145+1.633991902917104j)
(2.9039986169454917+1.6084867441466608j)
(2.8931321915248813+1.5896605187282586j)
(3.482866408134385+1.8397756870498378j)
(2.7629049077799563+0.1629188661838403j)
(2.5765186242829676+3.863034987017936j)
(2.8440969403354575+1.585561007011702j)
(2.8384779797975463+1.6000698932455477j)
(2.8381362763762+1.6186353705095802j)
(2.8438637639817648+1.6396894877754709j)
(2.8560592692819458+1.6615041574386233j)
(2.874694919442219+1.6822851299405808j)
(2.8993038332323327+1.7002731728395954j)
(2.928990577142169+1.7138483117388503j)
(2.96246551709369+1.7216327681365593j)
(2.998103874084997+1.7225876858616915j)
(3.0340296772998383+1.7160978166138057j)
(3.0682235333727776+1.7020371986523377j)
(3.098650915305947+1.6808079290335125j)
(3.1234044917278756+1.6533440313566181j)
(3.1408502444087065+1.6210738531005435j)
(3.149763601290923+1.5858378850542012j)
(3.149439730143376+1.5497643628339621j)
(3.139762683004997+1.5151117264179588j)
(2.3132445619095123+4.69646974381513j)
(3.0948719117882906+1.4587055066023427j)
(3.0622383877736423+1.4405763074192517j)
(3.025184718575252+1.4308579762157732j)
(2.9857556985834965+1.4301678893202934j)
(2.94601949545073+1.4385832499435667j)
(2.8308414935869153+1.4798188402246875j)
(2.873191159893134+1.4806193633417648j)
(2.843223030153115+1.512221913739618j)
(2.819073498634374+1.549091357638095j)
(2.801426873865882+1.5897009320399158j)
(2.7906083543918903+1.6324809434288379j)
(2.7866074890866224+1.6758891156761764j)
(3.565681960308344-2.8726215175502916j)
(39.77972108642977+0.8547619948581524j)
(2.8110264660090984+1.7959576565358355j)
(2.8285722958866684+1.828724332388567j)
(2.848937054590355+1.8564291125824561j)
(2.8707428873235297+1.8785847831742482j)
(2.8924997203560108+1.8950076867077228j)
(2.912660876020228+1.9058598534590048j)
(-9.273584074050511+4.32065971948327j)
(2.942211587613773+1.9134331567384377j)
(2.9490338846438147+1.9124411705705782j)
(2.949379284986191+1.910384720089366j)
(2.942954094690707+1.9091623442742487j)
(2.930038091905523+1.9107321118826337j)
(2.9114977766895143+1.9169132965010862j)
(2.8887176563025454+1.929187113185283j)
(2.8975513625963996+2.6941781186750045j)
(2.8376338864781143+1.9753569050638013j)
(2.8131469971172263+2.0094578930784692j)
(2.791657891571718+2.0501406497540695j)
(2.7744808381708204+2.096333005905056j)
(2.7625201227937386+2.14674394554485j)
(2.7562719383889838+2.200008871599311j)
(2.7558702110803215+2.254805551767261j)
(2.7611559949819826+2.309932816374719j)
(2.771752739191651+2.364353616694119j)
(2.787135153727958+2.417209617855948j)
(2.806685060517014+2.4678164336941313j)
(2.829732119684049+2.515648128589387j)
(2.8555802875230727+2.560317974988301j)
(2.883522511018219+2.601560563530248j)
(2.912846940525427+2.6392186798217776j)
(11.238924114280278+15.983820331548163j)
(2.972778099339874+2.703663572530797j)
(3.001948132734078+2.7306587441276147j)
(3.0296407199632234+2.7545101341442266j)
(3.0551803030596987+2.7756499875995537j)
(3.07795879326045+2.7946693313465545j)
(3.0974850808477585+2.8123209874788797j)
(3.113444661922544+2.829502420551054j)
(3.125759750686025+2.84721079018179j)
(3.134635039833608+2.866467765394104j)
(3.1405723123678855+2.888220539851115j)
(3.1443411600533393+2.9132356184271306j)
(3.146903690091213+2.942008762948634j)
(3.1493051066854996+2.9747135501265736j)
(3.152553341021354+3.0112011915214265j)
(3.1575139536814865+3.0510493483261576j)
(3.164840069589732+3.0936443392877684j)
(3.174944831154276+3.138274854083306j)
(3.1880117192249684+3.18421724331519j)
(3.204030573292727+3.230799824021036j)
(3.2228453918456497+3.2774421512042546j)
(-8.349309392814707-16.561811276121418j)
(3.2677916060872474+3.3691237249461112j)
(23.518763346444885-11.786813307774922j)
(3.3203196867701896+3.45670767282009j)
(3.348585986738958+3.498534910640082j)
(3.377755658501631+3.5389449592638567j)
(3.407520031558127+3.577910977437533j)
(3.4375790987027104+3.6154398428043213j)
(3.467636881368166+3.6515693887158593j)
(3.497396970822753+3.686369906559152j)
(3.5265598169837244+3.719949651492581j)
(3.5548234236340366+3.752463705890787j)
(-32.70690559971331+82.20461409670054j)
(4.53612518140388+6.034964266928884j)
(4.5063721578057505+3.8858996194287623j)
(5.103007745022726+3.8936025085427146j)
(8.373691563222268-0.7389733312756519j)
(10.047971294769843-180.7765931875878j)
(3.5717522830034385+2.4997809050970767j)
(2.3222373004128714+4.204926306445784j)
(3.937129371871386+4.900561457390863j)
(27.659610943170932+23.49485878814283j)
(3.852537377086405+4.540156940366568j)
(3.8363042296707692+4.318613177903846j)
(-9.118979492734358+7.3636346791457274j)
(3.185555883884487+3.7824566465201483j)
(5.891934731165344+24.889233310909834j)
(5.779047005126012+1.2890611413088406j)
(5.759605574480823+1.4923312466097405j)
(4.162413039852162+8.337604982793478j)
(9.19830174343388+7.472169431742388j)
(3.2228745206422516+5.088841523050752j)
(3.8203859844688766+6.484319984640792j)
(5.30473242679357+34.719909013211236j)
(7.819191442496112+16.28647482530017j)
(4.1418570528346725+4.783194900786043j)
(7.560953442764144+8.089256342295593j)
(4.969383875868058+5.086191813573019j)
(147.2144263185493-1.50043668234589j)
(3.751964341880043+4.579958498167549j)
(6.804660458636407+4.7702573894710945j)
(9.50223776283624+8.865261968121908j)
(4.144322582939069+5.896562422320512j)
(5.285051770085723+5.720270459742797j)
(4.590024880762995+4.343117129911227j)
(10.228494529291112+15.270410738529682j)
(10.821032745655664+4.69021422352019j)
(5.488498950597715+8.292943509326859j)
(11.921721946829257+11.994691985387279j)
(11.630046924669369+10.079033131991396j)
(0.42073024984518964+17.85118592821676j)
(6.763938991704648+6.427700570154876j)
(8.474048125496791+8.140736350007817j)
(8.11720844894199+11.126041181464648j)
(-1.7946706719329246+7.4230505992265385j)
(7.042025363903096+6.382334310207617j)
(3.9252361779439124+7.469522188796451j)
(8.840915499334544+8.819489508952548j)
(6.373822123559103+5.781746941671331j)
(5.397950086148018+7.664522446841614j)
(5.218178315036809+7.784076372910463j)
(5.413599367308354+7.621363456444317j)
(8.137257359096717+5.214900270110093j)
(5.330637100668179+9.322980663737576j)
(2.228788874705785-7.358325020278719j)
(-1.2270213632331202+13.286452557656363j)
(6.2919362278591775+9.837767386326183j)
(-4.408447062531465+11.902147091402814j)
(5.633341955541916+9.440397819670224j)
(5.878169272127896+10.126344508965015j)
(5.7364358506410635+9.910854806497918j)
(5.075659173159894+10.892401225362464j)
(8.461344257606655+10.762411419252595j)
(3.7891192944132728+11.902184491089253j)
(4.787010960989611+8.117290278849401j)
(-4.457869239712962+2.6496405528274947j)
(6.564779040402765+9.366570091102016j)
(-54.24251240287591-40.190749555752305j)
(-47.5557358458881-0.373359624922359j)
(12.054436430527526+16.370976626444413j)
(4.869201538548782+8.456880740727764j)
(7.14330252328429+15.521178386014554j)
(9.218808499586201+13.257733065676849j)
(5.577288018528442+15.114136964499181j)
(17.727200257653884+20.256996995867954j)
(46.16464101487242+13.177314807213712j)
(9.840592553398809+41.74872522949706j)
(12.101109351632344+25.150747803939307j)
(18.392755129550892+26.530665872148344j)
(13.913114326911314+22.638007496037805j)
(7.856812715576941+26.141355057616714j)
(13.214312390862949+19.261023407366125j)
(8.032166297481222+29.99778235872128j)
(91.27816672121274-152.5321409926011j)
(17.497564421165404+16.40959994785035j)
(6.590056554866758+30.730731913553626j)
(16.3995756863627+22.345924823521514j)
(11.959377378229073+16.129895639262802j)
(29.569766638330847+6.952511182719204j)
(18.154421849390467+14.054764161800192j)
(134.88125539675633+24.672494084133476j)
(40.44860303527869-50.24330470418416j)
(42.660901387280425+12.659807305946346j)
(43.15818238372708-10.044789993425013j)
(40.809711167784116-108.54204775371878j)
(66.2904512345221-10.853809008491806j)
(37.189075798063854+28.073796691874506j)
(54.57365962109495+2.2700914374120864j)
(21.64288759896181-27.049015199125378j)
(29.820702624295677-17.570091011124607j)
(35.44990237638872-26.422275234415565j)
(27.519951943925264-15.91236990281651j)
(25.871372160638813-42.46670874826273j)
(9.228717100890192-11.312287778805473j)
(15.281642609933558-10.606993157423947j)
(-142.41785476218976+488.0815544122055j)
(12.582159663274409-14.778564657035279j)
(21.572962900859036-18.539236133359694j)
(39.44805845214094-76.47614621275622j)
(-177.33511231973068-77.47689302165354j)
(5.8815034595925075-20.552735238548095j)
(21.27853117502931-34.54485208876782j)
(15.81814479577606-28.017257004677568j)
(0.5158444010531429-19.01417888199034j)
(29.530590633448355-27.004697955420628j)
(1.8036637765571986-16.65691124357327j)
(10.092816964976858-26.871368862605788j)
(3.7542303786212874-10.015535000610361j)
(10.873900011829287-18.237381814555835j)
(19.346830023999647-6.589466201619334j)
(5.368664207480164-15.36521762770436j)
(10.461810233640657-13.945923029412258j)
(7.486829385463636-12.671030952510517j)
(8.44774568184359-11.130251114494428j)
(21.53818954317272-56.48132883810834j)
(-1.0895575171642304-7.142111935266756j)
(8.801045551094884-14.095221209954557j)
(8.652397752990108-15.169622749476126j)
(10.27818164713836-32.720830676463386j)
(0.7433886820055243-11.952350413025105j)
(10.859258562595564-17.80404466101748j)
(3.102164864210005-10.871647930940355j)
(1.9903115995129865-11.13454706994493j)
(3.518715155693918-8.86949359972375j)
(4.9075507589151695-5.980212128525994j)
(37.81314099138705+18.623454071042097j)
(8.345833662346866-10.51081464357377j)
(3.9935011418043196-8.796851184281113j)
(4.350163530920904-8.074337670513893j)
(3.7706521965641056-15.824933970435104j)
(9.647714068169499-9.608323531617463j)
(-183.01511659922187+8.783803005154166j)
(4.157145245340004-9.25171770274482j)
(5.960686519592812-11.891929539932033j)
(-12.787012702410307-15.302654625623042j)
(8.491920394093182-11.77008657721865j)
(3.627100821184487-10.01228065488984j)
(1.5104241487532875-4.907191341798043j)
(-22.030163354791615-5.983032423729906j)
(14.773614408902942-8.718581283643449j)
(2.670998299676871-7.29025942559052j)
(29.665369518597487+1.994359429722636j)
(5.866482595138486-5.640484581037307j)
(7.252084183536423-11.0259525874723j)
(-0.3671942057277812-16.140498343393794j)
(2.9361333898340995-8.016636029821646j)
(1.661183906703812-7.855210600857949j)
(1.3774598685340478-7.136465651835831j)
(5.071997962677121-5.973195725788563j)
(2.3828859420718405-6.423128843573676j)
(2.657809413460472-5.576638731949209j)
(2.523002161997626-6.892207524253125j)
(-4.640665419231657-6.57321358175496j)
(2.0790285358790968-7.902777047952846j)
(2.404097600083548-5.851515886242798j)
(-0.745258874152523-5.664261794597906j)
(1.4149973109589036-5.394160573856033j)
(1.7708861684357708-6.977488575970113j)
(3.2505248281935883-5.878301824243359j)
(2.4225134529213648-4.217928775899886j)
(3.6346706166290335-3.247658263029747j)
(3.2564227356075777-5.282101156647885j)
(3.176634550784045-5.028628201377318j)
(1.7597155659297934-4.006483363463157j)
(23.00401290024384-32.34528467396576j)
(1.7159648218905688-5.514523115751409j)
(6.454441982117408-6.163693063093961j)
(4.005454980998127-8.282645126114348j)
(2.6604654606737337-5.828444778551934j)
(-1.7635618957894574-6.844694679571075j)
(2.232708108018858-5.5174095983198015j)
(6.150587013097763+7.1565904508029625j)
(2.7666330225115945-4.871096717445145j)
(2.8602754718698042-5.220528471852842j)
(1.2158704935222489-6.887627173631261j)
(2.7280504128293397-18.0776429679978j)
(-5.725126178267265-2.5547055208767393j)
(1.050462438653764-6.150569454602054j)
(2.2751716407919047-4.1456263705966645j)
(2.559922816719985-5.176678411021926j)
(2.0646871657251404-4.575695901922949j)
(0.7396735686652169-4.594836182943204j)
(2.0811158942885415-5.618997922263923j)
(7.0860594972864455+1.3398836371703102j)
(-15.94229592842885-5.248031737217708j)
(1.6169496493813684-3.480168407631647j)
(27.983313057095-20.780334858108336j)
(-32.82142804793884+457.3343945522945j)
(0.9286500544504951-5.093413619188178j)
(-0.5472707621895146-2.685842785560444j)
(1.3147646653472607-5.51263755152231j)
(3.445213151015642-1.101664844761885j)
(2.2914715639740004-4.791518453893898j)
(-1.9314594517501298-2.0023861218080063j)
(6.671979669730778-2.690423216335863j)
(5.071611269165007-2.94175081966323j)
(10.006078243028615-8.969908313876491j)
(0.6200665988314115-3.9175118037851138j)
(-4.126293093497479-10.418760517746328j)
(0.37950147386455446-0.9557437833552499j)
(-0.11519687768313565-3.6860988354170687j)
(0.04757750238823127-3.680069987332684j)
(0.12966938982778034-4.204211849303686j)
(6.014091147801595-7.865499658775234j)
(-0.38735654378431555-4.955799023700294j)
(1.268233974248177-3.89507494292872j)
(2.8467141417928516-4.100645560668454j)
(1.0909553300695076-3.4117122285497485j)
(0.26072236467002313-4.717947012636257j)
(1.0128348149331012-3.3391697111924072j)
(0.48422928164447315-3.7955740688580364j)
(-0.03172500508195062-3.888065760666744j)
(0.8052665436490781-3.8714236677401583j)
(0.29399399371932267-3.461897397319158j)
(-0.7838903033775613-3.4637583085993855j)
(7.732481712544582+0.46100768247145746j)
(0.66312754700816-2.6742292598672264j)
(-0.005743956064332248-2.7730490487749426j)
(-7.290533668767045-11.305290017002571j)
(0.7095193536661447-3.736636714513269j)
(-0.1921322878493308-5.204379212256325j)
(-4.317285773224643-5.055221975125153j)
(-1.7774337176787394-2.75808231342429j)
(0.6119298277787323-2.6659312197157408j)
(0.717181383438495-4.87684170033072j)
(-0.6775731607505571-3.2112981468571458j)
(0.6021471059482628-2.236319431798289j)
(-8.350264566872408-3.002817067243388j)
(1.9119174425701655-3.467781493912084j)
(1.048505638626401-4.956529602134884j)
(3.773098976631698-6.47113495365065j)
(-0.18310172156865964-2.378298606294344j)
(2.734490719842683-2.432535956415949j)
(-2.0718636835624267-4.649407047499868j)
(-0.9616591425436317-2.117352522297883j)
(-2.2884894669156095-3.0324808241714987j)
(-0.8001694850036736-1.6918805415913287j)
(-0.42395666648746605-3.9474063962698067j)
(0.09655169168094731-2.267169054117799j)
(-2.8364765455409002+0.9930513012147814j)
(-0.19958142638235507-1.6153208926913394j)
(0.35999106202619807-1.807387095645332j)
(-1.1369518972966102-2.0036962930657114j)
(0.44003661133343186-1.701502821780156j)
(-0.11475421767001494-2.6205072261397864j)
(-0.4198441179049369-2.0236339563721355j)
(-0.5383164168636532-1.8948895516910018j)
(1.6387441817013164-1.530872181591555j)
(-0.3264533351053529-1.7938912494372103j)
(0.6590774539413281-1.4144221075324084j)
(7.937970561248761-13.346492107647498j)
(2.0455667607990002-3.7714436622962992j)
(-5.740913363981817+0.4833123410140659j)
(-0.3558590853722113-1.4131484218299004j)
(-17.657053559837877-35.68137414514953j)
(-2.059875524120736+1.0277349844386157j)
(-0.061643106129675176-5.675362931336496j)
(-0.3673857880626865-0.4964097081342226j)
(-0.3580594502184977-0.4130060798305686j)
(-0.34591151133483916-0.33054900654935737j)
(-0.33121216420248467-0.24927190042046812j)
(-0.31424891957190115-0.16933008621291418j)
(-0.29530630073984226-0.09080553289144323j)
(-0.27464938652067467-0.013716248332399428j)
(-0.25251195770532225+0.06197145130771338j)
(-0.2290893230282168+0.1363295122754929j)
(-0.204535379851359+0.20945498638120738j)
(-2.3356002758221557-2.2676424654565093j)
(-0.15244780427942006+0.3524528218645497j)
(-0.1250314981538114+0.42254830888347317j)
(-0.09672883739148197+0.49184440224158804j)
(-0.06753270118709893+0.5604278173276294j)
(-0.03741970710684227+0.6283706319203268j)
(-0.006355054942456916+0.6957300930072483j)
(0.025703476085571348+0.7625494797779057j)
(0.058802496520839416+0.8288596845701369j)
(0.09299099196831233+0.894681195005174j)
(0.12831932033286436+0.960026178298357j)
(0.1648391674506979+1.02490037832223j)
(-0.809808593693614+6.499937347144375j)
(0.24167227973836058+1.1532350826867863j)
(0.28210580022998666+1.2166837789817126j)
(0.3239750011489154+1.2796362631088276j)
(0.36735850041117746+1.3420693463659534j)
(0.4123436402710255+1.403947325938447j)
(0.45902509338007913+1.46521774728187j)
(0.5075015790354692+1.5258073404239256j)
(-0.5964751678285263-1.554854466666872j)
(0.6102227085329683+1.6445307168346632j)
(0.6646331715716459+1.7023968119546167j)
(0.7211572067824393+1.7590518755935485j)
(0.7798247787027435+1.814316580440725j)
(0.8406386686072064+1.8680046397019316j)
(0.9035749589155418+1.9199297283660133j)
(0.9685857081175909+1.9699113797166892j)
(1.0356030924962514+2.017779198501759j)
(13.573954805714914+8.39711127857484j)
(1.1753155158602246+2.106554089591933j)
(1.2478171831606204+2.1471828131991852j)
(1.3219457191430013+2.185138243830396j)
(1.3975961465989997+2.2203050382093905j)
(1.474662990115409+2.2525730502090857j)
(1.553040483586406+2.2818348534968185j)
(1.6326221123029085+2.307983459413626j)
(1.7132996182686282+2.3309102867432476j)
(1.7949615542905186+2.3505033955833716j)
(1.877491423653264+2.366645981781982j)
(1.960765396430209+2.3792151374787878j)
(2.04464955635279+2.388080913719408j)
(2.128996608384308+2.3931057706348495j)
(2.213641972482498+2.394144567888206j)
(2.2983992117979675+2.391045330994344j)
(6.800218698446234-0.13363178357889613j)
(-0.06807131538098601+5.1979113712004485j)
(2.5510367929056934+2.35534763496796j)
(2.63374839231252+2.3341408354736055j)
(2.715118772170225+2.308062789903063j)
(2.7947188703609784+2.2770296958615774j)
(2.8720712107398234+2.2410105948215313j)
(2.946657825519073+2.200045097800054j)
(3.0179351405270096+2.1542602595585376j)
(3.085356163419677+2.1038835296783094j)
(3.1483987813338916+2.0492482679621458j)
(3.206597087627994+1.9907887421264685j)
(3.2595709819525696+1.9290230835408533j)
(3.3070485642435274+1.8645252031449633j)
(3.3488766489058963+1.7978894826271676j)
(4.149671964710332+0.4392337627846318j)
(3.4155298516131483+1.6604696367458738j)
(3.4405467440624578+1.5906771228089283j)
(3.460241423453488+1.5206991634403406j)
(3.474801196218531+1.4508420488913207j)
(3.4844046628081804+1.3813466869774922j)
(3.489207061212219+1.3124040958330632j)
(3.4893331218433303+1.244171722716997j)
(3.4848758325794225+1.176787821906019j)
(3.475898871887346+1.1103824123628938j)
(3.462440466280268+1.0450845168270042j)
(-2.109457799271401-5.700314852819805j)
(3.4221238815284476+0.9183449938450285j)
(3.3952366570998103+0.8571847575487478j)
(3.3638061496579743+0.7976987564963006j)
(3.3277541292525434+0.7400541803395337j)
(3.286966746798808+0.6844408782667127j)
(3.2412883767656555+0.6310851199223478j)
(3.1905177231514172+0.5802694531080268j)
(3.134408927255452+0.5323592103674412j)
(3.072681214191726+0.48783542490093884j)
(2.849127659871802+6.0569543016409595j)
(2.9312240883199228+0.4116776962974638j)
(2.8510541834376952+0.3819238476397584j)
(2.764534558277875+0.3593684324362849j)
(2.6719576093802964+0.34554146688320114j)
(2.574031920743081+0.34214760236643305j)
(2.4720046182145214+0.35094645949140285j)
(2.3677481248295043+0.37356435724588355j)
(2.2637718616100684+0.411247878278464j)
(2.1631221695831817+0.464594388051547j)
(2.069153568634062+0.5333187003431101j)
(1.9851909459296797+0.6161254050604036j)
(1.914143886171591+0.7107410483729975j)
(1.8581612590129868+0.8141184936023109j)
(1.8184094814645935+0.922772616687883j)
(1.7950204688020663+1.0331666449913468j)
(2.467285587616299+0.5286478020599586j)
(1.7934640737008187+1.2467558875629492j)
(1.811881851657705+1.3452161366766882j)
(1.8403538140490014+1.4360702707118362j)
(1.8767988018571655+1.5185389962429503j)
(1.9192900678132896+1.5923191172095876j)
(1.9661272024882077+1.657458682498373j)
(2.015860160693719+1.7142431909068339j)
(2.067281130890521+1.7631028277672571j)
(2.119397994597833+1.8045432160839552j)
(2.1713995960461507+1.8390978428016431j)
(2.2226195340963457+1.867298444806639j)
(2.2725023922597907+1.8896592973323232j)
(2.3205743915443224+1.906671791086672j)
(2.366419278373682+1.9188064160602647j)
(-1.0140654602442485+3.746155690942981j)
(2.449943773732271+1.9302667007926089j)
(2.4869377563934045+1.9305114846305895j)
(2.5203235467413583+1.9277453636232165j)
(2.5498028810783993+1.9225011976737494j)
(2.57510790445877+1.9153689565368006j)
(2.596018980089538+1.907008686242725j)
(2.6123900024628846+1.8981588194107293j)
(2.624180837767939+1.8896367355062276j)
(2.631495276771832+1.8823278861657051j)
(5.193981525816415+1.2894087365271925j)
(2.6340660804443448+1.8750571886691172j)
(2.630583095738824+1.8768797589934239j)
(3.252263929247549+2.2670590711423486j)
(3.494593857384995+2.0404978837413665j)
(2.613616199448173+1.9117992954597287j)
(2.6102928125137757+1.9337576522392728j)
(2.6104706606060812+1.9601991214304335j)
(2.615348105104404+1.9901516714949428j)
(2.6258272047096534+2.022345736362945j)
(2.6424384977700437+2.055323616121953j)
(2.665313078868212+2.0875657139211468j)
(2.6942024683018495+2.1176115551514125j)
(2.7285365684642224+2.1441572603851204j)
(2.7675039065646905+2.1661190448604084j)
(2.8101374255813063+2.182661141732094j)
(2.8553922708160493+2.193193509855325j)
(2.9022072267156647+2.197348455673737j)
(2.9495466745694965+2.194946000618898j)
(2.996423921888524+2.185956445045108j)
(3.041909116511137+2.1704662720873755j)
(3.0851259176056494+2.1486511872895333j)
(3.125241121752263+2.1207581862735716j)
(3.161451009237247+2.0870972235242817j)
(3.192967639450902+2.0480422460103695j)
(3.219007895844877+2.0040408821729794j)
(3.2387878457147377+1.9556317414787583j)
(3.251524926484912+1.9034678966409901j)
(3.2564505083423745+1.8483445335732354j)
(3.2528353506348058+1.791227850820792j)
(3.2400301308332424+1.7332810288638278j)
(3.217522279993362+1.6758815470024622j)
(3.1850084850008176+1.620622563519454j)
(6.496612471772236+4.100156542116064j)
(3.090307095592096+1.5238072056880176j)
(3.029327289515736+1.4861413122012677j)
(2.9608914136914+1.4581709554420363j)
(2.8868775906208164+1.4415229104314375j)
(2.8096394691454605+1.437395364113738j)
(2.7318865350191044+1.4463942528269518j)
(2.6565010972714767+1.4684132682098243j)
(2.5863127118106917+1.5025844955043315j)
(2.523863049483766+1.547314601909744j)
(2.471198533416933+1.6004038757400965j)
(2.429722273991656+1.6592278101178892j)
(2.4001227279528163+1.720949211177022j)
(2.3823791131742627+1.782726424567262j)
(2.375828675088405+1.8418898313361618j)
(2.3792723628387225+1.896070776032324j)
(2.391094255008925+1.9432800277043794j)
(2.4093745582474075+1.9819431793842732j)
(2.431983450686245+2.0109064349176964j)
(2.456650967781192+2.0294281339119706j)
(-3.2523125149792316+18.963376446792452j)
(2.4481447060276844+2.514559997145949j)
(2.5191218720176325+2.021013622413082j)
(2.52798029569519+1.9985701436805767j)
(2.5268756303962965+1.9683521523475047j)
(2.513643313985557+1.9324197424692278j)
(2.4864691924512567+1.8934475729607751j)
(2.444101146677452+1.854709634019836j)
(2.386093914532998+1.8199761890986823j)
(2.3130454756473258+1.7932925544058498j)
(2.226760747045922+1.7786314368609633j)
(2.1302691270639045+1.779449632162825j)
(2.0276400848528757+1.7982261972254945j)
(1.9235902527053457+1.8360918672914783j)
(1.8229431129262081+1.8926556729148214j)
(1.730058590073781+1.96608605540084j)
(-12.320491004628089-21.3971164375737j)
(1.9437214740616273+2.2519419756621275j)
(1.526206905911392+2.25520602314989j)
(1.4866059930126694+2.362316355920853j)
(1.4603298829973708+2.4693784808985657j)
(12.564304972552026-3.654249798413179j)
(2.1444650479390948+1.7842809225651244j)
(2.2840145880534575+4.197293995887079j)
(0.4494111106970872+1.187855971230373j)
(1.4756217124297684+6.784939506675726j)
(0.6698285659458953+7.350460029845338j)
(5.805896139260534+13.290922451723217j)
(2.325685046008442+2.9123127452910977j)
(1.6313268827558782+3.2988089447137314j)
(1.456714090300281+3.351756384934219j)
(1.3639291644524838+2.6868414316227645j)
(12.681445880033463+25.83947856461204j)
(1.472522399018176+3.56094789410164j)
(1.9826622916452588+4.104359463111216j)
(2.630596534443185+3.6884599319538918j)
(2.792680475196945+6.0015334032505985j)
(-17.813379454700282-48.82964351151569j)
(1.2561826880131826+3.987256761681273j)
(7.803559575987823+0.31220438449723764j)
(1.2888725331255597+6.657535424519263j)
(2.6148606519020783+3.199993043358797j)
(-1.9812870280568762+6.578626733925469j)
(1.3847710064477388+4.024666652898333j)
(3.676607879105172+6.847865820903544j)
(2.0871122180836634+3.8350697665884286j)
(10.409028939998752+12.628631699193903j)
(2.101356773186002+5.7087128265928575j)
(-2.393280757739308+5.164132498167922j)
(-23.381584356254987+14.367099329530605j)
(1.7862835852132568+3.6683491907352206j)
(1.4290807986480987+3.2389625365743213j)
(0.609209442649023+2.8822221081293717j)
(2.1008064858648487+3.538899215141715j)
(-18.74190968748488-23.441739380448954j)
(0.4600985188889268+2.8172588726747723j)
(25.720818598062852+4.457599953508295j)
(1.8470462272446884+5.016440299687746j)
(5.738947446190449+10.068199810802529j)
(20.364867416414725-4.4201234489417045j)
(0.05862741683227935+7.289979752710143j)
(0.9184584440375524+13.795061915877062j)
(-0.7149255720508746+5.405496387682479j)
(1.1354587105568554+12.406650827598309j)
(-0.8985954897246743+4.075896153139913j)
(-3.1998997207590207+20.151713553818237j)
(0.7063281100491905+3.857481909866575j)
(2.8195751736412666+4.458911502869176j)
(3.0632010809778687-1.744088529201983j)
(0.6754104525957997+6.735230558066352j)
(54.90410280878511+15.489477351285203j)
(-15.760835832359893+24.596360496988826j)
(2.1125298545677227+5.752275100869918j)
(1.1414795263585027+5.3701734264138405j)
(1.3142731604446696+5.801979729265533j)
(3.7180122976376966+0.6350186178093284j)
(2.6883755716080686+4.013067956447236j)
(9.383000367712166+12.189971484178015j)
(1.0834070701030267+5.64789984372207j)
(-0.24163857834240005+6.298193896027039j)
(2.91517610487428+2.5797507612847577j)
(2.763584088329299+7.731335017995184j)
(-12.316062891349764+3.369162818548234j)
(4.151671307157117+7.706025550716661j)
(2.5140201976111367+12.264709832811414j)
(-29.30465028291638-9.70309375521333j)
(2.066022099324491+6.60803883274747j)
(-1.2485160976731082+3.9107774426255206j)
(0.7201405141792114+6.08010988181751j)
(-6.237466755222086+5.273889219479242j)
(0.9091253762902072+7.262233822561099j)
(-0.2977013509022703+7.062750584803453j)
(8.019440333319178+18.536153802286062j)
(-3.9460413092757123+2.704393552883999j)
(67.25002908195925+49.56468150498985j)
(-12.138102441775507+7.840911815250802j)
(-4.0906580089811975+4.996823923829165j)
(7.709359011188069+17.87978502788224j)
(0.06151981184322629+7.982662951217839j)
(-1.7878498506689564+5.888127228036456j)
(2.8712031010348373+1.6235813513288115j)
(-23.40015364301461-5.773692936700886j)
(-4.065766673659001+2.968769268890611j)
(-13.03628556159652-11.13925224097144j)
(-2.678102500904094+8.676854178075116j)
(-1.8691025741828704+3.252127555825772j)
(-8.04780854950436+15.412899410262288j)
(13.921896250400614+56.22862700886581j)
(2.624227162849096+8.046104610996661j)
(-3.79048669303307+6.988221186598445j)
(-0.03605564438803826+18.840308438526915j)
(-4.32306093896976+9.57977002021258j)
(-6.382411264906189+11.739497410145761j)
(-10.532205735108617+9.031517891887226j)
(-4.709745960707814+8.947391940855896j)
(4.479628515987084+14.577878364715572j)
(-2.0852412622090757+5.06395730332882j)
(-7.900043647747058+2.0474155553834583j)
(-8.956081282162296+11.705987240552671j)
(-9.843870940366331+13.399155818677682j)
(-8.623985748086087+10.165830375986033j)
(-14.642796366736356+0.9996924786118522j)
(-13.766146638798977+13.21055804764268j)
(-14.968259417333135+12.119312581085605j)
(-16.092116425756128+25.41848164995484j)
(-20.353280649599643+18.364431671671014j)
(-19.32970254512365+15.98563818896234j)
(18.761945494154798+65.5794095422769j)
(-25.466572748034977+14.134308046312109j)
(-34.95711816010304+57.402551866788265j)
(20.76477850984938+30.83737955729418j)
(-36.13326307296286+8.14181981337602j)
(-71.75827603592832+52.06669027240757j)
(-77.12536617380482+12.039853513464596j)
(-9.875547031823437-38.93899576130195j)
(-54.19151316761996+6.085336024617612j)
(-120.37407891776498-116.51297197997827j)
(-6.463014790138693-19.79065903541294j)
(-29.59466765754981+22.91375279147786j)
(-13.287761889486838-0.1824316012442986j)
(11.756357600568998-22.3181849574171j)
(-1.6139511738943813-0.02458903907823868j)
(-6.433852787027133-34.347892296394235j)
(-5.7726444647036805-14.907329488995021j)
(16.129984080232074-41.81791392897715j)
(-1.2416568702207318+56.11315545801019j)
(-14.598670040182522-14.114056400308579j)
(-4.848611702383761-23.022180474586605j)
(1.1753684307573407-13.029418207088598j)
(-29.382346644564276-30.469720433902214j)
(0.5076112166307855-20.986415647283728j)
(4.381128147689039-107.46877745465021j)
(6.839882796801572-21.774181526137312j)
(17.601156067415282-37.03848194832406j)
(4.501894837583025-16.692663027960226j)
(16.95744136798068-13.155625623472949j)
(-9.47891162613721-27.280670769051024j)
(4.8223733320444735-14.167850266953531j)
(23.048972010804857-5.849314770797329j)
(6.105525678182467-14.983380114373487j)
(40.12652332928181-56.973007730001136j)
(6.222324908560413-15.900495611023086j)
(12.030875704907857-11.83314502540532j)
(16.041667315508704-9.885091235867627j)
(-0.6225679945734318-8.868322902182234j)
(7.939194905843168-6.993333801168111j)
(10.153509966176385-6.997264900596859j)
(15.487375412096355-14.58067206591719j)
(9.277343127703384-10.55565684863077j)
(-58.52631512741754+67.31033800833214j)
(-72.7332435096728+9.669700868502757j)
(8.946743058000648-10.36297907145922j)
(0.8883619976768622-11.19738202604728j)
(4.430734184074678-9.067948616978518j)
(14.451706199445196-6.280088560198984j)
(5.8809818136638485-79.14028806530696j)
(6.329822529307989-6.009570909590761j)
(-2.811615839167038-57.798434664111916j)
(4.738592804968523-11.490810295341221j)
(7.041443645653025-7.674441261479132j)
(8.840572235712337-6.149556893281767j)
(6.520186851960768-1.320832656481316j)
(-40.653157462606075-48.34802278459438j)
(-0.8826281753825616-7.071545865891324j)
(4.866787304342418-8.785951668379623j)
(10.030669762732712-36.99144601326538j)
(4.914167885399805-9.041516905060888j)
(11.113041745674971-3.8770788829851592j)
(4.596617310643861-10.089280223339909j)
(5.987769785179565-4.014133826135461j)
(27.003899194223443-1.7299078665916912j)
(7.445907076073058-5.197413308024128j)
(5.264697031255113-7.963258789092559j)
(15.766133200931785-4.205973171991372j)
(5.528349167522192-84.07839259196112j)
(15.989995750181777-5.15042769373767j)
(9.102294041238922-5.887961969825208j)
(38.14494420933392-54.844323793971334j)
(2.256273400212297-4.8365799380848244j)
(6.324661105153917-7.3928261485908555j)
(17.198232410840482-10.431533690617332j)
(4.540798233729674-6.1578503978710275j)
(2.6520524323104286-10.755896659219829j)
(-1.9420159562505412-7.0943003060481775j)
(5.753654542567466-7.383937956266437j)
(6.084832588045059-7.325354860592975j)
(10.490279715171873-6.28708448463829j)
(9.048660964383823-5.783703552002185j)
(3.5351134026294573-6.399342445157894j)
(9.772703889151382-2.826094482552413j)
(4.361283856549685-7.471969954136409j)
(0.314136576684562-4.281079183478549j)
(1.6702033694577667-4.75526580946393j)
(4.797927795290845-7.129465631069052j)
(5.996402976442578-7.387195802570772j)
(5.417844759948869-7.373802240985167j)
(6.09145419385315-6.700364219974327j)
(7.814927862782465-5.193016769150661j)
(-8.371464498570765+4.29930594339395j)
(25.000718418577534+11.268939509726122j)
(4.585192141006419-6.676746973324237j)
(4.501204380706026-6.911694556395511j)
(2.025515017171095-6.159547462046854j)
(1.2051691494454542-7.961680391619572j)
(0.8181156696079912-5.347616294952034j)
(0.7715031256621648-5.253983888639669j)
(-1.156386616990402-5.708128217334586j)
(18.3679816423844-16.78494124998032j)
(5.9699218511284435-2.710290474715403j)
(7.202267109442046-4.828504168665434j)
(3.7120754265746863-3.2007382737629917j)
(6.365607327386376-1.6635010297672592j)
(3.502831605646144-2.5401051863560498j)
(6.338252144524725-2.633540323398806j)
(6.882730863471278-2.7393601020456453j)
(27.88043641987998-18.077846444940725j)
(7.263154540004777-2.264135587926125j)
(6.111472150746577-5.522488087960951j)
(6.724724486403743-5.406024430678448j)
(4.813150215282438-5.253053537915641j)
(3.9920864402569713-5.146381081446229j)
(28.368149015172172-7.3191346318384785j)
(3.4981854044838365-0.33466856531475986j)
(4.695472936624787-5.559355610709498j)
(3.8046244872810098-7.146614265707309j)
(15.097392605428006-5.559430125609958j)
(6.319237924141559-6.9554299767934245j)
(3.249474922967137-6.970061111825085j)
(48.93356702671233-159.70825354834074j)
(3.993625686627516-4.98288806964581j)
(-2.200724383328624-21.89691023674209j)
(3.4670617755993685-7.2704282031668015j)
(2.9328650596261214-5.428272248085793j)
(14.213428598194094-12.504701521242545j)
(-3.76140381306322-7.296021609442531j)
(4.191598953705479-7.936363947965329j)
(2.876509981656518-9.272288556474768j)
(0.5422176237064876-7.694185641453057j)
(2.7986534707159207-9.974139657261562j)
(0.7964358466300084-5.775929718336069j)
(1.1750297590293277-7.068271050406646j)
(2.336839650372946-5.040849724085612j)
(-0.5388447537937662-7.607546636726885j)
(1.6913129111454936-6.3191548662392805j)
(-1.8415484722551807-8.320900308931309j)
(-9.187328916078839-10.885550750100705j)
(-0.9446470275181222-5.583219234729868j)
(-5.105227620737795-31.01916558460501j)
(-3.9550942553711153-1.0735760455417673j)
(1.6591144774197284+27.677385776374813j)
(71.06777232451266+65.47521628310936j)
(18.900408296872182+7.0893153189812175j)
(10.545112478891996-8.854051705696033j)
(-37.88981773866816-44.70856535212786j)
(10.133478798173087-6.396366098585494j)
(1.6574887323229257-5.757531660914841j)
(4.465820665295439-7.314080840119855j)
(8.333557030594365-7.39914886985988j)
(5.33446299584661-8.092004014087074j)
(3.4109744213007374-8.595642653258249j)
(5.299000973305727-8.58016711821858j)
(6.238194241407202-15.963126751514725j)
(5.597023800693295-8.350953229238172j)
(4.323689978253833-5.698921036531592j)
(-14.090554612997318+15.363616979738978j)
(12.065478479229153+22.8262427057795j)
(7.358986640558817-3.458259002747841j)
(5.098941115139501-28.913671006241206j)
(2.191676472672825-6.4693669342738644j)
(0.83760333307073-7.260418976241911j)
(2.955799853232789-6.524485989433062j)
(-0.6696831071230435+1.902200713242668j)
(-0.5730148289329323-8.393949761698902j)
(2.2479357587683695-6.725190473621546j)
(-5.113490071198117-6.633987088364083j)
(-3.0239295282611383-7.355032948718595j)
(-3.7227476553406462-10.21794662136745j)
(-1.8264197654268433-7.128058369909807j)
(-2.573584136544209-6.338670920054371j)
(-1.6971283048016925-7.668321498512416j)
(-6.090096970372588-3.611779547895146j)
(-4.131571262359865-6.3690404229088555j)
(1.4318792509686706-15.90162024588054j)
(-3.4321592610940033-6.034885203734969j)
(-5.237452983406333-4.9470123846598595j)
(-5.368136461827235-4.836636156139752j)
(-5.256058077425237-3.1756796739700537j)
(-6.507036752231777-3.8893532984861268j)
(-7.310885334935985-2.3375464504101418j)
(-5.438827981564061-1.3923812074409456j)
(-10.133164472990146+1.1675042941637497j)
(-8.464104528912952+14.15952600346841j)
(-7.950497193221216+11.688535876671564j)
(-1.5903309872076234+19.218044634167416j)
(10.261439445379036+14.71706279039822j)
(15.30510396382115+1.7191940170679907j)
(13.580676661129786-2.5153143449991413j)
(1.1601508395774147-8.190612180457155j)
(7.196412919762629-7.955757774474227j)
(5.274708075197284-7.2997006396655j)
(-0.5427548172825325-10.632036659037707j)
(3.016751331782951-8.365559837817385j)
(1.4648326108255132-5.583640824422859j)
(1.4861968665171157-7.533830482404138j)
(0.879772502191175-7.502885370711608j)
(0.47634492203615547-6.473844002473586j)
(-0.4964345628625045-6.686340417072361j)
(-1.3999586745189523-4.971777552373973j)
(-7.059852728760295-10.819629969454647j)
(-3.5969449823494632-4.629079451325119j)
(-1.8098269209538718-6.2867168449758255j)
(-2.6122508140251535-5.508453679553045j)
(-2.5671240862973206-4.789790020409375j)
(-3.5188237303765675-6.734887601740112j)
(3.4808522964320567-6.9794211891598j)
(-3.8464814290701104-4.253059783298034j)
(-4.357579858275351-3.276378348273131j)
(-4.7018014699576485-1.3363937476882153j)
(-4.943173079514662-2.0538145726851376j)
(-2.875657558767144+0.20773306319168344j)
(-2.9247105689046875+4.779964031642088j)
(-6.666694768455524+0.36210801476182175j)
(-5.1245390411072+0.32494811147534863j)
(-5.31327143806798+0.40554626977185393j)
(-5.7047507723093664+1.321043921621875j)
(-7.080116281614001+1.0010390869327037j)
(-8.22918606018511+5.539737607517238j)
(-7.546336723442789+2.62304538528103j)
(-6.753920403716558+3.2935568755073317j)
(-8.397145221045276+1.9296245405796872j)
(-10.902461241623717+3.521533652272014j)
(-8.456655733366286+5.009306079259984j)
(-6.852932625653055+1.645026265770729j)
(-14.25275440960971+1.6981351359286265j)
(-13.79355833599869+4.313809685574905j)
(-34.85629159981388+30.32309978073432j)
(-8.971651618529625+5.317451115824805j)
(-10.61459343460007+4.2676833364436355j)
(-1.9253902813145551-10.526276162980103j)
(-10.71471535406991-6.133389864804943j)
(-20.766262730868156-8.350477980831727j)
(-20.541849269427246+3.594066711816329j)
(-7.515005547378509+9.402395083050894j)
(32.730953368360744+10.275007276634597j)
(-15.193379871418903-3.1912675200814444j)
(-6.805020865590584-1.5146633701972707j)
(-4.1362780358589735-2.415827834949379j)
(-6.506362438981615-2.5827695664283317j)
(-4.218685492800254-4.600266690123899j)
(-4.0388439524666095-2.9773006063813425j)
(-5.57883545556725-7.835055056743289j)
(-3.230107978620858+1.3696712202605572j)
(-2.0668637349121015+2.8060066018964887j)
(-2.846998760717174-0.33777365495038686j)
(-3.9170517382606387-0.23457766570533473j)
(-0.367565467196748-4.118506507625998j)
(-2.7401870723870414+0.4140144318742844j)
(-2.909212183511082+1.6374760224797102j)
(-1.7779052357433098+0.3615894617658879j)
(-2.9700210618494314+2.7851120234817386j)
(-2.865581893776636+2.9925562104190897j)
(-5.222105475949649+1.124623386579673j)
(-2.5453952199884173+1.5570534553669761j)
(-3.7912444160753602+2.7911466251707604j)
(-10.574167167927657-5.068129440302282j)
(-4.206752018422795+3.784598922305199j)
(-3.438280658549814+3.4349673393514992j)
(-4.250621744400005+3.4083597283836524j)
(-2.758780395509615+3.226112222174769j)
