(0.31205517077238115+0j)
(33.78569778551949-8.604413671122717j)
(26.989457090603114-12.744014495007633j)
(20.557243724013738-12.495090926391027j)
(16.116641237043606-9.721424639562434j)
(13.8416088065941-5.78390967593765j)
(13.67213108225991-1.3733278945314975j)
(15.838532186036625+3.0289791830118027j)
(20.983492436952083+6.485973799592116j)
(29.49339230727243+6.5045000161410735j)
(38.26462311311028-1.0281699500773933j)
(38.7234697467601-14.526947514842094j)
(29.93488950992335-23.32607177636726j)
(20.39353019240151-24.379768421198104j)
(13.901478917185077-21.61768852016657j)
(10.199787333744755-17.744664550406103j)
(8.511706332166039-13.734180615432264j)
(8.427931047653678-9.880355585654684j)
(9.943557216407422-6.390090039142598j)
(13.353769814876683-3.825695009250858j)
(18.728039250567704-3.7054508208800905j)
(24.003502355423095-8.358696327405001j)
(24.050505894154927-16.663404594737543j)
(18.20791858117167-22.12593253848336j)
(11.708638379859797-22.58392319377355j)
(7.178515683297477-20.448984797291942j)
(4.529066301736071-17.55746293972348j)
(3.227384921294797-14.60265533135949j)
(-2.765671236605022+13.65088969912876j)
(3.6198384717147007-9.212513299955118j)
(5.354232143386272-7.109010996681687j)
(8.273451979149248-6.133781160413985j)
(11.756133508301984-7.5396427882125066j)
(13.334781164601447-11.787303987518095j)
(11.017206057586888-15.985062156580966j)
(6.920608552959158-17.29929545485204j)
(11.198476939571156+11.976670165380659j)
(1.3705941067761425-14.510725634266112j)
(0.1740366218126906-12.464128737501868j)
(-0.311314811260242-10.448977756906462j)
(-0.20298181741398133-8.542734708510881j)
(0.5108823579097614-6.824580816598984j)
(1.9249174173293087-5.512981411075861j)
(4.024214617969379-5.138828334503315j)
(6.106548099678293-6.455378538914038j)
(6.504649691893041-9.20094856061496j)
(4.671794471943582-11.320286916441706j)
(2.18059490792081-11.65806873115359j)
(0.2292697212066681-10.802178947658797j)
(-1.0048732560457059-9.478538765621792j)
(-1.6676710736634814-8.038362845841144j)
(-1.8878396511293722-6.608421794422976j)
(-1.713987458724152-5.240141023905705j)
(-1.1190357109499613-4.000990885033832j)
(-0.035682731773595044-3.0666457384319497j)
(1.4906433737754206-2.8268283632176985j)
(2.9096727097435835-3.754970521716317j)
(3.1276355043898767-5.551404990083257j)
(1.912255727612623-6.866463196525508j)
(0.2833875031556572-7.024853268823053j)
(-1.0123172141946055-6.393516191914284j)
(-1.8439402075667612-5.425450627899961j)
(-2.287936436217113-4.352508386579858j)
(-2.4177214501487225-3.266028853444619j)
(-2.2570821173992965-2.2083620017483314j)
(-1.7793074431743974-1.235560277161859j)
(-0.9327969185805417-0.4845702078952478j)
(0.24476252504945295-0.24644186402342821j)
(1.3501313260940633-0.8620090612862287j)
(1.60337389570236-2.123851631638494j)
(0.8089954586196597-3.0881373413026965j)
(-0.3450104407554445-3.2336064412614056j)
(-1.3026207874742526-2.7744720678523027j)
(-1.9336410374471082-2.0299563150511215j)
(-2.2744072072807766-1.1783453586492918j)
(-2.3706698745478167-0.29598367208425247j)
(-2.235494069229689+0.5792847102253074j)
(-1.8447289244266134+1.4001305702045963j)
(3.6638987183176663+12.993030252941244j)
(-0.19270750703675857+2.3216902174152616j)
(0.7419157723334929+1.923047575719145j)
(1.0494416193479699+0.9885986155825575j)
(0.5287112916483879+0.22086902743963743j)
(-0.3346334569311334+0.06879832312373549j)
(-1.0902567985968923+0.4156752921764984j)
(-1.6041449146070355+1.0215435917106974j)
(-1.8873620954013073+1.7390680618696677j)
(-1.968875293665826+2.5003948878589255j)
(-1.855387789375969+3.270446341933537j)
(-1.5242645181055254+4.007629709646682j)
(-0.9373862455539337+4.619617217381936j)
(-0.11190786901172865+4.916528105961544j)
(0.7121075722987622+4.671240242240559j)
(1.0499085545767233+3.9677306785804283j)
(0.7093271908404625+3.3560936742968352j)
(0.04916403456709073+3.2242138491655457j)
(-0.5597267459754768+3.5132265413717145j)
(-0.9870062517951376+4.039696998048324j)
(-1.2274384389906938+4.681084228903894j)
(-1.2975489286331467+5.377388212852137j)
(-1.1982648335186108+6.096254892174181j)
(-0.9056830041829557+6.799143562979926j)
(-0.38557979094728206+7.403040490271553j)
(0.34535893234893195+7.7403575847289785j)
(1.0757794313234395+7.62140746189056j)
(1.4052404354375967+7.128628079424494j)
(1.6823930959683548+3.9345716769823316j)
(0.7057502366989384+6.661002350681501j)
(0.243841137734839+6.955607621086248j)
(-0.08718179950506776+7.456832477038133j)
(-0.27396816083048786+8.070912999955851j)
(-0.32252261609187605+8.749968751959473j)
(-0.22724936858743947+9.466814668209814j)
(0.0373441682903185+10.186703886710259j)
(0.5034502410474112+10.83127954907121j)
(1.1435524594936788+11.251085206842838j)
(1.7564554809791786+11.311917329889063j)
(2.0451902374689137+11.133434076459029j)
(1.963743297815753+11.045448919402311j)
(1.71881802784218+11.220923335708484j)
(1.485024961361357+11.62802260838401j)
(1.328328912501911+12.188700535365596j)
(1.2602716143673314+12.850460039228864j)
(1.2814960127426454+13.588445156274151j)
(1.401516812152823+14.391261891803682j)
(1.64605689998071+15.241160682005004j)
(2.0443348103443806+16.085881532814355j)
(2.939509770449433+15.950894012974437j)
(-3.800908928454297+13.847804673457315j)
(2.9507528810131682+18.799705277325327j)
(3.5308691980331184+21.596852999202945j)
(6.017370964793126+22.4831402346218j)
(6.890453345308007+21.09190391912036j)
(8.933719532695912+21.79250373255884j)
(-1.727768007028593+38.525150136320846j)
(10.56903747563066+24.077642303358523j)
(10.418001839038961+27.902327982140804j)
(-26.974509725505065+39.527836280377976j)
(-8.286465232143751-16.608280627162497j)
(8.20076564094872+30.32984215439896j)
(17.092127326214708+36.49541837632591j)
(15.430954592316057+31.795295225264297j)
(19.450536118698675+40.85276138988278j)
(26.16631666171147+32.96262655931049j)
(-43.32228187452478-6.511645714946492j)
(29.259427305198123+46.00758838036259j)
(-16.404906680042473+11.803725689466427j)
(-122.22203788008794+7.005322151906245j)
(11.427208630052652-88.12617865915139j)
(23.458372512723088+47.60513446698514j)
(41.23746227139146+34.69787616485786j)
(35.235564184569725+13.839486690520793j)
(67.50318834352062+55.36299516339228j)
(57.89742594193801+56.87740198440826j)
(78.8033591962283+59.141596561704j)
(153.07689166354072-68.06050374350873j)
(60.85050078862805+6.314562471347806j)
(60.745854346166105-19.982461305969736j)
(71.92552676137157-17.126108356541152j)
(66.79176343204094-14.6960045471682j)
(60.3699248659226-0.45332092945627644j)
(76.27418003469819-1.3894119910817877j)
(-23.279144974304746+232.36327783185158j)
(59.73189501786252-22.58474272099743j)
(52.211075813473165-41.3643855754648j)
(42.23370184069866-53.67048977129311j)
(53.022634869563525-25.76872481561005j)
(4.76887778541966-75.25099614647195j)
(29.274485143262062-19.16976847110879j)
(34.73132973658826-28.858787940857948j)
(21.51673971155943-19.7641697100882j)
(11.84059745677988-48.642161655277015j)
(38.330645861559326-100.9249500392088j)
(22.146806932779654-32.06643545806416j)
(19.1966901346603-34.56911814528069j)
(0.7980529022292463-1.8067690065474948j)
(14.169162969025166-44.03232462898035j)
(16.327995500902162-32.47285410391131j)
(-7.427690557712239-19.399601094205703j)
(10.26396923042291-26.580583066949814j)
(13.493732147631873-29.410528459865894j)
(10.991849577825302-23.816681432933464j)
(9.602506576968738-33.42455690127437j)
(11.416227095539407-23.131429493257645j)
(12.270934082103828-21.133937521955666j)
(23.099106362919066-28.081371370617607j)
(7.166534027066378-9.724853174835355j)
(11.229325702408664-23.532844251365447j)
(4.326648882109224-14.035722388501705j)
(6.197664440966733-23.670971256633806j)
(6.701155501937407-17.638448535569427j)
(6.863398155148133-14.093027109961042j)
(5.38247405852318-17.003532700957773j)
(8.761238718571462-14.95682644670531j)
(5.684999874403179-14.66038181493471j)
(9.287026642303466-17.156376967939195j)
(12.130083355650322-25.112076086988118j)
(4.618630411663306-14.828804038889654j)
(7.289443969465262-15.109191327336946j)
(-2.11439669798133-15.066441781237868j)
(6.32968481920134-14.036988946053409j)
(1.3968482390546706-15.602527194656282j)
(3.4492346021520297-16.57929230530555j)
(3.9767652119186048-12.751664596042898j)
(4.66169246445372-12.576369357739114j)
(1.768805652973949-9.622784163387776j)
(5.602842691689979-12.030670152847383j)
(4.185990392417953-5.616839974028146j)
(5.544752956953018-13.171625977210704j)
(2.780860996078242-12.79224827281232j)
(2.4254501565194166-10.991449479654749j)
(6.803855901700927-16.8472100120134j)
(3.245597055536039-16.555546670082173j)
(5.499075902208864-13.317323468792567j)
(3.5019624990310074-10.128204339462492j)
(6.631084541928617-6.790603167706555j)
(1.6401738256418892-11.435711199524448j)
(-178.93318815241264-54.864856961891995j)
(0.24131911917279972-6.934070844438935j)
(3.542104354593539-8.264897577055569j)
(4.426869642669813-16.63524874519648j)
(2.0894164419398042-12.893429954288816j)
(3.8566704286099136-9.318324177256981j)
(-0.5773472864481471-9.124868880231233j)
(5.866414168018839-9.747537132080492j)
(3.0321369414389503-8.816707672448011j)
(2.920376301104684-8.59213505003816j)
(2.86280697445231-8.344137603128102j)
(2.863305707649161-8.093708974406853j)
(2.922197938313399-7.862792442265764j)
(3.0327095950911587-7.677609722734299j)
(3.1720906037431855-7.56617681125491j)
(3.2949091117353837-7.542847996339581j)
(3.3470886013459573-7.584725690250187j)
(3.304382817975149-7.6317581270946295j)
(3.192644592429775-7.626974146123891j)
(3.061482812755251-7.551026029447554j)
(2.9500582285827552-7.416614161051581j)
(2.8777260811030283-7.247038043820324j)
(2.850454558229125-7.06393593660826j)
(2.86793962610559-6.885342825548947j)
(2.9264160798534333-6.727937561133508j)
(3.017078573855549-6.609140032431507j)
(3.1212799133262257-6.5454983076462545j)
(3.2070351650016438-6.543533382954484j)
(3.2374350397057503-6.585257181978812j)
(3.1955047400958145-6.626526102346895j)
(3.1014208012750872-6.62333631069098j)
(2.996235713072011-6.560517421533157j)
(2.9131860697560734-6.450943199829007j)
(2.867189218156059-6.31735610686552j)
(2.8599765623864593-6.180149406035316j)
(2.887040848646599-6.054833731528689j)
(2.9408384167054464-5.95362025813367j)
(3.0104760033649636-5.8868314500690575j)
(3.079575647147388-5.861707469239365j)
(3.1255082057022507-5.877051905190974j)
(3.1255879368401525-5.915691609307961j)
(3.0723317266004324-5.944792859301271j)
(2.9843760848403673-5.933285653718211j)
(2.8954905102524386-5.872555049942301j)
(2.832226104925-5.776965483060628j)
(2.8041716531822876-5.668769516258293j)
(2.8083925929733615-5.566554178150858j)
(2.8363975723396715-5.482549149907424j)
(2.877781058882508-5.4240448637050775j)
(2.920849666257766-5.394717131101267j)
(2.9521831337886635-5.394133773105563j)
(2.9574323605347344-5.415233772494471j)
(2.9258863585328174-5.441669686216388j)
(2.8588207816871267-5.450186781148152j)
(2.7742815612111786-5.4220499650418725j)
(2.698795693138063-5.35586224456199j)
(2.6513158862115938-5.267403111387128j)
(2.6355460344812287-5.177468613440762j)
(2.6440568127216966-5.101593795627009j)
(2.665324509859292-5.047591188837477j)
(2.6878108439736352-5.017287702331822j)
(2.7011552733057567-5.008389394236169j)
(2.6964187357124785-5.015058473302111j)
(2.667041139182866-5.027523781768901j)
(2.611466698515274-5.032176462775567j)
(2.5367206951102754-5.014518326310705j)
(2.459175619513494-4.966130664405687j)
(2.398153416926443-4.891472425647564j)
(2.365120765778032-4.806674330835999j)
(2.358336889485698-4.729943546060902j)
(2.3668200621005644-4.672777144500496j)
(2.377493911461548-4.637968916552967j)
(2.3796221611557153-4.622091026143374j)
(2.366033147061133-4.618356238032867j)
(2.333039844788406-4.618260597216981j)
(2.280545365904773-4.6123608450021045j)
(2.212803902059551-4.591241887290191j)
(2.1392159056379456-4.547779143508209j)
(2.0733154480702924-4.480916883700294j)
(2.028023026212904-4.398747216117244j)
(2.008554843215096-4.316694315953149j)
(2.008886289102452-4.249899423348625j)
(2.0156136430623004-4.205676732902677j)
(2.0153221093730114-4.181973222071545j)
(1.9993717719899975-4.17087285959536j)
(1.9646821268124623-4.162721052574095j)
(1.9125918265285893-4.148553249306143j)
(1.8477078833166043-4.121092246291472j)
(1.777316688565266-4.075391382935576j)
(1.46042325443292-4.117728606888878j)
(1.6588386474744388-3.9284554623029746j)
(1.6288491236638027-3.8408102792298138j)
(1.6214708444201666-3.7612299331277033j)
(1.6275804590868304-3.7020182066359055j)
(1.6320981830492094-3.6668312513713532j)
(1.6217313011005017-3.64930047482459j)
(1.590372705300075-3.637642723134955j)
(1.5392686266744964-3.6203439766708327j)
(1.4743176186728402-3.589218436275541j)
(1.4035016915875684-3.5399625519905293j)
(1.3354460234478747-3.4718326530413726j)
(1.2786268773232063-3.387586997265086j)
(1.2402670325725234-3.293900977968245j)
(1.2240913240217322-3.2014892624905533j)
(1.2271390212577087-3.1232507979939435j)
(1.238039172357826-3.0691469219833376j)
(1.2403536640740236-3.039927832360757j)
(1.2207124016528486-3.0254508246943184j)
(1.175342650212978-3.010186474594854j)
(1.1098914723596096-2.980923032585923j)
(1.034744495517287-2.9307312588522505j)
(0.9606916147943251-2.8586990120425613j)
(0.8968665135170103-2.7681597755791882j)
(0.8501790732598716-2.665402711516485j)
(0.8248676077035477-2.5592284075772693j)
(0.8212286152479735-2.460632952262979j)
(0.8334930585721272-2.381207713925821j)
(0.8485274085500103-2.3288994926251996j)
(0.8487017535565946-2.3021273591505267j)
(0.8201753837001631-2.28743873400427j)
(0.7609955481280313-2.2653566536427565j)
(0.6813159412455753-2.2204967748125j)
(0.5964767307703344-2.1472214612414464j)
(0.5201822484982382-2.0484791571835856j)
(0.46170041753960167-1.9319932813535186j)
(0.4259192432430869-1.8074608911979904j)
(0.41390512069345303-1.6854281466427303j)
(0.4226109985642877-1.576846085820286j)
(0.44361217092400856-1.491803656626849j)
(0.4622149506660092-1.4360523538364849j)
(0.4599573136525701-1.4056536442062324j)
(0.422712983317131-1.3841286812491567j)
(0.3501680079549223-1.348138198213367j)
(0.2570835997907467-1.2798359294239676j)
(0.16429316426116017-1.1749493531966277j)
(0.08864727322313093-1.0409335879688895j)
(0.03912670566157999-0.8904970270832585j)
(0.017886134190048-0.7368242867706772j)
(0.022253294193244285-0.591822664332273j)
(0.04555486427534504-0.4657873178100347j)
(0.07668287276081893-0.36654634224063676j)
(0.0997870123049442-0.296701685897467j)
(0.09682166986459327-0.2491824100849639j)
(0.055208362568831264-0.2048609024079987j)
(-0.022673380709422323-0.1382644713418633j)
(-0.11791517804515775-0.030886139747926287j)
(-0.20543269625582414+0.11928992418739018j)
(-0.266492152678276+0.30023802857083914j)
(-0.29342787488971517+0.49478075743056577j)
(-0.2874445079917905+0.6871889615875655j)
(-0.25504842838349173+0.8653576632438237j)
(-0.2060762638382128+1.0208302450844595j)
(-0.15325996812242912+1.1491082571346591j)
(-1.3608198906303006+1.0601534801829313j)
(-0.09641836350309264+1.3376808304775498j)
(-0.11552101906106307+1.4267870782133776j)
(-0.3491531566397908+10.162782505076363j)
(-0.22232928462026053+1.6967397949642855j)
(-0.2671786190912952+1.892855255944454j)
(-0.2810084034748744+2.116863715081798j)
(-0.2573920764422518+2.3511825150313035j)
(-0.1988667660931231+2.5801312231138374j)
(-0.11319163858217307+2.792382160005079j)
(-0.010862165036957375+2.9810660741968293j)
(0.09599827402233135+3.1437412042782222j)
(0.19461403061497606+3.2831818060010587j)
(0.27379986084923236+3.4084898391923897j)
(0.32792159419404343+3.534714187541635j)
(0.3608175194348105+3.679019813010331j)
(0.38612270500257356+3.8539582090419j)
(0.4222688562115377+4.061993083778602j)
(0.48518451436714477+4.295252866404578j)
(0.5835216413001909+4.539884253766382j)
(0.7180683426970643+4.781187179237451j)
(0.8835975395058483+5.006909318174109j)
(1.0710100830638993+5.208659177314224j)
(1.2689839590809475+5.3825222910185495j)
(1.465485533533263+5.529635329610455j)
(1.649812669230075+5.656619784024162j)
(1.815369161178867+5.775047201726961j)
(1.9623595201642798+5.899038381994852j)
(2.0987709897896254+6.041082668462574j)
(2.238429818127598+6.207702904469802j)
(2.396675740608602+6.397181776760075j)
(2.585740119150536+6.600354166769132j)
(2.811757915105889+6.80360840634466j)
(3.0739509274708676+6.992455139649576j)
(3.365411176547535+7.154548891428964j)
(3.5548074587971366+7.435730857260472j)
(3.988372797146959+7.372196161601915j)
(4.293017751524188+7.429597043623229j)
(4.578842042714184+7.463916345977347j)
(4.841946401672437+7.488640625878375j)
(5.08571751122226+7.517535762128077j)
(5.320190845767519+7.5608639320778765j)
(5.559465011933732+7.622410710233521j)
(5.8179510397904455+7.698267502474874j)
(4.615335066307145+7.73321608505635j)
(6.4298628816200525+7.84530652102939j)
(6.784551408046034+7.885191094785524j)
(7.159921504128005+7.884156743741782j)
(7.539994010442256+7.835365412389607j)
(7.907189560759485+7.740214071731753j)
(8.246605446303596+7.608180833670889j)
(8.549668218456475+7.454478053953861j)
(8.816060488419172+7.296202176837738j)
(9.053474485374327+7.148163736252526j)
(9.275500773217765+7.019493524313759j)
(9.498364125774481+6.9116347183059075j)
(9.73718460219852+6.8178838983380095j)
(9.718403838686324+7.431550258301078j)
(10.29593181963978+6.613505895352411j)
(10.610805476298227+6.466995001680393j)
(10.930544971923203+6.272439000995829j)
(11.233685515233022+6.027107475310527j)
(11.49971511735655+5.739682785302193j)
(5.233818485405883-12.07954130831716j)
(11.87681606500641+5.113855243199115j)
(11.992344969762465+4.817169469808232j)
(12.076959383492769+4.551549911453171j)
(12.149790920240344+4.321986689622812j)
(12.22984212207006+4.124358825956525j)
(12.332267339712509+3.9462203428830462j)
(12.464878740476054+3.768812068062891j)
(12.625206236907294+3.5707484424882225j)
(12.79933948143713+3.33362751540011j)
(12.964299007367762+3.0484884585563883j)
(13.094590469712474+2.72028602258677j)
(13.170841435923029+2.367350295323726j)
(13.186314466552222+2.0154075656101047j)
(13.14818742691257+1.6892404530420606j)
(10.771716267860795-2.1686137831786754j)
(11.960608877042691-0.5187872252939311j)
(7.505118013023053+1.9369417378274478j)
(6.630704881892317+0.3129412732794813j)
(18.356789959125255+4.45757947289996j)
(19.773400850390644+10.792867796560733j)
(7.7846706073945215-5.747795424267498j)
(8.554257721340173-4.3635069773217126j)
(10.807735346619827-1.701236132393846j)
(18.808092826209766+0.05029260853488699j)
(17.23255362623088-2.629474735556543j)
(23.5369274544547-0.565707421139744j)
(18.540223711082188-16.61864081714742j)
(23.765498531967733-25.147640805799234j)
(21.255342915965446+4.329229726434128j)
(11.192883169976962-5.706540329518541j)
(18.45838839922524-9.664918288999136j)
(14.790020041575676-6.502901788954638j)
(22.865675356161713-9.936185911914931j)
(10.210008245699674-2.8485109824352857j)
(17.509066679245713-5.413687937808095j)
(33.67678383061261-33.155616313073494j)
(15.8949062832877-17.397619457539694j)
(6.509680699724344-3.2997732270786666j)
(41.399009185352966+10.349557484624919j)
(17.65381352235996-4.393078048423892j)
(10.35678945887582-2.9055791135340505j)
(9.72056198846508-2.299053354806639j)
(5.772232187994991-8.604707652722514j)
(15.53649932325089-1.2250390456378395j)
(13.022231616985582-0.03167101797272326j)
(60.75735430633327-20.662138070440445j)
(16.994965266848144-129.54714416398883j)
(15.210364020687832+1.1080716488861795j)
(9.978619103423854-0.6213114754617508j)
(12.869091232090492-2.0499146117773557j)
(34.02351771916383+174.15766694244374j)
(-6.026792407665702-15.00428002862773j)
(11.158713849768462-4.311210688690236j)
(-16.006774301983864+27.00125956011087j)
(-48.51280795353929+101.84325947528606j)
(14.690595945883006-10.182465053485656j)
(10.566048039202801+0.37976906263895077j)
(102.67363678021569+2.7309234558813453j)
(18.98281822162963-3.1241477957867207j)
(11.468718206655335-0.7211434759913677j)
(11.11204375754693-4.192554131090972j)
(-47.90887951945973-27.26209524130689j)
(-2.275487485216876+1.406488533720459j)
(23.680903372495212+0.07214994794886158j)
(12.01040963239485-5.653791167393027j)
(44.795931771211016-40.21314603291221j)
(7.253531848858447+3.5966849390547506j)
(33.53702850213207+0.35294336450029085j)
(-12.38691554055091+8.818127513021738j)
(9.438513420332283-2.799101045586827j)
(11.749498910668805-11.684171793336212j)
(10.544152859478553+17.74501728803889j)
(13.501538685891619+0.19395669077947517j)
(-44.61159796372679+40.97086165919725j)
(40.16408788298198-39.683586041452145j)
(-49.66636291569788-21.604377251216935j)
(28.919562418147095-11.958686533860984j)
(8.944243466666377-9.913897571219252j)
(18.411737027522157-8.121815490456417j)
(1.5449814330804539-51.06223324241458j)
(10.245796299077742-4.673692652332471j)
(153.70596267930426+99.36749721938364j)
(27.326756235764332-39.026625393342435j)
(-7.744177578018518-34.30246209276508j)
(-0.5610356506194678-25.59602846030337j)
(22.642236667478738-12.97917882785901j)
(2.1101565915769482-35.456756055728256j)
(20.396444508280727-5.635985096372691j)
(-6.650251333458832-12.67964554342255j)
(13.599165281971759-6.6642630713473725j)
(15.851938942498663+7.0951113852285j)
(5.976480424199213-13.667012297140518j)
(53.77206458605556+1.1311911397138004j)
(-58.7984768538973+93.74610833686094j)
(13.82988691138396-12.417596559783375j)
(4.516246228331091-9.812722616253744j)
(12.489071848291033+1.1338197155318857j)
(9.571158174259645-6.854976326270972j)
(228.20004649312398+178.97044520740937j)
(8.31590250072894-5.4495694352607815j)
(-1.1163147952947698-26.78989982005317j)
(20.311223456746443-25.345148081699932j)
(10.083588698131567-4.752748383636987j)
(9.418597755254593+2.6623142283656667j)
(12.553537180500696-8.249691637296591j)
(8.193027343213792-6.485256330001124j)
(5.880615757394358+17.893679269371784j)
(17.008336317197127-1.2122933299606684j)
(4.935127523474646-9.384954643889193j)
(1.2770462419948665-5.90099646567938j)
(12.468310213755604-8.71501304242916j)
(9.501382081743968-12.01897320035823j)
(-90.83419541489289+2.038118632318552j)
(29.3037947834483+3.2179592068377723j)
(2.971329414209742-5.558653578100654j)
(3.070045436203956-8.918385207862915j)
(2.974627358937536-6.056260986353029j)
(10.393631734144597-4.2759982164411365j)
(0.8293026433053273-9.660881740926163j)
(13.831909415409674-3.665069157428407j)
(4.235114275549439-9.019559918596693j)
(-2.5679123284771443-8.604040838376392j)
(11.892378198503463-2.3744489576043684j)
(11.264464224448208-3.293125619939504j)
(10.332252539065912-5.86055455225145j)
(9.67367798398255-4.041177141118j)
(7.167802937624-6.6656618194536765j)
(9.601243957848002-8.474852761325078j)
(2.726262456744533-3.04639511644352j)
(2.5873138487023244-14.054631055535468j)
(5.468211770957791-8.685794440273847j)
(30.270411014000686+10.816150458651952j)
(9.12296993128827-9.169103674494602j)
(19.979875082973997+18.30408033352101j)
(4.7378395162554705-7.605854434296947j)
(-3.774102846930092-13.40457413300139j)
(9.029546926135266-3.397194356760458j)
(5.816180345649235-11.219587829521876j)
(6.498674693392458-6.789154312536283j)
(8.119793340691054-9.5804374303003j)
(5.8231369697970115-6.838902422423197j)
(4.92597844831357-7.026900766038898j)
(3.1047021499674923-8.934415247748001j)
(4.757497665368892-9.891756118611456j)
(1.7154544492304964-15.049773231778806j)
(3.0304069512846503-3.031226313413013j)
(8.193992628072655-9.516976768695507j)
(6.237048533580346-5.279909575847025j)
(9.561732600174988-3.6187249211193606j)
(4.851927034211211-9.734807204385598j)
(8.997700988772804-6.222017377418385j)
(5.05221956804996-8.446711025383216j)
(5.817004198907971-6.562740356165367j)
(8.091848458276235-9.671011674683262j)
(6.263228018982061-11.10579750717997j)
(7.018415331181107-10.40545757090837j)
(5.090213244248336-8.058162102017995j)
(1.995114298964595-8.137395332075421j)
(8.620311172463143-7.649601245776879j)
(7.491630696593798-8.188831148230078j)
(4.727709067357209-3.2683290155031934j)
(2.323667109872781-13.81144729085913j)
(8.237777290492913-12.590241938645942j)
(3.0333648345892628-10.20529838016949j)
(5.9360643512896205-9.230677178050579j)
(1.0223338334546626-10.450807770619504j)
(11.58536205376089-6.3971854076633745j)
(3.823556666421857-5.1221139963702225j)
(-0.3681560405863533-8.00111619729185j)
(46.269159056295344+62.73920942678133j)
(-3.004462817306764-9.481627433417893j)
(3.654993068241014-7.037938439874795j)
(2.0441030104034703-7.597983138528479j)
(1.134026499795338-6.528835370092402j)
(3.570265670042351-11.174680000711271j)
(7.005033369898383-9.396777983556841j)
(1.4620349990924328-7.562189038298026j)
(-0.3618720787046126-6.569187354617174j)
(2.9019480382029395-5.313255489679148j)
(0.004311807819288175-6.686462681633234j)
(0.43283120912364753-7.799195355600527j)
(0.25130956021585293-7.649092370927731j)
(0.08124460096215391-7.479168067049418j)
(-0.07011123664231028-7.293621205723781j)
(-0.19813980700247927-7.0999901833807195j)
(-0.30254384598679546-6.9073071820311025j)
(-0.38754384348812276-6.723390685238128j)
(-0.4603071636172429-6.552612938888312j)
(-0.5285027524714534-6.395205260069804j)
(-0.5982554683275724-6.248067971100026j)
(-0.6731560176381183-6.106252057043771j)
(-0.7541813585176568-5.9643204580789115j)
(-0.8400498920491625-5.817286494551824j)
(-0.9276566187210752-5.661226058943221j)
(-1.0125075582779468-5.493780568865194j)
(-1.0892885046590777-5.314662848186175j)
(-1.152756369072304-5.126050055988011j)
(-1.1989686044206715-4.932532324335544j)
(-1.2265095180389225-4.740291778094002j)
(-1.2371015554361877-4.5555582298162465j)
(-1.2351618725039515-4.382921089770383j)
(-1.226465359061508-4.224263705389837j)
(-1.2165824970704655-4.078690709094338j)
(-1.2097303697835622-3.9432225827225764j)
(-1.2082519203072288-3.813755855397695j)
(-1.2125677994706159-3.6859196639760765j)
(-1.221352277329202-3.5557326283207296j)
(-1.2317966792737491-3.4201381979549508j)
(-1.239980336228481-3.2775074260029027j)
(-1.241455593195159-3.1280886614896555j)
(-1.2321105763543392-2.9742378699982446j)
(-1.209200587387334-2.820192932226509j)
(-1.1722308067675964-2.6712618571388624j)
(-1.1233030417337486-2.5325686057959986j)
(-1.0667191127896212-2.4077651802317823j)
(-1.0079667704058015-2.2981620144290433j)
(-0.9524607928428592-2.2025179118186693j)
(-0.9044251517581372-2.117443943513313j)
(-0.8661455778132302-2.038204922784456j)
(-0.8376538352572049-1.959688220071891j)
(-0.816817115102355-1.8773706988013557j)
(-0.7997861928585752-1.7881635482102827j)
(-0.7817489170213922-1.6910252066003584j)
(-0.7579029624610127-1.587228318860911j)
(-0.7245027069009625-1.4801847509482395j)
(-0.6797757364471576-1.3747951007523187j)
(-0.6244787584001608-1.2763938618462525j)
(-0.20717608499463847-1.5276575146974112j)
(-0.4972112507893452-1.1165768915812226j)
(-0.4363019240145696-1.0574369754291835j)
(-0.3843215695992206-1.0090614736758232j)
(-0.34441453988576815-0.9663833826681858j)
(-0.31699846628626394-0.9235320608884837j)
(-0.29979050716281114-0.8752390214717297j)
(-0.28849803035036253-0.8179773112000452j)
(-0.27789274451475-0.7505771467673086j)
(-0.2629462023731079-0.674276880646068j)
(-0.23979426120112898-0.5923219735782833j)
(-0.2064222299715081-0.509265756544404j)
(-0.1630366033658022-0.4300892950116863j)
(-0.112089332529252-0.3592191084562564j)
(4.936835848321387+0.5437734442307017j)
(-0.005732526443508987-0.2516270364606893j)
(0.039323194584637-0.21339055577798927j)
(0.07381111365398615-0.18052190455108497j)
(0.09679047774812027-0.14757762729622498j)
(0.11002941908733936-0.10943497372163942j)
(0.11737994928868607-0.06255300311496012j)
(0.12366561748376614-0.005642459931971947j)
(0.13352707537467384+0.060329191660366814j)
(0.1505383224162247+0.13260532734825536j)
(0.17668305720688737+0.20732224712410666j)
(0.2121346564008412+0.280235408145433j)
(0.25526656172526807+0.34743615216743656j)
(0.30288702788045013+0.40605601391774315j)
(0.35075906188332934+0.4549085454529675j)
(1.2039065588948041-5.931757793617441j)
(0.43039240570218446+0.5290217486417845j)
(0.45688600332148266+0.5616238043935421j)
(0.474563112763264+0.5973394522071759j)
(0.48615580210103715+0.6398217337447126j)
(0.49564365449268954+0.6909079892718346j)
(0.5071852445077851+0.7503974094132183j)
(0.524215758282181+0.8163649464796564j)
(-2.206625006874169-18.411500162579806j)
(0.5818780515998236+0.9550400859383665j)
(0.6223350207722421+1.0208013065182744j)
(0.668103337097497+1.0802849989955714j)
(0.7160198242771763+1.1318823544377494j)
(0.7624495035533031+1.1755203827978307j)
(0.8040242231191024+1.2128173455519815j)
(0.8384650463468404+1.2468423588810726j)
(0.8652222820655373+1.2814230575293166j)
(0.8856488655541213+1.3201655968709318j)
(0.9026008193332214+1.3655350853437094j)
(0.91963063251525+1.4183290328120592j)
(0.9401020118696793+1.477664910600494j)
(0.9665080517341712+1.5413673068983795j)
(1.0001040804848755+1.6065374463602076j)
(1.0408192444876228+1.6701298640685378j)
(1.0873610729641572+1.7294582867908175j)
(1.1374556344451998+1.7826202531844457j)
(1.1882148108210067+1.828836015773403j)
(1.2366401831127316+1.8686561523673395j)
(1.2802330504647708+1.9039467112767943j)
(1.3175932460038269+1.9375654360021952j)
(1.3488139793881284+1.9727327356876512j)
(1.3754952883928606+2.0122476766214943j)
(1.4003337756966112+2.0578046222962216j)
(1.4264285634121923+2.109639138403772j)
(1.4565489626907384+2.166582021635784j)
(1.4925778560076377+2.226434813244173j)
(1.5352261939450573+2.2864998124217317j)
(1.5840032098532981+2.344117005209851j)
(1.6373785250950388+2.397125157838254j)
(1.7839667433504038+2.2477456366837316j)
(1.7484886132197284+2.4851623132369953j)
(1.8011215989828213+2.5208922406795593j)
(1.849122965686552+2.5533569194262604j)
(1.8916938287772327+2.585171567091423j)
(1.92931848000537+2.6190614302671116j)
(1.9636905567928868+2.6572359347682473j)
(1.99732684089393+2.700869178861916j)
(2.0329722119020612+2.7498452574482863j)
(2.0729734798267834+2.8028325805458794j)
(2.1187928525759214+2.8576364914753087j)
(2.170759922657986+2.9117056807528137j)
(2.228075623837527+2.962658178574242j)
(2.2890243537232156+3.0087265324145323j)
(2.35133005996204+3.049063962274552j)
(2.4125926096948125+3.0838821591401673j)
(2.4707426178967125+3.1144064178784716j)
(2.524447459118675+3.1426471563144163j)
(2.5733938640219516+3.1710106339032413j)
(2.618377248872445+3.201807962555518j)
(2.6611569038340983+3.236759120561866j)
(2.704089598203669+3.27660810697695j)
(2.7496165496179774+3.3209503684992914j)
(2.7997253651420753+3.3683227480490494j)
(2.8555192079611054+3.4165356818973183j)
(2.916995412507621+3.4631628382523836j)
(2.983077341059749+3.506066604228125j)
(3.0518777795094785+3.543837597049231j)
(3.1211197552189396+3.5760577340518034j)
(3.1886135619934124+3.603345601910775j)
(3.2526893930995238+3.6271937943258346j)
(3.312507284573372+3.649647352313506j)
(3.3681990744275225+3.6728937438810902j)
(3.420829614891457+3.6988389285216146j)
(3.4721898803598488+3.728737673527677j)
(3.524453270249604+3.7629370763563856j)
(3.579744132475678+3.8007830639259534j)
(3.6396895301388335+3.840725229928476j)
(3.7050480296692005+3.8806251967193464j)
(3.7755166822134303+3.9182224361786604j)
(3.849788612884547+3.9516517802968876j)
(3.925863111398556+3.979870610173848j)
(4.0015231855401865+4.002872073211624j)
(4.074838505217941+4.0216345071372555j)
(4.144556996208763+4.03784885694023j)
(4.210307519436975+4.053526164853458j)
(4.272608486544597+4.070593078921072j)
(4.332724169079847+4.090549207705252j)
(4.392419804492416+4.114218969693179j)
(4.4536523955439+4.141608042844379j)
(4.518220845138537+4.171876410420452j)
(4.587406272326676+4.203452860023674j)
(4.661664087647481+4.234314352032787j)
(4.7404627781977915+4.26241527896851j)
(4.82236071765591+4.286178882981346j)
(4.905343135351782+4.304898830633386j)
(4.98732905346244+4.318903522882854j)
(5.066676062126947+4.329428043977786j)
(5.142521569622375+4.338263372039154j)
(5.214890931415394+4.347325663736694j)
(5.284603967682859+4.358275135074626j)
(5.3530609084058725+4.372248287472621j)
(3.2175142021418686+4.800039402488381j)
(2.595833898229135+5.553457425623151j)
(5.531878691696389+4.537741419478015j)
(8.939316862763055+2.67922505373984j)
(4.481505936424395+3.2911433374669645j)
(4.134254007632768+6.235958119318345j)
(6.4995265881885285+6.1067099787964585j)
(6.4068651316652945+5.261533327477915j)
(3.1008758548516626+3.1927996831239183j)
(6.795105218934446+4.888216378215682j)
(6.276989336837113+6.005455731294292j)
(7.5513934914203+4.354512967644285j)
(8.445272054843137+8.475583148972605j)
(5.285861379905454+4.042588042849332j)
(5.166199069897828+7.114602619238095j)
(4.211804006646236+7.50754962966937j)
(7.593246843718999+3.7059563476993698j)
(9.099506023180995+11.097262466019721j)
(6.6774330929017935+4.844748424256301j)
(8.685745611066391+5.212671899311702j)
(9.74614955470482+5.628902412760811j)
(1.7752587290735515+8.298953370952326j)
(5.916154232104293+4.366197409033782j)
(7.264062245857438+6.417563196582388j)
(18.513771510989034+15.722661339805228j)
(-8.769358656656934+18.192338872667122j)
(48.41326395822338+38.365240404678985j)
(7.1677971448086115+6.87268167859134j)
(6.268447914059151+6.67564457649839j)
(39.807123997644155-7.947581270304778j)
(8.658789875358913+4.164826558785437j)
(10.194775917512734+14.824268015415015j)
(-5.058718243294319+21.986138089045582j)
(9.379844307586284+4.125412614800309j)
(16.44465340211785+14.728213549079094j)
(11.882026442123527+1.4638439600850897j)
(28.495348823668802+20.312238664838635j)
(48.807509938356816-9.441857861804229j)
(14.394624571050675-0.6730251325244638j)
(-6.6749662619561585+23.07216240363384j)
(55.03366634226541+41.90152080347999j)
(18.608926679740264+4.249628230541627j)
(10.199980911358834+3.9925219707521493j)
(30.51101371422781+2.4672198779340793j)
(7.4477814498444435+6.250568545178078j)
(12.82901727375745+4.090841603108096j)
(12.297863743397881+0.9042762112881378j)
(53.864566957528986+16.28890240065168j)
(15.88894497512513+4.185280087259746j)
(12.606501717397032+3.803882789477369j)
(24.057085852952046+11.251159308627727j)
(16.703398987233836+7.36759873848039j)
(17.030866207437015-5.013681085731672j)
(29.86804774322842+9.819989187223227j)
(13.73208350865078-4.155608604885503j)
(15.445137593038899+2.2509394143654857j)
(11.877824078345695+2.5306687471292486j)
(6.255932412722332+4.95689389272609j)
(12.536037530504688+7.999087942397367j)
(12.056794478846083+0.7476824907264464j)
(17.719178570574627+26.550188773307443j)
(11.350749682793353+7.611853986509989j)
(36.99822303876728+3.646443935111544j)
(16.31077066229233+0.3666975704154713j)
(18.578741161984695-5.721851079067014j)
(18.359144074162447-0.8273361619983025j)
(27.134409372478274+18.739266520698525j)
(19.25729053987668-0.6590571746964239j)
(18.252281483465577-6.507640041052119j)
(14.392638757589944-2.180724988645392j)
(-4.39918000550697+33.15218899119058j)
(24.236765050703774+11.226131986088156j)
(13.839547340225486-1.272496669983889j)
(-1.4731025321881408+2.558292469479366j)
(17.2266569922866-4.016522330910492j)
(17.30456477215547-4.692328657445493j)
(16.33899927959703+3.031973348950648j)
(17.298937338527804-3.4956569683012755j)
(13.103714167210756-5.447692058711519j)
(14.99607913072516-1.3538336602653978j)
(60.97558790680882+41.87166873421127j)
(30.92634534341435-6.645858848328422j)
(-44.16486412346404+30.693755457248727j)
(11.5515792512691-4.06421237618033j)
(10.95574971789821-8.339335446311885j)
(14.476540364063098-6.187718606076139j)
(5.291337043220179-39.11342321549148j)
(13.375405796538795-7.385793536927516j)
(10.246552765285237-8.621676836001903j)
(8.55249114890426-39.809562988224634j)
(12.81693349892447-5.962692283119791j)
(15.35464582762521+0.2853196997039032j)
(8.551494780353718-8.289476705172488j)
(37.63697737530218-17.582047636684344j)
(10.614344302066213-5.542719288755294j)
(22.28896884579628+8.212044207505425j)
(17.264888846415673-8.87910606483609j)
(13.166239332233864-8.963782530383359j)
(13.72893007590737-7.908751709498934j)
(18.31304819069849-16.515511575603014j)
(17.284899825328562-7.21224121056918j)
(10.365328054389039-14.117859191332432j)
(15.233000596558398-16.13045731659727j)
(12.065157324257314-7.870111878057582j)
(22.67511653251675-24.51321421674367j)
(19.703905251552232-10.43371615391039j)
(9.140937536576418-6.822798975086026j)
(8.034748789894183-7.867704554827949j)
(7.8339181665804745-5.232462713229899j)
(5.619524912578608-11.848578248629387j)
(9.077135331461383-8.511510171951214j)
(8.421263871516047-1.8948710777998126j)
(9.433876486898868-7.78895153081429j)
(8.955136254703177-11.09589736790171j)
(8.895866929103905-2.4269756982297257j)
(6.643759880387639-11.210377462227799j)
(7.864143402287042-2.1581765687311716j)
(49.979690829351796-13.330788762443916j)
(7.6600912643102586-8.726627074919147j)
(6.862767857204599-11.787940597935108j)
(5.426798517785914-19.996443513773336j)
(6.389178274367135-4.937170019758999j)
(7.356661415295718-9.479498942751889j)
(7.815703929848282-5.799284016808714j)
(7.744550314183485-6.01380806347539j)
(6.698382434902981-1.2837963783525113j)
(16.70651670128316-12.486297398292486j)
(10.177544394053466-7.05993277310122j)
(4.127937022962962-9.358368037123965j)
(7.494620928967169-5.851175012585562j)
(8.619849515974806-8.045199861039034j)
(4.16408702089761-14.21998386173783j)
(7.131668443110566-8.30736643083718j)
(6.509459040693889-6.562738558316502j)
(6.732491598156165-8.473341344406775j)
(128.9266832243984-12.006633948769977j)
(6.756493787061009-11.937343497965413j)
(0.6348633709688472-6.6828535486759835j)
(2.525219443750926-11.187709083063575j)
(17.97030759493165-16.392180226444623j)
(0.8596932824604465-6.65295425156718j)
(7.69280445114215-6.455674135180182j)
(6.476144769538212-8.585671789025593j)
(1.3089213210606034-5.014676463479701j)
(11.995520852191762-17.26418750722847j)
(5.577758278510861-6.086483771390103j)
(-2.3327439361663442-14.694225533722031j)
(4.950620936556478-6.47688665788227j)
(4.348197819073147-9.650564042509343j)
(6.018859654412077-9.876101474128252j)
(2.5934437027433446-6.789415067935156j)
(4.301838193448815-7.913806087529152j)
(4.8272890468619325-6.056963698517546j)
(3.8056201415789874-6.550229381889785j)
(4.780760501356241-6.268603402724113j)
(4.534342567589062-7.91510370393948j)
(4.695112674519724-7.566263889418566j)
(4.27585688201443-8.840189155798283j)
(4.078223938430129-5.696967496236927j)
(5.366872621843633-6.666555336629235j)
(5.16308219019581-5.812892024678401j)
(7.115400294087099-8.063095382406635j)
(5.079166045226285-6.261686738049894j)
(4.056611701203465-6.747928689735489j)
(1.2101812862107195-6.056171088401915j)
(-6.238077569510292-10.156775718177709j)
(13.01035796499289-18.772209266543076j)
(-1.761635102687048-10.212663917696561j)
(3.6310113033028535-5.515079731481744j)
(0.7981162512855182-5.648589120932202j)
(2.0354721606757016-6.224104171896243j)
(-1.1511945125933951-9.484400794936343j)
(2.6764660114441416-6.165784380338195j)
(5.330805959651772-6.084338093148757j)
(0.8227899012566912-18.28269085548767j)
(3.0758692684878532-6.676802426363612j)
(5.682669223955033-6.935287154878209j)
(7.23662514386515-10.450627722528694j)
(5.440519066733618-11.673170924739651j)
(1.5864638896059926-6.6259822454168935j)
(1.1200779596219381-5.0949666895626775j)
(2.873926101331699-5.067279978800086j)
(1.4952615185082512-4.3913197304553675j)
(1.6231446152130593-6.548324903118831j)
(8.427286520190448-15.413743088462818j)
(2.9455747699201735-7.097433641060366j)
(1.2395775780933171-5.014678593018775j)
(-0.9399169996152063-8.228222712602168j)
(0.12391380838583087-8.141635312584269j)
(-1.6587501493091517-5.739656605114845j)
(0.9025726305645911-6.74705752019754j)
(-1.6318272806483745-3.013234118975843j)
(0.9618040662378654-3.01068976345119j)
(2.228116619439287-6.5380936557644835j)
(1.9656646839520935-1.711972005255868j)
(-0.39461166157573374-5.317811022101027j)
(4.390741971327015-12.12883608525244j)
(-0.5923941982188442-4.797265367927431j)
(1.101316723428452-3.9540339783664926j)
(-0.550605995440022-5.322556817952237j)
(-1.1685972526179256-3.686181160139332j)
(0.6835932131981555-4.685430038464745j)
(3.203530268915142-5.072686705765378j)
(-0.7434028025737391-6.78158622474513j)
(-0.3242809485034801-3.5599166697375138j)
(2.261829436922397-4.836457904056929j)
(-4.459059140430274+1.3012790503977205j)
(-0.2781352139826975-4.7490427071117285j)
(-0.9453355329972302-4.100908408360715j)
(0.6882284874520469-3.85878563476031j)
(4.976703449753384-10.642782661634596j)
(2.3149511902520805-5.735483060331604j)
(-0.41650239537911105-3.8789579298726373j)
(-0.6078587986652729-4.2423389453229285j)
(-0.5818462075962441-4.4439912602922576j)
(-9.199571961480512-0.8305718589233521j)
(-1.2125251820260696-2.3808363196038407j)
(1.3307969402407016-3.1130558236512367j)
(-0.5076793338433391-3.1213183368409014j)
(2.8438068436753823-9.102028308141698j)
(-0.2598751577042405-1.4989935831279733j)
(-0.006861592882670169-4.083122457049133j)
(-1.7001537807216276-2.5049212996945935j)
(-0.23290881589873602-3.0165295071774896j)
(4.440032963941217-5.890878308973804j)
(-0.628008717197349-2.5541225152279035j)
(-1.2013352831846429-2.017816384875731j)
(-0.9248345242132858-2.320249880420627j)
(0.5856783912739867-1.801695974194055j)
(-0.05664004853707728-1.8787730836906187j)
(-1.166219728882578-1.8105851173940288j)
(-1.7648924632170295-1.589109158573433j)
(1.386745851409653-3.9175894289240465j)
(1.8424338134963698-0.5678586446855609j)
(-0.5948669397033706-1.5136396260530438j)
(-0.5932378404012401-1.4115252822744038j)
(-0.5866786112547088-1.3119501643516307j)
(-0.5950465176062892-1.5186298170054913j)
(-0.7012347653880505-2.0342317982781357j)
(-0.7612363263601685-1.4791999615496094j)
(1.2789002785778845-4.110514124436927j)
(-0.611628486399062-2.145589185488837j)
(5.796687839719052+2.0861671153795167j)
(-1.2293312031994394+2.1287946736162087j)
(-0.49748558082459227-0.6057055564812612j)
(-0.4867574210308448-0.5146890645736263j)
(-0.47306979872951826-0.42079448693459265j)
(-18.58201113341251+4.645582234433403j)
(-0.43163365480691573-0.22771498412427735j)
(-0.40246481762342834-0.131264633179003j)
(-0.36771015498667964-0.03691543266585721j)
(-0.3281084261470322+0.054012077866117655j)
(-0.28479780571446367+0.1405932194724417j)
(-0.2391248743824404+0.22239684013002448j)
(-0.19244761088830223+0.2995044471586454j)
(-0.1459563827525149+0.3724638403477828j)
(-0.10052647260904671+0.4421916747088614j)
(-0.05661057649182381+0.5098364485265705j)
(-0.014180030136208265+0.5766114978635365j)
(0.027274036659970118+0.6436104219227898j)
(1.142916033374995+0.8712354900345105j)
(0.11118616900401342+0.7809991893548827j)
(0.1560678156766711+0.8515438439640783j)
(0.20439078103917743+0.9225553820519705j)
(0.2568649616543257+0.9929268337732353j)
(0.31370268999871886+1.0613383219943315j)
(0.3745852518371637+1.1264793681606435j)
(0.43872478235250745+1.1872544235587577j)
(0.5049965630651749+1.2429348062486143j)
(0.572107063231322+1.2932409236088291j)
(0.638766826630319+1.338356958270743j)
(0.703847874024943+1.3788896672775401j)
(1.6069112490750874+1.504409329700277j)
(0.8263248767739818+1.450201842141647j)
(0.8832850303478111+1.4833773518685904j)
(0.9378623541077697+1.5164452605873522j)
(0.9909282503856849+1.5502705775462011j)
(1.0436346914005787+1.5852988850383642j)
(1.0972292641923378+1.6214624810063378j)
(1.152836504781972+1.6581710343070641j)
(1.21124832622902+1.6943993043450674j)
(1.2727696958719197+1.7288597772273926j)
(1.33715349768454+1.7602250432518636j)
(1.4036353433707396+1.7873531599540493j)
(1.471054894995123+1.8094728293419595j)
(1.5380340873051666+1.826300051431181j)
(1.603177914401821+1.8380759691342434j)
(1.6652676574950955+1.845529964951352j)
(1.7234242640098096+1.849779970118407j)
(1.7772264986909287+1.8521846871730854j)
(0.6956189047575448+3.8850295843890215j)
(1.8726764935631197+1.8569996468948315j)
(1.9159922097366504+1.861653585137092j)
(1.9580673342788426+1.868604301047176j)
(2.2161840948237184+7.454211626373147j)
(2.044086181689485+1.8884403189407752j)
(2.09022035913512+1.899500580785251j)
(2.1390933073891234+1.9094961401789525j)
(2.1904299893271135+1.9169469992840684j)
(2.243364520190239+1.9205969850083344j)
(2.2965844927043957+1.9196331387529357j)
(2.348549394529219+1.9138220003959032j)
(2.3977382734030273+1.9035439072871818j)
(2.442882635467405+1.8897287841876698j)
(2.4831507610259265+1.8737128224296584j)
(2.5182627634966264+1.8570428285591756j)
(2.548526890029093+1.8412561436233184j)
(2.5747953613255716+1.827662824316941j)
(2.5983441141642927+1.8171559842547995j)
(2.62068783118157+1.810075889095099j)
(2.643351085430515+1.8061512205557968j)
(2.667627061979182+1.804533750823921j)
(2.694363284694487+1.8039289452827378j)
(2.7238143798552246+1.8028065103232038j)
(2.7555923804688+1.7996567012055675j)
(2.7887266396095156+1.7932465302434974j)
(2.8218231632079944+1.7828291076055478j)
(2.8532936462341287+1.7682693681075958j)
(2.881612673290187+1.7500667663468679j)
(2.9055590952554535+1.7292749646123644j)
(2.9244032481553472+1.7073357084047034j)
(2.9380128223889708+1.6858565098423148j)
(2.946864247568046+1.6663685625380795j)
(2.9519613258003896+1.6501023849397467j)
(2.954676616098596+1.6378142771916135j)
(2.9565418265903514+1.6296875635915997j)
(2.9590195952612577+1.6253204058226856j)
(2.9632898560831573+1.6237990204932853j)
(2.9700801082700257+1.6238436787928696j)
(2.979561894796641+1.624006276928485j)
(2.9913272681204828+1.6228927010439624j)
(3.0044497985078396+1.6193800963215375j)
(3.0176246328777117+1.6127981771933355j)
(3.0293709040817696+1.6030456295367599j)
(3.038268126499067+1.5906191347274998j)
(3.043188669928116+1.5765449477885436j)
(3.0434849335479863+1.5622205553356279j)
(3.039095780494305+1.549192910818681j)
(3.0305524029329693+1.538914145323517j)
(3.018885143212104+1.532520177274318j)
(3.005453186092086+1.5306705885289627j)
(2.991732205003588+1.5334724256320003j)
(2.979098152324207+1.5404921344911242j)
(2.9686398067740285+1.550844423815993j)
(2.9610225017468412+1.5633376296467327j)
(2.9564149415023073+1.576652037866686j)
(2.9544827868712322+1.589528371765113j)
(2.954447139719077+1.600945573937668j)
(2.9552018501037782+1.6102683692506086j)
(2.9554787740686903+1.617345824640571j)
(2.954043414363124+1.6225438230079146j)
(2.9498952010244133+1.6266995729415121j)
(2.9424397097046446+1.6309969832814109j)
(2.931598724874491+1.6367775702542968j)
(2.917832099447294+1.6453185994570863j)
(3.2194591131539143+1.219629200917044j)
(2.8855234433325525+1.674255159949769j)
(2.8695489041975093+1.695279403563854j)
(2.855375220564172+1.7202638165277642j)
(2.843966388861096+1.7483805388120877j)
(2.835902882740455+1.778547720091084j)
(2.831335167806092+1.8095916450254883j)
(2.829996491030658+1.8404029914813775j)
(2.831262985883364+1.870071484062633j)
(2.8342493221614022+1.8979905008261857j)
(2.8379307141486043+1.9239262327321023j)
(3.3723574002910714+1.4500730929095256j)
(2.843431032826534+1.9708924629300983j)
(2.8437838939882996+1.993313743252307j)
(2.8421387087990406+2.0163240888785303j)
(2.838720992139792+2.0409382209128863j)
(2.8341487958883755+2.0679942680133987j)
(2.829322035538373+2.0980096127162744j)
(2.825261611915494+2.1311017307780276j)
(2.822936745159865+2.166988148386564j)
(2.8231185089201443+2.2050567944874566j)
(2.826284343625727+2.2444814926813867j)
(2.832580320662044+2.284352723974456j)
(2.841833547869348+2.3237995824329976j)
(2.85360052750843+2.362089201911355j)
(2.867237758935681+2.398699088850617j)
(2.8819849519101055+2.433362708889328j)
(2.8970552014846906+2.466089244307071j)
(2.911727917629943+2.49715649201594j)
(2.9254384418585757+2.527074054921291j)
(2.937854130679276+2.5565148537645834j)
(7.351887750271767+0.2282070448653633j)
(7.155621041703253+3.6461940892823295j)
(2.0082201594564393+2.3687709228356137j)
(-40.06337393411236+7.365394885663417j)
(2.6427608679987085+2.5345443327338746j)
(1.3845497047479802+6.708046068892522j)
(4.202383176751698+3.149744891822036j)
(3.5877976373352305+2.285146202843952j)
(8.056921665732956+0.9911703209678566j)
(5.654533840957927+20.79281509971857j)
(19.436597877689945+7.344215608768269j)
(5.669267428916354+2.612000001074877j)
(29.059327214660804-30.958282270580757j)
(3.374715883311168+7.052206717289734j)
(1.4903357864986082-33.9590783320926j)
(3.2355562210111852+7.566421246047423j)
(5.117816673577254+3.921482577278062j)
(0.6608080810903098+4.426672294808245j)
(-0.499131552224047+5.9325168563977835j)
(44.235387467298395+18.239175111171136j)
(30.070970305415383+23.496958007943213j)
(13.339999677071637+15.256366257447938j)
(38.474774412820075+13.765916084644674j)
(5.440308053305995+5.941177266555332j)
(40.489240206140636+19.31907252301977j)
(45.97737008877181+11.147846137821531j)
(-1528.9772866860512-3905.6714524984945j)
(3.35783934208445+5.417810644124383j)
(28.284337828198108+22.76742568791594j)
(-114.40405036628192-149.46126313319112j)
(46.737287948937634-85.02085890290715j)
(25.609844170125424-3.8252921317605764j)
(4.5048199112228495+6.148070510724824j)
(-91.20919381093134-27.394852407228026j)
(15.074520266755217+15.039996122636161j)
(3.53263101380766+4.163631395610143j)
(1.4162160131783412+1.2817530340538812j)
(4.137410327752448+4.9502767991222205j)
(5.026702054052282+4.545010551756969j)
(3.8476836626029094+4.5202923192655255j)
(4.195650128604889+5.197860812496016j)
(17.072367463473455+3.4162589412869098j)
(3.572806091692159+4.329895711076452j)
(4.161704594708603+5.135118291521059j)
(3.2241136566974062+5.139981859517127j)
(4.02490544522863+4.2471769174646825j)
(3.579891026922848+4.353504381027009j)
(4.754664165381937+4.7578963254405195j)
(3.1863230807912255+4.285871476535615j)
(4.5108443650555+6.436668114556115j)
(-5.702577018574427+6.730763109357914j)
(4.021951652915672+3.967243595761223j)
(7.252719691269174+9.04914968106927j)
(5.143069606971186+5.864558698500972j)
(3.4643851002866257+5.444738852340953j)
(13.448066212633721-2.0716810092115248j)
(6.475163535938323+3.881051114066708j)
(7.473460246031992+3.8469121054365822j)
(7.1616350700212426+10.526878326788905j)
(4.138033779450137+4.9003762326331595j)
(4.315358250047977+6.006758382307802j)
(4.180358536220072+5.53272409639803j)
(4.99413453673964+5.996141114016183j)
(8.113831797257415+11.278379584108258j)
(7.506474033562829+4.7727876568739465j)
(11.109390658700947+6.504228516140775j)
(5.8961361938648285+6.380410029552595j)
(4.23350787668091+5.229408012611712j)
(2.7110814215705603+6.03446986209085j)
(4.538300677583186+6.241888621063495j)
(2.530960726450203+5.53855258993099j)
(14.666163065907806+9.198303135395308j)
(8.45698915754554+7.721978361223003j)
(5.364161340944136+6.161024763956608j)
(5.334182883948029+7.508826330868532j)
(4.661126633434436+5.868855041719664j)
(4.0458628422077485+7.189568757454807j)
(4.648771300835101+7.410714631472852j)
(5.251241620859781+6.807293831852548j)
(7.597573257705138+9.489948831357784j)
(26.399037917863577+15.61841768942597j)
(2.728421990113208+7.189568095944539j)
(5.829556592640648+7.239542801871545j)
(6.101908914140228+7.794462561634111j)
(978.1281784975074+3512.077786875871j)
(15.939703522325944+14.167175256558943j)
(5.323802337204952+11.464470679808446j)
(4.4568010793660635+7.970836716687711j)
(5.429592025635676+8.4853662584805j)
(5.760540217982616+9.204424459598982j)
(22.058022679016123+17.47664866551259j)
(7.127246472772866+3.1028023647738787j)
(8.648941676104183+10.549787289286153j)
(13.522074077919688+9.277978213160953j)
(6.738858005201165+12.118134202442763j)
(10.793182809492402+50.2185661638888j)
(17.960224294948393+22.301886683285243j)
(8.435969789763638+16.13475131624017j)
(5.813712901024978+18.074344025537005j)
(7.225229697468602+10.171199992208233j)
(4.2346517383138575+16.415422233692407j)
(-1.5719672413266423+10.437284343591141j)
(8.606664091137418+12.979132411567896j)
(7.671201277847046+10.826507445511082j)
(10.391505884750243+15.173096726347033j)
(32.845063817280504+27.07356695722245j)
(-98.13902447575798+74.90799350786244j)
(16.99013390605469+15.340783379015578j)
(7.77872889365979+20.359406586775158j)
(0.5134504196958614+2.560850383860632j)
(15.536658819670388+19.811781572459868j)
(14.186336681513115+17.48829222769977j)
(17.744472857851957+19.95675505592393j)
(18.214984841636763+19.47187544652222j)
(8.604790443174414+25.135578344933112j)
(25.106575394912927+13.366234897796057j)
(20.22808583417658+27.041930905517276j)
(24.468459004948507+31.810527326933524j)
(-3.6926415155795156-5.6594080797134945j)
(213.45009201810072-135.90186117505598j)
(23.34307418481088+6.77851233173379j)
(168.29635614659173+100.70783887939517j)
(0.2695558979874747-20.78150378041562j)
(76.29117409020687-16.059833464833115j)
(58.45875520032179+38.49159951348826j)
(80.94075009856522-7.413818166501804j)
(22.707231878452212-13.078593801623107j)
(37.83316305749819+4.719641718645046j)
(10.047006188069396-73.109253778136j)
(28.08164317909349-8.36101571721082j)
(27.529794893001238-16.033653210504113j)
(56.07143955238976+3.935599485447509j)
(9.41811409026802-8.65640080040466j)
(70.8587516652581+24.028369575064332j)
(22.289807394757872-15.256538629176342j)
(46.964308334621876-4.057223776132956j)
(15.705347355914608-29.45786737081687j)
(26.663146125657452-30.117035990163703j)
(-4.325959258037479-16.96598948211538j)
(17.967888646542708-19.994011070359363j)
(11.129158902331177-22.370659939273875j)
(21.313043515925152-16.31393936471219j)
(9.366557344694634-17.18820966140467j)
(9.084001264752793-10.581286327937853j)
(9.857847386257262-11.733251044298019j)
(6.12683260035324-14.576922137727744j)
(-44.26325241821549-8.36919816125477j)
(5.16415436976581-21.961377768815204j)
(-1.5791670502010728-15.456995927286647j)
(17.496951232002935-17.780637378914285j)
(6.647296696110038-10.97099341166165j)
(22.464105703223172-4.539094699140159j)
(-11.07178073811122-24.24975993359215j)
(6.169273426058616-8.171307765396397j)
(2.6429287967095094-12.831975785089504j)
(15.6813111144518-16.949357262873086j)
(6.871104778083446-13.910842814306493j)
(4.998502549718794-11.957334178722379j)
(28.907503525250267-15.061930107297547j)
(4.2042517128865615-11.452737469709072j)
(7.214831807651051-16.868111002312336j)
(5.335482558510859-11.336879625788843j)
(4.60015609585546-11.44940444021403j)
(6.844656359877734-8.593097275265944j)
(5.713764926402205-9.669183019548566j)
(2.1088775064091867-8.657352388419731j)
(7.803597717405355-29.21995666498534j)
(8.526314319300015-14.248795401031291j)
(5.658806139785609-9.631865104349123j)
(1.661200888197985-22.43000960742604j)
(26.864252633080113-2.5875773197743803j)
(3.1821613695749096-10.092287134161976j)
(1.993609333517305-11.602957020031923j)
(10.01455827362053-9.84746307620354j)
(2.8223110987600855-9.14402446135595j)
(7.076340656638017-11.571973019587228j)
(3.6243827628590846-12.769903974290818j)
(5.1687064288300135-9.391330652940757j)
(-3.924163229424668-6.244853969754406j)
(3.117885780022328-6.7695503523126055j)
(2.675724523519069-12.16426805858323j)
(3.3119711143365325-8.449707588810842j)
(3.3510403739959833-6.22836630758303j)
(5.832152202592964-8.78210225718864j)
(5.269312293513157-6.901045013561453j)
(8.646593881128684-7.7031143795718755j)
(4.558849551388215-7.471494685348219j)
(114.25490173242513-399.71426349181286j)
(3.2839722606880213-6.275044818977523j)
(4.614536276273426-4.706683164968055j)
(-5.0224000820855075-4.347650259216507j)
(2.452594673662632-6.3753174075609405j)
(5.481925763306053-7.713320271935722j)
(2.7293729642877285-6.490208522187428j)
(1.3407815679503632-4.351232018084525j)
(9.89804264114326-15.885274232583598j)
(2.3534385526100694-6.4440723494129895j)
(10.406052452720782+29.460657589567987j)
(4.729306795383935-0.5403693412257066j)
(3.1863216717406164-6.96938155223002j)
(1.7117911798276153-5.808912794404227j)
(4.07356212354861-3.854588200900573j)
(1.5859908621545555-6.383787953012555j)
(3.3212068368046093-5.004913453182243j)
(122.18549259366274+79.47722427087241j)
(-1.8565643595349361-5.555870766253703j)
(7.427218003357566-3.2912683050847407j)
(1.2297402937265505+3.2421693318717058j)
(2.303252999463775-6.593527695726622j)
(10.214794463490627-6.950240603437218j)
(-2.052739178957288-3.9082311393860616j)
(2.1267115894951822-6.047151893624786j)
(5.686406877024113-5.942901168569042j)
(-0.0387557194232118-5.724143603651008j)
(1.9178498278676392-6.28817661733945j)
(0.4054352375150653-5.92504210290556j)
(1.2375269242597893-5.607018551231597j)
(1.9450622735021807-7.494763270236609j)
(-28.216106000345196+12.007267348179672j)
(1.6112299073342888-7.509110334029611j)
(1.1107602312070972-5.2197444267638575j)
(0.2276592107747662-5.672196501358339j)
(0.9573654548833523-6.239106313084249j)
(4.8583700702327555-5.752394404202052j)
(-3.2413825892152937-4.947437061604687j)
(-4.106993691756403-4.696870448747039j)
(-3.1031970144549277-4.020362455578865j)
(-0.6732917174407749-9.433910155472411j)
(0.06412443694116902-8.688445089194271j)
(12.531599790045126-5.960796026040072j)
(5.174136449049171-5.2334902127576175j)
(2.539976043235043-3.8782474281427937j)
(1.8293316314261232-4.277359734306731j)
(2.729130658151307-3.7958980526921917j)
(0.8917908089822972-3.4217429116285007j)
(0.5753509977889659-5.288608530429787j)
(44.906484839513716-59.3096398503362j)
(1.30657899054967+5.150568470134257j)
(0.676788983328526-10.945864782406089j)
(1.3094647039583736-3.412802609809877j)
(-6.681942248095458-18.900796728423117j)
(1.5763191865976494-4.570346320632902j)
(2.760852750232284-3.6312507016673368j)
(1.5123889131422488-3.6715304609899473j)
(1.3544055396756538-3.775361786263453j)
(7.940144872290619-11.494430229016952j)
(-0.9052851119713442-4.23145632729574j)
(-1.3449701901425766-23.509067193548045j)
(2.1938545480002825-4.605851274287357j)
(-0.8035491283541696-9.964818014756101j)
(0.8682162658919218-3.4602133264801953j)
(0.7732926071444739-3.640615950282889j)
(-1.0999354643514556-3.040165506827694j)
(0.7409195097186717-5.396432147364875j)
(4.773454795388542-5.607086020914315j)
(2.074247914092114-2.8832359975678745j)
(0.3037948659152185-4.320503669235107j)
(1.3978418209667915-1.2537016817484838j)
(0.7633012565100447-2.7534993731052073j)
(-3.6945094104277816-9.50667767837828j)
(0.38913053810954856-10.85379383239591j)
(-0.257230564542745-2.748710253880491j)
(-9.630499095926398-1.7362778895410016j)
(-0.2817468650787452-3.0890500545800914j)
(0.46286957092181796-3.792690858166061j)
(-1.8588522456285952-7.086082300794805j)
(0.6858187920802272-3.738812562983743j)
(0.9184345163643481-6.318666461652132j)
(-4.9832596513957474-0.8609316431126536j)
(-3.2302241986320466-4.320316534507687j)
(2.0203802659481704-6.078291114511082j)
(-0.43370732010987045-2.757134710193568j)
(1.265978826882128-4.497304576329146j)
(-1.2672044595224035-2.8525187749585603j)
(0.34323499594228035-1.639022145620638j)
(-1.6643707698945585-2.732576250542537j)
(-0.5030829618561358-2.945186758290426j)
(1.0496680001559204-9.616103188344502j)
(-1.3999507018077808-4.632029618684696j)
(0.6099149743304558-3.512707516633987j)
(0.2896035878532549-4.5882154966948585j)
(-3.8386055365496774-3.0609479477333674j)
(-1.686095660802416-3.39169577592561j)
(-0.6314960373506426-1.4003886210067256j)
(-1.2922721694392922-2.4487129795718467j)
(-0.46893245679988804-1.5463184972195338j)
(2.365103780704752-2.0898800503734525j)
(-0.6839350491468414-2.1161442407058j)
(-0.297980972851126-2.530385995076641j)
(-2.027433118387847-3.648762462832062j)
(-0.12343517958256094-1.1617681497806063j)
(10.059027811474138+1.2232892319201465j)
(-0.5439203148456887-0.7549432237596643j)
(-0.3638725180364141-1.3435712372888742j)
(-0.8388137913072429-5.995078889951947j)
(-0.23301821874221704-1.4164247196226274j)
(-0.9790628377502026-0.8620343428422954j)
(-1.0837096149959573-1.3001990794955416j)
(-0.32222565817969434-0.5091429987343632j)
(-0.31829778482457244-0.4345073555026653j)
(-0.31303375360741575-0.35894966451995j)
(-0.30610393359739496-0.28251883054906435j)
(-0.29720690343693307-0.20537322804645272j)
(-0.28610749261783325-0.1277620640173346j)
(-0.2726641387537299-0.04999333938104887j)
(-0.25684095047927635+0.027605640444864212j)
(-0.23870321673987124+0.1047278947598464j)
(-0.2183985768528488+0.1811197627547075j)
(-0.13272477209175246+0.9869668911499266j)
(-0.1721168140400397+0.3310812824928503j)
(-0.1465780492135183+0.40454054282341956j)
(-0.11969409164765622+0.4770315761415553j)
(-0.09159689433425289+0.5486528432579555j)
(-0.062360430845447276+0.619528521954043j)
(-1.6001301413411813-3.427526657848689j)
(-0.0004789280556182564+0.7595464778853335j)
(0.03228366482384693+0.8288941642423124j)
(0.06639843864423194+0.8978841291010672j)
(0.10199375427635064+0.9665291106495983j)
(0.13920272960587599+1.034800585937519j)
(0.17815185295639677+1.1026315582359372j)
(0.2189516378535638+1.169922049440221j)
(0.261689830119573+1.236546507330881j)
(0.30642748660112223+1.3023622389688714j)
(0.3531979824398499+1.3672178912595865j)
(0.40200865585009277+1.4309609999714874j)
(0.4528444290983266+1.4934437983435316j)
(0.5056724697892913+1.554526829210088j)
(0.5604468839938138+1.6140803628768503j)
(0.6171125929629316+1.6719840534218515j)
(0.6756078780256559+1.7281255491553031j)
(0.7358654723068585+1.7823988570578086j)
(0.7978124298574459+1.834703168444763j)
(0.8613692556499002+1.884942646143689j)
(0.9264489235904555+1.9330274125200368j)
(0.9929564568376844+1.978875698233695j)
(1.0607897035268614+2.022416826474513j)
(1.1298418013898384+2.0635944256839585j)
(1.2000055628140036+2.102369013349663j)
(1.2711796110268228+2.138718935847343j)
(1.3432755808683585+2.172638676479512j)
(1.4162251557449854+2.2041338494131577j)
(1.4899853146724873+2.2332128212036597j)
(1.564540117834433+2.2598757665931415j)
(1.6398978209691257+2.2841028442663807j)
(1.7160830652535066+2.3058437417990163j)
(1.793125094611476+2.3250107947718557j)
(1.8710439884922418+2.3414771500119813j)
(1.9498373618791585+2.3550802337407517j)
(2.0294696996124606+2.365629540425063j)
(2.1098656046245146+2.3729169222609676j)
(2.1909071268911933+2.3767273692939113j)
(2.2724344064388835+2.3768486756664386j)
(2.3542483617590735+2.3730791325523017j)
(2.436114124849542+2.365233170664j)
(2.5177642502042166+2.353145473200995j)
(-37.50909468210491-31.817918259742534j)
(2.67919943852378+2.315705557807614j)
(2.7583069397477242+2.290156266203888j)
(2.835848249334053+2.259981009237358j)
(2.9114288618418485+2.2251777327750992j)
(2.9846425295649985+2.1857939784851137j)
(3.055081631636184+2.141931417059908j)
(3.1223502016278886+2.093747002788811j)
(3.1860781585208233+2.0414491376242303j)
(3.245934356769166+1.9852879965031638j)
(3.301635616274951+1.9255404617285707j)
(3.3529492259955456+1.8624916008284422j)
(3.3996875715461767+1.7964157718419542j)
(3.441695177276112+1.7275607820657877j)
(3.478829979878408+1.6561379179254867j)
(3.5109415087407196+1.5823193969429612j)
(3.5378486173515293+1.5062434495479486j)
(3.559318701306888+1.4280263856574882j)
(3.575049460166764+1.3477809250489055j)
(3.584653772911354+1.2656406860004563j)
(3.5876485695120146+1.1817916447142933j)
(3.58344985443198+1.0965120307223355j)
(3.5713781432098055+1.0102218589836136j)
(3.5506810291692106+0.9235414567374479j)
(3.5205814486985982+0.8373544012718848j)
(3.480359942059498+0.7528642071998463j)
(3.4294749075441224+0.6716269138502874j)
(3.3677149953880723+0.5955361049182525j)
(3.2953627413120783+0.5267371731467766j)
(3.2133322496131744+0.46745833447552654j)
(3.123234129237304+0.4197684367050991j)
(3.027327016942654+0.38530075572532674j)
(2.9283409132427507+0.3650053039491931j)
(2.8291965166625452+0.35899560709218004j)
(2.732680119241321+0.36653332682616335j)
(2.6411480562411107+0.3861536160060018j)
(2.556321633968526+0.41589418673653394j)
(2.479201221342429+0.45356887415059594j)
(2.410093351890344+0.4970277136863706j)
(2.3487211334943336+0.5443637004728177j)
(2.294380773226974+0.5940495651953024j)
(2.246112125113097+0.6450063948145328j)
(2.202861973442823+0.6966156861602035j)
(2.1636292319563624+0.7486882007749197j)
(2.1275879496155614+0.8013999093539228j)
(2.094186026140675+0.8552008683420045j)
(2.0632156490411364+0.9106999903477526j)
(2.0348476685117514+0.9685293830867656j)
(2.009619351733499+1.0291969895996849j)
(1.9883665067136145+1.0929444834249948j)
(1.972099175640286+1.1596351715078j)
(1.9618343656262927+1.2286987804499783j)
(1.9584148079690056+1.2991521302655837j)
(1.9623518512571243+1.3696969545813913j)
(1.9737270864734202+1.4388746667754186j)
(1.992171052274418+1.5052422323894121j)
(2.0169152558972088+1.567530587638776j)
(2.046895497223636+1.6247574277019918j)
(2.0808767140978706+1.6762834415327355j)
(2.117572703200578+1.7218171324758629j)
(2.1557437669334774+1.7613829684356617j)
(2.194266142493954+1.7952698550592017j)
(2.232175274366966+1.8239739682541227j)
(2.3151799990063746+1.6396403835283628j)
(2.303220697578298+1.8685378826542434j)
(2.3353809934387098+1.8859742624262066j)
(2.36498480218513+1.9013029041202434j)
(2.392051849239256+1.9153627500396693j)
(2.4168063593373255+1.928940193974406j)
(2.4396686815071793+1.9427202567927413j)
(7.270810414654349+1.2026450393283585j)
(2.482225736243098+1.972800166033558j)
(2.5034414409849157+1.989494020187103j)
(2.5256609615273375+2.00711620439926j)
(2.5495608037437116+2.02520985419415j)
(2.575629750867975+2.043105952487367j)
(2.6041082150970927+2.0599991652887417j)
(2.63496120300323+2.07503984011337j)
(2.667887235782487+2.087425559034376j)
(2.7023570300664086+2.0964777542295727j)
(2.737670463699003+2.101695043397102j)
(2.7730196402192835+2.1027821001602343j)
(2.8075488399091326+2.0996582874367857j)
(2.8404067425638466+2.092452654906451j)
(2.870790564397273+2.081491445436397j)
(2.897984518299153+2.0672820045451257j)
(2.9213959693848865+2.0504940741195044j)
(2.940591997957406+2.031936727079076j)
(2.021362610963755+1.7885109663473915j)
(2.96563016573087+1.993247173112794j)
(2.971734469572671+1.9750823825404824j)
(2.9741932839192478+1.9589450372063044j)
(2.97381936782331+1.9455823154550422j)
(2.9716496401945345+1.935481381620258j)
(2.9688603078916778+1.928786980861835j)
(2.9666468689357623+1.9252508359137892j)
(2.966083960378983+1.9242295107689236j)
(2.967988383139268+1.9247384791271986j)
(2.972810721276828+1.9255570674852347j)
(2.9805750536109192+1.9253665363457129j)
(2.990874355568812+1.922896800065346j)
(3.0029161915589784+1.9170585157425608j)
(3.0156042156487146+1.9070450140212j)
(3.0276383807214917+1.8923986877285943j)
(3.0376199164354403+1.8730447352720705j)
(3.0441532567456746+1.8492991165189026j)
(3.045943010195203+1.8218570472651905j)
(3.04188751371169+1.7917647723536452j)
(3.0311705280428902+1.760372794864248j)
(3.0133493750839895+1.7292652454453208j)
(2.9884323069588103+1.7001593538461255j)
(2.956931904236362+1.6747721780082425j)
(2.919877228784002+1.6546590726656103j)
(2.8787679144372498+1.6410386228277474j)
(5.347853481468315+0.06996004515227564j)
(2.791988200375852+1.6355266752138085j)
(2.7503391911718+1.6431566848387176j)
(2.712217190316373+1.6563118664612766j)
(2.6788332964270323+1.6732809734448995j)
(2.6507580591018587+1.6920462084031611j)
(2.6278564816538483+1.7105178195326542j)
(2.609308784758994+1.7267699909402658j)
(2.593704981747682+1.7392482990992382j)
(2.5791932354701133+1.7469303286744389j)
(2.5636615225049915+1.7494323010922204j)
(2.5449367666054834+1.747061671504949j)
(2.520991204889155+1.7408171357296922j)
(2.490148442360509+1.732334646540455j)
(2.4512791520559722+1.7237742179378406j)
(2.403968905035238+1.7176418201109334j)
(2.3486313644394223+1.7165473210204816j)
(2.2865348752612733+1.7229144243784j)
(51.68753458866546+69.97186226255721j)
(2.15077131226673+1.7650252726439908j)
(2.082553888577027+1.802225508742112j)
(2.0178197596076553+1.8496070597280827j)
(1.9588985153718437+1.905670439264945j)
(1.9074453789555845+1.9683205123884087j)
(1.8643121534009055+2.03516094527106j)
(1.8295406864981274+2.103793314890009j)
(1.802456977276995+2.1720754174657637j)
(1.7818325748825352+2.2383142591399263j)
(1.7660821012776236+2.301387778897827j)
(1.7534750954928755+2.36079898433299j)
(1.742348808134881+2.4166662440843867j)
(1.7313099181163891+2.469648552728872j)
(1.7194058689768206+2.520802460333178j)
(1.7062356044821674+2.5713756601605553j)
(1.69864381857283+2.6445384485727166j)
(4.097239137196712+3.418824115243025j)
(2.1322462759996896+2.2927533078157354j)
(1.0681512517089613+3.440722393531094j)
(2.509224336394808+2.6423480709741476j)
(-0.5455557825031109+4.901359144999999j)
(2.1450695950547027+2.942979422385297j)
(3.917156924915782+4.710097356264724j)
(2.490807909906836+5.6647070391034715j)
(1.971870102468342+7.15562276834555j)
(5.089550953932068+2.8011797015309323j)
(1.179176328419649+3.442630481962384j)
(3.5486086741374496+2.891222630288097j)
(1.4797737586977098+3.5924535763787566j)
(1.7032370403333135+3.6959723513810396j)
(34.81962959303906+20.039514203206817j)
(2.2958533538051142+4.463088039941657j)
(2.307259419746257+3.1004258204801287j)
(5.9876663997243025-0.12138546761281208j)
(2.14214622505265+6.259731918551069j)
(2.168757522049962+4.026652117286303j)
(1.334314654693438+3.593597076406502j)
(6.016202655100095-8.55314902957136j)
(-1.5053857124754644+12.581975257915616j)
(3.8827589302529013+3.4006968751399382j)
(1.808277396523842+4.475087672349068j)
(2.383802298012936+3.0436883093767118j)
(7.621485300279479+3.319467415786518j)
(-22.487881017828443+31.22311126727395j)
(4.359147155823137+0.9591339796743956j)
(1.7288652467414112+2.297685948400367j)
(1.1795554239862944+2.8424392626244344j)
(6.057240492411415+8.129484377353513j)
(0.3450655309214101+5.258250358570127j)
(-122.06985413832271-38.09394904868145j)
(2.925082381700618+8.065909059319415j)
(-0.5390542744830298+6.953771948375588j)
(-3.141895315271411+4.987727431875341j)
(2.973580335312301+1.1998851005413864j)
(-0.6183478280393133+6.855588384213401j)
(0.44878691687942834+4.970618808817232j)
(1.4093347920844173+9.514623860372309j)
(2.1096826795774644+4.548668853625822j)
(0.11485657195109056+5.7883650617405955j)
(10.099955561567597+8.235344263590713j)
(6.6146793237206+23.58113611565761j)
(0.5258649767935657+4.2279583175334405j)
(-15.420378391363903+68.5739401961666j)
(-3.8250998537095486+10.340329740590828j)
(1.4805275503752122+5.9421242504065415j)
(-2.5036091412972317+13.396036596208292j)
(-45.61464659381162-11.259377564389224j)
(1.524875211641481+10.644829841767322j)
(-11.835033635173877+0.5666590230107621j)
(-3.9573472781650763+13.991314570284215j)
(2.247434753691728+5.525206422514716j)
(0.814318302310207+4.575969431505351j)
(0.0910085307626349+8.097748275378176j)
(2.462314549219158+7.672587777616601j)
(3.025089496721795-5.341141436230792j)
(0.5481047885237312-0.07172716905948287j)
(0.6366845882459979+5.373783451204173j)
(1.645368168337958+5.94943561389017j)
(0.5059707101681795+6.693734122566744j)
(0.07402696587187303+5.917536659981833j)
(0.5072138098870694+5.241898477439636j)
(0.17468338462809238+6.379583291100639j)
(-1.7020159830925317+5.542289246422849j)
(-1.310963222110623+6.067610558613455j)
(-0.30730412388265715+2.8877228578828156j)
(-0.5001096037299262+7.029238762404623j)
(-2.5705148614381526+5.783985731162493j)
(-17.796304402145832+15.691164853621974j)
(0.9120870012157901+7.9926293756137j)
(-0.5390523482601411+6.679377939434541j)
(0.2673746153153332+11.739076967718727j)
(3.817961156458398+12.554423777882914j)
(-1.3273596287487441+8.33954268554991j)
(1.0366763062475188+10.53077977727858j)
(-2.0916694124435935+7.916986984875499j)
(-2.015633881516792+8.266532215195006j)
(-11.601206861871166+21.091734261829682j)
(-3.107946885926276+10.69110503522205j)
(5.475590026426703-3.8012191835751006j)
(3.202385658997885+25.749079313995473j)
(-7.952610509374691+1.369360387090138j)
(-5.044157717667523+7.908295040767022j)
(-0.6872813781256774+9.087546428340632j)
(22.644186989629798+29.25795790450434j)
(-5.086435878747915+6.6735440173271225j)
(-2.990708027076258+7.657576271008906j)
(-5.743679138702955+10.61707206391802j)
(-6.416917216710982+10.488382403867309j)
(-5.406869408646025+11.340377301917268j)
(-4.0032679801086095+32.36145483082832j)
(-7.652639894613799+10.665496199441227j)
(-6.054641072234094+12.347524905540942j)
(-25.790385888889162-30.874912313055365j)
(-8.46317071347077+9.479499099886178j)
(262.8977706569864+52.22729420337667j)
(-11.783199512251764+12.094602852094193j)
(-15.420008189135416+11.896367454488024j)
(-15.32581926032646+43.77747177351247j)
(80.7552560443623+70.80929456500627j)
(-26.50943700029076+19.799239919977698j)
(-16.75708060837116+10.04216361254573j)
(-55.84549980119672-162.65868115788513j)
(-27.06827988281911+8.555519057749319j)
(221.00942591904524+19.144185247483367j)
(-80.42878172489714+2.6580320282346177j)
(-35.21253402371856+7.860772446337854j)
(-20.328799304435204+29.487011589570233j)
(81.04246898771741-92.66923591883867j)
(-42.50027166084816+8.562249337608911j)
(-35.69564256292468-42.54030383414394j)
(-21.833039919590643+23.40857845807879j)
(-32.335447253112086-13.917147199836869j)
(8.606846171132439+6.918160123825789j)
(-36.538722085027246+24.79702413524324j)
(-5.085818456836455-34.41975022189837j)
(-3.4835153839325943-150.44131724203993j)
(14.844647102288945-48.860371680171276j)
(151.2746797807656-46.39925260102584j)
(0.9736607719583982-16.985588261075964j)
(-168.54170378633594+26.747256241728024j)
(-0.8042337454464739-21.412186286768762j)
(25.19418221118513-4.048582767182829j)
(-5.754175245100433-41.465549955857256j)
(6.455420521222305-6.266810982036126j)
(45.57786989691315-14.80853949531794j)
(14.639250714165605-19.94412293778393j)
(73.28367615997671-112.66128157049572j)
(10.254682161193879-18.059263444876915j)
(11.077723207239625-21.499093446049407j)
(8.051790097128919-6.731435590145302j)
(12.231881860862131-10.923244540285655j)
(23.7006450438749-14.04486740281055j)
(-3.0626612206123895-18.705457244648176j)
(4.2603666345225895-13.212746807100556j)
(9.41526454723671-8.563910308680471j)
(7.750882032155981-12.310173829975401j)
(-4.973203651091092-23.620472507264232j)
(10.827998260018814-10.234798562890168j)
(-41.38650531549561-18.69732177371487j)
(0.33409896762115404-15.424148361924388j)
(5.521080424133411-9.781436246575913j)
(6.411750557938606-9.582029216622004j)
(2.2916759432952927+16.203874458607896j)
(7.47250059442377-9.508742365678724j)
(5.824262338331044-10.713618163127682j)
(33.20778460213616+5.664725801190732j)
(18.567006591657417-9.181319146551653j)
(11.784438052653154-22.13997300782577j)
(20.498455932346864-11.59422716219496j)
(5.985061863125872-9.173442303415927j)
(12.67841430798066-3.1798948940095486j)
(6.026340794204427-18.693544318339878j)
(18.400115445567963-4.880893726675272j)
(11.896208444744627+5.006000669162138j)
(53.57838185248052-24.73714796342156j)
(16.944894949739684+0.067459083166981j)
(-6.793144434574791-12.167747508113745j)
(6.58008079107372-6.911292159139855j)
(-12.66177141782872+7.882691198174508j)
(6.788292234205429-7.4495418056037j)
(5.809411466958234-5.408908341751932j)
(6.613367403429912-6.443319795312051j)
(6.512148188052369-6.111102150052646j)
(6.430584906496899-5.665004984774003j)
(7.076262991677683-4.0946615446783845j)
(7.273804902911692-7.453812440895277j)
(6.883649485079544-7.944382220110493j)
(9.483807213361024-5.685248758350668j)
(4.324228921073549-6.9721226129959675j)
(4.2575692480327625-7.111838920556088j)
(8.723998738439418-10.317529832009082j)
(6.834717804150292-4.258600040493243j)
(16.123379033707984+2.5613982398349964j)
(3.4300885612141507-7.837256339438075j)
(-0.8658587622288874-50.21588795741668j)
(8.50704243414407-5.721391670619979j)
(11.853853147027884+1.8066669567416853j)
(5.346963934454308-9.277205771737828j)
(5.695308840836456-6.205759622138671j)
(6.404128415171136-4.930853477686513j)
(6.946600121137017-4.282136844470004j)
(3.9597300562562174-5.207214332025569j)
(13.118607275062375-12.598826968692425j)
(16.557301109684488-15.579043883434007j)
(5.217555111152778-1.503113167867556j)
(8.728933883881194-9.369441902419823j)
(-1.18582773629992+7.47768488887845j)
(8.273552485230217-5.386004556663029j)
(5.921705452965003-4.108210522328004j)
(3.493740771582505-6.046887668547074j)
(6.005664954622323-6.702507763269287j)
(4.91060471832592-6.871260896215276j)
(5.15525874137729-6.76874077609141j)
(-1.3601008163212636-5.869210133143444j)
(-2.860733224761861-2.8706221470471194j)
(5.520228027566844-5.050649253188935j)
(3.860260545329191-4.897208653196574j)
(8.672353120899347+9.541782146091933j)
(4.215355713103826-2.7558048704108584j)
(3.737346973366607-6.205019880172317j)
(6.3993730765445465-0.6964774085330588j)
(-1.2733948221599298-8.042058503767958j)
(32.0741273488296+41.02439994428401j)
(3.4156703058019806-3.2440576276419844j)
(4.424961180229304-0.9730554275297956j)
(5.712550446708924-6.169671820083658j)
(4.925236837640832-3.003827540771751j)
(3.727099532373741-5.4226074488430696j)
(8.964130322594064-2.6290197073384554j)
(5.076117231788738-3.481170977776231j)
(5.291753250807119-6.1579751767807815j)
(5.9665234798606654-7.064811766093431j)
(4.1630583206832785-6.81889313328796j)
(4.5085755127315155-8.055611194123168j)
(5.943475651145034-5.905098386266498j)
(3.8067508627087805-7.799067258882066j)
(3.785073000808015-6.272182375974939j)
(-2.9157418706379867-11.591739057625471j)
(8.894002072162984-4.149973955608186j)
(2.516594459781112-2.400860300040128j)
(4.180029275997935-7.41976064680596j)
(5.742238025199452-6.974199006265476j)
(27.631772850347037+9.005087798582773j)
(8.32506676599124-0.6567057171518961j)
(3.6063061891469617-4.641240412868312j)
(0.27020045056565195-8.94291680161723j)
(6.94952434617653-9.821920796743946j)
(1.7920418335376553-2.641733076950025j)
(45.98136975144648-2.12684060718549j)
(21.891954211900842+5.834893407194516j)
(9.282958172534665-3.249497589696534j)
(4.8189605530410144-5.142405382062026j)
(5.327102560657218-5.634290235163582j)
(5.297165410167982-7.361229765644949j)
(0.550221538103943-6.965694894332294j)
(-4.338309724323821-2.163581463653328j)
(2.6307188952546245-10.981956081791273j)
(3.952150331830169-6.053370476605134j)
(10.022389342360071-13.83833946548074j)
(4.918266179758181-10.041999060169777j)
(1.4847569198933706-6.152777696852627j)
(2.4877148117320025-5.960540627206383j)
(3.8406322865237086-8.688143499190472j)
(2.2366890509343365-4.22293727389074j)
(3.7481498730060308-7.3033744980939215j)
(0.33353212966653956-6.655366954715134j)
(-1.7172298095644798-8.466854990343212j)
(-0.8389261830889962-7.895939693791303j)
(-0.9280031657484137-0.0035859955645519462j)
(-0.9353029085179179+0.5402112387427972j)
(1.591451720166125-3.201115579412113j)
(4.567614434456836-26.561680208659645j)
(6.067694441152889-10.48887128014191j)
(7.794893194090785-50.480965911698064j)
(5.491518920599619-12.933774200025036j)
(4.012561269600028-1.0917780083030046j)
(6.127314569723741-12.888317882512835j)
(1.8831977649955771-3.818937397621635j)
(-0.10948991661119141-9.969420710462234j)
(-0.0169425352877953-7.978457155510873j)
(4.328060497503825-8.449832465640862j)
(-2.6080811825487222-8.322124493492623j)
(-4.13053976119759-8.041649896834487j)
(-2.386076060830271-13.644847743909608j)
(1.9377422242199411-5.485605762500513j)
(-29.730134789814205+21.60015072444629j)
(2.041643010574266-7.88985928391696j)
(7.479918232269573-1.2344603624662194j)
(3.3040332533391332-3.859203569133916j)
(-1.9411725033425178-4.953538295813213j)
(-2.4364741002135037-4.614759059673291j)
(-0.3759561837204929-7.000798549386217j)
(0.69270066905655-3.7530513333259092j)
(-0.33048256769567813-5.101365028593238j)
(-0.32931509025794525-4.340846453989287j)
(-6.242392302236384-18.970181626706j)
(-7.1885353399016-3.1732853286824914j)
(8.462804788812628-2.4742439287012914j)
(-0.13314054530073155-1.9408071788472967j)
(-4.849807105595798-3.440140774177834j)
(2.797262761085486-3.923483963186111j)
(2.113030476868834-3.8713175194466074j)
(1.8164056556910957-4.475572645229219j)
(6.040044263397338-11.067833760927577j)
(2.776872189045223-6.076837092327111j)
(1.2610502182009864-5.997826962736631j)
(0.5496252492520572-5.983243422926786j)
(0.7214923318969109-5.8825481994232645j)
(-0.8944277288932129-2.179509393839048j)
(-1.0069704607323333-3.5406565531322824j)
(-1.5015778137923896-4.626678775074121j)
(-2.042708518753785-5.78711006823276j)
(-2.4443762396097712-4.34029806225204j)
(-2.8747830031147217-4.369824060112513j)
(-2.869709134521914-4.926056062303261j)
(-7.0605350511824-3.261306138389738j)
(-4.291899562872097-2.275168822879007j)
(-4.1531827254271425-2.3980018733561588j)
(-4.631017497765253-1.2338321756469874j)
(-4.858989543079353-1.2548450350705613j)
(-4.635584793747189+0.05246058838349661j)
(-5.786317317881521+1.6335301820643302j)
(-3.8126377109999265+2.079571849837753j)
(-3.583439717483821+4.267752239063563j)
(-1.5579008449399323+3.080673859638171j)
(0.7370812537978555+8.383915885559441j)
(3.7447114116895777+4.7926088031713885j)
(2.8796312774510175+1.7240213979751384j)
(1.8039563885318899+0.3841841964742005j)
(3.5974144192339734-4.765309533819335j)
(0.5358598751030426-8.666508986909488j)
(5.460708737906031+2.0168727616037114j)
(-1.1767539789941526-2.391927728120229j)
(0.4062104976203068-5.260312673700764j)
(-3.6931364194158722+0.5507500033879281j)
(-4.356855782481405-1.389163108956921j)
(-1.8919540561867814-1.017777702095733j)
(-12.241340833262846-5.164808269907738j)
(-3.4382231173821562-0.34589949416540194j)
(-3.608254564953536+0.7173353718690894j)
(-1.7049555561720988-1.2143653082307373j)
(7.834095141638118-3.8109382980904702j)
(-3.4330889175024115+1.8820691293529905j)
(-2.9792041196226444+2.091032571957096j)
(-5.448399816564904+0.8791908674405475j)
(-0.5544542530124943+3.6355178001026895j)
(-4.142908612824785+7.179381039076248j)
(-4.328409831684439+8.261008721270931j)
(-5.221819099221712+7.7059289323484155j)
(-9.162038379892447+8.967710539761534j)
(-1.6972683520757772+8.841252397200417j)
(-1.5566209957158492+11.707724360006937j)
(1.129962674012439+19.791613666371866j)
(8.096046793002772+22.60605455149847j)
(8.176610133088996+0.8783000665306088j)
(8.028108654857645-5.186688705574749j)
(0.09066106943313643-7.776650850757481j)
(-3.203869189657845-7.743541067359348j)
(-7.856011185606268+3.4521276667446377j)
(-3.0714861160260916+2.9172946738746632j)
(1.621779010854603-0.7795830692782487j)
(-0.9905523011619357+5.38114464368233j)
(-1.2401604762179996+0.8273338450910905j)
(-1.4338314656146094+2.0847503174551547j)
(-1.1795539225911134+0.6271434233412266j)
(1.5166472765518602+1.4826609029808477j)
(-2.2473064290816196+3.4914627904981903j)
(-1.8023603861759658+4.529187901418132j)
(-2.0408160008140857+4.656885673174608j)
(-4.109892247653901+2.573062108613575j)
(-4.449358813818495+4.565211513089357j)
(-3.162092295597238+4.3868000594859655j)
(-5.39239921645483+5.066939865962815j)
(-5.552667631180434+5.132942561915717j)
(-27.853029030329367+20.54525331729785j)
(-5.384090931599298+2.798116796417538j)
(176.62505317164786+37.52674346108928j)
(-3.9516148197815513+3.1751529864039396j)
(-2.087955334619851-0.7221712995565099j)
(-10.05736357675326+0.9299139396235462j)
(-5.884850170585016+2.9649743044422454j)
(-6.503066488337781-1.8090863288633943j)
(-9.162193554624544+3.2302048698900885j)
