(41.87025614375107+0j)
(39.85922429225238-8.874558888340928j)
(34.885915133863065-15.544169566076333j)
(28.797733037770357-19.379111024835353j)
(22.95885254038038-20.855754289118646j)
(17.987939935179252-20.77975676568154j)
(13.997507392874363-19.828975150318556j)
(10.878411169623831-18.44867545832275j)
(8.464339565043042-16.897031982561206j)
(6.599231629753216-15.312478494699418j)
(5.156363857126311-13.764120725200895j)
(4.0387112243239605-12.282955767019839j)
(3.173802683268744-10.879744787878128j)
(2.5079994199759583-9.554877627533324j)
(2.00168001747436-8.303712115938103j)
(1.625563252549638-7.119421048246264j)
(1.3580151364434996-5.994481672928759j)
(1.183114935382873-4.921430545182565j)
(1.089280399633872-3.893224238240599j)
(1.068298602868638-2.903392598832812j)
(1.1146513973066123-1.9460877985184655j)
(1.2250579661659762-1.016087394667496j)
(1.3981817447293807-0.1087857491171316j)
(1.6344669860533814+0.7798036939838415j)
(1.9360833317530652+1.6530173284443699j)
(2.306966314720389+2.5134630615047633j)
(2.7529485964023275+3.3628714275831153j)
(3.281981069343587+4.201843137899641j)
(3.9044439095186916+5.029444112529528j)
(4.633542787751472+5.842574295685278j)
(5.485769302556597+6.6349993805098375j)
(6.481366210580051+7.395880682811372j)
(7.6446556801208105+8.107565035365411j)
(9.003922456493852+8.742309482013358j)
(10.590223455039487+9.257548410369862j)
(12.433913512067262+9.589373162665325j)
(14.556718703466977+9.644376104974299j)
(16.95590523269561+9.291563763210302j)
(19.576283175421818+8.359820077160398j)
(22.268335813667694+6.653464567136983j)
(24.743052289993507+4.00643395162951j)
(26.56183095968199+0.39074429914187225j)
(27.226693837076773-3.9501280905413534j)
(26.397803196950264-8.4554884102072j)
(24.11956061449187-12.411880221075519j)
(20.839922490798806-15.266718600413675j)
(17.179282457803897-16.83825060444045j)
(13.658655483643843-17.277319613385405j)
(10.577596835317694-16.8892174896691j)
(8.03895684755206-15.980483866028484j)
(6.026558944875787-14.78915118770756j)
(4.471947296782558-13.475463005181075j)
(3.294057114789877-12.137447431569694j)
(2.4176428069378586-10.83040594457489j)
(1.7795956406488693-9.582672128110701j)
(1.3295806552411098-8.406472196187648j)
(1.0284959218888132-7.304837242865476j)
(0.846391640893251-6.275806518178497j)
(0.7605111851017297-5.314907665852548j)
(0.7536638282165413-4.41658495327825j)
(0.8129508321147352-3.575001058615344j)
(0.9288001948394389-2.7844729259518273j)
(1.0942505365137107-2.0396984349530087j)
(1.3044292373395818-1.3358676892561068j)
(1.5561802810228507-0.6687154351615557j)
(1.8478078725650926-0.034549571520792764j)
(2.1789109512995557+0.5697211662223306j)
(2.5502907833784008+1.1465430163689j)
(2.9639189055832844+1.697640730247461j)
(3.42295579213855+2.2238913625729704j)
(3.931811406581677+2.725126052552204j)
(4.496236357898765+3.1998293995023306j)
(5.123424734475161+3.644693968376665j)
(5.822093079470408+4.053970958847726j)
(6.602467621685019+4.418537649645236j)
(7.47605219408403+4.7245817441262705j)
(8.454943825901+4.951794849979348j)
(9.550286407689407+5.071005332138525j)
(10.769182061655632+5.041341711674395j)
(12.109033699606462+4.807458826504032j)
(13.548047276911948+4.298345910197674j)
(15.031069264012554+3.4310537181559075j)
(16.4524223088202+2.125104438767483j)
(17.643780231482076+0.33420835054041254j)
(18.384822790659097-1.904664274297087j)
(18.457468941443455-4.425155271455136j)
(17.740712159276033-6.933041152733872j)
(16.29225340010804-9.089223410939884j)
(14.343576442688551-10.639212915082727j)
(12.20113410935662-11.497097560548294j)
(10.130412859158778-11.732604304350563j)
(8.295987535772952-11.497192726438113j)
(6.764394666394769-10.952614051143826j)
(5.536380086066386-10.232100678769836j)
(4.579530661188215-9.430359231318505j)
(3.8503052879229207-8.60828295088032j)
(3.305728353161426-7.801893722922735j)
(2.9082909904428167-7.030620252494663j)
(2.62722195581245-6.303501286600612j)
(2.4381217679073655-5.623385159190632j)
(2.3220169804704422-4.989613096551086j)
(2.2647997381418103-4.399619454514414j)
(2.254624886486042-3.8501505742534428j)
(2.2832692705992987-3.337484993675614j)
(2.3444607977781615-2.857977622082274j)
(2.4335614075304015-2.4082058846253083j)
(2.5472311972094133-1.9850598407952087j)
(2.683173581713125-1.5857878193480606j)
(2.8399462781807374-1.20801982200378j)
(3.016822910398486-0.8497833499229297j)
(3.213692729112149-0.5095214797483273j)
(3.4309882371929636-0.18612032572816684j)
(3.669631937168646+0.12104827082786654j)
(3.9309938630233385+0.41206340956997145j)
(4.2168509027776695+0.6863656960769168j)
(4.529336970186713+0.9426361143105367j)
(4.8708695563697875+1.1786379160287315j)
(5.2440327421861035+1.3910177681551894j)
(5.651389113445232+1.5750664873092184j)
(6.095183331381987+1.724448457061818j)
(6.576889599009753+1.830925436598565j)
(7.09654752242141+1.884129099746314j)
(7.651833874907436+1.8714814768861119j)
(8.236846369504228+1.7784245354605026j)
(8.840652596370315+1.5891901468052756j)
(9.445808759703128+1.288387939858507j)
(10.027288190863322+0.8636438491726393j)
(10.552529581120092+0.3092867670126458j)
(10.98345872679781-0.36942512281902706j)
(11.281081519638816-1.1527541016637444j)
(11.41236100693733-2.005370021596264j)
(11.357733920486913-2.879213866417863j)
(11.116568573266598-3.7205071266701584j)
(10.708127718394033-4.479047329452346j)
(10.16742423134711-5.116580586425241j)
(9.537668724772598-5.611462383485709j)
(8.862239511042073-5.958721399949672j)
(8.17863726178788-6.16662895148152j)
(7.515422787479742-6.251786315475359j)
(6.891791831117019-6.234474552062628j)
(6.3188057626366145-6.1351935941876095j)
(5.801304737539782-5.972568510452004j)
(5.339839897952572-5.762379231574349j)
(4.932294583985141-5.517344264963515j)
(4.575099416481392-5.247328799258765j)
(4.264071336888684-4.959743144446036j)
(3.9949543292405107-4.659989385702471j)
(3.763744761488267-4.351881918043072j)
(3.5668715641886375-4.0380104330277184j)
(3.4012842737953544-3.720038024860981j)
(3.2644862859146775-3.398939020494477j)
(3.1545383854814335-3.0751860361800043j)
(3.0700487765204176-2.74889698882494j)
(3.010159788174468-2.4199523525814555j)
(2.9745374342050286-2.0880919609416124j)
(2.963367387495314-1.752999688289066j)
(2.9773591687985896-1.4143836822309988j)
(3.0177590184481615-1.072059585478291j)
(3.0863706612203443-0.726044432437208j)
(3.185581636336925-0.376669631587289j)
(3.31839064722446-0.02472259357383037j)
(3.4884279864021766+0.32837202736192306j)
(3.699955857137566+0.6803192237797979j)
(3.957827530681778+1.02765602353901j)
(4.267372855140297+1.3653787836375268j)
(4.634162019513083+1.6864919529147744j)
(5.063580061274718+1.9814915705088894j)
(5.560124471767071+2.237829549311065j)
(6.126326124898124+2.439461657971804j)
(6.761208189565967+2.566669166030298j)
(7.458270692051499+2.59645659447869j)
(8.20316237467079+2.5039331552553077j)
(8.971507080072247+2.265100470554765j)
(9.727752678810836+1.8612549094266726j)
(10.426223610441568+1.2846300309866545j)
(11.015426291584074+0.543977460270668j)
(11.445721490994158-0.332086465531283j)
(11.678811707859522-1.296188001931322j)
(11.6959554900804-2.2886033057745108j)
(11.501689159634267-3.2474169995560023j)
(11.121618973593955-4.118971533221829j)
(10.595505846298773-4.8651290257483115j)
(9.968615682432347-5.465684836673589j)
(9.284240695248023-5.916509850981548j)
(8.578955648042026-6.22529287208405j)
(7.880707425139814-6.406794358636149j)
(7.208978732735538-6.478837967476842j)
(6.576079241024075-6.459500385171772j)
(5.988816041197855-6.365448441938489j)
(5.450094826175389-6.211150698823808j)
(4.960250449367059-6.008660735206185j)
(4.518060189814089-5.76772615601339j)
(4.1214699773393395-5.496053873176123j)
(3.7680913516765693-5.199628152382837j)
(3.4555287281919984-4.883025080306314j)
(3.181587669893572-4.549697192093977j)
(2.944403317972937-4.202219557828582j)
(2.7425174645120802-3.842498034721733j)
(2.574924129180662-3.4719449348313596j)
(2.441096984898009-3.0916292208002694j)
(2.341007196325621-2.70240886745042j)
(2.275136713455694-2.305052989646996j)
(2.2444893432770034-1.9003611512412735j)
(2.2505995996260433-1.4892871255206215j)
(2.2955370431330278-1.0730743124026114j)
(2.3819012341136947-0.6534099442658785j)
(2.512799210355528-0.23260490534247735j)
(2.6917932730590888+0.18619496168742555j)
(2.922801601487452+0.5987624571621515j)
(3.2099278167757768+0.9995085467037002j)
(3.5571885482899246+1.3811772472555786j)
(3.9681017111414616+1.7345394265155474j)
(4.445095545294071+2.0481307862211535j)
(4.98870480672784+2.308109721679129j)
(5.596543984013221+2.4983481828721708j)
(6.2620982452900655+2.600905454814647j)
(6.973459547391314+2.5970534096395044j)
(7.71225628502243+2.468992741013831j)
(8.45315476457337+2.2022865337724458j)
(9.164388804194735+1.7888162763836912j)
(9.809708550937135+1.2297598422728804j)
(10.351851328198293+0.5378067144363028j)
(10.757136779137413-0.2622578935521097j)
(11.000244000107017-1.1351886675457241j)
(11.067931036895766-2.039082357431152j)
(10.960646689391528-2.9305367751938416j)
(10.691642910102315-3.769871177550343j)
(10.284010351077393-4.525159124694018j)
(9.76662718439967-5.174349219422141j)
(9.17011363379257-5.705438325535916j)
(8.523590481920268-6.115184469284282j)
(7.852588364755844-6.407048879618197j)
(7.178068648055305-6.588983166485518j)
(6.516298970314485-6.671468098484465j)
(5.879268510707526-6.665991827436198j)
(5.27536927118575-6.583994921710357j)
(4.71014912407857-6.436220451840832j)
(4.187020703464485-6.232374313941551j)
(3.707870271455258-5.981001682418131j)
(3.273549711560914-5.689501639468283j)
(2.8842565951471815-5.36422213230026j)
(2.5398172386244897-5.010595697696166j)
(2.2398905292776705-4.633290786006067j)
(1.9841094069763054-4.236363861249469j)
(1.7721743551968476-3.8234043976030803j)
(1.6039102637326736-3.3976692722592983j)
(1.4792951683398408-2.9622056268781716j)
(1.3984668935032185-2.519962623225568j)
(1.361711584554328-2.073893071917237j)
(1.369436491737583-1.6270459452028747j)
(1.422128110986385-1.1826504697658462j)
(1.5202958457719389-0.7441919354629029j)
(1.6644007003325492-0.31547860584105436j)
(1.8547681402962137+0.0993017952544048j)
(2.0914841832229327+0.49553860062247623j)
(2.374274057944746+0.8681714712122439j)
(2.7023634722597083+1.2116854150822516j)
(3.07432374648148+1.520133773056498j)
(3.48790390296617+1.7871964577442443j)
(3.939855326589179+2.00628142309943j)
(4.425757848144636+2.170677351381693j)
(4.939859961202671+2.2737644861920017j)
(5.474950096635386+2.3092879726762225j)
(6.0222799379055765+2.271693561576088j)
(6.571563862541203+2.156518799298545j)
(7.111079652707781+1.960823875714838j)
(7.62789335833069+1.6836356627328901j)
(8.108224403961021+1.3263673767784827j)
(8.5379549343049+0.8931667379534103j)
(8.903270153232922+0.39114010314456044j)
(9.191395567453835-0.1695983950272697j)
(9.391375714935407-0.7760930039048597j)
(9.494821544534915-1.4129477264715151j)
(9.496544918672086-2.0629545177820736j)
(9.39500255236689-2.7079079507821056j)
(9.192489453703006-3.32953663600163j)
(8.895051587767107-3.9104614766051506j)
(8.512123771095656-4.435084767194526j)
(8.055934452307998-4.890323919246479j)
(7.540746862171593-5.266127055079965j)
(6.98202098122484-5.555739492265644j)
(6.395581244068143-5.7557233829268615j)
(5.79686271420772-5.865761144050037j)
(5.200287910503754-5.888292576703399j)
(4.618802731404269-5.828044234216382j)
(4.06357763249676-5.691508645111678j)
(3.5438625128443197-5.486423003907404j)
(3.066972060163337-5.221285049541972j)
(2.6383725128891733-4.904930915138011j)
(2.261839872781821-4.546187852418033j)
(1.939662081206113-4.153605118151711j)
(1.6728620979333277-3.7352593909997664j)
(1.4614239925311976-3.2986267481013334j)
(1.3045092266960556-2.8505110450002085j)
(1.2006547636214435-2.3970179677368946j)
(1.1479482539298271-1.9435645336712573j)
(1.1441782734546284-1.4949149623685627j)
(1.1869594968276174-1.0552352815834614j)
(1.273833907742997-0.628160541998655j)
(1.4023498118305742-0.21686994063527112j)
(1.5701206617587278+0.1758335855375485j)
(1.7748656356418668+0.5474416757105827j)
(2.0144336128728213+0.8956583078605025j)
(2.2868117254798705+1.218317917736616j)
(2.5901190664503235+1.5133043735436513j)
(2.922585431942048+1.7784711205887505j)
(3.282514175882669+2.011562876186032j)
(3.668227377477723+2.210139622056082j)
(4.077990592514125+2.3715043905052084j)
(4.509913539274016+2.4926375902890934j)
(4.961822283716825+2.570142525660373j)
(5.431098067581907+2.600209515029939j)
(5.914478265793943+2.5786097994286212j)
(6.4078167065434+2.50073535410598j)
(6.905804694205782+2.3617066617782716j)
(7.40166183967909+2.1565768691913j)
(7.886818752410496+1.880666037555168j)
(8.350633122436875+1.5300605132788456j)
(8.780206911374773+1.1023050139340909j)
(9.160402614580802+0.5972922199152313j)
(9.47418296023159+0.01830936226739498j)
(9.703405733011435-0.6268703308804087j)
(9.8301715362166-1.325055151704291j)
(9.83872499976735-2.057152411693897j)
(9.717742596017509-2.7984633179288596j)
(9.462633101846212-3.5200112115940243j)
(9.07730870414743-4.1909448813992904j)
(8.574863016124473-4.781732047907019j)
(7.97679145854554-5.267535671684829j)
(7.310780434904411-5.6310090823385375j)
(6.607523998928118-5.863863899556953j)
(5.897302992688985-5.966926980803024j)
(5.207061441659414-5.948845177227816j)
(4.5584677499639845-5.823924980799589j)
(3.9670982150981557-5.609699729517791j)
(3.44258395762738-5.324718311224948j)
(2.9894051121607195-4.986845470968465j)
(2.6079975365803043-4.612159255308517j)
(2.2959063053354325-4.214387393426339j)
(2.0488190611973587-3.804754657870656j)
(1.8614015374468682-3.3921009685248107j)
(1.7279205340392636-2.9831502324588657j)
(1.642675491884285-2.582841915998854j)
(1.6002749928191007-2.1946685320541564j)
(1.5957967869826784-1.8209870530023444j)
(1.6248656179981555-1.4632896192824532j)
(1.6836763361727154-1.1224298265151862j)
(1.7689828784137471-0.7988070162310461j)
(1.878067709423281-0.49251396317568147j)
(2.0087015822229266-0.20345439238236168j)
(2.159099934377483+0.0685632596424664j)
(2.3278796840377343+0.32374994644077904j)
(2.514018385695433+0.5622727748116781j)
(2.7168164241602915+0.784199910521187j)
(2.9358619744238807+0.9894496920675605j)
(3.1709976742220793+1.1777404772417852j)
(3.4222872077256703+1.3485380904400317j)
(3.6899791573282097+1.5009980060627257j)
(3.9744644220997385+1.6338996693804542j)
(4.276222097077965+1.7455707452083407j)
(4.595746823750968+1.8337997996711806j)
(4.933448137927725+1.895737289280846j)
(5.28950919720012+1.9277872733150387j)
(5.663688578255544+1.9254967719790408j)
(6.055045096151123+1.8834573057589168j)
(6.461563099743224+1.795245366386015j)
(6.879657151766882+1.6534470065209745j)
(7.303545430020547+1.4498373441560761j)
(7.724508766468847+1.1758169274704944j)
(8.130108143864115+0.8232356696130323j)
(8.503528383191373+0.38574155632329454j)
(8.823349269092455-0.13926164676566744j)
(9.064184929092832-0.7481275038761035j)
(9.198686981931406-1.4283448397134593j)
(9.201223950958736-2.1565999565156098j)
(9.052987774149011-2.8986790252472834j)
(8.747392395380205-3.6122506132582055j)
(8.293851810304297-4.252698196198999j)
(7.718051287977011-4.780725339409618j)
(7.058033378807791-5.169270150987218j)
(6.3572770107787075-5.407302225495645j)
(5.657240042640134-5.499474420800055j)
(4.991729228543691-5.462422913707311j)
(4.384233355135288-5.31958755492152j)
(3.847981569724234-5.096357245902008j)
(3.3877176630618173-4.816570352616427j)
(3.0021131361413476-4.500576254858972j)
(2.68606855786419-4.1645611255939325j)
(2.432543351964052-3.8206841074230113j)
(2.2338374609407334-3.4776229089883595j)
(2.082395974354936-3.141253503405423j)
(1.971256717060948-2.8153079706538437j)
(1.894256823712158-2.50193977234371j)
(1.8460901246196317-2.20217667415183j)
(1.8222802435416403-1.9162673890890063j)
(1.8191117945988984-1.6439384805509554j)
(1.8335455995165926-1.384580284192534j)
(1.8631327571910647-1.1373790337864411j)
(1.9059353678219342-0.9014094670206071j)
(1.960457484885267-0.6756991529582395j)
(2.0255874591439027-0.4592731337718986j)
(2.1005515579144234-0.25118536315008283j)
(2.1848781297901616-0.05054184484514557j)
(2.2783713443014264+0.14348073991028792j)
(2.3810934798013306+0.3316178556173819j)
(2.493354738787081+0.5144987351832897j)
(2.615709550028096+0.6926242925973458j)
(2.74895819497029+0.866338726393057j)
(2.894152288442377+1.0357919203587846j)
(3.052602042774658+1.2008892779717026j)
(3.225882200218491+1.36122503158015j)
(3.4158318222651336+1.5159944515672028j)
(3.6245404968057846+1.6638799621575173j)
(3.8543096231186906+1.8029063742330076j)
(4.107571915487691+1.9302620514702515j)
(4.386744956676827+2.042087174140594j)
(4.693985939213927+2.133239481824213j)
(5.030806446766864+2.1970649782966216j)
(5.397502798561735+2.2252295616282414j)
(5.7923682810173265+2.2077096284103908j)
(6.2106937583981825+2.1330920112270744j)
(6.643652110447896+1.989379141732171j)
(7.077312399070584+1.765493519360873j)
(7.492221441935818+1.4535600876289376j)
(7.864133342716831+1.0517511036043388j)
(8.1663883730233+0.5670199567887274j)
(8.373966936961141+0.01662424489157258j)
(8.468404442573432-0.5726773896565387j)
(8.441971038716648-1.1681701577934889j)
(8.299444074981977-1.7366514934478017j)
(8.056719827228605-2.24999494676408j)
(7.736919097339707-2.6889503701869617j)
(7.365598068347611-3.0442821450728315j)
(6.9666574104558165-3.315567166015448j)
(6.559810049545785-3.508697940456255j)
(6.159648550431654-3.6331636500816202j)
(5.775868362466459-3.699794605387779j)
(5.414099863608433-3.719217501766513j)
(5.07692130887886-3.7009767370067856j)
(4.764801329267807-3.653153259229494j)
(4.476863814244264-3.582299986804091j)
(4.211456658675486-3.493549796397824j)
(3.9665484386770986-3.3907990020235865j)
(3.7399908869778553-3.2769086523099142j)
(3.5296842920860194-3.1538935307194937j)
(3.333676531903387-3.0230858662732336j)
(3.1502189733160026-2.8852704044326773j)
(2.9777958785115235-2.7407923681818804j)
(2.8151388253873915-2.5896419479960513j)
(2.661233926077711-2.431519589692559j)
(2.5153270525572693-2.2658862787796137j)
(2.3769305583080476-2.0920026892531927j)
(2.245833864067717-1.9089607106974311j)
(2.122119549580043-1.7157106115741638j)
(2.006186102640366-1.5110869986111632j)
(1.8987780923826478-1.293836820428591j)
(1.801024140835667-1.0626529489165097j)
(1.7144825497666354-0.8162173513454788j)
(1.641193669323958-0.5532585168446855j)
(1.5837369175471157-0.2726285645295857j)
(1.5452885940017562+0.02659378274435j)
(1.5296740757758718+0.34496764649778977j)
(1.541404451890878+0.6825152246582793j)
(1.5856830412588045+1.0385024347547689j)
(1.6683616716458847+1.4111728972846962j)
(1.7958206402454295+1.7974396183765005j)
(1.9747412508000723+2.192549476182979j)
(2.211738134900362+2.5897515502572794j)
(2.512823894334861+2.980021231097216j)
(2.882695580714052+3.3519153838138362j)
(3.323865427425122+3.691653453151064j)
(3.835708225896019+3.9835248144191793j)
(4.413558898219284+4.2107005415632335j)
(5.048049756746996+4.356466879749248j)
(5.724901221818798+4.405797723212268j)
(6.4253441107806815+4.347063689896752j)
(7.127242058181935+4.173576767000094j)
(7.806816409206454+3.8846415179375984j)
(8.440705363986122+3.4858586887850835j)
(9.007982563064708+2.9885944898244015j)
(9.491766224919072+2.40873241606331j)
(9.880167772767088+1.7649874943971406j)
(10.166508391010236+1.077128815715706j)
(10.348902504137701+0.36441593024567015j)
(10.429414864673591-0.3555568861347729j)
(10.413026065419606-1.0675443104658742j)
(10.306606437183076-1.7589022648521835j)
(10.118032064919364-2.4195097534535006j)
(9.855507949549027-3.0414788170726963j)
(9.52710943345404-3.6187597170402923j)
(9.140519299121419-4.146723195394712j)
(8.702922122929033-4.621774130313749j)
(8.221014054531615-5.041027505388001j)
(7.701089685495053-5.4020605506802735j)
(7.149173918386012-5.702743880522042j)
(6.5711732142497095-5.941148026047464j)
(5.973026072548651-6.1155183072791575j)
(5.360836771981735-6.224309115058501j)
(4.740979486969745-6.266267379693801j)
(4.120162361426835-6.240553706698855j)
(3.505443508503861-6.146888148882278j)
(2.904193694043095-5.985705960608905j)
(2.324003975373676-5.7583072895154075j)
(1.7725408892247776-5.466984100199802j)
(1.2573567056093136-5.1151082224011635j)
(0.7856672885901025-4.7071666904771625j)
(0.36411450419147-4.248734652365708j)
(-0.0014669204418026774-3.746381869803755j)
(-0.306257356167153-3.2075156064918677j)
(-0.5466160229836355-2.640169586639279j)
(-0.7201856821586239-2.0527546422467453j)
(-0.8259295188908871-1.4537906933406652j)
(-0.8640985579658613-0.851641192708094j)
(-0.8361349270358642-0.2542699680357678j)
(-0.7445220935759309+0.330963136386739j)
(-0.5925971063751495+0.8974565338620798j)
(-0.38434154605398546+1.439465566623016j)
(-0.12416743652822278+1.952145556337984j)
(0.18328776887783724+2.431543740618532j)
(0.5333462120925722+2.874547737870272j)
(0.9214473590615618+3.2787998216283754j)
(1.3432745850357957+3.642586567453007j)
(1.7948496836726433+3.9647126550923697j)
(2.2725965189564783+4.244366120552674j)
(2.7733763599071612+4.480980496559594j)
(3.294497965836013+4.674097334386607j)
(3.833705316257331+4.82323076577856j)
(4.389145105058943+4.927734168636612j)
(4.959314817883632+4.986667720279447j)
(5.542990410049976+4.998664712297711j)
(6.139130261333081+4.96179403356394j)
(6.7467490963018815+4.8734163414127405j)
(7.364751754601229+4.7300324059889265j)
(7.991711869190676+4.527124425945164j)
(8.625574494838247+4.258995634289775j)
(9.26325456530623+3.9186216543663357j)
(9.900095358975873+3.497541034518676j)
(10.529144829465151+2.9858354068864874j)
(11.140207260672481+2.372285986711304j)
(11.718642686459193+1.6448469652787083j)
(12.243934470662037+0.7916491177887452j)
(12.688155285769056-0.19717061015546575j)
(13.014672476801177-1.3264611890179152j)
(13.177777739856012-2.59157481261028j)
(13.124375638677915-3.9724415183496893j)
(12.799225497756854-5.427042161251318j)
(12.155013508080813-6.886494378763362j)
(11.167011857297705-8.255470294459661j)
(9.848908726167503-9.421945551394964j)
(8.26280359874756-10.277492023873595j)
(6.515688758841199-10.743225827978085j)
(4.739942739704404-10.790762991185982j)
(3.064463471027441-10.4479227976926j)
(1.5888681148605721-9.786888997557371j)
(0.3705107572716123-8.901966075554853j)
(-0.5741887925182747-7.887530281730201j)
(-1.2593160168005646-6.823305587793959j)
(-1.7166282423298225-5.768372594288127j)
(-1.9847805773110625-4.7615946457559275j)
(-2.102178202568591-3.825281356511773j)
(-2.1031574296996727-2.969684954127267j)
(-2.016512448748882-2.1970396405555044j)
(-1.8653986945452694-1.5046854486706636j)
(-1.6679080398655206-0.8872685665256661j)
(-1.4378848667159432-0.3381883681482806j)
(-1.1857541516163914+0.14950602673365662j)
(-0.9192586243593369+0.582594470710136j)
(-0.6440716374149354+0.9674077274034343j)
(-0.3642865942895838+1.309700415367918j)
(-0.08279805272950752+1.6146136816186047j)
(0.1984063736932398+1.8866883399349896j)
(0.4780249272744696+2.1299040634183593j)
(0.7552756094274732+2.3477298950273324j)
(1.0297722315999773+2.5431774726654877j)
(1.301432537750218+2.718852162055345j)
(1.5704106609623076+2.8769995826096615j)
(1.837048055081084+3.0195463505037696j)
(2.10183850632149+3.1481346055546693j)
(2.3654039496065304+3.264150259711046j)
(2.6284786594100944+3.368745044446322j)
(2.8919000144838063+3.4628524259166826j)
(3.1566044962954942+3.547197348063037j)
(3.4236279051233396+3.6222995787548933j)
(3.6941089851625786+3.688470180190119j)
(3.969295746708198+3.745800297858143j)
(4.250553750003147+3.794141048993259j)
(4.5393754425876285+3.8330727706373984j)
(4.837389263704394+3.8618612327293906j)
(5.14636654960065+3.879397605032787j)
(5.468223137065329+3.884117967632861j)
(5.805010724378819+3.8738969797890532j)
(6.158890131011708+3.8459090463958314j)
(6.532074030083006+3.796449172844972j)
(6.926719681727138+3.7207052210624796j)
(7.344741536158047+3.6124746389033655j)
(7.787497925405864+3.4638242790031266j)
(8.25528421026416+3.26470612418648j)
(8.7465369337691+3.0025726342904666j)
(9.25662473046028+2.6620963571946077j)
(9.776088916478995+2.225208655697132j)
(10.288242444940545+1.6718519363522122j)
(10.76622798183102+0.9820869681617946j)
(11.170116590911965+0.14042746162966105j)
(11.445536099269155-0.8567936997639775j)
(11.526536915432919-1.991171032192064j)
(11.346045061109375-3.211727323878233j)
(10.855323842443127-4.430516078701707j)
(10.047658173148237-5.532496718428232j)
(8.97363937167096-6.402620464220785j)
(7.7348302716560235-6.9603731353070675j)
(6.455178956208295-7.1827232950094935j)
(5.245773284037547-7.102816675633379j)
(4.181545658059329-6.788982107958652j)
(3.296796615760038-6.3191565443891005j)
(2.593936806754302-5.762625489122065j)
(2.0562802618556177-5.172071204752712j)
(1.6588735787278388-4.583110943220373j)
(1.3754764772124406-4.017387464745573j)
(1.1821681942250342-3.48647418852322j)
(1.0587285782781601-2.9952944142674176j)
(0.9888011878259038-2.54467924146466j)
(0.959502226450174-2.1331162756960493j)
(0.9608463003673641-1.757874798270194j)
(0.9851696020449646-1.4156958170335645j)
(1.02662421215885-1.103195993478375j)
(1.0807634759388567-0.8170908986531057j)
(1.144214450273386-0.5543077833933253j)
(1.2144246674291175-0.3120328110654353j)
(1.289468816522032-0.08772077110824872j)
(1.3679022331224222+0.12091564028465863j)
(1.448650307810285+0.3159267737117282j)
(1.5309251939549509+0.4991512806174342j)
(1.6141631785931194+0.6722423383695033j)
(1.6979776939321622+0.8366930862494152j)
(1.7821242110593023+0.9938604443429789j)
(1.8664742279153728+1.1449870311230166j)
(1.9509963020440364+1.2912212055725065j)
(2.0357426404693433+1.433635431415851j)
(2.120840190331598+1.5732432531638938j)
(2.206485511654884+1.7110152224560227j)
(2.2929429875261107+1.8478941410874183j)
(2.380546161463677+1.9848100083771913j)
(2.469702208118648+2.12269508457458j)
(2.560899761950328+2.2624995155483525j)
(2.6547205707478723+2.4052080124685333j)
(2.7518557325884445+2.5518581484895777j)
(2.8531276497519404+2.70356092742731j)
(2.959519338462362+2.8615244018210366j)
(3.07221343829382+3.027081273445858j)
(3.1926442743453056+3.2017215990940797j)
(3.322567801104443+3.3871319410189904j)
(3.4641564559053606+3.5852425184670125j)
(3.620129285589565+3.798284065074207j)
(3.7939328610109406+4.02885601379717j)
(3.989996594029431+4.280006950184192j)
(4.214099047847979+4.555326185438027j)
(4.4739030145600776+4.859040009519923j)
(4.779752359604198+5.196093685035349j)
(5.145883210618253+5.572171425614782j)
(5.592304128631683+5.993540267856999j)
(6.147775274396114+6.4664491771998795j)
(6.8546119725159445+6.995446965185636j)
(7.776496159154813+7.579085211463177j)
(9.010989015238568+8.199231287441412j)
(10.707965188637132+8.794579464511433j)
(13.088265067388152+9.195431326143833j)
(16.419581488404294+8.971867356568483j)
(20.76167968471994+7.160388549643774j)
(25.026331245086283+2.259372052717495j)
(25.943709543960743-5.788155593554306j)
(21.479289689452127-12.805618657681473j)
(15.016159362836076-15.339857636995168j)
(9.946355782671745-14.724216792127235j)
(6.7262641324250785-13.060466730935113j)
(4.784573065361982-11.324174470313379j)
(3.6059303470894015-9.800299754996235j)
(2.8728371230471486-8.526642724065443j)
(2.4043927095380746-7.472678693738483j)
(2.0976226510048424-6.596739647632426j)
(1.8925311786062922-5.861669663375677j)
(1.753097298313764-5.237696009433158j)
(1.6570250620670075-4.701762598916628j)
(1.5901132210389664-4.236157616116084j)
(1.5430775369559613-3.8272333733862545j)
(1.509704353051733-3.46438840966301j)
(1.4857467258833943-3.1393011667418835j)
(1.4682466039051076-2.8453639462661116j)
(1.4551082366284416-2.577266338433738j)
(1.444823605075119-2.330687481213156j)
(1.4362920834922925-2.1020669410868087j)
(1.4286998349378004-1.8884323967683485j)
(1.4214378768982683-1.687268517867498j)
(1.4140456888171924-1.496415872755829j)
(1.4061720297326412-1.3139918332328184j)
(1.3975475979955536-1.1383276436338094j)
(1.3879660377508547-0.967917366210001j)
(1.3772710091619935-0.8013754991549333j)
(1.3653478474397014-0.6374008245197882j)
(1.3521188962138992-0.4747445738216244j)
(1.3375420128549889-0.3121813632087421j)
(1.3216120732607284-0.1484815911485478j)
(1.30436559956005+0.017615860491409622j)
(1.2858889359793189+0.18743170569481352j)
(1.2663307444682785+0.36237617936448674j)
(1.2459200265689163+0.5439818990969458j)
(1.2249914576054513+0.7339408076105297j)
(1.2040206206125665+0.9341463955636385j)
(1.1836728601133175+1.1467424182372472j)
(1.1648710983433634+1.374179207095082j)
(1.148890298152853+1.6192782794067473j)
(1.137489645911987+1.885304966237627j)
(1.1330984210595108+2.176046650194439j)
(1.1390785148841478+2.4958898854164198j)
(1.1600963435987564+2.849881233214108j)
(1.2026499709569023+3.243740553008703j)
(1.2758130930723586+3.6837653762028477j)
(1.392272330515124+4.176509761429886j)
(1.5697352712739183+4.728022507407882j)
(1.8327392092776333+5.342261903325507j)
(2.2147107729647977+6.018043450497878j)
(2.759635624810588+6.743548236952073j)
(3.521580603213317+7.48724743217328j)
(4.5582434148995565+8.184865807199776j)
(5.912165914889324+8.725546008271275j)
(7.573832958043398+8.94894796082044j)
(9.43354483649707+8.675757038619766j)
(11.258925371971838+7.787671522519083j)
(12.752173199261106+6.3233723454078925j)
(13.683633011309597+4.499967180583857j)
(13.997951730562473+2.6143750634985303j)
(13.802268493919833+0.9074184086955487j)
(13.272963847605647-0.5009681424781609j)
(12.572562290865573-1.594070992488798j)
(11.815536851965117-2.4109029881310455j)
(11.069268981373332-3.0080935223460497j)
(10.367373930120577-3.4398547176535486j)
(9.722847732681311-3.7507558730410153j)
(9.137394549106245-3.974865973569307j)
(8.60713631423675-4.13726843316181j)
(8.12581562875698-4.256070482241383j)
(7.686475410134523-4.34420259217041j)
(7.282277131066215-4.410828657197606j)
(6.906855286312279-4.4623845729759966j)
(6.554433442795648-4.5033180394521795j)
(6.219825300732058-4.536604578737503j)
(5.898386896491244-4.564101165242004j)
(5.585954904464782-4.586783481769217j)
(5.278789515738407-4.604900018721005j)
(4.973531976242838-4.618066824373267j)
(4.667182836696183-4.625320359060524j)
(4.357105200534377-4.625142051019603j)
(4.041056507854558-4.615466310628611j)
(3.717251824807872-4.593683555503581j)
(3.384460533529315-4.556650898821956j)
(3.0421360765080316-4.500725150098931j)
(2.690574346329368-4.42183503300304j)
(2.331089890410204-4.315611001529991j)
(1.9661901796274344-4.177590184280153j)
(1.5997174735577417-4.003508809886972j)
(1.236917384319367-3.7896829463831274j)
(0.8843868960241967-3.5334594279905986j)
(0.5498575283081362-3.233693689406849j)
(0.24178659155421864-2.8911848534225686j)
(-0.031236872521766552-2.5089798100590563j)
(-0.2612190407758394-2.092458103273438j)
(-0.44152271829888695-1.6491362054206429j)
(-0.5675358133875594-1.1881823729807353j)
(-0.6371227453220285-0.7196988871062656j)
(-0.6507745442302489-0.2538854182142559j)
(-0.6114390671260342+0.19977548440372123j)
(-0.5240819385567607+0.6331818779300414j)
(-0.3950784931642253+1.0400409984552053j)
(-0.23155403376793457+1.4160385041853962j)
(-0.040775217591013456+1.7587773386357772j)
(0.17033887405183012+2.0675487611880543j)
(0.3955565489936744+2.3430086342015333j)
(0.629527280569473+2.5868244527906437j)
(0.8678531067978729+2.801341219381308j)
(1.1070700145412518+2.989294777335128j)
(1.3445715628312598+3.153584564013549j)
(1.578501883872931+3.2971059703509056j)
(1.807638236148696+3.4226356009367227j)
(2.0312765103778796+3.532759688464197j)
(2.249127513390275+3.629835442220889j)
(2.461227765221996+3.7159760761067298j)
(2.6678658274361764+3.7930518526040133j)
(2.8695235557077514+3.862701186335418j)
(3.06683083065368+3.926347402465556j)
(3.2605320023433046+3.9852180272790694j)
(3.4514622833552573+4.040364479219362j)
(3.6405325013205823+4.092680753292008j)
(3.828720883232823+4.142920192500156j)
(4.017070835975325+4.19170976099j)
(4.206693981518646+4.239561412588972j)
(4.398777988663769+4.2868802134349115j)
(4.594599013947563+4.333968845543361j)
(4.795538826278324+4.381027995169039j)
(5.003106950053803+4.4281519091681645j)
(5.218968427834477+4.475318063510427j)
(5.444978082627091+4.522369391774755j)
(5.683222453250933+4.568986804179448j)
(5.936070875095707+4.6146486898067485j)
(6.206237451423044+4.658572583068328j)
(6.496855830799784+4.6996319563085205j)
(6.811568608943835+4.73623781797403j)
(7.154632468412076+4.766169911672034j)
(7.53103817660938+4.786335021542967j)
(7.9466399364768066+4.792419024665494j)
(8.40827868684123+4.778383287310832j)
(8.923863638455204+4.735732853104067j)
(9.502335671831183+4.652452137975333j)
(10.15335634411043+4.511465216703538j)
(10.886412569875123+4.288445193503726j)
(11.708740891292589+3.9488165664720634j)
(12.620974629449387+3.443998734416395j)
(13.608653386917805+2.7076638613260715j)
(14.626958574176353+1.65475245620013j)
(15.5766485881442+0.19032423379947452j)
(16.275454135072977-1.757929354741925j)
(16.448612683721255-4.167772851346482j)
(15.791773672846329-6.82301616134768j)
(14.146319720478905-9.27706245382247j)
(11.689594468528036-11.010676158427248j)
(8.908120796682764-11.730709990441772j)
(6.319265196810655-11.515010931752453j)
(4.225730747346358-10.67428344053991j)
(2.6902471574928164-9.53411419929272j)
(1.6386250624117027-8.323135269578135j)
(0.9564561892832572-7.1664293010025775j)
(0.5381742107320034-6.1178863643964165j)
(0.3018296275678592-5.191804220520375j)
(0.18857792319937577-4.383569838401435j)
(0.15769918165255867-3.6810335620486727j)
(0.18147696099092425-3.0701190825731954j)
(0.2411552182673587-2.537320059212659j)
(0.32404577308800103-2.0706445068608894j)
(0.4215466601039156-1.6598349461240225j)
(0.527809581285936-1.296278280091778j)
(0.6388492644108066-0.972803250979281j)
(0.7519477776750525-0.6834553216733726j)
(0.8652543920119524-0.42328649833493887j)
(0.9775151247917333-0.1881730661635505j)
(1.0878886473279394+0.025336761581548014j)
(1.195820074496998+0.22014776054681784j)
(1.3009538371665645+0.3987191201993841j)
(1.40307315221479+0.5631464492468001j)
(1.5020577365127232+0.7152280343883428j)
(1.5978541305400913+0.8565184654666315j)
(1.6904548000315767+0.9883721818806258j)
(1.7798833886766847+1.1119790009285784j)
(1.8661843065303945+1.2283932755531901j)
(1.9494153901953297+1.3385579941773655j)
(2.0296427485048065+1.4433248691198535j)
(2.1069371681503046+1.5434712510030828j)
(2.181371635017464+1.6397145438903427j)
(2.253019653980383+1.732724670497558j)
(2.321954139402552+1.8231350413600165j)
(2.3882467120234727+1.9115524105874204j)
(2.451967283072206+1.9985659495566834j)
(2.5131838387029286+2.084755835566649j)
(2.5719623609002187+2.170701633222201j)
(2.6283668374181395+2.256990741252825j)
(2.6824593248751363+2.344227186756131j)
(2.734300037028825+2.433041073734775j)
(2.783947435292262+2.524099035834626j)
(2.8314583011774572+2.6181161086179814j)
(2.876887770725546+2.7158695310168213j)
(2.920289308968598+2.8182151184779753j)
(2.9617145975749004+2.926107036038311j)
(3.001213300082738+3.0406220593134257j)
(3.038832654836505+3.162989776727361j)
(3.074616823074064+3.294630704903443j)
(3.1086058838733135+3.437205033903332j)
(3.140834310983905+3.5926758034058994j)
(3.1713286755570183+3.763391914676654j)
(3.2001041702368207+3.9521987968124757j)
(3.2271593027843384+4.162588249335843j)
(3.2524676863017463+4.398904789809615j)
(3.2759651173783118+4.6666351594663436j)
(3.297528810101996+4.972823018826035j)
(3.3169431939068277+5.3266770041826765j)
(3.333841935866008+5.740486279365477j)
(3.347606283817523+6.2310417382477326j)
(3.357179573990612+6.821921626138571j)
(3.360712281403989+7.5473238012494805j)
(3.3548425842636544+8.458819668270133j)
(3.3331310347329643+9.63800299432195j)
(3.2823359640169607+11.222045360457953j)
(3.172455055703526+13.460621468038758j)
(2.9255148506450137+16.860438870400227j)
(2.2922796901869185+22.627207945914975j)
(0.14187677958412936+34.470559121528574j)
(-14.447159758496507+70.89049936009485j)
(-181.351670651886-108.66585581384876j)
(-10.159344138638835-51.59809736799067j)
(-1.2902866740732273-28.63184169332368j)
(0.861654934563342-19.66931604379363j)
(1.7225182299967126-14.940415934801972j)
(2.15867495349872-12.0262647601698j)
(2.4116013896699715-10.052984408362493j)
(2.571102073672929-8.629494733014232j)
(2.6771577635656114-7.554849643516535j)
(2.7499144138788663-6.715285880896166j)
(2.8004862873467475-6.04158940705478j)
(2.8354433966290693-5.489238608642766j)
(2.858885330532877-5.028294361193033j)
(2.8734827504926677-4.637879238341491j)
(2.881036551264714-4.302987149733332j)
(2.8827949780117645-4.012551405319214j)
(2.8796418974835087-3.7582278820782005j)
(2.872212987499195-3.5336024205747956j)
(2.8609698513084267-3.3336593344601018j)
(2.8462486513053347-3.1544158393088435j)
(2.8282928051453764-2.9926648879810505j)
(2.8072754230451884-2.8457905917071957j)
(2.7833149689174417-2.7116333067142637j)
(2.756486339098868-2.588389362760057j)
(2.726828774034067-2.474535369212442j)
(2.6943515360372268-2.3687702213186035j)
(2.6590379806351363-2.2699700200762436j)
(2.6208484514226567-2.1771525163015557j)
(2.5797222984844335-2.0894486386466724j)
(2.5355792339892784-2.0060793194415005j)
(2.488320180682331-1.9263362885000592j)
(2.43782773046641-1.8495658262415737j)
(2.383966305348881-1.7751546948562533j)
(2.326582098227845-1.702517627202406j)
(2.2655028642935515-1.631085866075668j)
(2.2005376342863943-1.5602963239084247j)
(2.131476428403902-1.4895809833064986j)
(2.0580900649697313-1.4183561878502362j)
(1.9801301825622555-1.3460114841657622j)
(1.897329630553484-1.2718976730556846j)
(1.8094034344823804-1.1953137113561074j)
(1.7160506144011773-1.1154920787639389j)
(1.6169572332482776-1.0315821869693405j)
(1.5118011879469686-0.942631364786009j)
(1.4002594412051157-0.8475629072892809j)
(1.282018644189809-0.745150637522987j)
(1.156790442189475-0.6339894104818216j)
(1.024333216551348-0.5124610152871315j)
(0.8844826334949902-0.378695043566547j)
(0.7371941875743481-0.23052455684785333j)
(0.5826019914747202-0.06543691068053953j)
(0.42109941420380914+0.11947895250529172j)
(0.2534488157689421+0.32758578522005344j)
(0.08092949879707477+0.5627462096132796j)
(-0.09446514331528337+0.8293557370244382j)
(-0.26976903118196865+1.1323438233600567j)
(-0.44071161178551294+1.477116092188874j)
(-0.6013056414628662+1.86939666948012j)
(-0.7433596398590616+2.3149111147120522j)
(-0.8559462087837869+2.8188296180128867j)
(-0.9249051101778891+3.3848735152195184j)
(-0.9325367361675277+4.013990933489566j)
(-0.8577472268397083+4.702557571934044j)
(-0.6770182230217554+5.440196872020907j)
(-0.36662474638933257+6.207577459949244j)
(0.09361133118480791+6.974922259466875j)
(0.7152142007988559+7.702313830071443j)
(1.4956090363770167+8.342888858433453j)
(2.4142541422356687+8.84930632328362j)
(3.432540393661096+9.182395119382047j)
(4.498631345087877+9.319312975605998j)
(5.5562678957240585+9.258089644627768j)
(6.554564822480223+9.016784192817816j)
(7.455439382261707+8.627929866112103j)
(8.236757920959857+8.130810561693766j)
(8.8913832042039+7.564345718939088j)
(9.423690549490303+6.962266374984481j)
(9.845336657838619+6.350888330538195j)
(10.171516394644383+5.748897833279046j)
(10.418236953694821+5.168303456510224j)
(10.600632596855498+4.615843362853956j)
(10.732103108301919+4.094399894951972j)
(10.82400766986185+3.604205378953777j)
(10.885686048045143+3.1437747122427013j)
(10.9246449351904+2.710579558543523j)
(10.946807304199783+2.301510255016059j)
(10.956766842627387+1.9131768450349484j)
(10.958018304685394+1.542094525907938j)
(10.953151665304295+1.184789242045474j)
(10.944007160374108+0.8378498919799844j)
(10.931792669261453+0.49794602961319123j)
(10.917166486046675+0.16182427982917783j)
(10.90028861169406-0.1737072341973195j)
(10.880843032984748-0.5117996399325042j)
(10.858032464672588-0.8555837395287023j)
(10.830545971473915-1.2081849171045758j)
(10.796498937829467-1.5727267140385304j)
(10.753344211640764-1.95231567163213j)
(10.69775320619448-2.3499973830391134j)
(10.625466790033602-2.768669817712703j)
(10.53111873480503-3.210934785256004j)
(10.408040601529354-3.6788620413366178j)
(10.248068103962702-4.173633783058462j)
(10.041387667848287-4.695032221205661j)
(9.776490733203632-5.240734035742832j)
(9.440343631595377-5.805391124089131j)
(9.018929182351341-6.3795203913526715j)
(8.498358051936084-6.948313496444823j)
(7.866749423110717-7.490623978986987j)
(7.116982797867131-7.9785847051816265j)
(6.250154997808653-8.378488134738564j)
(5.279109374441799-8.653575800559826j)
(4.230850228667752-8.76902339918817j)
(3.146349907142901-8.698556693491133j)
(2.0766598047413223-8.431015398155372j)
(1.0755453844617573-7.974473087126114j)
(0.1905693425878834-7.355976538964697j)
(-0.5444582958968189-6.616664017859646j)
(-1.1132743452190708-5.804006966447067j)
(-1.5165587663361144-4.963912435773625j)
(-1.768065839819034-4.1349372917356755j)
(-1.8894339433107719-3.3455051105583267j)
(-1.905361251987855-2.6137558120237587j)
(-1.8400536268814727-1.949043807364312j)
(-1.7151159984753084-1.354098516794126j)
(-1.5486307557559427-0.8271651793775728j)
(-1.355032323150797-0.36378300359065713j)
(-1.1454252001062297+0.04189668950207781j)
(-0.9280927459757087+0.3962157728672586j)
(-0.7090427734162552+0.7054497235195354j)
(-0.49251001135390915+0.9754892382612413j)
(-0.2813827254980345+1.2116836494644436j)
