(30.03986802404627+0j)
(29.176103849193826-4.780148233026069j)
(26.962225823854183-8.758296397939139j)
(23.975031094420586-11.64388352545613j)
(20.713182132846796-13.427558914526953j)
(17.54049424524799-14.271606817688705j)
(14.664803584563115-14.404827731680289j)
(12.16993317698275-14.045665333547829j)
(10.063075380019237-13.36871537284235j)
(8.313187690230208-12.500161361514799j)
(6.87506850359839-11.525611926467276j)
(5.702109717701472-10.500626892848498j)
(4.752028173770794-9.459947360101683j)
(3.9888168666084587-8.424445020358098j)
(3.38288412306331-7.4059812761748445j)
(2.9104434027072608-6.410672581309521j)
(2.5526798341029076-5.441037169662807j)
(2.2949313898836894-4.497390096644938j)
(2.1259780936717596-3.578745789096095j)
(2.037464869243421-2.6834036506138945j)
(2.0234546782351948-1.809333578588193j)
(2.0800983532407598-0.9544392902919117j)
(2.2054058004806802-0.11675257547464434j)
(2.399104968925495+0.7054032996954123j)
(2.662577679913283+1.513250702743794j)
(2.998863771024338+2.3073675252078845j)
(3.4127260927302583+3.0874402361215845j)
(3.9107675999374174+3.8519242239348053j)
(4.501586301494038+4.597564517447742j)
(5.195940970655742+5.318713526904049j)
(6.0068746125351025+6.006360334833278j)
(6.9496939856408355+6.646759976539067j)
(8.041616048903471+7.219528337542962j)
(9.300742265811662+7.695069631112857j)
(10.743780206032122+8.031279707645222j)
(12.381582855248539+8.16972927769298j)
(14.211178512662096+8.032182542364888j)
(16.202809776032854+7.519655296047912j)
(18.28140832098827+6.518482368454686j)
(20.305507618095415+4.9204398704724674j)
(22.05449492812667+2.663812462700515j)
(23.245261725453783-0.20714722411475808j)
(23.599400249849783-3.4903328654507164j)
(22.952889433945458-6.830552639484575j)
(21.348210859386523-9.813113376162192j)
(19.033849717060882-12.107203106593113j)
(16.36307757480087-13.565440368038995j)
(13.666389920578508-14.223966671629801j)
(11.174104253927235-14.231695063768848j)
(9.005137129236836-13.771119308604518j)
(7.193918754465634-13.007408322568025j)
(5.724882203023826-12.068480467979725j)
(4.559349469831184-11.04422430073901j)
(3.6520419003149955-9.993571396856307j)
(2.959564480082582-8.952948029848804j)
(2.4439454946075174-7.943477151390821j)
(2.0735444573215647-6.976329443450209j)
(1.8227381739371618-6.056424163698217j)
(1.6711449629210338-5.184883973789269j)
(1.6027577367682422-4.360621385143945j)
(1.6051464967346358-3.581346651263817j)
(1.668785944937213-2.844201115582169j)
(1.786515754381657-2.146153520675025j)
(1.9531215144489456-1.4842501077184218j)
(2.165018447286937-0.8557783265934322j)
(2.420019983868131-0.2583841965679172j)
(2.71717540305983+0.3098286803411288j)
(3.056663122909957+0.850197157886481j)
(3.4397279245594516+1.3633752542627806j)
(3.868650712643393+1.849171179638375j)
(4.346737616549779+2.3063239843097127j)
(4.878310167389165+2.7321947383633036j)
(5.468668069108524+3.122341204466479j)
(6.12397770222875+3.4699386818486575j)
(6.851008370692662+3.765006201169083j)
(7.656588145854056+3.9934038102640113j)
(8.546575183382323+4.135598879065031j)
(9.524036400917437+4.165287741649752j)
(10.586210678821622+4.048157308233094j)
(11.719779775099193+3.7414575661468152j)
(12.894166773199004+3.195698108209782j)
(14.053409449101014+2.360601176450503j)
(15.109125270620591+1.19788931484571j)
(15.940268672822404-0.29788545814411366j)
(16.407957448274484-2.0744821660255734j)
(16.390637876914123-4.006003708775367j)
(15.831526258163118-5.904144765580477j)
(14.772770652468038-7.564372849525123j)
(13.3497409102174-8.828150888575239j)
(11.745026824529397-9.625079006375307j)
(10.131262631809243-9.97369217351371j)
(8.633667681016487-9.95080767637741j)
(7.321407117057659-9.65426195313806j)
(6.218122900937246-9.17630251227561j)
(5.318347153642777-8.591196269178509j)
(4.601719383159715-7.952972710916746j)
(4.042538380047267-7.298133835206238j)
(3.6151444589125683-6.649826606749754j)
(3.2964580113160555-6.0217701366315755j)
(3.0668608748822255-5.421362502547406j)
(2.910227923516746-4.851930328689314j)
(2.814069923814994-4.314176695736753j)
(2.7673603756453775-3.807612006504632j)
(2.762225388676448-3.330642390971453j)
(2.7924539734960914-2.8813313862825853j)
(2.8532984311726706-2.4576230740132874j)
(2.9412088342962557-2.057508842483163j)
(3.053618708531025-1.6791354248258443j)
(3.188777201463506-1.32087749563365j)
(3.3456190480130323-0.9813914247417693j)
(3.5236637522766983-0.6596618002953877j)
(3.722936031556067-0.3550491234779085j)
(3.9438999482485504-0.06734510248275614j)
(4.1873989955001125+0.2031592473262262j)
(4.454593524593305+0.4555883738011151j)
(4.746885156523421+0.688376479957351j)
(5.065815082841179+0.899139583866658j)
(5.412919394768644+1.0845265482944733j)
(5.789519990252521+1.2400556529851925j)
(6.1964249443134225+1.35995251155856j)
(6.633509291102976+1.437019972910858j)
(7.0991495611787805+1.4625926947177905j)
(7.589499392130759+1.4266585387006356j)
(8.09762831118925+1.3182620547904853j)
(8.612611950023913+1.1263302065482086j)
(9.118765273057424+0.8410524494808762j)
(9.595338613420545+0.45586806554771153j)
(10.017100331745313-0.03007597093892549j)
(10.356213238979695-0.6094373864987481j)
(10.585558361515185-1.2649342162256838j)
(10.683126596469497-1.9692712190460087j)
(10.636443664535273-2.687395196948826j)
(10.44559790486336-3.3809702644197848j)
(10.123690204497528-4.013997653871107j)
(9.6944429579851-4.557915155985927j)
(9.187808470396973-4.994717570512618j)
(8.635058331143147-5.317518123286957j)
(8.064720510199594-5.528956941561935j)
(7.5000908697771385-5.638431588841963j)
(6.958344770944348-5.659141371136969j)
(6.450837045611204-5.605606530809978j)
(5.984061184573816-5.491928387940286j)
(5.560829076038167-5.330770538163295j)
(5.181394046276509-5.132902562598726j)
(4.844385275182741-4.90711888214831j)
(4.547519559593804-4.660373360865876j)
(4.288108846741513-4.398015747663909j)
(4.063402736125019-4.124058390072712j)
(3.870808006895733-3.841433567311181j)
(3.708021908304159-3.5522229576325026j)
(3.5731081115509595-3.25785347507504j)
(3.464536622312237-2.9592606619247817j)
(3.3812026456857973-2.6570242069292083j)
(3.3224345615542568-2.3514815292584905j)
(3.287997615465176-2.042825724803399j)
(3.2780973430255544-1.7311941173595606j)
(3.2933847972063934-1.416753534455301j)
(3.334964032015977-1.0997884137689404j)
(3.404400725091114-0.7807980119874182j)
(3.5037290074224305-0.4606093201421075j)
(3.6354511988017437-0.14051268132231334j)
(3.8025218715913423+0.1775726840300293j)
(4.008303099567012+0.4908964737836991j)
(4.256471535835585+0.7956335345631322j)
(4.550849938696505+1.0865983086371187j)
(4.895126313681707+1.3569267652342305j)
(5.29241458287466+1.5977521971159958j)
(5.744605589843638+1.7979292384260581j)
(6.251464078490967+1.943901627721229j)
(6.80945886103986+2.0198618301937046j)
(7.4103866894337616+2.0084029468822315j)
(8.03997991618282+1.8918860431731774j)
(8.676869241514261+1.6546877404867686j)
(9.292454887378348+1.2862915738537402j)
(9.852303727887247+0.7848129659180431j)
(10.319472812948419+0.1600803666796497j)
(10.659563490441034-0.5649249528645055j)
(10.846472062484914-1.3553107718922153j)
(10.867160288581317-2.168439279728017j)
(10.72383127560783-2.9600912755985056j)
(10.432797924169584-3.69082818811083j)
(10.0206061165423-4.33072765487206j)
(9.51888061549328-4.861482806488174j)
(8.959470408928642-5.2759473886546795j)
(8.370926405908365-5.575970177625007j)
(7.776610918841083-5.769555548063111j)
(7.19419698332215-5.868156707857706j)
(6.636087618663228-5.884532317813162j)
(6.110297448607112-5.831278989182129j)
(5.621462998212377-5.71996394392331j)
(5.171786565886756-5.5607090347790225j)
(4.761826208677856-5.362075057617959j)
(4.391111875698444-5.131124316112355j)
(4.058602613538191-4.873575218184126j)
(3.763013407387012-4.5939938855622815j)
(3.503042124361136-4.2959909562948955j)
(3.2775235196186485-3.9824073843806462j)
(3.0855319631093407-3.6554828134463744j)
(2.9264492257998245-3.3170058338615522j)
(2.8000090375929623-2.9684485867183037j)
(2.7063263436263103-2.6110897920458727j)
(2.6459161304983154-2.2461310290759897j)
(2.6197041572816224-1.8748113880583128j)
(2.6290296690667407-1.4985256541580867j)
(2.6756379586190167-1.118951034381405j)
(2.761658258320149-0.7381870316407001j)
(2.889559707555225-0.35891221045070304j)
(3.0620749340865094+0.015440058516998197j)
(3.282077128823164+0.380487765760583j)
(3.5523926531936043+0.7306942501519277j)
(3.875527918002533+1.0591638502435212j)
(4.253287956460573+1.3574648003695668j)
(4.68626725883427+1.615520971908004j)
(5.1732047443365285+1.8216336642310333j)
(5.71021887987008+1.9627146975358098j)
(6.2899802282274955+2.024825385457288j)
(6.900938033207046+1.99411023028636j)
(7.526787301182898+1.8581728803081237j)
(8.146421642172045+1.6078500395842992j)
(8.734627527112853+1.2391953113923577j)
(9.263693817594879+0.7553175633523854j)
(9.70591171550903+0.1675934582863578j)
(10.036653505589081-0.504220573736701j)
(10.237443636442118-1.23325400796653j)
(10.298313056897612-1.9880783236679946j)
(10.21885620813568-2.7360678317998444j)
(10.007766890749755-3.4468281208227247j)
(9.68106408839987-4.094969740006847j)
(9.25954181995743-4.661764915684491j)
(8.76607356579486-5.1355910859841565j)
(8.223284268555876-5.511374942943847j)
(7.651873488068653-5.7894101500836115j)
(7.069645779658814-5.973928740190095j)
(6.491148280724822-6.071716629404096j)
(5.927745690821749-6.09094381260739j)
(5.38795922868889-6.040275159931358j)
(4.877928447423595-5.928257026459484j)
(4.40189803560528-5.762937781249087j)
(3.9626712158216586-5.551667942393828j)
(3.562001156547375-5.3010277577828795j)
(3.200911416150734-5.016838897547648j)
(2.8799477394766653-4.704227453029886j)
(2.5993690031854846-4.3677150959848925j)
(2.359286930409453-4.011323037473712j)
(2.1597639716294355-3.638679199302475j)
(2.0008775321142207-3.2531230231059802j)
(1.8827571497260318-2.8578049638985568j)
(1.805599636310205-2.455779303728496j)
(1.7696657596165142-2.050089770076347j)
(1.7752608290281249-1.6438477716935582j)
(1.822700575941795-1.2403030249110316j)
(1.9122629884141757-0.8429060384978431j)
(2.044126269021167-0.4553614221381685j)
(2.2182928434502487-0.08167032902656818j)
(2.4344993778661297+0.2738404240146795j)
(2.6921131030855823+0.6065058509795489j)
(2.9900154425400287+0.9113310400827849j)
(3.3264750529291156+1.1830250384350383j)
(3.6990139568086926+1.416065811795838j)
(4.10427249144639+1.6048018575269953j)
(4.5378812766402055+1.7435955657070645j)
(4.994351180512988+1.827012044997671j)
(5.466995068370822+1.8500545831712778j)
(5.947897521883331+1.8084439774778815j)
(6.427950104857373+1.6989335692214897j)
(6.896969376743869+1.5196451258789576j)
(7.343911923740499+1.2704032779098395j)
(7.757194538684942+0.9530390298980485j)
(8.125118078466034+0.5716273577432515j)
(8.436380879118605+0.13262178314467604j)
(8.680653219154252-0.35514827244913283j)
(8.84917040888277-0.8806425232996576j)
(8.935291507580594-1.4309472690326863j)
(8.934966335379235-1.9917754947402193j)
(8.847057478423386-2.548098375495494j)
(8.673476932571706-3.0848577087411675j)
(8.419117407272902-3.587695826876792j)
(8.091582735953397-4.043635782347255j)
(7.7007458086730125-4.441651038114575j)
(7.2581815130702445-4.773079228653485j)
(6.776533132359296-5.0318555522163955j)
(6.268872283665529-5.21456381399219j)
(5.748105652148035-5.3203230411299955j)
(5.22646892811877-5.350542039535011j)
(4.715132647754984-5.308581961282057j)
(4.223929089258129-5.1993681474706985j)
(3.761196240501927-5.028988562214404j)
(3.333725366596333-4.804308922335345j)
(2.9467931411863484-4.532626032241216j)
(2.604257233380363-4.221372372577761j)
(2.308694844569189-3.8778776696654873j)
(2.0615660391380586-3.509187490873682j)
(1.863386967793495-3.1219349685611144j)
(1.7139015842593899-2.7222593879960573j)
(1.6122437586716933-2.315764282836797j)
(1.5570845375222229-1.907507526558392j)
(1.5467615813455633-1.5020163737757777j)
(1.579389518838281-1.1033212299581174j)
(1.6529511402659969-0.7150029131916786j)
(1.7653700921301134-0.3402491784808495j)
(1.9145661139361865+0.018082786638038813j)
(2.0984939552280606+0.3574003708862426j)
(2.3151669933011414+0.6753078660493459j)
(2.5626662918431373+0.9695384345541844j)
(2.8391354385385994+1.237886735007661j)
(3.1427610072552157+1.4781431203119033j)
(3.471737937003116+1.6880304507266424j)
(3.8242185403127764+1.8651449640850724j)
(4.198243300314425+2.006903376320353j)
(4.591651174742978+2.1104995234137722j)
(5.0019669386220125+2.1728754866501108j)
(5.426263392700592+2.190714343453262j)
(5.860997386863639+2.1604644839761273j)
(6.301821048398368+2.078408734905398j)
(6.743374007390341+1.9407949999217768j)
(7.179069512276922+1.7440480046473221j)
(7.600897771792718+1.48508262558779j)
(7.999283794551375+1.1617359487100092j)
(8.363053379597245+0.773324545126428j)
(8.679576519041248+0.3213119748154495j)
(8.935165920056-0.18996329555449332j)
(9.115799839643204-0.752596543571124j)
(9.208201532127172-1.3546104792398974j)
(9.201234469151567-1.9798204196009037j)
(9.087467311077852-2.6082555450813913j)
(8.864650031632449-3.2172533987615806j)
(8.536768251335648-3.783203824670381j)
(8.114358140348347-4.283731438077127j)
(7.613896405854953-4.699937692179941j)
(7.056303670007701-5.018253002091804j)
(6.4648360952029496-5.23152320382786j)
(5.86279342299364-5.339153872303601j)
(5.271482388121706-5.3463807452665595j)
(4.708752272748909-5.262928618978812j)
(4.18823008664014-5.1014041954294145j)
(3.7192056097508672-4.875738598042106j)
(3.307003623333191-4.599894713867264j)
(2.9536436976075566-4.286936679238125j)
(2.658608505611931-3.9484626919576518j)
(2.4195909840953-3.5943437786386174j)
(2.233144437011315-3.2326879063967535j)
(2.0952038356944778-2.869950055013055j)
(2.001476423183772-2.51112280791937j)
(1.9477163597680542-2.1599598500642987j)
(1.929905006469295-1.8192013463580767j)
(1.9443592000593077-1.4907833286794245j)
(1.9877874379575236-1.1760225743646961j)
(2.0573102078233-0.8757745305646067j)
(2.150456886863952-0.590565427276971j)
(2.265148244606623-0.320701600649582j)
(2.399670800311756-0.0663598404041447j)
(2.5526471102671477+0.17233726796645937j)
(2.723004399685382+0.3952572126809797j)
(2.9099426867278098+0.6022011673986476j)
(3.1129025480656733+0.7928522422541364j)
(3.3315318313579865+0.9667256334629865j)
(3.5656498265089582+1.1231182848101124j)
(3.8152065710011254+1.2610560528350374j)
(4.080234000232501+1.3792368414759422j)
(4.360784488468035+1.47596886072713j)
(4.65685090984706+1.5491042533130446j)
(4.968260683364855+1.595970100773462j)
(5.294534460386047+1.6133016620496607j)
(5.634698488267253+1.597187146047416j)
(5.987038940169503+1.5430400178789778j)
(6.348787974525298+1.4456244073363493j)
(6.715737265184858+1.29917186599917j)
(7.081788725090187+1.0976425936253416j)
(7.4384787040506115+0.8351978871472096j)
(7.774555443354046+0.5069550030827746j)
(8.075750613220073+0.11007647841738036j)
(8.324954243066324-0.3548171907733369j)
(8.50304813422478-0.8820489908334268j)
(8.59062052169379-1.4594269053869702j)
(8.57060750988651-2.0674507169031866j)
(8.431555585409976-2.6797979663003217j)
(8.170758702185736-3.265523273284554j)
(7.79622741774688-3.7928820649193606j)
(7.326579976496628-4.233977165844533j)
(6.788598415556503-4.568914634424507j)
(6.213089217829205-4.788221078137747j)
(5.6303151158267815-4.8929455943269j)
(5.066270862673915-4.892753958992701j)
(4.540541010613864-4.802923141813077j)
(4.0657912966759735-4.641231698260347j)
(3.6484666885053825-4.425438685246847j)
(3.2901184993301316-4.171626772346129j)
(2.9888745206982708-3.893363888368866j)
(2.7407516126609455-3.6014791396862296j)
(2.540681880052415-3.304220816914067j)
(2.3832381047914986-3.007605512618615j)
(2.263101904008025-2.7158284778394477j)
(2.175336590288863-2.4316599575469433j)
(2.115523981203688-2.156791529396909j)
(2.0798131265270747-1.8921208652217787j)
(2.0649161691671436-1.6379765687002712j)
(2.06807547068452-1.3942907645566993j)
(2.087017632464462-1.160728985762248j)
(2.1199040095981516-0.9367866588207976j)
(2.165283259998235-0.7218603379240098j)
(2.222048864418383-0.5153004476905368j)
(2.2894029412005374-0.3164509851254723j)
(2.3668267178696696-0.12468053884072422j)
(2.454057462099179+0.06059185562740498j)
(2.5510713427816274+0.2398730995640668j)
(2.6580714638112637+0.41357210345560896j)
(2.7754800944274955+0.5819731828620006j)
(2.903933829583652+0.7452044408536299j)
(3.044279970539384+0.9031987082377985j)
(3.1975717271990627+1.0556444525705466j)
(3.365058797824223+1.2019239221727556j)
(3.548168345356295+1.3410358064763421j)
(3.7484692184879482+1.4715001174721338j)
(3.967609342053957+1.5912442428348195j)
(4.207212523718462+1.6974718456869673j)
(4.46871678967234+1.7865214580156257j)
(4.7531326960666025+1.8537305182527897j)
(5.060698932910323+1.893334626681585j)
(5.390417805295322+1.898451737455963j)
(5.739470969600053+1.8612255306267544j)
(6.102553922725095+1.7732250863311596j)
(6.471232354954545+1.626204619136157j)
(6.833511070805527+1.4132926941770403j)
(7.173890916823242+1.1305759724307411j)
(7.474212907068208+0.7788556204532703j)
(7.715472397390287+0.36512499801633763j)
(7.88048255146846-0.09683609221885683j)
(7.956842971331759-0.5872687197022306j)
(7.939344217220167-1.0827505288429207j)
(7.8309725527904375-1.5595235344923433j)
(7.642149989083324-1.9968780029049316j)
(7.388520275349674-2.3796205395724535j)
(7.088080392482433-2.6990886063185355j)
(6.758519361020971-2.952766998189417j)
(6.4153279643809675-3.1429814836791605j)
(6.070834600667734-3.2752516564883134j)
(5.73401912826319-3.356753225280739j)
(5.410830374419652-3.3951249949957605j)
(5.10474397825503-3.3976741631168093j)
(4.817371627973428-3.3709275143648783j)
(4.549014317216548-3.3204368991233375j)
(4.299114635360842-3.2507488698073868j)
(4.066601397053474-3.165467233564921j)
(3.8501389621592734-3.0673592739316864j)
(3.6483003509506045-2.9584750245247866j)
(3.459683429304304-2.8402625030520396j)
(3.282986751874936-2.7136706865075926j)
(3.1170581840493687-2.5792373742457575j)
(2.9609261629246317-2.437162084676495j)
(2.813820769486466-2.2873656589475977j)
(2.675189722918325-2.129538926330449j)
(2.544712894127525-1.9631830267269639j)
(2.4223178468773177-1.7876440355414598j)
(2.308198126499909-1.602144542568938j)
(2.2028354140486504-1.4058148827946404j)
(2.107026145300851-1.1977268461490311j)
(2.0219126630126705-0.9769329210072417j)
(1.9490183309273914-0.742514444693455j)
(1.890285187392704-0.493642408231451j)
(1.8481115456561927-0.22965501851454662j)
(1.825385344909597+0.04984367090804139j)
(1.8255069231257708+0.3448598992137748j)
(1.8523921726494814+0.6548577711465029j)
(1.9104438215175863+0.9785768674814154j)
(2.004475145326319+1.3138221141986695j)
(2.1395674015948556+1.6572340345309549j)
(2.3208408474058846+2.0040561831747907j)
(2.553121119909826+2.347928036998137j)
(2.840490325366547+2.6807449467866626j)
(3.185727758401951+2.99263940170889j)
(3.589670142720196+3.272145226733955j)
(4.050554398456381+3.506601976364289j)
(4.5634414794822336+3.682833945017219j)
(5.119846689870845+3.7880930726383046j)
(5.7077052734773135+3.811191094526037j)
(6.3117688528628175+3.7436776671449623j)
(6.914455214848388+3.5808713730792925j)
(7.4970744038485835+3.3225443543898217j)
(8.041257737697403+2.9731123469381404j)
(8.530358395517721+2.5412816350443315j)
(8.950596431986304+2.039222405470685j)
(9.291786815636291+1.4814344143514278j)
(9.547591266764321+0.883515666262666j)
(9.715336861050984+0.26103051858892984j)
(9.795516292302402-0.3713845191565217j)
(9.791113386055144-1.0006142441470738j)
(9.706887615443001-1.615361951539704j)
(9.548717918521117-2.2062003157766057j)
(9.323065310010843-2.765446593517957j)
(9.036577395495604-3.286933672710979j)
(8.695831579948399-3.7657375116206078j)
(8.307198229434814-4.1979058554940245j)
(7.876798247174053-4.580217673386477j)
(7.410528539978392-4.9099899981180215j)
(6.914131026707513-5.184939464002144j)
(6.393284265479643-5.403099474837688j)
(5.853700321629146-5.562789827591793j)
(5.301212662507755-5.662632950347771j)
(4.741843573100348-5.701609025209344j)
(4.181842007119746-5.679140727570882j)
(3.627685190912612-5.595196932959655j)
(3.086039941389162-5.450403546952858j)
(2.563682709837919-5.246148794127815j)
(2.0673808328088987-4.984670148220505j)
(1.6037411860316186-4.6691108993892305j)
(1.1790360455863864-4.303536353793341j)
(0.7990189827099947-3.8929028904580285j)
(0.4687455419157086-3.442977371652557j)
(0.19241385191400417-2.960209284111697j)
(-0.02676102223787156-2.4515628605509723j)
(-0.18662818824476232-1.9243206022660424j)
(-0.2861310065454343-1.3858724760779872j)
(-0.32528464094942633-0.8435061866697906j)
(-0.3051045262532737-0.3042132245183785j)
(-0.2274934146281076+0.22547692742437778j)
(-0.0950976354667886+0.7396255118307935j)
(0.08885531826684644+1.2329712352456526j)
(0.3207257579943133+1.7009740698440525j)
(0.5966264196106335+2.1398185465443587j)
(0.9125738850748524+2.546381466912295j)
(1.2646204092649511+2.918170450798701j)
(1.6489622199196856+3.253240261180981j)
(2.062022529342009+3.550093571455843j)
(2.500509180985259+3.8075719885016674j)
(2.961447961278421+4.024741952639629j)
(3.4421931247048834+4.200778814472657j)
(3.94041664362459+4.334851109150034j)
(4.454077157257161+4.426005940558286j)
(4.981368604695211+4.473055552147037j)
(5.520647111693223+4.474464691322598j)
(6.070332859731478+4.428238386790211j)
(6.62878137579488+4.331810429483655j)
(7.194115919555528+4.18193446316123j)
(7.764009438315048+3.9745826058326323j)
(8.335401086306+3.704861636624572j)
(8.904129078579347+3.366965008536149j)
(9.464459856150977+2.9541916432143083j)
(10.008495587255895+2.4590812053367994j)
(10.525452382429597+1.8737416204137933j)
(11.000827813511181+1.1904776122748952j)
(11.415529806994963+0.40286402125327864j)
(11.745134005819175-0.492570302857037j)
(11.959584356083203-1.4939058147707107j)
(12.023843261139165-2.5906268954338647j)
(11.900172493913205-3.759936342301765j)
(11.552731113217336-4.963410952363905j)
(10.954760366803212-6.145498255584257j)
(10.097559054348393-7.235820537612078j)
(8.998853176440035-8.156851112340995j)
(7.7068585810996195-8.83670147736238j)
(6.296702677187866-9.223872974872616j)
(4.858678459923847-9.29864254392092j)
(3.4818361889808984-9.076356618627372j)
(2.238862890049911-8.601516308153224j)
(1.1771849078436194-7.935752828451963j)
(0.3177249181325979-7.144750535146839j)
(-0.3405709319195391-6.288160054352806j)
(-0.8136564229762284-5.41407166225314j)
(-1.1254561511305994-4.557531255007611j)
(-1.302508412322312-3.7416593191825824j)
(-1.3705015397924396-2.979959440538922j)
(-1.3524153620300112-2.27884304258132j)
(-1.2677872280119413-1.6398605675485443j)
(-1.1326589129717592-1.0614574738432383j)
(-0.9598774718015725-0.540254779882426j)
(-0.7595406362317484-0.07193093761649065j)
(-0.539467234929234+0.34819996929234315j)
(-0.3056325945746782+0.7248274515634108j)
(-0.0625444164134045+1.0624326536098023j)
(0.18644602136474517+1.3651745440212306j)
(0.43889305424109515+1.636838603460781j)
(0.6930581404017285+1.8808237604707907j)
(0.9477547844800375+2.1001515143670857j)
(1.202228551296398+2.2974868472058154j)
(1.4560649794440461+2.4751643359928477j)
(1.7091194579030615+2.635215380062733j)
(1.9614642974390333+2.7793940668830492j)
(2.213349233015865+2.9092002038932674j)
(2.465172416397744+3.0258986446165146j)
(2.7174596097331616+3.1305343681721527j)
(2.9708497908319798+3.22394291983555j)
(3.226085748740913+3.3067558416038683j)
(3.4840084989227513+3.379400648895141j)
(3.745554488036028+3.442094760515659j)
(4.011754586200953+3.4948325716994724j)
(4.283733764180826+3.537364575884902j)
(4.562710091771474+3.5691670889898774j)
(4.849991216688949+3.589400711879914j)
(5.146965703576867+3.5968551949086502j)
(5.455085399885428+3.5898778807494476j)
(5.775833159777801+3.5662824881173076j)
(6.110667534136876+3.523234848673464j)
(6.460932074700748+3.457112693960522j)
(6.827711286386518+3.3633384027948052j)
(7.2116076002958724+3.2361880052929215j)
(7.612403924431762+3.068588826878873j)
(8.028565174841233+2.851935389119656j)
(8.456522782652637+2.5759836750404492j)
(8.889686433840394+2.2289340760994936j)
(9.317154166631912+1.7978885805683031j)
(9.722176421185836+1.2699643679290735j)
(10.080617844260097+0.6344332634284068j)
(10.359996721901364-0.11375403158165784j)
(10.520145173147387-0.9689837037888785j)
(10.516908073426006-1.9092427307137116j)
(10.310043008030945-2.8916760179162853j)
(9.87488130219753-3.8527908658981747j)
(9.21430517208382-4.71644550402818j)
(8.364968674211235-5.409545178073466j)
(7.392625512015408-5.880106012991818j)
(6.37702909768756-6.109311741165722j)
(5.393225214853539-6.1120679382776055j)
(4.49755007745677-5.927388295808629j)
(3.722480437479546-5.604818871577596j)
(3.079088170088073-5.192909201235932j)
(2.5632371041698154-4.732445895352374j)
(2.1621006431773684-4.254135393783005j)
(1.8592346381772658-3.7791202570243696j)
(1.6378274930080507-3.3207594580124997j)
(1.482443850990437-2.8866546371169783j)
(1.37975379144429-2.4804308240693156j)
(1.3186716099813356-2.103117021682703j)
(1.2901971355296027-1.7541386908554815j)
(1.2871364670082823-1.4319951963005901j)
(1.3037978611480066-1.1347039584632006j)
(1.335708616496364-0.8600812277070724j)
(1.3793708435523782-0.6059126848379903j)
(1.4320596491850923-0.3700518230774206j)
(1.4916606627610665-0.15047212029963722j)
(1.5565413682030276+0.05470965808629049j)
(1.6254502910444695+0.2472277004906787j)
(1.6974385849600633+0.42867166737099627j)
(1.7717993825734797+0.6004969044658025j)
(1.8480211392252046+0.764037522122759j)
(1.9257519851104352+0.9205206437115501j)
(2.004772770879288+1.0710808501707383j)
(2.084977042648754+1.2167743068237868j)
(2.1663566287572054+1.3585923471708492j)
(2.2489918822266572+1.4974744683214893j)
(2.333045920081859+1.634320804386091j)
(2.4187624525314373+1.7700042135894873j)
(2.50646701931486+1.9053821588398976j)
(2.5965716643320995+2.0413085904596513j)
(2.689583300546361+2.1786460598603288j)
(2.7861162647375677+2.318278306805929j)
(2.8869098599787644+2.4611235699712775j)
(2.992852064165477+2.6081488661917143j)
(3.105011089006202+2.760385457576707j)
(3.224677167827764+2.9189456571044197j)
(3.353417923743331+3.085040974688288j)
(3.4931520587162335+3.2600013082592736j)
(3.646248115436246+3.445294312777059j)
(3.815658013194186+3.642543004230635j)
(4.005099430206895+3.8535376489968987j)
(4.219307640360502+4.080234249867429j)
(4.464387237904627+4.324724939989959j)
(4.748308955943434+4.589152371493428j)
(5.081618767121419+4.8755148939178055j)
(5.478458158993656+5.185260250215828j)
(5.958036640520299+5.518468896743505j)
(6.546741517369229+5.872235292461142j)
(7.281072321026173+6.237468355468547j)
(8.211389256065804+6.592561789492074j)
(9.405549280866374+6.890923653221864j)
(10.948316486748073+7.036998204571633j)
(12.922894911007539+6.843729055974495j)
(15.337839662714849+5.97428222044724j)
(17.933927335203986+3.932647582434457j)
(19.893801536961654+0.3324823792175593j)
(19.964357977152098-4.359792262125627j)
(17.655772140565958-8.528509061441428j)
(14.056318679939249-10.826476197047755j)
(10.599357277930231-11.32339571561043j)
(7.9231690783578355-10.789846911544412j)
(6.033354495090486-9.854207717882577j)
(4.738644339312919-8.843910124465419j)
(3.852991955232152-7.893215940870201j)
(3.2405950130796413-7.044170675773644j)
(2.8106197973206215-6.300744420665289j)
(2.503766319109581-5.653221666036539j)
(2.2812821420322473-5.08829581819844j)
(2.117544185107774-4.592933367511556j)
(1.9953365297742398-4.155648198267422j)
(1.902889068641547-3.7667460009360627j)
(1.832014318434769-3.418191156393004j)
(1.7769217384074147-3.1033623654478655j)
(1.733451868430081-2.816800681987738j)
(1.6985735929201204-2.553985908805581j)
(1.6700487487160895-2.3111498903570236j)
(1.6462048722653784-2.0851248418490673j)
(1.6257789814229615-1.8732215523181235j)
(1.6078087923038167-1.673131834134262j)
(1.5915561406538425-1.4828501518765573j)
(1.5764526437122404-1.3006101980393112j)
(1.5620610072894614-1.1248329977220874j)
(1.5480475758731562-0.9540838206239863j)
(1.534163180044363-0.7870357376436333j)
(1.5202303268118398-0.6224380925267058j)
(1.5061354760211891-0.45908848654481305j)
(1.4918256609918221-0.29580711687802497j)
(1.477309119235251-0.13141248580020434j)
(1.4626599538799168+0.035302375814641275j)
(1.4480271916298426+0.20559393571840517j)
(1.4336489781246293+0.3807931310899917j)
(1.419873097543769+0.5623319031988953j)
(1.4071855682171792+0.7517718151767206j)
(1.3962498101013114+0.9508350982276673j)
(1.3879598813447036+1.1614381514061616j)
(1.3835126410192653+1.3857269297703876j)
(1.3845055404337485+1.6261125849297537j)
(1.393069222867603+1.8853038133296551j)
(1.4120473574544785+2.166329016115229j)
(1.4452401866545623+2.4725355651281027j)
(1.4977328540463521+2.8075435265339883j)
(1.5763336136681065+3.1751144272241527j)
(1.690147520795382+3.578867964939095j)
(1.8513010548728672+4.021735355670882j)
(2.075796819021405+4.504971422379125j)
(2.3843839000373066+5.026458034857991j)
(2.8031229869689023+5.577940849281224j)
(3.3629252448936096+6.140834854449189j)
(4.09669091452663+6.680539976197676j)
(5.031917995611548+7.140280981853324j)
(6.176604813861118+7.437877685506178j)
(7.498908525116043+7.472265371432913j)
(8.90851674162532+7.1476866164531225j)
(10.25729566410699+6.415173348469652j)
(11.375025828919119+5.311137465741825j)
(12.130521373523175+3.960275959027262j)
(12.478734063349124+2.5313993614103127j)
(12.461738733993005+1.1758827297968542j)
(12.171987225407003-0.010813498157070002j)
(11.710256588903063-0.9922569156071281j)
(11.159973081516998-1.7734121395090452j)
(10.57950363182003-2.3802001945668647j)
(10.004789003839843-2.844920753013342j)
(9.45532609610527-3.198411847685697j)
(8.939871779380379-3.4668860842136318j)
(8.460717841950993-3.6712961608152694j)
(8.016536093744426-3.827809575269757j)
(7.6041398440021535-3.948633858849593j)
(7.2195186728760925-4.042847759712998j)
(6.8584180972904125-4.117110782382933j)
(6.516646984726852-4.176223401901723j)
(6.190228375044513-4.223550064878135j)
(5.875464425160966-4.261329089118099j)
(5.568957994543223-4.290894103471683j)
(5.267616376143327-4.312828326182898j)
(4.968652687947052-4.327069029981074j)
(4.669594682695743-4.332976246319937j)
(4.368307402401809-4.329377508030656j)
(4.063034019038935-4.314599248907794j)
(3.752457542176648-4.286495246222376j)
(3.4357842103056933-4.24248298121909j)
(3.1128467989406077-4.179599647836719j)
(2.7842223724793027-4.094590216038176j)
(2.4513539789344527-3.9840396631002672j)
(2.116659620920032-3.8445591944371076j)
(1.783605340509252-3.673030858685345j)
(1.4567140712580846-3.4669055547435046j)
(1.1414805139108917-3.2245360250899333j)
(0.8441675495545937-2.9455105984950674j)
(0.5714738152898432-2.630938813188693j)
(0.33008502391606925-2.283632014962128j)
(0.1261497932991571-1.9081262280165165j)
(-0.03525326611371433-1.5105142913284195j)
(-0.1505760233147723-1.0980876069215768j)
(-0.21811222418580944-0.6788269706918088j)
(-0.23810816405236698-0.2608150181405154j)
(-0.21266011748473454+0.14834117025053023j)
(-0.1454273743147742+0.5419948965517345j)
(-0.04122091663053591+0.9147949115895887j)
(0.09445891719216896+1.2628483852150165j)
(0.2558675342196341+1.583722791070127j)
(0.43739380453512544+1.8763212400287725j)
(0.6338434387856192+2.1406763210812096j)
(0.8406224178099404+2.377706523307236j)
(1.0538302941141815+2.588970891105146j)
(1.2702816379335895+2.776446145692954j)
(1.4874764105267368+2.9423394719146203j)
(1.7035385476128366+3.088941393819179j)
(1.9171384610086928+3.218517220202945j)
(2.127410989841204+3.3332321834360683j)
(2.3338764587415755+3.435104003587848j)
(2.5363693549062947+3.5259765112186416j)
(2.7349768212404686+3.6075085883941886j)
(2.929987602779129+3.6811736293552437j)
(3.1218511280194106+3.748265720576897j)
(3.311145894530574+3.8099096516212336j)
(3.4985561182144567+3.8670726290492676j)
(3.6848555878422777+3.920576159179367j)
(3.8708977618141316+3.971107000122304j)
(4.057611299222355+4.019226377979877j)
(4.246000398679764+4.065376836407858j)
(4.4371495062622826+4.109886159324425j)
(4.632232137540743+4.152967783452874j)
(4.832523732274115+4.194717002648947j)
(5.039418619823233+4.235102052067234j)
(5.254451313033391+4.273948828122312j)
(5.479322456924506+4.3109175162888995j)
(5.715929813191167+4.345468710256532j)
(5.966404618223156+4.376815634055934j)
(6.233153429233624+4.403857709416427j)
(6.518905021268127+4.42508878237318j)
(6.8267607502665735+4.438470614176531j)
(7.160244578316746+4.441258461190895j)
(7.523344824474175+4.429760369946932j)
(7.920532175428787+4.399004869963925j)
(8.356724980371222+4.342282992378766j)
(8.837148936219533+4.250520813096855j)
(9.366996603727143+4.111431319922305j)
(9.950721377492716+3.9083987045390396j)
(10.59068520059161+3.619087379598186j)
(11.284706246231954+3.213894435909211j)
(12.021836660479401+2.654684595458266j)
(12.775561807317906+1.8949463640851676j)
(13.493962497635957+0.8838054989101216j)
(14.08821644916199-0.4218684955818068j)
(14.425694935543477-2.032239805334158j)
(14.34193962243036-3.886080244551757j)
(13.68935687432802-5.816156673092687j)
(12.420290576061689-7.558615160591588j)
(10.652932620415523-8.838188171219299j)
(8.647458437465492-9.491142313674423j)
(6.692555314216823-9.528048136498969j)
(4.993952096044824-9.09154627984786j)
(3.638372514570716-8.365205874616366j)
(2.6218087264569316-7.505915880192831j)
(1.8947835784966627-6.620500341914723j)
(1.3957417336709101-5.770409724299528j)
(1.0679815102898622-4.985300346597913j)
(0.8654424229838913-4.2755829990254135j)
(0.7530071024309888-3.641225791847117j)
(0.7047837744874983-3.0771521039238157j)
(0.7020101323714435-2.5762810339753677j)
(0.7311992407968851-2.1311237922207495j)
(0.7826824631143108-1.734555688447812j)
(0.8495263198365405-1.380140505610889j)
(0.9267494715213688-1.062223111011867j)
(1.0107642754476436-0.7759092757239597j)
(1.0989806683423802-0.5169962384790742j)
(1.1895253855887762-0.28188679299835284j)
(1.2810425120216724-0.06750299110067873j)
(1.3725512727734117+0.12879330792189758j)
(1.4633441660389432+0.3092703931722253j)
(1.5529136270954353+0.4758867882166645j)
(1.6408989657565525+0.6303421398569653j)
(1.727047787627681+0.7741199929200533j)
(1.811187822897646+0.90852362617354j)
(1.8932062782117394+1.0347060665081116j)
(1.9730346593560844+1.1536952793279849j)
(2.0506375964522845+1.2664153975436874j)
(2.126004615507078+1.3737047212294884j)
(2.199144092880927+1.4763311042000882j)
(2.2700788385623802+1.5750052455411676j)
(2.338842904947807+1.6703923235676243j)
(2.4054793274167565+1.7631223455822305j)
(2.470038583459261+1.8537995376082745j)
(2.5325776169994536+1.943011062525205j)
(2.5931593199872482+2.0313353316549896j)
(2.651852398757402+2.1193501632360565j)
(2.7087315814381294+2.2076410413884875j)
(2.763878147472649+2.296809741849131j)
(2.8173807833356426+2.387483617550736j)
(2.8693367918809445+2.480325880787543j)
(2.919853708652767+2.5760472835142667j)
(2.969051409537326+2.675419689637943j)
(3.0170648336986856+2.779292162338765j)
(3.064047498509471+2.888610369217732j)
(3.1101760559386253+3.0044403586149193j)
(3.1556562427633987+3.1279981117673747j)
(3.200730725668028+3.260686772667545j)
(3.245689561344282+3.404144169241602j)
(3.290884320557088+3.560304272189632j)
(3.336747428438741+3.7314777591831834j)
(3.3838190594826854+3.920459131565779j)
(3.4327851812293617+4.130671310595111j)
(3.4845323945292392+4.366364064031373j)
(3.5402286687625075+4.632891263594282j)
(3.6014450411306345+4.937106124539672j)
(3.670344029024682+5.287937397491825j)
(3.749980336152193+5.6972508775520145j)
(3.8447978629455886+6.1811751815577j)
(3.9614852447235+6.762210770791535j)
(4.110520669275153+7.472716755897017j)
(4.3091251360732645+8.360942599936514j)
(4.587313668264337+9.50203916985049j)
(5.001409194152809+11.019502595165344j)
(5.667727689628321+13.130328321427143j)
(6.8596605064422+16.24932089959834j)
(9.349523284960016+21.25418014579766j)
(16.01452939075935+30.138924476756454j)
(42.5703520578065+43.776496598805686j)
(89.21480322655994-23.83935073041837j)
(25.65223919893674-41.0256171331609j)
(10.728775956384293-26.73250002436337j)
(6.693589449634264-19.088568300165605j)
(5.136680258831427-14.7055835942157j)
(4.3930421714948285-11.912946748274395j)
(3.985129894931588-9.990370790186914j)
(3.7381471495866148-8.590375043471829j)
(3.576687707300008-7.5272593448037535j)
(3.4641671693283054-6.6934242187573j)
(3.3812007864906253-6.022427646502933j)
(3.31678679210737-5.471099886395642j)
(3.264326223106505-5.01020400897258j)
(3.219675593665377-4.619245845320721j)
(3.1801299074589515-4.283436718632613j)
(3.143862040194642-3.991836890181682j)
(3.1095992927593556-3.7361778035607243j)
(3.076429360012641-3.5100906368459244j)
(3.043679928473452-3.308586694866014j)
(3.0108417055175-3.1276987248769124j)
(2.9775178887560565-2.9642278506283453j)
(2.943390184396597-2.8155614873219026j)
(2.9081954407816366-2.679539972831048j)
(2.8717092407566183-2.5543572656036364j)
(2.833734145282906-2.438485864092655j)
(2.794091100462029-2.330619202052889j)
(2.752613030340636-2.2296268141752362j)
(2.709139962553251-2.134518933855343j)
(2.663515244986894-2.044418116217326j)
(2.6155825520090397-1.9585361229612457j)
(2.565183474443992-1.8761547556048854j)
(2.512155554671628-1.796609641484966j)
(2.456330677386995-1.7192762028159931j)
(2.397533764626321-1.643557200123268j)
(2.335581755467714-1.5688713557021217j)
(2.270282879966063-1.494642642877414j)
(2.2014362663628604-1.420289881387353j)
(2.1288319531692252-1.345216314262658j)
(2.0522514162074232-1.2687988615146513j)
(1.9714687683412413-1.1903767541543722j)
(1.886252850336235-1.1092392514260743j)
(1.7963705099555245-1.0246121375944581j)
(1.7015914692364318-0.9356426857645032j)
(1.6016953148551552-0.8413827700819693j)
(1.496481323643919-0.7407698118740452j)
(1.3857820672381753-0.6326052716651223j)
(1.2694820416999182-0.5155304659918356j)
(1.1475429572578435-0.3879996241630964j)
(1.0200378183263503-0.2482503495130434j)
(0.8871965401975723-0.09427207878143416j)
(0.7494665912672728+0.07622615908526545j)
(0.607592998022796+0.2658462535814259j)
(0.46272293143083976+0.47752560765010366j)
(0.31654083519108356+0.7145489832092415j)
(0.17144030845148484+0.9805368841384355j)
(0.030738070672847197+1.279394295006167j)
(-0.10106779709847477+1.61519627883572j)
(-0.2180002917055592+1.9919779099731503j)
(-0.3122852941071563+2.413386373983366j)
(-0.3740549182727242+2.8821458425710085j)
(-0.3911506806918761+3.399287314690299j)
(-0.3491534389662825+3.9631171638640055j)
(-0.23182029091879536+4.567955568009042j)
(-0.02214307840804699+5.202785412079444j)
(0.2957859614288214+5.85011621547086j)
(0.7340687388446536+6.485550518246161j)
(1.2977415779722388+7.078643176580234j)
(1.9816847562236906+7.595513893171214j)
(2.7687860159993956+8.003189585517651j)
(3.630415990698758+8.274887864380482j)
(4.529647309177605+8.394769727313612j)
(5.426590445256432+8.360585787245217j)
(6.284301203692772+8.183338231761857j)
(7.073520694502149+7.884242454696798j)
(7.7751372436114545+7.490214189636628j)
(8.380256738757659+7.029350671679682j)
(8.888545449881319+6.527463778179497j)
(9.305779321180582+6.006060142690821j)
(9.641380225963038+5.481627842863005j)
(9.906390851532777+4.965832802233631j)
(10.11203812058796+4.466206068105608j)
(10.268844691321796+3.9870013250079017j)
(10.386165686458783+3.5300260520069586j)
(10.472015805617929+3.09535127678025j)
(10.533073453149202+2.6818711606068564j)
(10.574779304889544+2.287719553987635j)
(10.60147490739624+1.9105660266366404j)
(10.616548396114396+1.5478174960801525j)
(10.622569116091837+1.1967495365019687j)
(10.621402176252662+0.854587336263432j)
(10.614299343371819+0.5185519468877515j)
(10.601965514265832+0.18588374968861787j)
(10.584601269537865-0.1461477670710797j)
(10.561922374699652-0.4802407531717068j)
(10.533156996640775-0.8190581766101982j)
(10.497021150660256-1.1652196561060921j)
(10.451672729741277-1.5212817337411015j)
(10.39464464237278-1.8896992258450998j)
(10.322758414370927-2.2727584245583947j)
(10.232021540985205-2.6724703877678153j)
(10.117515546680353-3.090409540694519j)
(9.973287989072796-3.527479827024759j)
(9.792271587860474-3.9835888087591718j)
(9.566268284706656-4.457211571202554j)
(9.286055692648686-4.9448347297136115j)
(8.941696437633034-5.440291827747468j)
(8.523151453264983-5.9340419552745916j)
(8.021303239043315-6.41250940745027j)
(7.4294618644049475-6.857692175777842j)
(6.745325835160373-7.247341258223502j)
(5.973180379989983-7.556061102870688j)
(5.125854659387715-7.757603162872252j)
(4.225720733607892-7.82834097385495j)
(3.3039766817263847-7.751428059589081j)
(2.3977905591282993-7.520616561957119j)
(1.5455989082058297-7.142476104566658j)
(0.7816649085894654-6.636081230863967j)
(0.13143000767172744-6.03009664781391j)
(-0.3910748841132449-5.358151806220809j)
(-0.7833201277328716-4.653920502710016j)
(-1.0523272213655572-3.947173770526153j)
(-1.2116452947058922-3.2614625233939414j)
(-1.2782251605149564-2.613421611645657j)
(-1.2698383172510728-2.0132668805633576j)
(-1.2032982433081645-1.4659420073165925j)
(-1.093453555660633-0.9724626587861448j)
(-0.9527801658094818-0.5311706896634263j)
(-0.7913693831328452-0.13876263972166955j)
(-0.6171387708345152+0.2089395379412644j)
(-0.43614179771945427+0.5164515307114476j)
(-0.2528986632417723+0.7882774534339032j)
(-0.07070581308306152+1.0286998160620056j)
