(60.84598673994675+0j)
(55.39871663039811-17.519135620577433j)
(43.53781814223884-27.797686710840257j)
(31.735851807476845-30.953968841078122j)
(22.57482806579994-30.165301054207237j)
(16.04656462465186-27.794243359127776j)
(11.482898670858203-24.998182136274334j)
(8.271429984438415-22.24796285142326j)
(5.977486199739672-19.705398103501846j)
(4.313076942652634-17.406128572093156j)
(3.089816493816177-15.338262402087654j)
(2.183493964930486-13.474650989645568j)
(1.5109409408102885-11.785635128121854j)
(1.0155108086521498-10.243710162883554j)
(0.6580066133537924-8.824898731845687j)
(0.4109623848693498-7.508831138080907j)
(0.25498800445367753-6.278366972282291j)
(0.17639902523869155-5.119099875768378j)
(0.16566128368120892-4.018878987379714j)
(0.2163639738295266-2.967392959419429j)
(0.3245450501813899-1.955826798662716j)
(0.4882598971119235-0.9765887779969538j)
(0.7073259840560134-0.023101581730198065j)
(0.9832031160410583+0.910346697373382j)
(1.3189870149796732+1.828692179865722j)
(1.7195069827349496+2.7361199920754427j)
(2.191528469761373+3.6360103110810376j)
(2.744069648949816+4.530779302855011j)
(3.388847750254647+5.4215696686540795j)
(4.1408747159519015+6.307715979806129j)
(5.019218774979971+7.1858632741390425j)
(6.047929290961916+8.048543465375282j)
(7.257065315201984+8.881898827453579j)
(8.683627436850601+9.66206911375928j)
(10.37187148457399+10.349523748449215j)
(12.371791853021694+10.880375442340366j)
(14.733168108253897+11.153705411615515j)
(17.4900334997043+11.014965991714153j)
(20.62675857565367+10.239686449404944j)
(24.014903579979762+8.53303694018021j)
(27.32089766904926+5.582466672152222j)
(29.93256161673215+1.2177547341600479j)
(31.04106726381248-4.3213071688876745j)
(30.014323471024504-10.207948717896953j)
(26.88350423842372-15.27964546021718j)
(22.416388126211718-18.667721219173195j)
(17.62981364989377-20.198541485990802j)
(13.270491550753189-20.239987313423022j)
(9.668960728526237-19.322620689799074j)
(6.860674757708426-17.894107530488895j)
(4.74481275072057-16.253817943446887j)
(3.1851379656260077-14.576055748267372j)
(2.055117466597671-12.95182943305571j)
(1.251749941016745-11.422799917021676j)
(0.6959919426265678-10.003443032577893j)
(0.32882957105884-8.694147302056964j)
(0.10672889148961122-7.488541721700381j)
(-0.002285666966034303-6.377443792152888j)
(-0.021672802575907448-5.35091078697437j)
(0.03137682144682852-4.399253809246726j)
(0.14431644951822503-3.5134966704971515j)
(0.30808493656879815-2.68554541588243j)
(0.516287995665186-1.908213796330572j)
(0.7646257492462932-1.1751838097781973j)
(1.0505003692488-0.48094458530494044j)
(1.3727580047345525+0.1792660546343744j)
(1.7315341261021024+0.8095023685038114j)
(2.128182222201841+1.4131224554320467j)
(2.5652735732944705+1.99275946275856j)
(3.046661286341798+2.550237381563983j)
(3.5776051183447906+3.0864099492646324j)
(4.164954336236392+3.600890365833254j)
(4.8173823485698755+4.091622893832423j)
(5.54565544021574+4.5542225733231225j)
(6.36289118432387+4.9809734182245275j)
(7.2847054438311565+5.359326723603489j)
(8.329033046628492+5.669683265586851j)
(9.515188130750094+5.882198559563234j)
(10.861330499301914+5.952392546374233j)
(12.37883835642514+5.815672029891699j)
(14.061172995793187+5.381941319308641j)
(15.864180453615933+4.534125236857692j)
(17.676427103887626+3.139542420859601j)
(19.286867308763345+1.0892362730526808j)
(20.377926943137673-1.6223309642096357j)
(20.594001441896534-4.798111929235311j)
(19.70807169504851-8.006633635370513j)
(17.793074723290164-10.715433589834635j)
(15.224320453478482-12.538624084158174j)
(12.483939429762009-13.389732874571592j)
(9.948239402912524-13.430270269093246j)
(7.8083698486172635-12.917609133950476j)
(6.1064397447935335-12.088162310557918j)
(4.803699908153911-11.11305390992008j)
(3.832341553769171-10.099590986124625j)
(3.1231020138074075-9.108121656799092j)
(2.616263326402136-8.168870272640046j)
(2.264154807464473-7.2942758224241215j)
(2.0301681712584827-6.486920767871027j)
(1.8867413619266389-5.744278727672869j)
(1.8133282739479992-5.061432081395557j)
(1.7951280406983048-4.432558126787082j)
(1.8202014956759478-3.8518144313857428j)
(1.8804437300504024-3.313568449351976j)
(1.9698473719616036-2.8126949809094133j)
(2.0841010509025817-2.3446211845587785j)
(2.2202129672068955-1.9053303632285319j)
(2.3762370312449024-1.4913421298031029j)
(2.551077654168947-1.099686646345699j)
(2.744353167388913-0.7278836683265537j)
(2.956302802554483-0.37393330341190545j)
(3.187725827027271-0.036323671035813375j)
(3.43994371368238+0.2859397471204818j)
(3.7147771995508325+0.5932778092218188j)
(4.014529713443798+0.8854481843337992j)
(4.341966705740564+1.1614149949576065j)
(4.700276457011068+1.4191688277488652j)
(5.092991314175396+1.6554879340285191j)
(5.523838176183227+1.8656332674147047j)
(5.996472683060214+2.042976535397544j)
(6.514032983418535+2.178575968289369j)
(7.078428541727038+2.2607457674113225j)
(7.6892650103547115+2.274721317129141j)
(8.342316086889468+2.202612221163028j)
(9.027522534909506+2.023959217097842j)
(9.726680282832929+1.7173404723279306j)
(10.411325963428698+1.263517993782587j)
(11.041825443655103+0.6503990616807552j)
(11.569116240169464-0.12060892667526918j)
(11.94045907616334-1.0284968882691508j)
(12.109316527072522-2.029706872217787j)
(12.047067027819732-3.0613388360000022j)
(11.751992700730147-4.051372245482541j)
(11.251047505376508-4.932988706808612j)
(10.59317774727077-5.657366091254411j)
(9.837316686588503-6.2001002899771045j)
(9.040284604442785-6.560098387305776j)
(8.248567865874843-6.753348842954872j)
(7.4950733642290475-6.805184148921944j)
(6.799729819504906-6.743714450365383j)
(6.172087100535272-6.5955002874713555j)
(5.614405021225042-6.38335015181696j)
(5.124385348002454-6.125631729555238j)
(4.697242879446518-5.836458029193997j)
(4.3271204508019-5.526273846265553j)
(4.007977584510468-5.202553375623779j)
(3.7341037789812828-4.870460468028085j)
(3.5003849755193666-4.533410927175241j)
(3.3024183658381547-4.193523838484398j)
(3.136540443364878-3.8519711061542607j)
(2.9998101588358344-3.5092424687419967j)
(2.8899730501621415-3.165344419221152j)
(2.8054217651282842-2.8199497080463893j)
(2.745161862021693-2.4725115348762623j)
(2.7087878370610454-2.1223541111118513j)
(2.6964720233242394-1.768749407415751j)
(2.708967656328051-1.4109887292967789j)
(2.747626521449959-1.0484573275245044j)
(2.8144308036555334-0.6807205609447955j)
(2.9120376823966487-0.30763120298187185j)
(3.0438334185428686+0.07053066826136023j)
(3.213990571232838+0.4528711721232408j)
(3.427516703258224+0.8376323771133614j)
(3.6902742592200473+1.2218580925195293j)
(4.008937584330675+1.6009538545549729j)
(4.390832361824733+1.9681219387611502j)
(4.84357352342131+2.3136646926879805j)
(5.37438056588329+2.624181176415202j)
(5.988911081733195+2.8817473966178238j)
(6.68943483785316+3.0632868770443427j)
(7.472216970377588+3.140517040485913j)
(8.324166640017486+3.081076720661068j)
(9.21922874981388+2.8516001188464455j)
(10.115678502079302+2.4233723788690154j)
(10.956215417423087+1.7804538660600668j)
(11.672937432031961+0.9286278966090202j)
(12.198058425030792-0.09828540642981086j)
(12.478362380080316-1.238846000478182j)
(12.488270344971568-2.413180868561777j)
(12.235729435735793-3.538596219319699j)
(11.758313171303987-4.5455555211034016j)
(11.111910699583666-5.387994811426886j)
(10.357409164548292-6.04554789295832j)
(9.550157647673704-6.519318028446186j)
(8.734239014371497-6.824719974814249j)
(7.941063364149113-6.98445070618396j)
(7.190675819272948-7.023176165215354j)
(6.494215114306528-6.96424081832121j)
(5.856489853071287-6.828031598664232j)
(5.2781714882312345-6.631447421449058j)
(4.757458183664255-6.387997203412011j)
(4.291244412575837-6.108194420504155j)
(3.875897121443422-5.800048648061755j)
(3.5077460695512475-5.469548953121778j)
(3.183379032371065-5.121092542323129j)
(2.8998102170062765-4.757844689834252j)
(2.6545701338658594-4.382032310761261j)
(2.4457495299948353-3.995180609095419j)
(2.2720187145086537-3.598304462897738j)
(2.132635819660837-3.1920662059985796j)
(2.0274522657038827-2.776910639486551j)
(1.9569200898762606-2.3531871809041633j)
(1.9221031874147916-1.9212683729601305j)
(1.9246923608933144-1.481673654953354j)
(1.9670219315842403-1.0352073523354242j)
(2.052083109904165-0.5831201657082451j)
(2.18352591450428-0.12730381837157892j)
(2.3656367004848167+0.3294714656186623j)
(2.603271826537756+0.7832680681551737j)
(2.9017192820594273+1.2286355025383013j)
(3.266449213637826+1.6582108849195267j)
(3.702702183471073+2.062282675118721j)
(4.214853530984063+2.428360542920402j)
(4.805489647379533+2.7408341387953437j)
(5.47414860478411+2.9808592676465007j)
(6.215730436751476+3.1266759253579544j)
(7.018691217361082+3.1546188254968723j)
(7.863311325004153+3.0410849287408297j)
(8.720551972254478+2.765609027749328j)
(9.552204023632106+2.3149032721567435j)
(10.313034963676053+1.6872362564191121j)
(10.955278557362217+0.8960008759813882j)
(11.435036213708322-0.028944455754625908j)
(11.71920895889747-1.0432373599655194j)
(11.790980073776876-2.09332962889544j)
(11.652114832969367-3.123917883206897j)
(11.321450309399099-4.085395033046635j)
(10.830333248768442-4.939341255207429j)
(10.216668061139544-5.661019284626323j)
(9.519291800336207-6.239004115671492j)
(8.773796513581434-6.6728646635810245j)
(8.010146543962163-6.970015570455281j)
(7.251863704150555-7.142626043170607j)
(6.516296110984963-7.205086011065582j)
(5.815478597615985-7.172191622760453j)
(5.157208705379672-7.058000615798316j)
(4.54610369567102-6.87521510738719j)
(3.984520475655066-6.634933985185115j)
(3.4732980641930284-6.34663977653968j)
(3.0123259693008118-6.018319296820784j)
(2.6009619088076095-5.65664996493149j)
(2.238328245424734-5.267209371395842j)
(1.9235151838285736-4.854683899268075j)
(1.6557144132497037-4.423064154624547j)
(1.4343017697740588-3.9758223052818424j)
(1.2588827222198586-3.5160706206553316j)
(1.1293104576556723-3.0467026674373585j)
(1.045683118770489-2.570519517464295j)
(1.0083242394755196-2.0903434657328166j)
(1.0177485072289656-1.6091214419486195j)
(1.0746135264950614-1.1300196994662204j)
(1.179657171253123-0.6565105663865004j)
(1.3336193357246644-0.192451077643928j)
(1.5371464008589324+0.25784782206147205j)
(1.790676549116201+0.6895641131933227j)
(2.0943042414915802+1.0973236510330127j)
(2.447622817214259+1.4751809199804746j)
(2.8495454206039543+1.816628969670512j)
(3.298106454781688+2.1146475296053557j)
(3.790248657695082+2.361799610224143j)
(4.321604793407761+2.5503875372242684j)
(4.886287836035375+2.6726788331481526j)
(5.476709171934368+2.7212100384101086j)
(6.0834502176718335+2.689171786573077j)
(6.695217989808431+2.570870644177346j)
(7.298918148725269+2.3622521507578043j)
(7.879878070713481+2.06145554652811j)
(8.422245673549332+1.6693552163744882j)
(8.909575544086241+1.1900294527889168j)
(9.325592061452243+0.6310873905778311j)
(9.655091273872893+0.003784077502699252j)
(9.884913275822962-0.6771347623985656j)
(10.004890940434741-1.3938910678581204j)
(10.008666280074117-2.1264308170690374j)
(9.894268534413232-2.8534291402334295j)
(9.66437095640218-3.553453255939849j)
(9.326183697535924-4.206163211800647j)
(8.890990569683485-4.79342143843489j)
(8.373386985445169-5.300195987821792j)
(7.790314357975815-5.71517572979642j)
(7.160005368097004-6.031060550705112j)
(6.500952804643869-6.244535457169739j)
(5.830995438966034-6.355975260931214j)
(5.1665843743470035-6.3689504973981705j)
(4.522260244776263-6.28961396705396j)
(3.910342009948106-6.126042932790212j)
(3.340805911356347-5.887598774324359j)
(2.821319777560763-5.584348461824537j)
(2.3573925897095127-5.226574499993714j)
(1.9526001551871373-4.824384644249286j)
(1.6088526427955-4.387420994101642j)
(1.3266765717187454-3.924660255397305j)
(1.1054910762291486-3.444292590143949j)
(0.9438648985941918-2.9536647815665367j)
(0.8397460821762899-2.4592736168465055j)
(0.7906605833462826-1.9667967086260354j)
(0.7938790521264107-1.4811498757149915j)
(0.846553018415359-1.006562287506384j)
(0.9458228733221332-0.5466625942907569j)
(1.0889005573930233-0.10457107707101057j)
(1.2731299335565847+0.317005607032247j)
(1.496027568170038+0.7156792485885016j)
(1.7553061656477118+1.0892856568446214j)
(2.0488822631456176+1.4357914213491179j)
(2.374869025235414+1.7532018091763697j)
(2.7315540957090265+2.03946947742346j)
(3.117361460797179+2.292403668304136j)
(3.530795145117285+2.5095798466601162j)
(3.970361295105325+2.688250432296014j)
(4.434463827925205+2.8252585235014673j)
(4.921267420531571+2.9169585231116617j)
(5.428520381539928+2.959150658655736j)
(5.953329283445659+2.947040889166467j)
(6.49187784804523+2.8752439720875502j)
(7.039085658085003+2.7378557386570685j)
(7.588209619719437+2.5286306565778225j)
(8.130405198396724+2.2413112979604706j)
(8.654288153384316+1.8701642588515515j)
(9.145573021630819+1.410776311767157j)
(9.58691121750805+0.8611452316203441j)
(9.958101648589148+0.22304877443324403j)
(10.236880552925484-0.49641920935849515j)
(10.400480290550718-1.2833950440521706j)
(10.428035608640672-2.1162787942151593j)
(10.303681294600743-2.965763819665167j)
(10.019853074841034-3.796320871035774j)
(9.579990963905068-4.56930538478962j)
(8.999742097867415-5.2473444947131584j)
(8.306029214063607-5.799108330344513j)
(7.533973250459254-6.203271545260405j)
(6.7223775508614985-6.450643365545935j)
(5.908935048991654-6.54404562436337j)
(5.12628975570982-6.496247150644507j)
(4.399640074473026-6.326767782301558j)
(3.745990790800727-6.058473648058008j)
(3.1747155061193544-5.714664795449679j)
(2.688901751037872-5.317002296582032j)
(2.286981707520546-4.884309954105686j)
(1.9642964607076392-4.432097266602215j)
(1.7144045362789315-3.9725832200828775j)
(1.5300728897957776-3.515013178121548j)
(1.4039665002772808-3.0661096031092763j)
(1.3290890449265507-2.630551499444562j)
(1.2990361872228433-2.2114226141234905j)
(1.308117671226015-1.8106004055770266j)
(1.35139344994344-1.4290778020570813j)
(1.4246574089021555-1.0672208484295391j)
(1.5243921190236267-0.7249705315756936j)
(1.6477101471477997-0.4019987669569448j)
(1.7922916830242304-0.09782835863901272j)
(1.9563242262541987+0.18807426717670622j)
(2.1384473767645824+0.4562260230015243j)
(2.3377039949663567+0.7070674988557343j)
(2.553497825442493+0.9409113836910507j)
(2.7855568650493314+1.1578944506485374j)
(3.0339011112903043+1.3579291180843862j)
(3.2988126919627843+1.540650908303506j)
(3.5808056077053063+1.7053582592825938j)
(3.880591264442917+1.8509411695296412j)
(4.199034458934806+1.9757951833519805j)
(4.537092297879781+2.0777174423123026j)
(4.89572543203963+2.1537822672762403j)
(5.275766712438159+2.200195560516305j)
(5.67772674206873+2.212131179290739j)
(6.101508910955249+2.1835598622520003j)
(6.545999225755065+2.107094607063906j)
(7.008491083380028+1.973898777041813j)
(7.483907769991175+1.7737382138266915j)
(7.96380693336788+1.4953082902215167j)
(8.435210056408986+1.1270267732945438j)
(8.879420980566847+0.658532990106572j)
(9.27120104266082+0.08312173091716925j)
(9.578937482776462-0.5988259757713525j)
(9.76666320371974-1.3757852603442744j)
(9.79869680481814-2.22149947799603j)
(9.6469240659642-3.0937287920932492j)
(9.299232000539504-3.9373537550871838j)
(8.765975455228238-4.692616000191633j)
(8.081015473624094-5.306692699728039j)
(7.295859659546009-5.74440933324452j)
(6.468889657341022-5.9937983053659485j)
(5.654056821534398-6.064840002055194j)
(4.8930244562570255-5.983087631425318j)
(4.212277304775205-5.781587556462226j)
(3.624307377323366-5.493994254664384j)
(3.130940404942071-5.150185640064112j)
(2.72708434698815-4.774306926770726j)
(2.4039106315611125-4.384522124303892j)
(2.1511363514520596-3.993691296707004j)
(1.9584601613899346-3.6103966699015615j)
(1.816352543883236-3.2399817908974753j)
(1.7164134885208815-2.8854495119367356j)
(1.651468530872788-2.5481734272664864j)
(1.6155221996186704-2.2284314624491177j)
(1.6036443237334752-1.9257912333352596j)
(1.611833466632596-1.6393806228961283j)
(1.6368814696283527-1.3680734795383414j)
(1.676250770463748-1.1106145171884167j)
(1.7279691252604343-0.8657017271097521j)
(1.790542603585373-0.6320397637507078j)
(1.8628859042262387-0.40837402161476016j)
(1.9442683078964438-0.1935123766132775j)
(2.034273432100181+0.013660359456961882j)
(2.1327710840769636+0.21417150867086276j)
(2.239899747777674+0.4089501512569677j)
(2.3560584881549658+0.598814739532766j)
(2.4819072420593873+0.7844562206015105j)
(2.6183745286506594+0.9664139858230318j)
(2.7666714787788136+1.1450414910605262j)
(2.928310642689159+1.320457643856023j)
(3.105127118929727+1.4924790352473312j)
(3.299297892917574+1.6605268442084122j)
(3.513352490297195+1.823500897548181j)
(3.750163583267511+1.9796122724741672j)
(4.012899316429739+2.1261657365057047j)
(4.304909056923241+2.259285722719186j)
(4.629500535432695+2.3735871582982977j)
(4.989549668790224+2.461809827993372j)
(5.386868665099005+2.514468687274145j)
(5.821253895760669+2.519630282306853j)
(6.289164444488787+2.463010990474111j)
(6.782081375425027+2.3286938147385206j)
(7.284808217316227+2.100826470618962j)
(7.774303986097531+1.7665837047372466j)
(8.21998843282791+1.3202961656813947j)
(8.586531283299912+0.7678896241519317j)
(8.839520538194346+0.12988551431714895j)
(8.952964647775442-0.5591044922019714j)
(8.915993605335347-1.2554265007533292j)
(8.735743962975178-1.9147641687433243j)
(8.435027138952682-2.500664813662664j)
(8.046022757001127-2.9899734268535054j)
(7.602920183491569-3.3738299426780336j)
(7.13615109387053-3.6551154371803443j)
(6.669345229916224-3.8443125004446905j)
(6.218724338184776-3.9555039258111835j)
(5.7940057689909255-4.003400846491861j)
(5.399914276415799-4.00155555972222j)
(5.03771259938387-3.9615270862773198j)
(4.706473708295346-3.8926694062345666j)
(4.40402385664999-3.802260949320502j)
(4.127587922583513-3.695783341751582j)
(3.874203316287988-3.577237015184787j)
(3.640969472626374-3.4494368814699086j)
(3.4251877790622043-3.3142648977652254j)
(3.2244323433663906-3.172874441943593j)
(3.036579538779462-3.0258499735897044j)
(2.859814852700158-2.873328717022403j)
(2.6926289772749086-2.715091703651647j)
(2.533810697294939-2.550630946485504j)
(2.382441328976675-2.3791985780492655j)
(2.237893738087797-2.199842850199547j)
(2.0998379460529244-2.011435142717891j)
(1.968254755344961-1.812691625132232j)
(1.8434585040209468-1.6021929856863022j)
(1.7261298530585771-1.3784056902287891j)
(1.617359298709672-1.1397085670371485j)
(1.5187017627343937-0.8844291355416946j)
(1.432242001031509-0.6108950037696614j)
(1.3606694998665292-0.31750682127092006j)
(1.307359756968858-0.002840603386040513j)
(1.2764560699803933+0.33421145888862014j)
(1.2729418325924304+0.6942517062301622j)
(1.3026875483017863+1.077129445078987j)
(1.372449167030087+1.4816276930994852j)
(1.4897852457291445+1.9050829271776089j)
(1.6628510690746843+2.342948352848608j)
(1.900021026953328+2.7883307935305224j)
(2.209291178052029+3.2315597228206308j)
(2.5974292624727737+3.6598825860962827j)
(3.0688777271520014+4.057416462752722j)
(3.624482193105556+4.4055078444114795j)
(4.260209529789841+4.68363815380668j)
(4.966115638047578+4.870939955940511j)
(5.725882480867839+4.9482482190872155j)
(6.51721603735479+4.90042447650794j)
(7.313247827227549+4.718521810842207j)
(8.084829552154748+4.401291529398599j)
(8.803335806480842+3.9556323489079874j)
(9.443412310846535+3.39584119769526j)
(9.985114834192512+2.7418471074450013j)
(10.415076681699707+2.0168627147421447j)
(10.726630300576037+1.2449761149264025j)
(10.919068468687025+0.4491211447489729j)
(10.9963767360141-0.3503249147112525j)
(10.96578483000285-1.1362683387320935j)
(10.836409080947048-1.8950494035606882j)
(10.618147026432897-2.616185142574662j)
(10.320883661806164-3.2918794634417927j)
(9.953997823317051-3.916444503384298j)
(9.526119305799387-4.485733178840693j)
(9.045074835612425-4.996641963799584j)
(8.517963820974433-5.446711895676288j)
(7.951314470093128-5.833835582704024j)
(7.351281932831005-6.156066572301321j)
(6.723859752117509-6.411522000913221j)
(6.0750831076361385-6.5983673929586395j)
(5.411207171437456-6.714871858693418j)
(4.7388469849205315-6.759521486115769j)
(4.065067429165767-6.731177750524486j)
(3.397413931194191-6.629266084753625j)
(2.7438772492603185-6.453977570842637j)
(2.1127895098756517-6.206464554294956j)
(1.5126538013308806-5.889009582153233j)
(0.9519158306248746-5.50514722679049j)
(0.43869276345536007-5.059720747744051j)
(-0.019519620616211326-4.558860487457573j)
(-0.4161360855872617-4.009878196119287j)
(-0.7457406202917325-3.4210803519684343j)
(-1.0042898877553226-2.801512710830667j)
(-1.1892421406213836-2.1606562731746726j)
(-1.29960042890635-1.5081002169768276j)
(-1.335868407541633-0.8532192085684228j)
(-1.2999263014224545-0.2048806769134163j)
(-1.194842142029222+0.428797342196351j)
(-1.0246382388497828+1.0406242214105867j)
(-0.7940346045543362+1.6244447926836165j)
(-0.5081899477819664+2.175178799132688j)
(-0.1724575727257106+2.6887988057987515j)
(0.20783100603268187+3.1622573325211847j)
(0.6275468064695537+3.5933756358504545j)
(1.0819050541790047+3.98070646426686j)
(1.566568007731748+4.323381701018328j)
(2.0777117162943957+4.620953597075497j)
(2.6120609558876646+4.873235734427742j)
(3.1668970656883393+5.080147290170918j)
(3.740043056643282+5.241561815260291j)
(4.329829351118279+5.3571597116344805j)
(4.935041944865086+5.4262819245532485j)
(5.554852693525241+5.447781063280143j)
(6.188728749617951+5.41986523001565j)
(6.8363147339916495+5.339929342527446j)
(7.497276714020598+5.204368882323744j)
(8.171091044736029+5.0083722346548685j)
(8.856753065436195+4.745690980695073j)
(9.552369980782812+4.4083942409092165j)
(10.254588718355166+3.9866261964988925j)
(10.957793855308596+3.4684097639804548j)
(11.652996102949183+2.8395810880482815j)
(12.326327294178842+2.0840088440779883j)
(12.957083763165583+1.184360203626666j)
(13.515357207547012+0.1238263422325666j)
(13.959530901929128-1.1106077453567504j)
(14.234395265963295-2.522665676505436j)
(14.271415903259959-4.098582766952705j)
(13.993628301497031-5.79669065615325j)
(13.328053422848996-7.537423993218869j)
(12.226952312199884-9.199565809756962j)
(10.694117310138926-10.630653047364778j)
(8.804777538029699-11.676273102054251j)
(6.703975954115126-12.221981570491604j)
(4.576524850768512-12.22883691346038j)
(2.5998376633366806-11.742552319535958j)
(0.903147974663725-10.872026197133643j)
(-0.4495056051610358-9.751850523796366j)
(-1.4522660847079345-8.508545097448385j)
(-2.137913868067779-7.2414260069418805j)
(-2.5576417902478883-6.017879103207552j)
(-2.7663149292576508-4.877384006750527j)
(-2.814151057816729-3.838717132776431j)
(-2.743267272630801-2.9069776417082713j)
(-2.587128986648926-2.0791007305140705j)
(-2.3714007930866607-1.3476862619646879j)
(-2.1152885543576-0.7034416409128853j)
(-1.832906654925676-0.13663305793682745j)
(-1.5344740657195872+0.362116084200889j)
(-1.2272843719863569+0.8014317681919324j)
(-0.9164593866801373+1.189034842589458j)
(-0.6055196215678239+1.5317199956645084j)
(-0.2968091722065362+1.8354040484096483j)
(0.008191113852119767+2.1052058603577937j)
(0.30863444301624193+2.3455365202075265j)
(0.6041412590628841+2.5601883399052547j)
(0.8946784816461213+2.7524169343324485j)
(1.1804726847138696+2.9250139410896994j)
(1.4619483250014642+3.080369715720257j)
(1.7396845479041607+3.2205262400321564j)
(2.0143858862503237+3.3472208737583222j)
(2.2868634815156423+3.461921680376248j)
(2.558024419737115+3.565854991773577j)
(2.8288674787958445+3.6600257124346265j)
(3.1004840975908015+3.7452306359577983j)
(3.3740637480061824+3.822064766786158j)
(3.650903147301139+3.890920304544748j)
(3.932418905772983+3.951977541843618j)
(4.22016326013546+4.005186422301884j)
(4.515842475044705+4.0502368656847665j)
(4.821337254053598+4.086515140095127j)
(5.138723995728346+4.113042481373057j)
(5.470294803652502+4.128390748048938j)
(5.818572547770149+4.130568071606558j)
(6.186314545919384+4.116865150653775j)
(6.5764938838275295+4.083650059290758j)
(6.99223989118382+4.026096434220853j)
(7.436707081240263+3.937827446691461j)
(7.912822321557452+3.810458009468257j)
(8.422829567160946+3.6330246346581925j)
(8.967506224012816+3.391315532982554j)
(9.544863494530379+3.0671711801787853j)
(10.148073671421857+2.637950585647108j)
(10.762329744915725+2.076602255083816j)
(11.360449012212847+1.3531982862285343j)
(11.897531045265259+0.4393761057790824j)
(12.306278455337852-0.6824009220360743j)
(12.496985081397819-2.0034595177748775j)
(12.368841964044178-3.469589343791751j)
(11.838386561524507-4.967440138045016j)
(10.880806992393826-6.333451548071776j)
(9.56170959195419-7.396233540001401j)
(8.030210037442144-8.037323773968758j)
(6.468832762073077-8.231568775008487j)
(5.0323461362689015-8.04089917561629j)
(3.8128319482420903-7.573781546635904j)
(2.8399549960498143-6.942336695324836j)
(2.100864530763134-6.237146533995887j)
(1.5620023093658402-5.520434292740845j)
(1.1844072430657213-4.829657965554488j)
(0.9318223491575665-4.184354559957119j)
(0.7738312719100826-3.592515039150947j)
(0.686317089579174-3.0553225884974538j)
(0.6507646423650362-2.5702855988539435j)
(0.6532203812300191-2.1331599861898507j)
(0.683276978371274-1.7390618766885322j)
(0.7332145794388898-1.3830749757875809j)
(0.7973223558077015-1.060556922147093j)
(0.8713815865018669-0.7672730364593306j)
(0.9522795752157691-0.4994349457932304j)
(1.0377243387182904-0.25368948292643007j)
(1.1260348391196702-0.02708378698670166j)
(1.2159870329373716+0.18297900560070957j)
(1.3067008726277192+0.3787858024964836j)
(1.3975572881293241+0.5623574906982538j)
(1.4881371412913114+0.7354890808335018j)
(1.5781763469853698+0.8997855525420027j)
(1.667532966156858+1.0566935109355007j)
(1.7561632492215804+1.2075290676228128j)
(1.8441044624613063+1.3535024910845452j)
(1.9314629557078573+1.495740212627182j)
(2.0184063935595846+1.6353047732769037j)
(2.105159424048577+1.7732132812862826j)
(2.1920023349745383+1.9104549356199834j)
(2.2792724775003745+2.0480081679660143j)
(2.367368442384602+2.1868579717047942j)
(2.456757177413456+2.3280140272554615j)
(2.5479844566071366+2.4725303063916204j)
(2.6416893774558274+2.6215269525523817j)
(2.7386239039556357+2.7762154023104446j)
(2.8396789356265053+2.9379279524629154j)
(2.9459190325895674+3.1081533123760434j)
(3.0586288661967886+3.2885801470811225j)
(3.179375854397731+3.4811512620407616j)
(3.3100955403297045+3.6881319730073954j)
(3.453209509423921+3.912197434740722j)
(3.6117907369448403+4.156545385518039j)
(3.789799463129296+4.425043026806683j)
(3.9924262217305935+4.722419682041995j)
(4.22660153617628+5.054520328845854j)
(4.5017716194186965+5.428638208243706j)
(4.831110825158688+5.85394443307778j)
(5.233473884811884+6.342019475247738j)
(5.736644531799666+6.907437837849441j)
(6.382940102929123+7.568180378013831j)
(7.239260220781944+8.345094875059267j)
(8.415803638141414+9.257880807705815j)
(10.101966090437807+10.309389130751812j)
(12.63468960244432+11.430681197794494j)
(16.609036725524263+12.292328823768969j)
(22.881357441184832+11.687332837973457j)
(31.197273473794+6.1637707552597885j)
(34.65995395139259-7.628497337835075j)
(25.658779546490155-19.47881032941856j)
(14.674533805997921-20.880603767150888j)
(8.233494767430477-18.005453328594584j)
(4.984199645637545-14.886032857240547j)
(3.319643595924112-12.357584574187436j)
(2.425782682642631-10.406340595850658j)
(1.9244723655553164-8.894652342644036j)
(1.6342752994972212-7.702771582747638j)
(1.4632116003297422-6.743899956898215j)
(1.3620389257117216-5.957348994128057j)
(1.3030870064708546-5.3005847984857075j)
(1.270147552416571-4.743354181373798j)
(1.2533852745244942-4.2637357054541445j)
(1.2466508298234615-3.8455373620574713j)
(1.2460004241445775-3.4765744032696357j)
(1.248849117813431-3.147514316298143j)
(1.253470394231707-2.851089076769195j)
(1.258691721434228-2.581548268692086j)
(1.2637045869994339-2.3342726307640023j)
(1.2679432944048876-2.1054961908755474j)
(1.2710061184084736-1.8921030627867224j)
(1.27260316267684-1.691476331326235j)
(1.2725214166733714-1.5013837496223212j)
(1.2706011273952642-1.3198897310860727j)
(1.266719783323777-1.145286266196501j)
(1.2607813566991577-0.9760375011742727j)
(1.2527093070841093-0.8107341396154661j)
(1.2424424123286673-0.6480547950837102j)
(1.2299328813609345-0.48673207697789234j)
(1.2151464911116718-0.3255216265963086j)
(1.1980647271459366-0.16317259488350322j)
(1.1786891313962673+0.001601794351502777j)
(1.1570483032927275+0.17015489892852936j)
(1.1332082967319612+0.343939867081986j)
(1.107287546745232+0.5245468509060234j)
(1.0794780038505023+0.713745866655893j)
(1.0500749342760518+0.9135372112935829j)
(1.019518985557712+1.1262116771723272j)
(0.9884558103561965+1.3544231736856576j)
(0.9578210811389245+1.6012766872276007j)
(0.9289625705433033+1.8704346076752387j)
(0.903816821442482+2.1662439271825527j)
(0.8851668642885007+2.4938848478347126j)
(0.8770210611798548+2.8595362110796034j)
(0.8851737186095231+3.270541401366404j)
(0.9180383637773091+3.7355329450189294j)
(0.9878865849809307+4.264420894314944j)
(1.1126760517170902+4.868041912330988j)
(1.318689025626671+5.5570519037933686j)
(1.6441494869163593+6.339239904456057j)
(2.1436164097006474+7.2137381403640255j)
(2.8916979671983105+8.159611750421574j)
(3.9813710451389808+9.115725415888821j)
(5.505727639909612+9.951561177239391j)
(7.5051240179125145+10.442110521318318j)
(9.872694627192551+10.290013317029253j)
(12.273964777183995+9.254879642887785j)
(14.217916732994018+7.359444651419461j)
(15.322544248992426+4.9629732113222955j)
(15.53534603072967+2.5581005487094j)
(15.08088281415592+0.49731900062464107j)
(14.256478715058261-1.0952953288808027j)
(13.293813793148116-2.2508407195547777j)
(12.33003766565874-3.0595294272479796j)
(11.430773213283343-3.6145752251428016j)
(10.619451435350415-3.9918390202453407j)
(9.898093935157785-4.2472152726529915j)
(9.259260309330905-4.420037180522671j)
(8.692177120600167-4.53741499543516j)
(8.185615474288785-4.617878696238811j)
(7.729100207658245-4.6740553025322304j)
(7.313312604138318-4.714527163833051j)
(6.9301272585327345-4.745087568392039j)
(6.57249949344916-4.769577592632535j)
(6.2343059372949226-4.790438506252855j)
(5.910184908822345-4.8090718706333915j)
(5.595396591367142-4.826068816214841j)
(5.285710918371793-4.841349171371054j)
(4.977326226712505-4.8542375467092835j)
(4.6668203654972205-4.863495012004296j)
(4.351136197306033-4.867320159969673j)
(4.02760426672006-4.863331209346337j)
(3.6940061403642557-4.848540818050122j)
(3.3486818921339245-4.819337111027653j)
(2.9906836529839693-4.771487725439408j)
(2.6199731433373272-4.700187831024901j)
(2.2376536817102246-4.6001769383265945j)
(1.8462156328283414-4.465950866259329j)
(1.4497588994434674-4.292091557874162j)
(1.0541390657657417-4.073724983920164j)
(0.6669701939547171-3.807093286184289j)
(0.2974150406775565-3.4901916457959974j)
(-0.044288252101359844-3.123378899893428j)
(-0.3475692483756705-2.709836782723173j)
(-0.6024767925158457-2.25574407992266j)
(-0.8007045698164937-1.7700646922112386j)
(-0.9365055326784016-1.263924812743359j)
(-1.0073092473341492-0.7496553415592283j)
(-1.0139150519223599-0.2396654949449988j)
(-0.9602353961607781+0.2546438142607815j)
(-0.852670247167714+0.7237394434345696j)
(-0.6992663407619841+1.1604739898293017j)
(-0.50883411761925+1.5602404986524008j)
(-0.29016529007902364+1.9208202440512785j)
(-0.05143708969097653+2.2420234489776796j)
(0.20016992743913553+2.525229976286437j)
(0.45865833840647546+2.772918645580287j)
(0.7192469000420054+2.988244368825859j)
(0.9782993570299693+3.174693275088124j)
(1.23319352912564+3.3358236239538805j)
(1.4821651898462809+3.4750861972928395j)
(1.7241503074259008+3.595710890051509j)
(1.9586397559991156+3.7006442611505683j)
(2.1855535047978947+3.7925237762753454j)
(2.40513653077342+3.873676800845817j)
(2.617875842604989+3.946135079256389j)
(2.8244365220744676+4.011657922578389j)
(3.0256141101928002+4.071759389774278j)
(3.222300628840703+4.127736337535642j)
(3.415461783952097+4.180695372213477j)
(3.606123284336977+4.231577539539793j)
(3.795364638256908+4.2811801134932175j)
(3.9843192096673268+4.33017516403544j)
(4.17417970782067+4.379124748485659j)
(4.3662086450718816+4.428492620983943j)
(4.561753635736467+4.4786523118721435j)
(4.762267737167694+4.529891303072193j)
(4.969335370129519+4.582410812128509j)
(5.184704719254601+4.636320376734032j)
(5.41032792876768+4.691625964324194j)
(5.648410898905381+4.748209651958871j)
(5.901475080689723+4.805797924459857j)
(6.172434383628272+4.863914155666318j)
(6.464691160682497+4.921808601744865j)
(6.782256185015305+4.978355820007946j)
(7.129898452077371+5.031904144911692j)
(7.513331170076259+5.080053593913036j)
(7.939439579038232+5.119325540244398j)
(8.416552296738027+5.1446667810240685j)
(8.954746360777676+5.148697681191915j)
(9.566147448206891+5.120562046967154j)
(10.265120115111282+5.0441562710433026j)
(11.068093649117678+4.895399545447514j)
(11.99244355685148+4.638065890501674j)
(13.05316057271582+4.2176181513503j)
(14.254665634270816+3.552801846513169j)
(15.572722621107598+2.526535008536375j)
(16.918563244014337+0.98360763258854j)
(18.079624130141692-1.242326433009776j)
(18.65838950003831-4.227304010956834j)
(18.111355859868752-7.750333791245003j)
(16.05297933662495-11.119654538595162j)
(12.719278273698846-13.409428448493863j)
(8.976692697567145-14.121740165848626j)
(5.692417268815541-13.493755992250794j)
(3.252114062086882-12.119770426616006j)
(1.6253270256989933-10.506078831576623j)
(0.6199525668927096-8.937673915597232j)
(0.04053323511484355-7.531901695406972j)
(-0.2617138453823443-6.316621392166127j)
(-0.38809128576088814-5.2811670902451935j)
(-0.40440676722465096-4.402019774110149j)
(-0.3526428426707516-3.6539510578132486j)
(-0.2594610646126338-3.014178485365095j)
(-0.1418168136107692-2.4634854646253435j)
(-0.01052712112311203-1.9861461502879971j)
(0.1274904733707297-1.5694545241692046j)
(0.2678133103151308-1.2031827028821722j)
(0.40762723354737396-0.8790873747383364j)
(0.5451623961660609-0.5904975766667225j)
(0.6793306625248959-0.3319837820331598j)
(0.8094903243161674-0.09909719364644133j)
(0.9352920616275987+0.1118340039911689j)
(1.0565773061373187+0.30386354440891833j)
(1.1733107546140633+0.4795511789409189j)
(1.2855353541078876+0.6410599456545707j)
(1.3933422035436558+0.7902327876086687j)
(1.496850431882667+0.9286532618547848j)
(1.5961937905663448+1.0576939616761858j)
(1.691511785630141+1.1785554194417918j)
(1.7829438874009294+1.292297609713902j)
(1.8706258269760423+1.399865683577383j)
(1.954687303156852+1.502111197017463j)
(2.0352506349790063+1.599809818923557j)
(2.112430038083859+1.6936762956041613j)
(2.186331300433485+1.7843772919515215j)
(2.257051699046253+1.8725426123594917j)
(2.324680044269278+1.9587752182530918j)
(2.389296768062345+2.0436603972418377j)
(2.45097399211125+2.127774397014712j)
(2.5097755230876273+2.21169281227243j)
(2.565756727748906+2.295999003666792j)
(2.618964240756758+2.3812928335198573j)
(2.6694354533710203+2.4682000248589806j)
(2.717197721228588+2.557382490215222j)
(2.762267213260036+2.6495500385313027j)
(2.804647299631845+2.745473958433424j)
(2.844326341496929+2.8460031030797155j)
(2.88127469471909+2.9520832791844485j)
(2.9154406665264196+3.064780990389309j)
(2.946745057244517+3.18531293226999j)
(2.975073761582578+3.315083126991798j)
(3.0002676678417037+3.455730286951029j)
(3.0221087341911863+3.6091890120734584j)
(3.0403005648592503+3.7777699171174373j)
(3.054440930684929+3.9642660130163314j)
(3.063982261478504+4.172096053883446j)
(3.068173797248349+4.405500816500489j)
(3.065975117540287+4.669816612667133j)
(3.055923842884322+4.971863874504457j)
(3.035927815597539+5.320511249942832j)
(3.0029287119130252+5.727514500736924j)
(2.9523384965982222+6.208798560239143j)
(2.877056993493753+6.786478495650559j)
(2.765677561912286+7.492159940714411j)
(2.5990238644068286+8.372551847044694j)
(2.3430060336506306+9.499463220302593j)
(1.9326342509455274+10.98855273458959j)
(1.2324115527490795+13.036429931323068j)
(-0.07538638334539328+15.996902981057296j)
(-2.8629012804340306+20.526373101513954j)
(-10.064064579727724+27.584796018905717j)
(-32.62600006594997+33.13733117400134j)
(-58.98728000407736-6.928192406369429j)
(-25.17890398657045-29.9389672487278j)
(-8.995198754049094-23.476575336619653j)
(-3.300331411154743-17.78240712603613j)
(-0.8206872303382295-14.05521254251973j)
(0.458291326970902-11.54280188474951j)
(1.199395932841852-9.761389979193218j)
(1.6651634413858338-8.441396273527985j)
(1.9753557567030142-7.427830283581701j)
(2.1907309025902193-6.626912733181977j)
(2.3447412862367183-5.9790802800855545j)
(2.4570334796954127-5.444868459732307j)
(2.539761634528909-4.997167485981206j)
(2.6007716354438504-4.616770240727432j)
(2.6453098273495828-4.289702079448474j)
(2.6769887564008785-4.0055581583811986j)
(2.6983574795635707-3.756433414855499j)
(2.7112512591632174-3.536213645604624j)
(2.7170130670302006-3.3400935808739436j)
(2.7166379149672735-3.1642416733842813j)
(2.7108692519038216-3.005562091094641j)
(2.7002647515811184-2.8615225518141134j)
(2.6852420605895295-2.730027648576629j)
(2.666111127056765-2.60932416716855j)
(2.643097355213424-2.4979292611967616j)
(2.616358366367054-2.394575187948531j)
(2.5859962227628643-2.2981661889428278j)
(2.5520663757225055-2.207744366774918j)
(2.514584209066053-2.122462277444585j)
(2.473529788505064-2.041560558979511j)
(2.428851251709087-1.9643493388945488j)
(2.3804671535722366-1.8901924609589287j)
(2.32826799880772-1.8184937829445287j)
(2.2721171378977014-1.748684946264985j)
(2.2118511653433375-1.6802141223479081j)
(2.1472799366196833-1.612535310447167j)
(2.078186309744242-1.5450978049250006j)
(2.0043257179242824-1.4773354717429754j)
(1.9254256916790093-1.408655477086226j)
(1.841185473745463-1.3384260974631177j)
(1.75127591102656-1.265963211080308j)
(1.6553398696657347-1.1905150249968266j)
(1.5529935091976335-1.1112445314785893j)
(1.4438288799207537-1.0272091103724603j)
(1.3274184887146239-0.9373366035725185j)
(1.2033227328448817-0.8403970866207123j)
(1.0711014570805715-0.7349694598132274j)
(0.9303313853516566-0.6194018941703239j)
(0.7806318663231299-0.4917651286782564j)
(0.6217023211900716-0.34979768246522913j)
(0.4533760782907984-0.19084232017320335j)
(0.27569702469645524-0.01177376233046862j)
(0.08902780360449403+0.19108105035121167j)
(-0.10579879304902703+0.42202638837680717j)
(-0.30727009588906073+0.686076820256534j)
(-0.5129066380983601+0.9890166831968331j)
(-0.7188762391161314+1.3374129455177783j)
(-0.9194873443929108+1.738536293176831j)
(-1.1065474408049667+2.2001186924322393j)
(-1.2685956051966825+2.729840145216752j)
(-1.3900702950753696+3.334397052575307j)
(-1.450571972615202+4.017975082758122j)
(-1.424540392778323+4.779967993314686j)
(-1.281880374773377+5.611919440792572j)
(-0.9902631287942663+6.494010719027688j)
(-0.5198071018765085+7.392030283343918j)
(0.14971307023177502+8.256509796259248j)
(1.020307042974985+9.026089684618785j)
(2.0688215923475863+9.636357354696651j)
(3.245562854584768+10.032925842352332j)
(4.48105026395798+10.184401344801719j)
(5.699570667031811+10.089628709467293j)
(6.8343181193665705+9.775978161758314j)
(7.83821014779401+9.290065172691548j)
(8.687409599218356+8.68563176558657j)
(9.378489679468498+8.013290282035115j)
(9.92232486877441+7.314460730838948j)
(10.3376568939577+6.619386171639233j)
(10.646011777880759+5.947870643943036j)
(10.868415543903838+5.311286328379078j)
(11.023656313366516+4.714834640698874j)
(11.127616941771405+4.159537196225943j)
(11.193238628266565+3.6437780063319285j)
(11.230798661479085+3.164402825123814j)
(11.248305907745108+2.7174550181531285j)
(11.25190656490734+2.298641035565538j)
(11.246249178267231+1.903606870168964j)
(11.234790075195017+1.5280880959613725j)
(11.220036847160944+1.1679782694872034j)
(11.203734790273678+0.8193462825766984j)
(11.187003517904868+0.4784229205837622j)
(11.170430767105143+0.14156979273522613j)
(11.154129098652529-0.19476080290571046j)
(11.137759436070644-0.534069284988993j)
(11.12052353037286-0.8798510570024083j)
(11.101125619692853-1.2356334993680513j)
(11.07770185595644-1.6050027856689955j)
(11.047714596623713-1.9916137568562144j)
(11.007807622218474-2.399172889859634j)
(10.953618183427192-2.831379507620741j)
(10.879543354202509-3.2918033547177696j)
(10.778462983975771-3.783667139998864j)
(10.641432127899229-4.309490714416962j)
(10.457376076009918-4.870540574417541j)
(10.212856306900695-5.466018576484119j)
(9.892031569063594-6.0919268219822875j)
(9.477017238555067-6.739580339361034j)
(8.948938155947463-7.393835679706283j)
(8.2900363407494-8.031299022552789j)
(7.48714652836696-8.61909187801045j)
(6.536547049436598-9.115130502106352j)
(5.449499218670422-9.471101171665703j)
(4.256769858262841-9.638983937270408j)
(3.0096004086388826-9.580708028610664j)
(1.7748864532436075-9.278484792351476j)
(0.6244329371965718-8.741748154983995j)
(-0.37867605848880176-8.007107939772654j)
(-1.1915286726230656-7.13073123526116j)
(-1.7965432459370094-6.176259747639897j)
(-2.199528634218233-5.203064662838357j)
(-2.42299091150021-4.258445041724559j)
(-2.498122380579423-3.374750253079886j)
(-2.458058048797562-2.5703216541824303j)
(-2.3334603404626444-1.8524263367267007j)
(-2.150324877514212-1.2206562820349662j)
(-1.9293812315066952-0.6699152506917764j)
(-1.6864173866399181-0.1926708969474665j)
(-1.4330198798937601+0.21952240399420653j)
(-1.1774162452994001+0.5750872112154957j)
(-0.9252583632700149+0.8819050711380242j)
(-0.6802819699879699+1.1470728540089847j)
(-0.444830389115379+1.3768264211305317j)
