(91.99765762886605+0j)
(75.73352802875091-35.568310744061854j)
(48.92604339940117-46.87107953900653j)
(29.982645225341887-44.590665476449125j)
(18.706245258042525-39.014875802656896j)
(11.988303620963357-33.494832863238344j)
(7.818550874444204-28.743023438405164j)
(5.113791143313058-24.771406926326776j)
(3.2924183651975514-21.446871942878648j)
(2.0304495329141155-18.631826638353054j)
(1.1392707059677447-16.213497062416902j)
(0.5043746520139695-14.104965996366348j)
(0.053631867160761335-12.240239743067656j)
(-0.25982304130904577-10.56909933885985j)
(-0.4671992884321903-9.05296849660092j)
(-0.5896456572165332-7.661839594004685j)
(-0.6416158672985319-6.372041567009288j)
(-0.6329469897096944-5.164626255617151j)
(-0.5701681165736412-4.0241969305516j)
(-0.4573316386793648-2.938051220570219j)
(-0.29653646631153785-1.895548891027829j)
(-0.08824269591736235-0.8876428091837603j)
(0.1685640710975151+0.09346855924337193j)
(0.4763262627567271+1.0545940792473238j)
(0.8389704380672381+2.0017236956526j)
(1.2620634348682147+2.9401280901192233j)
(1.7530768234273342+3.874378415903566j)
(2.3217782687990893+4.808266493427303j)
(2.980779179191791+5.744585971618667j)
(3.7462791823938226+6.684703898054824j)
(4.639057590914773+7.627801463267264j)
(5.685763640973455+8.569578266556752j)
(6.920533646667293+9.500073030693683j)
(8.386871449496681+10.400019143760566j)
(10.139466798460614+11.234777905363828j)
(12.244961708557273+11.944343319104647j)
(14.7791059343849+12.427295882272857j)
(17.814315669291624+12.51657387603749j)
(21.38509350964941+11.948007409115617j)
(25.40977201707078+10.33561154467021j)
(29.548212106900735+7.2032117340046895j)
(33.032790918826976+2.178132884723791j)
(34.686247648671774-4.572637539606734j)
(33.46908533314601-11.929581778976589j)
(29.37697454349841-18.14440724508146j)
(23.62002924411407-21.960649829730695j)
(17.71373941777809-23.287845019943397j)
(12.617103642041075-22.810163713894635j)
(8.62807269403538-21.317133665227995j)
(5.66870893881185-19.381822077341184j)
(3.53691017910317-17.337813363326852j)
(2.029289638092513-15.352846823253314j)
(0.9805125474689864-13.499232297974904j)
(0.266945107393753-11.799685950302736j)
(-0.20067003254044016-10.253120678567107j)
(-0.48593446880754-8.84813137877139j)
(-0.6340573638432527-7.569710291633788j)
(-0.6772471046580945-6.402428171098727j)
(-0.6385277200366578-5.331827044072701j)
(-0.5343865112305248-4.344932423765924j)
(-0.3765968781294441-3.430348135906932j)
(-0.1734700313028123-2.5781668849231454j)
(0.06928770130973136-1.7798121831695324j)
(0.3479921929498748-1.027867826704149j)
(0.6605935336478459-0.31592153218575736j)
(1.006430187812302+0.3615647484494448j)
(1.3860915733366583+1.0093512147513581j)
(1.8013685327205828+1.6314779387774556j)
(2.2552806956806473+2.2312767253440344j)
(2.75217686358681+2.811325379482154j)
(3.297909930331346+3.3733249044673275j)
(3.9000914654003553+3.9178678457052927j)
(4.5684318618733615+4.444046698016573j)
(5.315166900165876+4.948821118968399j)
(6.155553797407175+5.426015857807334j)
(7.108374388283858+5.864750207708965j)
(8.196278876714207+6.246997346545328j)
(9.445577907729716+6.5438417280352725j)
(10.88462468871136+6.709891793281562j)
(12.539024326966969+6.675396798499981j)
(14.42033584651811+6.336455774118016j)
(16.502832241140194+5.546629379814325j)
(18.6822644969104+4.120695483281676j)
(20.718851507595318+1.8746076066994672j)
(22.19851390443155-1.265838540535016j)
(22.600801546515775-5.094358475568783j)
(21.552769302377968-9.02661099980881j)
(19.138388045015873-12.288628276314912j)
(15.919426703486039-14.338475347256189j)
(12.591562504382294-15.113824577663737j)
(9.64071059845724-14.905597223145303j)
(7.261073320377693-14.09385631318402j)
(5.449784568382196-12.98587895179796j)
(4.119225231435495-11.779532240775074j)
(3.165070727318001-10.58481299582597j)
(2.4948978576126946-9.455224594948179j)
(2.035624385169783-8.41198512165129j)
(1.732394120156584-7.45930078531216j)
(1.5450175568129096-6.593113306705039j)
(1.4443529911794946-5.805828420903881j)
(1.4093418963145894-5.088757127993991j)
(1.4251524637838893-4.433320891268713j)
(1.4802238952002162-3.831582560724318j)
(1.5668188300176373-3.2764054094722495j)
(1.6793416101485077-2.761528905110854j)
(1.8138823349574935-2.281515444804348j)
(1.9678243109529245-1.83167666271028j)
(2.139566901616355-1.4079971745775584j)
(2.3283338080885496-1.0070676387492103j)
(2.534043865861647-0.6260335115306305j)
(2.7572280102309037-0.2625633753780088j)
(2.998980657761248+0.08515995495009883j)
(3.260936619124431+0.4184218765492901j)
(3.545266032905604+0.7379270648599257j)
(3.854679713466766+1.0437123660811423j)
(4.192435502072242+1.3350123734128698j)
(4.562332151767965+1.6100659574852907j)
(4.968670041249517+1.8658497433748051j)
(5.4161462683378465+2.097723796579533j)
(5.909633783979687+2.2989781607677386j)
(6.453768792667362+2.4602812875779767j)
(7.052238071671656+2.569061462730041j)
(7.706624064273853+2.6089137234436905j)
(8.414649353770361+2.559235339598891j)
(9.167706771200201+2.3954667842192356j)
(9.947746350810418+2.090537662533466j)
(10.724022230247245+1.6182924038248458j)
(11.450938455199724+0.9595515706346891j)
(12.06908018909366+0.11065250112162035j)
(12.511773310407053-0.9074708515260197j)
(12.718051024630368-2.043838111662499j)
(12.649228890374742-3.220549148594994j)
(12.30224581119858-4.346521560092063j)
(11.712483056803618-5.33773971384237j)
(10.943947791336747-6.135196091048636j)
(10.071910636936387-6.71301402459479j)
(9.166273222463817-7.075485151974349j)
(8.281361159785696-7.247349319869035j)
(7.453014727422201-7.262948687379862j)
(6.700672416728777-7.15785650615711j)
(6.03155793124312-6.963968170985884j)
(5.444956249689388-6.70745764276748j)
(4.935649836182326-6.40854128930853j)
(4.496319795891291-6.082142059605555j)
(4.119059756814649-5.738866005089094j)
(3.7962442748305754-5.385978410903937j)
(3.520973129747106-5.0282460881182045j)
(3.2872578990491297-4.668610406765384j)
(3.0900633573413283-4.308701197804064j)
(2.925274779501042-3.949218242120167j)
(2.789633762231384-3.5902096591984174j)
(2.680666974770332-3.231273382090437j)
(2.5966211945119912-2.871703166640134j)
(2.5364115732823063-2.5105960503717317j)
(2.499586549060697-2.1469345281854784j)
(2.486310998994406-1.7796541160576662j)
(2.4973683695198683-1.407705409068135j)
(2.534182118842165-1.030119149021708j)
(2.5988564934039786-0.6460831739403943j)
(2.6942360825420333-0.2550414561724508j)
(2.8239823237347403+0.14317217232317675j)
(2.9926625371638984+0.5481494670082351j)
(3.205842177957076+0.9586515490179381j)
(3.47016229398481+1.3722546063509118j)
(3.793369406368283+1.7848657140878939j)
(4.184241073652069+2.1900743879534645j)
(4.652313617116993+2.5783114844868447j)
(5.207266279116891+2.9358129111084645j)
(5.857751368260562+3.2434509860312204j)
(6.6094011179848815+3.475630524354859j)
(7.461740888963918+3.599681726011543j)
(8.403902507392372+3.5765222506893735j)
(9.409525874699987+3.363711365485168j)
(10.43219833105948+2.922074329881931j)
(11.404054750381782+2.2262769107448417j)
(12.24090873789969+1.2775749360269326j)
(12.85598311617631+0.11390230663038979j)
(13.180023857623294-1.1892369422821814j)
(13.180219464321933-2.530934144102529j)
(12.868696224335762-3.806913568196222j)
(12.29639063422762-4.931956091254459j)
(11.53634247090995-5.853375602054215j)
(10.66507116183768-6.5524119760507995j)
(9.749032810319651-7.036856908081997j)
(8.838386090986146-7.330576347050537j)
(7.96659022651488-7.4641998466164425j)
(7.153157758874368-7.4687371633611805j)
(6.407367483623149-7.372077723306145j)
(5.731699573974208-7.197583561105793j)
(5.12452204904781-6.963930254462692j)
(4.58198929778146-6.6855637216188715j)
(4.099290430938048-6.373382426453448j)
(3.671422493678074-6.035437287647967j)
(3.2936419347534547-5.677556238067671j)
(2.9617102098228454-5.303863666990686j)
(2.672014229750049-4.917195952073885j)
(2.4216150584694045-4.519427154625511j)
(2.208258945489133-4.111722632351269j)
(2.030371835704831-3.6947378761008114j)
(1.8870501173905023-3.2687779541638573j)
(1.778055032411031-2.833930840830032j)
(1.7038147466494307-2.390186188710704j)
(1.6654357420365904-1.9375499947975732j)
(1.6647233328468423-1.4761651593235625j)
(1.7042092278152177-1.0064481121124167j)
(1.7871816826068971-0.5292523864714422j)
(1.917710397584218-0.046071061369785546j)
(2.1006533032291714+0.4407090101927281j)
(2.34162502259985+0.9274880343940306j)
(2.646896353201335+1.4090578539578857j)
(3.0231800296856886+1.8781250965816758j)
(3.477240585919658+2.324761752002444j)
(4.015247613425536+2.735819126548979j)
(4.641778474578551+3.094387641457704j)
(5.3583819393042456+3.3794562744868473j)
(6.161661397912723+3.5660203131263293j)
(7.040957312576607+3.6259855658869595j)
(7.975932844865849+3.5302694562637558j)
(8.934689471501626+3.2524100699446814j)
(9.873369904460793+2.773646746333048j)
(10.738324422053473+2.08877526338173j)
(11.471523598743705+1.2112579328700832j)
(12.018831914755118+0.17553636037975467j)
(12.339302305660473-0.9651566995776176j)
(12.412633595300601-2.1457286360094914j)
(12.242213607177245-3.2991583132400466j)
(11.852840243473288-4.36636797920882j)
(11.284321318227073-5.303186091781616j)
(10.583448071236877-6.083056887999293j)
(9.796772466540025-6.695903692258149j)
(8.965609183624434-7.144612334933183j)
(8.123528959912544-7.440734986255983j)
(7.295853450502604-7.600558064735059j)
(6.500404386854274-7.642083112290293j)
(5.748837701790687-7.583014369884521j)
(5.048101991899911-7.4396017041051445j)
(4.401766618669851-7.226107484729543j)
(3.8111143547626836-6.9546786482020115j)
(3.275982449460297-6.6354540051062765j)
(2.795379372627205-6.276789854126078j)
(2.3679197121866786-5.885530701207937j)
(1.9921200957547742-5.4672833161653696j)
(1.6665929992747996-5.026672974474583j)
(1.3901674959670227-4.567573287215029j)
(1.161958560128604-4.093308120898397j)
(0.9814002862926191-3.6068277523831687j)
(0.8482534546833251-3.110862972129478j)
(0.7625941220507566-2.6080612261722877j)
(0.7247871089454201-2.1011086062583546j)
(0.735446161318438-1.5928408582777642j)
(0.7953809985003302-1.0863457330879724j)
(0.9055302858416034-0.585058011874818j)
(1.0668787061370795-0.0928474074990708j)
(1.280355717938001+0.38590174778423975j)
(1.5467132993706205+0.8462216012287532j)
(1.866380051560476+1.282506939173686j)
(2.2392895950299385+1.68848259977158j)
(2.6646824023166364+2.057200416922844j)
(3.140882275594794+2.3810760952069736j)
(3.6650518185173473+2.651978324686841j)
(4.232935653441557+2.86138373581466j)
(4.838605874080939+3.000611378122734j)
(5.4742311478962975+3.0611485074945026j)
(6.129898465460022+3.035074687382905j)
(6.79352371794776+2.9155826839232537j)
(7.450892372989243+2.6975818142930446j)
(8.085872212383242+2.3783524710127404j)
(8.680833775295335+1.9582008781416511j)
(9.217298523490399+1.4410437183686944j)
(9.676808827125697+0.8348377151471092j)
(10.041979122961589+0.15176520491790438j)
(10.297648772338253-0.5919015456117566j)
(10.43202222650562-1.3763042118441995j)
(10.437660853378489-2.178870201435098j)
(10.312191891080804-2.9754952642175705j)
(10.058627673991987-3.741925339230808j)
(9.685239680144234-4.455187439376333j)
(9.204996963529966-5.094907269393246j)
(8.634642471577553-5.644369498312156j)
(7.993529041121915-6.091220589399498j)
(7.30235979095451-6.427772487031982j)
(6.58197299565414-6.650924212512265j)
(5.852284395657957-6.761765344202591j)
(5.131459859135533-6.764953354125799j)
(4.4353488250216575-6.667964707614419j)
(3.777172354038911-6.480311109786736j)
(3.1674335966846576-6.212793358366408j)
(2.6140041508604184-5.876842193327332j)
(2.1223356169245147-5.483973268420462j)
(1.695748840399708-5.04536494939221j)
(1.3357608213063372-4.571554313413951j)
(1.042418492702129-4.072238414621509j)
(0.814617711263452-3.5561637714207177j)
(0.6503937927615321-3.0310860190637308j)
(0.5471762989137244-2.5037826790824034j)
(0.5020054801238756-1.980104134802889j)
(0.5117109738351413-1.4650505155205669j)
(0.5730553244138645-0.9628648500943081j)
(0.6828459180851015-0.47713530249290703j)
(0.8380192758697279-0.010901425555077358j)
(1.0357015289245397+0.4332388721765015j)
(1.2732484698945707+0.8530235463238107j)
(1.548267936214582+1.2464226359238588j)
(1.8586264991440933+1.6115364858841457j)
(2.202441533154594+1.9464954134658177j)
(2.5780587240758415+2.249359927553635j)
(2.984013920700673+2.51802052022301j)
(3.41897691033161+2.750096253237882j)
(3.881673169649016+2.9428319589822824j)
(4.370777891362387+3.092995037642954j)
(4.88477464824922+3.196774824614666j)
(5.421769072563903+3.2496907033320745j)
(5.9792462512314515+3.2465200531270684j)
(6.553759879744828+3.1812643489007315j)
(7.140542882466978+3.0471818417556977j)
(7.733035364470514+2.836928480225486j)
(8.322339694304072+2.5428643268378464j)
(8.896638584505622+2.1575977938762345j)
(9.440654796065596+1.6748478188822746j)
(9.935292698933395+1.090692106331613j)
(10.357676729673985+0.40521880224204126j)
(10.681868049751888-0.3755122437001798j)
(10.880552599397886-1.2374756323483722j)
(10.927883553281857-2.1571625528923146j)
(10.80336756237174-3.1012401561140273j)
(10.496215465359063-4.028088676361608j)
(10.009084552014778-4.891565493097333j)
(9.359914028235066-5.646625826549763j)
(8.58088193314761-6.2555929410653786j)
(7.714405812057127-6.6933804914417605j)
(6.807183908646441-6.950198792547982j)
(5.903945025270034-7.031174661122517j)
(5.042493516606505-6.953394319450663j)
(4.250935964337315-6.741580619443466j)
(3.5471181216334973-6.423697228515354j)
(2.939700715698365-6.027383966547549j)
(2.4301048584819505-5.577594692185392j)
(2.014666725142567-5.095387214495098j)
(1.6865793589235945-4.597594889992716j)
(1.4374296591072202-4.097060728166119j)
(1.2582993078780367-3.6031628259541444j)
(1.1404844311186577-3.122440632131788j)
(1.0759200063385483-2.659207613863783j)
(1.0573947124298946-2.2160929413787365j)
(1.0786276459906359-1.794491645413149j)
(1.1342605911297845-1.3949235622527343j)
(1.2198033828508512-1.017311454545408j)
(1.3315571184883928-0.6611922943303142j)
(1.4665306566278684-0.32587582761485767j)
(1.6223594386785898-0.010563084997115151j)
(1.7972314585929963+0.2855644717569993j)
(1.9898225399836644+0.5632764201542766j)
(2.1992414394875777+0.8232383793745367j)
(2.4249842954853844+1.0659647544019855j)
(2.6668973024475537+1.2917743528994923j)
(2.92514600613087+1.5007445809983377j)
(3.2001891179758943+1.692660192786869j)
(3.4927540861546995+1.8669525755815226j)
(3.8038106708946233+2.0226253560065524j)
(4.134537249776222+2.158161798410976j)
(4.486272257914551+2.27140919425149j)
(4.860439696801309+2.359435503538074j)
(5.25843258402485+2.4183544577323906j)
(5.681431082184585+2.4431181679858724j)
(6.130122487557698+2.427282753222445j)
(6.604278505513407+2.3627655200141673j)
(7.102133102043292+2.2396362927372j)
(7.619497086511005+2.0460267748424763j)
(8.14855585886759+1.7683068168842175j)
(8.676348627828583+1.3917669297680255j)
(9.183060192508696+0.9021465332967351j)
(9.640517212635169+0.2883996419552856j)
(10.011686383941292-0.4530358949320137j)
(10.252414237821549-1.3127046869440446j)
(10.316763994002798-2.2626124301457615j)
(10.166471452698294-3.253336580571345j)
(9.782835579776153-4.217049449155993j)
(9.176539040611422-5.078236698234821j)
(8.389841335072612-5.769864548012683j)
(7.488487273971646-6.248603824809156j)
(6.546338995422599-6.502335400745911j)
(5.629661036553151-6.54751864076818j)
(4.787042821385679-6.419481166928664j)
(4.046716203969227-6.161067558689247j)
(3.4193374634883797-5.81376127272697j)
(2.9031237815228748-5.412684507703054j)
(2.4889652156101536-4.984909592058837j)
(2.1643817955945255-4.549823980892236j)
(1.9161209939095665-4.120426921344198j)
(1.73163308726135-3.7048391001878254j)
(1.5997712751215012-3.3076676423586475j)
(1.5110186136548311-2.931100665063304j)
(1.4574570875693915-2.5757251017685174j)
(1.4326150954765005-2.2411099257297566j)
(1.4312721342390788-1.926208256788185j)
(1.4492623671641158-1.6296271709420438j)
(1.4832966880234648-1.3498043173094814j)
(1.5308106347057004-1.0851205879606787j)
(1.5898391913615526-0.8339698495284719j)
(1.658916602157862-0.5948004679820071j)
(1.736998248241324-0.3661388237053605j)
(1.8234015088903799-0.1466018600174129j)
(1.917762834643451+0.06509641151913467j)
(2.020008734299229+0.2701408873034878j)
(2.1303388787101+0.4696110706985201j)
(2.249219978916383+0.6644741114815004j)
(2.377389459673985+0.8555728301281335j)
(2.515868179867388+1.0436060810899788j)
(2.665981488249741+1.2290981992602668j)
(2.8293876445732575+1.4123533145342475j)
(3.008111908978225+1.5933889672747057j)
(3.204583118379203+1.7718416808657305j)
(3.421666864695759+1.9468349810238528j)
(3.6626847523171877+2.1167980093350267j)
(3.931401602062425+2.279220977628962j)
(4.231950513089748+2.4303336843002157j)
(4.568647912445065+2.564698122242494j)
(4.945626373633014+2.6747213944056103j)
(5.3661842866934135+2.750130043606521j)
(5.83172832846078+2.7775148532464287j)
(6.340192935113716+2.7401697128384965j)
(6.883912031540712+2.6186084237357905j)
(7.447168592303371+2.3923003184266536j)
(8.004117467169651+2.0431714237505023j)
(8.518386901406203+1.5610073068035208j)
(8.946010718709115+0.9498275281674068j)
(9.242688445855155+0.23279045067631063j)
(9.374234250674014-0.5476735545813878j)
(9.32634056612171-1.33649570045641j)
(9.108841707976111-2.0777707259479152j)
(8.752178651746343-2.726759719067709j)
(8.29813881413965-3.257049261916824j)
(7.789559920897843-3.6610739333031663j)
(7.262895215911012-3.9457821729298037j)
(6.744915455004553-4.126613030151877j)
(6.252708942574524-4.222208490241355j)
(5.795434858320636-4.250856330979526j)
(5.376562333094223-4.2286132040289885j)
(4.995889646615421-4.1686280412189545j)
(4.651088479999675-4.081161983202461j)
(4.3387682728450905-3.973934365102869j)
(4.055154313812403-3.852571017061777j)
(3.7964897733309595-3.7210400140563817j)
(3.5592551730973327-3.582026824972693j)
(3.3402742302130766-3.437236569411044j)
(3.136753022297232-3.28762772501965j)
(2.946282828615821-3.1335878231182934j)
(2.7668255588704715-2.975062758024099j)
(2.5966932260232785-2.8116502591131547j)
(2.434528267269289-2.6426663238435295j)
(2.27928872853743-2.4671916714140045j)
(2.1302407345545897-2.2841038270605405j)
(1.9869598190867788-2.0920993707498474j)
(1.849342293234483-1.8897101874134967j)
(1.7176276873709726-1.6753172227791264j)
(1.5924332745376486-1.4471652664463963j)
(1.4748016531962822-1.2033826519952557j)
(1.366262214399583-0.9420104950990222j)
(1.26890689243329-0.6610472018512236j)
(1.1854796936440486-0.3585154738642515j)
(1.1194778302697768-0.03256086893151895j)
(1.0752594695146152+0.3184070065015286j)
(1.0581486570201977+0.695517749297654j)
(1.0745213481793414+1.0991739526728908j)
(1.1318472300949256+1.5287027490160123j)
(1.2386500990478673+1.9819174516834916j)
(1.404335922398846+2.4545935431420136j)
(1.6388252032417605+2.9398851625801607j)
(1.9519207209488296+3.4277429000518502j)
(2.352352750767976+3.904441052713063j)
(2.84648407479657+4.3523759357862986j)
(3.436737863231583+4.750338868515889j)
(4.1199337258098465+5.074467885933389j)
(4.885858368098237+5.300004542882512j)
(5.716502437091083+5.40380320222796j)
(6.586386431128767+5.367280101480224j)
(7.4642139275166635+5.1792330018458825j)
(8.315740717959313+4.83784082955567j)
(9.107350056324627+4.3512744634172265j)
(9.809559346517492+3.7367126279040432j)
(10.399692897299056+3.01801998953017j)
(10.863239477709284+2.222701817226979j)
(11.1938297475596+1.3788568991040553j)
(11.392128219039776+0.5127053767667434j)
(11.464114980815125-0.3530147296128016j)
(11.419223997375628-1.199768187809773j)
(11.268676807954735-2.0132320066406306j)
(11.024189341775262-2.782837567082898j)
(10.697095298108017-3.501076657737793j)
(10.297845098228477-4.162747420765252j)
(9.83580141439404-4.764252475521954j)
(9.319246137407026-5.303008025997528j)
(8.75552424352442-5.776985705105358j)
(8.151266343527066-6.184387080813771j)
(7.512647416097051-6.523440110644511j)
(6.84565159528645-6.792303095596679j)
(6.156321337914363-6.989061404870347j)
(5.450974403526482-7.111803038264516j)
(4.736374867996417-7.158759519094237j)
(4.019846016666705-7.128497953427252j)
(3.30931452872729-7.020148205897151j)
(2.613277814214312-6.833646344903376j)
(1.940690368680699-6.569972498053693j)
(1.3007708395062438-6.231359005048047j)
(0.7027389090376681-5.821444338254169j)
(0.1554992858540211-5.345350619628679j)
(-0.3327022400531641-4.809668207825813j)
(-0.7546201291796646-4.222339594700192j)
(-1.1043151693229196-3.592445778771851j)
(-1.3773949492599662-2.9299097343780987j)
(-1.5711650808872422-2.245141586605315j)
(-1.6846776751557093-1.5486568018458684j)
(-1.7186754523736831-0.8507009196708912j)
(-1.6754413811531372-0.1609118448953443j)
(-1.5585729874142555+0.5119557661097021j)
(-1.3727061749969636+1.160228478442318j)
(-1.1232151242959523+1.77742857856265j)
(-0.8159129752126062+2.35830807899663j)
(-0.4567735252133313+2.8988119575323186j)
(-0.051688299985735396+3.395984511175097j)
(0.3937327590620661+3.847834281010772j)
(0.8743142090134068+4.253172437592658j)
(1.3854231137581505+4.611437442014567j)
(1.9230365179794358+4.922515871777004j)
(2.4837742879837386+5.186566078435293j)
(3.064903592689438+5.403848221946059j)
(3.6643207558752144+5.574561434641196j)
(4.280514974557797+5.698686496222082j)
(4.912516616074324+5.775830442895696j)
(5.559830522558016+5.805067930781277j)
(6.222351885050935+5.784772864970781j)
(6.900258572428883+5.7124327802518335j)
(7.593868908952713+5.58443782826963j)
(8.303447172830108+5.395836335097088j)
(9.028929674675155+5.140050521525095j)
(9.769531067894848+4.808550682645021j)
(10.523172352968732+4.3904968314340485j)
(11.285648124967198+3.872378788461229j)
(12.049422154317828+3.237727974257847j)
(12.8019139514539+2.4670511970456794j)
(13.52313392254304+1.5382690985988086j)
(14.182587264686473+0.4281518196777962j)
(14.735591420003633-0.8844646783539328j)
(15.119700298160831-2.4125996451719j)
(15.252997498949423-4.1510709160095205j)
(15.037634987551645-6.062220816325438j)
(14.373439494471945-8.059964616882686j)
(13.18543214280596-9.999865642844805j)
(11.462261576888547-11.688058274520605j)
(9.289491999518562-12.91953004162235j)
(6.852287768683494-13.539406293031364j)
(4.393085676520032-13.49738296416006j)
(2.141362776289151-12.861113621809096j)
(0.25484626565570323-11.781610291535529j)
(-1.2003891475947777-10.436554536941713j)
(-2.2340100458759418-8.983683133599385j)
(-2.9005014361392703-7.538636968413895j)
(-3.2711539912642054-6.173426940472325j)
(-3.4160804703868464-4.925260033444005j)
(-3.395637176030775-3.8076266007273705j)
(-3.25798426344634-2.8196989863486124j)
(-3.039780986959726-1.9530036530675552j)
(-2.768081348055967-1.1956647280044044j)
(-2.462422384353533-0.5348830419144037j)
(-2.136677446164012+0.041734118236929074j)
(-1.8005492008033348+0.5455394367457954j)
(-1.4607115373159922+0.9866095218301068j)
(-1.1216570781718833+1.3737222783549008j)
(-0.7863149866954783+1.71443950836362j)
(-0.45649642630163956+2.0152337450312237j)
(-0.13321354974612507+2.2816264626715226j)
(0.18309317077888448+2.5183210435957855j)
(0.49239363205163844+2.7293229709673494j)
(0.7949542461183196+2.918044622555399j)
(1.0912582478193602+3.0873945521698167j)
(1.381950699324481+3.2398523161313575j)
(1.6678014865618183+3.377530339192748j)
(1.9496815791555069+3.502224362388015j)
(2.228549241308674+3.6154538650325048j)
(2.5054438986071257+3.7184936059654055j)
(2.7814861017356343+3.8123971347528394j)
(3.0578825649321764+3.898012801045755j)
(3.3359356512939757+3.975992439718588j)
(3.617056965728657+4.046792517676666j)
(3.9027849199298847+4.110667070931929j)
(4.194806256941663+4.167651201484014j)
(4.494981551847429+4.21753319197864j)
(4.805374600436487+4.259812362337626j)
(5.128285290213969+4.293638541864689j)
(5.466284873651996+4.317727336387003j)
(5.822251278637488+4.33024307014653j)
(6.199399756819261+4.328638181897797j)
(6.601300034056975+4.309433758481787j)
(7.031863907828479+4.267920698061522j)
(7.495274784868773+4.197754961424003j)
(7.995809443766367+4.090414703948302j)
(8.537466805960968+3.93448531947394j)
(9.123260728582725+3.7147493566155934j)
(9.753944434475835+3.411101791305576j)
(10.425808823332817+2.997428887244444j)
(11.127057888206814+2.4408595456567546j)
(11.832218691463245+1.702346047766663j)
(12.494405271114536+0.740476602555069j)
(13.036714444731661-0.4783774874691541j)
(13.347558216919456-1.9601459570894628j)
(13.290215790175404-3.65360636946923j)
(12.73928377902594-5.423344509188524j)
(11.643721297086294-7.0532262326447865j)
(10.08286094730875-8.305775900908932j)
(8.261250313951399-9.018245466488091j)
(6.4293179619012415-9.166738858466916j)
(4.787763660371461-8.850939684375046j)
(3.440883559533304-8.225927651324483j)
(2.40697260151941-7.438799635242069j)
(1.6534402145429457-6.598440993466479j)
(1.1283773902594918-5.772758083509447j)
(0.7793341047413067-4.997996211529951j)
(0.5613901098239221-4.289735777280016j)
(0.4390849134700877-3.6515203356432497j)
(0.38562930445346943-3.080560740826721j)
(0.381266627451818-2.571151902240922j)
(0.41161210975158424-2.116578401890502j)
(0.46625787304788396-1.7101066662467128j)
(0.5376932670874847-1.3454554877643745j)
(0.6205030101416776-1.0169818735513838j)
(0.7107842826012852-0.7197188665845888j)
(0.8057274518600361-0.4493415068906512j)
(0.9033157885493618-0.20210211191015565j)
(1.002110528202118+0.025243654423029036j)
(1.1010967811847208+0.23550932751708425j)
(1.199572773774716+0.43114407915333647j)
(1.2970700062055478+0.6142914082754728j)
(1.3932955628383743+0.7868400032178083j)
(1.4880903913969044+0.9504674205028976j)
(1.581399187493231+1.1066775160451012j)
(1.6732488035868025+1.2568326339969889j)
(1.7637330103186803+1.4021815241362894j)
(1.853002087499125+1.5438838839716984j)
(1.9412561925207645+1.6830323402942688j)
(2.028741802576869+1.820672614413793j)
(2.1157507946616234+1.9578225653206596j)
(2.2026219442244783+2.095490781307571j)
(2.2897448133744964+2.234695397972591j)
(2.377566183258621+2.376483864594571j)
(2.4665993828467356+2.5219544695074383j)
(2.5574371005875762+2.6722805800373473j)
(2.650768565218769+2.8287387714160133j)
(2.7474023877447853+2.9927423382032647j)
(2.8482969278379975+3.165882140626237j)
(2.9546008763571563+3.3499773962218438j)
(3.067707976697038+3.5471399741566447j)
(3.1893316777623935+3.759857122997758j)
(3.321608414688424+3.9910995747767823j)
(3.467242823676161+4.244464950177388j)
(3.6297156967447166+4.524370863287872j)
(3.8135880062407415+4.836318915873836j)
(4.024955858154921+5.1872611870164045j)
(4.272149450454757+5.586116894500111j)
(4.566839428978461+6.044511616799425j)
(4.92584871669733+6.577848533591892j)
(5.374237802230407+7.2068723628844396j)
(5.950800658608727+7.959938912835637j)
(6.718379285179747+8.876172396146467j)
(7.784425882702816+10.00918418950374j)
(9.344902401140388+11.428254558310744j)
(11.785051373044272+13.200362715378184j)
(15.923456318279719+15.268252880560876j)
(23.55069952889695+16.77372877186178j)
(37.25885941765204+12.718419789941063j)
(47.05781801152458-9.765205104509864j)
(28.974167761918746-29.012652373204414j)
(12.546287907043638-26.39968687226377j)
(5.805692638151291-20.491863328631066j)
(3.1102350699103596-16.038679009252554j)
(1.9366710971828067-12.927705754950933j)
(1.3906402656586905-10.703779885859452j)
(1.1294361828093205-9.055078118198242j)
(1.007481785560259-7.790215195720492j)
(0.9572063530110088-6.7907090267274715j)
(0.9449416185362004-5.980830211356973j)
(0.9529516133808164-5.310447138302814j)
(0.9714809259383553-4.745260330031924j)
(0.9949844418232501-4.261095087768781j)
(1.0202336850566776-3.840456615213679j)
(1.0453187279977676-3.47038281338546j)
(1.0691003741747376-3.1410649967526325j)
(1.0908990286235714-2.84493709470509j)
(1.110312823751364-2.5760588940184754j)
(1.127108692961363-2.32968868617935j)
(1.1411558041881642-2.101980814030763j)
(1.152384210513713-1.8897673275904356j)
(1.1607588459577947-1.690397339016635j)
(1.1662630477045093-1.501616594891575j)
(1.1688881087369587-1.321475447251449j)
(1.1686267310517113-1.1482570658866247j)
(1.1654690747288248-0.9804201395734992j)
(1.1594006117980908-0.8165519133890603j)
(1.1504013269695412-0.6553284798295123j)
(1.1384460372905874-0.49547995563192737j)
(1.1235057779364817-0.3357586423679228j)
(1.105550354538472-0.17490855487942442j)
(1.0845523195828566-0.011634848731901503j)
(1.060492816131562+0.15542829088535373j)
(1.0333699748810994+0.32775281124846894j)
(1.0032108881974715+0.50695669935893j)
(0.9700886718414835+0.6948506266699168j)
(0.934146844163001+0.8934937547642637j)
(0.8956343316672758+1.1052617109022471j)
(0.8549560511915203+1.3329305012082269j)
(0.8127465456428553+1.5797810630568256j)
(0.7699780841544114+1.8497302145095857j)
(0.7281208274635089+2.1474947489364706j)
(0.6893824913090905+2.478795840544098j)
(0.6570706722885971+2.85060954557691j)
(0.6361462595241922+3.2714631801850738j)
(0.6340767657560357+3.751760383312593j)
(0.662161966329903+4.304075682397711j)
(0.737599787667254+4.943261682617154j)
(0.8866885863348438+5.685992962785642j)
(1.1496807437250656+6.548896089253735j)
(1.5877159679775654+7.543437294826719j)
(2.291308919256146+8.663922150756248j)
(3.3862170149445308+9.862385070303608j)
(5.022457005481323+11.003695851550656j)
(7.31371039860999+11.808170386182173j)
(10.189498834109374+11.842118206497869j)
(13.215250358476979+10.689930542634002j)
(15.647535232802378+8.328678793632287j)
(16.8989672458702+5.308265096316085j)
(16.944633526834643+2.3794377837974365j)
(16.18096175660503+0.008831416620956005j)
(15.047708443714395-1.7084874905885195j)
(13.837014340252823-2.8764624187393038j)
(12.693453525128024-3.6440935849796463j)
(11.67029810248239-4.139142731329297j)
(10.775717219680713-4.454521828133927j)
(9.999135954729311-4.653349454688123j)
(9.323998912730046-4.777328330765337j)
(8.733283221644793-4.853763924771241j)
(8.211563602401784-4.900524499718379j)
(7.745558085380646-4.929325176882873j)
(7.324058694087954-4.947845932712637j)
(6.937650168627375-4.9610845968931425j)
(6.578387227460888-4.972218341423711j)
(6.239496684327738-4.9831500615466116j)
(5.915125854064871-4.994850894211172j)
(5.600140649085056-5.00756853373868j)
(5.289970692514226-5.0209450503895825j)
(4.980497910256942-5.034071965622342j)
(4.667986389494289-5.045500802021051j)
(4.349053440796459-5.053222066399394j)
(4.020684094006191-5.054623449890494j)
(3.6802932077696187-5.046438338802527j)
(3.32584041128046-5.024698244479149j)
(2.956002401646108-4.98470725964563j)
(2.5704035285167217-4.921062658443714j)
(2.1698976771067366-4.827752136748641j)
(1.7568808764347896-4.698362653697398j)
(1.3355944110787314-4.526434597162278j)
(0.9123544219079657-4.305982947754493j)
(0.49562192380774733-4.032179200705207j)
(0.09581756637257381-3.702142119379758j)
(-0.2751977945600928-3.3157276725580465j)
(-0.605001439479198-2.876155715854222j)
(-0.8817804036779034-2.3902897486445926j)
(-1.0956262728830275-1.8684222409188953j)
(-1.2397055667546462-1.3235190868191198j)
(-1.311050296096606-0.7700180213431043j)
(-1.3107929051897345-0.22240443698137616j)
(-1.2438128229580767+0.3061513772282148j)
(-1.1179113995502024+0.8048443225706728j)
(-0.9427300586341693+1.2658273673865323j)
(-0.7286449891386634+1.684333276417851j)
(-0.4858216286869368+2.0584155341288914j)
(-0.2235287674588237+2.3884502926585087j)
(0.05026845850358948+2.6765415218400377j)
(0.3290733238288244+2.9259395048569115j)
(0.6078430553704435+3.140539934779598j)
(0.8828612715447023+3.3244923791031638j)
(1.1515530306139636+3.4819196498853975j)
(1.4122828686489914+3.616734198871593j)
(1.6641613829662+3.732531441992977j)
(1.906874110595905+3.8325395510953704j)
(2.140538219069518+3.9196078954401212j)
(2.365587422074558+3.996220038806343j)
(2.5826827674831367+4.064520894986089j)
(2.792645746639575+4.126350802627537j)
(2.9964099257010632+4.183281746590329j)
(3.194987568523786+4.236652759881827j)
(3.3894482278480056+4.287602796815051j)
(3.580906864035721+4.3371001993236495j)
(3.7705196223730044+4.3859683971204815j)
(3.9594859235401945+4.434907778758298j)
(4.149055988543701+4.484513811036769j)
(4.340543336599131+4.5352915137175955j)
(4.535342178442086+4.587666342280163j)
(4.734949999787251+4.641991405205738j)
(4.9409960155589046+4.698550741508554j)
(5.155276604728097+4.7575580913308375j)
(5.3797993435196005+4.819150171086406j)
(5.616837884860047+4.883372852347517j)
(5.8690007385810725+4.950157737981233j)
(6.139318057892132+5.0192852638882215j)
(6.431351914744323+5.090328359630982j)
(6.749337339220557+5.162567431296896j)
(7.098363678064916+5.234862243883894j)
(7.48460857901177+5.30545792784522j)
(7.915639844771645+5.371688681011919j)
(8.40080251898724+5.429520107485619j)
(8.951707058373168+5.472833174458034j)
(9.58282209039366+5.492288553860602j)
(10.312134151820063+5.473501360870313j)
(11.161723328235102+5.3940745564844965j)
(12.157812884589763+5.218749059896762j)
(13.329135206445713+4.891522012990515j)
(14.700760106898604+4.323242864564055j)
(16.276766841171003+3.373894657868717j)
(17.998025650766024+1.8341632675341584j)
(19.653896449596786-0.5685425910288452j)
(20.74648581729412-4.062613699273686j)
(20.440658779696854-8.50164834283258j)
(17.984643461833443-12.928005634076246j)
(13.643825811573622-15.83180036670395j)
(8.839337455105317-16.433790045344224j)
(4.892789499991427-15.26011278640516j)
(2.210465901425549-13.293906429972198j)
(0.5896326339510303-11.219446661503744j)
(-0.3076978178683338-9.339559005092205j)
(-0.7545328054166995-7.736200549718491j)
(-0.931759845046228-6.399186426214159j)
(-0.9507146818640664-5.289872870432141j)
(-0.8781831369108627-4.366505919759731j)
(-0.7540061862834432-3.5924946062099585j)
(-0.6020026246686195-2.938074306652387j)
(-0.43646184924788917-2.379737828882526j)
(-0.265963377784031-1.8991062211927034j)
(-0.0956321919605524-1.481818942356677j)
(0.0715162238807677-1.1166074975844242j)
(0.23376385168975194-0.7945693638167266j)
(0.3901937442055313-0.5086139496943372j)
(0.5403830589803986-0.2530441976779836j)
(0.6842113582380734-0.023241251506971185j)
(0.8217399844452219+0.18457380931583026j)
(0.9531358011514713+0.3735209280762846j)
(1.078622926040017+0.5461994124958969j)
(1.1984522854343684+0.7047944812458752j)
(1.312882594063752+0.8511599708537713j)
(1.422168692475388+0.9868830630101205j)
(1.5265546295257488+1.113335367913174j)
(1.62626979738402+1.2317135907333332j)
(1.721527014433133+1.343072200197525j)
(1.8125218307420747+1.4483499269907707j)
(1.8994325773771457+1.5483914851014486j)
(1.9824208420686864+1.6439655885173061j)
(2.0616321594843074+1.7357800982327543j)
(2.137196773566897+1.8244949585443855j)
(2.209230374244181+1.9107334515361285j)
(2.277834739144174+1.9950922034245255j)
(2.343098227784221+2.0781503082409243j)
(2.405096084215525+2.1604778877809365j)
(2.463890506199162+2.2426443783047296j)
(2.519530435640979+2.3252268220667176j)
(2.572051016463317+2.408818444620766j)
(2.6214726519082436+2.4940378174524116j)
(2.6677995723093386+2.5815389416241463j)
(2.7110177946217764+2.672022645131052j)
(2.7510923132822747+2.766249769910211j)
(2.7879633034178344+2.8650567420033717j)
(2.821541034668012+2.969374282165558j)
(2.85169907571682+3.080250241752895j)
(2.8782651988156767+3.1988778658133796j)
(2.9010091432711866+3.3266312302718006j)
(2.9196260245827723+3.4651102304835977j)
(2.9337136132194526+3.616198401786648j)
(2.9427408415586025+3.7821381640899068j)
(2.9460035408886154+3.9656300138218827j)
(2.942561239401678+4.169965075340658j)
(2.9311452982942443+4.399204818022313j)
(2.9100226987217437+4.658428549970147j)
(2.876789502598817+4.954080038707344j)
(2.82804970659756+5.294461895917131j)
(2.758901518596356+5.690454747913178j)
(2.662088653641924+6.156585706698164j)
(2.526545583281913+6.712651326515313j)
(2.3347958779760596+7.3862379313625j)
(2.0580647838394692+8.216712158729935j)
(1.6465557857348283+9.26160014787313j)
(1.0087677963256245+10.606570026143393j)
(-0.03601523160221311+12.379074762092209j)
(-1.8762841309485683+14.754223710148834j)
(-5.423838745892521+17.864026663594327j)
(-12.877909320150575+21.02748759317636j)
(-27.41603874921307+18.49086972876178j)
(-36.912714175749095-2.028828160810515j)
(-23.74303409404709-17.906458731276107j)
(-11.555964330867559-18.375667585023052j)
(-5.439048259765326-15.53433194405902j)
(-2.3520710300298147-12.918926440446693j)
(-0.6470905879840153-10.90013936585339j)
(0.37682943154659976-9.366232672710673j)
(1.033960943950903-8.182979846833359j)
(1.477801749270658-7.2509676161798735j)
(1.7894913998563027-6.501767544357543j)
(2.0148912331743145-5.8884246813038486j)
(2.1814100461601194-5.378206490047452j)
(2.3062089412189484-4.947814967185837j)
(2.4004607498863706-4.580310266723903j)
(2.471683515864703-4.263123943424908j)
(2.5250794818533144-3.986755271095888j)
(2.564334832872972-3.7438990238920513j)
(2.59211431467125-3.528850149217138j)
(2.6103766229647563-3.337089482449623j)
(2.6205809804160385-3.1649901191000565j)
(2.6238256843654257-3.0096057072799116j)
(2.6209429897789516-2.8685153444053846j)
(2.612565292802591-2.739708229382884j)
(2.5991720392208295-2.6214966592676037j)
(2.581123427638636-2.5124495125546806j)
(2.5586848970373834-2.4113407216368326j)
(2.5320450698655734-2.3171088293989794j)
(2.5013289692625813-2.228824814683065j)
(2.466607767600137-2.14566612676266j)
(2.4279059476825022-2.0668953984582292j)
(2.385206502620719-1.9918426819775426j)
(2.3384546247944304-1.9198903178978242j)
(2.2875602124721057-1.8504597373153508j)
(2.2323994378774525-1.7829996312522205j)
(2.172815561994005-1.7169750142605242j)
(2.1086191423271177-1.6518567704567855j)
(2.0395877560223106-1.587111306343168j)
(1.9654653499864208-1.5221899497612688j)
(1.8859613314075423-1.4565177304693322j)
(1.800749527266724-1.3894811560721367j)
(1.7094671726360757-1.3204145572245813j)
(1.6117141392661518-1.2485845171812433j)
(1.507052695204428-1.173171821249574j)
(1.3950082034152624-1.093250259604478j)
(1.27507133782431-1.007761490596961j)
(1.1467026408340646-0.9154850208153997j)
(1.0093405985229615-0.8150021856353187j)
(0.862414912963845-0.7046528293424738j)
(0.7053673679653494-0.5824832093096746j)
(0.5376837017951103-0.4461835294644336j)
(0.35894133572560005-0.2930135308650496j)
(0.168879814362339-0.11971488959190515j)
(-0.032496418583646026+0.07758992584080995j)
(-0.24476955335105377+0.30351072120804085j)
(-0.4668960488630716+0.5635091150738899j)
(-0.6969062449194164+0.864012071792487j)
(-0.9314854596407883+1.212494691243557j)
(-1.1654011530460278+1.617487049766144j)
(-1.3907417546087297+2.088427411199683j)
(-1.595949053534173+2.6352360488121103j)
(-1.7646748731972859+3.267420264898927j)
(-1.8746016669789827+3.992453957691177j)
(-1.8965700863500141+4.813144548838982j)
(-1.7946734104642108+5.723798274568004j)
(-1.5283506752545621+6.70537810002185j)
(-1.057692921891366+7.720681534280897j)
(-0.352658935518698+8.711800385102373j)
(0.5948988686270847+9.603106020183343j)
(1.7604256181589013+10.312308856502963j)
(3.08329032216133+10.768551061686653j)
(4.475477575388156+10.93120485171183j)
(5.840770753432445+10.800432262563561j)
(7.096239089676707+10.414247617545128j)
(8.186737126320159+9.83455467966401j)
(9.08829565166457+9.129894281360995j)
(9.802648943393606+8.361957996344238j)
(10.348019538003037+7.578674321840352j)
(10.750404789781937+6.812942420885094j)
(11.037332288017753+6.0846406999261955j)
(11.234259318340644+5.4038073144639105j)
(11.36297712894551+4.773736520701494j)
(11.44125462828313+4.1934678337931715j)
(11.483123017155519+3.659578217373149j)
(11.499419656295089+3.1673771519603475j)
(11.498381041832799+2.711654317464599j)
(11.48618545342922+2.287117529976329j)
(11.467408453392656+1.888627413494072j)
(11.445385935620076+1.511304060823513j)
(11.422493079533103+1.1505559546935804j)
(11.40035185948431+0.8020634263360591j)
(11.379979591047338+0.4617367478277739j)
(11.361888957622845+0.12566106917046965j)
(11.346147318845063-0.20996447064856355j)
(11.332400403735578-0.5488889430231022j)
(11.319862921532858-0.8948699712631556j)
(11.307276202481477-1.251729252363152j)
(11.292830679875546-1.623399457602701j)
(11.274048842645584-2.013956713125707j)
(11.24762233626691-2.4276293862660343j)
(11.209195515322731-2.868768409838999j)
(11.153087740689642-3.3417561072304287j)
(11.071949637357728-3.850818543534915j)
(10.956357269040257-4.399690099238786j)
(10.79436766525688-4.991058499190308j)
(10.571097026628946-5.62569699161158j)
(10.268449563975008-6.301177211879643j)
(9.865230306926708-7.010073293484287j)
(9.338018867021384-7.737656504417447j)
(8.663328389336517-8.459303425799748j)
(7.821616148859843-9.13826286126566j)
(6.803431895603779-9.725031956960873j)
(5.617108869480035-10.160131341145666j)
(4.295847515451128-10.381921021655689j)
(2.9004452035140926-10.339469474902803j)
(1.5138587786593138-10.007305741551242j)
(0.22674463504396272-9.395906250504702j)
(-0.8817091317947238-8.552048654722306j)
(-1.7597843126882222-7.547902952849982j)
(-2.3897077905277118-6.463804578345597j)
(-2.78376135681277-5.372223483290533j)
(-2.9741195979190467-4.32809938275902j)
(-3.001732737435349-3.366346757845761j)
(-2.9077533564311637-2.5043280405256407j)
(-2.7285275048574316-1.746445898931732j)
(-2.4935798237921265-1.0888002153788874j)
(-2.2255112159953905-0.522928194928863j)
(-1.940852051993971-0.038408575666806055j)
(-1.6512366258907067+0.3755158282343798j)
(-1.3645567474323805+0.7290333767623656j)
(-1.0859482601562707+1.0313307471700277j)
(-0.8185734251589897+1.2904454076870222j)
(-0.5642132944702126+1.5132768914801225j)
