(53.247439515273335+0j)
(43.62072921868352-20.460744570693315j)
(27.815173827645488-26.534896971630477j)
(16.71031028345298-24.58407521699467j)
(10.17135919478045-20.682211147464432j)
(6.36208758863235-16.796999178412566j)
(4.101667693749051-13.340074326705583j)
(2.7599679113271316-10.310504472065904j)
(2.0063845098015594-7.621716928561863j)
(1.6670181780073663-5.184095395236222j)
(1.6545153429525463-2.9223492584368795j)
(1.9349802693960672-0.7768212099146087j)
(2.513948831066378+1.2975447128768922j)
(3.433460394858613+3.3297813609156925j)
(4.776963729603365+5.325287315089941j)
(6.680201523262537+7.245259751084541j)
(9.342140519584571+8.959116117874066j)
(13.010584449713571+10.144438296579164j)
(17.854192233792613+10.113259931867406j)
(23.508280881368222+7.6789033425644595j)
(28.208086672974517+1.7044175901104033j)
(28.91672690276793-6.86590343216402j)
(24.604865553032596-14.197830643179454j)
(18.023373720545518-17.557921054931388j)
(12.090625298469005-17.557314683846403j)
(7.760192887573256-15.859599326993173j)
(4.866044554864129-13.576014282511519j)
(3.014080052550603-11.215010818977222j)
(1.8802991429894829-8.962608572571076j)
(1.2472348423579172-6.86633854992094j)
(0.9796460834572572-4.92098443746685j)
(0.9982634787180737-3.1043470663266017j)
(1.2619769232266191-1.3916367999839445j)
(1.7576831101018384+0.2383503535376833j)
(2.495518929670068+1.7994733420211877j)
(3.5083020140232586+3.2936444843794095j)
(4.853465891929424+4.702235506272177j)
(6.615720250224554+5.969521746426653j)
(8.904394329708307+6.971019255801004j)
(11.827509047972015+7.458150467100169j)
(15.396454642239217+6.983371882543517j)
(19.280517201762272+4.884425805992805j)
(22.428644383742103+0.6040201674023603j)
(23.14433856549089-5.377531627587842j)
(20.527195919509452-10.987776497598661j)
(15.794932324857534-14.178802653219547j)
(10.979324122445645-14.729248487417328j)
(7.185677396993014-13.613063922517634j)
(4.560358229821016-11.767139638482234j)
(2.8789557635065837-9.725858465500899j)
(1.8825881093180048-7.725891882776242j)
(1.3738983844872301-5.850579285862892j)
(1.2217245262814382-4.116098353626131j)
(1.345614850837553-2.513025060565894j)
(1.7013427113405286-1.0249827077998968j)
(2.2713302452778583+0.3628345854233993j)
(3.059611365540307+1.658483414356607j)
(4.089719989710303+2.8580592224957155j)
(5.404725123360029+3.9375831973503517j)
(7.066714059284034+4.838139571055658j)
(9.149630772197387+5.439385609046077j)
(11.709215025207135+5.516984879389349j)
(14.692755397680894+4.694627015970307j)
(17.735536667749734+2.467177098959773j)
(19.90043508454477-1.4868415442674656j)
(19.862776850763005-6.570429563894929j)
(17.118233907600693-11.005038977595296j)
(12.850823334220456-13.245515416224846j)
(8.738741670671573-13.281606180716517j)
(5.620760290770881-12.001218043651361j)
(3.5518502491154447-10.19758529900869j)
(2.3045473557428084-8.305898966964135j)
(1.6414516910292547-6.5089867082807356j)
(1.3875021701130632-4.863840495877008j)
(1.4288184364916692-3.3749318992001145j)
(1.6968614334473857-2.028835806762585j)
(2.1547046646287615-0.8095116032551829j)
(2.787879403592909+0.29455003067557123j)
(3.5989132857130217+1.2859365882501343j)
(4.604153946313879+2.1533992919410574j)
(5.83065411538509+2.8643653088926606j)
(7.3099580511102475+3.353041364579057j)
(9.062063092085978+3.503234028679496j)
(11.056795634597345+3.130985751376817j)
(13.13630540742349+1.9917470590079311j)
(14.908850149993091-0.12361625726048521j)
(15.735559314312468-3.1344734815626496j)
(15.05117384971941-6.402699239033579j)
(12.926524584042085-8.941874787350333j)
(10.126336157749048-10.138634329080912j)
(7.476830464157838-10.089055016769397j)
(5.398259329001656-9.25083852636412j)
(3.9484002633694466-8.046475280228707j)
(3.0278930973161238-6.737734557203254j)
(2.511421051664771-5.4551462087350835j)
(2.295704869502383-4.252945798556492j)
(2.307700871295226-3.147993346081977j)
(2.500223653153009-2.1416048948409774j)
(2.8456466263113507-1.2309311886547416j)
(3.330645505459063-0.4151493466644506j)
(3.9521351370350155+0.3003864420621744j)
(4.713897695086941+0.8999187668896638j)
(5.620871897847741+1.3543891945069555j)
(6.673241654017136+1.6151593503855897j)
(7.852533249237625+1.6114476548912098j)
(9.100651407123674+1.2541393770596074j)
(10.29371619349393+0.4580963306814411j)
(11.228812755215252-0.8049852362995652j)
(11.66156503274492-2.432664278254068j)
(11.418585281074204-4.157812179508572j)
(10.522468700166497-5.632232655210031j)
(9.200248821569618-6.596440145506568j)
(7.752540185309806-6.984357716463793j)
(6.413685050100722-6.887798058325418j)
(5.3034904182390985-6.457520771625252j)
(4.452288626531548-5.831188791808189j)
(3.84334811753851-5.107942297615414j)
(3.443701302893258-4.350291556549113j)
(3.220157518303536-3.594465716129719j)
(3.145665551232484-2.860445505452881j)
(3.200880744809368-2.1594228176751327j)
(3.373751668324798-1.4989478866210055j)
(3.658389136633044-0.8865965187507565j)
(4.0535803701020034-0.3329085063192605j)
(4.560782368051206+0.14589373291648658j)
(5.181038343037497+0.52523785548188j)
(5.909953230512797+0.7699931049109235j)
(6.729837900239028+0.8341549249194475j)
(7.599045099225368+0.6654046546981331j)
(8.44152408901027+0.2187614441032987j)
(9.145101508871234-0.5184362019296963j)
(9.580882026643696-1.4973069369495429j)
(9.647862507956061-2.5953243982918255j)
(9.32201416607044-3.643641891047305j)
(8.671954514319173-4.487067733328696j)
(7.826085651481804-5.036179856601546j)
(6.918558842350792-5.278505057688271j)
(6.051276894894726-5.254524240595262j)
(5.284058642859639-5.025317645035114j)
(4.642897861585569-4.650040945072231j)
(4.133084923922754-4.17609551214853j)
(3.7501312750797315-3.6376340168781516j)
(3.486881052955152-3.0577957605793875j)
(3.3375446809854847-2.4519725751259998j)
(3.2997988883676097-1.8310246588400856j)
(3.3758024457310714-1.204266722018051j)
(3.5725483695520546-0.5824536995437727j)
(3.901539614663867+0.01885281265904277j)
(4.37727937346289+0.57518642882127j)
(5.013431509636151+1.0483355919887958j)
(5.814819543121723+1.381780445058147j)
(6.763381826976967+1.499716340438284j)
(7.798749437984107+1.3164672909677795j)
(8.802046864674677+0.7646458866745005j)
(9.603083568784184-0.15847485509249992j)
(10.030231538166417-1.3516676156642604j)
(9.988285150079706-2.620977679217781j)
(9.506312249645438-3.753161856057356j)
(8.71316095140718-4.59917952440643j)
(7.76775210851728-5.106894587023703j)
(6.801742715769806-5.299116476262164j)
(5.899439465318385-5.233381645729727j)
(5.104076030154766-4.971650115318507j)
(4.432451171129084-4.565904833109184j)
(3.887918346825678-4.054639460271943j)
(3.469169696698214-3.4644283265429445j)
(3.1754940988450158-2.8131349080459636j)
(3.0098149665954224-2.113364251912769j)
(2.9805026829287935-1.3759201794180906j)
(3.1024447765588774-0.6135899681434307j)
(3.3972793128506438+0.15415665793354805j)
(3.8919365300736573+0.8949409554683401j)
(4.613535125631611+1.5555759779824119j)
(5.577349881293163+2.0540750500526466j)
(6.764359656300606+2.2773285767627205j)
(8.08977515759262+2.096631035640247j)
(9.379112685604214+1.4150336593264052j)
(10.387730777895865+0.24082264577060838j)
(10.888713979513666-1.2634896605094774j)
(10.785715506362772-2.8223989697429706j)
(10.154412544533084-4.167873108291358j)
(9.1794532684388-5.140653604816333j)
(8.056377472522287-5.705833767909902j)
(6.931798333438392-5.908188016616408j)
(5.892811994283951-5.821361290101433j)
(4.981454067241651-5.516804648337449j)
(4.21317874684513-5.051762915874921j)
(3.5909458294220404-4.4679443231594025j)
(3.1140397764798164-3.7944276028572j)
(2.7831080627080644-3.051626228194713j)
(2.602956579312194-2.255241736575716j)
(2.584077677876534-1.4201684213523542j)
(2.743268765747909-0.5647488053431458j)
(3.103063952778032+0.28409187659218504j)
(3.6889387772657964+1.084467809147016j)
(4.522266872433327+1.7723106131768676j)
(5.6062216739493405+2.25579694194414j)
(6.9028684609044895+2.417883697776733j)
(8.305888695500409+2.1378094008320736j)
(9.626975279712562+1.3400149986739684j)
(10.625447179716089+0.05801502166730844j)
(11.092742486544582-1.5331796783370162j)
(10.947566592262795-3.163261142983176j)
(10.266071776364088-4.573374452296557j)
(9.226137149539168-5.603903100279645j)
(8.021423221518527-6.211261268178132j)
(6.804715827223926-6.431727542414967j)
(5.673386860566778-6.335729694434468j)
(4.679440862728729-5.9968695489876955j)
(3.8458476243969675-5.477941981648313j)
(3.1802867796179664-4.827791975779936j)
(2.6843373524986216-4.083197878205129j)
(2.3588911188250585-3.2724522905889355j)
(2.2070189569185104-2.4192432152007255j)
(2.23517160084516-1.5464769169832537j)
(2.453093104643974-0.6801139637299026j)
(2.87234140141336+0.14684583993665798j)
(3.50285230542543+0.8903158678217102j)
(4.346615031434364+1.4917372115464815j)
(5.387608397404207+1.8772497992954544j)
(6.578322840051597+1.9629031561098755j)
(7.826473357768871+1.6704015095327889j)
(8.990831253375896+0.9555506975630654j)
(9.898551163910682-0.15723163199721188j)
(10.389533062920185-1.553855459534975j)
(10.372703972061156-3.0455974077689056j)
(9.860816097179391-4.422495183536365j)
(8.959992704289915-5.516375595563321j)
(7.823882691663598-6.237465020640876j)
(6.604041656204592-6.572835507281005j)
(5.419868689024158-6.5613590779431314j)
(4.3509984269499205-6.265580076079032j)
(3.443312655498488-5.751785232126118j)
(2.719299941947143-5.079882944708582j)
(2.1875161753256696-4.300315088970623j)
(1.8493943458186544-3.454803771854275j)
(1.7034176200511224-2.57873581036711j)
(1.747202424871304-1.7040088319910753j)
(1.9780004977428025-0.8618074983417839j)
(2.391919026859253-0.08507604540105057j)
(2.9819235226831258+0.5895114604512373j)
(3.734592790740258+1.120475053195412j)
(4.625675878148986+1.4619828039839287j)
(5.614836093911687+1.5668307954167258j)
(6.64081593707145+1.39310008848625j)
(7.619489306010616+0.9150952905185731j)
(8.448334710144149+0.13736155889631768j)
(9.020397066395349-0.8925629966605029j)
(9.247248369078697-2.0799089924840564j)
(9.084194846466666-3.2935279697201163j)
(8.54624130197485-4.391843620728956j)
(7.70572302941167-5.2545422277451825j)
(6.672240638806251-5.806294141877703j)
(5.5650519854304346-6.0238600621335525j)
(4.489851388801948-5.927796705774718j)
(3.5263036688195424-5.566505272118761j)
(2.725894924955203-5.000465007775617j)
(2.116112758176912-4.290899366796939j)
(1.7068794694110805-3.493578880755125j)
(1.4966405593896508-2.6566031364384313j)
(1.4769989990236592-1.8206047984601674j)
(1.6357100376697762-1.0201238386191058j)
(1.958239132065238-0.28535150664137815j)
(2.4281725028704484+0.3562417236683157j)
(3.0267740164587043+0.878643101168798j)
(3.731825309737425+1.256574307843116j)
(4.515919055171897+1.4655793856959791j)
(5.344456386059036+1.4832108376268647j)
(6.173777213808276+1.2916604584497087j)
(6.9502019640563635+0.8820990895255897j)
(7.611179493426579+0.2605954026767412j)
(8.089965040326735-0.5453725110741912j)
(8.324808033641867-1.4820552247067535j)
(8.272006810134355-2.469519365490014j)
(7.919506489316731-3.4096403259204164j)
(7.29542787552284-4.2021905054084385j)
(6.466370962020948-4.764738203730397j)
(5.524553165481522-5.048899951689152j)
(4.568488108559316-5.046633424946616j)
(3.684795700380192-4.785327626905176j)
(2.9369508795026436-4.315623883800543j)
(2.3623916163125918-3.697790599249172j)
(1.9758186414063157-2.99096824412073j)
(1.7753390675450649-2.2468616809364943j)
(1.748777461141893-1.5073938257876909j)
(1.878739175992482-0.8050000796200235j)
(2.1460328421330606-0.16428355108904455j)
(2.5315925608664496+0.39585355468708633j)
(3.0172037167329555+0.8601288458128817j)
(3.5853479422800687+1.2151041047348592j)
(4.218359969266621+1.4478256071287299j)
(4.896993274727806+1.545003066923103j)
(5.598458738979786+1.4929288829232978j)
(6.2940618792907586+1.2784829000244153j)
(6.946802598073387+0.8917228485885521j)
(7.509793942329887+0.3305816168758531j)
(7.9270840850124324-0.3922141237391288j)
(8.139078842411445-1.2411257146550396j)
(8.094315881095257-2.1519864864877456j)
(7.766566781200931-3.033757911644408j)
(7.1711755651505955-3.7824430504561684j)
(6.370735485964306-4.305700687398409j)
(5.463318486424801-4.548017882104904j)
(4.55698190233391-4.503255554620802j)
(3.743425401857932-4.208867271514654j)
(3.0826537674965664-3.727638827989247j)
(2.6015505988831062-3.1279502493872005j)
(2.3015563414141957-2.470221981098404j)
(2.1689340246571547-1.8011429103150534j)
(2.1834350040142025-1.153539285886625j)
(2.3240013034773908-0.5490393158177105j)
(2.571796472941268-0.0015064567902544055j)
(2.9113740434072493+0.47976486602686463j)
(3.330703402185191+0.8874044680441167j)
(3.82050708306197+1.2138530818260442j)
(4.373100368943635+1.449654379945821j)
(4.980701424814404+1.582064380503767j)
(5.633008683609567+1.5940451337441963j)
(6.313745723651326+1.4640063942942458j)
(6.995967375447781+1.1671543081395626j)
(7.636494896232752+0.6799774699945317j)
(8.171376948317317-0.010140921534870997j)
(8.51699046888919-0.8891932233780494j)
(8.583837964357786-1.8982573920934522j)
(8.307274602492585-2.924624578118914j)
(7.685814167509282-3.8191440171339925j)
(6.800438440188764-4.443543868453813j)
(5.792292007527956-4.722442614474049j)
(4.809700802907989-4.663351813152088j)
(3.9616571612346436-4.335243020533271j)
(3.3021478730582117-3.829369141357304j)
(2.840443432285739-3.2288159138841155j)
(2.5600990378629023-2.5954438030935942j)
(2.4348345550590755-1.9694459593485596j)
(2.4380455943648136-1.3742762562903328j)
(2.5471673899900344-0.8223606224074435j)
(2.7449993612541137-0.3197884086247491j)
(3.0195744997450187+0.13029026220312567j)
(3.3634611361723965+0.5252658455585326j)
(3.7728803293013047+0.8612649105686474j)
(4.246706339614276+1.1315836509710666j)
(4.78519579991573+1.3250913376065732j)
(5.388075067734276+1.4244606842200516j)
(6.051348360190029+1.4043274150038523j)
(6.761897839740175+1.2300397526452655j)
(7.4889117090567385+0.8588439231423808j)
(8.172315720777254+0.24737101369025044j)
(8.712586414363974-0.6288416314140405j)
(8.974911998732527-1.7409651074856383j)
(8.827196082818515-2.9708453190971142j)
(8.214104957385088-4.112480504165495j)
(7.218337415214036-4.94502804562255j)
(6.038453362270412-5.339671446175844j)
(4.889752043070942-5.306861942985221j)
(3.9174015794700603-4.953166881538875j)
(3.177485437016481-4.407542938576878j)
(2.6646159321994345-3.7746544365743016j)
(2.345943617740981-3.122935244950671j)
(2.1832797268493485-2.4907257921846533j)
(2.14317958495963-1.896478229358729j)
(2.1999219357186606-1.347200103020269j)
(2.335361469701518-0.8441052947396007j)
(2.5377945369657504-0.38607834360871257j)
(2.8007520411542637+0.028216542994217872j)
(3.122013240977122+0.39891911362954935j)
(3.502853023283879+0.7237741106008672j)
(3.9473887208769867+0.9967874458143849j)
(4.4617453503468605+1.2064198694283965j)
(5.052500249540056+1.3330324054502343j)
(5.723377303691138+1.3454602564128906j)
(6.468341110241963+1.1972627427192821j)
(7.258351734830028+0.825246351845753j)
(8.019862199799974+0.1576256918864847j)
(8.611246979238636-0.8539517501662948j)
(8.826247784951246-2.1672707766379924j)
(8.475046781209182-3.5790568833837955j)
(7.53725520961856-4.755738305582324j)
(6.234182855889154-5.4183730824447816j)
(4.894274991271581-5.511149767870817j)
(3.7572036907912025-5.171946349207832j)
(2.910100878839596-4.5906158395501855j)
(2.3378067982565356-3.91472359806671j)
(1.9870490538686676-3.2311535508748963j)
(1.8027104295659717-2.581639589060953j)
(1.740595156449375-1.9816407380090948j)
(1.7690397127246817-1.4334066433367283j)
(1.8669105802116954-0.9334207737738768j)
(2.0211275280575682-0.47627018056619175j)
(2.2246845375363873-0.0565976164444244j)
(2.4753231972588625+0.32984003960574737j)
(2.7747677800258104+0.6854022181758045j)
(3.128372884684325+1.0096809708279997j)
(3.5449925159611126+1.2981436938500732j)
(4.036742545911332+1.5398733031516685j)
(4.617946863073118+1.713854795780932j)
(5.301662762269467+1.7832885525522169j)
(6.090417150816685+1.688330025227571j)
(6.9554471502691655+1.3415417378883852j)
(7.800104931420066+0.6408470381549326j)
(8.423219823199958-0.4706860792279496j)
(8.551107722534228-1.8884682825845278j)
(8.01500202501163-3.2816922863235507j)
(6.944852140270239-4.260858992528124j)
(5.691854463285009-4.658086525139641j)
(4.559893642616938-4.571632340997419j)
(3.6779994702787198-4.196864651744722j)
(3.0479864522031166-3.693627678898043j)
(2.622883645379517-3.156377791395379j)
(2.350871688580907-2.6307111608461446j)
(2.190146013179167-2.1343169458082967j)
(2.110812719885991-1.6709809741823176j)
(2.092893543076953-1.238252106377417j)
(2.1239030005173487-0.8312781484341484j)
(2.1969726435321255-0.4446539435149089j)
(2.309648106490778-0.0733460273614931j)
(2.4632638850457464+0.28671587787128666j)
(2.662772290122947+0.638011388405053j)
(2.916897026814966+0.9804510781033325j)
(3.238407138091884+1.3096713076226152j)
(3.644051950787698+1.6140951506060233j)
(4.153064366549004+1.8701857291169757j)
(4.781862387633592+2.035796845595603j)
(5.5307907393482605+2.043874317051855j)
(6.358903199150332+1.8052172593774827j)
(7.153148218866185+1.2384750061693335j)
(7.727071166704566+0.3394609877829721j)
(7.89924442159266-0.7531246237461586j)
(7.6211234403798445-1.795135839159068j)
(7.013841574226343-2.5811620751290234j)
(6.267720684595667-3.043244882827347j)
(5.5315293529286915-3.225086588438462j)
(4.880127555331736-3.2088000639051684j)
(4.33448570715151-3.0680482794676487j)
(3.8889197738513426-2.8544051867330222j)
(3.5286498490420457-2.599566160932732j)
(3.2381807116485053-2.321241955155905j)
(3.0044859935757273-2.0282433951645364j)
(2.817867698799242-1.7239536591807811j)
(2.6719804148354096-1.4085023098279437j)
(2.5636864294861796-1.0801098703393996j)
(2.4930142568186073-0.7359893930098546j)
(2.463320302488914-0.37310705860139204j)
(2.4816655589498215+0.01092635429329791j)
(2.559328983456725+0.4165340927129554j)
(2.7122070208864293+0.8400623015433262j)
(2.9605002762693178+1.2705073572303667j)
(3.3264889404824567+1.6849719376451604j)
(3.828489881084868+2.04374383784034j)
(4.469139007443959+2.2881952391076363j)
(5.2190600596277905+2.3477967223132046j)
(6.004560626398183+2.1623972241831035j)
(6.715376963872615+1.7155465288991345j)
(7.240707428303324+1.0565788123347415j)
(7.514524764747651+0.2874713890302341j)
(7.5357687628861845-0.4797645833414199j)
(7.352315634306715-1.1621098552937632j)
(7.029393562423605-1.7184422236137649j)
(6.6257184480152045-2.1409296134377165j)
(6.184049547157842-2.440035137869101j)
(5.731480065439063-2.6326250190303737j)
(5.283439883645428-2.7352317668374804j)
(4.847974256544777-2.761167805650209j)
(4.429120578589393-2.7197768366254307j)
(4.029302572797505-2.6166601167490913j)
(3.651004030867206-2.454281676188921j)
(3.2980023825916267-2.2327257291787697j)
(2.976357471773835-1.9505849704409564j)
(2.695239662513755-1.6060661778366805j)
(2.467554260816005-1.1984464685737513j)
(2.310168774219318-0.7299986498746824j)
(2.2433830024031227-0.20839257203556982j)
(2.2891544736514575+0.3506812574805943j)
(2.4676409878068597+0.9213502544103214j)
(2.792049843270026+1.4670202739887872j)
(3.262680594635928+1.9427843832560072j)
(3.8621575160299355+2.3014876291801505j)
(4.554375434898625+2.5025428192330685j)
(5.288712160068512+2.520696608993228j)
(6.008658156362242+2.3512554874102176j)
(6.66169425245484+2.009730393128931j)
(7.206789878049455+1.5266018027983057j)
(7.6175408840727155+0.9399524202407115j)
(7.881268524397407+0.2888662907458668j)
(7.995810655342909-0.3907767431388822j)
(7.965849714088709-1.0679472861111603j)
(7.799982805820416-1.7162608596663131j)
(7.50900777869517-2.312845689478583j)
(7.105397756781039-2.8370598868504504j)
(6.6036875746638515-3.2695895443478866j)
(6.021392087406142-3.592250156116096j)
(5.3800213356666235-3.788642362568384j)
(4.705724322183437-3.8456340685906407j)
(4.029112677999988-3.7554236913507153j)
(3.3839481586754063-3.5177020266018277j)
(2.804663260371284-3.141258258173779j)
(2.3230792172577774-2.6443908591774026j)
(1.9650423831727033-2.053761018632654j)
(1.7478286115528483-1.4018045094129516j)
(1.6789619005772354-0.7232964721235545j)
(1.7566368104680756-0.05191122036494621j)
(1.9714489628985126+0.5824579737278404j)
(2.3088072770308434+1.1551815639768854j)
(2.751368232120575+1.6471698421147831j)
(3.2810130702744478+2.0441949817549374j)
(3.880099227057733+2.335635906994475j)
(4.531924020128688+2.513015569841731j)
(5.220452155932258+2.5686163369970343j)
(5.929388638570802+2.4943853656916084j)
(6.640665207208667+2.2813199464800675j)
(7.332401298542972+1.9195732400001444j)
(7.976464093762739+1.3996427175152875j)
(8.53597222087001+0.7151578611116568j)
(8.963562691835394-0.13215243694769024j)
(9.202010105438696-1.1250392699687244j)
(9.189606820930422-2.2217291710267832j)
(8.872684369424315-3.3485408376898773j)
(8.22518622330405-4.40016934790874j)
(7.269404044365263-5.254157412267557j)
(6.085827989639114-5.8002215848445875j)
(4.801099044287833-5.973585140661473j)
(3.5555204217419685-5.774133474851517j)
(2.4664202575924543-5.260376734304787j)
(1.6057532099889527-4.524054032459064j)
(0.9982510318143288-3.661416265174422j)
(0.633567194423927-2.7536747592963486j)
(0.4821372045560742-1.8595077809230076j)
(0.508044917307047-1.0161069040296704j)
(0.6769470390422478-0.24404285549549426j)
(0.9598046807982715+0.4472282680591855j)
(1.333941095339871+1.054842023996231j)
(1.7828234519782133+1.5790776118827439j)
(2.2951679129766904+2.020974124155192j)
(2.863940124298496+2.3806491919727732j)
(3.485340100023349+2.655986285183j)
(4.157749832785223+2.841441803045214j)
(4.880483567854315+2.9267747440610323j)
(5.652029379230095+2.8955807326899223j)
(6.467261769984587+2.723663058392807j)
(7.3128234308890265+2.3776257656598556j)
(8.159620653896418+1.8148793361716853j)
(8.951616892088325+0.9878769789505858j)
(9.59218296799-0.14204736829357958j)
(9.935705805375562-1.5741692966565248j)
(9.804073501789114-3.220339327505814j)
(9.053732672914224-4.864213841357251j)
(7.685892247815141-6.188335049404489j)
(5.913000558446069-6.907582859486604j)
(4.0814272097688535-6.924621089199473j)
(2.4972287340913057-6.358500697603793j)
(1.3137181308554753-5.435695818767655j)
(0.5415819491637002-4.368043736268524j)
(0.11610921963311578-3.298376966784251j)
(-0.04615898217812174-2.3026009091819213j)
(-0.019311214527649816-1.4114196935715833j)
(0.1400795696138255-0.6305847139526224j)
(0.3920556503945485+0.04577182084610815j)
(0.7097549982992651+0.6276445198381754j)
(1.0757369206827823+1.1253934959631335j)
(1.47918962640953+1.5480026694496773j)
(1.9138285083858018+1.902305810114493j)
(2.376422783093497+2.1926598481738764j)
(2.8657179679809053+2.4207462082692084j)
(3.3815640932943256+2.5853523642968956j)
(3.924069815750631+2.6820630347402066j)
(4.492590979929527+2.7028504369222572j)
(5.084325507760481+2.635630035456208j)
(5.692237237197735+2.463987257665989j)
(6.302018783968627+2.167541353626946j)
(6.887962670068252+1.7238520800073198j)
(7.408231283711908+1.1133516494851463j)
(7.8015357951249+0.3290858755265221j)
(7.989790322605458-0.6081508832462367j)
(7.893319660473884-1.6333431993433636j)
(7.461742876928764-2.63153092220417j)
(6.7098560335055515-3.4585503460330775j)
(5.731872779526008-3.989542986308847j)
(4.673941660988314-4.167934898865869j)
(3.6795478470005625-4.019359322787247j)
(2.845962600031374-3.6250517656634385j)
(2.213469984420828-3.0811953968755894j)
(1.7793201252613289-2.4701284829174703j)
(1.5180899652058641-1.8498979420664263j)
(1.3972868754166063-1.2558527627847624j)
(1.3859463985403113-0.7066377358304454j)
(1.4580680187462176-0.21020468783616833j)
(1.5932279408519388+0.23165507388378334j)
(1.7759681694611573+0.6203286198089449j)
(1.9948255910203108+0.9585850602763045j)
(2.241389091835109+1.2495544581307412j)
(2.509508434763366+1.496173897097586j)
(2.7946721782828106+1.7009014064575696j)
(3.093530829337491+1.8655729623009278j)
(3.403528558429706+1.99132797104452j)
(3.722605776854947+2.078560339518632j)
(4.048936622426408+2.1268720943296975j)
(4.380666121245493+2.1350203394986047j)
(4.715610272677202+2.100860835649993j)
(5.050878914271752+2.0213070620091553j)
(5.382378334870462+1.8923472113526663j)
(5.7041544063493905+1.7091987973128675j)
(6.0075610050501815+1.466736090602694j)
(6.280308234530844+1.1603967366011463j)
(6.505599782001065+0.7878343530234619j)
(6.661846453919102+0.3515539529111926j)
(6.7238172493845285-0.13751619921088362j)
(6.666333172493406-0.6563050264956352j)
(6.471163538821579-1.1677133597126228j)
(6.13599400360848-1.6234505458137074j)
(5.681503723324833-1.9734586765478377j)
(5.151153662914062-2.179804994965354j)
(4.60133901095409-2.228339062949981j)
(4.086093886980061-2.1313402364739757j)
(3.6444268967045104-1.9202349478052148j)
(3.295628575459659-1.6337190013617124j)
(3.041981577081621-1.3076587674587097j)
(2.8748864179608358-0.9697779896776964j)
(2.780806145042672-0.6386329925844354j)
(2.7454027225531275-0.3249854497516989j)
(2.755778765925705-0.033931280737147955j)
(2.8013665973427067+0.23311746385716567j)
(2.8740480229147853+0.47691588890335773j)
(2.967921687360148+0.699345301803824j)
(3.0789600940286874+0.9027466028070176j)
(3.204676022608461+1.089511488799302j)
(3.343847311200083+1.261834524045942j)
(3.496313156976511+1.4215541281325401j)
(3.6628390403061957+1.5700302936358337j)
(3.845040816077543+1.7080188709201602j)
(4.045354968793161+1.8355067391746456j)
(4.267036820785137+1.9514697543803938j)
(4.514156724879568+2.0535065716750633j)
(4.791538657303787+2.1372875220271346j)
(5.104533713139577+2.1957434939384353j)
(5.458422427963744+2.2179212122770386j)
(5.857067463946322+2.187493477556145j)
(6.30017917114605+2.0811459980151277j)
(6.778300491643885+1.8676907725969187j)
(7.264806964672377+1.5100904118344696j)
(7.7060811288526185+0.9745413049256376j)
(8.016414565995372+0.2512445330176793j)
(8.091923453051859-0.6156914483554922j)
(7.855141057421532-1.511087503848952j)
(7.3110652656018695-2.277931201175242j)
(6.5607797025540995-2.790649282871792j)
(5.748962902151799-3.011569625198285j)
(4.994510983589667-2.983821910372188j)
(4.359631882212662-2.7849905569906928j)
(3.8586787133820875-2.4879929108362187j)
(3.4798190083937355-2.145411116186342j)
(3.202013582734809-1.7895511255452066j)
(3.004020660587823-1.4378795158563678j)
(2.8678815832374895-1.0984766217243567j)
(2.779636926397146-0.7739726128460352j)
(2.7289543924528568-0.4640178056526342j)
(2.708472908437117-0.16671566021745785j)
(2.7131846946650775+0.12059330906954947j)
(2.7399574608798107+0.40092999061354423j)
(2.787214006424739+0.6774931232918059j)
(2.8547625094674647+0.9535970617391007j)
(2.9437728749679213+1.232673818617757j)
(3.0569088529687414+1.5183020013886133j)
(3.1986489413426593+1.814229060910395j)
(3.375863857241697+2.124339277367484j)
(3.598771209429189+2.4524764559422203j)
(3.882468151835728+2.8019261590567717j)
(4.249354369454823+3.1741221230192465j)
(4.732862700888822+3.565588022726975j)
(5.382779071310419+3.9608587129851736j)
(6.27104256953569+4.316367692382576j)
(7.490496858098888+4.525398455833901j)
(9.116372360444746+4.35260631339609j)
(11.047523661209981+3.369898456593795j)
(12.665944128082547+1.133068550356791j)
(12.839916941805445-2.0325180754173284j)
(11.210810647245868-4.687423431623177j)
(8.856305849051632-5.88000023219601j)
(6.809405368878083-5.926929425120212j)
(5.340109611001243-5.446375801518049j)
(4.349030734682487-4.810227008134601j)
(3.685642912055794-4.174253166081103j)
(3.235735427104617-3.5895025557796405j)
(2.924666922349248-3.0654525533695876j)
(2.705459452783874-2.5970518037039123j)
(2.5485701654950317-2.175163477003272j)
(2.4352166433647175-1.7903042787870573j)
(2.3533280342177596-1.4338006214888466j)
(2.295135985248183-1.0979829502453202j)
(2.255750204402887-0.7760422245028724j)
(2.2323317873421504-0.46178270946459943j)
(2.223648123594567-0.1493533173189075j)
(2.2298977797970987+0.16701848617534346j)
(2.2527622843571056+0.4932860976896891j)
(2.29569575566594+0.8358336877719228j)
(2.36451967987435+1.2016989154814655j)
(2.4684649301456654+1.5987077343407137j)
(2.6219133978422446+2.0353541738302017j)
(2.8472488833186116+2.52000181958226j)
(3.179392849919869+3.058373419577526j)
(3.672497008739368+3.646881287651653j)
(4.407680970003681+4.2563587462042305j)
(5.493442378223647+4.796110427600305j)
(7.027230583488314+5.050113959860756j)
(8.947079279663075+4.628324860198312j)
(10.768928081448122+3.140351108105099j)
(11.648876607732237+0.7588420921791268j)
(11.209183094300869-1.6094322004835504j)
(9.946341712925639-3.21933599939946j)
(8.524395051592453-4.016997152465715j)
(7.277733625042671-4.27341781142502j)
(6.278763792511444-4.2380149185464395j)
(5.49843954035902-4.062758147838782j)
(4.8873186589380335-3.827391503187023j)
(4.40155081088336-3.5708820393532057j)
(4.007694665290915-3.3111347856628752j)
(3.6814935854832447-3.0554838191716707j)
(3.405627651751415-2.8059894889980703j)
(3.1677799152821713-2.5620722353049863j)
(2.9592280254772874-2.3218158886177456j)
(2.773886721813973-2.0826083592668785j)
(2.6076877548787047-1.8414530318377336j)
(2.4582052610021754-1.595121331775232j)
(2.3244629893467845-1.3402394364575414j)
(2.206881819483227-1.0733674572907133j)
(2.1073391769751457-0.7911174021903156j)
(2.0293152674504706-0.4903570380566487j)
(1.9780922107417407-0.16855458818576352j)
(1.9609468826042429+0.17567216988218667j)
(1.9872313023465984+0.5417401738809083j)
(2.068164058386436+0.9259879014662804j)
(2.21607615686681+1.3203269507024145j)
(2.4428122441851277+1.7109080632999376j)
(2.757080492721185+2.0773337338499447j)
(3.1609008386820596+2.3932270183281514j)
(3.6459695884674725+2.628974297988848j)
(4.191492830054342+2.7568522697744595j)
(4.765204394549854+2.7574632330653515j)
(5.328248132438449+2.6250984653695006j)
(5.8426058723557+2.3695164624612963j)
(6.278179104426244+2.013214769569192j)
(6.616841370790123+1.5855792206535626j)
(6.852589062623039+1.116564408490762j)
(6.9888173340830075+0.6320891021633993j)
(7.034520090526556+0.15191839854016753j)
(7.0008584759050825-0.3103838255883207j)
(6.8987658404947245-0.7463092723340565j)
(6.737638050001567-1.1508436669796018j)
(6.524866951891498-1.5209646793487557j)
(6.265927883338463-1.8544066201325886j)
(5.964796277205489-2.1487387831714297j)
(5.624553351320075-2.4007394633924517j)
(5.248104003738879-2.6060418597135317j)
(4.838960068186095-2.7590487460453335j)
(4.402039535623563-2.853137756223709j)
(3.944402439756095-2.8811904131353536j)
(3.4757984987739796-2.8364595971911846j)
(3.0088615594543766-2.7137306165651487j)
(2.5587828014847913-2.510632231261394j)
(2.142360977430895-2.228842145732126j)
(1.7764755621634742-1.8748601066558412j)
(1.4762245679216375-1.4600526267878546j)
(1.2531315719683702-0.9998355104796453j)
(1.1138630102684826-0.5121123184486893j)
(1.0597650995126875-0.01532178484955609j)
(1.0872800535056353+0.47344711358954644j)
(1.1890483990612206+0.9398786063522961j)
(1.3553537761000471+1.373189582172828j)
(1.5755646689062053+1.7662345548581764j)
(1.8393255289849124+2.1151116946251296j)
(2.1373848333495316+2.418481581916624j)
(2.4620615786390814+2.6767884350569098j)
(2.807417900578612+2.8915138395784874j)
(3.1692270665844346+3.064528728872128j)
(3.544817934538165+3.197558595759171j)
(3.9328544963493117+3.2917443880448j)
(4.33308254771416+3.3472644248341514j)
(4.746049086217388+3.3629758942585397j)
(5.172773264076996+3.33603404769018j)
(5.614316841013041+3.261452021458314j)
(6.071161061693626+3.1315779976727964j)
(6.542238769794839+2.9355009820234215j)
(7.023391736562795+2.6584782061332537j)
(7.504936926762601+2.281657032584166j)
(7.967999244454308+1.782725263643581j)
(8.379507212634334+1.1387536108860292j)
(8.686721545496772+0.33332097283339873j)
(8.814594523727562-0.6296939567542684j)
(8.673225249868509-1.7057313868789723j)
(8.18475240145276-2.791132619395203j)
(7.329690563884328-3.7277660760900924j)
(6.186657131297983-4.350385598136643j)
(4.9225066051090245-4.560577957015848j)
(3.7246800455859557-4.370522045847892j)
(2.7271964698485665-3.8805478100292987j)
(1.9828809489388404-3.2190258500694737j)
(1.4814177661930175-2.494402220209417j)
(1.1816815251795585-1.7780592543392013j)
(1.0361050051306795-1.1081679822020407j)
(1.0027460991796873-0.5002825607187893j)
(1.048931447477101+0.04304889969003599j)
(1.1508793793688823+0.5257399237619294j)
(1.2919948142237494+0.9543192727435641j)
(1.4610489298549008+1.335889396144629j)
(1.6506687077458428+1.6771496738293532j)
(1.8562067683417316+1.9839918665090277j)
(2.0749382403018717+2.2613829743650267j)
(2.305507800197248+2.5133794241258385j)
(2.547558186235044+2.743190237509326j)
(2.801487560912397+2.953246832234615j)
(3.0682981506099276+3.145257452769834j)
(3.349510208269502+3.3202334900861845j)
(3.6471233849522524+3.4784778265485454j)
(3.963612381820825+3.619524155456391j)
(4.301945320897841+3.7420118735614962j)
(4.6656109039859945+3.8434736621456804j)
(5.058632086254331+3.9200018186807704j)
(5.4855253196437515+3.965744421297517j)
(5.951126976240197+3.9721645918368367j)
(6.460136952491808+3.9269816694070085j)
(7.016097930071378+3.8127227918007773j)
(7.619301708873892+3.6049052710094243j)
(8.262769034469963+3.270187762541206j)
(8.925082918720832+2.76567768221123j)
(9.559015423764619+2.0424506823572326j)
(10.077285665538378+1.0593857647475386j)
(10.344671615441186-0.18483236866770217j)
(10.199508475383299-1.6028898758076093j)
(9.529191545768244-2.9871884145428105j)
(8.373651987142518-4.060834391332452j)
(6.951623943348569-4.619969726754665j)
(5.548148997566229-4.6449240558679845j)
(4.368376342498837-4.270775635991265j)
(3.486690045355215-3.6763466125344575j)
(2.884647714316151-3.004198737988951j)
(2.50602644022354-2.3406512143491374j)
(2.2913513175068303-1.7275841801723566j)
(2.1914805838727514-1.1798154854283627j)
(2.1699147747653007-0.6981215837044468j)
(2.200933657930853-0.2769977958556376j)
(2.266904861388581+0.09125829117502218j)
(2.355932729798+0.41459296673563173j)
(2.4600926993817027+0.7003629663288432j)
(2.5741894655090514+0.9550542893637268j)
(2.6949109996666656+1.184255424654475j)
(2.8202618830405286+1.3927362044020626j)
(2.9491883198176967+1.584561212764789j)
(3.0813340280773356+1.7632055784750111j)
(3.2168865877789106+1.9316598068113064j)
(3.35648826293092+2.0925189979889267j)
(3.5011953868254078+2.248055394406371j)
(3.6524775975188373+2.4002741538828505j)
(3.8122537133845396+2.550951651934242j)
(3.9829657505715965+2.7016537829583167j)
(4.167697232158972+2.8537284000667995j)
(4.370347141843095+3.008260339093781j)
(4.595877134995383+3.1659676320625856j)
(4.850657105885198+3.3270001364984867j)
(5.14294199318196+3.4905705112924688j)
(5.483516504895395+3.6542903269639515j)
(5.886530332885678+3.812979210758224j)
(6.37047375311858+3.9565244054828512j)
(6.958999846122113+4.066037102499986j)
(7.680589063763087+4.107049557118795j)
(8.564161299204217+4.018056204500423j)
(9.623305179528277+3.6938002308250817j)
(10.814132971842271+2.9710170293788543j)
(11.951244569151056+1.6533037395968875j)
(12.62394358011373-0.34102719287853944j)
(12.322049761130208-2.698101393060281j)
(10.923202329000338-4.681699227437411j)
(8.951307448367636-5.719029160312796j)
(7.073974057350991-5.846013863396484j)
(5.615409376130438-5.431846997555092j)
(4.591487694132884-4.801460358386859j)
(3.9049663747447623-4.135503230355764j)
(3.4534491790513435-3.5113132122787443j)
(3.1592755951013043-2.9534364146345435j)
(2.9694604030022718-2.4636495429043395j)
(2.8491126362448376-2.0353200844311137j)
(2.7754010595990652-1.6595746007051762j)
(2.7332852081081422-1.327712412872078j)
(2.71273323676221-1.0320076137884393j)
(2.706956803449405-0.7658561782016564j)
(2.7112959057583845-0.5236788357515562j)
(2.722510206774595-0.3007499310646693j)
(2.738324210681664-0.09301880010843153j)
(2.7571323761124575+0.10305381908081652j)
(2.7778066019112253+0.2906400974673211j)
(2.799570791077887+0.47267326057087744j)
(2.821920984802544+0.6519656168453817j)
(2.8445783707373007+0.8313239422049225j)
(2.867468513807148+1.0136710104561075j)
(2.890724924059397+1.2021841084990734j)
(2.9147197805615224+1.400464927877612j)
(2.9401306303127623+1.6127613353866515j)
(2.968061242423101+1.844271948337996j)
(3.00025135199907+2.1015823051197504j)
(3.0394416846572887+2.3933124988596703j)
(3.0900249193601064+2.7311112692554507j)
(3.159251323659393+3.131231195390086j)
(3.259573003232047+3.617101427311637j)
(3.4134810217313833+4.223638651716923j)
(3.6642233473365398+5.004540892230784j)
(4.1016390044330615+6.044060605804628j)
(4.93062048918082+7.470579547450582j)
(6.668642151389226+9.428638452140502j)
(10.686306505357893+11.649568559407099j)
(19.166036247607288+10.588324209795918j)
(24.08013037471993-1.0776988354864687j)
(16.845354020377915-8.78163609088893j)
(10.942229635882374-8.900833419423263j)
(7.9631001670777035-7.606770386279642j)
(6.394350184327803-6.413338229491162j)
(5.480507969851798-5.4771721761774375j)
(4.897514011245205-4.752607275586677j)
(4.496507839509588-4.1828715016350495j)
(4.202781590598592-3.725022963624423j)
(3.975741170643906-3.348955087586017j)
(3.791787739413381-3.033639442990151j)
(3.636389808441013-2.764139073168969j)
(3.5001391777939532-2.529587649233426j)
(3.376663513204209-2.32186463363468j)
(3.2614612196402986-2.1347221179299574j)
(3.1512206769114854-1.9631976604053947j)
(3.043406611196929-1.8032078882476026j)
(2.936000522950731-1.651256527610338j)
(2.8273339798463266-1.5042143196483195j)
(2.7159808421874976-1.3591425657063532j)
(2.6006897009924397-1.2131404643453558j)
(2.4803470733496913-1.0632011418231648j)
(2.3539684323660564-0.9060636072238437j)
(2.2207199229833416-0.7380485277548989j)
(2.0799802031844385-0.5548652132150154j)
(1.931460981762695-0.3513760334753724j)
(1.7754189035276393-0.12130360134888434j)
(1.6130141756893002+0.14313241044203712j)
(1.4469085856945625+0.45165281544478936j)
(1.282255900582641+0.8164056160393148j)
(1.1283295893139293+1.2523987422796856j)
(1.0011552249192943+1.7775914589124822j)
(0.9276308168762742+2.4119465028255145j)
(0.9515246768826795+3.1738874467370635j)
(1.1407830304419786+4.071102313540872j)
(1.5921955697504324+5.080927937583692j)
(2.4213478730601263+6.116973352027932j)
(3.7151749936673966+6.993128142753637j)
(5.434651005942952+7.43280125650654j)
(7.32859877618348+7.190021414095368j)
(9.000327827894138+6.2396846273483j)
(10.13862125981187+4.827430636118347j)
(10.676421822160819+3.295776548160503j)
(10.735880327030683+1.8925089344139576j)
(10.490631850509077+0.7219729687867988j)
(10.082444489205894-0.20801951690334225j)
(9.60293924321416-0.931018173715944j)
(9.103774896274066-1.4895118491937849j)
(8.6111003291834-1.9215978084730228j)
(8.13646885788783-2.257472564857394j)
(7.683637491231852-2.519780138439734j)
(7.252447177568014-2.7250522457363457j)
(6.840932727963818-2.8851939335185213j)
(6.446428491170082-3.0087046814636733j)
(6.066125051909621-3.101596408999012j)
(5.6973339089734765-3.1680550545564707j)
(5.33760037525362-3.210906275803731j)
(4.984740813943558-3.2319368133096886j)
(4.636846345112102-3.232110484885629j)
(4.292277237279124-3.211707238207413j)
(3.9496628546328023-3.1704059988800535j)
(3.6079173840470067-3.1073269745192302j)
(3.266279489644941-3.0210462487986818j)
(2.924383275939444-2.909594661340259j)
(2.5823675980959737-2.7704540164695386j)
(2.241029998832507-2.6005666115718102j)
(1.9020293271995707-2.3963789235298956j)
(1.568135960198887-2.1539467547590285j)
(1.2435186046270457-1.8691361869355287j)
(0.9340398074397159-1.537959850885338j)
(0.6475071896684096-1.1570865784773487j)
(0.3937958336227802-0.7245470880365751j)
(0.1847384425671769-0.2406251570625941j)
(0.03341476723757135+0.2911415945390736j)
(-0.0462746087070107+0.8632205638025718j)
(-0.04192410632546022+1.46322238091331j)
(0.05601842475244038+2.074336400801904j)
(0.25217864593866296+2.6762448482885133j)
(0.5448559721131961+3.247109138714358j)
(0.9256087376088292+3.766147068867548j)
(1.3800833794596932+4.216221557896103j)
(1.8899420597775953+4.5857779373415655j)
(2.4353820789816303+4.869672728763461j)
(2.9975975064366622+5.068817727092792j)
(3.560655017217664+5.188922067149189j)
(4.11253871174209+5.238796987205647j)
(4.645403285052365+5.228664975057409j)
(5.155251838332235+5.1687634706845795j)
(5.6413028379142345+5.068356149014239j)
(6.105269811689095+4.93513035373487j)
(6.550701071419253+4.774887283185537j)
(6.982453588184192+4.591409871115556j)
(7.406321946738191+4.386399374851899j)
(7.828811155175672+4.1593855686598j)
(8.257024219212228+3.9075236389596504j)
(8.698621742970207+3.625184719009659j)
(9.161787900101517+3.303219883587352j)
(9.655085254708107+2.9277246142640436j)
(10.186972259463609+2.478042778588458j)
(10.764507634170352+1.9235941995251629j)
(11.390141696860908+1.2189386716681356j)
(12.054145775548196+0.2965724590969394j)
(12.717418426155083-0.9418984893932667j)
(13.274232891567676-2.6301342907152967j)
(13.48021830778895-4.91174214322186j)
(12.855375437504218-7.811626635046684j)
(10.722144309090304-10.896310285988537j)
(6.807824761887344-12.943950380397272j)
(2.2009842611516985-12.677978142090824j)
(-1.2987238438141697-10.350948834205484j)
(-3.0223314650588584-7.374358919691098j)
(-3.442252203340788-4.744917040440323j)
(-3.1922825696115287-2.7287422966958372j)
(-2.6733587831963543-1.254967821624648j)
(-2.082438044883726-0.18450223012234332j)
(-1.5042001796150553+0.6021201669820694j)
(-0.9702949999034685+1.1913338764546597j)
(-0.4890465815843595+1.64253356083113j)
