(115.19838995803555+0j)
(94.98221070528736-44.439544103484025j)
(61.637356784210205-58.72093670068462j)
(38.05644412069327-56.10671635139878j)
(24.00190366151817-49.391982046842216j)
(15.608719968208737-42.74681090328911j)
(10.376399451633347-37.05849694375426j)
(6.957259619075969-32.342590260070075j)
(4.627403064610221-28.434045372374598j)
(2.9832880396164576-25.162189966467217j)
(1.7896581162097467-22.387205845167582j)
(0.9033287815190069-20.001438460423334j)
(0.2337057796379715-17.92327012728456j)
(-0.278520482277836-16.09072174935677j)
(-0.673348634530835-14.45631761306827j)
(-0.9784546603661768-12.98326524519062j)
(-1.2134125435381884-11.642681552260475j)
(-1.392322509358244-10.41158701547332j)
(-1.525492482137271-9.27144807073641j)
(-1.6205393856805872-8.207107708969346j)
(-1.683124833708461-7.205991300806309j)
(-1.7174541629846087-6.257508458937793j)
(-1.726618114035922-5.352595294621687j)
(-1.7128268148221597-4.483357614075309j)
(-1.6775674773038658-3.64278668583753j)
(-1.6217055997064906-2.8245267812172203j)
(-1.5455417512502982-2.0226788230266637j)
(-1.4488306835581433-1.2316279219351598j)
(-1.3307659312557694-0.44588563731227826j)
(-1.1899249971751578+0.34005581876917923j)
(-1.0241538547249973+1.1318832573830993j)
(-0.8304330898319042+1.9356449183662299j)
(-0.6046519005959424+2.7579060765898054j)
(-0.3412606985150443+3.6059599404027085j)
(-0.032787533667155+4.48806778747256j)
(0.3308735659393152+5.413727725361514j)
(0.7635205589008583+6.393968494429823j)
(1.284239034102032+7.441634810159626j)
(1.9198511795167774+8.57156921501887j)
(2.7087429930614046+9.800451227475607j)
(3.7069451869816317+11.14571433975339j)
(4.9979033755074465+12.622149766575967j)
(6.70813436494249+14.232844051882699j)
(9.03137920434003+15.946333006335426j)
(12.26082419899249+17.64058644568236j)
(16.809012475200806+18.97097798996981j)
(23.11082214073476+19.093512072038198j)
(31.061083338765886+16.29181023736659j)
(38.51969444197858+8.40067187726855j)
(40.699328851814506-3.9713155113361873j)
(35.35381451186719-15.059083743547518j)
(26.599763414813197-20.462051041110033j)
(18.80581070583729-21.211166537644136j)
(13.187049977348359-19.775535949504132j)
(9.400689865603406-17.655753195953828j)
(6.877202644275717-15.4849893964977j)
(5.181529073462313-13.478740441532425j)
(4.028854533620501-11.686653363321144j)
(3.2393988329500765-10.099475153544548j)
(2.699472667526469-8.69044687469164j)
(2.3360920665397953-7.430422492560886j)
(2.1015481529213753-6.292867246674994j)
(1.9641489494221316-5.255063465616725j)
(1.9026250617993306-4.29797259573411j)
(1.9027045466070003-3.405691449777357j)
(1.9549913310066294-2.5648509765102507j)
(2.0536471129270737-1.7640761093413913j)
(2.1955865044588037-0.9935379479110709j)
(2.3800170750446448-0.2445992737910759j)
(2.608229087747002+0.49045247357461j)
(2.8835858310493823+1.2185866281495568j)
(3.2116964325265847+1.9461168755376577j)
(3.6007770376282706+2.678670112685048j)
(4.062226161087466+3.420984019428077j)
(4.611455780755287+4.17643527940278j)
(5.2690267071378365+4.946123906753132j)
(6.06211804232842+5.7272099164224315j)
(7.026272415705016+6.509984714193365j)
(8.207096617320875+7.272825421819578j)
(9.66092749378904+7.973729603294134j)
(11.451924744996596+8.536768128595604j)
(13.639877614170945+8.832435775446577j)
(16.247832990831473+8.655298336477536j)
(19.194876469815284+7.716488005790031j)
(22.19346960380511+5.697082600779768j)
(24.676262853796366+2.4258033664008387j)
(25.919334003580552-1.8477818394102308j)
(25.453874829158668-6.357270773384159j)
(23.441901956507216-10.180824537908121j)
(20.55204228256307-12.776740975967273j)
(17.491281396226324-14.13771802860059j)
(14.703097623786839-14.559482494738635j)
(12.359006554927372-14.381613503684747j)
(10.468115510480423-13.868208244183423j)
(8.972004250972802-13.191928622677585j)
(7.796563037615765-12.455233645491694j)
(6.873501603073047-11.71496550058553j)
(6.146646236568879-11.000622186220676j)
(5.572025442648982-10.326038833831984j)
(5.115961889894874-9.696367455752288j)
(4.752866276429259-9.112109780431018j)
(4.463642732367543-8.571231756246597j)
(4.232961032836239-8.071077532199672j)
(4.049606329376752-7.608222120108982j)
(3.904847336961268-7.179301695629098j)
(3.791897247823745-6.781141563785659j)
(3.7054479170744634-6.410839721109539j)
(3.6413212862570705-6.065797835407273j)
(3.5962085473836516-5.743723307099114j)
(3.567473593822134-5.442616723470548j)
(3.5530034457411133-5.160752864685357j)
(3.5510930205141222-4.896659756911076j)
(3.5603550253060288-4.649098119505587j)
(3.5796481975982237-4.417042292423093j)
(3.608018878297976-4.199662981745671j)
(3.644652174695564-3.9963117044807808j)
(3.6888299065134893-3.80650651881792j)
(3.73989323775407-3.629918417806612j)
(3.797208462377774-3.4663576015721076j)
(3.8601348960879442-3.3157587068597714j)
(3.927994278700289-3.178163960813234j)
(4.000041549134612-3.0537031507341914j)
(4.075437343337-2.9425692888120563j)
(4.153223094651906-2.8449889385479996j)
(4.232300175948177-2.761186405681353j)
(4.311415075264353-2.691341432293609j)
(4.389153070058791-2.6355407120012333j)
(4.463943151179044-2.593724484751382j)
(4.5340769084163295-2.5656306410110234j)
(4.5977435778270355-2.550740063648535j)
(4.653082348746312-2.548228169132971j)
(4.698251299934754-2.5569285006591587j)
(4.731510083606463-2.575314450014395j)
(4.751310985933666-2.6015044471247943j)
(4.75639071776446-2.633294095766917j)
(4.74585378256441-2.668215829851205j)
(4.719238040429761-2.7036230930068053j)
(4.676554432860555-2.7367924447555465j)
(4.618295692142528-2.76503413317748j)
(4.545412773679707-2.7858002194991407j)
(4.4592619593807825-2.7967796619906293j)
(4.36152923301079-2.7959718011464427j)
(4.254140927472339-2.7817329588009967j)
(4.139170436831906-2.752794637037571j)
(4.018750026779817-2.7082553143195156j)
(3.8949948542865958-2.6475504979934663j)
(3.7699437820651025-2.570407209452862j)
(3.6455190051947133-2.4767894568417876j)
(3.523504321994056-2.366840719161164j)
(3.405540314234047-2.2408283623588154j)
(3.293133806473456-2.0990935727215025j)
(3.187678671937485-1.9420090991443981j)
(3.0904851939201317-1.769946021991044j)
(3.00281561083538-1.5832499994801943j)
(2.9259240207390675-1.3822270009567583j)
(2.861099381223401-1.167138396319369j)
(2.8097108306716025-0.9382053909389516j)
(2.7732549200348733-0.6956231337703516j)
(2.753404536014401-0.4395853499808639j)
(2.752059269913338-0.17032103543685928j)
(2.7713966787315356+0.1118544196811687j)
(2.8139232073554235+0.40647036129780545j)
(2.882522365426233+0.7128099115131264j)
(2.9804958901124063+1.0297915527168517j)
(3.111590806798648+1.3558170672556265j)
(3.280001202848577+1.6885794176525442j)
(3.490327865774947+2.024825225256184j)
(3.7474715842523953+2.360070003045617j)
(4.056427193921303+2.688271913988651j)
(4.421936692115332+3.0014838683606766j)
(4.847954131615542+3.289526858534278j)
(5.336878656806723+3.5397614094611094j)
(5.888534812214631+3.7370775782036088j)
(6.498933884756046+3.864268430649322j)
(7.158947413723923+3.902976238604131j)
(7.8531617831296225+3.835368544877935j)
(8.559328078443478+3.6465690487779603j)
(9.248896977530288+3.3276119968894613j)
(9.88902572040809+2.878349919201023j)
(10.446085660560922+2.3094653712616195j)
(10.890137475196978+1.6427282396406562j)
(11.19931428579905+0.9090450076798974j)
(11.36288658949626+0.1445770937037635j)
(11.382154773214946-0.6140829476439297j)
(11.269073110159827-1.3343876971588815j)
(11.043251334047017-1.990929876360166j)
(10.728347356065262-2.566737856882236j)
(10.34877425418231-3.052969449613813j)
(9.927271758824-3.4475589644057543j)
(9.483484929614315-3.7534261782030662j)
(9.033411193044975-3.976712804912868j)
(8.589456968939574-4.125309363837449j)
(8.160844439127022-4.207763799240308j)
(7.7541667778269545-4.232554963743659j)
(7.373960540631455-4.207663626603377j)
(7.0232233028786135-4.140361778947006j)
(6.703845987524896-4.037149152977106j)
(6.4169541592878545-3.9037813182473555j)
(6.163165323716134-3.7453494901468973j)
(5.942774380501358-3.5663853099775498j)
(5.755880209558925-3.370973608088911j)
(5.602465136029717-3.1628628503929717j)
(5.482437042885952-2.9455672465070326j)
(5.395641886871145-2.7224570318483656j)
(5.341852667079506-2.496834785737665j)
(5.320739632718432-2.2719962433692813j)
(5.3318257281873205-2.0512742222491758j)
(5.374430936497075-1.8380642550394586j)
(5.4476092420836135-1.6358304902332632j)
(5.550082310551343-1.4480905445469352j)
(5.680174565012722-1.278378391631923j)
(5.835754982264649-1.130185140429616j)
(6.0141914620030645-1.0068787344209138j)
(6.212323843460232-0.9116051671697473j)
(6.42646136116745-0.8471756579291994j)
(6.652409381744284-0.8159461735984466j)
(6.88552855758652-0.81969744731j)
(7.120827101003615-0.8595249033936283j)
(7.3530839044839436-0.9357483307055103j)
(7.5769970419030646-1.0478505086391108j)
(7.7873492224316445-1.1944521973418j)
(7.979179494220657-1.3733280761418456j)
(8.14794928000965-1.5814646646855905j)
(8.289690879398023-1.815157413870403j)
(8.401127947335892-2.070140452781336j)
(8.479760107525971-2.341739385277072j)
(8.523907565904826-2.625035584890158j)
(8.532715771073125-2.9150301357596495j)
(8.506123909986968-3.2067969678887693j)
(8.444803580533128-3.4956172463674955j)
(8.350075233438957-3.777089864355286j)
(8.223810276133413-4.047215461257634j)
(8.068326403427417-4.302453641367141j)
(7.886282885542-4.539754986142869j)
(7.680581286081601-4.756570930986136j)
(7.454275572567199-4.950845504858513j)
(7.210494043327106-5.1209932957155315j)
(6.9523741149348055-5.265867896986625j)
(6.683009903570311-5.384724651623136j)
(6.40541172699364-5.477180883033709j)
(6.1224761357135655-5.543176103558834j)
(5.836964809373723-5.5829340048631j)
(5.551490573895923-5.59692741353945j)
(5.268508853453224-5.585846867021064j)
(4.990313022184731-5.550573038988559j)
(4.719032325979731-5.492152917256721j)
(4.4566312762347104-5.411779401187659j)
(4.204909655213095-5.310773827553603j)
(3.965502503272358-5.190570840580413j)
(3.739879673560044-5.05270498182002j)
(3.529344734954702-4.898798378453596j)
(3.3350331761875673-4.730548946381275j)
(3.15791001133451-4.549718590306692j)
(2.9987670076602173-4.3581209713219895j)
(2.8582198495902955-4.157608518061427j)
(2.7367056158590644-3.950058475057759j)
(2.6344809793818698-3.737357905742822j)
(2.551621540644589-3.5213876910289366j)
(2.4880226763549285-3.304005680269701j)
(2.4434022290479236-3.0870292519767326j)
(2.417305286677501-2.8722176201888585j)
(2.4091112135785657-2.6612542752033512j)
(2.41804300639472-2.4557299769701175j)
(2.443178967145003-2.257126736062006j)
(2.4834666045098346-2.0668032342326765j)
(2.5377385720013312-1.8859821562830856j)
(2.6047303058142894-1.7157399005506575j)
(2.683098847513219-1.5569990552242121j)
(2.7714421935321623-1.410523839602695j)
(2.868318488470857-1.276918453212911j)
(2.972264495184114-1.156628054045192j)
(3.0818129624726454-1.049941982389221j)
(3.1955086715482195-0.9569988535611448j)
(3.3119230290895056-0.8777931917678363j)
(3.4296671095011684-0.812183307911756j)
(3.54740307665932-0.7599001232821061j)
(3.6638539618397554-0.7205566288932331j)
(3.7778118393890128-0.6936576701046305j)
(3.888144511733314-0.6786097693583519j)
(3.9938008770928075-0.6747307459057891j)
(4.09381519835892-0.6812589538783103j)
(4.187310516509249-0.6973620314075579j)
(4.273501456316029-0.7221451270372523j)
(4.351696657229342-0.7546586400292098j)
(4.4213010302559885-0.7939055740859193j)
(4.481817994925398-0.8388486560060762j)
(4.532851791941398-0.8884174089436983j)
(4.574109900187145-0.9415153918408736j)
(4.6054055151908555-0.9970278203859245j)
(4.626659974293503-1.0538297693383964j)
(4.637904946357118-1.1107951209974374j)
(4.639284145985175-1.16680637084087j)
(4.6310542889767135-1.2207653311501618j)
(4.613584981806466-1.271604690470092j)
(4.5873572371367315-1.3183002962066361j)
(4.5529603321511765-1.3598839360127828j)
(4.511086777387846-1.3954563081937523j)
(4.462525239026932-1.4241997998144105j)
(4.408151353150269-1.445390640662237j)
(4.348916479979307-1.4584099775648451j)
(4.285834561356091-1.4627534205659984j)
(4.219967356536341-1.4580386512416117j)
(4.152408430369856-1.4440107521289638j)
(4.084266345716699-1.4205450100617991j)
(4.016647561930856-1.387647057868547j)
(3.9506395595205928-1.3454503393832395j)
(3.887294696852464-1.2942110022782813j)
(3.827615260352795-1.2343004324522735j)
(3.772540100288201-1.1661957346193157j)
(3.7229331572697317-1.090468530709108j)
(3.6795740887070147-1.0077724880505832j)
(3.643151108090499-0.918830003681951j)
(3.6142560603311-0.8244184630956359j)
(3.5933816778859238-0.7253564669088975j)
(3.5809208960931116-0.6224903832786479j)
(3.5771680501103162-0.5166815414658799j)
(3.5823217271839294-0.4087943334009393j)
(3.5964890058912937-0.2996854325498344j)
(3.61969078252125-0.19019426918061172j)
(3.651867872760041-0.0811348183948698j)
(3.6928875941369843+0.02671133020468511j)
(3.74255058555516+0.13260072921403906j)
(3.8005976982562073+0.2358328129974046j)
(3.866716880491983+0.3357537847637677j)
(3.9405500538026232+0.4317597837431811j)
(4.021700023930428+0.5232994058910231j)
(4.109737476916708+0.6098755857688065j)
(4.204208086426036+0.6910467942648022j)
(4.304639715937034+0.766427477932692j)
(4.410549654654914+0.8356876618311679j)
(4.521451789624672+0.8985516520077752j)
(4.636863592216621+0.9547957968964412j)
(4.756312782914933+1.0042452918239058j)
(4.879343529978116+1.0467700347095215j)
(5.005522031889897+1.0822795646201826j)
(5.134441329914549+1.110717140232496j)
(5.265725197108527+1.1320530439212921j)
(5.399030956397222+1.1462772287933762j)
(5.534051094947373+1.1533914583306348j)
(5.670513565797992+1.153401118053442j)
(5.808180699542061+1.1463069022403318j)
(5.946846686200581+1.1320965934389804j)
(6.086333626694039+1.1107371568023163j)
(6.22648619056475+1.0821673653256447j)
(6.36716494825877+1.0462911575548544j)
(6.508238469696142+1.0029719092715963j)
(6.64957429470718+0.9520277788500109j)
(6.791028885350556+0.8932282665264184j)
(6.932436666785018+0.826292114627936j)
(7.073598255190105+0.7508866721153045j)
(7.214267962225486+0.6666288548906959j)
(7.354140660472177+0.5730878542887385j)
(7.492838098511335+0.46978977976621694j)
(7.6298947733599904+0.35622446634437194j)
(7.764743507583667+0.2318547295764332j)
(7.896700944123345+0.09612840567386811j)
(8.024953268899871-0.05150643519365792j)
(8.148542603941454-0.21158267810666753j)
(8.266354684873603-0.38459132108107097j)
(8.377108646131349-0.5709541998817329j)
(8.479349980804228-0.7709919728703171j)
(8.571448008593263-0.9848872367050483j)
(8.65159945464333-1.2126429287883127j)
(8.717839981575707-1.4540365866453124j)
(8.768065679913384-1.7085715935638732j)
(8.800066545839421-1.9754272459786109j)
(8.811573783990823-2.2534103105247305j)
(8.800322284252932-2.5409116433097405j)
(8.76412875940071-2.835872323600349j)
(8.700984746417218-3.1357644635307103j)
(8.609161974435365-3.4375922057115997j)
(8.48732557651289-3.7379181985893104j)
(8.334648468391592-4.032919845622607j)
(8.150918245914006-4.318477728735359j)
(7.936626563760485-4.590295813212032j)
(7.693030577606052-4.844049545091392j)
(7.422177013008131-5.075554162794052j)
(7.126881932168836-5.280942054829133j)
(6.810663181960418-5.4568354820522185j)
(6.477627373694662-5.600500054117164j)
(6.132318339338723-5.709965374362459j)
(5.7795384666625935-5.784102244324664j)
(5.4241573403888745-5.82265033814199j)
(5.070923179062801-5.826195575851822j)
(4.724291529645607-5.796101643711274j)
(4.388282854604526-5.7344043910011555j)
(4.06637663291738-5.643680588887874j)
(3.7614451596925886-5.526903535865003j)
(3.475726093087058-5.387297358423686j)
(3.210829501443908-5.228199972216658j)
(2.9677729920347433-5.052942055777384j)
(2.7470374890423654-4.864746561215444j)
(2.5486362153720052-4.6666506606039855j)
(2.3721901559305087-4.461449873165783j)
(2.2170044461696077-4.251662558667619j)
(2.082141475704754-4.039511997940508j)
(1.9664878212178356-3.8269228338050216j)
(1.8688132948972718-3.615528597117518j)
(1.7878213476674072-3.4066872676770443j)
(1.7221907830173435-3.2015022056608835j)
(1.670609232651272-3.000846246410752j)
(1.6317991526680082-2.8053872155988193j)
(1.604537258512086-2.615613552143941j)
(1.5876683678749566-2.4318591005292705j)
(1.5801145976762112-2.254326443882639j)
(1.580880792332372-2.083108394932192j)
(1.5890569670501111-1.9182074498459551j)
(1.6038184468769832-1.759553148909604j)
(1.6244242791767638-1.607017387726486j)
(1.6502143989165794-1.4604277921256443j)
(1.6806059341477795-1.3195793161340328j)
(1.7150889533141778-1.184244249201243j)
(1.7532218772683843-1.0541808278184601j)
(1.7946267101828512-0.9291406387344184j)
(1.838984189652405-0.8088749795236716j)
(1.8860289204875584-0.6931403144339948j)
(1.9355445374706883-0.5817029380334254j)
(1.9873589330358543-0.47434294225244644j)
(2.0413395782246084-0.37085757422985227j)
(2.097388954142306-0.2710640683475982j)
(2.155440096147014-0.17480203042733983j)
(2.2154522371237078-0.08193544206991132j)
(2.2774065228540445+0.007645661498882338j)
(2.341301763668595+0.09402380414560717j)
(2.407150182566027+0.1772529543878572j)
(2.474973120144815+0.2573576837228647j)
(2.54479666019926+0.3343326142154569j)
(2.6166471461566396+0.40814218726992746j)
(2.6905465675569857+0.47872079991404115j)
(2.7665078076987695+0.5459733682560535j)
(2.844529758765382+0.6097763897365363j)
(2.9245923296076892+0.6699795857672488j)
(3.0066513941825033+0.7264082133799944j)
(3.0906337555032914+0.7788661373441076j)
(3.1764322305558452+0.8271397513232865j)
(3.26390099518534+0.8710028263127056j)
(3.352851363060569+0.9102223450434418j)
(3.443048207312837+0.944565350613137j)
(3.53420726435562+0.973806795036133j)
(3.625993582942657+0.9977383181730775j)
(3.7180213932585366+1.0161778201673495j)
(3.8098556659246787+1.0289796131466755j)
(3.901015604509788+1.0360448544235998j)
(3.9909802634981193+1.0373318796243691j)
(4.079196404327373+1.0328659778952232j)
(4.16508859517429+1.0227480918985958j)
(4.2480714290248764+1.0071618927382988j)
(4.327563586390401+0.9863786837522744j)
(4.403003314815973+0.9607596347684794j)
(4.473864751296096+0.9307549437818161j)
(4.539674391971636+0.8968996648723869j)
(4.6000269320713185+0.8598061224118155j)
(4.6545996715623685+0.8201530390855332j)
(4.70316471712991+0.7786717209183159j)
(4.745598310906055+0.7361298452846048j)
(4.781886775066933+0.6933135665844905j)
(4.812128765768609+0.6510087705263032j)
(4.836533760706589+0.609982359089901j)
(4.855416939306116+0.5709644291689376j)
(4.869190830444292+0.534632121802626j)
(4.87835427989868+0.5015957766131984j)
(4.88347941411993+0.47238784410618323j)
(4.885197341110426+0.44745480649912456j)
(4.884183333046632+0.4271521555897014j)
(4.8811421850453875+0.41174229140014895j)
(4.876794351047302+0.4013950513295524j)
(4.871863334661412+0.39619046460363905j)
(4.867064674001214+0.3961232540951271j)
(4.8630967178830495+0.40110857580822473j)
(4.860633256751121+0.410988490865027j)
(4.860317952926575+0.42553869905786557j)
(4.862760415884225+0.44447511949015805j)
(4.868533691261776+0.4674599752552406j)
(4.878172877198425+0.49410711908904675j)
(4.89217454700054+0.523986420297221j)
(4.910996640910038+0.556627116133259j)
(4.935058489543128+0.591520110543897j)
(4.964740645167939+0.628119278137407j)
(5.000384222602425+0.6658419004001657j)
(5.042289487887176+0.7040684239745136j)
(5.090713479315901+0.7421417866274818j)
(5.14586650162315+0.7793666044929489j)
(5.207907400055513+0.815008552789382j)
(5.276937596418442+0.8482942992803548j)
(5.35299395305426+0.8784123622922162j)
(5.436040620939327+0.9045152596574273j)
(5.525960120944635+0.925723288041961j)
(5.6225439971951126+0.9411302210215863j)
(5.725483461082416+0.9498111379631303j)
(5.834360505376173+0.950832495813376j)
(5.948640001470797+0.9432644372238824j)
(6.067663291865855+0.9261951995969928j)
(6.190643750266663+0.8987473624641442j)
(6.316664703531504+0.860095559081994j)
(6.44467999907388+0.8094851964852356j)
(6.573517370191219+0.7462516884951698j)
(6.701884617172384+0.6698397155782326j)
(6.828378504102367+0.5798220841485879j)
(6.951496190337542+0.47591785767890066j)
(7.069648988622812+0.35800955610067103j)
(7.181178278914919+0.2261593446229057j)
(7.284373508704887+0.08062423006612154j)
(7.377492366254506-0.07812967680903225j)
(7.4587834003120035-0.24941381614378838j)
(7.5265115456178115-0.43230487562630515j)
(7.578987156637745-0.6256339011576681j)
(7.61459920636555-0.8279775389452132j)
(7.631853226236269-1.037652543193857j)
(7.629414306079268-1.2527151265454266j)
(7.60615501119724-1.4709671344613384j)
(7.56120740023987-1.68997130688943j)
(7.494017467225279-1.9070779558325324j)
(7.404399349402347-2.1194651401138267j)
(7.292585651898207-2.324193779770525j)
(7.159269397355723-2.5182780830694917j)
(7.005632602165195-2.6987701852550687j)
(6.833356501091596-2.8628561318707715j)
(6.644609140305539-3.0079584862258466j)
(6.44200749825238-3.1318391841110227j)
(6.228553407477806-3.232695119496108j)
(6.007545121636291-3.3092386137861474j)
(5.782469050394195-3.3607555844875976j)
(5.556878545153134-3.387135904209182j)
(5.334268248322767-3.3888729474750825j)
(5.117953117117738-3.3670323044480153j)
(4.910960685408307-3.3231926360715653j)
(4.715943536326599-3.2593641904919046j)
(4.5351166156484455-3.177892232297491j)
(4.370221327845416-3.081353363463786j)
(4.222515747703518-2.9724524437560484j)
(4.092788104020093-2.8539267242422315j)
(3.9813891719594694-2.7284621733192402j)
(3.8882784233689476-2.598625115673933j)
(3.8130786763715996-2.466810503586142j)
(3.7551344145974936-2.3352066046833895j)
(3.713569728590847-2.205774737562719j)
(3.6873427831602084-2.0802419484088612j)
(3.6752946796414356-1.960104163715672j)
(3.676191450751604-1.8466373009511747j)
(3.6887586358143083-1.740913977944388j)
(3.711708416255532-1.6438237436762873j)
(3.743759656801067-1.5560950857860616j)
(3.783651424542654-1.4783178037628626j)
(3.8301506777770733-1.4109646423736146j)
(3.8820548577618865-1.3544113426466164j)
(3.938190102533984-1.3089544808194205j)
(3.9974057519587727-1.2748266259652832j)
(4.058565744271212-1.2522084536881999j)
(4.120537432371665-1.2412375075875988j)
(4.182178287897983-1.2420133055113973j)
(4.242320926610376-1.2545984491157267j)
(4.299756893615173-1.2790153196303722j)
(4.353219705847916-1.315237838425853j)
(4.401367778371039-1.3631776493090688j)
(4.442768079507797-1.4226639569437012j)
(4.475881689501301-1.4934161577481764j)
(4.499052901214695-1.5750083652974163j)
(4.510504118902744-1.666825021092296j)
(4.508339589280212-1.7680070801134053j)
(4.490561916551379-1.8773888881458265j)
(4.455106294838134-1.9934269769682094j)
(4.399898273744259-2.1141237680991467j)
(4.322941359561775-2.2369517561485717j)
(4.222440376967292-2.3587872124812717j)
(4.096964619679283-2.4758666713021644j)
(3.9456506245689753-2.583783908101656j)
(3.768437206396006-2.677548686070864j)
(3.56631495101217-2.7517294193216095j)
(3.341559499951572-2.80069770523092j)
(3.0979051664080894-2.8189810777766953j)
(2.840607153519408-2.8017102562192773j)
(2.5763426452517857-2.745120416351677j)
(2.312918294766599-2.647038525945172j)
(2.0587851944139874-2.507270227661744j)
(1.8224065401190765-2.3278004981420986j)
(1.6115651854391926-2.1127482426953215j)
(1.4327224855653964-1.8680626744049724j)
(1.2905349837215674-1.601005201740794j)
(1.1876011691052035-1.3195058070921806j)
(1.1244586687305262-1.0315020320991861j)
(1.0998029304730716-0.7443574467020281j)
(1.1108700420154582-0.4644289874257872j)
(1.153906058660989-0.1968349463563236j)
(1.2245991747906948+0.05457464052706648j)
(1.318406156233254+0.2871598736637623j)
(1.4308420351161335+0.49939699846317853j)
(1.557721649578335+0.6907036921673375j)
(1.695301730677797+0.8612245477250159j)
(1.8403405156614179+1.0116311214874016j)
(1.9901056725433368+1.1429524955762784j)
(2.1423502517284887+1.256437791011712j)
(2.2952698207347355+1.3534489137713601j)
(2.4474503223162998+1.4353802281295671j)
(2.597813342164851+1.5036009199134144j)
(2.745563104138703+1.5594155865368158j)
(2.890137684340326+1.6040388797670035j)
(3.0311656323948144+1.638580588225795j)
(3.1684283232023107+1.6640381964746598j)
(3.301827829351663+1.6812945860111208j)
(3.431359805389459+1.6911190962159217j)
(3.557090731085025+1.6941706215431183j)
(3.6791388126899514+1.6910017865282496j)
(3.7976578474015237+1.6820635239102253j)
(3.912823388901058+1.667709598534874j)
(4.024820593068779+1.6482007864951655j)
(4.133833161967138+1.6237085500234592j)
(4.2400328350578835+1.5943181575386787j)
(4.3435688970645145+1.5600312973957708j)
(4.444557182485912+1.5207683350305434j)
(4.5430680609317555+1.4763704778943711j)
(4.639112892042639+1.4266022525539164j)
(4.73262845530527+1.3711548754857317j)
(4.823458906695817+1.309651324804534j)
(4.91133491806491+1.2416542033905176j)
(4.995849855929552+1.1666778272929568j)
(5.076433208043392+1.0842063663199777j)
(5.152322038437261+0.993720271367569j)
(5.222532125341535+0.8947335693349537j)
(5.285831688818112+0.7868447530667881j)
(5.34072228740029+0.6698037172393437j)
(5.385433501971793+0.5435961696812598j)
(5.417940191222319+0.40854477877569323j)
(5.4360128575708115+0.26542260169126713j)
(5.437312070871648+0.11556887038712241j)
(5.419535640984146-0.03900969276575929j)
(5.380620870179623-0.19557595642667167j)
(5.318992847561781-0.3506666018870538j)
(5.2338340367207765-0.5001912313803059j)
(5.125333637032908-0.6396437952071538j)
(4.994863477742932-0.7644227452225728j)
(4.845027867832677-0.870227659307884j)
(4.679552813231483-0.9534722212192915j)
(4.503013746384063-1.0116378872218896j)
(4.320440689905652-1.04349838115929j)
(4.136871055262123-1.0491731263282251j)
(3.95693087187499-1.0300085732393585j)
(3.7845119057385217-0.9883250446808926j)
(3.6225819102382184-0.9270901127451512j)
(3.4731309131965546-0.8495825981728748j)
(3.33722955472292-0.7590977611392414j)
(3.215161794118475-0.6587227510944826j)
(3.1065932589428833-0.5511903938884926j)
(3.0107437964394497-0.43880412768551375j)
(2.926543376171039-0.32341878088529663j)
(2.8527606174655915-0.20645975631946445j)
(2.7881009458575594-0.08896487331960674j)
(2.731276280089311+0.028363438399330643j)
(2.6810506277639314+0.14510415158274556j)
(2.636266739004516+0.26106715836777167j)
(2.5958587223589773+0.376249109778455j)
(2.5588547899638407+0.49079670103598866j)
(2.524373409676867+0.6049774802880589j)
(2.4916152899348774+0.7191576924966044j)
(2.4598528940896784+0.8337864293511229j)
(2.4284185977963615+0.9493853194169981j)
(2.396692155490581+1.0665430754445628j)
(2.364087805579972+1.185914363499817j)
(2.3300410902273736+1.308222640192608j)
(2.2939952669432877+1.4342668052886098j)
(2.2553870203657933+1.5649317347577172j)
(2.2136310200860714+1.701203000061195j)
(2.168102690656449+1.8441863571276138j)
(2.118118336683984+1.9951329250488987j)
(2.062911466062093+2.1554714024725006j)
(2.0016037320973585+2.32684923624115j)
(1.933168302751542+2.5111854318056293j)
(1.8563825575532933+2.7107387832494925j)
(1.7697656423655972+2.9281968634065674j)
(1.6714943040501957+3.1667934035308427j)
(1.5592871179257748+3.4304651096868115j)
(1.430241909874634+3.7240641653809217j)
(1.2806024376304164+4.053650749056637j)
(1.1054156194533669+4.426902710288467j)
(0.8980148238742632+4.853700339359943j)
(0.649218182149292+5.346978709397014j)
(0.3460434250577852+5.923998909373422j)
(-0.030431125892432794+6.608292219965501j)
(-0.5087854480800775+7.432714684538431j)
(-1.1340640832191777+8.444381303383436j)
(-1.9810190231640452+9.712841077662906j)
(-3.181853388482429+11.343802907339144j)
(-4.989839568593166+13.501448420833771j)
(-7.9422582515385995+16.436517914863373j)
(-13.335467146238814+20.452058445378082j)
(-24.763568402361827+25.136841103165562j)
(-51.20954047516086+21.619439707597383j)
(-67.59781760386278-28.24631749567068j)
(-23.726108330542814-48.63252925382161j)
(-4.3472860646253215-36.410489349001836j)
(1.4060590934037778-27.161130848609268j)
(3.3812251921793064-21.402368805743752j)
(4.132392851234764-17.639949940873773j)
(4.416862315180434-15.03019135160562j)
(4.501793610674819-13.127804289740038j)
(4.494821335813602-11.685509855778957j)
(4.44369026341611-10.557420145030436j)
(4.371077229652432-9.652661686679405j)
(4.288264187328548-8.91195121696172j)
(4.201016276866109-8.295080108688037j)
(4.112291209165908-7.773866757805526j)
(4.023561076761743-7.3279952982620555j)
(3.93549104592853-6.942457014332321j)
(3.848302687852312-6.6059235792109385j)
(3.7619737504894393-6.309682024923555j)
(3.6763495941836517-6.04691847313229j)
(3.591205738512216-5.812224495913477j)
(3.506282832753685-5.601249427158828j)
(3.4213057519216448-5.410450699221929j)
(3.3359933401906514-5.236911423689573j)
(3.250062494149709-5.078204948826929j)
(3.1632287043592724-4.932292748245915j)
(3.075204278121782-4.7974462641876165j)
(2.9856949440572897-4.672186134818611j)
(2.8943952262368065-4.555234108666912j)
(2.800982782437124-4.4454742147988355j)
(2.705111777137917-4.341920616205851j)
(2.606405276417376-4.243690153067298j)
(2.5044465925025654-4.149977961980622j)
(2.3987694615593957-4.060034786102405j)
(2.288846905788142-3.973144697451691j)
(2.1740786110566908-3.8886019486532724j)
(2.053776650422048-3.805685556231038j)
(1.9271494156310065-3.7236299777336037j)
(1.7932837083464837-3.6415898535277615j)
(1.6511251349376264-3.5585961983997096j)
(1.4994573200584493-3.473500587006084j)
(1.336881136576965-3.384902698800656j)
(1.1617963673004503-3.2910549714360577j)
(0.9723903491085216-3.189735950840089j)
(0.7666418477676669-3.0780811550350777j)
(0.5423547513830327-2.952356978759802j)
(0.297246925115659-2.807659887744601j)
(0.029137553378068736-2.6375214891920766j)
(-0.2636943085511819-2.43340405071487j)
(-0.5818610494893585-2.1840898327356526j)
(-0.9237413659095173-1.8750202434966645j)
(-1.2836097337691532-1.487762846057038j)
(-1.648700659498259-1.0000345677055176j)
(-1.9950191092095433-0.3871795782887931j)
(-2.282296363057551+0.37326494619474576j)
(-2.449979895957446+1.2917899790702454j)
(-2.419098680636678+2.3509927844339678j)
(-2.107644688442654+3.487535153233955j)
(-1.4636116551701224+4.585324710122363j)
(-0.5038552931227904+5.498070552034807j)
(0.6718912601183753+6.102455382790419j)
(1.9137041987985481+6.349522233553823j)
(3.081130377205853+6.274806184675101j)
(4.086063323259628+5.965548880940298j)
(4.898685085033034+5.51748430928489j)
(5.529513013739583+5.007779751808941j)
(6.007925833816336+4.487603981947946j)
(6.367358929024338+3.985812303158309j)
(6.637973034775346+3.515756141206156j)
(6.844217767073199+3.081309998178361j)
(7.004812666113245+2.6810966831799106j)
(7.133631097590649+2.3111066487561485j)
(7.2407531263013105+1.9661906951808665j)
(7.333398813838107+1.64084606500247j)
(7.416663694048789+1.329586643842891j)
(7.494062020228492+1.0270779849936902j)
(7.567908191317643+0.7281425604993687j)
(7.63956736042212+0.4276923411770544j)
(7.709603041289274+0.12061600701570048j)
(7.777843023999035-0.19835718515675044j)
(7.843354529749413-0.534804040288867j)
(7.904319796645463-0.8947797330715382j)
(7.957806499536371-1.2850102954982525j)
(7.999391404039797-1.7130897588006024j)
(8.02257234675087-2.1876635102737496j)
(8.01787461546379-2.718549103019098j)
(7.971513462478451-3.3166832930605685j)
(7.863424123803945-3.993661241538302j)
(7.664442770963439-4.760394529334667j)
(7.33250956669686-5.623970002992947j)
(6.808230053906713-6.581042290912182j)
(6.011602002418107-7.605102505738245j)
(4.845372575313993-8.624622752092455j)
(3.217325770482915-9.492799199830328j)
(1.0997919657209276-9.965125994705739j)
(-1.3709348073294596-9.732370317615056j)
(-3.822287327681036-8.566405395843894j)
(-5.741682269190069-6.529493267538088j)
(-6.759623500214309-4.023078464241119j)
(-6.855778059184514-1.558041781517807j)
(-6.281377418967144+0.5179370745768479j)
(-5.346726327388+2.093129268290213j)
(-4.287464177240714+3.209102429116455j)
(-3.2410303863222225+3.9629882763385584j)
(-2.2722974017769393+4.4523237560712134j)
(-1.4038234641103635+4.75571583309738j)
(-0.6369001813733036+4.930867329625276j)
(0.03643668337724679+5.018349624906428j)
(0.627273033853332+5.046159827696313j)
(1.146950396444429+5.033502828004424j)
(1.6058723846113854+4.9935634206084085j)
(2.013117432134005+4.935433361278691j)
(2.3764157705383493+4.8654205546642535j)
(2.7022742461184563+4.787931261269901j)
(2.9961472067393062+4.706064412668801j)
(3.2626082795566465+4.6220135843600065j)
(3.505505091743839+4.537340582734218j)
(3.7280916577656087+4.453163026241766j)
(3.9331387250705903+4.3702839582019966j)
(4.123024542696135+4.2892820978747315j)
(4.2998091195387715+4.210575149169807j)
(4.465294959220435+4.134464516121418j)
(4.621076920779345+4.061167081483697j)
(4.768583454754366+3.9908379099567797j)
(4.909111087509421+3.923586530675837j)
(5.043853705019369+3.8594886339661936j)
(5.173927928997163+3.798594454262381j)
(5.300395681586101+3.740934718601535j)
(5.424284895332124+3.6865247610298013j)
(5.546609238684773+3.6353671987052336j)
(5.668387691890394+3.587453408052098j)
(5.7906648251039075+3.542763908487567j)
(5.914532705392967+3.5012676399560037j)
(6.041155503214549+3.4629199923339886j)
(6.171798100879823+3.427659290977363j)
(6.307860355707373+3.395401238531143j)
(6.450919186235353+3.366030522294039j)
(6.6027814050960405+3.3393883613529862j)
(6.765551334764161+3.315254090091495j)
(6.941718898985393+3.2933177691545823j)
(7.134276337444817+3.273138891905106j)
(7.3468749984882455+3.254082757063324j)
(7.584036818330065+3.235220904838593j)
(7.851440838563842+3.215180571893044j)
(8.156338829758871+3.1919193480475196j)
(8.50817642940443+3.1623233750000255j)
(8.91944785940557+3.1215045186373027j)
(9.406944742630909+3.061638320240095j)
(9.993651950605955+2.9698608658788745j)
(10.711546253261043+2.824290238389582j)
(11.60556448301346+2.586218474912538j)
(12.738461180221623+2.1840606579715414j)
(14.19317708885343+1.4788785736689671j)
(16.05519213985588+0.18863577127272382j)
(18.29697211517932-2.267776386468053j)
(20.26954243021632-6.954128794421509j)
(19.297479661381058-14.610953009105206j)
(11.552331212439025-21.176182979575785j)
(1.7424138819511021-19.86526879074561j)
(-3.0900037843292854-14.433290628696568j)
(-4.19790646570026-9.811147254235287j)
(-3.936185189851289-6.699575490481034j)
(-3.3126288561914365-4.651117589023242j)
(-2.6556986904393214-3.261664937826156j)
(-2.0593590066952996-2.2810553271343115j)
(-1.5424290208968114-1.5621038782473733j)
(-1.1008462286226137-1.0168199289620403j)
(-0.7248138972476948-0.5908842537772183j)
(-0.40467839393446153-0.2498927323893894j)
(-0.13157505655677518+0.020103252050535505j)
(0.11753947675230618+0.264040643997378j)
(0.32046663764710015+0.46573447108401j)
(0.4977255732282914+0.6395972919962613j)
(0.6521232268190349+0.7925791663570655j)
(0.7866041730540209+0.92920861214542j)
(0.903676127470084+1.0528825827268344j)
(1.0054075205664663+1.16623006511282j)
(1.0934909513210251+1.2713246099850843j)
(1.1693062731415909+1.369827848092899j)
(1.2339732795226512+1.4630908836269794j)
(1.2883936883583225+1.5522276523706462j)
(1.3332839452727236+1.638168894385691j)
(1.3692004906154485+1.7217023852448154j)
(1.3965588811139136+1.8035032198232042j)
(1.4156478518249593+1.8841567419858143j)
(1.4266391286822315+1.964175906091705j)
(1.4295935710553989+2.0440142953880502j)
(1.4244640330789853+2.124075617765619j)
(1.411095173585696+2.2047201922381254j)
(1.3892203090204092+2.286268689324643j)
(1.3584552850833527+2.3690031650406977j)
(1.3182892366512229+2.4531652063936464j)
(1.2680720102323169+2.538950762589766j)
(1.2069979413064444+2.62650094541743j)
(1.1340856189305668+2.715887714788709j)
(1.0481532502131474+2.8070928839848523j)
(0.9477892918817328+2.899978235916727j)
(0.8313182058275173+2.9942436753476054j)
(0.6967616246185441+3.08936917628452j)
(0.5417960578536697+3.184534730448359j)
(0.3637098238673325+3.278510475708869j)
(0.15936463196628672+3.369506637161393j)
(-0.07482806894574501+3.454969934616912j)
(-0.34289804260974965+3.5313101140000187j)
(-0.6492439276792872+3.5935383891782022j)
(-0.9984472623902928+3.634801462082035j)
(-1.3948933164822734+3.6458058594458493j)
(-1.8420797527855393+3.6141578624634274j)
(-2.3414498397621+3.523711743458215j)
(-2.89055911379779+3.3541481709268894j)
(-3.4804279195104177+3.0812185742820852j)
(-4.092155564209954+2.678377054959755j)
(-4.693429062938743+2.120750213055215j)
(-5.236534286347501+1.3922085952952963j)
(-5.6605579002200885+0.49511460551852404j)
(-5.900535605824433-0.5402015602470491j)
(-5.903710580545886-1.6519700990912487j)
(-5.647574776402018-2.7550909475639043j)
(-5.150516506585423-3.760616558633078j)
(-4.46732484800139-4.598870424149478j)
(-3.672061217423995-5.233701157124512j)
(-2.837883484439928-5.663402638710706j)
(-2.0228713242491674-5.9111026483879545j)
(-1.2650107462034152-6.012068089397032j)
(-0.5840170379583823-6.003454727360667j)
(0.01383945541155258-5.918330590726629j)
(0.5307139368458781-5.783327820059804j)
(0.9732443987691397-5.618520899322142j)
(1.3499128509823857-5.4383364996521255j)
(1.6694800246789747-5.252756652000375j)
(1.9401626266092613-5.068453321283663j)
(2.169270898886713-4.889721725961582j)
(2.3631075742932404-4.7191943380535495j)
(2.5270021986302016-4.558363919866711j)
(2.665406679826837-4.407956184594979j)
(2.782011172278423-4.268190341290361j)
(2.8798593258553464-4.138958707339694j)
(2.961453267114127-4.019949030102876j)
(3.0288448342830696-3.910726697417561j)
(3.083712766099172-3.810788949408089j)
(3.1274271358678405-3.719599354727006j)
(3.1611032785660833-3.6366078319892394j)
(3.1856487777148828-3.5612589995887265j)
(3.2018108436831767-3.4929895886487223j)
(3.2102437514269004-3.4312171411703885j)
(3.2116519874239264-3.375352141078675j)
(3.2070943865766837-3.3250676114280915j)
(3.1977526563547634-3.2816696389694124j)
(3.1803501616988994-3.247963037334689j)
(3.1500998811457688-3.2174161762912687j)
(3.114204272276786-3.1860630110630277j)
(3.0743568156945558-3.1582413916172425j)
(3.0286471240784008-3.1347103833818015j)
(2.976206717256255-3.1147980407934126j)
(2.9166824785082324-3.0978807637783605j)
(2.8498071252822235-3.08345954548443j)
(2.7752850362723827-3.0710901773210075j)
(2.6927670245587128-3.0603401196951356j)
(2.6018443823200896-3.050765526132417j)
(2.5020459459482987-3.0418967900339275j)
(2.3928346222050147-3.0332269512800742j)
(2.2736026456201204-3.0242003964160675j)
(2.1436654215825826-3.0142005251792963j)
(2.002253890705862-3.0025354916015314j)
(1.8485053273843948-2.9884212189711326j)
(1.681452450848269-2.970960808875108j)
(1.5000107024735678-2.949119273478998j)
(1.3029635374139348-2.9216922256365985j)
(1.0889456021575687-2.8872667457201464j)
(0.8564237399889767-2.8441720697822843j)
(0.6036759128101662-2.7904169521819115j)
(0.3287683970557474-2.723609462509608j)
(0.029532076888191715-2.640853467063247j)
(-0.29646055770755947-2.5386139815463937j)
(-0.6519147496731763-2.4125408288980372j)
(-1.0398236879831109-2.2572364509599465j)
(-1.4634592065564744-2.065948850709502j)
(-1.926323481028173-1.830163004907852j)
(-2.4320280714101226-1.539051794712594j)
(-2.9840460532179156-1.1787321438704421j)
(-3.5852464372685593-0.7312587290078251j)
(-4.237049099642813-0.17327773795041868j)
(-4.937913288404497+0.5257378455213247j)
(-5.680663812209731+1.4057087564349333j)
(-6.4478150590192245+2.518494932104739j)
(-7.2035231983016335+3.9301489501766738j)
(-7.8801312296832995+5.721035814784324j)
(-8.356966013042063+7.9791980677854175j)
(-8.431037792449075+10.776891960904837j)
(-7.788993489842441+14.112476210028873j)
(-6.016704843979382+17.799280355961194j)
(-2.7256008528904223+21.323531814887033j)
(2.1382920135065415+23.816988203274622j)
(7.962378059753601+24.385690620926912j)
(13.5757011645451+22.725679065691008j)
(17.921148604237708+19.38433160814042j)
(20.607836012476305+15.320078214088976j)
(21.842642136497016+11.317688250120497j)
(22.058915627460898+7.779956642701323j)
(21.655314333242103+4.817216348610683j)
(20.913761714570565+2.3925811272013835j)
(20.009049696508214+0.4187737091998053j)
(19.04109273587989-1.1957450118180564j)
(18.06318866017704-2.530012996515444j)
(17.10124712530684-3.6470499442256448j)
(16.165618285221004-4.595227720446842j)
(15.258015069594034-5.410874407152452j)
(14.375360660959807-6.120938014685951j)
(13.512350040129547-6.745168780172996j)
(12.662578973380285-7.2973986556179895j)
(11.819247204732791-7.786905735804655j)
(10.975744841981584-8.219199291655764j)
(10.126031094165095-8.596566491981976j)
(9.26499237089378-8.918481125986425j)
(8.388833939623229-9.18193729417533j)
(7.4955279402792065-9.381784553013055j)
(6.585313768358025-9.511142073316963j)
(5.661214207025324-9.561965600666328j)
(4.729492554118623-9.525826173990822j)
(3.799937611087709-9.394925436243248j)
(2.8858370006762617-9.163313456574956j)
(2.0035031206149503-8.82819429431262j)
(1.1712683165968008-8.391119367617815j)
(0.40797296748841966-7.858811506022711j)
(-0.268886062004651-7.243371439829008j)
(-0.8450452137430399-6.5617165066811385j)
(-1.311036678448087-5.83427485607409j)
(-1.6631052589824635-5.0831515515949075j)
(-1.9033148412833876-4.330119994589349j)
(-2.0388827146339845-3.5948178251955603j)
(-2.08095440641861-2.8934370750104317j)
(-2.043119416040664-2.238040224471336j)
(-1.939957140935881-1.6364732346104505j)
(-1.7858221829977468-1.0927345108908693j)
(-1.593977512315949-0.6076138930425998j)
(-1.3761059215246145-0.17943577223167673j)
(-1.1421772208624663+0.19516327860643617j)
(-0.900472556230457+0.520360602076305j)
(-0.6573129629051405+0.8004654584657092j)
(-0.4169811268660793+1.040102488783237j)
