(37.645644904364715+0j)
(36.608621849540384-6.029534817322818j)
(33.91743518970077-11.116600906179093j)
(30.25158352805582-14.883269547820065j)
(26.223626588099933-17.301101455226224j)
(22.28585969401019-18.56248827105535j)
(18.69825405648425-18.946774979083106j)
(15.56668516379496-18.722818293726192j)
(12.901398463237088-18.1063144217509j)
(10.664653229431812-17.253532948292392j)
(8.800679203352333-16.270721070076746j)
(7.251583560066427-15.226995741461511j)
(5.964524614877868-14.165707251591876j)
(4.894171820040795-13.113013558360645j)
(4.002897531584564-12.083881202186532j)
(3.260022712200311-11.08611763626783j)
(2.6407719814247104-10.12301822291193j)
(2.125234642295791-9.195079120189673j)
(1.6974479774845368-8.301094513060645j)
(1.3446341484898416-7.438852918242625j)
(1.0565853752197936-6.60557393318109j)
(0.8251787587621342-5.798177362254431j)
(0.6439994671151814-5.013444162254199j)
(0.5080528361856899-4.248107575029572j)
(0.41354934804039073-3.4988992488779123j)
(0.35775017729224623-2.7625664803544816j)
(0.33886459978076783-2.03587127911209j)
(0.3559940333076054-1.315579005069311j)
(0.40911960037878736-0.5984466676990857j)
(0.49908659998355653+0.1188075218371776j)
(0.6278417915429082+0.8395778898056618j)
(0.7983862362231533+1.567176313997977j)
(1.0150574419697087+2.3050306257393247j)
(1.2838445556573892+3.056527003532642j)
(1.61278510247586+3.8248914739199695j)
(2.0125278794778327+4.61294618958113j)
(2.4970894470052185+5.422663978783431j)
(3.0848513588692925+6.254382659221963j)
(3.7998326234967004+7.105442564156467j)
(4.673212349004819+7.96785076622365j)
(5.74490124320456+8.824324434158163j)
(7.064512311029038+9.641714531458483j)
(8.690044940184306+10.360463556328634j)
(10.680435055554401+10.878913310651393j)
(13.074330135792183+11.03357471116788j)
(15.843226665513283+10.584764623053221j)
(18.810826240163824+9.236465400306516j)
(21.56504531444848+6.7429690102966715j)
(23.470758791533708+3.128375843000037j)
(23.924842888099704-1.1155457231922907j)
(22.762348255291307-5.146399161801414j)
(20.395930942998643-8.231092097415953j)
(17.50858434447244-10.09898286376854j)
(14.665102380890156-10.892393385908083j)
(12.167037562577375-10.919210091879023j)
(10.10659392989726-10.471317424905516j)
(8.46493507044698-9.761416382544493j)
(7.181744462350233-8.925326894590432j)
(6.190401911843963-8.04311103163297j)
(5.4318325213469025-7.159101889697174j)
(4.858119182616087-6.296142431100595j)
(4.432033381759382-5.464624959523544j)
(4.125316276082765-4.667931455687219j)
(3.9168466371166035-3.9056209637848758j)
(3.7910769528843598-3.1752713957028273j)
(3.736815580945781-2.473537634759763j)
(3.7463264405465444-1.7967620418796957j)
(3.8146907520712627-1.1413369478204893j)
(3.939377198591026-0.5039397017781819j)
(4.119976958089905+0.11828291553319291j)
(4.358070263798868+0.7275262442581139j)
(4.6571982369733265+1.3250888165432233j)
(5.022915725898469+1.9110348147579128j)
(5.4628951852264995+2.4837001228592035j)
(5.987033639945817+3.038967853231507j)
(6.607476405870808+3.569218909277576j)
(7.338399305879422+4.061846595287851j)
(8.19526691979327+4.4972320397282095j)
(9.193088738263116+4.846156891752362j)
(10.342930365926264+5.0668782630427485j)
(11.645690522195313+5.102672779170001j)
(13.082235125817991+4.8817641826205875j)
(14.600102513962895+4.323154698754492j)
(16.100224416101415+3.353062996466608j)
(17.432710593822684+1.934706750264517j)
(18.41517588781969+0.1052925978097402j)
(18.88110591041839-2.000498363128532j)
(18.743154615157422-4.167067824422085j)
(18.032906957771583-6.159623499412915j)
(16.886905386530497-7.79823112917216j)
(15.48960019545572-8.999413749703036j)
(14.01297602514197-9.770120844748662j)
(12.582451988995471-10.173482658024335j)
(11.27150798486034-10.293013126554008j)
(10.11236740262692-10.209009317813292j)
(9.110495840084447-9.987906654369171j)
(8.256678423092858-9.680080529228105j)
(7.535142190047992-9.321652256990973j)
(6.928310518283931-8.937530314520215j)
(6.419266015034313-8.544370843813214j)
(5.992838797374311-8.152996423105806j)
(5.63632523665091-7.769871649708651j)
(5.338116183118209-7.399654415062898j)
(5.089149946109316-7.0444702089002025j)
(4.881838734119734-6.705395456578259j)
(4.709919601888342-6.38276473952144j)
(4.568230801148587-6.076447802783652j)
(4.452515104546925-5.78603882991657j)
(4.359253915140533-5.510983592989748j)
(4.285529724787572-5.250664120816308j)
(4.2289128978139585-5.004454552721648j)
(4.1873685832878875-4.771757480152291j)
(4.159179917812345-4.552027043248249j)
(4.142884215223377-4.344782964207193j)
(4.137219395954226-4.149618266856916j)
(4.141078425453247-3.9662024421615594j)
(4.153469990307129-3.794281129142724j)
(4.173484045444661-3.633672894546898j)
(4.20026122732622-3.4842633510463092j)
(4.232965459963681-3.345996615320635j)
(4.270759395206496-3.218863953957703j)
(4.312782634358759-3.1028893894181673j)
(4.358132977170099-2.998112042230707j)
(4.405851230717638-2.9045650767987667j)
(4.454910368720995-2.8222513062173773j)
(4.504210034205607-2.7511158026711704j)
(4.552577487207573-2.6910162513255984j)
(4.598776068929527-2.641692257896167j)
(4.641522038548369-2.602735331444532j)
(4.679510203808276-2.5735617463504448j)
(4.711448102374974-2.5533908485727874j)
(4.736097629462119-2.5412315050497885j)
(4.752322032301546-2.5358792011303675j)
(4.7591352401087805-2.5359257024243895j)
(4.755749743428059-2.53978221017022j)
(4.741618858803128-2.545715632867408j)
(4.716469354491463-2.5518961380820224j)
(4.6803211276763-2.5564527679830866j)
(4.6334918571076305-2.5575328488215985j)
(4.576586136396207-2.5533604041989677j)
(4.510470268878357-2.5422889031119773j)
(4.436235397486019-2.522844416827393j)
(4.355152717077942-2.4937564808000756j)
(4.268625032329378-2.4539754318503606j)
(4.1781388609461265-2.402676463850812j)
(4.085220728397998-2.339251898068585j)
(3.991400418432825-2.263294053370803j)
(3.8981829208733214-2.1745715742873357j)
(3.807029824521491-2.0730021610294496j)
(3.7193500619904736-1.958624431111925j)
(3.636499291428155-1.8315712390451826j)
(3.5597868109308126-1.6920462992309908j)
(3.490488718858391-1.540305489024918j)
(3.4298660074451472-1.3766438178124873j)
(3.3791863486817024-1.2013887700961938j)
(3.3397484412736764-1.0149005790353696j)
(3.3129078816122375-0.817579957619817j)
(3.300103552336232-0.6098838920962364j)
(3.302883445808626-0.39235026242849885j)
(3.3229286146326076-0.16563226531327516j)
(3.3620735237072537+0.06945616686637339j)
(3.422320422009759+0.3118825941994833j)
(3.505844410036254+0.5603245683582995j)
(3.6149846103999654+0.8130832856448749j)
(3.752215240986366+1.0679820111864604j)
(3.9200884939018716+1.322250377316701j)
(4.1211391190525+1.5723982576367352j)
(4.357738898914197+1.8140870499032282j)
(4.6318885214901995+2.042012260992338j)
(4.94493591622486+2.249819454838848j)
(5.2972156396965895+2.430085513363011j)
(5.687615484548975+2.574407290956323j)
(6.11309603342399+2.6736469163703096j)
(6.568216842617914+2.718381878841665j)
(7.044756372959439+2.699591582579172j)
(7.531543206378927+2.6095736369887397j)
(8.014628666583725+2.443020973238898j)
(8.477907431905887+2.1981138442225436j)
(8.904219838976335+1.8774123954935258j)
(9.276851507377547+1.4883103960784307j)
(9.581213306805259+1.0428598689360513j)
(9.806389744800741+0.5569054142434499j)
(9.946236940372135+0.048641911516017364j)
(9.999809723680578-0.46313518567779366j)
(9.97106876593616-0.9607454094677861j)
(9.867995486071013-1.4290002336844772j)
(9.701359260921082-1.8560588677877914j)
(9.483407871413666-2.2337299308609673j)
(9.22670078907949-2.557307644377793j)
(8.94321427689536-2.82509533998623j)
(8.643756817447526-3.0377765506988377j)
(8.337667524786426-3.1977639755533507j)
(8.032735596374446-3.3086119862256456j)
(7.735270180646591-3.3745359329212765j)
(7.4502574676808155-3.400049639261143j)
(7.181556295758444-3.3897127617469387j)
(6.932098949690262-3.3479700781739847j)
(6.704076916598323-3.2790620492020826j)
(6.49910110245395-3.1869872153278873j)
(6.31833254017643-3.075499988010189j)
(6.162583585593186-2.948130825904402j)
(6.032391745410172-2.808218945874518j)
(5.928069260271567-2.65895031161106j)
(5.849731868871051-2.5033956190287703j)
(5.7973101475231505-2.3445444266647164j)
(5.770546672623903-2.1853325794237013j)
(5.768982119037263-2.0286607740479625j)
(5.791933348660064-1.8774026357095124j)
(5.838466576746599-1.7344011227030094j)
(5.9073688110673395-1.6024525367692943j)
(5.997120896401488-1.4842779543195304j)
(6.105875600476714-1.3824825469885405j)
(6.231444171606821-1.2995040364000259j)
(6.371294605062873-1.2375524015478028j)
(6.522564406923659-1.1985438660246857j)
(6.68208989761573-1.1840330421645273j)
(6.846453048498713-1.195147782495488j)
(7.012045539996661-1.2325316615365485j)
(7.175148269560819-1.2962989746334064j)
(7.332023070005058-1.3860066276234861j)
(7.479012099290391-1.50064629553535j)
(7.612639406917019-1.6386588158415367j)
(7.729708713708407-1.7979710850280455j)
(7.827391548617117-1.9760539298037636j)
(7.903300584115567-2.169997736420356j)
(7.955544235882514-2.3766012546441986j)
(7.982760193237516-2.592468127069286j)
(7.984127301677821-2.8141054354570243j)
(7.959356877476518-3.038018896341316j)
(7.908665888131439-3.260800157274033j)
(7.832735368154768-3.47920275833887j)
(7.732657940280586-3.6902045498675387j)
(7.609878419710883-3.891055556522255j)
(7.466131259701298-4.079311351041969j)
(7.303378127907303-4.252852878714685j)
(7.123748270816624-4.409894313642528j)
(6.929483617547653-4.5489809179475715j)
(6.722889874985855-4.668979032829468j)
(6.5062942353715085-4.769060295676467j)
(6.28200979338342-4.848682001102959j)
(6.052306368871385-4.907565257459921j)
(5.819387152997851-4.945672279483149j)
(5.585370427716761-4.963183838187887j)
(5.352275533272304-4.960477586488306j)
(5.122012255755503-4.9381077095732815j)
(4.896372857389136-4.8967861214744115j)
(4.677026059030372-4.83736524654567j)
(4.4655123931707426-4.7608222859543j)
(4.26324046521718-4.6682447716681805j)
(4.071483782450996-4.5608171495278j)
(3.891377927355842-4.439808104070501j)
(3.723917960247239-4.306558336078249j)
(3.5699560318204986-4.162468524744769j)
(3.430199266766162-4.0089872454986475j)
(3.3052080430812967-3.8475986675779814j)
(3.1953948368563236-3.6798099181542807j)
(3.101023828514897-3.5071380678326523j)
(3.0222114738847496-3.3310967613703566j)
(2.958928233136705-3.153182583247715j)
(2.9110016246015236-2.974861306495884j)
(2.8781207316884116-2.797554221991035j)
(2.859842242966563-2.622624782549654j)
(2.855598050978845-2.4513658212438645j)
(2.8647043763605384-2.2849876167495253j)
(2.886372320704376-2.1246070798679324j)
(2.9197196845904823-1.9712383218866798j)
(2.96378381938831-1.8257848320766572j)
(3.0175352214309212-1.6890334341270803j)
(3.0798915378965797-1.5616501117992676j)
(3.149731646141757-1.44417770409903j)
(3.2259094937238606-1.3370353872242937j)
(3.3072674349423017-1.2405197986612335j)
(3.392648856217201-1.1548076220331214j)
(3.4809099354980497-1.079959433979908j)
(3.5709304266374917-1.0159246077425803j)
(3.661623400604381-0.9625470666623922j)
(3.7519439148855644-0.9195716836598922j)
(3.8408966215422455-0.8866511318689303j)
(3.92754236162333-0.8633530088782211j)
(4.011003826099124-0.8491670828657274j)
(4.090470388287839-0.8435125419824024j)
(4.16520222785952-0.8457451662146354j)
(4.234533870930281-0.8551643807074975j)
(4.297877264472376-0.8710201882211771j)
(4.354724486998533-0.892520013315864j)
(4.404650172552323-0.918835519648907j)
(4.44731369324141-0.9491094824652223j)
(4.482461109057156-0.9824628094404186j)
(4.509926855021693-1.0180018034726677j)
(4.529635097521386-1.0548257503521206j)
(4.541600656894938-1.09203489264469j)
(4.545929364822944-1.1287388195089674j)
(4.542817705511567-1.1640652621712342j)
(4.532551581390648-1.1971692388211206j)
(4.515504048746619-1.227242443840156j)
(4.492131887229871-1.253522728140645j)
(4.462970899337972-1.2753034738532174j)
(4.428629880460873-1.2919426315087252j)
(4.389783254433768-1.302871164667627j)
(4.347162430304113-1.3076006383589702j)
(4.301545998947881-1.3057296953213928j)
(4.25374894862534-1.2969491881987047j)
(4.204611131935373-1.2810457754284905j)
(4.154985258791342-1.2579038411085819j)
(4.1057247177889575-1.2275056610245814j)
(4.057671539708851-1.1899298038623816j)
(4.011644811364666-1.1453478236658667j)
(3.9684298265113656-1.094019362224089j)
(3.928768225313223-1.036285834304282j)
(3.8933493281841036-0.972562911513536j)
(3.8628028174583533-0.9033320503564543j)
(3.8376928651907054-0.8291313263600332j)
(3.8185137508507734-0.75054583970451j)
(3.8056869614222153-0.6681979501628791j)
(3.7995597201907665-0.5827375821225704j)
(3.8004048503645067-0.4948328156654081j)
(3.808421846425403-0.4051609483342223j)
(3.8237390008491547-0.31440017529565334j)
(3.8464164181438734-0.22322199446224053j)
(3.8764497438174885-0.13228440014330922j)
(3.9137744439367683-0.042225887731402366j)
(3.9582704906089754+0.046339742489996935j)
(4.009767336745166+0.13282781769558794j)
(4.068049094445755+0.2166865060616624j)
(4.132859859075749+0.297399853137219j)
(4.203909140396567+0.37449016957241577j)
(4.280877370363144+0.44751978132543013j)
(4.3634214547914505+0.5160921373137881j)
(4.451180325879405+0.5798522586952323j)
(4.5437804384085245+0.6384865104249138j)
(4.640841137921083+0.6917216792096477j)
(4.741979816631111+0.7393233509819658j)
(4.846816763352877+0.7810935937873411j)
(4.954979607499218+0.816867967156148j)
(5.066107254107935+0.8465118958419475j)
(5.179853206932348+0.8699164638521284j)
(5.295888180196658+0.8869937035980764j)
(5.413901907110636+0.8976714741120982j)
(5.533604064970797+0.901888040631962j)
(5.654724252569403+0.8995864842080933j)
(5.777010975093255+0.8907090831107894j)
(5.900229613629654+0.8751918167254503j)
(6.024159379363751+0.8529591468275598j)
(6.148589274994548+0.8239192307381369j)
(6.273313106400862+0.7879597165968163j)
(6.398123605129778+0.7449442641147936j)
(6.522805736393513+0.6947099262779148j)
(6.647129278166177+0.637065520302285j)
(6.77084076557615+0.5717911113139419j)
(6.893654902664521+0.49863873101306694j)
(7.015245552828606+0.4173344567254573j)
(7.135236432407379+0.3275819837616158j)
(7.253191651621835+0.22906783507461798j)
(7.368606276220464+0.12146836504580488j)
(7.480897124260063+0.004458725994686739j)
(7.589394067569347-0.1222760272719457j)
(7.693332177895094-0.2590275230718135j)
(7.791845143575073-0.4060481969675628j)
(7.883960482098678-0.5635328470737802j)
(7.968597182914594-0.7315975901734959j)
(8.044566525892563-0.9102563066284989j)
(8.11057692244463-1.0993948300890786j)
(8.165243702217085-1.2987433619309061j)
(8.207104797155484-1.5078478723736923j)
(8.234643230626771-1.7260415858886393j)
(8.246317173022156-1.9524180235471418j)
(8.24059804775369-2.1858074623659465j)
(8.216016738804061-2.4247590292888668j)
(8.17121735120252-2.6675309174461326j)
(8.105017217908019-2.91209132405311j)
(8.016470968831038-3.1561325862484635j)
(7.904935554098972-3.3971005632630296j)
(7.770132255066386-3.6322405338538912j)
(7.612201063685464-3.8586597429472715j)
(7.43174251658237-4.073405297047482j)
(7.229842271915034-4.273554500064576j)
(7.008074502621808-4.456313131079745j)
(6.7684815545015695-4.619115827747052j)
(6.513529183477887-4.75972189186188j)
(6.246038841005353-4.876299669210619j)
(5.969100638882971-4.967493271465723j)
(5.685972484392114-5.03246677350555j)
(5.399972156155522-5.070922972630686j)
(5.114369604546576-5.083096068731697j)
(4.832286452418802-5.069719896099994j)
(4.556608625212369-5.03197530040653j)
(4.289916450912389-4.971421672295097j)
(4.034434702675137-4.889918395933719j)
(3.7920031821784708-4.78954204033925j)
(3.5640667906868635-4.672504609449549j)
(3.3516827642172378-4.541077237114731j)
(3.1555419304912147-4.3975225545291075j)
(2.9760004725327724-4.244037748189886j)
(2.8131186936219095-4.082709207882601j)
(2.6667035754956596-3.9154787298822944j)
(2.5363524018953263-3.7441205358088534j)
(2.421495286987013-3.5702278976405424j)
(2.321435025882225-3.3952079013866983j)
(2.2353832182653295-3.2202827970255385j)
(2.1624920736979334-3.0464964260124843j)
(2.1018816744365405-2.874724347118303j)
(2.052662747884544-2.7056864597584407j)
(2.01395519407054-2.539961122502088j)
(1.9849027363973664-2.377999962414998j)
(1.9646841305554301-2.220142754885181j)
(1.9525213907423125-2.066631916085993j)
(1.9476854863738613-1.9176262881246016j)
(1.9494999363336671-1.7732140100783689j)
(1.9573426892242933-1.6334243582021142j)
(1.9706466327135939-1.4982385080900544j)
(1.9888990269250308-1.367599223141986j)
(2.011640108814971-1.2414195097578624j)
(2.0384610689264835-1.1195903024989422j)
(2.0690015607784944-1.0019872542837518j)
(2.1029468679571055-0.8884767101189406j)
(2.1400248254334575-0.778920940777382j)
(2.180002569354744-0.6731827079950607j)
(2.222683172199884-0.5711292271880665j)
(2.2679022060376246-0.4726355882886721j)
(2.3155242642777294-0.3775876899202655j)
(2.3654394611361735-0.2858847361165289j)
(2.417559918139623-0.19744133755450202j)
(2.471816238858718-0.1121892506363978j)
(2.5281539671749726-0.03007877797386101j)
(2.5865300210381914+0.04892015661407635j)
(2.646909092919353+0.12481725605335008j)
(2.709260009926758+0.19760142864518998j)
(2.773552050714444+0.26724071470028554j)
(2.8397512227856243+0.3336825871308873j)
(2.907816512532597+0.39685465928836844j)
(2.9776961313309376+0.4566658389774512j)
(3.049323794150734+0.5130079710302617j)
(3.1226150823006016+0.5657580114692868j)
(3.1974639587512934+0.6147807734193013j)
(3.2737395224430745+0.6599322777755903j)
(3.351283106222353+0.7010637294443726j)
(3.42990584041505+0.7380261220851605j)
(3.50938681901451+0.7706754502708039j)
(3.5894720162065226+0.7988784777675481j)
(3.6698741053869934+0.8225189746697456j)
(3.7502733287447088+0.8415042955123332j)
(3.83031955076871+0.8557721271241135j)
(3.90963560194582+0.8652971916170186j)
(3.987821978379484+0.8700976500783979j)
(4.064462909063588+0.870240920439623j)
(4.139133736417039+0.8658486031612191j)
(4.211409480334896+0.857100205208933j)
(4.280874375983844+0.8442353699945047j)
(4.347132096874621+0.8275543608869207j)
(4.409816304433162+0.8074166089904947j)
(4.468601110773881+0.7842372201790775j)
(4.5232110095403755+0.7584814373478099j)
(4.573429825922826+0.7306571645710512j)
(4.6191082643169+0.701305771571801j)
(4.660169690553577+0.6709914999163219j)
(4.696613871900209+0.6402898771561596j)
(4.728518505699147+0.6097756036847728j)
(4.756038487721373+0.5800104037775781j)
(4.779402993816586+0.5515313248019076j)
(4.7989105628441+0.5248399280851873j)
(4.814922465879383+0.5003927458780064j)
(4.827854719181381+0.4785932883224601j)
(4.838169142082352+0.4597857810347308j)
(4.846363874624629+0.4442507070344515j)
(4.852963755109439+0.4322021249198343j)
(4.8585109187859175+0.42378664557981155j)
(4.863555921333123+0.4190838775417461j)
(4.868649620973014+0.4181080992615071j)
(4.874335977389007+0.4208108861484362j)
(4.881145849885156+0.4270844099703394j)
(4.889591806155582+0.4367651362697121j)
(4.900163890178332+0.44963766848219267j)
(4.913326245423656+0.4654385221617272j)
(4.929514449008362+0.4838596556800115j)
(4.949133383999926+0.5045516318525726j)
(4.972555460516868+0.5271263354453127j)
(5.000118990934358+0.5511592222021808j)
(5.03212652954791+0.5761911241048396j)
(5.068843001585912+0.6017296815777711j)
(5.110493469646464+0.6272505150578448j)
(5.157260416669472+0.6521982846232923j)
(5.209280462654759+0.6759878160720124j)
(5.26664047661777+0.6980054937032468j)
(5.3293730946126425+0.7176111327255642j)
(5.397451707521685+0.7341405462739862j)
(5.470785036638439+0.7469090121586897j)
(5.549211468167239+0.7552158217290464j)
(5.632493366340759+0.7583500573179693j)
(5.720311625229062+0.7555976963132557j)
(5.812260747722833+0.7462500809203454j)
(5.907844753295099+0.729613726456509j)
(6.006474211673985+0.7050213721947562j)
(6.1074646768001415+0.6718441129781113j)
(6.210036755792415+0.6295043930468399j)
(6.3133179948100295+0.5774896012732306j)
(6.416346703572605+0.5153659833477978j)
(6.518077780390866+0.44279258308118313j)
(6.617390548045587+0.3595349404497587j)
(6.713098575279854+0.26547830346386947j)
(6.803961444546825+0.16064014631081136j)
(6.888698436102624+0.04518181701831077j)
(6.966004129245883-0.08058084750906376j)
(7.034565966206833-0.21616811380896603j)
(7.093083870720247-0.36092837447424725j)
(7.140292045416922-0.514031911773204j)
(7.174983070947255-0.6744668380009261j)
(7.196034375840628-0.8410378005859921j)
(7.20243702241257-1.012368201280746j)
(7.193326549006613-1.186906822564848j)
(7.16801532007422-1.3629398472705798j)
(7.126025473320205-1.5386092618402207j)
(7.067121143256177-1.711938512414729j)
(6.991338225963571-1.880866005753835j)
(6.899009589553628-2.0432865979409645j)
(6.790783398803193-2.1971005997053337j)
(6.667632183030134-2.340269084111269j)
(6.5308504950441995-2.470873478746849j)
(6.382039521669793-2.587176658041444j)
(6.223077808327693-2.6876821380958553j)
(6.056078297242222-2.771187632875431j)
(5.883333046674492-2.8368292505453656j)
(5.707248153892233-2.884113040160136j)
(5.530272387457917-2.912931427512306j)
(5.354823697820337-2.9235632231932205j)
(5.183218014842619-2.9166572073132637j)
(5.017604517566806-2.8932006222114515j)
(4.859910909570275-2.854475064180759j)
(4.711801252945331-2.8020031163649994j)
(4.574647749672665-2.7374895218089352j)
(4.44951667012479-2.6627607389066594j)
(4.337167559069961-2.5797063944326695j)
(4.238064007011712-2.4902255416735146j)
(4.152393717262742-2.3961798566444905j)
(4.080095335990077-2.299355078953156j)
(4.0208895124878605-2.2014312235858906j)
(3.9743118626574425-2.1039614258516544j)
(3.939745851175452-2.00835877261427j)
(3.9164540196376487-1.9158901287163062j)
(3.9036064121724117-1.8276757758760007j)
(3.9003054450771337-1.7446936160784134j)
(3.9056068076507646-1.6677867203184045j)
(3.918536256505226-1.5976730945315218j)
(3.9381023747714257-1.534956660045866j)
(3.9633055170082683-1.4801385843184427j)
(3.993143259980094-1.4336282335249986j)
(4.026612739831452-1.3957531413117692j)
(4.062710288805952-1.36676749127679j)
(4.10042880050089-1.346858691291312j)
(4.138753262242497-1.3361516749816784j)
(4.176654906503285-1.3347106012839478j)
(4.2130844598050015-1.3425376408800527j)
(4.246965016116938-1.3595685447407158j)
(4.277185140571866-1.3856646937653474j)
(4.302592925633156-1.4206013416968628j)
(4.321991881234961-1.4640518023367073j)
(4.3341397453272394-1.5155674180971028j)
(4.337751548458239-1.574553307879599j)
(4.331508542639472-1.6402401625851495j)
(4.31407488258551-1.7116527761636535j)
(4.284124175809304-1.7875766103958575j)
(4.2403781157898095-1.8665245266623547j)
(4.181659261292403-1.9467068889552297j)
(4.106959468793408-2.0260095133706697j)
(4.01552434146591-2.1019852947527955j)
(3.906952151943837-2.171866549941835j)
(3.7813029224681074-2.23260580545346j)
(3.6392097684452773-2.280952413240946j)
(3.481980579693693-2.313570417606476j)
(3.311674364158937-2.3271990221128664j)
(3.131134247007188-2.318850662178995j)
(2.943959575590196-2.2860335659214592j)
(2.7544040415193605-2.2269771386980124j)
(2.5671956660025965-2.140831715759501j)
(2.387287056475952-2.027811729468036j)
(2.2195581306837653-1.8892551436369023j)
(2.06850497761032-1.727582587173453j)
(1.9379541086106562-1.5461552643764196j)
(1.8308388640234954-1.349047767965969j)
(1.749064438337381-1.1407659411559958j)
(1.693472597797037-0.9259474126951984j)
(1.6639007128085126-0.709082078266688j)
(1.6593157835541004-0.4942825557841741j)
(1.677995143099655-0.28512228828062325j)
(1.7177239837638374-0.08454405131788265j)
(1.7759866975965062+0.10517011621573112j)
(1.8501382994939637+0.28238005704239405j)
(1.9375471638020692+0.44603167790481263j)
(2.035703556895075+0.5955771522511183j)
(2.142293518511131+0.7308844740536083j)
(2.2552422424398215+0.8521470654264011j)
(2.3727331756474195+0.9598002845111615j)
(2.4932091740809907+1.0544484258427782j)
(2.6153613035067167+1.1368035491200519j)
(2.7381098460685886+1.2076360267110988j)
(2.8605810215201544+1.2677358450184404j)
(2.982081974863531+1.3178832614918996j)
(3.1020757752589936+1.3588272746667527j)
(3.2201575307722696+1.3912704034653143j)
(3.3360322407937844+1.4158584144812154j)
(3.4494946604573262+1.433173826393542j)
(3.5604112121672213+1.4437322233085506j)
(3.6687038222691455+1.4479806030922706j)
(3.7743354633350887+1.4462971626280625j)
(3.877297126339945+1.4389920763348707j)
(3.9775959185417284+1.4263089583870154j)
(4.075243972559606+1.4084268164570235j)
(4.170247853909084+1.385462410244617j)
(4.262598165098471+1.3574730267974597j)
(4.35225906407476+1.3244597818640993j)
(4.439157445765745+1.2863716569610963j)
(4.523171582908679+1.24311058919863j)
(4.604119094484477+1.194538047138818j)
(4.681744218304814+1.140483650023361j)
(4.755704523224983+1.0807565137738542j)
(4.825557423197415+1.0151601220375717j)
(4.890747167627129+0.943511600323932j)
(4.950593394404284+0.8656662775645528j)
(5.004282846822287+0.7815482960408453j)
(5.050866454012165+0.6911877026263074j)
(5.089264598340328+0.5947638327826489j)
(5.118283926136396+0.4926537961428291j)
(5.1366493091090755+0.38548343384360456j)
(5.143054264263641+0.27417627161019037j)
(5.136231972474082+0.15999391814899894j)
(5.115046713658938+0.04455945088619439j)
(5.078601947451389-0.07014577296036133j)
(5.02635666238604-0.181820935585849j)
(4.958236772252543-0.2879263878479681j)
(4.874724584982201-0.38580667846178457j)
(4.776908337378989-0.47284874918261427j)
(4.666476840156522-0.5466595408485088j)
(4.545651770050985-0.6052404271073849j)
(4.4170608940771485-0.647133256272465j)
(4.283566858214435-0.6715158727514754j)
(4.148074833626384-0.6782335149587306j)
(4.0133456823730755-0.667764217155447j)
(3.8818385558715938-0.6411279320649752j)
(3.7555992088656716-0.5997574272201363j)
(3.6362004350121726-0.5453523725375987j)
(3.524731767976945-0.47973651288710956j)
(3.421828991324006-0.40473288316763134j)
(3.3277308329504063-0.3220656938274886j)
(3.2423501279567626-0.23329155844442737j)
(3.165348722807447-0.13975822954968747j)
(3.0962083477327895-0.04258629921836048j)
(3.0342927101994266+0.057331777974090746j)
(2.9788986173179914+0.15932091442060678j)
(2.9292957997078664+0.2629056962887626j)
(2.8847562878522477+0.3677895591395317j)
(2.8445748063902854+0.47383357692024336j)
(2.8080818614227065+0.5810366984731813j)
(2.774651149580032+0.6895185522472699j)
(2.743702732610804+0.799505427971935j)
(2.714703179430359+0.9113197095133054j)
(2.687163630014876+1.0253728417049461j)
(2.660636510259792+1.1421618320547529j)
(2.6347114364731+1.2622692883416782j)
(2.6090106956916954+1.3863670557623966j)
(2.5831845717057047+1.5152236313400573j)
(2.556906702795651+1.6497156957841033j)
(2.5298696019379894+1.7908443189994847j)
(2.501780441065334+1.9397566789137028j)
(2.4723571976291647+2.0977745088641258j)
(2.4413252874504487+2.266430995586507j)
(2.4084148712255993+2.4475185480164416j)
(2.373359140112902+2.643150838863702j)
(2.3358940896987432+2.855843928973737j)
(2.295760636967397+3.0886233431763634j)
(2.252710521205802+3.345167034845792j)
(2.206518437639158+3.6299988419684137j)
(2.1570046164565193+3.9487542821601216j)
(2.1040752152334568+4.308552041256937j)
(2.047793683404888+4.718523245025265j)
(1.988507201400382+5.190581946376569j)
(1.9270736907231654+5.740574296994088j)
(1.8652783705611735+6.390040200466155j)
(1.8066212696094641+7.168999476216069j)
(1.7578641915735755+8.120518278913332j)
(1.7322191276817949+9.3085053200423j)
(1.756325522606748+10.831658241112704j)
(1.8867071308085803+12.849753498074433j)
(2.252439778883039+15.636009426451768j)
(3.179939998897209+19.685940102206864j)
(5.617801519998883+25.93325195962625j)
(12.847263378120536+35.87541880386722j)
(36.974152004432085+46.48789136795509j)
(75.98212178831601+13.52185339982166j)
(50.80996941672383-26.11402262765784j)
(28.279539280485626-26.52253401121779j)
(18.462243510819125-21.98608816798562j)
(13.655187700711455-18.27077447636647j)
(10.946753014426704-15.54530361728297j)
(9.250671197450359-13.5260393962277j)
(8.102466138653028-11.989190937080295j)
(7.277881413241303-10.787635522224036j)
(6.657694884449245-9.825737503458718j)
(6.173518772930138-9.039976606953308j)
(5.783663369459026-8.386958502483978j)
(5.461422080017972-7.836200646167794j)
(5.1889679281595535-7.36573431465593j)
(4.953980787637503-6.959357154571112j)
(4.747689215372285-6.604870249531051j)
(4.56368486784875-6.2929172412923j)
(4.397178205412766-6.016201335585201j)
(4.24451613266869-5.768945423152365j)
(4.102860432954175-5.546512210125446j)
(3.9699678929947155-5.345131889109919j)
(3.844036458932393-5.161703492680543j)
(3.723595277350909-4.993647621681209j)
(3.6074245016313347-4.83879555433509j)
(3.4944956466841974-4.695304461657818j)
(3.3839263468034586-4.561591554824952j)
(3.274945341039045-4.4362820593830055j)
(3.1668648009185034-4.318167310825621j)
(3.059057978621118-4.206170221666983j)
(2.9509407441544107-4.099316024707911j)
(2.84195599494316-3.996706642380347j)
(2.73156022397929-3.89749732699556j)
(2.619211766908009-3.8008743994320406j)
(2.5043604466133442-3.7060330083113358j)
(2.386438523345723-3.612153852696289j)
(2.2648530660042314-3.518377767354702j)
(2.1389801164300906-3.4237769658436434j)
(2.008161362477379-3.327321577979264j)
(1.8717045202639122-3.2278399137802385j)
(1.7288893255957902-3.1239706566241288j)
(1.5789820531706282-3.0141049802163975j)
(1.421262963094668-2.896316491960867j)
(1.2550732066630885-2.768277114427519j)
(1.0798907369123165-2.6271578718227695j)
(0.8954488946250652-2.4695156681692465j)
(0.7019166855054928-2.2911715925341567j)
(0.5001660062547222-2.0870948047651776j)
(0.29215676083526854-1.8513212943021626j)
(0.08147182306227752-1.5769624081099234j)
(-0.12597999948057287-1.2563987361790905j)
(-0.32112657434466596-0.8818239364114404j)
(-0.49085976800133757-0.4465065836711625j)
(-0.6163789358642093+0.053093504837851316j)
(-0.673860091915697+0.6171869007633528j)
(-0.6380774026024666+1.235862657607955j)
(-0.48293759558925+1.8867692996361585j)
(-0.18910907125830873+2.534983904547076j)
(0.24831122964150262+3.135615387274918j)
(0.8143640869041798+3.64173264800774j)
(1.4744217273191704+4.015331486357934j)
(2.181280047337564+4.236606889376796j)
(2.886341930198068+4.307117305847698j)
(3.5497625773903216+4.24597423798916j)
(4.145785317516266+4.081980145501291j)
(4.662831212921324+3.845741292047546j)
(5.1003075124345205+3.5642880179906187j)
(5.464482011820155+3.258649727408966j)
(5.764926515240994+2.9435975512534314j)
(6.012058678850521+2.6285206250175475j)
(6.215715170142266+2.3186635622295824j)
(6.384471669481706+2.016302416849006j)
(6.525421787901673+1.7216929339811566j)
(6.644199505706414+1.433766016133891j)
(6.7451073114418385+1.150605177571733j)
(6.831270979919435+0.8697560943567647j)
(6.904782893349794+0.5884122432426891j)
(6.966861132962381+0.30353854168112004j)
(7.017662297705619+0.01212324120109769j)
(7.056567046089804-0.2895287180289171j)
(7.08220584932887-0.6047460622615553j)
(7.091979258134194-0.9371174494234026j)
(7.082117413864648-1.2903041795701267j)
(7.047368894281579-1.6679062679459613j)
(6.980634173860743-2.073247836371591j)
(6.872507279561496-2.5089835483334437j)
(6.7107414351461285-2.976421526017479j)
(6.479710524983327-3.4744107317241877j)
(6.160046743968176-3.997594978592128j)
(5.728834382747629-4.533828833097969j)
(5.161059722917672-5.060677092710387j)
(4.433416243354152-5.5413658230410965j)
(3.531775437125959-5.921577810505427j)
(2.462936574294469-6.130167418014455j)
(1.2685411964717626-6.088382820011455j)
(0.034008432493442625-5.730927784622156j)
(-1.1185585314061206-5.034963292069178j)
(-2.059668845350434-4.041957668500401j)
(-2.6937218235329055-2.854160898326422j)
(-2.988109008630121-1.6027919685711323j)
(-2.9731101276074883-0.40696045768708017j)
(-2.7180504027093058+0.6532172156795031j)
(-2.302517602584089+1.541222566337459j)
(-1.7965971200365984+2.2539295930230163j)
(-1.2528927013627982+2.8075758033026283j)
(-0.7065708157146375+3.2264224953200014j)
(-0.17887485796961847+3.535750939670839j)
(0.3187803680167624+3.758410036438762j)
(0.781369479348888+3.9135890797160813j)
(1.207755971146394+4.016750027973259j)
(1.5990185139397095+4.080057238826093j)
(1.9573910602044085+4.112952968172205j)
(2.2856203940314876+4.122716140741766j)
(2.586593031468049+4.114942857027668j)
(2.863129806564013+4.0939354501713305j)
(3.117881933568955+4.063007247420204j)
(3.353286824375514+4.0247168611593835j)
(3.571557971570233+3.9810464261013423j)
(3.7746933755738583+3.9335364563997315j)
(3.9644933153114503+3.8833876395245377j)
(4.142582136593441+3.831537628865857j)
(4.310431081292018+3.778718989213061j)
(4.469380589478783+3.7255029274954765j)
(4.620661342411742+3.6723322646459278j)
(4.765413803342323+3.619546209394908j)
(4.904706295039289+3.5673988180684058j)
(5.039551813277734+3.5160725116983675j)
(5.17092386688388+3.465687628888641j)
(5.299771689737534+3.416308684911817j)
(5.4270352087558935+3.367947756458902j)
(5.553660187467401+3.3205651940891276j)
(5.680614006282345+3.2740676600277987j)
(5.80890259459748+3.2283032770616136j)
(5.9395891017177105+3.1830534320625588j)
(6.073814987587926+3.1380204767099196j)
(6.212824333502051+3.092810169731107j)
(6.357992317314002+3.0469071540936357j)
(6.510858960190345+2.9996409767055754j)
(6.673169409580524+2.9501390126553577j)
(6.846922118947937+2.897260962253901j)
(7.034426198770268+2.839507066533182j)
(7.238368729079275+2.7748884152943876j)
(7.46189157916662+2.7007419860918462j)
(7.708674417655477+2.6134639387435676j)
(7.983013527450725+2.5081199993759564j)
(8.289869507938398+2.3778699072444254j)
(8.634823668847798+2.2131123175235348j)
(9.023816639641288+2.0002124579220792j)
(9.462402758184261+1.7196196023712045j)
(9.95396440240248+1.3431499022786348j)
(10.495760403275018+0.8303238795543589j)
(11.07064905420508+0.1242875131043734j)
(11.630847812138533-0.8499373078469955j)
(12.069674344973391-2.176039276880849j)
(12.184980395698712-3.9047949109500193j)
(11.671968455420492-5.951332765429287j)
(10.245343457879933-7.956552633594878j)
(7.942711877637114-9.314313221640973j)
(5.302236923285646-9.571913953599996j)
(3.011371010361314-8.822660902147316j)
(1.41728435208173-7.536803745652683j)
(0.48480874629584136-6.146383861494441j)
(0.02545096858313654-4.879528790063307j)
(-0.14110940542273925-3.8082734307939172j)
(-0.14119764404252072-2.929554869207486j)
(-0.05284313193757821-2.2148384152917537j)
(0.07848557858353197-1.6319393633169477j)
(0.2271364685016844-1.1525193850738544j)
(0.3791401413921539-0.7537346199344691j)
(0.5273325923561031-0.418254717307439j)
(0.6673127435959904-0.13338732900293995j)
(0.7963255227375478+0.11186396508234842j)
(0.9140938348768768+0.32618760082136034j)
(1.0209734399227715+0.5157816636284293j)
(1.1173990387405188+0.6854202285900788j)
(1.2038806106460964+0.8389070264237816j)
(1.2809625896492762+0.9793035583111075j)
(1.349180001335339+1.1090956805662489j)
(1.4090290353558668+1.2303223548569497j)
(1.4609500595655949+1.3446748726063438j)
(1.505318641638075+1.4535732367281218j)
(1.5424411619307132+1.5582251871780024j)
(1.572552760886785+1.6596721327831574j)
(1.595816179484125+1.7588252057210227j)
(1.612320561489126+1.856493836140928j)
(1.6220795866693623+1.95340862541382j)
(1.6250284673620037+2.050239832675504j)
(1.6210194134210427+2.1476124389912945j)
(1.6098151800652223+2.246118482313182j)
(1.5910802742864343+2.3463271367342844j)
(1.5643693144486777+2.4487928180964684j)
(1.5291119145815155+2.5540614133099635j)
(1.484593294918082+2.6626745303273656j)
(1.4299295945730706+2.7751714227064532j)
(1.364036568257503+2.892087921376555j)
(1.2855899707662284+3.0139512556241725j)
(1.192975453196269+3.1412689896043675j)
(1.0842251984179518+3.274509324334552j)
(0.9569378070789957+3.4140685397663093j)
(0.8081771390980984+3.5602190999843644j)
(0.634345026407089+3.713028485660588j)
(0.4310222778461753+3.872233484356464j)
(0.19277283265759704+4.037046443717156j)
(-0.08709134047621189+4.2058573715671805j)
(-0.4167790921661215+4.375776668151382j)
(-0.8062982995574662+4.541935216803704j)
(-1.2676777658391873+4.696419778879096j)
(-1.8149818933706499+4.826674952831034j)
(-2.4637999692229737+4.913166725186536j)
(-3.2295847536472895+4.92613826805414j)
(-4.123710291513039+4.821560218324073j)
(-5.14546917780101+4.5372502866825295j)
(-6.267951740157292+3.992223382833145j)
(-7.417571053761212+3.096025937879588j)
(-8.45431683296458+1.7781323961159679j)
(-9.174175957046646+0.0419808545816271j)
(-9.363498050388893-1.9786062034863623j)
(-8.903908418925859-4.018945406846936j)
(-7.855333713002107-5.779366695944001j)
(-6.43189241584482-7.059138031965962j)
(-4.888337744468488-7.8176959508109585j)
(-3.4192319969620146-8.135461528846655j)
(-2.127790206426855-8.138171663016639j)
(-1.0449980584179177-7.943191780644679j)
(-0.16097228017050627-7.638922122801316j)
(0.5511378984373717-7.284351645270872j)
(1.1217176866859189-6.915793468818347j)
(1.5786574446253117-6.5541581869426375j)
(1.9453669134703204-6.2106088644553985j)
(2.2406474439742428-5.890416099761317j)
(2.4792674024174945-5.595416622390517j)
(2.672707068998703-5.325522787993367j)
(2.8298577126674176-5.07962668291059j)
(2.957606588294287-4.8561308614844005j)
(3.061301073526243-4.653253186217696j)
(3.145107191372633-4.4691966654309j)
(3.212282942352907-4.302239415920344j)
(3.265385585268175-4.150777898054173j)
(3.3064287688130563-4.0133432591633245j)
(3.337002042877931-3.8886026341090334j)
(3.3583624002663073-3.7753525327118553j)
(3.371505236077485-3.6725088105531305j)
(3.377220282073098-3.579096607193371j)
(3.376136001675005-3.4942438881339513j)
(3.368751690358737-3.4171833495631336j)
(3.35544646722498-3.347265161451574j)
(3.3364414507277753-3.283960994779525j)
(3.3117231873708706-3.2267834458528495j)
(3.2810893047492367-3.1750723749528693j)
(3.244471820342842-3.1279278745617227j)
(3.20211462541244-3.0845682672704475j)
(3.1542553680506193-3.044569084955095j)
(3.1008736715684773-3.0076516748634763j)
(3.041772487986743-2.973474299133301j)
(2.9766855591776444-2.9416109776958317j)
(2.905334231026488-2.9115870093275698j)
(2.8274215607655675-2.8829016792027504j)
(2.7426254455358-2.855032564509095j)
(2.6505917507172785-2.8274305701486293j)
(2.550929710298438-2.7995112422257065j)
(2.443208694295774-2.770644266089567j)
(2.326955598218997-2.7401415187506752j)
(2.2016524738969796-2.7072434515259043j)
(2.0667342828200614-2.6711033423519916j)
(1.921586826883675-2.6307688211406726j)
(1.7655450495247593-2.58515994160553j)
(1.597892044631001-2.5330429145965048j)
(1.4178592948337094-2.472998415355428j)
(1.2246289189752606-2.403383119058072j)
(1.0173390843528722-2.322282794271172j)
(0.7950942962441457-2.227454878887126j)
(0.556983112154248-2.116257956010887j)
(0.3021070850626822-1.985564886535391j)
(0.029626581595456978-1.831655391795787j)
(-0.26116855247695847-1.6500822744902528j)
(-0.5707541235176096-1.4355033346374477j)
(-0.8992253429945501-1.181473912408103j)
(-1.2460937887455876-0.8802176690700072j)
(-1.6099521763967837-0.5224015434467951j)
(-1.9879130112896957-0.0968596836892111j)
(-2.374832769765176+0.40975180143560364j)
(-2.762255199517989+1.013220998507712j)
(-3.136881304272575+1.7318175762129335j)
(-3.4784071303758504+2.585890654757886j)
(-3.7566307604228713+3.596597195090078j)
(-3.9278848941542446+4.783025881847024j)
(-3.9312971257802047+6.1566216963986236j)
(-3.686362296447662+7.711582968267116j)
(-3.0950339366828232+9.410369667472349j)
(-2.0536674095991865+11.165791420244844j)
(-0.4806853272239375+12.826638474021916j)
(1.6396938818463782+14.181477059275142j)
(4.2127038310237035+14.997384153645068j)
(7.019943700943428+15.094013066515052j)
(9.765898297883728+14.419151435009617j)
(12.170676819797235+13.073823936968157j)
(14.053408773480033+11.266941618420182j)
(15.35947340153475+9.234076311439521j)
(16.1332322174482+7.171755356563638j)
(16.469941815059038+5.210669943487603j)
(16.475653257746288+3.4198287757076775j)
(16.24465214755969+1.8238088111618107j)
(15.851318194082385+0.4205056568354715j)
(15.350123169496582-0.8055985547346981j)
(14.778937077226285-1.8750731175064066j)
(14.16299793343791-2.8088651645508698j)
(13.518663664788257-3.6260064233422944j)
(12.85519831740721-4.343136227984534j)
(12.178625405097158-4.972873615103591j)
(11.491468501334797-5.525802187153732j)
(10.794689357348526-6.009393305828067j)
(10.088320515134258-6.428753367727342j)
(9.372048747908185-6.786859237092472j)
(8.645705908689235-7.084838212265117j)
(7.909683661422454-7.322261074815336j)
(7.165294863204449-7.497463923657091j)
(6.415084031467947-7.607919576803445j)
(5.663071727473109-7.650675125485359j)
(4.914903267742801-7.622861125899476j)
(4.1778632081471905-7.522260102406763j)
(3.460717063942736-7.347899037400424j)
(2.7733542043586525-7.100606418165197j)
(2.126232185138358-6.7834560284299315j)
(1.5296600949205108-6.4020152301847695j)
(0.9929985680065516-5.964331526445224j)
(0.5238846964539945-5.480628780295396j)
(0.12759903347319468-4.962736629028258j)
(-0.1933272014063788-4.4233293379574485j)
(-0.43921049044146154-3.8750873969030133j)
(-0.6130209410489248-3.329905062886445j)
(-0.719949582013102-2.798247984986955j)
(-0.7668243074421606-2.2887252523571306j)
(-0.7614702587785432-1.807893669741284j)
(-0.7120946606792382-1.3602721955661556j)
(-0.6267362236091056-0.948517970062889j)
(-0.5127225872702696-0.5736824915221775j)
(-0.3757056846162528-0.235069241484131j)
(-0.2214074490515724+0.07593677059577708j)
(-0.07225697357979265+0.3503535199651043j)
(0.0900133652628093+0.586763237623272j)
