(76.2284940450283+0j)
(69.49587689732245-21.91117771931053j)
(54.79797477735136-34.88432481250803j)
(40.14348646411387-39.0293401906083j)
(28.747909960794974-38.275637673695634j)
(20.60794785842051-35.555291993276725j)
(14.896601041351884-32.30658647354724j)
(10.85421939163884-29.115343677920567j)
(7.9410689542645665-26.183384826136198j)
(5.799199416784665-23.55566287999226j)
(4.1941356356876165-21.21799185561413j)
(2.970933190666084-19.137176607204204j)
(2.02546514093184-17.27687071924788j)
(1.2863844891592338-15.603387242514804j)
(0.7038420650252847-14.08741364557299j)
(0.24236066801206327-12.704117230286368j)
(-0.12373613415361269-11.43267734460646j)
(-0.4133083343841246-10.255669171949124j)
(-0.6403825510766256-9.15846444793124j)
(-0.8154919273315742-8.128704920558917j)
(-0.9465950091256112-7.155859309958643j)
(-1.0397135564988882-6.230857255187536j)
(-1.0993787692539476-5.345788289702297j)
(-1.1289438389873978-4.49365326436547j)
(-1.1308005651461532-3.668156778505424j)
(-1.1065245316740278-2.863530771909262j)
(-1.0569643310755126-2.074380914967389j)
(-0.9822839736814234-1.295548472746651j)
(-0.8819646260882226-0.5219807218793077j)
(-0.7547722560816257+0.25137780396688597j)
(-0.5986042045168392+1.0297029426773132j)
(-0.4104072841773402+1.8184878382853078j)
(-0.18593372171257316+2.623582174924666j)
(0.08062461670716069+3.4513668638343873j)
(0.39711581470231133+4.308892896495294j)
(0.7741393515716921+5.204002708177589j)
(1.226085878335261+6.145402490512715j)
(1.7726697685095338+7.142605146178585j)
(2.441210875765434+8.20557452195402j)
(3.2700585151895507+9.343713048199385j)
(4.313736448624138+10.563434830844415j)
(5.6505700788735+11.862711800372516j)
(7.3934564877533235+13.219164467278746j)
(9.702974630829262+14.564544774061556j)
(12.795570006712735+15.731707033274539j)
(16.91752711301904+16.352742159103748j)
(22.19656781418503+15.703969559341768j)
(28.199302178302624+12.639828194740433j)
(33.22681899663487+6.174624145853021j)
(34.57483217902916-2.830864170149588j)
(31.17215733893487-11.102283916226645j)
(25.099979095637632-15.992135608592255j)
(19.021829916089743-17.564524791152486j)
(14.150320068457459-17.141892657067835j)
(10.58495832139369-15.824512465983346j)
(8.056626299811317-14.216705054805692j)
(6.274738886373666-12.59334616496711j)
(5.015517095900109-11.062441739619072j)
(4.122826544871051-9.656421119287899j)
(3.4909480016616077-8.375886955754162j)
(3.048577193165176-7.209304191419625j)
(2.7473306666142725-6.141533609551014j)
(2.5541072971874237-5.157355698543054j)
(2.446138093746692-4.242781577742281j)
(2.40779603925118-3.385407781772158j)
(2.4285400991848296-2.5743782083692666j)
(2.501594933264406-1.800205025798187j)
(2.6231185014591025-1.054560537217495j)
(2.7917058055811275-0.33009026925090884j)
(3.008138239671497+0.3797276381776164j)
(3.275327868180935+1.0806584173880582j)
(3.5984327614511322+1.7776996109959349j)
(3.985138386823279+2.474947297218318j)
(4.446112477153707+3.175279353530566j)
(4.995644652100837+3.8797546720321963j)
(5.652469429571296+4.586561507352422j)
(6.440721976112089+5.289245421647339j)
(7.390845354823486+5.9737962232448405j)
(8.539964265331612+6.6139803312151635j)
(9.930591326253468+7.164149951355834j)
(11.605273056071296+7.548947504566834j)
(13.592713303007203+7.650715507350525j)
(15.878700714012071+7.299904057448288j)
(18.356711070738115+6.2838031815226545j)
(20.768790014941892+4.402228851563429j)
(22.687822111162923+1.593416786109639j)
(23.6279559351303-1.9147818468341702j)
(23.295486435835453-5.583700776515541j)
(21.791229832115505-8.786882230933141j)
(19.54437321300442-11.117997162018128j)
(17.050392349403424-12.507066836191122j)
(14.667868307378427-13.11424175662082j)
(12.57590964951777-13.170915650776516j)
(10.823996460335104-12.882894700189183j)
(9.393559663072978-12.400316427393992j)
(8.239853622980451-11.82160495628441j)
(7.313697876602401-11.207102254621324j)
(6.570584582750312-10.591937528230991j)
(5.973397267591491-9.995472726916176j)
(5.492371122737452-9.427546272280184j)
(5.104080399304799-8.892393221702294j)
(4.790613597992719-8.390813149641854j)
(4.53713046052974-7.922448872725847j)
(4.332645792223544-7.4855292744007755j)
(4.168459838055474-7.077965188340652j)
(4.037716414529053-6.697557687542412j)
(3.9349875749856578-6.342155040398578j)
(3.8559536232363-6.009739013949737j)
(3.797158192871097-5.698468052308428j)
(3.755820222365781-5.406695173416058j)
(3.7296886197722205-5.132971500853457j)
(3.7169288310677118-4.876041988247467j)
(3.716033192761984-4.6348371987628685j)
(3.725748962079157-4.4084633331153045j)
(3.7450194206470275-4.196191654476294j)
(3.7729345705548445-3.997447790420295j)
(3.808688791192294-3.811800949981888j)
(3.8515434851589174-3.638952787140808j)
(3.900793277228196-3.478725417927092j)
(3.955734793231312-3.3310479296103646j)
(4.015637475804518-3.1959405983798366j)
(4.079716320908127-3.073495962507897j)
(4.147106861356292-2.9638558996657984j)
(4.216843185896483-2.8671839585235013j)
(4.287840251153432-2.7836324314456666j)
(4.358882182670771-2.713304062847998j)
(4.428618607579025-2.6562088926887255j)
(4.4955712262875-2.612217538573898j)
(4.55815270703841-2.5810131835430234j)
(4.614699468698633-2.5620455626614205j)
(4.663518928702722-2.5544911671312183j)
(4.702950330788155-2.557224489650711j)
(4.731436437710907-2.5688051754212387j)
(4.747601416790762-2.587485212092285j)
(4.75032851950083-2.61123869515534j)
(4.73883007687589-2.6378143335807778j)
(4.712702269268726-2.6648080223438257j)
(4.671958280702123-2.689749997269858j)
(4.6170357478802675-2.71019887532099j)
(4.548777506573262-2.7238337657870453j)
(4.4683879521779275-2.728535883444719j)
(4.377370229763443-2.7224526575349444j)
(4.277451425235318-2.704039862393808j)
(4.170503663516348-2.672080255315838j)
(4.058468548401031-2.6256800195998777j)
(3.9432909700511862-2.5642465169804893j)
(3.826866369746463-2.4874522028067583j)
(3.7110035126657186-2.3951900211567905j)
(3.59740301912571-2.287525322130061j)
(3.4876505489492917-2.1646485720680064j)
(3.383222691390087-2.026832119126004j)
(3.2855032463965337-1.8743932525298195j)
(3.195807590344442-1.7076649090622709j)
(3.1154130755800007-1.5269747211734555j)
(3.045593798053856-1.3326326978503635j)
(2.9876584807727364-1.124927674955719j)
(2.9429905858055143-0.9041327397962937j)
(2.91309002592966-0.6705200931118285j)
(2.8996159501079557-0.4243862302193164j)
(2.90442997509193-0.16608887449437126j)
(2.929638867404627+0.10390224810912344j)
(2.977634964554556+0.38493798492248554j)
(3.051131451215928+0.6761021548286814j)
(3.1531878253472994+0.9760996390100403j)
(3.287218312358186+1.2831157699858047j)
(3.456972421515582+1.5946430915282213j)
(3.6664721766832944+1.9072733988759873j)
(3.9198849058828955+2.216457130939239j)
(4.221304435922161+2.516239989984935j)
(4.57440861623353+2.7989996985349586j)
(4.981960296142887+3.0552255112350686j)
(5.445127279676674+3.2734097504893795j)
(5.962621596984873+3.4401514022355575j)
(6.529707578231248+3.54059797687839j)
(7.137205948984258+3.559356147637537j)
(7.770719846852072+3.481958672578541j)
(8.410398541915143+3.2968593584363632j)
(9.031579501569487+2.9977339057960166j)
(9.606541670548367+2.5856341750092477j)
(10.107327346293426+2.070379240749654j)
(10.50920122168653+1.47060004161956j)
(10.793976094360138+0.8121593244666327j)
(10.952346685744098+0.12517052060231473j)
(10.984634907668571-0.5596850573301593j)
(10.899860440146028-1.2146362916367126j)
(10.713559165108578-1.8173441226890947j)
(10.44504909845836-2.3521184554159373j)
(10.114819836657501-2.8099097683276226j)
(9.742491270487783-3.1874327620431835j)
(9.34550582308165-3.485856238386691j)
(8.938501581534524-3.7094223754933364j)
(8.533201553356042-3.864226188887043j)
(8.138630672704632-3.9572592971396223j)
(7.761500034647914-3.995732365679865j)
(7.406644061797256-3.9866412864930423j)
(7.077440701302256-3.9365235053927647j)
(6.77617883073439-3.8513506307213476j)
(6.50435960758656-3.736511755549264j)
(6.262931585026135-3.596852647519671j)
(6.0524658935104-3.4367459474955036j)
(5.8732801727602935-3.2601755428259676j)
(5.725520073484191-3.0708241587763254j)
(5.609206233640451-2.87215721964235j)
(5.524253385464466-2.667498587222733j)
(5.4704670585315975-2.4600952971832215j)
(5.447522403152557-2.253169228642868j)
(5.454929043963302-2.0499540339960878j)
(5.491985595806203-1.8537158406706764j)
(5.557727501588494-1.6677563863400453j)
(5.650872121654955-1.4953975026703803j)
(5.7697654235096-1.3399463281151565j)
(5.912335068133472-1.2046413806495953j)
(6.076055019620397-1.0925806852519506j)
(6.2579268606278-1.0066345011372106j)
(6.454482625139198-0.9493467375327486j)
(6.661813042346757-0.9228307223670341j)
(6.875623565916632-0.9286663733027636j)
(7.091318482977695-0.9678067586070546j)
(7.304110915026411-1.040502281009947j)
(7.5091539093254305-1.1462500942390916j)
(7.7016854214425-1.2837748162660054j)
(7.877178165095973-1.4510442374440078j)
(8.03148434673079-1.6453207820849303j)
(8.160965383313147-1.8632463081144979j)
(8.262597871732716-2.1009547975161693j)
(8.334049269425774-2.3542049955574518j)
(8.373719729983145-2.618523507105971j)
(8.380749849980111-2.889348567827096j)
(8.354997091604192-3.1621656846140995j)
(8.296985838125101-3.432628202472264j)
(8.207837273362818-3.6966580620994693j)
(8.089185709415837-3.950524174316799j)
(7.943087823113451-4.190897790250467j)
(7.771930629146544-4.414885913879887j)
(7.5783430212758836-4.62004510033742j)
(7.365114496203066-4.80437883550614j)
(7.135123407956246-4.966322089495461j)
(6.891275932938166-5.104716638746947j)
(6.636455953593084-5.218780461102288j)
(6.3734853332381185-5.30807403556762j)
(6.105093555058472-5.37246582036778j)
(5.833895407840544-5.412098612816963j)
(5.562375280730318-5.427357962276361j)
(5.292876637458899-5.418843342098969j)
(5.02759533842852-5.387342401110344j)
(4.768575634185206-5.333808311872446j)
(4.517707840482277-5.2593400068438765j)
(4.276726904417849-5.165164936096706j)
(4.047211269748214-5.052623881711848j)
(3.830581638582691-4.923157314786003j)
(3.62809940053621-4.778292772541939j)
(3.4408646553454605-4.619632757952118j)
(3.2698138884005163-4.448842716271762j)
(3.11571746865511-4.2676387164356715j)
(2.979177223300523-4.077774555278621j)
(2.8606244020247065-3.8810281038649115j)
(2.7603183746868383-3.6791868223924253j)
(2.6783464096825083-3.4740324772256863j)
(2.6146248573601154-3.267325194260753j)
(2.568902016669739-3.06078707075748j)
(2.5407628991507925-2.8560856377803843j)
(2.52963602971129-2.654817514922912j)
(2.5348023458434255-2.4584926298089114j)
(2.555406179679516-2.268519393150145j)
(2.590468226361465-2.0861912324121685j)
(2.6389003056798686-1.912674891238583j)
(2.6995216033604525-1.7490008788341442j)
(2.771075947512459-1.5960563741966896j)
(2.852249577922219-1.4545807412195384j)
(2.941688849634095-1.3251636215324705j)
(3.0380173890030187-1.2082454053933094j)
(3.139852349209552-1.1041197874760493j)
(3.245819533308156-1.0129380952439262j)
(3.354567233517828-0.934715094935939j)
(3.4647786824261253-0.8693359963053212j)
(3.5751830494174768-0.8165643794465679j)
(3.6845649611291886-0.7760507639066083j)
(3.7917725802460205-0.7473415455909577j)
(3.8957243351288366-0.7298880489246925j)
(3.995414444499799-0.7230554810627379j)
(4.089917420014157-0.7261316277226538j)
(4.178391751639466-0.7383351908506174j)
(4.260082985460059-0.7588237313654961j)
(4.334326391516266-0.7867012409442554j)
(4.400549392162725-0.8210254213026354j)
(4.458273881348862-0.8608147944476199j)
(4.507118514793522-0.9050558002447852j)
(4.546800993272202-0.9527100561852114j)
(4.577140299629041-1.0027219568431596j)
(4.598058788543566-1.0540267762634612j)
(4.609583970751789-1.1055594053173787j)
(4.611849784750122-1.1562638088549146j)
(4.605097113337392-1.2051032263645332j)
(4.589673283609045-1.2510710681808315j)
(4.566030290319586-1.2932023816250493j)
(4.5347215057507695-1.33058568341104j)
(4.496396684613426-1.3623748824595836j)
(4.451795138429944-1.3878009573511083j)
(4.401737036668737-1.4061830109572577j)
(4.3471128861737895-1.416938306130841j)
(4.288871339242446-1.4195908937517918j)
(4.228005576308538-1.4137784787475098j)
(4.165538593785492-1.3992572292895382j)
(4.102507794188922-1.3759043151723471j)
(4.039949318731675-1.3437180573140246j)
(3.9788825788884434-1.3028156738670327j)
(3.9202954322349006-1.2534287114721563j)
(3.8651304110563887-1.1958963448962099j)
(3.8142723540145553-1.1306568079979353j)
(3.7685377175633654-1.0582372789053316j)
(3.7286657617825707-0.9792425801060985j)
(3.695311721783214-0.8943430700853835j)
(3.6690419966700567-0.8042620997347523j)
(3.650331317052649-0.7097633880738532j)
(3.6395617906808067-0.611638642179519j)
(3.6370236733446095-0.5106957086969279j)
(3.642917667546328-0.4077474997695441j)
(3.6573585149120795-0.30360188352715395j)
(3.680379623141913-0.19905266716858577j)
(3.7119384604938563-0.09487173071169978j)
(3.75192246631498+0.008197701744875161j)
(3.8001552667667418+0.10944672766887946j)
(3.856403045111285+0.20820548209201126j)
(3.920380983075882+0.3038470261914834j)
(3.9917597480947933+0.3957905096485416j)
(4.070172037622011+0.483503666300679j)
(4.155219200713497+0.5665046547207506j)
(4.246477941945127+0.6443632152554614j)
(4.343507082867533+0.7167010914981666j)
(4.445854322500601+0.7831916588770966j)
(4.553062909027522+0.8435587121667842j)
(4.664678113437355+0.8975743812346584j)
(4.780253381992555+0.9450561651284551j)
(4.8993560358307375+0.9858630961760021j)
(5.021572380815603+1.0198910679531992j)
(5.1465120884500815+1.047067384724174j)
(5.273811710231119+1.0673446159338047j)
(5.403137194920069+1.0806938670675275j)
(5.534185292225521+1.0870976059727215j)
(5.666683747761707+1.0865422090227694j)
(5.800390221990441+1.0790104116229577j)
(5.93508989813349+1.064473860360104j)
(6.070591777910013+1.042885968457508j)
(6.206723696305187+1.0141752722383122j)
(6.343326114566876+0.9782394753990429j)
(6.480244772160615+0.9349403524500061j)
(6.617322292436064+0.8840996657712884j)
(6.754388843451132+0.8254962356903588j)
(6.89125195615823+0.7588642929775665j)
(7.027685599499037+0.6838932408071052j)
(7.163418609302826+0.6002289603391401j)
(7.2981225693512055+0.5074768113998744j)
(7.43139925311014+0.4052065068218237j)
(7.562767758218555+0.2929590740935656j)
(7.691651507646792+0.17025615782562994j)
(7.817365356050495+0.036611956309127794j)
(7.939103131238196-0.10845188161143389j)
(8.0559260617957-0.2653880558856943j)
(8.16675269394444-0.4346017771084705j)
(8.270351082016626-0.6164250077287876j)
(8.365334241609224-0.81108660707882j)
(8.450160070593611-1.018678387196908j)
(8.52313715068284-1.2391173617789812j)
(8.582438011110531-1.4721048539890826j)
(8.626121524694694-1.7170836284076971j)
(8.652166062446552-1.973194823144663j)
(8.658514794831525-2.2392371547730123j)
(8.643134033019855-2.5136315978843102j)
(8.604084699290123-2.794395415184222j)
(8.539605876586393-3.079129909767416j)
(8.448207935471578-3.365026435843747j)
(8.328771063686043-3.6488948739050424j)
(8.180643303879991-3.9272178079085025j)
(8.003730696177097-4.196231956196463j)
(7.798571139790791-4.452036036501923j)
(7.566383453961891-4.690721369419353j)
(7.309084085232242-4.908518484923911j)
(7.0292660733844965-5.101950262286121j)
(6.730138128073044-5.267980224088151j)
(6.415425613610922-5.4041439730969065j)
(6.089239320516809-5.508652670189356j)
(5.755921456396574-5.580459884896641j)
(5.419880709248909-5.619286784408921j)
(5.085429119976561-5.625604892221817j)
(4.756632743604968-5.600579855926881j)
(4.437185890912471-5.545983167923605j)
(4.130315581208917-5.464081117507992j)
(3.8387192827778476-5.35751121506892j)
(3.5645356341595127-5.229155984664316j)
(3.309345063793284-5.082022644655366j)
(3.074195307270309-4.919135174885529j)
(2.859645818929037-4.74344300443004j)
(2.6658248928562283-4.557748384753584j)
(2.492493758395134-4.364652673033564j)
(2.339112773475573-4.1665203602754435j)
(2.204905894480711-3.965458762516231j)
(2.0889206841089196-3.7633108060858573j)
(1.9900821111799725-3.561658196400968j)
(1.9072392313973527-3.361832368056576j)
(1.8392044896780362-3.16493088097656j)
(1.7847858558969008-2.9718372769940142j)
(1.7428123175002865-2.783242786177093j)
(1.712153433481587-2.599668633579991j)
(1.6917337354963082-2.421488021617823j)
(1.6805427719305377-2.248947139711699j)
(1.677641553655218-2.0821847785031142j)
(1.6821660949989543-1.9212503035358013j)
(1.6933286640924996-1.7661198786742354j)
(1.71041727251746-1.6167109297419235j)
(1.732793850626814-1.4728949107958902j)
(1.7598914747028238-1.3345084846856814j)
(1.791210936623479-1.2013632597929154j)
(1.826316877435444-1.0732542382835542j)
(1.8648336457808388-0.9499671297948653j)
(1.9064409936958497-0.8312846716496869j)
(1.950869687797164-0.7169920779515122j)
(1.9978970920572765-0.6068817215041653j)
(2.0473427647984757-0.50075713874547j)
(2.099064101738797-0.39843643942122836j)
(2.1529520451629534-0.2997551969992717j)
(2.2089268658580896-0.2045688893727541j)
(2.266934010926385-0.11275494998056639j)
(2.3269399991329247-0.0242144767727779j)
(2.388928337534322+0.06112636849928003j)
(2.45289542918449+0.14331525400402798j)
(2.518846441444709+0.22237286352191085j)
(2.5867911073372+0.2982923879391883j)
(2.656739438102796+0.3710393502845031j)
(2.7286973335331135+0.4405518049144256j)
(2.802662087843687+0.5067409631157941j)
(2.878617803061151+0.5694923075014104j)
(2.956530739349651+0.6286672655369406j)
(3.036344652531265+0.68410551749384j)
(3.117976193184026+0.735628014977555j)
(3.2013104687247123+0.783040781630735j)
(3.2861968989618577+0.8261395562357237j)
(3.3724455253578824+0.8647153188165895j)
(3.4598239626631315+0.898560711221715j)
(3.5480552060150554+0.9274773242078926j)
(3.636816523747301+0.9512837730867901j)
(3.725739672260216+0.9698244243586761j)
(3.8144126604006594+0.9829785685561324j)
(3.9023832631405018+0.9906697633750187j)
(3.9891644349816793+0.9928750013087053j)
(4.0742417009551755+0.9896332941421726j)
(4.157082507981902+0.9810532206065167j)
(4.237147405113755+0.967318961421079j)
(4.31390279424466+0.9486943553947416j)
(4.386834862756826+0.9255245568952964j)
(4.455464188176548+0.8982349613830807j)
(4.519360405496044+0.8673271902069728j)
(4.578156263315739+0.8333720820475856j)
(4.631560376130398+0.7969998150934989j)
(4.679368013630761+0.7588874662196795j)
(4.7214693550267555+0.7197444838458402j)
(4.757854772103068+0.6802966925243649j)
(4.788616878006612+0.6412695447861909j)
(4.8139492739097+0.6033713790869979j)
(4.83414212429195+0.5672774276710575j)
(4.849574875042374+0.5336152472712404j)
(4.860706580614158+0.5029521273929962j)
(4.868064415086675+0.47578487878111003j)
(4.872231000758536+0.45253223447556684j)
(4.87383119617055+0.433529923944443j)
(4.8735189478019825+0.4190283217943249j)
(4.8719647345960695+0.4091924379691861j)
(4.869844032771212+0.4041039136109622j)
(4.86782711156854+0.4037646191690125j)
(4.866570349461817+0.4081014185161369j)
(4.866709143985322+0.41697166149786924j)
(4.868852383532828+0.4301689923917905j)
(4.873578360685051+0.44742910719434403j)
(4.88143193610312+0.4684351524428775j)
(4.8929227103003665+0.4928225269227317j)
(4.908523926943747+0.5201829204969647j)
(4.928671814265233+0.5500674978449555j)
(4.953765068894992+0.5819892064940186j)
(4.984164197198387+0.6154242563853102j)
(5.020190451492507+0.6498128811267542j)
(5.062124131190351+0.6845595481692774j)
(5.11020206120293+0.7190328355660787j)
(5.164614111336588+0.7525652356947611j)
(5.225498680547692+0.7844531798821086j)
(5.292937138116517+0.8139576002842965j)
(5.3669472888366805+0.8403053541673136j)
(5.447476008949137+0.8626918281540444j)
(5.534391280264637+0.8802850134736818j)
(5.627473926782985+0.892231295953259j)
(5.726409424962006+0.8976631361069481j)
(5.830780208708569+0.8957087270734816j)
(5.940058916399242+0.8855036158827666j)
(6.053603024324234+0.8662041639942251j)
(6.170651276021101+0.8370026160856538j)
(6.290322250915892+0.7971434529935807j)
(6.411615323956595+0.7459406367347122j)
(6.533414160573809+0.6827953218614418j)
(6.654492782264846+0.607213613157943j)
(6.773524143499693+0.5188239942499646j)
(6.8890910964119+0.41739412774407975j)
(6.999699598802514+0.3028468210140283j)
(7.103794050567733+0.1752750432149528j)
(7.19977472306077+0.034955945799919064j)
(7.286017365191695-0.11763614219802142j)
(7.360895209902133-0.28181782125342897j)
(7.4228037372056015-0.4566860366796488j)
(7.47018864101608-0.6411092201505654j)
(7.501577458906721-0.8337208610719046j)
(7.5156152198789075-1.0329165463511594j)
(7.511104214173881-1.2368558508327792j)
(7.487047572257546-1.4434707572923517j)
(7.442695757870371-1.6504824655015795j)
(7.377594359908401-1.8554284384241042j)
(7.291630770667412-2.0557012569407345j)
(7.185076560598613-2.248600257012067j)
(7.058621731657354-2.431395984798599j)
(6.913396701475653-2.6014062599176477j)
(6.750977983531717-2.756081186330016j)
(6.573374191690928-2.893092966025904j)
(6.382990245401621-3.0104250797684133j)
(6.18256941657517-3.1064545496666467j)
(5.975114959373605-3.180020808772899j)
(5.763795220888355-3.2304753062445246j)
(5.551838013099725-3.257707374966321j)
(5.342421318715216-3.262143934305285j)
(5.138567876560689-3.244723014713007j)
(4.943050759474843-3.2068435162002435j)
(4.758315796118155-3.1502956901830705j)
(4.586424818763039-3.0771782788466133j)
(4.429021553018945-2.989808901942111j)
(4.287319832462863-2.890634140405188j)
(4.162112002872279-2.782144953436814j)
(4.053794064301144-2.6668017921621763j)
(3.9624033600998256-2.5469722824182557j)
(3.887664433969805-2.424882867488197j)
(3.8290389394190547-2.3025845020602573j)
(3.785776062018289-2.181931476678915j)
(3.7569606588246254-2.0645717660314657j)
(3.741557104342271-1.951946918952565j)
(3.7384475636350167-1.8452993912912525j)
(3.746464032698626-1.745685295755238j)
(3.7644139697966743-1.6539907354826966j)
(3.791099690653718-1.5709501406707804j)
(3.8253319319866668-1.4971652960536637j)
(3.8659381246017297-1.433124002804333j)
(3.911765981843608-1.3792175448765709j)
(3.9616830216288625-1.3357563178553682j)
(4.014572618124781-1.3029831234423896j)
(4.069327138079309-1.281083733067129j)
(4.124838671456242-1.2701943804655402j)
(4.179987830075952-1.2704058582633277j)
(4.233631074418118-1.281763872477883j)
(4.284587050328128-1.3042652581477951j)
(4.3316224871619164-1.3378495880067143j)
(4.373438340966399-1.3823856265665633j)
(4.408657075927038-1.4376520117988507j)
(4.435812280395206-1.5033115116947664j)
(4.45334222450249-1.5788782413382885j)
(4.45958949226027-1.6636773922345032j)
(4.452809454392521-1.7567973945039639j)
(4.431191051893454-1.8570351014135338j)
(4.392894047705352-1.9628356698284704j)
(4.3361074123738605-2.072230426980332j)
(4.2591335726566175-2.1827782474909276j)
(4.160502480972565-2.291518801325853j)
(4.039117359056172-2.394949264216371j)
(3.894429997996575-2.4890391789292208j)
(3.726637272073325-2.569300158052742j)
(3.5368821139245816-2.6309266098307336j)
(3.3274325332151826-2.6690189627833356j)
(3.101803489277528-2.678890535873342j)
(2.8647819446460083-2.6564429754174768j)
(2.622319207148877-2.5985749773566145j)
(2.3812697246286496-2.5035695605321906j)
(2.14898176731776-2.371393396270136j)
(1.9327781555373105-2.2038445154748008j)
(1.739395167848472-2.004505474041685j)
(1.5744643290590958-1.77849470635938j)
(1.4421175739292658-1.532049652769462j)
(1.344771355057254-1.272008419085305j)
(1.283107870853694-1.005271814300513j)
(1.2562348707651685-0.7383221019016623j)
(1.261979487559291-0.4768566655053421j)
(1.2972516209105116-0.22557293577305432j)
(1.3583970256627114+0.011900360318487879j)
(1.441495455932117+0.2329819346994375j)
(1.5426165797993896+0.43606154009402603j)
(1.658027089347368+0.6203665462365103j)
(1.7843269756246518+0.7857956143053484j)
(1.9185201421353912+0.9327534776383835j)
(2.0580377234146976+1.0620040073747594j)
(2.2007299168290833+1.1745468881146959j)
(2.3448380393401633+1.271518478469901j)
(2.488955519202517+1.3541151951366996j)
(2.631984118819444+1.42353655789237j)
(2.7730896693524905+1.48094454598034j)
(2.911659993665365+1.527435931244817j)
(3.047266498492153+1.564024565357774j)
(3.179630079810866+1.5916310465592827j)
(3.3085914348321466+1.6110776692187108j)
(3.434085535899969+1.6230870069217234j)
(3.556119831843774+1.6282828686866666j)
(3.674755650316109+1.6271926904700171j)
(3.790092242936965+1.6202506838191197j)
(3.9022529172893403+1.6078012694239612j)
(4.01137271828898+1.5901024866342104j)
(4.11758714498959+1.5673292023419825j)
(4.221021411082586+1.5395760551811783j)
(4.321779775466057+1.5068601743659493j)
(4.419934483624404+1.4691238167963623j)
(4.51551387452241+1.426237181093685j)
(4.608489228088049+1.3780017924978718j)
(4.698759966366896+1.3241550169651575j)
(4.786136894139439+1.2643764636325727j)
(4.87032329683786+1.1982972756411385j)
(4.950893938866747+1.1255135861690535j)
(5.027272367899453+1.045605711699868j)
(5.098707482839649+0.9581649272680828j)
(5.16425111917992+0.8628298423825594j)
(5.222739485809335+0.7593343453897721j)
(5.272782648571177+0.6475686205325216j)
(5.312767802794957+0.5276536173641783j)
(5.340883556408317+0.40002728722366665j)
(5.355173375416985+0.26553766935672685j)
(5.353625976534168+0.12553349438397204j)
(5.334307836457346-0.01806219504912937j)
(5.29553722379432-0.16271470134727675j)
(5.236089906192938-0.3052983878134618j)
(5.155414851130983-0.44219493683370303j)
(5.053826553990638-0.5694794125702395j)
(4.9326335346957135-0.6831878658331924j)
(4.79416489106884-0.7796391599974869j)
(4.641671381292013-0.8557642792474671j)
(4.479102589168739-0.9093863773415501j)
(4.310790335674558-0.9393999758924536j)
(4.141090792067164-0.9458181776396896j)
(3.974045605991189-0.92968614653701j)
(3.813113498259903-0.8928872871501572j)
(3.661002696487574-0.8378865476364628j)
(3.5196096970923296-0.7674591704329854j)
(3.3900492765537575-0.6844449436811398j)
(3.2727489399080993-0.5915530954634775j)
(3.1675784202904396-0.49122736014791096j)
(3.0739888929577805-0.38556849964556095j)
(2.991143818772137-0.2763042353912412j)
(2.9180309363326047-0.1647937501201867j)
(2.8535511902402635-0.0520543119427988j)
(2.796584708007592+0.06120031108184049j)
(2.7460364211031005+0.17451728989603646j)
(2.700864993878048+0.28766312299026786j)
(2.660098865241354+0.40058599887950236j)
(2.6228428335083454+0.5133836460939878j)
(2.588278017328158+0.6262771832769142j)
(2.5556573857648184+0.7395908854257552j)
(2.5242984642437385+0.8537374786429905j)
(2.4935743295824184+0.9692084697867763j)
(2.4629036129261612+1.0865690375028132j)
(2.431739923249601+1.20645710847239j)
(2.3995608681130602+1.3295863875843634j)
(2.3658566626595343+1.4567532881931509j)
(2.330118162894025+1.588847915147273j)
(2.2918240163709855+1.7268694946519783j)
(2.2504264737210273+1.8719469357673626j)
(2.205335227290147+2.0253655726554785j)
(2.1558984131784613+2.188601611525047j)
(2.1013795958375927+2.36336644695231j)
(2.040929100189019+2.5516639024686674j)
(1.9735473885275825+2.755864718264294j)
(1.8980371769551971+2.9788044552419723j)
(1.8129394503936043+3.223913730160416j)
(1.7164461331579572+3.495393865292063j)
(1.6062783283093147+3.798457505140035j)
(1.4795127306839402+4.139664029525002j)
(1.3323281678415202+4.527396341492508j)
(1.1596256579787667+4.972553692578247j)
(0.9544418208712042+5.489583818693101j)
(0.7070122802670398+6.098064874102187j)
(0.4032168582290748+6.825210648189556j)
(0.02187768990523593+7.709991804056986j)
(-0.4701998068156482+8.81022608493842j)
(-1.1279551988585768+10.215445151367714j)
(-2.0488076431616493+12.071799286649568j)
(-3.4218091099663592+14.634209146349066j)
(-5.661895864188092+18.386556817553434j)
(-9.857022280605586+24.35041664825532j)
(-19.772342848546323+34.91365983691781j)
(-55.95266217852998+52.7683644722563j)
(-133.7092698725278-67.18610419186668j)
(-9.685284505646022-69.64300767032083j)
(4.090200889872139-40.633140751013094j)
(5.9700537288902495-28.263564128499567j)
(6.13542210544129-21.71137220447467j)
(5.951436727977485-17.697842210847252j)
(5.700517688927702-14.99864484225515j)
(5.453244833087277-13.063418346447962j)
(5.226946199632023-11.610181282841753j)
(5.023809821257539-10.480061007102229j)
(4.8416923164117796-9.576889304434836j)
(4.677474803029583-8.839101419497506j)
(4.528121137152124-8.225477182156308j)
(4.390973206304609-7.707386251950574j)
(4.263788920843417-7.264323092040345j)
(4.1447005862245225-6.881211899524594j)
(4.032155606759956-6.546715324562156j)
(3.924859344512693-6.252137586273303j)
(3.821725543547613-5.990692221335045j)
(3.721835071449498-5.7570005038714065j)
(3.6244022001525855-5.546739919698081j)
(3.5287471848872944-5.356392736305719j)
(3.4342738656695015-5.183062837867377j)
(3.3404511544013222-5.024340018101451j)
(3.2467974585924364-4.8781978082103095j)
(3.152867273325282-4.742915320632195j)
(3.0582393256554448-4.617016464535282j)
(2.9625057764820464-4.499221798175273j)
(2.865262077189306-4.3884095666754535j)
(2.766097147283941-4.2835833415371996j)
(2.664583590358224-4.18384426172315j)
(2.560267704407806-4.08836625805752j)
(2.452659074476242-3.9963728740368656j)
(2.34121956741775-3.9071144067428474j)
(2.2253515891470395-3.819844095868054j)
(2.1043855271120506-3.7337919892567104j)
(1.9775664051166113-3.648134901588043j)
(1.8440399562946677-3.5619605404960892j)
(1.7028386251458314-3.474223373115658j)
(1.552868525803388-3.3836891082412266j)
(1.3928992489418144-3.288863732315502j)
(1.2215598476361607-3.187901825318344j)
(1.0373467039319997-3.078487395589624j)
(0.8386528581557687-2.9576788153320246j)
(0.6238346696903028-2.8217079679589596j)
(0.39134171871258805-2.665723352502281j)
(0.13995153605586333-2.483469726864714j)
(-0.13082567818144805-2.2669073692100317j)
(-0.42007400683970403-2.0058010748760458j)
(-0.7243910007339597-1.6873687282444378j)
(-1.0362234707662556-1.2961956334151186j)
(-1.3414638828341994-0.8148130081158205j)
(-1.6163956018043253-0.22562306956847178j)
(-1.8247262847733086+0.4846903363060724j)
(-1.9163525389031508+1.3170957974223805j)
(-1.831173710759166+2.2490747791618153j)
(-1.5122825331657204+3.2243729763145295j)
(-0.9289201091302013+4.152294173142803j)
(-0.0998638413292128+4.925746297230038j)
(0.9004025708336671+5.455948278278069j)
(1.9632016012734381+5.704408792599872j)
(2.9832180439582334+5.690575264259242j)
(3.887801803195373+5.473283555007619j)
(4.6447539209042965+5.123061852090733j)
(5.253509665353653+4.701791803838573j)
(5.7312950355605174+4.2544379493452755j)
(6.101865505244762+3.809275192313341j)
(6.388830261339348+3.38166597563029j)
(6.61265124293771+2.978252907839157j)
(6.789820511628734+2.600311779783363j)
(6.933075226483173+2.246058251085077j)
(7.0519868037569085+1.9120954540928743j)
(7.15360096646262+1.5942600440130406j)
(7.242997419738597+1.2880804901527252j)
(7.323731220307389+0.9889973654764866j)
(7.398156261624766+0.6924423421874073j)
(7.467640460790536+0.39383343181418046j)
(7.532688355491618+0.08850912347341161j)
(7.593004148538995-0.22836625686557166j)
(7.647458962175863-0.5618867089755554j)
(7.693948766182445-0.9175245401411785j)
(7.729166313651639-1.3012578313991048j)
(7.748235414602899-1.7196707768980533j)
(7.744153907020727-2.180002452398646j)
(7.706978619528048-2.690078182380994j)
(7.6226626359325085-3.2579930301463347j)
(7.47144750126874-3.8913033442044513j)
(7.225758776114079-4.595284197375174j)
(6.847750102827933-5.369493524945486j)
(6.287206310256401-6.20146510419258j)
(5.481850494396261-7.0560838262923795j)
(4.3646603224499945-7.860026060621443j)
(2.8860983960101203-8.484912750175253j)
(1.0587116332891502-8.743611285155108j)
(-0.9844163881445602-8.428021198694648j)
(-2.9645322812777035-7.408210993459862j)
(-4.533277589327509-5.747607835178703j)
(-5.438792362953333-3.718350658134965j)
(-5.644577419256253-1.669684299773277j)
(-5.297990751514628+0.1338752010543462j)
(-4.611007881687144+1.575832065656794j)
(-3.7666419109372584+2.6548936949739557j)
(-2.88720921899679+3.425873872749971j)
(-2.040991126619073+3.9572450232867906j)
(-1.2597418216706442+4.310931783537716j)
(-0.553991123196136+4.5361863284054955j)
(0.07675638951298286+4.66983413479147j)
(0.6380593796210994+4.7385794659174065j)
(1.1373322241395838+4.7615167175129205j)
(1.5822386493401364+4.752233697401485j)
(1.9799577434840328+4.720404507147475j)
(2.3369029529905707+4.672940988220679j)
(2.6586648252304745+4.614806875784581j)
(2.9500564582802595+4.549588094486689j)
(3.215199703829744+4.4798913288369295j)
(3.457621624022645+4.40762307609604j)
(3.6803471129261838+4.334185824434259j)
(3.885981966412347+4.260616709571556j)
(4.076784822017784+4.187686098116779j)
(4.254728326133987+4.11596810265439j)
(4.42155069772535+4.0458913108670025j)
(4.5787991130169425+3.977775467110534j)
(4.727866330108133+3.9118581015877103j)
(4.870021858445381+3.848313901022945j)
(5.006438832174858+3.787268780463959j)
(5.138217605942017+3.7288100302113043j)
(5.266406974122553+3.6729934946049405j)
(5.392023827561605+3.6198484353594726j)
(5.516072009452986+3.5693805026748593j)
(5.639561116922482+3.5215730542410966j)
(5.763526021149979+3.476386903408696j)
(5.889047952937768+3.433758423863952j)
(6.0172781329404295+3.393595769469561j)
(6.149465132538582+3.3557727611514556j)
(6.286987457243005+3.320119716295849j)
(6.4313932866807075+3.2864101034208435j)
(6.58444993930007+3.254341322281592j)
(6.7482065383453245+3.223507014282123j)
(6.925074652283696+3.1933568850290643j)
(7.117933483034897+3.163137692142223j)
(7.330268463019879+3.131805281448039j)
(7.566354894572639+3.0978922044278843j)
(7.831504489139657+3.059308548529005j)
(8.132408359283422+3.0130342969127004j)
(8.477614219382419+2.9546136061729964j)
(8.878163132826707+2.8773193189602253j)
(9.348446270169706+2.770768896067158j)
(9.907334398517373+2.618529130901619j)
(10.579494231162451+2.3938296282019027j)
(11.396380691607936+2.0516887348438786j)
(12.394952857262542+1.5141452295238433j)
(13.607450336590338+0.6426026771079822j)
(15.02080437154372-0.810332643482505j)
(16.44342099661204-3.2586420974550436j)
(17.15579884699741-7.20437164502293j)
(15.49214548685477-12.437274802816782j)
(10.150699669589265-16.39096820753179j)
(3.626566273533709-16.103582377122958j)
(-0.5546272167355962-12.917895995526553j)
(-2.2303756859304715-9.508494653063341j)
(-2.5727040566057457-6.848125920257307j)
(-2.3725370089281284-4.93197529327075j)
(-1.991076243616289-3.559300417251312j)
(-1.57434685407108-2.557186564943077j)
(-1.1773202470695068-1.806583623722995j)
(-0.81808984034567-1.2294264144846057j)
(-0.5002109963992594-0.7744818807634408j)
(-0.22223363964098564-0.4072606448086145j)
(0.01779133235065802-0.09381554021305319j)
(0.2456687101907301+0.14801239156176835j)
(0.43030361570778053+0.36258460233615364j)
(0.5935179969475762+0.5494285012476023j)
(0.736888773955551+0.7138970847562255j)
(0.8626273562612611+0.8606190089333833j)
(0.972722217945441+0.9932042859826046j)
(1.0688631656392538+1.1144824395155213j)
(1.1524619177533695+1.226699608712727j)
(1.2246870251227213+1.3316633588529176j)
(1.2864973819812133+1.4308483217154941j)
(1.3386708673772734+1.525473912143094j)
(1.38182769273734+1.6165621437248852j)
(1.416448851265659+1.7049811148757663j)
(1.442890236384215+1.7914780340552647j)
(1.4613929589259471+1.8767044843565586j)
(1.4720902891309704+1.961235818269171j)
(1.4750115294435453+2.0455860017497116j)
(1.470083004452361+2.130218810852535j)
(1.4571262392170552+2.2155559679314454j)
(1.435853285893675+2.3019825478007645j)
(1.4058590484864228+2.389849756695219j)
(1.3666103440137964+2.4794749625262402j)
(1.3174313236198905+2.5711386088683956j)
(1.2574847596113632+2.665077349899731j)
(1.1857485886472718+2.761472365718479j)
(1.1009869994934673+2.8604313134619574j)
(1.0017152915295717+2.961961680705539j)
(0.8861577571422736+3.06593235375283j)
(0.752198048819002+3.172018886789867j)
(0.5973220447134215+3.279626117142613j)
(0.4185544146863514+3.3877792427398896j)
(0.2123924149126366+3.494971071635392j)
(-0.025255241549349355+3.598948731070691j)
(-0.29910885647202806+3.696417764154378j)
(-0.61450854752366+3.782635935817428j)
(-0.9773037836585261+3.8508653644355526j)
(-1.3935536417025058+3.891655096981091j)
(-1.868894628441638+3.8919485261459146j)
(-2.407358173919379+3.834073825037834j)
(-3.0093405803714566+3.6948199724476605j)
(-3.6684017723153026+3.445079456192177j)
(-4.366740428136467+3.050986453693539j)
(-5.069830501405175+2.478001460949893j)
(-5.7221067583955865+1.6995357468151258j)
(-6.247604694611614+0.7104560817808143j)
(-6.560545461488427-0.45792140572567586j)
(-6.587833506241828-1.7299953413300317j)
(-6.2962753544727095-2.995617790460364j)
(-5.710067323301053-4.137570522265674j)
(-4.903537887998731-5.067063563878831j)
(-3.9753951644258994-5.742979567540998j)
(-3.01887491055628-6.171113844923004j)
(-2.103245623992109-6.387929172941156j)
(-1.2695546737038377-6.441950524068398j)
(-0.535477841128242-6.380484173032686j)
(0.09694963336871967-6.2430835520364765j)
(0.6344413495578843-6.059876509508511j)
(1.0876208325874417-5.852412083921689j)
(1.4681076798296546-5.635395420283408j)
(1.7869839098689348-5.418463816549361j)
(2.054115899900284-5.20767334672899j)
(2.2779536352058747-5.006629006954447j)
(2.465570158194355-4.81729848643452j)
(2.622805450688891-4.640578945621795j)
(2.7544426350105518-4.476683229563715j)
(2.864381266280989-4.325398935771424j)
(2.9557926205715814-4.186259940522596j)
(3.031252265320444-4.058658466041114j)
(3.0928501958254047-3.941917072099946j)
(3.14228099814386-3.8353337014467033j)
(3.1809173349040614-3.7382085157887857j)
(3.209870477765833-3.649858220087529j)
(3.2300424641528975-3.56962166853502j)
(3.242176984663455-3.4968605309181386j)
(3.2469219860829996-3.4309653609782216j)
(3.244920336561564-3.3714095067789676j)
(3.23686764274818-3.317988781671518j)
(3.2229986047114294-3.2712974963991694j)
(3.2015177071330783-3.2316808865846998j)
(3.1709249045920522-3.196027379678875j)
(3.133878937139809-3.1621926492060237j)
(3.0917472579883967-3.13144913964825j)
(3.043867154433944-3.104376183310699j)
(2.98959214468586-3.08063909078102j)
(2.9285358021517-3.059728048907211j)
(2.8603968322271256-3.0411537411315805j)
(2.7848670695198656-3.0244511137254313j)
(2.7015992839234775-3.0091582946144158j)
(2.6101960453483692-2.994799107006587j)
(2.5102045505484605-2.980869561013514j)
(2.401112566916563-2.966825999704321j)
(2.282343998147619-2.9520732160002816j)
(2.153253598253478-2.9359514364270143j)
(2.0131206651840596-2.917721328226303j)
(1.8611416361296638-2.896546234039825j)
(1.6964215407717032-2.871470753577088j)
(1.5179643002186916-2.841394608055307j)
(1.3246619133617747-2.805040444571291j)
(1.115282670261049-2.760913848299018j)
(0.8884587018621082-2.7072532986335704j)
(0.6426734584008699-2.6419670813689833j)
(0.37625016702954023-2.562553180725734j)
(0.0873430400302803-2.4659968259758873j)
(-0.22606589096384383-2.3486385538667656j)
(-0.566159750114082-2.2060033396947194j)
(-0.9352622126902052-2.032578734891344j)
(-1.335782340825648-1.8215271934767603j)
(-1.7701046921308308-1.5643133602828365j)
(-2.240383472785068-1.250217421308359j)
(-2.7481801069047154-0.8656940236150824j)
(-3.2938526190813304-0.39353667022672495j)
(-3.875538743112973+0.18817755285653553j)
(-4.487463647533124+0.9073573943879416j)
(-5.11714266537238+1.7992874167043444j)
(-5.740822793942637+2.9078110324240547j)
(-6.316235586337704+4.285442040019177j)
(-6.771597676739793+5.990417101296635j)
(-6.990412104014495+8.076602452767986j)
(-6.79462372126568+10.569021980189367j)
(-5.937219528583041+13.415587208803977j)
(-4.131923272730279+16.412720483475134j)
(-1.1617332135876413+19.1362304557196j)
(2.925817065365348+20.97164970600693j)
(7.659250048009781+21.346301920156446j)
(12.246638463492513+20.07552707469838j)
(15.960705787328306+17.498075239393803j)
(18.465563333005164+14.243620612816303j)
(19.82340992667526+10.889641019223232j)
(20.298415884503168+7.791045923469669j)
(20.178830541671058+5.09389978403498j)
(19.69501311866584+2.8154814609814105j)
(19.0055460837687+0.9137183929352419j)
(18.21049195747595-0.6718019904451044j)
(17.36918344314063-2.000508153534981j)
(16.514718479455542-3.123630414067854j)
(15.664007884606827-4.082662163895721j)
(14.824317355411814-4.909963514753288j)
(13.996675706490892-5.630144134939633j)
(13.179441425331245-6.262080687025234j)
(12.368987631134834-6.8188732083617944j)
(11.560760197086372-7.309676273563721j)
(10.75006705165492-7.740135551483716j)
(9.932518988153253-8.112898574211647j)
(9.10444470599462-8.428020985399236j)
(8.263300248603965-8.683316176064993j)
(7.408094776585429-8.874712289657875j)
(6.539829990880215-8.996677988914135j)
(5.661921843745559-9.042772099961475j)
(4.7805429141117575-9.006356393658164j)
(3.904796672940153-8.881480060670256j)
(3.0466201428510042-8.663896638596004j)
(2.2203216679081326-8.352113723442336j)
(1.4417064359899794-7.94831699450069j)
(0.7268252028852007-7.458976129988222j)
(0.0904855590022029-6.894955716754396j)
(-0.4552432323587882-6.2710316834749715j)
(-0.9022609733847409-5.604840561766619j)
(-1.2471698951074277-4.915425914573061j)
(-1.4913879093735476-4.221643156861405j)
(-1.640663656414039-3.5407043002300034j)
(-1.7041422391788235-2.887084469730085j)
(-1.6931997845365463-2.271901692344536j)
(-1.6202653928963469-1.7027641943248066j)
(-1.4977977993900238-1.1839907072540725j)
(-1.3375145718932444-0.7170630413125405j)
(-1.1499269655734763-0.30116586138786017j)
(-0.9442582590141673+0.06624038555261559j)
(-0.7286508394149915+0.38848340457577396j)
(-0.5094507621814713+0.6685446951708897j)
(-0.2904351459655467+0.9100394340695339j)
