(2.1727368703609664+0j)
(2.146340966584278+0.04250155315889493j)
(2.106440659390696+0.12501102934590233j)
(2.07978187867218+0.2312916348248441j)
(2.069371512236282+0.3480351467047529j)
(2.0739057343765652+0.4684646287827647j)
(2.0915817962293377+0.5888055032941522j)
(2.120687539659321+0.7067398715444156j)
(2.1596738179178563+0.8207539617205072j)
(2.207142456163873+0.9298321864495559j)
(2.261826385893442+1.0332969931939398j)
(2.322574534872069+1.1307158648710942j)
(2.3883417135362275+1.2218418498752066j)
(2.4581817945018023+1.3065721240001982j)
(2.531242656062287+1.3849170023300335j)
(2.6067618497321625+1.4569755128060802j)
(2.684062374111738+1.5229154546465622j)
(2.762548238637077+1.5829567839768233j)
(2.8416996984259684+1.6373576448182816j)
(2.921068162430063+1.68640261187156j)
(3.0002708446119564+1.7303928412109182j)
(3.0789852594294667+1.7696378929491632j)
(3.156943671269381+1.8044490264521766j)
(3.2339276016915384+1.8351337900006768j)
(3.3097624847225218+1.8619917414493448j)
(3.3843125432679333+1.8853111486996317j)
(3.4574759417798315+1.905366530641503j)
(3.5291802533474264+1.922416911309783j)
(3.5993782643405616+1.9367046724130383j)
(3.6680441270630118+1.9484549018998807j)
(3.7351698606635297+1.9578751485189634j)
(3.8007621926907524+1.9651555041093198j)
(3.864839727918131+1.9704689463886045j)
(3.927430427114052+1.9739718851196906j)
(3.9885693759752847+1.9758048636410432j)
(4.048296823182841+1.976093375800681j)
(4.106656466202304+1.9749487653590874j)
(4.163693963802617+1.9724691809622084j)
(4.219455655108427+1.968740564906482j)
(4.273987466163657+1.9638376582057926j)
(4.327333986342595+1.95782500801728j)
(4.379537698392685+1.95075796637612j)
(4.430638347354048+1.9426836715238087j)
(4.480672435018062+1.9336420049668084j)
(4.529672827919658+1.923666518854275j)
(4.577668468077066+1.9127853293823511j)
(4.62468417678429+1.9010219727819995j)
(4.67074054271679+1.8883962210805239j)
(4.715853886425313+1.8749248552949553j)
(4.760036293975956+1.8606223940584559j)
(4.803295713047164+1.8455017759354042j)
(4.845636105231381+1.8295749938785038j)
(4.8870576486217105+1.8128536804453592j)
(4.927556985004139+1.7953496425495628j)
(4.967127506143266+1.777075344681336j)
(5.005759673755097+1.7580443397162566j)
(5.043441367824248+1.7382716466414236j)
(5.080158257957537+1.7177740747773027j)
(5.115894192490213+1.6965704943587607j)
(5.150631600086497+1.6746820536637417j)
(5.184351898618298+1.652132343239691j)
(5.217035906175537+1.6289475081689488j)
(5.248664249169214+1.6051563097297126j)
(5.279217762642177+1.5807901382399037j)
(5.308677878108452+1.55588297930565j)
(5.337026994502238+1.5304713361247322j)
(5.364248828135905+1.5045941109067789j)
(5.390328737937996+1.478292448853592j)
(5.415254022665867+1.451609548485572j)
(5.439014187257193+1.4245904423934486j)
(5.461601175990461+1.397281752729901j)
(5.483009570661111+1.369731425926309j)
(5.5032367525324535+1.34198845122167j)
(5.522283027382326+1.3141025676193827j)
(5.540151713522402+1.2861239638449464j)
(5.556849193207861+1.2581029757618225j)
(5.572384928370471+1.230089785520244j)
(5.586771442085934+1.2021341264685865j)
(5.600024267620163+1.1742849975545426j)
(5.612161867281259+1.1465903905956616j)
(5.623205523627093+1.1190970334105903j)
(5.633179205842161+1.0918501513863643j)
(5.642109414295882+1.0648932496223242j)
(5.6500250064300985+1.0382679173463836j)
(5.65695700719743+1.0120136558575175j)
(5.662938407284416+0.9861677308125519j)
(5.668003952312148+0.9607650492602665j)
(5.672189926114361+0.93583806143217j)
(5.675533931054914+0.9114166869382062j)
(5.678074668171675+0.8875282646868077j)
(5.679851719726855+0.8641975255592543j)
(5.680905336510646+0.8414465866185085j)
(5.681276231996664+0.8192949654229011j)
(5.68100538518484+0.7977596128476537j)
(5.6801338536997985+0.7768549626874521j)
(5.678702598445582+0.7565929962246959j)
(5.676752320852748+0.736983319891813j)
(5.6743233134992614+0.7180332541354476j)
(5.67145532464266+0.6997479315987665j)
(5.66818743697177+0.6821304027710215j)
(5.664557960673938+0.665181747314115j)
(5.660521408820288+0.6489711116586315j)
(5.656235569085162+0.6333971230433549j)
(5.651707141731482+0.6184784435478773j)
(5.64696674633233+0.6042122193783159j)
(5.642046096456387+0.5905925238784544j)
(5.636976499776888+0.5776116173779681j)
(5.631788440619791+0.5652603616561035j)
(5.626511418874283+0.5535284388547835j)
(5.6211738797823605+0.5424045021412421j)
(5.615803185111472+0.531876294795597j)
(5.610425606829045+0.5219307508106981j)
(5.605066334615085+0.5125540823786344j)
(5.599749492548813+0.5037318567249283j)
(5.594498162073784+0.4954490635483215j)
(5.589334409211575+0.48769017380777474j)
(5.584279314459507+0.4804391903825646j)
(5.579353004086352+0.4736796910563446j)
(5.574574681723818+0.46739486426860294j)
(5.569962659288153+0.46156753810328116j)
(5.565534386378058+0.45618020302522916j)
(5.561306477394152+0.4512150289223214j)
(5.557294735718839+0.4466538770585757j)
(5.55351417438575+0.4424783075876284j)
(5.5499790327587135+0.43866958331616046j)
(5.546702788830223+0.4352086704397963j)
(5.543698166841229+0.4320762370009552j)
(5.5409771400158965+0.4292526498367053j)
(5.5385509282978616+0.42671797079564283j)
(5.5364299910669255+0.42445195300486543j)
(5.53462401490793+0.4224340379621321j)
(5.533141896594525+0.4206433542126528j)
(5.531991721540543+0.41905871834554076j)
(5.531180738058384+0.41765863901239614j)
(5.530715327848456+0.41642132462677417j)
(5.530600973222613+0.4153246953534821j)
(5.530842221640042+0.41434639993523853j)
(5.5314426482023045+0.4134638378369609j)
(5.532404816816465+0.4126541871106093j)
(5.5337302407892315+0.41189443829992545j)
(5.535419343660141+0.41116143461371985j)
(5.53747142111761+0.4104319184983936j)
(5.539884604866586+0.409682584639402j)
(5.542655829329966+0.408890139313544j)
(5.54578080206751+0.4080313659049862j)
(5.549253978784043+0.40708319628636047j)
(5.553068543774275+0.4060227876542689j)
(5.557216396612512+0.40482760429811177j)
(5.5616881458426946+0.4034755036733258j)
(5.566473110357733+0.40194482604716625j)
(5.571559329075946+0.40021448688857475j)
(5.576933579428842+0.3982640710856601j)
(5.582581405067517+0.39607392799666646j)
(5.5884871530769225+0.3936252662747342j)
(5.59463402085837+0.3909002473555567j)
(5.6010041127039685+0.38788207646122724j)
(5.6075785059424295+0.38455508995542226j)
(5.614337326387283+0.3809048378851708j)
(5.621259832668475+0.3769181605642988j)
(5.628324508878327+0.3725832580934772j)
(5.635509164816136+0.36788975177272615j)
(5.642791042976733+0.3628287364421782j)
(5.650146931296886+0.35739282288844937j)
(5.65755328055602+0.35157616957224935j)
(5.664986325224583+0.34537450306974155j)
(5.672422206468399+0.3387851267710242j)
(5.679837095952722+0.33180691754333047j)
(5.6872073190470465+0.3244403102402039j)
(5.694509476012961+0.3166872701178202j)
(5.701720559763668+0.3085512534033145j)
(5.708818068814988+0.3000371564422682j)
(5.715780114104955+0.29115125403121955j)
(5.7225855184402965+0.28190112771095027j)
(5.729213907433412+0.27229558495497796j)
(5.735645790919966+0.2623445703310196j)
(5.7418626339934224+0.25205906983804455j)
(5.747846916954983+0.24145100972566932j)
(5.753582183653367+0.2305331511833072j)
(5.7590530778740785+0.21931898234181008j)
(5.764245367629173+0.20782260906044087j)
(5.769145957391679+0.1960586459738754j)
(5.773742888510401+0.18404210925076722j)
(5.77802532822615+0.17178831246513737j)
(5.781983547886991+0.15931276690692903j)
(5.785608891122862+0.1466310875610899j)
(5.788893732888284+0.13375890586555222j)
(5.791831430409745+0.1207117902224812j)
(5.794416267183761+0.10750517508576969j)
(5.796643391256645+0.09415429928403832j)
(5.798508749080146+0.08067415406735519j)
(5.800009016274661+0.06707944118828135j)
(5.801141526646743+0.0533845411506489j)
(5.80190420079647+0.03960349158164243j)
(5.802295475618538+0.025749975512477034j)
(5.802314235945142+0.01183731918858063j)
(5.801959749504314-0.0021215011223170025j)
(5.801231606274102-0.01611384399573693j)
(5.8001296632031725-0.030127380185499354j)
(5.7986539951461165-0.044150063332342664j)
(5.796804852727121-0.058170095039254195j)
(5.7945826277033365-0.07217588537718099j)
(5.791987826250837-0.08615600993551993j)
(5.789021050444568-0.10009916456205961j)
(5.785682988051721-0.11399411894812449j)
(5.781974410607972-0.12782967020551672j)
(5.77789617960049-0.14159459755495768j)
(5.773449260442631-0.15527761920013086j)
(5.7686347437951095-0.16886735240038028j)
(5.763453873668573-0.18235227767831047j)
(5.757908081634902-0.19572070800924798j)
(5.751999026380602-0.2089607637381265j)
(5.745728637755368-0.2220603538587602j)
(5.739099164405505-0.235007164172591j)
(5.7321132240326245-0.24778865271992298j)
(5.724773855286594-0.26039205275024j)
(5.717084570285273-0.2728043833696161j)
(5.7090494067541195-0.2850124678757429j)
(5.700672978794193-0.2970029596664461j)
(5.6919605253177386-0.3087623754868057j)
(5.682917955235295-0.32027713566614063j)
(5.673551888535517-0.33153361088957833j)
(5.663869692468385-0.3425181749515556j)
(5.65387951212169-0.3532172628517664j)
(5.6435902947692735-0.363617433518458j)
(5.6330118074648245-0.37370543638039183j)
(5.622154647456135-0.3834682809582448j)
(5.61103024510009-0.3928933086081776j)
(5.5996508590654175-0.40196826552620896j)
(5.588029563718909-0.41068137611048905j)
(5.576180228697288-0.4190214157801482j)
(5.564117490771786-0.4269777823636303j)
(5.551856718213248-0.43454056519531126j)
(5.539413967961107-0.4417006110961309j)
(5.52680593598893-0.44844958646157096j)
(5.5140499013413695-0.45478003473653966j)
(5.501163664390905-0.460685428621634j)
(5.48816547992778-0.4661602164267319j)
(5.475073985751999-0.4711998620656746j)
(5.461908127481582-0.4758008782672104j)
(5.448687080326751-0.47996085266339733j)
(5.435430168604838-0.4836784665035773j)
(5.422156783785632-0.48695350583053987j)
(5.40888630186179-0.48978686504350294j)
(5.395638000834134-0.4921805428593451j)
(5.382430979087537-0.4941376307676613j)
(5.369284075410122-0.49566229415620017j)
(5.356215791377451-0.4967597463602983j)
(5.343244216784629-0.49743621596125914j)
(5.3303869587635955-0.4976989077252885j)
(5.317661075171773-0.4975559576342122j)
(5.305083012780911-0.4970163825125821j)
(5.292668550734143-0.4960900248020376j)
(5.280432749674561-0.49478749307250713j)
(5.268389906881081-0.49312009889129116j)
(5.256553517678151-0.49109979069474674j)
(5.244936243315674-0.48873908532330945j)
(5.233549885444924-0.4860509978892834j)
(5.22240536724626-0.48304897064803026j)
(5.211512721196026-0.479746801537012j)
(5.200881083392862-0.4761585730347899j)
(5.1905186943001285-0.47229858197233865j)
(5.1804329056997505-0.46818127090396583j)
(5.170630193596045-0.46382116161422765j)
(5.161116176754733-0.45923279130084804j)
(5.151895640514466-0.45443065193325655j)
(5.142972565464321-0.4494291332414709j)
(5.134350160543077-0.4442424697419778j)
(5.126030900083027-0.43888469215614373j)
(5.118016564294428-0.43336958352329097j)
(5.1103082826652715-0.4277106402558447j)
(5.102906579735734-0.421921038327433j)
(5.0958114226968805-0.4160136047285506j)
(5.089022270259503-0.4100007942678373j)
(5.0825381222403685-0.4038946717408898j)
(5.0763575693206215-0.39770689943408855j)
(5.070478842442949-0.39144872987757173j)
(5.064899861331933-0.3851310037106352j)
(5.059618281643572-0.3787641524744235j)
(5.05463154027631-0.37235820610132014j)
(5.04993689840633-0.36592280482830986j)
(5.045531481843506-0.3594672152231335j)
(5.041412318341329-0.3530003499775778j)
(5.037576371534004-0.34653079109169604j)
(5.034020571215755-0.34006681604702504j)
(5.030741839721056-0.33361642654485085j)
(5.027737114209781-0.3271873793691911j)
(5.025003364707161-0.32078721892137635j)
(5.022537607794877-0.31442331096561404j)
(5.020336915895895-0.30810287712187967j)
(5.018398422141725-0.30183302964378916j)
(5.016719320855479-0.2956208060249712j)
(5.015296863727975-0.2894732029874114j)
(5.014128351805921-0.2833972094193952j)
(5.013211123451109-0.2773998378482443j)
(5.012542538467036-0.2714881540544785j)
(5.012119958624034-0.26566930445847775j)
(5.011940724845996-0.25995054093787046j)
(5.012002131350185-0.25433924276394876j)
(5.012301397057098-0.2488429353771511j)
(5.012835634609104-0.2434693057555144j)
(5.0136018173547745-0.23822621416521433j)
(5.014596744670447-0.23312170211804362j)
(5.015817006001456-0.22816399639820398j)
(5.017258944012896-0.2233615090568619j)
(5.0189186172433375-0.21872283331058967j)
(5.020791762655531-0.21425673531583597j)
(5.022873758474894-0.2099721418274262j)
(5.025159587700667-0.20587812378356382j)
(5.027643802665443-0.20198387589310302j)
(5.030320491007172-0.1982986923326098j)
(5.033183243403457-0.19483193869032808j)
(5.036225123401554-0.19159302032240577j)
(5.039438639659308-0.18859134731222715j)
(5.042815720891998-0.18583629624744183j)
(5.046347693799002-0.18333716905055086j)
(5.050025264221494-0.18110314911792547j)
(5.053838501759126-0.17914325503896666j)
(5.057776828049754-0.17746629218126012j)
(5.061829008891908-0.17608080244039911j)
(5.065983150365269-0.17499501246283522j)
(5.070226699080004-0.17421678065847987j)
(5.07454644666146-0.17375354332627263j)
(5.07892853855298-0.1736122602203259j)
(5.083358487195879-0.1737993598874365j)
(5.087821189622693-0.17432068510830767j)
(5.092300949477468-0.17518143877544864j)
(5.096781503454568-0.17638613053969146j)
(5.101246052126463-0.17793852455584186j)
(5.105677295109818-0.17984158865540725j)
(5.110057470498691-0.18209744527101832j)
(5.114368398473687-0.1847073244333118j)
(5.118591528975813-0.18767151915651784j)
(5.1227079933142-0.1909893435238035j)
(5.126698659556965-0.19465909377782495j)
(5.130544191535019-0.19867801271555457j)
(5.134225111268143-0.20304225767933692j)
(5.137721864603004-0.20774687242840853j)
(5.14101488983184-0.21278576316621028j)
(5.144084689039707-0.2181516789890734j)
(5.146911901906975-0.22383619701040872j)
(5.149477381671942-0.2298297124022608j)
(5.1517622729365105-0.2361214335813391j)
(5.153748090975731-0.2426993827506981j)
(5.155416802189842-0.2495504019894916j)
(5.156750905315273-0.2566601650627534j)
(5.1577335129897-0.2640131950996759j)
(5.158348433245204-0.2715928882628606j)
(5.158580250483856-0.2793815435022343j)
(5.158414405471808-0.28736039845549866j)
(5.157837273871395-0.29550967152231605j)
(5.156836242816783-0.303808610101826j)
(5.155399785027473-0.31223554494260924j)
(5.153517529945842-0.3207679505111745j)
(5.15118033138095-0.32938251123978685j)
(5.148380331140677-0.338055193466645j)
(5.145111018139192-0.34676132283258904j)
(5.141367282476467-0.3554756668483398j)
(5.137145464001731-0.364172522295238j)
(5.132443394893771-0.37282580707203977j)
(5.12726043581768-0.381409156050363j)
(5.121597505250254-0.3898960204529278j)
(5.1154571016049895-0.39825977022302866j)
(5.108843317831997-0.4064737988104246j)
(5.101761848218053-0.41451162976021705j)
(5.094219987167173-0.4223470244568838j)
(5.086226619801947-0.42995409034701537j)
(5.0777922042897545-0.43730738894166005j)
(5.068928745865119-0.44438204288346045j)
(5.0596497625895775-0.4511538413552678j)
(5.04997024296155-0.4575993431062939j)
(5.039906595561064-0.46369597637893833j)
(5.029476590985896-0.46942213503526914j)
(5.018699296406245-0.47475727020539493j)
(5.00759500313272-0.4796819768120204j)
(4.996185147657269-0.4841780743648311j)
(4.984492226686364-0.48822868146508347j)
(4.972539706740651-0.4918182835145105j)
(4.960351928943243-0.49493279318209266j)
(4.947954009660513-0.49755960324704895j)
(4.9353717376926385-0.49968763150551687j)
(4.922631468736973-0.5013073575007051j)
(4.9097600178642224-0.5024108509107323j)
(4.8967845507561245-0.5029917915041437j)
(4.883732474453079-0.5030454806485982j)
(4.870631328351401-0.5025688444328312j)
(4.857508676173326-0.5015604285342182j)
(4.844391999607687-0.5000203850336333j)
(4.831308594287581-0.49795045144436606j)
(4.818285468732607-0.49535392228187713j)
(4.805349246838928-0.49223561355627377j)
(4.792526074450845-0.4886018206173127j)
(4.779841530494324-0.48446026982388596j)
(4.76732054309613-0.47982006454468623j)
(4.754987311053332-0.47469162602445425j)
(4.742865230957953-0.4690866296707534j)
(4.730976830220906-0.4630179373297018j)
(4.719343706179469-0.4564995261255301j)
(4.7079864714139195-0.44954641443881377j)
(4.696924705342248-0.44217458559210854j)
(4.686176912108215-0.4344009097994942j)
(4.67576048472722-0.4262430649197066j)
(4.665691675407794-0.4177194565307596j)
(4.655985571923868-0.4088491378184235j)
(4.646656079874498-0.39965172974219704j)
(4.637715910634384-0.3901473419109197j)
(4.629176574769059-0.3803564945670021j)
(4.621048380664587-0.3703000420435175j)
(4.613340438101655-0.35999909802318386j)
(4.606060666488448-0.34947496289273217j)
(4.59921580745562-0.3387490534512704j)
(4.592811441509213-0.32784283519666696j)
(4.586852008433716-0.3167777573814558j)
(4.581340831136826-0.30557519099776276j)
(4.576280142629959-0.2942563698215452j)
(4.571671115843238-0.2828423346186853j)
(4.567513895980621-0.27135388058992016j)
(4.56380763512934-0.2598115081087707j)
(4.560550528847803-0.24823537678541271j)
(4.557739854466612-0.23664526287114285j)
(4.555372010849251-0.2250605200015903j)
(4.553442559370076-0.21350004326255256j)
(4.551946265879468-0.20198223655006597j)
(4.550877143437293-0.19052498318584127j)
(4.550228495606786-0.1791456197400794j)
(4.549992960111759-0.16786091300633735j)
(4.550162552669458-0.1566870400665767j)
(4.550728710820935-0.14563957137896805j)
(4.551682337588351-0.13473345681649979j)
(4.553013844796522-0.12398301457974283j)
(4.5547131959025-0.11340192290341033j)
(4.556769948182586-0.10300321447215265j)
(4.559173294131704-0.09279927345704371j)
(4.5619121019347215-0.08280183507981898j)
(4.564974954873391-0.073021987607279j)
(4.568350189537191-0.06347017667304927j)
(4.5720259327098915-0.05415621181812611j)
(4.575990136808378-0.04508927513548993j)
(4.580230613754403-0.03627793189706992j)
(4.5847350671652185-0.027730143034126974j)
(4.5894911227545725-0.019453279334065602j)
(4.594486356842079-0.01145413720877006j)
(4.5997083228764275-0.003738955880766314j)
(4.605144575886399+0.003686564174775963j)
(4.610782694783378+0.01081724170292564j)
(4.616610302449943+0.017648394235540828j)
(4.622615083561447+0.024175816938278912j)
(4.628784800100975+0.030395760931821836j)
(4.6351073045428+0.03630491128752262j)
(4.641570550695771+0.041900364902786064j)
(4.64816260221493+0.0471796084653418j)
(4.654871638808109+0.0521404967181362j)
(4.661685960183197+0.05678123123718537j)
(4.668593987801681+0.061100339933470894j)
(4.675584264524178+0.06509665748718306j)
(4.682645452254348+0.06876930691692011j)
(4.689766327708146+0.07211768247928921j)
(4.696935776455559+0.07514143408453225j)
(4.704142785401955+0.07784045340155182j)
(4.711376433895114+0.08021486181165285j)
(4.718625883661885+0.08226500035338474j)
(4.7258803677952255+0.08399142178215037j)
(4.733129179027072+0.08539488484735126j)
(4.740361657535647+0.08647635086695162j)
(4.747567178546897+0.08723698265453954j)
(4.754735139997887+0.08767814582811252j)
(4.761854950536279+0.0878014125018316j)
(4.76891601813287+0.08760856733389341j)
(4.77590773958449+0.08710161587379454j)
(4.78281949118153+0.08628279512284394j)
(4.789640620808412+0.08515458619153891j)
(4.796360441735674+0.08371972890781049j)
(4.802968228350064+0.08198123820075072j)
(4.80945321405282+0.07994242205630922j)
(4.815804591537109+0.07760690081427993j)
(4.8220115156337195+0.07497862755072165j)
(4.828063108888131+0.0720619092662844j)
(4.8339484700045245+0.06886142858044582j)
(4.839656685260887+0.06538226561284276j)
(4.84517684296673+0.06162991971824029j)
(4.850498050999049+0.05761033072948126j)
(4.855609457415445+0.05332989935475394j)
(4.860500274104638+0.048795506371397186j)
(4.86515980339511+0.044014530258019616j)
(4.8695774675025705+0.03899486291128562j)
(4.873742840656755+0.03374492310218713j)
(4.8776456837082485+0.028273667339831613j)
(4.881275980977299+0.022590597828713973j)
(4.884623979068979+0.016705767227655318j)
(4.887680227343857+0.010629779945479551j)
(4.89043561970032+0.004373789739800625j)
(4.892881437294958-0.0020505065798200966j)
(4.895009391801256-0.008630879503414677j)
(4.8968116687846726-0.015354581343932491j)
(4.8982809707548345-0.022208365003449818j)
(4.899410559443015-0.029178507005371182j)
(4.900194296845997-0.03625083476557508j)
(4.900626684576176-0.04341075802391497j)
(4.900702901062215-0.050643304305306495j)
(4.900418836155481-0.05793315822729549j)
(4.899771122714331-0.06526470441972448j)
(4.8987571647616335-0.07262207377190887j)
(4.897375161840036-0.07998919267524585j)
(4.895624129224873-0.08734983488453682j)
(4.893503913695078-0.09468767558052733j)
(4.891015204608592-0.10198634717998382j)
(4.888159540079143-0.10922949640875064j)
(4.884939308105803-0.11640084212813656j)
(4.881357742564563-0.12348423338639172j)
(4.877418914031491-0.13046370715530575j)
(4.873127715468953-0.1373235452074803j)
(4.868489842869153-0.1440483295929127j)
(4.8635117710117965-0.15062299618416553j)
(4.858200724553746-0.15703288577759686j)
(4.852564644728037-0.16326379226422433j)
(4.846612151985401-0.16930200741641072j)
(4.840352504963496-0.17513436187684964j)
(4.833795556216123-0.180748261982349j)
(4.826951705175911-0.18613172210683612j)
(4.8198318488589385-0.19127339226507167j)
(4.812447330847336-0.19616258077939525j)
(4.804809889106292-0.20078927187612522j)
(4.796931603203866-0.2051441381448449j)
(4.788824841506128-0.20921854786121472j)
(4.780502208915686-0.2130045672420817j)
(4.771976495709064-0.2164949577683656j)
(4.7632606280073935-0.21968316877640737j)
(4.754367620386339-0.22256332558035594j)
(4.745310531094912-0.22513021344642617j)
(4.7361024203098765-0.22737925779304974j)
(4.726756311803105-0.22930650103874703j)
(4.717285158344499-0.23090857656068617j)
(4.7077018111036875-0.23218268026132527j)
(4.698018993250516-0.23312654026705068j)
(4.688249277888177-0.23373838530201146j)
(4.678405070385317-0.23401691229034605j)
(4.6684985951044595-0.23396125374286678j)
(4.658541886455927-0.23357094547767324j)
(4.648546784138993-0.2328458952100056j)
(4.6385249323672335-0.23178635252384822j)
(4.628487782812938-0.23039288070754343j)
(4.618446600947962-0.2286663308978917j)
(4.608412475405399-0.22660781893249782j)
(4.598396329939506-0.2242187052594529j)
(4.588408937520769-0.22150057819686655j)
(4.578460936069406-0.21845524077378467j)
(4.568562845304972-0.21508470131902788j)
(4.558725084171899-0.21139116789648446j)
(4.548957988291777-0.20737704661567946j)
(4.53927182689242-0.20304494377532195j)
(4.529676818672348-0.19839767172711623j)
(4.520183146076315-0.193438258277441j)
(4.510800967483192-0.18816995937726405j)
(4.5015404268421175-0.1825962747868651j)
(4.49241166033454-0.17672096634233203j)
(4.483424799690088-0.17054807839695618j)
(4.474589971840166-0.16408195996281683j)
(4.465917294656139-0.15732728803755022j)
(4.45741686858634-0.15028909156902287j)
(4.44909876407798-0.14297277548692763j)
(4.440973004744477-0.13538414421610537j)
(4.4330495463152975-0.1275294240817084j)
(4.425338251481855-0.11941528402148942j)
(4.417848860829184-0.11104885403588403j)
(4.4105909601166-0.10243774083126313j)
(4.403573944240804-0.09359004014657844j)
(4.396806978280207-0.0845143452968801j)
(4.390298956078735-0.07521975151915145j)
(4.384058456879421-0.06571585576506218j)
(4.3780937005626965-0.056012751651118235j)
(4.372412502079178-0.04612101934750573j)
(4.3670222256930336-0.036051710262009894j)
(4.361929739667473-0.02581632645307561j)
(4.357141372029817-0.015426794784906469j)
(4.352662868048942-0.004895435916386469j)
(4.3484993500430695+0.005765071707272911j)
(4.344655280111845+0.01654173261699556j)
(4.341134426352895+0.0274212795231147j)
(4.337939833081538+0.03839022258137691j)
(4.335073795522978+0.0494349022853675j)
(4.332537839390779+0.06054154549768611j)
(4.330332705704794+0.07169632408906217j)
(4.328458341136535+0.08288541561964204j)
(4.326913894102852+0.09409506547038149j)
(4.325697716759064+0.1053116498150117j)
(4.324807372973768+0.11652173881415248j)
(4.324239652298288+0.12771215941269812j)
(4.323990589877339+0.13887005712897366j)
(4.324055492183018+0.14998295623913674j)
(4.324428968394099+0.16103881778183987j)
(4.325104967186167+0.17202609483563513j)
(4.3260768186470155+0.18293378455441525j)
(4.327337280985297+0.19375147648305818j)
(4.328878591659944+0.20446939671605274j)
(4.330692522522411+0.21507844750468363j)
(4.332770438534294+0.2255702419635679j)
(4.33510335959846+0.23593713357322307j)
(4.337682025022498+0.2461722402217522j)
(4.3404969601191645+0.25626946257522654j)
(4.3435385444384185+0.26622349661217176j)
(4.34679708111985+0.2760298402023792j)
(4.350262866852291+0.28568479365363475j)
(4.353926261928369+0.29518545419255504j)
(4.357777759885942+0.30452970438582394j)
(4.361808056234807+0.3137161945473304j)
(4.36600811577593+0.32274431921403157j)
(4.370369238031101+0.33161418780890695j)
(4.374883120313476+0.34032658964393686j)
(4.379541917983539+0.3488829534487844j)
(4.384338301450429+0.35728530164234645j)
(4.389265509495857+0.36553619959502653j)
(4.3943173985158595+0.3736387001585442j)
(4.399488487295913+0.38159628376845706j)
(4.404773996955863+0.38941279445164995j)
(4.410169885724291+0.39709237209685366j)
(4.415672878226151+0.4046393813711887j)
(4.421280488993719+0.4120583376889816j)
(4.4269910399385095+0.4193538306611993j)
(4.4328036715511+0.4265304454740993j)
(4.43871834762665+0.43359268266409157j)
(4.444735853346182+0.4405448767724051j)
(4.450857786577266+0.44739111437722745j)
(4.45708654229223+0.4541351520129662j)
(4.4634252900377325+0.4607803344953612j)
(4.469877944425265+0.4673295141781726j)
(4.47644912864857+0.47378497167094474j)
(4.4831441310699+0.4801483385488806j)
(4.489968854953042+0.48642052258489205j)
(4.49692976145572+0.4926016360301639j)
(4.50403380602815+0.4986909274644556j)
(4.511288368397398+0.5046867177296349j)
(4.5187011763484435+0.5105863404516169j)
(4.526280223543098+0.5163860876459185j)
(4.534033681646567+0.5220811608918744j)
(4.5419698070590115+0.5276656285501191j)
(4.5500968425760915+0.5331323894879862j)
(4.558422914328699+0.5384731437678223j)
(4.566955924378246+0.5436783707449006j)
(4.575703439370866+0.5487373150144174j)
(4.584672575682059+0.553637980640525j)
(4.593869881514167+0.5583671340958991j)
(4.603301216442408+0.5629103163354557j)
(4.612971628943134+0.5672518644243657j)
(4.622885232480224+0.5713749431356209j)
(4.633045080773826+0.5752615869265735j)
(4.643453042929786+0.5788927526952838j)
(4.6541096791692915+0.5822483837041942j)
(4.6650141179663045+0.5853074850403708j)
(4.676163935475332+0.5880482109543843j)
(4.687555038213624+0.590447964383717j)
(4.6991815500492224+0.5924835089177396j)
(4.711035704637988+0.5941310933985051j)
(4.723107744547224+0.5953665892718978j)
(4.735385828398373+0.5961656407057694j)
(4.747855947453705+0.5965038273727484j)
(4.7605018531581855+0.5963568396551248j)
(4.773304997224583+0.5957006658650196j)
(4.786244485911701+0.5945117908862148j)
(4.799297050188736+0.592767405433437j)
(4.812437033497071+0.5904456248925449j)
(4.825636398809098+0.5875257164532415j)
(4.838864756636959+0.5839883329774396j)
(4.852089415556545+0.579815751766365j)
(4.865275456679669+0.5749921161035463j)
(4.878385833325643+0.5695036771660593j)
(4.8913814969096325+0.5633390336207105j)
(4.904221549778343+0.5564893659654149j)
(4.916863425382517+0.5489486624478525j)
(4.929263095783843+0.5407139332049167j)
(4.941375306054626+0.5317854091287093j)
(4.953153834648033+0.5221667218869311j)
(4.964551778304695+0.5118650615196936j)
(4.9755218595279205+0.5008913081073653j)
(4.986016754118694+0.48926013416334396j)
(4.99598943572758+0.4769900746556066j)
(5.005393533870552+0.46410356190313723j)
(5.014183701386277+0.4506269230263005j)
(5.022315986901519+0.4365903381493982j)
(5.029748207535735+0.42202775814948107j)
(5.036440316831102+0.40697678140658833j)
(5.042354762753311+0.3914784897211052j)
(5.047456830582282+0.3755772443052894j)
(5.0517149656065605+0.35932044350778414j)
(5.055101070753556+0.34275824466996824j)
(5.057590774628041+0.3259432532180755j)
(5.05916366588672+0.3089301827436161j)
(5.059803490436009+0.291775490395138j)
(5.059498308589286+0.27453699237871354j)
(5.058240610038341+0.2572734647274892j)
(5.0560273852622535+0.2400442347409901j)
(5.052860152790289+0.22290876860585024j)
(5.048744942530958+0.2059262606897584j)
(5.0436922361525935+0.18915522985228891j)
(5.037716866229652+0.17265312784769465j)
(5.030837876532981+0.15647596451755674j)
(5.0230783464245174+0.14067795400061806j)
(5.014465182803809+0.1253111856410419j)
(5.005028883436096+0.11042532267502736j)
(4.994803275763948+0.09606733113946277j)
(4.9838252354661305+0.08228124079592611j)
(4.972134389081219+0.06910793921909342j)
(4.95977280496605+0.0565849995777287j)
(4.9467846767200365+0.044746542055891673j)
(4.933216002987451+0.033623128334210266j)
(4.919114267264968+0.02324168808661033j)
(4.904528121004601+0.01362547605397996j)
(4.889507072929306+0.00479405793676209j)
(4.874101187082222-0.0032366768954445978j)
(4.858360791727073-0.010454478048338522j)
(4.842336200816982-0.01685067437192173j)
(4.826077449364768-0.022420094157887822j)
(4.809634043687446-0.02716096754589407j)
(4.7930547271702295-0.031074813344873956j)
(4.776387261904775-0.03416631236109892j)
(4.759678226307878-0.03644316917742772j)
(4.742972828621473-0.03791596415848189j)
(4.726314736033514-0.038597997271819166j)
(4.709745919041014-0.038505125124529464j)
(4.693306510599016-0.03765559242509223j)
(4.677034679559595-0.03606985889822449j)
(4.660966517898639-0.03377042251200983j)
(4.645135941251716-0.030781639725743448j)
(4.629574602326864-0.027129543338053067j)
(4.614311816828335-0.022841658410264292j)
(4.599374501604707-0.01794681666132411j)
(4.584787124821494-0.012474969679024426j)
(4.570571668048545-0.006457001267457243j)
(4.5567476002397855+7.546074842890156e-05j)
(4.543331863663162+0.007090232914881635j)
(4.530338871907705+0.014554764344537528j)
(4.517780520148698+0.022436324255081186j)
(4.505666207887609+0.03070218830980295j)
(4.4940028743986655+0.03931982312514939j)
(4.482795047106785+0.04825706820906812j)
(4.4720449030905+0.05748231448987769j)
(4.46175234384905+0.0669646784920501j)
(4.451915083394631+0.07667417111803952j)
(4.442528749630261+0.08658185990749587j)
(4.433586998853177+0.09666002357147789j)
(4.425081643084304+0.10688229754278786j)
(4.4170027897710415+0.11722380924802546j)
(4.409338993244991+0.1276613017938792j)
(4.402077417143332+0.13817324477296608j)
(4.395204006826585+0.1487399309330691j)
(4.388703670649326+0.15934355751948273j)
(4.382560468770417+0.16996829119261334j)
(4.376757808027697+0.1806003155416709j)
(4.371278641253936+0.19122786035836728j)
(4.366105669279566+0.20184121200041164j)
(4.36122154375616+0.21243270436035025j)
(4.356609068846314+0.22299669015833093j)
(4.3522513997619825+0.23352949249436047j)
(4.34813223609688+0.24402933682290054j)
(4.344236007890298+0.2544962637466723j)
(4.340548052380133+0.26493202326405574j)
(4.33705477945295+0.2753399513406767j)
(4.333743823877504+0.28572482990852466j)
(4.3306041825157005+0.2960927316201792j)
(4.327626334839577+0.3064508508994327j)
(4.324802345244103+0.3168073230281887j)
(4.322125945830903+0.32717103319122504j)
(4.319592598546507+0.3375514175609148j)
(4.317199535787206+0.34795825864204155j)
(4.3149457788292+0.35840147720821147j)
(4.31283213370448+0.36889092324529993j)
(4.31086116441637+0.37943616837047855j)
(4.309037143671055+0.3900463022164773j)
(4.307365981587968+0.4007297352580828j)
(4.30585513313982+0.41149401051044265j)
(4.304513485356547+0.4223456264457511j)
(4.303351225603052+0.4332898733562574j)
(4.302379692502807+0.44433068523810654j)
(4.3016112113234755+0.4554705090829096j)
(4.301058915862089+0.46671019324475765j)
(4.30073655906089+0.4780488963023182j)
(4.300658314746499+0.4894840175616945j)
(4.300838573010803+0.5010111500512926j)
(4.301291731838543+0.5126240565491094j)
(4.302031987631192+0.5243146688620209j)
(4.303073127278586+0.5360731102515198j)
(4.304428324387095+0.5478877405778992j)
(4.306109942188067+0.5597452234211593j)
(4.3081293455227465+0.5716306141389245j)
(4.310496724134195+0.5835274675453896j)
(4.313220929295731+0.5954179636465085j)
(4.3163093255742995+0.607283049650266j)
(4.319767659271637+0.6191025962911205j)
(4.323599944811873+0.6308555663674011j)
(4.327808370058575+0.64252019329188j)
(4.3323932212533265+0.6540741673990929j)
(4.337352827979287+0.6654948277383249j)
(4.342683528272137+0.6767593571064636j)
(4.348379653734975+0.6878449781375694j)
(4.354433534266563+0.6987291483623215j)
(4.36083552179011+0.7093897522760744j)
(4.367574032174503+0.719805288603733j)
(4.374635604375443+0.7299550511180587j)
(4.382004975690432+0.7398193015489803j)
(4.3896651719208855+0.7493794333099811j)
(4.397597611164647+0.7586181249576195j)
(4.405782219922575+0.7675194824867866j)
(4.414197560190995+0.7760691697430486j)
(4.42282096622397+0.7842545263995272j)
(4.4316286896830395+0.792064673096927j)
(4.440596051942552+0.7994906034783984j)
(4.449697602382021+0.806525262964194j)
(4.458907281568908+0.813163614204185j)
(4.468198588311092+0.8194026892183974j)
(4.477544749634704+0.8252416282881895j)
(4.4869188928155035+0.83068170569456j)
(4.496294218657287+0.835726342417008j)
(4.50564417526674+0.8403811059099847j)
(4.514942631616867+0.8446536970656968j)
(4.524164050220583+0.8485539244565957j)
(4.533283658250037+0.8520936659311669j)
(4.542277616435591+0.8552868176160853j)
(4.55112318506183+0.8581492303609044j)
(4.559798886347144+0.8606986336509612j)
(4.568284662449916+0.8629545470138535j)
(4.5765620282910975+0.8649381789578043j)
(4.584614218322101+0.8666723135085302j)
(4.592426326302527+0.8681811844576626j)
(4.599985437087724+0.8694903375006036j)
(4.607280749366165+0.870626480526728j)
(4.614303688234706+0.8716173224288126j)
(4.62104800646133+0.8724914009210806j)
(4.6275098732630555+0.873277899993877j)
(4.633687949426318+0.8740064577852906j)
(4.639583447620811+0.8747069658121575j)
(4.645200176808756+0.8754093606698878j)
(4.650544569731729+0.8761434094787997j)
(4.655625692566961+0.8769384905165728j)
(4.660455235985314+0.8778233706282756j)
(4.665047487010953+0.8788259811394717j)
(4.669419281277523+0.8799731941100327j)
(4.673589935491812+0.8812906008499166j)
(4.677581160149881+0.8828022946694839j)
(4.6814169527959795+0.8845306598520253j)
(4.685123472364905+0.8864961688124589j)
(4.68872889539674+0.8887171893425458j)
(4.692263255150994+0.8912098037394793j)
(4.6957582648691085+0.8939876414733435j)
(4.699247126630941+0.8970617268723445j)
(4.702764327417976+0.9004403430986173j)
(4.706345424126453+0.9041289134557817j)
(4.710026819363865+0.9081299008214508j)
(4.713845529909292+0.912442725739327j)
(4.7178389497207265+0.9170637034459425j)
(4.722044609330186+0.9219859998539581j)
(4.726499933383727+0.9271996062762853j)
(4.731241997959634+0.9326913324602406j)
(4.736307289141171+0.9384448173159987j)
(4.741731464134725+0.9444405565744061j)
(4.747549116018574+0.9506559465010126j)
(4.753793542988398+0.9570653427285007j)
(4.760496522743188+0.9636401332517702j)
(4.767688092436203+0.9703488246574836j)
(4.775396334410629+0.977157140733362j)
(4.783647167755506+0.9840281327181463j)
(4.7924641455630965+0.9909223006073069j)
(4.801868257651218+0.9977977251172387j)
(4.811877738439132+1.0046102101248477j)
(4.822507879639413+1.0113134356328901j)
(4.833770847454686+1.0178591215561061j)
(4.8456755040501385+1.0241972028691821j)
(4.858227233212819+1.0302760168958063j)
(4.871427770306537+1.03604250373804j)
(4.885275036886315+1.0414424210357034j)
(4.89976298064544+1.0464205743964394j)
(4.914881421728009+1.0509210649362402j)
(4.930615906842509+1.054887555407403j)
(4.946947573051151+1.058263556354972j)
(4.963853023573035+1.0609927336229814j)
(4.981304218415514+1.0630192383202022j)
(4.9992683831211515+1.064288060042255j)
(5.01770793937023+1.0647454037282034j)
(5.036580461591312+1.0643390900010257j)
(5.055838664081745+1.0630189782025632j)
(5.075430423403951+1.0607374105889458j)
(5.095298840975365+1.0574496753096423j)
(5.115382350786368+1.0531144848673084j)
(5.135614877035718+1.0476944657645868j)
(5.155926046145271+1.0411566540152646j)
(5.176241457086489+1.0334729901621378j)
(5.196483013206532+1.0246208064409974j)
(5.216569317775307+1.0145832978028202j)
(5.236416134289569+1.003349967702429j)
(5.255936911177875+0.9909170389308863j)
(5.275043368975722+0.9772878193615224j)
(5.293646146319699+0.9624730123424399j)
(5.311655499291263+0.9464909616434206j)
(5.328982046785455+0.9293678213854609j)
(5.345537552756857+0.9111376422659265j)
(5.36123573448178+0.8918423666483819j)
(5.37599308445208+0.8715317266999006j)
(5.389729692263297+0.8502630417000038j)
(5.402370051951493+0.8281009128635668j)
(5.413843839734374+0.8051168164467299j)
(5.4240866470724365+0.7813885984556945j)
(5.43304065441367+0.7569998768561653j)
(5.440655231930781+0.7320393596832895j)
(5.446887454982863+0.7066000897708111j)
(5.451702523895795+0.680778628854951j)
(5.4550740798906965+0.6546741954709563j)
(5.456984411513911+0.6283877722762836j)
(5.457424548635635+0.6020211991495097j)
(5.456394243877084+0.5756762686021466j)
(5.453901844086685+0.5494538396966914j)
(5.449964057103323+0.523452985814708j)
(5.444605621421296+0.4977701903084356j)
(5.4378588884205685+0.47249860236779173j)
(5.4297633284845+0.44772736342426195j)
(5.420364973548426+0.4235410121874304j)
(5.409715809389158+0.40001897406718023j)
(5.397873131276509+0.3772351383703093j)
(5.3848988764871155+0.35525752436523883j)
(5.370858946667276+0.33414803516057295j)
(5.355822532179058+0.31396229640866363j)
(5.339861449433967+0.294749575172224j)
(5.323049500880885+0.2765527729139832j)
(5.305461865836511+0.2594084855022881j)
(5.287174528794855+0.24334712237127987j)
(5.268263750287568+0.22839307652133434j)
(5.248805583842709+0.21456493687193479j)
(5.2288754411491345+0.20187573455535968j)
(5.2085477062134755+0.1903332150302361j)
(5.187895398118981+0.17994012836127518j)
(5.166989880978364+0.17069453061712425j)
(5.145900618822542+0.16259009004452582j)
(5.124694972483796+0.1556163924493427j)
(5.103438035011354+0.1497592410226337j)
(5.082192501788761+0.14500094666539814j)
(5.061018571292523+0.14132060566695814j)
(5.039973872327026+0.13869436236109917j)
(5.019113413572968+0.13709565510740204j)
(4.9984895513825265+0.13649544461296245j)
(4.978151971925688+0.13686242421568376j)
(4.958147684026444+0.13816321229089368j)
(4.938521019310051+0.14036252741723917j)
(4.919313636602119+0.14342334734615522j)
(4.900564527867607+0.14730705316375187j)
(4.88231002334228+0.15197356031745723j)
(4.864583793886338+0.15738143840537655j)
(4.847416848971226+0.1634880217978629j)
(4.830837529093826+0.17024951328104282j)
(4.814871491791366+0.17762108298502824j)
(4.799541690803969+0.18555696488691228j)
(4.784868348295395+0.19401055316427052j)
(4.770868920395897+0.20293450061932658j)
(4.7575580566693665+0.21228082129996087j)
(4.744947554429569+0.22200099931242215j)
(4.733046309134097+0.23204610565259443j)
(4.721860262365802+0.24236692468044238j)
(4.7113923491686664+0.2529140916255367j)
(4.701642446732439+0.26363824224330434j)
(4.692607326616564+0.2744901754427713j)
(4.684280612862096+0.2854210293802133j)
(4.67665274845909+0.2963824711619755j)
(4.66971097270969+0.30732689992834367j)
(4.66343931205147+0.3182076627029146j)
(4.65781858687702+0.3289792819945767j)
(4.652826436801517+0.33959769373878j)
(4.648437366687981+0.35002049376812944j)
(4.644622815538525+0.3602071906186183j)
(4.641351250099773+0.37011946211498153j)
(4.638588284712602+0.3797214128468624j)
(4.6362968285643245+0.38897982935535624j)
(4.634437261078925+0.3978644296068311j)
(4.632967635716329+0.4063481031459816j)
(4.6318439119505825+0.41440713820139646j)
(4.6310202146712065+0.42202143197031516j)
(4.630449119711894+0.4291746803408243j)
(4.630081963667645+0.43585454342238833j)
(4.629869175630123+0.4420527834504653j)
(4.629760627962816+0.44776537190784554j)
(4.629706002767484+0.4529925630599103j)
(4.629655170272834+0.4577389315288543j)
(4.629558575018288+0.4620133720238373j)
(4.6293676254199205+0.46582905989122775j)
(4.6290350821010415+0.46920337173894633j)
(4.628515440253469+0.4721577660084649j)
(4.627765301270157+0.47471762400311235j)
(4.626743728959411+0.47691205251667973j)
(4.625412585812027+0.4787736498274195j)
(4.623736845043572+0.4803382374145253j)
(4.6216848744679995+0.4816445603036304j)
(4.619228688667627+0.48273395944237024j)
(4.616344166398801+0.4836500199358146j)
(4.613011230699748+0.4844381993263405j)
(4.609213989735482+0.48514544037656443j)
(4.604940837010376+0.4858197730028528j)
(4.600184510188547+0.4865099101095996j)
(4.594942108372296+0.4872648420906331j)
(4.589215068286781+0.48813343469664555j)
(4.58300910039303+0.4891640348207861j)
(4.576334086490103+0.4904040885351902j)
(4.56920394086272+0.4918997754257187j)
(4.561636437473718+0.4936956629302142j)
(4.553653006086672+0.495834383995807j)
(4.545278500527467+0.4983563409434355j)
(4.5365409425527+0.5012994379720868j)
(4.527471244985541+0.5046988442621787j)
(4.51810291790712+0.5085867891552099j)
(4.508471761754416+0.5129923904055197j)
(4.498615551177796+0.517941516027008j)
(4.488573713454953+0.5234566798012873j)
(4.478387005149146+0.5295569700799042j)
(4.468097190542313+0.5362580111081882j)
(4.457746725173755+0.5435719557266799j)
(4.447378447578831+0.5515075079713398j)
(4.437035282054916+0.5600699737993697j)
(4.426759954990778+0.5692613379152388j)
(4.416594726985626+0.5790803644618383j)
(4.406581142662179+0.5895227191771159j)
(4.396759799749353+0.6005811104933141j)
(4.387170138680264+0.6122454469768188j)
(4.377850253625134+0.624503008466726j)
(4.368836725560953+0.6373386282696432j)
(4.360164477674969+0.6507348838031107j)
(4.351866653109991+0.6646722931477256j)
(4.343974514790726+0.6791295150650803j)
(4.336517366822653+0.6940835501621512j)
(4.329522496732459+0.7095099410269797j)
(4.323015137621065+0.7253829693248611j)
(4.317018449129677+0.7416758480210902j)
(4.311553515975146+0.7583609070852443j)
