(52.47031099846689+0j)
(50.01233278044595-11.12916520017658j)
(43.89433938351643-19.581709838737396j)
(36.36882800508796-24.549685701905133j)
(29.12726323555404-26.60307968756279j)
(22.942385737909753-26.73323854264226j)
(17.957845158314026-25.77871147325104j)
(14.04058938842527-24.291592103297234j)
(10.985443484010624-22.59253689826311j)
(8.599201812895263-20.853823038079067j)
(6.72458008746393-19.161731087256616j)
(5.24081090091648-17.555232244168185j)
(4.05733584112964-16.04815451964274j)
(3.1067396693962945-14.64142400093826j)
(2.338784538273499-13.32969296318285j)
(1.7158389308192334-12.104873816636067j)
(1.2095149258137419-10.957985554938295j)
(0.7982356673419475-9.880084529698305j)
(0.46548496105093656-8.86270084135249j)
(0.1985470675479361-7.898010258518068j)
(-0.012403350988515253-6.9788672065868065j)
(-0.1749606047060665-6.0987672437166935j)
(-0.2949664299205268-5.251776020839124j)
(-0.3768561009564121-4.432444359768718j)
(-0.42390578454755595-3.635719466365123j)
(-0.4384040208935537-2.856856977537454j)
(-0.42176236424512153-2.091335611665773j)
(-0.3745739649936678-1.3347744235559893j)
(-0.29662146986142096-0.5828480325778046j)
(-0.18695693801648294+0.16880883688715942j)
(-0.04339623513527456+0.9244754397571944j)
(0.13698417192832316+1.6889042461607253j)
(0.358556645140626+2.466851175208239j)
(0.6273161458249296+3.2633960803914777j)
(0.9513589715841176+4.083901448614469j)
(1.341554551428706+4.933953403371659j)
(1.8124943372488869+5.819170901996887j)
(2.3838354474270527+6.744761290715841j)
(3.0821973701512193+7.7145949213594935j)
(3.9438071452606147+8.729370399453677j)
(5.018073631852295+9.783063128415874j)
(6.372057673947236+10.856151174809394j)
(8.094976303357333+11.902900233095645j)
(10.299352577017823+12.828215899800659j)
(13.108738049962005+13.448347850914459j)
(16.607205698387734+13.43496994882135j)
(20.70508921441274+12.27312797993293j)
(24.892815601560628+9.352075091765654j)
(28.049855033945615+4.396388533353085j)
(28.837393146089717-1.8633977982855516j)
(26.811464873414813-7.726507999061064j)
(22.920405983840762-11.755796377768958j)
(18.57841700174125-13.6849620158023j)
(14.699423898076958-14.049161972446958j)
(11.586120371267654-13.500065887686496j)
(9.209605946625933-12.506051360688849j)
(7.434120201758535-11.339425237453362j)
(6.118538821618268-10.1410737611436j)
(5.147288332132507-8.977272587688704j)
(4.4334899025606935-7.8751236565456475j)
(3.9140308822549628-6.842130876321624j)
(3.5436459568251166-5.87645454291376j)
(3.290005711110926-4.972134919533338j)
(3.130082988282534-4.12169424492316j)
(3.0475903165094254-3.3173944870906853j)
(3.031215293676877-2.551814355109598j)
(3.0734267317867237-1.818089238245906j)
(3.169686555631146-1.1099938138617187j)
(3.3179549330182363-0.42196421685938373j)
(3.5184150949958917+0.250883633599477j)
(3.773371799244046+0.9126999187928078j)
(4.0872959994610305+1.5667741514957032j)
(4.466999528177997+2.2152909646129277j)
(4.921926835646352+2.858905198073019j)
(5.464542141531524+3.496042147653941j)
(6.11076034364306+4.121782761406676j)
(6.880299431270018+4.726131369730154j)
(7.796685135641688+5.291394140850589j)
(8.886355310917146+5.788359121839508j)
(10.175811542115131+6.171080151410084j)
(11.6850023011058+6.370611523094388j)
(13.41429911322549+6.289582003607405j)
(15.32256402982221+5.80279392905135j)
(17.29761902338279+4.773992512891498j)
(19.13191236241876+3.1013867027561206j)
(20.533876126799978+0.7924609462863388j)
(21.207860862558352-1.968362253178683j)
(20.987535896746984-4.830605627436823j)
(19.93062041587283-7.400376871861727j)
(18.287487556571687-9.39782235788603j)
(16.37275632513166-10.731497724455835j)
(14.447291597934385-11.463024442590537j)
(12.67190338834299-11.726144849221066j)
(11.118446316000556-11.661936798804689j)
(9.800880435365213-11.387497040057895j)
(8.703100208668161-10.988689937755655j)
(7.797052558390168-10.523976407850938j)
(7.0525183701889524-10.031222175248185j)
(6.441587003524722-9.533996884594977j)
(5.940246474431172-9.046389771519591j)
(5.528583639682898-8.576382902216517j)
(5.1907970001945625-8.127823066642756j)
(4.913243476489254-7.702940737829381j)
(4.685605402954013-7.301913370730588j)
(4.499516836810998-6.9241976649533505j)
(4.348254627776169-6.568807851305647j)
(4.226404510532385-6.234544501630267j)
(4.129591376119141-5.920138606878649j)
(4.054265211239117-5.624339815502895j)
(3.9975318646369407-5.345968979467036j)
(3.95701900708838-5.0839481271198235j)
(3.930769363362047-4.837316271136383j)
(3.9171549024757177-4.605236386906113j)
(3.914807028996352-4.386996897132016j)
(3.922558913637287-4.182009688074366j)
(3.939396971750117-3.9898058124230054j)
(3.964419190836094-3.8100294438721085j)
(3.99679856924493-3.6424302388215106j)
(4.035750398777198-3.486853969989437j)
(4.0805025384122215-3.3432310905004154j)
(4.130268212280623-3.2115627496700037j)
(4.184221242045856-3.091903712111394j)
(4.24147400258682-2.9843416399071523j)
(4.3010587692816715-2.888972301399637j)
(4.361913489803587-2.8058704915704182j)
(4.422873330484102-2.7350568079462465j)
(4.4826695660206095-2.676460932097369j)
(4.539937434726716-2.62988270875293j)
(4.5932343949753385-2.594953048733245j)
(4.6410697249070845-2.571097423373295j)
(4.681945570058814-2.5575053389065383j)
(4.714408382231467-2.5531095190853246j)
(4.737108307310905-2.5565784177371884j)
(4.748862658093031-2.566325002359294j)
(4.748718411092047-2.580533455785732j)
(4.736007980282789-2.597203626275231j)
(4.71039258618431-2.614210952483344j)
(4.67188847174407-2.629377549747792j)
(4.620872951991612-2.640548560825179j)
(4.558069566942945-2.6456670812864544j)
(4.484514041280953-2.6428411459000984j)
(4.401504902441474-2.6303973766487205j)
(4.310544104711648-2.60691771326929j)
(4.213273645100896-2.5712578077208206j)
(4.1114139279952235-2.522547767524393j)
(4.00670870412474-2.4601776494371728j)
(3.9008800457902644-2.383771236429805j)
(3.7955953201255044-2.293152129103639j)
(3.692446736767659-2.1883061246140683j)
(3.5929429426062502-2.0693433962845225j)
(3.4985113877609075-1.9364633051381204j)
(3.4105097880725816-1.7899239345560847j)
(3.330244901771595-1.6300177658694888j)
(3.258996937370917-1.4570543842649295j)
(3.1980481274964014-1.2713507577990515j)
(3.1487142588758608-1.0732294736455767j)
(3.112378174796537-0.8630253318542497j)
(3.0905244075719445-0.6411008650659364j)
(3.0847741062640956-0.4078716456406878j)
(3.0969192504744627-0.16384262882978864j)
(3.128954729331905+0.09034277613010337j)
(3.183106148918828+0.3538387696607904j)
(3.2618501289207447+0.6255158587635513j)
(3.3679222632542896+0.9038595393448686j)
(3.5043057523022183+1.1868466115978809j)
(3.674190908557591+1.471797867807369j)
(3.8808923530570403+1.7552083018581963j)
(4.127707063402948+2.032560424774946j)
(4.417693258257891+2.298133583258342j)
(4.75334888328436+2.5448331907053565j)
(5.136171690919233+2.764078849680001j)
(5.566094214514057+2.9458085341295432j)
(6.040810678340163+3.078673809714852j)
(6.555052562742754+3.1505110056380667j)
(7.0999245236203965+3.1491631593470024j)
(7.662473008217362+3.063682595790703j)
(8.225703240271573+2.885853479039752j)
(8.769251139639886+2.6118432066643966j)
(9.270820837923141+2.243655629425546j)
(9.708307969798875+1.789982010056805j)
(10.062288835986994+1.2660971459770225j)
(10.318364230028697+0.6926562067313174j)
(10.46881196985096+0.09355839875277917j)
(10.513169702454642-0.506671087035543j)
(10.457679110229295-1.0854010891848611j)
(10.31383680579786-1.6238178451723868j)
(10.096486146102176-2.1079869701423113j)
(9.821898595914682-2.529056002393611j)
(9.506173271439918-2.8827935194078202j)
(9.164112436144345-3.1687394467520735j)
(8.808581720986881-3.3892218519964503j)
(8.450271644320559-3.5484237503862994j)
(8.097741896517157-3.6516018460621256j)
(7.7576342756757946-3.704492946432385j)
(7.434963990259007-3.7129011565364105j)
(7.133427424877811-3.68243749678567j)
(6.855689318028635-3.6183769139980986j)
(6.6036307342304665-3.5255994255283007j)
(6.378551299884798-3.408587651906381j)
(6.18132622141786-3.2714593822745814j)
(6.0125221543267235-3.118019618345864j)
(5.872477358339518-2.9518211966635386j)
(5.761351723992283-2.7762265281193095j)
(5.679151833532528-2.594465376140481j)
(5.625735620550246-2.4096851538620165j)
(5.6008006432100474-2.2249911909115823j)
(5.603859598843205-2.043475010236601j)
(5.634206524900715-1.8682290395188539j)
(5.690877147162434-1.702346503867372j)
(5.7726070098153075-1.5489056221939053j)
(5.877791284010594-1.4109377463437964j)
(6.004450408346994-1.2913797951295312j)
(6.150205855859375-1.1930122619159644j)
(6.312270230575746-1.1183851859244591j)
(6.487455464893971-1.069735695198334j)
(6.67220203894267-1.0489019247702962j)
(6.862630849252581-1.0572391187410424j)
(7.054617663717691-1.0955443535347065j)
(7.243888143244732-1.1639964007698904j)
(7.426129394221615-1.2621166660812804j)
(7.597112195232245-1.3887558691520185j)
(7.752816675457893-1.5421092533255445j)
(7.889553524473636-1.7197608154564656j)
(8.004072914762213-1.9187545852770473j)
(8.093654252168417-2.135688652414875j)
(8.156171562339123-2.3668257425068884j)
(8.190131573274613-2.6082129630999185j)
(8.194684029458033-2.8558030597995714j)
(8.169606064001588-3.1055701346175346j)
(8.115264230052357-3.3536140586931777j)
(8.03255891321462-3.596249435043611j)
(7.922856350422369-3.8300766565972104j)
(7.787913473738099-4.052034189646292j)
(7.629800383200615-4.259432590330586j)
(7.450824531447368-4.449971854428825j)
(7.25345979016109-4.621744456016276j)
(7.0402825898915005-4.773226838265476j)
(6.813916392432805-4.903262215560289j)
(6.576984948265519-5.011037397344429j)
(6.33207415278749-5.096056029157017j)
(6.081701854485001-5.15811023881391j)
(5.828294674043836-5.197252235924825j)
(5.574170741324203-5.213766984848753j)
(5.32152721772101-5.208146683287015j)
(5.072431515377004-5.181067446679977j)
(4.8288152257539965-5.133368328478861j)
(4.592469906439552-5.066032597759847j)
(4.365044029759505-4.980171044160054j)
(4.148040557137067-4.877006979404812j)
(3.942814760127209-4.7578625478250425j)
(3.750572056339535-4.624145938466417j)
(3.572365761646462-4.47733910246884j)
(3.4090947760173393-4.318985615758738j)
(3.261501316699309-4.150678383651882j)
(3.1301688874864597-3.9740469558698432j)
(3.015520725177073-3.7907443029157086j)
(2.917818993289005-3.602432992754943j)
(2.8371649987883933-3.410770795119097j)
(2.7735006912226456-3.217395824225671j)
(2.726611667896787-3.0239114043561517j)
(2.6961318577192377-2.8318709026715627j)
(2.6815499951825315-2.6427628179380154j)
(2.6822179293612236-2.457996443142741j)
(2.6973607430618873-2.278888436936331j)
(2.726088582574866-2.1066506452614187j)
(2.7674100146440437-1.9423795069675316j)
(2.8202466341133468-1.7870473446523638j)
(2.8834485552838096-1.641495771159886j)
(2.955810357284564-1.506431330898309j)
(3.0360870431338074-1.3824233626795757j)
(3.1230096181857436-1.2699039515132036j)
(3.2152999750545623-1.1691697584779341j)
(3.3116848571738524-1.080385484303462j)
(3.410908741423926-1.0035887168657167j)
(3.511745530589488-0.9386959155449639j)
(3.613008988817157-0.8855092868219564j)
(3.713561896779702-0.8437243073662619j)
(3.81232395019557-0.8129376595175948j)
(3.9082784723091373-0.7926553641834656j)
(4.000478052511448-0.782300928681815j)
(4.088049254822874-0.7812233697371848j)
(4.170196558624926-0.78870502092724j)
(4.2462056987290575-0.8039690852438013j)
(4.3154465628250644-0.8261869432209304j)
(4.377375782677347-0.854485271919739j)
(4.431539122873404-0.8879530670856121j)
(4.477573729695029-0.9256486876406651j)
(4.515210255416475-0.9666070564785623j)
(4.544274823046446-1.009847152968304j)
(4.5646907465636755-1.0543799199662025j)
(4.5764798756187455-1.099216681556037j)
(4.579763395142135-1.1433781281325044j)
(4.574761882828707-1.1859038747251998j)
(4.561794414163534-1.2258625395427472j)
(4.54127650789025-1.262362226441543j)
(4.5137167259231905-1.294561231996426j)
(4.479711780667941-1.3216787401298968j)
(4.439940058035241-1.3430052199524343j)
(4.395153533054477-1.3579122102399797j)
(4.34616813245453-1.3658611605413529j)
(4.293852679326534-1.3664110065667503j)
(4.239116632859903-1.3592241867978563j)
(4.182896904983752-1.3440708568049209j)
(4.126144090021438-1.3208311243138129j)
(4.06980847887704-1.289495206817645j)
(4.014826243215282-1.2501614985587917j)
(3.962106166945976-1.2030326186300553j)
(3.9125172734637346-1.1484095905937646j)
(3.8668776507148155-1.0866843711072456j)
(3.825944716826916-1.0183309967331482j)
(3.7904071020493038-0.9438956523632701j)
(3.7608782534160534-0.863985981367388j)
(3.73789180142733-0.779259958236514j)
(3.72189866636773-0.6904146317644845j)
(3.713265827317878-0.5981750235867512j)
(3.712276629917797-0.503283435418081j)
(3.7191324696233865-0.4064893797009039j)
(3.7339556564720207-0.30854030280232425j)
(3.7567932476492825-0.21017321785505166j)
(3.7876216289444424-0.11210730813485263j)
(3.826351638439353-0.015037506684717877j)
(3.8728340555556406+0.08037098872682931j)
(3.926865321473365+0.1734873366096989j)
(3.9881934043678924+0.26371888942349764j)
(4.056523764608487+0.350514317533598j)
(4.131525402500951+0.43336606338186767j)
(4.212836980401947+0.5118121387212486j)
(4.3000730035612325+0.5854372504871667j)
(4.392830025371384+0.6538732236598522j)
(4.490692819683877+0.7167986843391551j)
(4.593240441147767+0.7739379716426008j)
(4.700052077240944+0.8250592596092121j)
(4.8107125834498+0.8699718868277565j)
(4.924817585197456+0.9085229100259424j)
(5.0419780257719+0.940592917698575j)
(5.161824038449134+0.9660911610865398j)
(5.284008023783911+0.9849500824545795j)
(5.40820682057364+0.997119344070051j)
(5.534122872044826+1.0025594842498542j)
(5.661484307485127+1.0012353475110072j)
(5.790043883123687+0.9931094523558793j)
(5.919576753013834+0.9781354710349349j)
(6.049877068902688+0.9562519999754225j)
(6.180753435301071+0.9273767975641005j)
(6.3120232701051275+0.8914016586547565j)
(6.443506140634028+0.8481880843438114j)
(6.575016159091026+0.7975638935270174j)
(6.706353530429694+0.739320912027169j)
(6.837295350564571+0.6732138680411172j)
(6.967585755849501+0.5989606212392884j)
(7.096925528529975+0.5162438583181623j)
(7.224961270787884+0.42471440054023996j)
(7.351274275706783+0.32399628813585796j)
(7.475369250801409+0.21369383057913474j)
(7.596663092379855+0.09340083758113843j)
(7.714473970290083-0.037287731347811506j)
(7.828011065173734-0.17876144682214856j)
(7.936365405654451-0.3313771696788036j)
(8.038502380512957-0.49543867088526233j)
(8.133256647694427-0.6711729574729915j)
(8.219330320926186-0.8587032675341473j)
(8.295295473598655-1.058018877446078j)
(8.35960213965508-1.2689421198028288j)
(8.410593086233668-1.4910933492458724j)
(8.446526648460667-1.7238550164589432j)
(8.465608811965252-1.9663365071875065j)
(8.46603545858697-2.2173419455300074j)
(8.446045213112914-2.475343699496971j)
(8.403982613576837-2.738464787966888j)
(8.338370369400687-3.0044736742262392j)
(8.247988304397976-3.270794928796667j)
(8.13195529137651-3.534538839458274j)
(7.989809216417765-3.7925521495649255j)
(7.821578961906624-4.041490681828519j)
(7.6278417976294435-4.277912704008148j)
(7.409759640076681-4.498389672367943j)
(7.169088541101636-4.6996287131436585j)
(6.908157540642515-4.878599216278514j)
(6.629815548479591-5.032654585719429j)
(6.337347924327307-5.159639825089055j)
(6.03436748919699-5.257976405923306j)
(5.724687353231838-5.32671774039744j)
(5.412184760149341-5.365571324588166j)
(5.100665841745363-5.3748868267481145j)
(4.793740668866708-5.3556125807409245j)
(4.494716416140928-5.309225644917977j)
(4.206514139201068-5.237642457928202j)
(3.9316120012778395-5.143117999337166j)
(3.6720151876725824-5.028141265442026j)
(3.42925054105367-4.895333972546761j)
(3.2043823431426706-4.747357965270443j)
(2.998044730833411-4.5868351237594185j)
(2.8104859250634724-4.416281886418665j)
(2.6416196501441584-4.238059023082803j)
(2.4910796753317155-4.054336118574799j)
(2.3582741637110995-3.867069397849528j)
(2.2424373329186027-3.67799102606338j)
(2.1426767188296463-3.48860780012967j)
(2.0580150240201767-3.3002071469432246j)
(1.9874260960734471-3.1138684902130924j)
(1.9298650092742125-2.9304782829173774j)
(1.8842925256498875-2.7507472779235496j)
(1.8496944054855478-2.5752288904581246j)
(1.825096144802694-2.4043377699675683j)
(1.809573759260854-2.2383679324290537j)
(1.8022612296976055-2.0775100016851527j)
(1.802355189945147-1.921867269346569j)
(1.8091173849122373-1.7714704098678065j)
(1.8218753650005064-1.626290784792111j)
(1.8400218175691798-1.4862523425063323j)
(1.8630128709990088-1.35124217126482j)
(1.8903656443125625-1.221119796942048j)
(1.921655257339927-1.0957253354082763j)
(1.9565114652992706-0.9748866149926485j)
(1.994615039495996-0.8584253803382955j)
(2.035693983686909-0.7461626791213579j)
(2.079519652672341-0.637923521790851j)
(2.1259028232384924-0.5335408946543074j)
(2.174689754415057-0.4328591991305606j)
(2.225758261727916-0.3357371837642037j)
(2.27901381793194-0.24205042886987296j)
(2.33438568121028-0.1516934351217038j)
(2.3918230421697206-0.06458135670306167j)
(2.451291174077181+0.019348592718855785j)
(2.5127675670712506+0.10013604608801768j)
(2.576238026504076+0.17779669922185481j)
(2.6416927178853107+0.2523218480594894j)
(2.7091221458861767+0.32367826963733565j)
(2.7785130624139964+0.39180848043170696j)
(2.8498443088982546+0.4566314153184946j)
(2.923082610723645+0.51804357833826j)
(2.9981783572728795+0.5759207221615135j)
(3.075061419273292+0.6301201158824502j)
(3.1536370758566465+0.68048345961771j)
(3.2337821464407646+0.7268404983113194j)
(3.3153414463605255+0.769013375060081j)
(3.398124708812902+0.8068217451438452j)
(3.481904137349969+0.8400886449515802j)
(3.5664127705794484+0.8686470747092545j)
(3.651343851212663+0.8923472105259479j)
(3.736351392146016+0.9110641108011648j)
(3.8210521198548597+0.924705726540685j)
(3.9050289473114113+0.9332209678480022j)
(3.9878360829761657+0.9366075242211084j)
(4.069005818484166+0.9349190897622711j)
(4.1480569565450445+0.9282716121430893j)
(4.224504745538435+0.9168481723858681j)
(4.297872083882839+0.9009021167417243j)
(4.367701653247597+0.880758106053968j)
(4.43356854451382+0.8568108233507351j)
(4.4950928642887+0.8295211851086012j)
(4.551951762508133+0.7994100301328113j)
(4.603890311132466+0.7670494032792535j)
(4.650730694874181+0.7330516974906033j)
(4.692379247797897+0.6980570535110204j)
(4.728830980336321+0.6627195289897819j)
(4.760171381141958+0.6276926261943296j)
(4.786575435109087+0.5936148024226637j)
(4.808303958711351+0.5610955762075036j)
(4.825697502194448+0.5307027873034927j)
(4.839168192486116+0.5029514756393064j)
(4.849189981433407+0.4782947239105413j)
(4.85628781575295+0.4571166724261215j)
(4.861026256853219+0.4397277758197788j)
(4.863998053440965+0.4263622408628798j)
(4.865813113661982+0.4171774721906091j)
(4.867088244548559+0.41225526466548834j)
(4.868437933607407+0.41160442060502767j)
(4.870466349041734+0.4151644375629538j)
(4.8737606387980295+0.4228099058123967j)
(4.87888552020397+0.43435527055891426j)
(4.886379075490891+0.449559647744157j)
(4.896749606358696+0.46813142938367813j)
(4.910473353903809+0.4897324702528011j)
(4.927992858579586+0.513981708493904j)
(4.949715717576049+0.5404581351736245j)
(4.976013492901949+0.5687030894939878j)
(5.007220531242568+0.5982219154056079j)
(5.043632475148189+0.6284850704027113j)
(5.08550427327395+0.6589288271914031j)
(5.133047534436262+0.6889557526845167j)
(5.186427115500605+0.7179351852482481j)
(5.245756885873345+0.7452039589216906j)
(5.311094670689665+0.7700676407595541j)
(5.382436439212794+0.7918025525726946j)
(5.459709872262601+0.8096588391693424j)
(5.542767509512207+0.8228648200280908j)
(5.631379740091833+0.8306328191960713j)
(5.725227953204519+0.8321666093917559j)
(5.823898204115898+0.8266705327984231j)
(5.926875769999067+0.8133602768800461j)
(6.033540965953228+0.7914751947763067j)
(6.143166562447495+0.7602919741274308j)
(6.254917092749472+0.7191393840763193j)
(6.367850267233079+0.6674137758817827j)
(6.480920628799094+0.604594984461059j)
(6.592985500605002+0.5302622794544469j)
(6.702813205850025+0.44411004388035014j)
(6.809093490977955+0.3459629099428968j)
(6.910450067286187+0.23579014404108467j)
(7.00545520596523+0.11371913162701064j)
(7.092646376315813-0.019952149698160934j)
(7.170544997538918-0.16474378027823164j)
(7.237677465220027-0.31998383423702637j)
(7.292598692368984-0.48479987412605224j)
(7.333918445124578-0.6581124472981459j)
(7.360330726694391-0.8386312458104419j)
(7.370646343161063-1.0248548377315232j)
(7.363828550798577-1.2150751171048417j)
(7.339031326796752-1.4073878075599113j)
(7.295639330405651-1.5997104375402715j)
(7.23330805750634-1.789809127440061j)
(7.152002091528251-1.975335240332168j)
(7.052028795924378-2.1538724149273953j)
(6.934064377253448-2.32299371797442j)
(6.799169081816616-2.480327661064966j)
(6.648788472285344-2.6236307102654806j)
(6.484738330985762-2.7508628103943034j)
(6.309171764241735-2.860261517796274j)
(6.124528473928696-2.9504097631947204j)
(5.933467775868652-3.0202921994369163j)
(5.738788572899075-3.0693356126633335j)
(5.543340894799824-3.097429980685278j)
(5.349934574004886-3.104928335891657j)
(5.161250974589643-3.09262542834676j)
(4.979763371761047-3.0617170314466113j)
(4.807670643387872-3.0137433295860614j)
(4.6468475385870915-2.950520966950869j)
(4.498813151062601-2.8740688992085186j)
(4.364717584434182-2.7865331593974503j)
(4.245345362088921-2.6901151037913706j)
(4.14113305165956-2.5870067871854663j)
(4.052197913393262-2.479336003436417j)
(3.978374138086048-2.3691223836476016j)
(3.9192533529201867-2.2582449063081307j)
(3.874226448074907-2.148420330109622j)
(3.842524308747306-2.041191452206197j)
(3.823255629830244-1.9379237222699566j)
(3.81544056771026-1.8398085762879541j)
(3.818039494495788-1.7478718478221864j)
(3.8299765380978825-1.6629857182366083j)
(3.8501579105149286-1.5858828354669812j)
(3.8774852532760407-1.5171714268537613j)
(3.910864377064217-1.457350429359494j)
(3.949209858117801-1.4068238431248963j)
(3.991445992898359-1.3659136713736673j)
(4.0365046194602785-1.3348709353041408j)
(4.0833203026463885-1.3138843442044308j)
(4.130823363488183-1.3030862585953726j)
(4.177931223102599-1.3025556100360371j)
(4.223538539441723-1.3123174397573614j)
(4.266506652570926-1.332338696152317j)
(4.305652931678724-1.3625198975729782j)
(4.339740745699634-1.402682234587457j)
(4.3674709698396486-1.4525496725563043j)
(4.387476201460727-1.511725645870371j)
(4.398319195545646-1.5796640437021572j)
(4.398497438253092-1.6556344196534207j)
(4.386456236321304-1.7386817730968285j)
(4.360613162255933-1.8275819182328679j)
(4.319397070546107-1.9207944512989528j)
(4.261305041150839-2.0164167064367815j)
(4.184980295423845-2.112143870162168j)
(4.0893130785807-2.205242521370571j)
(3.973564382281041-2.2925470347033774j)
(3.837508897243227-2.3704900543558134j)
(3.6815886252392716-2.435178863584433j)
(3.507062418570296-2.482527960106357j)
(3.316130251565929-2.5084534786439763j)
(3.1120059259504402-2.5091266176799474j)
(2.8989104759758906-2.481271194094541j)
(2.6819631590260067-2.4224766106003184j)
(2.4669590416443925-2.3314852736131035j)
(2.260041128001749-2.2084072953902583j)
(2.0672971561524562-2.0548191467399937j)
(1.894330605161157-1.8737183222904703j)
(1.7458656041009524-1.669330613591782j)
(1.6254420721543545-1.4467940125224845j)
(1.5352408001561648-1.2117656608397465j)
(1.4760533283519188-0.9700093434900475j)
(1.4473859197642536-0.7270190685849418j)
(1.447666412499637-0.4877224173907808j)
(1.4745084813617257-0.2562886471071478j)
(1.5249841260760308-0.03604010625948231j)
(1.5958724179329014+0.1705572844876679j)
(1.6838751425797023+0.3618464291608331j)
(1.7857914904393977+0.5368864447024101j)
(1.8986426519092614+0.6953324483387765j)
(2.0197474466214844+0.8373085127240298j)
(2.1467583627563527+0.9632881955905395j)
(2.2776687307134305+1.0739897430738536j)
(2.410800276759586+1.1702885394734028j)
(2.544778420728322+1.2531468385628808j)
(2.6785009118722938+1.32355937950045j)
(2.8111038310332965+1.3825127645025084j)
(2.9419276790475437+1.4309562303022585j)
(3.070485242860342+1.4697815070600158j)
(3.1964321673396614+1.4998096911610461j)
(3.319540623532179+1.5217833660355875j)
(3.4396761056781893+1.536362526550906j)
(3.5567771638273635+1.5441231632729226j)
(3.6708377471479614+1.5455576270793325j)
(3.781891763988095+1.541076118011299j)
(3.8899994353190355+1.5310088274257607j)
(3.9952350120190747+1.515608415538151j)
(4.097675432669109+1.4950526349906639j)
(4.197389510586674+1.4694470233078885j)
(4.29442725370496+1.4388276911526592j)
(4.388808938655185+1.4031643370406721j)
(4.480513584065265+1.3623637300579714j)
(4.5694665039486795+1.3162740268795425j)
(4.655525680285872+1.2646904334157085j)
(4.738466789330823+1.2073628875961158j)
(4.817966869124996+1.1440066263858082j)
(4.893586852342908+1.0743166973531093j)
(4.964753540110556+0.9979876602220183j)
(5.030742091651102+0.9147398544353321j)
(5.090660778134463+0.824353614998365j)
(5.143440602572936+0.7267125965818284j)
(5.187833381586868+0.62185677472843j)
(5.222422900912193+0.5100445676345483j)
(5.245654557745279+0.39182170694260227j)
(5.2558891033790855+0.2680919071731076j)
(5.251485170492348+0.1401811616930588j)
(5.230912626272369+0.009884085411202396j)
(5.192894003708989-0.12052196170558542j)
(5.136564388976854-0.2483098586367539j)
(5.061632119158973-0.370394763027638j)
(4.968515501032068-0.48348961014397474j)
(4.858427367323395-0.5843165762624944j)
(4.733382419082069-0.6698529632627318j)
(4.596113202279769-0.7375778197836093j)
(4.449897667439218-0.7856800463224382j)
(4.2983200433936934-0.8131929114790883j)
(4.145001241284767-0.8200336367670803j)
(3.9933403558582534-0.8069460358054465j)
(3.8463036102849606-0.7753630049508015j)
(3.7062837929985757-0.7272184061022847j)
(3.575036844187828-0.6647418321543119j)
(3.4536878337268933-0.5902656038944512j)
(3.342789351025658-0.5060641921086498j)
(3.242412043145325-0.4142357724272844j)
(3.1522485186908207-0.31662664793770684j)
(3.071716071499131-0.21479322560777844j)
(3.0000487599055554-0.10999323403784995j)
(2.936373989863134-0.0031972793649781197j)
(2.8797722543757467+0.10488724179073874j)
(2.829320956383923+0.21378622488675092j)
(2.7841244620626915+0.32322752479137973j)
(2.743332982224726+0.43311122669289215j)
(2.7061528430379043+0.5434833001954215j)
(2.6718504085660855+0.654513526986677j)
(2.639751512583578+0.766478010298557j)
(2.6092378408513155+0.8797462342421919j)
(2.5797413275529406+0.9947724783705817j)
(2.5507373110091778+1.1120913538155717j)
(2.521736936560018+1.2323172725084752j)
(2.4922790917939084+1.3561477645059945j)
(2.461922000228724+1.4843707064389855j)
(2.4302344720345297+1.6178757129281658j)
(2.396786702419762+1.757670177981027j)
(2.3611404081478633+1.904900749681654j)
(2.3228379883800643+2.060881404555184j)
(2.2813902744918777+2.227129798004546j)
(2.2362622786750728+2.405414265533137j)
(2.186856141694514+2.597814830001913j)
(2.132490185698805+2.8068029786506448j)
(2.072372552885359+3.0353470402720664j)
(2.0055672842670957+3.2870530891884338j)
(1.9309497516017327+3.566356041536819j)
(1.847146914213279+3.878783028084485j)
(1.752455619197938+4.23132303020856j)
(1.644728560695662+4.632956385285048j)
(1.521211608308475+5.095431100041355j)
(1.3783062653624218+5.634431503175336j)
(1.2112137407796777+6.271391844954972j)
(1.0133861035887255+7.036412085933556j)
(0.7756522680365128+7.973145144289221j)
(0.4847749776271057+9.147407305419668j)
(0.12097122863112914+10.663299192548193j)
(-0.34653118016784823+12.69577057699772j)
(-0.9677473483412089+15.563167189231658j)
(-1.8271648069707587+19.91157609752668j)
(-3.0642965941606715+27.280171867691756j)
(-4.77419687284774+42.4338388062938j)
(-3.038132510443221+90.29509802726034j)
(384.6990339942254-61.83080810124662j)
(37.402207901490215-69.73283001655577j)
(18.085540710273683-38.8909627780201j)
(12.469583551614091-27.10643548266724j)
(9.860017225846539-20.935548438666693j)
(8.359200419181107-17.146725746027833j)
(7.382943861365958-14.586526900106744j)
(6.694408029097075-12.7420948280581j)
(6.179928184348322-11.35096401583569j)
(5.778308456348915-10.264940002465588j)
(5.453725149286545-9.394027947509429j)
(5.183825830794589-8.680414038639224j)
(4.953943546524233-8.08525595495547j)
(4.7540521936981985-7.581485318249337j)
(4.577059782431574-7.149654607212465j)
(4.417801651953734-6.77542467528221j)
(4.272420993671084-6.447983745211683j)
(4.137973493007031-6.159018888998335j)
(4.012166656855539-5.902027370933908j)
(3.8931828851425068-5.671843678479529j)
(3.7795562339704216-5.464307251544269j)
(3.6700845298752514-5.2760242709645615j)
(3.5637652844099357-5.104193706233683j)
(3.459747928821645-4.946478101103399j)
(3.3572974052776017-4.800906010493352j)
(3.255765748987575-4.665797124362622j)
(3.1545693333890217-4.5397038086571j)
(3.0531701381838174-4.421364584272755j)
(2.951059864152585-4.3096662698363355j)
(2.84774603810573-4.203612329372506j)
(2.742739476601284-4.102295514742365j)
(2.6355426420127306-4.004873252801179j)
(2.5256385534276586-3.910544447125548j)
(2.412480027137454-3.8185264731508113j)
(2.295479135420322-3.7280311594329274j)
(2.17399690841312-3.638238472420214j)
(2.04733348868786-3.548266455991304j)
(1.9147192194273626-3.4571357129333387j)
(1.7753075610234368-3.36372634339226j)
(1.628171372911877-3.266724766901623j)
(1.4723050980087085-3.1645572534669077j)
(1.3066369445895991-3.055306311117714j)
(1.1300575718635575-2.936605431115129j)
(0.9414754829991306-2.805507338935647j)
(0.7399149097708044-2.6583214035211395j)
(0.5246801801903178-2.4904183613261672j)
(0.29562211575384895-2.296007216212725j)
(0.05355704353563917-2.067904128399037j)
(-0.1990943400086731-1.7973433717013942j)
(-0.4573693092924394-1.4739375325227344j)
(-0.712453468896313-1.0859931350972016j)
(-0.9499599778951634-0.6215119770772383j)
(-1.147993159303212-0.07016998611081311j)
(-1.2761946548393934+0.5731803918307513j)
(-1.2966371931715814+1.3023994494068611j)
(-1.1678488737096013+2.0934526262062354j)
(-0.8546813014249611+2.900203728453565j)
(-0.34239674023369704+3.6567735499238965j)
(0.35116933392063254+4.290236761723664j)
(1.1739299395092029+4.740989299709608j)
(2.0523853557742697+4.980667561288265j)
(2.9129446344298255+5.017314967524946j)
(3.6999531272741115+4.886361779845758j)
(4.382880889653111+4.635001377959284j)
(4.953521681920017+4.308720876445371j)
(5.41855221954842+3.943967201467096j)
(5.792126737096856+3.566302847257469j)
(6.090598020479401+3.191672911165107j)
(6.329521386222228+2.828743352783348j)
(6.522321384731718+2.4811787894699964j)
(6.679937780941304+2.1494363224962267j)
(6.810953815281346+1.8320264209853143j)
(6.921909826444178+1.5263345179675396j)
(7.0176478534529645+1.2291235226156492j)
(7.101617534528844+0.9368201542094877j)
(7.17611828627682+0.6456625648865633j)
(7.242464412578302+0.35176933408326705j)
(7.301045226050757+0.05112635289593002j)
(7.351415045360389-0.26049758628094966j)
(7.39225920460977-0.5874945800527459j)
(7.421200384996154-0.9345046040175617j)
(7.434610707895729-1.3064699865259983j)
(7.42728190908161-1.7086168612679822j)
(7.391940589115768-2.1463581949065604j)
(7.318579860008235-2.62503651133853j)
(7.193574420285838-3.1493739979043913j)
(6.998578308312901-3.7224125714735408j)
(6.709303406972026-4.3435999773544856j)
(6.294517624336026-5.005526131155743j)
(5.716109775384523-5.688728220713897j)
(4.931978833610424-6.354251606312652j)
(3.9047281124871254-6.934935435082291j)
(2.619675943767133-7.3296683308306125j)
(1.1125816642976536-7.4101789480144475j)
(-0.503298158987041-7.0527355463280585j)
(-2.0367120633501115-6.195807523789716j)
(-3.2691198462744406-4.894007585082692j)
(-4.041258417015447-3.3184826575896116j)
(-4.314384194987203-1.6895723379318164j)
(-4.161886348651198-0.1915187880532462j)
(-3.712125540778454+1.0723153417549802j)
(-3.092550684130434+2.074218598733097j)
(-2.4011516355936813+2.8336334665948533j)
(-1.7018252403908438+3.3900375277877925j)
(-1.0310080131782777+3.7860186736833823j)
(-0.40653113137110836+4.059425214751389j)
(0.1650853093082425+4.2409726901006755j)
(0.6836312814147887+4.354426065648131j)
(1.1521022204956888+4.417709131290538j)
(1.5748944932189985+4.444166713616908j)
(1.9568130244334159+4.44368093031104j)
(2.3025589067590553+4.423563663151012j)
(2.616489645524821+4.389235725247415j)
(2.902528765560965+4.344730616895622j)
(3.1641537616180173+4.293063351420219j)
(3.40442247417715+4.236498954403156j)
(3.6260160057133657+4.176747661534809j)
(3.8312865634517674+4.115107005129322j)
(4.022304376363751+4.052565526757484j)
(4.200901013032203+3.9898787455865175j)
(4.368708142164655+3.927625006803598j)
(4.527191671898901+3.866246668702265j)
(4.677681644560385+3.806080536365946j)
(4.82139845859305+3.7473803407000053j)
(4.959476056902688+3.6903332653256586j)
(5.09298272728982+3.63507194756361j)
(5.222940143491191+3.5816829566301895j)
(5.350341255935022+3.5302124340765246j)
(5.476167632327178+3.480669332971356j)
(5.601406858018877+3.433026486149291j)
(5.727070641561995+3.387219547488756j)
(5.8542143389447165+3.343143662761677j)
(5.983958719271816+3.300647515813646j)
(6.1175149564987725+3.25952413440893j)
(6.256214061722915+3.219497490803452j)
(6.401542289444476+3.1802034403288846j)
(6.555184486561267+3.1411628225046724j)
(6.719077937232628+3.1017434684452114j)
(6.895480018249635+3.0611061972266835j)
(7.087053913423654+3.018127301756807j)
(7.296977682883003+2.971286050814982j)
(7.529083243705718+2.918499723293458j)
(7.7880340286671865+2.856878753200889j)
(8.079552081874782+2.7823549828346357j)
(8.41069853925939+2.689102445456161j)
(8.790193173861029+2.5686240787366033j)
(9.228727337978267+2.4082936409660984j)
(9.739124495150964+2.1889808999830827j)
(10.33592886564254+1.8811325238085868j)
(11.033325821267084+1.438312804445992j)
(11.838620268212694+0.7868754653381231j)
(12.734517168151493-0.18883650134308894j)
(13.63529616457438-1.6601761556936494j)
(14.293095217092244-3.835022025840779j)
(14.163448990161863-6.802976987759842j)
(12.460197687954144-10.105687652635751j)
(8.93033509292969-12.41556715321586j)
(4.7626199157207925-12.55763246314002j)
(1.5493000336177738-10.924334013761941j)
(-0.25214606291434094-8.713423214851368j)
(-1.0202754844619966-6.679675941822367j)
(-1.213642679021709-5.039727988176834j)
(-1.128662428226377-3.77249594227714j)
(-0.9234406636777617-2.799069378472928j)
(-0.6761757597928438-2.0442798994411895j)
(-0.42399180587242125-1.4498751485040164j)
(-0.18370460221555668-0.9733930637148349j)
(0.037920579547023686-0.5840561586120631j)
(0.2409896418483268-0.2595853108233172j)
(0.42512867752659506+0.00996698750515486j)
(0.5866064430438812+0.240500044502225j)
(0.7302066647869474+0.44161421616846075j)
(0.8578736431915344+0.6189413917029194j)
(0.9710581807469262+0.7771930561581581j)
(1.0710817680270324+0.920136717171199j)
(1.1591215917297493+1.0507690036065076j)
(1.2362008743902564+1.1714922616817776j)
(1.303192553128227+1.2842543555489343j)
(1.3608288790465555+1.390654405978885j)
(1.409712606015642+1.4920223317558532j)
(1.4503276610923834+1.5894790014003697j)
(1.4830483218863293+1.6839821093219223j)
(1.5081464752713571+1.7763614856465522j)
(1.5257967847797256+1.8673465065540316j)
(1.536079693982261+1.9575875182991325j)
(1.5389822113227618+2.0476726418596667j)
(1.5343963937992342+2.1381409217179086j)
(1.5221153899016482+2.229492473547511j)
(1.501826823904094+2.3221960354215927j)
(1.473103206112549+2.416694106921457j)
(1.4353889360029095+2.513405645084659j)
(1.387983324658766+2.612726050405609j)
(1.330018896315898+2.715023891455477j)
(1.260434033890167+2.820633446768265j)
(1.1779388113471456+2.929841637949318j)
(1.0809726160474888+3.042867218460483j)
(0.9676519330769018+3.1598290672612643j)
(0.8357065006913148+3.28069896920007j)
(0.6824020748265381+3.4052321342448537j)
(0.5044485044051883+3.532865617781866j)
(0.2978931827379838+3.6625703491987105j)
(0.05800307217270848+3.7926361438161673j)
(-0.2208550101766306+3.920360318366934j)
(-0.545313461440908+4.041599045624767j)
(-0.9230360958222522+4.150127063025173j)
(-1.3625941632295397+4.236739366823937j)
(-1.873022374968832+4.288028762803165j)
(-2.462770687781315+4.284812034144931j)
(-3.137594664904976+4.200312285146304j)
(-3.896738024616521+3.9985422638885404j)
(-4.726720675332536+3.634024342801895j)
(-5.592599428504484+3.05510350556391j)
(-6.428528812681842+2.214235003251077j)
(-7.133445825402159+1.0880201186804832j)
(-7.582017745176297-0.29579784060833925j)
(-7.65875498613902-1.8386783528907824j)
(-7.307233008764208-3.3810306111530797j)
(-6.562012084531426-4.750347419401518j)
(-5.539179784889425-5.820444038316266j)
(-4.386302866706786-6.545509737866582j)
(-3.2327023141186917-6.950771104591009j)
(-2.16398394036295-7.100514252605697j)
(-1.2221188772688005-7.067631610721731j)
(-0.41777704718022646-6.915949551372394j)
(0.2562339541261572-6.694192594273962j)
(0.8151044083651434-6.436500557153677j)
(1.2761536034240495-6.165390525457774j)
(1.6558727110215643-5.894987787072188j)
(1.968713757611144-5.633702934510617j)
(2.2267962479047996-5.386202150134306j)
(2.440037761356214-5.154768573801874j)
(2.6164448131261033-4.940208597022748j)
(2.762435604240845-4.742440991534756j)
(2.8831389430560312-4.560873325997259j)
(2.9826499413993304-4.394638886798093j)
(3.0642399114645915-4.242743358960332j)
(3.1305248318309933-4.104153646097653j)
(3.183598967725335-3.9778498276505774j)
(3.225140373226556-3.8628537620634433j)
(3.2564944064140615-3.7582430094897328j)
(3.278740742379657-3.6631557717832908j)
(3.2927490598787243-3.5767911670540724j)
(3.2992286133062914-3.498410030537437j)
(3.2987753402965665-3.4273470222756997j)
(3.291905896556701-3.3630579152933384j)
(3.279006745508228-3.305222335825468j)
(3.260041974204368-3.2537474436206955j)
(3.2343069241226114-3.2081514850747914j)
(3.2014372533732662-3.166934227894207j)
(3.162289622816846-3.1289220749060047j)
(3.1175478030741934-3.094097427295611j)
(3.0670957021756915-3.0625458089320925j)
(3.010565781603919-3.03401202358496j)
(2.947619713464417-3.008065808207044j)
(2.8779516730134964-2.9842336595997176j)
(2.8012508052845355-2.962033408297335j)
(2.7171773651990274-2.9409727020333034j)
(2.6253511956614988-2.9205390942094245j)
(2.525345671318861-2.9001888894123953j)
(2.4166835277267604-2.8793357189387634j)
(2.2988330477356658-2.857338401354002j)
(2.1712040043478065-2.8334874252849684j)
(2.0331431468233427-2.806989370611004j)
(1.883929189185924-2.7769485396191844j)
(1.7227673610701437-2.742344962950592j)
(1.5487836743851073-2.7020077703015577j)
(1.3610191816787152-2.6545826660552923j)
(1.1584246843657546-2.5984919110641975j)
(0.9398566292594858-2.5318847600792225j)
(0.7040753645774855-2.452575704194486j)
(0.44974759075216064-2.3579670659405894j)
(0.17545584206034434-2.2449514124671697j)
(-0.12028072184441425-2.1097877920750876j)
(-0.43896801401764596-1.9479439676972539j)
(-0.7820725260605874-1.753895251259707j)
(-1.1509172387310418-1.5208711566915347j)
(-1.546511139765448-1.2405435831230454j)
(-1.9692610158072958-0.9026431579919467j)
(-2.4185001612478967-0.49447367006805354j)
(-2.8917611032143573-0.0003123124281529864j)
(-3.3836611749855234+0.5992644300738116j)
(-3.8841763209871316+1.3280391014559259j)
(-4.37599281291417+2.214598619264599j)
(-4.83054772708617+3.292120138001137j)
(-5.2023612814629505+4.596579321827444j)
(-5.4215526303120996+6.161667733588428j)
(-5.385523005620556+8.007590413893269j)
(-4.953591289024079+10.120030884721782j)
(-3.9537599239380397+12.417007733697503j)
(-2.2172576933717+14.709733395163475j)
(0.34533628135828365+16.68325520446351j)
(3.641355053636667+17.94338741176404j)
(7.338181267930166+18.15703247796031j)
(10.939302928850738+17.222505871773702j)
(13.981160706076636+15.330778853407441j)
(16.205424485845025+12.857849995174666j)
(17.5892933292272+10.188646648788177j)
(18.262222710190127+7.602166943130454j)
(18.404645203755578+5.249894059035191j)
(18.1839202745821+3.1865569841426944j)
(17.730068502124556+1.4102108214463283j)
(17.13451083663171-0.10752885675185936j)
(16.45748899928793-1.4035372199847962j)
(15.73673100521536-2.5141549122217395j)
(14.994641320302817-3.4714088511079493j)
(14.243911206448038-4.302839573353015j)
(13.4897954209358-5.026136324515476j)
(12.735016389023706-5.661611930217243j)
(11.978733422706153-6.2197994369410505j)
(11.219193132465875-6.709425043298282j)
(10.454009488376585-7.136051664076143j)
(9.680769651021466-7.502601771097207j)
(8.897506505356567-7.809726390661796j)
(8.10311977508661-8.056144665365068j)
(7.2977733948144365-8.23899975202502j)
(6.48326949906787-8.354272818499037j)
(5.663375419036009-8.397290287595881j)
(4.844058017282847-8.363344890692142j)
(4.0335628073423955-8.248426121685664j)
(3.242269768920389-8.050020511984174j)
(2.4822708636045463-7.767901541161053j)
(1.7666509360939218-7.40479344198783j)
(1.1085120355252527-6.966777374648735j)
(0.5198490568858153-6.463326178861076j)
(0.010440636417848422-5.906910155574892j)
(-0.4130598163894317-5.312201058748838j)
(-0.7476760511324367-4.694990070772279j)
(-0.9942193895476782-4.070997961098556j)
(-1.1569671418731804-3.4547703825738845j)
(-1.243003106564967-2.8588156872817145j)
(-1.2613644157412935-2.293073091932014j)
(-1.2221457193970007-1.7647211874798545j)
(-1.1356821153980505-1.2782724431228478j)
(-1.0118836128693214-0.835854716728497j)
(-0.8597598623521268-0.43753255160522075j)
(-0.6873350542820084-0.08144245416074972j)
(-0.5028863511172417+0.23554771697704208j)
(-0.31374820940381787+0.5137910251415659j)
(-0.12142623079793896+0.7552268140098055j)
