(20.306254221062268+0j)
(20.042248598974858-1.9366394970095004j)
(19.399415921447044-3.6505754360721903j)
(18.512737521568997-5.125673348937516j)
(17.450182674686673-6.359099688749827j)
(16.26912774303868-7.3470096103157285j)
(15.023092501963001-8.093852131847528j)
(13.759127813189092-8.613835158924601j)
(12.515439646905717-8.928658654023792j)
(11.320620365509505-9.064242446191972j)
(10.194230615040514-9.047738854316625j)
(9.148165907575567-8.905322902284114j)
(8.188308657137366-8.660819586025557j)
(7.316133712780792-8.335027089443297j)
(6.530094050193081-7.9455361668146605j)
(5.826726735060893-7.506860309911796j)
(5.201486076892171-7.030733446297918j)
(4.649342602288473-6.526476989152158j)
(4.165196228715483-6.001375491826424j)
(3.744150094218861-5.461027361305949j)
(3.3816845759275402-4.909655101566041j)
(3.073762882330009-4.350370590425268j)
(2.816892067783054-3.7853971263835575j)
(2.608157096893086-3.216253166050545j)
(2.445240797580404-2.6439040681238355j)
(2.326439037536202-2.0688886147216383j)
(2.2506780108716207-1.4914271411075863j)
(2.2175389394538-0.9115181361054832j)
(2.227294634664955-0.32903062191426785j)
(2.280961481563036+0.25619893878925054j)
(2.380368462593204+0.8442552670838683j)
(2.528244893039891+1.4350080224950645j)
(2.728329161581031+2.027934711654886j)
(2.9854954569045122+2.6218797637096425j)
(3.3058887991884682+3.214721164627822j)
(3.697048754783822+3.802906794098365j)
(4.16798272156981+4.380811303418405j)
(4.729115754332486+4.939854885260734j)
(5.39198827220609+5.467324743946148j)
(6.168487067685035+5.944864911253041j)
(7.069275134811997+6.346683332701966j)
(8.100949749846215+6.6377245982967485j)
(9.26138237678553+6.772453161150002j)
(10.532876116932535+6.6955465768803375j)
(11.873589172450751+6.346605626994275j)
(13.20955274227697+5.6713726088098255j)
(14.432462921448817+4.64058389120811j)
(15.410419650270919+3.272934474801692j)
(16.015878982534733+1.651451986228741j)
(16.164503944299256-0.08104414047466761j)
(15.846093808273451-1.7534461975346307j)
(15.128286399061214-3.2124396282711607j)
(14.130634607274848-4.3590150586190965j)
(12.985866407033683-5.159218519851698j)
(11.808632978166605-5.631580190120693j)
(10.681007740482206-5.824799404460684j)
(9.652232352357268-5.797676091861036j)
(8.745719640677441-5.606262843406492j)
(7.967594167365676-5.297870649559034j)
(7.31389308314762-4.90959619496978j)
(6.775653154608851-4.469156923109616j)
(6.34211427686507-3.9965816928994697j)
(6.002556665159916-3.5059959538081626j)
(5.747254782580032-3.007183413743194j)
(5.567904871305988-2.506839901860064j)
(5.457760605396708-2.009539073561947j)
(5.411619777324144-1.5184656761937918j)
(5.425743714061789-1.0359773897295677j)
(5.497752434511665-0.564050001031846j)
(5.626514427970529-0.10465169543362585j)
(5.812034178562255+0.339916014432207j)
(6.055328799263617+0.7666799929864274j)
(6.358274292808374+1.17163504683804j)
(6.72338985139386+1.5493433488330093j)
(7.1535138945150765+1.892486067716612j)
(7.651308154365404+2.191377736309712j)
(8.218508546465428+2.4334859859907474j)
(8.854831359231422+2.603052712745253j)
(9.55645681937399+2.6809936014389937j)
(10.314078210773165+2.6453583882890714j)
(11.1106635651208+2.4727373189494974j)
(11.919362643674754+2.141027227685938j)
(12.702384464525199+1.6337926366913935j)
(13.412016430317967+0.945922971074891j)
(13.9949155212112+0.08937097908248988j)
(14.399968857046755-0.9032112839324727j)
(14.588333136010398-1.9793774074744128j)
(14.542474437040413-3.073546596268787j)
(14.270546380499297-4.118083839529842j)
(13.804133326564106-5.055094912071481j)
(13.190405840254266-5.844828729114085j)
(12.482030171382037-6.468468874565175j)
(11.728363885933632-6.9257929069245545j)
(10.969951757906573-7.229907289818986j)
(10.236500383963671-7.401430540067178j)
(9.547382060462487-7.463668714306075j)
(8.913459526390142-7.439344834190395j)
(8.339283894808737-7.348781697412633j)
(7.825115336666018-7.209159265973491j)
(7.368539425911192-7.034443820176223j)
(6.965647828964443-6.8356727658473115j)
(6.612115653655893-6.620957295570854j)
(6.302792912058639-6.397483475309182j)
(6.0331235250311375-6.169946052586813j)
(5.798788203739148-5.941931005943661j)
(5.595849709131994-5.716074754146975j)
(5.420779821244428-5.494289542550614j)
(5.270450722829698-5.277944421334621j)
(5.142107824322774-5.068005959704019j)
(5.033333713275788-4.865146183443928j)
(4.942008936157117-4.669824666758093j)
(4.866272872291309-4.482350532116053j)
(4.8044864431982175-4.302928923825268j)
(4.7551974807538695-4.131695483706387j)
(4.717109041147056-3.968741504182208j)
(4.6890506602737085-3.8141317550316636j)
(4.669952410822651-3.6679164509936593j)
(4.658821584816512-3.5301384228854977j)
(4.654721851382413-3.4008362528001053j)
(4.656754804441042-3.280043917022251j)
(4.664043902675356-3.167787336095992j)
(4.675720902163787-3.0640781514811026j)
(4.690914979247927-2.9689050266553796j)
(4.708744825954129-2.882222802667022j)
(4.7283140597882385-2.8039399186796667j)
(4.748710309997049-2.73390462906413j)
(4.769008309294948-2.671890697805346j)
(4.788277221268639-2.617583410417344j)
(4.80559226159135-2.570566889088238j)
(4.820050426325774-2.5303137992194795j)
(4.830789834902664-2.4961785635319624j)
(4.83701185427299-2.4673951248159938j)
(4.838004833026153-2.4430801005430247j)
(4.833167988682343-2.4222418478939036j)
(4.822033809710654-2.403795523040156j)
(4.80428730131507-2.386583713060835j)
(4.779780548751429-2.369401701416407j)
(4.748541396110523-2.3510259681641386j)
(4.710775514364214-2.3302441923033297j)
(4.666861704697071-2.3058848687110762j)
(4.61734087789868-2.27684470221215j)
(4.562899689307916-2.2421121898420693j)
(4.504350223259496-2.200786211434877j)
(4.442607365704835-2.152088957435972j)
(4.37866556264052-2.095373060353536j)
(4.313576548436967-2.0301232952819026j)
(4.248429378393062-1.9559536233052153j)
(4.184333763169667-1.8726006387953493j)
(4.122407330788907-1.7799146399133154j)
(4.063767079490261-1.6778495825870345j)
(4.00952496424566-1.5664531265560697j)
(3.960787298739788-1.4458578685056485j)
(3.918657456736894-1.3162747123916119j)
(3.884241214331275-1.1779891765335218j)
(3.858653972199287-1.0313612991208503j)
(3.8430290148860307-0.8768296880089125j)
(3.8385258811338248-0.7149201678856177j)
(3.846337814754056-0.5462594004784069j)
(3.8676971213954388-0.37159377568293217j)
(3.9038770586215-0.19181376927992294j)
(3.956188626990286-0.00798380330466029j)
(4.025970309846737+0.17862261451836497j)
(4.1145684455892075+0.3664831083630373j)
(4.223305547191144+0.5537832720650867j)
(4.353433582052493+0.7383722976355669j)
(4.506069109449758+0.917720811309048j)
(4.682107420479865+1.0888859481825397j)
(4.8821136794444+1.2484906429934723j)
(5.106190824890565+1.3927262402623721j)
(5.35382696631228+1.517389497043912j)
(5.623729444891868+1.617966287260076j)
(5.913658615372448+1.6897739698789893j)
(6.220281300763036+1.7281714022876187j)
(6.539070639015177+1.7288389356895693j)
(6.864283736711574+1.6881198485257933j)
(7.189048565933575+1.6034000495322154j)
(7.505584241432947+1.4734866659021513j)
(7.805562635484532+1.2989323418994838j)
(8.08059511780684+1.082245970198598j)
(8.322800326855473+0.8279369917028034j)
(8.525384612076213+0.5423613647982545j)
(8.683154404136836+0.23337009211484155j)
(8.792885126964647-0.09020190378050004j)
(8.853494760316263-0.4191381545310844j)
(8.866005856202154-0.7444506320011279j)
(8.833317528019505-1.057917810945717j)
(8.759838356941058-1.352492111592213j)
(8.651045776349754-1.6225480003525994j)
(8.51303636595225-1.8639720600087835j)
(8.352118425678631-2.0741193253178425j)
(8.174479289822559-2.2516728144906892j)
(7.98594085448504-2.396445861427143j)
(7.791801581235916-2.5091622830017632j)
(7.596753378934468-2.5912410164483064j)
(7.404857038137822-2.6446025682220777j)
(7.219559103761126-2.6715063504921264j)
(7.043734761688614-2.674421649154548j)
(6.8797442048641555-2.6559307181174168j)
(6.729493119990723-2.6186600468413403j)
(6.5944908552241275-2.5652347509858773j)
(6.47590224325722-2.498250836821697j)
(6.374590907763855-2.4202604160911685j)
(6.291153226540092-2.333765530458335j)
(6.225943059797767-2.2412169112098503j)
(6.179087982558468-2.1450146540857697j)
(6.150498179118581-2.047508388290527j)
(6.139869437337173-1.950995054396924j)
(6.146681870572723-1.8577128887962742j)
(6.170196123998504-1.7698306617419048j)
(6.209448900531334-1.6894316517041126j)
(6.2632496666945965-1.618492275730244j)
(6.330180357983514-1.5588557402670424j)
(6.4085997796661385-1.5122015250542966j)
(6.496654175892198-1.4800119481339602j)
(6.592295106635273-1.4635374557334182j)
(6.693305328040643-1.4637626016325485j)
(6.797332831124719-1.481374887913935j)
(6.901932586477406-1.5167386967037253j)
(7.004614913858302-1.5698764242168357j)
(7.102898801845659-1.64045862384606j)
(7.194368005079786-1.727804484725792j)
(7.27672740228283-1.8308933491797605j)
(7.3478569513935765-1.9483872601774028j)
(7.405860652518222-2.0786637966131227j)
(7.449108222945682-2.219857774303911j)
(7.4762676720546954-2.3699098343132565j)
(7.486327584240637-2.5266195628310695j)
(7.4786086053101-2.6877006197142186j)
(7.452764307553022-2.850835398606693j)
(7.408772213981401-3.01372697580811j)
(7.346916243528885-3.174146483265728j)
(7.267762168722277-3.329974508937107j)
(7.1721278489226234-3.4792356306454555j)
(7.061050026256194-3.6201256790963705j)
(6.935749370588601-3.7510317637110333j)
(6.7975952645450946-3.8705454549768348j)
(6.648071562877427-3.9774697849446525j)
(6.488744274697311-4.070820900429691j)
(6.321231830352919-4.149825287823504j)
(6.147178328913674-4.213913497142154j)
(5.968229932222491-4.262711242545725j)
(5.786014385433628-4.29602866452622j)
(5.602123504370165-4.313848421692884j)
(5.418098375116041-4.316313151689358j)
(5.235416956362931-4.303712712486549j)
(5.055483753917011-4.276471495352152j)
(4.879621242579318-4.235135994735087j)
(4.709062736567301-4.180362731352616j)
(4.544946449487708-4.112906554347747j)
(4.388310533087304-4.033609296558364j)
(4.240088935913079-3.9433887228099014j)
(4.101107974733751-3.8432276931514178j)
(3.972083559995612-3.7341634591229065j)
(3.853619059278415-3.617277019204707j)
(3.746203817871942-3.4936824771373978j)
(3.6502123819863925-3.364516371301491j)
(3.565904487054647-3.2309269722785863j)
(3.4934258809338123-3.0940635766227604j)
(3.4328100499051595-2.9550658554318994j)
(3.383980904998088-2.8150533444611243j)
(3.3467564684544793-2.675115186518634j)
(3.3208535764795366-2.5363002553484675j)
(3.305893586278187-2.399607802084419j)
(3.301409044309814-2.2659787698476235j)
(3.306851240398377-2.1362879185104275j)
(3.321598540784108-2.0113368896158916j)
(3.344965364788861-1.891848320922719j)
(3.376211647176191-1.7784610918952062j)
(3.41455261400954-1.6717267477034887j)
(3.4591686954188194-1.572107113063399j)
(3.5092154042269414-1.4799730721061497j)
(3.5638330233711244-1.395604459541306j)
(3.6221559650250854-1.319190983579906j)
(3.6833216877286064-1.2508340830076092j)
(3.7464790826536944-1.190549609100457j)
(3.810796265059263-1.138271217098442j)
(3.8754677311679973-1.093854351126738j)
(3.9397208634144962-1.0570807103927455j)
(4.002821787473935-1.0276630928364738j)
(4.064080601798326-1.0052505246678236j)
(4.122856013711037-0.9894335996153336j)
(4.178559424759126-0.9797499691880097j)
(4.230658511607052-0.9756899435806798j)
(4.278680347228506-0.9767021807022955j)
(4.322214100819024-0.9821994568718934j)
(4.3609133443416885-0.9915645258193749j)
(4.394497979842537-1.0041560817427089j)
(4.4227557857737665-1.0193148465570672j)
(4.4455435638510385-1.0363698006635385j)
(4.4627878518594635-1.054644570438517j)
(4.474485153746774-1.0734639744295553j)
(4.480701627677188-1.0921607145415453j)
(4.481572166680618-1.110082179265956j)
(4.477298806084391-1.1265973045356912j)
(4.46814839767182-1.141103415623509j)
(4.454449502664317-1.1530329523643048j)
(4.436588473884982-1.1618599616359935j)
(4.4150047210459205-1.1671062271601298j)
(4.3901851807609935-1.1683468987262877j)
(4.362658042971344-1.1652154819712661j)
(4.332985816060315-1.1574080564431137j)
(4.301757841976713-1.1446866038678678j)
(4.269582398182068-1.126881349752814j)
(4.237078543412652-1.1038920485875983j)
(4.204867877712592-1.0756881743691826j)
(4.173566393066048-1.0423080120817176j)
(4.14377658892872-1.0038566800636464j)
(4.1160800173100425-0.9605031458791161j)
(4.0910304055981905-0.9124763275818475j)
(4.069147483284677-0.8600603966642584j)
(4.050911612648954-0.803589417520597j)
(4.036759294936126-0.7434414703872679j)
(4.027079594208563-0.6800324103742873j)
(4.02221149233244-0.6138094146544919j)
(4.022442161736803-0.5452444636912999j)
(4.028006118705327-0.47482789131270303j)
(4.039085199898613-0.403062123367435j)
(4.055809289251011-0.33045570666267277j)
(4.078257711838437-0.2575177100834575j)
(4.106461205973586-0.18475255960320025j)
(4.140404384444169-0.11265534979340057j)
(4.180028599737012-0.04170765783516537j)
(4.225235135054019+0.027626126970493256j)
(4.275888651327601+0.09490195405548112j)
(4.331820828611185+0.15969874351613944j)
(4.392834146743071+0.22162050149007384j)
(4.4587057541679656+0.2802979210548166j)
(4.529191375013889+0.33538946990166807j)
(4.6040292033146235+0.3865819659279911j)
(4.682943730391936+0.43359064336616676j)
(4.7656494477759015+0.4761587155579887j)
(4.851854364505804+0.5140564460274912j)
(4.941263274916424+0.5470797468894742j)
(5.033580711577819+0.5750483324990903j)
(5.128513518277729+0.5978034662076424j)
(5.2257729800521115+0.6152053487252489j)
(5.325076451448688+0.6271302074765791j)
(5.426148430529822+0.6334671570108317j)
(5.528721034561201+0.6341149105055017j)
(5.632533843733561+0.6289784312047234j)
(5.737333091327715+0.6179656198262075j)
(5.842870192031038+0.6009841392402016j)
(5.948899614145186+0.5779384809189455j)
(6.055176115674836+0.5487273788127841j)
(6.161451378316415+0.5132416756630032j)
(6.267470086878784+0.47136274469524714j)
(6.3729655145820505+0.42296156662989515j)
(6.47765468715651+0.36789855848318137j)
(6.581233211116698+0.3060242471077479j)
(6.6833698646574184+0.23718087704615937j)
(6.783701064124099+0.16120503896893015j)
(6.8818253358526915+0.07793140131183009j)
(6.977297943239692-0.012802377137763865j)
(7.0696258429245-0.11114948333647907j)
(7.158263172373255-0.2172464760726903j)
(7.242607503893066-0.3312044615532194j)
(7.32199713644749-0.4530989053092872j)
(7.395709734959987-0.582958106508594j)
(7.462962664350001-0.7207504148318937j)
(7.522915398294014-0.8663703415121072j)
(7.5746744051435755-1.0196238067387677j)
(7.617300918586578-1.1802128758763266j)
(7.6498219802134635-1.3477204652474797j)
(7.671245085994113-1.5215956401770572j)
(7.680576669583658-1.701140275536284j)
(7.6768445043833955-1.8854979899018796j)
(7.659123898356347-2.0736463819197373j)
(7.62656729075091-2.2643936707830594j)
(7.578436545414658-2.456380848467373j)
(7.514136887848877-2.6480903658978936j)
(7.433251079563976-2.8378621784226774j)
(7.335572100788587-3.0239176557853398j)
(7.221132366043939-3.2043914191994123j)
(7.09022737433775-3.3773706213987236j)
(6.943431740351262-3.5409405726098777j)
(6.781605795757063-3.693234993076946j)
(6.6058914000608-3.8324886118862747j)
(6.417696239539268-3.9570894082531445j)
(6.218666672157251-4.065627573957647j)
(6.010650020148055-4.156938313018402j)
(5.795648027123394-4.230135904609886j)
(5.575763886643974-4.284637017991338j)
(5.353145730333769-4.320172027512133j)
(5.129929679278065-4.336783946615236j)
(4.908185492838314-4.334815482297256j)
(4.6898675136291725-4.314885507462043j)
(4.476773059938239-4.277856877023734j)
(4.270509734197206-4.224797922071455j)
(4.072472384124679-4.156940126159463j)
(3.883829752754398-4.075634432257112j)
(3.70552024961146-3.982308386833064j)
(3.538255810220939-3.878425953150288j)
(3.382532503383115-3.7654513782742876j)
(3.2386463923491404-3.6448180327005715j)
(3.1067131382402158-3.5179027027854883j)
(2.9866899231081856-3.3860054358371956j)
(2.8783984335633424-3.2503347335691064j)
(2.781547852643092-3.1119976673412806j)
(2.695757030666843-2.9719943446342953j)
(2.620575224343876-2.8312160807897313j)
(2.5555009929012424-2.690446610242234j)
(2.499999011883872-2.5503656933951726j)
(2.4535147057974713-2.4115545258469933j)
(2.4154867097811317-2.2745024245105125j)
(2.3853572502979254-2.1396143411514306j)
(2.362580589105081-2.0072188311483825j)
(2.3466297077999254-1.8775761790662964j)
(2.337001426361519-1.7508864498998042j)
(2.333220152337393-1.6272972939059422j)
(2.3348404511855105-1.5069113831228016j)
(2.3414486157543064-1.3897933989675528j)
(2.3526633964214714-1.2759765231891949j)
(2.3681360349931904-1.165468409685861j)
(2.3875497266282775-1.0582566332571801j)
(2.4106186159199887-0.9543136243413957j)
(2.437086416563186-0.8536011073092359j)
(2.466724729110309-0.7560740650034565j)
(2.4993311182384974-0.6616842548042806j)
(2.534726999601375-0.5703833022210787j)
(2.5727553765570144-0.48212539728568277j)
(2.6132784587255276-0.3968696171188339j)
(2.656175187393862-0.3145818951370677j)
(2.7013386872788208-0.23523665363755486j)
(2.7486736601455672-0.15881811214403488j)
(2.798093733312642-0.08532127916167605j)
(2.8495187751837343-0.014752630140523389j)
(2.9028721906185466+0.05286953023257629j)
(2.9580782111435506+0.11751502752135323j)
(3.0150591986298596+0.1791421084083336j)
(3.073732986017172+0.23769807501147272j)
(3.134010284787692+0.29312027585952405j)
(3.195792195984265+0.3453374662412645j)
(3.2589678693392345+0.3942715481971053j)
(3.323412363160139+0.43983969572090387j)
(3.388984765519145+0.4819568635213646j)
(3.4555266444114543+0.520538667768802j)
(3.5228609001624216+0.5555046145579629j)
(3.5907910966550642+0.5867816364581775j)
(3.659101348034918+0.6143078798257279j)
(3.7275568335434763+0.6380366661236911j)
(3.7959050042246267+0.6579405302313486j)
(3.8638775308115836+0.6740152188446837j)
(3.931193021797567+0.6862835140700988j)
(3.997560514597843+0.694798732913912j)
(4.062683711411814+0.6996477443901807j)
(4.126265896068389+0.7009533441742026j)
(4.188015430566435+0.6988758336255457j)
(4.247651692537665+0.6936136666315701j)
(4.304911280217658+0.6854030544356372j)
(4.359554282668715+0.6745164549262321j)
(4.4113703928375605+0.6612599173410934j)
(4.460184632029629+0.6459693036256421j)
(4.505862458292716+0.6290054606138604j)
(4.548314048782693+0.6107484690604924j)
(4.587497577009519+0.5915911424302919j)
(4.623421348290991+0.5719319865298375j)
(4.656144708013587+0.5521678574496484j)
(4.6857776937876805+0.5326865677334831j)
(4.712479460160098+0.5138596882810418j)
(4.736455559009009+0.4960357765997474j)
(4.7579542062539195+0.47953423227488157j)
(4.777261702961345+0.4646399405855829j)
(4.794697204214555+0.4515988184355394j)
(4.81060704128362+0.44061432690689495j)
(4.825358801853306+0.4318449654576426j)
(4.8393353605165395+0.42540271735554164j)
(4.852929029376367+0.42135237703471345j)
(4.866535968880237+0.41971165954530354j)
(4.880550964624342+0.42045197118980326j)
(4.895362639469246+0.4234997090605559j)
(4.911349134328709+0.4287379551067443j)
(4.928874257488303+0.4360084366395856j)
(4.948284072901067+0.4451136385561212j)
(4.969903873756996+0.455818971550428j)
(4.994035469474422+0.4678549236473512j)
(5.020954702486384+0.48091914802574276j)
(5.05090910586885+0.4946784668759117j)
(5.084115613821845+0.5087707976601927j)
(5.120758243936107+0.522807033440967j)
(5.16098568258845+0.5363729318476869j)
(5.204908722118569+0.5490310868097238j)
(5.2525975199437624+0.56032307250566j)
(5.304078674622252+0.569771859278004j)
(5.35933214108172+0.5768846058390757j)
(5.418288035610769+0.5811559304048606j)
(5.480823409410283+0.5820717551000095j)
(5.5467590960109145+0.5791138030346403j)
(5.615856761083869+0.5717648061918882j)
(5.687816301530352+0.5595144554577515j)
(5.7622737528251715+0.5418660930182764j)
(5.838799868355522+0.5183441136355109j)
(5.916899531403543+0.48850200703180086j)
(5.996012149610427+0.4519309409616465j)
(6.0755131641233255+0.40826875564770465j)
(6.1547167827893015+0.3572092168346904j)
(6.232880020941339+0.2985113578296577j)
(6.309208107058984+0.23200873067906472j)
(6.382861286365493+0.15761838214685855j)
(6.452963035224876+0.07534936941299122j)
(6.518609684053529-0.014689369446065198j)
(6.578881436049783-0.1122819774380489j)
(6.632854761472549-0.21709966835648337j)
(6.679616138957266-0.3286959557339096j)
(6.718277101527726-0.44650335821507653j)
(6.747990519733147-0.5698318525689674j)
(6.76796801176106-0.697869384499003j)
(6.777498305356463-0.8296847849226128j)
(6.775966285846049-0.964233466469386j)
(6.762872348673031-1.1003662804722747j)
(6.73785153805103-1.2368418865198263j)
(6.700691805199405-1.3723429130601756j)
(6.651350574984754-1.5054960595203757j)
(6.589968688261645-1.6348961037236078j)
(6.516880711518332-1.7591335359823528j)
(6.432620598823811-1.876825254950672j)
(6.3379217736541555-1.9866474516191803j)
(6.233710882804216-2.087369507080093j)
(6.12109476288852-2.177887473429676j)
(6.001340539365296-2.257255533646958j)
(5.875849220963196-2.3247137794828063j)
(5.746123617898053-2.379710729699144j)
(5.613731850657152-2.4219192417070867j)
(5.480268075971757-2.4512448356921674j)
(5.347312292868041-2.4678259202744113j)
(5.216391173430582-2.4720259355442336j)
(5.088941778765637-2.464417956984909j)
(4.966279780881687-2.4457627761522973j)
(4.849573445826745-2.416981843275909j)
(4.739824186841687-2.379126690739903j)
(4.637854019735815-2.3333465413746564j)
(4.544299796131633-2.28085574761501j)
(4.459613695391138-2.2229025290367455j)
(4.384069151757687-2.1607402096236332j)
(4.317771193594163-2.0956018400470358j)
(4.26067007666677-2.028678760774265j)
(4.212577092092551-1.961103349793297j)
(4.173181503335588-1.893935926637593j)
(4.142067693618849-1.8281555655104447j)
(4.118731763544585-1.764654409442401j)
(4.1025969894659235-1.704234972539696j)
(4.093027721231246-1.6476098617856907j)
(4.089341452940628-1.5954033342649956j)
(4.09081893627718-1.5481541200344167j)
(4.096712320427676-1.5063189756195978j)
(4.106251396002481-1.4702764800377175j)
(4.118648095067126-1.4403306378089893j)
(4.133099459004607-1.416713906938488j)
(4.14878933469895-1.3995893214665358j)
(4.164889101949763-1.3890514267912175j)
(4.1805577754400005-1.385125792127652j)
(4.194941866864122-1.387766910363391j)
(4.207175440054964-1.3968543449494508j)
(4.216380845983998-1.4121870416358624j)
(4.221670685466306-1.4334757966073044j)
(4.222151612948724-1.4603339700188604j)
(4.216930659211568-1.4922666641320872j)
(4.2051248040351545-1.528658757408512j)
(4.1858745561016-1.5687624079514677j)
(4.158362274187867-1.6116849159031248j)
(4.121835861572932-1.6563781620581375j)
(4.07563824893252-1.7016312046256574j)
(4.019242711406211-1.7460679861410213j)
(3.9522935085102424-1.788152423720723j)
(3.8746505717733046-1.8262033476485589j)
(3.7864360058955384-1.8584217101578988j)
(3.6880790758950717-1.8829320875639854j)
(3.5803552528222644-1.8978396308630836j)
(3.4644139865213353-1.9013022116748575j)
(3.341789430997364-1.89161558037569j)
(3.2143886539287347-1.8673070552697977j)
(3.0844531535535586-1.8272309115956114j)
(2.9544918734574006-1.7706566991166348j)
(2.82718720019917-1.6973407186595153j)
(2.7052792171583664-1.607571296709769j)
(2.5914370918770158-1.5021805480558812j)
(2.4881291097425002-1.3825188796502677j)
(2.397503859850276-1.2503930309099442j)
(2.3212940827095734-1.107973125918004j)
(2.260751818435723-0.9576780988539016j)
(2.2166193103891274-0.8020511811828164j)
(2.1891354769257707-0.6436375172275585j)
(2.178073577467996-0.48487447094928315j)
(2.182802715278932-0.3280022866899437j)
(2.202364429522054-0.17499923773388498j)
(2.2355557601114704-0.027542047335376362j)
(2.2810113649357846+0.11301025231104457j)
(2.3372789919382275+0.2456125941478469j)
(2.4028844903978586+0.3695147956805462j)
(2.4763843696364534+0.4842318929463862j)
(2.5564054928850752+0.589508341777268j)
(2.6416726773035437+0.6852798250364469j)
(2.731025707140706+0.7716355109811928j)
(2.8234276080648972+0.8487827195297739j)
(2.917966079851568+0.917015181241359j)
(3.0138498475264783+0.9766854635233546j)
(3.1104014535895423+1.0281816930741217j)
(3.207047737708779+1.0719084041812423j)
(3.303308975452202+1.108271161833857j)
(3.398787397619547+1.137664518067006j)
(3.4931555978553335+1.1604628337071594j)
(3.5861451617163294+1.1770135144603484j)
(3.677535713624962+1.1876322537621165j)
(3.7671444750696415+1.1925999332634172j)
(3.854816353038315+1.1921608973659426j)
(3.9404145271724462+1.1865223859305276j)
(4.023811473434162+1.1758549764031303j)
(4.104880348179844+1.1602939517942616j)
(4.183486657615716+1.1399415736597251j)
(4.259480153067872+1.114870299141022j)
(4.332686922867121+1.0851270376245554j)
(4.402901698459928+1.0507385942461551j)
(4.469880457854608+1.0117184915175732j)
(4.533333496194046+0.9680753920394536j)
(4.592919243092273+0.9198233573028807j)
(4.648239239672583+0.86699415964572j)
(4.6988348418873445+0.8096518029947426j)
(4.744186381904248+0.7479092868484435j)
(4.783715678922189+0.6819474497069555j)
(4.816792916378574+0.6120354377884057j)
(4.842748952710828+0.5385519552714145j)
(4.860894053611333+0.4620059724271765j)
(4.870543763318549+0.38305503284413783j)
(4.871052112946337+0.30251878116113157j)
(4.861851560473496+0.22138493983406538j)
(4.842497984698483+0.14080484460781742j)
(4.81271780637995+0.06207596427805959j)
(4.77245307135431-0.013390286968933473j)
(4.72189937871601-0.08411564204987765j)
(4.66153119221636-0.1486151714414394j)
(4.592109613581384-0.20546653193879102j)
(4.514669250931066-0.2533822126418591j)
(4.4304832685616375-0.2912774132521438j)
(4.341008667201868-0.31832602728488407j)
(4.247816722320011-0.3339983666657571j)
(4.152515662623265-0.33807660406032336j)
(4.056673614844084-0.33064695566790275j)
(3.9617493963001413-0.31207072531170027j)
(3.8690370816796835-0.2829388412527141j)
(3.7796278613781467-0.24401600201620824j)
(3.6943901175266607-0.19618086856650185j)
(3.613966383634416-0.1403680469988342j)
(3.53878425682909-0.07751623704910522j)
(3.469077510620521-0.008525273635458061j)
(3.4049135378181705+0.06577679529149899j)
(3.346223652585717+0.1446567431691821j)
(3.292833478156951+0.2274903588122331j)
(3.2444914465458026+0.31376935476930806j)
(3.2008941963540516+0.4031027272220276j)
(3.161708291829605+0.4952142547021722j)
(3.126588168459872+0.5899376329612092j)
(3.0951905405558224+0.6872104895674256j)
(3.067185707370952+0.7870682589782276j)
(3.0422662971658014+0.8896386611791639j)
(3.0201540243628933+0.995137332355527j)
(3.000605030759087+1.103865010935001j)
(2.983414359622154+1.2162065863236722j)
(2.9684200883385525+1.3326322670406043j)
(2.955507634214203+1.4537011151864097j)
(2.944614759955399+1.5800672214607012j)
(2.9357378507639975+1.7124888571934906j)
(2.928940125982145+1.8518410372730447j)
(2.9243626009415307+1.999132063263589j)
(2.9222388523756715+2.1555247950598724j)
(2.922914998281838+2.3223636307014317j)
(2.926876833604524+2.501208468763545j)
(2.9347868484919073+2.6938772991120814j)
(2.9475350238116764+2.902499527883774j)
(2.9663090501026526+3.1295826957740096j)
(2.992692271241918+3.3780958763678823j)
(3.0288017283647393+3.65157366686446j)
(3.077485012704117+3.9542450971263383j)
(3.1426046091916198+4.291191475488579j)
(3.2294543131196676+4.668534990736992j)
(3.345377921461365+5.09365316755124j)
(3.500701959709329+5.575397151558331j)
(3.710161572751428+6.124251140342818j)
(3.995106174745358+6.752276546964909j)
(4.38693448854045+7.472471064297092j)
(4.932422671399446+8.296690173487521j)
(5.7017611387757805+9.230200826117908j)
(6.799664445273035+10.258616312314945j)
(8.376874022656907+11.318464962519718j)
(10.627658731487402+12.236561062200398j)
(13.725478277843179+12.628071453182237j)
(17.594753470929856+11.814073976619776j)
(21.48981335095519+9.04214923935344j)
(23.926714061470562+4.335323157923964j)
(23.834889215955165-0.8994514045343461j)
(21.700194958294126-5.004956958852214j)
(18.803958708291624-7.441708686760457j)
(16.042150689493223-8.565007781676103j)
(13.737826044765868-8.8953499183219j)
(11.90976568553459-8.809571526650016j)
(10.478682323956972-8.527154848286326j)
(9.354227144141113-8.164763906968465j)
(8.46069204242927-7.7814877465558245j)
(7.7403854273932025-7.405978192194705j)
(7.150763183606355-7.051161041497714j)
(6.660693843262331-6.721944240740619j)
(6.247314856686326-6.41922132085634j)
(5.8936855375332815-6.141949684511285j)
(5.587109746438847-5.888228477805558j)
(5.317954533505957-5.655853230309933j)
(5.078819120306893-5.442594898848821j)
(4.8639471721875704-5.246333159301844j)
(4.668807476467128-5.065112774188255j)
(4.489791626866977-4.897159850375892j)
(4.323993603417293-4.740877780547789j)
(4.169047205972716-4.594833501444533j)
(4.023004775972276-4.457739721071641j)
(3.8842456992472907-4.328436038650388j)
(3.751406625352798-4.205870380631865j)
(3.6233277027246333-4.089081351202565j)
(3.4990107698808894-3.9771816445797588j)
(3.3775865971363843-3.86934242218101j)
(3.258289098721812-3.764778427366623j)
(3.1404350384940543-3.662733541744267j)
(3.0234082070214683-3.5624664509703745j)
(2.9066474056353258-3.463236069077458j)
(2.7896378722019612-3.3642863614757226j)
(2.6719060535120156-3.264830206765644j)
(2.553017894890533-3.164031950435802j)
(2.4325811007648586-3.0609883393408954j)
(2.310252140786391-2.9547076021714846j)
(2.1857491533516447-2.8440865864241958j)
(2.058872347005359-2.7278861207259766j)
(1.9295340263515701-2.604705208798349j)
(1.7978009593950592-2.4729553736019927j)
(1.6639524054905375-2.330837590204003j)
(1.528557613415579-2.1763259469827645j)
(1.3925767305376333-2.0071646602212114j)
(1.257488394795789-1.8208885284553504j)
(1.125445094980465-1.6148814286604158j)
(0.9994526583695675-1.3864928079613907j)
(0.8835617960523944-1.133237628000751j)
(0.7830467103638687-0.8531105152976103j)
(0.7045245100643149-0.5450570845130424j)
(0.6558636728165624-0.20968050867524j)
(0.6454177682427976+0.1502134903566021j)
(0.6820995636817685+0.5299063903229798j)
(0.77498492587116+0.9206787029804333j)
(0.9304803587374358+1.310054743553539j)
(1.1512507729474568+1.6830174500675126j)
(1.4351093087935614+2.0232685219906466j)
(1.7744492186690606+2.3152402033930373j)
(2.1567466100800514+2.5463332204726656j)
(2.566131915154808+2.7087129597647226j)
(2.985622962652268+2.800134394827652j)
(3.3993835117150724+2.8236236787463773j)
(3.7944301342589912+2.7862490643323263j)
(4.161493635657272+2.69745819672295j)
(4.495066206844255+2.567462811423293j)
(4.792877386584525+2.4059859295771364j)
(5.055096489159916+2.221480251359271j)
(5.283502231784891+2.0207735047308253j)
(5.480762942485227+1.8090246803698244j)
(5.649883575316325+1.5898668466765018j)
(5.793818686100578+1.3656369959449994j)
(5.9152225364159206+1.1376269028572539j)
(6.0162995044649925+0.9063183672480468j)
(6.0987208884987645+0.6715871944655669j)
(6.163581806374837+0.43287199448225455j)
(6.211372073541536+0.18930481017317347j)
(6.241924688339624-0.06015352664789548j)
(6.254445988500223-0.31657591429781695j)
(6.247451466419519-0.5810317884739685j)
(6.218688246749838-0.8544043710742567j)
(6.16510623480365-1.137234348831797j)
(6.08279818867301-1.4295185278017717j)
(5.966959314396952-1.7304312252274947j)
(5.811897365240717-2.0379567707673596j)
(5.611140747810535-2.348418969655086j)
(5.357717467459572-2.655908449720807j)
(5.044704172914759-2.951643571339701j)
(4.666161714657652-3.2233641479248556j)
(4.218557809746684-3.454955677444612j)
(3.7026894904266685-3.626624027110172j)
(3.1259140154808147-3.716036370967417j)
(2.504166761062152-3.700806160985588j)
(1.8628829635599926-3.5623856002166696j)
(1.2358018921324854-3.2907735800876496j)
(0.6610510056162038-2.888649806505344j)
(0.174990104549353-2.3731449149345125j)
(-0.19442102924876853-1.7740175718627895j)
(-0.43238987440601845-1.1285110651981847j)
(-0.5384890895412517-0.474767274409164j)
(-0.5236978017591968+0.1546184207319001j)
(-0.40887293487804865+0.7367775354125369j)
(-0.21706309199451274+1.2558039087403123j)
(0.029830306202600323+1.7057116015989937j)
(0.31222268221818844+2.086747154062929j)
(0.6142617517642763+2.403136217044461j)
(0.9239219609043862+2.661288738315207j)
(1.2325708268398379+2.868469526402397j)
(1.534341559646461+3.0319384219810788j)
(1.8254953785102286+3.158460940787682j)
(2.103861684206806+3.2540755264703076j)
(2.368385530493601+3.3240221038098348j)
(2.6187808167097906+3.3727628682600246j)
(2.855274306561782+3.4040496963580202j)
(3.0784220364649157+3.421010190738248j)
(3.288980779910158+3.4262363910124543j)
(3.4878200831079282+3.4218678324243688j)
(3.675863530409956+3.4096652348677696j)
(3.8540507121817433+3.391073716074618j)
(4.023313656264478+3.3672758002248697j)
(4.184563246966449+3.3392351381289327j)
(4.338682468362483+3.3077320839540603j)
(4.486524264877662+3.273392278341238j)
(4.628912497896563+3.236709281129315j)
(4.7666449633813395+3.1980621418372945j)
(4.900497776923687+3.1577286258472923j)
(5.031230669856711+3.1158946445738973j)
(5.1595929020730225+3.0726602742312497j)
(5.286329604061007+3.0280425895604166j)
(5.412188425271252+2.9819753818547317j)
(5.537926395219902+2.9343056681516373j)
(5.664316899269338+2.8847867218495975j)
(5.792156628621032+2.833067153532517j)
(5.922272272561126+2.77867533146766j)
(6.0555265597160135+2.7209981386489424j)
(6.192822989327204+2.659252699653231j)
(6.335108167474964+2.5924492571920874j)
(6.4833699883754585+2.51934281893978j)
(6.638628838943809+2.4383705251711105j)
(6.801917340536869+2.347570932123334j)
(6.97424154267957+2.2444806594469924j)
(7.156512442454397+2.126003360481525j)
(7.349430474280283+1.9882463158816566j)
(7.553296190118789+1.8263223570018283j)
(7.767706582767011+1.6341217646113353j)
(7.991077606541979+1.4040749383169016j)
(8.219910491270742+1.1269604307656935j)
(8.447699372260448+0.7918784632485744j)
(8.663382556220911+0.38662711978522235j)
(8.849323699813771-0.10109580568804677j)
(8.979081946989908-0.6810076394479386j)
(9.015856809297825-1.3552782395537284j)
(8.913570156480395-2.1108896870068588j)
(8.623658779798534-2.9106202834972477j)
(8.110135094089891-3.687444044858882j)
(7.370659545568743-4.350521381981313j)
(6.452477546086225-4.808374218034366j)
(5.447885374795407-5.002041835708726j)
(4.465588150886546-4.927621591102742j)
(3.5948118705116614-4.632294788831041j)
(2.884411809455203-4.189354982750678j)
(2.343777599866141-3.6712946044553814j)
(1.9563938507162457-3.1341637002920297j)
(1.6944599109274554-2.614057040064542j)
(1.528849976467304-2.1304217804285956j)
(1.4340242180294915-1.6912528474259965j)
(1.3895593867080591-1.297656956432494j)
(1.379961478081358-0.9470811313583932j)
(1.393826706966974-0.6353209966838486j)
(1.4229066809797413-0.35764600373882577j)
(1.461314756192627-0.10938103288749064j)
(1.5049077129103274+0.11379923819054795j)
(1.5507990120337105+0.3157385821609849j)
(1.5969843927095146+0.4997771870492922j)
(1.6420721854280893+0.6687899415664772j)
(1.6850962374229714+0.8252454756120974j)
(1.7253859723682623+0.9712668275698996j)
(1.7624747913430374+1.1086872954536735j)
(1.7960346305968429+1.2390998410912517j)
(1.8258286825703793+1.3638999945358723j)
(1.8516768186029238+1.4843227806130272j)
(1.8734298715915785+1.601474418941892j)
(1.8909500267870014+1.716359618932383j)
(1.904095317339568+1.8299052779869773j)
(1.9127067337892156+1.942981338177289j)
(1.9165968000247677+2.0564194910291094j)
(1.915538686274128+2.171030357587397j)
(1.9092550508710244+2.287619720301039j)
(1.8974058435901784+2.40700434882072j)
(1.8795742712872623+2.5300279455679617j)
(1.855250019547871+2.6575777396738665j)
(1.8238086307831354+2.7906022795994554j)
(1.7844856371266566+2.9301310144576496j)
(1.736343597835788+3.07729630893556j)
(1.678229536081152+3.233358599958263j)
(1.6087193165684202+3.399735459836077j)
(1.526044110090628+3.578035349090133j)
(1.427992030374452+3.7700967582450486j)
(1.3117749504977583+3.978033122868779j)
(1.1738458504422138+4.204283093425522j)
(1.0096449127782487+4.451663938895344j)
(0.8132415081834273+4.72342203060392j)
(0.5768218151508896+5.023266393942765j)
(0.2899442365357053+5.355354896259706j)
(-0.06155912003504221+5.724168630528904j)
(-0.497225981738365+6.134138841429104j)
(-1.0444497102481018+6.588739333371632j)
(-1.7422525401248898+7.088429946114302j)
(-2.6469399563626874+7.626118942235943j)
(-3.8401361439415274+8.177234189057623j)
(-5.438356959662148+8.678122235900153j)
(-7.597032869544801+8.980118534177613j)
(-10.479322354665019+8.759727145344995j)
(-14.0970990365509+7.387887674579409j)
(-17.854949970716206+3.9443289453268076j)
(-19.99154623706317-1.979863758146077j)
(-18.54116943756546-8.694070427673157j)
(-14.055930830867771-13.267195446243193j)
(-9.050958650351804-14.831544241140985j)
(-5.064985027372514-14.488553464200718j)
(-2.285359758423114-13.38192681277951j)
(-0.4233292866803871-12.112725328369153j)
(0.8234881799022454-10.916336305244233j)
(1.6708068788769896-9.862178218421004j)
(2.2578012569870154-8.956003364004804j)
(2.6722344721898095-8.182630552181386j)
(2.9697575701571264-7.522241205103705j)
(3.1862439899275645-6.956066467776971j)
(3.345288009449545-6.46801238053166j)
(3.462730869026611-6.044808515032881j)
(3.5494196222754364-5.67567895273728j)
(3.6129171061491316-5.351910115696918j)
(3.6585824295001097-5.066446014151755j)
(3.6902673544793254-4.813547707803962j)
(3.7107738789020304-4.588519384689931j)
(3.7221604964471955-4.38749237007584j)
(3.7259507575588087-4.207256159693502j)
(3.72327760707662-4.045126465419764j)
(3.714984761376366-3.8988420097333507j)
(3.7016988281142873-3.7664835664906335j)
(3.68388107102979-3.6464102321205205j)
(3.66186457544773-3.537209019975754j)
(3.6358804759150742-3.4376545205508617j)
(3.6060757002710537-3.3466754921068325j)
(3.5725246432531246-3.2633250379356564j)
(3.5352386206797775-3.186751549338015j)
(3.494178620924678-3.11617079815563j)
(3.449274480478137-3.0508452910812367j)
(3.400444537422735-2.9900783777860975j)
(3.347603070373713-2.9332203817860885j)
(3.2906514056471607-2.8796719477251917j)
(3.2294639548917554-2.8288740092704447j)
(3.1638818120355436-2.780288765119805j)
(3.0937155151586855-2.733381745104997j)
(3.018751443926765-2.687609481536657j)
(2.938757335374223-2.6424114265092027j)
(2.853485723461933-2.5972033602150226j)
(2.7626758861773286-2.5513705126601347j)
(2.666055187751485-2.504259667707013j)
(2.56334047930427-2.455170030285338j)
(2.454239988569633-2.403342765437277j)
(2.3384560183793437-2.34794908613496j)
(2.215688767164977-2.28807669567243j)
(2.085641648000652-2.222714321807976j)
(1.948028596284542-2.150734023004102j)
(1.8025840162599207-2.0708709033707415j)
(1.6490762297316872-1.981699845458197j)
(1.4873255695256504-1.8816088683841607j)
(1.3172286222003613-1.768768763006495j)
(1.1387905857008582-1.6410987851176257j)
(0.9521682731544557-1.4962284825132879j)
(0.7577269238572525-1.3314563880807195j)
(0.5561144909081488-1.1437079519611204j)
(0.3483569562998659-0.929500479832091j)
(0.13597981484575825-0.684949419494336j)
(-0.07870043861338732-0.40602397252192884j)
(-0.2903073216643333-0.08743087937947212j)
(-0.4979221009195623+0.2791637435548919j)
(-0.6949502755897362+0.6957911862632392j)
(-0.8723808646042746+1.1693208462348539j)
(-1.0196792530167877+1.7057496764913753j)
(-1.1231477565242005+2.310025898467491j)
(-1.1653915893177433+2.985188844218509j)
(-1.1249730969856584+3.7309162026191967j)
(-0.976500633148856+4.541504215290561j)
(-0.6915542158120263+5.403332533806516j)
(-0.24095778443949695+6.292098669814952j)
(0.4011203850966635+7.170511812511113j)
(1.2511045692221159+7.9876384348007985j)
(2.3086841294765317+8.681427229968891j)
(3.550163529403363+9.185622764765625j)
(4.925488989544507+9.440857361940603j)
(6.361755356736208+9.407384511085128j)
(7.773812396241371+9.074982241030039j)
(9.079165422676065+8.46578610085658j)
(10.211960395696215+7.628723148305324j)
(11.131355656594604+6.628058227589405j)
(11.82260131164864+5.530705253115593j)
(12.29238634320509+4.3963291727156975j)
(12.56155778657146+3.2719826036666064j)
(12.657977445817894+2.1908787363881705j)
(12.611042745688637+1.173854463839537j)
(12.448235842566337+0.232037162229358j)
(12.193392556744715-0.6303264205298725j)
(11.866162447040487-1.4134214855152007j)
(11.4821709229609-2.119977219898809j)
(11.053530416858086-2.7539219566777837j)
(10.589478839156357-3.31949050151602j)
(10.097014654970943-3.820670400404128j)
(9.581476385722738-4.260881878101035j)
(9.047051756679677-4.6428232420404125j)
(8.497211529478825-4.968432411241772j)
(7.935073343157943-5.2389295360851795j)
(7.363702793702514-5.45492009733097j)
(6.786355761770761-5.616546396958926j)
(6.206661845545721-5.723679085727601j)
(5.628744994940825-5.776140629886383j)
(5.05727504147382-5.773950162745221j)
(4.497443702341828-5.717574886847046j)
(3.95486149779226-5.608168321564845j)
(3.4353780500431803-5.447771793674212j)
(2.9448368560279414-5.239454335413795j)
(2.4887853606090276-4.987368993147053j)
(2.072169743525977-4.696711074930179j)
(1.6990487524698499-4.373575505952943j)
(1.3723602186643424-4.024724413838891j)
(1.0937671149973673-3.6572896647393556j)
(0.8635987017998465-3.2784453456505287j)
(0.6808895071893989-2.8950893303792125j)
(0.5435073722940901-2.51356908471593j)
(0.44835214207805885-2.1394751587736j)
(0.3915977958989702-1.777510651158678j)
(0.36894307945942717-1.4314320106193887j)
(0.37583029463448003-1.1040444455130374j)
(0.40759378064004936-0.797198970601883j)
(0.45961007513786606-0.5116173027101755j)
(0.5281753505280886-0.24665258793905867j)
(0.611414509275099-0.0023073501459448635j)
(0.7059450297606932+0.22017632794408015j)
