(68.60587247243619+0j)
(56.345949204094325-26.421222591975532j)
(36.17820085781184-34.5369711878621j)
(21.964635604578074-32.42538609517758j)
(13.542386240879045-27.828289657139926j)
(8.57039371873977-23.258210387023478j)
(5.539403379692523-19.243003916359577j)
(3.6400955681440736-15.783759173076879j)
(2.442749235918059-12.771746720109434j)
(1.7144336332753936-10.093488101956838j)
(1.3283937261931535-7.652203441578041j)
(1.2201478078666486-5.368026663394108j)
(1.3671631007564473-3.1738233056002j)
(1.7818822779084154-1.011278562920993j)
(2.5145805966151995+1.170817254106325j)
(3.666769331011494+3.413191135608826j)
(5.41943262959483+5.729769782582646j)
(8.08253730852951+8.055702615827624j)
(12.158442824137525+10.096021302380027j)
(18.30232353080086+10.924365120742722j)
(26.56672393488729+8.239146796825988j)
(33.65286129165232-1.0867484575253303j)
(32.387417963248595-14.509217094789852j)
(23.202293147707703-22.65411725605083j)
(13.907478078114726-23.65164095724478j)
(7.599721854333477-21.4099091456626j)
(3.75125322239579-18.441734788758115j)
(1.4245507880582398-15.601444188983125j)
(-0.002979785906851307-13.08078149970891j)
(-0.8875416694032133-10.872121390267937j)
(-1.4292525249578238-8.920833111556881j)
(-1.7420873270020596-7.169365046053711j)
(-1.8917288675567279-5.5678308896677065j)
(-1.9154367673752426-4.074852693150303j)
(-1.8323611270078466-2.6559396230395738j)
(-1.6485982069344662-1.2815745872481397j)
(-1.3590572699053347+0.07435720030815143j)
(-0.9468949288451242+1.4352607736488525j)
(-0.3801380921608223+2.821772082465654j)
(0.3940116205338955+4.249104216878906j)
(1.4597208957094006+5.718790277046242j)
(2.9474905019641064+7.198005481228791j)
(5.048221779004911+8.569728228328652j)
(7.994223879958513+9.524323260490148j)
(11.890213879906183+9.382801181702296j)
(16.162975510660598+7.0806240891267604j)
(18.9034623979274+2.139098261014651j)
(18.136632998968853-3.601701276441812j)
(14.606050880808274-7.342880069959692j)
(10.62026415204466-8.473795418936321j)
(7.42834948489968-7.9719085307674105j)
(5.183873772516593-6.751715590650803j)
(3.6850167015148-5.29160175877445j)
(2.7159213603704964-3.7890057710010603j)
(2.12125509840703-2.3094556303355147j)
(1.8026739047396199-0.8628424716695143j)
(1.7038083236628228+0.5633265699352564j)
(1.7989727137531129+1.9901473346313758j)
(2.0875071756417283+3.4414876779345933j)
(2.59309728202648+4.9404088814818765j)
(3.367773651886369+6.50454891040404j)
(4.500762989820997+8.136306827208898j)
(6.131278829029803+9.800450961203815j)
(8.45803086113304+11.375052093946394j)
(11.715284131369776+12.555007485203834j)
(16.026286157894265+12.711401887804035j)
(20.986913768418308+10.8736080838571j)
(25.13524726719475+6.34991479483008j)
(26.485282012170956+0.04573211815766768j)
(24.575594845777776-5.646996129602233j)
(20.92367413879045-9.141345908139417j)
(17.161178351501615-10.543043489801018j)
(14.029765189900692-10.618821255438725j)
(11.645788835901255-10.009979784139466j)
(9.901348423726432-9.093172019231865j)
(8.655726083141692-8.05979745885981j)
(7.793680909846346-6.99943226743667j)
(7.234299472708722-5.950853191096526j)
(6.926719149696567-4.92943219941957j)
(6.844459352570786-3.9420088015530252j)
(6.9811277856758185-2.996395806368588j)
(7.347168854360782-2.109885744916407j)
(7.965534689062951-1.3197014401441107j)
(8.861636424367903-0.6969067085222941j)
(10.039136823845487-0.3609519830132501j)
(11.431997648645126-0.4797052898405808j)
(12.840703977249232-1.2193783171437818j)
(13.917184846496875-2.614070392394305j)
(14.303437304717058-4.4284838299739j)
(13.880777184108963-6.212822566995082j)
(12.854883987612236-7.575183612118872j)
(11.571147287512408-8.377478271160006j)
(10.30335344609563-8.692066650557246j)
(9.1906348436873-8.665283768346805j)
(8.27367560226875-8.430265749230088j)
(7.544229957514553-8.081657432979323j)
(6.976872912616827-7.6793343963777065j)
(6.5441061569073895-7.258918461636199j)
(6.222005923656257-6.840930632853065j)
(5.991582106498114-6.437097517500044j)
(5.838497148807851-6.054355604412137j)
(5.752508239972947-5.697292813183576j)
(5.72580782165565-5.370047536805851j)
(5.753164633055558-5.077065649653627j)
(5.830494583495159-4.824246637496425j)
(5.953781295342938-4.619692012637281j)
(6.117485748102135-4.474281595709225j)
(6.312255363169052-4.401733547726916j)
(6.521844382932412-4.417439167632867j)
(6.719763059324063-4.534920966863529j)
(6.867543108285539-4.75878009263553j)
(6.918325059029474-5.074675791387736j)
(6.829474295095176-5.441194171505412j)
(6.582287707884508-5.792773096032957j)
(6.1967445958249865-6.059122986658953j)
(5.727191435072496-6.191980251629548j)
(5.2398138864236214-6.180166366483599j)
(4.788837247041675-6.04428707631288j)
(4.405613078376492-5.820078260096734j)
(4.100651818140509-5.543559785881211j)
(3.871113115391679-5.243543836984375j)
(3.7078284882764607-4.940158252760114j)
(3.599826853767804-4.646257226572627j)
(3.536601152407017-4.369530803901385j)
(3.508943739419061-4.114344301776804j)
(3.5090411555559102-3.883059999234694j)
(3.5302505783132063-3.676884896131333j)
(3.56677780771264-3.4963603896356847j)
(3.613359222276324-3.3415997507609325j)
(3.6649923183631516-3.212349381532408j)
(3.716737283034703-3.1079230132378814j)
(3.76360901619773-3.0270428506201204j)
(3.8005820862517137-2.9676203080493337j)
(3.8227305965137712-2.9265182099613516j)
(3.8255156602075227-2.8993505913317277j)
(3.805212298292729-2.880389721750918j)
(3.7594338963210943-2.862654657950493j)
(3.6876702907353938-2.8382407380822556j)
(3.5917188350432756-2.7989068192414237j)
(3.475876984135233-2.736869776152883j)
(3.3467971753048684-2.6456832343545673j)
(3.2129803162728754-2.5210306698073923j)
(3.0839795445098517-2.361268465417215j)
(2.969462479376638-2.167616334610842j)
(2.8783055662465715-1.9439862847640628j)
(2.817861411370092-1.6965272020418054j)
(2.7934701647534474-1.4330080231280404j)
(2.8082127651697752-1.1621594041225802j)
(2.8628547149822503-0.8930551663199728j)
(2.9559153392638535-0.6345643896491532j)
(3.0838144667505767-0.39486559376966235j)
(3.2410797071590243-0.18099921475174063j)
(3.4206250101320306+0.0015581195021431265j)
(3.6141268763761327+0.1492937786067344j)
(3.812526382418776+0.2610025757942651j)
(4.006667617134683+0.33801339704015887j)
(4.188043976343256+0.3842234139750896j)
(4.349575537886323+0.405877908022769j)
(4.486306151388267+0.4110782645011908j)
(4.595905821058856+0.40906136831408474j)
(4.678896696850396+0.4093480322798981j)
(4.738579373753905+0.42088588157689627j)
(4.780699695083048+0.45130321440121113j)
(4.812942695903659+0.5063494520963097j)
(4.844355868909136+0.5895415331991682j)
(4.8847878753937835+0.7019837912040395j)
(4.944390855197602+0.8422957743723827j)
(5.033187780767262+1.0065734355074343j)
(5.160661496106395+1.1883226812024854j)
(5.335285385137718+1.378337100102914j)
(5.563891182455589+1.5645427329243173j)
(5.850764641760923+1.7319040590582433j)
(6.196391199066507+1.8625777981896445j)
(6.595870265023023+1.9366028919608909j)
(7.037211804324659+1.93348311499596j)
(7.500029562245696+1.8349615426189088j)
(7.955471195088254+1.6289757083365553j)
(8.368346167168486+1.314144683828491j)
(8.70198935241081+0.9033369588189875j)
(8.92526423557789+0.4244312797790398j)
(9.019680640407449-0.08302893191522345j)
(8.983898877257245-0.5748751295082523j)
(8.833745129686399-1.0107439145141575j)
(8.597919759987496-1.360911043244571j)
(8.311423390757206-1.6095650565798485j)
(8.009191625432905-1.7544084582527502j)
(7.721583112760304-1.8038530805048962j)
(7.472117874143707-1.7733995557398048j)
(7.276996892551964-1.6823446934692579j)
(7.145653881971927-1.5513136453759062j)
(7.081703931732293-1.4006330887216742j)
(7.0839034713691085-1.2493321865130467j)
(7.146963180369138-1.114514055000717j)
(7.262206757053757-1.0108908869319806j)
(7.41814692048573-0.9503574770587794j)
(7.601074928790951-0.9415587083754282j)
(7.795748649511865-0.9894733216943268j)
(7.986229072413758-1.0950831624327124j)
(8.156865757214423-1.2552203386057976j)
(8.29337735544621-1.4626819172911507j)
(8.383923915424992-1.706670980012703j)
(8.420040982770871-1.973563360858321j)
(8.397326535042135-2.2479378872331877j)
(8.315806647615137-2.513790510594421j)
(8.17990989219639-2.7558243780791267j)
(7.99804222742211-2.960656721151765j)
(7.781839384515753-3.11781633841979j)
(7.54519170903083-3.2204633934509483j)
(7.30313676478333-3.2657930435889537j)
(7.070717253682512-3.2551125496985103j)
(6.861894446193798-3.193609528882983j)
(6.688593053653518-3.089849959240179j)
(6.559937405509865-2.955059000626747j)
(6.48172217430522-2.802248147644144j)
(6.456142918448469-2.645259617025007j)
(6.4817917080926515-2.497802280775537j)
(6.553901784474462-2.3725510888022616j)
(6.6648049475626365-2.280372476815779j)
(6.804549448905083-2.2297220485657876j)
(6.961617490591147-2.226240127951674j)
(7.123681372836749-2.2725492438070116j)
(7.278345212480712-2.3682391221371786j)
(7.413832547100302-2.5100122420725697j)
(7.519595926190952-2.691957866612349j)
(7.586839651946261-2.9059253538839735j)
(7.608956164045277-3.141978648311467j)
(7.581872983563357-3.3889270515649574j)
(7.504294173282551-3.634928727398174j)
(7.377814920662876-3.868153660935075j)
(7.206888235457715-4.077487682296359j)
(6.998616007487061-4.25325116807576j)
(6.762336196568703-4.3878827783321475j)
(6.508998949658643-4.476513480748676j)
(6.250361860364118-4.5173463177041215j)
(5.998076226351955-4.511769536669852j)
(5.762769681307764-4.464165035058683j)
(5.553243979716202-4.381424424673228j)
(5.375892619205692-4.27223825912417j)
(5.234403246524106-4.146264045459025j)
(5.129755723050233-4.013293452861356j)
(5.060474437481128-3.8825256198809206j)
(5.0230570829382675-3.7620183736180475j)
(5.012488681541775-3.6583451839173837j)
(5.0227577497601805-3.576445741721092j)
(5.047313672380006-3.5196307900700834j)
(5.0794312028985-3.4896896093269407j)
(5.112472213073444-3.487048517603755j)
(5.140053137106556-3.510935898101593j)
(5.15613918060721-3.5595195313608374j)
(5.1550947380703285-3.629993416075856j)
(5.131724778797159-3.718603288841089j)
(5.081344948869298-3.820612893435523j)
(4.999918968810086-3.930227618433804j)
(4.884299360768104-4.040509972437659j)
(4.732597953531479-4.143343519341133j)
(4.544689737093379-4.2295264411446505j)
(4.322810498394845-4.28909488033935j)
(4.072142742145371-4.3119732797203865j)
(3.801206502742112-4.289001228813362j)
(3.521814935271557-4.213275880724216j)
(3.248372827935758-4.081585398358087j)
(2.996437575224176-3.895551568899401j)
(2.7807193579952445-3.662051307026016j)
(2.61297038768358-3.3926335234601313j)
(2.5003422634465506-3.1019730811417756j)
(2.4446671612361475-2.8057578635079796j)
(2.4427869774305337-2.5185933762631185j)
(2.487694142822248-2.252435531249746j)
(2.5700423875515854-2.0157949209603814j)
(2.6796008938059295-1.8136632206333552j)
(2.806387845061052-1.6479366349549802j)
(2.941398521557172-1.5180818092605008j)
(3.0769609167558523-1.4218421681561486j)
(3.2068095087034654-1.3558539445621391j)
(3.32598589883363-1.316109202952307j)
(3.4306636866944444-1.2982582308625994j)
(3.51796715462765-1.297776421825702j)
(3.585825217605876-1.3100321180086807j)
(3.632882404832816-1.3302913088643893j)
(3.658477431014142-1.353691580015957j)
(3.662693516701927-1.3752159464461173j)
(3.646479073982994-1.3896985045332473j)
(3.6118291894125543-1.3918975570966463j)
(3.562004403389535-1.3766756203537676j)
(3.5017414330831813-1.3393247805418529j)
(3.437381327364373-1.2760626790502567j)
(3.376810700893322-1.1846897078643503j)
(3.3290971294879936-1.0653354782630902j)
(3.3037253683262073-0.9211382018357j)
(3.3094304216904686-0.7586230823548393j)
(3.352776572067459-0.5875278726101366j)
(3.4368003811253764-0.419919117658484j)
(3.560126433094551-0.2686589297101224j)
(3.7168879295857224-0.14554230782331426j)
(3.897535115955691-0.059589021482469924j)
(4.090306375233897-0.015933687875129433j)
(4.282933366548876-0.015528636572970603j)
(4.4641460845927865-0.05558819425120392j)
(4.624701884560139-0.1305047234319808j)
(4.757871665256776-0.23291871475613116j)
(4.859475307054323-0.35469628778830675j)
(4.927627582760151-0.48768468700518j)
(4.962350189401558-0.6242192551466955j)
(4.965162189217417-0.7574176394439182j)
(4.938711836670398-0.8813204154873193j)
(4.886474188455839-0.9909358449597468j)
(4.812514933863831-1.0822339729036181j)
(4.721308954070516-1.152120654296753j)
(4.617597996470443-1.1984095543182791j)
(4.506271927878764-1.219800848841289j)
(4.39225989774544-1.2158689381792778j)
(4.2804200715768195-1.1870571151656373j)
(4.175418867917304-1.1346738758914647j)
(4.081592906894378-1.0608826734084922j)
(4.002789625092084-0.9686739359968627j)
(3.942186491963173-0.8618050789631055j)
(3.902094868944789-0.7446916334701408j)
(3.8837634629528988-0.6222319715814257j)
(3.8872077764040385-0.4995518893454144j)
(3.9111036061830395-0.38166642012855884j)
(3.9527893150737956-0.2730761468315552j)
(4.0084164872276045-0.1773412311399328j)
(4.0732671138977254-0.09670022395400556j)
(4.142219494763034-0.031811439708010876j)
(4.210303934771187+0.018316379155433767j)
(4.273257195642775+0.0561718261749185j)
(4.3279753820850715+0.08538475060625536j)
(4.372785505629505+0.11023330489178995j)
(4.407501007117273+0.13511101780116574j)
(4.433279229518686+0.16405046103036103j)
(4.452339708976544+0.20037234270739313j)
(4.46761925766939+0.24648769822904823j)
(4.482433134061496+0.3038425710389232j)
(4.500189916125854+0.3729699021076282j)
(4.524182053203482+0.453604748007165j)
(4.5574526229401515+0.5448228009678826j)
(4.602725074443338+0.6451726544383718j)
(4.662376492784395+0.752784294407977j)
(4.73843412204421+0.8654468815549248j)
(4.832577211475454+0.9806569448522027j)
(4.946129992368048+1.0956438396839097j)
(5.080036021155642+1.2073834809643749j)
(5.234809525986569+1.3126144063635528j)
(5.410466390341406+1.4078713421153826j)
(5.606444916461854+1.48954862643159j)
(5.821530755009558+1.5539992491819083j)
(6.0538000511547265+1.5976698207897202j)
(6.3005957212422485+1.617269608033138j)
(6.558556158898607+1.6099655137820932j)
(6.82371414141454+1.5735811752161195j)
(7.0916702189573915+1.5067671433516947j)
(7.357826326512339+1.4091092516179786j)
(7.617650662173867+1.2811526383284062j)
(7.866937763521742+1.1243345359952301j)
(8.102028962104564+0.9408355265771626j)
(8.319967210254768+0.7333724094413927j)
(8.518573823139238+0.5049628046184167j)
(8.696448688355611+0.25869095837819317j)
(8.852905991996339-0.0025025723384142448j)
(8.987862320889858-0.27599436111914866j)
(9.101693169350131-0.5596107696783198j)
(9.195069091731984-0.8517218661554826j)
(9.268776364706888-1.1513003173349368j)
(9.323521322141092-1.4579463838183329j)
(9.359714346674135-1.7718740612380164j)
(9.377230362477318-2.0938449457582307j)
(9.375149043172708-2.425027060463103j)
(9.351491406989076-2.7667480038134755j)
(9.302991324810389-3.1201094149946145j)
(9.2249702953323-3.4854395281900894j)
(9.111416499318533-3.8615916459809556j)
(8.955390574818734-4.24515729557835j)
(8.749865148791903-4.629753297924916j)
(8.489021184476382-5.0056390509454225j)
(8.169855268004019-5.3599678738882j)
(7.793732926159831-5.677897053509522j)
(7.367363106974803-5.944529898334292j)
(6.902713289743898-6.147300981133787j)
(6.415700272682998-6.278130770156392j)
(5.92396115094282-6.334675275886289j)
(5.444369561562594-6.320327341594007j)
(4.991001846277326-6.243105801591147j)
(4.573985315938406-6.113922349702299j)
(4.199276251599566-5.944790269189427j)
(3.8691304176542722-5.747380019530213j)
(3.5829301173458243-5.532086653909177j)
(3.3380801855987845-5.307581704408403j)
(3.1307949745638615-5.080724907248314j)
(2.956702430878372-4.856693660607573j)
(2.8112612295932444-4.6392137737841015j)
(2.690021879275878-4.430813271971618j)
(2.588773393280073-4.2330550974407135j)
(2.503614863165095-4.046728981379586j)
(2.4309840132033727-3.8719980084042804j)
(2.3676668525092333-3.708504010551273j)
(2.3108055672914083-3.5554405335510015j)
(2.257916008742239-3.4116046469941637j)
(2.2069210248228845-3.2754404054720836j)
(2.1562007532867593-3.145087600591375j)
(2.1046553140127124-3.018449184441431j)
(2.051769113403524-2.893288514791525j)
(1.9976600457434115-2.767362377765384j)
(1.9430930452702764-2.6385871131104066j)
(1.8894381003327754-2.5052239369986347j)
(1.8385599428468964-2.3660583987285353j)
(1.7926402179836793-2.2205419796305264j)
(1.7539500566390052-2.068865208035304j)
(1.7246059953236967-1.9119429437745306j)
(1.70634907770404-1.7513111648712756j)
(1.7003824287261486-1.5889544752406126j)
(1.707288073309131-1.427097572062525j)
(1.7270248475999803-1.267997620326165j)
(1.75899266534927-1.1137679942401555j)
(1.8021388467785053-0.9662511009804349j)
(1.8550807783531327-0.8269442391656435j)
(1.9162239158311067-0.6969717226575345j)
(1.9838618677325612-0.5770905754030503j)
(2.0562531380947506-0.46771570055168893j)
(2.1316753272184656-0.3689521865799132j)
(2.208461596938815-0.2806257946226508j)
(2.2850261757558346-0.2023064985523243j)
(2.3598860792644496-0.1333235598474584j)
(2.4316854878356393-0.07277374252067866j)
(2.4992276252837224-0.019526816318221972j)
(2.561516645208999+0.027765637154595593j)
(2.6178090432578247+0.0706511127483132j)
(2.6676706653178255+0.11083997669422394j)
(2.711031915163806+0.1501471547261949j)
(2.748231045584465+0.19041021124614274j)
(2.7800344297605917+0.23338728304390052j)
(2.807624323375258+0.2806438153148411j)
(2.832549114062077+0.33344154527023656j)
(2.8566377065909263+0.3926450692459985j)
(2.8818868315427726+0.4586595732648034j)
(2.9103355653620775+0.5314080346110703j)
(2.9439434878279247+0.6103488169815423j)
(2.9844871002438538+0.6945272467672202j)
(3.033484156817397+0.7826495089123955j)
(3.0921491237461654+0.8731651730734196j)
(3.1613769295529157+0.96434581284693j)
(3.2417478255141825+1.054350565552677j)
(3.333544020186396+1.1412738122025405j)
(3.4367685443160614+1.2231743431704158j)
(3.5511579136844547+1.2980887977512077j)
(3.67618193301065+1.3640347047114743j)
(3.811025990189595+1.4190103318174754j)
(3.9545533255947545+1.4610001385996612j)
(4.105247268478842+1.487996216374137j)
(4.2611368473616045+1.4980477347867298j)
(4.419714217845277+1.489351677009988j)
(4.577859661009306+1.4603979304215797j)
(4.731799594313523+1.4101781272048939j)
(4.8771338363671415+1.3384577332126104j)
(5.008976542796932+1.2460920085479583j)
(5.12225381576499+1.1353379159750874j)
(5.212180720264556+1.0100805766759817j)
(5.2748942217648445+0.8758678724902178j)
(5.3081498921100385+0.7396515303726424j)
(5.31192142609143+0.6091870488414589j)
(5.288712415947534+0.49214795827490315j)
(5.243435640362341+0.39512767605757093j)
(5.182837902059613+0.3227741476211292j)
(5.114599368471696+0.2772791597556366j)
(5.046340079633406+0.25832784740014253j)
(4.984772183614724+0.26346279171968545j)
(4.935152842952817+0.28870530927473176j)
(4.901074062537497+0.32924470497254194j)
(4.884529730364277+0.38004504255242j)
(4.886155208544407+0.4362896816287455j)
(4.905536393300429+0.49364931206916063j)
(4.941512489652915+0.54840075771607j)
(4.992429652177082+0.5974403746132187j)
(5.056329380731214+0.6382353170647505j)
(5.131072574869223+0.6687472941277953j)
(5.214408668850359+0.6873530914201946j)
(5.304002149465138+0.6927773671827385j)
(5.397428720654977+0.6840470750052344j)
(5.492152388799161+0.6604731261206666j)
(5.585494015048421+0.6216628800147611j)
(5.674602073128901+0.5675658816254979j)
(5.756437727199055+0.49855402607242516j)
(5.827788820034456+0.41553503250803087j)
(5.885330397176773+0.3200936652737775j)
(5.925751752858597+0.2146475022739547j)
(5.945969454546092+0.10259259609023395j)
(5.943439099480136-0.01160027313450849j)
(5.916561872001861-0.12239281244988548j)
(5.8651527569983015-0.2233521586062353j)
(5.790897517398541-0.30754336081526623j)
(5.697685602379984-0.3681598843878019j)
(5.591685883186763-0.39934539828408594j)
(5.481054961790815-0.39707825687723186j)
(5.375246054345188-0.3599242191968389j)
(5.284004676397977-0.28945357262009547j)
(5.216249311834181-0.19018874073796302j)
(5.179085284507453-0.06907988270889201j)
(5.177159030620378+0.06535680191538148j)
(5.2124471294304575+0.20402163795112355j)
(5.284444895076956+0.33812105486377775j)
(5.390627670483178+0.45982051710432087j)
(5.527028571759186+0.5626114820690429j)
(5.688799761913124+0.6414212122440718j)
(5.870673519971984+0.6925370386227482j)
(6.067289209932252+0.7134258058937409j)
(6.273388765885211+0.7025171237819723j)
(6.483903522312385+0.6589988001507674j)
(6.693962499534819+0.582653275646204j)
(6.898851840618054+0.473749001016086j)
(7.093951527536498+0.33299102871544173j)
(7.274671724048006+0.16152936195298415j)
(7.436408475915863-0.03898003881719118j)
(7.574537221585188-0.26627001736238287j)
(7.684461955537823-0.5173255685918696j)
(7.761736626764396-0.7882348903657269j)
(7.802271617096102-1.0740555461553416j)
(7.802629834553032-1.3687323521843742j)
(7.760402311917972-1.6651111284558393j)
(7.674631869130928-1.955094050064337j)
(7.546227862788713-2.2299728164375385j)
(7.378291732032354-2.4809510632553216j)
(7.176261940304555-2.699827361262536j)
(6.947798524943722-2.8797619007234783j)
(6.702367280912101-3.0160082693053347j)
(6.450546363742322-3.106474649950133j)
(6.20314623649299-3.151999101607078j)
(5.970283227712775-3.1562803392391534j)
(5.760558088844299-3.125481473510246j)
(5.580459560814385-3.0675932458409894j)
(5.4340522402534965-2.991682709827704j)
(5.322941184411007-2.9071542606350347j)
(5.246454194007086-2.8231193013374414j)
(5.201957711329975-2.7479249404283657j)
(5.185223079100628-2.6888475449623j)
(5.190778225144199-2.651924385432266j)
(5.212205592288144-2.641879261790015j)
(5.242372591654583-2.6620938539558803j)
(5.273602029424408-2.714581436560313j)
(5.297805953160049-2.799929765843072j)
(5.306617896666862-2.917193242946234j)
(5.291566350681978-3.0637305140720024j)
(5.244336070687619-3.2350032931637136j)
(5.157161219696125-3.424376210822602j)
(5.023380894852959-3.622985035338103j)
(4.838157776156874-3.8197670005660314j)
(4.599310766155822-4.001761941822525j)
(4.308145764638107-4.154780951336419j)
(3.970100934915368-4.264484468332436j)
(3.594984168342785-4.317808797900515j)
(3.1966072415451086-4.304547487193407j)
(2.791734909582695-4.21877940322226j)
(2.3984501712354644-4.059800793132193j)
(2.03422477960287-3.8323050699861976j)
(1.7140917879635436-3.5457463810373704j)
(1.4492891440776219-3.213046488912725j)
(1.2465919101788803-2.8489645680909104j)
(1.1083475852372529-2.4684875093105316j)
(1.0330601385560203-2.0855204499794087j)
(1.0162858641707277-1.712018936192065j)
(1.0516098984343218-1.3575695436230022j)
(1.131533945425274-1.0293354653725397j)
(1.2481844713217316-0.7322469163988666j)
(1.393817167537496-0.46932242529797297j)
(1.5611327331303444-0.24203327575104394j)
(1.7434399264663742-0.05064876563188792j)
(1.9347128307005141+0.1054715051216217j)
(2.129582954004881+0.22764748783517788j)
(2.323296101478692+0.3177092015550746j)
(2.5116567185215053+0.3778809969812833j)
(2.6909759162903395+0.4107091276296196j)
(2.858033655291562+0.41902080056642443j)
(3.0100610115351816+0.4059027659666197j)
(3.1447448016316315+0.3746879326001814j)
(3.260253674794402+0.3289392165807269j)
(3.3552817947515283+0.2724209129733987j)
(3.4291033499030807+0.2090495555640388j)
(3.481628506779548+0.14281875655733464j)
(3.5134494505717595+0.0776960387707166j)
(3.525864377052829+0.01749408343371408j)
(3.5208682452354703-0.034276327515721385j)
(3.501102082281203-0.07455987642840133j)
(3.4697575359577217-0.10090178292832577j)
(3.4304395386283684-0.11156841843045284j)
(3.3869962473873634-0.10562928938486303j)
(3.3433305134763-0.08299065514927163j)
(3.303209849986987-0.044377313371476816j)
(3.2700916086239022+0.008734144352768737j)
(3.2469769999634064+0.07422147868966143j)
(3.2363025466047004+0.14944948301465502j)
(3.2398717943087183+0.2314152054540086j)
(3.258824879235461+0.3168930534083849j)
(3.293639787188913+0.4025702230661615j)
(3.344157271435409+0.48516682477688744j)
(3.4096213651952585+0.5615389241660043j)
(3.488728842095783+0.628765807208713j)
(3.5796832918035046+0.6842247127808916j)
(3.6802521169622158+0.7256569289577596j)
(3.7878272078101807+0.7512285917757162j)
(3.899491890066661+0.7595879741350324j)
(4.012097650448471+0.7499188315071149j)
(4.122353918135905+0.7219868900493295j)
(4.2269327573534925+0.6761743012482546j)
(4.322587828107855+0.6134953594808729j)
(4.406283745043227+0.5355864608200763j)
(4.475328581397028+0.4446644981668678j)
(4.527499459851556+0.3434506867027921j)
(4.5611496908007805+0.23506087268874j)
(4.575286315802188+0.12286800619541625j)
(4.569609356934491+0.010346716987921238j)
(4.544508233214342-0.09908712761112626j)
(4.501015901727625-0.20222807059562398j)
(4.440726280942414-0.2962113872962313j)
(4.36568443079625-0.3786127112573663j)
(4.278261136655625-0.44751188263403097j)
(4.18102378221411-0.5015204318991019j)
(4.076613960974487-0.5397759868973018j)
(3.9676397281143103-0.5619096103912281j)
(3.856587393130937-0.5679934527852991j)
(3.7457548786578814-0.5584762607043231j)
(3.6372063167722484-0.5341135297403022j)
(3.5327459023988643-0.4958978095400407j)
(3.4339080748119835-0.4449932091842528j)
(3.3419607352587195-0.382676767973235j)
(3.2579182608066963-0.310288202311009j)
(3.182561368906682-0.22918867033073217j)
(3.1164612796399025-0.14072860118181857j)
(3.0600060099179505-0.04622426424943719j)
(3.013426953452879+0.05305746397090441j)
(2.976824123711856+0.15590681321455097j)
(2.950188562511321+0.26117211272208196j)
(2.9334204643038246+0.3677550344381498j)
(2.9263415769719128+0.47460133045607283j)
(2.9287004817004982+0.580688733343005j)
(2.9401695288881684+0.6850142879456541j)
(2.9603326551248124+0.7865841413896396j)
(2.988664200675432+0.8844096356483733j)
(3.0245003539386097+0.9775141963959372j)
(3.0670070415651907+1.0649555982834922j)
(3.1151507957445124+1.1458671666287474j)
(3.1676817931752677+1.2195187922358477j)
(3.223139800410114+1.2853940268534376j)
(3.2798927479359357+1.3432734724192537j)
(3.3362128746874196+1.3933087871090406j)
(3.3903868036797213+1.4360685237680295j)
(3.440845515455572+1.4725392878002632j)
(3.4862917791543784+1.5040742430865621j)
(3.525800155846122+1.532293793150694j)
(3.5588700909185427+1.5589558189196029j)
(3.5854242740429587+1.5858202698556445j)
(3.605757898763132+1.6145324912085492j)
(3.620454707401376+1.6465423085356674j)
(3.630289787550458+1.683065240215052j)
(3.6361370836529976+1.7250824655231967j)
(3.6388938356436373+1.7733700591896548j)
(3.6394275457677017+1.8285460811849643j)
(3.63854571011319+1.8911253703052386j)
(3.6369853073307463+1.9615747627691151j)
(3.635417811853393+2.0403646046838078j)
(3.6344657185870064+2.1280150616980276j)
(3.634727600114847+2.2251375728143885j)
(3.636810096990061+2.3324728930891885j)
(3.6413667144408257+2.4509277023251776j)
(3.6491448009224032+2.581611913648476j)
(3.6610436913874613+2.72587872937378j)
(3.678188891853814+2.8853692043179464j)
(3.70202963848849+3.062062514395155j)
(3.734470573281731+3.2583320493516768j)
(3.7780531790117933+3.4770053357152912j)
(3.8362097420238417+3.7214216353486473j)
(3.9136228953242207+3.995472911716427j)
(4.016738208357525+4.30359800701826j)
(4.154496158139447+4.650669332306936j)
(4.339370650195831+5.04165315073388j)
(4.58881268068233+5.480815447501972j)
(4.927163710341962+5.970047583587383j)
(5.387925454197389+6.5055507621338675j)
(6.015711714252668+7.071633242271068j)
(6.8657678655686345+7.629962551018003j)
(7.995916659096245+8.103339646997743j)
(9.441404677464307+8.357996637500493j)
(11.163077431404657+8.202488331517095j)
(12.981389686700659+7.440683729524922j)
(14.565065920866642+6.000919948704322j)
(15.562234775542555+4.059121796148245j)
(15.814028534794618+1.9904446042448067j)
(15.43046892212669+0.1528976187131531j)
(14.663785005446694-1.2743932834316207j)
(13.749219359206942-2.284111003389218j)
(12.837716547397788-2.954024269884361j)
(12.003013046094754-3.3778486168832345j)
(11.270343186194022-3.6347702760456353j)
(10.640287862100527-3.7829972696416023j)
(10.103069801382125-3.8626289940670544j)
(9.645817150349686-3.9004792088953315j)
(9.255812113543398-3.9142912955177196j)
(8.921712781331498-3.9158339995508604j)
(8.63383201697871-3.9130196102605015j)
(8.384010339933244-3.9113074400438235j)
(8.165331459830746-3.914616140772945j)
(7.971788233154722-3.9259001123372057j)
(7.797943410477502-3.947485397509708j)
(7.638607106797086-3.981215782169639j)
(7.4885543847472125-4.028430354554697j)
(7.342323509533077-4.089781356414796j)
(7.1941606920806285-4.1649117488361105j)
(7.038195683726477-4.252052797423218j)
(6.868917761317162-4.347671446690659j)
(6.681942329549705-4.4463676307415225j)
(6.4749086549467-4.541230255788414j)
(6.248189661977145-4.62473839080549j)
(6.00505267958473-4.690043184763554j)
(5.7510858923432995-4.732219252141049j)
(5.493039521503339-4.749026355991584j)
(5.237503758795283-4.740942909710327j)
(4.989868477752018-4.710572043092393j)
(4.753801544278199-4.661746816711704j)
(4.53122293576606-4.598670320984428j)
(4.32259695362625-4.525289337169222j)
(4.127345211256143-4.444945229907441j)
(3.9442421642948218-4.36024952816261j)
(3.7717277574385535-4.273101644626376j)
(3.608124267919276-4.184776254227841j)
(3.4517711675177565-4.09603136521522j)
(3.3011001988491793-4.007210003837862j)
(3.1546717364016543-3.9183237257632517j)
(3.0111889646687686-3.8291150951670727j)
(2.869501593556927-3.739100691241717j)
(2.7286069660561694-3.647597946040601j)
(2.587653729982046-3.5537395191196417j)
(2.4459515716720865-3.4564788016401615j)
(2.30298956037642-3.3545899795061254j)
(2.1584651510197332-3.2466661156068812j)
(2.012325595814127-3.1311190620230014j)
(1.864823192628399-3.0061857498839966j)
(1.7165852043988088-2.8699465489219667j)
(1.5686981261565531-2.7203629006395285j)
(1.4228038953786317-2.555343156260704j)
(1.2812022241062981-2.3728471430847513j)
(1.1469480836754447-2.171040775563786j)
(1.023926301382886-1.9485109194261339j)
(0.9168765792823537-1.7045461183685204j)
(0.8313334252999397-1.4394787863591394j)
(0.7734395925986861-1.1550674382995065j)
(0.7495938599666666-0.8548737166672301j)
(0.7659099020952356-0.5445639170859918j)
(0.8274853687642422-0.2320461798162276j)
(0.9375207160456633+0.07269585024278677j)
(1.0965042618156535+0.3581714093509755j)
(1.301598294253533+0.6122291052956681j)
(1.5463101533808234+0.8232019982493054j)
(1.8206715596264051+0.9811891755718202j)
(2.1119319637528307+1.0791889820361271j)
(2.4056354681802405+1.113871878062426j)
(2.686871288110758+1.0858735846438388j)
(2.941465534523881+0.9996142844568874j)
(3.1569345601694927+0.8627606093167798j)
(3.3231181333204063+0.6855023964715131j)
(3.4325101351820964+0.47980691046741086j)
(3.480371486068853+0.25875808742589224j)
(3.4647319838554074+0.03601694384415599j)
(3.386370385044585-0.1746230486318627j)
(3.248819707705044-0.359650906421383j)
(3.0583917739007296-0.5062995131264051j)
(2.824164246383276-0.6031115789294808j)
(2.557837346361012-0.640624546977412j)
(2.2733582870738838-0.6121268555817321j)
(1.986239412331781-0.5143723611939581j)
(1.7125634359214599-0.34809275173777404j)
(1.4677637604868918-0.11814401333681523j)
(1.2653615458814682+0.16682001939625257j)
(1.1158848730473319+0.49513355875485665j)
(1.0261291865597972+0.8532478914070951j)
(0.9989005373726401+1.2270812775459834j)
(1.0333335416189875+1.6032853665346045j)
(1.125574158022117+1.9701863204060335j)
(1.2696469763303795+2.3183752571239262j)
(1.4583677257736218+2.6409375753478126j)
(1.6841634824456062+2.933372941431503j)
(1.939718754935125+3.193304541800693j)
(2.2184237513709655+3.42007960951244j)
(2.514641553570892+3.6143437289254705j)
(2.8238322772054043+3.777644191013231j)
(3.142578634183896+3.9120920042230747j)
(3.4685543983592164+4.0200925089026605j)
(3.800470316954437+4.10414177010301j)
(4.138024707401611+4.166678929544423j)
(4.4818805662375265+4.209981674391153j)
(4.833688784701839+4.236091134742704j)
(5.196179034558382+4.246752313814254j)
(5.573347549651335+4.243355200138006j)
(5.970787337263431+4.226858403573817j)
(6.3962374493409415+4.197668883739581j)
(6.8604867780253995+4.155432758070584j)
(7.378882578805847+4.098650977960823j)
(7.973928924075552+4.0239390662310415j)
(8.679972426798775+3.924518540664665j)
(9.552175601771998+3.7869092003900433j)
(10.685073812165374+3.58294804312992j)
(12.254951561245562+3.2479072086684972j)
(14.62985861088156+2.608775192807527j)
(18.705757216150484+1.0793926562718406j)
(27.066879355821477-4.307218221136007j)
(36.16450138062441-39.98179968003268j)
(-26.674802308309246-24.107777670630202j)
(-14.206456805365049-3.0133182689231326j)
(-7.625540072534697+0.8335556626828211j)
(-4.233175289909344+2.069069761928715j)
(-2.1868048593727187+2.597447485653019j)
(-0.8124400080074995+2.8599063604560957j)
(0.18186572298072087+3.00082034420287j)
(0.9414216514253017+3.07867780643941j)
(1.5464209781031737+3.1208527230937175j)
(2.0447668437687825+3.1415595227565563j)
(2.4669390304259524+3.148779023953167j)
(2.8333803515334384+3.1472665197669563j)
(3.1584520527038684+3.1399828730898793j)
(3.4526887072306387+3.128825357420405j)
(3.724156645401995+3.1150211103102903j)
(3.979316806567869+3.099345713382144j)
(4.223604857215874+3.0822440179267097j)
(4.461848884026784+3.063890772671307j)
(4.698597946359473+3.0442083831558615j)
(4.938411159403447+3.0228470081898435j)
(5.186146806440949+2.99912260927826j)
(5.447290121474119+2.9718976991510853j)
(5.728366110382613+2.939373085206169j)
(6.037502080274963+2.898729640801864j)
(6.385238485696488+2.8455023360328258j)
(6.7857452250969255+2.7724515937680567j)
(7.25869557250409+2.667441563240971j)
(7.832182569137546+2.5092447353504173j)
(8.547139136522636+2.2587425063749476j)
(9.463108042991538+1.8392071466097228j)
(10.660347618452459+1.0890550761211248j)
(12.204548658541379-0.3561190426298004j)
(13.882908336790859-3.325863644303515j)
(13.903904264628103-9.106745469673825j)
(7.480127545565375-15.092728035274973j)
(-1.2354612241054097-12.694051134283589j)
(-3.875453039176599-7.128424133162521j)
(-3.520829458875053-3.505496838265028j)
(-2.619577157397658-1.4594496217756907j)
(-1.7737101479505215-0.24964949079545423j)
(-1.075732237453358+0.5202458398693489j)
(-0.5134107688935503+1.045387347121276j)
(-0.05871544103274402+1.4255583462083352j)
(0.3131928294885022+1.7159473719160265j)
(0.62105154418951+1.9486960109934497j)
(0.8787373058661762+2.143519196235743j)
(1.0965064498466688+2.3131760188133432j)
(1.2819791342480624+2.4663501819770346j)
(1.4408595994619062+2.6092586064082397j)
(1.5774426343511554+2.746600169901705j)
(1.6949635296540762+2.882146779925756j)
(1.7958361110065864+3.019135725215552j)
(1.8818091574860965+3.160552289008195j)
(1.954059693560065+3.3093565459325625j)
(2.013231950312538+3.4686911932479894j)
(2.0594216943973502+3.6421006185849083j)
(2.0920949249045857+3.8337921951355036j)
(2.109914196422135+4.048978808328085j)
(2.1104186825352276+4.294359062959886j)
(2.0894523725807064+4.578823779500033j)
(2.040128973763159+4.914534182527637j)
(1.9508915184534998+5.318614848787467j)
(1.8016887828617745+5.8158610417029415j)
(1.5559545316012156+6.443046456097014j)
(1.1424804609091899+7.2552464357196245j)
(0.4108536313936156+8.331454507918691j)
(-0.9870072106516141+9.754075728515108j)
(-3.907678888460094+11.386116270417746j)
(-10.010631172288225+11.427272310977516j)
(-16.50099022662182+3.5577333498198915j)
(-11.73423692309035-5.975615026789457j)
(-5.134920542302744-7.034101013633281j)
(-1.7593732471822194-5.6406481210581525j)
(-0.11282164189345253-4.2540301317437j)
(0.7630180116966474-3.1683301271990754j)
(1.2688190329866076-2.333887258648503j)
(1.5784994748184227-1.6791074569907616j)
(1.7743792537172216-1.150582302929871j)
(1.8986362903521832-0.7117564540833656j)
(1.974277613263194-0.3376603762151095j)
(2.0144087803090915-0.01089858685130894j)
(2.026632472277553+0.28096305121729376j)
(2.0152597908060854+0.5470546316984941j)
(1.982468300553592+0.7942576670030672j)
(1.9289154567549573+1.027882260169161j)
(1.8540469573597609+1.2520995422077912j)
(1.7562162187288917+1.470205757830375j)
(1.6326705297519326+1.6847566947977721j)
(1.4794273500596522+1.8975828489752906j)
(1.291046534104639+2.1096690175802206j)
(1.060296418283138+2.320849606055349j)
(0.7777163092808221+2.5292242306397896j)
(0.4311076660991443+2.730126163011243j)
(0.005073759768020018+2.914366861859344j)
(-0.5190535132586822+3.065332674420714j)
(-1.1620598294604099+3.154383455094139j)
(-1.942589352373297+3.1341653417141395j)
(-2.866114800831597+2.9307551283103686j)
(-3.9017245554067768+2.4400195297580076j)
(-4.9444997430666024+1.543642532441567j)
(-5.782053943496247+0.170423582129915j)
(-6.126649974355168-1.5950458351863956j)
(-5.771104560027344-3.4496373424643565j)
(-4.768465339203682-4.997328044306321j)
(-3.4103072750565175-5.991977275010047j)
(-2.0219591828834393-6.436278573013901j)
(-0.7978349370781502-6.47720894046657j)
(0.19490442591002258-6.278027138534888j)
(0.9659111667138621-5.960402635914714j)
(1.552335118500365-5.598884666782486j)
(1.9943102503579575-5.234061431406746j)
(2.3260583672560666-4.88582644397075j)
(2.5741882117978787-4.562524155277521j)
(2.758554790020274-4.26641762690756j)
(2.8937023811419675-3.9967402373551315j)
(2.9901993000819407-3.7513315381709504j)
(3.0556909788500595-3.527485339496559j)
(3.0956773020565698-3.3223705742533j)
(3.114067401222586-3.1332235239463198j)
(3.113566894463976-2.9574182916442187j)
(3.095941868353893-2.7924719103109767j)
(3.062192017981476-2.636013067534253j)
(3.0126551145814764-2.485728851199842j)
(2.9470560057035415-2.3392962328088247j)
(2.8645045905171824-2.1943001824214345j)
(2.7634381461344-2.0481355102276413j)
(2.6414938106707564-1.897883541957282j)
(2.4952851728498238-1.7401477302584976j)
(2.320037643383217-1.5708239475647847j)
(2.10900121016947-1.3847689340507874j)
(1.852489554342279-1.175309757354528j)
(1.5362563408856298-0.9335056344979877j)
(1.138633869834609-0.6470612724954403j)
(0.6252543890997346-0.2994012251452939j)
(-0.08703239886455573+0.15954369886652128j)
(-1.0366450160796874+0.7204695467438791j)
(-2.501124828792645+1.482247930547809j)
(-4.957453586945569+2.511873464013804j)
(-9.794215011664361+3.71569944622968j)
(-21.78779414230733+2.3917306499303006j)
(-33.94793058586011-31.903701507863026j)
(6.478186970956574-32.971604727228424j)
(10.28661345125379-19.133892739508838j)
(9.360603829240288-13.629823537158195j)
(8.341587924584102-10.935762629731855j)
(7.52743964993861-9.38155056936846j)
(6.881628403292875-8.384937601552387j)
(6.353388049530806-7.698541540684637j)
(5.90584917944297-7.200927255948149j)
(5.513988248946957-6.82578135422849j)
(5.160703681237988-6.533792279695963j)
(4.834022718911287-6.300053514518961j)
(4.525329598739545-6.107864532642392j)
(4.228257760214473-5.945440870624806j)
(3.9379908234044034-5.804053341203091j)
(3.650820575454186-5.676911589830707j)
(3.363889520701421-5.558455871861361j)
(3.075108005602852-5.443931187779144j)
(2.7831353146013846-5.329347355179343j)
(2.486805229477844-5.211642506807933j)
(2.1844213715345853-5.087666142841738j)
(1.874974945700606-4.953364294162303j)
(1.5586197821977434-4.804944399491585j)
(1.235842101612872-4.639068385882897j)
(0.9073333562426821-4.452412579924827j)
(0.5741659797212518-4.2415360499076185j)
(0.2379092156905773-4.00289527330258j)
(-0.09929545263626109-3.7328785132750983j)
(-0.43466395904585586-3.4278460153756876j)
(-0.7646940962011245-3.0841823121312903j)
(-1.085083858069039-2.6983662223567686j)
(-1.390645455895984-2.267062580876871j)
(-1.6752179828770635-1.7872393880221231j)
(-1.931582611811066-1.2563153149976078j)
(-2.151382839476865-0.6723454589830751j)
(-2.3250463004065853-0.03425221439357582j)
(-2.441706983845885+0.6579033059771907j)
(-2.489148244419578+1.402609838659341j)
(-2.4537858616852932+2.1965261736723205j)
(-2.3206893154340396+3.0340047345530192j)
(-2.073651398097444+3.9065031448525875j)
(-1.6953415957354672+4.801857518198563j)
(-1.1676008726870186+5.703375395588412j)
(-0.471970356086576+6.588698155230586j)
(0.4093932334830075+7.428385837811448j)
(1.4921672938866402+8.184206187195814j)
(2.7872921459493387+8.80719807821541j)
(4.296819017079+9.235790797753813j)
(6.007463900366751+9.394698884970596j)
(7.8812020345954155+9.196109640731382j)
(9.842914838370499+8.54589341218819j)
(11.767168213429137+7.358843014723072j)
(13.470440136575855+5.586852684439424j)
(14.720832998429277+3.2593945004670495j)
(15.279356336916313+0.5235713453593986j)
(14.975319248566015-2.3449801570525026j)
(13.787606999236681-4.989974201971259j)
(11.879506924086861-7.078544197172655j)
(9.550929311478232-8.407632854196711j)
(7.133775782377886-8.94852194713077j)
(4.895710235579344-8.813880288886415j)
(2.9968095771039214-8.185644500215426j)
(1.4968548279550875-7.250250777777754j)
(0.3866418743728837-6.162196979628573j)
(-0.37960240318078886-5.033014677724219j)
(-0.8610599797720639-3.934361813194486j)
(-1.1182113646154923-2.906916299269939j)
(-1.2067425279370885-1.9723595616896832j)
(-1.1712507517099187-1.1410110760659407j)
(-1.0456612722674392-0.4132503619273806j)
(-0.855636428681996+0.21573532961493294j)
(-0.619335729339706+0.7573419453526756j)
(-0.3564504544245905+1.2234611271775684j)
(-0.08021349315343732+1.6213831868669297j)
(0.20111760667597178+1.9593880965294617j)
(0.4815133817177125+2.245687633385282j)
(0.7566709290436366+2.4877918030565667j)
(1.0236633905715107+2.692409624385619j)
(1.280623964084354+2.865470600990126j)
(1.5264865003792498+3.0121820388353573j)
(1.760781561685269+3.1371001949486255j)
(1.9834791830967822+3.244206077561009j)
(2.194869072371005+3.3369811082308836j)
