(31.282723717836177+0j)
(29.72788774317228-6.4476139671315265j)
(25.92644353183182-11.162016002692303j)
(21.319357220754696-13.690667840495127j)
(16.942381219355124-14.41331336918201j)
(13.260689994719359-13.945055190605995j)
(10.358749346044503-12.79727546780106j)
(8.157033300071209-11.302397012966166j)
(6.53655931868001-9.65006807415712j)
(5.39019323464868-7.938820734594612j)
(4.637996239185633-6.214630035225732j)
(4.22918267165039-4.4951564003588445j)
(4.140917253683108-2.784594351213757j)
(4.378013794371818-1.083996955935042j)
(4.97498104158338+0.5986555078193473j)
(6.000354770377407+2.2338262383151917j)
(7.560507149696397+3.7440962249981933j)
(9.791841334998558+4.955414482498677j)
(12.807603102595325+5.517409820377784j)
(16.522553015820368+4.825441266666131j)
(20.284937190627634+2.135693071762925j)
(22.610881585273418-2.7448251635165137j)
(22.007519862452583-8.500654592932449j)
(18.655057547905315-12.936543714273643j)
(14.240034515534806-15.001591212205383j)
(10.190067828842535-15.134479931044142j)
(7.017200401329443-14.180429891909803j)
(4.695016819640118-12.752142405965012j)
(3.041835866314256-11.177227849158466j)
(1.8805359304848102-9.604635079928094j)
(1.0768436065903664-8.092060854578495j)
(0.5376022262872873-6.654687312212175j)
(0.20096512575302006-5.2891239480914525j)
(0.027628845398562547-3.9845945070443234j)
(-0.0052491896312589536-2.728094187236249j)
(0.09228873714330055-1.5068987870397763j)
(0.321090104319559-0.3102664053134498j)
(0.6930677624355193+0.8699673466833869j)
(1.2317221395009519+2.0339830895142614j)
(1.973586491615807+3.1718199250237578j)
(2.9697689273621584+4.252182261638804j)
(4.282519120276323+5.206062844092525j)
(5.968483644019048+5.901057258235844j)
(8.029458534702805+6.114314010436967j)
(10.309688072490017+5.543351058922683j)
(12.37316165084449+3.9446700351965123j)
(13.552466382804319+1.4399884622090844j)
(13.373946363081982-1.3038076008855872j)
(12.002044970807338-3.453872068871691j)
(10.067255473720275-4.597667710891848j)
(8.146680329074387-4.8223453699188354j)
(6.531740141634957-4.416113991622442j)
(5.294633400558246-3.6407883318599232j)
(4.408730813913145-2.6691139307806653j)
(3.8219459716819286-1.598592607249614j)
(3.487452569964369-0.4785984533641038j)
(3.37327824996829+0.6686866395060557j)
(3.4641424616593945+1.83484827890876j)
(3.7614520465041488+3.0165156179490196j)
(4.283560426209926+4.208412075577759j)
(5.066582011902744+5.395590927053843j)
(6.164609291380438+6.542189717291526j)
(7.64571439081526+7.573880942715923j)
(9.57525308577497+8.352711470215837j)
(11.970776602318523+8.651309230760809j)
(14.712274205799126+8.157574624690907j)
(17.42958559675327+6.577392820403839j)
(19.49658335034693+3.8790707193258367j)
(20.30938040367261+0.5161512609655803j)
(19.71625778798604-2.7202272186707566j)
(18.10942919960793-5.186685065848968j)
(16.079982630742833-6.681239632083575j)
(14.079469157757083-7.338810190765966j)
(12.335903959368087-7.403955564786444j)
(10.91952686263979-7.095320293769306j)
(9.823359021833086-6.568519264160886j)
(9.013909713369369-5.923516344870562j)
(8.455445279582074-5.222100300761096j)
(8.119422031206463-4.503341508350217j)
(7.986988876304262-3.7950854492729342j)
(8.048335742856072-3.1225509799097875j)
(8.300009330997547-2.5154038064545796j)
(8.739670638560344-2.0139948521905686j)
(9.356756103022157-1.6739627926792193j)
(10.117695363701458-1.5657296140525974j)
(10.94775955464785-1.7620921070142241j)
(11.720434673773834-2.3073720442888326j)
(12.274784363401405-3.1742047191241105j)
(12.472377492527112-4.239059211310823j)
(12.265399572375113-5.313545317217902j)
(11.7183863095846-6.222468114646591j)
(10.964353550672515-6.867946645121539j)
(10.138980628161232-7.23768834109542j)
(9.340508284958021-7.373272915043568j)
(8.62332965599566-7.334403606279926j)
(8.008962170164853-7.177160647649222j)
(7.499597680896718-6.945897088965726j)
(7.0881741539868255-6.672749604898254j)
(6.764361093315476-6.380009171513653j)
(6.517605837107813-6.082949948482242j)
(6.338434743812965-5.792246799171008j)
(6.219061538323552-5.5156946368198145j)
(6.152384776693439-5.26004702678312j)
(6.132680317982547-5.031316895195187j)
(6.154438956266349-4.835846783050112j)
(6.211606623681197-4.680680091490596j)
(6.296518171753924-4.573624022992617j)
(6.398618241649023-4.52275740002554j)
(6.503180341394769-4.535077474433024j)
(6.590572703693224-4.614010994500395j)
(6.637043429995748-4.755893289867991j)
(6.6181299916831575-4.9464368984210125j)
(6.514949814093354-5.1593931723110185j)
(6.3214812175493424-5.3598571677705795j)
(6.0488171377361795-5.512555854967158j)
(5.722975439410853-5.591685247375433j)
(5.376886802312671-5.587015496990021j)
(5.041097989133435-5.503513623548912j)
(4.737705721813457-5.3561532078515945j)
(4.478872612928282-5.163665852360014j)
(4.2685096323019165-4.9439380192624816j)
(4.1050521349419755-4.711730812598565j)
(3.983964499862038-4.478155496715521j)
(3.8994830415976516-4.251074204392507j)
(3.845624491378856-4.035811970266375j)
(3.816665222919324-3.835852003278317j)
(3.8072977995048105-3.653385440931368j)
(3.8126172574852153-3.4896910020020546j)
(3.828035207567874-3.345362429224424j)
(3.849181423195376-3.2204132203950024j)
(3.8718299840593526-3.1142881146575085j)
(3.8918752175344786-3.025809233483876j)
(3.9053758004440247-2.953085873103954j)
(3.9086784823091034-2.8934210362401096j)
(3.898622660633017-2.843252850903862j)
(3.8728120250454867-2.798171702722419j)
(3.829920431790733-2.75305009020734j)
(3.7699797827998225-2.7023080814459903j)
(3.6945847418907243-2.640311525729338j)
(3.606950498047111-2.561866612407353j)
(3.5117803732324275-2.4627424214569915j)
(3.414937578488274-2.3401350392887132j)
(3.3229592011316624-2.1929917844553963j)
(3.2424853811058143-2.0221424796095206j)
(3.179690248142132-1.8302267655045557j)
(3.1397903286738367-1.6214468392401653j)
(3.1266778309631595-1.4012004524815267j)
(3.1426932980570927-1.175654187604374j)
(3.1885265787566426-0.9513054332388641j)
(3.2632233336874137-0.7345621026618897j)
(3.3642759458273392-0.5313516836574327j)
(3.487787216223015-0.3467620703578262j)
(3.6287055774530783-0.18471717756458023j)
(3.7811363880726963-0.04769822161897325j)
(3.9387320151634153+0.06346711980648151j)
(4.0951524543706705+0.14971571664761302j)
(4.24456977154075+0.21372617531273394j)
(4.382169645036695+0.2597385715567849j)
(4.504590327898067+0.2932155770208835j)
(4.610240349109672+0.3203723587469925j)
(4.699452934663097+0.3476278030537485j)
(4.774463036424618+0.3810427521474412j)
(4.839223237485291+0.4258076885777439j)
(4.899098119869537+0.4858243285630822j)
(4.9604864164464875+0.5633995927662326j)
(5.030415005037503+0.6590450853404477j)
(5.1161317946003235+0.7713578748130194j)
(5.224701607293024+0.8969532135746215j)
(5.362586432221609+1.0304279493399913j)
(5.535174414443553+1.1643539850938374j)
(5.746215975585535+1.2893325645224678j)
(5.99713703750307+1.3941794198179773j)
(6.286236837221978+1.4663510790818293j)
(6.607849480309347+1.4927488035661425j)
(6.951654559956183+1.4610215714444286j)
(7.302441202343661+1.3613969571791449j)
(7.640702938343571+1.1888721603991903j)
(7.944374373603102+0.9453194887609018j)
(8.191733749743415+0.6408141777277031j)
(8.365013932968438+0.29346877585343023j)
(8.45379330703251-0.07258987185945501j)
(8.457092892127928-0.4307989258982163j)
(8.383476117665309-0.7563406950932245j)
(8.249185447429602-1.0297361390718542j)
(8.075038257949664-1.2389760172929634j)
(7.883079795400039-1.3799560427543065j)
(7.693803388519625-1.4555608314371975j)
(7.52432155330259-1.4740087847722119j)
(7.387475961036326-1.447026476597133j)
(7.291652332290768-1.3882152241821348j)
(7.24101826806506-1.3117546379700094j)
(7.235958285743713-1.2314373330990853j)
(7.273570291591034-1.1599583693534363j)
(7.348168220249433-1.1083719797960456j)
(7.451789693814802-1.0856502943846051j)
(7.574733761209285-1.0983134255511213j)
(7.7061567978202135-1.150134289684778j)
(7.8347408745549005-1.241947110996031j)
(7.949425043535008-1.3716012331651561j)
(8.040162983267216-1.5340995353783218j)
(8.098647761690886-1.721943709266558j)
(8.118933664710488-1.925681130408474j)
(8.097889512073932-2.1346194236077727j)
(8.035432285205223-2.3376524753570274j)
(7.934510387732364-2.5241237698969523j)
(7.800836325489099-2.6846431617088125j)
(7.642401116931168-2.8117814551974574j)
(7.468823710030101-2.9005878120602433j)
(7.290598282529582-2.9488970102192176j)
(7.118305037770523-2.9574142675797526j)
(6.961847230341059-2.9295842602509596j)
(6.829769749198047-2.871266843963271j)
(6.728704258070963-2.7902542812775484j)
(6.66297375377313-2.695673666142946j)
(6.634375960623585-2.597323836816593j)
(6.642150663263316-2.5049980922509465j)
(6.683121716323692-2.427842000226884j)
(6.751991397691079-2.3737893134577996j)
(6.841754578485438-2.349108991535005j)
(6.944194203319902-2.358083876069122j)
(7.0504184224685575-2.4028285825121105j)
(7.151403048919333-2.4832426663018135j)
(7.238509609120906-2.5970867191469473j)
(7.3039573182951205-2.740164679595987j)
(7.34123470772277-2.906595380950269j)
(7.345441131753822-3.0891590742613917j)
(7.31354874735701-3.2797075523079795j)
(7.244573293625484-3.4696264625215485j)
(7.139640226776055-3.6503350578625025j)
(7.001932556601787-3.813803484527976j)
(6.836508261599642-3.953060429549826j)
(6.649981222016612-4.062654457158572j)
(6.450072935462159-4.139024437794865j)
(6.245061536850682-4.180733589839923j)
(6.043174949512769-4.18853119537538j)
(5.851990210580689-4.165225960312622j)
(5.677905714249136-4.115381708034593j)
(5.525744498213765-4.044873299235466j)
(5.398525972432144-3.960361199868445j)
(5.297415757324569-3.8687515899573524j)
(5.221835735648212-3.7767037078463455j)
(5.169695631365684-3.6902297973574716j)
(5.137697257534841-3.614410943735869j)
(5.12166330055614-3.553230241358679j)
(5.116851497657207-3.5095077137268773j)
(5.118228350367398-3.4849113197293597j)
(5.120690439193994-3.4800150161348133j)
(5.119233608198717-3.4943766416655038j)
(5.109079807214858-3.5266135590257695j)
(5.085778113264981-3.5744612162981757j)
(5.045300570163026-3.634808336756337j)
(4.984155037284129-3.7037120328734963j)
(4.899535884228574-3.77640672555006j)
(4.7895281123575995-3.847332171339261j)
(4.653369604011918-3.9102171849259983j)
(4.491757751348579-3.9582640611908713j)
(4.307159997113152-3.9844790236705565j)
(4.104055850418261-3.982178906690092j)
(3.8890101542460176-3.9456669734828167j)
(3.67047022835605-3.871010882188146j)
(3.458211610488057-3.756786290738421j)
(3.2624373082417084-3.6045993917669232j)
(3.0926485115564186-3.4192066293777184j)
(2.95650712968133-3.2081305537017664j)
(2.8589481836380948-2.9808100236681874j)
(2.8017426108124353-2.747464572765452j)
(2.783577517654864-2.5179310614819044j)
(2.8005722547637006-2.300712186166481j)
(2.8470495865110226-2.102379632533324j)
(2.91636192095517-1.927353928079353j)
(3.001618395000477-1.7779908577103387j)
(3.096230553449804-1.6548630571763774j)
(3.1942590406658895-1.557126954930953j)
(3.290587063738207-1.4828901528685723j)
(3.380967792211378-1.4295268521778741j)
(3.461996705758668-1.3939190889371875j)
(3.5310525935530443-1.372623757717923j)
(3.5862392005475203-1.3619784316580792j)
(3.626348160757421-1.358164988887173j)
(3.6508546440505887-1.3572522414231118j)
(3.6599496748699964-1.355239575289746j)
(3.654605994665884-1.3481241157122672j)
(3.6366661493704333-1.3320138655815752j)
(3.608931153416407-1.303307159519807j)
(3.5752156819610237-1.2589520957797236j)
(3.5403233567289414-1.1967852535898327j)
(3.5098883196367066-1.1159246684796233j)
(3.4900348781448605-1.0171587401138669j)
(3.486834203301906-0.9032379494594304j)
(3.505589694163049-0.7789553840980372j)
(3.5500522548882922-0.6509148514064739j)
(3.6217285943615782-0.5269449685900386j)
(3.7194652826356043-0.41521640669198284j)
(3.8394439285918796-0.3232227328965669j)
(3.9756150756622977-0.256844342375059j)
(4.120472632518099-0.21969650642092534j)
(4.265982564394554-0.21287294468485243j)
(4.4044637581367185-0.2350786458978754j)
(4.529270382757833-0.28305131887993706j)
(4.635208917120912-0.35212982646282454j)
(4.7187003819209385-0.43683901599009184j)
(4.777746048112094-0.5314019112029705j)
(4.811769861227439-0.6301376912494673j)
(4.821402623697882-0.7277411473589354j)
(4.808254300509177-0.8194610358317868j)
(4.774701278591106-0.9012029304461078j)
(4.723699918230093-0.9695815947308981j)
(4.658627515636758-1.0219430507758693j)
(4.583146137560028-1.0563704733945218j)
(4.50108236298198-1.0716823917348246j)
(4.4163155398540095-1.0674270176256115j)
(4.332667865409815-1.0438728511903486j)
(4.253790953079977-1.00199281314002j)
(4.183045420758437-0.9434367796863393j)
(4.123372530172924-0.8704854462183189j)
(4.077160254507973-0.7859770626693173j)
(4.046110535737112-0.6931982374487621j)
(4.031119805241903-0.595731509286104j)
(4.032190351969827-0.4972567319782485j)
(4.048394210141495-0.40131121946999926j)
(4.077911491417746-0.31102471429159495j)
(4.118159112036547-0.22885744391427845j)
(4.16601271370054-0.1563789165807262j)
(4.218106012493918-0.09412719755956293j)
(4.271172492252955-0.04158013504357484j)
(4.322380572725372+0.0027484340844011533j)
(4.369610680246919+0.04109888259465321j)
(4.41163323711066+0.07617695372422284j)
(4.448167770250566+0.11083488066934026j)
(4.479828287203026+0.14777276996134567j)
(4.507980849796679+0.18929944038842944j)
(4.534550403879891+0.23717345918763166j)
(4.561814228669278+0.29252598991588197j)
(4.592211476138629+0.35585252652332766j)
(4.62818654077164+0.4270529651175249j)
(4.6720724371979445+0.5054983337302843j)
(4.726011448887656+0.5901058642518556j)
(4.791904880595034+0.6794096465094672j)
(4.871381494198591+0.7716200474452954j)
(4.9657743320875065+0.8646703600059524j)
(5.076097341431902+0.956253353094019j)
(5.203015976769108+1.0438534432021367j)
(5.346809499421743+1.1247820084126456j)
(5.507326697119178+1.1962236244125533j)
(5.683940509468171+1.255299468452085j)
(5.875509653343992+1.2991511938894666j)
(6.080356590668485+1.3250451750986838j)
(6.29627168273375+1.330493411189829j)
(6.520552902549651+1.3133827815456545j)
(6.750087335902254+1.2720990376366224j)
(6.98147406574892+1.2056283125214267j)
(7.211179639490332+1.1136194500866414j)
(7.435710086774723+0.9963954201928101j)
(7.651779564017928+0.8549099934194756j)
(7.856456007846993+0.6906545127736625j)
(8.047268333536273+0.5055268653380037j)
(8.222266361130487+0.3016790161370351j)
(8.380031856951296+0.08136010746578298j)
(8.519644992122542-0.15323033003583084j)
(8.640613979659884-0.40006871441902286j)
(8.742776442747738-0.6574073017285452j)
(8.826179805213101-0.9238447741274775j)
(8.890945791288454-1.1983658487919446j)
(8.937122231013428-1.4803473017744517j)
(8.964524959991765-1.7695251742552254j)
(8.972574662297536-2.0659144574226405j)
(8.96013877560209-2.369669551773937j)
(8.925397395042458-2.6808731653093045j)
(8.865763971176374-2.999245656152864j)
(8.777904333420212-3.323779275470719j)
(8.657906304076597-3.652325043489399j)
(8.501648682570849-3.9811941317325252j)
(8.30539238599943-4.304874433562548j)
(8.066560642574554-4.615990837345195j)
(7.7845938710863525-4.9056305917528995j)
(7.461683441553232-5.164091028126337j)
(7.103151298655119-5.381985015852487j)
(6.717292125440273-5.551497050962938j)
(6.314637713913793-5.667488502472243j)
(5.906788490513347-5.728165906366151j)
(5.505097004490266-5.735158312785742j)
(5.119514332829076-5.693037559690587j)
(4.757819957548276-5.60846894272075j)
(4.425307230708006-5.489239114911703j)
(4.124863861640799-5.34337271758315j)
(3.857314482580683-5.178462017561403j)
(3.621883185603062-5.001243941912921j)
(3.416664929021679-4.817396253661888j)
(3.2390387940064707-4.631495608759241j)
(3.085995007220048-4.447076893378521j)
(2.954374180034983-4.266743755927981j)
(2.841031518126436-4.092295173793459j)
(2.742944132782754-3.924846828505017j)
(2.6572796559598504-3.7649369044179557j)
(2.5814418421592698-3.61261350563042j)
(2.513105344671549-3.4675058372703935j)
(2.45024812401746-3.328884372246585j)
(2.391186191041781-3.195716963694206j)
(2.3346115901631266-3.066728487714542j)
(2.2796307051714044-2.94047103689505j)
(2.2257963654748933-2.815409690879063j)
(2.173124430141676-2.6900252805033724j)
(2.122084414912037-2.5629305009178744j)
(2.073555226232259-2.432989995095145j)
(2.0287416667284948-2.299430077038027j)
(1.989054623429616-2.1619214120049017j)
(1.955966102941264-2.020619695765993j)
(1.9308570442823263-1.876155480516043j)
(1.9148787045136588-1.7295734479783018j)
(1.9088461532145977-1.5822309693707015j)
(1.9131756587438584-1.4356727857340992j)
(1.9278687366824927-1.2915011457254928j)
(1.9525371754412797-1.1512585362356353j)
(1.9864576647386198-1.0163346075555846j)
(2.0286426182231363-0.8879021681907511j)
(2.0779149833824304-0.7668811584829558j)
(2.1329780739031494-0.6539254778430627j)
(2.192475407064282-0.5494257263006713j)
(2.25503914997962-0.45352098274808034j)
(2.319328500704686-0.36611405683152703j)
(2.384060977816116-0.2868866005005332j)
(2.448040230342357-0.21531257652233057j)
(2.510183766520837-0.15067054492036613j)
(2.569553097606697-0.09205684355582533j)
(2.625387350284995-0.03840284840507592j)
(2.6771395807775242+0.01150005342275548j)
(2.724513052279871+0.05896451207821616j)
(2.7674929463170357+0.10535829954084548j)
(2.806367798754862+0.15204259338275644j)
(2.8417348312496133+0.20030035599873683j)
(2.8744845979632747+0.25126047243816263j)
(2.905762973461244+0.30582537724787884j)
(2.9369120278001364+0.3646105693633792j)
(2.9693949477153447+0.4279032954873265j)
(3.0047129076377908+0.49564490462012845j)
(3.0443229110363537+0.5674375968920033j)
(3.089564837002333+0.6425724820607163j)
(3.141603537346923+0.7200729687396804j)
(3.201388558892064+0.7987461189385932j)
(3.2696307677746446+0.8772348272954948j)
(3.3467925214572145+0.9540651980941405j)
(3.4330864386323925+1.0276857507212986j)
(3.528477295295008+1.0964975424152348j)
(3.6326819441293545+1.1588765681595683j)
(3.745163160544542+1.2131916973191683j)
(3.865114765065637+1.2578229142035973j)
(3.9914371902575803+1.2911857950254333j)
(4.122704924560907+1.3117689857949884j)
(4.257130145508112+1.3181918019664318j)
(4.392530508836273+1.3092885607836577j)
(4.526313445713427+1.2842241901921347j)
(4.655493916617741+1.242641096602363j)
(4.776766048808314+1.184829307081902j)
(4.886649089470034+1.1119002606429358j)
(4.981721484004139+1.0259306516394204j)
(5.058940809631946+0.9300303880154824j)
(5.1160214934602415+0.8282847809174214j)
(5.151811706900689+0.7255332342121704j)
(5.166586900075428+0.6269791138473464j)
(5.1621747134418+0.5376732701170372j)
(5.141854307416686+0.4619607624919568j)
(5.1100286473253025+0.403004858662373j)
(5.071731254680991+0.3624891145928108j)
(5.032072807475889+0.3405497640097187j)
(4.995739748772882+0.33592719202562465j)
(4.966627634443808+0.3462733574919572j)
(4.947643545450122+0.36852899203789075j)
(4.9406660254991435+0.39929136498388257j)
(4.9466219697527745+0.43511913706353944j)
(4.965630742277812+0.47275094929754263j)
(4.997171455721743+0.5092386304248452j)
(5.040242101473795+0.5420103245949327j)
(5.093492785645439+0.5688843038705711j)
(5.15532626680021+0.5880537130628813j)
(5.223966326155494+0.5980590431247279j)
(5.2974986887284965+0.5977609175787183j)
(5.373891250171087+0.5863219712904283j)
(5.451001240101217+0.5632035927835211j)
(5.526577423612012+0.5281809956456623j)
(5.59826596924155+0.4813781239853891j)
(5.663629361819154+0.42332179729747216j)
(5.7201885790872415+0.3550117379059833j)
(5.7654992090151325+0.27799923103152563j)
(5.797271400057414+0.1944618918068207j)
(5.813540276582834+0.10725559227148523j)
(5.812886315943208+0.019918133194169584j)
(5.794693154656517-0.06340496353360071j)
(5.759413711157103-0.13814059639117032j)
(5.708797285658102-0.19959093159447502j)
(5.646016613079772-0.2433523504492944j)
(5.5756332609213555-0.26581040753665286j)
(5.503359736111631-0.26463564481968777j)
(5.435618173003492-0.23918256373490643j)
(5.37894885618723-0.19069807306017336j)
(5.339368080514995-0.12228169577711732j)
(5.3217939956674805-0.03859857324257773j)
(5.32964149356836+0.0545934674298991j)
(5.364639839210255+0.15100258415982823j)
(5.426869322209495+0.2443416649072092j)
(5.514966980773798+0.32876603236063046j)
(5.626428880548511+0.39916896892956816j)
(5.75793784470833+0.4513329313486921j)
(5.905662805410904+0.48196160498389506j)
(6.065498796142569+0.48863052719080113j)
(6.23323725031417+0.4696945946807929j)
(6.404670997475837+0.4241842824205817j)
(6.575646774268847+0.3517133343299748j)
(6.742081614270012+0.25241194264879196j)
(6.899960043164034+0.12689228053619522j)
(7.0453281633276905-0.02375221211648931j)
(7.1742994229282795-0.1979166915457094j)
(7.283085445010454-0.39343067061375747j)
(7.368063520073464-0.6074904091528586j)
(7.425889625890226-0.8365930493167114j)
(7.453661302712657-1.076492155086883j)
(7.449127607187082-1.322198134797963j)
(7.410933377177112-1.5680485461178058j)
(7.338872815832705-1.8078704390121008j)
(7.234115038094913-2.035247719852537j)
(7.099355341759335-2.2438901725540834j)
(6.938845061188936-2.428078706437724j)
(6.758263679878112-2.583138103187313j)
(6.564420224789966-2.705871001642292j)
(6.364803015610143-2.7948823850174778j)
(6.167029291349194-2.8507366977023145j)
(5.978268948279655-2.875918403911173j)
(5.804721873978272-2.8746036631779677j)
(5.651214445043331-2.8522848448787497j)
(5.520952773860945-2.8153110982018412j)
(5.415437664397849-2.7704125250167912j)
(5.334518499267902-2.7242643073415582j)
(5.276546542520918-2.6831265023627218j)
(5.238583818493776-2.6525724494899667j)
(5.216629472680903-2.637299615753463j)
(5.205837257954028-2.641004240282969j)
(5.200711566625089-2.6662957826083615j)
(5.195282436914426-2.7146278656510767j)
(5.183270672110494-2.7862276223147937j)
(5.158261944858789-2.8800138610228596j)
(5.11391306866644-2.993505497039547j)
(5.044213741846836-3.1227347368959064j)
(4.943821669952884-3.2621937125948723j)
(4.8084763437017735-3.4048567173795763j)
(4.635475655082123-3.542329217604993j)
(4.424170750070879-3.665173885203445j)
(4.176402705688653-3.7634468315965255j)
(3.8967794869541543-3.8274401329990355j)
(3.5926866753043174-3.848572260833884j)
(3.2739529334140776-3.8203087367049693j)
(2.952154190426854-3.7389527532496727j)
(2.639626390356707-3.6041423882141164j)
(2.3483375216897513-3.418938818267986j)
(2.088813607641713-3.1894788552417066j)
(1.8693009537742622-2.9242653922739654j)
(1.6952826906077274-2.633244924615343j)
(1.5693775961837972-2.326848087706843j)
(1.4915665978640078-2.0151454697582025j)
(1.459641335784074-1.7072146074659265j)
(1.4697564718494143-1.4107500905627455j)
(1.5169848524831737-1.1318971137328928j)
(1.5958072473828806-0.8752588453777799j)
(1.700502257249913-0.6440187911723194j)
(1.8254287763148274-0.4401241244578188j)
(1.965211173195851-0.26448756619050884j)
(2.1148467952771197-0.11717944294699918j)
(2.269757633656912+0.002405526262847224j)
(2.4258059642150247+0.09541278477715634j)
(2.5792903315052302+0.16342379911424443j)
(2.726934478346488+0.2083793341559816j)
(2.865878159386099+0.23252402620682408j)
(2.9936754517205024+0.23836507867544754j)
(3.1083032420918992+0.22863763654929614j)
(3.208179966953622+0.20626969956214183j)
(3.292192347818525+0.17434024207414803j)
(3.3597258128473446+0.13602554204649184j)
(3.4106926429909756+0.09453061759684064j)
(3.4455508360320333+0.05300509998609634j)
(3.465306495941248+0.014445682866276292j)
(3.4714934382963762-0.018409831402218305j)
(3.4661257246688724-0.04318936323683981j)
(3.4516218450102425-0.057985113235997504j)
(3.4307028478439547-0.06143436899109157j)
(3.406270261356772-0.05277426860535032j)
(3.3812724730818875-0.0318648084146977j)
(3.3585697716105796+0.0008220819906304276j)
(3.340808205915143+0.04424575756802965j)
(3.3303108532010843+0.09686736259700471j)
(3.328992407463418+0.15674029692979838j)
(3.338299821204307+0.22161235964178447j)
(3.3591787000990876+0.2890316731862204j)
(3.3920627861254866+0.35644992910924916j)
(3.4368824648170677+0.4213185274509482j)
(3.4930878483612204+0.481175319034643j)
(3.559682469601065+0.533721492077636j)
(3.6352646986348236+0.576889395211087j)
(3.718075338474263+0.6089026292302744j)
(3.8060511497756626+0.6283295751135569j)
(3.8968850210812263+0.6341307714614549j)
(3.9880939322777147+0.6256994110632297j)
(4.07709563395122+0.6028929559841519j)
(4.161294068051545+0.5660527709965911j)
(4.238172091196745+0.5160080438035483j)
(4.305388263444346+0.45406034545871793j)
(4.360872674432124+0.3819461254802257j)
(4.40291539685798+0.30177620994555165j)
(4.4302405627515995+0.21595376149270684j)
(4.442059507835487+0.12707477659647576j)
(4.438097973815969+0.037817543827264516j)
(4.41859480280512-0.0491709140783181j)
(4.384272492330299-0.13138288314166582j)
(4.336282876211773-0.20654464446064982j)
(4.276133547097155-0.2726916957375857j)
(4.205602077475794-0.3282208128666187j)
(4.126645485670733-0.371917883168463j)
(4.041311815334541-0.4029628383204633j)
(3.9516594034696255-0.42091485664708916j)
(3.8596877341505573-0.425682133147005j)
(3.7672820349243605-0.41748093470559433j)
(3.676172219858109-0.39678848959241647j)
(3.587905565951705-0.3642936880312784j)
(3.503831678276673-0.3208487855242399j)
(3.4250978281709994-0.26742446392656216j)
(3.352652567170788-0.2050698297580372j)
(3.287255539048614-0.1348782767872216j)
(3.22949154910825-0.05795962948380283j)
(3.1797871355877834+0.024581396209950153j)
(3.138428075580399+0.11166065825033233j)
(3.1055764216767736+0.20222444164076794j)
(3.0812857996690126+0.29525435734613215j)
(3.065513814173311+0.38976815600162207j)
(3.0581305370679877+0.48481757998605646j)
(3.0589222393331017+0.5794846908493057j)
(3.0675898321774357+0.6728784742982167j)
(3.0837419802468498+0.7641338992476837j)
(3.1068836045656685+0.8524158970335446j)
(3.1364015351576+0.9369307756831128j)
(3.171550347055922+1.016947180155477j)
(3.2114427197631388+1.0918276274842933j)
(3.255049617942293+1.1610697427203276j)
(3.301215662768341+1.2243536811353546j)
(3.348693700335132+1.2815893009933992j)
(3.396199496429677+1.3329543220982734j)
(3.442483015600421+1.3789140679107423j)
(3.48640796145873+1.4202153064827714j)
(3.527027783352305+1.4578512400298977j)
(3.5636456897966005+1.4930008017676173j)
(3.5958489510544975+1.5269512118644053j)
(3.6235132025898937+1.5610162732315134j)
(3.646778792105646+1.5964630497367636j)
(3.666006414933386+1.634456590134662j)
(3.681721981242868+1.6760275754599707j)
(3.6945605981795144+1.7220628887783955j)
(3.7052174432012985+1.773315466911051j)
(3.714410296677377+1.830427957940381j)
(3.722855627524946+1.8939645259863969j)
(3.731258012066599+1.9644460653876938j)
(3.74031150596419+2.042385490838082j)
(3.7507112772595845+2.1283211783994544j)
(3.7631741140811252+2.222847767875272j)
(3.7784671140039876+2.3266442938544216j)
(3.7974447814499777+2.440499986242877j)
(3.8210958279491485+2.5653380996095265j)
(3.8506021870399265+2.7022378017433097j)
(3.887414179103509+2.852453420366921j)
(3.9333474879774064+3.017429053613161j)
(3.9907097497441533+3.198804374110275j)
(4.062467178298621+3.3984038258299067j)
(4.152464693735571+3.6181953558122473j)
(4.265716023837184+3.8601947443072815j)
(4.408781833830577+4.126274973832758j)
(4.590250638811927+4.417813168376023j)
(4.82132116678113+4.735065596209423j)
(5.11643920596436+5.076099908617706j)
(5.493833919577973+5.435036589490679j)
(5.975571058735762+5.799289418496417j)
(6.586316765428154+6.145553502381082j)
(7.349355113896305+6.434736584102592j)
(8.277782728746287+6.607366186846687j)
(9.359299728743911+6.5837166663476765j)
(10.536964463103617+6.276123887973492j)
(11.69736349400133+5.619883484089979j)
(12.685825982360685+4.615867818187263j)
(13.357807931703096+3.3557665210650556j)
(13.64048843306013+1.9989164460030384j)
(13.557561159561745+0.7090258680680646j)
(13.201408312082178-0.4022040012220671j)
(12.683186697191593-1.291188350852386j)
(12.096519453602106-1.9656049739002075j)
(11.50491307978215-2.4588215949586534j)
(10.944594360249068-2.81077181787475j)
(10.43249780551353-3.058031808513021j)
(9.973788089626389-3.2303564728092664j)
(9.567231311263622-3.3505122702975574j)
(9.208527582984185-3.4353703672836997j)
(8.89219111811199-3.4972536612123513j)
(8.612519478813876-3.545138629174575j)
(8.364031100661732-3.5856018938022234j)
(8.141606867981592-3.6235156634347683j)
(7.940474398978149-3.6625295070699018j)
(7.756116249573049-3.7053769824647285j)
(7.58415357319633-3.75403727061966j)
(7.420245045816439-3.809774813085458j)
(7.26003932759503-3.8730796733052744j)
(7.099220282894026-3.9435412577689877j)
(6.933678261620596-4.019708231309236j)
(6.75981773650113-4.099011611836j)
(6.574965874733742-4.177840632742376j)
(6.377786704848597-4.251840684543918j)
(6.1685600691014315-4.3164365611237185j)
(5.949192027184177-4.367487590257486j)
(5.722902209149649-4.4019025067753095j)
(5.493654845405077-4.418035119839848j)
(5.265497324531246-4.415760798533368j)
(5.041988179643538-4.396254379911614j)
(4.8258346443213735-4.361583832840666j)
(4.618765663589431-4.314260461663106j)
(4.4215920091542635-4.25685353775264j)
(4.234374690639882-4.191720524712126j)
(4.056629405874302-4.120855403452687j)
(3.8875187604243178-4.045830425679232j)
(3.726008923367182-3.9677989811709464j)
(3.5709853760512873-3.8875311590144674j)
(3.4213323417989177-3.8054616860730177j)
(3.275984367533263-3.721737882865361j)
(3.1339588921581227-3.6362613584282353j)
(2.994377415969002-3.548721171781779j)
(2.856481237613783-3.4586185501339752j)
(2.7196462069453275-3.36528453194276j)
(2.5833997405938973-3.267892571436121j)
(2.4474424553474905-3.165468539147903j)
(2.311676097065181-3.0569008974095087j)
(2.176238847358282-2.940954245082852j)
(2.0415484255387453-2.816289966508535j)
(1.908352503001938-2.681498376744018j)
(1.777784631517993-2.5351474463037835j)
(1.651421975018904-2.375853732425737j)
(1.5313384805162125-2.202381224565951j)
(1.4201436912445182-2.013772947074418j)
(1.3209933919362264-1.8095177021878694j)
(1.2375542884356063-1.5897495428385646j)
(1.173902157885308-1.3554698338549174j)
(1.1343332182892079-1.1087710555437786j)
(1.123074084513499-0.8530289439926458j)
(1.14388833291379-0.5930176429574322j)
(1.1995985454827942-0.3348942334926458j)
(1.2915745601818438-0.08600100720906563j)
(1.4192712242231402+0.14553690379485862j)
(1.5799012956916+0.35139721634182747j)
(1.7683199779625065+0.5237786392282101j)
(1.9771808079943924+0.6561585097549695j)
(2.19736695877725+0.7439665421310574j)
(2.4186378750615662+0.7850647876685136j)
(2.63038785975064+0.7799686343194244j)
(2.822400684899307+0.7318018562751087j)
(2.9855036688295136+0.6460314578984485j)
(3.112065740254729+0.5300591740420945j)
(3.1963298569346583+0.3927499722237434j)
(3.234605407846542+0.24395869581444665j)
(3.225362605359315+0.09408542399063648j)
(3.1692679068390466-0.04633980168673793j)
(3.0691821684665905-0.16706263106531347j)
(2.9301189406210884-0.2585263042843237j)
(2.7591370353060682-0.3123264520527581j)
(2.5651268396588027-0.3216931851779882j)
(2.358450140011737-0.2819651209844809j)
(2.1504119435866027-0.19099160668926088j)
(1.9525783917940165-0.04938325131496058j)
(1.7759990389128626+0.13946318158793228j)
(1.6304297908930179+0.36960739287435507j)
(1.5236679310778296+0.6330668491631961j)
(1.4610975260613461+0.9205180914881362j)
(1.4455129905526165+1.2220993334510266j)
(1.477233812998887+1.528187019560673j)
(1.5544545866256103+1.8300360216933913j)
(1.6737422421934416+2.120224579836693j)
(1.830591286176523+2.3928883584219625j)
(2.019958956652758+2.6437623130563703j)
(2.236725043405315+2.8700734696220507j)
(2.4760487202452732+3.0703370534886423j)
(2.733618626732788+3.2441048769103373j)
(3.005808712383206+3.391704062924131j)
(3.2897608779567737+3.5139910761929527j)
(3.5834180020019173+3.612133904450285j)
(3.8855298726910847+3.687425565461089j)
(4.195651971661825+3.7411250471121718j)
(4.514154573240006+3.7743166463472306j)
(4.84225834179229+3.787774313711843j)
(5.182113370329627+3.7818125175565633j)
(5.536942246071692+3.756097190334622j)
(5.9112754056027255+3.7093760620186034j)
(6.311320536152182+3.6390607345152297j)
(6.745529711269368+3.5405402462373443j)
(7.2254612105322105+3.405999610390798j)
(7.767076485277753+3.222293052532544j)
(8.392641450534526+2.9669273490545427j)
(9.133279262666742+2.600060558985682j)
(10.03132021669194+2.0476109306658414j)
(11.137029279565576+1.1635210129210987j)
(12.472378751348963-0.35711242531419957j)
(13.830825680865738-3.1565709539772566j)
(13.893816385374514-8.2478578346512j)
(8.705741793661414-14.319776016477935j)
(-0.5503039066102122-13.303221763480806j)
(-4.172318063923638-7.181518369916949j)
(-3.711500871401299-2.856798067142704j)
(-2.4410565608229793-0.5186029864199718j)
(-1.2571241040332937+0.7595792339014651j)
(-0.2866503773967456+1.500197589344919j)
(0.49668516257999057+1.9535972846456549j)
(1.136442876497476+2.24342613164915j)
(1.6688714172650305+2.434422241201759j)
(2.120969483859272+2.5626227126178027j)
(2.5124413824200174+2.6491874470333703j)
(2.85779079427585+2.707102706434259j)
(3.167909919800271+2.74462115170703j)
(3.4511955818079323+2.767116400396809j)
(3.714322992087061+2.7781239571636047j)
(3.962789357783741+2.779941910894836j)
(4.201307328636897+2.7739797520342124j)
(4.434102931786488+2.760952762255716j)
(4.665155633285876+2.740971690620751j)
(4.898407503814767+2.713549687709358j)
(5.13796204720352+2.6775291774972363j)
(5.388289286191978+2.630913603516981j)
(5.65445023581748+2.5705669938705236j)
(5.942347579121349+2.4917108036015825j)
(6.258992511735235+2.387090872529118j)
(6.612730807584591+2.2455871578313733j)
(7.013242637797885+2.0498600106147853j)
(7.470781936862779+1.7723181507419874j)
(7.9931770710372465+1.3682334701440741j)
(8.576587994068111+0.764525121423826j)
(9.179640522645988-0.15528153991037966j)
(9.657902617522952-1.5551894338077359j)
(9.634824935959427-3.566665049066088j)
(8.435315511640598-5.9389087289549884j)
(5.689882314354445-7.548933750659804j)
(2.4805597890653717-7.238319442227686j)
(0.33675564521625373-5.515670179533527j)
(-0.5368577588810024-3.601350636372028j)
(-0.665729386584439-2.0547431163696217j)
(-0.4752983355025182-0.9194987447158034j)
(-0.17635280858923177-0.10043537497415995j)
(0.13539326624194006+0.5102047175807171j)
(0.43069835432519593+0.9677429380777189j)
(0.6979863493539793+1.3259859634945401j)
(0.9355436486900998+1.6157306697628457j)
(1.1453705112626107+1.8578891488781515j)
(1.330547888266849+2.066891091599713j)
(1.4942488335590458+2.252981707294412j)
(1.63937482931916+2.4236915202439953j)
(1.7684498833452917+2.584786626556719j)
(1.8836183105019433+2.7409012390598138j)
(1.9866801148594733+2.895978231167671j)
(2.079135723857783+3.053597185287139j)
(2.1622282616078548+3.217243169133271j)
(2.2369785305193988+3.390556097217007j)
(2.304210475044403+3.577596434365564j)
(2.364565214328605+3.7831672984094813j)
(2.4185003592462073+4.013247725116313j)
(2.4662678255097528+4.275623225262626j)
(2.5078558415944063+4.580862272225513j)
(2.542864362752486+4.943913884209592j)
(2.5702445145490387+5.38687005873055j)
(2.5877346542856006+5.944046550999146j)
(2.590550166330668+6.672043307663896j)
(2.568005239635753+7.671603427541215j)
(2.493434672853948+9.141306251860138j)
(2.2870753200435825+11.534187586667038j)
(1.6251819011294761+16.151626325464715j)
(-1.9289435995654998+28.718232778788764j)
(-118.28163248674434+45.76063688569343j)
(-5.323006603553242-27.99302295840672j)
(0.553807335563154-13.01725834291777j)
(1.678274577443156-7.880006290277128j)
(2.0840925166564355-5.290265072538068j)
(2.274476718335693-3.7176580798811933j)
(2.375245082560821-2.6502396495615583j)
(2.4300939121640477-1.8688109206061114j)
(2.457390359225964-1.263832837694849j)
(2.465791723243035-0.7743579660104398j)
(2.459606263171952-0.3636342575610798j)
(2.4409291966718167-0.008034639715949483j)
(2.410580695020543+0.30847102045648495j)
(2.368536626726254+0.5972931882497611j)
(2.314117751947309+0.8669286452042807j)
(2.246047011203122+1.1239898757286462j)
(2.162419633813856+1.3738530517863026j)
(2.0605997660272077+1.6210780454078086j)
(1.9370389140966588+1.8696807205470676j)
(1.7869965199372129+2.1232946200787435j)
(1.6041264973594833+2.3852265892104025j)
(1.3798720566380378+2.658375231975455j)
(1.1025820303310032+2.9449267792666425j)
(0.756225625823152+3.2456439863549824j)
(0.3185517563356781+3.558369952339918j)
(-0.24143041556410075+3.8749815761439246j)
(-0.9664860179920031+4.175266120938712j)
(-1.913377255806748+4.414813951461287j)
(-3.1491287567251494+4.502148399732168j)
(-4.725564357085992+4.260940987494594j)
(-6.59497308772452+3.391394498236959j)
(-8.426275615392072+1.5212625804678934j)
(-9.451367680125967-1.4488491760060844j)
(-8.872069757184775-4.810087102308564j)
(-6.813887881799642-7.343625169438021j)
(-4.268830254683363-8.496548630851372j)
(-2.042046485473873-8.592070551169545j)
(-0.3715869775516884-8.149291151407253j)
(0.8057294384506197-7.516011269176734j)
(1.6203171460069667-6.860794957039833j)
(2.1842133784681894-6.250819206260803j)
(2.5771806378701805-5.70624158071897j)
(2.8526967905936327-5.227772830744863j)
(3.046076046138774-4.8090510280927505j)
(3.180706923380516-4.441839515169878j)
(3.2722340285420892-4.118061338981047j)
(3.3312416323149368-3.8304873415775824j)
(3.3649578524806802-3.572871445881359j)
(3.3783401699284474-3.339873455518683j)
(3.3747722059627283-3.1269120902038208j)
(3.356514085751948-2.930005124310635j)
(3.3249938728157087-2.74561628189536j)
(3.2809938731801824-2.5705125068469847j)
(3.22476469663886-2.4016282834195786j)
(3.1560864114139258-2.2359302468929103j)
(3.0742866332609333-2.0702724837999495j)
(2.9782180363832156-1.901228857578902j)
(2.86619130640967-1.7248819739229815j)
(2.7358525805654774-1.536537186872745j)
(2.5839847377950527-1.3303107020274423j)
(2.4061959017158414-1.0985055040374974j)
(2.1964296676802855-0.8306205993799344j)
(1.946175477024641-0.5116987895561669j)
(1.6431390582975882-0.11939611120945479j)
(1.2689671638229811+0.38175813459999713j)
(0.7967596525984848+1.0522171374327083j)
(0.18580993368604373+1.9977119860375492j)
(-0.6348794400748488+3.4318446540259897j)
(-1.769360490032593+5.856482828919899j)
(-3.247836994194082+10.714160896958917j)
(-2.9220663620519867+23.574137439461207j)
(39.72714580717984+40.85317776164216j)
(34.4112438574733-10.802372669407616j)
(18.747569697042444-11.877927957354622j)
(13.18295890571842-10.15471586714706j)
(10.4797144759252-8.8833521007325j)
(8.88137213803199-8.00250644883926j)
(7.810269030208438-7.3725021589542665j)
(7.026920991426893-6.904781176560925j)
(6.415280994387463-6.545857290276977j)
(5.91253428538667-6.262338815355554j)
(5.481754294309028-6.032414507286301j)
(5.099798735307221-5.84117588818413j)
(4.7514060522797275-5.6779773139516285j)
(4.426090320300237-5.53488706159865j)
(4.116408998705729-5.405741921792097j)
(3.8169538247260113-5.285549927579055j)
(3.5237469975854028-5.170108343691557j)
(3.233865957140629-5.055773271990921j)
(2.9451624259260982-4.939332125847831j)
(2.6559983159710776-4.817862623004288j)
(2.3651190145519454-4.688487088232548j)
(2.0717682481215745-4.548231945412465j)
(1.7757656607792616-4.394127398074502j)
(1.4774155989454112-4.22328493418198j)
(1.1774366333937372-4.032857673344689j)
(0.8769749233351297-3.819994918561901j)
(0.5776513483150326-3.581836465442809j)
(0.2816135336719051-3.3155358610608645j)
(-0.008411275971475467-3.0183019201706944j)
(-0.28906142562109705-2.687456050704077j)
(-0.5562840512247367-2.3205065616736964j)
(-0.8052775013263274-1.9152418229584465j)
(-1.0304357588579343-1.4698433503415729j)
(-1.225302640386923-0.9830190717598081j)
(-1.382554049737324-0.4541687385342784j)
(-1.4939977327549943+0.11637144783283587j)
(-1.5505058062443038+0.7270397401449598j)
(-1.5419847604773291+1.3748370651479673j)
(-1.4575019661827537+2.0550316819261125j)
(-1.2854347194900435+2.760724263743133j)
(-1.0136592586467095+3.482358542354707j)
(-0.629859961253624+4.207167480023169j)
(-0.1220170037254792+4.918532283920719j)
(0.5208502790218622+5.595254864547951j)
(1.3075695847470095+6.210774518029888j)
(2.2431730954041083+6.732414676004504j)
(3.3265288512893845+7.120847776502052j)
(4.547043006797318+7.3301406687928425j)
(5.880321946347023+7.309008162334375j)
(7.282990190947192+7.004237262061182j)
(8.687545975014551+6.367514288303779j)
(9.999318752240354+5.366730795385621j)
(11.099063170706488+4.001622090872643j)
(11.855485173827246+2.3206800952209896j)
(12.150086404579573+0.43209057323657135j)
(11.910472649550814-1.501180021624937j)
(11.139624111884379-3.288334382098731j)
(9.924728313101374-4.754254185837944j)
(8.41729575455203-5.781504528735609j)
(6.792810669819338-6.331485774470186j)
(5.20938124955285-6.438041909959544j)
(3.781711088412207-6.182353219783392j)
(2.574608769084256-5.664037836084315j)
(1.6104508115189633-4.979201788203599j)
(0.8827040382766544-4.208733934427394j)
(0.371071358172688-3.413591316549071j)
(0.04853811833958813-2.625126290316863j)
(-0.13894524497247335-1.8658895476666344j)
(-0.21768219054609664-1.1736139820389755j)
(-0.2029224508191674-0.5478712895862222j)
(-0.1544809664705111+0.005351578559792378j)
(0.024168488827908976+0.484115206558233j)
(0.19880955535822267+0.9217812580212087j)
(0.3965512279513162+1.3014357947387822j)
(0.6091573135646878+1.6307547679278436j)
(0.8298716290204049+1.9156974850382409j)
(1.0536085120949468+2.1617555083649727j)
(1.2766415629236032+2.3740235329667922j)
(1.4963201273950866+2.557177275324174j)
(1.710836884361436+2.715462838876858j)
(1.9190415723174898+2.8527059968003723j)
(2.120293447477497+2.972336663233995j)
(2.3143456210005255+3.077423124520668j)
