(12.236790892081483+0j)
(12.047236610229323-0.8901621594268729j)
(11.621652188364294-1.5863591284572212j)
(11.081715101249197-2.094604250650852j)
(10.478809337146709-2.4278337931180882j)
(9.852666456538682-2.5914674031268197j)
(9.240606646672271-2.5931923584036816j)
(8.67703086613353-2.4458775835440507j)
(8.192377360606491-2.1673573553234484j)
(7.81288983658263-1.7794398142006445j)
(7.561060360335402-1.3072317057339302j)
(7.456270454279255-0.7792501528235849j)
(7.5150634715828994-0.22845608873877424j)
(7.750408220576242+0.30589772228690104j)
(8.169202588965499+0.7760267751042633j)
(8.767212677814118+1.123980604090097j)
(9.520983386955256+1.2825769178570408j)
(10.377641707476988+1.1820112407653047j)
(11.246610397178431+0.7654380483869089j)
(12.001392043236887+0.01365324360920414j)
(12.500610353939345-1.0293393293223383j)
(12.628755509272947-2.247447805991703j)
(12.33915122315647-3.475629985306489j)
(11.671602241065619-4.549385851075276j)
(10.732265076154288-5.352492374222985j)
(9.651326106728332-5.8370472199649965j)
(8.545198148713231-6.0135275334849j)
(7.497867518297746-5.926668527332606j)
(6.559632494131345-5.632938050322669j)
(5.7546640709537655-5.1863422140259345j)
(5.090310020442868-4.632166735627409j)
(4.56475648057101-4.005780327912647j)
(4.172268709676435-3.3338997735837985j)
(3.9063660528693878-2.636722988995537j)
(3.7615330016879174-1.9301735505634743j)
(3.73395506785072-1.2279966730645389j)
(3.821563685678789-0.5436799579138171j)
(4.023474927984652+0.10776294502661801j)
(4.338739738332864+0.7081602335286786j)
(4.764205186700659+1.2348773485128957j)
(5.291273495604245+1.6603106945766863j)
(5.901590721584684+1.9530642529716584j)
(6.562416432721124+2.0820329105071282j)
(7.2237069072383555+2.024363162650921j)
(7.820264028541005+1.776633326343072j)
(8.28204435856176+1.3653694155128495j)
(8.551997907839658+0.8500912851590187j)
(8.604494592853683+0.3134950566696531j)
(8.454094725962037-0.15917397203766664j)
(8.149319600522672-0.5015173759677608j)
(7.755848100403396-0.677756465985788j)
(7.338959478737902-0.6819884754466214j)
(6.952400542778814-0.5295040112926755j)
(6.6349254626273-0.2466049413534112j)
(6.411970138105951+0.13707307584588985j)
(6.299360504404491+0.5927242358497039j)
(6.306989070461132+1.093665812513978j)
(6.441514167746238+1.6147951388230661j)
(6.707789987830488+2.131058334605513j)
(7.108961399617468+2.6155192879760873j)
(7.645158298891273+3.037509869631711j)
(8.310702336189568+3.3614511902522377j)
(9.089897391639902+3.547232242133727j)
(9.952033802343362+3.5533497434443695j)
(10.847322535821663+3.3439297880594863j)
(11.706779979311964+2.899595697115605j)
(12.449440565774202+2.229509451596383j)
(12.997974087339994+1.3788164628151431j)
(13.298548836453614+0.42518686066249095j)
(13.336009089203632-0.5371749355182995j)
(13.13635420181713-1.4199069936483204j)
(12.755799649037211-2.1589379867878113j)
(12.263223968168408-2.722044226445019j)
(11.724449983566458-3.105752540995473j)
(11.193005071332946-3.3265735643096477j)
(10.707365569680029-3.41171767429176j)
(10.29231053515019-3.3921332334825656j)
(9.961890375995763-3.298461076423233j)
(9.722372593128428-3.1593137348412212j)
(9.574395814555425-3.0009792198929026j)
(9.514122744076017-2.847745441654638j)
(9.533478381225615-2.722220366961518j)
(9.61973676681425-2.6451671914578347j)
(9.754891890588976-2.6345058216407704j)
(9.915443951786042-2.7033494281851045j)
(10.073354167335411-2.857345889626404j)
(10.198755111697208-3.0921560909723422j)
(10.264357530988509-3.3923533802236245j)
(10.250488714398987-3.732903259914867j)
(10.14893343478932-4.083412436933206j)
(9.963951071259535-4.413936250971462j)
(9.71009503016861-4.700280641321728j)
(9.407930320353357-4.927090135276217j)
(9.079425000494936-5.08824270582531j)
(8.744425389763544-5.185234096305247j)
(8.418748421094643-5.224695124491746j)
(8.113689651963398-5.215989806950035j)
(7.836426742175923-5.169386230724117j)
(7.59081467514617-5.094901276794156j)
(7.378229097345738-5.001706839315526j)
(7.1982795411909954-4.897919503897773j)
(7.04947760312385-4.790388223968705j)
(6.92905323778081-4.685603907873531j)
(6.8337536897317985-4.588761325001469j)
(6.7595976478157915-4.504365990440658j)
(6.7019017993182-4.436135889593797j)
(6.655264128931706-4.386860381113821j)
(6.613606705311968-4.358151864541724j)
(6.570354377173306-4.350118988024828j)
(6.518815166613193-4.361037488953351j)
(6.452787243612674-4.3871428079894175j)
(6.367338199353608-4.422693479988692j)
(6.25960091165962-4.460422409731159j)
(6.1293539605114455-4.49238604089382j)
(5.97916357152756-4.511065619740053j)
(5.8139854871918955-4.510446376276649j)
(5.640314333507624-4.486781728321575j)
(5.465125443493706-4.438862645333976j)
(5.294896357162751-4.36779447334929j)
(5.1349158386543605-4.27643497285071j)
(4.988951109488186-4.168704346760476j)
(4.859225628364321-4.048944421355587j)
(4.7466004516690194-3.9214264406421737j)
(4.650849059804218-3.790032102758847j)
(4.5709438377697005-3.6580844549535967j)
(4.505307991954724-3.5282858268157797j)
(4.452015751137765-3.4027200316715636j)
(4.408942164035182-3.2828853749154376j)
(4.373872999835058-3.169736519704692j)
(4.34458817195477-3.063723482667613j)
(4.318931409920622-2.9648238804550084j)
(4.294876350068224-2.8725700943883314j)
(4.270595730082267-2.7860766515085853j)
(4.244536389903524-2.7040751202815634j)
(4.215498574630889-2.624964258963579j)
(4.182713951809942-2.5468819662029016j)
(4.145913331761445-2.467802732888486j)
(4.10537300961556-2.3856599819490025j)
(4.061928614844082-2.298487493903144j)
(4.016947763352934-2.2045690355578813j)
(3.972257521895017-2.102581543803185j)
(3.9300289168674127-1.9917158423807866j)
(3.892627123871643-1.8717604341822476j)
(3.862441090264302-1.743138174992443j)
(3.8417090448767763-1.6068916015201828j)
(3.832356233437343-1.4646189438596728j)
(3.835858690794866-1.3183680656436505j)
(3.8531429063365716-1.1704989194546647j)
(3.8845269970609184-1.0235264521919907j)
(3.9297053544084113-0.8799557084951707j)
(3.9877760571690497-0.7421199096494525j)
(4.057308519294021-0.6120312172220547j)
(4.13644742110589-0.4912530959387858j)
(4.223047449436757-0.38080263623588584j)
(4.314831426155644-0.28109051616110253j)
(4.4095620591265305-0.1919049539029775j)
(4.505215209169539-0.11244359090376833j)
(4.600140907605751-0.0413936325030025j)
(4.693198091175401+0.02294390886463182j)
(4.783850594595928+0.08249462611017358j)
(4.872215321818286+0.13922832426916068j)
(4.959058137494936+0.19496850068409077j)
(5.045737935710332+0.2512084835442599j)
(5.1341035366022565+0.3089472630095933j)
(5.226350776466526+0.36855513802764567j)
(5.324848136886201+0.429676218167481j)
(5.43193882361512+0.4911725338924699j)
(5.549726167907477+0.5511136841938684j)
(5.679848688612447+0.6068167354368371j)
(5.823252272846775+0.6549429955207655j)
(5.979970609899098+0.6916601667741163j)
(6.148931552866906+0.7128784471736113j)
(6.327815759901093+0.7145652064240221j)
(6.5130025759649826+0.6931328314650579j)
(6.699642755881613+0.645877240622453j)
(6.881893183769786+0.5714219173447065j)
(7.0533305416440815+0.47009934846204j)
(7.207527572245041+0.3441874470254554j)
(7.338732208629532+0.1979232226808608j)
(7.442548883551493+0.03724630797059309j)
(7.5164994679097274-0.13072163840214332j)
(7.560351830806179-0.2983933265040646j)
(7.57614864579361-0.4585100038401271j)
(7.567934688576458-0.6048771399374903j)
(7.541244887466419-0.7329249472304503j)
(7.502456767900727-0.8400251458810359j)
(7.4581199168977825-0.9255526850197475j)
(7.414355734845225-0.9907285581368495j)
(7.376386053833734-1.038306507952968j)
(7.348213401913592-1.0721716301380466j)
(7.3324484352890185-1.0969090274316173j)
(7.330264707969064-1.117384241137636j)
(7.341455998211192-1.1383611064349972j)
(7.36457305736672-1.1641707480612686j)
(7.397120933717481-1.1984385836987732j)
(7.435802027913503-1.243873491349912j)
(7.476792204387376-1.3021229578295304j)
(7.51603728150409-1.373698239776034j)
(7.549555595140195-1.4579729258840515j)
(7.573730112334578-1.5532560096846872j)
(7.5855719283141045-1.656936570161161j)
(7.582936884561978-1.7656919123040506j)
(7.564679052628488-1.8757454278523389j)
(7.530728992512803-1.9831555077167573j)
(7.482090613535833-2.084113477785733j)
(7.420757382235475-2.1752273743661648j)
(7.349555574742539-2.253769655087292j)
(7.271928325774701-2.3178704290309033j)
(7.191678700856196-2.3666429090449443j)
(7.112692574560796-2.400233819277509j)
(7.038662695522914-2.4197977396595762j)
(6.972834123938689-2.4274002556766066j)
(6.91778852860093-2.425859860449856j)
(6.875280984312363-2.4185425105964407j)
(6.846138305904476-2.4091253654471507j)
(6.830222998086346-2.4013474422555006j)
(6.826462002098529-2.3987647042225557j)
(6.832934975165549-2.404525583789216j)
(6.847013187579898-2.4211803679301944j)
(6.865537505564065-2.4505345719932574j)
(6.88502244741064-2.4935527973152887j)
(6.901872901855872-2.550315992304531j)
(6.912600588040734-2.6200318289516304j)
(6.914028432871376-2.701095248116599j)
(6.903472446528379-2.7911941412504873j)
(6.878892161983925-2.8874535059935544j)
(6.839002176709975-2.986610043220939j)
(6.783338854393809-3.0852078750024265j)
(6.712277983529023-3.179804780183256j)
(6.627001356270509-3.2671771381168457j)
(6.52941298675384-3.344510867023999j)
(6.4220090629294795-3.4095653977622917j)
(6.307709530777491-3.4607985504104053j)
(6.189662992314522-3.4974424130038813j)
(6.071039697701574-3.5195240436632047j)
(5.954829118260894-3.5278297477543648j)
(5.843658363862511-3.5238171698592757j)
(5.739645383081885-3.5094845949110853j)
(5.6442967457492355-3.487210767231573j)
(5.558454555711787-3.459580535435585j)
(5.482291613036381-3.429211453985146j)
(5.415349266150163-3.3985943251760182j)
(5.35660915599953-3.3699571373610073j)
(5.304588575171766-3.3451577338137604j)
(5.257449378622964-3.3256066095699848j)
(5.21311192577811-3.312218085002354j)
(5.169367885008283-3.305386095200166j)
(5.123988344804713-3.3049800627635646j)
(5.0748260702628025-3.3103566915339346j)
(5.019912540149023-3.3203848048143234j)
(4.957551322678674-3.3334822507039754j)
(4.88640921074081-3.347666049193029j)
(4.805605242592337-3.3606189381867955j)
(4.714795305722133-3.3697767894046184j)
(4.6142466765606605-3.3724414404113374j)
(4.504893098674333-3.365921753157753j)
(4.388357738474403-3.3477017529895137j)
(4.266929834360363-3.315628550480233j)
(4.143482466787389-3.2681051714619427j)
(4.021324671776553-3.2042661167780113j)
(3.9039911356234005-3.1241089012287055j)
(3.794985406365164-3.0285555164091993j)
(3.697504790822128-2.9194252318222125j)
(3.6141829233811777-2.79931380215208j)
(3.5468861643966205-2.6713909388146475j)
(3.4965915771141844-2.539143142257409j)
(3.4633593054737566-2.406098145466826j)
(3.4463950897783255-2.2755678116957316j)
(3.444184259279551-2.1504388925627107j)
(3.4546702398678457-2.03302864309822j)
(3.4754493473499095-1.9250089570256161j)
(3.503958075828558-1.8273918278131414j)
(3.5376367033496785-1.7405623592999215j)
(3.574061248850411-1.664343398190777j)
(3.611042758763638-1.598077184162525j)
(3.646697643560868-1.5407128169866464j)
(3.679495181370468-1.4908925049165835j)
(3.7082887106653812-1.4470335143783846j)
(3.732335996091835-1.4074059234025962j)
(3.751312303415859-1.370208446090124j)
(3.7653172838341398-1.3336456766815383j)
(3.77487416771675-1.2960100866677369j)
(3.7809173005667382-1.2557709732234625j)
(3.7847620804630306-1.2116702806586583j)
(3.7880503610004315-1.162821866436775j)
(3.792664960418403-1.1088066574815425j)
(3.8006096383034613-1.0497519148659147j)
(3.81385605337337-0.986379610547971j)
(3.8341664559814723-0.9200081468606566j)
(3.8629089414831883-0.8524946559715266j)
(3.900888838525593-0.7861125103860185j)
(3.9482226695853453-0.7233696959008059j)
(4.004278102237593-0.6667859756444956j)
(4.067694045558732-0.6186568329218042j)
(4.136481380114449-0.5808366761393889j)
(4.208190379886838-0.5545709576163971j)
(4.280119769589904-0.5403973946948621j)
(4.34953744410015-0.5381232941836553j)
(4.4138847941981805-0.5468729355027888j)
(4.470943761551079-0.565189331811238j)
(4.518955363244511-0.5911700783727077j)
(4.556687657809066-0.6226172166403074j)
(4.583458054376168-0.6571846515818159j)
(4.599118781068458-0.6925118141937975j)
(4.604015496821322-0.7263373891360982j)
(4.5989282516710155-0.7565910546110776j)
(4.585002179785675-0.7814639368265857j)
(4.563673194318344-0.7994599256233297j)
(4.536592035138323-0.80943041595233j)
(4.505548552504085-0.8105947769735807j)
(4.472397172935636-0.8025482179826765j)
(4.43898406916485-0.7852579612376046j)
(4.407076578976276-0.7590479238305671j)
(4.378295805379965-0.7245715860987353j)
(4.354053989264445-0.6827724897126705j)
(4.335499061381358-0.634831957781791j)
(4.323469602103389-0.5821042366864483j)
(4.31846406450806-0.5260403569467269j)
(4.320628305390436-0.4681035480084858j)
(4.329764970371897-0.4096808441008838j)
(4.345366911185828-0.351997263059415j)
(4.366674555642384-0.29604018483615646j)
(4.392754227238656-0.24250183170887468j)
(4.422591308049406-0.19174670873924632j)
(4.455189525713584-0.14380842794925094j)
(4.489666202970013-0.09841681241570321j)
(4.525333505386043-0.055052205638629496j)
(4.5617576362048045-0.013020336443697298j)
(4.598791181091004+0.028461308763376603j)
(4.636577673396231+0.07017539914316374j)
(4.675531082551059+0.11282380782910094j)
(4.7162956121242+0.15696040406455217j)
(4.759692543949353+0.20294130705818916j)
(4.806660874240101+0.25089346693303743j)
(4.858197454162557+0.3007001574277443j)
(4.915300723285747+0.3520005386188773j)
(4.9789203662059975+0.40419990729919886j)
(5.0499136870416805+0.45648744593688667j)
(5.129008397725145+0.5078589631576532j)
(5.216770932980519+0.5571430277371953j)
(5.313579313101422+0.6030298039615586j)
(5.4195998826843+0.6441026211327149j)
(5.534767826142559+0.6788727337802388j)
(5.658772044194613+0.705817790058687j)
(5.791045610000782+0.7234242213381843j)
(5.930763463552066+0.7302331496484068j)
(6.076849131973351+0.7248885809411975j)
(6.2279920025097475+0.7061857460775091j)
(6.382675990733171+0.673116634799849j)
(6.539219373546845+0.6249092325994894j)
(6.695824225539061+0.5610569006071227j)
(6.850632536133345+0.4813348495171748j)
(7.001784971357769+0.3858017377843442j)
(7.147477623694457+0.27478591655766643j)
(7.286012104885997+0.1488574893189988j)
(7.415834973271663+0.008788863207968333j)
(7.535563608044398-0.1444923985552347j)
(7.643997022173013-0.30995398997366336j)
(7.740111504212621-0.48650799637013636j)
(7.823042210802809-0.6730544991157434j)
(7.892052807186411-0.868515938095313j)
(7.946495990008057-1.0718591385411644j)
(7.985768326330768-1.28210251000589j)
(8.009263444888683-1.498306503696231j)
(8.016328340412535-1.719546074454188j)
(8.006228439415043-1.9448648351663516j)
(7.978128027189247-2.1732120692949586j)
(7.9310933650559825-2.4033660188345745j)
(7.864125841090673-2.6338499975736354j)
(7.776231136774483-2.8628517206742776j)
(7.666526974150064-3.0881601810040085j)
(7.534386111706182-3.3071372998789332j)
(7.379603121180314-3.516741858893205j)
(7.202564385606145-3.7136192746443415j)
(7.004393152224488-3.894261713968791j)
(6.787038493813021-4.055229544675742j)
(6.553281383599666-4.193409947706942j)
(6.306643547462228-4.306276150208516j)
(6.051203108698824-4.392105825169534j)
(5.791340316237524-4.450122448025243j)
(5.531450898094641-4.480537981564802j)
(5.2756694262811665-4.484494860533096j)
(5.027639599131345-4.463923857563852j)
(4.7903552515375765-4.421346908562612j)
(4.566079990813038-4.359658020210747j)
(4.356339312952638-4.2819117642086955j)
(4.161969816188076-4.191140446524135j)
(3.9832064063601043-4.090211187856757j)
(3.8197891891032225-3.981725486897286j)
(3.671075302012346-3.8679577323799674j)
(3.536145526237032-3.7508258192622033j)
(3.4138998795777673-3.6318860308140453j)
(3.3031398539119214-3.512344917876376j)
(3.2026373033632747-3.39308231021745j)
(3.11119128768633-3.27468127116415j)
(3.027674632282339-3.157462386301263j)
(2.9510718197061006-3.041521048651191j)
(2.880509301227168-2.9267672627219947j)
(2.8152786097378906-2.8129679018266995j)
(2.7548519462816135-2.6997913270586382j)
(2.6988893672526246-2.586853865650269j)
(2.6472364647974156-2.4737669556688906j)
(2.5999116170671743-2.360182954766892j)
(2.557082524840062-2.245836893107268j)
(2.519032782022783-2.1305810507779337j)
(2.486120471622397-2.0144093451382874j)
(2.4587319681549555-1.8974692086480394j)
(2.437234967258051-1.7800598599949295j)
(2.4219350180017667-1.6626174070399913j)
(2.4130394055381976-1.5456887550125202j)
(2.4106311988161915-1.4298975034628296j)
(2.414654869949177-1.3159056639440923j)
(2.4249134165833457-1.2043750329649694j)
(2.441075668326675-1.0959314896293264j)
(2.4626916313603404-0.9911345521542317j)
(2.4892133906219396-0.8904534667426425j)
(2.520019195266625-0.7942501366814682j)
(2.5544387697920996-0.7027684787402515j)
(2.591778460073419-0.6161293814958267j)
(2.6313453927139645-0.5343303239718221j)
(2.672470287062119-0.45724882914206155j)
(2.714528847410265-0.3846491857089443j)
(2.7569617571850946-0.31619217820522116j)
(2.799293212352234-0.251447833325765j)
(2.8411477109709775-0.1899113495976696j)
(2.882264524140559-0.13102238067131527j)
(2.922508988700918-0.07418767026881148j)
(2.961879566708671-0.01880670289694626j)
(3.0005095849494965+0.03570041153850002j)
(3.038662748572546+0.08986407663987933j)
(3.076721924254519+0.14413703122790325j)
(3.115171267059128+0.19886873837057284j)
(3.154572429531036+0.25428419880053527j)
(3.1955362181530256+0.31046874043632056j)
(3.2386915254989734+0.36735979037595745j)
(3.28465357156238+0.42474594597584653j)
(3.3339933968257975+0.48227295771227413j)
(3.387210190667318+0.5394556500407917j)
(3.4447074959078883+0.5956944380156479j)
(3.506773719864097+0.6502949955972749j)
(3.5735668230039934+0.7024897883655074j)
(3.6451026451808453+0.7514605444496278j)
(3.721246128103247+0.796361220770654j)
(3.8017047258986576+0.8363415360885258j)
(3.886023557639025+0.8705716008643589j)
(3.973582319239874+0.8982684986399926j)
(4.0635945938820095+0.9187257939113469j)
(4.1551109191867175+0.9313467901027236j)
(4.247027698288136+0.9356818740513693j)
(4.338104652534138+0.9314694089608733j)
(4.426993825407758+0.9186783623947083j)
(4.512282930464953+0.8975492451290377j)
(4.592554843551725+0.868628186475287j)
(4.666463082548576+0.8327874489460496j)
(4.732820184962265+0.7912249235979891j)
(4.79069228575311+0.7454357578833715j)
(4.839489614530566+0.6971517400920185j)
(4.879040119192646+0.6482484896650561j)
(4.9096331170015155+0.6006263239409361j)
(4.932022555091367+0.5560766270417861j)
(4.947385094541356+0.5161499387480898j)
(4.957235736800911+0.4820432631701799j)
(4.963311188816504+0.4545215429386963j)
(4.967436548647571+0.4338823559527345j)
(4.9713927581430655+0.4199652761702994j)
(4.976800359405039+0.41220008985405693j)
(4.985030333004654+0.4096829478653492j)
(4.997146808302288+0.4112674379245635j)
(5.013880857772954+0.4156583318197867j)
(5.035630545878665+0.4214985256129956j)
(5.0624803190989995+0.4274433138708669j)
(5.094232517661388+0.4322196415974031j)
(5.130444745096296+0.4346707435825595j)
(5.170468459475467+0.4337883747101711j)
(5.213485961052551+0.42873569963112335j)
(5.258544624471154+0.4188640333764402j)
(5.304588597912065+0.40372622604346664j)
(5.3504892151780945+0.3830887509740949j)
(5.395076043018716+0.3569436150766971j)
(5.437170826541491+0.32552013785825046j)
(5.475626590254318+0.28929548912047515j)
(5.509373757572487+0.24900168448215476j)
(5.5374742978279405+0.2056256018705479j)
(5.559183529446664+0.16039765904822842j)
(5.574017285945524+0.11476432512358142j)
(5.58181979271218+0.07033994107351334j)
(5.582825101044896+0.028834717275344618j)
(5.577702802164017-0.008041527736874353j)
(5.567577706860355-0.03869637996985301j)
(5.554013970239006-0.061784371173087396j)
(5.538957275605238-0.07633628133553982j)
(5.524634128028288-0.08187233785685953j)
(5.5134142437555385-0.07848304257009182j)
(5.507648939310666-0.06686436698971293j)
(5.509503485733632-0.048300250867364385j)
(5.520803077915984-0.024593442300598164j)
(5.542909781291396+0.0020462521464187622j)
(5.576642159418768+0.02914128557593866j)
(5.622241831512229+0.05409567709571561j)
(5.679383903108986+0.07433779304375515j)
(5.74722268545287+0.08744398553447429j)
(5.824461229656459+0.09123580580260149j)
(5.909432956561531+0.08384884975759119j)
(6.000185441695031+0.06377557817358763j)
(6.094559327610437+0.029887169082826622j)
(6.190258542608872-0.018559419945381322j)
(6.284910895947929-0.08192318944717186j)
(6.376120359565896-0.16018473256238064j)
(6.461513822090616-0.25295246166447377j)
(6.538785834031-0.35946793123057863j)
(6.605744927660439-0.4786105748660956j)
(6.6603645641168745-0.6089038534092491j)
(6.700840686130215-0.7485262380829739j)
(6.725656281279254-0.8953314946336527j)
(6.733651357541661-1.0468832216566113j)
(6.724094442255557-1.2005083299107728j)
(6.696749393990016-1.353372942046166j)
(6.651929352308056-1.5025819413659975j)
(6.590528532540468-1.6453001779131788j)
(6.514022800150818-1.7788894799280988j)
(6.424431890436643-1.9010517283686774j)
(6.324239821932678-2.0099651506453133j)
(6.216275097614696-2.1043995242926146j)
(6.103557865630085-2.1837967714888107j)
(5.989126202451393-2.2483066170127173j)
(5.875856976433932-2.298772120469818j)
(5.76629758772389-2.336665992138129j)
(5.662523098418344-2.363984407200534j)
(5.5660293524675195-2.3831093915630017j)
(5.477667609226348-2.3966530361379634j)
(5.397621120334572-2.40729666898997j)
(5.325419952090461-2.4176360919265973j)
(5.259987795328121-2.4300408405950886j)
(5.199713656137309-2.44653202334982j)
(5.142541937995693-2.468680380635336j)
(5.08607601673032-2.497524280517874j)
(5.0276923860808616-2.533506643209941j)
(4.964664243556922-2.576430234781859j)
(4.894294507304555-2.625432159540657j)
(4.814058333433662-2.6789803332060598j)
(4.721754008554249-2.7348967310708385j)
(4.6156585767736065-2.79041366522261j)
(4.494680931626844-2.8422695736828856j)
(4.358500905194935-2.88684915402654j)
(4.207679043098305-2.9203687067314994j)
(4.043719504994186-2.9391012858653762j)
(3.869069193621974-2.9396283939845644j)
(3.687040767764049-2.9190969976321j)
(3.5016557662394554-2.875454670635717j)
(3.317415569250281-2.8076338466408295j)
(3.139020041438001-2.7156599163908055j)
(2.9710634481303804-2.6006672438704506j)
(2.817741901087023-2.464820393802821j)
(2.6826047462039164-2.3111519428177467j)
(2.5683743884283308-2.143339832850056j)
(2.4768472032766553-1.965453767549301j)
(2.4088754536228207-1.7817006940625808j)
(2.364419388523608-1.5961947080864463j)
(2.3426518052790755-1.4127687199454193j)
(2.3420948230258904-1.2348362466475724j)
(2.360769818689048-1.0653037032352812j)
(2.3963451437595604-0.9065277304978845j)
(2.4462709886268716-0.7603087684959225j)
(2.5078954592760936-0.6279110055270473j)
(2.578559857427654-0.5100994123653934j)
(2.6556739898907242-0.4071861458857174j)
(2.736774062294621-0.3190805955760592j)
(2.819566502465484-0.2453393360124616j)
(2.901961142854428-0.18521399098948088j)
(2.982096797885701-0.1376963935279866j)
(3.0583615921900464-0.10156140674057614j)
(3.129409577901172-0.07540836587968278j)
(3.194174335861423-0.0577023458922725j)
(3.2518794736684216-0.04681639484232183j)
(3.3020452840773293-0.041075551117263284j)
(3.3444903705469926-0.03880293945055096j)
(3.3793268311501437-0.03836758824722996j)
(3.4069476483316112-0.03823291404170803j)
(3.4280052640784477-0.03700417544703912j)
(3.443380897155377-0.03347270829462935j)
(3.4541449123572034-0.026654502829291857j)
(3.4615093792905314-0.01582073001422934j)
(3.4667747388906163-0.0005181799610856723j)
(3.471273110457219+0.019421797419037323j)
(3.4763111264564164+0.043886447154658004j)
(3.483115227326361+0.07249657711618368j)
(3.4927820891157917+0.10463223546934987j)
(3.506236349745078+0.13946734010946182j)
(3.5241971391013456+0.17601108736127574j)
(3.547154213714595+0.2131538139237784j)
(3.575353850553091+0.2497150700952674j)
(3.6087941424649994+0.28449192264213186j)
(3.6472289990700677+0.3163058615002929j)
(3.690179992034755+0.34404705355732795j)
(3.736955160558492+0.36671500082695024j)
(3.7866739575844055+0.3834548756710384j)
(3.838297606670224+0.3935889079060471j)
(3.890664194042788+0.3966422019718693j)
(3.9425277948271376+0.3923623051378112j)
(3.992600803843541+0.3807317841509983j)
(4.039598413718194+0.36197305747491376j)
(4.082283887828212+0.33654482685087933j)
(4.11951296758315+0.3051296912397029j)
(4.150275501910196+0.26861291705560764j)
(4.173732262244357+0.2280528574149301j)
(4.189244966107911+0.18464410478785506j)
(4.196397806526137+0.13967504720852247j)
(4.195009266559609+0.0944819897317109j)
(4.18513364329753+0.050402319765017634j)
(4.167052437428455+0.00872928178503469j)
(4.14125648950597-0.029329234958671593j)
(4.108420369876309-0.06268588117839105j)
(4.069370982210006-0.09040154969731383j)
(4.025052578044083-0.11170479123744992j)
(3.976490394836141-0.1260027982614559j)
(3.924754948377614-0.13288440122759726j)
(3.870928680782795-0.13211598891060222j)
(3.8160762474289127-0.12363158058787384j)
(3.761219279185264-0.1075184394628839j)
(3.707316029417436-0.08399964007176844j)
(3.655245943405821-0.0534149162788318j)
(3.6057988902119713-0.016200954223446303j)
(3.559668579243432+0.027127911841343832j)
(3.5174495413834594+0.07599786708640499j)
(3.4796369773008924+0.12979213627570874j)
(3.4466287511404365+0.1878655559897095j)
(3.4187288248378893+0.24955709022738737j)
(3.3961514782904434+0.3142003530880602j)
(3.3790257387824476+0.3811323557312765j)
(3.3673995484308716+0.4497008296714086j)
(3.3612433328587024+0.5192705923610892j)
(3.3604528008016104+0.5892295072587004j)
(3.3648510042167485+0.6589946369430619j)
(3.3741899176425774+0.7280191766752808j)
(3.388152040378126+0.7958006660663841j)
(3.406352758311015+0.8618907885969714j)
(3.4283443814805348+0.9259067725130934j)
(3.453622843873313+0.9875440118013922j)
(3.481637956064262+1.0465890722286786j)
(3.511807796568992+1.1029318096115266j)
(3.5435373089149604+1.1565750096297163j)
(3.5762404904987326+1.207639872960448j)
(3.609364832128424+1.2563659020964457j)
(3.64241605675295+1.3031043172944823j)
(3.6749808807037754+1.3483049674385903j)
(3.706745599059944+1.3924976474519812j)
(3.737508798921567+1.436269577671036j)
(3.767187336445053+1.4802413462855113j)
(3.7958156923320976+1.5250437442402311j)
(3.8235397321982956+1.571297626160619j)
(3.850606565066729+1.6195983109530891j)
(3.8773525212108+1.6705052564316087j)
(3.9041912625366835+1.7245369755728326j)
(3.9316037737233835+1.7821705383088287j)
(3.9601315768048804+1.8438445865003108j)
(3.9903740803039613+1.9099645801514573j)
(4.022990602358655+1.980908942410727j)
(4.0587073424073665+2.0570348086319523j)
(4.098329428111759+2.138682136482606j)
(4.142758115574312+2.2261749336530836j)
(4.193013234944136+2.319818252519642j)
(4.250260999882114+2.419889341858508j)
(4.315847273138429+2.5266208940506636j)
(4.391336214205242+2.6401736436240286j)
(4.478553803009411+2.7605946246065263j)
(4.57963484827088+2.8877561609478355j)
(4.697070469099351+3.021269173887607j)
(4.833750272929402+3.1603627812921204j)
(4.992988976927322+3.303720806780389j)
(5.178520337770753+3.4492655195536357j)
(5.3944312978664515+3.593881257533669j)
(5.644996043380259+3.7330782942694167j)
(5.934354541334842+3.8606146784757653j)
(6.265967873108026+3.9681264072212517j)
(6.64178442700692+4.044869149762964j)
(7.06108683967926+4.077746481125884j)
(7.519086906387934+4.0518714905167235j)
(8.005515137870136+3.951930442412199j)
(8.503691952669728+3.764503925857656j)
(8.990757629759035+3.48117055028746j)
(9.43966830698656+3.101693162147119j)
(9.823043533269589+2.6361107484136013j)
(10.118052822113732+2.1045564090221434j)
(10.31075203276953+1.5343697874963165j)
(10.398267575790264+0.9552881231769841j)
(10.388143421146058+0.39439615264163885j)
(10.295426958431161-0.1275311320507683j)
(10.138844795492137-0.5975219310909714j)
(9.937367513926905-1.0099638476745976j)
(9.707876907938685-1.3650090081253805j)
(9.4640271304231-1.6666407902938816j)
(9.216023034947868-1.9209430604518085j)
(8.970942772592577-2.1348031951537125j)
(8.73329458029914-2.3150657969415835j)
(8.505608537741642-2.468051636623165j)
(8.288961526669274-2.599331293421723j)
(8.08339901814312-2.7136561092995892j)
(7.888253641531141-2.8149742686603734j)
(7.702377074440596-2.9064842078330515j)
(7.524307118543972-2.9906968241774337j)
(7.352391555820059-3.069491901873626j)
(7.184887573360285-3.1441640255616647j)
(7.020051469142061-3.2154602799052863j)
(6.856228288898205-3.283616950644817j)
(6.691944993636005-3.348405262989298j)
(6.526004021831824-3.4091963776334366j)
(6.357567700657654-3.4650527837395173j)
(6.186219613794184-3.5148468526742866j)
(6.0119886652463865-3.5573988501205407j)
(5.8353262572823485-3.5916186855342844j)
(5.657035966640702-3.616631199328638j)
(5.478165593873151-3.6318660350904413j)
(5.299879739165387-3.637100092760149j)
(5.123334190247694-3.632450784892492j)
(4.949570677215341-3.618328168942243j)
(4.779443599737694-3.595360415305656j)
(4.613582069777144-3.56430874028776j)
(4.452383706650822-3.5259855771367117j)
(4.2960325188670945-3.481185189977296j)
(4.144532005855207-3.430631043152368j)
(3.9977455338332737-3.3749403002252025j)
(3.8554380445235563-3.314603345806961j)
(3.71731537626548-3.2499751174344613j)
(3.5830593865161733-3.181274934261284j)
(3.4523584494642803-3.108591996680816j)
(3.3249337578293834-3.0318944698776518j)
(3.200562279703448-2.9510408371270764j)
(3.0790973296541932-2.865792902022794j)
(2.9604876118990204-2.775830390368839j)
(2.8447953546210236-2.680767548392713j)
(2.732213819952426-2.580172464094789j)
(2.6230840616755797-2.473590060186165j)
(2.517910316375071-2.3605698150577052j)
(2.4173728547654436-2.2406992400385506j)
(2.3223364981384083-2.1136439356330516j)
(2.233852351866605-1.979194609464216j)
(2.1531496904648635-1.837320700228508j)
(2.0816144612312666-1.6882291608985036j)
(2.0207507244890706-1.5324254936254589j)
(1.9721217338572508-1.3707723554361395j)
(1.9372685139877568-1.204539140904058j)
(1.9176059088399764-1.0354342177463032j)
(1.9142992119995172-0.865610420106649j)
(1.9281284699101882-0.6976345737865665j)
(1.9593518416289426-0.5344137950450769j)
(2.007583103701359-0.37907537446770306j)
(2.0717003851238784-0.23480301171970958j)
(2.149802526445716-0.1046391394742696j)
(2.2392256159367703+0.008730292911609263j)
(2.3366255207107978+0.10318745588417952j)
(2.4381236692821986+0.17736807282670974j)
(2.5395047331989216+0.23080045655139808j)
(2.636448184672727+0.2639839157434295j)
(2.7247724382029483+0.2784003365060504j)
(2.8006708405807683+0.2764608830122163j)
(2.860922465211631+0.26139619356728633j)
(2.903066031369635+0.23710210590555264j)
(2.92553064261293+0.20795373723595537j)
(2.92772110891195+0.17859943013275761j)
(2.9100577717318035+0.15374388505729025j)
(2.873971151059761+0.13792797777998536j)
(2.82185115227201+0.13531217843839727j)
(2.7569500960996716+0.14947141938240657j)
(2.6832395147662647+0.18321131059360055j)
(2.6052231638282533+0.23841782933079353j)
(2.527713071355967+0.3159537761011315j)
(2.455580983341496+0.4156142398973688j)
(2.3935029412027804+0.5361494047804302j)
(2.34571835023684+0.6753564338022724j)
(2.3158254179811912+0.8302339491796219j)
(2.30663162912737+0.9971844864261008j)
(2.3200713185856094+1.1722440884535397j)
(2.3571936901150172+1.3513153962957931j)
(2.418215717045177+1.5303817808813833j)
(2.5026271651599634+1.7056847123359566j)
(2.6093307304814233+1.873853280945307j)
(2.736799272322253+2.0319819189674546j)
(2.8832338528435804+2.1776585479259087j)
(3.0467098321857384+2.3089497339034017j)
(3.225302556079532+2.424351679915078j)
(3.4171882933282127+2.5227161929688733j)
(3.620719404835404+2.603159586943849j)
(3.8344749342554842+2.6649603531708808j)
(4.057288816861934+2.7074488099599576j)
(4.288257733701429+2.729889144317331j)
(4.52672929750498+2.731351440241012j)
(4.772268595888516+2.7105684882081325j)
(5.0245966840204765+2.6657694029446533j)
(5.283487461366734+2.594479498199347j)
(5.548597745914852+2.4932741296067435j)
(5.819186347351105+2.3574752346810675j)
(6.093647022838687+2.1807879533400376j)
(6.368731488852618+1.954902528290578j)
(6.638267988846615+1.669159296808276j)
(6.891098720986783+1.3105449100458668j)
(7.107931868755726+0.8646513481939477j)
(7.257059994475713+0.31890656565970293j)
(7.290030094017319-0.3296686516680358j)
(7.141401556099386-1.0596519692236346j)
(6.741887602833977-1.8045714532751576j)
(6.055541863085312-2.440545895249367j)
(5.132531112697249-2.812703984753344j)
(4.1275696171106615-2.813985566712888j)
(3.235546277403033-2.4592364998800216j)
(2.589025132219177-1.872501618391644j)
(2.2153510123790405-1.2035979830573953j)
(2.069111789856174-0.5613207666777186j)
(2.0826901515221+0.0004321178580578132j)
(2.1963373471784116+0.4667745753677629j)
(2.367006529124358+0.8428200145983831j)
(2.566871605842215+1.141123917406238j)
(2.779130859893383+1.3753511486450865j)
(2.9941901390658408+1.5577102173972432j)
(3.206928166351147+1.6982233819288262j)
(3.414919504819167+1.8047594666152145j)
(3.617332415545855+1.8833201007983371j)
(3.8142605542184578+1.938363332856287j)
(4.0063210417846955+1.9730845364377743j)
(4.194411155396743+1.9896322065447336j)
(4.37955585204343+1.9892580929977821j)
(4.562802596942132+1.9724076180994885j)
(4.745133268558153+1.9387570418836444j)
(4.927368571968389+1.8872026559151116j)
(5.110040206877175+1.8158066963567814j)
(5.293200641802982+1.721706674808055j)
(5.476129755714005+1.6010024269453715j)
(5.656882230762683+1.4486537742392966j)
(5.831602654107136+1.258460863967738j)
(5.993528729020128+1.0232742016154246j)
(6.131639935813156+0.7357103697250896j)
(6.229065219593014+0.389835399445375j)
(6.261775469476744-0.015552831580870332j)
(6.198899330910951-0.47154635680912826j)
(6.007059843794148-0.9522456545523384j)
(5.661255661381698-1.4097196052162617j)
(5.161439767432057-1.7775973734946902j)
(4.546042489127111-1.9891424671284186j)
(3.8884046514911255-2.004737450173747j)
(3.271849063100885-1.830163075729646j)
(2.759195793640811-1.510729668967911j)
(2.377628147245985-1.107645409154511j)
(2.1233904252444793-0.6754822619235357j)
(1.9756834137441348-0.2517212320196009j)
(1.9089859274652805+0.14315190408077716j)
(1.900014319962044+0.5010270255478264j)
(1.9302848603827305+0.8212591860753808j)
(1.9862566634254801+1.1070193924501819j)
(2.0585055225813638+1.363043148985632j)
(2.140720139866457+1.5944203360690299j)
(2.2288359719479276+1.806024369068368j)
(2.3203792461554165+2.0022940838852272j)
(2.414004034218066+2.1871964181695263j)
(2.5091829335430473+2.364274813398775j)
(2.606014166747361+2.5367338799099906j)
(2.705117486945585+2.7075362835807932j)
(2.807601967748748+2.8795012197026617j)
(2.9150990508584873+3.0554002800552285j)
(3.0298646145325954+3.2380486270224185j)
(3.1549658352872676+3.4303879425072936j)
(3.294584656065189+3.635551529128566j)
(3.454493350149456+3.8568872812927038j)
(3.6427941699673507+4.097881442725127j)
(3.871070662593417+4.361853048781473j)
(4.156174933444505+4.651125104548055j)
(4.522945604031538+4.965008936210179j)
(5.008059934242317+5.295113891559815j)
(5.664333440883483+5.614762467939131j)
(6.560864349842134+5.856356565277936j)
(7.761304632702719+5.869623230884857j)
(9.233204620389962+5.376678000590794j)
(10.645359237528405+4.0473510210261034j)
(11.287445267143477+1.9198465607348858j)
(10.689057337586522-0.22910977291544604j)
(9.277853586604035-1.5846941644283739j)
(7.787778379738536-2.0700237923714204j)
(6.579111900531556-2.021058623962478j)
(5.690640363066244-1.7317800723934058j)
(5.054744316109422-1.361357679465962j)
(4.5974415324480145-0.9801512790130097j)
(4.262473697291613-0.6148069588580334j)
(4.011067354973928-0.27271764903212625j)
(3.8171526637313815+0.046673886431446425j)
(3.6631318526132337+0.3469664861205062j)
(3.536919550164415+0.6327594239259192j)
(3.4300062737582904+0.9088681827240448j)
(3.3362087888504455+1.1800916527518108j)
(3.25085507295709+1.4512273843989578j)
(3.1702376119786764+1.7272094158683549j)
(3.091228593489603+2.0133247036229465j)
(3.0109872517766596+2.315505921897318j)
(2.9267098013668065+2.6407265405309817j)
(2.835380512276682+2.9975532396327833j)
(2.733479811018409+3.396953568776842j)
(2.616589169011676+3.853531785998283j)
(2.478793686455244+4.387509059708308j)
(2.311698065468332+5.028055850616832j)
(2.1026801219896303+5.819218895870537j)
(1.8315450776622313+6.831178808318661j)
(1.463521858059469+8.18344720553865j)
(0.9328577057087528+10.097980361065096j)
(0.09803501079168206+13.039575721436856j)
(-1.4115787416012293+18.17396770296376j)
(-4.967645133467481+29.488697922789452j)
(-22.686546702767195+75.25461034834842j)
(18.092192448241768-136.7540923482333j)
(11.55269197744705-36.704436124625005j)
(8.597017445646499-21.247965759017276j)
(7.242769216758075-14.984141015988248j)
(6.46747869647004-11.585730617972317j)
(5.9630160386656055-9.448063433073985j)
(5.60618274996954-7.975986126335773j)
(5.338237516378498-6.897820001708128j)
(5.1276288245181245-6.071807312636781j)
(4.955882009467084-5.416666483967704j)
(4.811444277798767-4.882376749364102j)
(4.686705314702046-4.43639500995205j)
(4.576434583740535-4.056561503416532j)
(4.4769079986327-3.7271876113291476j)
(4.385394429328617-3.436772947774412j)
(4.299841436885619-3.1766075071509663j)
(4.218677259877973-2.9398782173512727j)
(4.140684228593997-2.721074143496381j)
(4.064918733239044-2.515573555952958j)
(3.9906640185417146-2.319343449677786j)
(3.9174088847140083-2.128708235215927j)
(3.844850168964956-1.9401590653958392j)
(3.772921076383724-1.7501836170869005j)
(3.7018521399257502-1.5551008081068618j)
(3.632278028966982-1.350887540357238j)
(3.565413280000492-1.1329864990845893j)
(3.5033359460086992-0.896087212378743j)
(3.4494444798311727-0.6338807949728593j)
(3.4091966868380044-0.3388107532836294j)
(3.3913095680483645-0.0018981893442212823j)
(3.4097023981645798+0.38714379960934725j)
(3.486585370220562+0.8389725903048675j)
(3.6571115267061907+1.3616107691479464j)
(3.975427549100851+1.9526767040525297j)
(4.519171241179441+2.581830332491815j)
(5.38072618264421+3.157689972993024j)
(6.616625014208405+3.486943516932972j)
(8.127790075935827+3.286181806312851j)
(9.55356553276663+2.3587201046782713j)
(10.428215264201821+0.8609831017829918j)
(10.563863364985249-0.7468661283042328j)
(10.142648969762117-2.0815005536038664j)
(9.457156134119787-3.0264770903458382j)
(8.713381237202851-3.635917268570837j)
(8.00952508302806-4.006359719659242j)
(7.377903965339847-4.219794378382915j)
(6.8207053873713415-4.333154804209746j)
(6.3291351642349145-4.382971590175436j)
(5.891836642066515-4.391922626955829j)
(5.498090106892096-4.373869334897411j)
(5.138780301980944-4.337175426625843j)
(4.806498696738695-4.28677736415105j)
(4.495355716544345-4.225454139404554j)
(4.200729574398726-4.154606043549963j)
(3.9190327376071763-4.074736298523317j)
(3.647519115883319-3.9857523887662945j)
(3.38413403303608-3.8871567577934663j)
(3.1274028812088166-3.7781692724134563j)
(2.876352766243387-3.657808911438438j)
(2.6304601173040982-3.524953124300733j)
(2.38961647213418-3.378385941301404j)
(2.1541062102704216-3.2168400010937948j)
(1.924593011765-3.0390349299228006j)
(1.7021137057120477-2.843714519039047j)
(1.4880782134944446-2.629685648344462j)
(1.2842736279959237-2.3958616869856146j)
(1.0928700292550346-2.141312440071926j)
(0.9164254539266207-1.865322123541135j)
(0.7578871330240314-1.567456461941613j)
(0.6205850586512449-1.2476395202211479j)
(0.5082101050791912-0.9062384815317928j)
(0.4247550227923335-0.5441324578672605j)
(0.3745021577382291-0.16251886127648055j)
(0.3634136334753321+0.23620632359917215j)
(0.3949589690956891+0.6473571895060916j)
(0.4738280951870347+1.0678633220777087j)
(0.6050838883698659+1.4921952704613684j)
(0.7931663256233706+1.913469021522215j)
(1.041866775587649+2.3233790950586917j)
(1.3540059081488667+2.7120761637745163j)
(1.7309958450634328+3.06811531257237j)
(2.1723015632686935+3.378499711945427j)
(2.674804576890758+3.6288656460781605j)
(3.232086545716115+3.803872756719671j)
(3.8336799498422223+3.8878772430191284j)
(4.464379034827536+3.8659693537715705j)
(5.103766697274937+3.7254374476420566j)
(5.726183344830397+3.4576619231359964j)
(6.301418360144234+3.0603265599090475j)
(6.7964004644550915+2.539658558223556j)
(7.17804385200324+1.912201555174458j)
(7.4171309257754166+1.2054694728664246j)
(7.492702461934193+0.45684904680497135j)
(7.396014035806924-0.2895722716685951j)
(7.132929934468337-0.9879821726083804j)
(6.72386642167796-1.5966692952591168j)
(6.201074061386916-2.083310927454257j)
(5.603897909839613-2.42842305731562j)
(4.973266140833785-2.6262805548281873j)
(4.346752885991759-2.6834372630870913j)
(3.7551738277905957-2.6156196202197535j)
(3.2211039339400447-2.4440284915099957j)
(2.7592786342114666-2.192196098839927j)
(2.3775788762281436-1.885445301399927j)
(2.070405152440685-1.5493197924497673j)
(1.8285153762463946-1.1877663879153313j)
(1.6612886989907316-0.8150355822415503j)
(1.5580056616899012-0.4509053197001164j)
(1.5066436714863056-0.10210897523184825j)
(1.4985821717677343+0.22762625400428946j)
(1.5265233955997086+0.5358453152980496j)
(1.5840043470364473+0.8211297059868384j)
(1.6652426967319838+1.0829808008389197j)
(1.7651679383878873+1.321701129046914j)
(1.879461494847984+1.5381971719765237j)
(2.0045347798758604+1.733779540919054j)
(2.13746792080288+1.9100032919982581j)
(2.275934887193984+2.0685506356807717j)
(2.4181282517340192+2.211147789406997j)
(2.562689500411122+2.339507733152648j)
(2.7086474776740896+2.4552923305076555j)
