(1.5605982912719443+0j)
(1.5828699960698651+0.24167514068656948j)
(1.6629706322460212+0.4690093117111547j)
(1.7819401489741151+0.6505598841855267j)
(1.9095867291038966+0.7846697071266877j)
(2.0290084294460717+0.8839360553795214j)
(2.1348387432078373+0.9614873990991122j)
(2.227589860589047+1.0267571177840862j)
(2.309847014638582+1.0854863440022864j)
(2.3844444264295555+1.140802346464051j)
(2.4537912688992396+1.1942281239207204j)
(2.5197241648668056+1.2463825459769913j)
(2.583559324711174+1.2974110145300028j)
(2.6461995399762626+1.3472336013725017j)
(2.7082401892753407+1.3956812691811193j)
(2.7700569069482253+1.4425668437789219j)
(2.831872603378853+1.48771915557881j)
(2.893806568408435+1.5309969927632792j)
(2.955909486614618+1.5722924055187912j)
(3.0181878983097907+1.6115287438405494j)
(3.080620969157816+1.6486564129083414j)
(3.1431717561123484+1.683647956179406j)
(3.205794591349578+1.716493294280495j)
(3.2684397653143784+1.7471955067998937j)
(3.3310563592817335+1.7757672997556262j)
(3.3935938342596073+1.802228170551036j)
(3.4560028056111127+1.8266022163449198j)
(3.5182353043521366+1.8489165028730652j)
(3.580244733603523+1.8691999024327393j)
(3.641985662368085+1.887482312390021j)
(3.703413551484714+1.9037941736274697j)
(3.7644844730394396+1.9181662186067494j)
(3.8251548608668915+1.9306293894161795j)
(3.8853813132892125+1.9412148763505441j)
(3.945120457896149+1.9499542367901148j)
(4.004328880518866+1.9568795622360906j)
(4.062963115536915+1.9620236683094465j)
(4.120979691519338+1.965420288407518j)
(4.178335224396716+1.967104256635312j)
(4.234986549489186+1.967111669713805j)
(4.290890883500628+1.965480020925461j)
(4.346006007823626+1.9622483018935457j)
(4.4002904650401256+1.9574570701996599j)
(4.453703761241844+1.9511484825992638j)
(4.506206567656732+1.9433662949689132j)
(4.557760915995358+1.9341558311595433j)
(4.608330382882003+1.9235639236921513j)
(4.657880259677555+1.9116388297529063j)
(4.706377704909287+1.898430126252965j)
(4.753791877375595+1.8839885878596987j)
(4.800094048781021+1.8683660518877336j)
(4.845257695460228+1.851615273806459j)
(4.889258569367871+1.8337897768825204j)
(4.932074749032369+1.8149436991659538j)
(4.973686671599977+1.7951316406591464j)
(5.014077147424831+1.7744085131021738j)
(5.053231358898667+1.7528293943873754j)
(5.091136845361807+1.7304493891887467j)
(5.127783476005645+1.707323496979294j)
(5.163163412670288+1.6835064882227153j)
(5.197271064373852+1.6590527891707632j)
(5.2301030352898765+1.634016375388661j)
(5.261658067729128+1.6084506738674067j)
(5.291936981493714+1.5824084733712798j)
(5.320942610765422+1.5559418425084774j)
(5.3486797394770536+1.5291020549044507j)
(5.375155035906201+1.501939520795387j)
(5.4003769870320895+1.4745037243418297j)
(5.4243558330150945+1.4468431659795804j)
(5.447103502002453+1.419005309175046j)
(5.468633545332273+1.3910365310237547j)
(5.488961073107445+1.362982076219698j)
(5.508102690038893+1.334886014019388j)
(5.526076431413836+1.3067911979250517j)
(5.542901699027106+1.2787392279064838j)
(5.558599196919153+1.2507704150691057j)
(5.573190866787808+1.2229237487505433j)
(5.586699822979794+1.1952368660878256j)
(5.599150287016638+1.16774602414108j)
(5.61056752166194+1.1404860746850374j)
(5.620977764592973+1.1134904417879241j)
(5.63040816178944+1.0867911022932766j)
(5.6388867007986185+1.060418569297209j)
(5.64644214407201+1.0344018786861675j)
(5.653103962594636+1.0087685787597547j)
(5.65890227004259+0.9835447229209451j)
(5.66386775770764+0.9587548653716063j)
(5.668031630418171+0.9344220597062924j)
(5.671425543668733+0.910567860259128j)
(5.674081542141796+0.8872123260230481j)
(5.676031999772148+0.8643740269352502j)
(5.677309561466216+0.8420700523035609j)
(5.6779470865474915+0.8203160211401324j)
(5.677977593958439+0.7991260941680942j)
(5.67743420921048+0.778512987275467j)
(5.676350113038204+0.758487986205786j)
(5.674758491683067+0.7390609622977331j)
(5.672692488708663+0.7202403891116499j)
(5.670185158230335+0.7020333598118136j)
(5.66726941943267+0.6844456052044371j)
(5.6639780122433905+0.6674815123618554j)
(5.660260629869679+0.6512135258854862j)
(5.65627053974613+0.6355453374096482j)
(5.6520109892576+0.6205000449861492j)
(5.64750979146873+0.6060796227202288j)
(5.642796559300088+0.5922831258624004j)
(5.637901199356031+0.5791078511303418j)
(5.632853474625192+0.5665496628829643j)
(5.627682813503376+0.5546031308816618j)
(5.6224182012085+0.5432616067648052j)
(5.617088105299226+0.5325172762977285j)
(5.6117204175438555+0.5223612009165924j)
(5.606342404578185+0.51278335429646j)
(5.60098066377628+0.5037726566547928j)
(5.595661082506492+0.4953170081859528j)
(5.590408799782421+0.4874033223937301j)
(5.5852481697484+0.4800175597678741j)
(5.580202726672835+0.47314476207617046j)
(5.575295151254429+0.46676908744604406j)
(5.570547238126193+0.46087384635246353j)
(5.565979864490714+0.45544153859694386j)
(5.561612959853198+0.4504538913430368j)
(5.557465476842246+0.44589189826436654j)
(5.553555363127509+0.44173585985526703j)
(5.549899534459684+0.4379654249521868j)
(5.5465138488741745+0.4345596335119535j)
(5.543413082115458+0.4314969606914597j)
(5.540610904354548+0.4287553622698867j)
(5.5381198582882405+0.42631232145059644j)
(5.5359513387239945+0.42414489707198755j)
(5.534115573769578+0.4222297732476367j)
(5.5326216077607056+0.42054331044395726j)
(5.5314772860722+0.4190615979887758j)
(5.530689241969446+0.4177605079875187j)
(5.5302628856647145+0.41661575060458117j)
(5.530202395749007+0.4156029306469132j)
(5.530510713172965+0.41469760536447997j)
(5.531189537950031+0.41387534336021037j)
(5.532239328752043+0.41311178447805424j)
(5.533659305560717+0.41238270051579207j)
(5.535447455529619+0.4116640565854967j)
(5.537600542198739+0.41093207292443157j)
(5.540114118188873+0.4101632869375626j)
(5.542982541486145+0.4093346152346386j)
(5.546198995407036+0.4084234154074233j)
(5.549755512313192+0.4074075472775032j)
(5.553643001121948+0.40626543333133736j)
(5.557851278633036+0.4049761180484508j)
(5.562369104666489+0.40351932581924427j)
(5.567184220977896+0.4018755171423207j)
(5.572283393889046+0.4000259427873777j)
(5.577652460540908+0.3979526956070498j)
(5.5832763786456+0.39563875968361145j)
(5.5891392795811585+0.393068056499881j)
(5.595224524641126+0.39022548783183714j)
(5.601514764217093+0.387096975071193j)
(5.607991999660741+0.3836694947022781j)
(5.614637647538471+0.37993110967601124j)
(5.621432605961772+0.37587099644783856j)
(5.628357322646182+0.37147946747447047j)
(5.635391864325698+0.3667479889966254j)
(5.64251598712559+0.3616691939713758j)
(5.649709207477008+0.3562368900583409j)
(5.656950873142546+0.3504460626080818j)
(5.6642202339120065+0.34429287264681846j)
(5.671496511525173+0.33777464990136696j)
(5.678758968381253+0.3308898809567559j)
(5.6859869746050276+0.32363819268937755j)
(5.693160073056858+0.3160203311663655j)
(5.7002580418972055+0.3080381362486068j)
(5.70726095434709+0.29969451217720106j)
(5.7141492353210666+0.2909933944615874j)
(5.720903714651152+0.2819397134204086j)
(5.7275056766649+0.27253935475310054j)
(5.733936905928566+0.26279911753939855j)
(5.7401797290166074+0.25272667007750366j)
(5.746217052219064+0.24233050397658337j)
(5.752032395147467+0.2316198869176673j)
(5.7576099202484325+0.22060481448861977j)
(5.762934458278432+0.20929596148436996j)
(5.767991529834434+0.19770463304302738j)
(5.772767363071773+0.18584271596432383j)
(5.777248907771914+0.173722630528574j)
(5.781423845949241+0.16135728310306255j)
(5.785280599207025+0.1487600197914944j)
(5.7888083330683004+0.1359445813482714j)
(5.791996958518789+0.1229250595475713j)
(5.794837131005393+0.10971585516516885j)
(5.797320247137098+0.09633163770087642j)
(5.7994384393345895+0.08278730694150958j)
(5.801184568672505+0.0690979564375289j)
(5.802552216153836+0.05527883894299242j)
(5.803535672649569+0.04134533384562314j)
(5.8041299277306475+0.027312916593846565j)
(5.804330657610765+0.013197130108178107j)
(5.804134212411616-0.000986441853205616j)
(5.803537602952687-0.015222199422469053j)
(5.802538487259134-0.029494549507877752j)
(5.801135156971375-0.04378792691757371j)
(5.799326523828629-0.05808681381814414j)
(5.797112106386623-0.07237575764046224j)
(5.7944920171158145-0.08663938756004388j)
(5.7914669500100295-0.10086242969461881j)
(5.788038168817989-0.11502972117441027j)
(5.784207495989809-0.12912622325275747j)
(5.779977302408161-0.1431370336345875j)
(5.7753504979503125-0.1570473982071112j)
(5.7703305229006085-0.17084272236144735j)
(5.764921340207607-0.18450858209408236j)
(5.759127428551631-0.19803073507375984j)
(5.752953776162884-0.21139513185186956j)
(5.746405875303478-0.22458792738259944j)
(5.7394897173034405-0.2375954930036305j)
(5.732211788018801-0.25040442900868903j)
(5.724579063561993-0.26300157792039514j)
(5.71659900613995-0.27537403854697295j)
(5.708279559826044-0.28750918087885746j)
(5.6996291460850586-0.2993946618529835j)
(5.690656658871212-0.31101844198420253j)
(5.681371459121699-0.32236880283514957j)
(5.671783368477088-0.33343436526980647j)
(5.661902662071771-0.34420410841153204j)
(5.651740060253011-0.35466738920567487j)
(5.641306719105661-0.36481396246844916j)
(5.630614219678979-0.37463400129050334j)
(5.619674555833696-0.38411811765254855j)
(5.608500120648361-0.3932573831053269j)
(5.597103691345006-0.40204334936249014j)
(5.585498412713825-0.4104680686565839j)
(5.573697779034245-0.4185241137113809j)
(5.561715614505583-0.4262045971897747j)
(5.54956605221369-0.43350319048361613j)
(5.537263511670474-0.4404141417202847j)
(5.524822674971785-0.44693229286852293j)
(5.51225846162467-0.4530530958347084j)
(5.499586002099714-0.4587726274470594j)
(5.4868206101664745-0.46408760323108683j)
(5.473977754072601-0.4689953898837109j)
(5.461073026628728-0.47349401635545263j)
(5.448122114263673-0.4775821834513736j)
(5.435140765118017-0.48125927186001505j)
(5.422144756248404-0.48452534851893164j)
(5.409149860022209-0.4873811712223399j)
(5.396171809790284-0.4898281913752764j)
(5.383226264936855-0.4918685547965801j)
(5.370328775418134-0.49350510047393514j)
(5.357494745916313-0.49474135717571477j)
(5.344739399751184-0.49558153782951525j)
(5.3320777427091555-0.49603053158481214j)
(5.3195245269659495-0.4960938934884134j)
(5.307094215296146-0.49577783171596534j)
(5.294800945777819-0.4950891923210714j)
(5.282658497213753-0.49403544148498424j)
(5.270680255500571-0.4926246452745469j)
(5.2588791811846685-0.4908654469429975j)
(5.247267778445667-0.4887670418373369j)
(5.235858065747487-0.4863391500058369j)
(5.224661548389946-0.4835919866299342j)
(5.213689193183541-0.48053623043411475j)
(5.202951405454208-0.47718299025627814j)
(5.19245800856528-0.473543769986849j)
(5.182218226119964-0.46963043210845207j)
(5.17224066698134-0.46545516008739424j)
(5.1625333132171525-0.46103041988409377j)
(5.153103511045543-0.45636892086064673j)
(5.14395796482626-0.45148357637080266j)
(5.135102734108863-0.44638746431956006j)
(5.1265432337185075-0.4410937879779966j)
(5.118284236828842-0.43561583733236414j)
(5.110329880943248-0.42996695123719314j)
(5.102683676679204-0.4241604806294849j)
(5.095348519226703-0.4182097530450931j)
(5.088326702330953-0.41212803866210196j)
(5.0816199346310045-0.4059285180768147j)
(5.0752293581710575-0.39962425199883905j)
(5.069155568887861-0.3932281530318442j)
(5.063398638867375-0.3867529596872712j)
(5.057958140155068-0.3802112127585159j)
(5.052833169897195-0.37361523416428094j)
(5.048022376584536-0.36697710835163877j)
(5.043523987165303-0.36030866633115133j)
(5.03933583478919-0.3536214723987023j)
(5.03545538694139-0.3469268135813865j)
(5.03187977372106-0.34023569182681584j)
(5.028605816016242-0.33355881893680805j)
(5.025630053324414-0.3269066142277016j)
(5.022948770965487-0.3202892048791212j)
(5.020558026433936-0.3137164289120712j)
(5.018453674636257-0.30719784071434j)
(5.016631391762953-0.30074271900770905j)
(5.015086697548154-0.29436007712631473j)
(5.013814975677344-0.28805867544957386j)
(5.012811492113784-0.281847035806825j)
(5.012071411127379-0.27573345764399326j)
(5.011589808827258-0.2697260357167943j)
(5.0113616840194055-0.263832679049444j)
(5.011381966235757-0.2580611308747171j)
(5.011645520808383-0.2524189892496728j)
(5.012147150893902-0.2469137280233417j)
(5.012881596387509-0.2415527178175737j)
(5.013843529701825-0.2363432466715163j)
(5.01502754842471-0.23129253999359037j)
(5.016428164909047-0.22640777946308047j)
(5.018039792887662-0.2216961205260637j)
(5.019856731245943-0.21716470813866529j)
(5.021873145123579-0.21282069042260318j)
(5.024083044553682-0.20867122991541415j)
(5.026480260882531-0.204723512118722j)
(5.0290584212453595-0.20098475107315875j)
(5.031810921402433-0.1974621917167594j)
(5.034730897265555-0.19416310881478177j)
(5.037811195466699-0.19109480228259387j)
(5.041044343338868-0.1882645887579837j)
(5.044422518693639-0.18567978931608556j)
(5.047937519790449-0.18334771325668814j)
(5.0515807358999085-0.18127563793181137j)
(5.055343118867181-0.17947078461812804j)
(5.059215156082072-0.17794029047663606j)
(5.063186845260259-0.17669117667824144j)
(5.067247671434984-0.17573031281048102j)
(5.071386586551098-0.17506437771566707j)
(5.075591992043335-0.17469981694620265j)
(5.079851724768725-0.17464279705640873j)
(5.084153046648214-0.17489915698456152j)
(5.088482638356193-0.17547435681140816j)
(5.092826597377237-0.17637342421436913j)
(5.097170440727688-0.1776008989684856j)
(5.101499112615489-0.17916077587647378j)
(5.105796997284209-0.1810564465408155j)
(5.110047937256917-0.18329064042037793j)
(5.114235257161747-0.1858653656417762j)
(5.1183417932839745-0.1887818500626676j)
(5.122349928948562-0.1920404831076218j)
(5.1262416357927485-0.19564075891933014j)
(5.129998520940624-0.19958122138560533j)
(5.133601880039932-0.20385941161730894j)
(5.137032756067078-0.20847181846197482j)
(5.1402720037490965-0.21341383264268748j)
(5.143300359391487-0.21867970511122606j)
(5.146098515839671-0.22426251019681762j)
(5.1486472022392835-0.23015411411891146j)
(5.150927268197872-0.2363451494111083j)
(5.152919771888395-0.24282499577586752j)
(5.1546060715741255-0.2495817678541427j)
(5.155967919976632-0.2566023103512074j)
(5.156987560853351-0.26387220091020064j)
(5.157647827100817-0.27137576106749217j)
(5.157932239654863-0.27909607556033156j)
(5.157825106419721-0.2870150201872112j)
(5.157311620426625-0.2951132983460787j)
(5.1563779563986065-0.3033704862951181j)
(5.155011364882585-0.3117650870972332j)
(5.153200263104525-0.3202745931220882j)
(5.150934321706463-0.32887555689138015j)
(5.148204546538013-0.33754366996360413j)
(5.145003354698863-0.3462538494659761j)
(5.141324644062793-0.3549803317945276j)
(5.137163855557728-0.36369677291954505j)
(5.1325180275305575-0.3723763546541429j)
(5.127385841588736-0.38099189617024465j)
(5.121767659382859-0.3895159699789078j)
(5.11566554987476-0.39792102153300685j)
(5.1090833067229084-0.40617949156028815j)
(5.102026455510514-0.41426394019428553j)
(5.094502250639704-0.4221471719413953j)
(5.086519661817425-0.4298023605041129j)
(5.078089350162148-0.4372031724742163j)
(5.069223634065435-0.4443238889155223j)
(5.0599364450456665-0.4511395238742371j)
(5.050243273932612-0.4576259388847829j)
(5.040161107818188-0.463759952581617j)
(5.029708358300238-0.4695194445802258j)
(5.018904781630591-0.47488345285481376j)
(5.007771391454163-0.47983226391280903j)
(4.996330364892583-0.484347495148032j)
(4.98460494278138-0.48841216884251143j)
(4.97261932491402-0.492010777380454j)
(4.960398561179087-0.4951293393355704j)
(4.947968439496388-0.49775544619227496j)
(4.9353553714665415-0.4998782995614326j)
(4.922586276643828-0.5014887388502104j)
(4.909688466326685-0.502579259441361j)
(4.896689527733386-0.503144021529484j)
(4.883617209393256-0.5031788498473241j)
(4.870499308538329-0.5026812245949666j)
(4.857363561225951-0.5016502639558768j)
(4.844237535862859-0.5000866986468662j)
(4.831148530735419-0.4979928390024993j)
(4.818123476081394-0.49537253513898655j)
(4.805188841166819-0.49223113077706726j)
(4.792370546758776-0.4885754113287229j)
(4.779693883312037-0.4844135468684216j)
(4.76718343511642-0.4797550306170453j)
(4.754863010582777-0.47461061356593137j)
(4.742755578779739-0.46899223585994343j)
(4.7308832122718885-0.46291295554419665j)
(4.719267036252715-0.4563868752582631j)
(4.7079271839137355-0.44942906743648364j)
(4.696882757944031-0.4420554985436223j)
(4.686151798013016-0.4342829528427824j)
(4.6757512540529165-0.4261289561575149j)
(4.6656969651264415-0.41761170005360937j)
(4.656003643639437-0.4087499668288327j)
(4.64668486463674-0.3995630556607047j)
(4.637753059903685-0.3900707102250668j)
(4.6292195165826815-0.3802930480606003j)
(4.621094380006555-0.3702504919183424j)
(4.613386660445226-0.3599637032999892j)
(4.60610424346114-0.34945351835476585j)
(4.599253903570188-0.33874088627264326j)
(4.592841320909355-0.327846810280712j)
(4.586871100618922-0.31679229132106485j)
(4.581346794656277-0.3055982744615985j)
(4.576270925768997-0.29428559806616295j)
(4.571645013368148-0.28287494572816285j)
(4.567469601056645-0.27138680095088186j)
(4.563744285583474-0.25984140453995896j)
(4.560467747011289-0.24825871465753802j)
(4.557637779902627-0.23665836947436444j)
(4.555251325348195-0.22505965234548828j)
(4.55330450367926-0.2134814594269851j)
(4.551792647724841-0.201942269645617j)
(4.550710336492531-0.1904601169304379j)
(4.550051429169584-0.17905256461486835j)
(4.549809099357203-0.16773668191977817j)
(4.549975869466624-0.15652902243223793j)
(4.550543645218989-0.14544560450094926j)
(4.5515037502028175-0.13450189347723476j)
(4.552846960452337-0.12371278573976366j)
(4.554563539017321-0.11309259445195721j)
(4.556643270499334-0.10265503701146707j)
(4.559075495531641-0.09241322416284212j)
(4.5618491451793215-0.08237965075520055j)
(4.5649527752330314-0.07256618813680094j)
(4.568374600364474-0.06298407818760544j)
(4.572102528104088-0.05364392899795055j)
(4.576124192592318-0.044555712207093444j)
(4.5804269880448825-0.03572876201817298j)
(4.584998101861265-0.027171775906543558j)
(4.5898245472934995-0.018892817036484776j)
(4.5948931955803145-0.010899318395570495j)
(4.60019080744103-0.00319808864880442j)
(4.605704063812988+0.004204680296362088j)
(4.611419595708553+0.01130340403565474j)
(4.617324013061257+0.01809309476073413j)
(4.623403932427185+0.024569348752248202j)
(4.629646003407045+0.030728332343985625j)
(4.6360369336565155+0.03656676644734391j)
(4.642563512358099+0.04208190974375509j)
(4.649212632036272+0.04727154067062721j)
(4.65597130860943+0.052133938342957854j)
(4.66282669958654+0.0566678625680749j)
(4.669766120333423+0.06087253312380041j)
(4.676777058352581+0.06474760848069785j)
(4.683847185540863+0.06829316415671194j)
(4.690964368411075+0.07150967089654296j)
(4.698116676285321+0.07439797286978127j)
(4.705292387489825+0.07695926607926483j)
(4.7124799936021144+0.07919507716632661j)
(4.719668201821134+0.08110724279153644j)
(4.7268459355491+0.08269788975897545j)
(4.734002333290073+0.08396941603970275j)
(4.741126745983815+0.08492447283556351j)
(4.748208732904864+0.08556594780951672j)
(4.75523805626548+0.08589694959234115j)
(4.762204674667249+0.08592079365997779j)
(4.769098735550311+0.08564098965986883j)
(4.775910566790818+0.08506123024993686j)
(4.78263066759777+0.08418538150001316j)
(4.789249698859285+0.08301747489352627j)
(4.795758473086644+0.08156170095580102j)
(4.8021479441023045+0.07982240452636202j)
(4.808409196616252+0.0778040816841817j)
(4.814533435833347+0.07551137832810098j)
(4.820511977233955+0.07294909040808295j)
(4.826336236670275+0.07012216579745574j)
(4.8319977209227085+0.06703570779023728j)
(4.837488018863062+0.06369498020099376j)
(4.842798793375522+0.06010541403754451j)
(4.847921774190685+0.05627261570727155j)
(4.852848751793399+0.05220237670721719j)
(4.8575715725696575+0.04790068473459722j)
(4.862082135362632+0.04337373613879384j)
(4.866372389610632+0.03862794961770588j)
(4.87043433524121+0.033669981040520824j)
(4.874260024493785+0.028506739256090236j)
(4.877841565838648+0.023145402721474227j)
(4.881171130151418+0.01759343675884977j)
(4.884240959289003+0.01185861122255164j)
(4.887043377195584+0.00594901833140046j)
(4.88957080364438-0.00012690960432654882j)
(4.891815770693786-0.006360382854894343j)
(4.8937709419040045-0.012742237657071397j)
(4.895429134324067-0.019262920644998443j)
(4.896783343218655-0.025912474669586134j)
(4.89782676946061-0.03268052635604158j)
(4.898552849469876-0.03955627574953255j)
(4.898955287532374-0.04652848839259861j)
(4.8990280902860395-0.053585490164449835j)
(4.898765603115228-0.06071516519156891j)
(4.898162548151892-0.06790495711197747j)
(4.897214063542077-0.07514187394095515j)
(4.895915743601176-0.08241249674641962j)
(4.894263679452305-0.08970299229640695j)
(4.892254499719297-0.09699912979184805j)
(4.889885410829967-0.10428630174485706j)
(4.8871542364777785-0.1115495490081323j)
(4.8840594557894965-0.11877358990561322j)
(4.880600239754501-0.12594285335985766j)
(4.876776485486786-0.13304151585875296j)
(4.8725888479131125-0.1400535420545577j)
(4.868038768509795-0.14696272874265734j)
(4.863128500745218-0.15375275192752408j)
(4.857861131924088-0.16040721664856109j)
(4.852240601171886-0.16690970921113482j)
(4.846271713342653-0.17324385144664536j)
(4.839960148678561-0.17939335661142972j)
(4.833312468095087-0.18534208652664405j)
(4.82633611400954-0.19107410955976067j)
(4.819039406671825-0.1965737590529515j)
(4.8114315359951-0.20182569181217175j)
(4.803522548917993-0.2068149462845778j)
(4.795323332360515-0.21152700006721123j)
(4.786845591861506-0.21594782640826998j)
(4.778101826006852-0.22006394938090632j)
(4.769105296774902-0.2238624974281341j)
(4.7598699959396145-0.22733125499533746j)
(4.750410607682128-0.23045871198267823j)
(4.74074246757038-0.23323411076390813j)
(4.7308815180736215-0.23564749052929007j)
(4.720844260785506-0.2376897287192007j)
(4.710647705536752-0.23935257932158138j)
(4.700309316587519-0.24062870781064044j)
(4.689846956100134-0.24151172250736225j)
(4.679278825106815-0.2419962021444746j)
(4.668623402203345-0.242077719421218j)
(4.657899380219718-0.2417528603368751j)
(4.647125601141498-0.2410192390979137j)
(4.636320989581414-0.2398755084027715j)
(4.6255044851283635-0.2383213649215323j)
(4.614694973930247-0.23635754980596102j)
(4.603911219896263-0.23398584408892717j)
(4.593171795933042-0.23120905886207546j)
(4.582495015655349-0.22803102015605053j)
(4.571898866035274-0.22445654848927374j)
(4.561400941472074-0.22049143309835437j)
(4.551018379777541-0.21614240091494427j)
(4.540767800577116-0.2114170804099075j)
(4.53066524662486-0.20632396048371096j)
(4.52072612851936-0.20087234464216974j)
(4.510965173288273-0.195072300755984j)
(4.501396377280001-0.1889346067607009j)
(4.492032963764029-0.1824706927082602j)
(4.482887345595032-0.17569257963118076j)
(4.473971093243136-0.16861281572409756j)
(4.465294908432286-0.16124441038321446j)
(4.456868603564202-0.1536007666719405j)
(4.448701087036433-0.14569561279888563j)
(4.440800354492229-0.13754293320237873j)
(4.433173485968783-0.1291568998337521j)
(4.425826648840248-0.12055180421926093j)
(4.418765106384812-0.11174199085844777j)
(4.411993231742277-0.10274179248571458j)
(4.405514526971718-0.09356546768239983j)
(4.399331646868676-0.08422714128032713j)
(4.393446427159414-0.07474074794537541j)
(4.387859916656281-0.06511997927341169j)
(4.382572412934072-0.05537823467118411j)
(4.377583501072188-0.04552857623449308j)
(4.372892095001394-0.03558368777563317j)
(4.368496480997134-0.02555583809343306j)
(4.364394362871965-0.01545684852392289j)
(4.360582908438301-0.0052980647585683825j)
(4.357058796836878+0.00490966712885531j)
(4.353818266356356+0.015156020545501922j)
(4.350857162402837+0.025431204264336378j)
(4.348170985314173+0.035725974488621755j)
(4.345754937751751+0.04603164327275189j)
(4.343603971439494+0.05634008348850357j)
(4.341712833056612+0.06664373053117027j)
(4.340076109124485+0.07693558095977131j)
(4.338688269759354+0.08720918825988373j)
(4.337543711189495+0.0974586559072609j)
(4.336636796958359+0.10767862789730899j)
(4.335961897753082+0.11786427688900722j)
(4.335513429810613+0.1280112900947878j)
(4.335285891861581+0.13811585302986154j)
(4.335273900575421+0.14817463121753702j)
(4.335472224468721+0.1581847499309835j)
(4.335875816233975+0.16814377203898323j)
(4.336479843437493+0.1780496740123692j)
(4.337279717524618+0.18790082014101475j)
(4.338271121057912+0.197695935008227j)
(4.339450033101282+0.20743407427000732j)
(4.340812752649612+0.21711459379169873j)
(4.342355919991846+0.22673711720327386j)
(4.34407653588502+0.2363015019467497j)
(4.345971978408929+0.24580780390483614j)
(4.348040017366385+0.25525624071783454j)
(4.350278826092674+0.2646471539158186j)
(4.352686990540231+0.2739809700143286j)
(4.3552635155112815+0.28325816074334104j)
(4.35800782792178+0.29247920260059734j)
(4.360919776994283+0.30164453594044144j)
(4.363999631296118+0.3107545238277671j)
(4.367248072560426+0.3198094109021841j)
(4.37066618625245+0.328809282510457j)
(4.37425544887007+0.3377540243742578j)
(4.378017711995948+0.3466432830653256j)
(4.381955183148177+0.35547642756126735j)
(4.386070403505459+0.36425251215162646j)
(4.3903662226122036+0.37297024095641607j)
(4.394845770196264+0.3816279343074416j)
(4.3995124252577416+0.39022349722697625j)
(4.404369782610649+0.398754390219473j)
(4.409421617078869+0.40721760256971046j)
(4.414671845564406+0.4156096283164059j)
(4.42012448721851+0.42392644504387245j)
(4.425783621954334+0.43216349560728506j)
(4.431653347544182+0.44031567287903567j)
(4.43773773554409+0.44837730757662536j)
(4.4440407862843925+0.45634215920611326j)
(4.45056638315676+0.4642034101306187j)
(4.457318246417004+0.4719536627513761j)
(4.4642998867079715+0.479584939769336j)
(4.4715145584905205+0.4870886874798328j)
(4.4789652135513425+0.4944557820404583j)
(4.4866544547367955+0.5016765386446381j)
(4.494584490041814+0.5087407235294122j)
(4.5027570871626885+0.515637568746542j)
(4.511173528604291+0.5223557896307517j)
(4.519834567415185+0.528883604907646j)
(4.528740383609964+0.5352087593960325j)
(4.5378905413273145+0.5413185492750799j)
(4.547283946765217+0.5471998499047952j)
(4.5569188069324005+0.5528391462085785j)
(4.566792589257201+0.5582225656479819j)
(4.576901982103002+0.5633359138415291j)
(4.587242856252104+0.5681647129007812j)
(4.597810227438599+0.572694242576757j)
(4.608598220034863+0.5769095843269j)
(4.619600032025154+0.5807956684268211j)
(4.630807901434181+0.5843373242604293j)
(4.6422130744162535+0.5875193339259188j)
(4.653805775252837+0.5903264892926169j)
(4.665575178550282+0.5927436526343347j)
(4.677509383975821+0.5947558209467239j)
(4.689595393915925+0.5963481940306972j)
(4.70181909448689+0.5975062463883317j)
(4.714165240370082+0.5982158029334724j)
(4.726617443983778+0.5984631184658387j)
(4.739158169536566+0.5982349607944185j)
(4.751768732533638+0.5975186973247885j)
(4.764429305324725+0.5963023848458697j)
(4.777118929288847+0.5945748621653677j)
(4.789815534246095+0.592325845151903j)
(4.8024959656677995+0.5895460236461495j)
(4.815136020223174+0.5862271596061909j)
(4.827710490151898+0.5823621857548353j)
(4.840193216887266+0.5779453039025017j)
(4.852557154273418+0.572972082029805j)
(4.86477444162338+0.5674395491326613j)
(4.876816486752026+0.5613462867626241j)
(4.888654058991659+0.5546925161378141j)
(4.900257392059074+0.5474801796595414j)
(4.911596296493575+0.5397130156477378j)
(4.922640281228999+0.5313966251070092j)
(4.933358683701413+0.5225385293570862j)
(4.9437208077326105+0.5131482174066102j)
(4.95369606827013+0.5032371820192081j)
(4.963254141913129+0.49281894351527405j)
(4.972365122012096+0.48190906047109244j)
(4.980999677005177+0.4705251266173855j)
(4.989129210546675+0.45868675340013193j)
(4.996726021899391+0.4464155378443469j)
(5.003763465003159+0.43373501555269117j)
(5.010216104600937+0.42067059887235914j)
(5.016059867801664+0.4072495004692945j)
(5.021272189487484+0.3935006427553463j)
(5.025832150031019+0.3794545538153201j)
(5.02972060387547+0.365143250672989j)
(5.032920297645079+0.35060011091282817j)
(5.0354159765920325+0.3358597338331666j)
(5.037194478346051+0.3209577924437363j)
(5.0382448131102935+0.30593087773179617j)
(5.038558229636588+0.2908163367056583j)
(5.038128266511181+0.27565210577923105j)
(5.036950788482751+0.26047654108727114j)
(5.035024007763542+0.2453282473176619j)
(5.0323484904273+0.2302459066161142j)
(5.0289271482099265+0.21526810906168703j)
(5.024765216186658+0.20043318613124161j)
(5.019870216950698+0.18577904847115206j)
(5.014251912049065+0.17134302917725455j)
(5.0079222415414915+0.15716173365521147j)
(5.000895252635848+0.1432708969945814j)
(4.993187018418752+0.12970524964708668j)
(4.984815547743422+0.11649839205448366j)
(4.975800687358881+0.10368267872909452j)
(4.966164017367947+0.09128911215226479j)
(4.955928741086448+0.0793472467259707j)
(4.945119570346476+0.067885102892212j)
(4.9337626072437635+0.05692909142578462j)
(4.921885223275955+0.04650394780876671j)
(4.9095159367577414+0.03663267651103444j)
(4.896684289332021+0.02733650493002048j)
(4.883420722326528+0.01863484668467008j)
(4.869756453634105+0.010545273912578599j)
(4.855723355724328+0.0030834981848225805j)
(4.841353835325366-0.0037366403709973863j)
(4.8266807152499265-0.009903176163653203j)
(4.811737118777918-0.015406013877798544j)
(4.796556356952648-0.020236917290731665j)
(4.781171819096569-0.02438949159116899j)
(4.765616866807963-0.02785915961499094j)
(4.749924731660897-0.030643132399893278j)
(4.734128416797081-0.032740374445909604j)
(4.718260602570587-0.034151564052978714j)
(4.7023535563831365-0.03487904909075906j)
(4.686439046828879-0.03492679854083062j)
(4.670548262253284-0.034300350137501746j)
(4.654711733818916-0.03300675442182645j)
(4.638959263162103-0.03105451551369931j)
(4.6233198547173675-0.028453528900222187j)
(4.607821652780412-0.025215016534266225j)
(4.5924918833747395-0.02135145953583907j)
(4.577356800980812-0.016876528790240333j)
(4.562441640179489-0.011805013740667725j)
(4.54777057225242-0.0061527496787295724j)
(4.533366666770777+6.345615607302539e-05j)
(4.5192518581895955+0.006825899348686336j)
(4.5054469174476734+0.014116053624513056j)
(4.491971428552236+0.021914646372680507j)
(4.478843770103198+0.030201734033281462j)
(4.466081101684247+0.03895677700029093j)
(4.453699355016811+0.04815871369018405j)
(4.441713229739248+0.05778603342835397j)
(4.430136193637536+0.06781684781221989j)
(4.418980487116296+0.07822896022211245j)
(4.40825713166099+0.08899993316938362j)
(4.397975942004952+0.10010715319567086j)
(4.388145541679134+0.11152789306858486j)
(4.378773381590518+0.12323937105686981j)
(4.369865761246744+0.13521880711249384j)
(4.361427852222779+0.1474434758368839j)
(4.353463723450183+0.1598907561636553j)
(4.345976367902691+0.17253817774922303j)
(4.338967730254315+0.18536346412406532j)
(4.332438735098198+0.19834457272026396j)
(4.32638931533747+0.21145973195275342j)
(4.32081844039255+0.22468747559135194j)
(4.31572414391325+0.23800667471571424j)
(4.311103550737877+0.25139656759384044j)
(4.306952902904409+0.2648367878654292j)
(4.303267584589512+0.27830739144144656j)
(4.3000421459281695+0.29178888255006685j)
(4.297270325747898+0.30526223936486013j)
(4.2949450733350965+0.3187089396429073j)
(4.293058569433994+0.33211098677766165j)
(4.291602246759411+0.3454509366338662j)
(4.290566810379268+0.3587119254797498j)
(4.289942258390129+0.37187769926576253j)
(4.289717903365546+0.38493264442063985j)
(4.28988239510095+0.39786182024566663j)
(4.290423745207693+0.4106509928896255j)
(4.291329354121526+0.42328667078138255j)
(4.292586041084955+0.4357561412877676j)
(4.294180077638804+0.44804750825434025j)
(4.296097225114417+0.4601497299785484j)
(4.298322776555197+0.47205265706212896j)
(4.300841603414578+0.48374706949625856j)
(4.303638207278953+0.4952247122507379j)
(4.306696776749437+0.5064783285721816j)
(4.310001249488703+0.5175016901472501j)
(4.31353537930074+0.5282896232585731j)
(4.3172828079656105+0.5388380300551397j)
(4.321227141401642+0.5491439040770267j)
(4.325352029578239+0.5592053392176071j)
(4.329641249457324+0.5690215313751921j)
(4.334078790104901+0.5785927721399448j)
(4.3386489389909775+0.5879204339801407j)
(4.343336368389685+0.5970069465326547j)
(4.348126220706886+0.6058557637631096j)
(4.353004191502819+0.6144713219385044j)
(4.357956608946085+0.6228589885452785j)
(4.362970508435277+0.6310250024839005j)
(4.368033701157091+0.6389764060721327j)
(4.373134835416943+0.6467209695873205j)
(4.378263449678482+0.6542671092677295j)
(4.383410016382452+0.6616237998674256j)
(4.388565975779858+0.6688004830134954j)
(4.393723759206181+0.6758069727413426j)
(4.398876801438751+0.6826533596801017j)
(4.404019542011778+0.6893499154195226j)
(4.409147415607496+0.6959069986101075j)
(4.414256831890196+0.7023349643267262j)
(4.419345145394374+0.7086440781616938j)
(4.424410616312169+0.7148444364066292j)
(4.429452363240254+0.7209458935360875j)
(4.434470309135068+0.72695799802194j)
(4.43946512188161+0.7328899372922435j)
(4.4444381509987485+0.7387504924067663j)
(4.449391362078858+0.7445480027611312j)
(4.454327270588555+0.7502903408606361j)
(4.459248876638704+0.7559848969312273j)
(4.464159602265698+0.7616385728680343j)
(4.46906323265424+0.7672577847696471j)
(4.47396386257756+0.7728484730762787j)
(4.478865849138899+0.7784161191308121j)
(4.483773771673899+0.7839657668180481j)
(4.488692399425145+0.7895020478157896j)
(4.49362666733358+0.795029208914297j)
(4.4985816600168995+0.8005511398308023j)
(4.503562603729323+0.8060713999640172j)
(4.508574865829284+0.811593242598506j)
(4.513623961029333+0.817119635178608j)
(4.518715563473298+0.8226532744229039j)
(4.523855523485936+0.8281965952377757j)
(4.529049887675638+0.8337517726069729j)
(4.534304920945835+0.839320715877261j)
(4.539627128888226+0.8449050551201677j)
(4.545023278994359+0.8505061195200961j)
(4.550500419130262+0.8561249080112016j)
(4.5560658917733825+0.8617620526524842j)
(4.56172734260857+0.8674177754848346j)
(4.567492722219094+0.8730918398482369j)
(4.5733702797841715+0.8787834973456478j)
(4.579368547903075+0.8844914318172723j)
(4.58549631790028+0.8902137018286638j)
(4.591762605221283+0.8959476832763007j)
(4.598176604796851+0.9016900137713104j)
(4.6047476365281295+0.9074365404743266j)
(4.61148508131805+0.9131822730223855j)
(4.618398308339675+0.9189213431123289j)
(4.625496594481477+0.9246469721872692j)
(4.632789037137306+0.9303514485156409j)
(4.640284461708819+0.9360261147611624j)
(4.647991325355511+0.9416613669207827j)
(4.655917618657686+0.9472466652629453j)
(4.664070766948464+0.9527705576355838j)
(4.672457533119162+0.9582207152397167j)
(4.681083923707919+0.963583980685839j)
(4.6899551000439175+0.9688464278742307j)
(4.6990752961402125+0.9739934329724347j)
(4.708447744908621+0.9790097555099608j)
(4.718074614114023+0.9838796283774929j)
(4.727956953294494+0.9885868553099968j)
(4.73809465265408+0.9931149142555709j)
(4.7484864146895935+0.997447064887692j)
(4.759129739046764+1.0015664584112376j)
(4.770020920820752+1.0054562477455127j)
(4.781155062224859+1.009099696141286j)
(4.792526097256884+1.012480282306273j)
(4.804126828699936+1.0155818001744175j)
(4.81594897650924+1.018388451559236j)
(4.82798323636603+1.020884930079873j)
(4.840219346929231+1.023056494938699j)
(4.852646164092102+1.0248890333595635j)
(4.86525174036061+1.0263691107623492j)
(4.878023407319501+1.0274840080492298j)
(4.8909478590457445+1.0282217457043517j)
(4.90401123427373+1.0285710947568685j)
(4.917199195116068+1.0285215750184808j)
(4.930497000201559+1.028063441373698j)
(4.943889570210689+1.027187659263583j)
(4.957361543969119+1.02588587085257j)
(4.970897323500523+1.024150353691787j)
(4.98448110673869+1.0219739739811533j)
(4.998096906950854+1.0193501367751177j)
(5.011728558321988+1.0162727356638623j)
(5.025359707586193+1.0127361045838366j)
(5.038973792054416+1.0087349744606915j)
(5.052554004866139+1.0042644373588394j)
(5.0660832487736815+0.9993199206996252j)
(5.079544080235583+0.9938971739147462j)
(5.092918646037635+0.9879922696216615j)
(5.106188615059375+0.9816016210486708j)
(5.1193351081478635+0.9747220170035755j)
(5.132338629334389+0.9673506751810198j)
(5.145179001821779+0.9594853140500184j)
(5.157835312269546+0.9511242429683789j)
(5.170285866902176+0.9422664695502186j)
(5.182508162857471+0.932911822683025j)
(5.194478877972513+0.9230610889705276j)
(5.20617388187534+0.9127161597861354j)
(5.217568270813193+0.9018801855782712j)
(5.228636428110756+0.8905577335936614j)
(5.23935211152291+0.8787549447959041j)
(5.249688568042114+0.8664796854723475j)
(5.259618675955179+0.8537416888574587j)
(5.269115113141537+0.8405526820687107j)
(5.278150549785587+0.8269264937596641j)
(5.286697862867362+0.8128791381508732j)
(5.294730369024227+0.7984288715004062j)
(5.302222071669681+0.7835962176192611j)
(5.309147917641579+0.7684039597102287j)
(5.315484058154576+0.7528770965962845j)
(5.321208108475678+0.7370427622848316j)
(5.326299400542297+0.7209301087601779j)
(5.3307392227152475+0.7045701528787199j)
(5.3345110410087395+0.6879955892258302j)
(5.3376006964672635+0.6712405717470548j)
(5.339996573856604+0.6543404678531566j)
(5.341689737489531+0.6373315894886825j)
(5.3426740307948855+0.6202509063159964j)
(5.342946137133891+0.6031357466791789j)
(5.3425056003409885+0.58602349235529j)
(5.341354804480919+0.5689512732646748j)
(5.33949891333732+0.5519556682927834j)
(5.336945771142513+0.5350724181776183j)
(5.33370576699338+0.5183361560503332j)
(5.329791666243034+0.5017801606986849j)
(5.3252184128887565+0.4854361369763036j)
(5.320002907574453+0.4693340270311355j)
(5.314163766277526+0.45350185520256936j)
(5.3077210650495115+0.4379656085675611j)
(5.300696076325759+0.42274915423082504j)
(5.293111002318332+0.40787419357985705j)
(5.284988710865451+0.39336025288628956j)
(5.276352478845928+0.37922470885219584j)
(5.267225747892524+0.36548284699049355j)
(5.2576318966722875+0.3521479501051959j)
(5.247594033463872+0.3392314136095638j)
(5.237134812168579+0.3267428839931168j)
(5.226276274263252+0.3146904164241046j)
(5.215039718553075+0.30308064725192885j)
(5.203445599929282+0.29191897705085046j)
(5.1915134576903785+0.2812097598175598j)
(5.1792618733605975+0.27095649399480337j)
(5.1667084573443525+0.2611620111345921j)
(5.153869863199123+0.25182865822983347j)
(5.140761827800261+0.24295847002530466j)
(5.1273992352132485+0.2345533279590784j)
(5.113796201690594+0.2266151027765685j)
(5.099966178873114+0.2191457782920153j)
(5.085922072004472+0.21214755423862663j)
(5.071676369765037+0.2056229266396597j)
(5.057241282199569+0.1995747446394333j)
(5.042628883151288+0.19400624324623247j)
(5.027851253626198+0.18892105194930303j)
(5.012920622589996+0.18432317966937545j)
(4.997849501846759+0.18021697697796377j)
(4.982650811857373+0.1766070769653476j)
(4.967337995621663+0.17349831654286063j)
(4.951925118064553+0.17089564032408555j)
(4.9364269487260755+0.16880398953540718j)
(4.9208590259474745+0.1672281786545944j)
(4.905237701163798+0.1661727626623274j)
(4.889580162345095+0.16564189791472145j)
(4.873904436065943+0.16563919970437604j)
(4.858229368115663+0.1661675995744579j)
(4.842574582980984+0.16722920538820288j)
(4.826960422930839+0.16882516703865647j)
(4.811407867802414+0.17095555051600286j)
(4.795938436922998+0.1736192228388433j)
(4.780574074898601+0.1768137501071669j)
(4.765337023254951+0.18053531065646852j)
(4.750249680127892+0.18477862499063125j)
(4.735334450365759+0.1895369038528705j)
(4.720613588529107+0.19480181546568276j)
(4.706109037351549+0.20056347263759294j)
(4.691842264262633+0.2068104401023463j)
(4.677834098571614+0.21352976212869226j)
(4.664104571871363+0.2207070101205926j)
(4.6506727641478705+0.22832634962100554j)
(4.637556657974579+0.23637062584067078j)
(4.624773003034849+0.24482146655809883j)
(4.612337193052335+0.253659400981029j)
(4.600263157019769+0.2628639929238366j)
(4.588563266403955+0.27241398644254033j)
(4.577248259769887+0.2822874618799795j)
(4.566327186011872+0.2924620001111918j)
(4.555807367107193+0.3029148526441943j)
(4.545694381018294+0.31362311512759283j)
(4.535992065067756+0.32456390174435507j)
(4.526702539797476+0.3357145179347719j)
(4.517826253003925+0.3470526288916501j)
(4.509362043318712+0.3585564213102511j)
(4.501307222383176+0.37020475595542424j)
(4.4936576743513825+0.38197730872954244j)
(4.486407971154734+0.3938546980886701j)
(4.479551501678368+0.4058185968589913j)
(4.473080612741368+0.41785182675025667j)
(4.466986759545823+0.42993843414531635j)
(4.461260663069684+0.4420637460605523j)
(4.455892471731724+0.45421440551658077j)
(4.450871924557815+0.4663783859261101j)
(4.446188513030904+0.4785449844891867j)
(4.441831638816012+0.49070479497706687j)
(4.4377907646168255+0.5028496606769172j)
(4.434055555543749+0.5149726086501933j)
(4.430616008552378+0.5270677668201781j)
(4.427462567743802+0.5391302657383029j)
(4.424586223599247+0.5511561271775335j)
(4.421978594545615+0.5631421419549278j)
(4.419631989607899+0.5750857395894425j)
(4.417539451290781+0.5869848525483247j)
(4.4156947782357845+0.5988377779235011j)
(4.414092527612124+0.610643039405395j)
(4.412727997608581+0.6223992523855334j)
(4.411597190791011+0.6341049949226796j)
(4.410696759465305+0.6457586871536125j)
(4.410023934529952+0.6573584815229712j)
(4.409576439609691+0.6689021659543545j)
(4.409352392523677+0.6803870817930227j)
(4.409350196354997+0.6918100580287666j)
(4.409568422549807+0.7031673629630276j)
(4.410005688581733+0.7144546741270383j)
(4.410660532770946+0.7256670668963342j)
(4.411531288849656+0.7367990218887448j)
(4.4126159628182275+0.7478444508871143j)
(4.413912114543931+0.7587967406995296j)
(4.4154167464221565+0.7696488140655785j)
(4.417126201252283+0.7803932064412462j)
(4.419036071285002+0.7910221572497892j)
(4.421141120178375+0.8015277139751538j)
(4.423435219364545+0.8119018472971167j)
(4.425911300080596+0.8221365753245229j)
(4.4285613220629205+0.8322240948735777j)
(4.431376259646786+0.8421569176600882j)
(4.434346105756503+0.8519280092262088j)
(4.4374598940183025+0.861530928401318j)
(4.440705738980662+0.8709599651005615j)
(4.444070894185878+0.8802102742910554j)
(4.447541827603468+0.8892780040037934j)
