(45.40215803948867+0j)
(41.25765129806615-12.923072470930858j)
(32.27959013102515-20.31473090839569j)
(23.391130054328737-22.30259275652869j)
(16.532564671040955-21.302399160411735j)
(11.690818891042383-19.095745452993963j)
(8.361361286261054-16.549560603759183j)
(6.08623144675443-14.01168567644592j)
(4.545005870666515-11.596289650228806j)
(3.5315569733619983-9.321613003041428j)
(2.9196278263952324-7.1690237882175545j)
(2.638121370168268-5.107273629184408j)
(2.656949765613275-3.1024651412181616j)
(2.9813845822221805-1.1229747568814814j)
(3.6537233203981807+0.8556032665756625j)
(4.762404252808783+2.8404872468743014j)
(6.458998321617254+4.797739284209109j)
(8.978700008700013+6.594647137638826j)
(12.633708468674232+7.868937388646927j)
(17.651549445443187+7.783154263167452j)
(23.5188464597172+4.840707613524164j)
(27.77773701599624-2.1551371616432697j)
(26.911216912098414-11.162481903149706j)
(21.19635337662135-17.44073503011111j)
(14.485326754977741-19.353284762123785j)
(9.156800818317263-18.517629395295955j)
(5.482416445264105-16.598236481081205j)
(3.0519480161162758-14.432172534899983j)
(1.4537868408356496-12.335569219737847j)
(0.4023927298474855-10.398998146419475j)
(-0.2826364182104449-8.628753579146016j)
(-0.7125251777853645-7.003405438235418j)
(-0.9552113673729596-5.494784252473061j)
(-1.0511719777992-4.0751799584271575j)
(-1.022482169806473-2.719407921532856j)
(-0.8776044693937132-1.4051205646948621j)
(-0.6133283680564372-0.11264199275697563j)
(-0.21520889958867004+1.1741576788134678j)
(0.34623925128958055+2.4668620385430846j)
(1.1176731920613687+3.768146966880269j)
(2.1700737226126856+5.061763420438439j)
(3.604049708671842+6.291917365503463j)
(5.545271682105882+7.32193485449408j)
(8.098993627951211+7.865155455003171j)
(11.193984640428082+7.421645711828045j)
(14.266969872995332+5.404791174079249j)
(16.110447642731494+1.766880760049181j)
(15.697828943868954-2.3284073868230872j)
(13.394814361377549-5.285025768247011j)
(10.483433046137174-6.532365394806184j)
(7.888120650208771-6.474438789556576j)
(5.89941404462809-5.688827979603691j)
(4.483671873338548-4.566570588110001j)
(3.5242766429745442-3.3115585560350507j)
(2.914021396084683-2.0148626391331983j)
(2.5762297433435637-0.7097617843945253j)
(2.4638647662354973+0.5980725289516622j)
(2.554911622854426+1.9153359768512859j)
(2.8493599020892177+3.253024233138502j)
(3.3689319539233784+4.620740753835437j)
(4.159595955938467+6.019997101398067j)
(5.296202873753686+7.432727219690975j)
(6.886355847280857+8.799451729963494j)
(9.063835577567419+9.979392499434509j)
(11.945211954534615+10.688804604765853j)
(15.497668470687495+10.447076801856817j)
(19.285297372243736+8.661558831771003j)
(22.290453379230286+5.068306107841457j)
(23.358588129823+0.3470756213786838j)
(22.211598596689978-4.067176905890671j)
(19.669105727887086-7.110208995201148j)
(16.77927360083862-8.647606613286662j)
(14.171799239163473-9.07087977516506j)
(12.05812864070014-8.81883646538893j)
(10.43672666100358-8.203030439378276j)
(9.236978703661988-7.409029895478984j)
(8.38277301302294-6.538521390511281j)
(7.813273299097845-5.6450590589503875j)
(7.4868364114581905-4.757207032569737j)
(7.379657356081947-3.892853008787026j)
(7.483166930014675-3.0689617992224756j)
(7.800761815317326-2.309863012366891j)
(8.342453145184354-1.6559564985075326j)
(9.114163435508463-1.1729352044334087j)
(10.09696099889698-0.957603837851996j)
(11.214085163315486-1.1285128397393653j)
(12.298492310370666-1.7823403345558486j)
(13.102438967270075-2.911686051356744j)
(13.39321863520015-4.338715630047398j)
(13.09254392566176-5.76074014362175j)
(12.32262624716095-6.904774041504035j)
(11.309660771550835-7.646774493374044j)
(10.257137747062359-8.00574961188669j)
(9.28934853387963-8.070082378375165j)
(8.459174382407008-7.936134835010689j)
(7.776076521554745-7.68137740441748j)
(7.229297758973293-7.360071811004191j)
(6.801433833415539-7.007615085258295j)
(6.474900957351829-6.646314756996162j)
(6.234447568053635-6.290147341002957j)
(6.067774982254018-5.948146240223849j)
(5.965592875704653-5.6266080782527j)
(5.9202347534425375-5.331035113463151j)
(5.926093355206135-5.066717278821786j)
(5.978262313154981-4.839869224465284j)
(6.071572417048343-4.658201039990235j)
(6.199206247466504-4.531221118466533j)
(6.350858164446807-4.46995664511414j)
(6.5105426975229514-4.4855676586992015j)
(6.654663276939384-4.586167803369078j)
(6.75183692688923-4.77147185642007j)
(6.766766848052169-5.026289380533077j)
(6.669709396643108-5.316450398107926j)
(6.449231334773036-5.592409266392469j)
(6.1207500969198305-5.802592983511904j)
(5.723313100522092-5.910483820634251j)
(5.305442742085049-5.904705811645638j)
(4.909440456763677-5.796891258089666j)
(4.562729018319602-5.6116530135666425j)
(4.277490145111226-5.376297405932327j)
(4.054831122688449-5.11453305127094j)
(3.8896128838604036-4.8442745707429005j)
(3.774068938272309-4.5779015771225415j)
(3.699933673042456-4.323460382252043j)
(3.6594481039892846-4.085953676204882j)
(3.6456888135552092-3.8683823694249044j)
(3.652549059630778-3.6724749263306964j)
(3.674571591157973-3.499143480659782j)
(3.706741902396914-3.3487288946913685j)
(3.744298671247775-3.2210896635245643j)
(3.7825934168686755-3.1155763642879215j)
(3.817022561945273-3.0309247317126906j)
(3.843052318868873-2.965099851104007j)
(3.856352654480682-2.915130190202568j)
(3.8530464567688965-2.8769795292218308j)
(3.8300616583514326-2.845512433899467j)
(3.7855475557594254-2.814608488948723j)
(3.7192863539539247-2.7774650582299727j)
(3.633007321507632-2.7270937621529705j)
(3.530507514176365-2.6569660584750068j)
(3.417509932716131-2.5617125873285884j)
(3.3012456280928992-2.4377500068536753j)
(3.1898139900911953-2.2837146352833075j)
(3.091429610742644-2.100626122258799j)
(3.0136834774805465-1.8917702874523912j)
(2.962925834070842-1.6623519962868214j)
(2.943830838713499-1.419004613168566j)
(2.959151294377361-1.1692448080333862j)
(3.0096345465853402-0.9209378758062454j)
(3.0940572284663643-0.6818050056891084j)
(3.209344660757662-0.45897596035091115j)
(3.350760046319706-0.25857800076623466j)
(3.512167300946352-0.08535507797676184j)
(3.68638222759723+0.0576748135772619j)
(3.8656263173895207+0.16949689060619733j)
(4.042082771755673+0.2512656839937611j)
(4.208526001404411+0.3063065165778758j)
(4.358962930627051+0.33991119786170554j)
(4.4892016428413815+0.3589196783906947j)
(4.597262158513506+0.37112299728998j)
(4.683568423636561+0.38456173844512304j)
(4.750902839862116+0.40681426896073186j)
(4.804150683821054+0.4443632576969718j)
(4.8498961988278895+0.5021003470880353j)
(4.895944996645705+0.5829885390341165j)
(4.950837341910834+0.6878636520570423j)
(5.023389909917531+0.8153308720538807j)
(5.122268872620129+0.9617050099494682j)
(5.255563089843536+1.1209538592519872j)
(5.430298958207377+1.2846313050995781j)
(5.651823435492925+1.4418292850230197j)
(5.922986579370898+1.5792345010463829j)
(6.243092714951666+1.6814428355195499j)
(6.6066783608083055+1.7317462864973265j)
(7.002329806862935+1.7136264674443706j)
(7.411960853815171+1.6131011034039975j)
(7.811155156989593+1.4218047060416636j)
(8.171176505006951+1.1402313329046518j)
(8.462874448764357+0.7800772980396661j)
(8.661924312103679+0.364442006884934j)
(8.753957336655663-0.07486821743532754j)
(8.737772675968301-0.5025557201886702j)
(8.625415883482045-0.886008740883001j)
(8.439214486360797-1.2004531985254376j)
(8.207054922066256-1.4317001881647582j)
(7.957569303808386-1.5762719273539443j)
(7.7164506884384565-1.6396380074406545j)
(7.50432835120542-1.6336198111349631j)
(7.336008242869915-1.5738202894260882j)
(7.220610585682277-1.477532919437486j)
(7.1621472779053486-1.3622341774551416j)
(7.16022410262178-1.2445635350771924j)
(7.210710319962383-1.1396280572674724j)
(7.306337316633597-1.0604831375338537j)
(7.437257769999285-1.0176912175107296j)
(7.591624631400877-1.0189184002045213j)
(7.756246170826627-1.0685800745773295j)
(7.9173491560748595-1.167583542364814j)
(8.061445568619696-1.3132339001142954j)
(8.176257534401795-1.4993667294988264j)
(8.251619793981227-1.716746834490411j)
(8.280261739453941-1.9537301527998527j)
(8.25838123324861-2.1971436159504965j)
(8.185943965875715-2.4333130975319244j)
(8.066661624051912-2.6491450821546687j)
(7.907646351028203-2.83314515100743j)
(7.7187916965848595-2.976272619895584j)
(7.511953947301237-3.0725663830602548j)
(7.300014438245169-3.1195053791236234j)
(7.095905140722647-3.118092159333209j)
(6.911674763395717-3.072671406551898j)
(6.7576619537194125-2.9905140132766j)
(6.641828846965897-2.8812111194104078j)
(6.569293503158352-2.755932408606588j)
(6.542083730421566-2.6266094711515193j)
(6.559117396926062-2.5051076356481277j)
(6.616396387837843-2.402447310706657j)
(6.707384692291298-2.3281278923254085j)
(6.823528076807371-2.2895941256259444j)
(6.954865479272582-2.291868237721821j)
(7.090681612530584-2.3373539112715846j)
(7.22015580506438-2.4258031518469347j)
(7.332972055775327-2.554426594797194j)
(7.419867178917938-2.7181230490081054j)
(7.4731049330233175-2.9098054621530403j)
(7.4868704885471455-3.120807051167903j)
(7.457578235532146-3.3413584558640586j)
(7.384079502625282-3.561127552591276j)
(7.267752921814093-3.769808181741419j)
(7.112459175653307-3.957738203639072j)
(6.9243402403107055-4.1165184896341875j)
(6.71144730119631-4.239588807144342j)
(6.483198610428424-4.322701102619536j)
(6.249696422139134-4.364225774536991j)
(6.020962680848702-4.3652375648589485j)
(5.806177001543736-4.329354788152618j)
(5.613009126905961-4.262343783827101j)
(5.447126658376084-4.171540135969569j)
(5.311929007616623-4.065168093329788j)
(5.208518178186488-3.951651241387104j)
(5.13587746802505-3.8389985162332847j)
(5.091200627180277-3.7343245059964425j)
(5.070301850001689-3.6435303834321067j)
(5.0680408602643086-3.571141029075685j)
(5.078712460526235-3.520271512619325j)
(5.096369785959045-3.492684478166305j)
(5.115069692921715-3.4888978264492696j)
(5.129044311332783-3.508306315591422j)
(5.13281421698051-3.549288418710433j)
(5.121266497242304-3.609279243915556j)
(5.089725872344415-3.684800841398757j)
(5.03404938696917-3.7714527539440255j)
(4.950774844023191-3.863878659845744j)
(4.837348881363191-3.9557400295651597j)
(4.692449613657234-4.039744686377322j)
(4.516397037041881-4.107794374820801j)
(4.311608450862757-4.1513239429596895j)
(4.083007027044233-4.161893581377413j)
(3.838240487426784-4.132050611271159j)
(3.5875388044141547-4.0563911725285156j)
(3.34306959580257-3.9326382456920266j)
(3.117762254291439-3.7624552409458447j)
(2.9237522100019957-3.551699430174141j)
(2.7707747818169324-3.309933971262064j)
(2.6649141278457416-3.049241469661115j)
(2.6080244827714947-2.7826184923355917j)
(2.597918917250179-2.5223584424765493j)
(2.6291767696204604-2.2787890559284216j)
(2.694271033187386-2.059559408337243j)
(2.7847085368242195-1.869472499299808j)
(2.8919709148528057-1.7107252196950347j)
(3.0081658325219496-1.5833759042604216j)
(3.1263911644309386-1.4858818031949665j)
(3.2408682342697777-1.4155959687243018j)
(3.3469213685904813-1.3691636254681492j)
(3.4408782954844006-1.3428009296419872j)
(3.519949304490803-1.3324672151866708j)
(3.582123443240938-1.3339550796402446j)
(3.6261041494182087-1.34292618853873j)
(3.6512959598921233-1.3549203859738463j)
(3.657846522013436-1.3653653119294682j)
(3.6467413969837765-1.3696145939396522j)
(3.61994052584203-1.3630443628321967j)
(3.580532640808912-1.3412383107938752j)
(3.5328664296328456-1.3002869955473266j)
(3.4825965633599574-1.2372122365828464j)
(3.436565020833186-1.150496740015588j)
(3.4024356681859733-1.040650637484757j)
(3.3880290086228175-0.9106881951827843j)
(3.4003764766573723-0.7663421931393999j)
(3.444623202391624-0.6158453746387332j)
(3.5230179297525033-0.46918801032225566j)
(3.634277582480364-0.3369147536163119j)
(3.7735504022147888-0.22869748056016678j)
(3.933029245032469-0.152025498130279j)
(4.103059172512788-0.1113259321236622j)
(4.27344262146807-0.10767581316447014j)
(4.434631585952747-0.1390737884472059j)
(4.578593507130445-0.20109541267474204j)
(4.699278385512829-0.28770782397710803j)
(4.792731826929022-0.3920552230202906j)
(4.856959720003074-0.5071024059244966j)
(4.891658256410161-0.6260981300918029j)
(4.897899424624451-0.742871126776248j)
(4.877828784670155-0.8519958829896028j)
(4.834402923364181-0.9488699501074555j)
(4.771173561111883-1.0297385931337872j)
(4.692113575333375-1.091692968766611j)
(4.601474896776947-1.1326585771387379j)
(4.503666842789518-1.1513830277297994j)
(4.403144092878948-1.1474264109032433j)
(4.3042950312983015-1.1211533748324622j)
(4.211323048456954-1.073722799803089j)
(4.128115553552506-1.0070682354820277j)
(4.058098191934511-0.9238597435087298j)
(4.004075578694053-0.8274355441735687j)
(3.9680652784202644-0.7216904722583821j)
(3.9511390093471346-0.6109088832745952j)
(3.953293523154464-0.49953403811928004j)
(3.973381221702217-0.39187581677449873j)
(4.00913354819937-0.2917742063060597j)
(4.057304165807508-0.20225479189608245j)
(4.113941448067392-0.12522851572769841j)
(4.174772791906483-0.06129378855466298j)
(4.235653642904543-0.009689065325116902j)
(4.293011874127715+0.031582290651041255j)
(4.344212622796758+0.06546958822753393j)
(4.387784099430399+0.09548492659672693j)
(4.423477218180271+0.12527765086812767j)
(4.4521698431413474+0.1582456964560648j)
(4.475656880819229+0.19723775377619387j)
(4.496381852040217+0.2443711666057411j)
(4.517163074409594+0.30096210329117423j)
(4.5409534360247905+0.3675447396684029j)
(4.570654359629249+0.4439476041982741j)
(4.60898799889514+0.5293961307186094j)
(4.658420117678745+0.6226171034895639j)
(4.721119965151573+0.7219294145115289j)
(4.7989417074510134+0.8253139109254702j)
(4.893413090544707+0.9304619459935188j)
(5.005719740884623+1.0348073889745402j)
(5.1366772155245455+1.1355505646826276j)
(5.2866875315439215+1.2296849917717483j)
(5.455682422451576+1.3140383255092711j)
(5.6430610095244536+1.3853367167638062j)
(5.847632980469137+1.4402973435142974j)
(6.0675793188418785+1.47574952059394j)
(6.300443512132306+1.488781230655415j)
(6.543167385766208+1.4769021068730215j)
(6.792182830851675+1.4382050203475805j)
(7.0435610029626865+1.3715016099865305j)
(7.293207587701066+1.2764073413240529j)
(7.5370818748978134+1.1533590674051448j)
(7.771411835073508+1.0035596906480915j)
(7.992878106154106+0.8288570472854728j)
(8.198746164348567+0.6315744147108745j)
(8.386935885972559+0.41431567081996745j)
(8.556028184980399+0.17976824895595303j)
(8.705216589483008-0.06947741539920384j)
(8.834215831991164-0.33108004381730066j)
(8.94313963503228-0.6030660174569107j)
(9.032356968023793-0.8839135023449131j)
(9.102331840751953-1.1726029217150087j)
(9.153447956385302-1.4686327506426675j)
(9.185817825373293-1.7719952221289743j)
(9.199077550277057-2.0831005203908006j)
(9.192174583567699-2.4026318789195744j)
(9.163167289872076-2.7313099493227657j)
(9.109072395352287-3.0695463518259647j)
(9.025817786851547-3.4169784615972665j)
(8.90837812108413-3.7719060232464505j)
(8.751177688313916-4.130698778558128j)
(8.548821087897315-4.487308379198838j)
(8.297139442756947-4.833076805883274j)
(7.99441519072565-5.157047523794197j)
(7.642504546116798-5.446908639131908j)
(7.247488494774224-5.690512256829848j)
(6.819536712931186-5.877672909549308j)
(6.371892559047058-6.001771984913181j)
(5.919198853735542-6.060706466952106j)
(5.475621440357301-6.0569408390776625j)
(5.053261894391533-5.996738039114642j)
(4.661182772797492-5.888891015645408j)
(4.305115052761799-5.743348574670385j)
(3.987711812832411-5.570043121560253j)
(3.709121495738461-5.3780720273090585j)
(3.467666626240002-5.175244390286959j)
(3.2604798462901394-4.967921940219822j)
(3.084022329170114-4.7610558514988615j)
(2.934465218772947-4.5583299633876315j)
(2.807947140947538-4.362344389821194j)
(2.7007346055743002-4.174798131201889j)
(2.609314380897524-3.9966490101113052j)
(2.530443578160889-3.8282428446835612j)
(2.4611779288616655-3.6694122872371766j)
(2.398893367725161-3.5195507985195684j)
(2.341311105385017-3.3776701681882058j)
(2.2865317754820316-3.242451673176918j)
(2.2330796321134607-3.1123016633048857j)
(2.1799529208506017-2.9854218592315322j)
(2.1266715999783896-2.8599024012685197j)
(2.073309285767541-2.733841150325015j)
(2.020493974398993-2.605485823751245j)
(1.9693633566869948-2.4733871174208484j)
(1.9214665119713468-2.3365430957302493j)
(1.8786141422564933-2.1945107365636645j)
(1.8426919692365578-2.047462224141526j)
(1.815462518757064-1.8961722274302402j)
(1.7983852168089216-1.741936063265114j)
(1.7924813829328539-1.5864330453590296j)
(1.7982603385154132-1.4315596591481787j)
(1.8157091778872105-1.2792603824068607j)
(1.8443363802189146-1.1313798771550283j)
(1.8832517579827792-0.9895514026739219j)
(1.9312633021282553-0.8551261931657574j)
(1.9869742465722813-0.729140178808242j)
(2.0488690295294676-0.6123093236869026j)
(2.1153827012234117-0.5050430980401837j)
(2.18495330350414-0.4074664038219518j)
(2.25606019890472-0.31944257404108856j)
(2.3272532129607786-0.24059296342898856j)
(2.3971780194488055-0.17031155006321508j)
(2.4646027356523943-0.10777555960634333j)
(2.528449426864481-0.051955240510226514j)
(2.587832295428156-0.0016274219912870188j)
(2.6421018895873463+0.04460180683722511j)
(2.6908919370906954+0.08826028414570644j)
(2.734162788365693+0.1309553889074104j)
(2.772233545415161+0.17430150325687685j)
(2.805794458166762+0.21983259389377185j)
(2.835892649725508+0.268907264328164j)
(2.863887785935001+0.322616842313152j)
(2.8913793473161116+0.38170828661226985j)
(2.92011246298334+0.44653224578481615j)
(2.9518733245530546+0.517022618958004j)
(2.98838680995594+0.5927084614430101j)
(3.0312276945215246+0.6727535701701033j)
(3.0817532192887156+0.7560150279592157j)
(3.14105999399475+0.8411102405480665j)
(3.2099635567667133+0.9264826212182591j)
(3.288995395404575+1.0104584660838565j)
(3.378410300536122+1.0912908304751383j)
(3.478196493443447+1.1671895528566694j)
(3.588081667710483+1.236339466775805j)
(3.707529461600676+1.296911125967593j)
(3.8357226251002285+1.3470701309102495j)
(3.971531177567319+1.3849925818763285j)
(4.113466328388603+1.4088954353666654j)
(4.259624207957422+1.4170915385506735j)
(4.407627957909366+1.4080794250159563j)
(4.554582729371131+1.3806766359491918j)
(4.697065350752559+1.334200895299798j)
(4.83117742528166+1.2686941018848823j)
(4.952694217928887+1.185168439932155j)
(5.05733679885491+1.0858325844146095j)
(5.1411757424162605+0.9742337219575543j)
(5.201138219693588+0.8552381481445528j)
(5.235541613380812+0.7347834834591955j)
(5.244532836356132+0.6193796102667103j)
(5.230299116723592+0.5154094506816955j)
(5.196953903586717+0.42835961853709814j)
(5.150088267895127+0.36215598520411796j)
(5.09608082298846+0.3187607769908791j)
(5.041330155240929+0.29810870697860375j)
(4.9915809513579426+0.2983565457027365j)
(4.951462026412057+0.31634051140776964j)
(4.924274187580961+0.3481070627002625j)
(4.911995945405583+0.3894026750469939j)
(4.915436936301036+0.4360541808145679j)
(4.9344632517073235+0.48421843534491416j)
(4.968233961116153+0.5305135757727666j)
(5.0154104277407034+0.5720606492401953j)
(5.074320314034732+0.6064676746284561j)
(5.143072577825446+0.6317840573200149j)
(5.219628110442839+0.6464464869833156j)
(5.301834504797807+0.6492308854988866j)
(5.387434613370329+0.6392198542355662j)
(5.474058582008847+0.6157915623430167j)
(5.559208954809326+0.5786337424965254j)
(5.640248827898802+0.5277847997064502j)
(5.7144041125037335+0.4637022685148945j)
(5.7787926298740215+0.38735619186619685j)
(5.830494462106008+0.3003406541624869j)
(5.866678623966304+0.2049900467253275j)
(5.884798926074169+0.10447754955919071j)
(5.88286451702236+0.0028627672870072084j)
(5.859775708903746-0.09495368441364081j)
(5.815692468745847-0.1834133871172143j)
(5.752374234973043-0.256654931598357j)
(5.6734040365582485-0.3090439302042706j)
(5.58420124167845-0.3358326058308578j)
(5.491750133618276-0.3338464792922483j)
(5.40403125151288-0.3020540282832475j)
(5.329225988584132-0.24187437020302174j)
(5.274840877400877-0.15713045977000456j)
(5.2469308120756315-0.05364749515300007j)
(5.249572242622485+0.06140832556836362j)
(5.284660410026324+0.18029647905750643j)
(5.35201401152368+0.2954170864260909j)
(5.449702443050903+0.39986162596903274j)
(5.574483432066704+0.4877518857063838j)
(5.722249181222005+0.5543777803291751j)
(5.888410888650537+0.5961805632018061j)
(6.068187416957977+0.6106401203187937j)
(6.25679282094352+0.5961202750606175j)
(6.449535582367368+0.5517131252461721j)
(6.641850867086692+0.47710913899935153j)
(6.829289093174662+0.3725077027691486j)
(7.007482793176037+0.23857411237695514j)
(7.172111491137323+0.07644313315761109j)
(7.318882325751787-0.11223493419708928j)
(7.443542719054577-0.32521350542899674j)
(7.541940075423154-0.5595464379575062j)
(7.610141319111659-0.8114798410887843j)
(7.644620698985622-1.076363048299634j)
(7.642516287968022-1.3486092737035738j)
(7.601943008769635-1.6217407537216615j)
(7.522333102094376-1.8885521215699668j)
(7.404756149948189-2.141415892194011j)
(7.252155173051341-2.3727329607253735j)
(7.069430065882799-2.5754999309027213j)
(6.863311514893837-2.7439298534296546j)
(6.6420002846569-2.8740342780456265j)
(6.4145935896288195-2.9640646022369683j)
(6.190369493475994-3.0147275177781454j)
(5.978035366636411-3.0291314382995083j)
(5.785054427379622-3.0124761067064294j)
(5.617142430023871-2.9715482204926067j)
(5.477983322728424-2.9141162184684193j)
(5.369163807474008-2.8483206540041732j)
(5.29028727734166-2.7821366451407514j)
(5.239206259132159-2.722952368175107j)
(5.212309990882129-2.677274110993634j)
(5.204815190088092-2.6505422893087953j)
(5.211026553663273-2.647027433011305j)
(5.224553231967672-2.6697699402742923j)
(5.238484909359319-2.720529923746721j)
(5.245544838497513-2.7997211474031665j)
(5.2382471018528465-2.9063141591521653j)
(5.209091574668429-3.037707637367578j)
(5.150831884561596-3.1895837431165104j)
(5.056847210711962-3.355782750798741j)
(4.9216349818039635-3.5282528066723184j)
(4.741415212273944-3.697147908054753j)
(4.514797311763564-3.8511530633958215j)
(4.243411230787511-3.978099425483569j)
(3.93235994441085-4.0658848539790755j)
(3.590331099346735-4.1036366474379244j)
(3.2292351299080986-4.08295938872514j)
(2.863325744536969-3.999035971781195j)
(2.5078902556507106-3.851334117118806j)
(2.1777269934293857-3.643737778283498j)
(1.8856996909297612-3.384059815024216j)
(1.6416393088956285-3.08304928723333j)
(1.4517599761090818-2.7531218757939295j)
(1.3186136016008403-2.407075515269894j)
(1.2414839496017442-2.0570062955457815j)
(1.2170530252582479-1.7135459173462435j)
(1.2401662914041018-1.3854441769672405j)
(1.3045602548095945-1.079448353082397j)
(1.4034702830430055-0.8003964085629753j)
(1.5300865347906598-0.5514374581519487j)
(1.6778603516973363-0.3343070571163447j)
(1.840683924246073-0.149604084487314j)
(2.012975887499905+0.0029628044374009335j)
(2.1897044469576987+0.12437279777909398j)
(2.3663737577966546+0.21613732263360083j)
(2.538993590817199+0.2801877436558385j)
(2.7040470450962792+0.31879914509289686j)
(2.8584662847292828+0.3345410889964422j)
(2.9996222311286953+0.3302456057760059j)
(3.1253307516087907+0.3089827498184229j)
(3.23387492189801+0.2740345921718547j)
(3.3240402277099785+0.22885951197000104j)
(3.3951570733744356+0.17704020673104856j)
(3.4471428226750254+0.12221110772134491j)
(3.4805341067888484+0.06796390945531662j)
(3.496499686785304+0.017733563875818967j)
(3.496825114645529-0.02532903408015259j)
(3.4838629749982464-0.05848794607739323j)
(3.460446462902094-0.0795445674344474j)
(3.4297689236343514-0.08693875807869061j)
(3.395236881876191-0.07981750881736308j)
(3.3603080212504906-0.05806342936035605j)
(3.328327690569797-0.022280225116706968j)
(3.302377370304582+0.026262400317342092j)
(3.2851462396428945+0.08571739535674402j)
(3.278833154313788+0.15377250135233506j)
(3.2850818941412023+0.2277747504073994j)
(3.3049484095433543+0.304857008345493j)
(3.3388957122143323+0.3820584888097369j)
(3.386810387810727+0.4564341287059073j)
(3.4480344686864166+0.5251507114365891j)
(3.5214073322782777+0.5855701008971976j)
(3.6053139765670905+0.6353215624113476j)
(3.6977380171425778+0.6723657596521616j)
(3.7963196285039333+0.6950526639205871j)
(3.898420059978904+0.7021744602920958j)
(4.001195025927416+0.6930128498260617j)
(4.101679036911311+0.6673782697893369j)
(4.1968815669018396+0.6256368782486589j)
(4.283893960734018+0.5687200833210223j)
(4.360003471123006+0.4981113006869107j)
(4.422808236626881+0.4158057221442567j)
(4.470324937225696+0.3242411776053451j)
(4.501079848841884+0.22620139892086463j)
(4.514174459426668+0.1246966049536142j)
(4.5093188091188505+0.022829613613449942j)
(4.486829012608173-0.07634205806445131j)
(4.447589423296034-0.1699369263507309j)
(4.39298383637321-0.2553629004765118j)
(4.324803263163262-0.3304054928595774j)
(4.245139632067468-0.39328643824668663j)
(4.1562751112837395-0.4426918365906927j)
(4.060575768135769-0.4777720820841395j)
(3.9603963767620503-0.49811814574163965j)
(3.8580008499123144-0.5037200623311049j)
(3.7555004525695805-0.4949137878372329j)
(3.6548099810951253-0.47232215261928184j)
(3.557620632449409-0.43679471739827785j)
(3.465387374740158-0.38935021433478034j)
(3.3793281951001646-0.33112413599258345j)
(3.3004325244608297-0.2633230564678452j)
(3.2294762904206693-0.187186494058483j)
(3.1670413133871627-0.10395655968524106j)
(3.1135370498795703-0.014855249343500531j)
(3.069222943786097+0.07893101742111157j)
(3.0342298432824597+0.1762601937880777j)
(3.0085790737602247+0.2760374819699081j)
(2.992197841879907+0.37721323166395226j)
(2.984929719341917+0.47877707501044164j)
(2.986539076178741+0.5797498907470822j)
(2.9967085867154126+0.679175682369471j)
(3.015029425478113+0.7761160270392261j)
(3.040984624597608+0.8696503011008608j)
(3.073927371523573+0.9588852145414872j)
(3.1130577823121692+1.0429769816174943j)
(3.1574036908319667+1.1211683367409193j)
(3.2058127531068905+1.1928402427434337j)
(3.256963868827935+1.257574480614853j)
(3.309404608674869+1.315218867790852j)
(3.3616173275560457+1.3659428820311044j)
(3.4121101587194116+1.410269777420435j)
(3.459521670557674+1.4490734878946383j)
(3.5027222493978423+1.4835351055962949j)
(3.540893844031687+1.515062974315807j)
(3.5735737203769378+1.5451893736632492j)
(3.600656203079744+1.575462120771818j)
(3.622356039176939+1.6073493654330893j)
(3.6391446442745683+1.642170897152563j)
(3.6516739560327807+1.6810617723369488j)
(3.6607017673107727+1.7249668469190265j)
(3.667028649970339+1.7746598732483696j)
(3.6714518522293837+1.8307788175670308j)
(3.674737421731232+1.8938694722434006j)
(3.6776090621123476+1.9644312622232445j)
(3.680750963713532+2.042961406407917j)
(3.684821749045574+2.129995640667179j)
(3.690477319449193+2.226145240283155j)
(3.698401428832774+2.332131048784608j)
(3.7093440294219358+2.448815707307682j)
(3.724168757779435+2.577235390964574j)
(3.7439123944482526+2.718632166620307j)
(3.7698608623477465+2.8744875828554965j)
(3.80364852563575+3.046557164956357j)
(3.8473904795749245+3.2369038180051737j)
(3.9038615148032623+3.447925157940061j)
(3.9767408574973078+3.682364425406133j)
(4.070948886178258+3.9432849714253644j)
(4.193110555407589+4.233970942705835j)
(4.352188396143115+4.557685867153653j)
(4.5603297058676935+4.917166635859506j)
(4.833951620110214+5.313638295500821j)
(5.19500451210735+5.74498799928133j)
(5.672120508947191+6.202531207734716j)
(6.300797999971104+6.665610522717372j)
(7.1206390145978355+7.093399996158562j)
(8.165844910699251+7.414641207605595j)
(9.44377514105176+7.520344725679665j)
(10.899921927176857+7.272805179350969j)
(12.38426599628451+6.5500755968538025j)
(13.660521378688326+5.326316007352102j)
(14.49384101952218+3.7335770779647532j)
(14.772613131627113+2.0258038957429267j)
(14.55432337159252+0.45497160916037366j)
(14.001002984167714-0.8303298009591874j)
(13.283345093446748-1.7968333924661315j)
(12.526630201854841-2.4822030833856106j)
(11.803340028847337-2.9487526712535383j)
(11.146811157716455-3.25688316443387j)
(10.56703459073114-3.4553571526701887j)
(10.062057283606924-3.5802992396647806j)
(9.624747773260003-3.657351264717344j)
(9.246357569321003-3.704365081832486j)
(8.91820507757181-3.733711566788562j)
(8.632353460106186-3.7540189214687536j)
(8.381780661153226-3.771403809703904j)
(8.160305892684095-3.7903113845149186j)
(7.962406650198442-3.81406576285209j)
(7.782994138789655-3.8452023774787945j)
(7.617186409605193-3.8856258545414746j)
(7.460112468350677-3.9366180336290406j)
(7.306788003956533-3.998714509038913j)
(7.152115554408746-4.0714790495217175j)
(6.991066083049408-4.153236216840029j)
(6.819076942525008-4.240867789219808j)
(6.632636974361136-4.329815404363892j)
(6.429927926952113-4.414419905171291j)
(6.2112978444058715-4.488632134827334j)
(5.979332985260918-4.546964185667098j)
(5.7384194602423015-4.585400780016892j)
(5.493899198726972-4.601968410016987j)
(5.251097474701953-4.596799761349555j)
(5.014521779825817-4.571745528892426j)
(4.787409607780371-4.5297397768704855j)
(4.571635760826633-4.474149184114854j)
(4.367875629346411-4.4082609685939715j)
(4.175890425539033-4.334963021084193j)
(3.9948281035067374-4.256596519432539j)
(3.823480079953407-4.174929765910332j)
(3.660472951687759-4.091200831942055j)
(3.504397956097593-4.006189251891248j)
(3.3538910937820385-3.920291917993794j)
(3.2076787869438523-3.8335902692381376j)
(3.0646020747561344-3.7459037320463136j)
(2.9236293461043905-3.6568288513849248j)
(2.783864790455532-3.5657657654546933j)
(2.644557570239589-3.4719345981417002j)
(2.50511521713597-3.374384655128482j)
(2.3651237901902187-3.271999438752723j)
(2.2243767158756715-3.1635006899329228j)
(2.0829137633474923-3.047455057113549j)
(1.9410710937439897-2.92228764572464j)
(1.799542545927402-2.786307622626255j)
(1.6594510377368867-2.6377521720347192j)
(1.5224268947253312-2.474856244879472j)
(1.3906867855865863-2.29595636142642j)
(1.267102538187175-2.099636618738757j)
(1.1552434622541763-1.8849231177158958j)
(1.0593694464737975-1.6515280794068898j)
(0.9843464151080569-1.4001357325246035j)
(0.9354532800260662-1.1327079152532231j)
(0.9180539254510821-0.8527691746987206j)
(0.9371219330650759-0.5656127129440839j)
(0.996628950736492-0.2783524439435729j)
(1.0988530187156906+0.0002690346234960895j)
(1.243739279367393+0.2603631882654281j)
(1.4284274105304338+0.49162503895003296j)
(1.6470427047394525+0.6842670381106039j)
(1.8908663173434574+0.8300329326132375j)
(2.1488957764619854+0.9230991477637708j)
(2.408703487855033+0.9607021949619794j)
(2.6574387250057385+0.9434007109020732j)
(2.882802037345101+0.8749702809359732j)
(3.0738551885737344+0.7620091582743331j)
(3.2215969020623403+0.6133762525872059j)
(3.3193058813002296+0.4395813871458605j)
(3.3627036633182725+0.2522124212889476j)
(3.3500099239682823+0.06343395395517896j)
(3.2819537045811398-0.11445357774076512j)
(3.161774773804516-0.2694355564584078j)
(2.995210957853286-0.390235381001293j)
(2.7904304958147352-0.46683336698747485j)
(2.5578435897000724-0.491055442171743j)
(2.3097236384432995-0.45718914880591904j)
(2.0595926440252614-0.36253838818075595j)
(1.821376761094603-0.20779823662370436j)
(1.6084062327295516+0.002866248898114194j)
(1.4323969209526601+0.2621080325071759j)
(1.3025762540747297+0.5600430019357572j)
(1.2250880198454401+0.8851703300255995j)
(1.2027801056735878+1.2254420300754547j)
(1.2354080651956534+1.5692818996607532j)
(1.3201462888444753+1.906387004121607j)
(1.4522711221084548+2.228252880951545j)
(1.6258967625320329+2.528412517276725j)
(1.8346581230668062+2.8024237941877503j)
(2.0722711416625357+3.0476742080434995j)
(2.332942988877051+3.263079694239564j)
(2.6116372607507814+3.448743933775181j)
(2.9042187930702235+3.6056258982218736j)
(3.2075108037437383+3.7352439694642725j)
(3.519297315363706+3.839428822275912j)
(3.8383000149884525+3.9201257284019326j)
(4.164153859592906+3.979239653704409j)
(4.497401850228017+4.018512270371872j)
(4.839527784887601+4.039417317885929j)
(5.1930475142054995+4.043058053738967j)
(5.561685624731151+4.030046013690821j)
(5.950677977092395+4.000331282232117j)
(6.36726584754673+3.9529361058279147j)
(6.821494003918322+3.8855058594101646j)
(7.327512209561168+3.7935111799624495j)
(7.905748040159521+3.668756719996238j)
(8.586656503354373+3.4964292269105695j)
(9.41745179280573+3.248833442537495j)
(10.474693213318922+2.870903931478985j)
(11.888409643421634+2.2428677759037066j)
(13.885330638969013+1.0700297952865643j)
(16.81491310753545-1.499034278640033j)
(20.423811535245342-8.324230611686245j)
(14.848579770993384-24.521843527188018j)
(-8.271128099009688-20.360570591940895j)
(-9.509329453153887-6.554928543244783j)
(-6.141106805019328-1.3286609780192102j)
(-3.618790838695077+0.742013176193629j)
(-1.8862399543810107+1.7133402588478472j)
(-0.6498097078889923+2.228534647075285j)
(0.27507865241616225+2.5249002386715422j)
(0.9961791014596286+2.7043770343443487j)
(1.5783207584086576+2.816197349319367j)
(2.062345263119947+2.886385115034398j)
(2.47517662754783+2.9297018405655955j)
(2.835329202142664+2.954993500594238j)
(3.1560501899024196+2.967786560926892j)
(3.447192436431161+2.971633209912398j)
(3.716379981501188+2.9688443527915593j)
(3.9697667778387+2.960902496550046j)
(4.212556202530035+2.948695773078831j)
(4.449379640199477+2.9326435958387798j)
(4.684595492969627+2.9127484077082566j)
(4.922550533473473+2.8885871850348535j)
(5.167836280405267+2.8592413928149027j)
(5.425570577046716+2.8231491271703693j)
(5.701737313128087+2.7778427157232035j)
(6.003624638387963+2.719500968985573j)
(6.340412844736138+2.6421824385267465j)
(6.72397143924793+2.5364830764961424j)
(7.169906685650064+2.3871103517713435j)
(7.698766688751405+2.168333744165572j)
(8.336737338941317+1.8351209495257643j)
(9.112966247929133+1.3053299069035345j)
(10.042467433111208+0.42396790611327334j)
(11.054097256786305-1.100205867710794j)
(11.736497437044653-3.7337976258983185j)
(10.760845386480282-7.657905017639821j)
(6.435980781108208-10.814158895988916j)
(1.05981655021835-9.870613294058797j)
(-1.6090380846160786-6.5818527823450985j)
(-2.0823197601303614-3.7488990677594805j)
(-1.7439055617033432-1.8529917300859895j)
(-1.2176377745128666-0.6220279580660594j)
(-0.7014826784392857+0.20295115116892784j)
(-0.24766272569807166+0.7823978206373942j)
(0.13969102301207095+1.2074956602691225j)
(0.4684279663348421+1.5341173764314338j)
(0.747783100915064+1.7958948634906247j)
(0.986348118792834+2.0140885788208034j)
(1.1912857252149471+2.202758933467398j)
(1.3683409607602526+2.371605346283679j)
(1.5220563297903218+2.527621016030374j)
(1.6560032349985725+2.67609941561932j)
(1.77297784031421+2.821275232929633j)
(1.875152109725686+2.9667562967972705j)
(1.964182911688206+3.115837643138031j)
(2.041283793305223+3.271754836378164j)
(2.1072619238081245+3.4379168956119535j)
(2.162518629125131+3.6181531743303763j)
(2.2070056445366992+3.8170110289891364j)
(2.2401188481588616+4.040152936288847j)
(2.260492466477578+4.294927349013714j)
(2.2656198634220663+4.591237579888073j)
(2.2511492983850157+4.942930399124207j)
(2.2095274837562204+5.370121775480121j)
(2.127235859307645+5.903288489873841j)
(1.9787239208225125+6.590861752866305j)
(1.7117547994156197+7.51414443761021j)
(1.2073612371234685+8.818125760753498j)
(0.15142724380764727+10.774477295929916j)
(-2.468447889584794+13.851108688097392j)
(-10.604271591338405+17.59589305246616j)
(-27.577786502856203+5.251972959999086j)
(-13.760423325177864-12.67266769994726j)
(-3.871570317486031-9.962017939931087j)
(-0.6165875407100929-6.867609693695809j)
(0.7093131452120792-4.845763286789651j)
(1.3587479038421477-3.488796229104102j)
(1.7169526672117985-2.521666241607552j)
(1.9289274461154664-1.7942559272349607j)
(2.058181315287918-1.2220264777694767j)
(2.1357265450584513-0.7545893507162843j)
(2.177894538388287-0.36021412871831693j)
(2.193682455315126-0.01791555217890947j)
(2.188082321813455+0.28680271297849214j)
(2.163695733315918+0.5643576240379454j)
(2.1215486727427386+0.8225140143223211j)
(2.0614991663980327+1.0672612243491841j)
(1.9824153859675122+1.3033638534960592j)
(1.8822053569229034+1.5347061194048495j)
(1.7577317413942288+1.7644908376431885j)
(1.604618188662948+1.995316284111391j)
(1.4169356751286037+2.2291226457732276j)
(1.1867436257619386+2.4669633075141175j)
(0.9034524004314417+2.708502246493202j)
(0.5529806219218659+2.951048681342614j)
(0.11673286322468152+3.1877847804136037j)
(-0.4293989132448983+3.404582565709312j)
(-1.1153013554570266+3.574422465663711j)
(-1.9741734137252107+3.6480680305017947j)
(-3.0324193195411215+3.540191087209027j)
(-4.281938185045151+3.114698144507631j)
(-5.622187739850806+2.1889124627007366j)
(-6.782782012788321+0.6068174861494129j)
(-7.32618975046695-1.5746366075440703j)
(-6.893442802370253-3.921382726912462j)
(-5.560516370410605-5.813546570357034j)
(-3.812389568114647-6.945947535172277j)
(-2.103306859994832-7.263185915626323j)
(-0.6901437010980177-7.1489088724428616j)
(0.39535733755499314-6.794394299792878j)
(1.2005142348959954-6.347339166797651j)
(1.7899993367551914-5.88586878358092j)
(2.220352764414205-5.4461498344124415j)
(2.534638131622344-5.042202553636282j)
(2.7639295086434688-4.677245416196749j)
(2.9301970286104644-4.349603632441805j)
(3.048891037308856-4.055632850724128j)
(3.130886257142595-3.7911066076823854j)
(3.1838519150310565-3.5518371310727903j)
(3.213191512229047-3.333920825065358j)
(3.222679911895245-3.1338033279369015j)
(3.214892040833548-2.948259660665766j)
(3.191488088099488-2.774335080785259j)
(3.1533983274456756-2.60926720618566j)
(3.1009352711509846-2.4503973707208435j)
(3.033849464931739-2.295072537731756j)
(2.9513358896952675-2.140534616517949j)
(2.851989428912707-1.9837892495931235j)
(2.7336992583398354-1.8214396358292506j)
(2.593461437927553-1.649461688928581j)
(2.427072357587443-1.4628826059410311j)
(2.228635495885561-1.255300396983895j)
(1.9897556858376289-1.0181362929886308j)
(1.6981749048546542-0.7394247410671111j)
(1.3353160809360838-0.4017803922929503j)
(0.8711244000313872+0.02123404785871539j)
(0.25368633301511223+0.579011170366055j)
(-0.5917486250230283+1.3449191328639198j)
(-1.8535336551031063+2.4636302450615326j)
(-3.9459171222522857+4.269273937160199j)
(-8.124134339435146+7.663825804988341j)
(-20.658131291684672+16.16922033889713j)
(-186.79986518166024-55.52856450267274j)
(24.499195196166-34.310128647459244j)
(15.018920571905566-17.53354698945037j)
(11.356398590381051-12.580795430936258j)
(9.413863370997174-10.237898630317163j)
(8.188609967281012-8.881752695543826j)
(7.326508351492531-8.002817454512384j)
(6.671308215012257-7.390281544775558j)
(6.143386802782462-6.941013361907655j)
(5.697837937661804-6.598425459579378j)
(5.307338615495052-6.328702870838929j)
(4.95424911313224-6.110219817587329j)
(4.626625103506445-5.928329162239397j)
(4.31605823097565-5.772587135824665j)
(4.016442007854415-5.635176527823028j)
(3.7232418616315797-5.509959824820362j)
(3.4330663298917568-5.391889484670992j)
(3.143430211837089-5.276666952517051j)
(2.8525596104808773-5.160630195562806j)
(2.5590060234088696-5.04065173636355j)
(2.261390797565888-4.913604659082144j)
(1.9588679197902477-4.776019461928594j)
(1.6513608345725042-4.62448605464981j)
(1.3392550950121938-4.455815293984335j)
(1.0232709353624783-4.266869365776984j)
(0.7045296223420311-4.054461315757618j)
(0.3846363752363363-3.8153477474657764j)
(0.06574844216765285-3.5462552010846426j)
(-0.2493608110714102-3.2439210770345586j)
(-0.5572351207493506-2.905148778416265j)
(-0.8536646845436245-2.52688019440941j)
(-1.133613053943994-2.1062885864929157j)
(-1.3911446923980215-1.6408946933855353j)
(-1.6193587081231071-1.1287102604815473j)
(-1.8103342599187173-0.568419529451727j)
(-1.9550792609584218+0.04038762592984587j)
(-2.0434683674122165+0.6969464760720928j)
(-2.064209870699456+1.3990321985027727j)
(-2.004879699893516+2.1426082843725913j)
(-1.8520004417875322+2.921372968931715j)
(-1.591173740915242+3.7262099588359945j)
(-1.2073135558700288+4.544529632908541j)
(-0.6850426382457999+5.359471296577369j)
(-0.009342826115511661+6.148940653646443j)
(0.8333999291065806+6.884474655593056j)
(1.853742437695698+7.529972126816231j)
(3.0566186005214426+8.040432502130404j)
(4.437469113997866+8.361053353165849j)
(5.976659988186255+8.427411716751637j)
(7.632006797474717+8.168040402950444j)
(9.329992601800535+7.511434392529116j)
(10.958000014149347+6.399955931011541j)
(12.362718940897304+4.8121471631264985j)
(13.362718306299554+2.790885958284633j)
(13.782362278518479+0.46688818077754246j)
(13.504699766434015-1.9407900486360945j)
(12.52340864697581-4.162582390148378j)
(10.961875281113612-5.949033872852853j)
(9.040970523645584-7.140869648829025j)
(7.010769688122242-7.7011392809365065j)
(5.084284057691511-7.698439526023698j)
(3.4019386683168165-7.261384782416237j)
(2.0296854062229084-6.532697767055565j)
(0.9768025535337619-5.639158919316855j)
(0.21845652004269178-4.678815759842639j)
(-0.2857214955739161-3.7189977002134356j)
(-0.5824743939347828-2.799404647173227j)
(-0.7214726822522266-1.9450362597882511j)
(-0.7409301580228738-1.1738755545232122j)
(-0.6694124178662614-0.48975402452883143j)
(-0.5317475018855704+0.10601511532032877j)
(-0.337129263059373+0.6250049226782538j)
(-0.11362404442836176+1.0797554264542155j)
(0.12710823155959067+1.4714613867674395j)
(0.377469004538624+1.807286458838461j)
(0.6311474834463467+2.094434963704766j)
(0.8834418292083642+2.3395416972110246j)
(1.1310168840834498+2.5486208170251494j)
(1.3716147423885008+2.727067345581076j)
(1.6038074112184963+2.8796836993370705j)
(1.8267989049608804+3.0107227138278487j)
(2.0402704565802496+3.123940239149691j)
(2.24426099480478+3.2226522464815j)
