(22.490181915634235+0j)
(21.807524269911603-3.3739428696787694j)
(20.094589900499148-6.084530149246619j)
(17.82617702647026-7.926381773570059j)
(15.38851410586271-8.906786781434388j)
(13.05937679728739-9.155064947772903j)
(10.998338952819223-8.846204700159335j)
(9.272980884150781-8.144744931438696j)
(7.895735258367414-7.180756534654841j)
(6.853732139043058-6.047381222628927j)
(6.127968954837354-4.807740731813478j)
(5.704269597426077-3.5042290294518543j)
(5.579382258624946-2.167676307211693j)
(5.764598847162171-0.8264357507308528j)
(6.287877606612436+0.48315973724951955j)
(7.193595600249643+1.7025958818156897j)
(8.535823931079827+2.7304855708191074j)
(10.354970853437642+3.3948502975102985j)
(12.61927098330808+3.429130394498011j)
(15.114899436625397+2.4944626514517996j)
(17.326138971449133+0.33411319329520467j)
(18.492977712902068-2.9100747366937396j)
(18.04465869317442-6.498747814309507j)
(16.096243446617255-9.451537699758717j)
(13.348807780897864-11.19752711976491j)
(10.529941716658561-11.76288918244423j)
(8.056361067667773-11.478641739928184j)
(6.057571655847714-10.687771734443215j)
(4.5128502283953695-9.635123601229642j)
(3.351071409992575-8.468062459964893j)
(2.497664676642582-7.266640101644476j)
(1.8907402466739998-6.070601944562281j)
(1.4840493824966612-4.897256464054918j)
(1.245574983058048-3.752105326006799j)
(1.1553057912796605-2.6350011772162123j)
(1.2033968115531608-1.5438875215059278j)
(1.38900230962281-0.47744632615246424j)
(1.7198285736592145+0.5623135046447567j)
(2.211676131585235+1.5666040624205477j)
(2.8876802924163+2.5152443965491975j)
(3.775628928713951+3.3693445639315858j)
(4.899949854440366+4.061592184821087j)
(6.263246763720883+4.48680593504813j)
(7.811762476152095+4.5028753945464075j)
(9.389148666644063+3.9641523328951607j)
(10.714598370209455+2.8097488436250706j)
(11.455367039651751+1.17841899971185j)
(11.409319527589663-0.5710377244655237j)
(10.649172202041182-2.0237911996881395j)
(9.463211357973215-2.9254144542831306j)
(8.167227327182458-3.2458283421519316j)
(6.977569720793315-3.0931442467747905j)
(5.997153611250627-2.6084977568128007j)
(5.254419705556885-1.9103959527794618j)
(4.742931680100917-1.0815713536616223j)
(4.446154481727046-0.174514116517787j)
(4.34985494196035+0.7787687771486504j)
(4.447508788561889+1.7578987664776284j)
(4.7424312480522754+2.746839827011904j)
(5.248397866071783+3.7273167902296467j)
(5.989032700421851+4.6717065520993435j)
(6.994877212658167+5.534284252541964j)
(8.295377061998593+6.240519772585706j)
(9.901115471184118+6.67673751786006j)
(11.771422087600955+6.688644270708898j)
(13.770021300626778+6.106755090467785j)
(15.634771191985969+4.818861407274196j)
(17.016618436119032+2.877502322675827j)
(17.62072564574179+0.5596396309321771j)
(17.369755017200315-1.7190247479197889j)
(16.43746845562359-3.5969747302461053j)
(15.125559597227502-4.9014805484635025j)
(13.713720452045536-5.641244164603169j)
(12.387653944872504-5.921873870670992j)
(11.241374552650443-5.870213937887512j)
(10.307941030397304-5.5962590800187595j)
(9.588619968338499-5.18325684132252j)
(9.071944293838081-4.690877621795761j)
(8.743906094857762-4.162218382023695j)
(8.592375328625568-3.6308423657002464j)
(8.60798371396671-3.12682648479613j)
(8.782512699789628-2.6816988448731123j)
(9.104948225805828-2.3320267783000177j)
(9.555066592882907-2.1206461243223647j)
(10.095131546822364-2.093420174388162j)
(10.662587220036473-2.2889276015617677j)
(11.170094955122567-2.7207130644290385j)
(11.520325876162056-3.358484417356372j)
(11.635645931104028-4.12229151725055j)
(11.488110518589663-4.901086958930572j)
(11.108651322003377-5.589090879146672j)
(10.56897759241013-6.117160198738858j)
(9.95111154423861-6.462079773204145j)
(9.32384169504385-6.636117861854072j)
(8.73354219413844-6.669891362748752j)
(8.205691250347716-6.598525458790071j)
(7.750681419093285-6.453977724869241j)
(7.369709576001997-6.262237156003024j)
(7.059158485230524-6.043243616170949j)
(6.813354432758584-5.811933882979143j)
(6.62608714086834-5.579550013498544j)
(6.491539823497108-5.3546823961399j)
(6.403663979538253-5.1448508152576435j)
(6.357052594639203-4.9564207698649785j)
(6.346067015440432-4.795548947713638j)
(6.364347802775501-4.668363519818196j)
(6.404132260403427-4.580872549907046j)
(6.455535459940529-4.538435336074095j)
(6.506013002410835-4.544676788210127j)
(6.540385875023118-4.599829809617524j)
(6.541925449021017-4.69877797387826j)
(6.494865566806121-4.829531709260353j)
(6.388112499535086-4.973253962355852j)
(6.218950769284584-5.106745786960061j)
(5.994876570548959-5.207173172285283j)
(5.732223414900808-5.257298653298095j)
(5.451966380299582-5.248884914181859j)
(5.174676042725328-5.182978186398842j)
(4.916730158542841-5.067582883047216j)
(4.688729017653659-4.914317889210532j)
(4.495785190142731-4.735490763985323j)
(4.338792333302635-4.542239104363261j)
(4.215882435146049-4.343707261062627j)
(4.123638140881602-4.146926195873755j)
(4.057931553882556-3.9570520504490307j)
(4.0144257465314706-3.777721981539147j)
(3.98883082178172-3.6113943889734665j)
(3.977005767050358-3.459616607617289j)
(3.9749776378444066-3.3232059502560998j)
(3.9789288295596403-3.2023505255372697j)
(3.9851872825578893-3.0966450148303215j)
(3.9902435070862157-3.005080637739283j)
(3.990810175666598-2.926011538867586j)
(3.983932248914999-2.857122828834518j)
(3.967146376451197-2.7954277575115682j)
(3.9386770201946915-2.7373211849312473j)
(3.8976442642013214-2.678711491122571j)
(3.844247178582222-2.6152417385015796j)
(3.779880796574327-2.542593446812117j)
(3.7071481410346654-2.456845698807053j)
(3.6297431071072164-2.3548440511852613j)
(3.552203282690709-2.2345243437775086j)
(3.4795578144666015-2.0951403737677547j)
(3.4169161110945656-1.9373612990286406j)
(3.3690520513157005-1.7632292751460632j)
(3.3400335787095865-1.5759921311752025j)
(3.332932475762746-1.3798426383251945j)
(3.3496302923056747-1.1796017407884825j)
(3.3907204421549766-0.9803792060155844j)
(3.455497364853734-0.7872359234894453j)
(3.542021791816687-0.6048627339181775j)
(3.647254084190407-0.43728499944947796j)
(3.7672516376951917-0.28760144904644597j)
(3.8974281803745736-0.1577692253616846j)
(4.03287031322295-0.04845215355618248j)
(4.168699286260063+0.041047141406323526j)
(4.300455182983195+0.11275182832173805j)
(4.424469918012697+0.16986078834120572j)
(4.538189255432587+0.21648684107577632j)
(4.640405934654145+0.25730347531454834j)
(4.731376693870802+0.2971352000608156j)
(4.812812987473393+0.3405345228445122j)
(4.887753629713828+0.3913870275056881j)
(4.960342124524+0.45257591494945787j)
(5.035538246603322+0.5257223392948004j)
(5.118791422269353+0.6110028652211986j)
(5.215694229426144+0.7070349073118167j)
(5.331621312208904+0.8108180292519171j)
(5.471346329664409+0.9177245583081246j)
(5.63862143679747+1.0215465939992732j)
(5.835704424459686+1.1146262505224824j)
(6.062832315556644+1.1881181287590354j)
(6.317670782455058+1.2324507507500417j)
(6.59481735788967+1.2380556937730942j)
(6.885496791288904+1.1964038379104345j)
(7.177639287682223+1.1013125384841072j)
(7.456540743942473+0.9503636299136198j)
(7.706225505447914+0.746128177127608j)
(7.911444881491851+0.49679761727910443j)
(8.059986479285515+0.21585974798145285j)
(8.144752297185697-0.0793194600257726j)
(8.165026461559274-0.3697952523179012j)
(8.126563004713686-0.6376900634141741j)
(8.040501668958488-0.8685331232614729j)
(7.921478444666379-1.0527868349284626j)
(7.7854701921678355-1.1863692005340554j)
(7.647858204780874-1.2702957455675843j)
(7.52199757467109-1.3097472716348353j)
(7.418362195838352-1.3128948423976465j)
(7.344184686996596-1.2897330426682772j)
(7.303448452532047-1.251059252468337j)
(7.297094254072826-1.2076414980011845j)
(7.323342085334777-1.169560150937546j)
(7.378073496501481-1.1456872238395117j)
(7.455254510809909-1.1432699846293357j)
(7.547399408892399-1.1676010256448037j)
(7.646081196083674-1.221775265881828j)
(7.742488582820895-1.3065491411463028j)
(7.8280161094479634-1.4203244940879851j)
(7.894858505899125-1.5592776314778733j)
(7.936567473685441-1.7176430655112531j)
(7.948523010288771-1.8881444139033736j)
(7.928273930632693-2.062546418906133j)
(7.875712173259979-2.232285976102651j)
(7.7930611774940886-2.38912838643802j)
(7.684678751302258-2.5257902524801708j)
(7.556695277491803-2.636474881455325j)
(7.416523704733668-2.7172778767042813j)
(7.272286915345852-2.766435596782792j)
(7.132211617781519-2.7844046132464126j)
(7.004036863792573-2.7737748290297795j)
(6.894480555872457-2.739031561041949j)
(6.808799878975029-2.6861920643641732j)
(6.750472310688051-2.6223494585255085j)
(6.721013379497045-2.555161688254408j)
(6.7199362571806045-2.4923248398877327j)
(6.744847346446999-2.441068685281105j)
(6.7916622123273145-2.407707803158345j)
(6.854918513605845-2.397274505115078j)
(6.928157823480101-2.413250993474992j)
(7.004346738505124-2.457408941836155j)
(7.076309229577301-2.5297563102678455j)
(7.137146005099443-2.628584740384152j)
(7.180621559879652-2.7506069067405092j)
(7.201504230003861-2.8911716863856496j)
(7.195847782433012-3.0445451500178122j)
(7.161204371305886-3.2042457297882847j)
(7.096758754957753-3.3634210959459336j)
(7.003373783262939-3.5152518202027925j)
(6.883538320926554-3.653363103166864j)
(6.741211789242582-3.772221028219543j)
(6.581565558496267-3.867484825347495j)
(6.410631189524932-3.9362835898094124j)
(6.234877961915708-3.9773874267560974j)
(6.060754454677316-3.991250738521042j)
(5.894237632118262-3.9799190925429073j)
(5.740434886526121-3.9468085224665765j)
(5.603278360548964-3.896383440307829j)
(5.485337458022014-3.8337724320338675j)
(5.387757739861137-3.7643669666702753j)
(5.310316547277621-3.6934454518694846j)
(5.251571620034493-3.625855420392002j)
(5.209071168079222-3.5657729172975103j)
(5.17959282782375-3.516543889984862j)
(5.159383483483626-3.4806004772219428j)
(5.144379902430457-3.459437198201355j)
(5.130399291537056-3.4536284869911245j)
(5.113297531909167-3.462869220722094j)
(5.089100002341203-3.4860229192497414j)
(5.054115111144825-3.521167280275932j)
(5.0050437344174-3.5656330145226955j)
(4.939098526551313-3.616039117270234j)
(4.854145173726349-3.668335362617027j)
(4.748872493656196-3.717870325397539j)
(4.62298909137274-3.759509410562383j)
(4.477430637625302-3.787830004341922j)
(4.314544574320272-3.797416708496287j)
(4.138201454485053-3.7832651033054923j)
(3.9537707374072033-3.741275626928308j)
(3.767902706518392-3.668782524922261j)
(3.5880852207276988-3.565026080752276j)
(3.4219951128058863-3.431455685707889j)
(3.276727560406531-3.271763394044281j)
(3.1580390512673313-3.091599025200459j)
(3.0697548777720267-2.897996602510718j)
(3.0134578238153646-2.69861901461328j)
(2.9885014912776775-2.5009714732121267j)
(2.9923092426043376-2.311728065201646j)
(3.0208600679835684-2.1362670013043257j)
(3.069243090158713-1.9784441458151836j)
(3.132179463080479-1.840577699773641j)
(3.2044472988292165-1.7235843588529574j)
(3.281184296166566-1.6271994252189315j)
(3.358073153329618-1.550222604442229j)
(3.4314330800298696-1.4907486747847596j)
(3.498247708496195-1.4463609161881916j)
(3.5561585655678325-1.414280810892188j)
(3.6034477101468907-1.3914783907623018j)
(3.639026128309558-1.3747540638363647j)
(3.662437591568455-1.3608061068172306j)
(3.6738812542704378-1.3462994993689013j)
(3.6742499124875505-1.3279520241203424j)
(3.6651740303324574-1.30265241889624j)
(3.649054152576226-1.267621991329811j)
(3.6290567638825415-1.220624161524984j)
(3.609042881665579-1.1602146092718804j)
(3.5933979951755175-1.0860078132388555j)
(3.5867406385452365-0.9989158908632336j)
(3.593508346396415-0.9012984055359615j)
(3.617453617379304-0.7969561071603575j)
(3.661121626529258-0.6909166599898531j)
(3.7254114080331155-0.5890001827541061j)
(3.8093262744976313-0.4972096427262317j)
(3.9099875417473893-0.4210465311286984j)
(4.022924042674439-0.36488198770810787j)
(4.142580313289564-0.33150250987570157j)
(4.262936026066439-0.3219010661739547j)
(4.378115952024869-0.3353194411848712j)
(4.482892987612249-0.3694915727650674j)
(4.573031097400232-0.421007596747604j)
(4.645460654121583-0.4857169145812453j)
(4.698311506546492-0.5591071890406484j)
(4.730844502909067-0.6366223401152283j)
(4.743322941305444-0.7139064478139625j)
(4.7368575120845895-0.7869770399004663j)
(4.713247419451017-0.8523399299171808j)
(4.674830238055295-0.9070603188615994j)
(4.62434535157446-0.9488036443292885j)
(4.564810806429077-0.9758566448140694j)
(4.499410672672814-0.9871356104309678j)
(4.4313889228903545-0.982185499966513j)
(4.363945884989245-0.961170779131525j)
(4.300134143816503-0.9248565141435172j)
(4.2427521932757415-0.8745764136680219j)
(4.194236145344182-0.8121831804019745j)
(4.15655240573691-0.7399758733645987j)
(4.131097377400275-0.6605993218276529j)
(4.118613677465845-0.5769124300216948j)
(4.119135399808699-0.4918259043904708j)
(4.131976540890246-0.408115640712955j)
(4.155775496790724-0.32822515033576255j)
(4.188603454319723-0.2540774619812802j)
(4.228135420997453-0.18692160625810103j)
(4.271870951523688-0.12723870040438212j)
(4.317380180149634-0.0747264004016498j)
(4.362543096935075-0.028368551418985647j)
(4.405749034173113+0.013418139906868609j)
(4.446030043077937+0.052582576062699116j)
(4.483114620985018+0.09121393067199277j)
(4.5174033556685735+0.13132492127764422j)
(4.549881139599819+0.17467019792960645j)
(4.581988464289773+0.22261572169593563j)
(4.615475896580601+0.2760632619799132j)
(4.652262216581325+0.33542441724112837j)
(4.69431009709178+0.40063259219225045j)
(4.743525968227102+0.4711793570412529j)
(4.801684546897112+0.5461627320081728j)
(4.870374260143864+0.6243379376632319j)
(4.9509575755508255+0.7041648767852473j)
(5.044539778449551+0.7838502479820818j)
(5.151940582533196+0.8613852627575214j)
(5.273664744657889+0.9345821999121023j)
(5.409870254276349+1.0011143183577005j)
(5.560335330450307+1.058563814170768j)
(5.724427924094038+1.1044815150944773j)
(5.901083236430786+1.1364600758480692j)
(6.088795720841776+1.1522199477726953j)
(6.285632120163959+1.1497045526544514j)
(6.4892710599920695+1.1271779547019063j)
(6.697072066723039+1.0833153797066655j)
(6.906172554378623+1.0172752833675345j)
(7.113606232407951+0.9287423564049713j)
(7.31643198915593+0.8179340609659518j)
(7.511859853370591+0.6855682866761341j)
(7.697360721087797+0.5327952491134786j)
(7.870749007679891+0.3611015259966304j)
(8.030231474317102+0.17219715012991343j)
(8.174420067378465-0.03210245850328302j)
(8.302310605502916-0.24998900192209997j)
(8.413231817579556-0.4797597953440081j)
(8.506770371520691-0.7198963120606209j)
(8.58267743852818-0.969118835485319j)
(8.640761655250996-1.226414201207552j)
(8.68077286473776-1.4910333855347475j)
(8.702281497918815-1.7624546075379557j)
(8.70456051055031-2.040306316539229j)
(8.686480755583013-2.3242439433191984j)
(8.646436434647857-2.613775946369972j)
(8.582323966204903-2.908040073080087j)
(8.491603202632918-3.2055413647593816j)
(8.37147091842675-3.503879839546239j)
(8.219168125879603-3.799516309617883j)
(8.032420508642403-4.087643968885919j)
(7.809973888847323-4.362241419629728j)
(7.552140411440596-4.616367765038114j)
(7.261232143985781-4.842714500626084j)
(6.941749526266664-5.034357180889985j)
(6.600230004488316-5.1855748602093j)
(6.244745104134318-5.292561111920642j)
(5.884134228706918-5.353864049142054j)
(5.527138366126691-5.370464959502828j)
(5.181614361609339-5.34550637204793j)
(4.853967500995026-5.2837675867617655j)
(4.548862458568974-5.19102764936964j)
(4.269195957213651-5.0734474073812645j)
(4.0162644157171-4.937060725833697j)
(3.7900433165677376-4.787414421144379j)
(3.5895042399501644-4.6293552437303145j)
(3.4129173581822094-4.466937771855702j)
(3.2581105780811237-4.303418245151097j)
(3.12267524356406-4.141301078079026j)
(3.0041205101931614-3.9824116987397535j)
(2.8999848882739565-3.827977594537561j)
(2.807915671331534-3.6787069019806506j)
(2.725726632488872-3.53485975279097j)
(2.6514426608594728-3.3963118201002795j)
(2.583337634371595-3.2626123223722194j)
(2.5199691515143114-3.133040379432061j)
(2.4602109635981715-3.006664206751283j)
(2.4032812341936207-2.8824071914466045j)
(2.3487623755728766-2.7591233747650805j)
(2.2966065936170996-2.6356823070748145j)
(2.2471209299561705-2.5110599082106386j)
(2.2009269685964523-2.38442846174828j)
(2.1588935950533-2.2552361135203416j)
(2.1220458240865123-2.1232652445882554j)
(2.091457700275367-1.9886605679679343j)
(2.0681412004059876-1.8519217878614302j)
(2.052944628535446-1.713861321042122j)
(2.0464725702021553-1.5755334073099423j)
(2.0490354202185013-1.438145306099413j)
(2.0606310304168525-1.302963078569409j)
(2.080955700070439-1.1712234793608112j)
(2.1094378568975825-1.0440603898723708j)
(2.1452859945381335-0.9224501648953983j)
(2.1875426658539663-0.8071763887002569j)
(2.2351380017909572-0.6988116433305346j)
(2.286938576801214-0.597712304297121j)
(2.341789806176922-0.504022022757385j)
(2.3985519920664062-0.41768012558094764j)
(2.4561314199504842-0.33843229626039706j)
(2.513508505356616-0.2658422583577203j)
(2.5697649590251874-0.19930451124269633j)
(2.624111378949431-0.1380592738560554j)
(2.6759157132182376-0.08121152754348047j)
(2.72473181905504-0.027756292098107618j)
(2.7703260650802957+0.023388068924332473j)
(2.8126988320322823+0.0733376631249965j)
(2.85209714196701+0.1231926257061369j)
(2.889014743444452+0.17398081099179463j)
(2.9241769432735176+0.2265997179037778j)
(2.9585092442123777+0.2817619438209343j)
(2.993091118684039+0.33994975509253483j)
(3.0290985197441054+0.4013835593236458j)
(3.0677404415033194+0.4660072652599906j)
(3.1101955547085516+0.5334911142932506j)
(3.157554494925735+0.6032501320360522j)
(3.2107719273908883+0.6744744376912645j)
(3.270630459588519+0.7461666397057799j)
(3.337716322381323+0.8171815450969215j)
(3.4124049331640727+0.8862642725572376j)
(3.4948532647719+0.952084288443784j)
(3.584995459526136+1.0132645498739226j)
(3.6825382953729466+1.0684065704338708j)
(3.7869538128348186+1.1161136513778092j)
(3.897467537914563+1.155015661782078j)
(4.013042230116837+1.183799560629439j)
(4.132358947444708+1.2012502618358298j)
(4.253799474163922+1.2063062906060062j)
(4.3754367656486455+1.1981336762289705j)
(4.495042807952232+1.1762192572203265j)
(4.610125613871668+1.1404805927848878j)
(4.718007969295983+1.0913837317534143j)
(4.8159585486439696+1.0300525251214712j)
(4.901379569108347+0.9583453778263578j)
(4.972043358538446+0.878870072553491j)
(5.026354023844045+0.7949083512885509j)
(5.063593641770076+0.7102327627458784j)
(5.0841016023574355+0.6288196599873541j)
(5.089338019890543+0.5544900703184003j)
(5.081801169858985+0.4905353372904249j)
(5.064801361401233+0.4393960915430818j)
(5.042128921427825+0.40245439824674095j)
(5.017678760626028+0.3799716416654882j)
(4.995099265366094+0.3711690561121235j)
(4.977518836825248+0.37441708234451243j)
(4.967377186853948+0.38748345044541005j)
(4.96636137962021+0.40779008081944595j)
(4.9754269310887365+0.432641031507298j)
(4.994875207967239+0.4594006146232549j)
(5.024458519614076+0.48561633725437753j)
(5.0634900700801735+0.5090922252400057j)
(5.1109437089920515+0.5279238040414933j)
(5.165535705907961+0.5405076004669516j)
(5.225786413677367+0.5455370588462466j)
(5.290063502506742+0.5419946053938092j)
(5.356610778612517+0.5291471475607344j)
(5.423567950747133+0.5065499986268064j)
(5.488987522965848+0.47406215845801725j)
(5.5508555669817605+0.4318739244814684j)
(5.607123560262934+0.38054570439489366j)
(5.6557586476751+0.3210543848543159j)
(5.694819247226373+0.25484048792620834j)
(5.722561310467128+0.18384563858753175j)
(5.737577065973933+0.11052596993002273j)
(5.738962095925738+0.03782395765127027j)
(5.726497961835734-0.03091962191728124j)
(5.700827150189585-0.09212837092262029j)
(5.663587188569237-0.14223268349150497j)
(5.617465248208489-0.17798081133931057j)
(5.566137871023996-0.19678707336110213j)
(5.514075687805002-0.19706655369722578j)
(5.466219247016864-0.1784954245392858j)
(5.427563109129558-0.14214141252867685j)
(5.402710899637287-0.09043157783028688j)
(5.395474038096236-0.026958934215719148j)
(5.408576794644117+0.0438357112503168j)
(5.443503731375635+0.11704676006706496j)
(5.500492393375961+0.18768620562391078j)
(5.578645540596431+0.2510115796278395j)
(5.676120725493873+0.3027675874710608j)
(5.790352171234361+0.3393331363434067j)
(5.9182674369469055+0.3577840438931694j)
(6.056474016014333+0.35589242126480863j)
(6.20140409574403+0.3320869633605731j)
(6.349416332306063+0.28539634853168894j)
(6.496860662480275+0.21539316711335507j)
(6.640116160320975+0.1221502206946456j)
(6.775613595367943+0.006215783889499509j)
(6.899854535947162-0.13139010705743778j)
(7.009438186822358-0.2891601487905388j)
(7.101105923267892-0.46507034305242884j)
(7.171811623085439-0.6565452710792117j)
(7.2188231070724465-0.8604299081994441j)
(7.239855888252757-1.0729826339496995j)
(7.233234724319332-1.2899058533192895j)
(7.198071262824978-1.5064303451503576j)
(7.134438107530034-1.7174659539848154j)
(7.0435124781975285-1.9178236787443286j)
(6.927658564216715-2.1025025807577706j)
(6.790419153699792-2.267020642095021j)
(6.636395855985951-2.407754761709461j)
(6.471013062128783-2.522245575400277j)
(6.300180995966042-2.6094215978488506j)
(6.129892874190284-2.6697062599422363j)
(5.965804693987306-2.704989513679006j)
(5.8128493500715726-2.7184683710748523j)
(5.674928734317027-2.71438190025639j)
(5.5547108989369045-2.6976803162883365j)
(5.453539398430539-2.673671996222091j)
(5.3714440190207835-2.647686973679076j)
(5.30723013779395-2.6247837874726216j)
(5.258619350324024-2.609512571307425j)
(5.2224159719496175-2.6057346034935387j)
(5.1946804679670295-2.616489473532884j)
(5.170899427810709-2.643896406595867j)
(5.146150379615911-2.689075907543658j)
(5.1152671689996705-2.75208102438808j)
(5.07301691979708-2.8318333725629077j)
(5.014302097505631-2.926066857791782j)
(4.934400226079582-3.031291007362449j)
(4.829248586124974-3.142794870191663j)
(4.695771087794147-3.25471981505475j)
(4.532229486979234-3.3602326261023183j)
(4.338562733252268-3.451825835892336j)
(4.116660323259859-3.5217573762485315j)
(3.8705042877649403-3.56261558682923j)
(3.6061171424526544-3.5679617007415336j)
(3.331275134478694-3.532968524647007j)
(3.054987011153956-3.454953211541193j)
(2.7867896805506804-3.333705041286082j)
(2.5359580081939406-3.171540407676095j)
(2.3107500950365383-2.973070317106425j)
(2.117802077662815-2.7447245497039345j)
(1.9617501370720138-2.494122268967008j)
(1.845105252444059-2.2293980725700124j)
(1.768355817565712-1.9585830479206727j)
(1.730238452656762-1.689110380713354j)
(1.728103794930735-1.427477407227788j)
(1.7583091998221942-1.1790624168290067j)
(1.816586912788431-0.9480717665978039j)
(1.8983565464032532-0.7375822640152585j)
(1.998968983330098-0.5496428649393855j)
(2.1138824682575974-0.38540486369032845j)
(2.238780061782465-0.24525769667014619j)
(2.3696413689938316-0.12895571965204541j)
(2.5027819054640275-0.03572824898630889j)
(2.6348721063332707+0.03562968689602136j)
(2.762945801705224+0.08668487561798272j)
(2.8844055127107975+0.11930843963577095j)
(2.997029463752032+0.13562877318257582j)
(3.0989829003352276+0.137989795782562j)
(3.188834201011806+0.12890948078019568j)
(3.2655744037885097+0.11103417850079714j)
(3.3286371830771913+0.08708527696088701j)
(3.377915109399644+0.059796195074981184j)
(3.4137673366523638+0.031839510974107935j)
(3.4370138345321846+0.005746043723083079j)
(3.448912017664917-0.016180304153588145j)
(3.4511131199429412-0.031946475003331046j)
(3.445597782926775-0.03994646883768153j)
(3.434592781439681-0.039023228449816254j)
(3.4204731970931954-0.028510455944405547j)
(3.4056562424135475-0.008250395985656285j)
(3.3924939822207407+0.02141398610086995j)
(3.3831722128599946+0.05967141936683952j)
(3.3796217805121254+0.10529600851256923j)
(3.38344688874738+0.15671718984785246j)
(3.3958728387299573+0.21210017208765597j)
(3.4177135723044647+0.2694311564988784j)
(3.44935769383742+0.3266024367972395j)
(3.490770546828441+0.3814937311550895j)
(3.541509480360516+0.4320474852189564j)
(3.600749588539679+0.47633712701988273j)
(3.6673177790122313+0.5126281499068465j)
(3.7397338121598107+0.5394323416789255j)
(3.8162577312526134+0.5555554554170571j)
(3.8949436808071436+0.5601382015381761j)
(3.973700338509774+0.552689768490297j)
(4.050357983437183+0.5331123341988856j)
(4.122741586576172+0.501714416829723j)
(4.18874832170497+0.4592106293379076j)
(4.246426722262534+0.40670560281839924j)
(4.294053585212751+0.3456606043740071j)
(4.33020390660666+0.2778426616397964j)
(4.353808860452317+0.2052576622920439j)
(4.364197252606428+0.13007066246475602j)
(4.361117012050063+0.05451819656732799j)
(4.344734989371973-0.019181568990327143j)
(4.315615353305813-0.08891466634136445j)
(4.274678877067273-0.152747428849156j)
(4.223147062712906-0.20898831140173557j)
(4.162476124113513-0.25623250710234263j)
(4.094286229615501-0.2933882565125584j)
(4.0202911258319824-0.31968545844907525j)
(3.9422324669829694-0.334668575105778j)
(3.861822063257216-0.3381767524833871j)
(3.7806940474472945-0.3303145250764155j)
(3.7003678173579484-0.311416498463832j)
(3.6222216598699783-0.2820091110072146j)
(3.547476256418804-0.24277208821040816j)
(3.477186811803903-0.19450163199066553j)
(3.4122423056687214-0.138076817764478j)
(3.3533702876308533-0.07443015913453145j)
(3.3011456685506855-0.004522868097183065j)
(3.256002054221668+0.07067500992896748j)
(3.218244288567713+0.1501996857956619j)
(3.1880610003554195+0.233104271521468j)
(3.165536074075044+0.3184655183239767j)
(3.150658099308007+0.40538739178178085j)
(3.143327013454731+0.4930024480302247j)
(3.1433573708734737+0.5804722118088692j)
(3.150477985320684+0.6669879956942021j)
(3.1643281399785175+0.7517737986321387j)
(3.1844511641939075+0.8340930076287605j)
(3.2102869265194935+0.9132604941885535j)
(3.241165614646413+0.9886612244111135j)
(3.276305901365756+1.0597755851629775j)
(3.314820976801975+1.1262102454763707j)
(3.355735654044956+1.187731654948556j)
(3.3980165716190105+1.2442975726384995j)
(3.440615369843907+1.2960808555331262j)
(3.482521906169201+1.3434797012206658j)
(3.522821776481265+1.3871100203058038j)
(3.5607505220376345+1.4277785331299928j)
(3.595736693166122+1.4664388958314352j)
(3.6274276776090995+1.5041366125584714j)
(3.6556954644871333+1.5419506336929303j)
(3.6806233382797653+1.5809397679655055j)
(3.7024777714864023+1.6221004270547308j)
(3.721671705538492+1.6663394474823607j)
(3.7387257362678477+1.7144627219653341j)
(3.7542327460560156+1.767177913778868j)
(3.768829839494259+1.8251080461708868j)
(3.783179649267511+1.888812282381067j)
(3.7979616172186534+1.9588104992774333j)
(3.8138729246825203+2.0356089682115877j)
(3.8316383596135446+2.119725280120587j)
(3.8520284717788003+2.2117113699223134j)
(3.87588575572378+2.3121739851646486j)
(3.9041592058287766+2.4217921495439385j)
(3.9379483377179474+2.5413310644483262j)
(3.978558632139875+2.6716514317223594j)
(4.0275713215006315+2.8137122843817464j)
(4.086931494596889+2.968563916273266j)
(4.159059588235173+3.137325125094466j)
(4.246992295033174+3.3211352743595364j)
(4.354559318367411+3.5210659572994767j)
(4.486601302235685+3.7379683494112266j)
(4.6492297051089455+3.9722194654216194j)
(4.85011757015323+4.22331237290465j)
(5.098784075895816+4.48921202265184j)
(5.406783547643819+4.765373913484791j)
(5.787613654396245+5.043312347196157j)
(6.255998905829674+5.308647620723809j)
(6.825985619544174+5.538739905462946j)
(7.5070859023278755+5.700468708334147j)
(8.297813622591315+5.749570949692486j)
(9.17695219074701+5.634063192555114j)
(10.09540977278618+5.304669526375504j)
(10.974967190361234+4.732777640923603j)
(11.721014400566796+3.9298995491213478j)
(12.249462078317755+2.9558545465892974j)
(12.515275346458095+1.905540886371178j)
(12.52479713368668+0.8791207138972019j)
(12.325397578536908-0.04646147423508662j)
(11.982561108684308-0.8301478119169429j)
(11.559185039909693-1.463161807130079j)
(11.10450042694615-1.957632301515214j)
(10.651751032134397-2.335359806331701j)
(10.220608988266886-2.620151809523272j)
(9.820972344132885-2.833804287624143j)
(9.456417983056635-2.9945824397964187j)
(9.126767121055826-3.117061062706773j)
(8.829787549354299-3.2125589440244835j)
(8.562235752413931-3.2897467721715534j)
(8.320448582977553-3.35523148722973j)
(8.10064778478722-3.414040903117563j)
(7.899071243012776-3.4699895005686834j)
(7.7120076406143365-3.525929571417583j)
(7.535787617555687-3.583899960209896j)
(7.366771492520515-3.645188045165472j)
(7.2013667167992095-3.710325108112436j)
(7.036102412169743-3.7790434618852946j)
(6.8677781287492765-3.850235032441116j)
(6.693684845806126-3.921960940763967j)
(6.511867769197286-3.9915615777144584j)
(6.321369793872185-4.055897779794505j)
(6.122376685668822-4.1117136214237835j)
(5.9161962589213175-4.15606117432912j)
(5.705048552335975-4.186690958222467j)
(5.49170619409762-4.202311510584329j)
(5.279073575666765-4.202661870060326j)
(5.069805616074201-4.18840194023844j)
(4.8660397803203015-4.160877024030555j)
(4.669267897053329-4.12183366350832j)
(4.480331747842684-4.073153880337057j)
(4.29950299031935-4.016648012330712j)
(4.126604564129638-3.9539184958512004j)
(3.9611398610194524-3.8862875756228763j)
(3.8024090933469337-3.8147729074194605j)
(3.649603881878006-3.740093789327423j)
(3.501878958269513-3.6626936778227894j)
(3.3584041373432907-3.5827688748440756j)
(3.2184013651966863-3.500297215725596j)
(3.0811717697343632-3.415063633107803j)
(2.946117039908946-3.326681573034838j)
(2.8127586308210257-3.2346105918920474j)
(2.680757475789142-3.138171314796401j)
(2.5499361623377834-3.036559502948119j)
(2.42030488092887-2.9288614150732326j)
(2.29209181624703-2.814073051047473j)
(2.165777927042641-2.691126271634509j)
(2.042135144988207-2.558925177804502j)
(1.9222658083911082-2.4163964238097537j)
(1.8076395453127723-2.262557172037884j)
(1.7001218002988667-2.0966039290191794j)
(1.6019858396010103-1.9180241975056558j)
(1.5158976432310955-1.726730349800025j)
(1.4448611493732988-1.5232110169472661j)
(1.3921107438007332-1.308689449623172j)
(1.3609398556224523-1.0852710573901325j)
(1.354460245813886-0.8560547176077921j)
(1.375296913658828-0.6251763324781199j)
(1.4252386716027619-0.3977512404846474j)
(1.5048827885666998-0.17968858591140643j)
(1.613327108409793+0.02263102535551692j)
(1.74796652731913+0.2027981796659484j)
(1.904443321228873+0.35489664436308005j)
(2.0767822892747767+0.4740408618660633j)
(2.257709449927454+0.5568526160511558j)
(2.439116898252358+0.6018081285601022j)
(2.6126100115319506+0.6094123910319427j)
(2.7700641502851093+0.5821917847848105j)
(2.904127295720181+0.5245280071209205j)
(3.0086274524095393+0.4423769423738845j)
(3.078870179344055+0.34292139086796375j)
(3.1118335603514518+0.23419830362904728j)
(3.1062798173811963+0.1247251301414845j)
(3.0628033946267674+0.023132967572576362j)
(2.9838269984258172-0.0621978571988632j)
(2.8735441443186613-0.12350788713155543j)
(2.737794390171803-0.1540369654763091j)
(2.5838505522815614-0.14840054741953274j)
(2.420099581468724-0.10293657641063059j)
(2.2556119587896997-0.015980651311733665j)
(2.0996166951974398+0.11197949518788816j)
(1.960924750353066+0.27831265069789407j)
(1.8473645704604458+0.4784374789813194j)
(1.765301462533719+0.7061915496194735j)
(1.7193045020053352+0.954335335198248j)
(1.7120023774852764+1.2151249702910714j)
(1.7441355500338585+1.480875029769647j)
(1.8147758738207482+1.7444409080772738j)
(1.9216615982207115+1.9995751371345951j)
(2.0615888517919267+2.241139833678278j)
(2.2308056180634686+2.46518153735712j)
(2.4253671287747407+2.668892016298016j)
(2.64142823986879+2.850487224726367j)
(2.8754641888259638+3.009037096310851j)
(3.124423280746865+3.144273791054158j)
(3.385822644396798+3.2563982610373623j)
(3.657801754475189+3.3458967850883243j)
(3.939149088955378+3.413371706491713j)
(4.229316324230429+3.4593843694517514j)
(4.5284328945337755+3.4843028935381364j)
(4.837332258366644+3.488142150371148j)
(5.157600181840205+3.4703768297173574j)
(5.491654739048096+3.429698825336018j)
(5.842866902285826+3.363674089527366j)
(6.215727559677729+3.268225882506867j)
(6.616056135088724+3.136820396215817j)
(7.051213134577481+2.9591369850118543j)
(7.530184296672287+2.7188307258232554j)
(8.06313753568704+2.3896719498232577j)
(8.659302956575939+1.928779871070107j)
(9.319893715549126+1.2648681918054345j)
(10.016786118937944+0.2794540204544766j)
(10.632238204544986-1.2130299485150864j)
(10.810043435199834-3.430629028260729j)
(9.74130446400247-6.3020931749194755j)
(6.570319311318069-8.606243878031586j)
(2.3643819741466516-8.338269339450855j)
(-0.34137074780631915-5.8769999225873635j)
(-1.1058534181378825-3.248286491858586j)
(-0.8683502705677877-1.3133405657752089j)
(-0.3021643683956245-0.03047703671862826j)
(0.3117113521014275+0.8090474868777344j)
(0.8851275880339515+1.3663441943331833j)
(1.3957896283648419+1.7447605419239614j)
(1.845483398911283+2.006810888633393j)
(2.242499806065594+2.1909357355133205j)
(2.5960079971905223+2.321282559058686j)
(2.9143338481950334+2.4133977927245978j)
(3.204595929196866+2.477512659673322j)
(3.47278851134709+2.5204664879221848j)
(3.7239872817482103+2.5468531195060717j)
(3.9625667393435404+2.5597134300874815j)
(4.192396169443764+2.5609528122252665j)
(4.417008897215258+2.5515828932610476j)
(4.6397484820608215+2.5318412984432785j)
(4.863897186815761+2.501215394314116j)
(5.092790403306587+2.4583764195853046j)
(5.3299163445871995+2.4010135196211246j)
(5.578991541864424+2.3255386536868823j)
(5.84398481525233+2.2266090902572335j)
(6.1290249511689465+2.0963801245494804j)
(6.4380476420302015+1.9233543359064686j)
(6.773866885482011+1.6906432302723071j)
(7.135995472978552+1.3734530768193325j)
(7.515806835001229+0.9358470366184262j)
(7.886314977434562+0.3279730718050613j)
(8.182338519606857-0.5111944970624699j)
(8.26915753480021-1.630446022467253j)
(7.920042337308617-2.992110247388344j)
(6.888456853763167-4.340025227026886j)
(5.176766175587829-5.171573841778017j)
(3.256413265596647-5.095514026331682j)
(1.7312341466287255-4.248337805145546j)
(0.8341498884633565-3.0921858155570345j)
(0.44918196347931943-1.979496796987913j)
(0.37645178842071514-1.046266285959335j)
(0.46483948642708267-0.30262608439820354j)
(0.6281132164909932+0.28311848288594554j)
(0.8171424436317797+0.7463344258168395j)
(1.0087601261097885+1.1200804943848546j)
(1.1925159628396407+1.4284456035330926j)
(1.3640295710417942+1.6892280451339867j)
(1.5220297237244231+1.9155625541550005j)
(1.666759381275525+2.117248476817739j)
(1.799156205956368+2.3017538289795976j)
(1.9204409087337933+2.4749437330723807j)
(2.0319182165553196+2.6416075737882574j)
(2.1348898351519496+2.8058498335114934j)
(2.2306281639522427+2.9713948361963047j)
(2.3203855771567947+3.1418441442814435j)
(2.405428604480524+3.3209188914160133j)
(2.4870956668951187+3.51271822830688j)
(2.5668850181406624+3.722030135154261j)
(2.646589514440684+3.9547445546542175j)
(2.7285113016815448+4.218446767343748j)
(2.8158211404091413+4.523323367573054j)
(2.913193511073388+4.883620750942928j)
(3.0279988844713976+5.320117407658397j)
(3.172702490684005+5.864553297177957j)
(3.3701088236577377+6.5680828693519935j)
(3.666082344930988+7.518650742235692j)
(4.1648589990773255+8.879954121245294j)
(5.146758596157671+10.987124163691005j)
(7.5764722224199526+14.58320639598306j)
(16.183322882984537+20.641477079350633j)
(43.50061494849325+4.746414502956825j)
(17.653111092961705-18.233570860212076j)
(7.4438669661313766-11.49382880038665j)
(4.86352488029424-7.431269799302584j)
(3.91401284969095-5.104906389498001j)
(3.469919416315699-3.6214981118266505j)
(3.22597380455215-2.5898582885415915j)
(3.0742991968651276-1.8236656464556515j)
(2.9692486713833643-1.2246008283442236j)
(2.888767191500525-0.7361608864371301j)
(2.8209862193952153-0.32352814351330134j)
(2.7588582470345457+0.036053845624395044j)
(2.6977522244982786+0.35825601917590016j)
(2.6342637044433297+0.6544134529890545j)
(2.565563289985989+0.933136725501585j)
(2.4889928524436784+1.201309404450241j)
(2.4017705162185714+1.4647404323390887j)
(2.300727426547364+1.7286166890834267j)
(2.182022735143314+1.9978375557456807j)
(2.040786392785435+2.277277825760793j)
(1.8706274311969735+2.572001602037338j)
(1.6629165264318684+2.8874268148878945j)
(1.4056974762392058+3.2294046888367736j)
(1.081986061287213+3.6041065020106j)
(0.6670478499606464+4.017445316609917j)
(0.12396913727877291+4.473364319509418j)
(-0.6035649204958546+4.969340840948853j)
(-1.602646099080786+5.484971979571459j)
(-3.006544804630339+5.9533066697809565j)
(-5.002813122862551+6.1907276946962195j)
(-7.77058753669428+5.74465053419675j)
(-11.121832821946658+3.702483710531118j)
(-13.602005501551313-0.8714352597612818j)
(-12.71807517888032-6.758474933283955j)
(-8.705267203771628-10.553093347790885j)
(-4.475553786309839-11.371599035035894j)
(-1.4577133208677282-10.654230142266043j)
(0.44256616143005956-9.52197724814874j)
(1.613826731098765-8.416030002460392j)
(2.3456238242886505-7.454993317705254j)
(2.812670291155354-6.647975017316967j)
(3.116162455578451-5.9743323916410365j)
(3.315223974467971-5.409219248639215j)
(3.4452419958401177-4.9306877276311205j)
(3.527987357435639-4.52095535121154j)
(3.577206073452532-4.165999967635795j)
(3.6017706263110525-3.8548072187024065j)
(3.6075023096334307-3.5786610117716853j)
(3.598253109723814-3.3305657790865704j)
(3.576563659133642-3.104797493303025j)
(3.544071473426151-2.8965574155261646j)
(3.501767781959697-2.701700916896803j)
(3.4501597814807736-2.516517534822055j)
(3.3893718056362987-2.337542499398852j)
(3.3192053178825827-2.1613826121184267j)
(3.2391694450843467-1.9845399012450529j)
(3.148488780573932-1.8032143536605794j)
(3.0460923926642614-1.6130613503443065j)
(2.93058709152672-1.4088684670393525j)
(2.8002195124522054-1.1840963965755738j)
(2.652837547968232-0.9301923340299711j)
(2.4858783099357127-0.6355154149976492j)
(2.2964552605346302-0.28357836612833964j)
(2.08175031595264+0.14996818801657794j)
(1.8403358202117288+0.7027311681442644j)
(1.5761301660058424+1.435369976952768j)
(1.3090062738680044+2.450360225695039j)
(1.1081675348241522+3.9315701429152883j)
(1.2107939594109487+6.218190693133329j)
(2.461261069505245+9.850803130006534j)
(7.672376023087415+14.556252071273237j)
(19.319525799590227+12.753519466674442j)
(22.568891382315922+0.7805760445976149j)
(17.63444015274253-5.314417846349904j)
(13.575414773510401-6.782436177321802j)
(11.014599126539832-6.91826706631858j)
(9.349040930233905-6.722859060696354j)
(8.191889915988016-6.4643618392391256j)
(7.336121765879716-6.215545697447761j)
(6.668327801935339-5.993887149259584j)
(6.122977379668895-5.800436309355078j)
(5.660119679462641-5.6315291070565605j)
(5.254207969961637-5.482489463265013j)
(4.888223061622175-5.3487784808774785j)
(4.55042986370197-5.226292237183444j)
(4.232507907982411-5.111376614391371j)
(3.928433696638783-5.00075849277065j)
(3.6337910696365787-4.891465915400851j)
(3.3453281394407584-4.780762252989936j)
(3.060651796527892-4.666090305097698j)
(2.778011406762209-4.544999831442648j)
(2.496183516764089-4.415056204523132j)
(2.2144526180318738-4.273790018682784j)
(1.9326083666927385-4.118717054506083j)
(1.6509117626600207-3.9473700915212895j)
(1.3700637520116363-3.7573035132211645j)
(1.091203997777847-3.546089619776791j)
(0.8159333226686751-3.3113282440205816j)
(0.5463470563339204-3.0506742166432654j)
(0.2850728343880936-2.7618809902860275j)
(0.03531042306484784-2.4428595742096806j)
(-0.19912781809217192-2.0917535652630272j)
(-0.413776952399992-1.7070317682991951j)
(-0.6034800797866299-1.287598502447216j)
(-0.7623505681864587-0.8329112164421396j)
(-0.8837852279222952-0.3430739273177856j)
(-0.9606628324252582+0.18091591411639465j)
(-0.9851605441134318+0.7366107689151931j)
(-0.948532996109659+1.3202726734662595j)
(-0.8416034109007631+1.9266604673495002j)
(-0.6549264167969943+2.5485042613101445j)
(-0.37898001284041716+3.176124734136122j)
(-0.004531638900916742+3.797029141787107j)
(0.4768188741013995+4.395464704893765j)
(1.0718681695465366+4.951961446210395j)
(1.7847320402279092+5.442923942152997j)
(2.615369904705002+5.840380918558653j)
(3.557623923071055+6.1120821430091965j)
(4.596734099420243+6.222247697939904j)
(5.706426007134877+6.133414841362012j)
(6.845947531250241+5.809943659564699j)
(7.95790028615872+5.223714695093791j)
(8.968326220597632+4.3621674670267225j)
(9.791004206574815+3.2378412467283897j)
(10.337688902799677+1.8969458571760034j)
(10.534330826948771+0.4228014066759506j)
(10.339989693413187-1.070287987238899j)
(9.76166230717139-2.4544191454196724j)
(8.857595074311561-3.6128832209289166j)
(7.72591023660844-4.463508216807274j)
(6.482570998658962-4.9715226842469695j)
(5.237664426637192-5.148296983114223j)
(4.078263405131885-5.0391883767457575j)
(3.061242488210414-4.707321989782862j)
(2.2144854679826147-4.219387115632893j)
(1.542530350259343-3.6370519426343177j)
(1.0357262100796412-3.020015982078006j)
(0.7446775831331882-2.4007688776112173j)
(0.49809769847843216-1.7031270238320575j)
(0.3606523704486134-1.1205643773781726j)
(0.32808442107044-0.5744299778123017j)
(0.37095729705444763-0.07875944931601157j)
(0.4501637853922395+0.36501518374054115j)
(0.5711241067419459+0.7701078281339903j)
(0.7221326844484003+1.1292461440867112j)
(0.8929353529630788+1.4457078075938739j)
(1.076474498211154+1.7234852128648124j)
(1.267458692064872+1.9666355288529438j)
(1.461901804347168+2.1791294169658366j)
(1.6568479957352156+2.3647532865753913j)
(1.850164316381442+2.527050565160366j)
(2.040375281977141+2.669293532740391j)
(2.226529918762705+2.794477184904783j)
(2.4080955710976193+2.905328197210779j)
