(38.82028711624993+0j)
(36.084541085901435-9.69278608599075j)
(29.766248828768845-15.986874131625434j)
(22.864423724833348-18.48203288582074j)
(17.01178872623208-18.421177043105317j)
(12.55881394395514-17.044508726093095j)
(9.321275136772458-15.112740644967783j)
(7.015214849860293-13.006657199798726j)
(5.401007707587608-10.893478423945337j)
(4.307349415808592-8.834613114642668j)
(3.622003711636333-6.842080540695335j)
(3.278791138889647-4.906052468007177j)
(3.2485277847076257-3.008413386760254j)
(3.5352738315622583-1.130637422015046j)
(4.178011974698127+0.7387599979201438j)
(5.257830111448556+2.5919098158074365j)
(6.909557865482994+4.375775622426109j)
(9.329938912497992+5.936239268115591j)
(12.747593631624667+6.905394655881774j)
(17.24225780212183+6.528006150738513j)
(22.196684969893013+3.6366843994712954j)
(25.56198813305535-2.4518935632565886j)
(24.81799399658202-9.992997498710656j)
(20.197440498497244-15.493947874397701j)
(14.48325630442969-17.54953092732208j)
(9.657820876997043-17.17395316895374j)
(6.15126446362967-15.672240403602494j)
(3.7360225867490024-13.807730887639682j)
(2.097229265653827-11.915982172929272j)
(0.9906362691631698-10.118177530264784j)
(0.2516785131919639-8.444001342176865j)
(-0.2255138275192199-6.887559175927267j)
(-0.507605357001518-5.430735816189757j)
(-0.6352831107406305-4.052479528503327j)
(-0.6313010388987935-2.732292389737652j)
(-0.5049194630318729-1.4514904082257776j)
(-0.2535732561429935-0.19376058209985014j)
(0.135284129828454+1.0538279427045887j)
(0.6900583302729553+2.2983787785300955j)
(1.4534382049032775+3.537292124455674j)
(2.4890446477284063+4.747553461601709j)
(3.8825104277767553+5.866370732344182j)
(5.730810859382643+6.755596868357904j)
(8.092329235887398+7.150461680456677j)
(10.849487906499686+6.632857803790025j)
(13.481428817181246+4.775786594306858j)
(15.025132255478706+1.6268973355885636j)
(14.72193907771138-1.8764897369516413j)
(12.837881935321501-4.498987085027746j)
(10.345413069536123-5.727957921897721j)
(8.022441105463791-5.808280341821331j)
(6.174144009030507-5.188851627716047j)
(4.819412823698505-4.210507030688206j)
(3.8811526648700787-3.068747028935902j)
(3.2746087298625137-1.8600220981686555j)
(2.934572048439708-0.6254899207302502j)
(2.8195219182607354+0.6219520334002726j)
(2.90982142727806+1.8827348739591618j)
(3.2059437552600323+3.1620367483820133j)
(3.72841421553609+4.463419230079529j)
(4.5196341066303285+5.781518173672292j)
(5.646664850023306+7.090374987557566j)
(7.2015876134248105+8.322898014713504j)
(9.28979251949396+9.336531047853295j)
(11.98364081677851+9.866852219957428j)
(15.205381645843493+9.502104795172478j)
(18.53659481602296+7.784308284275262j)
(21.130314609320518+4.566444168916373j)
(22.08981144326225+0.4326287533290118j)
(21.195459940836823-3.4815072226192187j)
(19.062173433924148-6.299043384468956j)
(16.53238281598365-7.840700314368052j)
(14.167131786103603-8.376795492594129j)
(12.193982155258054-8.262831876476167j)
(10.646186246389453-7.774523176973485j)
(9.480945238535645-7.088032925418723j)
(8.639675126563052-6.306296535523983j)
(8.071402783769553-5.487318145366548j)
(7.739426083254452-4.664505477441608j)
(7.6216771209920475-3.860112891612579j)
(7.70891533359883-3.0947167929478447j)
(8.001618949167165-2.395140025599799j)
(8.504519299735515-1.8022190007175902j)
(9.216204488243783-1.3780643379249247j)
(10.110570325640401-1.2089027925316649j)
(11.110148830404185-1.39368827110905j)
(12.063929937204161-2.005234448098878j)
(12.761903703804439-3.0254854112580234j)
(13.013927020541207-4.299614956255478j)
(12.75544691691772-5.575973571784769j)
(12.081968836488622-6.624599375139746j)
(11.177973912726122-7.331139854031156j)
(10.218267483436684-7.699055403775541j)
(9.317538737725485-7.795787995220567j)
(8.530648176198865-7.70230185098533j)
(7.872871626998907-7.487648625624224j)
(7.3391307082993285-7.202528182000519j)
(6.91633046645524-6.8814084526368084j)
(6.5897986149018-6.546860116623498j)
(6.346111335333826-6.21355134705493j)
(6.174034631819688-5.8912768564713955j)
(6.064822120070693-5.586996683438026j)
(6.010978675306094-5.306756447703995j)
(6.006806233141921-5.056169065753673j)
(6.047110808809262-4.841532117881147j)
(6.126311061947587-4.67031850141073j)
(6.237170348699508-4.551374084429712j)
(6.369176685802895-4.494531629282377j)
(6.506730052550866-4.5092051375339j)
(6.627741357372006-4.6014588323430425j)
(6.703932049895896-4.769407240992989j)
(6.704598056536473-4.998018438482798j)
(6.604747657716754-5.2563311086970375j)
(6.395408795944523-5.50103537679526j)
(6.090177460480532-5.687597766597415j)
(5.722434805225168-5.784065347640114j)
(5.3339887636842045-5.779383695229688j)
(4.962234473666598-5.682141647114973j)
(4.632549699353347-5.512759593565586j)
(4.357323531792437-5.29495468775554j)
(4.13898387274125-5.050103317717119j)
(3.9739460700648244-4.794933434543558j)
(3.8557895354772076-4.541407911407973j)
(3.777256455352596-4.2975754521355904j)
(3.731281562466618-4.06862119839057j)
(3.71139608056065-3.857772269572679j)
(3.711786800797534-3.666960468641498j)
(3.7271935743823863-3.497252616278033j)
(3.7527518710279715-3.3490920057932057j)
(3.783839734167061-3.2223957609442064j)
(3.815963975560266-3.116545315090862j)
(3.844709950013592-3.0303015143736585j)
(3.865774516933393-2.961675856352948j)
(3.875096341136442-2.907794607111655j)
(3.869087394608464-2.86479999958094j)
(3.84495243733441-2.827838116305505j)
(3.8010598093345105-2.7911809977000273j)
(3.737301288944025-2.7485153786398744j)
(3.655359870862039-2.6933994595057746j)
(3.558803200319099-2.6198462146144434j)
(3.452944799588173-2.52294918334121j)
(3.344463125231444-2.3994414605815946j)
(3.240825833765801-2.2480840234502693j)
(3.149612410537982-2.0698167087599315j)
(3.0778452590809837-1.8676606869100558j)
(3.031423224827922-1.6464138004228248j)
(3.014712625528211-1.4122115550324774j)
(3.030307182741935-1.1720302933642288j)
(3.0789359554115356-0.9331908353693539j)
(3.1594854879988987-0.7028934074295085j)
(3.2691075274766392-0.48779119741803084j)
(3.403398656711648-0.29359860538065935j)
(3.5566533395349498-0.12473218460531119j)
(3.7222006391722973+0.016006415702558324j)
(3.892833762740477+0.12768023755656435j)
(4.061328364500488+0.21135957952639423j)
(4.22102142079162+0.2701122827394221j)
(4.366395211948143+0.3088082646428001j)
(4.493592482763264+0.3337332648017791j)
(4.600788912407977+0.3520438556068695j)
(4.68837004748797+0.37112873339453495j)
(4.7588959293740976+0.3979583874814663j)
(4.816875944685649+0.43850058763493804j)
(4.868406134446318+0.49725512547396056j)
(4.92073280215967+0.5769270797217113j)
(4.981798329417419+0.6782251131398231j)
(5.05980238928172+0.7997492769758718j)
(5.162781933224539+0.9379262636088889j)
(5.298183897073802+1.0869597271805447j)
(5.472381522687957+1.23878794254693j)
(5.690074014869418+1.3830792554906866j)
(5.953517311397725+1.5073456444689806j)
(6.261572308247079+1.5973107218404279j)
(6.608639915208052+1.637714842188942j)
(6.983687762977036+1.6137429775404182j)
(7.369743286600831+1.5131681900052079j)
(7.744361623712861+1.3290642748501071j)
(8.081541758283544+1.0625624366290238j)
(8.35522106410052+0.7247466376866334j)
(8.543822842464792+0.33667893278015437j)
(8.634635064702497-0.07302021138043478j)
(8.626538717960493-0.47268610199799743j)
(8.530099931157372-0.8329284100472126j)
(8.365089272270929-1.1311213969292941j)
(8.15645868009158-1.3539062098128716j)
(7.930147824075-1.497471509515382j)
(7.709765890880142-1.5661661553375337j)
(7.51456964551916-1.5703056407626268j)
(7.3586300729763625-1.523908972458444j)
(7.250823172111069-1.4427874457154557j)
(7.195261312503322-1.3431124824147347j)
(7.1918851614749135-1.2404077485227485j)
(7.2370651357296545-1.1488398828078064j)
(7.324165055832988-1.0806845805140843j)
(7.444084827809325-1.0458828575350994j)
(7.5858267669511035-1.0516506666496606j)
(7.737129960529175-1.1021492832992013j)
(7.88519732443791-1.1982562242685422j)
(8.0175086684735-1.3374924883624184j)
(8.12267807494002-1.514159341993321j)
(8.191283981399266-1.719716546642006j)
(8.216585978458204-1.9433982160860042j)
(8.195049597672147-2.1730262507257567j)
(8.126618505523703-2.3959567343272283j)
(8.014694661700435-2.6000727637599916j)
(7.8658251813487245-2.77472127301382j)
(7.689137866703619-2.9115036570403263j)
(7.495590606301574-3.004858702524809j)
(7.297108208740793-3.0524024387749042j)
(7.1056822756818345-3.0550129760961373j)
(6.932505565765437-3.0166699436570377j)
(6.78720302958492-2.9440757924445617j)
(6.677209569958719-2.8460995074490407j)
(6.607330855747025-2.733092816925002j)
(6.579508464141526-2.616135128383476j)
(6.59279444112338-2.506265750826493j)
(6.643523875901144-2.413759699040821j)
(6.725658899033083-2.3474960671715017j)
(6.831265663998447-2.314456080752428j)
(6.951079105532269-2.3193730705204425j)
(7.075109401438499-2.3645411322812278j)
(7.193248670007524-2.449775670262027j)
(7.295844979599029-2.5725093757685413j)
(7.374221038806741-2.7280025999710875j)
(7.421124393903197-2.9096477808562162j)
(7.4311015220049965-3.109352448831301j)
(7.4007876430788295-3.317990504373392j)
(7.329099603039406-3.5259119276474085j)
(7.217316155627351-3.723496744673232j)
(7.0690291210287866-3.9017333833591668j)
(6.889948787019789-4.052793156293297j)
(6.687552092844835-4.1705596528828695j)
(6.470577680583421-4.251059743165801j)
(6.248396085414365-4.292739787425348j)
(6.030309508841224-4.2965411173665835j)
(5.824855762853819-4.265752956475352j)
(5.639197881473733-4.2056542714994265j)
(5.4786706476059015-4.122990400653851j)
(5.346529310765063-4.025356207530501j)
(5.2439108016749305-3.920567819615936j)
(5.169983290855537-3.816097706589318j)
(5.122234609500101-3.7186265080549847j)
(5.096838629682289-3.633736892395496j)
(5.089041134480705-3.565747680510274j)
(5.093519160422713-3.5176662406954984j)
(5.104684879698881-3.49122605716271j)
(5.116922123899523-3.486973602785792j)
(5.124757925961817-3.5043717989431j)
(5.122982186695283-3.541894001106222j)
(5.106736013861586-3.597091025161478j)
(5.071593898243102-3.6666234965505673j)
(5.01366692972246-3.7462626191726027j)
(4.929753462565244-3.8308745668088955j)
(4.817558849627536-3.9144173666892295j)
(4.675994722159568-3.989993804381878j)
(4.505547651768172-4.050016761424028j)
(4.308674677080583-4.086548179674564j)
(4.090141175845826-4.091859485504507j)
(3.857175574775736-4.05921894215073j)
(3.619297010033342-3.9838359815963083j)
(3.3877038679371827-3.863797806953224j)
(3.1742104417874217-3.7007574849866636j)
(2.9898701344023633-3.500127636853433j)
(2.843567977063815-3.270634391356341j)
(2.7409236511222743-3.0232732624278027j)
(2.6837711913904285-2.76990300344486j)
(2.6702987990578397-2.52181958684595j)
(2.6957302045581524-2.2886218405849172j)
(2.7533008467890276-2.077542389378898j)
(2.8352677202595884-1.8932530471856113j)
(2.933764294165505-1.7380370279832404j)
(3.0414117569781087-1.6121774989068511j)
(3.151679540058122-1.514424368555797j)
(3.2590379841101305-1.442438759052775j)
(3.35896769068775-1.3931576993048047j)
(3.4478904076039334-1.363059224782446j)
(3.5230737879626397-1.3483339706237345j)
(3.5825460948007155-1.3449827775321865j)
(3.6250428461098885-1.3488646020038382j)
(3.649997139592526-1.355719871543457j)
(3.657577822765579-1.3611945704298205j)
(3.648772669896777-1.3608910496644033j)
(3.6255051629726713-1.3504724645927921j)
(3.5907617026840195-1.325847035248311j)
(3.5486906274035643-1.2834527120942607j)
(3.504617214776955-1.2206478934594673j)
(3.4649057099103824-1.1361854856141054j)
(3.4366008252123765-1.030705336733205j)
(3.426810011313579-0.9071318031157962j)
(3.4418523335087525-0.7708286619450314j)
(3.486292261204407-0.6293710764042911j)
(3.562065165331294-0.49186610193771646j)
(3.6679365181390993-0.3678835011436372j)
(3.799479630679507-0.26620103746670115j)
(3.9496126889872336-0.19365257530081667j)
(4.109564531462126-0.1543431384755916j)
(4.270020840432602-0.14937125925314754j)
(4.422187052343722-0.17703883213965704j)
(4.558580747419547-0.2334059420729071j)
(4.673482039453541-0.313002139707164j)
(4.763070842319383-0.40952974185647384j)
(4.825335949699685-0.5164554144549912j)
(4.859852583751497-0.6274493637029253j)
(4.867508457742072-0.7366770561691341j)
(4.850231366052936-0.8389720561385537j)
(4.81074594516819-0.9299250185412435j)
(4.752368699544915-1.005920335732438j)
(4.6788391302971135-1.0641443404854507j)
(4.594179232730751-1.102580904814547j)
(4.502571741631727-1.120003368111487j)
(4.408247674214724-1.1159663727388383j)
(4.31537489835668-1.0907971621386114j)
(4.227941121684794-1.0455827782699263j)
(4.149626762278724-0.9821469878948385j)
(4.083665834804915-0.9030084660847536j)
(4.032696651234012-0.8113098791173948j)
(3.9986091702163686-0.7107065750849324j)
(3.98240230674789-0.6052046436110226j)
(3.9840717502896585-0.49894255974443324j)
(4.002554917341834-0.39591973060149704j)
(4.03576138667077-0.29968901752774646j)
(4.0807110415515675-0.21304628309407783j)
(4.133786409356285-0.13776314264554212j)
(4.191082244034465-0.07441322400349451j)
(4.248810201203531-0.022332894003735258j)
(4.303697894423788+0.020265578434859786j)
(4.353317368950815+0.05604180910364322j)
(4.3962913958027405+0.0881795195206029j)
(4.4323535084532475+0.12000525378285765j)
(4.4622700434424525+0.15463669865105903j)
(4.48765877829059+0.19470840350751653j)
(4.510751870703799+0.24219825881432008j)
(4.534149633453096+0.29835364074245235j)
(4.560600286955141+0.3636984692557643j)
(4.59282529251859+0.438094121069141j)
(4.633395377016267+0.5208270724594651j)
(4.6846518155803825+0.6107013510971144j)
(4.748661616764445+0.7061212715390175j)
(4.8271932332504415+0.8051573063305142j)
(4.921700092980415+0.9055941782122476j)
(5.033301553011743+1.0049650574412796j)
(5.162754219226488+1.1005792157163585j)
(5.310410779556143+1.1895526336715276j)
(5.476168391522723+1.2688514505020778j)
(5.659413372702256+1.3353562257105767j)
(5.858972023563886+1.385951215969902j)
(6.073078587640551+1.4176389134357161j)
(6.299372109189376+1.4276763684884892j)
(6.534934310797098+1.413724436592322j)
(6.776377506564124+1.3739938207724067j)
(7.019983211972532+1.3073664327540337j)
(7.261881143405099+1.213470953543146j)
(7.498248986532891+1.092697795745794j)
(7.725508445534306+0.9461487103988604j)
(7.940493612095145+0.7755271741965494j)
(8.140573109581684+0.5829847032520041j)
(8.323715995775624+0.3709433045757587j)
(8.488500495423734+0.1419146408564714j)
(8.634071865922728-0.10166709223837832j)
(8.760059618197005-0.35758725772480865j)
(8.86646473853516-0.6239621853418937j)
(8.953525365838066-0.8993182006564273j)
(9.02156602484891-1.1826379169586565j)
(9.070832560560966-1.4733720246288429j)
(9.101313767304514-1.771411150594027j)
(9.112552547116797-2.0770073955146477j)
(9.103455258694122-2.3906303222042844j)
(9.072118423313604-2.712739604929128j)
(9.015707057697222-3.0434594176649274j)
(8.930436693110474-3.3821521882711383j)
(8.811726241673774-3.726916042675802j)
(8.654590966598194-4.074073081116991j)
(8.454319250243039-4.417769007396697j)
(8.207410402200484-4.749849723141963j)
(7.912644305948401-5.060184209416855j)
(7.572037322620827-5.337530196451443j)
(7.191374281499502-5.570880793111986j)
(6.780059752537423-5.751032620488559j)
(6.350220631824029-5.871977094122188j)
(5.915247513927743-5.931730410714841j)
(5.488156159502278-5.932399055734887j)
(5.080181626601777-5.8795371801719964j)
(4.6998849561732-5.78105769054458j)
(4.352845331237683-5.646026857291609j)
(4.041836203298749-5.483609849199034j)
(3.7672996568563515-5.302309177201258j)
(3.5279350991919647-5.109519274634855j)
(3.321268682366222-4.911345202958809j)
(3.1441306715252697-4.7126047260950585j)
(2.9930168907711674-4.516936060787839j)
(2.8643407540531887-4.326951439489507j)
(2.754596723855229-4.144397223287202j)
(2.6604597998789528-3.970298736498301j)
(2.578843796583521-3.8050805869734874j)
(2.506937055526278-3.6486614773793606j)
(2.4422296160196355-3.5005275941781435j)
(2.3825413916390015-3.3597916993154495j)
(2.3260566052431852-3.225246769610301j)
(2.2713654234011535-3.0954236892428932j)
(2.2175092780153567-2.9686619474388727j)
(2.164021964926501-2.8432001164267198j)
(2.1109549460693016-2.717288697802234j)
(2.058873500916039-2.58932176001503j)
(2.008811780511972-2.457976491468139j)
(1.9621802479390147-2.3223431817689315j)
(1.9206280537345874-2.182024657240368j)
(1.885873554524143-2.037185949302926j)
(1.8595251223264326-1.8885425533096338j)
(1.8429182871917977-1.7372873642191675j)
(1.8369923805880457-1.5849686845299662j)
(1.8422210433573136-1.433340609766954j)
(1.8585992977290269-1.2842100135524637j)
(1.8856791749195276-1.1393011062066527j)
(1.9226390209029995-1.0001511173847593j)
(1.9683695773329104-0.8680419853454923j)
(2.021561995914605-0.7439655624839738j)
(2.0807873884634076-0.6286151548916538j)
(2.144562580740524-0.522394395492611j)
(2.211401165103358-0.42543491564303j)
(2.279852118395301-0.33761615857930405j)
(2.348530059462956-0.2585831829785153j)
(2.4161418295148898-0.18776088897977602j)
(2.481513722932412-0.12436544292365503j)
(2.543622575777113-0.06741559569170119j)
(2.601632186316554-0.015747933670768374j)
(2.654934349815686+0.03195930240512162j)
(2.703191369265205+0.07714954746995835j)
(2.7463746300063243+0.12133557062197292j)
(2.784792230515649+0.1660312160276811j)
(2.8190983375557868+0.2126703648714194j)
(2.8502783300247887+0.2625197819850755j)
(2.879606958507054+0.31659523075411j)
(2.908581147880273+0.3755912161894679j)
(2.938833653038319+0.4398333990911156j)
(2.9720372755710494+0.5092592516302373j)
(3.0098107518815267+0.5834277525245317j)
(3.0536363745190815+0.6615541328657046j)
(3.104796324126538+0.7425621134482032j)
(3.16433054350175+0.8251444686981358j)
(3.2330148977209663+0.9078231920119985j)
(3.3113552072440355+0.9890025473522861j)
(3.3995909317008057+1.0670111334303911j)
(3.4977017990943837+1.1401320624412943j)
(3.60541122422467+1.2066230035941177j)
(3.722181580585693+1.2647299843704891j)
(3.847198018613757+1.3127005183397664j)
(3.9793394826653734+1.3488029687312304j)
(4.117137993522196+1.371360144552677j)
(4.258730409862183+1.3788058556196279j)
(4.401811073789059+1.3697730996662434j)
(4.543599113037338+1.3432208729342878j)
(4.680840311019371+1.2986020199742125j)
(4.809868946278436+1.2360656406280845j)
(4.926756972530574+1.1566734837662522j)
(5.02757207175394+1.0625914850039206j)
(5.108747984802104+0.9571996509620578j)
(5.167538399192524+0.8450546626808012j)
(5.2024847555654326+0.731651071547515j)
(5.2137932983097235+0.622966362872479j)
(5.203508363737009+0.5248379190106851j)
(5.175402985416975+0.4422847681359927j)
(5.134581068781565+0.3789227567873752j)
(5.086870555255368+0.3366054791184589j)
(5.0381460488825445+0.31535764452163784j)
(4.993726590039627+0.3135819136724349j)
(4.957951884447134+0.3284523332392627j)
(4.933974048769629+0.3563807934337369j)
(4.92374226764372+0.3934568353788948j)
(4.928123138321355+0.43579816352217854j)
(4.947091907507841+0.4797891365220835j)
(4.979940616018955+0.5222142980141908j)
(5.0254673586247955+0.5603099026953724j)
(5.082128391270501+0.5917608031806286j)
(5.148147886732671+0.6146675498816196j)
(5.2215881800952575+0.6275031917605708j)
(5.300387412277673+0.629073665943481j)
(5.382373062273692+0.618491057166744j)
(5.465260264584819+0.5951656714077169j)
(5.546643964105837+0.5588205481026486j)
(5.623994410727196+0.5095302210694976j)
(5.694666445239383+0.447783600220773j)
(5.7559343478721114+0.3745681040591815j)
(5.805065189572172+0.2914679699916279j)
(5.8394436304165716+0.20076353579782757j)
(5.856758387466029+0.10551026434992533j)
(5.855253189946802+0.009567442514288933j)
(5.834031208327391-0.08246050863674818j)
(5.793381407360186-0.16540780279876902j)
(5.735070991117012-0.23388247591478364j)
(5.66252770449561-0.28275175460880597j)
(5.580830894879633-0.3077337328683498j)
(5.496452249440726-0.30600408291993997j)
(5.416739242064612-0.2766934282021946j)
(5.349204804050768-0.22115262795850382j)
(5.300749593711011-0.14290869405081416j)
(5.2769699679617315-0.04731169229084142j)
(5.281681211297828+0.05904696551427129j)
(5.316721641437534+0.16901402053059666j)
(5.382027013101881+0.27551652506652824j)
(5.4759057246775225+0.37206713007485887j)
(5.595419665246743+0.45308708776738926j)
(5.736781650862916+0.5140516134676827j)
(5.895705754630397+0.5514947778067434j)
(6.067677191534274+0.5629237556788664j)
(6.248133991111366+0.5466899825964399j)
(6.432569579991616+0.5018546590161218j)
(6.616574009198231+0.42807393389165316j)
(6.795834301713877+0.3255183785985121j)
(6.966113925325747+0.19483322683127471j)
(7.123229740991284+0.03714008307892364j)
(7.263043070886457-0.1459234963165206j)
(7.381480080482434-0.3521339925100206j)
(7.474595128579627-0.5785931560924505j)
(7.53868827767873-0.8216371950777037j)
(7.570483644361438-1.0767663118597268j)
(7.567367560401592-1.3386223152537917j)
(7.527673928180441-1.6010450988983722j)
(7.45098915337733-1.8572368651272695j)
(7.3384329493037095-2.1000532567822665j)
(7.192858632411255-2.3224214042144964j)
(7.018913270444891-2.5178575521484365j)
(6.822909650823918-2.6810267861394466j)
(6.612490330574044-2.8082635586686155j)
(6.396104586520949-2.897964263633974j)
(6.18236108779702-2.950778337386592j)
(5.979348839165672-2.96956073348159j)
(5.7940257534135355-2.9590960029585758j)
(5.631755752626944-2.925647743467077j)
(5.49603865782493-2.876413792240193j)
(5.388435194756089-2.81897140992722j)
(5.308654892779514-2.760780632955356j)
(5.254755104049675-2.708786568286497j)
(5.223395928818277-2.669132447004366j)
(5.210104745127424-2.6469719815728667j)
(5.2095196549781155-2.6463552683915306j)
(5.215598419592222-2.6701570879759235j)
(5.221795104082741-2.720018147600046j)
(5.221219213667238-2.796276460553415j)
(5.2068011959782945-2.8978761384992207j)
(5.171493628725099-3.022253689247707j)
(5.10853848716207-3.165217251879301j)
(5.011825916222605-3.3208515848750095j)
(4.876356429117083-3.481499252209835j)
(4.698794083063428-3.6378821479176073j)
(4.478062761412897-3.7794302373883193j)
(4.215895941844921-3.894867436310463j)
(3.917214080900247-3.973061131172584j)
(3.5901911266316344-4.004073213708883j)
(3.2459008806111114-3.980271573300474j)
(2.897511938261169-3.8973004267527958j)
(2.559111830624989-3.754698083325181j)
(2.244349367058038-3.5560098012814154j)
(1.9651441636118827-3.308359548383816j)
(1.7306959988332662-3.0215767555384225j)
(1.5469402151681324-2.7070722354439476j)
(1.41647594643222-2.376688464643276j)
(1.3388877716712746-2.041712983649467j)
(1.3113202149565844-1.712166308014479j)
(1.3291548489419713-1.3963923654667625j)
(1.3866679944008447-1.1009160465872891j)
(1.4775919548432395-0.8304991507387234j)
(1.595546005114843-0.5883196675163886j)
(1.7343349483991866-0.37620924802824623j)
(1.8881326676596555-0.19489985582133162j)
(2.0515777885446673-0.044248809347945554j)
(2.2198090820059897+0.07657249862063284j)
(2.3884640788352036+0.16893044435783694j)
(2.5536595549485264+0.23461955463109285j)
(2.7119678574162673+0.27578557658305175j)
(2.8603986959775756+0.2948733347972836j)
(2.99639224823266+0.29459064757812803j)
(3.117826197589647+0.27787950544475526j)
(3.223036486929849+0.24788616295142885j)
(3.3108489998944934+0.2079227212206767j)
(3.3806170606759505+0.16141425878506518j)
(3.4322577017800455+0.11182769613096341j)
(3.4662783481270982+0.06258136963316703j)
(3.4837852361382384+0.01693759628592312j)
(3.486465823852184-0.022116023368655473j)
(3.476539782038468-0.051987735031382834j)
(3.456676733560367-0.07059430133809098j)
(3.4298832434820246-0.07645383419077263j)
(3.39936589595565-0.06874878554171615j)
(3.368380762228292-0.04735221416771535j)
(3.3400814367936533-0.012814764025987156j)
(3.317377717963238+0.033685548343961175j)
(3.3028150249852275+0.09042456287075756j)
(3.298481299048386+0.15523530238203428j)
(3.305944216684911+0.2256234444778531j)
(3.326217869101546+0.2988856186197685j)
(3.3597552699187077+0.37222310581652107j)
(3.406461488640341+0.44284609132802444j)
(3.4657218988640874+0.508066261383097j)
(3.5364407672827762+0.5653777483557443j)
(3.6170868398302884+0.6125278970069717j)
(3.7057443055141506+0.6475799115882876j)
(3.80016915549544+0.6689691713174326j)
(3.8978521807950584+0.6755540152303404j)
(3.9960904222747247+0.6666603363170238j)
(4.092068654873366+0.6421176992048861j)
(4.182951427298373+0.6022832605010673j)
(4.265984403496848+0.5480488888574899j)
(4.3386015339650985+0.48082686582192313j)
(4.398532335808449+0.40251058758526864j)
(4.443901777986885+0.3154087729266438j)
(4.473314433265578+0.2221545627600805j)
(4.4859150079670265+0.12559409272651914j)
(4.481419173532781+0.02866201346227308j)
(4.460111565189092-0.06574658697415013j)
(4.422811368848637-0.1548977733474974j)
(4.370809421074035-0.23632463446192836j)
(4.305783557509623-0.30791033945375007j)
(4.229700614225792-0.367944232169765j)
(4.144713853795139-0.41514998689474436j)
(4.053063781351933-0.4486876881860345j)
(3.956988670190007-0.4681338171292139j)
(3.858649054300883-0.47344435382801153j)
(3.76006836400564-0.46490657195993046j)
(3.663090075818922-0.4430847786771149j)
(3.569350382055645-0.40876448087840256j)
(3.4802644998469683-0.36289847446129025j)
(3.3970242839309193-0.30655734840962073j)
(3.3206046840715135-0.24088599754091009j)
(3.251776683152967-0.16706700965015273j)
(3.1911245628548603-0.08629124670226279j)
(3.139065590289101+0.000264446773660893j)
(3.0958704479999675+0.0914527433343531j)
(3.061682913853996+0.1861650748726475j)
(3.036537431506943+0.28333533145125933j)
(3.0203733110431634+0.38193893530915524j)
(3.013044396896938+0.480988475793467j)
(3.0143231905281906+0.5795274449558795j)
(3.023898694287107+0.6766240554429822j)
(3.041367744379286+0.7713676134061898j)
(3.0662204219753417+0.8628703587752592j)
(3.097821337332745+0.9502778897431939j)
(3.135390143513251+1.0327909877978338j)
(3.177986349198446+1.1097005387265446j)
(3.2245049120614993+1.1804350561411243j)
(3.2736895079884283+1.2446170710002813j)
(3.32416900593373+1.302120852644526j)
(3.3745190373394545+1.3531206733875052j)
(3.423344910697244+1.398117619971428j)
(3.4693758440058318+1.4379350705695608j)
(3.511555755210242+1.4736786241228783j)
(3.5491147702885644+1.5066641684722797j)
(3.5816090796441236+1.53832534802906j)
(3.6089238468157454+1.5701162576668082j)
(3.6312420948362334+1.6034252447736201j)
(3.6489890901248563+1.6395116161281345j)
(3.66276490790904+1.6794707176041366j)
(3.6732773831538856+1.724226627233602j)
(3.681284618512537+1.774547298985663j)
(3.6875522282403335+1.8310750308421377j)
(3.6928268862603004+1.894365268484917j)
(3.697825248026161+1.9649281864495625j)
(3.703236073911399+2.0432693893319236j)
(3.7097331795133432+2.1299278626854847j)
(3.717997336170732+2.22551068085374j)
(3.7287461415351113+2.330724871221858j)
(3.742771981268389+2.446407283684171j)
(3.7609894316809243+2.5735533940857676j)
(3.784494831084918+2.713345725067482j)
(3.8146423734362127+2.867181969374728j)
(3.853143110439796+3.0367018089678446j)
(3.902195893936004+3.223809525434213j)
(3.9646627793763654+3.430686203484549j)
(4.0443059311682354+3.659779588131675j)
(4.146108580135055+3.9137496389576225j)
(4.276708334044827+4.195330420280601j)
(4.444974532402941+4.507039057988966j)
(4.662755300805268+4.850612215180276j)
(4.94578736028179+5.225969498151002j)
(5.314664234376243+5.629383167030481j)
(5.795518665865504+6.050387625036306j)
(6.419558499229307+6.466882906531344j)
(7.219646145401621+6.838184069354137j)
(8.220817318341402+7.097193905984755j)
(9.421179097334296+7.14660400813023j)
(10.763685890723188+6.870064782914416j)
(12.112828350758113+6.171421977144969j)
(13.267807331879409+5.037999468909864j)
(14.034187385115551+3.58464328138394j)
(14.317402718470605+2.023127019258293j)
(14.15890553304217+0.5667468079499559j)
(13.68943063196549-0.6506367694711207j)
(13.054216668206665-1.5896713284546475j)
(12.366025612551198-2.2742584665541914j)
(11.694570038272358-2.75428361900109j)
(11.075098559842095-3.0818039975049345j)
(10.52085785391406-3.300862815897011j)
(10.03298061282968-3.4452647554795877j)
(9.606783852483975-3.5397022876147615j)
(9.235310507820024-3.6017837069167205j)
(8.911135153894744-3.6439618084157868j)
(8.627180976224144-3.675069517598484j)
(8.377007118031152-3.701448370064964j)
(8.154825130165904-3.7277389907783736j)
(7.955383831239002-3.7574094994584533j)
(7.773797667912051-3.793080697339204j)
(7.60536383498903-3.8366869598755935j)
(7.445404675645395-3.889497510843768j)
(7.289175370321476-3.9520190197065075j)
(7.131884128342905-4.023811152188235j)
(6.968871491416912-4.1032732324286645j)
(6.7959722087672265-4.187496220845166j)
(6.6100262873655655-4.272299789565544j)
(6.40942243819323-4.352557492598331j)
(6.194485691599353-4.422829372957234j)
(5.967520525928795-4.478186259989365j)
(5.7324257339322005-4.514993033358707j)
(5.493969127960175-4.5314035463945075j)
(5.256948651163346-4.527432258949646j)
(5.025487541308062-4.504639707713079j)
(4.802616930809406-4.465596527057986j)
(4.5901648744185515-4.413317203548536j)
(4.388873465793894-4.350799101368079j)
(4.198634042335834-4.28072072401934j)
(4.018748185357017-4.205290050386283j)
(3.848158736239421-4.126203390176827j)
(3.685628283367662-4.044670748760978j)
(3.5298640879419736-3.9614724089324787j)
(3.379598752263576-3.8770234680885487j)
(3.2336388515710848-3.791433421786178j)
(3.0908928758306273-3.704555099525555j)
(2.950387578907719-3.6160216153016713j)
(2.811279486944539-3.5252723182197347j)
(2.6728663950132074-3.431569823085257j)
(2.534602287348487-3.334010672545034j)
(2.3961181695142195-3.231532428126387j)
(2.2572506495232263-3.1229202462172605j)
(2.1180795779383152-3.006816399503633j)
(1.9789754732820215-2.881736815391903j)
(1.840656621798749-2.7460995197851656j)
(1.7042544297055267-2.5982708226761924j)
(1.5713835828026224-2.4366359790297136j)
(1.4442106070717586-2.259701562941397j)
(1.325510391455971-2.0662363481377457j)
(1.2186952383549083-1.855455289414914j)
(1.127795626720909-1.6272462484476917j)
(1.0573674356032552-1.382430440201563j)
(1.0122991650346813-1.1230347953065247j)
(0.9974977140223408-0.8525385942125734j)
(1.0174448683100803-0.5760409551246839j)
(1.0756394569409395-0.30028262723691534j)
(1.1739808760013368-0.03344932939384102j)
(1.3122031270449184+0.21527818492397355j)
(1.4874626376681301+0.4363966689185921j)
(1.6941707203285887+0.6209256757492704j)
(1.9241588317197595+0.7613141716053529j)
(2.16718521559475+0.8522470804024385j)
(2.4117048709943165+0.8912119387950598j)
(2.645770168999691+0.8787452756137125j)
(2.8579146377756177+0.8183544064150124j)
(3.0379000645392154+0.7161785583327663j)
(3.177262827228381+0.5804914689287805j)
(3.2696556740617737+0.4211486074159592j)
(3.3110256594972958+0.2490539257227128j)
(3.2996876825079284+0.07567947424214609j)
(3.236346740481539-0.08736797225362299j)
(3.1240978672531967-0.22876516399008015j)
(2.968400273873717-0.33791500957919673j)
(2.7769911154165277-0.4054413155124604j)
(2.559683798673067-0.42373476558443707j)
(2.32799390202971-0.387510357322339j)
(2.0945577421230235-0.29429802145323525j)
(1.8723534921977383-0.14476420720909647j)
(1.673792716648759+0.057233442207027196j)
(1.5098020890151154+0.304916340320066j)
(1.3890358186683625+0.5891709832920988j)
(1.3173391580980522+0.899379417807578j)
(1.297551366319301+1.2243770470354134j)
(1.3296699295339205+1.5533708679633593j)
(1.4112934704142657+1.876676509337148j)
(1.5382278880372169+2.1862123983637973j)
(1.7051480252347648+2.4757387602564553j)
(1.9062207551715291+2.740869405449631j)
(2.135625664198352+2.978914004998856j)
(2.3879452758020125+3.1886174430169105j)
(2.658425858669883+3.36985553820593j)
(2.9431282375542964+3.5233311561049363j)
(3.2389964555875848+3.6502979351175076j)
(3.54387346069805+3.752324306742318j)
(3.8564903928607306+3.8310996506290493j)
(4.176452177759544+3.888277155710029j)
(4.504238855151438+3.9253432849715924j)
(4.841240644916292+3.9435003222657894j)
(5.189846182321896+3.943544754772189j)
(5.553608836994453+3.9257182348692736j)
(5.937527561524002+3.88949651286574j)
(6.348500000847567+3.833259391716019j)
(6.796043674996599+3.753739729895191j)
(7.293449345994244+3.645055655681581j)
(7.859654480740908+3.496925047124789j)
(8.522348993742071+3.29118567355148j)
(9.323212138060653+2.9945599582135376j)
(10.326692389309406+2.542399120327762j)
(11.633309019056108+1.7986282957166257j)
(13.388047507664028+0.4462614083081919j)
(15.683300357209118-2.3380144317609504j)
(17.53673465885956-8.699106977823112j)
(11.48719286807785-19.651431014510543j)
(-4.20616736025591-17.326908109963057j)
(-7.249130344810262-7.158056285460102j)
(-5.235427529246343-2.073883528124785j)
(-3.206890672251356+0.19656388828279053j)
(-1.6739342761466527+1.321735379776173j)
(-0.5301520755574928+1.9377743886597016j)
(0.3466629103497146+2.3006459714559133j)
(1.040591393605546+2.5254006727026574j)
(1.6063235463995686+2.6690629255147313j)
(2.0799102487765664+2.7622693103283336j)
(2.485819047890502+2.822584490976332j)
(2.8412158955848135+2.860610797669882j)
(3.158562977400061+2.8830058981759237j)
(3.4472307186757525+2.8940658929872716j)
(3.714530012638565+2.896596010700633j)
(3.9663984064599105+2.8924049893571224j)
(4.207877351235377+2.8825878203801008j)
(4.443463779954341+2.86768004487197j)
(4.677389258739988+2.847724956467455j)
(4.913863498872719+2.822270970447639j)
(5.157310663869001+2.7902994057497508j)
(5.412623744771856+2.750066548349781j)
(5.685462574254231+2.6988223188805383j)
(5.982623025278092+2.6323331262418708j)
(6.312504573235165+2.544074267623966j)
(6.685688592984222+2.4238393741277764j)
(7.115572822859013+2.25528337897867j)
(7.618770183850538+2.011454724415009j)
(8.21419685983166+1.6464665071310522j)
(8.917235576682947+1.079857521090515j)
(9.717249527341552+0.16868570000771047j)
(10.502774383855282-1.3298385208879586j)
(10.851775487599792-3.73107995676866j)
(9.711368187918064-6.964580815302432j)
(6.09981202285766-9.367334816741714j)
(1.7338000562794709-8.752555647785377j)
(-0.7584024197313596-6.1951317074290095j)
(-1.4496433188455597-3.739365135555961j)
(-1.3220507444506964-1.965647171472565j)
(-0.9355144939366415-0.7583274412459406j)
(-0.5055717133755657+0.07412956815286596j)
(-0.10632372748959609+0.6698060394205321j)
(0.24619543114943934+1.1106059247714346j)
(0.5520922715936057+1.4512903085295652j)
(0.8160915669502087+1.725005668096605j)
(1.0441966870206283+1.9531723432594104j)
(1.2420046847936175+2.1501620416977487j)
(1.4142893286456084+2.325984168407809j)
(1.56498062807406+2.4878995618036135j)
(1.6972627874292416+2.641422104703798j)
(1.8136931780335093+2.790965957723723j)
(1.9163090895076882+2.9402864307437526j)
(2.0067124107531713+3.0928029889785673j)
(2.0861302421854657+3.2518610548054765j)
(2.1554509758037237+3.420973436047054j)
(2.215233871750329+3.6040768167588366j)
(2.265686304856107+3.8058420042249743j)
(2.30659570750501+4.032089879128516j)
(2.3371898093970973+4.290393590574112j)
(2.3558719943564967+4.591004038767873j)
(2.3597215145003063+4.948348168252761j)
(2.343517756574677+5.383582796988978j)
(2.297724405734807+5.929199052582253j)
(2.2039883972784846+6.637881566679673j)
(2.0240071968172426+7.6009332687233515j)
(1.6679824075822565+8.99037554038256j)
(0.8868683130494222+11.166151753885485j)
(-1.2091220366771676+14.969413848376174j)
(-9.28428677158521+21.95294865461988j)
(-39.75254945978892+7.830319804786904j)
(-13.236509711528733-18.07861445742636j)
(-2.5823579846841005-11.381253108179028j)
(0.158397163617234-7.364467707320723j)
(1.1965750930272372-5.068000822527192j)
(1.690441371838688-3.6044833133091707j)
(1.958157657325921-2.58754024145622j)
(2.1137884925853783-1.8334069307481167j)
(2.2060276411399586-1.24516496350551j)
(2.2582589841907117-0.7671568226479675j)
(2.2826116688662124-0.3651412532013715j)
(2.2856310061657608-0.016816982921505803j)
(2.27080901280015+0.29306744151982733j)
(2.2397936494737376+0.5754066622425719j)
(2.192985320609515+0.8383042467538779j)
(2.1298202859196587+1.0880238886820455j)
(2.04887376586068+1.3295857444778114j)
(1.947840607573383+1.5671439264625306j)
(1.82341344628832+1.8042150649732875j)
(1.6710552726955281+2.043786964845496j)
(1.4846455776524292+2.2883036326571218j)
(1.2559626088163889+2.539485879195866j)
(0.9739485489478734+2.7978911520083254j)
(0.6236965008467344+3.0620202590816596j)
(0.18512353565396603+3.3266044785317748j)
(-0.368570607496917+3.5793926611441607j)
(-1.0721016588609582+3.795229669128894j)
(-1.967072356784984+3.92550790029144j)
(-3.093435853300798+3.8809013765871985j)
(-4.4610382365607455+3.509078074037834j)
(-5.980748124349183+2.587265873651335j)
(-7.354168447671539+0.8953131115281977j)
(-8.040455957216816-1.5451112672988032j)
(-7.559665923422176-4.212356778824992j)
(-6.003281703667137-6.316666295057523j)
(-3.990982258375384-7.440179710605984j)
(-2.1085662374954905-7.7303051265986715j)
(-0.5975691482279932-7.511366879765585j)
(0.5284071907264882-7.062325628796217j)
(1.3429727147585466-6.541708983928025j)
(1.9273511859538708-6.0262036024560555j)
(2.3468450737595674-5.5475038126377925j)
(2.648752465847905-5.115401093325084j)
(2.866043363673046-4.729875326220644j)
(3.021445072138586-4.386946742369493j)
(3.130634298168858-4.081372017989721j)
(3.204478537889728-3.8078200230808044j)
(3.2505484173844144-3.5613341190295325j)
(3.2741240675166448-3.3374674276679945j)
(3.2788624827722077-3.132273185726254j)
(3.267239418107539-2.9422343942364386j)
(3.2408401509284563-2.7641701328990207j)
(3.2005468771801198-2.5951334444448717j)
(3.146652771457162-2.4323048215027687j)
(3.078920358982531-2.272879672706358j)
(2.9965923439346187-2.1139441379677053j)
(2.8983548952075093-1.9523290202729269j)
(2.782245483337878-1.784424926278978j)
(2.6454879279604446-1.6059315239151393j)
(2.484222923451499-1.411497248265692j)
(2.2930767489242587-1.1941763050570051j)
(2.064462052815545-0.9445737829880341j)
(1.787403857172387-0.6494378961164662j)
(1.4454415076436924-0.28921603312186894j)
(1.0124067903848588+0.16670538460848655j)
(0.4460571032791966+0.7726696560772117j)
(-0.3202125290325244+1.6177682104561628j)
(-1.4336868594370422+2.8818724207863498j)
(-3.210242870638089+4.994977606894631j)
(-6.517857381562287+9.24033928880278j)
(-14.82869260599695+21.95667218607856j)
(60.02416714558261+214.12050507300575j)
(32.92823895982311-26.703621350963747j)
(16.959860527137543-15.713144230264893j)
(12.191684569137962-11.772649038802125j)
(9.874362466085993-9.774922587289849j)
(8.478610802610069-8.575520241005762j)
(7.5249606743505515-7.7801086118595775j)
(6.815113838050085-7.216768547342495j)
(6.252132621731635-6.798456762168972j)
(5.7829297545277525-6.476218612527576j)
(5.375915914955655-6.2202393146286115j)
(5.011056537186429-6.011155321387143j)
(4.6749857529085395-5.835679163835976j)
(4.358415446002727-5.684227202612901j)
(4.054678758747574-5.549552509422784j)
(3.758878075193055-5.425915798733627j)
(3.4673811106746535-5.308568055779227j)
(3.1775226559947565-5.193449310471571j)
(2.88736544160011-5.077059663332529j)
(2.5953748076649603-4.9563210498215j)
(2.300240997747736-4.82818223873557j)
(2.0011630453802405-4.6893802605519594j)
(1.6980098753987405-4.536678720955431j)
(1.391129855243319-4.366993644060522j)
(1.0812455627596735-4.17729176261729j)
(0.7694919999472906-3.9645123351281857j)
(0.4574842210791001-3.7255578813873673j)
(0.14737967591499804-3.4573184085114463j)
(-0.15806165254105228-3.156712484580769j)
(-0.45541493986665027-2.8207433519538045j)
(-0.7405251789367095-2.4465722629000326j)
(-1.0084401132496563-2.0316116001691187j)
(-1.2533445703221247-1.5736399924884021j)
(-1.4685026784261954-1.0709426795845365j)
(-1.6462166511956315-0.5224889880192874j)
(-1.7777911782903482+0.07183165512208703j)
(-1.8534742054101627+0.7109382972896927j)
(-1.8624305696780683+1.3922932633280543j)
(-1.792805059733823+2.1115688900385816j)
(-1.6318289543191753+2.8622041557582856j)
(-1.365977932947994+3.6348769938223198j)
(-0.9812378577891254+4.416883241992051j)
(-0.46354113665724767+5.191396991576298j)
(0.20053943937016247+5.9365971365579835j)
(1.0227073363765555+6.62466857929695j)
(2.0112762028027658+7.220737838630704j)
(3.168658025271479+7.68190853765166j)
(4.487690075449412+7.956760624602626j)
(5.946520249239672+7.986011579400719j)
(7.502041489606624+7.7055229884819605j)
(9.082623944090512+7.053362851777014j)
(10.58241927054923+5.982786280188628j)
(11.861767676552736+4.481855669720692j)
(12.760096198469316+2.5967653962642667j)
(13.126230555811796+0.4496352827778778j)
(12.862803832749757-1.7637909685701645j)
(11.967974692187932-3.807532436349032j)
(10.549700519085214-5.463986696105689j)
(8.798976404938614-6.591445145018878j)
(6.934095677241415-7.151493690575265j)
(5.145322765040132-7.197183033980209j)
(3.563160601011426-6.836700583293565j)
(2.2540298140522608-6.194782169301452j)
(1.2333840008978743-5.385850399065344j)
(0.48441859859226916-4.501297506405752j)
(-0.02506930841391582-3.6058677952927423j)
(-0.33512461082171935-2.737125777224569j)
(-0.4944977139367929-1.9205041380861532j)
(-0.5377895230859367-1.1790775083014304j)
(-0.4898188288696224-0.5167917121499482j)
(-0.3782652776309202+0.06123258864174232j)
(-0.19971148448147366+0.5674628328060739j)
(0.005285038883269956+1.0161618114960873j)
(0.229303434283107+1.4038297291868918j)
(0.4650143504821826+1.7376567262522793j)
(0.705956974303209+2.024390282647159j)
(0.9472661722391268+2.2702350719069964j)
(1.185440102987332+2.480858533370361j)
(1.4180567860255522+2.661385606038233j)
(1.6435324483112617+2.8164111940733516j)
(1.860927527711753+2.950030086229304j)
(2.0697941114289207+3.0658786116343975j)
(2.270057430278066+3.1671828899494043j)
