(32.77029597552479+0j)
(29.742787642423256-8.800888056120572j)
(23.2537365954455-13.499329396375103j)
(16.930402585882668-14.21836254676197j)
(12.189994864046188-12.721488034060298j)
(9.041237271458382-10.290932021852472j)
(7.157447956394645-7.538787765968013j)
(6.275330158826452-4.701811982945575j)
(6.276948546807713-1.8591836439195508j)
(7.200670408269515+0.9402969246243628j)
(9.254323781259354+3.561753598802613j)
(12.805686015747835+5.578370997218767j)
(18.134588002100372+5.87365282205936j)
(24.311471667074116+2.3986779167418044j)
(27.481662177832632-5.7584359404808225j)
(24.125047443339355-14.252127967393575j)
(17.201403003027032-18.098025427450807j)
(11.048914080618154-17.84316477081336j)
(6.838328656824212-15.795658442916768j)
(4.204887252127214-13.266221424947823j)
(2.6422203619098736-10.738685028723268j)
(1.8101561903626997-8.344571608133561j)
(1.5237615917578404-6.094897872521558j)
(1.7097315377588334-3.971873655790394j)
(2.381380324101833-1.9725687630554374j)
(3.629922890469154-0.1523931795229598j)
(5.6080350793535985+1.2949363358265908j)
(8.424190448426025+1.8934820593567427j)
(11.74627865032667+0.7896398085210246j)
(14.11803786580354-2.648081742453469j)
(13.57824365580884-7.152480033523329j)
(10.40853917366409-10.060284592666106j)
(6.776039841447585-10.550622726043983j)
(3.9545594639405315-9.539791328819783j)
(2.080939040263484-7.926820351960836j)
(0.9388866363352332-6.156868635073259j)
(0.3196568360679076-4.394507122710555j)
(0.09075868048353371-2.683436963144707j)
(0.1885450735326059-1.024728898423494j)
(0.6044588997570437+0.587651053143999j)
(1.3814972360178617+2.139928586992617j)
(2.6075947013637637+3.5666284161584345j)
(4.397803018965584+4.686868111214191j)
(6.790102923494247+5.113100283964637j)
(9.451032642370745+4.254940985151663j)
(11.33537517246774+1.8167772427233873j)
(11.267148996089835-1.2898640632591178j)
(9.425244697087491-3.4419018228563294j)
(7.073293033832261-4.022738532237873j)
(5.098666638782823-3.453369299394172j)
(3.7328473321274718-2.2838494494455817j)
(2.923784253954621-0.8464990352126985j)
(2.578384934737689+0.7059879563372833j)
(2.640692568695494+2.3128398192608057j)
(3.1083686889638313+3.9458791144136245j)
(4.035607094951565+5.5672319763190945j)
(5.530562356295261+7.081235061965967j)
(7.725801078919427+8.25978812488984j)
(10.654328410861416+8.648923632417612j)
(13.939777561929814+7.599028052796909j)
(16.49036480501689+4.7789022391311535j)
(17.056693248119036+1.0245927829758543j)
(15.59863877846441-2.034507775486786j)
(13.252370253596212-3.5284887587573777j)
(11.045855764526822-3.6551341307006924j)
(9.410904492639007-2.9355476195659915j)
(8.42271152243248-1.773194765674922j)
(8.05392895660991-0.4108663841402902j)
(8.286897947328264+0.9945984436087204j)
(9.139701598538638+2.2916405042464483j)
(10.638593742406638+3.260653895152707j)
(12.722408322046494+3.562682843871839j)
(15.067014430693222+2.793456123639265j)
(16.970097228928072+0.7779563129186086j)
(17.651545828245013-2.0333240632172402j)
(16.907155252167357-4.6978514415932064j)
(15.247554794734627-6.502655618669628j)
(13.351242792559042-7.327195090392757j)
(11.647364852896189-7.40147624260348j)
(10.30161328650394-7.00361953511598j)
(9.341050354669882-6.342206130800524j)
(8.74744487738536-5.553805189484269j)
(8.500254564472868-4.732976865491886j)
(8.587828550314747-3.963968053210095j)
(8.997198752427932-3.3475328053890205j)
(9.68175385587662-3.015527709648591j)
(10.510061459696644-3.110340432201405j)
(11.236239424034116-3.7004903749456184j)
(11.575539333565986-4.668011710347119j)
(11.385308530103174-5.713404485764787j)
(10.760846441835062-6.537341438484894j)
(9.928152434260273-7.004119033637414j)
(9.087113195448907-7.1358510842277525j)
(8.351117681540586-7.021888826449258j)
(7.763807256701981-6.752978805462471j)
(7.332092002825417-6.398845492082211j)
(7.049102605126735-6.008990373496591j)
(6.905283184172032-5.620463510674536j)
(6.891519092148299-5.2661040449279j)
(6.996714581827071-4.981379982734871j)
(7.200146828173487-4.808175348713993j)
(7.459034543530107-4.7913762181165245j)
(7.697227929863806-4.960569459657066j)
(7.81307889199707-5.298159268484427j)
(7.722254375291289-5.7166102886945716j)
(7.414585920136323-6.086206713998577j)
(6.963503464170002-6.305650040292599j)
(6.473881739789789-6.346864532464984j)
(6.026742262134352-6.240677751712546j)
(5.662246414640054-6.038838581199058j)
(5.3899587078478115-5.78863910431884j)
(5.203739950788824-5.525150034178602j)
(5.091539189475672-5.272559604990857j)
(5.039746149272218-5.0478065298488j)
(5.034113591404508-4.86361532134828j)
(5.058885931468206-4.7300545198232395j)
(5.095243889162047-4.654275378861034j)
(5.12022993290919-4.638176703543259j)
(5.107880757113493-4.67427608249415j)
(5.034490833595703-4.741740648524763j)
(4.8879783692864835-4.80679605705159j)
(4.676553938176298-4.831356348182786j)
(4.4287863113134005-4.787512787329694j)
(4.18247849783999-4.6682514974686855j)
(3.9699018486946054-4.486816896874036j)
(3.809183426451478-4.267314801079765j)
(3.704277926448424-4.0346939093241305j)
(3.6495025928543723-3.809047344288486j)
(3.6342827277159975-3.604149470339966j)
(3.6462777780364766-3.42814463705429j)
(3.672940812760423-3.284697368254038j)
(3.702174533146997-3.1738290685565773j)
(3.7227047116739014-3.0922782768413977j)
(3.7246128977464164-3.0335258273716503j)
(3.7002828420388116-2.9878109981196146j)
(3.645765527275547-2.9425801716433466j)
(3.5622419510762064-2.883786237441963j)
(3.456940368846148-2.7982031175614535j)
(3.342742416748208-2.6764056230976996j)
(3.2360332377954606-2.515476735896777j)
(3.1531283377188477-2.320268190391607j)
(3.106421400752217-2.102493779415348j)
(3.1016353243229-1.8779000389779055j)
(3.137016522144559-1.6625858502101414j)
(3.2044150622579384-1.4697034874700807j)
(3.291556563331744-1.3073268087783696j)
(3.384681606992718-1.1776714956399694j)
(3.4709329010854737-1.0774414552917928j)
(3.5401683103056034-0.998911755904936j)
(3.586130133567634-0.9313851441774019j)
(3.607026668150674-0.8627776204593216j)
(3.605604816279457-0.7811804625335449j)
(3.5887975814900543-0.6762934908442274j)
(3.567034396190461-0.5406700458134983j)
(3.5532791969388717-0.3707607677811394j)
(3.5618044464904606-0.167762529431258j)
(3.6066377339099347+0.06176036738338361j)
(3.6995780995524328+0.3056371832367269j)
(3.847755650407026+0.5465821859773727j)
(4.050998881705101+0.763932838198491j)
(4.299793012493487+0.9370660967683134j)
(4.575116312239872+1.0503132004584028j)
(4.851359515028177+1.0980589564162984j)
(5.102346402393823+1.0877262002326833j)
(5.308540253222597+1.0386468364485841j)
(5.462347945383147+0.9767980994909508j)
(5.569328197894715+0.9276991493240107j)
(5.645464649397006+0.910463551517243j)
(5.712479860649014+0.9347119442141028j)
(5.793285438431609+1.00018592140492j)
(5.908614981620366+1.0978765600079383j)
(6.074775113339858+1.2115315706305683j)
(6.3018667597668925+1.3190258317362027j)
(6.591795148820567+1.393789506276253j)
(6.935781307445485+1.4070727216181096j)
(7.311897445232003+1.3321302484243658j)
(7.6843312128025865+1.1510502554087512j)
(8.007077169425031+0.8633532711155756j)
(8.234095073681083+0.4927019455925767j)
(8.334267616182222+0.08611181633361802j)
(8.304264550384211-0.2975520600368564j)
(8.171135269143958-0.6058649044814858j)
(7.98252737086355-0.8083078249147615j)
(7.790735311806798-0.9015091766945826j)
(7.639162610860671-0.9044936239041291j)
(7.555533136704731-0.8493758908193485j)
(7.551048433168508-0.7726139165967904j)
(7.6225984967758444-0.7089421708350011j)
(7.755696357651338-0.687724213107371j)
(7.927166289712268-0.7306190950346491j)
(8.107672034616941-0.8496421706288568j)
(8.26468537158085-1.0453050003533855j)
(8.366514906782337-1.3052159787492454j)
(8.38756231087204-1.6041071314907236j)
(8.314111456361873-1.906431350054451j)
(8.149001437666024-2.172145991955168j)
(7.913057996012672-2.365012087483339j)
(7.641813144153681-2.461154254157229j)
(7.3779154986639375-2.4548654863437602j)
(7.161640164496974-2.3595390688808147j)
(7.022668919509775-2.2037026588705246j)
(6.9754026262442785-2.024042782598033j)
(7.0182910073415385-1.8579495167551203j)
(7.136217635416656-1.7374736177010592j)
(7.304468907124702-1.6854480481146088j)
(7.493083483010138-1.7136281674572111j)
(7.670938452095192-1.8223302112571824j)
(7.80939625041215-2.001097798662431j)
(7.885549596663792-2.2301752868744846j)
(7.885056253839076-2.482807180054868j)
(7.804352125060972-2.7284674029461247j)
(7.65180140234931-2.9370245749261845j)
(7.447150333336-3.0835235135736214j)
(7.218810762846611-3.152699328059044j)
(6.999145790295863-3.142033077784706j)
(6.818663263274427-3.0623571544678625j)
(6.700543160457036-2.935678818817672j)
(6.656898199347103-2.7908121614326915j)
(6.687523805022109-2.6580912320468504j)
(6.781008668721214-2.564516886340754j)
(6.917435113304185-2.5302244127102287j)
(7.071743507042642-2.5665063628500313j)
(7.217083164115854-2.67514366900657j)
(7.327866650690503-2.848645248765252j)
(7.3825479811238255-3.0711267599856567j)
(7.366226524402954-3.31982655987525j)
(7.273003511711452-3.5674859499522382j)
(7.107656294469166-3.7858180243368027j)
(6.8858824570702-3.9499244741178106j)
(6.632412923181774-4.042900349294364j)
(6.376861874975463-4.059333543483483j)
(6.14813270934865-4.0063991923808135j)
(5.968992076878685-3.9020113621274413j)
(5.852442967259068-3.7706778225563298j)
(5.800697695626591-3.6385496614574078j)
(5.806442135670197-3.5291679193190104j)
(5.8553758543618155-3.460734720233846j)
(5.928965846060141-3.4449211716246135j)
(6.006757634043126-3.4867079749713334j)
(6.068096135931725-3.584644109660947j)
(6.093491351029198-3.731086813641592j)
(6.066051793809202-3.9123056955398305j)
(5.973391674795553-4.108709148971597j)
(5.81015135277513-4.295810417116612j)
(5.580698703422687-4.446718618502221j)
(5.3008203501074265-4.536599478644176j)
(4.996776169059642-4.548479776367117j)
(4.700729086637664-4.478356487205605j)
(4.4434434252872315-4.337000892199094j)
(4.247076067031887-4.14713779022721j)
(4.121083129541076-3.9372049405614353j)
(4.062387740714886-3.7346086737248294j)
(4.058643871720298-3.561009696694639j)
(4.092432000179264-3.4304470232146027j)
(4.144726282930222-3.3496103933302495j)
(4.197034591168597-3.319068270303397j)
(4.23240595883142-3.3345003476885062j)
(4.235837365908212-3.3874408021327325j)
(4.194670149821443-3.465436003145415j)
(4.099506764485321-3.5518493123755825j)
(3.9460124369592986-3.625876569305107j)
(3.7375711009990296-3.663663415598803j)
(3.487994116959328-3.641511251251714j)
(3.222477872212608-3.541522220552795j)
(2.974612741214381-3.358312888686178j)
(2.778710163839217-3.103409269084783j)
(2.6599956504244466-2.80383048927815j)
(2.6276192978780633-2.4945364494089146j)
(2.6740067850028644-2.2085651026598647j)
(2.7798155908074684-1.9697680172339496j)
(2.9208001997958344-1.7903804744376297j)
(3.0732981044681025-1.6723965775764689j)
(3.2171904332079753-1.610478218991603j)
(3.33680917930837-1.5946829996274292j)
(3.420778248362611-1.6122837589138788j)
(3.461663141345923-1.64866293585806j)
(3.455998901788787-1.6876450811768267j)
(3.4049485914254842-1.7118061496834829j)
(3.3155189760949195-1.7033819945668722j)
(3.201832899651551-1.6463757493471374j)
(3.0854178526432245-1.530129360014806j)
(2.993129802680951-1.353726579066174j)
(2.951871798850767-1.1292900920125468j)
(2.9811242157565525-0.8815606261113411j)
(3.086524840851553-0.6424733961303692j)
(3.25805787360644-0.44255881130161007j)
(3.4738074864291844-0.3032702404321332j)
(3.7068550051858526-0.23349450524926169j)
(3.931751312184598-0.2305222453219039j)
(4.128432923530261-0.28350061792492j)
(4.283498447152051-0.37717247978841295j)
(4.389856759267359-0.4947010225138283j)
(4.445813675192476-0.6193893044063303j)
(4.454250492114548-0.7356433657993199j)
(4.422103643426346-0.8296529483741579j)
(4.360040269352077-0.890169032720124j)
(4.282038419204229-0.9095736389371936j)
(4.204496848699124-0.885200840178451j)
(4.144545199603014-0.8205853914566704j)
(4.117467366519948-0.7260514238528425j)
(4.1336031682317715-0.6179705285763394j)
(4.195602061604224-0.516305022539069j)
(4.297133214260373-0.4407304723786262j)
(4.423807744521685-0.4063938340428246j)
(4.556204877953125-0.4206966066497896j)
(4.674014626599113-0.48210590526977265j)
(4.759966449594373-0.5811293873005766j)
(4.802535925814712-0.7028057732379682j)
(4.7970784528424835-0.8297574380854614j)
(4.7455997088778545-0.9450141991096701j)
(4.655625562248839-1.0341839813722438j)
(4.538619912944837-1.086867748579603j)
(4.408264933174368-1.0973913015403662j)
(4.278784003216616-1.0649752868034623j)
(4.163402883928535-0.9934483759893421j)
(4.073009800829796-0.8905768936376387j)
(4.015072704055438-0.7670629984483627j)
(3.9928845446176755-0.6352616200902907j)
(4.0052223506312705-0.5076854895670289j)
(4.046511831216613-0.3954089225892084j)
(4.107569167642831-0.30654255498516864j)
(4.176924144332047-0.24501593526806445j)
(4.2426060624485675-0.20993365121575444j)
(4.2941236495345665-0.19571859255589014j)
(4.324254566094282-0.19310598589416142j)
(4.330245468014809-0.19083692741254138j)
(4.314142892675595-0.17769611141131889j)
(4.282202853981724-0.14443355110438386j)
(4.243577960978051-0.08515869679359472j)
(4.208650450829396+0.0020218951238801866j)
(4.187406493622999+0.11512166249514322j)
(4.188146707372796+0.24896375817929647j)
(4.216669215371653+0.39618433116716045j)
(4.275918065025208+0.5483112768788502j)
(4.366003520204238+0.6967576355620951j)
(4.484478399118515+0.8336565355491522j)
(4.626781244813675+0.9525281067604919j)
(4.786802149486825+1.0487867836086655j)
(4.957548540347085+1.1200786049581426j)
(5.131877022263082+1.166427343698863j)
(5.303253234189359+1.1901762235022701j)
(5.466502021677172+1.1957022096414542j)
(5.6184762290512245+1.188871336421657j)
(5.758528655625586+1.1762417167999593j)
(5.888667421673794+1.1640931763289168j)
(6.013321176467963+1.157428297283372j)
(6.138721204802256+1.1591193801316015j)
(6.271994557183978+1.1693549380313895j)
(6.42012331544549+1.1854731573227164j)
(6.588937933805888+1.2021843932917182j)
(6.782278452564083+1.2121141914998252j)
(7.001399163644445+1.2065656055486134j)
(7.244640404546473+1.1764059258127588j)
(7.507367070006138+1.1130095496155812j)
(7.782178948264721+1.0092081695425419j)
(8.05941450795683+0.8601925858610607j)
(8.327973011732935+0.664277926422253j)
(8.57645257203698+0.4233975596542603j)
(8.794526484348287+0.14315268547930132j)
(8.97435910398336-0.16773658879011125j)
(9.111752537083342-0.4986167718745594j)
(9.206696133282906-0.8385708896524487j)
(9.263102766132992-1.1782369879637433j)
(9.287729194065756-1.511354892820697j)
(9.288501252596143-1.8356818966254334j)
(9.272600072016958-2.1530903623543702j)
(9.244673593183217-2.468851501841761j)
(9.205459192863481-2.7902364710725465j)
(9.151020582843241-3.124610127372259j)
(9.072775201400212-3.4772076176418394j)
(8.9585058313922-3.8488552175726993j)
(8.794515837142601-4.23407698267513j)
(8.568857423036203-4.620259193899629j)
(8.275063493291713-4.9886080472226775j)
(7.915219398118972-5.317244544832536j)
(7.500991868569065-5.585870338290327j)
(7.051834203558466-5.780461709497781j)
(6.5908666907586575-5.89618521013428j)
(6.140048732792365-5.937540494242383j)
(5.716403264307881-5.916082104073777j)
(5.330240380237875-5.846997341385446j)
(4.985282652931956-5.745860076164858j)
(4.679979879655925-5.626320309965611j)
(4.409245936566466-5.498866349358303j)
(4.1661098832560555-5.370430145719307j)
(3.9430716448566887-5.244518325698692j)
(3.7331499752186756-5.121624519418881j)
(3.530687156433043-4.999797620411403j)
(3.3319626093048345-4.875337464506491j)
(3.1356071609496117-4.743632579036741j)
(2.9427424602063565-4.600132728117752j)
(2.7567403575317067-4.441369840366601j)
(2.5825438243463186-4.265842167411229j)
(2.425619885498775-4.074524891058598j)
(2.290772858964734-3.8708280297224866j)
(2.181136380161972-3.659991577404293j)
(2.0976131318150224-3.4481071069936755j)
(2.0388598048199618-3.2410706167728747j)
(2.001720939007745-3.0437450092990566j)
(1.9819002062284403-2.859479166295862j)
(1.9746545063466376-2.6899828520849223j)
(1.9753685072153822-2.5354619814013053j)
(1.9799560314868778-2.394893890331461j)
(1.9850998032542562-2.2663455342771965j)
(1.9883712259202488-2.147278443808773j)
(1.9882739899599553-2.034821311183718j)
(1.9842415820351678-1.9260147453946446j)
(1.9765998146852304-1.8180414582230693j)
(1.966488874685788-1.7084511827783582j)
(1.9557301750364928-1.5953769043722905j)
(1.9466247253161795-1.4777226463777657j)
(1.9416827511267323-1.3552896752283259j)
(1.9433059694163615-1.2288048016731035j)
(1.9534664565179434-1.0998264427744504j)
(1.9734387214225884-0.9705300768905065j)
(2.0036362146757085-0.8434057367809842j)
(2.043580024256894-0.7209231130105572j)
(2.091995212051254-0.605224709841546j)
(2.1470026095931454-0.4978934486432202j)
(2.2063607688021367-0.3998163293058569j)
(2.267715632633286-0.3111417508687121j)
(2.3288285681240346-0.23131315573355063j)
(2.3877683793351836-0.1591578624040456j)
(2.4430633507581447-0.09301411026126334j)
(2.49381283124622-0.030885863526109135j)
(2.539756021735347+0.029381217166025816j)
(2.581292617263707+0.0899101535965513j)
(2.619449621422832+0.15260128381188298j)
(2.6557925333293344+0.21895571174019374j)
(2.692286336724409+0.2899320186541021j)
(2.731119839734239+0.3658520027319517j)
(2.7745127487163495+0.44636405072662666j)
(2.824525833588958+0.5304633341639953j)
(2.8828901280415398+0.6165599352876718j)
(2.9508632996332294+0.7025823971298548j)
(3.029113714115782+0.786106228789344j)
(3.117628898549975+0.8645032979664408j)
(3.215647340592964+0.9351155990307802j)
(3.3216210417952694+0.9954613744607909j)
(3.433228673365695+1.0434786943275405j)
(3.5474703862244965+1.0777982459010933j)
(3.6608773861490826+1.0980134589464592j)
(3.769853743661943+1.10488854035507j)
(3.8711306941665593+1.1004273185855038j)
(3.9622627596732727+1.0877352381132905j)
(4.042052689333195+1.0706529334820545j)
(4.110786314135265+1.0532118980770586j)
(4.170202914294817+1.0390288196281954j)
(4.223206469831525+1.0307793779322256j)
(4.273399738364606+1.0298606815392655j)
(4.32456022658507+1.0362827072523184j)
(4.3801643136401935+1.0487600470854692j)
(4.44302037521974+1.0649355554031146j)
(4.515021916932941+1.081664529725887j)
(4.59699826616132+1.0953106347330006j)
(4.6886299854130336+1.1020357043492124j)
(4.788405196024726+1.0980913927280347j)
(4.8936140346035755+1.080134165148089j)
(5.000404153259807+1.045583157527976j)
(5.103943143917944+0.9930214537173597j)
(5.19874461876843+0.9226056225241057j)
(5.2792012662787355+0.8364015896331449j)
(5.340319648823008+0.7385231442634429j)
(5.378568589701492+0.6349400642210179j)
(5.392660373764411+0.5328745773130762j)
(5.384031212335264+0.43982411127114973j)
(5.35682538752389+0.3623973197585002j)
(5.317326582147186+0.30525350171623233j)
(5.2729649870874296+0.270424970313174j)
(5.231165663322913+0.25717256862951793j)
(5.19832451653829+0.26234427838080077j)
(5.179108073397641+0.28106752108057803j)
(5.176136149527932+0.3075600366685244j)
(5.189992777750597+0.33588348068754537j)
(5.219455694913513+0.3605429161850842j)
(5.261834290496484+0.37691017649334335j)
(5.3133367417997714+0.3814969955547763j)
(5.369426108631976+0.3721224665797749j)
(5.425158616628122+0.34801637909814065j)
(5.475519875535414+0.3098840779393199j)
(5.5157852625015105+0.25993591399960175j)
(5.5419285552380515+0.20185904929013504j)
(5.551086335965518+0.14068537787406724j)
(5.542052736541988+0.0824937354065372j)
(5.515731651527211+0.03388913316488201j)
(5.475423415495289+0.0012401445926880214j)
(5.426795662997925-0.010266100085178028j)
(5.377416840585997+0.0024106779412599363j)
(5.335835126171269+0.03942150201856082j)
(5.310343404928551+0.09775288323559264j)
(5.307711682397936+0.17155063457948608j)
(5.332208180032108+0.25298357769270974j)
(5.385135063317306+0.33341104214811323j)
(5.464922257390789+0.4045459530755898j)
(5.567649913903859+0.4593621742454962j)
(5.687782992680757+0.49263010354715525j)
(5.818913832200594+0.5011004071673407j)
(5.954383330878387+0.4834388969669307j)
(6.087738470277653+0.4400351206372373j)
(6.21304952562089+0.37278184759169425j)
(6.3251438256098895+0.28487803333434086j)
(6.419818619685013+0.1806622286890668j)
(6.494080976085444+0.06544513273901052j)
(6.546432218682596-0.054717005209052816j)
(6.577170686202736-0.17337668722109437j)
(6.588635285753173-0.2842300488126828j)
(6.5852686251732955-0.38183459021489863j)
(6.573368696119254-0.46242835240345664j)
(6.56044918876167-0.5246774510516607j)
(6.5542452426477755-0.5701280601616374j)
(6.561545006377962-0.6031776212793423j)
(6.587123329312884-0.6305155018826709j)
(6.633038635651879-0.6601589339252588j)
(6.698427154721496-0.700334381422662j)
(6.77975920237101-0.7584658263712234j)
(6.8713978392269395-0.8404397359880833j)
(6.9662677723208-0.9501858986222459j)
(7.056490061464187-1.089510630023176j)
(7.13392149014679-1.2580764273987353j)
(7.190613593689948-1.453436084299011j)
(7.219251539578122-1.6710776677113532j)
(7.213640952615886-1.904496868615956j)
(7.169283139661188-2.1453676349636748j)
(7.084020324521274-2.3839152300837814j)
(6.9586523884941345-2.609590200822035j)
(6.797348736284399-2.812080760674038j)
(6.60764307049249-2.9825839266496854j)
(6.399847511430289-3.1151143969460273j)
(6.185869445299052-3.207531255228689j)
(5.977615877423438-3.26197687675058j)
(5.785331530157535-3.2845718249875477j)
(5.616248877470855-3.2844354952923918j)
(5.473811500467369-3.2722945313763296j)
(5.357533513178613-3.259011410914074j)
(5.263380511270657-3.2543031906589257j)
(5.184472327204096-3.2657844945953243j)
(5.1119223642384535-3.2983375329133446j)
(5.035703867474555-3.353736590885793j)
(4.945520440696239-3.430447261777859j)
(4.8317182948487005-3.5235672155769153j)
(4.686288832384728-3.6249495654946546j)
(4.503962428311741-3.7236205679355945j)
(4.283291905042471-3.8066328685367563j)
(4.027495870224603-3.860443900251277j)
(3.7447403196605937-3.8727544997077437j)
(3.447565014411338-3.834515968086693j)
(3.1513618974429507-3.741617650830246j)
(2.872141512544241-3.5957395133561487j)
(2.624123502529883-3.404068555518129j)
(2.4177791997709788-3.1779578001802706j)
(2.2587738902535204-2.930954489267111j)
(2.1479111670112108-2.6767622523195977j)
(2.0818644759384846-2.427596906636392j)
(2.054327233230585-2.1931546056071776j)
(2.057234428227843-1.9801785294372227j)
(2.0818304427802117-1.7924730944477292j)
(2.1194936395187174-1.6311815021042426j)
(2.1623267540424917-1.4951772076092766j)
(2.203570429531862-1.3814805827446186j)
(2.237904103994727-1.2856699343261462j)
(2.2616787501077833-1.2022968566283152j)
(2.2730933583295796-1.1253346100478812j)
(2.2722929031951073-1.0486842535288308j)
(2.2613403915547794-0.966738778436596j)
(2.2440099055448073-0.8749668871325665j)
(2.2253689316912584-0.7704381543520864j)
(2.211165760859508-0.6521882242305421j)
(2.2070973962898925-0.5213328600118243j)
(2.2180808044396145-0.38088739254542275j)
(2.247661923530963-0.23531924658509545j)
(2.297663946033214-0.08992773184840792j)
(2.3681117964532357+0.049820124795298196j)
(2.457400995737928+0.17887753825948832j)
(2.5626325332416693+0.29305138903028405j)
(2.680022077199107+0.3892553476220069j)
(2.8053061735810054+0.46559989854279293j)
(2.934096175282357+0.5213602305782872j)
(3.0621594770499367+0.5568680363380188j)
(3.1856292277854523+0.5733656350175024j)
(3.3011554433988923+0.5728475960954582j)
(3.4060134338314736+0.5579017648011204j)
(3.498182399888282+0.5315515160491865j)
(3.576400857813302+0.49709549220899524j)
(3.6401987077151396+0.4579400588642919j)
(3.6899002517980395+0.4174225268582729j)
(3.7265897459728117+0.3786285705795998j)
(3.7520319551410104+0.3442135002565563j)
(3.768544643769312+0.3162421566507228j)
(3.7788269342008673+0.29606441787484233j)
(3.7857551200840867+0.28424162478117415j)
(3.792163629807867+0.2805338219350183j)
(3.800631647349192+0.28394997367728353j)
(3.8132947848032988+0.29285537614616947j)
(3.831696859132104+0.30512437638017853j)
(3.85669091537521+0.3183233893629453j)
(3.888393026408416+0.3299090114199139j)
(3.926188384354012+0.3374276802492609j)
(3.9687870617118826+0.33870533272685055j)
(4.014325846837386+0.3320166738080723j)
(4.060511478906483+0.3162236497552339j)
(4.104798265071838+0.29087217999767256j)
(4.144589062372305+0.25623653659493195j)
(4.177443684647069+0.213303436053665j)
(4.20127468951171+0.1636936629660965j)
(4.214509291757308+0.10952729020654962j)
(4.2161992801509935+0.05324734200248651j)
(4.206068245641166-0.0025766024532710603j)
(4.184495409091163-0.05544108622162159j)
(4.152445036008351-0.10307678945268639j)
(4.111357166069758-0.1435777925574149j)
(4.0630177418193405-0.17548651766108503j)
(4.00942438811785-0.19783644641976117j)
(3.952659485309398-0.21015977708706024j)
(3.8947766662277306-0.21246904166603015j)
(3.8377020927319765-0.20522076486729324j)
(3.783148866412292-0.18926652131243452j)
(3.7325420676745025-0.1657934198140131j)
(3.68695302818465-0.13625318072784837j)
(3.6470439906755416-0.10227739379530654j)
(3.613027526322159-0.06557678250944701j)
(3.584648023457886-0.027824571288303623j)
(3.56119418934754+0.009471826483151617j)
(3.541550810653968+0.04510129354046245j)
(3.524294290807787+0.07826696577221157j)
(3.507829697941308+0.10867358449152428j)
(3.4905582224904075+0.1365664027547914j)
(3.4710551584955414+0.16270882789192756j)
(3.4482325556825533+0.18829566803014686j)
(3.421460148014241+0.21481138955284274j)
(3.3906244036620476+0.24385480746563834j)
(3.3561175761621875+0.2769591376002756j)
(3.3187630067271763+0.3154365983157914j)
(3.2796951630335363+0.36026974273032464j)
(3.240219558627996+0.41206002650512125j)
(3.201677607244558+0.47103163098825623j)
(3.165335802614476+0.537078772249574j)
(3.1323100417422984+0.6098395928909222j)
(3.103527303146958+0.6887793313715044j)
(3.0797202917274094+0.7732684805528183j)
(3.061446869375578+0.8626462620648239j)
(3.0491248560070408+0.956264383696357j)
(3.0430732874077515+1.0535097715084585j)
(3.0435525246753126+1.1538074922090058j)
(3.0507969909224313+1.2566066065863277j)
(3.065035361270213+1.3613526936711426j)
(3.086493716295074+1.467451814089824j)
(3.115377823544258+1.5742322192136053j)
(3.1518320302584457+1.6809123668674189j)
(3.195875160342078+1.786586431387256j)
(3.2473190827165532+1.8902403397288936j)
(3.3056832097349163+1.9908104948881966j)
(3.370126558906073+2.0872916079525643j)
(3.439424745366481+2.178888152179261j)
(3.512017397621978+2.2651872296572555j)
(3.5861379360914993+2.3463149318120604j)
(3.6600137382404405+2.423032781217945j)
(3.7320995289321557+2.496742416816172j)
(3.801293341550982+2.5693933463809833j)
(3.8670908274925884+2.6433186820943746j)
(3.929657244718435+2.7210428586956006j)
(3.989825086795226+2.8051056179416514j)
(4.049046130317542+2.897930952047637j)
(4.109333535601125+3.001747961243608j)
(4.173224463191518+3.1185519627268j)
(4.243782511708593+3.2500829098224435j)
(4.324647559603327+3.397793430359086j)
(4.420130655767414+3.562777328674852j)
(4.5353426824553+3.745628126177983j)
(4.67633469158987+3.946194727355765j)
(4.850210982831792+4.163198698643808j)
(5.065148750629026+4.393679584228603j)
(5.330217604697861+4.632251059197579j)
(5.65484166515799+4.870198525399677j)
(6.04770491378478+5.094550951022046j)
(6.514915041341351+5.287433746016103j)
(7.057397460982382+5.426233877764403j)
(7.667882863960464+5.485266121963727j)
(8.328468359067596+5.439470424782337j)
(9.010278184636064+5.26991857165286j)
(9.67660046010107+4.969619633965423j)
(10.289525370423368+4.547057047059711j)
(10.818014564445235+4.025245378449957j)
(11.24406894181754+3.4361928578254246j)
(11.564522884524626+2.81311666150242j)
(11.788393956551383+2.1836408088962003j)
(11.931725177355855+1.5660575242864587j)
(12.012243360419598+0.9688372331819644j)
(12.045286182852477+0.3923457817992273j)
(12.041371184394194-0.1684588722261298j)
(12.005150428266118-0.7211653110614578j)
(11.935375374695022-1.273220409878616j)
(11.825662362437681-1.8294906547056529j)
(11.66605628324755-2.3901545256219436j)
(11.445454662266137-2.9492047104405206j)
(11.154762014619001-3.4940657308947483j)
(10.79020909798407-4.006848947733661j)
(10.355827335974139-4.467363561299754j)
(9.864022812305425-4.8572324805923515j)
(9.333809265676791-5.16377433035257j)
(8.787284941060614-5.38227522972237j)
(8.245694858348772-5.516016750071245j)
(7.726402793391303-5.574445034735164j)
(7.241432065200152-5.5704906060395984j)
(6.797468956088341-5.518029862455758j)
(6.39678849920807-5.430057173709014j)
(6.038521304585435-5.317683246345347j)
(5.719858528679927-5.189800356265144j)
(5.437004599589851-5.053171205026094j)
(5.185839552156761-4.912728486531596j)
(4.962330577046666-4.7719408186362156j)
(4.7627569028060694-4.633164639616349j)
(4.583808745950078-4.49794653674348j)
(4.422607409763551-4.367266644424135j)
(4.276678956081498-4.241726426818454j)
(4.143901946491279-4.121688575225731j)
(4.022441467594452-4.007376717420367j)
(3.9106768336074187-3.898940612340761j)
(3.8071285067251788-3.79649010192321j)
(3.710390264579177-3.700099559228821j)
(3.6190745114167866-3.6097849966183784j)
(3.531780282369318-3.5254590824790877j)
(3.4470927491068513-3.4468747091650145j)
(3.363617977291372-3.373573358836694j)
(3.2800472628115855-3.304856676334789j)
(3.19523471034515-3.2397950391476122j)
(3.108265329791808-3.1772753627531496j)
(3.018493316077407-3.1160763641138254j)
(2.9255411287875073-3.054949929953244j)
(2.829264138835489-2.9926867427253785j)
(2.7296961423544213-2.9281521499828167j)
(2.6269942036776976-2.8602894234213903j)
(2.521397929981938-2.7880967284741716j)
(2.41321195987061-2.710588733426823j)
(2.302814571589237-2.6267542990114623j)
(2.190691542813557-2.5355201143400397j)
(2.0774926643572353-2.435728442674974j)
(1.9641076237916246-2.3261364561703655j)
(1.8517570832049235-2.2054452515579173j)
(1.74209251872802-2.0723681549513806j)
(1.6372938067540321-1.925749374294985j)
(1.5401460130589808-1.7647438103894093j)
(1.4540665094658165-1.5890644473492652j)
(1.3830421583307089-1.3992920653953327j)
(1.3314283738104091-1.1972201090005143j)
(1.303565430258654-0.9861749302946898j)
(1.3031929616772988-0.7712140009226439j)
(1.3326994475960634-0.5590776255036418j)
(1.3923258562603662-0.35777896733895104j)
(1.4795227546032539-0.17578760912233257j)
(1.5886873221326914-0.020888369756531338j)
(1.711445451103+0.10106743544610995j)
(1.8374981376169914+0.1872189843573494j)
(1.9558691269058406+0.2382901792973225j)
(2.0562648219508497+0.2585944764321634j)
(2.1302554134399476+0.2555094933982715j)
(2.172094176776331+0.23861168205397876j)
(2.179136654737609+0.2186889457763216j)
(2.1519282243532105+0.2067903427423112j)
(2.094063378433592+0.2133819728134731j)
(2.0118940784044397+0.24760869387972356j)
(1.914112624641284+0.3166379242068496j)
(1.8111922891670276+0.4250824314684594j)
(1.714659895063092+0.5745436052118263j)
(1.6362051458900668+0.7633577037187417j)
(1.5866917662178168+0.986639286807591j)
(1.5752014753942742+1.236681121234844j)
(1.6082766858017+1.5036887650769968j)
(1.6895014268166044+1.7767351956271125j)
(1.8194830608880819+2.0447621551577373j)
(1.996203749768971+2.2974480041850374j)
(2.215630044658394+2.5258044246504223j)
(2.4724267723452558+2.72243898040759j)
(2.7606252948832517+2.88149639715679j)
(3.0741313516828552+2.998343171491128j)
(3.4069996187214935+3.069080315600789j)
(3.7534299500980657+3.0899663492057425j)
(4.107442173182555+3.0568253209679006j)
(4.462159791859599+2.9645270055748916j)
(4.808586748142688+2.8066918741759905j)
(5.13373022983116+2.5759421832254126j)
(5.418012953783227+2.265356941254483j)
(5.632403239227502+1.8723001164052762j)
(5.737087789277422+1.4061335983031416j)
(5.686188199755337+0.9001064788596693j)
(5.445129976203403+0.42216518032732314j)
(5.021362849316055+0.06954215821884788j)
(4.488277735099455-0.06817144297203653j)
(3.9676106852669872+0.038065128870267424j)
(3.570255649543486+0.33792042950975076j)
(3.3481601157115928+0.7378373432261548j)
(3.294275751909947+1.151910251669177j)
(3.371598293208706+1.5266596450019825j)
(3.5391795953025125+1.8390689788922032j)
(3.7642495721061264+2.0850487585579j)
(4.024513431834501+2.269328894524794j)
(4.306471411674773+2.3993489995895887j)
(4.603018125670325+2.4822221811534444j)
(4.911487955684682+2.5234046589497616j)
(5.232355469285842+2.5261101098320946j)
(5.568493979138175+2.4908991238886142j)
(5.924842264368508+2.4150779641709095j)
(6.308330400183936+2.2915665137408814j)
(6.727860262344307+2.1067430038640156j)
(7.1938703363427186+1.8363711215158698j)
(7.716105274185561+1.4378960491234263j)
(8.295268970583457+0.83604835193569j)
(8.894868014239481-0.10168504602202456j)
(9.352534249121794-1.5890834653323338j)
(9.150270769003464-3.8304074632288154j)
(7.227268470816642-6.356441445724285j)
(3.4391964443347733-7.060119612039863j)
(0.4725956695113493-5.016462079105135j)
(-0.3331106015300819-2.442479319808253j)
(-0.009126677862339094-0.6177945912778869j)
(0.6163518655729533+0.5082397568698794j)
(1.249760599865432+1.193511469140025j)
(1.8168098689200007+1.621049177362911j)
(2.3120980932304587+1.8943463206378275j)
(2.747139613288223+2.0713243010983318j)
(3.1359112398855533+2.184891489517346j)
(3.491155799093338+2.25402020247443j)
(3.8238735095767904+2.2894993699390995j)
(4.143682607536374+2.2968758246800527j)
(4.459360133557416+2.277843045663356j)
(4.779363742149643+2.23064490111182j)
(5.11225501063667+2.1496654063117417j)
(5.46689656997968+2.024080623896225j)
(5.852051983295541+1.8351283940581564j)
(6.2743169635942495+1.5511320330372336j)
(6.7313773555325+1.1190635244614904j)
(7.19249500417583+0.4526910494462982j)
(7.547189213746515-0.5718059198087608j)
(7.4993631337722775-2.0528794783582263j)
(6.510812012873555-3.7690564736910726j)
(4.342387757202072-4.76979993191538j)
(2.00666168929245-4.20365978384435j)
(0.6706269231968209-2.692586972825426j)
(0.2974794781251562-1.2151875224988191j)
(0.40461059847292313-0.09677835300572714j)
(0.6904199374079935+0.6956265581003069j)
(1.0121119293403462+1.2598207075890386j)
(1.3235487086440836+1.6766195310798002j)
(1.6110369166750724+1.9984788920784953j)
(1.8737183945547442+2.2593129724853154j)
(2.11536996643323+2.4813522512055672j)
(2.3413438183673803+2.6797388570024814j)
(2.5575986905904853+2.8653861251989357j)
(2.770624187461416+3.046768121171972j)
(2.9878450235798866+3.231093591019352j)
(3.218450739615735+3.42513705466388j)
(3.4748431498391246+3.635868890532244j)
(3.775219585502111+3.8708862088438725j)
(4.148459968371864+4.138337598846521j)
(4.643989381697255+4.445018448587181j)
(5.352889549072969+4.7874257054097855j)
(6.454015811514615+5.11409095635536j)
(8.29568123279282+5.162773424015488j)
(11.249934156778012+3.803397162773737j)
(13.030217764380904-1.4741895572921584j)
(8.384880069807046-5.941846173523836j)
(4.1079935102416885-4.878406380530498j)
(2.494352379202043-3.0132968771993345j)
(1.9528610148030157-1.6513456767187153j)
(1.7734593251724864-0.7053938265953793j)
(1.7212369108737624-0.01879598160336835j)
(1.7131587555943566+0.5081994377464432j)
(1.7167576747889384+0.9350446509784998j)
(1.718075758341251+1.2981755301244717j)
(1.7102441894068365+1.6211327766041452j)
(1.6890502105305374+1.9201931130344378j)
(1.6509938007992988+2.207541784983031j)
(1.5922262221585375+2.49317598389963j)
(1.5077253838607183+2.7861684335335775j)
(1.3903532873681346+3.095630300837925j)
(1.2294604696605238+3.4315670902071758j)
(1.0085252800246798+3.8057242402237543j)
(0.7008377571824408+4.232362884066335j)
(0.261104767624436+4.728411007243653j)
(-0.39184863296794165+5.310573552656868j)
(-1.4124108009998833+5.979500730292717j)
(-3.107630480894191+6.649046252615899j)
(-6.051040016502514+6.840919061732636j)
(-10.603967242134487+4.619930688641346j)
(-12.685995181975686-2.948516649658132j)
(-6.917620613141692-8.656349750901784j)
(-1.4998664605997258-8.05615897999805j)
(1.0121469760026873-6.082997969157153j)
(2.0862671535518955-4.423059348614412j)
(2.55668343827306-3.1731438283357782j)
(2.756185259479231-2.2177709665899634j)
(2.8202275149225686-1.4578334503633867j)
(2.8073749528439595-0.8263282175946944j)
(2.743601036857571-0.2787501088494064j)
(2.639403767508727+0.215477061497299j)
(2.4966796603343813+0.6785011102886207j)
(2.3112827032997814+1.1273668974353872j)
(2.073379160993246+1.575939719531888j)
(1.7662232956325368+2.0357598642184405j)
(1.3632344245540198+2.5156457146161757j)
(0.8227174500310105+3.018999663534097j)
(0.07922945550294866+3.535837102557447j)
(-0.9683943539996956+4.021862144200247j)
(-2.464069795407507+4.346508962533266j)
(-4.549589922559353+4.179679511135664j)
(-7.102908390215736+2.8496860619302797j)
(-9.08681561407679-0.3450764957014918j)
(-8.694984893939187-4.5880243766445705j)
(-5.988068415308119-7.465874293854958j)
(-2.9777840614253415-8.230111471446339j)
(-0.7498258802974189-7.822502017806895j)
(0.6930051215998599-7.046005201656747j)
(1.6014693981361834-6.242671513252112j)
(2.17737312823922-5.516943615157675j)
(2.54715635841053-4.886236604657432j)
(2.7858039864363637-4.341178967063923j)
(2.937740730776353-3.8663164491899145j)
(3.029628140932975-3.446518865771318j)
(3.077608414196032-3.068528859340586j)
(3.0913396638618877-2.7209334848135898j)
(3.0762267734273223-2.393660243653796j)
(3.034601794832458-2.0773365312371586j)
(2.9662268237771174-1.762573815872384j)
(2.8682562720891553-1.4391162493779157j)
(2.7346022029330697-1.0947012895843842j)
(2.5543898323310286-0.7133461617558718j)
(2.3086744994800474-0.27251299155093844j)
(1.9632698893509004+0.26196745710191616j)
(1.4516282402994383+0.9459009290388469j)
(0.6309273155651699+1.8785588643752018j)
(-0.8530233977162227+3.2368878831465895j)
(-4.132014462274357+5.2600769716367415j)
(-13.864874085660318+6.378002477524716j)
(-23.15593309874292-18.72730293435629j)
(0.4625870150046143-20.10776135834204j)
(4.404993126244037-13.212189916479113j)
(4.9004513719955005-9.939252241149678j)
(4.853611755416806-8.161225340032399j)
(4.698074044703421-7.0622368737103525j)
(4.522685376499588-6.3197503081831j)
(4.3476528726921275-5.78559628887437j)
(4.176271804272468-5.382957953748066j)
(4.007252541677876-5.068107917284266j)
(3.8380821935688165-4.8142169162218575j)
(3.66596889054854-4.60373340808742j)
(3.488063050852189-4.424464959690663j)
(3.3014508618310785-4.26740419167965j)
(3.1030651462014642-4.125436901464978j)
(2.8895446984952566-3.9925101350848227j)
(2.6570398968450037-3.863026794493717j)
(2.4009501096872365-3.7313228328047896j)
(2.115560128792329-3.5911198324053673j)
(1.7935119553131442-3.434839110311285j)
(1.4249978756032837-3.252608408506841j)
(0.9964693432024668-3.030657428721604j)
(0.4884747555838653-2.7484893367479226j)
(-0.12814765761400257-2.37346779723289j)
(-0.8994117881218877-1.849519195902536j)
(-1.9024117771773748-1.071445418318491j)
(-3.2726743975062913+0.18277376282796182j)
(-5.256701329639366+2.471845712078799j)
(-8.198973241968622+7.590642460194142j)
(-9.42006143349619+23.414255287207233j)
(36.35024523054821+31.917524815846324j)
(27.802012469667098-5.369683738136009j)
(16.660493643987422-8.661040483360981j)
(11.725663942380983-8.55462167236074j)
(8.978042952306703-8.13024352587667j)
(7.175534782505495-7.718983051020683j)
(5.853295887735611-7.351905425494833j)
(4.803572970454493-7.017293226849511j)
(3.9213039574944792-6.699177612008818j)
(3.148786856804729-6.383598789179541j)
(2.4527141163091613-6.0591864275321194j)
(1.813444647268197-5.71675651584016j)
(1.2195561031059214-5.348757651348126j)
(0.6650191065299929-4.948838531673589j)
(0.14764887075020736-4.511696291544206j)
(-0.33190356712741337-4.033078618442253j)
(-0.7708613366518147-3.5097846175567082j)
(-1.1648067878743278-2.939650483426877j)
(-1.5080130527778073-2.3215401036079473j)
(-1.7936763215311158-1.6553412394754563j)
(-2.014070920506898-0.9419652484248936j)
(-2.160611581515285-0.18335414495641714j)
(-2.2237863164041984+0.6175283528373415j)
(-2.1929849176330687+1.4567352567335843j)
(-2.0562135517522764+2.3292842467470622j)
(-1.799549492694993+3.2289229572725637j)
(-1.4062490290158058+4.1476477940870735j)
(-0.8554412584288739+5.0747462801315955j)
(-0.12029671564808142+5.994921787543112j)
(0.8343939198099032+6.8847023810360515j)
(2.05500777041937+7.705635881660685j)
(3.6010098244794935+8.391500012889557j)
(5.541636284468972+8.82482172114786j)
(7.934162171155491+8.796890969431995j)
(10.749673348096666+7.954531886705468j)
(13.683575942507797+5.791515155019034j)
(15.851339284957717+1.9019578935464587j)
(15.832243897017243-3.234563929691883j)
(12.94037772103539-7.727140311940008j)
(8.480607225754-9.793466038896103j)
(4.3953301153828-9.50207958391864j)
(1.5414260840449094-7.972681069839515j)
(-0.1550244268207982-6.102609387789572j)
(-1.0292084529633512-4.325980992953597j)
(-1.3893779065897003-2.7900403184298623j)
(-1.4418437359501273-1.500427686351999j)
(-1.3056628479027885-0.428680522916224j)
(-1.0583097811058462+0.45747666618801625j)
(-0.7479870468021022+1.1865570839732238j)
(-0.40242212766249563+1.7875670659223641j)
(-0.041099634055996016+2.2853069519951608j)
(0.3236463220920243+2.699334140524597j)
(0.6843241903924303+3.0456583948800313j)
(1.0365386590090553+3.3375746804554427j)
(1.3779563820712153+3.58625591341275j)
(1.7076696996192897+3.8012365796179433j)
(2.0257942987309634+3.9908187116783216j)
(2.333214817418016+4.162426545524439j)
(2.6314305543995986+4.3229374767842685j)
(2.9224743255460925+4.479020134923038j)
(3.2088898409258064+4.637518216040018j)
(3.4937603238608355+4.8059353819888j)
(3.780784146948236+4.993109613718906j)
