(28.07981839289088+0j)
(26.073241028915824-6.484496789838583j)
(21.506182301684714-10.412817391448973j)
(16.615403788074467-11.519482722318411j)
(12.601726165163354-10.721188051731737j)
(9.739394756713944-8.914170341726477j)
(7.933458586712197-6.640466513747578j)
(7.044667018602914-4.16964629931813j)
(7.00784861802764-1.6330481587516683j)
(7.870203032971391+0.8675936703244286j)
(9.804844460912111+3.1458058874225867j)
(13.070799571706042+4.746246489284495j)
(17.732269108033847+4.6646553624693645j)
(22.75844629314226+1.3757205280760736j)
(25.137183263600757-5.430154421968742j)
(22.501634650495287-12.440731208938242j)
(16.887313801410837-16.019526576221345j)
(11.523559567681955-16.23013223613209j)
(7.59912797069091-14.70500874682606j)
(5.014775371203919-12.566355909743026j)
(3.416923039770944-10.30932522748287j)
(2.5281353739846-8.108135349237974j)
(2.1849776743680804-6.00938773977585j)
(2.317591830072432-4.022105122098936j)
(2.9312925971154824-2.1654925176509385j)
(4.094230950915109-0.5139914123136801j)
(5.908573668078158+0.7323109416432567j)
(8.395639749193412+1.1464834337821983j)
(11.169387464995381+0.07050515799442077j)
(13.028169825783547-2.8412153201612833j)
(12.57131541798156-6.528571218171688j)
(10.010129095170218-9.027525783310898j)
(6.916531160806772-9.610529002761089j)
(4.3651085240478125-8.858351882098189j)
(2.583713236446327-7.480971610659234j)
(1.4542748267157-5.887151837568593j)
(0.819413783180151-4.253949541837738j)
(0.5680775659446735-2.6439453815269j)
(0.6434677746745798-1.0743990045274694j)
(1.036327558514124+0.4467699934729872j)
(1.780595782740154+1.8935376569240818j)
(2.944198982593869+3.190152457832518j)
(4.602014818210634+4.159392040616054j)
(6.734834585982236+4.464481778200168j)
(9.000957609888664+3.6592285097780755j)
(10.552498628896782+1.6002809797850004j)
(10.531611211114923-0.965244982598469j)
(9.06557540450409-2.8099698593147764j)
(7.089447306530304-3.3949011972168197j)
(5.3447910291345115-2.9703301545644205j)
(4.090179929972147-1.9623311428585182j)
(3.3283180777258377-0.6650976371748477j)
(3.0012490982624467+0.7680248225230368j)
(3.069229465806873+2.264533929699346j)
(3.5332812763432866+3.7821808426607197j)
(4.439582373340486+5.2689070050893685j)
(5.872951496557576+6.618360153019347j)
(7.920586216637245+7.609167964102786j)
(10.555772864316587+7.847311422375519j)
(13.400422342694192+6.835190881235039j)
(15.560471922825487+4.392124343230686j)
(16.099338372568877+1.2142870028772286j)
(14.978541619016074-1.4452073180478084j)
(13.042287970139503-2.855271481964572j)
(11.132642261653453-3.0898692711833107j)
(9.667670596899555-2.53908769277377j)
(8.76343950284605-1.549123995228188j)
(8.425262976380742-0.3519258137811581j)
(8.647716096761693+0.8896404108278679j)
(9.441454091289275+2.0179457795325053j)
(10.808522560120615+2.82213533185627j)
(12.660631209338082+3.0069807969206073j)
(14.688291104139026+2.256347679181379j)
(16.304646763572844+0.46964025945498256j)
(16.89874443909506-1.9679705013062094j)
(16.305544350942345-4.308923248180274j)
(14.90663475602813-5.964571976416122j)
(13.247285165600326-6.791641830527116j)
(11.708015210669693-6.945597000158505j)
(10.460794044028276-6.651257449024671j)
(9.552295275279045-6.093698292632051j)
(8.979486990843132-5.403430247905129j)
(8.72892488797508-4.675841634300217j)
(8.788451715364513-3.9962572907035008j)
(9.138948070461083-3.4612380260000815j)
(9.727632551059116-3.187473325297683j)
(10.429963861849389-3.2900825226517667j)
(11.035003079456184-3.8140872681318987j)
(11.311565195751124-4.654201022922326j)
(11.143958591761425-5.566461748657125j)
(10.601928088356232-6.304584036521405j)
(9.864860803143165-6.74513774118824j)
(9.102565623675746-6.892678387533309j)
(8.420350615820908-6.8149604156330295j)
(7.865042462452954-6.588644557925901j)
(7.449189204637417-6.276866980619164j)
(7.170309514071472-5.926955983189551j)
(7.021128135057149-5.575633940930073j)
(6.992839675503283-5.255534177438511j)
(7.0732310367702365-5.000657726214401j)
(7.2403032037498525-4.848820921187839j)
(7.4526033096247035-4.837545011100202j)
(7.642026576271746-4.98810659474883j)
(7.723136654061348-5.28098440807945j)
(7.6279740151437805-5.641155721906831j)
(7.34849884626885-5.9616811956657605j)
(6.943117372578961-6.157506529000903j)
(6.497943008769237-6.200803223796915j)
(6.083418061244163-6.112864065684282j)
(5.737935471986999-5.935635686740626j)
(5.473521229021162-5.710285407156485j)
(5.28718675591509-5.469068403518715j)
(5.169320685427011-5.23519874738462j)
(5.107865071539515-5.025324923948235j)
(5.089516861317252-4.851891887916184j)
(5.099283888005476-4.724374245388799j)
(5.1194383831700785-4.648975858073033j)
(5.128966670106481-4.626628104016873j)
(5.104965069660922-4.649695194659393j)
(5.027354637306668-4.699161940830535j)
(4.886522043278232-4.7456218073281375j)
(4.689916322576694-4.756679498063362j)
(4.461729766620539-4.7085740602702755j)
(4.233984807073469-4.594720756296698j)
(4.034691054353247-4.42551453762202j)
(3.88048035994135-4.2211118275152435j)
(3.775949652334503-4.003228731336744j)
(3.7169789350595472-3.790026537436297j)
(3.6946246003429355-3.5944098502048503j)
(3.697916237688419-3.424274216483698j)
(3.7154073199887057-3.283328361622993j)
(3.7359386272678443-3.1717758321214142j)
(3.7491198409266375-3.086659070494171j)
(3.7459092318289153-3.021960870928292j)
(3.719504708360746-2.968733083878159j)
(3.6665368689715625-2.9156173066605424j)
(3.5882780232739675-2.850087567281573j)
(3.4913260931832135-2.7605152352033695j)
(3.387150756818275-2.6387281488481387j)
(3.2901769455245042-2.482275815142225j)
(3.214712827759382-2.295451527727042j)
(3.1716665267452204-2.088502199138461j)
(3.166178519011578-1.8752266733266527j)
(3.196872380473139-1.6698269906963878j)
(3.2567130798954698-1.4840293060970957j)
(3.3349293989378985-1.3251587747897104j)
(3.4193146299774297-1.1953694600644738j)
(3.498361482129182-1.0918736700918703j)
(3.5629269495834457-1.0078565161812616j)
(3.60733575665423-0.9337646137765054j)
(3.6299486231266482-0.8587425111766828j)
(3.63325671685986-0.7720669304222585j)
(3.6235743175870216-0.6644759049107818j)
(3.6104046083411214-0.5293315015523933j)
(3.6055339205770003-0.3635926604712423j)
(3.6218644778668976-0.16858718392601854j)
(3.6719427971313525+0.049465637384700445j)
(3.7661226176157685+0.2793332102386979j)
(3.9103860328639337+0.5053505398767841j)
(4.104103666939133+0.7091126683265987j)
(4.338430585064161+0.8725671457486425j)
(4.596389316918141+0.982256338171619j)
(4.855541483368122+1.0335566148759918j)
(5.093149638981226+1.0330511929125716j)
(5.292225385821866+0.9974937119040289j)
(5.44599604235726+0.9493920545007113j)
(5.559033727843373+0.9110348577603582j)
(5.6451097888161+0.8993543156428455j)
(5.723288362735762+0.9230681586659208j)
(5.813951140070528+0.9820918696232229j)
(5.9356783990670134+1.0683421046330928j)
(6.103023736003716+1.1670236833473324j)
(6.3247166635011265+1.2579627681302017j)
(6.601783262426684+1.3171311043276126j)
(6.925417791256395+1.3189837854706514j)
(7.2751314655689825+1.2404308427552742j)
(7.6186398299522216+1.0668614248737507j)
(7.915596902267505+0.7992600400255788j)
(8.126517012686175+0.45931053915307823j)
(8.225192036740058+0.08814587771333154j)
(8.209038089343169-0.2634512977414371j)
(8.10110841407049-0.5501084865318968j)
(7.942205945569747-0.7447064966198821j)
(7.777809774446405-0.8431658529803854j)
(7.646526356756246-0.8610542290812658j)
(7.573779229936003-0.8260568678869378j)
(7.5704732935319345-0.7704386274727182j)
(7.63449789971464-0.7254607712889093j)
(7.753159543236744-0.7177805366912374j)
(7.905645480336496-0.7670561820769726j)
(8.065492576068841-0.884043802050971j)
(8.203487460174843-1.0689399560240689j)
(8.291445121531009-1.310295384978635j)
(8.306925537548652-1.5852888415425208j)
(8.238236053124979-1.862255671425132j)
(8.088313564129248-2.1058845451071204j)
(7.8757595600955-2.284422082702729j)
(7.6318990356292735-2.3769781208567693j)
(7.394252603540802-2.3784674865074473j)
(7.19840589455524-2.30046351587637j)
(7.070879069481237-2.1679122675902502j)
(7.024904339488864-2.013209117850912j)
(7.059608487739445-1.8697144559632453j)
(7.161895026975602-1.7663362976107546j)
(7.309837518195053-1.7239084209916102j)
(7.476551018185962-1.7533378257129912j)
(7.633937791459339-1.8551426786507972j)
(7.7560881962748525-2.020002341672158j)
(7.822306231260387-2.230120212091088j)
(7.819707067809356-2.461383050867951j)
(7.745178770039917-2.6863628664831753j)
(7.606318307776757-2.8781114325965587j)
(7.42083149597415-3.014411700815732j)
(7.214052451183663-3.0817178023372183j)
(7.014765584661233-3.077784778771551j)
(6.8501207975582785-3.012168421387659j)
(6.740847885416698-2.904336685615248j)
(6.697943071622257-2.779888879002768j)
(6.721478443992431-2.6659394800946394j)
(6.801462854837498-2.5868059087067765j)
(6.9201418703929996-2.5607791685397774j)
(7.054968364976001-2.5982283680120513j)
(7.1816520000725985-2.7008832254611463j)
(7.277005820795339-2.8619913075446037j)
(7.321555119348736-3.067133529851961j)
(7.3019415567087576-3.2956841607843783j)
(7.2130154920902045-3.5230692728867563j)
(7.059229547459629-3.723952296017722j)
(6.854721389343297-3.876165713611901j)
(6.621546228805979-3.96471025772048j)
(6.3860078567680345-3.98473775966086j)
(6.173806598393889-3.942465945029894j)
(6.0053414944893815-3.8536057597818063j)
(5.892509467205642-3.739831521887548j)
(5.837684082947245-3.624509306393415j)
(5.834664165219209-3.528931473002311j)
(5.870788366399861-3.4697848646107348j)
(5.929336713246711-3.4579203552457676j)
(5.991645330785564-3.498047995321077j)
(6.038774522822857-3.58886417550846j)
(6.05289706154458-3.7232498368039018j)
(6.0187367939846546-3.888445398746924j)
(5.925364989883696-4.066424689330424j)
(5.768419398342121-4.234975478437012j)
(5.5523287184134835-4.370090886858155j)
(5.291536490852622-4.4499428413017466j)
(5.009444921211695-4.4598222383373205j)
(4.734387159663006-4.396350346693293j)
(4.493436779135144-4.268901606201889j)
(4.306332359545808-4.09723630120309j)
(4.181924491117461-3.9063047623201967j)
(4.118108757731434-3.720529153568305j)
(4.104397906358654-3.5596314323671616j)
(4.125429237454121-3.4367653416066917j)
(4.164015222326161-3.3584958692369486j)
(4.203160801083376-3.325690033571258j)
(4.227139847185131-3.3345154784553164j)
(4.2220476103214315-3.3771010109669963j)
(4.176324565016867-3.4417609151184747j)
(4.081696358369354-3.5129867659290483j)
(3.9348063869472725-3.5716994549529715j)
(3.7394473715337253-3.596501396446615j)
(3.508648621536514-3.566673891251731j)
(3.2651239675337496-3.4670579602879887j)
(3.038413992156434-3.293562394725113j)
(2.85833256036886-3.0565696061636833j)
(2.746858229009466-2.7795927866133723j)
(2.712348013141913-2.493030154182673j)
(2.748821111708176-2.2260007860702693j)
(2.8398363251352015-2.000111376539286j)
(2.964149508013961-1.8270563691309736j)
(3.100485886509785-1.7094273351864588j)
(3.2303383155872365-1.6429929794086078j)
(3.3390328659957085-1.6190094689353047j)
(3.415820389779289-1.6258747928154114j)
(3.4537267012315778-1.6500502941107262j)
(3.4496597562553917-1.676528822219171j)
(3.4049933293389487-1.689304140007227j)
(3.326543995750769-1.6723666575100724j)
(3.227482236045758-1.6116959746390054j)
(3.1272954275668843-1.4983883745648547j)
(3.0497237828697887-1.3322950485671292j)
(3.0181250931326047-1.124549931460465j)
(3.0492252035366576-0.8969593175337028j)
(3.1478664702304524-0.6773637786529938j)
(3.30551652909936-0.49248397188633636j)
(3.5032811940037445-0.361473731720134j)
(3.7175749551865245-0.2927838523468474j)
(3.925638669038666-0.28468579818431466j)
(4.10909892019277-0.3279947317198499j)
(4.255349669938881-0.4092291231653227j)
(4.357482696174939-0.5131467798575381j)
(4.4136267683911345-0.6244072256081798j)
(4.426264777588558-0.7285904795314514j)
(4.401737244825487-0.8129451582758508j)
(4.34986505882103-0.8671796058289584j)
(4.2834556675700926-0.8844557620447837j)
(4.217386794218674-0.8625384529816081j)
(4.167013167146652-0.8048133588273665j)
(4.145859254724782-0.7206792830033283j)
(4.162939245999292-0.6247772318349746j)
(4.220446800764881-0.5347787389987894j)
(4.312716385346751-0.4680156542866146j)
(4.427054683284433-0.4378387739170864j)
(4.546340190743099-0.4508474266718396j)
(4.652582464103178-0.5058205488919673j)
(4.730344022732021-0.5944860094146023j)
(4.7691667279248735-0.7036213082294285j)
(4.764666464129387-0.8177025397792084j)
(4.71842894071179-0.9214208418641449j)
(4.637073807613372-1.001671492742287j)
(4.53086871869853-1.048890625423055j)
(4.412178741699973-1.057775110433756j)
(4.293927817885048-1.0274775805206815j)
(4.1881744729314105-0.9613658046957934j)
(4.104869434134666-0.8664148714173266j)
(4.050856321819723-0.7522856358904426j)
(4.0291838399208-0.6301431727801666j)
(4.038807197986479-0.511287254793572j)
(4.074756752881956-0.4057037261243448j)
(4.128828313960732-0.32069743102018644j)
(4.190786070393895-0.2598179011801271j)
(4.249962230609181-0.22230595556407742j)
(4.297012045060438-0.2032378712997815j)
(4.325490045000408-0.19441239351819767j)
(4.332906453381766-0.1858434115665389j)
(4.321027085416721-0.1675508621259755j)
(4.29537257670983-0.13125615419973358j)
(4.264083382926739-0.07162897431069142j)
(4.2364612197132105+0.013116475334634474j)
(4.221525363992339+0.12128501810725463j)
(4.22684369043011+0.24827805492866042j)
(4.257767761596983+0.38746782867728896j)
(4.317078785455358+0.5311616385063429j)
(4.404973743276324+0.6715097804443652j)
(4.51929669313471+0.8012833718081931j)
(4.655937402655239+0.9145022593032457j)
(4.8093524454854135+1.0069116768690263j)
(4.973181054672911+1.076296607525018j)
(5.140922470133666+1.1226158379609865j)
(5.306637408730405+1.1479416970753755j)
(5.465632138563594+1.1561863846563813j)
(5.615057030294104+1.1525950723894427j)
(5.75431993235202+1.1430193924147434j)
(5.885213854492379+1.133044254342809j)
(6.0116985377110135+1.127095212112377j)
(6.139344192280413+1.1276777008358414j)
(6.274519434905156+1.134881235159626j)
(6.423457435567637+1.1462258300870185j)
(6.591346549429173+1.1568558443736807j)
(6.781564999394707+1.1600257464693162j)
(6.995131730001207+1.1477919758342539j)
(7.230401932681352+1.1118265837624897j)
(7.483013481739893+1.044286847367746j)
(7.7460912418900705+0.9386887546571057j)
(8.01072545510439+0.7907258779632325j)
(8.266738531271265+0.5989485602727008j)
(8.503726150402567+0.36518202417781054j)
(8.712291366792742+0.09453709948821135j)
(8.8852909103824-0.20510810291663872j)
(9.018827354137263-0.5241751023313113j)
(9.11271124779651-0.8528608195874194j)
(9.17021474662627-1.1827316146183084j)
(9.197117248469992-1.50807624834419j)
(9.200230770540816-1.8267083718738515j)
(9.185710102227624-2.140050812732854j)
(9.157467794307395-2.4524949430939755j)
(9.115956872455053-2.770142752272339j)
(9.05751781243874-3.099091124610322j)
(8.974456177756593-3.443447526909708j)
(8.8560118830442-3.8033382408426553j)
(8.690322844007781-4.173318099757457j)
(8.467267890656252-4.541756661554077j)
(8.181657929404555-4.891783894459583j)
(7.8357884213871065-5.204018674689681j)
(7.440238297309407-5.460558965079827j)
(7.012317053878666-5.6489546628778085j)
(6.572583981058763-5.764700732771135j)
(6.140745816462948-5.811435934000636j)
(5.732370323325042-5.799097642236362j)
(5.357232817583626-5.741042293141442j)
(5.019279327796363-5.651220846553163j)
(4.717662270948274-5.54208277133797j)
(4.448216054459571-5.423379133066976j)
(4.204923610191984-5.301713621572413j)
(3.9811639358824453-5.180591056853562j)
(3.7707014799342162-5.060755164622306j)
(3.5684525696961638-4.940698350292594j)
(3.3710621833184375-4.817304869853387j)
(3.1772798821625106-4.686624540471321j)
(2.9880731371885956-4.5447561256295685j)
(2.806397543782905-4.388755792623981j)
(2.636586979477135-4.217409427726434j)
(2.4834341594478486-4.031672127493557j)
(2.3511585546585034-3.8346310373382284j)
(2.2425282623197473-3.6309876013856135j)
(2.158360323529471-3.426217251818012j)
(2.0974848881878194-3.225659719482645j)
(2.0570997325390254-3.0337753155027554j)
(2.033343040638858-2.8536984747182994j)
(2.0219032092488223-2.687098231933241j)
(2.0185391837645157-2.5342727922075885j)
(2.0194573977644863-2.3943788941230246j)
(2.0215477912277136-2.2657116468697316j)
(2.0225099288965818-2.145982842387557j)
(2.0209048274911647-2.0325769228401596j)
(2.016158228259035-1.922784671928632j)
(2.0085258217992377-1.8140230670065498j)
(1.9990171991658285-1.7040470887875878j)
(1.9892677737954567-1.5911489980292242j)
(1.9813494689140965-1.4743272724043417j)
(1.9775222199483895-1.3533968151172402j)
(1.979946540280596-1.2290102236277358j)
(1.9903958680428793-1.1025707000754101j)
(2.0100173959480414-0.9760392894423557j)
(2.0391850997307364-0.8516650856005274j)
(2.0774688617208548-0.7316861979958812j)
(2.123716473752227-0.6180535821801657j)
(2.1762217952532317-0.5122185147345857j)
(2.232940551161487-0.4150039883627403j)
(2.2917166909493014-0.3265599163370734j)
(2.350492475291253-0.24638872646474613j)
(2.4074877959602095-0.17342371456556385j)
(2.4613432612286106-0.10614506835774033j)
(2.511225106277869-0.04272328574652352j)
(2.5568892029974446+0.01881731561672438j)
(2.5986995855060115+0.08042298924609238j)
(2.6375970774151845+0.1438342552592236j)
(2.6750171292040874+0.21042391682671177j)
(2.71276218938065+0.28106571617648896j)
(2.7528407977405283+0.3560474558396175j)
(2.797290481328264+0.43503623729434976j)
(2.8480023734509343+0.5170954862813154j)
(2.906561868752662+0.6007465715447838j)
(2.974113225000045+0.6840646571552442j)
(3.051249795686769+0.764799915042295j)
(3.1379285198847917+0.8405202752993973j)
(3.233409278078694+0.9087777671950993j)
(3.336226800920366+0.9673035930682986j)
(3.444212836033571+1.0142337978647062j)
(3.554594638718745+1.0483553942122181j)
(3.6641958915522648+1.069342782136383j)
(3.7697511881252836+1.0779321440155911j)
(3.8683129628583828+1.0759688191978711j)
(3.957687648620872+1.0662730414471195j)
(4.036804398458268+1.052309421561884j)
(4.105916819832685+1.037705493961634j)
(4.166576047249929+1.0257185469949142j)
(4.221379454159318+1.0187696073136616j)
(4.273562755373344+1.0181379260790984j)
(4.326535249039628+1.023853175655865j)
(4.383449443004399+1.0347650215898043j)
(4.44686025015701+1.0487349780478292j)
(4.51848768928854+1.062890616012536j)
(4.599068088251951+1.0738992211365657j)
(4.688268707135709+1.0782431159172126j)
(4.784647289009304+1.0725004875762192j)
(4.885655317292411+1.0536468832213053j)
(4.987705094244019+1.0193903150589476j)
(5.086339184447639+0.9685358826859999j)
(5.176547794640777+0.9013449357394676j)
(5.253265234495562+0.8198150447065584j)
(5.312032883540432+0.7277748757886043j)
(5.349745819355212+0.6306851734205575j)
(5.365325535654482+0.5350851351742874j)
(5.360122444339042+0.44772485202607454j)
(5.337888132640847+0.3745465419233328j)
(5.3042742109572485+0.3197593405574089j)
(5.265966740000317+0.2852419540805343j)
(5.229678107213404+0.2704014565351404j)
(5.201238039909325+0.2724684185008632j)
(5.184954654109796+0.28709112700731004j)
(5.183304451502215+0.3090486266507029j)
(5.196913485379269+0.3329296553734881j)
(5.224741273724724+0.35368778762352615j)
(5.2643740229765115+0.3670462617193071j)
(5.312356763446376+0.36976873964070517j)
(5.364526155225797+0.3598307218487616j)
(5.416334575773772+0.3365256388239164j)
(5.463176039428891+0.30052684109235056j)
(5.5007337453940695+0.2539074300984954j)
(5.525366699758867+0.20009816731872024j)
(5.534537537621714+0.14374382892509957j)
(5.5272544713350475+0.09040700302657353j)
(5.504460074518665+0.04607538832195142j)
(5.469259580128058+0.016464587518400676j)
(5.426863196370722+0.006176180441372496j)
(5.3841466613320135+0.0178552520466974j)
(5.34882487428425+0.05155461371933281j)
(5.328364314172663+0.10450795949188778j)
(5.328873358901171+0.17141817187808664j)
(5.354240028708455+0.24520922794206274j)
(5.4057082555803655+0.31804476984375046j)
(5.48193449990686+0.38235500376587817j)
(5.579422695185246+0.4316565128711631j)
(5.6931588949738225+0.4610586496987253j)
(5.817271533121712+0.4674637082808109j)
(5.945601570777842+0.44954131494638644j)
(6.072139035532786+0.4075787281915212j)
(6.1913395298704605+0.3432909189222506j)
(6.2983652907486+0.2596378767572082j)
(6.389302059973543+0.16065739465101558j)
(6.461390901035154+0.05128809281900391j)
(6.513287377489394-0.0628656569596182j)
(6.545322442009019-0.17588260340096265j)
(6.559696284285858-0.28202710674727594j)
(6.560502109691345-0.37639984495874035j)
(6.5534730339703735-0.45566049697024197j)
(6.545392352996609-0.5186721298494886j)
(6.543206314048264-0.5668795767983514j)
(6.55299583476045-0.6042704087081852j)
(6.57903989259222-0.6368803660800776j)
(6.623189430008183-0.6719491090085842j)
(6.684667126374681-0.7169346426422554j)
(6.760269506322423-0.7786068231082323j)
(6.844843130706733-0.8623683170905948j)
(6.931875111291596-0.9718449477389257j)
(7.014073203687748-1.1087004307645802j)
(7.083877850398505-1.27259156506917j)
(7.133912393647819-1.4611883560615873j)
(7.157416814329679-1.6702225578464032j)
(7.148717562252096-1.8935784275740617j)
(7.103761996300211-2.1234849367200304j)
(7.020695090113085-2.3508947529654796j)
(6.900388651747067-2.5661267997764274j)
(6.746770808563654-2.7597938893172542j)
(6.566779188505379-2.9239368897496907j)
(6.369807974295036-3.0531709586351132j)
(6.166644659950749-3.1455722799808874j)
(5.968058859782033-3.2030506347573016j)
(5.7833368748231315-3.231078910280716j)
(5.619081536557932-3.2378372665383193j)
(5.478502236667385-3.2329894604037137j)
(5.361257457714833-3.2263711286064054j)
(5.263763496727966-3.2268239023342j)
(5.179806917534472-3.2413003093553265j)
(5.101303829195405-3.274255204244539j)
(5.019107376609967-3.3272737030784216j)
(4.9238351801668845-3.3988760400754696j)
(4.806737684510758-3.4844758945326793j)
(4.660636203076305-3.576528424619917j)
(4.480917562104848-3.664959496046469j)
(4.266486246474253-3.7379857722461747j)
(4.020471800739824-3.783384484425837j)
(3.7504222471907136-3.7901379735782705j)
(3.4677493770524266-3.750191703420315j)
(3.186365753872269-3.659911120467589j)
(2.9207243671811414-3.520810371819254j)
(2.683713758564647-3.3393074620282803j)
(2.4849340819646297-3.1255720659821016j)
(2.329733827156213-2.8918181079882j)
(2.2191063134511886-2.6505128292932487j)
(2.1502806703727533-2.4128971528582746j)
(2.117704842804267-2.1880192139768657j)
(2.1141240583899497-1.9822882718981811j)
(2.1315519973625072-1.7994338561807908j)
(2.1620443068540522-1.6407179048202953j)
(2.198270179341392-1.5052701696847544j)
(2.2339231706280875-1.3904654202839364j)
(2.26402212301159-1.2923097450152776j)
(2.2851386678283427-1.2058387998825297j)
(2.295561205186649-1.125547635386094j)
(2.2953769472075574-1.0458687430106501j)
(2.2864332203944153-0.9616942953779454j)
(2.272135740189144-0.8689062820492262j)
(2.2570609252957317-0.7648456930865194j)
(2.246399954288592-0.6486342168897774j)
(2.2453020658017047-0.5212721854541837j)
(2.2582234329858353-0.3854775868016075j)
(2.28839684801003-0.2452908721389402j)
(2.337509672679967-0.10552611923651709j)
(2.405623472291346+0.028821275551237976j)
(2.491310709492948+0.1531061776696476j)
(2.5919433203996562+0.26343435974078583j)
(2.7040546831436956+0.35690610612845614j)
(2.82370671311061+0.4317140140868042j)
(2.9468166753483387+0.4871281085053126j)
(3.069422860602742+0.5234074259221961j)
(3.187887406148464+0.541671963053541j)
(3.2990455601521202+0.5437581904453889j)
(3.400314129882094+0.5320700604369257j)
(3.489769850101197+0.5094286021096324j)
(3.5662034397289397+0.4789181325208852j)
(3.6291494115489544+0.4437259977009432j)
(3.678887061875719+0.40697501107843226j)
(3.7164058128467103+0.3715522659175472j)
(3.7433289319533882+0.339943241563062j)
(3.7617935656768644+0.31408439221348916j)
(3.77429108890788+0.2952491868139524j)
(3.7834783724056984+0.2839810086194473j)
(3.791975840841672+0.2800815847761868j)
(3.80217065860031+0.2826568804190642j)
(3.8160424973039384+0.29021544461470233j)
(3.8350256698083642+0.3008087478095667j)
(3.859916328083473+0.3122001009436922j)
(3.8908284714439207+0.322048285285636j)
(3.9271987980116347+0.3280931874216367j)
(3.9678382236744794+0.32833230984076756j)
(4.011026634898868+0.3211780409888909j)
(4.054646121126501+0.3055857374154969j)
(4.0963456330744545+0.2811425380994384j)
(4.133726453599253+0.24810752822892154j)
(4.164533695156256+0.20739656728382802j)
(4.186835707611287+0.16051034280644133j)
(4.1991724968824355+0.1094114563421364j)
(4.200657169477986+0.056363929937725425j)
(4.191020947964699+0.0037542194621981635j)
(4.170600963465549-0.0460852125325221j)
(4.140278462829519-0.09103109226371603j)
(4.101381026147692-0.1292904565506267j)
(4.0555646435238835-0.15948219057917756j)
(4.0046901526296805-0.18068018154237836j)
(3.9507047348899156-0.1924238529831983j)
(3.8955344807030587-0.19470368683903866j)
(3.8409898854769557-0.18792875037205545j)
(3.7886834604811606-0.17288105755061794j)
(3.7399577980386898-0.15065882838806957j)
(3.695823301385014-0.12260831095089791j)
(3.656906915733153-0.09024253833462881j)
(3.623415889277022-0.05514568547386764j)
(3.5951230070635845-0.01886374573782704j)
(3.5713809553030713+0.017214125591070568j)
(3.551172627198381+0.05197469639729366j)
(3.5332007104145378+0.08468690637252553j)
(3.5160138520680384+0.1150793440021611j)
(3.498159015043775+0.1433735339114867j)
(3.4783421561030177+0.17026225270521883j)
(3.45557443107158+0.19683064928628255j)
(3.4292809262662187+0.2244288023773323j)
(3.399354468562637+0.25451461325693436j)
(3.366147467328061+0.28849230295871325j)
(3.330407091805639+0.32757201967621813j)
(3.293169671992815+0.3726701356435118j)
(3.2556361223175276+0.42435985006625987j)
(3.219050372179+0.48287093350288035j)
(3.1845981513955497+0.548128823592983j)
(3.153336206495282+0.6198185407705318j)
(3.1261545370628587+0.6974582055059753j)
(3.1037683231550113+0.7804692856635221j)
(3.0867326364093173+0.8682345791059721j)
(3.075471664993459+0.9601389907936133j)
(3.070314391906092+1.0555915430422083j)
(3.07152967324675+1.1540294630812151j)
(3.079354835184488+1.2549067528791955j)
(3.094012889158041+1.3576707400946624j)
(3.115714219396432+1.4617311934099348j)
(3.144639416154849+1.566428042224501j)
(3.180901397824106+1.6710056948200753j)
(3.224487828766572+1.774604041226329j)
(3.275189649916495+1.8762774287665984j)
(3.3325281088998477+1.9750515908771478j)
(3.3956995485712214+2.0700229911147487j)
(3.463561411118159+2.16049449334229j)
(3.534680436324977+2.2461271881742615j)
(3.6074519598816948+2.3270756072311087j)
(3.6802790936358316+2.4040697742039265j)
(3.7517799340917923+2.4784177122073636j)
(3.8209800985822864+2.551924242842597j)
(3.8874532485270885+2.6267467691612043j)
(3.951391579965534+2.705224716079491j)
(4.013612016118642+2.7897200426309023j)
(4.075521629751204+2.882493765054283j)
(4.139072350409928+2.985625325471673j)
(4.20673136052046+3.100965477780346j)
(4.281484367397779+3.230102928299041j)
(4.366878560377061+3.37432000742956j)
(4.467102594986767+3.5345107760296997j)
(4.587091890510261+3.711033798929929j)
(4.732636534394035+3.903470363673741j)
(4.910452842361457+4.110258475123294j)
(5.128154868508805+4.328178003824041j)
(5.394027628850385+4.55168185174807j)
(5.716464453232208+4.772116176359146j)
(6.102905654940071+4.976966756811278j)
(6.558147290989473+5.149416953882338j)
(7.082045265158801+5.268676955303251j)
(7.666983615559193+5.311637271575866j)
(8.29597026824729+5.256212222896985j)
(8.94260705323275+5.086083233676844j)
(9.573972131650168+4.795526571338793j)
(10.156321494647448+4.392244272923285j)
(10.661878740489799+3.8964787293829444j)
(11.074039743045414+3.3363634083252975j)
(11.389003410925273+2.7413815286597725j)
(11.613706233237487+2.136526242446893j)
(11.761550092419183+1.5389150422273061j)
(11.847808154974174+0.9571313495182041j)
(11.885977589461985+0.3925336867959514j)
(11.885495237394633-0.15846130755860327j)
(11.85068636961699-0.7018403089236779j)
(11.78067143909671-1.2435476283805065j)
(11.670054760382925-1.7872616002400912j)
(11.51036405292787-2.3325128216890008j)
(11.292243251221292-2.8734070294896923j)
(11.008231314495038-3.3983723418749334j)
(10.655610941456162-3.8913280874912886j)
(10.23848006877911-4.3343192641798085j)
(9.768199410957363-4.711040661814647j)
(9.261882957516406-5.010144408602736j)
(8.739416481818743-5.227210420275148j)
(8.220092539984734-5.364850135486951j)
(7.71995381903523-5.431226689059471j)
(7.250423972602188-5.437796159269836j)
(6.818187407796413-5.397094984747926j)
(6.42590163187099-5.321081193293783j)
(6.073260069592123-5.220167745738024j)
(5.758049417317791-5.102843464233591j)
(5.47701689401397-4.975687768351528j)
(5.226495221731295-4.843596877647871j)
(5.002806966038426-4.710090515408167j)
(4.802497787494377-4.577621380411493j)
(4.622449863458073-4.447849535974558j)
(4.459917366365822-4.32186857754928j)
(4.312514114266743-4.200383352409101j)
(4.17817327382738-4.083844261118505j)
(4.055091579864717-3.9725440764265763j)
(3.941666041166006-3.8666820459168116j)
(3.836429195043759-3.7663983556135117j)
(3.7379890910973974-3.671781007026201j)
(3.6449814300300982-3.5828477561609415j)
(3.5560422491489114-3.4995085089203086j)
(3.4698084338445048-3.421518048389287j)
(3.384948691440348-3.3484333590123736j)
(3.300219606800137-3.2795911577093304j)
(3.2145326696039622-3.2141170092928157j)
(3.12701312765385-3.150967674380182j)
(3.03703364785353-3.088996778901768j)
(2.9442147990727996-3.027025982164823j)
(2.8483960585774635-2.9639032438525996j)
(2.749589959505023-2.898536044997906j)
(2.647935015732792-2.829896624737662j)
(2.5436606516337625-2.757004172261836j)
(2.4370722545937182-2.6788932088427733j)
(2.3285594323182206-2.594578283360639j)
(2.2186270704073343-2.5030241064535232j)
(2.107946924563817-2.403128964686224j)
(1.997426479188543-2.2937286810136737j)
(1.8882906174910066-2.1736287867778907j)
(1.7821692817735253-2.041673591500811j)
(1.6811799568552843-1.896861582374826j)
(1.5879870598645245-1.7385155674082158j)
(1.5058115136902854-1.5665110601107393j)
(1.4383547480214967-1.3815550210747867j)
(1.3895962834543032-1.1854871257884572j)
(1.3634298205488014-0.9815475865439914j)
(1.3631277501152474-0.7745250105281783j)
(1.3906737323613148-0.5706786282022046j)
(1.4460720830748703-0.37734237316007835j)
(1.526806123058171-0.20218145290436343j)
(1.627635465285001-0.05217869076358152j)
(1.7408669544659316+0.06746052113519557j)
(1.8571102238341044+0.15423111450356222j)
(1.966378908890463+0.20885174514542634j)
(2.0592952230709516+0.23527992788060714j)
(2.128151270540422+0.24026268286813532j)
(2.167665727810276+0.23257719918661515j)
(2.175392584377374+0.22214434807120373j)
(2.1518293132676765+0.2191549301551174j)
(2.1003056425459725+0.23327701940528892j)
(2.0267176368482507+0.27295512452666837j)
(1.9391323760662234+0.3447905162594098j)
(1.8472556325942575+0.4530066881707902j)
(1.7617486366548227+0.5990384455868609j)
(1.6934061042897737+0.7813145783011137j)
(1.652257625880299+0.995310830454951j)
(1.6467074867364098+1.233918068144658j)
(1.6828542297090348+1.4881024988450926j)
(1.7641083516725606+1.7477580594956084j)
(1.8911618936502212+2.0026013134297473j)
(2.0622838336523044+2.2429527231519777j)
(2.2738460337064783+2.4602836973488658j)
(2.5209469463065757+2.647471544370121j)
(2.798000818420084+2.7987695160568373j)
(3.0991874361200296+2.9095456916797677j)
(3.418691861703045+2.975865708654375j)
(3.750687669643635+2.993997069780932j)
(4.089021003990461+2.959912624229244j)
(4.426535604764474+2.8688894392985405j)
(4.753952577830017+2.715365464051217j)
(5.058221795269372+2.4933686094239245j)
(5.320397223146962+2.1981066706302457j)
(5.5135840574922765+1.8296563529622005j)
(5.60271225196468+1.3997395604143612j)
(5.549837018700522+0.9411711346039577j)
(5.329474733904626+0.514945711047648j)
(4.9527271706594025+0.20328308190570288j)
(4.483695937411909+0.07915605178539643j)
(4.023924687832925+0.16605344620896784j)
(3.6668146861779216+0.42401589863119077j)
(3.459864653891098+0.7764116058137025j)
(3.402135427097876+1.149464495495993j)
(3.465391295279604+1.4939769278866848j)
(3.6153193399989716+1.7861598695203882j)
(3.822815350008145+2.0193600170186694j)
(4.067104654929058+2.195722657236615j)
(4.335007181745799+2.320656903879358j)
(4.619158227545164+2.39982209355607j)
(4.916371312434558+2.4376527993008876j)
(5.226458682951688+2.436617014068084j)
(5.551488594931544+2.3966825454419216j)
(5.895358928557349+2.3146336780666568j)
(6.263523797701592+2.182907267914081j)
(6.662603938109878+1.987499409561052j)
(7.099271296407467+1.7041955421752495j)
(7.576789738013763+1.2918647503952265j)
(8.084695780262532+0.6811322305219073j)
(8.569168899971448-0.24105091824127314j)
(8.85426970615934-1.6316879847976777j)
(8.484358266115876-3.57064956675593j)
(6.722731284368239-5.551578575183042j)
(3.6551478985108967-6.063758937553214j)
(1.152097677552761-4.522382778582352j)
(0.2628975773045337-2.3990900327977696j)
(0.38450471094074556-0.7477406310032163j)
(0.8615152087954127+0.3406368598915294j)
(1.4032448789709164+1.0331146471339336j)
(1.9148696062979993+1.4778192411006483j)
(2.3757125365715455+1.7679824305531417j)
(2.7883904764989436+1.9588500595020517j)
(3.161840085596275+2.0829920438985328j)
(3.505868287445472+2.1596552108824407j)
(3.829654556111053+2.19997602755921j)
(4.141563650014897+2.2097649825315435j)
(4.449358686903467+2.1908620712885276j)
(4.760486705758082+2.141551540684948j)
(5.082272950977327+2.056195988550842j)
(5.421821523235204+1.9240021359262593j)
(5.7851646553324505+1.726590115253835j)
(6.174502775965077+1.4338152026555242j)
(6.580625705135931+0.9974358898024158j)
(6.963654563757567+0.34453384118941915j)
(7.209300723472787-0.615964030603033j)
(7.057559826968386-1.9226948919626916j)
(6.113506863942601-3.333858704881076j)
(4.280215627356678-4.119289023782525j)
(2.317056197210643-3.6928548934778695j)
(1.0880766979272676-2.469726531312385j)
(0.6495958568111121-1.1831014811042926j)
(0.6651877872115616-0.14902271083803703j)
(0.8762629172095456+0.615441625685925j)
(1.1480739524556025+1.1752867301770442j)
(1.426665941546946+1.5958930628190768j)
(1.692692794581654+1.9237478265261894j)
(1.941429022709589+2.190388793606675j)
(2.174206923261492+2.417138336795952j)
(2.394875567562399+2.6187803543356645j)
(2.608488221254826+2.8060270602004596j)
(2.821013800008893+2.9871201692820946j)
(3.0396146413089706+3.1688789507596344j)
(3.273397715477194+3.357390628053452j)
(3.534794744897831+3.558413291981215j)
(3.8420265750978193+3.7773772135198826j)
(4.223647210146738+4.0184359828347525j)
(4.727259350231869+4.280706500533998j)
(5.436513510342781+4.545391132756326j)
(6.501459004351466+4.7313759740599775j)
(8.159037576553164+4.5405829155149j)
(10.44087878162999+3.025175784419801j)
(11.377313701880052-1.1054311401263952j)
(8.071947463803037-4.514901073215521j)
(4.56605281103196-4.148919254375713j)
(2.9174399985511266-2.7405596514173833j)
(2.2578141327021752-1.5502196421906476j)
(1.9938549358020587-0.6678282358775968j)
(1.8877462176743578-0.00555017540257521j)
(1.8454358115793896+0.5125685600783243j)
(1.8270588376420327+0.9371568404403439j)
(1.8142766651252602+1.3011655459725409j)
(1.7976905020876317+1.6267240438487638j)
(1.7716347073857086+1.9295746099210946j)
(1.7318008139127148+2.2217975303737694j)
(1.673949438066134+2.513556070117002j)
(1.5929753601900125+2.814335719406751j)
(1.4819249069474536+3.1339762670973403j)
(1.3306077549841113+3.4837095769546718j)
(1.1232735098150948+3.877384430939851j)
(0.8343178185058105+4.333030967526314j)
(0.4197084755171358+4.874730008371563j)
(-0.20149757702167864+5.533691994817195j)
(-1.1903038876839898+6.342003887036043j)
(-2.895250715395405+7.283633681174036j)
(-6.102464541976081+8.002919530351036j)
(-11.995792411765988+6.2620901827428295j)
(-15.72019816090848-3.7164120353612953j)
(-7.289537378137724-10.952158302570131j)
(-0.8342976017795194-9.13910664166158j)
(1.6037506946390971-6.510638160390913j)
(2.517831721793506-4.598423010109708j)
(2.8747298563317605-3.2449350310983998j)
(3.001127878132807-2.241811532040254j)
(3.0181768697435025-1.4568588733516563j)
(2.9748995163206664-0.8101246230163613j)
(2.891615831093085-0.251415979403662j)
(2.7755188357925267+0.25272478691198913j)
(2.6265675066902356+0.7262432967611292j)
(2.4394797878354306+1.187681127288818j)
(2.2037360552118446+1.652573245459164j)
(1.9020608536703307+2.1347426534265415j)
(1.507083108862018+2.646490172476512j)
(0.9751694231836695+3.196811785493933j)
(0.23557511244931706+3.7847870838129625j)
(-0.8272862993492596+4.379917415655981j)
(-2.395198859005116+4.866862696192411j)
(-4.698571403725848+4.902669666754081j)
(-7.745633381368738+3.6575943660865473j)
(-10.354618391286595+0.005992968254302279j)
(-9.916097870560117-5.183999356450592j)
(-6.476616134145589-8.467909533387962j)
(-2.9338040020472866-9.036447887667133j)
(-0.5193086248248613-8.343699489384901j)
(0.9501752915715104-7.366575650990171j)
(1.8358293294065458-6.440677159595864j)
(2.3796242508680034-5.641232271205809j)
(2.719960089856247-4.965085898404115j)
(2.9344764161194035-4.390910562419073j)
(3.0675027555675873-3.8965171317070006j)
(3.1449652820514453-3.4629192886777247j)
(3.182273255174458-3.074569047968318j)
(3.1885286754108724-2.7186180909727513j)
(3.168792383976732-2.384021109267817j)
(3.125271096170936-2.060662449641566j)
(3.057839707958673-1.7384798740508705j)
(2.9640601234030663-1.406467943251714j)
(2.8386710471476335-1.051352796171465j)
(2.6722953601483086-0.6555619914065303j)
(2.4486685829795056-0.19373781800862944j)
(2.1385698996067513+0.3738878902788311j)
(1.685416090794259+1.115609388336438j)
(0.9677596620771675+2.161766782255613j)
(-0.3233329912548029+3.7886193477486367j)
(-3.24548509233774+6.667997116832973j)
(-13.784262243911337+11.969220499609781j)
(-37.229111439973956-31.631948511262266j)
(4.010012734421974-22.405043776532896j)
(5.789401885457436-13.396816571127411j)
(5.573035382629337-9.903524399129912j)
(5.243768724476002-8.096564810205091j)
(4.95150465575829-6.997833691640349j)
(4.700329695996115-6.259870258813816j)
(4.479164455863408-5.729775481221532j)
(4.277769317758056-5.329905306789488j)
(4.088276225140777-5.016533866833907j)
(3.904686599405345-4.7629762105665465j)
(3.722242552235006-4.5518069876199885j)
(3.536940327824568-4.370909889307115j)
(3.3451784177699246-4.211302029100672j)
(3.143490373463834-4.065842475800196j)
(2.9283129534635117-3.928395397060011j)
(2.6957512888552495-3.793213754621766j)
(2.4413099136528884-3.654397976321282j)
(2.159553192362052-3.5053172787968854j)
(1.8436402237491787-3.3378707483305434j)
(1.484645935854218-3.141403724320586j)
(1.0705217400538456-2.9009470293547865j)
(0.5844452895069855-2.594110294703055j)
(0.0021258756414143927-2.1851537557630216j)
(-0.712721796256196-1.6126601542558863j)
(-1.616151068464649-0.7619873616857962j)
(-2.790467080187137+0.6036722636591816j)
(-4.320976101185798+3.055914595952554j)
(-5.947487972505225+8.22126218756272j)
(-3.0694181809860615+20.57747358271379j)
(24.631083996765053+22.488773468321693j)
(24.706028330466324-1.5045647861265363j)
(16.324666916168756-6.798012360509561j)
(11.756634336164156-7.568777726237616j)
(9.066324253065387-7.515519197898073j)
(7.26872631779774-7.286274474779891j)
(5.942975239557547-7.019391636884161j)
(4.890405658546636-6.744836215664222j)
(4.007787058282423-6.465214019971422j)
(3.23754165506368-6.175826210111465j)
(2.5460833067526774-5.8703523147373255j)
(1.9134415052560476-5.54256308866589j)
(1.3279149480995882-5.1867671204091295j)
(0.783228696250615-4.7978912189768375j)
(0.27694233866832363-4.371562844671519j)
(-0.19056450857133891-3.9042207644901668j)
(-0.6167922045905239-3.393189242425326j)
(-0.9976024744782411-2.8367165462594355j)
(-1.3275499620312556-2.234000022369645j)
(-1.6001144317587515-1.5852058146769992j)
(-1.807858079955865-0.8914902632463054j)
(-1.9424910006919394-0.1550401751730857j)
(-1.9947912644003172+0.6208970725450528j)
(-1.9544357298996569+1.4320357238937704j)
(-1.8097676956649509+2.2729522028638187j)
(-1.5473098267754792+3.1367606579667497j)
(-1.1509668388941021+4.014536057780101j)
(-0.6009090327499944+4.894241482477649j)
(0.1279076533510376+5.758719417275268j)
(1.0675190584772565+6.58199752886866j)
(2.258563616093179+7.322578741690508j)
(3.7501062642273157+7.911452807682373j)
(5.592921794896002+8.23154325372599j)
(7.8138075702097725+8.086300684153095j)
(10.343573048025604+7.167216581241141j)
(12.861363161142316+5.07867614827624j)
(14.598010369068925+1.5818783672727124j)
(14.46936050010757-2.8308894349018576j)
(12.027150081336899-6.678249609266481j)
(8.25798106286716-8.599014693799944j)
(4.6607661240214755-8.552400555537215j)
(2.0103270064798893-7.353277472212851j)
(0.3437466665388255-5.749950404931713j)
(-0.5759350695625721-4.153731858153825j)
(-1.0010333248110632-2.7289533965255415j)
(-1.1153692473731736-1.5081407555851474j)
(-1.0335754320394728-0.4788507560756343j)
(-0.8329603419829544+0.3830529166971875j)
(-0.5622348832236221+1.0974767930122051j)
(-0.24853835729384344+1.6907133926151174j)
(0.08680916322802368+2.185313545992757j)
(0.4304013824850009+2.5990498807792575j)
(0.7739444983803293+2.946817891673351j)
(1.1124016108430475+3.2411809841637296j)
(1.4429331905709113+3.4928112141451675j)
(1.7642413478669856+3.710887525670226j)
(2.0761524682908448+3.903448962854937j)
(2.379353913233857+4.077714310775005j)
(2.675238144230689+4.240387988236497j)
(2.9658290333411745+4.397978380966348j)
(3.2537791265908758+4.557164222150571j)
(3.542437271984973+4.725262191827379j)
(3.835995446143851+4.910882792199134j)
