(22.71216431464006+0j)
(21.56608922481465-4.157236642000562j)
(18.82641568451466-6.973367614373046j)
(15.598534346127616-8.137705837084491j)
(12.656702430793057-7.941464873224173j)
(10.362053557617456-6.834434444225481j)
(8.8144772077901-5.187834577437828j)
(8.01890132302916-3.2498734322446357j)
(7.985755898086834-1.1880650523374898j)
(8.778292750048166+0.8411061600891876j)
(10.519622114779638+2.598396504092198j)
(13.323490616356985+3.6278309701645473j)
(17.02600308074891+3.1342064429218586j)
(20.627276816439526+0.22246836131857622j)
(22.130722293614618-4.934113119485817j)
(20.26465044900599-10.163347502091451j)
(16.19868528287388-13.222598810426792j)
(11.94752278453875-13.862149524382318j)
(8.539920456241639-12.979569983794729j)
(6.121955470695451-11.389595372718745j)
(4.534036363477828-9.546001818864678j)
(3.5960447882959805-7.656519114287048j)
(3.184508515939047-5.809010037375476j)
(3.239513039635561-4.047902298666152j)
(3.755953724499422-2.42173371803062j)
(4.768141042201815-1.025813475471051j)
(6.310577960395309-0.05437485821661746j)
(8.309932131012275+0.15359747881028743j)
(10.369919637356324-0.813570522013409j)
(11.630588154284146-3.035819998142852j)
(11.263598141659209-5.733256988376017j)
(9.408128593365257-7.669514315324668j)
(7.02035374934242-8.281492496198162j)
(4.886245546165046-7.824478136011722j)
(3.285765502088895-6.762934988148937j)
(2.2105535118013986-5.428823427128418j)
(1.5742078513491482-3.998517298858407j)
(1.3001293120841213-2.5535175255910985j)
(1.3443680757896799-1.1314286082730856j)
(1.697336327112008+0.2411727732692058j)
(2.379654663874739+1.5227353608903171j)
(3.429962613922915+2.6289416332738154j)
(4.871532891608031+3.3985841435571773j)
(6.6274889113236615+3.574770848282704j)
(8.381404257841528+2.8850469983855955j)
(9.535115842583826+1.3235298359215137j)
(9.563360239052475-0.5690671141783799j)
(8.543420138161908-1.9920021817088223j)
(7.060568200754208-2.528147222604566j)
(5.656954611100534-2.263830310623161j)
(4.5903394622392595-1.4703349890370123j)
(3.920171614166112-0.37771525261318517j)
(3.6336193348444144+0.870567196849861j)
(3.714186214210094+2.191312030673283j)
(4.167824965231652+3.5256295182974866j)
(5.028405769629937+4.805094442728322j)
(6.347404424223993+5.915432692730074j)
(8.154629972962606+6.656754954568859j)
(10.363870666937432+6.72659109631779j)
(12.629146602414211+5.8108809302604545j)
(14.308196747126276+3.8706178742407977j)
(14.802838783936899+1.4216057985535104j)
(14.081678988219542-0.6990751181024814j)
(12.676274958099057-1.9466440388213957j)
(11.189926969211056-2.286397454531248j)
(9.990593444828447-1.9530927098375144j)
(9.228035574856733-1.207941558921296j)
(8.94473086352214-0.2565086844546085j)
(9.15088077243622+0.7392307880215686j)
(9.848495826363964+1.6214931699703863j)
(11.01251203765147+2.199839471115485j)
(12.531980013797494+2.2425700300089835j)
(14.134129552994544+1.5401384098381805j)
(15.381611982026303+0.06474368947445276j)
(15.856924803298293-1.8870046348191356j)
(15.441671068925809-3.7933169967542772j)
(14.376978107177631-5.221512066977596j)
(13.045173519939901-6.0213575878924415j)
(11.75092365159443-6.266037043050688j)
(10.6608322806999-6.1101046959913266j)
(9.84085276347187-5.701614177461201j)
(9.306411703239652-5.15749173457195j)
(9.053768945101247-4.570171381009565j)
(9.071164762653176-4.023085920710516j)
(9.333610031250236-3.604114661668655j)
(9.784609158946267-3.4080376669790833j)
(10.314148821154973-3.516239601992676j)
(10.758308041547133-3.9493039672625296j)
(10.950288739756461-4.621515507804894j)
(10.806355347574055-5.356080330615953j)
(10.368430423502463-5.97216912293091j)
(9.76022844342706-6.366888464351387j)
(9.110742775833192-6.527800489973495j)
(8.510263452257819-6.49630240451885j)
(8.006492187648531-6.329391688242173j)
(7.61796406367294-6.079554220652579j)
(7.347704536840256-5.789574229091013j)
(7.191638862002925-5.494498392334625j)
(7.1417528133968755-5.225671697049503j)
(7.185010673924002-5.014201950985054j)
(7.298910077093633-4.89177815457706j)
(7.4454845401388985-4.886238718715955j)
(7.5686331836599905-5.009390033875381j)
(7.603781143063883-5.241263444958959j)
(7.502481014864782-5.52353820421039j)
(7.259057651137873-5.7773207146335j)
(6.914177951598733-5.938262721567304j)
(6.530579349685561-5.980735606877593j)
(6.163802761083375-5.915425389160918j)
(5.848111846785584-5.771729674520698j)
(5.597569674348604-5.581981214779433j)
(5.412950721943389-5.37373195943078j)
(5.287969364624493-5.168126740219028j)
(5.212931672467464-4.980910370410764j)
(5.176170213228824-4.823836341120223j)
(5.164134226138918-4.705425111301495j)
(5.161005748646946-4.63062832101016j)
(5.14877499797412-4.599319493496967j)
(5.108828491020168-4.604092540442134j)
(5.025794756857239-4.628795102934652j)
(4.8929998932623-4.649989448151695j)
(4.716687949963909-4.642676737982443j)
(4.5153890254977425-4.588482961624345j)
(4.313637918184455-4.481620792583738j)
(4.133635679106725-4.32908052099855j)
(3.9895920215168097-4.145917021934824j)
(3.8865493754218674-3.949356319334964j)
(3.822286640377045-3.754623929829366j)
(3.7900783324550757-3.5731180082013436j)
(3.7809603986956537-3.412165072412536j)
(3.785182725220017-3.2754187873830403j)
(3.793063272128148-3.163316280881043j)
(3.7955841501464964-3.073378897673859j)
(3.7850124074059504-3.0003944329550474j)
(3.755700105825018-2.9366704450979393j)
(3.705040081331231-2.872617859841737j)
(3.6343460266677003-2.797881593401832j)
(3.5492547945963375-2.703046808463873j)
(3.4592297529995224-2.5816360054276566j)
(3.375977904672857-2.4318059035620787j)
(3.311043421945435-2.2570724206803385j)
(3.2732708166577633-2.0656759687856097j)
(3.2669495160379918-1.8687347581715374j)
(3.2911648308319776-1.6777994878897298j)
(3.3403872081593313-1.5025538569420418j)
(3.4059358350903484-1.349201258584606j)
(3.4778114142463346-1.2197409530823522j)
(3.5464639972501035-1.1120599194301675j)
(3.6042259282469304-1.0206232397109254j)
(3.6462997536097093-0.9375236442583432j)
(3.671292775336121-0.8536961841835377j)
(3.6813343791670516-0.7601581948590664j)
(3.6818296093566825-0.6491760257540211j)
(3.6809063402548765-0.5152947571613417j)
(3.6885999759018833-0.3561942647587834j)
(3.7157902366926807-0.17334042707492622j)
(3.772875704289923+0.02763175749672504j)
(3.8681770927208636+0.23694103367122615j)
(4.006146638733083+0.44132003532877195j)
(4.185663233279936+0.6255808819155764j)
(4.398973957865825+0.7752098853948213j)
(4.632027591712143+0.8796906123880179j)
(4.866748224628056+0.935641039326905j)
(5.085052545659066+0.9484448142279234j)
(5.273412942328539+0.9313626651142307j)
(5.426243651209623+0.9021954214602644j)
(5.5468793193879415+0.8787595099900646j)
(5.646118186923761+0.874844792854827j)
(5.739309011069682+0.8977479665524485j)
(5.843170512054167+0.9475111987354738j)
(5.973081962320747+1.0173472314667413j)
(6.140981038115732+1.0946378273099076j)
(6.353625604099986+1.1621810941924062j)
(6.61093006964518+1.1997696146674202j)
(6.9043498574029405+1.1865079453808516j)
(7.215802483892969+1.1043521295919416j)
(7.518223689263329+0.942951838972764j)
(7.779124608797007+0.7048354500433517j)
(7.967737201307318+0.40861669206505813j)
(8.064192729057496+0.08738816089595064j)
(8.06681649065725-0.21882609242570966j)
(7.993458664813232-0.47411481477785505j)
(7.875886808438573-0.6562104086893273j)
(7.750282778122767-0.7605121249509152j)
(7.648356059456903-0.7982040619323174j)
(7.591902339712791-0.7909440910614045j)
(7.591039301063924-0.7650012755068964j)
(7.644870272049962-0.7464824763042118j)
(7.743237443360334-0.7579510621334379j)
(7.868815208883092-0.8160559729094632j)
(7.999406108757837-0.9297322845806711j)
(8.110649434567348-1.0988259633223711j)
(8.179372514561466-1.3133923295000844j)
(8.18752249425054-1.5542252839316353j)
(8.126104904805185-1.7951991934126894j)
(7.998053574457274-2.0076043009278957j)
(7.8188062830688505-2.1658676517800735j)
(7.613857015660463-2.2532090828509985j)
(7.413637979698441-2.265451616075884j)
(7.247185899859291-2.2117475871068573j)
(7.136487623406678-2.1121503329548648j)
(7.092950302875408-1.9930687280596302j)
(7.116471173023705-1.8821111243014197j)
(7.196697668332627-1.8035838992288324j)
(7.315646640318543-1.7753054398775756j)
(7.450886640686537-1.8068355661198665j)
(7.57875502927645-1.8989149023321732j)
(7.677354060130614-2.043857740297025j)
(7.729219788549835-2.2267351397565953j)
(7.723560423349787-2.4272945737992746j)
(7.657865755568315-2.62259318139357j)
(7.538575330844599-2.790232827743843j)
(7.380449563835212-2.911865437790638j)
(7.204447171178307-2.9763537485383726j)
(7.034298912604885-2.9818355667902314j)
(6.89240934516805-2.936092192142111j)
(6.796006445574351-2.8550481388871827j)
(6.754423440889528-2.759777222130981j)
(6.768023360193972-2.672799147456566j)
(6.828756516938285-2.6145302375805106j)
(6.921932456452658-2.6005161257637077j)
(7.028640715750975-2.639702281864708j)
(7.128348461915425-2.7336913130716405j)
(7.201407149037102-2.876803127819164j)
(7.2313728616575865-3.0567892423231053j)
(7.207095225079232-3.2561736313680525j)
(7.124436651992666-3.4542858219884547j)
(6.987305719406009-3.6300063924503903j)
(6.807566209381465-3.7650105630107698j)
(6.60347736422471-3.8469510408701866j)
(6.396697656519858-3.8717678520983374j)
(6.208428383722627-3.8443779982275945j)
(6.055688008811761-3.7774644186258266j)
(5.948700777343494-3.688750852937788j)
(5.889926144315119-3.597636788137158j)
(5.874628256157165-3.522116191574575j)
(5.892439569618166-3.4765642660481495j)
(5.929277646517993-3.4705116946704577j)
(5.969160741284642-3.508185812249642j)
(5.9957585595493565-3.588482937263182j)
(5.993760463785841-3.7051144277164103j)
(5.950268701964662-3.8468619265132853j)
(5.856397607351097-3.998109318344986j)
(5.709061767431465-4.1400078203285675j)
(5.512581841148497-4.252651462028043j)
(5.279357782609972-4.3183446642193575j)
(5.028755142810877-4.325403865703194j)
(4.783838291842621-4.2712450003728j)
(4.566619062679923-4.163352930309171j)
(4.3934334583919625-4.017492744574401j)
(4.272118780201651-3.853833666624296j)
(4.201715375047475-3.692568267011605j)
(4.1741968488012855-3.5505133333651013j)
(4.17707880195295-3.439342813043995j)
(4.19587476667698-3.3652483250331655j)
(4.215890249504547-3.3294101721089167j)
(4.223340121747875-3.328683925409377j)
(4.206057176848116-3.356140141684794j)
(4.154150963954995-3.4013646214597206j)
(4.060937792433883-3.4506770469080035j)
(3.9243060862056605-3.4876488313745817j)
(3.74836798091884-3.49444812583655j)
(3.544773100471035-3.4544599142896155j)
(3.332607726335362-3.3561101495151378j)
(3.135838490318407-3.1968531989344084j)
(2.978243104305081-2.9854142775977417j)
(2.877424435759983-2.7406013842954273j)
(2.8405280187885356-2.4866883503848576j)
(2.8635100581679556-2.247377358150098j)
(2.9337377714618755-2.0409478659984988j)
(3.0341140803998363-1.878032918428499j)
(3.146846996526922-1.7618035929560145j)
(3.255927706504676-1.6894558173265835j)
(3.3483238550727057-1.6539434852680786j)
(3.4143595595055167-1.6453696636113118j)
(3.4478127081950563-1.6519039488031888j)
(3.4461160669748843-1.6603975029916243j)
(3.410830302001017-1.6570282551432787j)
(3.3483019619408045-1.6283596280404802j)
(3.2701259982917708-1.563115353331995j)
(3.192757832868946-1.4546733388356559j)
(3.1355715122016132-1.30371541930969j)
(3.117135827283157-1.1198398290480114j)
(3.150527457793393-0.9208019147152882j)
(3.239521656832979-0.7289122310658266j)
(3.3774997841277945-0.565700716146948j)
(3.549571099250995-0.447039683643516j)
(3.736712424312304-0.38054241990937404j)
(3.920015622497673-0.3656150302461521j)
(4.083683824218654-0.39528156155099387j)
(4.2164541123265336-0.4585640053116684j)
(4.311844793611194-0.5425788275289384j)
(4.367815299047419-0.6340620674145949j)
(4.3862781141877605-0.7204149966032353j)
(4.372653917722516-0.790509702143604j)
(4.335447303759954-0.8354750835382879j)
(4.285682899037318-0.8495724345724094j)
(4.235990137825603-0.8311087242966707j)
(4.199177487732367-0.7831571836348515j)
(4.186313806514318-0.7137175353464681j)
(4.204613220693683-0.6349464055313685j)
(4.255689986767252-0.5613035572981193j)
(4.334831209319369-0.5068672161521088j)
(4.431696306163858-0.4824874746193909j)
(4.532353077845107-0.49361106879637107j)
(4.622063102907722-0.5393900588070724j)
(4.688012643621643-0.613202147564121j)
(4.721330254057319-0.7042436642363086j)
(4.718090668329756-0.7996277987324805j)
(4.679352629353688-0.8864586918336116j)
(4.610478067810485-0.9535395018283266j)
(4.520022139887234-0.9925719852247141j)
(4.418432903598461-0.9988399038275853j)
(4.316725149370731-0.9714296132398761j)
(4.225234651704533-0.9130538522204152j)
(4.152527260219851-0.829538124015829j)
(4.104526491770377-0.7290227219411789j)
(4.083923700220109-0.6209369632271081j)
(4.0899366945728-0.5148189539197754j)
(4.118475999150129-0.4190841684941643j)
(4.1627515126552685-0.33988444598661277j)
(4.214296252838728-0.280231689472346j)
(4.264299013108686-0.23956409061278713j)
(4.305044507153346-0.2138842491930585j)
(4.331195131711674-0.1964929290878371j)
(4.340650036058707-0.1792025463434216j)
(4.334800749594328-0.15378759473896453j)
(4.31814926589823-0.11336625386184425j)
(4.297413185376565-0.05343753464967168j)
(4.280353502317112+0.027590479907124585j)
(4.274587682756343+0.12840163502440635j)
(4.286598648328879+0.2452016554445781j)
(4.321055657745583+0.37241462615907894j)
(4.380469063637579+0.5034825982895483j)
(4.465136731992941+0.6316443818378406j)
(4.5733144458799915+0.750621693083076j)
(4.701548430536648+0.8551822244879108j)
(4.8451269427737005+0.9415673430193998j)
(4.998619309481155+1.007771529188963j)
(5.156469530794756+1.0536583766594914j)
(5.3136077708484875+1.0809000267291888j)
(5.466036371418096+1.0927269775861461j)
(5.611329198785712+1.0934814883023656j)
(5.748965256840104+1.0879951640804328j)
(5.880420775448079+1.0808547349993691j)
(6.008976215965847+1.075659422136449j)
(6.13924765159326+1.0743901603337538j)
(6.276508349550258+1.076996320019802j)
(6.425906588944401+1.081263128274875j)
(6.591696919419129+1.0829681084123477j)
(6.776584428503081+1.0762872037934497j)
(6.981247665319928+1.054384668427643j)
(7.204072897210468+1.010116939425864j)
(7.441112855906025+0.9367896402380541j)
(7.686278496874259+0.8289137647660867j)
(7.931772966729684+0.6829014402258927j)
(8.168769073541156+0.49762307722854204j)
(8.388303442977023+0.27472491026912016j)
(8.582305940531484+0.018596424995068358j)
(8.74461102682118-0.2640938093216342j)
(8.871741673550314-0.565292803694804j)
(8.963257519345337-0.8767678590921554j)
(9.021536673155254-1.1913911614798374j)
(9.050995651310641-1.5042250739734426j)
(9.056892977827431-1.8131653763907318j)
(9.043954896451766-2.1190035109324965j)
(9.015082687887475-2.424891520325989j)
(8.970367896524632-2.735289648403757j)
(8.906594283313533-3.0545340012056292j)
(8.817371708388121-3.3852045590687743j)
(8.694017063852618-3.7265405417963033j)
(8.527218663642664-4.073253740058588j)
(8.309330638254655-4.415180041419577j)
(8.036839184413433-4.738163907576646j)
(7.712250798686959-5.026268787580764j)
(7.344616768062404-5.264872169460961j)
(6.948306271373791-5.443701867911001j)
(6.5403520342056565-5.558771729367883j)
(6.1372965138934426-5.612625377708318j)
(5.752575155145364-5.6130277458374325j)
(5.395073820576399-5.570793060126003j)
(5.068921571718658-5.497543483915189j)
(4.774175064615457-5.403941609707675j)
(4.507938609857721-5.2985897230777885j)
(4.265560147789675-5.187535248362167j)
(4.0417054451735615-5.0742188002860695j)
(3.8312437034273783-4.959708637153149j)
(3.629944404671491-4.843120021212383j)
(3.4349947034321104-4.72217163204778j)
(3.2453224094921174-4.593856465026097j)
(3.0616801199973867-4.455191845387533j)
(2.8864400345961796-4.303969379517286j)
(2.723086771382819-4.139376247274279j)
(2.575475024502428-3.9623420621430836j)
(2.447007056290263-3.7755104847367464j)
(2.3399304762697026-3.5828378283512814j)
(2.254924410393869-3.3889369281345827j)
(2.1910426938682708-3.1983540974348905j)
(2.1459675131961697-3.0149583502414483j)
(2.1164507080314223-2.8415509898093743j)
(2.0988057188302545-2.6797153572469594j)
(2.089347131233676-2.5298614696911548j)
(2.084726364039202-2.3913939803977304j)
(2.0821559240585614-2.2629373908937476j)
(2.0795397503084208-2.1425737216057708j)
(2.0755341513998817-2.02807084448042j)
(2.069558783319101-1.9170963163523975j)
(2.061766883410992-1.8074190521518838j)
(2.052974229483631-1.6971001431995039j)
(2.044541061274378-1.5846670816828716j)
(2.038202835545448-1.4692563517355417j)
(2.0358544889469754-1.3507023508709404j)
(2.039306476112246-1.2295503556954006j)
(2.0500441288999784-1.106980274742852j)
(2.0690285573937124-0.9846449409357559j)
(2.0965729623593883-0.8644461485906296j)
(2.1323131378906455-0.7482859578726124j)
(2.1752704928248194-0.6378343006001419j)
(2.223987824963825-0.5343459560015232j)
(2.2767082543342427-0.4385449039280871j)
(2.3315675850283077-0.35057846528019504j)
(2.3867771042820283-0.2700326933950221j)
(2.4407827407023572-0.19599601637196146j)
(2.4923935744695886-0.1271587818450976j)
(2.5408761156649846-0.06193905773188564j)
(2.586011163596155+0.0013731402140670346j)
(2.628109568529312+0.06446149212469224j)
(2.6679839936177965+0.12882943313653777j)
(2.7068768220498085+0.19565949101680993j)
(2.74634924509926+0.26569935782898446j)
(2.788141810898543+0.33918594965274196j)
(2.834020410405923+0.4158138455629693j)
(2.8856223635967053+0.49474836582789644j)
(2.944314706008338+0.5746782640995759j)
(3.011072181284432+0.6539004128419422j)
(3.086377990858213+0.7304296290694317j)
(3.170148234165984+0.802130078537147j)
(3.261682530754132+0.8668684101820288j)
(3.359648438074269+0.9226901595572367j)
(3.4621140850267422+0.9680174208143577j)
(3.5666482410032687+1.0018559177371607j)
(3.6705049083122248+1.0239845647639885j)
(3.7708961067139666+1.035085377177338j)
(3.8653312362257726+1.036764795218504j)
(3.951970697123944+1.0314282061922064j)
(4.0299188344562715+1.0220010055030246j)
(4.099381518577065+1.011533929551851j)
(4.161642797187501+1.002769185747168j)
(4.218863627626+0.997757924632724j)
(4.273752546852904+0.9976015494325315j)
(4.329183192547674+1.0023489955883633j)
(4.387829841434904+1.0110393898976628j)
(4.451867574567151+1.021851775708496j)
(4.5227536204609+1.032317131858671j)
(4.601083892965264+1.0395581906505902j)
(4.686509607041847+1.0405400580129813j)
(4.777702471264381+1.0323304375805487j)
(4.872369130751408+1.0123764624773772j)
(4.9673308339365985+0.9788027046724596j)
(5.05869664399954+0.9307209683144371j)
(5.142160941975794+0.8685185945528672j)
(5.21344126610714+0.7940640685240291j)
(5.2688364416247575+0.7107485175997962j)
(5.30583188084882+0.6232855684487965j)
(5.323626774440976+0.5372334922549287j)
(5.323435426399676+0.45828101529562626j)
(5.308447320270461+0.39142627270254954j)
(5.28341852394404+0.3402348884309177j)
(5.253977940760792+0.3063534588488083j)
(5.225814602752129+0.28937776319904107j)
(5.203929682558282+0.28706721262429435j)
(5.1920892859979535+0.29580829264546j)
(5.1925336875998065+0.3111921034542271j)
(5.20592491288965+0.3285849464225388j)
(5.231471517842647+0.34361430148228617j)
(5.267159930271368+0.35253989014661397j)
(5.31003517486363+0.35251433942248933j)
(5.356496670809755+0.34175517074868766j)
(5.402596944834328+0.3196517173435612j)
(5.444347044639513+0.28682195308940434j)
(5.4780397701497145+0.24511971245265898j)
(5.5005993802742825+0.19757633537105285j)
(5.509953350526628+0.14824662144393913j)
(5.505398319851713+0.10192289062156863j)
(5.487902240397607+0.0636903077115388j)
(5.460257707833437+0.03832788110727768j)
(5.426993759317876+0.02961242689236972j)
(5.393982310702559+0.039643712246125375j)
(5.367746846372449+0.06834995686884651j)
(5.354577242538643+0.1133226134375904j)
(5.359634451493413+0.1700550625282048j)
(5.386248196042137+0.23254411595437133j)
(5.435553543635024+0.29410729171647004j)
(5.506504306891238+0.34822164063071526j)
(5.596194586425326+0.38921668899677325j)
(5.700358301022838+0.41273066808190806j)
(5.813913064549345+0.41592350157558505j)
(5.9314530752109365+0.39749876918769145j)
(6.04764829740532+0.357608502714594j)
(6.157551932480704+0.29770575513926073j)
(6.256844619325678+0.2203842628301453j)
(6.342051106805149+0.12921455670024304j)
(6.410756451360453+0.028559543231594934j)
(6.461827666836064-0.07666496468944864j)
(6.495617025064367-0.18132313737577307j)
(6.5140913554405495-0.28050871934912114j)
(6.52080923770457-0.37009774119052435j)
(6.520670527430367-0.4473373865973295j)
(6.519402719332243-0.5113522639747928j)
(6.522823703599675-0.5634273796387991j)
(6.53600486610793-0.606958778644425j)
(6.562511001586551-0.6470474977059704j)
(6.603881880088411-0.6898170019795832j)
(6.659445807730281-0.7416093535671741j)
(6.7264549103227225-0.8082273050117785j)
(6.800452875552851-0.8943411337902308j)
(6.8757573618651096-1.0031030313050022j)
(6.945959487723843-1.1359461593942226j)
(7.004389329258657-1.2925125992830762j)
(7.044543504262038-1.4706567093152272j)
(7.060501158627194-1.6664972408690486j)
(7.047360562235819-1.874528372072125j)
(7.001709671839308-2.0878328950300853j)
(6.922104672425287-2.2984576020036984j)
(6.80948050823955-2.4979998753300805j)
(6.667374611455525-2.678408330918801j)
(6.501833938483642-2.8329237947479626j)
(6.320917445856883-2.9570034774817366j)
(6.133803090853898-3.049020387055695j)
(5.949630667808602-3.110548429713424j)
(5.776305854852216-3.1461387586938536j)
(5.619509143775811-3.1626299954513235j)
(5.482086041923227-3.1681534672479383j)
(5.3638774128700994-3.1710452740525086j)
(5.261937438144155-3.178850147778079j)
(5.171024050364792-3.1975267290528158j)
(5.084242743210177-3.230883665986976j)
(4.993761460631467-3.280223991912001j)
(4.89156283345353-3.344163660929723j)
(4.770234535336858-3.4186128964811484j)
(4.623802314702626-3.4969493256539774j)
(4.4485771896956035-3.570447172892046j)
(4.243924857017578-3.6290318462109767j)
(4.012794728002785-3.6623822782199444j)
(3.761808396547684-3.661299131349625j)
(3.5007471878954686-3.619122633405332j)
(3.241415100042315-3.532882171961694j)
(2.996051503140843-3.4038628755492186j)
(2.7756385276573576-3.237412865253541j)
(2.588497599758863-3.0420413422193056j)
(2.4394662173858443-2.828065981857824j)
(2.329745218678972-2.6061621215980715j)
(2.2573105150680877-2.386121270276295j)
(2.217671146465843-2.1759926417677793j)
(2.2047456439460866-1.9816366612111593j)
(2.211688348054441-1.8066197218859499j)
(2.231578659976339-1.6523405760778067j)
(2.257954039329375-1.5182869512787314j)
(2.2852073427908906-1.4023529699542914j)
(2.3088813927426033-1.3011839315842773j)
(2.325886028196783-1.2105427591417108j)
(2.3346445219124865-1.1257061442895655j)
(2.335155957941717-1.041896698665043j)
(2.328946083735743-0.9547420374127118j)
(2.318878263272124-0.8607279861206152j)
(2.30881239743319-0.7575900878245109j)
(2.3031310540202026-0.6445765249013744j)
(2.3061890696123517-0.5225254730338729j)
(2.3217708808014375-0.39373209219882044j)
(2.352645517434349-0.26162572352258656j)
(2.4002880351611973-0.13031993416414187j)
(2.464795653098545-0.0041210559690167785j)
(2.5449827266106215+0.11292212782573924j)
(2.63860641676502+0.21736908764935312j)
(2.7426622888645644+0.3066132368578797j)
(2.8536944640733943+0.3789867149925417j)
(2.9680810436609164+0.4337671496655394j)
(3.082274221348343+0.47111609695023493j)
(3.1929900055922125+0.4919764924844251j)
(3.297352164887172+0.49794911870136155j)
(3.39299881932434+0.4911596290173851j)
(3.478159411121219+0.47412065879916043j)
(3.551706470185197+0.44958930539179254j)
(3.613182463456954+0.4204190888234098j)
(3.6627985966204775+0.38940702492660095j)
(3.7014008328885266+0.35913976950826915j)
(3.730399195807024+0.3318467015237841j)
(3.7516595839667572+0.3092709519980347j)
(3.7673621224507503+0.2925705825257353j)
(3.7798352565315527+0.2822607323385294j)
(3.7913789345794875+0.2782037187107921j)
(3.804092209099937+0.27964868474567633j)
(3.81971998174035+0.2853167837105944j)
(3.839530820843606+0.29352336434974735j)
(3.864233782254728+0.30232595909266846j)
(3.8939381156403554+0.3096861246187616j)
(3.9281564786222947+0.313633758770782j)
(3.9658500526056155+0.31242356165933316j)
(4.005512404265107+0.30467412568880187j)
(4.045287378702763+0.2894805255897432j)
(4.083114133078248+0.2664916214099854j)
(4.116889477301282+0.23594437867046375j)
(4.144634502841226+0.19865014572658532j)
(4.164650134608554+0.15593232824829836j)
(4.175645959385572+0.10952078002781471j)
(4.176829254908325+0.06141421415428367j)
(4.167946442409823+0.013726381897987009j)
(4.149276077628569-0.03146668091756957j)
(4.121579220936674-0.07226282812910066j)
(4.086017902801623-0.10704236547737374j)
(4.044054460243512-0.13454370500382068j)
(3.9973437725734957-0.1539062044389931j)
(3.9476276777203374-0.1646841185985609j)
(3.8966372823412136-0.16683735168686853j)
(3.846005606313729-0.16070454056196076j)
(3.797190799080681-0.1469625238636576j)
(3.7514093695689774-0.12657425214149506j)
(3.709579425461786-0.10072543672741167j)
(3.672275463068247-0.07074933468772826j)
(3.6396982190383302-0.03803941883439001j)
(3.6116647916835243-0.003951413262387883j)
(3.587624918976406+0.030300906781306817j)
(3.566708303148793+0.06374820962504339j)
(3.5478048181907913+0.0957552184124811j)
(3.5296744571159993+0.12608449749515324j)
(3.5110777833141475+0.1549222929915783j)
(3.490911911939333+0.18285833448562383j)
(3.4683334699929818+0.21081847587730476j)
(3.44285014780235+0.23995762764445455j)
(3.4143670291087607+0.27152838158116266j)
(3.383182093257403+0.30674561437472486j)
(3.349934943332055+0.3466675567913579j)
(3.3155211721716555+0.3921092988613136j)
(3.28098963063812+0.44359700942076885j)
(3.2474403373878755+0.5013626689340951j)
(3.215937448072753+0.5653721177452811j)
(3.187446158407647+0.635375106786247j)
(3.162796473717449+0.710965062430111j)
(3.1426718577650625+0.7916377802339908j)
(3.127617575632856+0.8768411518545579j)
(3.11806208581186+0.9660112590622871j)
(3.1143446976016484+1.058593026793277j)
(3.1167433281033143+1.1540458127033233j)
(3.1254970810778984+1.251835864124168j)
(3.1408192417478067+1.3514187449560957j)
(3.1628971030762747+1.4522159447707463j)
(3.1918760306258784+1.5535911809180336j)
(3.2278267637928884+1.6548334211935007j)
(3.2706976395247884+1.7551550369183389j)
(3.320257494533025+1.8537139151396083j)
(3.3760401266250946+1.9496666252020745j)
(3.437306090305992+2.042254734572252j)
(3.5030399580314655+2.1309178223764977j)
(3.571998234631471+2.2154161677143422j)
(3.6428132455611366+2.29593734071812j)
(3.714143149317087+2.373159043707749j)
(3.7848432860245342+2.4482487183457455j)
(3.85412645925098+2.5227969616473738j)
(3.9216837382991256+2.598700035391662j)
(3.987751389416224+2.67801871963535j)
(4.053127071455673+2.762841871874758j)
(4.119152135237593+2.8551743710733493j)
(4.187682623599484+2.9568557009965297j)
(4.261069604608651+3.0695026809435464j)
(4.342162690304156+3.1944608823688023j)
(4.434342087227543+3.3327443878597736j)
(4.541575929011129+3.4849414207663516j)
(4.668490771070337+3.6510625383877513j)
(4.820432421285012+3.8303081241641315j)
(5.003479571686966+4.02073427647066j)
(5.22435229699014+4.218804882112023j)
(5.490132088810593+4.418839874037961j)
(5.807686255038978+4.612415483155856j)
(6.182684908234957+4.787851180829118j)
(6.618146779357587+4.930028369751183j)
(7.112595245101644+5.020894896793651j)
(7.658174571164223+5.041030793369682j)
(8.239412493080398+4.972451531495468j)
(8.833515463410764+4.802314382638926j)
(9.412840292639384+4.526495188989486j)
(9.949348767817664+4.151558858913802j)
(10.419755205872791+3.6939799126634325j)
(10.80948992581412+3.1766282215227557j)
(11.114075479577892+2.6238239041737734j)
(11.337759081812347+2.056784586937754j)
(11.490372452424594+1.4907842523401846j)
(11.583756320192352+0.9343556260787249j)
(11.628750442512954+0.3900994425698072j)
(11.633178653429445-0.14359345347203353j)
(11.600837492067388-0.6704795519974721j)
(11.5313376329061-1.1943982230427228j)
(11.420670178147974-1.717384996068826j)
(11.262438863167652-2.2381190436836356j)
(11.049697204056315-2.750938179739082j)
(10.777194182255396-3.245729809145151j)
(10.443592363302912-3.7089471669674556j)
(10.053022622608028-4.125720371136219j)
(9.6153822410591-4.4825963523715835j)
(9.14516544738353-4.770094008515215j)
(8.659184813534436-4.984268351487752j)
(8.173961594087057-5.126886967174658j)
(7.703584103084862-5.204387335269212j)
(7.258497534348541-5.226170680588612j)
(6.845254150767566-5.202841688931173j)
(6.466957010963063-5.144807624354313j)
(6.12404652533896-5.0613892137548815j)
(5.815144710815253-4.960402537000611j)
(5.5377893357397525-4.848082791028227j)
(5.28899292044332-4.729211606035256j)
(5.065626377749653-4.607338992554281j)
(4.864657178531921-4.485029000262188j)
(4.68327946570182-4.364090041726969j)
(4.518969782150671-4.24577252230773j)
(4.369494426855964-4.130928997906672j)
(4.232886808088047-4.020138162474251j)
(4.1074071661462-3.9137960392134916j)
(3.9914931435453402-3.8121777296935155j)
(3.8837077782656344-3.7154723629689657j)
(3.782691151717408-3.6237935371277126j)
(3.687122380037204-3.5371683299296675j)
(3.5956987797263236-3.4555102055678883j)
(3.5071375725025593-3.3785844276471995j)
(3.4202015217645743-3.3059774867903298j)
(3.3337437425465417-3.2370824992456684j)
(3.2467606169001733-3.1711089367132645j)
(3.158438326223965-3.1071176883926337j)
(3.0681802473989577-3.0440739857146712j)
(2.9756090781427416-2.980904906070316j)
(2.880546135121092-2.9165475576774464j)
(2.7829770533083167-2.849978390329676j)
(2.6830157981852354-2.7802208084804434j)
(2.580877573995333-2.7063343806458744j)
(2.4768676172698583-2.627392672776049j)
(2.3713889689952214-2.5424579708270474j)
(2.2649693016588537-2.4505608337785505j)
(2.1583049358967954-2.3506916573088033j)
(2.0523188365358602-2.2418109906862322j)
(1.9482278740212515-2.1228854559914216j)
(1.8476122258407846-1.992956473493456j)
(1.7524759135808188-1.8512488294947045j)
(1.6652819560876717-1.69732419462343j)
(1.5889390333172446-1.5312793572524932j)
(1.5267107065316008-1.3539784151779293j)
(1.482016671399593-1.1672914347769665j)
(1.4581034750449404-0.9742903837195753j)
(1.4575851549934458-0.779331965036238j)
(1.4818946740147914-0.5879472838875208j)
(1.5307384065738259-0.4064745569222861j)
(1.6016888559658125-0.24142322211665954j)
(1.6900580704082995-0.0986384859105162j)
(1.7891480789584921+0.017583709940027507j)
(1.8908805527552572+0.10523750943976354j)
(1.9866983457517549+0.16503215628557688j)
(2.0685562058378344+0.20041604491296933j)
(2.1298117012271156+0.21722570898744087j)
(2.165885283050925+0.22306973676932404j)
(2.174642919970093+0.22658497234939287j)
(2.15652384974138+0.2366778694633306j)
(2.1144667546308207+0.2618155319980782j)
(2.0536820732316894+0.30938904517680516j)
(1.9812942506846014+0.3851538004634511j)
(1.9058567944037588+0.49275900901592895j)
(1.836740248615952+0.6334004749661675j)
(1.783413282456675+0.8056501357959646j)
(1.7546734593542952+1.0055168502827116j)
(1.7579209713070258+1.226766026421134j)
(1.7985847772595178+1.4614742975596842j)
(1.8797919300725712+1.7007388521794278j)
(2.0023218006032955+1.9354233531899974j)
(2.164825443860174+2.1568168425282046j)
(2.3642363764320162+2.3571084681145598j)
(2.5962680440243746+2.529628312513236j)
(2.855890273736184+2.6688554421659196j)
(3.137694840826298+2.7702334322443996j)
(3.436085280171828+2.829855411369587j)
(3.7452455585946414+2.8440896420657307j)
(4.05884931807399+2.809224765782303j)
(4.369467747604757+2.7212379948448353j)
(4.667634325865054+2.575850457675525j)
(4.940567831263808+2.369152385192172j)
(5.170727136775481+2.099256657549384j)
(5.334822902377792+1.7695793217465734j)
(5.404782934316036+1.394102480266879j)
(5.353190457391531+1.003594213461196j)
(5.165327396243958+0.6485912666969278j)
(4.855218591727571+0.39179650171770014j)
(4.474239281835772+0.2860256557187279j)
(4.098818635118351+0.34816408428800155j)
(3.800210288489426+0.5504349323941883j)
(3.6187818824022964+0.8370755780913894j)
(3.5597912035425705+1.1506775754822924j)
(3.60579308568407+1.4491415862151515j)
(3.7315574138289533+1.7089067015846195j)
(3.913555807155018+1.9205257452127877j)
(4.133677957613534+2.082810956998047j)
(4.379586204647091+2.1983211453750706j)
(4.643770127972558+2.2705587035035353j)
(4.9223848916926105+2.302392666894419j)
(5.214275477666598+2.2951471102609813j)
(5.52025290621506+2.2479241051995937j)
(5.842541817750308+2.1568398054801445j)
(6.1842228656305+2.013881998299425j)
(6.548331314785193+1.8050414070583454j)
(6.935877571641503+1.507247971891455j)
(7.341071035023705+1.0835976679280157j)
(7.739694514474845+0.47709529165644365j)
(8.061864555879254-0.392346554037419j)
(8.136427029860897-1.6045627680309171j)
(7.625000489692197-3.117749539111164j)
(6.142628707620471-4.479562082152021j)
(3.898428861594984-4.801337550685144j)
(1.9779899176621336-3.7905017502777976j)
(1.079480194729166-2.2352999385960324j)
(0.9795441161427131-0.8648190870251039j)
(1.2578104747585077+0.13096601244051914j)
(1.6628522454800558+0.8100813271424002j)
(2.086110605995751+1.267393944168007j)
(2.4894832454148945+1.5760393185966346j)
(2.86362314129382+1.7842867804297307j)
(3.21003031121318+1.922588930881304j)
(3.5339097067955136+2.0097720088068898j)
(3.8414642018272875+2.0570757656361804j)
(4.1389513856773155+2.0705148075018602j)
(4.4324101022614055+2.052098481906933j)
(4.727583440570211+2.000236942184656j)
(5.029768365607224+1.9094625364349502j)
(5.343301457158575+1.7694374826706423j)
(5.670150889853628+1.5631096140378586j)
(6.006481130642357+1.263928746152643j)
(6.334795649822919+0.8327353942781452j)
(6.607271204937067+0.21793413886786372j)
(6.715959695333058-0.6279314139906413j)
(6.463545319499292-1.6830602417997071j)
(5.620367919077206-2.720730992033932j)
(4.200755764358584-3.2659505019554915j)
(2.6921644797529485-2.9862545895691315j)
(1.639893597648883-2.1053222500118713j)
(1.1559254490803503-1.0834914805199627j)
(1.0629955050097883-0.1883395398972127j)
(1.1739813095263552+0.5179325330289208j)
(1.37216665242763+1.0594752672413015j)
(1.5996685039945642+1.4784149773563913j)
(1.830983015046487+1.8107639237911046j)
(2.0564139700246695+2.0833264450514988j)
(2.27384441110657+2.31530239033701j)
(2.484860283738289+2.5204654318691193j)
(2.6930675841093845+2.70892255738041j)
(2.903527958817659+2.888352165705221j)
(3.12284326843956+3.0648116626738426j)
(3.3597518427855424+3.243183865555733j)
(3.626323295936811+3.4272236515024668j)
(3.9400662709888663+3.618939139979615j)
(4.327573592271875+3.816495662078716j)
(4.830693618426887+4.008362961422745j)
(5.515850944841986+4.15728269972144j)
(6.480680573785927+4.156403903018518j)
(7.810759901133237+3.719862363750395j)
(9.270556727321432+2.241682318408491j)
(9.547728340523234-0.5954776471057948j)
(7.492033033362401-2.899849794332534j)
(4.986006100184578-3.0788431346225527j)
(3.456344192612962-2.243753580393493j)
(2.697463807076612-1.3300772512617953j)
(2.332022678384813-0.5681852717369505j)
(2.152357057060125+0.04114953153760848j)
(2.0601856605932083+0.5360494415341966j)
(2.0086264360917374+0.9512923114894032j)
(1.9741665207009191+1.3129504827736376j)
(1.944097426404781+1.6400887114233949j)
(1.9107571800640233+1.947110439098086j)
(1.8687233328650177+2.2456269585691886j)
(1.8132724339738586+2.5458635558145577j)
(1.7393304971008037+2.8578088335311436j)
(1.640484554478171+3.192324195510025j)
(1.5076951356938253+3.56244843177067j)
(1.3272060044109852+3.985215069267233j)
(1.0766672525633343+4.484501038950257j)
(0.7171896330633505+5.095835647242159j)
(0.17534496676049144+5.874806043235279j)
(-0.7027150693579278+6.911036554929694j)
(-2.286594701474698+8.340913455873073j)
(-5.632885087382788+10.238223308559181j)
(-14.09182073587574+10.843902198671747j)
(-24.704713145404195-5.734707073177359j)
(-6.694295896239189-16.540023202869097j)
(0.9951027945995417-10.887319568442615j)
(2.823514293223967-7.060318617336723j)
(3.3193467007182162-4.7846538937598995j)
(3.437550363244533-3.3006426873795585j)
(3.424019928945359-2.24258268370741j)
(3.355597616682-1.4305084464213527j)
(3.258791003820918-0.767475156159459j)
(3.14213549689202-0.19626866640610613j)
(3.0064338593904956+0.32004157215262674j)
(2.8481337530015374+0.8076439976073341j)
(2.6600895571831127+1.287126757321261j)
(2.4309167366369993+1.7765456781287123j)
(2.1430457197617585+2.2934374488546676j)
(1.768876134540918+2.856109932956378j)
(1.263497218657236+3.483813902071391j)
(0.5506957384135056+4.193696167531634j)
(-0.5042641469553721+4.986996313699586j)
(-2.144831764685882+5.79819499300401j)
(-4.784368886724082+6.318504956160495j)
(-8.835967845459113+5.476235816686381j)
(-13.088950545819605+0.967741094693925j)
(-12.574947225695064-6.629737714675664j)
(-7.229352807639436-10.675568469574284j)
(-2.620161187373849-10.577064327707191j)
(0.03728729695267064-9.2405607539094j)
(1.4790946544748458-7.880412824776534j)
(2.283253536842908-6.742574972057252j)
(2.7496558806610967-5.823446898565422j)
(3.027800642334947-5.076620650490953j)
(3.194722675588526-4.45852279860871j)
(3.29197427385713-3.9353332224140964j)
(3.3428976805957578-3.4817356198652676j)
(3.360963439743687-3.078561162608307j)
(3.353963003099629-2.7107621523068213j)
(3.3261829269415806-2.365845748423993j)
(3.2795311209192133-2.032624866802482j)
(3.214062874635692-1.7000991082306525j)
(3.128096000920487-1.3562550067355976j)
(3.017945941345983-0.9864989750630748j)
(2.877158196681693-0.5712332069093717j)
(2.694861078195378-0.08157823085211344j)
(2.452281943555408+0.5290842888353854j)
(2.114985762564138+1.343925023311313j)
(1.613905169867298+2.530176504723251j)
(0.7869939546351952+4.482733914448108j)
(-0.8638491476455552+8.424677474307751j)
(-5.951346761108594+21.025268649869947j)
(131.9846449736793-205.51068055511718j)
(12.456645063914872-22.135622727652127j)
(8.195341161241432-12.879867985156288j)
(6.678752674279772-9.574769137094606j)
(5.876405784903601-7.871572048030468j)
(5.361364231327302-6.829748501370629j)
(4.987997572434053-6.124810394294759j)
(4.692781699553067-5.614625597613996j)
(4.443321871334876-5.226851819393043j)
(4.2211114903053115-4.92055140153896j)
(4.014553778255498-4.670582776278498j)
(3.8157482181340336-4.460399415223818j)
(3.6188546481289023-4.278383227139279j)
(3.419186195101713-4.115814280080332j)
(3.2126592300148222-3.9656522391577775j)
(2.9954186130897242-3.8217311892153645j)
(2.7635418102138134-3.678150199058006j)
(2.512765757148832-3.528720603760157j)
(2.238196203478324-3.3663566881392755j)
(1.9339614413827793-3.182280534356782j)
(1.592768522239818-2.9648452865954344j)
(1.2053191273851187-2.6976277009948393j)
(0.759570053305628-2.3561042413448487j)
(0.23998034690942488-1.9014514248559138j)
(-0.3724694239603995-1.2680006905987156j)
(-1.0980407685754698-0.3359447376166952j)
(-1.93504706249691+1.1232469549767767j)
(-2.745213454089128+3.6006649004917093j)
(-2.700200868404903+8.115473050543137j)
(2.1909230860004376+15.245959790812437j)
(16.378150809380447+14.161404176936673j)
(19.58614142399516+1.5211831969241976j)
(15.133485388617608-4.3311195251626335j)
(11.506729588438503-6.065523896900208j)
(9.064276448659223-6.52895094294373j)
(7.342647868553726-6.57769831333308j)
(6.044095126133431-6.470992690703203j)
(5.0043231227246-6.295021860397256j)
(4.131030755245274-6.079708914653264j)
(3.370383495726837-5.834641952062519j)
(2.6900655042510597-5.56151972749991j)
(2.0704677162624683-5.258903653423836j)
(1.4999124942094915-4.924155746555937j)
(0.9719918663988445-4.554296002753035j)
(0.48401938022660856-4.146467713472983j)
(0.03604835788888649-3.6982388336215517j)
(-0.36979602406210554-3.2077954267475124j)
(-0.7297797474342961-2.6740630249567348j)
(-1.0388825424794808-2.0967874132913016j)
(-1.291025279851881-1.4765921762385479j)
(-1.4792331653052322-0.8150312805229735j)
(-1.5957210972400362-0.11468819741120999j)
(-1.6317792922181371+0.6207105220907758j)
(-1.5775923026774736+1.3863350877881668j)
(-1.4221456497964833+2.176091898747596j)
(-1.1528366217321118+2.982145205237576j)
(-0.754832394026055+3.7942284106615j)
(-0.2102764305810271+4.598455704544099j)
(0.5026212603513736+5.375217698701783j)
(1.4103732942793306+6.095538295155478j)
(2.544143204989454+6.714898657539075j)
(3.9368723572458166+7.16312931993863j)
(5.612954757823548+7.32914347852468j)
(7.560544043924019+7.042384025897772j)
(9.670119622891868+6.065646494540985j)
(11.630912680635435+4.147574375005262j)
(12.850878545997084+1.2218159137131681j)
(12.631336405395901-2.26187055654361j)
(10.749384393074966-5.2931083415467715j)
(7.8487374158812555-6.970625161947276j)
(4.928503366944363-7.177281571801582j)
(2.6141426733305644-6.394341968111308j)
(1.0398093200276755-5.1629866653163905j)
(0.08897111866109321-3.8377280250952475j)
(-0.41188140057874406-2.5920668224804824j)
(-0.6090626705588101-1.4872507422682537j)
(-0.6040004663234965-0.5328916234681181j)
(-0.47195122054041344+0.28669006758544235j)
(-0.26222693047565715+0.9712255382587341j)
(0.002572147075550889+1.5477860386135942j)
(0.2972631714584927+2.03408412681492j)
(0.607293705050527+2.4447159683513155j)
(0.9233578260767227+2.7926563847733212j)
(1.2395398018268846+3.089183804471625j)
(1.552276960237251+3.3440726925999664j)
(1.8596989497140008+3.5658522413890448j)
(2.161199798676739+3.762070558405139j)
(2.4571678946582005+3.9395530628793622j)
(2.7488318238970506+4.104662463479341j)
(3.038200891318556+4.2635783590343745j)
(3.3280952233965673+4.422625686459836j)
(3.622276039283764+4.588698912993566j)
(3.9257064063143434+4.769861336897975j)
