(1.4415064300144373+0j)
(1.5157982959341445+0.3270266333154631j)
(1.6756853780247858+0.5545121871777637j)
(1.83078963451743+0.6929863115318422j)
(1.9568897196683417+0.7891413027618278j)
(2.060305420618988+0.8684118085733652j)
(2.14961452737844+0.9401434068041068j)
(2.2303040669253296+1.0073680581587754j)
(2.3054544558913674+1.0711271523172965j)
(2.37682625889118+1.131895348933025j)
(2.445510900740134+1.18997574151803j)
(2.512250066026819+1.2455916631897597j)
(2.5775827035097763+1.2989060067948104j)
(2.6419137135955664+1.350030048076339j)
(2.7055494452682223+1.3990335417232271j)
(2.7687194297718754+1.4459557099134444j)
(2.8315920487844806+1.4908152923493327j)
(2.894286966214096+1.533618633105697j)
(2.9568853197222174+1.5743656039821763j)
(3.0194380658009576+1.6130536213701336j)
(3.0819727175854497+1.6496801780525312j)
(3.144498694354917+1.6842443124838238j)
(3.2070115041352585+1.7167473692637405j)
(3.269495974283509+1.7471933180869037j)
(3.331928726110018+1.7755888189058713j)
(3.394280063037725+1.8019431571290523j)
(3.456515412627622+1.8262681253928235j)
(3.5185964346807435+1.8485778955504082j)
(3.5804818826115863+1.8688889028589053j)
(3.642128284230544+1.8872197508909956j)
(3.7034904910413644+1.903591137930118j)
(3.7645221318319244+1.9180258016075575j)
(3.82517599617006+1.9305484769072825j)
(3.885404365851648+1.9411858624289828j)
(3.945159306838058+1.9499665903161079j)
(4.0043929302949826+1.9569211961047268j)
(4.063057628606916+1.9620820856815062j)
(4.121106290376318+1.9654834974124344j)
(4.178492497173866+1.9671614582463284j)
(4.235170703996993+1.9671537331878497j)
(4.291096404879435+1.9654997679710904j)
(4.346226284767283+1.9622406250708753j)
(4.400518358572305+1.957418913380605j)
(4.45393209817283+1.9510787119972375j)
(4.506428548032944+1.9432654886027747j)
(4.557970430027076+1.9340260129428337j)
(4.6085222379802255+1.923408265891215j)
(4.658050322362215+1.911461344573655j)
(4.706522965504569+1.8982353640006413j)
(4.753910447642427+1.883781355652324j)
(4.800185104027368+1.868151163452126j)
(4.84532137331016+1.8513973375740014j)
(4.889295837357504+1.8335730265412586j)
(4.93208725264749+1.8147318680959605j)
(4.973676573383689+1.7949278793370393j)
(5.014046966476572+1.774215346647435j)
(5.053183818562536+1.7526487159441908j)
(5.0910747352638515+1.7302824837946336j)
(5.127709532931254+1.7071710899402983j)
(5.16308022315606+1.683368811759355j)
(5.197180990383632+1.6589296611764852j)
(5.230008163004654+1.6339072844970663j)
(5.261560178339742+1.608354865602375j)
(5.291837541968017+1.5823250328942209j)
(5.320842781875792+1.5558697703224529j)
(5.348580397920072+1.5290403327740674j)
(5.375056807110476+1.501887166041755j)
(5.400280285214839+1.474459831532909j)
(5.424260905185594+1.4468069358241429j)
(5.4470104728911535+1.4189760651136254j)
(5.468542460616232+1.391013724576276j)
(5.488871938770916+1.3629652825839036j)
(5.508015506220484+1.3348749197147496j)
(5.525991219618129+1.306785582446719j)
(5.54281852209174+1.2787389414001047j)
(5.558518171603991+1.2507753539762108j)
(5.573112169273528+1.2229338312197813j)
(5.586623687914884+1.1952520087213727j)
(5.599077001024103+1.167766121365849j)
(5.610497412409238+1.1405109817267056j)
(5.620911186636819+1.1135199619033425j)
(5.630345480440154+1.0868249785962576j)
(5.638828275210015+1.0604564812170878j)
(5.646388310665354+1.0344434428328186j)
(5.653055019780171+1.0088133537492705j)
(5.6588584650219165+0.9835922175451327j)
(5.6638292759391256+0.9588045493758317j)
(5.66799858811837+0.9344733763770103j)
(5.671397983516337+0.9106202400069787j)
(5.674059432159906+0.8872652001797768j)
(5.676015235196002+0.864426841052919j)
(5.677297969263641+0.8421222783455051j)
(5.677940432154947+0.8203671680765302j)
(5.677975589725127+0.7991757166243507j)
(5.67743652400932+0.7785606920209989j)
(5.676356382501424+0.7585334364065959j)
(5.674768328550011+0.7391038795792287j)
(5.672705492826228+0.720280553585495j)
(5.670200925820782+0.70207060830679j)
(5.6672875513276235+0.6844798280017844j)
(5.663998120875821+0.6675126487756451j)
(5.660282340900778+0.6512415544889864j)
(5.656293505729436+0.635570282332184j)
(5.6520348860588046+0.6205219607559123j)
(5.647534320943718+0.606098590183259j)
(5.642821449962558+0.5922992470269586j)
(5.637926206122003+0.5791212444471808j)
(5.63287837788361+0.5665604591393326j)
(5.627707417732512+0.554611469774638j)
(5.622442333338361+0.543267634155544j)
(5.617111612995643+0.5325211421011503j)
(5.611743167557144+0.5223630575449102j)
(5.606364281263127+0.5127833555510515j)
(5.601001567851553+0.5037709569493902j)
(5.59568093008413+0.49531376198089166j)
(5.5904275216645045+0.4873986837294578j)
(5.585265710959406+0.48001168180050147j)
(5.580219046174341+0.4731377965388028j)
(5.575310221774875+0.46676118398305316j)
(5.570561046031498+0.46086515169963477j)
(5.565992409622179+0.4554321956041681j)
(5.5616242552661+0.4504440378584126j)
(5.55747554839027+0.4458816659159445j)
(5.553564248853766+0.44172537277984086j)
(5.549907283772595+0.43795479852778807j)
(5.546520521504296+0.43454897315300894j)
(5.543418746865993+0.4314863607621728j)
(5.54061563767327+0.42874490516471114j)
(5.538123742698991+0.42630207687960553j)
(5.5359544611638585+0.4241349215763344j)
(5.5341180238806436+0.4222201099569744j)
(5.532623476184367+0.4205339890741687j)
(5.531478662789862+0.4190526350668497j)
(5.530690214725628+0.41775190728088807j)
(5.5302635384994705+0.41660750372601163j)
(5.530202807656399+0.4155950178027501j)
(5.530510956891969+0.41468999621488783j)
(5.531189678885469+0.41386799796271334j)
(5.5322394240158745+0.41310465429236853j)
(5.533659403119986+0.41237572945476886j)
(5.535447593445615+0.41165718210623203j)
(5.5376007479438405+0.4109252271611279j)
(5.540114408031968+0.41015639788493513j)
(5.542982919944576+0.4093276079960158j)
(5.5461994547714095+0.4084162135235334j)
(5.54975603226075+0.40740007415127627j)
(5.5536435484427145+0.40625761375991803j)
(5.557851807101419+0.40496787986647637j)
(5.56236955509506+0.4035106016472954j)
(5.567184521493593+0.4018662462229643j)
(5.572283460469445+0.4000160728780849j)
(5.577652197843855+0.3979421848868111j)
(5.583275681155712+0.3956275786189414j)
(5.589138033084434+0.3930561896063333j)
(5.595222608023338+0.39021293526199924j)
(5.601512051564827+0.387083753958586j)
(5.607988362625703+0.3836556401936385j)
(5.614632957909386+0.37991667559238074j)
(5.621426738372183+0.37585605552758483j)
(5.628350157335699+0.37146411116757366j)
(5.635383289863982+0.3667323267993338j)
(5.6425059030063895+0.36165335231166457j)
(5.649697526492534+0.35622101076466467j)
(5.6569375234575725+0.35043030101456396j)
(5.66420516077095+0.3442773954068081j)
(5.671479678544178+0.3377596325953521j)
(5.678740358399652+0.33087550559039214j)
(5.6859665900946545+0.323624645180646j)
(5.69313793611227+0.31600779891808195j)
(5.700234193853725+0.3080268058930395j)
(5.707235455093591+0.2996845675643768j)
(5.714122162390714+0.2909850149422179j)
(5.72087516218355+0.281933072450291j)
(5.727475754336089+0.27253461881894747j)
(5.733905737942164+0.26279644537974123j)
(5.740147453237811+0.2527262121464048j)
(5.746183819515778+0.2423324020763362j)
(5.751998368979332+0.2316242739098352j)
(5.75757527651697+0.2206118139831683j)
(5.7628993854215365+0.20930568740376543j)
(5.767956229118211+0.19771718896465504j)
(5.772732049004461+0.18585819415841198j)
(5.77721380854044+0.1737411106306116j)
(5.781389203760779+0.16137883038776052j)
(5.785246670407401+0.14878468304821116j)
(5.788775387907547+0.13597239039308412j)
(5.791965280441759+0.12295602244318422j)
(5.794807015362561+0.10974995525300908j)
(5.797291999236214+0.09636883057906846j)
(5.799412371787416+0.08282751754418563j)
(5.801160998029117+0.06914107638482038j)
(5.802531458859081+0.05532472433436704j)
(5.803518040398945+0.04139380366266391j)
(5.804115722343009+0.02736375186059882j)
(5.8043201655717676+0.01325007393010568j)
(5.804127699269728-0.0009316832869726558j)
(5.803535307769806-0.015165954831261744j)
(5.802540617326632-0.02943717951074851j)
(5.801141882999612-0.04372982007686941j)
(5.799337975804263-0.058028381835680924j)
(5.797128370266644-0.07231742984905469j)
(5.794513132492336-0.08658160488977877j)
(5.791492908837099-0.10080563831996542j)
(5.78806891524356-0.11497436606455619j)
(5.784242927284668-0.129072741852249j)
(5.780017270933174-0.14308584989353068j)
(5.775394814055257-0.15699891716093173j)
(5.770378958606479-0.17079732542988665j)
(5.764973633490125-0.18446662323010132j)
(5.759183288021005-0.19799253784698972j)
(5.753012885922421-0.21136098750124455j)
(5.746467899770544-0.2245580938214529j)
(5.739554305788497-0.23757019471100946j)
(5.732278578882227-0.2503838576953263j)
(5.724647687802255-0.2629858938202597j)
(5.716669090308674-0.2753633721562604j)
(5.708350728212316-0.28750363494673786j)
(5.699701022162324-0.29939431342269557j)
(5.690728866049077-0.31102334428932643j)
(5.681443620892453-0.32237898687432043j)
(5.671855108087395-0.33344984091205027j)
(5.661973601882998-0.3442248649227956j)
(5.651809820976158-0.3546933951316617j)
(5.641374919107713-0.36484516485879226j)
(5.630680474556747-0.37467032429931807j)
(5.619738478437041-0.3841594606000506j)
(5.608561321710232-0.39330361812942316j)
(5.597161780839906-0.40209431882685776j)
(5.585553002022939-0.41052358250996945j)
(5.573748483945863-0.4185839470094947j)
(5.561762059027162-0.42626848799605205j)
(5.549607873119048-0.4335708383568652j)
(5.537300363656462-0.44048520697691335j)
(5.524854236254869-0.44700639677515736j)
(5.51228443977278-0.4531298218453369j)
(5.4996061398700755-0.45885152354987424j)
(5.486834691107625-0.4641681854164146j)
(5.4739856076489755-0.4690771466885505j)
(5.461074532639732-0.47357641438607806j)
(5.448117206354794-0.47766467373518545j)
(5.4351294332180515-0.48134129683506877j)
(5.422127047813072-0.484606349436219j)
(5.409125880016167-0.48746059571383793j)
(5.396141719395901-0.48990550093145474j)
(5.383190279034558-0.4919432319009661j)
(5.370287158937166-0.49357665515855j)
(5.357447809203541-0.4948093327900556j)
(5.344687493146314-0.4956455158541645j)
(5.332021250545153-0.4960901353676624j)
(5.31946386123247-0.49614879083358876j)
(5.307029809210102-0.4958277363103046j)
(5.294733247498874-0.4951338640370674j)
(5.282587963923955-0.4940746856500896j)
(5.27060734803813-0.4926583110413036j)
(5.258804359383025-0.49089342493080135j)
(5.247191497284082-0.4887892612426289j)
(5.235780772369248-0.4863555753922171j)
(5.22458367999374-0.48360261461217197j)
(5.213611175743752-0.48054108646090876j)
(5.2028736531804265-0.4771821256760751j)
(5.1923809239723075-0.47353725955111103j)
(5.182142200549373-0.46961837202841467j)
(5.172166081395087-0.46543766671712483j)
(5.162460539074459-0.4610076290554954j)
(5.153032911076399-0.4563409878492696j)
(5.143889893527433-0.45145067642601266j)
(5.135037537811958-0.446349793652708j)
(5.126481250110879-0.44105156506832094j)
(5.11822579384699-0.43556930438597985j)
(5.110275295001431-0.42991637561950563j)
(5.102633250241144-0.4241061560867357j)
(5.095302537773249-0.4181520005379884j)
(5.088285430818324-0.4120672066506719j)
(5.081583613571015-0.4058649821222228j)
(5.075198199494323-0.3995584135816811j)
(5.069129751771561-0.39316043752665336j)
(5.063378305720051-0.3866838134762221j)
(5.0579433929513895-0.38014109951236674j)
(5.052824067045476-0.37354463036248653j)
(5.048018930490253-0.36690649815321635j)
(5.043526162625192-0.3602385359427114j)
(5.03934354831533-0.35355230411288135j)
(5.035468507073826-0.34685907967672447j)
(5.031898122344459-0.34016984852841065j)
(5.028629170652171-0.33349530063528765j)
(5.025658150328681-0.32684582814201396j)
(5.0229813095226605-0.3202315263280322j)
(5.020594673208768-0.31366219733045225j)
(5.018494068918234-0.30714735651567215j)
(5.016675150924301-0.30069624135539785j)
(5.015133422629965-0.2943178226356158j)
(5.013864256921626-0.28802081780155103j)
(5.012862914271678-0.2818137062179182j)
(5.01212455839414-0.27570474610119156j)
(5.011644269281259-0.26970199286121843j)
(5.011417053474693-0.2638133185709537j)
(5.011437851451841-0.2580464322686396j)
(5.011701542037226-0.2524089007830955j)
(5.012202943778444-0.24690816976365582j)
(5.012936813257694-0.24155158458814285j)
(5.013897840341524-0.23634641081907062j)
(5.015080640403955-0.23129985387574306j)
(5.016479743590649-0.22641907759266902j)
(5.0180895812245065-0.2217112213388039j)
(5.019904469485141-0.21718341538027236j)
(5.021918590526634-0.21284279417987637j)
(5.024125971228508-0.20869650734077386j)
(5.026520459804844-0.20475172791818047j)
(5.029095700524442-0.20101565784287878j)
(5.031845106821737-0.19749553022229752j)
(5.034761833102847-0.19419860831004018j)
(5.037838745573548-0.1911321809617147j)
(5.041068392436292-0.18830355442442284j)
(5.044442973821054-0.18572004033869322j)
(5.047954311829579-0.18338893986458557j)
(5.051593821085087-0.1813175238784111j)
(5.055352480188188-0.17951300922239688j)
(5.05922080448638-0.17798253102665404j)
(5.063188820567206-0.1767331111604695j)
(5.067246042884983-0.1757716229085108j)
(5.0713814529276995-0.17510475200608752j)
(5.075583481323757-0.17473895420673008j)
(5.079839993278147-0.17468040959396952j)
(5.084138277714059-0.17493497388791135j)
(5.0884650404791465-0.17550812703486277j)
(5.092806401954813-0.1764049194055529j)
(5.097147899383175-0.1776299159635242j)
(5.101474494199053-0.17918713879955783j)
(5.105770584622816-0.18108000846130992j)
(5.110020023735954-0.18331128453793727j)
(5.114206143223205-0.185883005988104j)
(5.11831178292373-0.188796431725448j)
(5.122319326289674-0.19205198199853996j)
(5.126210741802659-0.19564918112113297j)
(5.1299676303487605-0.19958660212433815j)
(5.133571278499327-0.20386181391304395j)
(5.137002717589984-0.20847133151555478j)
(5.1402427884328885-0.21341057001671201j)
(5.143272211438652-0.21867380276089096j)
(5.146071661864671-0.22425412440136244j)
(5.148621849846301-0.23014341935700228j)
(5.150903604807065-0.23633233621497293j)
(5.1528979637848025-0.24281026858968954j)
(5.154586263152546-0.24956534291285815j)
(5.155950233157112-0.25658441358760486j)
(5.156972094645768-0.26385306589071905j)
(5.157634657302242-0.27135562695195053j)
(5.1579214186695195-0.2790751850773529j)
(5.157816663198049-0.2869936176159542j)
(5.157305560526233-0.2950916274957938j)
(5.15637426217538-0.30334878847701846j)
(5.155009995824685-0.31174359908741817j)
(5.153201156324356-0.32025354511994564j)
(5.150937392606475-0.3288551704838573j)
(5.148209689665295-0.3375241561119524j)
(5.145010444800243-0.3462354065372818j)
(5.141333537347825-0.354963143664771j)
(5.137174391171097-0.3636810071785836j)
(5.132530029228944-0.3723621609445596j)
(5.127399119610187-0.38097940469196906j)
(5.121782012490161-0.3895052901898106j)
(5.1156807675479135-0.3979122410722382j)
(5.109099171471046-0.40617267541634905j)
(5.102042745269356-0.41425913013405385j)
(5.094518741218801-0.42214438620980765j)
(5.086536129360366-0.42980159379755584j)
(5.078105573583921-0.43720439618426815j)
(5.069239397433296-0.44432705163385805j)
(5.059951539873247-0.45114455214439203j)
(5.050257501360988-0.4576327381829582j)
(5.040174280662435-0.4637684085059415j)
(5.02972030294445-0.46952942422686256j)
(5.018915339758718-0.47489480635903764j)
(5.0077804216076975-0.4798448261343034j)
(4.996337743849031-0.48436108748120166j)
(4.984610566749195-0.4884266011345019j)
(4.972623110540698-0.4920258499419574j)
(4.960400446368737-0.49514484503079786j)
(4.947968384032639-0.49777117259588083j)
(4.935353357434906-0.49989403117036846j)
(4.922582308646392-0.501504259337618j)
(4.909682571480678-0.5025943539381184j)
(4.896681755444276-0.5031584789160145j)
(4.883607630893536-0.5031924650351287j)
(4.87048801618418-0.5026938007731965j)
(4.857350667546833-0.5016616147745241j)
(4.844223172363226-0.5000966503042406j)
(4.831132846453051-0.4980012322021036j)
(4.818106635913671-0.49537922687902j)
(4.805171023983461-0.4922359959357458j)
(4.792351943327662-0.4885783440104238j)
(4.779674694072377-0.48441446147926415j)
(4.767163867840898-0.47975386264448977j)
(4.754843277976207-0.4746073200442464j)
(4.742735896066267-0.468986795513177j)
(4.730863794825101-0.4629053686083784j)
(4.719248097322827-0.4563771629959397j)
(4.707908932503276-0.4494172713680222j)
(4.696865396878175-0.4420416794304421j)
(4.686135522242586-0.43426718946714393j)
(4.6757362492179935-0.4261113439513058j)
(4.665683406396516-0.41759234963381425j)
(4.6559916948327755-0.4087290024998497j)
(4.646674677607993-0.39954061394306467j)
(4.6377447741751086-0.390046938466204j)
(4.629213259182036-0.3802681031763366j)
(4.621090265463663-0.37022453930373556j)
(4.613384790891198-0.3599369159357802j)
(4.606104708768584-0.3494260761213533j)
(4.5992567814710625-0.3387129754678157j)
(4.592846677028905-0.3278186233216776j)
(4.586878988369669-0.31676402659585895j)
(4.581357254945274-0.3055701362807823j)
(4.576283986484231-0.29425779665422924j)
(4.5716606886250375-0.28284769718496106j)
(4.56748789020325-0.271360327108468j)
(4.563765171981389-0.2598159326389105j)
(4.560491196628404-0.24823447677023402j)
(4.557663739771933-0.23663560161028738j)
(4.555279721963493-0.22503859318555133j)
(4.553335241412491-0.21346234864977026j)
(4.551825607360036-0.20192534582736457j)
(4.550745373977574-0.19044561502236032j)
(4.550088374687928-0.17904071302425695j)
(4.549847756818086-0.1677276992450824j)
(4.5500160165026795-0.1565231139249631j)
(4.550585033765963-0.1454429583482572j)
(4.55154610771675-0.13450267701691346j)
(4.552889991796434-0.12371714173310475j)
(4.554606929024062-0.11310063754862147j)
(4.556686687185019-0.1026668505436716j)
(4.559118593910939-0.09242885740272201j)
(4.561891571598683-0.08239911675963105j)
(4.564994172114687-0.07258946228792437j)
(4.568414611229387-0.06301109751526672j)
(4.572140802723161-0.05367459234314986j)
(4.576160392102007-0.04458988125414169j)
(4.580460789857326-0.035766263188874214j)
(4.5850292041997625-0.027212403073991247j)
(4.589852673193296-0.018936334980334427j)
(4.594918096211242-0.010945466887127052j)
(4.600212264632282-0.0032465870238034982j)
(4.605721891691044+0.004154128244108981j)
(4.611433641394962+0.011251105025087629j)
(4.61733415641696+0.01803936105462552j)
(4.623410084872153+0.024514493446185108j)
(4.6296481058863+0.03067266510347084j)
(4.636034953864433+0.036510589866803854j)
(4.642557441369866+0.04202551647568196j)
(4.649202480526643+0.0472152114396859j)
(4.65595710286292+0.05207794091979251j)
(4.662808477518319+0.05661245173221053j)
(4.669743927745194+0.06081795159657358j)
(4.676750945642347+0.06469408875993472j)
(4.683817205069274+0.06824093113661557j)
(4.69093057270029+0.07145894511227373j)
(4.698079117190196+0.07434897416755501j)
(4.705251116436756+0.07691221748282272j)
(4.712435062939963+0.07915020868986113j)
(4.719619667273505+0.08106479493984381j)
(4.726793859700268+0.08265811645826458j)
(4.733946789980405+0.08393258675723922j)
(4.741067825437833+0.0848908736735092j)
(4.748146547368012+0.08553588139641377j)
(4.755172745887091+0.0858707336442852j)
(4.762136413339138+0.08589875813954453j)
(4.769027736394237+0.08562347252340692j)
(4.7758370869853835+0.08504857183911786j)
(4.782555012246411+0.08417791769969123j)
(4.789172223626027+0.08301552924104394j)
(4.795679585364523+0.08156557594517339j)
(4.802068102529953+0.07983237240028873j)
(4.808328908818575+0.07782037504615205j)
(4.814453254331122+0.07553418093292208j)
(4.82043249354109+0.07297852850135778j)
(4.826258073673793+0.07015830037079619j)
(4.83192152371573+0.06707852809972456j)
(4.837414444272328+0.06374439886175046j)
(4.842728498488447+0.060161263957416826j)
(4.84785540424043+0.05633464906053098j)
(4.852786927800147+0.05227026607569902j)
(4.857514879161664+0.047974026462688876j)
(4.862031109208183+0.04345205586249326j)
(4.866327508882663+0.038710709840784695j)
(4.870396010508342+0.03375659054576967j)
(4.874228591386632+0.028596564061047495j)
(4.8778172797790935+0.023237778218721642j)
(4.88115416335743+0.017687680625105805j)
(4.88423140018146+0.011954036640389782j)
(4.887041232239374+0.006044947045259973j)
(4.889576001558276-3.113487854604736e-05j)
(4.891828168865348-0.0062653871298552774j)
(4.893790334752614-0.01264860390840418j)
(4.895455263269896-0.019171181948124155j)
(4.896815907843214-0.025823108532031774j)
(4.897865439388255-0.032593951449703125j)
(4.898597276462294-0.03947285114712478j)
(4.89900511727218-0.046448515305626714j)
(4.899082973332151-0.053509216070485296j)
(4.8988252045422085-0.06064279013181547j)
(4.898226555437038-0.06783664183989584j)
(4.897282192336237-0.0750777495148599j)
(4.895987741109459-0.0823526750866651j)
(4.894339325254982-0.08964757717542894j)
(4.892333603977796-0.09694822769537095j)
(4.889967809942301-0.10424003203691937j)
(4.887239786367247-0.11150805285226327j)
(4.884148023124819-0.11873703743920741j)
(4.8806916915030225-0.1259114486868755j)
(4.876870677290642-0.13301549951522923j)
(4.872685611846652-0.1400331907082101j)
(4.868137900822062-0.14694835200817222j)
(4.863229750210733-0.15374468630715074j)
(4.857964189417879-0.16040581673898896j)
(4.852345091049983-0.16691533644554332j)
(4.846377187148091-0.17325686076023356j)
(4.840066081607818-0.1794140815241674j)
(4.833418258553602-0.1853708232232236j)
(4.826441086462074-0.19111110061056596j)
(4.819142817859029-0.19661917745658758j)
(4.81153258444672-0.20187962604977164j)
(4.8036203875525265-0.20687738705563102j)
(4.7954170838258765-0.2115978293283158j)
(4.7869343661480075-0.21602680926034543j)
(4.77818473975727-0.22015072925047027j)
(4.769181493631816-0.22395659486786615j)
(4.759938667210982-0.22743207029297177j)
(4.750471012575366-0.23056553162127846j)
(4.740793952244561-0.23334611762568225j)
(4.730923532788878-0.23576377758676242j)
(4.720876374487998-0.2378093158168051j)
(4.710669617304314-0.2394744325239766j)
(4.70032086347175-0.2407517606865402j)
(4.689848117031691-0.2416348986337633j)
(4.679269720676218-0.2421184380599436j)
(4.668604290284385-0.24219798723032204j)
(4.6578706475603-0.24187018917263264j)
(4.64708775120101-0.24113273468551613j)
(4.636274627038477-0.23998437003395875j)
(4.6254502976120335-0.23842489924338126j)
(4.614633711636088-0.23645518094591j)
(4.603843673831925-0.2340771197760569j)
(4.59309877559234-0.2312936523567078j)
(4.582417326942928-0.22810872796019446j)
(4.571817290255011-0.22452728397294572j)
(4.561316216151141-0.22055521633431416j)
(4.550931182026175-0.21619934516153985j)
(4.540678733584648-0.211467375811368j)
(4.530574829768647-0.20636785566545032j)
(4.520634791420434-0.20091012695967966j)
(4.510873253990985-0.1951042760075904j)
(4.501304124569206-0.18896107919374003j)
(4.491940543468738-0.1824919461348382j)
(4.482794850568747-0.1757088604237117j)
(4.473878556564287-0.16862431838425423j)
(4.465202319239806-0.16125126627382366j)
(4.456775924837788-0.15360303637362535j)
(4.448608274552985-0.14569328240721865j)
(4.4407073761426-0.13753591472281282j)
(4.433080340603667-0.12914503566678956j)
(4.425733383831915-0.12053487556386655j)
(4.418671833141158-0.11171972970423895j)
(4.411900138489719-0.10271389671998568j)
(4.405421888230023-0.09353161871241208j)
(4.399239829170085-0.0841870234692271j)
(4.393355890710856-0.07469406908566331j)
(4.387771212801447-0.06506649127756998j)
(4.382486177435232-0.05531775364685812j)
(4.377500443393688-0.04546100113124155j)
(4.372812983931518-0.03550901684104271j)
(4.36842212708625-0.02547418245634923j)
(4.364325598287893-0.015368442327628767j)
(4.3605205649393675-0.005203271393641348j)
(4.357003682636523+0.005010352999390731j)
(4.353771142696953+0.01526197532207511j)
(4.3508187206701265+0.025541682102471656j)
(4.348141825506811+0.035840118183208085j)
(4.345735549073803+0.04614849902085173j)
(4.343594715709761+0.056458619077940864j)
(4.341713931530158+0.06676285638074173j)
(4.3400876332027165+0.07705417333662279j)
(4.338710135929846+0.087326113924055j)
(4.337575680390918+0.09757279738494108j)
(4.336678478414082+0.10778890856376677j)
(4.336012757165152+0.11796968505065727j)
(4.335572801658962+0.12811090129577343j)
(4.335352995416614+0.13820884987087j)
(4.33534785910974+0.14826032006033163j)
(4.335552087050172+0.15826257396858465j)
(4.335960581400079+0.16821332033376454j)
(4.336568483993468+0.17811068623933712j)
(4.3373712056749145+0.1879531869155431j)
(4.338364453075379+0.19773969382228235j)
(4.339544252758063+0.20746940120349192j)
(4.3409069726793215+0.2171417913014046j)
(4.342449340921131+0.2267565984166893j)
(4.344168461661684+0.2363137719979436j)
(4.346061828360942+0.24581343894132832j)
(4.348127334146773+0.2552558652783652j)
(4.350363279396361+0.26464141742701663j)
(4.352768376515734+0.2739705231784242j)
(4.355341751928511+0.2832436325886465j)
(4.358082945292686+0.292461178941751j)
(4.360991905972173+0.30162353994762636j)
(4.36406898679719+0.3107309993342713j)
(4.3673149351551634+0.31978370899102404j)
(4.370730881460832+0.3287816518151021j)
(4.374318325061379+0.3377246054097977j)
(4.37807911763901+0.3466121067780203j)
(4.382015444179718+0.3554434181501344j)
(4.386129801582882+0.3642174940798384j)
(4.390424974991769+0.37293294993649106j)
(4.394904011929806+0.38158803191675816j)
(4.3995701943318455+0.3901805886927724j)
(4.404427008563387+0.3987080448085963j)
(4.409478113523711+0.40716737593107527j)
(4.414727306931747+0.41555508605612956j)
(4.4201784898954655+0.4238671867666562j)
(4.425835629867432+0.4320991786337424j)
(4.4317027220906215+0.4402460348487511j)
(4.4377837496400305+0.44830218717086096j)
(4.444082642166763+0.4562615142713386j)
(4.4506032334528225+0.464117332553863j)
(4.457349217886449+0.4718623895284295j)
(4.464324105969736+0.4794888598151776j)
(4.4715311789728736+0.4869883438536517j)
(4.478973442852494+0.494351869392796j)
(4.486653581555123+0.5015698958366928j)
(4.494573909831534+0.5086323215210911j)
(4.502736325693069+0.5155284939959319j)
(4.511142262647187+0.5222472233887768j)
(4.519792641856764+0.5287767989241144j)
(4.5286878243757585+0.53510500867243j)
(4.537827563622869+0.5412191626021029j)
(4.547210958264908+0.5471061190051588j)
(4.556836405692707+0.5527523143654705j)
(4.566701556284022+0.5581437967341366j)
(4.576803268661332+0.5632662626725218j)
(4.58713756616565+0.5681050978169234j)
(4.597699594782608+0.5726454211116961j)
(4.608483582772351+0.5768721327483641j)
(4.619482802270982+0.5807699658368431j)
(4.630689533148169+0.5843235418217961j)
(4.6420950294225465+0.5875174296410363j)
(4.6536894885541225+0.5903362086042492j)
(4.665462023949917+0.5927645349486803j)
(4.677400641036097+0.5947872120032393j)
(4.689492217265529+0.5963892638639448j)
(4.7017224864443365+0.597556012451187j)
(4.714076027773479+0.598273157782813j)
(4.726536260011041+0.5985268612566792j)
(4.739085441167622+0.5983038316919471j)
(4.751704674148937+0.5975914138297481j)
(4.764373918757369+0.5963776789422668j)
(4.777072010454888+0.5946515171436644j)
(4.7897766862745765+0.5924027309387274j)
(4.8024646182444775+0.5896221294852757j)
(4.8151114546561455+0.5863016229857155j)
(4.827691869469567+0.5824343165627045j)
(4.840179620096055+0.5780146029150456j)
(4.852547613740919+0.5730382529936743j)
(4.864767982417817+0.5675025038863489j)
(4.876812166667163+0.5614061430541837j)
(4.888651007922068+0.5547495880257093j)
(4.900254849367901+0.5475349606263901j)
(4.911593645036564+0.5397661548048266j)
(4.9226370767653655+0.5314488971130771j)
(4.93335467853498+0.5225907989090318j)
(4.943715967582571+0.5132013993743503j)
(4.953690581567895+0.5032921984833262j)
(4.963248420953635+0.49287667911672434j)
(4.97235979564937+0.48197031758991354j)
(4.98099557486393+0.47059058195649583j)
(4.989127339016018+0.4587569175563893j)
(4.996727532470347+0.44649071939979046j)
(5.0037696157989+0.4338152911136788j)
(5.010228216215779+0.4207557903242719j)
(5.0160792748018865+0.4073391605039042j)
(5.021300189123797+0.39359404947222515j)
(5.02586994986022+0.3795507149057867j)
(5.029769270080345+0.36524091737458225j)
(5.03298070587158+0.3506978015851395j)
(5.035488767088195+0.3359557666644373j)
(5.0372800170875225+0.3210503264641935j)
(5.038343160434118+0.3060179609971482j)
(5.038669117683614+0.29089596023499226j)
(5.038251086503855+0.275722261596381j)
(5.037084588549209+0.2605352825340011j)
(5.0351675016714434+0.24537374968781836j)
(5.032500077224086+0.23027652610825136j)
(5.029084942393698+0.21528243806577066j)
(5.024927087667427+0.20043010295410754j)
(5.020033839718197+0.18575775976120987j)
(5.014414820154514+0.17130310352833744j)
(5.008081890736773+0.1571031251426529j)
(5.0010490858051595+0.14319395771575166j)
(4.993332532791998+0.12961073069095583j)
(4.984950361802477+0.11638743269853638j)
(4.975922605340312+0.10355678404347299j)
(4.966271089328173+0.09115011956699301j)
(4.95601931662557+0.0791972824748582j)
(4.945192344279601+0.06772652957399711j)
(4.93381665575653+0.056764448208636624j)
(4.921920029395504+0.04633588503981826j)
(4.909531404300419+0.036463886670096084j)
(4.896680744844232+0.027169651982201833j)
(4.8833989049025925+0.018472495936515686j)
(4.869717492863714+0.010389824461088203j)
(4.855668738379657+0.0029371199691658164j)
(4.84128536173427-0.0038720630447501977j)
(4.826600446606087-0.010026092948835299j)
(4.811647316903793-0.015515247130701414j)
(4.796459418248779-0.020331690079239732j)
(4.78107020457665-0.02446944412859318j)
(4.765513030228882-0.02792435361263536j)
(4.749821047809176-0.03069404317606542j)
(4.734027111987639-0.03277787097531516j)
(4.71816368935133-0.03417687747814893j)
(4.702262774323143-0.034893730538460774j)
(4.686355811102356-0.03493266738266311j)
(4.670473621521317-0.034299434098242924j)
(4.654646338662595-0.03300122316521913j)
(4.638903346040309-0.03104660951833161j)
(4.623273222118029-0.028445485574197227j)
(4.607783689912411-0.025208995603430016j)
(4.5924615714173775-0.02134946977537693j)
(4.577332746575924-0.016880358152427985j)
(4.562422116526042-0.011816164863756735j)
(4.547753570851906-0.006172382644546981j)
(4.533349958581172+3.45721125256361e-05j)
(4.519233062682317+0.006787423681527104j)
(4.505423577832267+0.01406810062157717j)
(4.491941091242647+0.02185779863290758j)
(4.478804066352039+0.030137042615371014j)
(4.466029829211568+0.03888574791105015j)
(4.453634557410435+0.04808328072529599j)
(4.441633271406949+0.05770851773033189j)
(4.430039828148461+0.06773990486187233j)
(4.41886691688002+0.07815551532346789j)
(4.408126057056899+0.088933106815587j)
(4.3978275982897905+0.10005017800667317j)
(4.387980722263917+0.11148402426346567j)
(4.378593446584607+0.1232117926560425j)
(4.369672630512159+0.13521053625145169j)
(4.361223982558361+0.14745726770718745j)
(4.353252069925933+0.15992901217296587j)
(4.34576032978104+0.17260285950593707j)
(4.338751082357311+0.18545601580042068j)
(4.332225545898213+0.198465854228555j)
(4.326183853452915+0.21160996518225353j)
(4.320625071548728+0.22486620570003532j)
(4.315547220770738+0.23821274815346j)
(4.310947298286089+0.25162812815785884j)
(4.306821302356152+0.2650912916599515j)
(4.303164258883786+0.2785816411413699j)
(4.299970250045339+0.2920790808616306j)
(4.297232445056396+0.30556406104746814j)
(4.294943133117214+0.31901762091767527j)
(4.293093758577183+0.3324214304144373j)
(4.291674958347395+0.3457578304939858j)
(4.290676601576779+0.35900987181212785j)
(4.290087831589313+0.37216135162460295j)
(4.289897110059121+0.38519684870885607j)
(4.290092263375746+0.39810175610369697j)
(4.290660531125129+0.410862311457015j)
(4.291588616583071+0.42346562476979793j)
(4.2928627390882355+0.4358997033279354j)
(4.294468688131843+0.44815347362104113j)
(4.296391878972387+0.4602168000612859j)
(4.298617409556833+0.4720805003330397j)
(4.3011301185058475+0.48373635722731717j)
(4.303914643900606+0.4951771268414748j)
(4.306955482593242+0.5063965430542459j)
(4.310237049752863+0.5173893182184442j)
(4.313743738353975+0.5281511400456601j)
(4.317459978314967+0.538678664690459j)
(4.321370294999854+0.5489695060720748j)
(4.325459366807189+0.5590222215008066j)
(4.329712081584149+0.5688362937012247j)
(4.334113591621421+0.5784121093459489j)
(4.3386493670035025+0.5877509342304118j)
(4.343305247109095+0.5968548852314142j)
(4.348067490075448+0.6057268992001429j)
(4.352922820058458+0.6143706989440627j)
(4.357858472135428+0.6227907564530217j)
(4.36286223470924+0.6309922535231225j)
(4.3679224892811295+0.6389810399297252j)
(4.373028247463373+0.6467635892982219j)
(4.37816918510434+0.654346952820852j)
(4.383335673396151+0.6617387109692886j)
(4.3885188068312155+0.6689469233585512j)
(4.393710427869226+0.6759800769276096j)
(4.398903148171992+0.6828470326167755j)
(4.40409036626177+0.6895569707414956j)
(4.40926628146065+0.6961193352858762j)
(4.414425903975688+0.7025437773666698j)
(4.419565061008234+0.7088400981476644j)
(4.424680398786766+0.7150181915144821j)
(4.429769380451476+0.7210879868483884j)
(4.434830279755545+0.7270593922629185j)
(4.439862170592095+0.7329422386868505j)
(4.4448649124059125+0.7387462251895397j)
(4.449839131604361+0.7444808659478258j)
(4.454786199139244+0.7501554392466216j)
(4.459708204489733+0.7557789388867107j)
(4.464607926332109+0.7613600283434429j)
(4.46948880023306+0.7669069979786574j)
(4.474354883747079+0.7724277255566564j)
(4.479210819331838+0.7779296402551125j)
(4.4840617955179125+0.7834196902950787j)
(4.48891350677813+0.7889043142441073j)
(4.493772112536803+0.7943894159749063j)
(4.498644195740509+0.7998803431931462j)
(4.503536721379851+0.8053818693838696j)
(4.508456995307776+0.8108981789704468j)
(4.51341262364606+0.8164328554345612j)
(4.518411473010476+0.8219888721133675j)
(4.5234616317197895+0.8275685853710593j)
(4.528571372087258+0.8331737298380171j)
(4.533749113829036+0.8388054154204698j)
(4.5390033885654155+0.8444641258074516j)
(4.5443428053402934+0.8501497182361131j)
(4.549776017044708+0.8558614243212752j)
(4.555311687603255+0.8615978518051145j)
(4.56095845976837+0.8673569871370355j)
(4.5667249233679374+0.8731361988470127j)
(4.572619583864795+0.8789322417259803j)
(4.57865083111189+0.8847412618703778j)
(4.58482690822174+0.8905588026819161j)
(4.591155880510804+0.8963798119372267j)
(4.597645604525099+0.9021986500518278j)
(4.604303697200067+0.9080090996603529j)
(4.611137505251224+0.9138043766189382j)
(4.618154074929871+0.9195771425081977j)
(4.6253601223067715+0.9253195186772687j)
(4.6327620042639674+0.9310231018245982j)
(4.640365690379239+0.9366789810615163j)
(4.64817673587799+0.9422777563543879j)
(4.656200255803378+0.9478095581935533j)
(4.664440900518824+0.9532640682960846j)
(4.672902832608058+0.9586305411175737j)
(4.6815897051807704+0.9638978259295687j)
(4.690504641527946+0.9690543892147062j)
(4.699650216005379+0.974088337143984j)
(4.709028435960145+0.9789874379298427j)
(4.718640724456277+0.9837391438944085j)
(4.728487903508051+0.988330613153462j)
(4.738570177494983+0.9927487308910778j)
(4.748887116414684+0.9969801302839654j)
(4.759437638632009+1.0010112132253108j)
(4.7702199928054885+1.004828171089924j)
(4.781231738716612+1.0084170058720519j)
(4.792469726793051+1.011763552108387j)
(4.803930076202336+1.014853500067782j)
(4.815608151494345+1.0176724207405752j)
(4.827498537886705+1.0202057931910378j)
(4.839595015411473+1.0224390348429773j)
(4.851890532269305+1.0243575352485965j)
(4.864377177863444+1.0259466938440014j)
(4.877046156103983+1.0271919621209655j)
(4.889887759677059+1.0280788905453748j)
(4.902891346059669+1.0285931804318682j)
(4.916045316121772+1.028720740843836j)
(4.929337096191543+1.0284477504354037j)
(4.942753124462968+1.0277607239914657j)
(4.956278842596119+1.0266465832606748j)
(4.969898693300178+1.0250927315211205j)
(4.983596124597881+1.0230871311763046j)
(4.99735360135202+1.0206183835555627j)
(5.011152624493014+1.0176758099951244j)
(5.02497375822815+1.0142495332072632j)
(5.038796665344048+1.0103305579090596j)
(5.052600150541771+1.0059108496810876j)
(5.066362211576703+1.0009834110593578j)
(5.080060097820171+0.995542353929736j)
(5.093670375724386+0.989582967388903j)
(5.107169000562075+0.983101780353937j)
(5.120531393732862+0.9760966183384955j)
(5.133732524882036+0.9685666539574487j)
(5.146746998065778+0.9605124508674107j)
(5.159549141218732+0.9519360009874674j)
(5.172113098231187+0.942840754965825j)
(5.184412923020668+0.9332316459558851j)
(5.196422675076372+0.9231151068343499j)
(5.208116516059579+0.9124990810299923j)
(5.219468807146515+0.9013930271341665j)
(5.230454206894961+0.8898079174324046j)
(5.241047769491326+0.8777562304363639j)
(5.251225043283964+0.8652519374104892j)
(5.260962169523864+0.8523104827881247j)
(5.270235981212387+0.838948758266298j)
(5.279024101894583+0.8251850702676774j)
(5.287305044138934+0.8110391003742589j)
(5.295058307312952+0.7965318582799449j)
(5.302264474107278+0.7816856267883603j)
(5.30890530508812+0.7665238984052838j)
(5.314963830380768+0.7510713031469112j)
(5.320424437418696+0.7353535273073479j)
(5.325272953546255+0.7193972230998252j)
(5.3294967221518705+0.7032299093012065j)
(5.333084670943319+0.6868798632790541j)
(5.336027370967625+0.6703760050554519j)
(5.338317085030716+0.6537477743460386j)
(5.339947804289397+0.6370250017935724j)
(5.340915271970009+0.6202377758753531j)
(5.341216993408884+0.603416307189416j)
(5.34085223190158+0.5865907920002308j)
(5.339821990179002+0.5697912770406345j)
(5.33812897768493+0.5530475276130835j)
(5.335777564194845+0.5363889010057273j)
(5.332773720674253+0.5198442271361244j)
(5.329124948607924+0.5034416981599469j)
(5.324840199326009+0.48720876854118533j)
(5.319929785092903+0.47117206678358825j)
(5.31440528390108+0.4553573196836795j)
(5.3082794400163476+0.43978928959838043j)
(5.301566062348613+0.4244917248416509j)
(5.294279922674527+0.40948732295072665j)
(5.286436655616904+0.3947977062099681j)
(5.278052662099065+0.3804434085036299j)
(5.269145017749086+0.36644387230044245j)
(5.2597313874415965+0.35281745436313827j)
(5.249829946848008+0.33958143863158585j)
(5.23945931153322+0.3267520546531822j)
(5.228638473804518+0.3143444999283074j)
(5.217386747199562+0.3023729645999987j)
(5.205723718209587+0.2908506570390235j)
(5.193669204581569+0.27978982905052463j)
(5.181243219338978+0.2692017996454614j)
(5.168465939511577+0.25909697656804365j)
(5.155357678473814+0.24948487503581498j)
(5.141938860760459+0.24037413341952582j)
(5.128229998255031+0.2317725258527633j)
(5.114251666727386+0.22368697200447638j)
(5.100024481825219+0.21612354446126195j)
(5.0855690737908255+0.209087474341288j)
(5.070906060371822+0.20258315589248035j)
(5.056056017609219+0.19661415090891873j)
(5.041039448409372+0.19118319383025306j)
(5.025876749026333+0.18629219836934333j)
(5.0105881737868465+0.18194226644623454j)
(4.995193798573793+0.1781337000964532j)
(4.979713483735425+0.1748660168751466j)
(4.964166837202263+0.17213796910335033j)
(4.948573178665233+0.16994756710783232j)
(4.932951505695826+0.16829210640036169j)
(4.917320462669114+0.16716819853661224j)
(4.901698313287706+0.1665718051977554j)
(4.886102917398334+0.16649827485871893j)
(4.870551712650668+0.16694238125453556j)
(4.855061701375231+0.1678983627362735j)
(4.83964944286063+0.1693599615274717j)
(4.824331050999878+0.17132046185396466j)
(4.809122197059109+0.17377272592702622j)
(4.79403811710959+0.176709226812307j)
(4.779093623464068+0.18012207731350482j)
(4.7643031192814+0.1840030541365904j)
(4.749680615355075+0.1883436167731329j)
(4.735239747990639+0.19313492074268335j)
(4.720993796807966+0.19836782505680023j)
(4.706955701281313+0.20403289400217092j)
(4.693138074855178+0.21012039357765916j)
(4.679553215546482+0.2166202831509006j)
(4.6662131120623185+0.22352220311352566j)
(4.653129444622254+0.23081545950251145j)
(4.64031357987133+0.23848900670933243j)
(4.627776559494174+0.24653142951225576j)
(4.615529082386428+0.2549309257348144j)
(4.603581480495612+0.2636752908521349j)
(4.59194368870004+0.272751905834369j)
(4.580625209341844+0.28214772943432803j)
(4.569635072257764+0.2918492959966248j)
(4.558981791351384+0.30184271969295906j)
(4.548673318913024+0.3121137058793446j)
(4.538716999013996+0.3226475700328561j)
(4.529119521374042+0.33342926446823884j)
(4.51988687712168+0.3444434127667765j)
(4.511024317836321+0.3556743515825723j)
(4.502536319178996+0.36710617923417704j)
(4.494426550287968+0.37872281025238524j)
(4.486697849941663+0.39050803484766916j)
(4.479352210280823+0.4024455820896821j)
(4.472390768641486+0.414519185464712j)
(4.465813807790768+0.42671264939866016j)
(4.459620764587203+0.4390099153063378j)
(4.453810246817025+0.45139512575427204j)
(4.4483800576984365+0.4638526854018242j)
(4.44332722730584+0.4763673175123581j)
(4.43864804995642+0.48892411499677213j)
(4.434338126428572+0.5015085851599516j)
(4.430392409753657+0.5141066875581538j)
(4.426805253243215+0.5267048646331663j)
(4.423570459387395+0.5392900650565129j)
(4.420681328286328+0.5518497599847259j)
(4.418130704355545+0.5643719526825935j)
(4.4159110201739304+0.5768451822068706j)
(4.4140143365147+0.5892585220474817j)
(4.412432377808838+0.6016015747894707j)
(4.4111565625278875+0.613864463980066j)
(4.410178028229909+0.6260378244559589j)
(4.40948765127789+0.638112792404239j)
(4.409076061503863+0.6500809963948673j)
(4.4089336523434755+0.6619345505349846j)
(4.409050587194812+0.6736660507593445j)
(4.40941680295283+0.6852685750914294j)
(4.410022011828937+0.6967356884941865j)
(4.410855702677584+0.7080614526861194j)
(4.411907143113824+0.7192404410362312j)
(4.413165383715031+0.7302677583816926j)
(4.414619265555703+0.7411390653444502j)
(4.416257432227906+0.751850606467454j)
(4.4180683473548745+0.762399241258442j)
(4.420040318416425+0.7727824770275709j)
(4.422161527479303+0.7829985022420161j)
(4.4244200691704165+0.7930462190039363j)
(4.426803995956459+0.8029252731905372j)
(4.42930137050802+0.8126360807816877j)
(4.431900324641166+0.8221798489408041j)
(4.434589124054183+0.8315585905098026j)
(4.437356237822065+0.840775130724665j)
(4.440190411385479+0.8498331051514421j)
(4.443080741583262+0.8587369480766264j)
(4.446016752134817+0.8674918708539111j)
(4.448988467887288+0.8761038300019851j)
(4.451986486106405+0.8845794851559925j)
