(16.457088519490313+0j)
(15.95534893798512-1.954586762597975j)
(14.75021614470103-3.362041628367445j)
(13.236430996250691-4.086195997378858j)
(11.719081775579319-4.147127921511949j)
(10.425885477604444-3.649561514730242j)
(9.50900467298939-2.734974135263918j)
(9.068748368291438-1.5507346396108734j)
(9.182077534405787-0.24845727756438138j)
(9.917595992641381+0.9917466126620373j)
(11.318916799079007+1.9187141318820384j)
(13.328725874125137+2.172038599900853j)
(15.6344882978346+1.322963102152139j)
(17.532069831136386-0.8723649605786787j)
(18.13154505371294-4.04646100626109j)
(17.032914240244065-7.179525384895271j)
(14.707828881757175-9.311236141149886j)
(12.009907318763576-10.15854983288915j)
(9.559011440847254-9.974483353469692j)
(7.611282677314494-9.141388584369494j)
(6.203257054080554-7.960549128754791j)
(5.291582776632211-6.6241433365518j)
(4.824318226592166-5.249623485720511j)
(4.766194427251493-3.9193359663032687j)
(5.100522340821558-2.71365719248828j)
(5.814845730826246-1.7391015481175138j)
(6.864985412973654-1.1484282114211246j)
(8.110290995162279-1.1307889274331222j)
(9.245021778772218-1.8248472651711642j)
(9.832843819032695-3.1409256916106445j)
(9.55324748425619-4.6539118724204735j)
(8.476467156923633-5.81022928527886j)
(6.999459498148296-6.291794491284629j)
(5.530996791886383-6.114741980636323j)
(4.306879313689416-5.463415932845582j)
(3.406126372349108-4.528301918153504j)
(2.8285025204044336-3.4469023535997785j)
(2.5507013938460648-2.306525137621891j)
(2.5528421343807652-1.1644610772756652j)
(2.8267878020298527-0.06844342002807123j)
(3.3737829777303863+0.9250640686953223j)
(4.191727582589654+1.7346306100134263j)
(5.247368521658205+2.2442749083713176j)
(6.431183099690942+2.318007074321398j)
(7.518367177049847+1.8671745819473864j)
(8.2060313892307+0.966506747972601j)
(8.276893229423116-0.09010721838019173j)
(7.765940540798453-0.9236668524296184j)
(6.927266329577677-1.2926391270370026j)
(6.0489707131190995-1.1691829686475417j)
(5.326510158169661-0.6543478026615842j)
(4.8542558957960615+0.1238591999911688j)
(4.66726791752526+1.0578099424052412j)
(4.778998436609219+2.0646061360171424j)
(5.2013739475547265+3.0723488422258765j)
(5.949016905782994+4.001183827603072j)
(7.0282072747140685+4.7444052129995775j)
(8.406974447171136+5.157388862586012j)
(9.966467916640228+5.073856015115201j)
(11.459994305100372+4.377655642279788j)
(12.549523143287654+3.123573578208954j)
(12.96817762440662+1.6024494149162818j)
(12.698818093342496+0.2242611944022144j)
(11.973947668266357-0.7059749610083224j)
(11.108247411989211-1.0999457746216983j)
(10.351781016266889-1.033202609095103j)
(9.851890091798657-0.6460018054573162j)
(9.679060363333473-0.08400378119182478j)
(9.858894731472247+0.5159179176306489j)
(10.385597731986008+1.0179567977237056j)
(11.213285327945478+1.2793508321319014j)
(12.231773096616813+1.1608814612852134j)
(13.248489237503408+0.5707956295656113j)
(14.01531269047625-0.466793106550197j)
(14.322049393953932-1.7746337554379101j)
(14.103772437805711-3.079566555338934j)
(13.464219705167487-4.139185129232238j)
(12.59770131624609-4.832042362947568j)
(11.691633673456833-5.157152951695724j)
(10.877206580028192-5.1824015785115245j)
(10.227736380642948-4.99675211068018j)
(9.77599720275125-4.686087845569183j)
(9.530278266385315-4.32763824650768j)
(9.48206397973708-3.9927797800069205j)
(9.605042298050458-3.7499884590107917j)
(9.84857359480432-3.6615179093020904j)
(10.132961794153536-3.769549936517808j)
(10.357967863544667-4.074665130629323j)
(10.431493139776327-4.521896393497327j)
(10.306402098783028-5.013525148256997j)
(9.997723153282141-5.447740791635j)
(9.566540492146498-5.756140585663402j)
(9.087060222929843-5.916145285263102j)
(8.621306270047894-5.940280597884962j)
(8.210193378596074-5.858554492132948j)
(7.875718663387074-5.705353936861204j)
(7.626631607446527-5.513221650870907j)
(7.463156679890727-5.3114108859521165j)
(7.379330017305009-5.1265490060828345j)
(7.362981087504446-4.983342230007153j)
(7.394125315372725-4.9037096812813j)
(7.44343266983788-4.903103642263126j)
(7.473483045028869-4.9841318186377395j)
(7.446294815064022-5.130273261885138j)
(7.335663682294569-5.305781519779798j)
(7.138336344603481-5.465682258515989j)
(6.875063407848043-5.571906813011022j)
(6.580261887347092-5.605167466497948j)
(6.288184970296021-5.566200010629006j)
(6.02392187214727-5.469101244579272j)
(5.801232902048174-5.3332462498980195j)
(5.624530418813121-5.177759539458291j)
(5.491880920859536-5.019019506431224j)
(5.3973775017146615-4.87007709804135j)
(5.332514696898712-4.740794877289831j)
(5.286824111980984-4.6379274842262905j)
(5.248257314552938-4.5647711213220346j)
(5.203876483820372-4.520366840526806j)
(5.141353420892616-4.498643360308185j)
(5.051423984825401-4.488298677934288j)
(4.930694898537849-4.474327189825248j)
(4.783397992888958-4.4414503191085934j)
(4.620684118931819-4.378377318126459j)
(4.457329616022504-4.280867799622665j)
(4.307399761023956-4.152115587175127j)
(4.180914994779589-4.000665409541754j)
(4.08256670697701-3.837336992054752j)
(4.012188349174602-3.6725890983917404j)
(3.9660693226582313-3.5149335728376596j)
(3.9383466141192587-3.370288790417625j)
(3.9221268585695626-3.241890244122603j)
(3.9103143459039194-3.13042801352132j)
(3.8962633078984785-3.0342415194943677j)
(3.874384815061136-2.9495508287623653j)
(3.8407764763979944-2.870803237803294j)
(3.793841318210463-2.7912512273771224j)
(3.7347524247653214-2.703840331145425j)
(3.6675483222046643-2.6023700317964367j)
(3.598665792955643-2.482727753705j)
(3.535862393560831-2.343861877539839j)
(3.486711842395829-2.1881502061904445j)
(3.4570575802079033-2.0209806536153394j)
(3.4498600367971277-1.8496297031246092j)
(3.4647351882166153-1.6817609252692323j)
(3.4982376882779507-1.523952904026116j)
(3.5447227555698615-1.3805890219953263j)
(3.597512045596479-1.253276702716123j)
(3.650093227925153-1.1408026263983064j)
(3.697154826986089-1.0395258421883868j)
(3.7353454306412277-0.9440704758108722j)
(3.763716118637249-0.8481841127577877j)
(3.7838479692749383-0.7456506810739942j)
(3.799689084643348-0.6311716936070702j)
(3.817134311531704-0.5011515818549565j)
(3.843378805451135-0.3543373955282748j)
(3.886069054412936-0.19226388713034287j)
(3.952274000060126-0.019437231158078844j)
(4.047323136977866+0.15684121381157218j)
(4.17362634277093+0.3271335280327678j)
(4.329702575393005+0.48110098977860144j)
(4.509759744593394+0.6092819046774146j)
(4.7041898588242+0.705131457636478j)
(4.901161356216195+0.7667676924452949j)
(5.0890862615789345+0.7977511709647658j)
(5.259286220328224+0.8064479882932325j)
(5.407982983380064+0.8040594212581852j)
(5.536982844889574+0.801949964213265j)
(5.652974841430986+0.8091196880659726j)
(5.765859603944187+0.8304515446139187j)
(5.886701398833452+0.8659345503564962j)
(6.02575657094928+0.9107173928417016j)
(6.1907694636608985+0.9557348048928187j)
(6.38553293983189+0.9887395351175267j)
(6.608679345215137+0.9957453400867006j)
(6.852805190407801+0.9630115472936142j)
(7.104279941837414+0.8796596461936903j)
(7.344305265522817+0.7407162108090194j)
(7.551734263466205+0.549842661545516j)
(7.70758882125821+0.3205078822384134j)
(7.800181717470812+0.07440586088708684j)
(7.828874342172415-0.16309360430519745j)
(7.804660867869243-0.36910760979230506j)
(7.747187535066367-0.5286493749966701j)
(7.679549690519363-0.6373361464779848j)
(7.622985737435339-0.7009442529664359j)
(7.59306522292347-0.7327374182157004j)
(7.597863311199158-0.7499504033149902j)
(7.637778247442817-0.7704597413549169j)
(7.706389205516754-0.8100810389413773j)
(7.791897188968036-0.880518736175679j)
(7.878950594756293-0.9878692826717671j)
(7.950831806931306-1.1316640544561578j)
(7.9919903777903265-1.3046025236841043j)
(7.990752838478671-1.4932395319934004j)
(7.941789324648758-1.6798434448851511j)
(7.8477108204667125-1.8453809571336777j)
(7.719176056343809-1.9731653353213665j)
(7.5732088224425285-2.0523167300027576j)
(7.429991938086922-2.0800744366102784j)
(7.308947774703242-2.062302281612684j)
(7.225142944733859-2.012119685685042j)
(7.186859932325723-1.9471701112105977j)
(7.194707188691723-1.8863373574778335j)
(7.2421586330621865-1.8466720059132322j)
(7.317121679055627-1.841021838593775j)
(7.404069605215121-1.8765583014274991j)
(7.486359938946512-1.9541827300878214j)
(7.5484855570808005-2.0687110318333013j)
(7.578091746277607-2.2097352872943437j)
(7.567614581441378-2.363082569744194j)
(7.515371700608787-2.5127817978768756j)
(7.425909502468017-2.6433816869780364j)
(7.309435806873931-2.742342156493971j)
(7.180292136417886-2.8020986472113054j)
(7.054638905033868-2.8213618655860158j)
(6.94776047767799-2.8053265550780337j)
(6.871538207427769-2.764710519298685j)
(6.832610312335144-2.7138436575080003j)
(6.831539051785969-2.6682524279575244j)
(6.863027300908673-2.6422485249852956j)
(6.916989838626991-2.6469308628888357j)
(6.9801694111040185-2.688824431419066j)
(7.037997533331971-2.769205821285345j)
(7.07647995871195-2.8840661154660223j)
(7.083965807448827-3.024644718265145j)
(7.052687212758689-3.178494877170057j)
(6.979922586929595-3.3310544655267993j)
(6.868576279078724-3.467642302085886j)
(6.726950553117351-3.5756681311255605j)
(6.56758095766438-3.646682731807258j)
(6.405228325540959-3.6778033473864906j)
(6.254397607839508-3.672125130009664j)
(6.1269455526781496-3.6379889925514313j)
(6.030324459081071-3.5873180635655655j)
(5.966781649650617-3.533490141809444j)
(5.933515295751434-3.4892641377272433j)
(5.92353674731965-3.4651336763148124j)
(5.926900192792998-3.46825071388989j)
(5.932021540302492-3.5018687006103164j)
(5.926944540416195-3.5651662719878594j)
(5.900541760202487-3.6533318120196556j)
(5.843705164886843-3.7578805339968557j)
(5.750557977552134-3.867287434380286j)
(5.619603212047581-3.9680903610590836j)
(5.454548837431233-4.046578707519758j)
(5.264407614979553-4.090986016807407j)
(5.062501854257053-4.093783618261695j)
(4.864308688444277-4.053395765949398j)
(4.684580713971592-3.9746646617515604j)
(4.534580346148206-3.8677963290503423j)
(4.420270331489314-3.746128466796039j)
(4.3418740655270405-3.6234971558234363j)
(4.294645810226492-3.5119868830647856j)
(4.270322695048488-3.4205017304843084j)
(4.258702619069484-3.3541749265413845j)
(4.248997904236009-3.3143684454191367j)
(4.230869022753541-3.29895866866777j)
(4.195225403125633-3.302692326808601j)
(4.134957846756299-3.3175443371424995j)
(4.045746636236303-3.333160492370001j)
(3.9269787269218397-3.3375864750341866j)
(3.7826140877228744-3.318521348618377j)
(3.6216101543081543-3.2652158077715567j)
(3.457374179432049-3.170811801594577j)
(3.305864003342165-3.0344709376365513j)
(3.182502836222678-2.862354547223785j)
(3.098792901896873-2.6667541931784293j)
(3.0598777562225545-2.4634658040772295j)
(3.063929307237369-2.2683637132929415j)
(3.10334306995175-2.094423695367019j)
(3.1669711101149667-1.9500094893325248j)
(3.2424552272228175-1.838505870353634j)
(3.3180507390176834-1.7588723193543352j)
(3.3837810762563083-1.706581644350713j)
(3.432067887383513-1.67456510975649j)
(3.45808509869324-1.6540166795371007j)
(3.4600439992944354-1.6350995162976993j)
(3.439495689434447-1.6077095752567498j)
(3.4015796577695254-1.5624744937102173j)
(3.3549870025017055-1.4920861306926798j)
(3.3113051740347834-1.3928648947529616j)
(3.283471935230703-1.266164082659348j)
(3.2833783793670195-1.118985507823079j)
(3.3191622282444184-0.9632284766912577j)
(3.3931253645625405-0.8134710884697302j)
(3.501127044935887-0.6838912823588793j)
(3.63368459188142-0.5853915026920811j)
(3.778254032554074-0.5238445600181083j)
(3.9217788948928396-0.4997657267975934j)
(4.052748390656915-0.5091042711300408j)
(4.162447599757023-0.5445807118351986j)
(4.245472701211175-0.5970786381450629j)
(4.29976119194375-0.6568369779718708j)
(4.326375370071336-0.7144019834234236j)
(4.329173498261008-0.761412383028827j)
(4.314388300757214-0.7913075994460805j)
(4.290051656376187-0.7999973035675072j)
(4.265178958169295-0.7864424193365354j)
(4.24866827283608-0.753005629325445j)
(4.247977687101327-0.7053748594402772j)
(4.267790952078638-0.6518923982502391j)
(4.309001260801848-0.6022606991872334j)
(4.368352931735347-0.5658130860874054j)
(4.438934617898047-0.5497379614225644j)
(4.511456645249835-0.5577140337372036j)
(4.575990729985403-0.5892985326169636j)
(4.623727544634462-0.6401649065542371j)
(4.648360022504517-0.7030358728406273j)
(4.646872257167202-0.7690092957343536j)
(4.6197051863771215-0.8289584721426039j)
(4.570404968122578-0.8747649151008579j)
(4.504916272486914-0.9002471253776843j)
(4.430680083710492-0.9017368829450726j)
(4.355666098213293-0.8783089246955694j)
(4.287437876911908-0.8316955033791276j)
(4.23232577643884-0.7659269737610326j)
(4.194769467106005-0.6867447311063517j)
(4.176884528891099-0.6008407478413923j)
(4.178300319481616-0.5149916811854072j)
(4.196302627142347-0.4351745438419301j)
(4.226288569497541-0.36577074086112676j)
(4.26249963785978-0.3089767309616093j)
(4.298945438083471-0.2645305200577982j)
(4.330378706510327-0.22982413601032983j)
(4.353151441900444-0.20040378718801388j)
(4.365790487205506-0.1707763772008611j)
(4.36918453099538-0.13536912390124994j)
(4.366361144905577-0.08945445646233217j)
(4.361924732741536-0.029869059560703747j)
(4.361293318375954+0.04458260247935244j)
(4.369894512951281+0.13306784176628916j)
(4.392458999423096+0.2329623607858258j)
(4.432500164942654+0.34029319514965384j)
(4.492013469194342+0.4502863000007242j)
(4.571386243571783+0.5579316578957837j)
(4.669485395424705+0.6585046959855114j)
(4.783884829334077+0.7480068948726136j)
(4.911197916890343+0.8235033957204169j)
(5.047483980916988+0.8833417178117999j)
(5.188697608985928+0.9272387822787364j)
(5.331146701341871+0.9562268932154548j)
(5.47191980952153+0.9724543225794142j)
(5.609235767120616+0.9788462247128159j)
(5.7426642891389355+0.9786503606829551j)
(5.873173221567674+0.9749165107100111j)
(6.002979850170201+0.9699793240499441j)
(6.135216065723904+0.9650223074331078j)
(6.273450909671293+0.9597909630244568j)
(6.421138711771966+0.95249783439677j)
(6.581069847147658+0.9399294179549527j)
(6.7548937994825735+0.9177347175974626j)
(6.942766591069466+0.8808551253587817j)
(7.143155168640323+0.8240468702707763j)
(7.352816377860098+0.7424463298433172j)
(7.5669588346423415+0.6321283691285489j)
(7.779588133731891+0.49060377570792424j)
(7.98402282182837+0.31719393303030086j)
(8.173545064371918+0.11321470174612248j)
(8.342115413614376-0.11809296560032505j)
(8.485043695555365-0.3719201357489664j)
(8.5994850931448-0.6425153298159295j)
(8.684640547711806-0.9239903881248205j)
(8.741590926384562-1.211159617371056j)
(8.77277379415999-1.5002399266729114j)
(8.781194260074862-1.7892604549711204j)
(8.769520369274831-2.078088845144949j)
(8.739235413464993-2.368055569729829j)
(8.690009157754911-2.661225784546909j)
(8.619422359862558-2.959421610278963j)
(8.523144313660648-3.2631430273068243j)
(8.395615644757322-3.570582996759953j)
(8.231207962877688-3.8769778229038416j)
(8.025702398472905-4.174545035541374j)
(7.777769728282667-4.4531854248602425j)
(7.490019803598761-4.701929185297578j)
(7.169220787853525-4.910828557640956j)
(6.825521667825771-5.072772726674877j)
(6.470868255703496-5.184677163251891j)
(6.1170977907119255-5.247725578537806j)
(5.7742669940463145-5.2667003998967665j)
(5.449598459505799-5.248729617854019j)
(5.147150522818247-5.201875809263192j)
(4.868083767887443-5.1339085655004215j)
(4.611293099512779-5.051435545219197j)
(4.374184831531486-4.959419001414914j)
(4.153445555129212-4.861020199274349j)
(3.945720380661787-4.757690694575842j)
(3.748164726560899-4.649441238298702j)
(3.5588517611676327-4.5352392771223j)
(3.377016392165805-4.413496434381124j)
(3.2031117560578224-4.2826008217161915j)
(3.038660797186279-4.141429589098731j)
(2.885912701543665-3.989758597200261j)
(2.747358124268656-3.8284865829605774j)
(2.6252007730286833-3.659622561176823j)
(2.520902308133949-3.486042813898157j)
(2.434897993788645-3.311085489868923j)
(2.3665278344933185-3.1380890995813204j)
(2.314165667731816-2.969980725049828j)
(2.2754830821748224-2.8089860434414784j)
(2.2477696702867833-2.65648633103705j)
(2.228242758567605-2.5130080398522976j)
(2.2143051169466093-2.3783091520094644j)
(2.203734684270105-2.2515230652673197j)
(2.194808046023159-2.1313286261947324j)
(2.186367386696824-2.0161265118916973j)
(2.1778409813346156-1.9042119815037906j)
(2.169223570742829-1.7939394091087149j)
(2.1610187062358643-1.6838746357541354j)
(2.1541430592939927-1.5729283130870162j)
(2.1497942916177166-1.4604593301940914j)
(2.1492894321363636-1.346334832119741j)
(2.153888245779511-1.2309346443447313j)
(2.1646228919394233-1.1150942037722105j)
(2.182157996823496-0.9999903605243287j)
(2.206702013193126-0.8869855998161401j)
(2.237981735810508-0.7774544299947411j)
(2.275279881494848-0.6726179995190327j)
(2.3175246873167206-0.5734089919810901j)
(2.3634137163823574-0.48038056292470177j)
(2.411552562237289-0.3936638333373298j)
(2.4605918113535656-0.3129711147338782j)
(2.5093501822940696-0.23763793546431777j)
(2.556916038559762-0.16669572381802283j)
(2.6027222972431248-0.09896731483460648j)
(2.646591177088141-0.033177826465049104j)
(2.6887461269921995+0.031926904191320465j)
(2.729789650657125+0.09746311153974499j)
(2.7706481115721737+0.16430274954709553j)
(2.8124877659038137+0.23298745869752516j)
(2.856609452594516+0.3036706135712958j)
(2.9043315863969674+0.376092105553986j)
(2.956871628053211+0.4495867687189824j)
(3.015234969702681+0.5231240788774939j)
(3.080117841628838+0.5953748879863098j)
(3.1518285744717573+0.6648008138403825j)
(3.230230489871163+0.7297629792163495j)
(3.314710475196185+0.7886478796027583j)
(3.404179666067768+0.8400077380423433j)
(3.4971153059984306+0.8827095133906904j)
(3.5916535573168957+0.9160804309600815j)
(3.685739266645783+0.9400297868383161j)
(3.777328777584193+0.9551200793413642j)
(3.8646266155173805+0.9625598283163788j)
(3.946320565414699+0.9640996897903834j)
(4.021769463223502+0.9618330553915669j)
(4.091100678441884+0.9579271457297416j)
(4.155191755077824+0.9543312413485927j)
(4.215537758639705+0.9525160482508479j)
(4.274032128031236+0.9532889164974689j)
(4.33270433243091+0.9567082496636149j)
(4.393458284295759+0.9620965118977818j)
(4.457844285257391+0.9681337672620319j)
(4.526881505686852+0.9730069126965892j)
(4.600934696094367+0.9745925077020761j)
(4.679642055879431+0.9706588841468231j)
(4.7618914788064135+0.9590809735231174j)
(4.845847733914964+0.9380650929070617j)
(4.929040093705959+0.9063785942815743j)
(5.008524366679255+0.8635704746374456j)
(5.08113094250788+0.8101556085792319j)
(5.143797874962479+0.747721749211221j)
(5.193964587368523+0.6789120898017463j)
(5.2299721338584595+0.6072451214115954j)
(5.251391046198502+0.5367625244234153j)
(5.25919202685859+0.4715410258891071j)
(5.255698411486895+0.41515079230854435j)
(5.244310129114322+0.3701702352599466j)
(5.229049441848069+0.337859637296425j)
(5.214024319854078+0.3180542221443959j)
(5.202917873819242+0.30927861418192815j)
(5.198590502654099+0.30903323477373346j)
(5.2028394486825755+0.3141763287512159j)
(5.216317685002461+0.32132607934760893j)
(5.238584614170477+0.3272269631899168j)
(5.268249363521295+0.3290503777020914j)
(5.303170179328767+0.3246215464979983j)
(5.340683955547486+0.3125779178044738j)
(5.377852065446022+0.29246830245338984j)
(5.411718076241001+0.26479887657484313j)
(5.439577142286859+0.23102478665202333j)
(5.459254688842656+0.19347756481770867j)
(5.4693832221274485+0.15521232563830178j)
(5.46965196198849+0.11975866560690548j)
(5.460988083023543+0.09076914472728874j)
(5.445617296151951+0.07158118386894263j)
(5.426954037523916+0.0647395424712048j)
(5.409294829344924+0.07155785901779069j)
(5.397332296452111+0.09181411626123019j)
(5.395560112746814+0.12366237756459969j)
(5.407679615750163+0.16379835744047078j)
(5.4361266315452195+0.20785245801798954j)
(5.481805619101966+0.2509260478780611j)
(5.544060263717825+0.2881585632403082j)
(5.620849950731218+0.31522293561671333j)
(5.709062580075633+0.3286850427150325j)
(5.804885037240571+0.3262093979302048j)
(5.904168070850216+0.3066300576841759j)
(6.002749484044948+0.26992388843810583j)
(6.0967258904126576+0.21712354452724078j)
(6.182681055962971+0.1501958356590312j)
(6.257885394543031+0.07189476201585744j)
(6.320477158249157-0.01441667878564367j)
(6.3696235721113625-0.10499122265580808j)
(6.405643149924939-0.19598398228005365j)
(6.43005401616328-0.28380465261222904j)
(6.445504594305886-0.3655156611833846j)
(6.455550343916663-0.43922702977349115j)
(6.464267641318065-0.5044138508917771j)
(6.475739162842358-0.5620762671851652j)
(6.493489530560444-0.614684366372771j)
(6.5199754050551615-0.665898648779819j)
(6.556226344500953-0.7201133998772858j)
(6.601693017468625-0.7819117313802648j)
(6.654305204290235-0.8555308555187535j)
(6.710696526658479-0.9444143539826148j)
(6.766531630942221-1.0508892965433831j)
(6.8168763366747465-1.17596892665399j)
(6.856572580118857-1.319259577650892j)
(6.880604545849378-1.478947269219561j)
(6.884459309872238-1.6518509743393934j)
(6.864488736825252-1.8335477973002778j)
(6.818268294811093-2.01859130089409j)
(6.7449261261757405-2.2008496410300484j)
(6.645389568823003-2.373978613260284j)
(6.522477732491296-2.532014114430673j)
(6.380770640541653-2.6700243920377416j)
(6.226216645666049-2.7847195144210777j)
(6.065497726470544-2.87489412631971j)
(5.905239400645026-2.9415960978254123j)
(5.75120149157443-2.9879691880417645j)
(5.607595444242032-3.0187939186972486j)
(5.476638896873789-3.039817833046796j)
(5.358395316756246-3.0569995858033145j)
(5.250882994787055-3.0757841437485554j)
(5.150396177412416-3.100490819004291j)
(5.051969592785343-3.1338530583720012j)
(4.949929536113535-3.176717278128809j)
(4.8384956274576-3.22789629239633j)
(4.712412621065163-3.2841793802718713j)
(4.567591092338514-3.3405164839479995j)
(4.40171645492996-3.390404940215232j)
(4.214753303834673-3.4264994926498367j)
(4.009241657566146-3.4414306326712083j)
(3.7902750666663265-3.428754494295082j)
(3.565087337721965-3.3838883135779105j)
(3.342258297929118-3.304841860702512j)
(3.1306566607766912-3.1925695352653696j)
(2.9383251154236114-3.050849538250363j)
(2.7715362922869207-2.885719742854065j)
(2.6341944547517864-2.7046136512816696j)
(2.527651963059189-2.515397803698445j)
(2.450899665443718-2.3254988818181452j)
(2.4010176426287395-2.1412440531500136j)
(2.373752275385697-1.9674583680338622j)
(2.3641069775665375-1.8072993673139033j)
(2.3668748538747-1.6622753472717458j)
(2.377081758983257-1.532387854995299j)
(2.39033622225695-1.4163506580688432j)
(2.403095514659916-1.3118553712605423j)
(2.4128573205721224-1.21586961077358j)
(2.4182790846585895-1.1249620802788673j)
(2.419217830379874-1.035648692014346j)
(2.416677448464092-0.9447457593272743j)
(2.412652279582911-0.8497040209028155j)
(2.409867021657109-0.7488863183900188j)
(2.4114317408997987-0.6417482830430271j)
(2.420451392914764-0.5288896979941122j)
(2.439643926680348-0.41196427745814784j)
(2.4710230939054956-0.2934622034331827j)
(2.5156894785641817-0.17640421187228023j)
(2.573749908876677-0.06400013293820263j)
(2.6443593641824963+0.04067530096807811j)
(2.7258589742826818+0.1349489585013548j)
(2.8159735392013023+0.2167364116815014j)
(2.9120323386135847+0.2846462434695206j)
(3.0111846280159487+0.33801144728428306j)
(3.1105917865958235+0.37686442240566564j)
(3.2075879515446277+0.40187285142109846j)
(3.2998080442459954+0.41425077860057763j)
(3.385285779383327+0.4156547487995746j)
(3.4625250190539982+0.4080706936589775j)
(3.5305466924372704+0.3936944406436838j)
(3.5889115821611153+0.37480767881821003j)
(3.6377176027160485+0.35365181609518576j)
(3.6775695247032982+0.3323038872219782j)
(3.7095198301115055+0.3125607562463262j)
(3.7349814923726763+0.29583946605738975j)
(3.75561651752512+0.2831020183533683j)
(3.7732073121586027+0.27481174922714535j)
(3.789520526625945+0.27092588010151214j)
(3.8061743026832726+0.2709252830916531j)
(3.8245195649054367+0.2738787703640177j)
(3.845544318195419+0.2785360504495457j)
(3.869807374290167+0.2834413781379229j)
(3.8974051617942993+0.28705895590072855j)
(3.927972769645325+0.2879010751281839j)
(3.960718326250422+0.2846504012893026j)
(3.9944881111355772+0.2762683597873054j)
(4.027858145401121+0.2620821620192871j)
(4.059246166960845+0.24184380829117097j)
(4.08703586582205+0.21575578833842002j)
(4.109703369573474+0.1844605131360772j)
(4.125934828092331+0.1489938201957373j)
(4.134724177803559+0.11070683726422138j)
(4.135442127119183+0.07116430887319472j)
(4.127870952166097+0.03203026718374788j)
(4.112204149372814-0.00504706873623062j)
(4.08901435846609-0.03854029422866336j)
(4.059196280600657-0.06712952908480813j)
(4.023892976845297-0.08976619633387413j)
(3.9844138757464664-0.10571272712384347j)
(3.942151446740676-0.11455974155062523j)
(3.89850146964542-0.11622375850292511j)
(3.854789828449064-0.11092881118380964j)
(3.8122072950551136-0.099174800047593j)
(3.771753108027568-0.0816944698086733j)
(3.7341882964919573-0.05940004066237789j)
(3.7000004368329185-0.03332016286675837j)
(3.6693824895948537-0.004528255615251484j)
(3.6422290867326095+0.025935503345871563j)
(3.618153656507624+0.05714441965141453j)
(3.5965287097559058+0.0883615487584221j)
(3.5765493101302095+0.11910406369697335j)
(3.5573163946385327+0.14918716182974362j)
(3.537932783366395+0.17873998822938456j)
(3.517601344523539+0.20818903155011362j)
(3.49571291621879+0.23820908029706755j)
(3.471912071944777+0.2696472262044048j)
(3.446131919730083+0.3034302433156023j)
(3.4185943093532223+0.3404685995904165j)
(3.3897778310063322+0.38157049910163526j)
(3.3603612694208653+0.42737668415584484j)
(3.3311534503594893+0.478322078202626j)
(3.3030211005483046+0.5346250553091744j)
(3.276824660328941+0.5963005120094043j)
(3.25336875982201+0.6631898991695382j)
(3.23337033128156+0.7350002381706233j)
(3.217443973371108+0.8113446454092821j)
(3.206101738090372+0.8917784581797887j)
(3.1997631191715525+0.9758270791650674j)
(3.198770536312663+1.0630036593037941j)
(3.203405753507553+1.1528164598659736j)
(3.21390316790185+1.244767118838989j)
(3.2304565821826685+1.338342176612578j)
(3.2532168947824793+1.433001221717096j)
(3.2822792157983445+1.5281659803362009j)
(3.317659442746061+1.6232155308559513j)
(3.359262492199893+1.717493297119504j)
(3.4068471736160895+1.810331059909783j)
(3.459995716386462+1.9010933281785383j)
(3.5180983211107+1.9892416271997952j)
(3.5803634946453644+2.0744128004020475j)
(3.645862091765632+2.1564994888105886j)
(3.7136065518055434+2.235716735392796j)
(3.782658096527889+2.3126385609297047j)
(3.8522466444703567+2.3881935649433177j)
(3.921884339802279+2.463617935802821j)
(3.9914558433107015+2.5403743039190427j)
(4.061276083091608+2.620051678286047j)
(4.132115848475238+2.704262854799543j)
(4.205203699293404+2.794551386346882j)
(4.282216703921785+2.892312737183399j)
(4.365272086653096+2.9987264106098612j)
(4.45692802669588+3.1146896215304896j)
(4.5601960736019125+3.240739196021848j)
(4.678560901451601+3.376946639784908j)
(4.815995572715851+3.5227714000792583j)
(4.976951651497385+3.67685949093796j)
(5.16629285811928+3.8367801880461014j)
(5.3891287994494785+3.9987051237365026j)
(5.650494167803716+4.157055705155016j)
(5.954815276374732+4.304180145691656j)
(6.305122229311528+4.430170866388804j)
(6.702018703741722+4.522986990317562j)
(7.142526937271481+4.569077472385285j)
(7.6190765845383766+4.554659803393552j)
(8.119049354134932+4.467645789931227j)
(8.625317770412313+4.299914187125741j)
(9.118009026763662+4.049311268341051j)
(9.577273070160144+3.720624018252016j)
(9.986329236859914+3.325005178433199j)
(10.33383098942952+2.8779037681809494j)
(10.614824304855956+2.3961617814812546j)
(10.830156534269307+1.895211328678375j)
(10.984758991476115+1.3871238545888493j)
(11.085486217358161+0.8798145084115344j)
(11.139117472585767+0.3772869969830481j)
(11.150878114442397-0.11941006021559882j)
(11.123602807360172-0.6108625653254238j)
(11.057526400928522-1.097877267572935j)
(10.95064275279469-1.5801715753630203j)
(10.799560515417197-2.055334798957823j)
(10.60075080838761-2.518235528087606j)
(10.351997968363401-2.961043649160386j)
(10.053754193663462-3.3739588592677094j)
(9.710033855570673-3.746565984200589j)
(9.328546093106798-4.069518056266545j)
(8.919979098584777-4.336094239795272j)
(8.496636029507918-4.543199327133793j)
(8.070833686764145-4.691576211834847j)
(7.653502708414948-4.785285855551585j)
(7.253280774797993-4.8307241722947385j)
(6.876172803970713-4.835509209276061j)
(6.525677041386144-4.807502615444881j)
(6.203196647420055-4.754101975287978j)
(5.908562043356227-4.681825327941759j)
(5.640539374303568-4.59613913883587j)
(5.397257899893712-4.501455757214515j)
(5.1765338313837885-4.401230255012326j)
(4.976095101376344-4.298103099487199j)
(4.793723839416509-4.1940534638931695j)
(4.627336246518104-4.090542987829647j)
(4.475017730703905-3.988640135874249j)
(4.33502766581613-3.8891215068696128j)
(4.2057846798063565-3.792549668324178j)
(4.0858407388338795-3.6993285005256653j)
(3.9738506615387603-3.6097376188714203j)
(3.8685428930118078-3.5239479598329657j)
(3.7686969353712185-3.4420215628257593j)
(3.673132131234728-3.3639000981823077j)
(3.5807108895396302-3.2893884512855402j)
(3.4903566208067254-3.2181408770389397j)
(3.401082978645257-3.1496569007087625j)
(3.3120276187135365-3.083291655618278j)
(3.2224820617578205-3.0182810660553683j)
(3.131910367430485-2.9537776129405544j)
(3.0399529659302713-2.8888891991441383j)
(2.946416722642319-2.8227131087984376j)
(2.8512562759988196-2.754359205158468j)
(2.754553622662435-2.682960182119269j)
(2.6565026476897784-2.6076703785062723j)
(2.55740350563683-2.5276573288174697j)
(2.4576694141097195-2.4420915685518976j)
(2.357846228113768-2.350140537301139j)
(2.2586433619372337-2.250972239451914j)
(2.160973062739355-2.143774027517662j)
(2.0659933608861483-2.0277915812219196j)
(1.9751478606487438-1.9023926543064957j)
(1.8901926861844236-1.7671589289867318j)
(1.8131974971335267-1.6220065819161995j)
(1.7465042272511362-1.4673310445979375j)
(1.6926255424917664-1.3041632714100508j)
(1.6540672622105135-1.1343137560360617j)
(1.633067894648838-0.9604683430663014j)
(1.6312660558739263-0.7861907046231962j)
(1.6493321760485318-0.6157865579588653j)
(1.686628860302322-0.4540008652615106j)
(1.740983390294691-0.3055538164561564j)
(1.8086532580123025-0.17456796911122696j)
(1.884534297491056-0.06398187113852079j)
(1.9626061020844743+0.02493416824886086j)
(2.036549141608369+0.0928594046120912j)
(2.100426333728679+0.14244771472881582j)
(2.149315110350521+0.17810375589143249j)
(2.179802954583526+0.20556700247706003j)
(2.1903032644133726+0.23138258413200846j)
(2.181188597032229+0.26233251988127876j)
(2.1547615936954196+0.30488006154027125j)
(2.1150886645290106+0.3646584488686775j)
(2.067715356847674+0.44602365901042285j)
(2.0192758633564027+0.5516908565691024j)
(1.9770106184849852+0.6824812972267523j)
(1.9482180736772179+0.8372117613846911j)
(1.9396858411184363+1.0127538831505072j)
(1.957163699010127+1.204271839685859j)
(2.0049461838691114+1.4056166346746077j)
(2.0856194039855565+1.6098234384693044j)
(2.1999972510167978+1.809636987482555j)
(2.347235247810578+1.9979865089885571j)
(2.5250768873388325+2.168346671592541j)
(2.7301662425365842+2.314949041845299j)
(2.9583551808656616+2.4328404320194363j)
(3.20494097127296+2.517812280296578j)
(3.464784100340591+2.5662452053277485j)
(3.73227061855685+2.5749269732419724j)
(4.001095841898015+2.5409164899155905j)
(4.26386067798571+2.4615493927021332j)
(4.511501800055584+2.3347192446331118j)
(4.732649660425222+2.1596197101854693j)
(4.913165558282089+1.9381665486018744j)
(5.036385386433225+1.6772392645810241j)
(5.084936452532721+1.3915011878032517j)
(5.045066014580011+1.10566825845409j)
(4.913504348505817+0.8538858990924745j)
(4.704421232464233+0.6735998436095897j)
(4.451333380533638+0.5939942853160203j)
(4.19977488254411+0.6243979468019731j)
(3.9930552269851116+0.7505885046611657j)
(3.8596648263390865+0.941763193741968j)
(3.809225079573435+1.1627541365997311j)
(3.8365417617480944+1.3838270225049334j)
(3.928717120711161+1.5846920361961845j)
(4.071100292969288+1.753938258910003j)
(4.250683401929436+1.8864983557671557j)
(4.457384111580551+1.980974214614076j)
(4.6841131586729166+2.037549298998269j)
(4.926317936284605+2.0565461312851325j)
(5.18137203346399+2.0374368598589805j)
(5.447939036396083+1.978075521072521j)
(5.725279735158906+1.8739486177000162j)
(6.012339013609511+1.7172776628861417j)
(6.306270461980477+1.4958584109123778j)
(6.599745470227286+1.1916663932525111j)
(6.875859082302291+0.7797452104542764j)
(7.098776935501944+0.22938374105417939j)
(7.198638194218644-0.4865303344887408j)
(7.055786975331591-1.3608962602874455j)
(6.5142637914508725-2.286674642286004j)
(5.4905007346938595-2.993200749296333j)
(4.164687215031496-3.1441130722735324j)
(2.9667704629508154-2.6503653947293038j)
(2.220570493294705-1.7790474865180885j)
(1.9391264055463784-0.8663018644752085j)
(1.970988550179799-0.09255478147255909j)
(2.168953080350198+0.5025965512544077j)
(2.4398570011738867+0.940695953829752j)
(2.734932771640924+1.2564249250171977j)
(3.031617507474259+1.480244931747678j)
(3.32099224670701+1.6348236842618384j)
(3.600832606647653+1.7357564591460182j)
(3.8720535079179546+1.7930586940280884j)
(4.136924164591077+1.8123983832777164j)
(4.398123988986431+1.795862158716927j)
(4.658117743886111+1.7422682830177978j)
(4.9185026613589855+1.647074052920554j)
(5.178990289125397+1.5019347257514346j)
(5.435556176833996+1.2940562054301008j)
(5.6770335361214315+1.0058069127284202j)
(5.879186301453307+0.6159666458019589j)
(5.995835113538591+0.10607396889557481j)
(5.950472915219512-0.5214644562022412j)
(5.643613250395812-1.2076947399734328j)
(5.006014383337859-1.8010868572811725j)
(4.098250079928545-2.0901780410443216j)
(3.1435304032195734-1.9501917113595926j)
(2.385649612660147-1.4566028407275977j)
(1.9270893824477242-0.8026338707758662j)
(1.7315670783272719-0.14944909586800667j)
(1.7143747038333161+0.42560182165814897j)
(1.8011634347237457+0.9050931006437749j)
(1.9428293271815873+1.298627404265986j)
(2.111203561513703+1.6232609330473438j)
(2.2916424551034837+1.8955354845242607j)
(2.4775484922869153+2.129169954191116j)
(2.667063702099523+2.334881278879572j)
(2.8612826553061854+2.52082240905935j)
(3.0634227237977503+2.6930587096592435j)
(3.278611890853994+2.8558651959532755j)
(3.5141321638771488+3.011719362469504j)
(3.7800727650778922+3.1608088375076138j)
(4.090393990647259+3.299672136704102j)
(4.464290323764876+3.418146566246406j)
(4.927098529289582+3.4929137107378248j)
(5.507568366777848+3.474553310056602j)
(6.220618051796733+3.2651154399440645j)
(7.007269964760211+2.6978412285173836j)
(7.605130748262079+1.6006479415715786j)
(7.516599204260017+0.1051548209770846j)
(6.529279681047563-1.1125573214168711j)
(5.182032672379158-1.518474458193621j)
(4.07073974411937-1.2866822003665555j)
(3.3372866476131464-0.7999298905929366j)
(2.8915160973192937-0.2772726272174452j)
(2.624852896259119+0.20499626381583588j)
(2.4626993382233318+0.6331054486592106j)
(2.360146464457021+1.0138679067197713j)
(2.2908267670135634+1.3589856084602365j)
(2.238974081824711+1.6801667860611773j)
(2.194721720652131+1.9880746296320289j)
(2.1514180908947655+2.2925395535182567j)
(2.104050303816045+2.603191059004344j)
(2.048230286715845+2.930302184126066j)
(1.9794137062176536+3.285901952423287j)
(1.89211056524409+3.685391032343468j)
(1.7788265822200084+4.150156424973523j)
(1.6283072261364178+4.7122350885662385j)
(1.422164472642717+5.4234430363477j)
(1.1275396365685546+6.375179581701664j)
(0.6787691874875692+7.747297117899881j)
(-0.07785465969977055+9.952288990923945j)
(-1.606818876871866+14.196674059151446j)
(-6.264326673089369+26.178290125789506j)
(-298.32383960915325+277.68034181015446j)
(11.433002942670047-26.640637487071235j)
(7.281990130008519-11.83069164652963j)
(5.830151320926318-7.04444060270756j)
(5.082648934124724-4.626853088024713j)
(4.6179279085886-3.130063505584567j)
(4.292225322024509-2.0812005926783854j)
(4.042548295249444-1.2786736672828545j)
(3.836239356830521-0.6206982697565171j)
(3.6538436419183493-0.04886048521524685j)
(3.482025686311005+0.47444206648648707j)
(3.31006061432914+0.9764865019188583j)
(3.127639341029279+1.4798877423027164j)
(2.922958774317467+2.006310306561952j)
(2.6803494731172175+2.5796322991949134j)
(2.3764477452528165+3.229523140964132j)
(1.9729485574994963+3.9964397649513383j)
(1.401245392141707+4.93936369919931j)
(0.5262628259904525+6.147458535520594j)
(-0.9490358557395343+7.750498373562738j)
(-3.7672982431564512+9.864933672709045j)
(-9.972540245542119+11.90918263973417j)
(-22.80076701515384+7.23250893213373j)
(-22.65861552117595-14.388012475592376j)
(-6.97995320286293-18.28512290458048j)
(-0.3852153308317103-14.156512242866755j)
(1.9733496271915314-10.894484458677304j)
(2.9429359480575914-8.701394207330258j)
(3.389021092848431-7.1770948306445765j)
(3.606794843768419-6.0623855374927995j)
(3.712843603884873-5.208402128072814j)
(3.7589597804819928-4.527279976108612j)
(3.770282153237577-3.964467315293893j)
(3.7598183510700474-3.4842095891512903j)
(3.7345798155714154-3.0617175448735527j)
(3.6983999204531655-2.678708826667244j)
(3.653320768875959-2.3206832980002874j)
(3.6003195315324854-1.9750807731842603j)
(3.53972042639424-1.629829324360507j)
(3.4714718766954893-1.271931789945935j)
(3.3954195960366538-0.8857314949169802j)
(3.311749071414102-0.4503289627599749j)
(3.221976433987637+0.06484484140986949j)
(3.131543540781086+0.7084562871834432j)
(3.0573969675589434+1.5648422697808357j)
(3.0528104582622584+2.7940370883007577j)
(3.3026658076224407+4.73080633911947j)
(4.5837309583850665+8.112722966412163j)
(10.9215849228381+13.49164558148478j)
(26.911218414109456+4.561558773943169j)
(18.229185632641713-9.564036698317716j)
(11.248491682498488-9.415738369341486j)
(8.365158730867032-8.075988996333143j)
(6.925982912549497-7.039215239341262j)
(6.074918656220236-6.288962393507966j)
(5.505119198862781-5.732783017468643j)
(5.0860734077360386-5.306080119595533j)
(4.754184872240331-4.967814052663189j)
(4.475001288076872-4.691472491448197j)
(4.2281773114097225-4.459224265500853j)
(4.000764310767232-4.258485026873358j)
(3.7839279398159777-4.079877513681203j)
(3.571215443588602-3.9159664806380503j)
(3.3575775321236403-3.7604211663923093j)
(3.1387794010576577-3.607405076629439j)
(2.9110228253943475-3.4510660895042866j)
(2.6706911466876764-3.2850320311558083j)
(2.414178259690715-3.101821675112298j)
(2.1377995373159324-2.89205996743419j)
(1.8378299541208376-2.6433309470702713j)
(1.5108076615193529-2.338391843800174j)
(1.1544603914071991-1.9522687691258842j)
(0.7701741734645392-1.4474127534451482j)
(0.36950547393195005-0.7658678327246924j)
(-0.018912080146008606+0.19956544157396586j)
(-0.26027380221616814+1.560488357557224j)
(-0.07555507997148299+3.533197718339125j)
(1.290066996471852+6.137709061249748j)
(5.032554545153989+8.287538088092763j)
(10.375125906855063+6.983802805168046j)
(12.938525419344584+2.3106467951792076j)
(12.133556922231438-1.6566342768858813j)
(10.332731695177943-3.808497507014356j)
(8.634408577171698-4.824839536581817j)
(7.230851915469592-5.268957025732773j)
(6.083069499882031-5.424449605836297j)
(5.125057257357396-5.423696728210298j)
(4.304044948570067-5.329042633815198j)
(3.5831831261582034-5.17042084050914j)
(2.937852374513587-4.962251190305925j)
(2.3520479834918286-4.71125860042838j)
(1.8157793696778683-4.420259545004306j)
(1.3233418773874457-4.090101062425521j)
(0.8721815595253041-3.720729788112909j)
(0.46212781745944015-3.3118288799475546j)
(0.09485480181837325-2.8632190399857342j)
(-0.22650433407112508-2.375121560369145j)
(-0.49763377092539324-1.8483387054402818j)
(-0.7132301066955001-1.284378521777161j)
(-0.8671624710795545-0.6855248615831249j)
(-0.9527467097121678-0.05500288006667587j)
(-0.9624968065230788+0.6023736466694669j)
(-0.8875263851378694+1.280804440523393j)
(-0.7183948640042489+1.9732304053703444j)
(-0.4446531563261582+2.670339726105645j)
(-0.05445925291383799+3.359940258464719j)
(0.46557717989714076+4.025781718866678j)
(1.1303263729877397+4.6456279285546875j)
(1.9554230208564154+5.188298326487715j)
(2.9550173967777154+5.6093569461216415j)
(4.136273830290903+5.845425353909117j)
(5.487616968700952+5.8083439196287605j)
(6.956643381300553+5.38394769033482j)
(8.415922658129325+4.447711934961485j)
(9.629017831139377+2.9184642569504833j)
(10.262837916108296+0.8620325607716306j)
(10.015195557927372-1.4096627736222922j)
(8.836121362780565-3.3907686127140106j)
(7.030114079525804-4.6442253656977055j)
(5.0770376957917165-5.0439046311165185j)
(3.357539261310423-4.7551520032009895j)
(2.0410221950624194-4.048633329652893j)
(1.1353501205611265-3.1569360539094067j)
(0.5738636529810236-2.2305782462890904j)
(0.2745106489938079-1.3499683451559947j)
(0.16514956757204083-0.5529733613526947j)
(0.17414659620149037+0.1695008121764631j)
(0.30410996191750234+0.7862324577283206j)
(0.48615385062773586+1.3201326644656952j)
(0.7088401240637383+1.780496354948636j)
(0.9578058724319903+2.176550958319056j)
(1.222777518926236+2.5175262536434238j)
(1.4967351135107991+2.812024450020148j)
(1.7750965048486924+3.067869643106733j)
(2.0551255444696994+3.2921282167132486j)
(2.3355282869614067+3.4912039827144614j)
(2.6161956339991983+3.670970764173591j)
(2.898065605161836+3.836930105570914j)
(3.1830946659183823+3.994395800337986j)
(3.4743450305197356+4.148717950106341j)
(3.7762174263355455+4.305572166931142j)
(4.094894096563626+4.471359596921114j)
