(1.4137666138808096+0j)
(1.516029234589965+0.3483935397120648j)
(1.687505928242345+0.5565031575937022j)
(1.833882632357743+0.6870640322731486j)
(1.9543483921251372+0.7854426871858817j)
(2.0568839847325258+0.8678714072354025j)
(2.1470999146082246+0.9412478091662059j)
(2.228812388342331+1.0089216387450086j)
(2.3046276906033674+1.0725903340580363j)
(2.3763264357050997+1.1331390241673944j)
(2.445136146292167+1.191043954267617j)
(2.511915420633218+1.2465680877623908j)
(2.5772732989611886+1.2998582766707487j)
(2.6416460899452+1.35099586820707j)
(2.705347673766187+1.4000245472302888j)
(2.7686033459178585+1.4469663828512718j)
(2.8315732177684634+1.491831365835358j)
(2.8943687739995188+1.5346231685529714j)
(2.957064804530055+1.5753426418002077j)
(3.0197081306314595+1.6139899334901833j)
(3.0823240672238565+1.6505657627852366j)
(3.1449212638704247+1.6850721760495064j)
(3.2074953713257033+1.7175129852699655j)
(3.2700318487021134+1.747894012414471j)
(3.3325081357577644+1.7762232157289204j)
(3.3948953517905576+1.8025107447805737j)
(3.4571596383766736+1.8267689530984277j)
(3.5192632318869737+1.8490123861536374j)
(3.5811653293726127+1.8692577555196614j)
(3.6428227953276306+1.8875239056965507j)
(3.704190745121037+1.903831777327938j)
(3.7652230322705464+1.9182043687709072j)
(3.8258726603071005+1.9306666968572253j)
(3.8860921351469053+1.9412457569783848j)
(3.945833770211636+1.9499704822050778j)
(4.005049953723023+1.9568717009175305j)
(4.0636933854244885+1.9619820923217435j)
(4.121717288299983+1.9653361392075777j)
(4.179075599549972+1.966970077347906j)
(4.235723144066488+1.9669218410121194j)
(4.291615792851661+1.9652310041691003j)
(4.346710608209353+1.9619387170608804j)
(4.40096597705802+1.957087637943759j)
(4.454341733345058+1.950721859904438j)
(4.50679927026031+1.9428868327677118j)
(4.558301642736291+1.9336292802105566j)
(4.608813660565609+1.9229971122951615j)
(4.658301972357126+1.911039333711261j)
(4.706735140478124+1.897805948097655j)
(4.754083707085795+1.883347858871792j)
(4.8003202513301355+1.8677167670522663j)
(4.845419437808313+1.8509650666001218j)
(4.889358056362918+1.8331457378359246j)
(4.932115053338974+1.8143122395118234j)
(4.973671554445739+1.7945184001271215j)
(5.014010879405143+1.773818309078865j)
(5.053118548607762+1.7522662082292817j)
(5.090982282036272+1.7299163844567547j)
(5.1275919907564695+1.7068230637330821j)
(5.16293976131199+1.6830403072392508j)
(5.197019833393356+1.6586219099963122j)
(5.229828571182028+1.6336213024465656j)
(5.261364428794347+1.6080914553771155j)
(5.291627910272192+1.5820847885292988j)
(5.320621524580138+1.5556530831903854j)
(5.34834973607942+1.5288473990124969j)
(5.3748189109521105+1.501717995256258j)
(5.400037260048326+1.4743142566055554j)
(5.424014778620941+1.4466846236546178j)
(5.446763183403766+1.4188765281231912j)
(5.468295847470671+1.3909363328120294j)
(5.4886277332964655+1.3629092762739188j)
(5.5077753244159675+1.33483942213934j)
(5.525756556053931+1.3067696130031983j)
(5.542590745070525+1.2787414287538361j)
(5.558298519538419+1.2507951491998217j)
(5.572901748238808+1.222969720832669j)
(5.586423470331822+1.195302727546787j)
(5.598887825429017+1.1678303651280357j)
(5.610319984264361+1.1405874193133219j)
(5.6207460801325855+1.1136072472208007j)
(5.63019314123632+1.086921761947472j)
(5.638689024057513+1.0605614201344387j)
(5.646262347845152+1.034555212303042j)
(5.652942430288837+1.0089306557721245j)
(5.658759224428457+0.9837137899741796j)
(5.663743256832215+0.9589291739984123j)
(5.6679255670596485+0.9345998861990906j)
(5.671337648413465+0.910747525718151j)
(5.674011389971723+0.887392215784344j)
(5.675979019883899+0.8645526086621986j)
(5.677273049905906+0.8422458921366746j)
(5.677926221143866+0.8204877974309888j)
(5.6779714509722625+0.7992926084658597j)
(5.677441781089182+0.7786731723814347j)
(5.676370326669985+0.7586409112504338j)
(5.67479022658006+0.7392058349233519j)
(5.6727345946074825+0.7203765549529388j)
(5.670236471677861+0.7021602995555877j)
(5.6673287790143325+0.6845629295723883j)
(5.664044272208842+0.6675889554005625j)
(5.660332659363125+0.6513109212592477j)
(5.656347262324564+0.6356326503956201j)
(5.652091371030189+0.6205773314796964j)
(5.647592850816906+0.6061470249278588j)
(5.6428813721102875+0.592340863201836j)
(5.637986902724171+0.5791562110774204j)
(5.6329392693573315+0.5665889921588626j)
(5.62776796564507+0.5546338271320695j)
(5.62250204280798+0.5432841107927971j)
(5.617170034584939+0.5325320648554952j)
(5.611799898667136+0.5223687800207926j)
(5.606418967038069+0.5127842530058722j)
(5.601053901608112+0.5037674212335629j)
(5.595730653280898+0.4953061965714915j)
(5.590474423430565+0.4873874988930508j)
(5.585309627202644+0.4799972899193953j)
(5.5802598582921235+0.4731206076313974j)
(5.5753478549916+0.4667416014476389j)
(5.570595467388594+0.4608435683075552j)
(5.566023625648033+0.4554089897667206j)
(5.561652309353819+0.45041957018905177j)
(5.557500517912773+0.4458562761071745j)
(5.553586242046452+0.44169937681211857j)
(5.549926436414615+0.43792848622510844j)
(5.546536993430248+0.4345226060977929j)
(5.543432718340708+0.43146017057979263j)
(5.540627305662549+0.4287190921855014j)
(5.538133317070092+0.4262768091835608j)
(5.53596216084944+0.4241103344238444j)
(5.534124073040375+0.42219630560584737j)
(5.532628100398442+0.42051103698072495j)
(5.531482085318669+0.41903057246649184j)
(5.53069265286921+0.4177307401406901j)
(5.530265200090927+0.41658720805903765j)
(5.530203887721619+0.41557554133124625j)
(5.530511634508472+0.4146712603664786j)
(5.531190114271204+0.41384990018100704j)
(5.532239755878226+0.4130870706405025j)
(5.533659746293393+0.41235851748739544j)
(5.535448036844401+0.4116401839828002j)
(5.5376013528548444+0.41090827297047333j)
(5.540115206769308+0.410139309148674j)
(5.542983914885488+0.4093102013153301j)
(5.54620061779+0.4083983043323214j)
(5.5497573045722755+0.40738148053575024j)
(5.553644840868002+0.40623816030359755j)
(5.557853000756515+0.40494740147761427j)
(5.562370502507847+0.4034889473246893j)
(5.567185048143748+0.4018432827156897j)
(5.57228336674453+0.3999916881935508j)
(5.577651261398908+0.3979162916027428j)
(5.583273659659219+0.39560011695420905j)
(5.589134667328602+0.39302713020791064j)
(5.595217625371671+0.3901822816658487j)
(5.601505169705069+0.3870515446855072j)
(5.607979293591649+0.3836219504432838j)
(5.614621412330233+0.3798816185022015j)
(5.621412429904366+0.3758197829680294j)
(5.6283328072277286+0.3714268140488762j)
(5.635362631601835+0.36669423487099495j)
(5.642481686984079+0.36161473344101475j)
(5.649669524650839+0.3561821696876422j)
(5.656905533831657+0.3503915775574203j)
(5.664169011888154+0.34423916218520917j)
(5.6714392336128245+0.3377222922031795j)
(5.678695519230994+0.3308394872979407j)
(5.685917300702161+0.32359040116821824j)
(5.693084185935136+0.31597580007733783j)
(5.700176020554708+0.3079975372349209j)
(5.707172946885593+0.29965852327746406j)
(5.714055459851329+0.29096269315098705j)
(5.720804459521897+0.2819149697272123j)
(5.727401300082142+0.2725212245085742j)
(5.73382783503495+0.2627882357959817j)
(5.740066458495579+0.2527236447076109j)
(5.746100142478006+0.24233590944429337j)
(5.751912470117903+0.23163425820085573j)
(5.7574876648210465+0.22062864111915426j)
(5.762810615368479+0.20932968167179575j)
(5.767866897050296+0.1977486278518979j)
(5.77264278893883+0.18589730352735662j)
(5.777125287447013+0.17378806029670926j)
(5.781302116350054+0.16143373015757342j)
(5.785161733476054+0.14884757927135575j)
(5.7886933342964095+0.13604326307607165j)
(5.791886852665378+0.12303478296637338j)
(5.794732958974025+0.10983644472576212j)
(5.7972230559946105+0.09646281886033839j)
(5.799349272697044+0.0829287029483837j)
(5.801104456322225+0.06924908608546125j)
(5.802482162993368+0.0554391154696888j)
(5.803476647141551+0.04151406514045675j)
(5.80408285001142+0.0274893068518136j)
(5.804296387500313+0.013380283034053283j)
(5.804113537568055-0.0007975182298639016j)
(5.803531227436802-0.015028586309354502j)
(5.802547020779962-0.029297409329822312j)
(5.801159105077017-0.04358849380935869j)
(5.799366279288719-0.05788638277729789j)
(5.797167941982763-0.07217567253470504j)
(5.794564080016161-0.08644102822501211j)
(5.791555257855959-0.10066719838809537j)
(5.788142607596699-0.1148390286735617j)
(5.78432781970879-0.1289414748879904j)
(5.780113134530491-0.14295961554855177j)
(5.775501334494228-0.15687866410944343j)
(5.770495737058356-0.17068398102041857j)
(5.765100188297038-0.18436108576704124j)
(5.759319057083877-0.19789566903146974j)
(5.753157229790127-0.21127360509969065j)
(5.746620105404867-0.22448096462782327j)
(5.739713590973131-0.23750402786494487j)
(5.732444097238688-0.25032929841493784j)
(5.724818534370031-0.2629435176034003j)
(5.716844307642872-0.27533367949964954j)
(5.7085293129482455-0.28748704662714647j)
(5.699881931992941-0.2993911663792097j)
(5.690911027058886-0.3110338881406073j)
(5.681625935188903-0.3224033810995343j)
(5.672036461669174-0.3334881527188979j)
(5.662152872682886-0.34427706782063816j)
(5.651985887015003-0.35475936822294896j)
(5.641546666695291-0.36492469285588813j)
(5.630846806474209-0.37476309826883103j)
(5.6198983220362555-0.38426507943080335j)
(5.608713636864902-0.3934215907144283j)
(5.597305567684601-0.40222406694378404j)
(5.585687308417547-0.41066444437838795j)
(5.5738724126051045-0.4187351814975911j)
(5.561874774257534-0.4264292794434269j)
(5.549708607109347-0.4337403019750332j)
(5.537388422271818-0.4406623947835871j)
(5.52492900428916-0.4471903040145701j)
(5.512345385619352-0.4533193938425983j)
(5.499652819575965-0.4590456629445069j)
(5.48686675178224-0.46436575971763877j)
(5.47400279020376-0.4692769960933128j)
(5.461076673840781-0.4737773597995302j)
(5.44810424017592-0.47786552493268597j)
(5.435101391486956-0.48154086070488616j)
(5.422084060148293-0.484803438241869j)
(5.409068173057237-0.4876540353158656j)
(5.396069615334028-0.49009413890878556j)
(5.383104193455507-0.4921259455130274j)
(5.370187597992834-0.4937523590904342j)
(5.357335366133131-0.4949769866241753j)
(5.344562844172917-0.4958041312136031j)
(5.331885150177975-0.49623878267840066j)
(5.319317137009711-0.4962866056551977j)
(5.306873355922306-0.49595392518780224j)
(5.294568020936532-0.49524770982998695j)
(5.2824149741976685-0.49417555229916366j)
(5.270427652523152-0.49274564773744056j)
(5.258619055343181-0.4909667696565565j)
(5.247001714232442-0.48884824366144974j)
(5.2355876642251795-0.48639991906668334j)
(5.224388417096676-0.4836321385381097j)
(5.213414936784685-0.4805557059102274j)
(5.202677617111962-0.4771818523466073j)
(5.192186261957177-0.47352220102742065j)
(5.181950068006311-0.4695887305623926j)
(5.171977610199068-0.46539373734214856j)
(5.162276829966738-0.46094979705249695j)
(5.152855026337238-0.45626972558695394j)
(5.143718849962611-0.4513665396017718j)
(5.134874300101335-0.44625341696426407j)
(5.126326724564906-0.44094365734995267j)
(5.118080822614263-0.43545064324660354j)
(5.110140650767317-0.4297878016235016j)
(5.10250963145425-0.4239685665216134j)
(5.095190564432695-0.4180063428162152j)
(5.088185640850909-0.41191447139619203j)
(5.081496459822682-0.4057061959946238j)
(5.075124047355499-0.39939463189333885j)
(5.069068877450758-0.3929927367100516j)
(5.063330895174594-0.38651328345962466j)
(5.057909541478416-0.37996883606278975j)
(5.052803779530883-0.37337172745432906j)
(5.048012122307388-0.36673404042062313j)
(5.043532661169943-0.3600675912717656j)
(5.039363095159208-0.3533839164278948j)
(5.035500760711728-0.3466942619722341j)
(5.0319426615100316-0.34000957619569755j)
(5.02868549816935-0.3333405051288407j)
(5.025725697465285-0.3266973910281631j)
(5.023059440808469-0.3200902737542501j)
(5.020682691678287-0.31352889495039776j)
(5.018591221735936-0.3070227049014581j)
(5.016780635348065-0.3005808719247994j)
(5.015246392266814-0.29421229411832583j)
(5.013983828227992-0.28792561326478167j)
(5.012988173249212-0.2817292306676935j)
(5.012254567430733-0.275631324671708j)
(5.011778074086189-0.26963986960010095j)
(5.011553690056067-0.2637626558243241j)
(5.011576353084505-0.258007310664816j)
(5.011840946169401-0.2523813198094289j)
(5.012342298826321-0.24689204892616684j)
(5.013075185238449-0.24154676513922357j)
(5.014034319296932-0.2363526580337143j)
(5.015214346569287-0.23131685985302414j)
(5.016609833266167-0.2264464645549079j)
(5.018215252309934-0.22174854539777247j)
(5.020024966641055-0.2172301707365034j)
(5.022033209930013-0.2128984177187629j)
(5.02423406489363-0.20876038358690194j)
(5.026621439444199-0.2048231943077844j)
(5.0291890409280615-0.2010940102728349j)
(5.031930348737004-0.1975800288331868j)
(5.034838585600175-0.19428848345996788j)
(5.037906687886946-0.19122663934704354j)
(5.041127275271025-0.18840178530336382j)
(5.044492620124001-0.1858212218131775j)
(5.047994617021352-0.18349224517608423j)
(5.05162475275594-0.1814221276733085j)
(5.055374077263684-0.17961809374275736j)
(5.059233175871626-0.1780872921829011j)
(5.063192143282359-0.17683676444305832j)
(5.06724055970803-0.17587340909679927j)
(5.071367469563813-0.17520394263398445j)
(5.075561363124064-0.17483485674633875j)
(5.079810161533831-0.17477237232036325j)
(5.084101205554748-0.17502239039055228j)
(5.088421248407293-0.17559044034358726j)
(5.092756453050375-0.176481625702022j)
(5.097092394215218-0.17770056785160546j)
(5.1014140654826425-0.17925134811160912j)
(5.105705891661621-0.1811374485802627j)
(5.109951746692393-0.18336169221827692j)
(5.114134977258987-0.18592618266237018j)
(5.1182384322551755-0.18883224428611436j)
(5.122244498202623-0.19208036304847484j)
(5.1261351406728375-0.19567012868960493j)
(5.129891951713826-0.19960017884880432j)
(5.133496203229216-0.20386814569101336j)
(5.136928906202288-0.20847060563437284j)
(5.140170875599743-0.21340303277335781j)
(5.143202800731306-0.21865975658779013j)
(5.146005320780911-0.2242339245186711j)
(5.148559105164674-0.23011746997588353j)
(5.1508449383102715-0.23630108632097782j)
(5.15284380839225-0.2427742073394474j)
(5.154536999499462-0.2495249946815781j)
(5.155906186654489-0.2565403327089657j)
(5.1569335330515464-0.2638058311343452j)
(5.1576017888300445-0.27130583578734707j)
(5.157894390656685-0.27902344777592764j)
(5.157795561349593-0.28694055124573004j)
(5.157290408745968-0.2950378498652127j)
(5.156365022989875-0.30329491208602877j)
(5.155006571399652-0.3116902251447526j)
(5.153203390067046-0.32020125768611996j)
(5.15094507134147-0.3288045307988222j)
(5.148222546364691-0.3374756971655506j)
(5.145028161843251-0.3461896279386563j)
(5.141355750278365-0.3549205068648802j)
(5.1372006929164415-0.3636419310963222j)
(5.132559974736543-0.37232701804357204j)
(5.127432230854822-0.38094851755034853j)
(5.1218177837986865-0.38947892859997446j)
(5.115718671184917-0.39789061970222334j)
(5.109138663424992-0.40615595205757987j)
(5.102083271176467-0.41424740455382636j)
(5.094559742359724-0.4221376996195744j)
(5.086577048663794-0.4297999289408138j)
(5.078145861571401-0.4372076780403041j)
(5.069278518040036-0.44433514872622676j)
(5.059988976081751-0.4511572784357387j)
(5.050292760586769-0.45764985553076853j)
(5.040206899834776-0.4637896296471248j)
(5.029749853229259-0.469554416253106j)
(5.0189414308755556-0.474923194639311j)
(5.007802705698629-0.4798761986360191j)
(4.996355918862937-0.48439499943757525j)
(4.9846243793116205-0.4884625800024425j)
(4.972632358286149-0.49206340059210535j)
(4.9604049797190415-0.49518345511016043j)
(4.947968107411974-0.4978103180024807j)
(4.935348229919071-0.499933181579614j)
(4.922572344050442-0.5015428837209961j)
(4.909667837895562-0.5026319260165655j)
(4.89666237423917-0.5031944824927626j)
(4.883583775206074-0.5032263991559298j)
(4.870459908926055-0.5027251846655952j)
(4.85731857895646-0.5016899925219054j)
(4.84418741714123-0.5001215952150871j)
(4.83109378051934-0.4980223508397366j)
(4.818064652827374-0.4953961627220869j)
(4.8051265510689065-0.49224843264503126j)
(4.792305437550539-0.48858600828250165j)
(4.779626637710831-0.48441712547277155j)
(4.767114763996196-0.47975134596941543j)
(4.754793645967106-0.4745994913096115j)
(4.742686266750092-0.4689735734324493j)
(4.730814705887087-0.46288672266631103j)
(4.719200088573602-0.4563531136840482j)
(4.707862541222357-0.4493878899993046j)
(4.696821153238885-0.4420070875469123j)
(4.68609394485172-0.43422755785649275j)
(4.675697840800737-0.42606689129109776j)
(4.665648649654793-0.41754334078388416j)
(4.655961048502078-0.4086757464648624j)
(4.646648572735631-0.3994834615289374j)
(4.637723610639543-0.38998627965476995j)
(4.629197402470623-0.3802043642435784j)
(4.621080043723431-0.37015817970729753j)
(4.6133804922646435-0.359868424997648j)
(4.6061065790241935-0.34935596953152886j)
(4.5992650219359605-0.3386417916344738j)
(4.592861442828903-0.32774691959291874j)
(4.586900386980201-0.31669237537724443j)
(4.581385345055002-0.3054991210724421j)
(4.5763187771717115-0.29418800803018386j)
(4.571702138847621-0.28277972873666507j)
(4.567535908596292-0.271294771373599j)
(4.563819616965259-0.2597533770359593j)
(4.560551876819682-0.24817549955848975j)
(4.557730414694884-0.2365807678945889j)
(4.555352103057106-0.2249884509846849j)
(4.553412993327774-0.2134174250471206j)
(4.551908349541606-0.20188614322232196j)
(4.5508326825226995-0.19041260750080463j)
(4.550179784475399-0.1790143428664628j)
(4.549942763898032-0.16770837358912252j)
(4.550114080737615-0.15651120160364168j)
(4.550685581711768-0.1454387869171483j)
(4.551648535731288-0.13450652999069315j)
(4.552993669361963-0.12372925604677792j)
(4.55471120226847-0.1131212012592859j)
(4.556790882585617-0.10269600078771406j)
(4.559222022163432-0.09246667862212281j)
(4.5619935316329725-0.08244563920988998j)
(4.565093955238401-0.07264466083892812j)
(4.568511505379102-0.06307489075511936j)
(4.572234096802899-0.05374684199382355j)
(4.576249380387967-0.04467039190647736j)
(4.5805447764474-0.03585478236340968j)
(4.585107507485779-0.02730862161307108j)
(4.589924630333631-0.019039887775762335j)
(4.594983067580671-0.011055933946513486j)
(4.600269638225408-0.0033634948779194666j)
(4.605771087454883+0.004031304792322852j)
(4.611474115465391+0.011122940810227988j)
(4.61736540523307+0.01790647811959148j)
(4.623431649141553+0.024377558277946965j)
(4.629659574374045+0.030532385540175084j)
(4.636035966977633+0.03636771168486664j)
(4.642547694509899+0.04188081966828324j)
(4.649181727181109+0.04706950620080585j)
(4.655925157410188+0.05193206335117198j)
(4.662765217718388+0.056467259293293756j)
(4.6696892968923995+0.06067431832068074j)
(4.676684954357165+0.06455290026241349j)
(4.683739932709038+0.06810307944332401j)
(4.690842168371274+0.07132532333870362j)
(4.697979800346443+0.07422047108064067j)
(4.705141177054074+0.07678971197851484j)
(4.712314861256591+0.07903456422053072j)
(4.71948963309192+0.08095685392588554j)
(4.726654491247422+0.08255869471816223j)
(4.733798652326331+0.08384246799029454j)
(4.740911548474855+0.08481080402905497j)
(4.747982823354991+0.08546656416286322j)
(4.755002326565127+0.08581282409095171j)
(4.761960106626936+0.08585285854393244j)
(4.768846402673252+0.08559012741640536j)
(4.775651634986789+0.08502826350051433j)
(4.782366394553951+0.08417106193641329j)
(4.788981431811255+0.08302247148059348j)
(4.795487644773577+0.08158658767654893j)
(4.801876066743991+0.07986764799457255j)
(4.808137853813309+0.07787002898820232j)
(4.814264272364517+0.07559824549453137j)
(4.820246686801849+0.07305695188465096j)
(4.82607654772712+0.07025094534833043j)
(4.831745380786315+0.06718517117478509j)
(4.837244776407833+0.06386472996875325j)
(4.8425663806495445+0.06029488671805242j)
(4.847701887365525+0.056481081606760956j)
(4.852643031894615+0.05242894244546664j)
(4.857381586461875+0.04814429856908446j)
(4.861909357470695+0.04363319603202136j)
(4.866218184848027+0.03890191391104774j)
(4.870299943587511+0.033956981508505485j)
(4.874146547615909+0.028805196231950887j)
(4.877749956087253+0.023453641911806124j)
(4.8811021821858285+0.017909707306280248j)
(4.884195304495496+0.012181104532088623j)
(4.887021480967008+0.006275887151809343j)
(4.889572965488757+0.00020246764295619207j)
(4.8918421270394-0.006030366029067838j)
(4.89382147137319-0.012413435012503266j)
(4.895503665161043-0.01893715562112103j)
(4.896881562482704-0.025591527107418452j)
(4.897948233538221-0.03236612142025061j)
(4.898696995419808-0.03925007519963174j)
(4.899121444759556-0.046232084248293046j)
(4.89921549204367-0.05330040070384975j)
(4.89897339736027-0.060442833117472734j)
(4.898389807326303-0.0676467496243177j)
(4.89745979291888-0.07489908436830181j)
(4.896178887918629-0.0821863473192714j)
(4.894543127656867-0.08949463759392336j)
(4.892549087745204-0.09680966036379066j)
(4.890193922455466-0.10411674740397792j)
(4.887475402409936-0.11140088130570122j)
(4.884391951236799-0.11864672334384523j)
(4.8809426808433365-0.12583864495879604j)
(4.877127424960544-0.13296076277858299j)
(4.872946770616328-0.13999697707501318j)
(4.868402087201861-0.14693101351456503j)
(4.863495552805279-0.1537464680324732j)
(4.858230177500347-0.16042685462714062j)
(4.852609823293762-0.1669556558414302j)
(4.846639220453776-0.17331637566795605j)
(4.840323979964985-0.17949259458826822j)
(4.8336706018785796-0.18546802642964716j)
(4.826686479354893-0.1912265766997936j)
(4.819379898224581-0.19675240203837477j)
(4.811760031926764-0.20202997040581458j)
(4.803836931716355-0.20704412161382932j)
(4.795621512068561-0.2117801277897512j)
(4.787125531245166-0.21622375335716873j)
(4.778361567026084-0.22036131410958784j)
(4.769342987648194-0.22417973495154778j)
(4.760083918033087-0.22766660588302953j)
(4.750599201425205-0.23081023580831275j)
(4.740904356600815-0.2335997037595166j)
(4.73101553084724-0.23602490713806953j)
(4.720949448949134-0.2380766065942094j)
(4.7107233584549055-0.23974646718510806j)
(4.700354971530443-0.2410270954765213j)
(4.689862403739422-0.2419120722804922j)
(4.679264110118836-0.24239598075254012j)
(4.668578818944636-0.2424744296057053j)
(4.65782546360547-0.24214407123539108j)
(4.647023113021974-0.24140261458787984j)
(4.636190901064404-0.2402488326462686j)
(4.62534795543305-0.23868256445008237j)
(4.614513326472834-0.23670471160813958j)
(4.6037059163962795-0.23431722930876198j)
(4.592944409387435-0.23152311187533986j)
(4.582247203052882-0.22832637295963032j)
(4.571632341675839-0.22473202050804905j)
(4.5611174517138044-0.22074602667831958j)
(4.550719679961796-0.2163752929238546j)
(4.5404556347798-0.21162761050115914j)
(4.530341330756593-0.20651161669087884j)
(4.520392137152234-0.20103674705537886j)
(4.510622730428323-0.19521318408474198j)
(4.501047051139963-0.18905180260825502j)
(4.491678265425461-0.18256411237011066j)
(4.482528731290618-0.17576219818536404j)
(4.4736099698439435-0.16865865810522504j)
(4.464932641597771-0.16126654003015162j)
(4.4565065279088145-0.15359927721353017j)
(4.448340517590339-0.14567062309948245j)
(4.440442598687517-0.13749458593463457j)
(4.43281985536792-0.12908536358621572j)
(4.425478469841172-0.1204572789874909j)
(4.418423729185422-0.11162471661683308j)
(4.411660036924652-0.10260206039865934j)
(4.40519092916895-0.09340363339360272j)
(4.3990190951015835-0.08404363962187732j)
(4.393146401570624-0.07453610833801698j)
(4.387573921520277-0.06489484104792559j)
(4.38230196597764-0.05513336153006804j)
(4.377330119294307-0.04526486909273475j)
(4.372657277329085-0.035302195268781505j)
(4.368281688248644-0.025257764118076426j)
(4.364200995615912-0.01514355627702455j)
(4.36041228343262-0.004971076863987024j)
(4.3569121228017265+0.0052486726806916595j)
(4.3536966198771685+0.01550521877044176j)
(4.350761464773261+0.025788635842022418j)
(4.34810198111255+0.03608956252394502j)
(4.345713175899993+0.0463992138334014j)
(4.343589789421911+0.056709389455022505j)
(4.341726344880657+0.0670124781762537j)
(4.340117197489328+0.07730145857386139j)
(4.338756582765724+0.08756989606399268j)
(4.337638663780337+0.0978119364441075j)
(4.3367575771293865+0.10802229606911351j)
(4.3361074774205255+0.11819624881618444j)
(4.335682580075809+0.12832961000324455j)
(4.335477202273316+0.13841871743447212j)
(4.3354858018658025+0.14846040975343305j)
(4.335703014131302+0.1584520022897284j)
(4.336123686226535+0.16839126058911444j)
(4.336742909230006+0.1782763718198696j)
(4.337556047676746+0.18810591424962417j)
(4.338558766500899+0.19787882498742537j)
(4.339747055316535+0.2075943661853997j)
(4.34111724997996+0.21725208989314082j)
(4.342666051389304+0.22685180175602573j)
(4.344390541488791+0.23639352374608721j)
(4.346288196456137+0.24587745611136338j)
(4.348356897061691+0.2553039387258268j)
(4.350594936197724+0.26467341201878414j)
(4.353001023585086+0.2739863776584464j)
(4.355574287673115+0.28324335916021043j)
(4.358314274756301+0.29244486258639657j)
(4.3612209453388235+0.3015913374991836j)
(4.364294667784884+0.3106831383248501j)
(4.367536209299432+0.3197204862823943j)
(4.370946724289793+0.3287034320255804j)
(4.374527740164818+0.3376318191427669j)
(4.3782811406333515+0.3465052486545657j)
(4.382209146569352+0.3553230446447982j)
(4.386314294515499+0.3640842211558761j)
(4.390599412902138+0.37278745047515843j)
(4.395067596062618+0.38143103293453745j)
(4.399722176130195+0.3900128683409544j)
(4.404566692905601+0.39853042915124215j)
(4.40960486178813+0.40698073550040303j)
(4.414840539866217+0.4153603321880422j)
(4.42027769026703+0.4236652677236314j)
(4.42592034486717+0.4318910755272336j)
(4.4317725654697835+0.44003275737850955j)
(4.4378384035555465+0.4480847692029857j)
(4.4441218587178355+0.4560410092814827j)
(4.450626835894607+0.46389480896511226j)
(4.457357101511914+0.47163892597576434j)
(4.464316238656526+0.4792655403692331j)
(4.471507601397571+0.4867662532362644j)
(4.478934268380059+0.4941320882149212j)
(4.4865989958161645+0.501353495886287j)
(4.494504170003885+0.5084203611244811j)
(4.502651759506824+0.5153220134712989j)
(4.511043267133613+0.5220472406051752j)
(4.519679681861554+0.5285843049736781j)
(4.5285614308552615+0.534920963658684j)
(4.537688331739245+0.5410444915424679j)
(4.547059545292003+0.5469417078424696j)
(4.5566735287395055+0.5525990060808925j)
(4.566527989837292+0.5580023875534437j)
(4.576619841943412+0.5631374983580957j)
(4.586945160298187+0.5679896700406889j)
(4.5974991397426805+0.5725439639078547j)
(4.608276054123826+0.5767852190499917j)
(4.619269217652193+0.5806981041067824j)
(4.630470948496478+0.5842671727947683j)
(4.641872534917929+0.5874769232010704j)
(4.653464204267082+0.5903118608281267j)
(4.665235095184037+0.59275656535218j)
(4.677173233361991+0.5947957610317158j)
(4.689265511250648+0.5964143906721657j)
(4.701497672091645+0.5975976930190812j)
(4.713854298690846+0.5983312834132691j)
(4.72631880734207+0.5986012374993201j)
(4.7388734473227885+0.5983941777325017j)
(4.751499306383133+0.5976973623787795j)
(4.764176322645583+0.5964987766493796j)
(4.776883303321834+0.5947872255551865j)
(4.789597950636054+0.592552428007608j)
(4.802296895318336+0.5897851116331368j)
(4.814955737998774+0.5864771077083307j)
(4.827549098790237+0.5826214455626104j)
(4.840050675296529+0.5782124457386982j)
(4.852433309221639+0.5732458111460921j)
(4.864669061685746+0.56771871539327j)
(4.876729297273951+0.5616298874409882j)
(4.888584776755636+0.5549796916831302j)
(4.900205758316109+0.5477702025353172j)
(4.911562107038428+0.5400052725958243j)
(4.9226234122643735+0.5316905934400881j)
(4.933359112349595+0.5228337481203461j)
(4.9437386262117355+0.5134442544669717j)
(4.953731490953385+0.5035335983286422j)
(4.963307504726535+0.49311525594496364j)
(4.972436873893766+0.48220470471878096j)
(4.9810903634368255+0.47081942174428815j)
(4.989239449467324+0.4589788695527396j)
(4.996856472610108+0.44670446865753727j)
(5.00391479096+0.43401955661381075j)
(5.010388931258265+0.4209493334534088j)
(5.016254736899808+0.4075207935103491j)
(5.021489511366687+0.393762643814131j)
(5.0260721556886905+0.3797052093935343j)
(5.0299832985599675+0.3653803260005734j)
(5.033205417790794+0.3508212209284335j)
(5.035722951845961+0.33606238275594924j)
(5.0375224003154155+0.3211394210006059j)
(5.038592412276904+0.30608891679930206j)
(5.038923861642843+0.29094826585802713j)
(5.038509908732256+0.27575551501543494j)
(5.037346047470123+0.26054919384874475j)
(5.0354301377887145+0.24536814281181146j)
(5.03276242298357+0.23025133943311107j)
(5.0293455319587315+0.21523772411477354j)
(5.025184466476842+0.20036602706357973j)
(5.020286573706915+0.18567459784977516j)
(5.014661504531829+0.17120123903257897j)
(5.008321158236658+0.15698304521243592j)
(5.001279614343704+0.14305624877200027j)
(4.993553052489437+0.12945607345377955j)
(4.985159661349078+0.11621659679294655j)
(4.9761195377061815+0.10337062228497541j)
(4.966454576834858+0.09094956201993909j)
(4.956188355412169+0.07898333036348211j)
(4.945346008206677+0.06750024911085806j)
(4.933954099797242+0.05652696438870075j)
(4.922040492564951+0.046088375431555945j)
(4.909634212171582+0.03620757521950399j)
(4.89676531169237+0.02690580283190638j)
(4.883464735510338+0.0182024072515401j)
(4.869764184007341+0.010114822245694776j)
(4.855695980004226+0.0026585518560743493j)
(4.841292937812426-0.0041528340506346035j)
(4.826588235663401-0.010307694785333563j)
(4.811615292183873-0.015796305056821527j)
(4.796407647484306-0.020610833111329982j)
(4.780998849329168-0.02474531151562077j)
(4.765422344760567-0.028195601318268673j)
(4.749711377454213-0.030959350322111643j)
(4.733898890999134-0.033035946188619415j)
(4.718017438211387-0.034426465073401906j)
(4.702099096518249-0.03513361646248792j)
(4.68617538938246-0.035161684842686836j)
(4.6702772136784585-0.034516468797865414j)
(4.654434772882016-0.0332052180774003j)
(4.638677515892839-0.031236569134607393j)
(4.623034081275918-0.02862047958309953j)
(4.607532246681177-0.02536816196838127j)
(4.592198883182045-0.02149201720174171j)
(4.5770599142614925-0.017005567954731744j)
(4.562140279168288-0.01192339226509578j)
(4.547463900365857-0.006261057560834014j)
(4.533053654801047-3.5055267178283135e-05j)
(4.518931348729007+0.006737263876656001j)
(4.505117695843156+0.014037753698734319j)
(4.491632298475125+0.021847535612126972j)
(4.478493631647499+0.03014706073402659j)
(4.465719029782377+0.03891617109425916j)
(4.453324675889773+0.04813415993944514j)
(4.441325593082076+0.0577798311542922j)
(4.429735638282789+0.06783155783259669j)
(4.418567498019833+0.07826734003785359j)
(4.40783268621519+0.08906486179819041j)
(4.397541543903175+0.10020154738110142j)
(4.387703240828744+0.11165461689232081j)
(4.378325778895503+0.12340114123893094j)
(4.369415997448892+0.13541809649078143j)
(4.360979580394611+0.14768241766600382j)
(4.353021065164883+0.16017105195695502j)
(4.345543853555474+0.17286101140165075j)
(4.338550224464783+0.18572942499393372j)
(4.332041348572867+0.19875359021268366j)
(4.326017305002118+0.21191102393710395j)
(4.320477100003893+0.22517951270170167j)
(4.3154186877152325+0.23853716223053187j)
(4.310838993028393+0.2519624461774933j)
(4.306733936611858+0.26543425398573606j)
(4.30309846211646+0.2789319377672615j)
(4.299926565592884+0.292435358091677j)
(4.297211327138228+0.30592492856235637j)
(4.294944944779091+0.3193816590485591j)
(4.293118770587255+0.33278719743303853j)
(4.291723349011335+0.34612386972793796j)
(4.2907484573940415+0.3593747184053044j)
(4.290183148630317+0.3725235387846718j)
(4.290015795906126+0.38555491331712655j)
(4.290234139442195+0.3984542436042326j)
(4.2908253351506875+0.4112077799908977j)
(4.291776005096732+0.42380264857341j)
(4.293072289640237+0.4362268754680866j)
(4.294699901117663+0.4484694081914736j)
(4.296644178907474+0.4605201340108265j)
(4.29889014570786+0.47236989513215427j)
(4.301422564840701+0.4840105006042265j)
(4.304225998381985+0.4954347348287603j)
(4.307284865905947+0.5066363625807124j)
(4.310583503618313+0.5176101304578766j)
(4.314106223643395+0.5283517646948338j)
(4.317837373220332+0.5388579652945241j)
(4.3217613935557795+0.5491263964490668j)
(4.325862878073897+0.5591556732415255j)
(4.330126629799937+0.5689453446411536j)
(4.334537717610578+0.5784958728263252j)
(4.3390815310835595+0.5878086088917033j)
(4.343743833680023+0.5968857650189827j)
(4.348510813996855+0.6057303832139014j)
(4.353369134831527+0.6143463007351463j)
(4.358305979810417+0.6227381123638085j)
(4.363309097341787+0.6309111296846734j)
(4.3683668416676396+0.638871337572165j)
(4.373468210803491+0.6466253480944829j)
(4.378602881172799+0.6541803520688847j)
(4.383761238761775+0.6615440685186984j)
(4.388934406641951+0.66872469229864j)
(4.394114268730463+0.6757308401688246j)
(4.3992934896829+0.6825714956096526j)
(4.4044655308387055+0.689255952678687j)
(4.409624662166261+0.6957937592178669j)
(4.414765970181785+0.7021946597229326j)
(4.419885361844196+0.7084685381889472j)
(4.424979564456107+0.7146253612440202j)
(4.430046121628918+0.7206751218794079j)
(4.435083385397711+0.7266277840771229j)
(4.440090504598542+0.7324932286265187j)
(4.445067409646463+0.7382812004084607j)
(4.4500147938774886+0.7440012574106769j)
(4.454934091640418+0.7496627217196591j)
(4.459827453345747+0.7552746327143083j)
(4.464697717697011+0.7608457026634858j)
(4.469548381346499+0.766384274905416j)
(4.474383566229873+0.77189828476012j)
(4.479207984844313+0.7773952232988011j)
(4.48402690374132+0.7828821040656044j)
(4.4888461055085+0.7883654328185549j)
(4.493671849514155+0.7938511803277936j)
(4.498510831685099+0.7993447582414764j)
(4.503370143581046+0.8048509980028602j)
(4.508257231019317+0.8103741327766452j)
(4.513179852491096+0.8159177823194583j)
(4.518146037595783+0.8214849407077008j)
(4.5231640457035045+0.8270779668173068j)
(4.528242325037518+0.8326985774331187j)
(4.533389472349037+0.838347842851528j)
(4.538614193336777+0.8440261848287168j)
(4.543925263942622+0.8497333767171926j)
(4.549331492633939+0.8554685456270843j)
(4.554841683761295+0.8612301764438042j)
(4.560464602059544+0.8670161175318069j)
(4.566208938338854+0.8728235879542681j)
(4.572083276391495+0.8786491860405722j)
(4.578096061119999+0.8844888991384675j)
(4.584255567872781+0.8903381143942566j)
(4.590569872954542+0.8961916304134707j)
(4.597046825261565+0.9020436696658131j)
(4.603694018976062+0.9078878915113452j)
(4.610518767239536+0.9137174057401616j)
(4.617528076713505+0.9195247865349564j)
(4.6247286229260665+0.9253020867840961j)
(4.632126726296163+0.9310408526926166j)
(4.6397283287230175+0.936732138658649j)
(4.647538970627194+0.9423665224032414j)
(4.655563768330988+0.9479341203621181j)
(4.66380739167022+0.9534246033672769j)
(4.672274041736108+0.9588272126655438j)
(4.680967428654795+0.9641307763383788j)
(4.689890749322825+0.9693237262038713j)
(4.6990466650294+0.9743941152958531j)
(4.708437278909911+0.9793296360289776j)
(4.7180641131900485+0.9841176391696629j)
(4.727928086195754+0.9887451537433045j)
(4.7380294891210655+0.9931989080173369j)
(4.748367962563691+0.9974653517074633j)
(4.758942472857078+1.0015306795610863j)
(4.769751288247936+1.0053808564776516j)
(4.780791954990029+1.0090016443296104j)
(4.792061273448174+1.0123786306502238j)
(4.803555274331827+1.015497259354711j)
(4.8152691952041+1.018342863659016j)
(4.827197457440921+1.0209007013549816j)
(4.83933364384426+1.0231559925913998j)
(4.851670477144279+1.0250939602970885j)
(4.8641997996552915+1.0266998733635548j)
(4.876912554380623+1.0279590926817668j)
(4.889798767889429+1.0288571200987087j)
(4.9028475353142085+1.0293796503258605j)
(4.916047007840041+1.0295126257929446j)
(4.929384383074137+1.029242294397482j)
(4.942845898697177+1.0285552700535587j)
(4.956416829804615+1.0274385958936123j)
(4.970081490347078+1.025879809924731j)
(4.983823239073117+1.0238670128875977j)
(4.997624490365424+1.0213889380123007j)
(5.011466730342628+1.0184350223113536j)
(5.025330538573711+1.0149954789976885j)
(5.039195615720238+1.0110613705637967j)
(5.05304081738367+1.0066246820092817j)
(5.066844194391137+1.0016783936570202j)
(5.0805830397021845+0.9962165529547374j)
(5.094233942062825+0.9902343446184156j)
(5.10777284646941+0.9837281584384309j)
(5.121175121435429+0.9766956540385885j)
(5.1344156329777055+0.9691358218543251j)
(5.147468825155464+0.9610490395796666j)
(5.16030880690717+0.9524371233254671j)
(5.17290944483577+0.943303372735053j)
(5.185244461495508+0.9336526093193642j)
(5.197287538633326+0.9234912073036701j)
(5.209012424738653+0.9128271163229643j)
(5.220393046158297+0.9016698753639304j)
(5.231403620942429+0.8900306174281771j)
(5.24201877450554+0.877922064483827j)
(5.252213656116202+0.8653585123790932j)
(5.261964055174456+0.8523558055104361j)
(5.271246516197523+0.8389313011667133j)
(5.280038451416245+0.8251038236059269j)
(5.2883182498860375+0.8108936080597725j)
(5.296065382038431+0.7963222349988075j)
(5.303260498642165+0.7814125551249392j)
(5.309885523203777+0.7661886056832999j)
(5.315923736916424+0.7506755188011758j)
(5.3213598553589+0.7348994226633857j)
(5.326180096251513+0.7188873364206003j)
(5.330372237689927+0.7026670597984415j)
(5.333925666398284+0.6862670584294007j)
(5.336831415666781+0.6697163459682761j)
(5.339082192764576+0.6530443640736548j)
(5.340672395743308+0.6362808613454225j)
(5.341598119669924+0.6194557723006457j)
(5.341857152446437+0.6025990974497069j)
(5.341448960489818+0.5857407855004807j)
(5.3403746646550765+0.568910618672887j)
(5.338637006888319+0.552138102048237j)
(5.3362403081929335+0.5354523578088648j)
(5.333190418580021+0.5188820251435093j)
(5.329494659751997+0.5024551665038157j)
(5.325161761334331+0.4861991807973919j)
(5.320201791523623+0.47014072399530377j)
(5.31462608305771+0.45430563751762565j)
(5.308447155435968+0.43871888464246755j)
(5.3016786343220375+0.4234044950641641j)
(5.294335169048486+0.4083855176080585j)
(5.286432349113051+0.3936839809959626j)
(5.277986620509621+0.37932086245049507j)
(5.269015202676192+0.36531606383158555j)
(5.259536006769739+0.35168839491658327j)
(5.249567555895682+0.3384555633684617j)
(5.239128907832495+0.3256341708859769j)
(5.228239580701873+0.31323971499499204j)
(5.216919481946226+0.3012865959216235j)
(5.205188840890504+0.2897881279834305j)
(5.193068145087046+0.27875655494297846j)
(5.180578080572481+0.26820306878607425j)
(5.167739476104952+0.25813783141216007j)
(5.15457325139946+0.24856999875402525j)
(5.141100369337422+0.2395077468756431j)
(5.127341792092986+0.23095829962824901j)
(5.11331844109201+0.22292795747449573j)
(5.0990511606976385+0.215422127117337j)
(5.084560685496865+0.20844535159403527j)
(5.06986761104519+0.20200134051688257j)
(5.0549923679081825+0.19609300016127226j)
(5.039955198819656+0.1907224631203396j)
(5.024776138756108+0.1858911172646484j)
(5.0094749977053885+0.1815996337668219j)
(4.994071345885631+0.1778479939758098j)
(4.9785845011497765+0.17463551495467441j)
(4.963033518292212+0.1719608735294103j)
(4.947437179959555+0.1698221287348096j)
(4.9318139888587735+0.16821674258521976j)
(4.916182160953722+0.1671415991427958j)
(4.900559619347165+0.16659302190123307j)
(4.884963988559641+0.16656678954714949j)
(4.869412588938733+0.1670581502024916j)
(4.8539224309620375+0.16806183428694166j)
(4.838510209232494+0.16957206616829223j)
(4.823192296004426+0.17158257478912028j)
(4.807984734119916+0.17408660346974544j)
(4.7929032292760185+0.17707691908975876j)
(4.7779631415813855+0.18054582084437945j)
(4.763179476394278+0.18448514875832436j)
(4.748566874460436+0.1888862921209895j)
(4.734139601389091+0.1937401979841711j)
(4.719911536516573+0.19903737984003403j)
(4.7058961612111+0.20476792657458107j)
(4.692106546669965+0.21092151177281176j)
(4.678555341252683+0.2174874034377494j)
(4.6652547573836625+0.22445447417750794j)
(4.652216558046509+0.2318112119134314j)
(4.63945204288317+0.2395457311674485j)
(4.626972033905293+0.24764578499731554j)
(4.6147868608251645+0.2560987776630664j)
(4.602906346020162+0.2648917781243137j)
(4.591339789158636+0.27401153448390697j)
(4.5800959515359025+0.2834444895065181j)
(4.56918304019542+0.29317679734871954j)
(4.558608691942461+0.3031943416375851j)
(4.548379957389498+0.31348275502773226j)
(4.538503285206792+0.3240274403497527j)
(4.528984506781036+0.33481359343753764j)
(4.519828821509562+0.34582622768842813j)
(4.511040782974303+0.35705020037018304j)
(4.502624286247154+0.3684702406445518j)
(4.49458255657511+0.38007097923187877j)
(4.486918139680006+0.3918369795966882j)
(4.479632893884294+0.4037527704945808j)
(4.472727984242051+0.41580287968726704j)
(4.466203878816599+0.4279718686082694j)
(4.46006034720391+0.44024436774749465j)
(4.4542964613585765+0.45260511251902413j)
(4.448910598738889+0.46503897938322675j)
(4.443900447751909+0.4775310220097944j)
(4.4392630154516475+0.490066507291192j)
(4.434994637424192+0.5026309510435235j)
(4.431090989783753+0.5152101532609089j)
(4.427547103204116+0.5277902328178428j)
(4.424357378918439+0.54035766153757j)
(4.421515606635943+0.5528992975624173j)
(4.4190149843440585+0.5654024179710788j)
(4.416848139986893+0.5778547505877533j)
(4.415007155030162+0.5902445049186734j)
(4.4134835899398395+0.6025604021332124j)
(4.412268511609948+0.614791703981921j)
(4.411352522775124+0.6269282405136245j)
(4.410725793433012+0.6389604364228357j)
(4.41037809428084+0.6508793358283118j)
(4.4102988321383965+0.6626766252585566j)
(4.410477087290882+0.6743446546025873j)
(4.410901652638001+0.6858764557766565j)
(4.411561074486725+0.6972657588621641j)
(4.412443694775556+0.7085070054868173j)
(4.413537694472394+0.7195953592504464j)
(4.414831137848812+0.7305267130375896j)
(4.416312017304988+0.7412976931084067j)
(4.417968298401825+0.7519056599155292j)
(4.419787964753579+0.7623487056530966j)
(4.421759062444243+0.7726256486022878j)
(4.423869743654124+0.782736024390765j)
(4.426108309217661+0.7926800743294469j)
(4.428463249877101+0.8024587310245166j)
(4.430923286045494+0.812073601485411j)
(4.433477405943739+0.8215269479583838j)
(4.436114902025236+0.8308216667107086j)
(4.4388254056457885+0.839961264974165j)
(4.441598919970996+0.8489498362298218j)
(4.4444258511376225+0.8577920339823129j)
(4.447297037696867+0.8664930441348299j)
(4.450203778365939+0.8750585560390799j)
(4.453137858100483+0.8834947322618107j)
