(12.466686749594038+0j)
(12.177401125860195-0.5955549564096729j)
(11.589852390791402-0.7545464141151873j)
(11.065903597800823-0.42551506659429295j)
(10.896372037353231+0.2915098319076903j)
(11.314927337466617+1.1655707973939835j)
(12.44186855880294+1.820292406152791j)
(14.154345962280614+1.7545605824574522j)
(15.910787564247487+0.5367412240512487j)
(16.82548926279928-1.7432561374622177j)
(16.311320274623988-4.241318713242989j)
(14.656006099711975-5.971191644212283j)
(12.664092499664005-6.55819406311636j)
(10.990138531951994-6.213450248516543j)
(9.945668172709897-5.342135867774554j)
(9.61195773477077-4.335432192587177j)
(9.933821062318248-3.5539179473816356j)
(10.700314983765823-3.3399665712721154j)
(11.472629033422711-3.916347654338399j)
(11.667977805301001-5.1421645442354755j)
(10.956204278184092-6.430941512794523j)
(9.56888752617531-7.156915770425016j)
(8.04604617908776-7.10609781005165j)
(6.814193642920352-6.442987420325981j)
(6.066690782822882-5.452690012828971j)
(5.841917402148254-4.402676632418748j)
(6.090358433459001-3.5318773774832803j)
(6.668151545296429-3.0628905883088438j)
(7.291566968232997-3.148078448832285j)
(7.572206680859075-3.722385049897567j)
(7.2463951153330735-4.422524593620657j)
(6.408052773519538-4.801500277301115j)
(5.409303339294142-4.648024647571237j)
(4.576620982019607-4.03036880303992j)
(4.0840709860317235-3.138013391054594j)
(3.985492474186703-2.166935975261952j)
(4.264462722441638-1.297181556578465j)
(4.838480743431349-0.7017716286061887j)
(5.525789738054955-0.5220329062720572j)
(6.042806445167161-0.7722564275917263j)
(6.130962228850271-1.2427226238684255j)
(5.75957410057762-1.580683896495242j)
(5.150838589383716-1.5345817078345865j)
(4.590828277051286-1.077771204855332j)
(4.276444187383418-0.33213230978165786j)
(4.29848824497019+0.5376635180573702j)
(4.674735429365237+1.3647316009709072j)
(5.358986906797083+1.9805124611767022j)
(6.2144981397853964+2.2307957879313665j)
(6.996556954104349+2.0511044335885247j)
(7.434181829919931+1.571580217306911j)
(7.417225338451574+1.1026746527052913j)
(7.091072112486512+0.9363385016724416j)
(6.732588048522712+1.172008985608637j)
(6.579123744687167+1.7284859236096772j)
(6.7663439165677355+2.4387174093261668j)
(7.3375502498711755+3.107428048501201j)
(8.2454240670624+3.52954732727348j)
(9.32557395049479+3.524709907319782j)
(10.293468101004947+3.031334648937726j)
(10.855397538542906+2.2113072640579365j)
(10.910175304450405+1.4081812760985675j)
(10.628392002470365+0.9270515720129247j)
(10.312373308512255+0.8610214242976651j)
(10.217686478720342+1.1044695190337472j)
(10.477787340979685+1.4490542250485399j)
(11.095454332579532+1.6561198547256153j)
(11.938210049311026+1.5120993411215575j)
(12.748462515664066+0.9109417110881479j)
(13.233003238003855-0.0549595680484425j)
(13.232217974276134-1.1052026110536024j)
(12.823250204087685-1.9348411125084004j)
(12.245032745749297-2.387742333278349j)
(11.743269520052252-2.4922385562773397j)
(11.474495957821958-2.3935482445790854j)
(11.482951649589491-2.2784406587487505j)
(11.704505125244777-2.3192828320588394j)
(11.984527400315908-2.618734119569223j)
(12.133713118205113-3.1580898611271677j)
(12.022954768932882-3.7970969282818383j)
(11.651896543089517-4.353458113235889j)
(11.129621012403458-4.702727647047569j)
(10.598404607957738-4.819348096049283j)
(10.171629279011729-4.755901154536314j)
(9.909771963032162-4.605136238785881j)
(9.817087414882636-4.470190964626073j)
(9.843497328957476-4.439389044043652j)
(9.896128170563712-4.557112946447384j)
(9.873576945683878-4.8004437994385185j)
(9.71528482733202-5.087678855393461j)
(9.429405569342446-5.324142169350248j)
(9.076358701940734-5.450041002409382j)
(8.729635079726854-5.456502907105833j)
(8.446314989168622-5.373491907144317j)
(8.255811648741368-5.250837204453183j)
(8.15821198064306-5.143254231542128j)
(8.12521227765829-5.097423774128189j)
(8.105754916712295-5.13700821415005j)
(8.043100626078772-5.249735614189341j)
(7.901290162262866-5.38981345446456j)
(7.6830052382973015-5.50150065658288j)
(7.423226193854361-5.547378745409154j)
(7.166492317550968-5.521635971512478j)
(6.947212297832613-5.442575303650812j)
(6.781799150843883-5.3404361525769275j)
(6.6684782444642625-5.246710466671977j)
(6.589866753360411-5.186327750409519j)
(6.5176164123515195-5.170649314585645j)
(6.42136028273397-5.192103624608534j)
(6.281654716490832-5.225468346799428j)
(6.099827269890693-5.239279024996632j)
(5.8962209573508755-5.211588942921909j)
(5.697936751504632-5.138721934950482j)
(5.526094909788532-5.032759127525714j)
(5.389795218783758-4.913166889023017j)
(5.286300999745586-4.798998543809425j)
(5.204065542673171-4.703781079445969j)
(5.126763735291879-4.632435646026085j)
(5.038327436987952-4.579883924052293j)
(4.928804096699194-4.532455934438418j)
(4.798847528314156-4.473239817504817j)
(4.659504722211456-4.389777664012649j)
(4.526545488378818-4.2795601869295j)
(4.412968036634625-4.149922161460815j)
(4.324261490926595-4.013412118226049j)
(4.257903335173788-3.8822712125190706j)
(4.2056737535828725-3.7645431169532735j)
(4.156977409863938-3.662277760255976j)
(4.102244191760769-3.571452871941006j)
(4.035991783952017-3.483445991265799j)
(3.9588639645233044-3.388066512908011j)
(3.877564619409599-3.2775638731135888j)
(3.8021174493938665-3.1499603744486766j)
(3.741469752516939-3.0098128325048394j)
(3.6997520861805104-2.8658981947943403j)
(3.675054917562475-2.7272565219046454j)
(3.6608531033822285-2.599707468453117j)
(3.6488898891747863-2.4841299077961656j)
(3.6321828845267174-2.3766362054162173j)
(3.6073024463606655-2.2701687548830605j)
(3.575490941055541-2.1569578211071905j)
(3.542348516249537-2.031264314975018j)
(3.515976272697527-1.8916387948009903j)
(3.5039512392701737-1.7417531222799585j)
(3.510224560749783-1.5891510276780076j)
(3.5334154774083695-1.4421980686085702j)
(3.567453488069115-1.3065858868217648j)
(3.6042672279361576-1.1830776671010517j)
(3.6371546792271947-1.0674369605277205j)
(3.6633552190222494-0.9522917693931843j)
(3.685026018428581-0.829950034372909j)
(3.708577331102906-0.6951613955100404j)
(3.742702463925132-0.5471177337915327j)
(3.7955630948019317-0.39019313892895874j)
(3.871779044220181-0.2330133970111447j)
(3.970242736324183-0.08572249951850876j)
(4.083991277158143+0.04391287123777061j)
(4.20277788926283+0.15390420198063753j)
(4.317480430405482+0.24902241813232445j)
(4.424160189455614+0.3386297706439569j)
(4.5257616876830165+0.4324978790699175j)
(4.630954786450002+0.5366609265229982j)
(4.750999420723675+0.650816681775204j)
(4.895845225846086+0.7677678209011166j)
(5.070371136904288+0.8748809119822766j)
(5.271588768096902+0.9575236760344205j)
(5.48803789774479+1.00415407057029j)
(5.702728087552669+1.0115659632133143j)
(5.899595595778936+0.9874007352975405j)
(6.0706741686329755+0.947447549955718j)
(6.21966603982023+0.908438917428555j)
(6.359700259082108+0.8803786713257833j)
(6.50696029510573+0.8624167017212846j)
(6.67367041959032+0.843420855833339j)
(6.86291557873116+0.8060695249411791j)
(7.066279270194159+0.732963115605983j)
(7.264956326313425+0.6135845829934258j)
(7.4351402726065805+0.4503018571941199j)
(7.557234547726987+0.26022754230102135j)
(7.625255630156145+0.07006078827025107j)
(7.650587331462081-0.0949902777631859j)
(7.656933161854874-0.22213783511881532j)
(7.669506497980223-0.3154253081255148j)
(7.704841532087263-0.3922468599175497j)
(7.765498869404178-0.4752845818017551j)
(7.840172915201909-0.5838193462131014j)
(7.907989276490259-0.726736366079167j)
(7.945849135003887-0.898566788519188j)
(7.937420988016827-1.0800770099951935j)
(7.880879154576824-1.2445486859982822j)
(7.79128836149781-1.3684127440692093j)
(7.695257264548736-1.4414516705262324j)
(7.620096175696116-1.4710242960257545j)
(7.583223287609759-1.4783658836578903j)
(7.586661114104204-1.4897495803918261j)
(7.617745043848486-1.5270513171165423j)
(7.65438969031727-1.6008884442557474j)
(7.672706151186687-1.707601307275765j)
(7.655091576603629-1.8304838571026942j)
(7.596758033064463-1.9453059193550755j)
(7.508226045691616-2.0290870728301185j)
(7.411961814139208-2.0691731714467365j)
(7.333852996893791-2.0685367255361284j)
(7.29319604048137-2.0446211366889213j)
(7.295737617002662-2.0224560289006495j)
(7.332310912439279-2.0255004110127195j)
(7.382686401634743-2.0678969456471203j)
(7.422574730363809-2.150309991978261j)
(7.431510430498357-2.2600183607213853j)
(7.399569693484778-2.3750935182024633j)
(7.330932410381866-2.471751148265754j)
(7.242678806662305-2.5327928547993j)
(7.158687259804711-2.553993511869954j)
(7.100798485651022-2.545607672580883j)
(7.080941751798494-2.528323654446262j)
(7.097322616256967-2.5256407745179748j)
(7.135585918688102-2.55588055242679j)
(7.173867172273768-2.626450743286662j)
(7.189836830127031-2.7316796936725476j)
(7.167822743774734-2.8545709379233677j)
(7.104098490833234-2.9721695169148443j)
(7.008442616538378-3.063278027419438j)
(6.900864421457536-3.1159801486057606j)
(6.804349801732125-3.131856889669516j)
(6.736584873177604-3.1250103653287247j)
(6.70411101162633-3.116567743794107j)
(6.7008127419972885-3.1273014658088494j)
(6.710487670904054-3.171117005641513j)
(6.712063771657924-3.2510300326976993j)
(6.685962593972359-3.3582288175022077j)
(6.6202554450889135-3.474428103108114j)
(6.514981140673656-3.5773925005070026j)
(6.382723136744123-3.648457689477658j)
(6.244415618956727-3.679343625662498j)
(6.121664442385553-3.6750746002867674j)
(6.029014811388194-3.651583075702752j)
(5.969512926160329-3.629478179036274j)
(5.934702330234271-3.6270525702929053j)
(5.908009433407974-3.6549687626914755j)
(5.8698274204758665-3.7135240615669196j)
(5.803095872696422-3.7925094987140837j)
(5.6985366609974335-3.8737037933429943j)
(5.558301449671341-3.9360811814404006j)
(5.396204416297311-3.9628840751819885j)
(5.233352932786285-3.9479995905458187j)
(5.09039744843064-3.8983536685950213j)
(4.980032512750175-3.8308718859570354j)
(4.903252840927328-3.765796053329582j)
(4.850259293936276-3.7198108330764934j)
(4.804469683000232-3.701440525317388j)
(4.74761607744368-3.709246041582408j)
(4.664761364675311-3.732378676647921j)
(4.548709200713446-3.7532361645475962j)
(4.402985716355943-3.7522911685336484j)
(4.241866180530277-3.7145476292359185j)
(4.086191208896853-3.6354752001651995j)
(3.9558370720730185-3.5232489696947225j)
(3.8623026286565727-3.395580246209802j)
(3.80515029267275-3.272761191492002j)
(3.7734091152585907-3.170625144828218j)
(3.75019888374294-3.096215126024837j)
(3.718135901628174-3.0466849633391813j)
(3.664091515407266-3.010647217371938j)
(3.582840510408463-2.9712784118984703j)
(3.479147139439011-2.9109599140670546j)
(3.3672816152185767-2.816982226253477j)
(3.26700309600927-2.6866588499693145j)
(3.1966056334143134-2.529201211646175j)
(3.165945324716833-2.3626327455217764j)
(3.1730494448180155-2.2069340782351365j)
(3.2057466103439434-2.0769653205901975j)
(3.2467409599345407-1.9782712000991953j)
(3.279387324092992-1.9065593424561327j)
(3.292308487766027-1.8499005606885677j)
(3.2822441106546325-1.7924700704988534j)
(3.254971424719653-1.719105433386892j)
(3.223951716749672-1.6200501565100087j)
(3.2063885816534525-1.4946924820412943j)
(3.217321960353587-1.3525525392142834j)
(3.263902766933527-1.2103450568327532j)
(3.3426237973630912-1.0859392245907036j)
(3.4409040250399223-0.9919968526753704j)
(3.541961253683113-0.9321473383614715j)
(3.6304679121805408-0.9007919130639901j)
(3.6968778103702706-0.8857752783477847j)
(3.739538864450709-0.8724735029304335j)
(3.7645794383329414-0.8480913614455092j)
(3.783827569106879-0.8053225357150365j)
(3.8111319052318504-0.7445958122499482j)
(3.857830915461199-0.6741142696129104j)
(3.928720505648431-0.6072792952826354j)
(4.020138188650448-0.558082384772957j)
(4.121143588414398-0.5361572908998684j)
(4.217372787238807-0.543526143564555j)
(4.2958958119154085-0.5742562840796241j)
(4.349150067492424-0.6168448722702097j)
(4.376737031313234-0.6581121660639196j)
(4.384881004827998-0.687151521466506j)
(4.384072868427374-0.6982325060070113j)
(4.3857281216694135-0.6920573004039706j)
(4.398743131102767-0.6751906930084933j)
(4.42680844983616-0.6578267822076507j)
(4.467247290736936-0.6504235348644059j)
(4.511863351516219-0.6601410644304974j)
(4.549695839575566-0.6882801836048932j)
(4.570807367281688-0.7297414587338471j)
(4.569680104649301-0.774785590959143j)
(4.546903273543264-0.8123737697328979j)
(4.508629314534013-0.8337055046384706j)
(4.4642638946137065-0.8346532301085172j)
(4.423439249740793-0.8164604322017265j)
(4.393301431934338-0.7848069035263775j)
(4.376770105016656-0.7477668377832123j)
(4.3720557768102095-0.7132814137739952j)
(4.373482254605259-0.6867472733945106j)
(4.373458746473323-0.6693327351984664j)
(4.365128755482011-0.657599167973041j)
(4.344844780042205-0.6447080472687803j)
(4.313494835737808-0.6228699370621783j)
(4.276125709015994-0.5860619935255839j)
(4.2401141475241575-0.5319059289430748j)
(4.212771625161032-0.462098210496849j)
(4.199322955729941-0.38151288430976393j)
(4.201794885351793-0.29654691801181043j)
(4.218898426989623-0.21331038690397347j)
(4.2467453617137485-0.1360888088945847j)
(4.280170957503946-0.06635985838577248j)
(4.314377023458857-0.002584282284554651j)
(4.34648002148512+0.05910714621832631j)
(4.376452093804989+0.12346412080203463j)
(4.4070751264944334+0.19438470011434453j)
(4.442929003591127+0.2735587683567553j)
(4.488865548990036+0.3599658690167859j)
(4.548578020083398+0.4502844260156703j)
(4.623704763375639+0.5399097883675343j)
(4.71360354330302+0.6241675397114221j)
(4.815713965714855+0.6993938935132815j)
(4.926344223035092+0.7636809213531125j)
(5.041699510786014+0.8171599964768882j)
(5.158929648547861+0.8617467159670698j)
(5.276917489444636+0.9003726159845467j)
(5.396547598278516+0.935899610040312j)
(5.520347774214744+0.9700584477881274j)
(5.651627165793324+1.0027594400831348j)
(5.793413038956413+1.0319736954637373j)
(5.947521422752304+1.0541676640830533j)
(6.114000167997347+1.0651116070552147j)
(6.291044429732821+1.0608232035530398j)
(6.475373082791292+1.038418064891745j)
(6.662974085784822+0.9966692406409042j)
(6.850047702534912+0.9361197599267856j)
(7.033896525046614+0.858678839247594j)
(7.213480605522218+0.7667805578252103j)
(7.389429580565816+0.6623458023499642j)
(7.563474650123918+0.5458791878048728j)
(7.7374586945519646+0.4159999502419779j)
(7.912216222363506+0.2695681843066421j)
(8.086646947239599+0.10239453550649794j)
(8.25725790690837-0.0896294248065668j)
(8.418351193029483-0.309258818795242j)
(8.5628875449432-0.5568417586182643j)
(8.683847915405313-0.8298563238489204j)
(8.775687294736075-1.123280129190018j)
(8.835352907843262-1.430740696369025j)
(8.862451644552424-1.7460477601285913j)
(8.858492837669655-2.0645111852425106j)
(8.825525160757572-2.3835314342483223j)
(8.764720081663578-2.702257667981818j)
(8.675447580414712-3.0204645455759347j)
(8.555205300403621-3.3370617380575727j)
(8.40049238274748-3.648782874372358j)
(8.208404961105952-3.9496010144705376j)
(7.9784093937814475-4.231239277763245j)
(7.713554432978072-4.48474384090779j)
(7.420514028021307-4.702571982118354j)
(7.108360993080625-4.880327999956747j)
(6.786593321931402-5.0174288292919895j)
(6.463253118751144-5.116531976183857j)
(6.1438124080268635-5.182126056358964j)
(5.831049153829756-5.2189312476617165j)
(5.525729434534973-5.230656405504339j)
(5.227714557068146-5.219402486156764j)
(4.937090961971354-5.185760555255013j)
(4.654982955474084-5.129474482508658j)
(4.383815851417782-5.0504017757590125j)
(4.126965192518573-4.949415613614679j)
(3.8879466158604203-4.828904654858994j)
(3.6694838169244974-4.69268796135583j)
(3.4728251467818643-4.545415067945861j)
(3.297534329084746-4.391724794891202j)
(3.141755630105638-4.23548080632367j)
(3.0027858388740576-4.079298489329734j)
(2.877738632062542-3.924426160774491j)
(2.7641302145848745-3.7709329861397203j)
(2.6602824497849316-3.6181092602416967j)
(2.5654905828725583-3.4649749650857573j)
(2.4799380706050203-3.310787729488923j)
(2.404382510685753-3.1554348682588818j)
(2.339694500689385-2.999606386781584j)
(2.286385499598179-2.8446992160610534j)
(2.2442728810705206-2.6924909001567374j)
(2.2123798552651217-2.5447015875445547j)
(2.1890777144618307-2.4025910442148546j)
(2.172397883864255-2.2667027739677965j)
(2.160407048876552-2.1368007081505564j)
(2.151548888275391-2.011985024971824j)
(2.144885759687138-1.8909412411219086j)
(2.1402012380197126-1.7722646637765875j)
(2.1379455348385377-1.654795792559201j)
(2.1390297474901216-1.5378954760356898j)
(2.144508910772108-1.4215902966668368j)
(2.1552307389230303-1.3065424148347768j)
(2.1715467758404734-1.1938460452159307j)
(2.193168599497131-1.0847078459483637j)
(2.219205893694264-0.980104674645612j)
(2.24836670879599-0.8805134748263365j)
(2.279257325890891-0.7857788889571031j)
(2.3107014913584885-0.6951421240172571j)
(2.3420032593016895-0.6074157212179786j)
(2.3730952938618803-0.521259799883172j)
(2.4045395205257294-0.43549587576232623j)
(2.437378321819114-0.34938502176695435j)
(2.4728696046185297-0.26280240752419826j)
(2.512169546268149-0.17626360878378433j)
(2.5560415516283412-0.09079535034998777j)
(2.604663105847295-0.007682975090093819j)
(2.6575769253286934+0.0718432421596401j)
(2.7137978904671587+0.14690740854241685j)
(2.7720513566422134+0.21720092639474806j)
(2.831087514768925+0.2830553314440869j)
(2.8899955297714524+0.3453525342565213j)
(2.9484365589910566+0.4052901210145031j)
(3.006732102921006+0.46405958746173664j)
(3.0657825473966396+0.52252175361676j)
(3.12683863594281+0.5809641872386809j)
(3.191187688392393+0.63899932152571j)
(3.2598329075178034+0.6956213888643962j)
(3.333237366061761+0.7494022401972169j)
(3.4111840024900206+0.7987806940369325j)
(3.4927794662540603+0.8423868824488042j)
(3.576606308370826+0.8793368285457384j)
(3.6610018283218766+0.9094313152017444j)
(3.7444107127418955+0.9332023980982234j)
(3.825728842348241+0.9517790739402747j)
(3.9045430383618305+0.9665916399379497j)
(3.981191242614419+0.9789878926663258j)
(4.056619678701789+0.9898683463209254j)
(4.132077350192583+0.9994429554551713j)
(4.20873477668603+1.0071706689825362j)
(4.287325948283515+1.011887538890165j)
(4.36789419507398+1.0120835304244744j)
(4.449691091990884+1.0062636350866412j)
(4.531247225668424+0.9933210985931771j)
(4.610607887153206+0.9728498213770188j)
(4.6856998102681615+0.9453253431349482j)
(4.754762047544043+0.912095734456045j)
(4.816740941339657+0.8751567948378486j)
(4.871535085197472+0.8367439566224084j)
(4.920002456459907+0.7988401934110693j)
(4.963711773165256+0.7627416497993951j)
(5.004507191407867+0.7288115765764306j)
(5.044016882809466+0.6964888219112653j)
(5.0832432533830865+0.6645324478672033j)
(5.122331030706727+0.6314198614294927j)
(5.160549312143351+0.5957924097549293j)
(5.196473706254444+0.5568520605031281j)
(5.2283245103343035+0.5146350666423872j)
(5.254398484180975+0.47010949232747506j)
(5.273513827486712+0.4250646377477663j)
(5.285369899464528+0.38179330430967223j)
(5.290719939350322+0.3426193946519617j)
(5.291286855137997+0.30938163880715264j)
(5.28942396852303+0.28301835753710136j)
(5.287609519541161+0.2633786934773116j)
(5.287921694845609+0.24931224952736458j)
(5.291639175588896+0.23899675897585532j)
(5.299057319442628+0.23039787433780715j)
(5.309537708275939+0.22173903545891896j)
(5.321753301617849+0.21188235714634682j)
(5.334064417701707+0.2005576302364242j)
(5.344952823652733+0.18840715035232697j)
(5.353437837887678+0.17683728127203238j)
(5.359394099410132+0.16769286312402842j)
(5.363693410112878+0.16280583444193636j)
(5.368117091607503+0.16351027122369535j)
(5.375037404754229+0.17024362054581946j)
(5.386934714371533+0.18234610226372697j)
(5.405872585116367+0.19811958540313937j)
(5.43306809707985+0.21513079527592271j)
(5.4686621021107795+0.23067427831400014j)
(5.511731558193216+0.2422753321074325j)
(5.560522080700046+0.24811829324338125j)
(5.6128345248092275+0.24731822281955043j)
(5.666480084757679+0.23999522774079002j)
(5.719717413099323+0.2271473891051659j)
(5.771593113987807+0.2103476667659696j)
(5.822119294400643+0.1913162343051576j)
(5.872241974013214+0.17144573844286498j)
(5.923588589350049+0.1513788338971716j)
(5.978032822114316+0.13074274283579995j)
(6.037169542668181+0.10812109051772575j)
(6.101829607547025+0.08128610285679808j)
(6.171762078995335+0.047640370017007314j)
(6.2455653203112425+0.004756399717310329j)
(6.320876602344438-0.04912018551089759j)
(6.394762974569127-0.11471642578973777j)
(6.464217742901781-0.19159065817771434j)
(6.526660797587907-0.27821679105310726j)
(6.580354415952847-0.37226936519080867j)
(6.624663934939964-0.4710599932290456j)
(6.660110398391071-0.5720548029128687j)
(6.688187363746418-0.6733799898533711j)
(6.7109559213136745-0.7742061084837862j)
(6.730488917963669-0.8749085679083598j)
(6.748288418999158-0.9769450984230162j)
(6.764821999118645-1.082464594650026j)
(6.779297057716919-1.1937382574001472j)
(6.789726941513237-1.3125509026598494j)
(6.793267062789767-1.4396921023644766j)
(6.786741487921622-1.574652447793677j)
(6.767251172927079-1.715581460558995j)
(6.732747401833977-1.8595167686401088j)
(6.68245777870674-2.0028511210980118j)
(6.617066835452016-2.1419590658022045j)
(6.538588758549689-2.2738598897450206j)
(6.44993325564078-2.3967634718183937j)
(6.354247543969136-2.5103537247022434j)
(6.254189154916511-2.615721681278131j)
(6.1513131970919845-2.71495326814509j)
(6.045729359439845-2.8104710168016154j)
(5.936111253038562-2.904290187023572j)
(5.82005333032656-2.997363390108468j)
(5.6946947668724635-3.0891609783074245j)
(5.557476739324174-3.177583086538318j)
(5.406870231938037-3.2592343292073145j)
(5.242907321722973-3.330017890741166j)
(5.067377749982297-3.385928165385934j)
(4.883622200365364-3.423857833180697j)
(4.695957069893748-3.442213828454101j)
(4.508872779177583-3.4411780238579683j)
(4.326216477911251-3.4225475167568877j)
(4.150570253487912-3.389211082381509j)
(3.9829692265136876-3.344415799769107j)
(3.82300129772944-3.2910190406216877j)
(3.669231573208003-3.2309028375295235j)
(3.5198267982811235-3.164669542043511j)
(3.3732258825888293-3.0916644851611634j)
(3.2287063819515995-3.0103005315014273j)
(3.086726047943797-2.9185994680809517j)
(2.9489685709768954-2.8148215333471955j)
(2.818088834697667-2.6980348574208253j)
(2.697224764331742-2.5684902894877024j)
(2.5894012985260653-2.4277170932152203j)
(2.49697621556697-2.278330497026773j)
(2.4212567393362017-2.123618627441205j)
(2.3623581206014954-1.967026780225163j)
(2.3193045570957893-1.8116661551473066j)
(2.290315131466932-1.6599461076547046j)
(2.27318825453305-1.5133816667666646j)
(2.2656974216947625-1.3725815462352322j)
(2.265928648643165-1.2373884918949134j)
(2.2725137770026196-1.107125842800955j)
(2.2847364460922694-0.980897462481471j)
(2.302507248158145-0.857887677171527j)
(2.3262229158637413-0.7376115103795028j)
(2.3565419742757983-0.62007464260367j)
(2.3941235069496023-0.5058190115409008j)
(2.4393816204040726-0.39585267110171246j)
(2.492302272453575-0.2914860768558018j)
(2.5523524573806102-0.19411417617190604j)
(2.6184900536119953-0.10498984801588063j)
(2.6892628509829604-0.02502961070612717j)
(2.7629717373003375+0.04531893559859271j)
(2.8378664934329394+0.10613224023957998j)
(2.9123417842963497+0.1579860111743544j)
(2.985104156529005+0.20185937908537407j)
(3.055287083849824+0.23898593062494833j)
(3.122499549302695+0.27067576362009266j)
(3.186803424596428+0.29813570519093885j)
(3.2486249344047033+0.3223143831629725j)
(3.308614765436921+0.34379511438990995j)
(3.3674790662991954+0.3627528795195666j)
(3.4258088173116885+0.3789822771996297j)
(3.483936600521601+0.39199182938830784j)
(3.5418462477174475+0.40114780315558185j)
(3.599151540928216+0.40584056302566296j)
(3.6551464075465474+0.40564165532537605j)
(3.7089144232640234+0.40042243398512006j)
(3.759474273011575+0.3904144191066439j)
(3.805933068675209+0.376204439677638j)
(3.8476211905475854+0.3586698259036455j)
(3.8841883535619086+0.3388677221152929j)
(3.9156481274877897+0.3178975325873126j)
(3.942365561371832+0.2967576864863506j)
(3.964989828767626+0.27621837657417875j)
(3.984341474218431+0.25673059694858746j)
(4.001271664008131+0.23838757341869088j)
(4.016517117907185+0.22094668337086273j)
(4.030576629043295+0.20390894298369183j)
(4.043631610480428+0.18664173296198386j)
(4.05552442146888+0.16852198792521214j)
(4.065796831193016+0.14907386497854536j)
(4.07377999076498+0.12807713186502043j)
(4.078718903686867+0.10562873261945063j)
(4.079909394121723+0.08214839552208891j)
(4.076823982510873+0.058328488614857905j)
(4.0692049926737734+0.03503774688131701j)
(4.057108897109374+0.013196784377544929j)
(4.040895001331681-0.006351363329310656j)
(4.021162421776027-0.02295176535828372j)
(3.9986492547097896-0.03620980976508706j)
(3.9741143020942182-0.046014185199803874j)
(3.948223421684796-0.05250964765187553j)
(3.921459880976919-0.0560275030375545j)
(3.8940724974875534-0.056988093453533145j)
(3.866068415449019-0.05579302048552349j)
(3.8372501180879244-0.052725636066966695j)
(3.8072892470090363-0.04787667645400069j)
(3.7758235981427037-0.04110773813151754j)
(3.7425593308223783-0.032058647142462114j)
(3.707359285106523-0.020196406175364306j)
(3.6703012897968907-0.004895049200527866j)
(3.631697185425783+0.014470259719016764j)
(3.5920721459943104+0.03843327926381025j)
(3.5521120437160416+0.06736640558664907j)
(3.512591776932679+0.10143941229602522j)
(3.474298744581059+0.14060944398687875j)
(3.4379635259615844+0.18463850391653147j)
(3.4042057711585527+0.23313109435422047j)
(3.373498970624057+0.28558365097930277j)
(3.346154357321263+0.3414382700050421j)
(3.322322175451312+0.40013491457910666j)
(3.3020077242556263+0.4611578898161745j)
(3.2850993459853135+0.5240734142148107j)
(3.271405211467423+0.5885556572336814j)
(3.2606950274398954+0.654399180094112j)
(3.252741909163252+0.7215168936385122j)
(3.2473593191136603+0.7899245324088547j)
(3.244428684038281+0.8597147111360184j)
(3.243915026906803+0.9310251444043124j)
(3.245870186769925+1.0040060643783644j)
(3.250425249021645+1.078791176460067j)
(3.257775076121294+1.1554750178133644j)
(3.268158116158859+1.2340979680039639j)
(3.2818342256160857+1.314638952222605j)
(3.299062544619417+1.3970152777976155j)
(3.3200809021859383+1.4810889203530184j)
(3.345087965789058+1.5666786429105155j)
(3.3742293286275653+1.653577346786232j)
(3.4075887959817215+1.7415739185608765j)
(3.4451861792177536+1.8304785882045254j)
(3.486982944644343+1.9201504892977526j)
(3.532897117428146+2.0105256087644348j)
(3.582828714284873+2.101642469096033j)
(3.6366962792265825+2.1936617937845564j)
(3.69448357165734+2.286875537784113j)
(3.7562932819553185+2.381700629482341j)
(3.8224024311009104+2.4786539540197756j)
(3.89331262680031+2.578307397277246j)
(3.9697881323188557+2.6812245235574528j)
(4.052875682538067+2.7878828367720176j)
(4.143901495447431+2.8985870911857106j)
(4.244442224703299+3.0133800209239383j)
(4.356267497961619+3.131957975260331j)
(4.481252941902356+3.253601036277721j)
(4.621265687110605+3.3771301303405274j)
(4.778030664090381+3.500905855053425j)
(4.9529956235446315+3.6228823027967043j)
(5.147223338410459+3.7407208716786666j)
(5.361345738081623+3.851952525976327j)
(5.595610477294808+3.9541548696661315j)
(5.850031572992783+4.045090198270145j)
(6.124624059351602+4.1227423764862j)
(6.419666881423313+4.1852013976434765j)
(6.735910752230598+4.230374928022108j)
(7.074637785011819+4.255548266797221j)
(7.437489143014543+4.256857303380485j)
(7.8260012151242595+4.2287765956635575j)
(8.240826018955115+4.163757020380084j)
(8.680661716565782+4.052177468934124j)
(9.14099769491947+3.8827972187742636j)
(9.61289838850588+3.6438838918160505j)
(10.082199674303547+3.325097230480231j)
(10.52960649434893+2.919981591701161j)
(10.93213456632524+2.428568495407735j)
(11.26600652987504+1.8592518135172722j)
(11.510508777640164+1.2290339786063003j)
(11.651713122551039+0.5616695897552985j)
(11.684797151588185-0.11593559871206137j)
(11.614189927418263-0.777937850496683j)
(11.451677654777322-1.4030381255818438j)
(11.21336253306559-1.97635319587426j)
(10.916574690074073-2.4895623337141943j)
(10.577528870493563-2.939814618556443j)
(10.210017598530706-3.3280860465624924j)
(9.825033896677407-3.657561128218266j)
(9.431025265610343-3.9323726509473973j)
(9.034457142750739-4.156810969752555j)
(8.640427520617163-4.3349651147543025j)
(8.253165269245164-4.4706793272576j)
(7.8763343209561585-4.567681928784687j)
(7.513141883991667-4.62975412955371j)
(7.166302596160305-4.660843487244827j)
(6.837935372674445-4.665077048736011j)
(6.529465576340268-4.6466768086131225j)
(6.241580774082929-4.609811747390014j)
(5.97425746866932-4.558431369941941j)
(5.726850809151074-4.496119178534701j)
(5.498225218970858-4.4259893520067655j)
(5.286900780536598-4.350634065396062j)
(5.09119434747211-4.272117073386086j)
(4.909341564375977-4.1920026974158935j)
(4.73959327243455-4.111407426915125j)
(4.580285601887302-4.0310624841098175j)
(4.429886851573746-3.951378485432292j)
(4.2870260527421475-3.872506629991167j)
(4.150508251934231-3.794393807699533j)
(4.019320606207821-3.7168310775545685j)
(3.8926320961934513-3.6394959173990244j)
(3.769788708879956-3.5619887334189917j)
(3.6503056592217766-3.4838639397988764j)
(3.533858418218617-3.4046561101652664j)
(3.420274395625198-3.3239025358879264j)
(3.3095264632532277-3.2411647235068464j)
(3.2017278422904663-3.1560522439673986j)
(3.0971254753651847-3.068252177367435j)
(2.9960865375783725-2.9775656917437154j)
(2.899071123151629-2.883949951895686j)
(2.8065843887350628-2.7875589367294444j)
(2.719104490443651-2.6887718137255994j)
(2.636989034202743-2.5881939791648283j)
(2.5603719048919986-2.4866160247483573j)
(2.489071963102289-2.3849218742310083j)
(2.4225411863187802-2.2839496940191j)
(2.3598779479123158-2.1843254176797884j)
(2.299918964380566-2.086303087169236j)
(2.2414032527277548-1.9896518031082693j)
(2.183180230421839-1.8936216919263213j)
(2.124420509292473-1.7970025799626175j)
(2.064787456282917-1.6982662538461386j)
(2.0045393907490108-1.5957651950665641j)
(1.9445501046859017-1.4879531916462534j)
(1.8862515527327284-1.3735962486197222j)
(1.8315120591205518-1.2519512169968794j)
(1.7824656264145555-1.1228987628608327j)
(1.7413058272249549-0.9870226622366869j)
(1.710055601701201-0.8456279863594555j)
(1.6903256465613015-0.7006885038744904j)
(1.6830804205547705-0.5547123965845319j)
(1.688440725597265-0.4105193643874472j)
(1.7055611732939386-0.2709342088220008j)
(1.7326237000334401-0.1384217529446875j)
(1.7669792025089326-0.01471108078124695j)
(1.8054461884440354+0.09952439408405037j)
(1.8447415321370515+0.20485949643007942j)
(1.88198312952352+0.30312515989346167j)
(1.9151791843543124+0.3972066931274064j)
(1.9436132727895166+0.4906499603735342j)
(1.968050824871293+0.5871331037446232j)
(1.9907261641535539+0.689887908177354j)
(2.0151095340951617+0.8011617741019883j)
(2.0454896815851598+0.9217994581575135j)
(2.086431997923754+1.0509995642491838j)
(2.142182619473752+1.1862724358814043j)
(2.2160875249521905+1.3236003924226116j)
(2.310087061976054+1.457781674575781j)
(2.424334840641944+1.5829264044662996j)
(2.5569784445899857+1.6930650402121097j)
(2.7041296834090094+1.7828255860479505j)
(2.8600456882660232+1.8481331738776439j)
(3.0175401619788214+1.886880719328973j)
(3.1686445772923273+1.899505515571152j)
(3.305532352569766+1.8893767333751323j)
(3.4216844903174954+1.862853876387216j)
(3.5131879522431495+1.828839782127628j)
(3.5799138035625595+1.7976789192965548j)
(3.6261760733699533+1.779408957367384j)
(3.660453273329341+1.7816692163449788j)
(3.6939917356876446+1.8078731549667022j)
(3.7385753590991064+1.8563193832229323j)
(3.8041745039291612+1.9205916493377235j)
(3.897251805243959+1.9910297196828666j)
(4.0201354050557025+2.0566179626730237j)
(4.17134039578072+2.106605419228648j)
(4.346369045819262+2.131479410490544j)
(4.538477455038261+2.1233031827208495j)
(4.7390617019665005+2.075698336452707j)
(4.937542441712679+1.9838770118668574j)
(5.120859938066319+1.8451749017883867j)
(5.272996116201149+1.6605328054465336j)
(5.375415843451374+1.4371836505468363j)
(5.409861182881556+1.1920458286966948j)
(5.36477896391602+0.9536487855306672j)
(5.2443210843129+0.7586412584854554j)
(5.074217491753143+0.6402952655034131j)
(4.89694328854608+0.6134899300203619j)
(4.756008940577778+0.6673127970136012j)
(4.6801599944024534+0.7715575594438028j)
(4.678019264128823+0.8907642222225095j)
(4.742908888873113+0.9951218595091316j)
(4.860764178334295+1.0639942368328006j)
(5.01580301196227+1.0842972605317216j)
(5.19269725953571+1.0472536842353373j)
(5.376014659644591+0.9456621161416275j)
(5.547838306074778+0.7726360119119717j)
(5.684161811070185+0.522633288955194j)
(5.751053766775054+0.19627256383876646j)
(5.70380761339615-0.18908633536233038j)
(5.496771201494129-0.5838773715386667j)
(5.112854825320668-0.8983545291709824j)
(4.603079021256322-1.0287501335702642j)
(4.089175046694526-0.9229927285658786j)
(3.69813664515738-0.6248246926202294j)
(3.4899430098457596-0.23861805964351226j)
(3.451376269549925+0.13970959826931517j)
(3.5357008617949623+0.4556031208733155j)
(3.6961807338757278+0.6896776636207216j)
(3.8982433588343954+0.840693708860259j)
(4.118943402270246+0.9130397040263067j)
(4.34245833687237+0.9103932595336449j)
(4.555152858132677+0.8333879102216146j)
(4.740746188818915+0.6797894303199271j)
(4.875351600858583+0.4473165146931651j)
(4.923187433355074+0.14088676336226813j)
(4.8373426362105825-0.21347439897787354j)
(4.575783426947296-0.5511155598822334j)
(4.140476638879858-0.7674891809111379j)
(3.615237526363509-0.7638741072681324j)
(3.1411877625448827-0.5225660659201531j)
(2.828682921652619-0.12380349054862332j)
(2.703372657830111+0.32033533231917816j)
(2.729880720776599+0.7302549177339833j)
(2.8579116378190403+1.0712328957011477j)
(3.0472907728706184+1.3368865544127813j)
(3.272612743246472+1.5319664824950439j)
(3.5198054412951434+1.6623921012305756j)
(3.781401008863556+1.73061906327035j)
(4.052145290804005+1.733525356949176j)
(4.324326449894261+1.6614294511890992j)
(4.581430752719111+1.4986485190055572j)
(4.789188865106947+1.2286113897096118j)
(4.887213289557893+0.8499698736405598j)
(4.796557453403956+0.4080835603950806j)
(4.46873191259924+0.02036557172226041j)
(3.959525993009372-0.16548412573928634j)
(3.424537976185873-0.08316807778526333j)
(3.0057560449606955+0.20691223493497796j)
(2.752761997503593+0.5936408191050493j)
(2.6454166747810457+0.9935822762530943j)
(2.6437815151874746+1.367174678295238j)
(2.7146201451719745+1.7034437576590096j)
(2.837408434075472+2.004129782957847j)
(3.00286153994963+2.27448658004998j)
(3.210588587105244+2.518583970875809j)
(3.467683857174481+2.7360889712170606j)
(3.7880182938597056+2.918046514360226j)
(4.190286932555517+3.039102114437415j)
(4.688625652359045+3.0437713247410865j)
(5.259729029041518+2.8315288683849045j)
(5.767071210118548+2.2816192250280896j)
(5.912629656580445+1.4145121233281495j)
(5.479387223807159+0.5870333931123719j)
(4.6906279458474+0.2042931087985056j)
(3.9422035017859045+0.2769969717539747j)
(3.402363177820615+0.5916959433046632j)
(3.0552576067744943+0.9870127283042273j)
(2.841627341869422+1.393186435461435j)
(2.713117869169142+1.7914575184728123j)
(2.6390265635437116+2.184602035221796j)
(2.6021922282132324+2.584315713202471j)
(2.5952769968274545+3.007518497932998j)
(2.6197149449208825+3.476994402502273j)
(2.6885172094011285+4.02499346699661j)
(2.836661615007205+4.700178422520361j)
(3.151525813475424+5.5779335615893j)
(3.864856355721974+6.759414156194154j)
(5.624663399340017+8.213467164782935j)
(9.704254073046803+8.502709944076088j)
(13.130461404253284+3.466227179446557j)
(10.183408610919267-0.9153617482105085j)
(7.142443515311138-1.2721234935537946j)
(5.49761062563661-0.6282768314905235j)
(4.584264475614374+0.08693846421050436j)
(4.014892146031658+0.7393956823818673j)
(3.6134992871505243+1.3384769530175828j)
(3.293613525034063+1.915233160964335j)
(3.0054689116039706+2.5036784296875676j)
(2.7126889329728923+3.141995378340172j)
(2.3785517219922774+3.879976489505576j)
(1.9514113470845817+4.793810872696136j)
(1.3361378674412099+6.018547391915751j)
(0.31164237641504616+7.83222703759962j)
(-1.7991130151671026+10.92017785875788j)
(-8.261777080046425+17.349331872805873j)
(-52.817269411753884+14.98423306820784j)
(-0.9525636036639004-30.232327550804282j)
(5.316323397140969-13.565888728370856j)
(5.444479098568439-8.010894672151055j)
(5.196213512552849-5.2611243713890365j)
(4.949812863206388-3.5588554710962725j)
(4.7392768750281045-2.339138091867991j)
(4.558618697297915-1.3611642812985034j)
(4.397574629298478-0.4968228715669155j)
(4.2461208702997615+0.34020312299651967j)
(4.093747844992295+1.227678723377156j)
(3.9268270288415508+2.261669146949781j)
(3.7226465060512406+3.5987362021306617j)
(3.4323275605875065+5.561379004247116j)
(2.9134914687306224+9.006905745536999j)
(1.4833332985153183+17.361638259896036j)
(-17.83660329714069+75.24897993180458j)
(4.743861825699312-37.56480198407677j)
(5.029724916262467-15.967514247104795j)
(4.73462584644349-10.308123278384917j)
(4.528715440745072-7.6396644044956j)
(4.377629755089458-6.045875058711648j)
(4.257507846086278-4.955153926087069j)
(4.155657614953737-4.13504734975533j)
(4.06498235109949-3.47084851402607j)
(3.9813443305717997-2.8965645810209817j)
(3.902481291317797-2.3678352979192163j)
(3.827818847028379-1.8487092031334547j)
(3.7591977819362787-1.3027766033572805j)
(3.7033837045713254-0.6837351893895678j)
(3.6795258703976814+0.08010926634809104j)
(3.7436164498622673+1.1189950084674871j)
(4.0842959505799+2.701009989299346j)
(5.492394716327113+5.379093714084347j)
(11.867031133265234+8.685502494933099j)
(20.59305142243179-2.4473324709671394j)
(12.125150501634963-8.68271218418133j)
(7.9970831349465765-7.61574667944442j)
(6.303143525010506-6.451401505099462j)
(5.429182566963188-5.6111688108402555j)
(4.888422470194866-4.99611837021001j)
(4.505068682919095-4.522158452653697j)
(4.203011468733815-4.136664930098728j)
(3.944106363231106-3.8059140202311723j)
(3.706645131134456-3.5062508386235827j)
(3.4766491922970295-3.2187443072047905j)
(3.2438988803549744-2.9254765865948014j)
(2.999987011690361-2.6060659408917997j)
(2.7375651436029598-2.233011403867923j)
(2.4511810509845917-1.7635349206756599j)
(2.142640914951958-1.1227543280071848j)
(1.8432484259924886-0.1646185209917666j)
(1.723977909936368+1.4263284061838788j)
(2.6511674542594093+4.1955688821968335j)
(7.857889612721316+6.893544469306174j)
(13.667851201953702+0.9505260291485449j)
(10.99729197667133-4.21886545802603j)
(8.237999370628602-5.289304848204518j)
(6.5644303515562665-5.320375303409723j)
(5.480968853647591-5.134722544755172j)
(4.700974081889782-4.908875531366024j)
(4.085597556463107-4.67998340440511j)
(3.56341221447533-4.451479418239919j)
(3.0944694433606816-4.2174597640539995j)
(2.6545754650016598-3.968634425357852j)
(2.228039087324106-3.693325217860353j)
(1.8042500535901163-3.3767017961342236j)
(1.3763506204690024-2.998870560898347j)
(0.9416824042831816-2.5315192360400913j)
(0.5050271522182715-1.9321901126276748j)
(0.08864142665475146-1.1346910635150451j)
(-0.23485828845564805-0.014169261659887092j)
(-0.324045458446441+1.5391755457717926j)
(0.35308889348687705+3.7056730330292265j)
(2.8520776626313427+6.055201793963211j)
(7.703674189396995+6.100430688787672j)
(10.996626800904512+1.9067835285312107j)
(10.209963589370828-2.307782770763441j)
(8.082265181698647-4.350250883513854j)
(6.161937526470351-5.049075453152342j)
(4.651929639388247-5.140247370288947j)
(3.4639477631810562-4.953141918777344j)
(2.502293943266702-4.621242372117117j)
(1.7016963734060442-4.197908631701719j)
(1.02251579450722-3.7032742391081546j)
(0.4429955546339137-3.1430580914247837j)
(-0.04599612606941602-2.5165686677758417j)
(-0.4439263258056624-1.8204530685748372j)
(-0.7420252073945495-1.0506800391876505j)
(-0.9244145379007592-0.20414488644347828j)
(-0.9662416830660272+0.7164290887052863j)
(-0.8290083328109611+1.7054816605561358j)
(-0.4645041769621903+2.747191159026501j)
(0.19251445642748022+3.80405758604015j)
(1.2256429677025371+4.799382685338189j)
(2.726435481078161+5.58159764798428j)
(4.74342153559062+5.868725872654926j)
(7.128535226768297+5.213851810931645j)
(9.260413731657158+3.1787726318294793j)
(10.024152154867162-0.032686226047444054j)
(8.773166434524033-3.1235678104460782j)
(6.266448573417346-4.79374177248532j)
(3.758586469215465-4.943664526686145j)
(1.8782743341040207-4.190232915853727j)
(0.6753261795510253-3.084540849821868j)
(4.7974793349250035e-05-1.9248275084255206j)
(-0.3050286506219485-0.8359953552166046j)
(-0.37137679152902897+0.14521899727836543j)
(-0.25864035058496165+0.9910023287275226j)
(-0.028339054885922636+1.7363384684183496j)
(0.2837604231768843+2.3870967744249287j)
(0.657592308603926+2.9569487116055226j)
(1.081918269860148+3.4590989628758098j)
(1.5527049503097798+3.9054088062279435j)
(2.0725717441597804+4.306182159517854j)
(2.6514991246037614+4.669891677669543j)
(3.3092315712860985+5.00233053108235j)
(4.080468279507288+5.304137469172955j)
(5.025226860390787+5.563790268558172j)
(6.24902581620236+5.737011380065519j)
(7.938089766109474+5.681572688706938j)
(10.377067130016366+4.936626692342852j)
(13.51309586164634+2.063937596074305j)
(13.874187153630373-4.9527693001855555j)
(6.712803257897691-9.084211236581472j)
(1.559175908875887-6.218834575342044j)
(0.27466391019889425-3.1092010817202094j)
(0.2867298236409487-1.1076408061851732j)
(0.6040644884151407+0.16827916139931628j)
(1.015065043417805+1.0327916890422266j)
(1.4135831799114102+1.6417355753106944j)
