(23.968546115247825+0j)
(21.82895290347348-5.37269687320168j)
(17.381871701999305-7.678770272771546j)
(13.349467028563584-7.022959421900641j)
(10.868679501941838-4.691972907665159j)
(10.158297444692582-1.664613675640867j)
(11.347340852010296+1.3862037481951044j)
(14.70769664030687+3.5443897729213973j)
(20.01017892427222+2.9410025529315056j)
(24.378404872408147-2.505069718638982j)
(22.996528259237063-10.181751152955304j)
(17.126192462653837-14.061858596595098j)
(11.613744240995631-13.614164417607938j)
(8.136156303007269-11.191305955988922j)
(6.486560836892854-8.22877075685995j)
(6.318150413558513-5.306388748642213j)
(7.533214297919961-2.790004346701077j)
(10.160462954878094-1.3156171397328253j)
(13.696313507427034-2.1065747127932877j)
(15.871803862871301-5.987325829269436j)
(14.112434813136955-10.54820590347572j)
(9.933143271296288-12.322600118986115j)
(6.263897726258193-11.40602769730861j)
(4.001469242064764-9.302865606747243j)
(2.981000661933374-6.900817999439218j)
(2.973092962350054-4.5685618446863305j)
(3.9054320906797737-2.546819812547988j)
(5.780611153341707-1.2429211880350985j)
(8.284306013175128-1.4161066591792406j)
(10.058474861599585-3.64449034078174j)
(9.346784555946003-6.643290653660137j)
(6.707593139921374-8.052032963594387j)
(4.100708991388617-7.5097064508623905j)
(2.3956228713821743-5.938254701688488j)
(1.6018214683362992-4.025703411558183j)
(1.5833656115827481-2.0905946918217317j)
(2.2888581954470397-0.32348141505356354j)
(3.735396433436244+1.00086293483877j)
(5.791355338451108+1.3642763615948783j)
(7.686110320375436+0.19866723122475355j)
(8.024665541660061-2.0510309188060463j)
(6.527548307799797-3.6458415062911227j)
(4.510473553521829-3.6799614047240685j)
(3.00053203606146-2.598055277308275j)
(2.238410832008119-1.0103309337315458j)
(2.188347726618807+0.7326513299018852j)
(2.8294241975123144+2.4218644845216963j)
(4.196799338775641+3.8065502796997084j)
(6.238964058684939+4.4343705653718795j)
(8.420930490893445+3.715224883811005j)
(9.512160794975037+1.6998143121993146j)
(8.786097737382038-0.23884443442208733j)
(7.107084695199987-0.8516925007628109j)
(5.635154900148776-0.18732771547953644j)
(4.861689537420835+1.1989599166106661j)
(4.883379292282541+2.877400479218537j)
(5.735529621106374+4.543593538069504j)
(7.464087416064554+5.835638058438729j)
(9.94413862921646+6.176592419463647j)
(12.447797175867192+4.948944357465889j)
(13.619660180480027+2.394662859305044j)
(12.860027730271094+0.040458635420308565j)
(11.136563202272823-0.8969976829011699j)
(9.64456308068286-0.4789041941954451j)
(8.94907732363722+0.7134413845726855j)
(9.212594893970051+2.1478785418746016j)
(10.459684209757809+3.3378457240268995j)
(12.53526114293482+3.7019924480472666j)
(14.813589754852636+2.663586196094849j)
(16.145926981128937+0.27275289247430223j)
(15.774722578912776-2.354428770416298j)
(14.187055278268264-3.997767084730049j)
(12.413672974343308-4.369959807397179j)
(11.130696205372839-3.843832711215108j)
(10.59410889750004-2.902387558304619j)
(10.843216993048907-1.9836369083220358j)
(11.752927749777179-1.5203961597727744j)
(12.92911414522462-1.8881909862502606j)
(13.709027043783689-3.115222890668484j)
(13.584869103183106-4.669385801349249j)
(12.654361325363642-5.849969369095572j)
(11.414162479471658-6.339600725838558j)
(10.298611894713257-6.22004898490895j)
(9.533587004540399-5.717296127254327j)
(9.203608791242916-5.062050943513294j)
(9.311354751750663-4.479492817051476j)
(9.76061245322555-4.201506092146298j)
(10.300542290677175-4.4010133329020125j)
(10.57615104616745-5.031101266486695j)
(10.372804226955475-5.77876308154208j)
(9.783038773383169-6.304198789148816j)
(9.06234938819923-6.472964798740261j)
(8.423008331341663-6.33484263987085j)
(7.977099296219674-6.006336821299083j)
(7.7667433091619325-5.608373749263832j)
(7.790203336443489-5.259670800264902j)
(7.994668456309434-5.080414886265897j)
(8.250182820895533-5.162241393479813j)
(8.366804220749572-5.490014103205355j)
(8.211181740331371-5.901194823871745j)
(7.817193821334447-6.192903505546763j)
(7.33442208792879-6.268316619830921j)
(6.900858701408141-6.153214126198857j)
(6.588992299283627-5.924795570504694j)
(6.418821230180617-5.66313529766243j)
(6.378382614540713-5.438554318191358j)
(6.428948095556094-5.311226548431072j)
(6.50001531829395-5.320595980577158j)
(6.497255002698097-5.456646742099166j)
(6.348544576920869-5.6394541065775j)
(6.061745997772987-5.756906917663621j)
(5.7190609906770415-5.742658886809029j)
(5.410106487860559-5.606093030285524j)
(5.184796204670043-5.399267886503438j)
(5.052429728543391-5.178383705188997j)
(4.997209401452994-4.987709390603602j)
(4.988721540591119-4.8569482665330765j)
(4.986198291274357-4.798963135038903j)
(4.944542424026773-4.803058316853556j)
(4.830366053690487-4.8301910226854075j)
(4.643844541455835-4.824933245895151j)
(4.423865058896215-4.7465397730419925j)
(4.22358045031128-4.592753819684917j)
(4.079235525827532-4.39360390082222j)
(3.99896736848883-4.1882601593202455j)
(3.96961610379357-4.007928006801216j)
(3.967198018845518-3.8699802838222874j)
(3.9644404092659498-3.7774940579082825j)
(3.9364458471710333-3.7196796353290678j)
(3.8672474447674334-3.673285218163495j)
(3.757222724152961-3.6083437939681056j)
(3.6261970285772542-3.5002362510762177j)
(3.505940465326954-3.342767471132005j)
(3.424062620239164-3.151744244260341j)
(3.390837098786745-2.9553877066250984j)
(3.3974950204631345-2.779819185749649j)
(3.4235293676976313-2.639400801253194j)
(3.4459630256700358-2.534368030536118j)
(3.446501354099594-2.4531429834389615j)
(3.4160557926724384-2.3766136971477008j)
(3.3572942127355407-2.283473102185808j)
(3.2848593646775845-2.1567819029603617j)
(3.221687561406867-1.990850914517929j)
(3.1906848461330917-1.795333888467457j)
(3.2043500444925925-1.5927187670125178j)
(3.258243116636691-1.4086212178246158j)
(3.333060557583705-1.2598634923979442j)
(3.404134074667539-1.1475079209809722j)
(3.452162276345338-1.0580577498242822j)
(3.4696958832818376-0.9702207497156239j)
(3.46233565299623-0.8626905095481462j)
(3.44639167477902-0.720463846737225j)
(3.44450334997946-0.5393118512455117j)
(3.4795477182580146-0.32835842438421897j)
(3.566782499479698-0.10964581702970762j)
(3.7057952112647707+0.08760505188420631j)
(3.877081432904601+0.23883299073435446j)
(4.048660569358386+0.3371727116089152j)
(4.191460004869253+0.3982353644830086j)
(4.293518263027219+0.45212136905527894j)
(4.3639881949165735+0.528845756857883j)
(4.4273642533700865+0.6467249064597472j)
(4.514188517394236+0.8074678093835835j)
(4.652530295718603+0.995962506641577j)
(4.860258904514376+1.1823671002667617j)
(5.1367921606288665+1.327338530394386j)
(5.456280062151561+1.3938762616667968j)
(5.770135768672937+1.3661881319958638j)
(6.0266580087811725+1.264966982023911j)
(6.200114520026758+1.1417657218209634j)
(6.305696958790094+1.0510888448055171j)
(6.388104883379599+1.0224464721880726j)
(6.497393050771807+1.0513061453140926j)
(6.6701208459869035+1.1060871137229045j)
(6.919769957843147+1.1398016239129436j)
(7.231692077918216+1.1019179784893869j)
(7.560834856617881+0.9535439495312585j)
(7.838761085808081+0.6880724947321295j)
(7.999401518110628+0.34765956704469925j)
(8.017673335018896+0.014134224936478623j)
(7.930257484582435-0.23254099366349215j)
(7.814850388908278-0.3579955927764327j)
(7.746640537570018-0.3838528602370609j)
(7.767721135175417-0.36687499915561056j)
(7.880137476345125-0.3718218632387524j)
(8.051839729605392-0.45188835764617724j)
(8.22638873400374-0.6352045944329052j)
(8.336992469567724-0.9135806488375501j)
(8.329284920083118-1.2372935934523823j)
(8.189321274929648-1.5271687524575708j)
(7.958642227631827-1.7086998847176162j)
(7.718137351643368-1.7506085860527338j)
(7.547942755128594-1.6789630069682828j)
(7.492700726422993-1.5589924353914248j)
(7.551053078797493-1.4636761152115099j)
(7.684563347256205-1.4490505700886507j)
(7.833558023247681-1.5410863140736664j)
(7.933971814107821-1.7304167069789558j)
(7.9355728915724155-1.9732443170491656j)
(7.820806667842301-2.201874212246534j)
(7.6165995094890535-2.347979576060439j)
(7.387902454848906-2.3721914453125152j)
(7.210771841487953-2.283196026915774j)
(7.139323119322405-2.1329380612118856j)
(7.18610927428707-1.9922310448112595j)
(7.322821656310094-1.9232801725006534j)
(7.494332413676533-1.9612322176740513j)
(7.636878813658905-2.106578719689608j)
(7.69616548893886-2.325941586121972j)
(7.644088168296062-2.5607012645686607j)
(7.4904735107889-2.7446657395672904j)
(7.2827926971850125-2.828268606575707j)
(7.089360698525771-2.7994124706527432j)
(6.97174697329251-2.6885815770490864j)
(6.961142982542279-2.554780819453292j)
(7.049990558689507-2.461690375304687j)
(7.198618042959038-2.4565516356786836j)
(7.349758870181541-2.5578027096551867j)
(7.445201250618754-2.7511080794177447j)
(7.442496476026685-2.9926349787135624j)
(7.329743321505411-3.2206407946139115j)
(7.132875283201222-3.375807958884107j)
(6.908398340386297-3.4245691471230972j)
(6.72123088002203-3.3731625597538897j)
(6.618774340314667-3.263353104714424j)
(6.615383790834244-3.1535553252805526j)
(6.692086424541573-3.0975540365969443j)
(6.806312543011059-3.12973199136821j)
(6.90475147483046-3.2579009701259847j)
(6.936691596251112-3.4613722011346764j)
(6.868329575742526-3.694068508365293j)
(6.696517165291299-3.8958110124281546j)
(6.454746631659562-4.013247464552443j)
(6.2028011848082665-4.022941881377015j)
(6.001630987837737-3.9418317502941256j)
(5.888460857877704-3.8173278539315607j)
(5.866587691627276-3.705475602011242j)
(5.91057419429335-3.6516943496643153j)
(5.97798733376569-3.680754640237709j)
(6.0207092046549056-3.7936620900047933j)
(5.99511506958941-3.9673962136752565j)
(5.873550890618971-4.157362468570239j)
(5.656858754602073-4.306823365385463j)
(5.380731731715814-4.3665323724236345j)
(5.105601025079093-4.317878064402251j)
(4.890381733266616-4.183042395935622j)
(4.766927283821055-4.012806900064753j)
(4.731872442168033-3.8622503641999035j)
(4.755328906480437-3.7716241756238413j)
(4.794780799389891-3.7589568381838325j)
(4.806167756397103-3.820046454819611j)
(4.7520668096124385-3.93028154158822j)
(4.610374209655635-4.047435755158539j)
(4.384552348776053-4.119399669394191j)
(4.1098886088533675-4.101060938053859j)
(3.845416044381147-3.976224806091288j)
(3.648885754393074-3.769015738822461j)
(3.550015818651526-3.5324748911891j)
(3.541419819892833-3.3225786479177226j)
(3.5889769588997424-3.1772801796999524j)
(3.6484518157608092-3.109618250582986j)
(3.677995088760793-3.1101483289471945j)
(3.645707442037459-3.1515397696930725j)
(3.5359068833464535-3.1932066889028796j)
(3.3559865357179164-3.1886972315964637j)
(3.140479291770226-3.099480552048341j)
(2.944327480030318-2.913180208360156j)
(2.821403908637651-2.6545051297063575j)
(2.7989730552224956-2.376324912063327j)
(2.8669187197931882-2.134573256645253j)
(2.987600726971273-1.9654983058355813j)
(3.1146196963521517-1.8777196239321832j)
(3.207674290204757-1.8562545950591591j)
(3.240497054636459-1.8702828066785622j)
(3.204953677616928-1.8806680446485682j)
(3.1137081098465247-1.8480937889690179j)
(3.000174332823599-1.7438618240715515j)
(2.9114267756543404-1.56226056912812j)
(2.8916364047089442-1.3275622705100387j)
(2.9621934154472287-1.0871355457786571j)
(3.1116877915855445-0.8912396174058588j)
(3.302964455051059-0.7721123947777982j)
(3.4906390854333216-0.7347489523791103j)
(3.6371965094347214-0.7604734315932247j)
(3.721818523290897-0.816601843958243j)
(3.7429192037325736-0.8665135602981345j)
(3.71696506190705-0.8784759739771782j)
(3.674457609674119-0.8334946833396872j)
(3.6523122812630655-0.7316235807838235j)
(3.682432879757513-0.5940256464002408j)
(3.7794752543193315-0.4574482550912589j)
(3.9339193768724026-0.3610543729279101j)
(4.115342650682345-0.3311457056309445j)
(4.284703622025826-0.37172033549550676j)
(4.40889665550633-0.4649982280692048j)
(4.4708204920305645-0.5798229919441507j)
(4.4723617970333995-0.6827734336477032j)
(4.431440601575972-0.7477682104238308j)
(4.3755430499578-0.7622321524669882j)
(4.333793854518966-0.7294527991523552j)
(4.3289841919831415-0.6672132661472397j)
(4.370898806192696-0.6027809787676874j)
(4.452709141087592-0.5647315411545445j)
(4.5523493701586055-0.5733239010653282j)
(4.639657708113246-0.6327636022753116j)
(4.687343598864003-0.7291678451172239j)
(4.681087423326849-0.8358856145616284j)
(4.623967933667002-0.923785486758336j)
(4.533680128499376-0.9713900403988376j)
(4.435014682433974-0.9706078445960608j)
(4.351631860358729-0.9270663687349769j)
(4.299903077944596-0.8566472471761611j)
(4.285564517291435-0.780298933811701j)
(4.302905042642798-0.7183639159388577j)
(4.336384723028125-0.6849854311624661j)
(4.365014322897916-0.6834710951576597j)
(4.369300375631233-0.7044470897851967j)
(4.338689105922995-0.7287247482370804j)
(4.275804572414495-0.7346504604309425j)
(4.194879790135112-0.7064781599623928j)
(4.115487233649219-0.6393846392449337j)
(4.055416645727961-0.539374609477675j)
(4.025903690669535-0.4196234427469124j)
(4.0299538414733345-0.2958425343288822j)
(4.062885763040615-0.18224201937392934j)
(4.114158496389798-0.08842989411802522j)
(4.170187479932887-0.017219236212054793j)
(4.218150262349408+0.03624010787002216j)
(4.250189316038897+0.08312196583185802j)
(4.266352092821638+0.13703456001839673j)
(4.274491231222862+0.2089008126246546j)
(4.28697690340108+0.30311466948403565j)
(4.316074226714519+0.41669714673323527j)
(4.3702620509011085+0.541178013043338j)
(4.45256658675239+0.6656660097973092j)
(4.560653451395529+0.7797535074835051j)
(4.687970981708174+0.8757160726337653j)
(4.8254903301858105+0.9499904189894725j)
(4.963927016115772+1.0038938553475987j)
(5.096274437308368+1.043243912702335j)
(5.219970027555808+1.0765561450116672j)
(5.337727229941377+1.112172982841708j)
(5.456543222393347+1.1553873398230337j)
(5.5852791856909265+1.206707221107847j)
(5.731854674396666+1.2618003242887914j)
(5.9010580872122596+1.3128372881148473j)
(6.093435554942648+1.3505393222577107j)
(6.305243621777504+1.3663329980161039j)
(6.529310452692855+1.3542575186417631j)
(6.756692604615642+1.3123424285285386j)
(6.97894112277741+1.2430674153739774j)
(7.190455527831223+1.1525215750243247j)
(7.3900949648071235+1.0482902377742873j)
(7.581349475429706+0.9366941632677103j)
(7.7709178950948+0.820350383433105j)
(7.966178126098154+0.6969004262170638j)
(8.172381788400951+0.5592498739779628j)
(8.390330057010093+0.3971754207749138j)
(8.615059276843136+0.19992769247378295j)
(8.835940010586638-0.040650808012394436j)
(9.038489730797133-0.32721282292651216j)
(9.207798501536619-0.6552536061769968j)
(9.332641958906505-1.013759355172842j)
(9.408584041107893-1.3883737500721554j)
(9.438504402034603-1.7659271209057492j)
(9.43023087439645-2.1383085632701166j)
(9.392420841271132-2.5040441711424397j)
(9.330464616426779-2.867166606880907j)
(9.24383338091698-3.234028082349406j)
(9.125621657230615-3.609139539699853j)
(8.964550495843916-3.9912252466641847j)
(8.74922648402661-4.370873134063867j)
(8.473537069907229-4.731214977575648j)
(8.14088648262487-5.052203610844142j)
(7.764761033994087-5.317038814585271j)
(7.364899138667502-5.517531345780133j)
(6.961103100783229-5.655639300030828j)
(6.56796986806918-5.740937095300043j)
(6.192605677812133-5.786029464731201j)
(5.835310005073556-5.80224003436566j)
(5.492049280246355-5.796857878593649j)
(5.157524571612851-5.772182054312492j)
(4.828025696569906-5.726158157936656j)
(4.503474922980821-5.654305654566828j)
(4.188092602814313-5.552446729086917j)
(3.8893368791791207-5.419355027015316j)
(3.6154287858030796-5.258221374149043j)
(3.3725506908507366-5.076261338081442j)
(3.1629999372569966-4.8827649985792405j)
(2.9849374621197753-4.686658878103047j)
(2.8334556200622147-4.494633607749698j)
(2.7022136306543896-4.310294366876933j)
(2.5849942755987136-4.134218409535076j)
(2.476879708537426-3.9645878393911125j)
(2.3749901524014163-3.7981313276125035j)
(2.278781079908724-3.6312296481986364j)
(2.189844857357247-3.4610583814448495j)
(2.111168182572442-3.2865423283594186j)
(2.0459557543194653-3.1088059201983j)
(1.996376517584692-2.930893756790561j)
(1.9627046917909534-2.756836969079242j)
(1.9431599017385452-2.5904547220092993j)
(1.9344053523242857-2.4343574557244767j)
(1.9324045528421154-2.289429973190852j)
(1.9333084514830934-2.1548108147915674j)
(1.9341714797169265-2.028233860311273j)
(1.933425310104349-1.9065884973087053j)
(1.9310889946577974-1.7866041799188355j)
(1.9286790550246968-1.6655817034145275j)
(1.9287798997799996-1.5420454489603361j)
(1.9343092022915171-1.4161305854322548j)
(1.9476495597671883-1.289537809322923j)
(1.9699201209343369-1.1650247727913607j)
(2.0006347292338225-1.0455915469516905j)
(2.037838630357429-0.9336343260047653j)
(2.0786357421928505-0.8303204987345453j)
(2.119915500224078-0.7353211465871188j)
(2.1590831171995455-0.6469141302880402j)
(2.194643004600844-0.5623954973708596j)
(2.2265314664087845-0.4787032880883103j)
(2.2561286195391874-0.39313191158636196j)
(2.2859272088775575-0.30398139161466364j)
(2.31891916310461-0.21097392822241234j)
(2.357851020302263-0.11531859265184846j)
(2.4045438172934865-0.019405283041774437j)
(2.459448840082473+0.07378638355428414j)
(2.521538309912448+0.16141175491977283j)
(2.588547689807218+0.24145087325751366j)
(2.6575165806371492+0.3132095692143056j)
(2.7255162689268997+0.3775099166724074j)
(2.790398621177096+0.436501850136578j)
(2.851369187116565+0.49311589075161505j)
(2.909210781390666+0.5502884020209835j)
(2.9660816085945445+0.6101789972969486j)
(3.0249546858839285+0.6736069116282173j)
(3.0888776887739735+0.739844703094333j)
(3.160255630082567+0.8067795904696186j)
(3.240305476278662+0.8713603067896628j)
(3.3287605335926957+0.9302178990520219j)
(3.4238579008934913+0.9803560341984964j)
(3.522625638059918+1.019807682204279j)
(3.6214636181142366+1.0481312549148838j)
(3.7169470016010555+1.0665940530434774j)
(3.8066758711145985+1.0779192046858486j)
(3.8899096074856914+1.08559301904457j)
(3.9677459755347626+1.0929094335478626j)
(4.04276157234053+1.1020592176899484j)
(4.118242303649578+1.113555972701383j)
(4.197267883311965+1.1261385611612134j)
(4.281908548461204+1.1371102760146603j)
(4.372692265934973+1.1429711567038008j)
(4.468397786869164+1.1401890724799726j)
(4.566176936139598+1.1259874464525446j)
(4.66200087084319+1.0990439059153383j)
(4.751412392145785+1.0599711841303017j)
(4.830501703487864+1.011417262680909j)
(4.896900593658063+0.9576439351701945j)
(4.95047712050738+0.9035812039217848j)
(4.993425676195927+0.8535857681842153j)
(5.029649502285342+0.8103191113967266j)
(5.063636137562671+0.7741482597487311j)
(5.099233219649375+0.7432421783648558j)
(5.13871363609721+0.7142459387613554j)
(5.182329361703308+0.6832472056228506j)
(5.228351899537751+0.6467579313088196j)
(5.273495386436903+0.6025366216556786j)
(5.313615681112044+0.5501636563241764j)
(5.344604099145648+0.4913024562462905j)
(5.363375509241903+0.4295571453200416j)
(5.368765655360355+0.36984697279545375j)
(5.362058633078338+0.31732995533670616j)
(5.346877682634739+0.2761163158572905j)
(5.328369110663082+0.24819096822993952j)
(5.311917922365838+0.23294672043092376j)
(5.301848374212311+0.22747820385917872j)
(5.300528401141303+0.2274629108047783j)
(5.30806434177147+0.22827510161999248j)
(5.322529999864545+0.2260096268131185j)
(5.3405585517901635+0.21823685673881243j)
(5.3581350094327185+0.2044336980041167j)
(5.37147803606151+0.1860804372592933j)
(5.377917579429714+0.1664026462811004j)
(5.376636094097065+0.14973542792099348j)
(5.369083317751114+0.14055029231869906j)
(5.35887390947015+0.14231754403057273j)
(5.351093836784026+0.15651006336376463j)
(5.3511539870971845+0.1820798944207913j)
(5.3635243276730336+0.2155998461244947j)
(5.390733254280612+0.2520187325572208j)
(5.432895101404587+0.28577089249144233j)
(5.487822648164258+0.3119118292544692j)
(5.551610573864815+0.32701715703011774j)
(5.619498619726031+0.3297042812386753j)
(5.686826620916339+0.320743376178995j)
(5.749932320482602+0.3027838538791602j)
(5.806871725903802+0.2797434618261714j)
(5.857843961195273+0.25592676764689465j)
(5.905201052062682+0.23499016573365022j)
(5.952961100622773+0.21894980683877027j)
(6.005852329817496+0.2074939170349862j)
(6.068080288479069+0.19784440187453564j)
(6.142153361886261+0.1852724404816436j)
(6.228122543146445+0.16414823910640053j)
(6.323452571804019+0.12921284499950778j)
(6.423514335254995+0.07670832432850597j)
(6.522499939713325+0.005104256344286194j)
(6.6144967299113695-0.084669855940567j)
(6.694506194355472-0.1894421975656243j)
(6.759277417550834-0.30437717335034076j)
(6.8078661205180016-0.42383651592153126j)
(6.841820738794153-0.5424401866658427j)
(6.864888032856228-0.6561838353643988j)
(6.882189358332028-0.7633740660673776j)
(6.898972207200849-0.8650916455105409j)
(6.919231788029829-0.964971870339827j)
(6.944600330298297-1.0683065559385836j)
(6.97382853976532-1.1807153259402998j)
(7.002970253600876-1.3067623345770971j)
(7.02616052901493-1.448854242630329j)
(7.036759518599125-1.6066135264538113j)
(7.028629210848749-1.7767875181269368j)
(6.997347494690456-1.9536862511046376j)
(6.941171759978793-2.130114180121842j)
(6.861538884603147-2.298700563461668j)
(6.762899252740394-2.4534075445007693j)
(6.651803287489552-2.5908562085131708j)
(6.535389087998098-2.7110685639213212j)
(6.419656244938661-2.8173560046330577j)
(6.308012703734977-2.9153567133397797j)
(6.200485602546438-3.01149646648864j)
(6.093761022359575-3.1112871520290173j)
(5.9819918477331395-3.2178588618533497j)
(5.858169809074785-3.3310155151380303j)
(5.715790452260488-3.446990777274263j)
(5.550498351393464-3.5589825341742403j)
(5.361360722006243-3.6584266572576953j)
(5.15141817569735-3.736798532268359j)
(4.9272759353882485-3.7875300170321036j)
(4.697758750225323-3.807506846809577j)
(4.471976465640898-3.7976835293965374j)
(4.2573689923723945-3.7626332498602117j)
(4.058291968164585-3.7092123025141075j)
(3.8754808109822716-3.644781824363466j)
(3.706426132278856-3.575492069256205j)
(3.5464523719972916-3.505024399705797j)
(3.3901763932757945-3.434005251036005j)
(3.233009954409729-3.3601400461187154j)
(3.072406426789188-3.278989979446407j)
(2.9086080189005608-3.1852152052709455j)
(2.7447317956833737-3.074018361087114j)
(2.586161639541563-2.9424566204139606j)
(2.4393863962025732-2.7902923302476124j)
(2.3105915720319263-2.6201610217071303j)
(2.2043919603412627-2.437038532521605j)
(2.123031512045869-2.247206434038859j)
(2.066198461782553-2.0570458089622528j)
(2.031398793626384-1.871982745511095j)
(2.0146920235926036-1.695794260167589j)
(2.011557097202717-1.5303372290653812j)
(2.017699419673304-1.375651613735331j)
(2.0296827204688483-1.2303372602710185j)
(2.04533108877653-1.092097828636386j)
(2.06388245923823-0.9583574697986343j)
(2.0858940466634706-0.8268632656079195j)
(2.112921417676257-0.6961851512246302j)
(2.147027183147131-0.5660285395444823j)
(2.19021540747539-0.43730088265271044j)
(2.2439115167863233-0.3119262893321163j)
(2.308595062262268-0.19246458058898128j)
(2.3836455449876084-0.08163400871521068j)
(2.467403093795673+0.01815699115306061j)
(2.5574019971239834+0.10518750848751084j)
(2.6507152098311497+0.17866376440399412j)
(2.7443453882240547+0.23880256356057844j)
(2.835603151100841+0.2867625334583062j)
(2.922421538934732+0.32444420469503804j)
(3.0035669411881925+0.3541941062730418j)
(3.0787217447427655+0.3784584214193415j)
(3.1484315567893035+0.3994365002332065j)
(3.2139274793288553+0.41878300869415447j)
(3.276849481297039+0.43740095267529266j)
(3.3389102656125007+0.4553576752187927j)
(3.401550669829314+0.4719415945960351j)
(3.465645611196801+0.48585667669391686j)
(3.5313180315452297+0.4955243951284325j)
(3.5979009577399226+0.499435623884135j)
(3.6640549320185216+0.4964794104225728j)
(3.728010150398233+0.48618157097498016j)
(3.787875351236768+0.4688125264990255j)
(3.8419489964995917+0.4453583870928015j)
(3.8889805052662445+0.41737694618603677j)
(3.928349102430462+0.3867733939302803j)
(3.9601443747086487+0.35553209211264986j)
(3.9851423131435078+0.32543896467253647j)
(4.004677539932981+0.29783007552743074j)
(4.020423259146134+0.2734050813178289j)
(4.034107936248824+0.2521426480818635j)
(4.047216725090731+0.23334147126803872j)
(4.0607358356418315+0.2157848158660411j)
(4.0749914017494175+0.19799709653267072j)
(4.089612097057121+0.17854026354493815j)
(4.103616392341562+0.1562930192971423j)
(4.115601785432646+0.13066532010644358j)
(4.123999494920625+0.10171656212664394j)
(4.127351972162628+0.07016191099670499j)
(4.124568120758443+0.03726655650717235j)
(4.115112121430294+0.0046448145238705205j)
(4.099090346704898-0.026000273815786026j)
(4.077219708449187-0.05314667400319171j)
(4.050686431308492-0.07567916833731508j)
(4.0209282377472615-0.09302920503840188j)
(3.989386866094985-0.1052083932123959j)
(3.9572782989521738-0.1127389463360885j)
(3.9254180993960626-0.1165024179493929j)
(3.8941252169425575-0.11753766312163878j)
(3.8632143889859254-0.11682216602117713j)
(3.832075692856803-0.11507105854785481j)
(3.7998281925156103-0.11258638367123411j)
(3.7655221412080855-0.10918356979721773j)
(3.7283529932268875-0.10421032760461232j)
(3.687844927479385-0.09665510930490223j)
(3.6439663834624074-0.08532136637640579j)
(3.597156860572603-0.06902770711890877j)
(3.5482675468680283-0.04679033931678082j)
(3.4984386177566447-0.017953924164657645j)
(3.448946527218821+0.017745386069479556j)
(3.401053966618545+0.060182739118398214j)
(3.355886256844138+0.10889818820979182j)
(3.3143457771418032+0.16318079881130007j)
(3.277065368242504+0.2221645104101989j)
(3.2443952248466617+0.28492245471252087j)
(3.2164159608069647+0.35055241593194214j)
(3.192971894196939+0.41825023421051544j)
(3.1737210226145183+0.4873691749118803j)
(3.158199342812046+0.5574619031515597j)
(3.1458952311258073+0.6282997879157722j)
(3.136325323451934+0.6998652975449968j)
(3.1291006893759077+0.772318180425037j)
(3.1239734412770357+0.8459418986731573j)
(3.120858253898669+0.9210807195719102j)
(3.1198290491115874+0.9980788630071985j)
(3.1210963312884314+1.0772306505011575j)
(3.1249731380658914+1.1587459017008384j)
(3.1318367919468075+1.2427303899437447j)
(3.1420910206074835+1.3291788047323574j)
(3.1561304570525284+1.4179775139678605j)
(3.1743081601972576+1.508915472075317j)
(3.1969066975198253+1.6017027311192202j)
(3.2241139665639356+1.6959964796127815j)
(3.2560055659624325+1.7914342065636666j)
(3.2925355590786984+1.8876729696826644j)
(3.333537263308623+1.9844337254872877j)
(3.3787365336093305+2.0815498952224254j)
(3.4277816862106634+2.1790179176231277j)
(3.480294444019983+2.2770440135790273j)
(3.535943541306889+2.3760776342965366j)
(3.5945372837909377+2.47682034086505j)
(3.656125157302097+2.5802007436114778j)
(3.7210942368551683+2.687311747739396j)
(3.7902460158189744+2.7993135637185556j)
(3.8648432706001383+2.917311227144778j)
(3.9466217403340695+3.042216446980682j)
(4.037763933288728+3.1746014330593413j)
(4.14083055157657+3.3145507674881918j)
(4.25864079641283+3.4615206437047887j)
(4.3940913560108665+3.614224899472232j)
(4.549911802912267+3.7705818769820736j)
(4.728376319379832+3.9277672817374403j)
(4.931026372848731+4.082413319567966j)
(5.15849349994251+4.230962140632491j)
(5.410523493581062+4.370121703228527j)
(5.686271732842099+4.497303167672177j)
(5.984860710957425+4.610875289944702j)
(6.306090422688015+4.71008443247854j)
(6.651114503105467+4.794562521193847j)
(7.022873451557621+4.863448305950957j)
(7.426108571097108+4.914235355590675j)
(7.866831917977742+4.941511025152134j)
(8.35116321789836+4.935782080254318j)
(8.88346339084755+4.882640708305994j)
(9.463748892430603+4.76264783095117j)
(10.084563019151293+4.552479984310904j)
(10.727911406020912+4.227965576817387j)
(11.363511282884614+3.769344530407202j)
(11.950098979715245+3.1681236696895367j)
(12.441147636634703+2.4333713477171646j)
(12.794477302677102+1.594176363376781j)
(12.982536824988504+0.6957982644927584j)
(12.99876246408207-0.20986400941931743j)
(12.857132880142263-1.075505892851824j)
(12.585810729624582-1.8666227124054127j)
(12.218517932939509-2.564282243785246j)
(11.787263428062696-3.163176350702919j)
(11.318158449048182-3.667299109184123j)
(10.830197907947243-4.085435848041083j)
(10.336006646066012-4.427675416251452j)
(9.84350271432295-4.703282739803306j)
(9.357723283357744-4.919789637794905j)
(8.882362771037721-5.082986134039533j)
(8.420795299050836-5.197456563117636j)
(7.976521230501014-5.267316373585474j)
(7.553120173952423-5.29685758022536j)
(7.153898783493802-5.290914132829586j)
(6.7814584973853185-5.254894933068194j)
(6.437366199717001-5.194553643448628j)
(6.122019762234463-5.115627870949174j)
(5.834709113522985-5.023477776743745j)
(5.573816312029242-4.922810086366469j)
(5.337081559028557-4.817520845457231j)
(5.121873260348869-4.710650720419947j)
(4.925422205234152-4.604426040999534j)
(4.74500117057015-4.50035323252626j)
(4.578047111727821-4.39933744744218j)
(4.422233124635552-4.301803231442216j)
(4.275502510624843-4.207803245116875j)
(4.136078442411487-4.1171089455134275j)
(4.002460637808332-4.029283531735341j)
(3.873416175403462-3.9437411909293774j)
(3.747966957833061-3.859797057977947j)
(3.625373524685741-3.7767099492651632j)
(3.505115246461405-3.6937169984256024j)
(3.3868696844885036-3.6100583977646985j)
(3.270496593162014-3.524992745120541j)
(3.156032128827128-3.437807945025742j)
(3.043695393840048-3.3478367454310143j)
(2.9339033828233556-3.254487591645461j)
(2.8272834332004644-3.157299429893421j)
(2.72466615784076-3.056023067906249j)
(2.6270384588312785-2.950721692783904j)
(2.535438218610182-2.8418698389022476j)
(2.4507828392315467-2.730416158912458j)
(2.373644918162886-2.617766688468963j)
(2.304017354795336-2.5056504633625214j)
(2.2411368456804235-2.3958553391170763j)
(2.18344266769265-2.2898668721279005j)
(2.128723042510359-2.1884913312855927j)
(2.074445564768517-2.091569780968047j)
(2.0182033367559398-1.9978740584057648j)
(1.9581670517287735-1.9052201050062283j)
(1.89343632135571-1.810766165330825j)
(1.8242259078424914-1.7114159621756901j)
(1.7518782577532854-1.6042378303506408j)
(1.6787353347044576-1.4868342134431038j)
(1.6079169939347435-1.3576316988270443j)
(1.5430436074756022-1.2160900553871294j)
(1.4879203273446033-1.0628391714966923j)
(1.4461831815107056-0.8997452712576663j)
(1.420903244360277-0.7298892411716226j)
(1.4141591076401328-0.5574211586024597j)
(1.4266179982225933-0.38724866022746673j)
(1.4572025263853934-0.22453349846337828j)
(1.50294649106595-0.07401445646187187j)
(1.5591406533423895+0.06076207711171988j)
(1.6198252854893584+0.17816086853538005j)
(1.6786039529078338+0.27895169372813666j)
(1.729657309261954+0.36642643648356354j)
(1.7687638269352508+0.44606453942093377j)
(1.7941161370235152+0.524779167733266j)
(1.8067645229368634+0.6098763415558179j)
(1.810605801837765+0.7079187769821274j)
(1.8119341065202283+0.8236909883659949j)
(1.8186486265114878+0.9594203429364027j)
(1.8392545719350186+1.1143429618708922j)
(1.8817974710629346+1.2846384379082207j)
(1.9528501005310825+1.4637097192970658j)
(2.056642206662163+1.6427581808810905j)
(2.1943970653556777+1.8115930249379548j)
(2.363918381256715+1.9596108256336453j)
(2.5594539153438145+2.0768827110645742j)
(2.7718503738105413+2.155296074488423j)
(2.989018095795081+2.1897142954699365j)
(3.1967585512756465+2.1791259684051454j)
(3.3800733392321236+2.1277156276307316j)
(3.5251260122889136+2.0456485977968724j)
(3.6219491742760423+1.9491077581508767j)
(3.667613814047835+1.8588737603614667j)
(3.668871800926615+1.7968506411271532j)
(3.6426529644140677+1.7808063227627458j)
(3.613115567206124+1.819066884495972j)
(3.605689265968479+1.9077895035403767j)
(3.6406451104271564+2.0324204382693627j)
(3.729163757413037+2.1724448348263046j)
(3.873107664783577+2.3067430822896187j)
(4.0674556614073465+2.4171971526740843j)
(4.30342975835128+2.4898164094872475j)
(4.570812060087545+2.5139832599176977j)
(4.858816454059264+2.480829548728173j)
(5.15540662786275+2.381611147570105j)
(5.445051020277089+2.206842744997864j)
(5.704923258583394+1.9473078907057657j)
(5.900249280650754+1.599025216234552j)
(5.9822873773872915+1.1750678770666145j)
(5.89825045036409+0.7239882878805881j)
(5.624674431315659+0.340363195708091j)
(5.212528555323681+0.1353395084039346j)
(4.78786873624694+0.16333708759282003j)
(4.478253985178297+0.37884617862335834j)
(4.340956570745576+0.6792539108836467j)
(4.363460872745848+0.9739565622591181j)
(4.50430409980676+1.2120165804584282j)
(4.723541128119821+1.3736957732464368j)
(4.992778354264889+1.4540790823548277j)
(5.294248428531748+1.4512853914419006j)
(5.616420927825678+1.3596456117128564j)
(5.948355563738676+1.1654164265435416j)
(6.2715261204874535+0.8436065957088043j)
(6.545270707904618+0.3575268140530529j)
(6.68092716633324-0.32922097993785027j)
(6.511957231058729-1.2002556562206497j)
(5.830972013938971-2.0621446293221264j)
(4.641624097092669-2.4769581522234008j)
(3.4164297835330375-2.1287048653963723j)
(2.6825306248836216-1.2702304061203096j)
(2.4999074407932773-0.370814203622462j)
(2.6553756116591622+0.3362454359361479j)
(2.9621527071354676+0.8259541858747876j)
(3.32162775104646+1.1402733556043343j)
(3.692492954700983+1.322482390869296j)
(4.060944344517645+1.4014531763343165j)
(4.424433110361627+1.3910269033355729j)
(4.783195782274719+1.2913532460634227j)
(5.133920541200254+1.0888185885629238j)
(5.460683537541459+0.7546334008783887j)
(5.716954079428147+0.2460186425186912j)
(5.7923193921864815-0.4741493231087044j)
(5.481702833862712-1.3567848019272206j)
(4.581401466057009-2.1029007216685307j)
(3.2643470652421307-2.1971875572572124j)
(2.174178755069825-1.5124011664245862j)
(1.6967278408967867-0.5183606200899306j)
(1.70039014407317+0.3643504336603198j)
(1.9407712841681986+1.0203798984472294j)
(2.268784248619996+1.4817087992072506j)
(2.620816047089789+1.8032267479852986j)
(2.9765586035790474+2.026943840418981j)
(3.334896485133631+2.178595783213836j)
(3.703317895255124+2.27008926307318j)
(4.093581198723835+2.30057464738935j)
(4.519091726654631+2.254049049928191j)
(4.989556336925078+2.091885171635823j)
(5.493531302317567+1.7395270890115238j)
(5.946288903170685+1.0790622296410883j)
(6.081323406420865+0.021159531043159097j)
(5.452414016771249-1.1815057138543712j)
(4.060138189244903-1.7435738551488795j)
(2.746095601848439-1.327892536755766j)
(2.0386800029838765-0.4797731846125274j)
(1.8094832244541623+0.33390107895434834j)
(1.8243411654182975+0.9902822845880969j)
(1.9461917358864933+1.5080901950567587j)
(2.1143281168158703+1.9294775299645242j)
(2.3060104632879566+2.2900633273943276j)
(2.516830706640066+2.616474072806794j)
(2.753156553334767+2.9289124734099747j)
(3.0311592549891775+3.2435823367167718j)
(3.3810947304802066+3.5734441430531807j)
(3.8592308195506337+3.9244464972674664j)
(4.574638080555804+4.275479883928209j)
(5.736805347277921+4.491592645953255j)
(7.6029032805933765+3.9859129878515653j)
(9.254477013422859+1.2893880279056613j)
(7.367082282234354-2.0665145966216856j)
(4.4254800369068645-2.1856079018719115j)
(2.9891514512273156-1.1223774494740089j)
(2.407331869587881-0.16361760517599705j)
(2.161242816608695+0.5747290367165238j)
(2.046615889929799+1.1583938578095279j)
(1.9836029968371325+1.6490287720367731j)
(1.9376609615610223+2.0901261396714297j)
(1.8911308944810845+2.513922860501982j)
(1.8322532808595828+2.9485007272751385j)
(1.7497551688917816+3.4242400019564005j)
(1.6283165420162338+3.98207073614396j)
(1.441226558343702+4.688699222448915j)
(1.1320040952759902+5.67319850838603j)
(0.5521963531437709+7.238055199437062j)
(-0.8481280516376054+10.3184838381838j)
(-7.433644928542553+19.754228901943158j)
(-19.662121132984886-46.9155869089569j)
(3.838037937797037-10.453724863198202j)
(3.621816545144284-4.529514556298398j)
(3.2869877168939947-2.15588054243773j)
(3.0171329502758946-0.812213125185618j)
(2.781642553184003+0.10495850622840838j)
(2.552395969256358+0.8148862830718451j)
(2.306562765259911+1.4190910593733963j)
(2.021170646359446+1.9736984486509972j)
(1.6673127740170819+2.514495777936316j)
(1.2023785659406339+3.0660189726133886j)
(0.5569329459688134+3.641141740121602j)
(-0.3893314382551233+4.225294496370941j)
(-1.8471410837775912+4.715794812960159j)
(-4.131178141646425+4.719284866292282j)
(-7.260338909891584+3.06185056138832j)
(-9.028545630714252-1.7343261041306108j)
(-6.056853481405482-6.487827431824691j)
(-1.7451368467653847-7.2147207966990266j)
(0.858735237251795-5.990592956062968j)
(2.1324696073955516-4.576261102028643j)
(2.731185558288609-3.3666952628683076j)
(2.992588970982373-2.3625989343333806j)
(3.0677057732146693-1.501596574158307j)
(3.020229632584596-0.7239586494966384j)
(2.869144276059109+0.020863593715130434j)
(2.602311070232527+0.7783461043703748j)
(2.17225331442203+1.5932849693441684j)
(1.471274137327224+2.5087051167434495j)
(0.266994295027344+3.5371208354532158j)
(-1.9345041470416566+4.495872860458196j)
(-5.892932617912436+4.266042852482846j)
(-10.184330163996677-0.40170769904753373j)
(-8.051592062091979-7.42214601697631j)
(-2.9072422192090266-9.0752242358482j)
(0.13888192226074242-8.029311628696988j)
(1.623685091946794-6.734644422608469j)
(2.367770743375547-5.656609233270239j)
(2.7564979432186987-4.796388898864897j)
(2.9589118371699272-4.0955210617538125j)
(3.0526207334874242-3.5025444336553j)
(3.0744468293539944-2.9782575563281175j)
(3.040789466293038-2.491680093803777j)
(2.955592505908433-2.0153494607387046j)
(2.8121464366233204-1.5205688951900571j)
(2.5897696464249336-0.971416820310218j)
(2.241743753027638-0.3151137510806548j)
(1.6583541074807633+0.535291184610927j)
(0.5323824055467956+1.7408105000791452j)
(-2.1410811880621865+3.537378157263758j)
(-10.630217768721716+3.849552468505064j)
(-12.237057357889054-15.542083598841657j)
(1.2036854507207273-13.520639043031682j)
(3.4964924965056685-9.507908407554257j)
(3.8972501670461943-7.460622616500273j)
(3.91864340370755-6.2727879371774815j)
(3.8333824937762127-5.496104394018688j)
(3.708115998412386-4.941513525902493j)
(3.56121970182438-4.517497883842104j)
(3.3964942388518384-4.17398287357963j)
(3.21203855771907-3.8802904348703344j)
(3.002611632009379-3.615228604871486j)
(2.759671764515793-3.3619057239403887j)
(2.4699384784856253-3.1043308832356775j)
(2.1119695393439137-2.8242645874428622j)
(1.6486227727641714-2.496926727454732j)
(1.0090518719892403-2.083147670022293j)
(0.03808189283152627-1.5110060708192847j)
(-1.697605258276715-0.6504360747920698j)
(-5.727698395736844+0.6343364204604786j)
(-21.512225604278086-3.174355486443694j)
(6.205842708487096-27.54593234946633j)
(8.14071200623771-12.646478785099708j)
(6.52068792658195-8.954812301296215j)
(5.450220270915859-7.4067604177392035j)
(4.6887499122568395-6.552750467008633j)
(4.087873374397025-5.9989664228127415j)
(3.5728163080985342-5.596149660303579j)
(3.1023232693990908-5.274277859064156j)
(2.6508107779889714-4.994574523407789j)
(2.2001639533566144-4.731903612610726j)
(1.7354313975990006-4.4669089635749355j)
(1.2420327066611587-4.181559454612753j)
(0.7032871854398759-3.8555518026018363j)
(0.09734429433140726-3.4619001162144145j)
(-0.6077525293654772-2.959461100990819j)
(-1.4634683379215685-2.2774429963060485j)
(-2.56065232566654-1.278172043757977j)
(-4.0735531835690635+0.35208029670405433j)
(-6.36326881692043+3.518425607661563j)
(-9.896985276007202+12.032777444211838j)
(8.491486593409052+47.382709610991824j)
(32.23682430684846-9.03348812857582j)
(14.281850315935063-11.286786996291678j)
(8.533949042517468-9.747548978692953j)
(5.697937310652629-8.553237569745109j)
(3.9178520453763053-7.637637218790196j)
(2.6279694613264395-6.874938388031496j)
(1.6031961361757596-6.186685426699162j)
(0.7389216973603263-5.523315871565105j)
(-0.017423657393544165-4.850503191447858j)
(-0.6919775036318594-4.141949774876793j)
(-1.2951933777269014-3.3756300797502066j)
(-1.8265501563373-2.531778826939414j)
(-2.276398543499083-1.5917963586581254j)
(-2.6260633841363523-0.537651361045194j)
(-2.8463568303287397+0.6486301359932728j)
(-2.8943098981448885+1.9856657287581374j)
(-2.7066567919135314+3.4929479696502543j)
(-2.1860282621695837+5.1894204730463285j)
(-1.172343081640619+7.085619785721108j)
(0.6160783300066492+9.150194686939548j)
(3.6934790696846678+11.179747537865628j)
(8.904856741287942+12.321430097825207j)
(16.596541191635758+9.754409920862726j)
(21.66507279626739-0.5490828569104605j)
(15.647883129939357-11.162205875555651j)
(6.582247043969049-12.706866570076604j)
(1.2700853701564239-10.048080059056565j)
(-1.18590180190187-7.021049258466521j)
(-2.1946564266295803-4.484357640555785j)
(-2.489225081067431-2.46714225216635j)
(-2.415818930274308-0.8630283464065595j)
(-2.1435838235925533+0.4284514456062832j)
(-1.7589010628973893+1.483836720568362j)
(-1.3084780571778047+2.3604996297410565j)
(-0.8187057742387978+3.1010343635925888j)
(-0.30369517781810657+3.737939751560345j)
(0.23030256137354083+4.29741093081646j)
(0.7826954762642055+4.801936799647525j)
(1.35786890211881+5.272460581994717j)
(1.9657431922265824+5.7306679585510665j)
(2.623869166659442+6.2020941000959935j)
(3.362217896587854+6.721366960226917j)
(4.233809781776258+7.342731254548357j)
(5.340209074709825+8.164758028770748j)
(6.9022029501505955+9.39980967087634j)
(9.5065274223305+11.626214289583842j)
(15.39633160539371+17.22195337064903j)
(46.67676277137994+60.49222820838954j)
(-28.734370951994055-16.163472381342196j)
(-9.301917710482826-4.349618969772767j)
(-4.546793316827068-1.023452484239527j)
(-2.3189358623315+0.5440643718228021j)
(-0.9844321734797006+1.4608624382525461j)
(-0.06589189906553278+2.063584191975085j)
(0.6253817731281212+2.498025850024811j)
