(35.645218294756695+0j)
(29.315660356219652-12.201202406034067j)
(19.113210505625748-14.73684819643862j)
(12.342008307998736-11.822128027937334j)
(9.03346059656772-7.43469376457275j)
(8.235795802257712-2.8367654164247655j)
(9.69580878051416+1.6151377828743312j)
(13.960248361612436+5.2997933365336545j)
(21.797713212014347+5.807528379615732j)
(29.846653652798643-1.971237381554401j)
(27.309135033847298-14.762614449183713j)
(17.243878710074302-19.338715531864292j)
(9.73499591596709-17.103814338972043j)
(5.836133582303959-13.1013927672065j)
(4.276720209084763-9.042054099364986j)
(4.348453739509631-5.255077050612863j)
(5.975170499402658-1.8705063428993844j)
(9.53495053385251+0.5426941770651833j)
(15.106886187292782+0.07205021579334266j)
(19.359708344290453-5.9703221860438855j)
(16.31549611937895-13.554758326512033j)
(9.59806008348787-15.49251689679328j)
(4.7764306595562855-13.44768799375639j)
(2.272323932972403-10.362498140849334j)
(1.3158202622070285-7.259466078297344j)
(1.4715839666016355-4.357077834353343j)
(2.689060676991738-1.7564983183600884j)
(5.18728587028157+0.16518417329067173j)
(8.994833424622497+0.23991780743890279j)
(12.220567664163639-3.213387667307339j)
(11.033721561798496-8.294878278283438j)
(6.708121157593304-10.17486415113705j)
(3.12619185407643-8.990679143192317j)
(1.1274855166847517-6.726275011142682j)
(0.3147315344481092-4.284448288592638j)
(0.37524691082505574-1.912298177931392j)
(1.248074414758956+0.29554932804950196j)
(3.078986576504781+2.1052137346030304j)
(5.9811377752200965+2.8004315485257383j)
(9.07251987157162+1.104330036953336j)
(9.639778419014572-2.7025071906917786j)
(7.019425855932846-5.178569477519341j)
(3.997109802732639-4.97668540538467j)
(2.0456902160325656-3.358707511327076j)
(1.1538327637762884-1.2913801972240448j)
(1.1037520244048082+0.8682245978351439j)
(1.839047047342165+2.981319586107267j)
(3.484596339618991+4.8433658793801495j)
(6.19990201791999+5.881356813702032j)
(9.489815705131342+4.959603975989492j)
(11.193834110506064+1.681138568537814j)
(9.7312285516653-1.4159308210149748j)
(6.981986676202065-2.123673886767145j)
(4.883575014808819-1.0162796808573737j)
(3.851422283413218+0.8840513900046285j)
(3.8091177848760704+3.060523597970493j)
(4.753140477263834+5.254460004392824j)
(6.840825394278259+7.123409553483111j)
(10.16489496540586+7.884596245148474j)
(13.895269066378349+6.287137429230618j)
(15.589959213933277+2.319602944464341j)
(14.009100723274308-1.1954956897579296j)
(11.169620485381135-2.2294703179664457j)
(8.990466527921694-1.336393990678034j)
(8.010569296700167+0.46269116590268694j)
(8.27438944299861+2.5254975024165263j)
(9.828938549951744+4.343648267224378j)
(12.647321379281506+5.167500616306936j)
(16.020510485766625+3.9540331038853043j)
(18.039075659996264+0.48214527258967316j)
(17.26345317165805-3.325238712463381j)
(14.726779693439832-5.377573651061746j)
(12.197851186868188-5.5190388126225045j)
(10.517574473857463-4.5215606068117395j)
(9.874210230582444-3.060162044350491j)
(10.2773199176559-1.642982696613655j)
(11.628766374104254-0.816788595017699j)
(13.456109413139558-1.194596244435369j)
(14.716978420494234-2.9392116277400087j)
(14.528618705178234-5.175092627114729j)
(13.14205330896539-6.727882888695697j)
(11.430871261065773-7.217615635310735j)
(9.998830160352222-6.896524681664613j)
(9.075991183204819-6.119948228304394j)
(8.725411768593752-5.172985344143489j)
(8.95564540425028-4.318024178292132j)
(9.681162075956466-3.867768756210002j)
(10.573425362832609-4.1209474315313575j)
(11.062592886613979-5.049614465150769j)
(10.791624108467147-6.132689721602038j)
(9.962971760362855-6.824175933770514j)
(9.006414103503621-6.979750470086397j)
(8.209050482632897-6.730154711465984j)
(7.686625923410682-6.253112414458246j)
(7.4725477175093475-5.698304653554863j)
(7.567077379582275-5.205401220214015j)
(7.921096146764673-4.9344043394451464j)
(8.369596266666722-5.0394256586273976j)
(8.616991272813879-5.526773465271853j)
(8.437182237738341-6.137252021364099j)
(7.903858646955791-6.539426769859483j)
(7.273279322031508-6.610614376329373j)
(6.741819494450455-6.424102957182292j)
(6.388322328194974-6.102229462150542j)
(6.223707380000049-5.748912744701236j)
(6.22948352688793-5.448489720347786j)
(6.3615049263188865-5.278528000008105j)
(6.530699971344953-5.302287404681972j)
(6.597446502931225-5.519633378586983j)
(6.441022529804487-5.812480976165911j)
(6.074679858617331-5.999574149209999j)
(5.63772713861693-5.98422538781854j)
(5.265309866378386-5.798331365910778j)
(5.017241944586051-5.527476399943334j)
(4.894955716421545-5.248695714070877j)
(4.872704981366638-5.016462543980546j)
(4.911125749816177-4.8672366361039705j)
(4.957789020352499-4.8198458895437755j)
(4.949453016099937-4.863962419182068j)
(4.8334256032849146-4.945672503223075j)
(4.607011334758177-4.980072843629042j)
(4.331653100280205-4.904253448082672j)
(4.089689153658884-4.71960883666401j)
(3.930925756900805-4.476160274512094j)
(3.860747397882336-4.23101690975031j)
(3.8569042783447314-4.024924804887013j)
(3.8860194677278295-3.87871958275877j)
(3.9120654705688622-3.795533757446431j)
(3.9014858291090952-3.7614001225901954j)
(3.830952429813926-3.744993175002782j)
(3.6992181970327693-3.70329576491637j)
(3.5345731368113915-3.599119497183736j)
(3.3846990977155373-3.423027750305691j)
(3.2904504775251437-3.199803759057879j)
(3.2649850922464014-2.97194567023186j)
(3.293301409682649-2.77642114922475j)
(3.3452452033152995-2.631713978421329j)
(3.389040739272638-2.536592468688147j)
(3.400158541888058-2.4745472373422386j)
(3.366286918519736-2.419493597516866j)
(3.290549104280783-2.342046499616044j)
(3.192678879995025-2.2178844582396056j)
(3.1050595609721894-2.037807162550929j)
(3.0612385771717707-1.8148936617715672j)
(3.079996958795707-1.5818599107529858j)
(3.1546898432527977-1.3764571879957015j)
(3.2564604302554985-1.2229133810234147j)
(3.3493320830157973-1.1216940155837702j)
(3.406329551132837-1.0525351361271154j)
(3.417819417432565-0.9852788010050137j)
(3.3918652029078684-0.8906388542621624j)
(3.350534005851315-0.7479603660036571j)
(3.3244753875696396-0.5505805690809602j)
(3.34568412374519-0.30958311601343574j)
(3.4371738586223857-0.054655065235985074j)
(3.6004739181338468+0.1722859428291962j)
(3.8082770767097966+0.3341556577676426j)
(4.013071719830934+0.41998560456700007j)
(4.17153932051312+0.45338467107272823j)
(4.266972911307242+0.47924216908078165j)
(4.31376837741358+0.5405664754236392j)
(4.3467718597416365+0.6624012192001131j)
(4.407645621067173+0.8471736603292824j)
(4.534708998391247+1.075826320382475j)
(4.754467780661017+1.3097595235477644j)
(5.070525814987301+1.4949988060699273j)
(5.450700913123742+1.5761231558177105j)
(5.825368879011676+1.525131087352878j)
(6.115392301326597+1.3701862351105711j)
(6.281201472707506+1.1898613885631046j)
(6.3481462366919805+1.06623262194463j)
(6.384494389587927+1.0400344191954813j)
(6.461732354190857+1.1016712219750002j)
(6.629725533855432+1.206358222954147j)
(6.908029653813643+1.29061263260036j)
(7.280798941200472+1.2846268654191197j)
(7.690178721845285+1.129236496128258j)
(8.039102261215078+0.8063398709059509j)
(8.225469666620826+0.37141566091674055j)
(8.206787152792149-0.05296502475862145j)
(8.039551523373152-0.3451040141362007j)
(7.8429538453842405-0.4580897083543434j)
(7.725164639018716-0.4307336960074349j)
(7.740527309556781-0.3475102454787603j)
(7.88772481861453-0.2978650509108924j)
(8.122366507368456-0.35369718991575766j)
(8.368325256893652-0.5554790869873877j)
(8.53193920625118-0.8966017918377078j)
(8.531294545328779-1.3104796148901972j)
(8.340504169259264-1.68208031411147j)
(8.01877545009912-1.899226452900857j)
(7.686787367781962-1.9161753324078035j)
(7.4609409503190856-1.7751863847217326j)
(7.400537186994587-1.57310907124411j)
(7.498276424086638-1.411851184951346j)
(7.698495208146779-1.366026753489999j)
(7.919684750889798-1.4695605984624054j)
(8.074405712277017-1.7104867022496726j)
(8.091449459031354-2.0300446873353954j)
(7.9428460896983255-2.3333881356102646j)
(7.664663668985852-2.521163309699427j)
(7.35064345421127-2.5349120106198937j)
(7.111417704018751-2.3879614214472933j)
(7.023235227143533-2.1570259125585705j)
(7.100473658636922-1.943063843526836j)
(7.300787071940264-1.8312147691612153j)
(7.547449935686894-1.8677515496791204j)
(7.753607404585836-2.052576375878669j)
(7.844618503577527-2.3405574536759337j)
(7.780098035392172-2.6511292554611083j)
(7.57209730610565-2.8908583391186142j)
(7.287427334014439-2.9881981870956102j)
(7.0241981586378985-2.925777337713985j)
(6.869989551579077-2.7485451268877887j)
(6.866891650223279-2.5412534248373397j)
(7.001771270916903-2.3924625946019242j)
(7.218547935384304-2.3657908089532254j)
(7.438987511822594-2.4854563267173253j)
(7.583781743888226-2.7322971187026877j)
(7.593611244316807-3.047076445114395j)
(7.450064024117071-3.3440342547906954j)
(7.188527217632748-3.5385534741004694j)
(6.889751474924708-3.5823197286799764j)
(6.646696325460876-3.4855364878313124j)
(6.525062540305544-3.309483211776059j)
(6.54194705866191-3.136593233312103j)
(6.668767891718286-3.0397500691388513j)
(6.84705418702586-3.064104320381692j)
(7.005339896585785-3.220027219131007j)
(7.074723076301863-3.480971472187016j)
(7.006782312219155-3.785303963727137j)
(6.794241478477968-4.048836105381149j)
(6.483279453231304-4.194214338764205j)
(6.160285971017257-4.187372299964452j)
(5.912806931914886-4.054658938892049j)
(5.7911372440674835-3.865845732924048j)
(5.795860083449054-3.699274428011229j)
(5.889487856456007-3.614955345164191j)
(6.01467338639115-3.6441356045183304j)
(6.108066395096422-3.7881053465408874j)
(6.110903601934146-4.017996605822317j)
(5.982773284684471-4.275117475260612j)
(5.720844353432389-4.480189486001493j)
(5.373681245848396-4.560696051621295j)
(5.0290774340604525-4.48844597060455j)
(4.772525982953202-4.297393847002459j)
(4.646647211288793-4.0627956229406j)
(4.641935963551401-3.8617222176413413j)
(4.714280182419552-3.746403550618055j)
(4.806361628587898-3.738151167913279j)
(4.860859174141051-3.8307842626689053j)
(4.828057853643325-3.99333462795378j)
(4.675484353885784-4.170950307543092j)
(4.403428794289938-4.291505888325296j)
(4.058673338130305-4.288101708994035j)
(3.726556535181857-4.134578899717525j)
(3.491929440172774-3.8666422412597523j)
(3.3954358533787565-3.5632216218097255j)
(3.421750913059322-3.303531277946536j)
(3.520056306104032-3.1367074472974847j)
(3.6301163411940074-3.076585502917186j)
(3.6976140535012325-3.1089973968785345j)
(3.680879773132816-3.198565000221993j)
(3.5571439954773654-3.292538320434532j)
(3.332717772902221-3.3273363852197706j)
(3.0526839074003154-3.2460736325850483j)
(2.79535965999048-3.0273500117950567j)
(2.640286088987774-2.7059582081191773j)
(2.626304361021602-2.3600321136080873j)
(2.7351978861877346-2.0698035739069436j)
(2.910682628892585-1.8829724116048525j)
(3.088554752514384-1.8070849572518966j)
(3.2161663507953304-1.819389811586622j)
(3.2599461571631907-1.8785317851919328j)
(3.2087514920734983-1.9329872298221382j)
(3.0777635041256577-1.9294553310993683j)
(2.911053915421262-1.8263077153498877j)
(2.7746690439442445-1.612479018745003j)
(2.733226187570803-1.320984760659885j)
(2.8182325914974014-1.0204131534761298j)
(3.011759703258407-0.7831578437728888j)
(3.2589463568301515-0.652970656995329j)
(3.496121385822244-0.6333933518175947j)
(3.6734997841408616-0.6961594723126768j)
(3.7650422709617026-0.7961921397333153j)
(3.7698369645284533-0.8846075552710156j)
(3.7100945891516055-0.9190128385362675j)
(3.62681558399286-0.8731175479751496j)
(3.5708774195355732-0.7458358895679142j)
(3.5876654314079426-0.5657546799949354j)
(3.698820053813506-0.38460864011111895j)
(3.8910273460836846-0.2582520064964933j)
(4.120659673003661-0.22365002127719502j)
(4.332524042236091-0.2851556737228272j)
(4.4812950860122776-0.41646239160840026j)
(4.545037625963415-0.5737900173615254j)
(4.527999555439143-0.711682430293089j)
(4.455564023640216-0.7955835622327084j)
(4.36527885781491-0.8093399440719509j)
(4.296583114915565-0.757893236581133j)
(4.280550029102426-0.6655780745599065j)
(4.330915769908425-0.5698727089506472j)
(4.438648191926507-0.5106486740703632j)
(4.573118008703957-0.5167134291796817j)
(4.691776669406131-0.5943053832449836j)
(4.75605908657695-0.7236875243145008j)
(4.746311756350887-0.86695666950567j)
(4.667961329671219-0.9834202294982175j)
(4.546653038397611-1.0442307811766876j)
(4.416816222275122-1.0397700982286036j)
(4.3101930917568225-0.9790169029890157j)
(4.248093705805336-0.884124264694576j)
(4.237630382527602-0.7834872540365042j)
(4.270852291353476-0.7046689109537836j)
(4.326487845315902-0.6672436308644198j)
(4.375271991993102-0.6761966356302073j)
(4.389451465873007-0.7185790164813023j)
(4.35387995373398-0.7670671136496445j)
(4.272626942897266-0.7908234416935692j)
(4.166405830816933-0.7681259561978914j)
(4.062740703003697-0.6933744187108359j)
(3.985540284267203-0.5759899827880047j)
(3.9489950826884326-0.434455783800965j)
(3.956157508684187-0.2898330180247844j)
(4.000197029111487-0.1607664879464309j)
(4.066774528191185-0.059846737114806425j)
(4.137388713632423+0.0092152236198692j)
(4.194241858862027+0.05313443849290886j)
(4.226224459891712+0.08766210686098098j)
(4.233476942860811+0.13215984773976056j)
(4.227344065517812+0.20199030289688027j)
(4.225320230616816+0.30291316821492154j)
(4.24416279888745+0.4302759301608932j)
(4.294876635535476+0.5722121236525809j)
(4.38091634005845+0.7141263115053652j)
(4.49875348962181+0.8424676791892554j)
(4.639529090924827+0.9473331180367229j)
(4.791192688925581+1.0242193194054294j)
(4.941228149567309+1.0750663285796853j)
(5.080058699729531+1.1080010694080162j)
(5.204197123690303+1.1349850118845228j)
(5.317522023910311+1.1677653798341199j)
(5.429855369049243+1.213772447157808j)
(5.5534554757441645+1.273741271814688j)
(5.69908247292447+1.341828956491227j)
(5.8731313820626765+1.4076380163222733j)
(6.076336821580398+1.459007138960062j)
(6.303820815850826+1.4847742571335416j)
(6.546185654600937+1.4771992693124432j)
(6.79158746192302+1.433825790068131j)
(7.0287352209028935+1.3582597388923539j)
(7.25018899786585+1.2591572547547563j)
(7.454697284204523+1.1473392481744784j)
(7.647500380212643+1.0319263170586632j)
(7.838354457814754+0.9169241901875861j)
(8.038028521126824+0.799496453627744j)
(8.254517168257209+0.6703233742210336j)
(8.48995617348366+0.5157198320199675j)
(8.738804432685585+0.3210048564474948j)
(8.987762941914152+0.074636872555052j)
(9.217975282847393-0.22768239283918118j)
(9.40965325445849-0.5804052170878649j)
(9.547997291569306-0.9687737052535143j)
(9.627837289146836-1.3732937698141938j)
(9.654445217640784-1.7763617464626251j)
(9.640003805263428-2.1678748019018874j)
(9.597601883605694-2.547361013091715j)
(9.53546676815513-2.9222268099250086j)
(9.453327023874706-3.3032830102073167j)
(9.34169079575282-3.6990355686950056j)
(9.184355777481823-4.110112190801693j)
(8.964175766915767-4.525562088842338j)
(8.670903252816656-4.923302000262002j)
(8.307783059951394-5.276084518297915j)
(7.892678003400687-5.5611077915078315j)
(7.452263974689493-5.768084736625833j)
(7.012662005297636-5.901196761697286j)
(6.591922732683711-5.974823302396038j)
(6.197350464588553-6.006640709254232j)
(5.827082136144084-6.011704729971767j)
(5.473804518486315-5.999046051314528j)
(5.128926300719487-5.970695419053491j)
(4.786345601769397-5.922666165676979j)
(4.445217463687744-5.847579243385878j)
(4.110939338792446-5.7384677072924655j)
(3.79368066948628-5.592608648673542j)
(3.5047595281731896-5.413677258686791j)
(3.2525203291462264-5.211088518888424j)
(3.0397508011460723-4.997016348772049j)
(2.8635625942784193-4.782851055487411j)
(2.7171303092406034-4.576705207235223j)
(2.5920327027140795-4.3824931786076j)
(2.48027809354903-4.200221575414674j)
(2.3757170917791224-4.026915968321989j)
(2.2749014305338306-3.85782914550538j)
(2.177453042433569-3.6878228365566703j)
(2.085849290884404-3.5128494462746516j)
(2.0044719751251776-3.3312659151318273j)
(1.9379954335382827-3.1444972444896333j)
(1.889614151909455-2.956652226571252j)
(1.8598432792192954-2.7731738749301234j)
(1.8463608012347568-2.599132298493441j)
(1.8447867821688584-2.43787675574598j)
(1.849900942808141-2.2904197264881074j)
(1.8568134211847362-2.15550096265467j)
(1.86184908590641-2.03008294311796j)
(1.8631136554060381-1.9100696161188397j)
(1.8607597455287017-1.7911580970417522j)
(1.8569040827789995-1.669773951608573j)
(1.8551006354059463-1.5439514703239907j)
(1.8593703784412228-1.4138915006171684j)
(1.8730099150966926-1.2819259139794497j)
(1.8975818145232404-1.1518196877787787j)
(1.9324566376470247-1.0276403511661998j)
(1.9750308375752674-0.912604116528166j)
(2.021468153287974-0.8082567642677809j)
(2.0676779016457236-0.7141525948754285j)
(2.1102671510402704-0.6280163972350457j)
(2.14729003254666-0.5462881088731928j)
(2.1786808208454347-0.4649318894709801j)
(2.206280854632871-0.3803717127911663j)
(2.2334112019808594-0.2903574778388207j)
(2.264058062995648-0.19452764512505255j)
(2.3018768080559626-0.09449631891770702j)
(2.349286906651342+0.006559987028165453j)
(2.406888925095453+0.10469122882802537j)
(2.4733261864113247+0.1961301252246055j)
(2.5456028131911794+0.27819815660447117j)
(2.61978927463003+0.34997031749110963j)
(2.691980642138064+0.41254136019940285j)
(2.7592998186727837+0.46879175087845115j)
(2.820679363873794+0.5226622501001618j)
(2.877171274345561+0.57810636097463j)
(2.9316676479466874+0.6380295992161639j)
(2.9881301952437527+0.7035419889897765j)
(3.0505954245853792+0.7737104929214419j)
(3.122241035306543+0.8458001011221128j)
(3.204698900549787+0.9158670581547513j)
(3.2976880362332675+0.979550578091014j)
(3.3989884777058075+1.03294529689788j)
(3.504779920645351+1.0734505237801273j)
(3.6103660379439493+1.1004486606357908j)
(3.7112275941091903+1.1155997878441595j)
(3.8041845094667415+1.122547742540742j)
(3.888292379790653+1.1259961933216611j)
(3.965105655763152+1.130392893697403j)
(4.0381744801963375+1.1386762698553927j)
(4.111975010893462+1.1515138336257775j)
(4.1906727474543235+1.167212967762722j)
(4.277081292365589+1.1822090297909107j)
(4.372003304288781+1.1919027953368548j)
(4.473985035054564+1.191639222145546j)
(4.579460306728815+1.177695821209133j)
(4.6832811722346905+1.1481832640861678j)
(4.779649217524206+1.1037148558062548j)
(4.863388670510055+1.0476165023550528j)
(4.931314672269944+0.9854366255931819j)
(4.9832428073197335+0.9236933854861306j)
(5.022160650128826+0.8681549683752974j)
(5.0533759814217625+0.8222680165809755j)
(5.082938614001356+0.7863459274698256j)
(5.115957733414561+0.7577584122264613j)
(5.155380301116787+0.7319049256414627j)
(5.2014713802394485+0.7035242743327884j)
(5.25192929045925+0.6679550948829795j)
(5.3024492285216915+0.6221530983718903j)
(5.347592267947146+0.5654068649810805j)
(5.381894073956522+0.49970162379113026j)
(5.401139429567523+0.42960551702565514j)
(5.403591748436227+0.36151812338120726j)
(5.390782075267263+0.3022573499429948j)
(5.367426556960261+0.25728560271730433j)
(5.340318551224381+0.22919222904344352j)
(5.316535431270749+0.21705251338141515j)
(5.301650514569314+0.21688466938639067j)
(5.298567853492507+0.22290936598173733j)
(5.307204228838908+0.22906040489582016j)
(5.324870415786786+0.23029538862917898j)
(5.347069258374503+0.22351052260308793j)
(5.36849271810932+0.20804774451743024j)
(5.384110085053107+0.18581979886972635j)
(5.390276253763847+0.1610241463194534j)
(5.385719331839706+0.13937633501388608j)
(5.372148833241994+0.12686368879588064j)
(5.354185399946809+0.12822032029190214j)
(5.338462920783631+0.14555013657665153j)
(5.332076006221364+0.17759152672877376j)
(5.340854854388612+0.21991581349856484j)
(5.368028692852639+0.26597647162339355j)
(5.413639664160442+0.30861585957314097j)
(5.474750288017882+0.3415588634788262j)
(5.5462496093647+0.36054968148237926j)
(5.621981543573284+0.3639783394232876j)
(5.6959531882499705+0.35299035237892185j)
(5.763456893979019+0.33113645772575645j)
(5.821984890753841+0.3036180060596595j)
(5.87180200340733+0.2761845612381139j)
(5.9160109123175815+0.2538002824911874j)
(5.959967707210189+0.23931699032927986j)
(6.010042889445466+0.23251233403431007j)
(6.071966383573084+0.2298594607592619j)
(6.149226964998372+0.22520513461511096j)
(6.242044994023595+0.21119533481213018j)
(6.347228718833738+0.18099272371982644j)
(6.458876640860144+0.12976243784443034j)
(6.569613848835296+0.05557567814084455j)
(6.671980105343728-0.04034938117948126j)
(6.759698517690962-0.15395886214436363j)
(6.8287017414378415-0.2790861989544136j)
(6.877846301852411-0.4085062590722801j)
(6.90920003507445-0.5352618237963608j)
(6.92773271593911-0.6541193513070668j)
(6.940290242130758-0.7628471092238198j)
(6.953949801804824-0.8628929334250725j)
(6.974155879807751-0.9591271065271428j)
(7.003214784298032-1.0586369365649293j)
(7.039616789589813-1.1689356771977448j)
(7.0783204158355995-1.296133260404064j)
(7.111804556850641-1.4435257980869365j)
(7.131550556905223-1.610824818168127j)
(7.129655507209431-1.794053702414864j)
(7.100368602287134-1.9860780809854883j)
(7.041353406022805-2.177751252471775j)
(6.95440366538443-2.359606945658759j)
(6.845304582740311-2.5238506374404293j)
(6.722672794469049-2.6661673724690775j)
(6.595943521837913-2.7867633382499823j)
(6.473040928801453-2.890235902061219j)
(6.358427784234725-2.9842740061947364j)
(6.252075336457907-3.07759394380081j)
(6.149546637882098-3.1776961846082226j)
(6.043069741255682-3.288962152251832j)
(5.92331419857582-3.411434747950658j)
(5.78153757231935-3.5404802643717206j)
(5.611735042086412-3.6674361096953603j)
(5.412354758479905-3.7812342249267163j)
(5.187094179876374-3.8707712749248597j)
(4.9444066841277285-3.927492577198496j)
(4.695704852550857-3.9474381678330697j)
(4.452732577479552-3.9320751465313273j)
(4.224919626443925-3.8876507644633j)
(4.0175149355318265-3.8233407906212045j)
(3.8309457658404664-3.7488418066596365j)
(3.6613991322422144-3.67211086546279j)
(3.502298840323697-3.597760774801848j)
(3.346232103981301-3.5263510912803224j)
(3.186899990123052-3.4546022535907612j)
(3.020729217063323-3.3764240202850533j)
(2.84784481453107-3.284544144802718j)
(2.6721860529180717-3.172410235046779j)
(2.500700381516389-3.035933427232383j)
(2.3417846900980352-2.8746200505213375j)
(2.203390462766444-2.6917734041274755j)
(2.0913369389766507-2.4937368968878943j)
(2.008288633087807-2.288469261267479j)
(1.9535856625712658-2.083927906457341j)
(1.9238153771815443-1.8867085770943401j)
(1.913827087542143-1.7012046199387467j)
(1.9178654330940725-1.5293340680332406j)
(1.9305823912062532-1.370736170498453j)
(1.9478008675863827-1.2232871400554577j)
(1.9669853445795338-1.083798120953842j)
(1.9874111683306763-0.948788640394302j)
(2.010033516929448-0.8152411451069168j)
(2.0370735366870596-0.6812323254468287j)
(2.071383011982172-0.5463293566368841j)
(2.1157095854850505-0.4116663015257203j)
(2.1720246453294942-0.2796884457006467j)
(2.241060547976908-0.15364315564651065j)
(2.3221337234338324-0.03695666184623647j)
(2.413245404363464+0.06736130407201818j)
(2.5113947931098917+0.15718414034566286j)
(2.613020894358931+0.231554724196998j)
(2.7144930126634708+0.290776484602231j)
(2.8125795092494057+0.336317961449523j)
(2.9048345402075912+0.3705577901470511j)
(2.989855267859627+0.39641334547651597j)
(3.06737988539158+0.4169090520991657j)
(3.1382184955626706+0.43474605858596665j)
(3.2040302589795613+0.45193242174731374j)
(3.2669780963577+0.46952465930730813j)
(3.329307297884057+0.4875204561774664j)
(3.392909270736503+0.5049273867485128j)
(3.458944883603447+0.5200085097468508j)
(3.527604238685839+0.5306698803099148j)
(3.5980594052902815+0.534915547982834j)
(3.668621639683819+0.5312713470521134j)
(3.737060381928882+0.5190865086329095j)
(3.801003090636545+0.49866105290036117j)
(3.858328980153283+0.4711969572990693j)
(3.9074914102644036+0.4386080736316099j)
(3.947733939716648+0.4032369183091839j)
(3.9791865816131446+0.36752250512780843j)
(4.002837186778691+0.33365704882681674j)
(4.020376235570774+0.3032709306081933j)
(4.0339238787120175+0.2771934949780617j)
(4.045671533914407+0.2553402565760006j)
(4.057499206673418+0.2367619471581419j)
(4.0706467934583435+0.21985548047107678j)
(4.085509273130911+0.2026948019391687j)
(4.101593573175004+0.18341070274497726j)
(4.117634957215881+0.16054438102915528j)
(4.131840252159094+0.13331548252417708j)
(4.142210527771978+0.10176804518980967j)
(4.146891413562357+0.06677698136355298j)
(4.144496589124323+0.029913811907453455j)
(4.134348531229715-0.006809666408097015j)
(4.11658882118224-0.041275671108854946j)
(4.092134452871947-0.07160708405769128j)
(4.062491813479773-0.09645548865325432j)
(4.029473279118686-0.11517520391721855j)
(3.9948796919503278-0.1278585633513009j)
(3.960210405917809-0.13524021786546098j)
(3.92644672118422-0.13850093249287218j)
(3.8939350043289207-0.13901099069929784j)
(3.8623798874228177-0.1380546953568286j)
(3.830945731643709-0.13657686747943357j)
(3.798451741136948-0.1349913947050109j)
(3.763630288651364-0.13308699294525667j)
(3.7254021500384096-0.1300518210563377j)
(3.683112870472502-0.12461533748981003j)
(3.63667903841998-0.11527655805260212j)
(3.5866162953538394-0.10056414423473918j)
(3.533954355554882-0.07926885805177707j)
(3.4800722916893996-0.05060400655858832j)
(3.426500348993445-0.014274968330108924j)
(3.374731747638958+0.029536017909124832j)
(3.326074032866116+0.08024680306476321j)
(3.2815520492699277+0.1369855693095563j)
(3.24186030006296+0.19870994855693688j)
(3.2073547942462866+0.26431940488195443j)
(3.1780734499699035+0.3327540130566752j)
(3.1537773648137626+0.40307828401483814j)
(3.134009787739583+0.4745498311323482j)
(3.1181723346674337+0.5466695875789105j)
(3.105615288516645+0.6192056444154995j)
(3.095731210084221+0.6921832296674127j)
(3.0880364091404218+0.7658410405447724j)
(3.082227009925697+0.8405625625574237j)
(3.078202338159084+0.9167963132363642j)
(3.0760563959807077+0.9949804397307326j)
(3.076045712981975+1.0754834028070137j)
(3.078545020039428+1.1585653231329418j)
(3.084000287039342+1.2443582098627028j)
(3.092884297445112+1.3328604588183073j)
(3.1056561424323634+1.4239415302567429j)
(3.1227243199575443+1.5173547784407295j)
(3.144413358083316+1.6127582417532418j)
(3.1709351151909915+1.7097439133351835j)
(3.2023670629019794+1.807875382366788j)
(3.2386397335328487+1.9067325098634744j)
(3.2795345161874496+2.0059620418023054j)
(3.324694184134488+2.105334553370887j)
(3.3736520854437235+2.204806727902395j)
(3.4258872683648676+2.3045825767495756j)
(3.4809094152835405+2.405161296607726j)
(3.5383701286208282+2.5073563434453154j)
(3.598188108437351+2.612272343126538j)
(3.66066919376562+2.7212343499660867j)
(3.7266021778419023+2.8356745667006904j)
(3.7973178994376773+2.9569891262463277j)
(3.8747075206573562+3.086377937800193j)
(3.9611997328318314+3.224675365648052j)
(4.059692818823392+3.3721747872464563j)
(4.17342865787003+3.528452762485142j)
(4.30578931357127+3.692212418550845j)
(4.460002863031828+3.8611887474381j)
(4.6387726892782215+4.032180545637905j)
(4.843894242302118+4.201275835295992j)
(5.075979218551644+4.364299943426274j)
(5.334435998523101+4.517432594626697j)
(5.617820975464944+4.6578363775217655j)
(5.924567053904818+4.78406654371077j)
(6.25394944164145+4.896043969161213j)
(6.607035931504459+4.994478211333342j)
(6.987344390214746+5.079774957660164j)
(7.40098823901213+5.150577507352424j)
(7.856169953733634+5.20213816824905j)
(8.361918505295987+5.224723336666023j)
(8.925947056046523+5.202305128490464j)
(9.551502350343444+5.1119619982885105j)
(10.233244612393852+4.924713298407587j)
(10.952742319600585+4.6087951019303395j)
(11.675175004561337+4.136220527749256j)
(12.349897728233607+3.492242762200354j)
(12.917415826930611+2.684896859701542j)
(13.32268566887942+1.7495229290721197j)
(13.53009424223147+0.7438911711231214j)
(13.532735051864012-0.2654917426394927j)
(13.351279261136357-1.2195488258802891j)
(13.024140391360925-2.077737407089713j)
(12.59500953728902-2.8207548845526547j)
(12.103219655422826-3.4466318441773427j)
(11.578978875001063-3.964143632492129j)
(11.042700610432595-4.386661188495192j)
(10.506688908385057-4.727826889302653j)
(9.977692833793014-4.999192528027779j)
(9.45941534588121-5.209433374678557j)
(8.954498347060996-5.364649968506385j)
(8.465762309999981-5.469290308661216j)
(7.996659763820135-5.527255240227881j)
(7.551074561668627-5.542811543251155j)
(7.132739986944885-5.521073899862566j)
(6.744594553643266-5.468009118278988j)
(6.388322766295479-5.390085707174928j)
(6.06418817079366-5.293770465029438j)
(5.771135604161753-5.185053707287849j)
(5.5070679106146505-5.069110285922907j)
(5.26919169405325-4.950126540670957j)
(5.054351622260311-4.831272377859212j)
(4.859306998004749-4.714775943352563j)
(4.680932951378339-4.602056388922158j)
(4.516347750247255-4.493877702959718j)
(4.3629787605760875-4.390497106954113j)
(4.218584744968587-4.291792396684505j)
(4.081252742626535-4.197362736316004j)
(3.9493843216513125-4.106605639909276j)
(3.821679594376244-4.018777548873293j)
(3.697120445810532-3.9330452605567503j)
(3.5749502883448856-3.8485311308896843j)
(3.454648569762466-3.76434972218079j)
(3.3359032122035632-3.67963161954285j)
(3.218589094061308-3.5935335121701497j)
(3.102761510775705-3.505240520516982j)
(2.9886690133309965-3.4139731790099646j)
(2.876781770451997-3.319014282825541j)
(2.7678221383371313-3.2197687983910614j)
(2.662775415412398-3.115863056063656j)
(2.5628527448728406-3.0072771604448834j)
(2.4693781185505275-2.8944868926269613j)
(2.383582507381985-2.7785707194672993j)
(2.3063148769204886-2.661221364029535j)
(2.2377209625538064-2.544602691083299j)
(2.176983037015457-2.431024396875675j)
(2.1222324495063467-2.322470305858687j)
(2.0707170454575947-2.2200894314417896j)
(2.0192257212639215-2.1238021754340344j)
(1.964675295844753-2.0321534147305567j)
(1.9047027826426204-1.9424620698952242j)
(1.8381131791629326-1.8512156959825807j)
(1.765099546650116-1.7545917223562961j)
(1.6872355034234883-1.6489803234010039j)
(1.6072976045958194-1.5314250213026532j)
(1.5289890914989634-1.3999525836474032j)
(1.4566160629665197-1.253804133558823j)
(1.3947331733955115-1.0935916364612235j)
(1.347748239253579-0.9213899511261876j)
(1.3194668855221265-0.7407447157981143j)
(1.3125759896616767-0.5565449545019924j)
(1.3281069195867123-0.3746935214306805j)
(1.3649745063811987-0.2015248484582315j)
(1.4197321335404884-0.04297586176300497j)
(1.4866896142787678+0.09639614109062625j)
(1.5584873687166407+0.21436291258577655j)
(1.6271080016227657+0.311703716540996j)
(1.6851701335260492+0.39239943645901165j)
(1.7272456167441381+0.46323423104254513j)
(1.750914734054356+0.5328462291745167j)
(1.7573351511401576+0.6104068108595944j)
(1.7512225440583669+0.7041864703159347j)
(1.7402757501201147+0.8202651513016018j)
(1.7341818680302452+0.961580673713227j)
(1.7433838145267304+1.1274155416865488j)
(1.777787773966451+1.3133360886719583j)
(1.845551804980998+1.51154048687222j)
(1.9520545109683647+1.7115464891714405j)
(2.0991100391242683+1.901143857725656j)
(2.284473021217395+2.0675361375641534j)
(2.501656463055091+2.1985989795962197j)
(2.7400665716124513+2.2841963425843748j)
(2.985457579109876+2.317528230949616j)
(3.220756279147278+2.2965189265994663j)
(3.42741999290358+2.2252375310585393j)
(3.5876344833453744+2.1151770026747667j)
(3.6876648825765304+1.9858236867677646j)
(3.7222342059679385+1.8634319618513266j)
(3.6986981887467203+1.776806133099678j)
(3.6384934253210424+1.7500295576844749j)
(3.5734192442723076+1.7945685498635553j)
(3.5370472265959876+1.9050576866858207j)
(3.5553033135974155+2.061601463174575j)
(3.6411282492487285+2.2370855155583658j)
(3.794944840718707+2.40497651229362j)
(4.008864133433265+2.5439974352144565j)
(4.271409502121087+2.638989414924255j)
(4.570709425000382+2.6792438454035463j)
(4.895595179521146+2.655852598145353j)
(5.2347088754108615+2.5590888318292495j)
(5.573601351801782+2.3764725407304184j)
(5.889354718176474+2.0925969970818405j)
(6.142388501413997+1.6935324067085138j)
(6.268218127639627+1.1817246265070807j)
(6.182716202560462+0.6071475164440844j)
(5.829017996418766+0.09931598656358372j)
(5.2656917571285735-0.1646108824681233j)
(4.687350613889376-0.09291783915767916j)
(4.289120801340989+0.23332012070028946j)
(4.137020939412187+0.6497029833955511j)
(4.18965372510496+1.0325715003006128j)
(4.3778923577112545+1.3281032992454014j)
(4.647574124516653+1.5251958084253339j)
(4.966267736753017+1.6278862671605367j)
(5.317627191332561+1.6403328165771054j)
(5.694556654811678+1.5596469760196514j)
(6.092975959159617+1.3711300559811805j)
(6.503731144470855+1.0427017852473288j)
(6.896238862635132+0.5179754039134937j)
(7.180321332560282-0.28386126593817707j)
(7.131178163796859-1.4184753206229188j)
(6.351609954738772-2.699857527197957j)
(4.673626713293591-3.389320364641741j)
(2.9163967759234595-2.814957724727867j)
(2.0396924459209025-1.512407567576208j)
(1.977715210321668-0.3162724938376641j)
(2.296312123527915+0.5191700615379191j)
(2.7325801492732094+1.0493398203328297j)
(3.1843480467892737+1.369580162599091j)
(3.6222575621140307+1.5473239097632776j)
(4.044048864285384+1.6209934127540793j)
(4.456526429208037+1.607592744895706j)
(4.868444015630412+1.5071008523132563j)
(5.285993862048936+1.30226457232078j)
(5.705103468995212+0.953658522711518j)
(6.091142450968139+0.3913974968873531j)
(6.325990409430337-0.48212466644299173j)
(6.105937596719339-1.704866621244194j)
(4.962065627060823-2.9123520793775803j)
(3.016980725992499-3.1135852378380124j)
(1.5114723642209744-2.0134168616165202j)
(1.053010757381327-0.5961416370320478j)
(1.2265811690199135+0.4973027573247579j)
(1.6180691556013567+1.2243201552362832j)
(2.050189390741839+1.7002509251167381j)
(2.4707625384782537+2.0192046137000665j)
(2.873101104423601+2.23888216254273j)
(3.2662838966918972+2.3912908907323773j)
(3.6656514227933434+2.4913482745999747j)
(4.090731587851361+2.5402599256658895j)
(4.565634412177384+2.523314661821693j)
(5.118477541712179+2.3995260002447227j)
(5.770589639155953+2.0761551931572946j)
(6.479236398331971+1.361953689201705j)
(6.926082550363889-0.028000474687836726j)
(6.215268534336249-1.9403452947974686j)
(4.041172041238951-2.8210074528533284j)
(2.1880683996512196-1.9781331445630317j)
(1.4563255263223454-0.7014503862603202j)
(1.3525346904619244+0.32287202981880625j)
(1.4801932718104982+1.0615786293772504j)
(1.6781369166309112+1.6091397991154752j)
(1.8934112450462357+2.04143981102371j)
(2.1119616755413317+2.4081920640389702j)
(2.335027262288841+2.742788109252876j)
(2.571957742177679+3.070227493314697j)
(2.8400425988853777+3.412638649220319j)
(3.1697619704594935+3.7935654638091187j)
(3.6195352946999333+4.241393146315578j)
(4.315831413114371+4.787324404955803j)
(5.572752307267688+5.41840877956632j)
(8.221890955762964+5.6577679325870465j)
(12.522360807394778+1.8920747388532302j)
(8.358411435887916-4.954941952701224j)
(3.559342505830244-3.5205884459433805j)
(2.2428264561818323-1.571255476848961j)
(1.8818462564061251-0.32553014313507556j)
(1.7750105006249886+0.5098394808286784j)
(1.74040989693715+1.1271375290473842j)
(1.7215491303751893+1.6273136373875556j)
(1.6966859947200528+2.066854024673959j)
(1.6539916113068143+2.4822264214931633j)
(1.5830886585105812+2.9020157933827586j)
(1.4701873572584716+3.3544307214069526j)
(1.2921036397975096+3.8743947999533335j)
(1.0038747736844247+4.513938839774019j)
(0.5055627003732738+5.362001756587873j)
(-0.46779223042940626+6.583916982330234j)
(-2.818743481556021+8.437434653788127j)
(-10.488235886172701+9.511149525827552j)
(-14.83698748021394-8.567967869848738j)
(-0.8594205783831673-8.322298818098147j)
(1.8099109528679105-4.3128499190256715j)
(2.334678251473908-2.1809920179802504j)
(2.4071005025263013-0.8902799849748849j)
(2.3346925350852206+0.005598942169558288j)
(2.190420925453463+0.6970312358558609j)
(1.9893286153220502+1.2770785865619922j)
(1.7252020264131478+1.7966151112325088j)
(1.3780975149932073+2.28489320403479j)
(0.9127671059810901+2.7558781455947923j)
(0.27187575012692455+3.2043214000840603j)
(-0.6342924652992451+3.5857822793499134j)
(-1.93015785590642+3.7609719000616813j)
(-3.7052180665602465+3.372554488916123j)
(-5.6544395740055045+1.7419070573019397j)
(-6.409612732514375-1.4506343557379193j)
(-4.688537390338953-4.483966226948539j)
(-1.9097233355269387-5.478964987060636j)
(0.2165224159789685-4.999186753174329j)
(1.4759866856990551-4.065786578869178j)
(2.157381413852187-3.116662299923523j)
(2.496880777009816-2.25752021425199j)
(2.626138327918108-1.4869953096869226j)
(2.6084413640404476-0.7776152614372457j)
(2.465182909193786-0.09871296335922411j)
(2.186300500999318+0.5775545030766328j)
(1.7275432666956994+1.2719615099389303j)
(0.9939343533017093+1.9851503864797524j)
(-0.19039675650856655+2.65103424551281j)
(-2.091283180184158+2.9823003057049777j)
(-4.789105230586497+2.1189571021393565j)
(-6.922768051109203-1.1400432379487866j)
(-5.860687241203098-5.279159103713021j)
(-2.831897913377718-7.053417803426141j)
(-0.4078454369188234-6.8865813331849j)
(1.046009319883923-6.129513284693263j)
(1.8732888654521889-5.329623559436512j)
(2.34488356702377-4.617674124385195j)
(2.610394354159555-4.002206242926702j)
(2.7478077749068484-3.463619167569593j)
(2.797023967101081-2.978703636849368j)
(2.7765823619299588-2.5256367575732193j)
(2.690874446326501-2.0836853343625434j)
(2.5315560116891267-1.631379881567718j)
(2.2735203340306844-1.1441143615475196j)
(1.8618919903522515-0.5921484361817083j)
(1.1789187535515524+0.05374821398559027j)
(-0.0916167652645118+0.756108381867634j)
(-2.617951575937461+1.2458293073168172j)
(-7.124264932963969-0.9786651999438211j)
(-6.905525407513754-8.93995207880777j)
(-0.6320560002767733-10.651550546062563j)
(2.1781168198441057-8.796626922184556j)
(3.102432103717565-7.273900505556433j)
(3.403124476830762-6.244445039985936j)
(3.4719459310665934-5.5277844789410455j)
(3.437665631394354-5.001834522223277j)
(3.347353848126552-4.595739548403643j)
(3.218695348387406-4.267153723300461j)
(3.0568414865138718-3.989057667089659j)
(2.8601505364098037-3.7427486424650924j)
(2.6216878433177095-3.5139605330203705j)
(2.328370180502046-3.2905345982547956j)
(1.9576414433588587-3.060937274427454j)
(1.4697157810998083-2.813638001350978j)
(0.7894029041791061-2.539031645350508j)
(-0.24114339173971652-2.2436268243703026j)
(-1.994883377983498-2.0399710587035385j)
(-5.380588585641286-2.7122377753076248j)
(-10.20670992167184-9.256164611685138j)
(-0.7645952136867217-17.77924485365276j)
(4.962062428902848-12.633479832649144j)
(5.240452118170248-9.413920464412763j)
(4.790055041661034-7.806619831357346j)
(4.285660171836367-6.886037798526292j)
(3.8102021460433497-6.289548353692855j)
(3.3622545806509585-5.862626538943039j)
(2.9286453662070095-5.529683695598988j)
(2.4959694707231783-5.248617349533678j)
(2.0516626609667132-4.992721369130116j)
(1.5830226599313624-4.742406006787375j)
(1.0755965379130297-4.480665554832961j)
(0.5108516134214469-4.189803700480285j)
(-0.13764227051808128-3.847971642951322j)
(-0.9113757820421446-3.423955651849195j)
(-1.8820849984492607-2.867241190891756j)
(-3.188277650712158-2.085571670366729j)
(-5.139606335116912-0.8837261953069285j)
(-8.607641143946422+1.245883742369884j)
(-17.35631572590662+6.142541629175075j)
(-93.88905228905452+17.05217528509676j)
(25.52557547543211-32.614126368560434j)
(11.860705817125556-15.975291606585584j)
(7.34637459002561-11.743686976166947j)
(4.9561409607737925-9.720822707522624j)
(3.3729692296424587-8.451113593025974j)
(2.176989980084072-7.506875984333684j)
(1.1943235758303201-6.713571784533353j)
(0.34161972130749074-5.982995399618496j)
(-0.4238687180138006-5.262313568954363j)
(-1.1234420792328892-4.514864846425821j)
(-1.765117237310897-3.711810377870731j)
(-2.3471880770029-2.828079267935579j)
(-2.8595282758212077-1.8401844063519361j)
(-3.283491716662536-0.7248149441269305j)
(-3.590551685815686+0.542533574285125j)
(-3.739267160602723+1.9895194390920852j)
(-3.6689016441253233+3.6500210472006134j)
(-3.2853052519759767+5.568979486410593j)
(-2.428535618380854+7.808633687210323j)
(-0.7942367386108388+10.448090868145627j)
(2.2695667177152274+13.524787619112631j)
(8.280772140965025+16.604469527134135j)
(20.130247077022865+16.189152437354732j)
(32.28695059349588-0.3319318937993984j)
(19.210797181192042-19.105521465677157j)
(4.727923454209604-17.45721512600723j)
(-1.0214760011723898-12.047867921832696j)
(-3.021335212434216-7.79085435182695j)
(-3.593485740861556-4.7094067313051236j)
(-3.566071893953281-2.4335824601041907j)
(-3.2619743731958475-0.6985504554177187j)
(-2.8220184908232864+0.6623983146080475j)
(-2.3132946357283903+1.7558801292001327j)
(-1.770006808062435+2.653549636917612j)
(-1.2102180093418502+3.4058407802381403j)
(-0.6428442060035432+4.050072431264342j)
(-0.0710206061601515+4.6156628127049215j)
(0.5062584168943137+5.127634167680884j)
(1.0935832592729173+5.60940613513795j)
(1.6994136732185237+6.085692788106638j)
(2.337283863632592+6.586474013462435j)
(3.0283784365546116+7.153838741301906j)
(3.806511574379092+7.855988826269252j)
(4.727416452529005+8.82053905384399j)
(5.883401414448708+10.328005208198231j)
(7.392359256508322+13.137232222634976j)
(8.781524602764671+19.97736345240128j)
(-4.927208243870008+38.351146656678765j)
(-24.640958594589662+6.869631883757887j)
(-10.674397301156665+0.3785812967464659j)
(-5.377324030123823+0.8621329463079519j)
(-2.8330232598639458+1.567697655912366j)
(-1.3286365123672448+2.1180060233369993j)
(-0.31344094764040653+2.534275991254845j)
(0.43523296587990995+2.859858716215193j)
