(20.662209062222733+0j)
(19.260741032108758-3.743790457298994j)
(16.200172353069085-5.542359797411538j)
(13.203053764802513-5.22382267460768j)
(11.250097006350918-3.483487719646819j)
(10.730425458913427-1.0542067218944533j)
(11.869207027282807+1.4031065646788219j)
(14.843973461109753+2.9680582976670946j)
(19.20042948612906+2.0825731270957806j)
(22.482857043416082-2.5248220453586625j)
(21.382038074266244-8.65941681371826j)
(16.78731759715027-12.077105164023115j)
(12.13163423825902-12.08028903485826j)
(8.968433894438482-10.238091098573529j)
(7.366305705790484-7.755498001595411j)
(7.122529541271607-5.236087248902828j)
(8.143498547409118-3.101305017700386j)
(10.350495078020371-1.9636629895666295j)
(13.147205608650093-2.768461311704445j)
(14.713254353929385-5.911661108651259j)
(13.29723867241306-9.520580459006105j)
(9.934227603461903-11.098615939494143j)
(6.770932466749121-10.499264120474052j)
(4.68470278870193-8.771836432216789j)
(3.6797117099211847-6.6808969723582665j)
(3.610237751118727-4.613551952473712j)
(4.402808286853878-2.843780337907127j)
(5.993437039217001-1.7614889534488813j)
(8.010660996489054-1.9594294043592542j)
(9.341701711517214-3.746200191680047j)
(8.758554038890365-6.083504510889784j)
(6.650957542047986-7.258160703043281j)
(4.440432100199152-6.879542714815152j)
(2.902749494895727-5.5635689460686235j)
(2.146840289560291-3.8799255839344258j)
(2.101665572053547-2.145432785297437j)
(2.7230358207185215-0.5722328734651023j)
(3.9868332384094964+0.5684110580100803j)
(5.707495889205817+0.8506721530238317j)
(7.212314038050854-0.09285519150131198j)
(7.4799551458406155-1.838655659053519j)
(6.32310110831033-3.106310215748398j)
(4.676513049156766-3.166154583128858j)
(3.373444674522723-2.2655406888193004j)
(2.6908973129952884-0.8753821612411824j)
(2.648891092578902+0.6811370560057185j)
(3.240240458533681+2.183737738237561j)
(4.469963364727749+3.3810553001531085j)
(6.2331643665752+3.8858232861839106j)
(8.034419791813752+3.279801013202374j)
(8.936029608514877+1.6882130337382077j)
(8.428219722787052+0.1490443561446736j)
(7.120537068093246-0.38107974845148807j)
(5.912028599268295+0.14697546689943614j)
(5.266615397580952+1.3305777068016487j)
(5.321631971354701+2.793796789014152j)
(6.122840712699572+4.235166329840426j)
(7.6806204671849505+5.3075564588467214j)
(9.823163363486243+5.528245423702126j)
(11.908671656855333+4.467932163467327j)
(12.911190124181653+2.389499815444805j)
(12.400593065223802+0.4472275369005364j)
(11.070135110585023-0.4078364682982377j)
(9.861403971155813-0.14055544845892506j)
(9.297375179868602+0.8147707859960109j)
(9.560837308804823+1.9909477925741337j)
(10.66981036611633+2.936463449303214j)
(12.447909178957786+3.1505368051606255j)
(14.337813579976556+2.2032834064766056j)
(15.439055028997146+0.19070420383855177j)
(15.186280645339297-2.0201807282805433j)
(13.924040724325467-3.4810947666484373j)
(12.446478369160493-3.9070435156842773j)
(11.337680095511978-3.5524386275341406j)
(10.853501733213502-2.8179187925442206j)
(11.040814627958637-2.0957634377630687j)
(11.778085412227133-1.763858273043149j)
(12.718677306882478-2.119369511647773j)
(13.330010072229555-3.16341939906909j)
(13.217903428456589-4.475851691580644j)
(12.442105414008456-5.506822292848696j)
(11.381423724910066-5.978353147937566j)
(10.399025768472178-5.9275149334285215j)
(9.705214796638046-5.532541751339921j)
(9.386278450798256-4.9959925142314665j)
(9.444280448480114-4.520760677492756j)
(9.787225314334906-4.305188231325328j)
(10.199775792636345-4.483123270810189j)
(10.39813687084657-5.008643128158768j)
(10.212385455663046-5.635467885831778j)
(9.70543055719017-6.09257776934449j)
(9.075694387363333-6.258220055082195j)
(8.50285968741424-6.159614483645377j)
(8.091301487589568-5.890165715797843j)
(7.883561473552067-5.556285400877944j)
(7.87785238708994-5.264807629977681j)
(8.023823923507184-5.119054846193862j)
(8.208506143539406-5.190519976217843j)
(8.278346344295555-5.461193557885097j)
(8.128751037539233-5.801006449676989j)
(7.782763369058388-6.048984380706097j)
(7.355966791615755-6.1212739804838545j)
(6.963075326692821-6.0310150704915655j)
(6.670385656741776-5.839126901211552j)
(6.499361708832116-5.614739362041301j)
(6.440686340566039-5.420711326900578j)
(6.459360931046891-5.309530942965707j)
(6.493811403765835-5.312654338741904j)
(6.466303932880173-5.418793639044919j)
(6.320100965384198-5.562147844719149j)
(6.061200793868993-5.653345549874961j)
(5.753640039622324-5.637386156208051j)
(5.470498130692384-5.518047268021208j)
(5.2559981975893555-5.33594517901384j)
(5.120953866553203-5.138576053609386j)
(5.053200135350663-4.965116119522914j)
(5.026419878778999-4.842017503146597j)
(5.005127408785242-4.780056298063231j)
(4.951299320849035-4.769237223483176j)
(4.838045232250379-4.7765685271509035j)
(4.666047780362629-4.756931522730625j)
(4.4665237926876875-4.677219460912513j)
(4.282497326513969-4.534528981743689j)
(4.144667933136632-4.352313319649793j)
(4.061325100541398-4.16295623646888j)
(4.0224039606777-3.9934467992997202j)
(4.007709378930686-3.859355123389365j)
(3.9937170519216743-3.7636482016370665j)
(3.959077861872977-3.6970044314895403j)
(3.890510951991082-3.6395458572358055j)
(3.7887034191492877-3.5662444092818877j)
(3.6702270017709835-3.456935921037215j)
(3.5611487359626746-3.306549221573568j)
(3.484252444747311-3.127807537127588j)
(3.4484780592896564-2.943808748763991j)
(3.4470852405775263-2.7764673690076416j)
(3.463155205669311-2.638287327723501j)
(3.4772273952559263-2.5298692849090076j)
(3.4736018361377843-2.441539358211898j)
(3.4445023222477564-2.357017171868232j)
(3.39232691388734-2.2582170129539976j)
(3.329619697930764-2.1309944043631956j)
(3.2756723249419353-1.9708479960031495j)
(3.2494664397384274-1.7860294094756j)
(3.261251074010117-1.5952268015612812j)
(3.307382656114281-1.4196111284656558j)
(3.372009415522013-1.2732097966375349j)
(3.434675258537353-1.1571481900069343j)
(3.4791159624714934-1.0603591716321703j)
(3.4988915388933233-0.9649702126460932j)
(3.4987116268070624-0.852890085623002j)
(3.4925652732311696-0.711409360212003j)
(3.4998337808102375-0.5371974490114294j)
(3.5398204985791066-0.3384195058842827j)
(3.624979141533727-0.13398660181692237j)
(3.7544519680919475+0.05167345997729256j)
(3.9117841446225645+0.19845574399120983j)
(4.070632189467513+0.3008758527654447j)
(4.207104040570993+0.37170214360058274j)
(4.311165502300469+0.43566501675461566j)
(4.390233816001939+0.5177788187802962j)
(4.464880511180051+0.6335240179147483j)
(4.561131361344854+0.7841935479826027j)
(4.702832722013326+0.9563851259903523j)
(4.9045600375944005+1.1240595973606797j)
(5.164617799088597+1.2537611298536788j)
(5.460180521417386+1.3151775138153678j)
(5.750608620569409+1.296361607855579j)
(5.993792605763947+1.2149439990282436j)
(6.168821294440991+1.112961849788249j)
(6.287604704595826+1.0350031070154389j)
(6.3864752935732145+1.0059412284321476j)
(6.507152820470246+1.022600564392886j)
(6.680574740115909+1.0584482334494072j)
(6.917723187243753+1.0733513187826158j)
(7.204929242256142+1.024624065889422j)
(7.50288115907207+0.8808130160347244j)
(7.754196821857576+0.6385790740906632j)
(7.905385507724988+0.33436536881177253j)
(7.936967258652199+0.03547522983614938j)
(7.8787947678858545-0.19277308117433728j)
(7.79406301127607-0.3211528542716961j)
(7.745419330445867-0.36592756819309397j)
(7.769364429788514-0.3736682866620274j)
(7.868636504986868-0.39914193446455115j)
(8.016142223298049-0.48773035648804464j)
(8.163650848720714-0.6628112140365859j)
(8.254952715478101-0.9162579606358764j)
(8.24563659417564-1.2053940861171464j)
(8.125478390773614-1.4643724057298795j)
(7.929380692584243-1.6321086859390646j)
(7.724005470164085-1.6826934282553554j)
(7.576043772984525-1.6368687134458773j)
(7.523911056322182-1.5484085893773953j)
(7.567775150036496-1.4789517123903535j)
(7.675699586462379-1.4767344679781758j)
(7.796857482990176-1.5643149051126524j)
(7.8766295276823675-1.7335508954616343j)
(7.872816330224189-1.9468802622913077j)
(7.771398888910266-2.1471753473222304j)
(7.59550755735481-2.2776107941197523j)
(7.3993700560994515-2.3057316938731156j)
(7.246280638198898-2.2386512896441753j)
(7.181817697835728-2.119361967373445j)
(7.217311919040243-2.0072673241636902j)
(7.3294915069128495-1.9553844353750467j)
(7.471678246246644-1.9941311866689766j)
(7.589407646771164-2.1241429016468447j)
(7.6364456182814635-2.3168558729998985j)
(7.589258191099388-2.5223832721517425j)
(7.45652618585695-2.684959720986407j)
(7.278273559501188-2.763181024852797j)
(7.111671054990399-2.7469159957940024j)
(7.008435664104575-2.661413267414476j)
(6.995286602446764-2.5560516169610197j)
(7.066424740368998-2.4847963454618345j)
(7.188435941555643-2.488180387426376j)
(7.312435888108135-2.58217455192124j)
(7.388675549484029-2.7544438527714665j)
(7.381224161922434-2.9674235344709516j)
(7.280408187407826-3.168745395460413j)
(7.108344556748469-3.3085995526860157j)
(6.912426581041623-3.3588749896222785j)
(6.7470782923650825-3.324485240481646j)
(6.6525452402369485-3.2400826048860623j)
(6.641679794513025-3.154904582450517j)
(6.6989222567455515-3.115010991356173j)
(6.787992968801222-3.150198270893487j)
(6.863028160886404-3.267197805583853j)
(6.8806337478288135-3.447911319030928j)
(6.812486781405154-3.652674929475975j)
(6.656590256497278-3.8305715423526707j)
(6.441422441108933-3.9370706100579445j)
(6.2169310712395935-3.9526061651169435j)
(6.0341717026494965-3.890872052762823j)
(5.92506860092687-3.79115801974055j)
(5.893387451010406-3.7008823893564964j)
(5.9180850739848125-3.659326045186427j)
(5.9627664936224605-3.6882853552696813j)
(5.98573466636919-3.7886243439992326j)
(5.949533821537995-3.9400183957626025j)
(5.831209169565247-4.103829717990239j)
(5.632435910879443-4.232030441810083j)
(5.383733848785071-4.283779585543628j)
(5.135505610342944-4.243799187413035j)
(4.936919878494358-4.130174536706534j)
(4.815396072975426-3.9848808397147466j)
(4.769251970960646-3.8544967883619274j)
(4.773795909418197-3.774067470818632j)
(4.79254207766429-3.7598291006603217j)
(4.78713411915307-3.808302401832159j)
(4.725266367066353-3.897779798229695j)
(4.5886581400534245-3.991487004286615j)
(4.381366220460821-4.04516363500929j)
(4.133866623073675-4.021537867733968j)
(3.895496442844542-3.9077084400810906j)
(3.7142228569476257-3.7236473521950346j)
(3.6154220297106967-3.513152725236116j)
(3.594040414276459-3.323364238273702j)
(3.6219996604950424-3.187348967388668j)
(3.661507397576022-3.117257944429383j)
(3.6761063794065545-3.105374550286299j)
(3.638067553809727-3.1278667784847323j)
(3.534354701598706-3.149397911816848j)
(3.37223715560938-3.1303501537177083j)
(3.1817125980208387-3.038866384400721j)
(3.0089369086516946-2.8654453898328365j)
(2.8985523261006882-2.6309636050176j)
(2.8734778060933412-2.379226470610856j)
(2.9261067114366477-2.1571136062207272j)
(3.025485428929069-1.996024018054738j)
(3.13222148731745-1.9043975784827707j)
(3.2112914455697497-1.8700715187184949j)
(3.239643556411665-1.8665735737287679j)
(3.2103101637569744-1.8600014005314132j)
(3.134621508397718-1.8166841337457438j)
(3.0414868147876915-1.7127197833507668j)
(2.9706791817575864-1.544023978884221j)
(2.958907538069236-1.331373072655565j)
(3.0238962985387423-1.1143374118861986j)
(3.1564334572339687-0.9349844010398242j)
(3.325753030251423-0.8209317951912174j)
(3.4934941183981816-0.7772743070593128j)
(3.6272250248971254-0.788790949935427j)
(3.70850056902489-0.8277065050733887j)
(3.7355802568781593-0.8624490969886999j)
(3.7225510452068145-0.8656430035939349j)
(3.6956079870868805-0.8211146982811511j)
(3.6861639635129975-0.7291708266435475j)
(3.721027689803037-0.6079548992547018j)
(3.81231976188555-0.4884840931688643j)
(3.951966779211625-0.40364846514716823j)
(4.114457301148339-0.3756676664839367j)
(4.266866594457728-0.4082268525399969j)
(4.380905413291833-0.48663377434049915j)
(4.441563788920602-0.584566768393877j)
(4.449984221461789-0.6733930031413969j)
(4.421213045981202-0.7305069424234335j)
(4.378722797761288-0.7448460705793958j)
(4.347495180539736-0.7190546552440887j)
(4.347037405840939-0.6682803480874229j)
(4.385636430054451-0.615739020105186j)
(4.457401814906807-0.5856218973485869j)
(4.5436136385716015-0.5949500386420195j)
(4.6188355746580605-0.6471909968594384j)
(4.660057606209108-0.730663252877616j)
(4.6550552224056885-0.8229419795292892j)
(4.606149510688082-0.8993247190312835j)
(4.528094862979131-0.9412963231218772j)
(4.4419470026968755-0.9415372546441891j)
(4.368100124892498-0.9044864317030081j)
(4.320855887570101-0.8435664073582236j)
(4.30535087913173-0.7767185451922484j)
(4.316792706252413-0.7213834647771509j)
(4.341956375178931-0.6895975032667584j)
(4.363083310830971-0.6840948744438269j)
(4.363805362458524-0.6969229455957298j)
(4.335285586314221-0.7119646836066565j)
(4.279655347080028-0.7110183553070959j)
(4.208782641486369-0.6806706994112751j)
(4.139222418189723-0.6165455879469172j)
(4.0863083144440235-0.5234604190511163j)
(4.059979062720253-0.4125504523499268j)
(4.063121234317153-0.2973598777402282j)
(4.091889617335729-0.19026196876405485j)
(4.13729058831529-0.09964955950227644j)
(4.187713176891475-0.02800938662378043j)
(4.232265847088556+0.028738085214349257j)
(4.264314911390448+0.07999329743734995j)
(4.283875579800891+0.13718165226967083j)
(4.297510792177215+0.20951982192879914j)
(4.3156569666614555+0.3008108163189368j)
(4.348812206656855+0.40863756897975595j)
(4.404388514454695+0.5258130443199869j)
(4.485165672825354+0.6429252724479703j)
(4.589250373884487+0.7508667128047487j)
(4.711023768144447+0.8428213075150671j)
(4.842688259359952+0.9156023155720073j)
(4.976246368330284+0.9702580644444444j)
(5.1056876010362116+1.0116856400418772j)
(5.228800859897419+1.0470593664867733j)
(5.347852801227474+1.083401411620404j)
(5.468755034746072+1.1251607965971355j)
(5.599041812807518+1.1727282759786446j)
(5.745492747259022+1.222340695564197j)
(5.912227185450542+1.2671831998284588j)
(6.0996958800954975+1.299142803450284j)
(6.304610320841335+1.3106989024340778j)
(6.520700263652761+1.2966031840299945j)
(6.740179190233458+1.255064984953388j)
(6.955708894655387+1.1881085560177935j)
(7.16239526313684+1.100817945419997j)
(7.3591311033354865+0.999525649888858j)
(7.548721858528536+0.8894730136301348j)
(7.736672319267959+0.7727451156613594j)
(7.929029609772164+0.6471855786004393j)
(8.129971542492576+0.5066018156726868j)
(8.339800290200067+0.3421664749814086j)
(8.553831461628628+0.1446938622370221j)
(8.762540295300806-0.09266400333543723j)
(8.95318380273415-0.3719621082475068j)
(9.11274239613623-0.6891376492197266j)
(9.231360825530166-1.0346255688586656j)
(9.304901888493479-1.3960279077028912j)
(9.335374287271485-1.7618750888164765j)
(9.328983283755255-2.1248509475927357j)
(9.292711044961074-2.483140623536683j)
(9.23087232656661-2.8395131382415997j)
(9.14286825356139-3.198634873813528j)
(9.022830202606842-3.563537654899664j)
(8.861386099735567-3.9323144617654697j)
(8.649298159227788-4.2962476147321835j)
(8.381940651154007-4.64050932135338j)
(8.06271553758472-4.9477788849862465j)
(7.703450236372564-5.20352869382924j)
(7.321263153361266-5.4004287767654064j)
(6.933498107762546-5.539694273924024j)
(6.553303479539492-5.629124912421161j)
(6.187568886308579-5.679355116171754j)
(5.837336501559091-5.700187994521486j)
(5.499811163267734-5.6981528149376555j)
(5.170971937594535-5.675593907813603j)
(4.848039004266888-5.6311703358271945j)
(4.531229607932146-5.561490770616367j)
(4.224316592110028-5.463417913935807j)
(3.9337368304298943-5.336277736241102j)
(3.6665410037765573-5.183077490131616j)
(3.428072996852092-5.01020291420008j)
(3.220406731816463-4.825830603600568j)
(3.0420748540130114-4.637897563697476j)
(2.888908728252894-4.452484427731024j)
(2.755406863912265-4.27302483698946j)
(2.6360922615212763-4.100294710836366j)
(2.526572018991292-3.9329326850687516j)
(2.424213860419003-3.7682644229472833j)
(2.3284149716230664-3.603283117405203j)
(2.2404211536183887-3.4356507302558197j)
(2.1626766196601914-3.2645158872936633j)
(2.0978180105679334-3.090890541820938j)
(2.047614534522456-2.917413452028236j)
(2.012237473485391-2.747570119077714j)
(1.9901069890565024-2.5846841957253957j)
(1.9782928502101547-2.431060316142401j)
(1.9732352686031647-2.2875176690992203j)
(1.9715152601090025-2.1533472773689892j)
(1.9704933953939303-2.0265960959413167j)
(1.968738331769928-1.904558962148387j)
(1.9662135882903866-1.784387768332497j)
(1.964190617606585-1.6637360274095834j)
(1.9648648641724724-1.541321958979588j)
(1.9707167342062635-1.4172537840543238j)
(1.9837676660411045-1.2929844179555294j)
(2.0049588543463566-1.1708760642327696j)
(2.033855680470658-1.053506173839397j)
(2.068756906604708-0.9429412462524599j)
(2.107141141612761-0.8401921515538565j)
(2.1462936131949637-0.7449731236041037j)
(2.183944123869116-0.6557843528493434j)
(2.218780007085823-0.5702690564591271j)
(2.250737470271046-0.48575967289631117j)
(2.2810094689284437-0.3999015087024426j)
(2.311755013873523-0.31121576608077045j)
(2.345566262900077-0.2194589522566574j)
(2.3848236481233602-0.12567859212446703j)
(2.431105873587332-0.031948985678329024j)
(2.4848026637692002+0.05914115938920452j)
(2.5450184177365456+0.14511936064266207j)
(2.6097837125395316+0.22423039041943257j)
(2.676528074034587+0.295871074707223j)
(2.742713296617765+0.36075193855324494j)
(2.8064809470161984+0.42072951050448787j)
(2.867144329838621+0.4783310667381776j)
(2.9253792924217215+0.5360869761663615j)
(2.9830518314288454+0.5958566942653268j)
(3.0427378564363954+0.6583390685448127j)
(3.107083291988097+0.7228864834200222j)
(3.1781759782942225+0.7876382436807662j)
(3.2570621714904853+0.8499091413367753j)
(3.343483317179629+0.9067377543315086j)
(3.43586827732445+0.9554979467501361j)
(3.5315947179214295+0.9944749563279869j)
(3.6275062674853316+1.023290421492532j)
(3.7206136611922256+1.0430476316192705j)
(3.808823155980983+1.0561004618259222j)
(3.8914727739109325+1.0654530400331828j)
(3.969480786790457+1.0739424022868922j)
(4.045039822353479+1.0834594512430458j)
(4.120960980098343+1.094450973550798j)
(4.199884520570495+1.1058249250817058j)
(4.2835758983601435+1.1152354385524268j)
(4.372450570891239+1.1196329508886078j)
(4.465387101015309+1.1159463548717465j)
(4.559839384642358+1.1017826430409252j)
(4.652241943087783+1.0760402348835374j)
(4.738681830330734+1.0393170010415527j)
(4.81575149116822+0.9939754814537628j)
(4.881398340946469+0.9437580389836268j)
(4.935504305895739+0.8929652166321266j)
(4.979950088038327+0.8453967494447674j)
(5.018087211348209+0.8033991841119296j)
(5.05378390889905+0.7673502050258706j)
(5.0903776443955095+0.7357264860973061j)
(5.1298587742558714+0.7056682459852415j)
(5.172464047290308+0.6738110099210607j)
(5.2166952169426555+0.6371492813660103j)
(5.259686049097069+0.5937705683556158j)
(5.297825733225371+0.543367686679672j)
(5.32755618567068+0.4874602496683227j)
(5.346239748178388+0.4292500840193342j)
(5.352927508142455+0.37305659489848403j)
(5.34879338040161+0.32337800302400893j)
(5.337022700702025+0.2837914992975343j)
(5.322109772268224+0.2560402358529393j)
(5.30876526157543+0.23963355622956187j)
(5.300804165481321+0.2320848876383286j)
(5.300361899981569+0.22965301905974408j)
(5.307605728142217+0.22830058565035882j)
(5.320912283813466+0.22459616755336326j)
(5.337377771293386+0.2163941481504463j)
(5.353521337441635+0.2032274901482363j)
(5.366074091453446+0.18639303641498384j)
(5.372757414172851+0.1687115316316985j)
(5.3729258758165175+0.1539537149387082j)
(5.367911614438189+0.14598212676352781j)
(5.360917176685981+0.14776649344915008j)
(5.356406084925215+0.16053278382200814j)
(5.359114344191832+0.18331956304609756j)
(5.372962145802233+0.21309878302423566j)
(5.400186563773565+0.2454200057150967j)
(5.4409199552830945+0.2753655599431124j)
(5.493271723333842+0.29854124684981687j)
(5.553826382178653+0.31187341237887856j)
(5.618398540937742+0.31408108012630587j)
(5.682879716932619+0.30578317279133543j)
(5.744038351669826+0.2892572173356284j)
(5.800157559618684+0.2678924928433869j)
(5.851401689302089+0.24540487367873287j)
(5.899809946691301+0.22492627652921557j)
(5.948856011738634+0.20814557566973377j)
(6.002608910142639+0.19472472634972232j)
(6.064666527077098+0.1821915490143604j)
(6.1371460150854125+0.16639008781261777j)
(6.220028129832518+0.14238498056231563j)
(6.311038306037915+0.10555954218477805j)
(6.406062081511978+0.052602396524919534j)
(6.4999353799895045-0.017844380895504667j)
(6.587389101284666-0.10496499384590491j)
(6.663958360715977-0.20595338369120134j)
(6.726729376407675-0.3165291328818894j)
(6.774833014373691-0.4317112608566352j)
(6.809594936321665-0.5467634736741857j)
(6.834256769341852-0.6581732746972753j)
(6.853241004583472-0.7644549048586642j)
(6.871061704977659-0.8665345762555368j)
(6.891134998484534-0.9675493667162149j)
(6.914822085979718-1.0720689206648368j)
(6.940976647634414-1.1849467427436586j)
(6.9660962091689385-1.3101155905707662j)
(6.984994594829721-1.4496158121668572j)
(6.991806987313154-1.6030349775117427j)
(6.981122164990616-1.7674253241996245j)
(6.9490580208088835-1.937699217095026j)
(6.894103132601986-2.1074646155512107j)
(6.817536424868731-2.2702017230299614j)
(6.723259983675873-2.4205766813222906j)
(6.616990124046881-2.5555809742521776j)
(6.504943711490373-2.675160275613678j)
(6.392348107100189-2.7821113857876125j)
(6.282184881243221-2.8812502789764616j)
(6.174500915178064-2.978079638408655j)
(6.066436356202933-3.077306657743202j)
(5.952927459268425-3.1815565490307645j)
(5.827911175798246-3.290544264242086j)
(5.685788604520372-3.4008675750500243j)
(5.522862840927818-3.506488948704972j)
(5.338438055287098-3.599860573567303j)
(5.135280102021036-3.673495120936608j)
(4.919248206683791-3.7216206937134992j)
(4.69812949795617-3.7414664847972134j)
(4.4799745241151-3.7337932540233987j)
(4.27141216041715-3.7025163364359432j)
(4.076417624078132-3.653567585020602j)
(3.8958268099050044-3.593364409328315j)
(3.7276381207277205-3.5273153514047837j)
(3.5679350408416157-3.458709223748539j)
(3.4121540686457075-3.388185846826864j)
(3.256401145714672-3.3138404395307695j)
(3.0985468003399417-3.231897186611284j)
(2.9388817232029827-3.137793737554509j)
(2.780192660511694-3.0274387247520025j)
(2.6272353912392528-2.898351712114499j)
(2.4857305696345953-2.750402996858466j)
(2.361146791836451-2.5859670497295233j)
(2.257599430160734-2.4094743312510816j)
(2.1771427643968684-2.2265270476892414j)
(2.119586480663815-2.042855066073571j)
(2.082797264797657-1.863387554627086j)
(2.063326193198003-1.6916253899200626j)
(2.0571652981365056-1.5293786859788892j)
(2.060466391282986-1.376837229601973j)
(2.070113236001201-1.2328916832359955j)
(2.0840911209819835-1.0956122940388133j)
(2.101632302688952-0.9627979135728418j)
(2.123137137476904-0.8325135469504445j)
(2.1498926363801787-0.7035356629884079j)
(2.183640670931409-0.5756309069291494j)
(2.2260810927854977-0.4496185807659948j)
(2.2784134104983216-0.32721275919644693j)
(2.3410095971628913-0.210692051413825j)
(2.4132715099388284-0.10248134146076054j)
(2.493677471348803-0.004736667013788509j)
(2.579984217428355+0.08099383014392411j)
(2.6695310452230525+0.15398816196766094j)
(2.759588643294958+0.21442945424568138j)
(2.8476985653130837+0.26334774377136394j)
(2.931956584503955+0.30244304535645167j)
(3.011203590595231+0.3338212843532497j)
(3.085101381369369+0.3596841480154834j)
(3.154086625825908+0.3820182856328793j)
(3.219212319545483+0.4023280885350447j)
(3.2819004637019593+0.4214503796367168j)
(3.3436420527146233+0.4394797451237726j)
(3.4056906855664875+0.45581957627107506j)
(3.4688022705769415+0.4693548328525371j)
(3.533070717727906+0.47871876418025683j)
(3.5978937033221383+0.4826029307795679j)
(3.662074370842753+0.4800473440720058j)
(3.724032853043285+0.47065278749798606j)
(3.7820782385127134+0.45467939934443957j)
(3.8346852023134583+0.43302459385770614j)
(3.8807286276552158+0.4070974026920446j)
(3.9196456475351+0.378618975646081j)
(3.9515090175084286+0.34938203649204697j)
(3.9770054385973364+0.32100170129613614j)
(3.9973201580689923+0.29469091605542075j)
(4.013939730874493+0.27109534233930754j)
(4.02839998285488+0.2502196757922533j)
(4.042021791271425+0.231464887483496j)
(4.0556851707820405+0.2137737626074384j)
(4.0696862154947775+0.19585731839661316j)
(4.083702651528736+0.17645697401690497j)
(4.096869662268772+0.15459270175290835j)
(4.107946929537579+0.1297546925523373j)
(4.115544799254709+0.10200954575572155j)
(4.118371138550498+0.07200654008100496j)
(4.115458119453589+0.04088401290788175j)
(4.106329749836593+0.010091563635492759j)
(4.091079293065729-0.018839994190141495j)
(4.070342412594569-0.04453692706873745j)
(4.045173915728363-0.06598277818641045j)
(4.016856492446748-0.08264369149213133j)
(3.986682048872829-0.09450041738767524j)
(3.9557472466059562-0.10198890075698525j)
(3.924796902316674-0.10586741532265659j)
(3.8941369416782985-0.10703742354599274j)
(3.8636266240913306-0.10634895499696694j)
(3.83274879883884-0.1044217165844741j)
(3.800746090926497-0.1015112075227145j)
(3.766799810304876-0.09744353189681038j)
(3.7302189065592737-0.09163177095646224j)
(3.690602048348856-0.08317087706166552j)
(3.647940520536197-0.07099026670873121j)
(3.6026439802434123-0.054029817645833055j)
(3.555490753189843-0.031401733731271655j)
(3.507521666632128-0.002508632135025611j)
(3.4599057681652425+0.03289706304228079j)
(3.4138063012158546+0.0747117964711385j)
(3.370268205039358+0.12252554927725605j)
(3.3301382663837362+0.175695338510918j)
(3.294019856063087+0.2334311415189164j)
(3.2622583519782054+0.2948820602018377j)
(3.234951320912076+0.359215457002232j)
(3.2119782398116636+0.42568533173415857j)
(3.193046205342583+0.4936874419280169j)
(3.177748792156059+0.5627978796765355j)
(3.165633595944985+0.6327907261161189j)
(3.1562707538733656+0.7036315693102005j)
(3.149312769249472+0.7754477395070969j)
(3.144537111673297+0.8484809183061767j)
(3.141866748829367+0.9230311356404312j)
(3.1413686704387973+0.9994020149365566j)
(3.1432348793217644+1.0778551324058365j)
(3.147752529605664+1.1585775173662507j)
(3.155269460337735+1.241662599667497j)
(3.166159362557359+1.3271027778924067j)
(3.180788731035647+1.4147914378680788j)
(3.1994865448087912+1.5045329586222442j)
(3.222517433463351+1.5960600801064255j)
(3.250059519688193+1.6890583735281228j)
(3.2821885978631564+1.7831973150160387j)
(3.3188703815627445+1.8781669951533773j)
(3.3599625095366115+1.9737193754029456j)
(3.405228659931245+2.0697128987914297j)
(3.4543682310669066+2.166157901778886j)
(3.507064944636129+2.2632573916862064j)
(3.5630552426407243+2.361434777900767j)
(3.622212781054784+2.46133890546668j)
(3.684640147129003+2.5638185009057644j)
(3.750755354554177+2.6698629128122664j)
(3.8213605038749074+2.78051205172738j)
(3.8976831150094924+2.8967429543948198j)
(3.9813847277477397+3.0193416741528405j)
(4.07453350008301+3.1487680251074086j)
(4.179536453000108+3.2850200917218735j)
(4.299024394638988+3.427508667370167j)
(4.4356826899752155+3.5749602697772485j)
(4.592029198840215+3.72537876851097j)
(4.7701603351399235+3.876103060139143j)
(4.971514989608784+4.023991475589771j)
(5.196732921455929+4.165734272707938j)
(5.44569104204348+4.298244699361417j)
(5.717771469611372+4.4190228394084965j)
(6.012347950129686+4.526352666952114j)
(6.329393442224213+4.619205882275652j)
(6.670046657925859+4.696788591119972j)
(7.036955665143818+4.757754157658643j)
(7.434241168500244+4.799183219380341j)
(7.866965227666935+4.815482373348422j)
(8.340027251517743+4.7973896683911565j)
(8.856440146207914+4.731331620074641j)
(9.415009999172774+4.599477580777042j)
(10.00763138062797+4.38095647307128j)
(10.616783248519747+4.054716942060506j)
(11.214312937008685+3.6042028831330897j)
(11.76291197817043+3.0231849488065787j)
(12.221250916828064+2.320887472125416j)
(12.552180518807807+1.5237804392548655j)
(12.731317240275141+0.6721687419064788j)
(12.75235417182384-0.18782334739536855j)
(12.626818321821089-1.0136896166064882j)
(12.37892255175519-1.7736168511603239j)
(12.038361907810781-2.4491629428917823j)
(11.634007259402305-3.033948938811017j)
(11.190050817345833-3.5301768801186797j)
(10.724658913112576-3.9447879221571145j)
(10.250388722253511-4.286359656597232j)
(9.775501495853451-4.563120991050621j)
(9.305502012236785-4.782024801719819j)
(8.844480696561673-4.948630239248162j)
(8.396034380538268-5.067490293665171j)
(7.9636979388668125-5.14274238660267j)
(7.550948633970491-5.178644519204257j)
(7.160938443500576-5.179888444420533j)
(6.796143570544368-5.151636865043322j)
(6.458088539588021-5.099335014858232j)
(6.147228794781619-5.028403752565595j)
(5.862999324337096-4.943923846736709j)
(5.603986311651122-4.85038762013444j)
(5.368161353457232-4.751550869254101j)
(5.153124424529929-4.650383540145016j)
(4.956319088263364-4.549098266132454j)
(4.775201519318733-4.449229424574521j)
(4.607359102977662-4.351737004096065j)
(4.450583738856857-4.257115168574035j)
(4.30291000155852-4.165492406635199j)
(4.1626297033474495-4.076717058420509j)
(4.028292864679322-3.990427657460641j)
(3.8987016511627597-3.9061108915862865j)
(3.7729000597747095-3.8231505548702622j)
(3.6501598086938194-3.740869202824511j)
(3.5299630176074555-3.6585620813331303j)
(3.4119842750237135-3.575522313868515j)
(3.296076618755211-3.491058246245415j)
(3.182265794183341-3.404507430727113j)
(3.0707541308893056-3.315255013509862j)
(2.961930175653453-3.2227654221334836j)
(2.8563742873466103-3.1266342079547753j)
(2.754845340024738-3.0266613595575804j)
(2.6582312863974615-2.9229384758594366j)
(2.567448892888963-2.815930748781416j)
(2.483287962399701-2.7065233689376242j)
(2.4062139395691577-2.5959958856445655j)
(2.336167063279126-2.4858941125349867j)
(2.2724173078625807-2.377792398406285j)
(2.213539024004026-2.272977030754998j)
(2.157547078123815-2.172120758897512j)
(2.102189452668759-2.0750384858078488j)
(2.0453379365387705-1.980599995659295j)
(1.9853844912752028-1.886829828015581j)
(1.9215527353506736-1.791168320694712j)
(1.8540679488792506-1.6908277777624463j)
(1.7841747708325786-1.5831683065464808j)
(1.7140271984806819-1.466035344250328j)
(1.6464892273206808-1.338029529810772j)
(1.584878543817281-1.1987031520163742j)
(1.5326703126409613-1.0486868614805258j)
(1.4931648652206242-0.8897450943143476j)
(1.4691206801893673-0.7247443775357921j)
(1.4623664101595815-0.5575046227753664j)
(1.4734310012870988-0.3925002281034522j)
(1.5012606647512219-0.23439409678902534j)
(1.5431114472291674-0.08742618994565281j)
(1.594701029220333+0.04526832550361655j)
(1.6506635203954316+0.1622857060006681j)
(1.705280323624007+0.26437550780325125j)
(1.7533795948063833+0.35452917454808514j)
(1.7912368133110017+0.43767295250805394j)
(1.817293887966768+0.5199940004068149j)
(1.8325503720910965+0.6080138713104856j)
(1.8405537668976986+0.7075754096604091j)
(1.847000095822238+0.8229151785465787j)
(1.8590247673770255+0.9559597000293433j)
(1.8843018882029265+1.105928383716911j)
(1.9300766756232073+1.2692696349104027j)
(2.0022402234055545+1.4399134728762426j)
(2.104531809804931+1.6097982460699563j)
(2.2379308680604675+1.7696168510347463j)
(2.4002817190203656+1.9097233356075822j)
(2.5861786819058628+2.0211414776670393j)
(2.787129459829434+2.096623763826445j)
(2.9920189369794885+2.1317197244967203j)
(3.187923142798569+2.125812069144421j)
(3.361369580166647+2.083036016410286j)
(3.5001630776024593+2.012875176500802j)
(3.595799230978931+1.9300286236665207j)
(3.646154938748627+1.8529860687739497j)
(3.657589913504816+1.8009056970888997j)
(3.6451659595083803+1.7891281956645981j)
(3.630035455218797+1.8247894790898462j)
(3.634440601518813+1.9045986484809512j)
(3.67634839228308+2.016005335039755j)
(3.766060387890473+2.141060447789936j)
(3.90580250733743+2.260878550882371j)
(4.0915558485013905+2.358793248163478j)
(4.315583059506667+2.4215169456337837j)
(4.568379286628133+2.4387028788931295j)
(4.839434831413864+2.40172575365999j)
(5.116657243430997+2.3024665222359415j)
(5.384466739003112+2.132853655296493j)
(5.620738153101965+1.8862017330278134j)
(5.793546294215546+1.5620218694467278j)
(5.861044303586617+1.1760972859244527j)
(5.7817360210953055+0.7741898942507436j)
(5.541828070565224+0.43686652994631486j)
(5.187480027630017+0.2533593618873739j)
(4.821772604673288+0.26644158070148444j)
(4.549361866082195+0.44127895828441627j)
(4.4220789844792225+0.6957638661838653j)
(4.43548209861906+0.9526105900064926j)
(4.557935908949368+1.1640578265771113j)
(4.755559742030052+1.3083732629475688j)
(5.002252287409607+1.3776598286337856j)
(5.28013571982659+1.3678305300868983j)
(5.5761509455713165+1.2723406244206805j)
(5.876885913417618+1.0783591075437795j)
(6.160869412040602+0.7646806083374964j)
(6.385760729928228+0.3034843722135593j)
(6.468657085640742-0.3252255110585548j)
(6.271156530280347-1.086508209010616j)
(5.64687412285374-1.8019768313818423j)
(4.631481261668492-2.132758599449727j)
(3.5913630166075037-1.8546182193083647j)
(2.928245270346327-1.1478483238049138j)
(2.7190636648460997-0.3690756820276632j)
(2.8176256669693354+0.2738272394466215j)
(3.071503842315449+0.7366584192579495j)
(3.3894931531796217+1.0421734474538378j)
(3.7282688018944037+1.2228958241937098j)
(4.0702060093063235+1.3027490747337271j)
(4.409043292317023+1.2937497666025362j)
(4.741460669143616+1.1961398037644553j)
(5.060417823953811+0.9983808251574502j)
(5.346210065971294+0.6771441277348982j)
(5.550793786979065+0.20153617389431866j)
(5.573730147981248-0.4445444490270713j)
(5.252200012183643-1.1939289105242614j)
(4.4569354348380505-1.7901000987814628j)
(3.351223964193267-1.8537919743160773j)
(2.4147916365841486-1.297940995992668j)
(1.9557878987963184-0.45807497674334297j)
(1.9094579410989394+0.3298040979227364j)
(2.0927371816968896+0.9437334281017477j)
(2.3759461241308486+1.3900954965296086j)
(2.6958232682981444+1.7074635669105511j)
(3.028210067575152+1.9299564708476133j)
(3.368105004813321+2.0797165520782173j)
(3.7195280145247573+2.1669575892513544j)
(4.090590590469004+2.190071709673524j)
(4.489840281520473+2.133345550321311j)
(4.919572823416965+1.9612090950539183j)
(5.3579731886863815+1.6103534806187474j)
(5.715102104441708+0.9942810820175014j)
(5.763965475421997+0.07901762043904471j)
(5.192839471529066-0.894332540837108j)
(4.047743197480724-1.3531549524360713j)
(2.9323643789296696-1.0523988416891905j)
(2.2678524644750024-0.3568438050854631j)
(2.0089688599421143+0.3623078261925412j)
(1.9842410845363518+0.9728683466165924j)
(2.0750286848011554+1.4698836909305875j)
(2.2221156236699664+1.8812309298092715j)
(2.4007895432949264+2.2354067585476822j)
(2.6046898958426707+2.55521850275481j)
(2.8387938426811186+2.858115614137187j)
(3.118205465221079+3.1571696505762414j)
(3.471649457638111+3.4603004221530713j)
(3.9509738530962792+3.7639924657413917j)
(4.649227600907991+4.029210638079012j)
(5.716083360965252+4.097732471513261j)
(7.226145558857965+3.457105598337045j)
(8.286957040789277+1.248599825443937j)
(6.910770497973209-1.2597767573648146j)
(4.613473852890042-1.6128021640978776j)
(3.2614458740669283-0.8659919116963091j)
(2.632692244363664-0.05166422557198834j)
(2.3397550755433776+0.6270268892272239j)
(2.1938693918499843+1.1856953174353178j)
(2.11258907187767+1.6661318259528557j)
(2.0580916478912235+2.1040825586402905j)
(2.011004658072749+2.5287289272109716j)
(1.9594892974311267+2.9671254530139435j)
(1.8940741481230576+3.449804038472049j)
(1.8042800600522093+4.019053997166658j)
(1.674773916339518+4.745164867416137j)
(1.4780510645270004+5.766720405189815j)
(1.155518683507524+7.417025476046947j)
(0.5582894831176048+10.779849925102331j)
(-0.5450752263284104+22.56829862573264j)
(41.69095834359485-48.98279498682487j)
(6.795655809973238-9.875176965888839j)
(4.559035860684491-4.309136078989807j)
(3.762177445220945-2.0324267702730543j)
(3.3200431145694584-0.7246561807704206j)
(3.0048586882072925+0.178842712772078j)
(2.7353009761801284+0.8863606950305509j)
(2.469592484601378+1.4960885408438303j)
(2.1768512474802857+2.0640328230864253j)
(1.8244962579460962+2.6282353088978896j)
(1.3676562027046588+3.218571618476739j)
(0.7334278012140606+3.858714499221889j)
(-0.20956848886680896+4.555453194095033j)
(-1.712893018187965+5.245299424280819j)
(-4.238329458098242+5.571945645931143j)
(-8.186385748499498+4.112617060512993j)
(-10.968793774810791-1.8613885327399684j)
(-6.85920571909316-8.018347388120567j)
(-1.4447598662833498-8.286225374402658j)
(1.329445627472835-6.499922819993865j)
(2.536259908140288-4.806718918642125j)
(3.056316825839462-3.467748817161346j)
(3.2617057473777997-2.3983353338901017j)
(3.3024722449642394-1.4989546584784095j)
(3.2379044217088007-0.6930361436064693j)
(3.08428275018923+0.0794972570592257j)
(2.828881139777142+0.8725031826388373j)
(2.4252939721896745+1.7429695209266725j)
(1.7662242674975188+2.7581522761523365j)
(0.6053844257887775+3.986206920927105j)
(-1.6559748605732867+5.369590602847852j)
(-6.3303631244780965+5.8511269827580135j)
(-12.69278217290202+0.3610429090965278j)
(-9.439905115705713-9.255107471916084j)
(-2.6735001796506057-10.364564427962366j)
(0.5854671409091468-8.618636831639861j)
(1.9950339678716862-7.011378078540003j)
(2.6553658762847974-5.794864514505725j)
(2.983687639912629-4.867078324847818j)
(3.1456517343146095-4.129372319262954j)
(3.213226003671043-3.513745363259203j)
(3.2194376786495122-2.973406295921029j)
(3.178715628043969-2.473303474511582j)
(3.094575878804969-1.9831314548574777j)
(2.961508147194512-1.4712270063191106j)
(2.7623975210224274-0.8970089588779625j)
(2.4585042954693677-0.19783399707448088j)
(1.9578474486427588+0.7402288999994987j)
(1.001405839661324+2.1686973867983874j)
(-1.3549342579523214+4.731377496218889j)
(-11.374946979739569+9.045832341555831j)
(-15.780404391972475-25.31190694513727j)
(3.1532296877358936-14.737833636999195j)
(4.3341830887178245-9.661194367702398j)
(4.3367982488627135-7.461507110530647j)
(4.18919793214027-6.240640996652448j)
(4.0189580554349975-5.454582037394184j)
(3.84585577971441-4.896038782373173j)
(3.6701271053407183-4.468872427444746j)
(3.4875551983575956-4.121507735957199j)
(3.29240693529177-3.8225363374828385j)
(3.077622131322122-3.5501079114615632j)
(2.8340166595966667-3.2864020736484667j)
(2.548605561300427-3.013856195434785j)
(2.201365859497855-2.711318267265914j)
(1.7584940872748396-2.34811956556156j)
(1.1567002778018944-1.8717754241151277j)
(0.2612892806906898-1.1743282442232459j)
(-1.3254563824216852+0.00899666817641068j)
(-4.98019299301373+2.492552803791479j)
(-24.921755487217425+10.523209978937068j)
(18.607303475938895-29.087342109305837j)
(9.833594738197128-11.778832257829269j)
(7.111468396419293-8.511164499126957j)
(5.749133769958495-7.129899728322419j)
(4.872815849445422-6.3515650956527745j)
(4.216888263747971-5.836131082255682j)
(3.6727647824741787-5.453568376546848j)
(3.1867212127469187-5.141843819690741j)
(2.7278884339082223-4.86583532150429j)
(2.275829396284784-4.602102071941704j)
(1.8147798797895942-4.331925202625499j)
(1.3303852066685973-4.037177843628113j)
(0.8072619847993379-3.6967537135069j)
(0.22645805028042895-3.281926299712622j)
(-0.4380402077639682-2.748262987995451j)
(-1.2249975046883304-2.01874314822217j)
(-2.195420789861463-0.9438448544518157j)
(-3.438925618044106+0.8106636555645444j)
(-5.010213105136355+4.1605324715967456j)
(-5.8321246145191745+12.26304115012404j)
(12.285899929836706+28.418066785400438j)
(26.922409931304788-2.0902790501509694j)
(14.352990962476005-8.86736119386754j)
(8.826769316618515-8.670962276102683j)
(5.951808660723414-7.929588293443796j)
(4.13370217526029-7.211118559680403j)
(2.8218967995473516-6.54991126792268j)
(1.7879698298418416-5.920581127549497j)
(0.9239563904053004-5.295117918159557j)
(0.1751816826043861-4.649479348604584j)
(-0.4857092048502941-3.9630557546814034j)
(-1.0698555982786824-3.217489706404033j)
(-1.5771190397122217-2.395807607008247j)
(-1.9980765581560995-1.481927676213091j)
(-2.3142116255238485-0.46052084318445907j)
(-2.4963832902554617+0.6830180654296927j)
(-2.501603854581761+1.9627152573881939j)
(-2.266954333907751+3.3909162246149736j)
(-1.6968428638151327+4.974151704865918j)
(-0.6383402237191342+6.700092132950993j)
(1.1638238773939182+8.494733232307896j)
(4.130830686785342+10.084878705672692j)
(8.808169634231465+10.592172578577172j)
(14.942759174518878+7.7785793255771365j)
(18.406038169541613-0.47881544217857475j)
(14.051429059735051-8.779140625321036j)
(6.880716685421788-10.778241461990675j)
(2.0528683579915374-9.039939449886598j)
(-0.4406709016525128-6.558797410952537j)
(-1.579604063174626-4.302392427277708j)
(-1.9946488089008463-2.430857663715783j)
(-2.0168068862796877-0.9055493706449571j)
(-1.8182696522346238+0.34148192262286337j)
(-1.4900302212459295+1.3706372340014j)
(-1.0828339118708903+2.2315255485580243j)
(-0.6263246955444494+2.9621681478683204j)
(-0.13668615218996596+3.592179716104692j)
(0.3785305750040305+4.145824429554725j)
(0.9180183002022642+4.644059804359682j)
(1.4860028502763312+5.106312701362193j)
(2.092907462930294+5.55237910028611j)
(2.757774467504995+6.004941420378608j)
(3.513846618234903+6.493641676707381j)
(4.421157376337325+7.062841176529861j)
(5.597437040943367+7.788660199942739j)
(7.306601757153228+8.82240984287373j)
(10.282636423920563+10.523294242804354j)
(17.560063102420813+13.942526154716713j)
(63.250047559194265+12.838594712629083j)
(-16.647282618489353-25.65457269249047j)
(-7.5016342838789845-6.206641667811755j)
(-3.8615017230949515-1.80784465165764j)
(-1.9587249521786936+0.09955405547775331j)
(-0.7632597276460804+1.1674618287378948j)
(0.08511919190908225+1.8477921436395244j)
(0.737305438907808+2.3290404514894587j)
