(16.878725377818387+0j)
(16.10602985705636-2.115224958870581j)
(14.376211122643749-3.180271371526594j)
(12.5894000004127-2.997728196663959j)
(11.41037869692912-1.8343277818503507j)
(11.252467354540832-0.13896510969504006j)
(12.371180234048579+1.5203440894713443j)
(14.815563371868912+2.326278098967838j)
(17.981880464656093+1.1916155965521766j)
(20.07179185048128-2.370229457829287j)
(19.256458047673867-6.757314432951861j)
(16.09107953091991-9.477391350501364j)
(12.591060479462035-9.874610442919806j)
(9.974465689305218-8.742852249669243j)
(8.527153146563142-6.935259183221935j)
(8.211059671704032-5.015596014092998j)
(8.946514235713982-3.4298673390159657j)
(10.553917938130185-2.71196834563496j)
(12.426311373470881-3.4606709252222325j)
(13.31621497963715-5.7120584846689875j)
(12.258177719096468-8.216116397828223j)
(9.8404657936047-9.460215758557963j)
(7.375739147125415-9.174679397770564j)
(5.598547482273149-7.927618807686983j)
(4.660065934905981-6.283990558506057j)
(4.514614219020718-4.613537904662086j)
(5.0941354230577645-3.2057331187335407j)
(6.2722313685240865-2.400023203083396j)
(7.667505687720938-2.5796340277969847j)
(8.493515992912217-3.814751210060348j)
(8.043823490275788-5.378072372120633j)
(6.546913848295701-6.217754427721137j)
(4.86416995496802-5.985364691582823j)
(3.5952102788126874-4.988931604885042j)
(2.922550907762875-3.6296345700978465j)
(2.847705714824592-2.1937983658267224j)
(3.338200696537906-0.9015147380254906j)
(4.329015848939025+0.0006808392996940968j)
(5.603409233192111+0.21335751464584435j)
(6.646246355759047-0.43028556559866993j)
(6.830700155672424-1.5790909393247146j)
(6.056785491338484-2.4302741165032242j)
(4.878185382673246-2.4753516240899596j)
(3.8770834496775453-1.787914802099187j)
(3.329019985824977-0.6686967667791177j)
(3.306639185941371+0.6151130376677854j)
(3.8182184190104986+1.8474794713176736j)
(4.8369575144838315+2.7952071872618123j)
(6.217575735935304+3.167819717646118j)
(7.552966163604709+2.7337273478102895j)
(8.235343683665004+1.6551036770065304j)
(7.969807490778983+0.6060311616240825j)
(7.115475662509491+0.2159714699995354j)
(6.268553834610284+0.5949371998254841j)
(5.8175708778581745+1.5086144244056974j)
(5.924617974911552+2.6652279162666757j)
(6.6422033708255235+3.7893469860358255j)
(7.944343883791795+4.575942087710971j)
(9.633207858961596+4.673034208370839j)
(11.20820824357765+3.8491540750141127j)
(12.00845061195556+2.348608965308691j)
(11.777001279377712+0.9206789178562429j)
(10.930106044493064+0.20675392525548467j)
(10.105595817332436+0.30518103706065364j)
(9.73329734204091+0.9482594852702502j)
(9.996546395730315+1.7710879535819282j)
(10.906142492057766+2.3939727025081097j)
(12.284003664353063+2.4337132504745123j)
(13.687947184717975+1.6239665889474084j)
(14.507643800320833+0.08230845708291493j)
(14.383297956423489-1.6079524040297544j)
(13.516351698262785-2.809506041119241j)
(12.429958456656522-3.2741879477617517j)
(11.569616773973614-3.1329793356176023j)
(11.166817723551869-2.67482693942156j)
(11.273054681827913-2.2151037501045217j)
(11.783410251137767-2.0497768305132005j)
(12.42653799335428-2.3838590500236845j)
(12.828210844616068-3.1997618230867717j)
(12.722572099218699-4.209459231909032j)
(12.133881087074418-5.03840302058696j)
(11.307848270863454-5.469987114178328j)
(10.511630121018047-5.500452275289094j)
(9.922760601163297-5.248980552531559j)
(9.622824194280623-4.874880415329508j)
(9.614305809085227-4.544067761573693j)
(9.818017599316466-4.408739775367401j)
(10.069300166183737-4.558788776206373j)
(10.169379589919782-4.955105810802524j)
(10.000154693444633-5.429460674746818j)
(9.594651054268974-5.793143631305645j)
(9.08477675757246-5.947332571613665j)
(8.605077984317726-5.897347984167929j)
(8.244007199271211-5.707410907603627j)
(8.041445706701174-5.461728429181987j)
(7.996115955343122-5.247729255139673j)
(8.064453327804147-5.145216518143918j)
(8.158524186048737-5.202494637139704j)
(8.169234880755035-5.40161485984668j)
(8.024920002934513-5.651627149216559j)
(7.737592162157218-5.841069093393372j)
(7.383737113777016-5.905101120007707j)
(7.047306359291345-5.845008627662769j)
(6.783206867212507-5.701713436549626j)
(6.612683163736203-5.528472515011378j)
(6.529878568520654-5.376277225579868j)
(6.5062331892482375-5.286521987374475j)
(6.493446740057805-5.281182146670356j)
(6.434894948559164-5.349253375084259j)
(6.291641299816407-5.44299404481567j)
(6.067444441838661-5.500100757208701j)
(5.805336401191217-5.480178592748761j)
(5.557602749339109-5.382036675575257j)
(5.359485765966751-5.232662729060357j)
(5.2223189281392814-5.067624387177929j)
(5.1384101188620654-4.918282242009741j)
(5.0874191939196685-4.8061201730605605j)
(5.041562424170594-4.739313579103436j)
(4.97223427399863-4.709494069729163j)
(4.860378635570569-4.691888353494406j)
(4.706921694677761-4.654162056252947j)
(4.533764167648928-4.572605145825283j)
(4.371468984155665-4.444054513218729j)
(4.243202157892693-4.284246604033166j)
(4.15666131816371-4.116786560169599j)
(4.105439653755139-3.9626323247590816j)
(4.074463808795111-3.834507310948387j)
(4.045512562834967-3.7351156832833206j)
(4.002137126507185-3.657281563408083j)
(3.934492453651115-3.5858150300979106j)
(3.843420982873074-3.5021447208144485j)
(3.741210020611346-3.391684831000113j)
(3.6467389549473466-3.250756975151886j)
(3.5766441428552946-3.0883207403322417j)
(3.5379218791411433-2.9210311309728416j)
(3.526181791521508-2.7652347606244043j)
(3.5291149468008283-2.6307385590000156j)
(3.532018322756444-2.5184310763441915j)
(3.5228041762890436-2.4211502242412686j)
(3.4955051041925307-2.3264914777210417j)
(3.4520812782353474-2.2207333557473583j)
(3.402178055623265-2.0933871581577903j)
(3.360262188109612-1.9413790725481745j)
(3.340276860881347-1.771036765084059j)
(3.3496414726085697-1.5961448544348478j)
(3.3857213500693915-1.4321946786093993j)
(3.4370341528270463-1.2895708163880235j)
(3.4885678660884034-1.1693427883144856j)
(3.5281401852754395-1.0635043725203852j)
(3.5507913474335293-0.9587091447568241j)
(3.5601003474133477-0.8412479127557471j)
(3.566882398702226-0.7015497468510866j)
(3.586046113220297-0.5374247773910825j)
(3.6321198915578936-0.3555737509196526j)
(3.714025266582067-0.17060189635275053j)
(3.8305828963514297-0.0006928701388888379j)
(3.969406065590544+0.13962276374047594j)
(4.111316120775726+0.2465117147725848j)
(4.23900590331388+0.3291680705256826j)
(4.3450514994174725+0.4054919521035294j)
(4.434798016090032+0.4938983084314925j)
(4.523670772319803+0.605919765606558j)
(4.631505389230237+0.7422006477208009j)
(4.776325422606377+0.8918069082281485j)
(4.968420407855233+1.0341359020078675j)
(5.205108618192649+1.143716715585995j)
(5.468070565790614+1.198683479001976j)
(5.727013378612405+1.1914357504056725j)
(5.951690121352497+1.1354068677595777j)
(6.127124896308708+1.0607766848139664j)
(6.261368486489469+0.9996307124486048j)
(6.380290131697763+0.9705113799987095j)
(6.514563645084066+0.9715616723620036j)
(6.687298165804085+0.9828974768024407j)
(6.906075758692867+0.9738926128526265j)
(7.159034431312234+0.9125677513725208j)
(7.415160559225898+0.7769016821557372j)
(7.631647095942345+0.5668473160142546j)
(7.770509457613716+0.3108385000795264j)
(7.818771049146347+0.05794077192216774j)
(7.797883579409726-0.1447113599080701j)
(7.753093869372456-0.27488877885589874j)
(7.730678334669744-0.3428135432680479j)
(7.759027984317237-0.38205649833288857j)
(7.841244262706688-0.43378869604559506j)
(7.956945233214324-0.532526245194987j)
(8.069298295210126-0.6953710119800603j)
(8.136268641490574-0.9148745117298195j)
(8.126027784833898-1.158135905277212j)
(8.032535725947628-1.3765134946334665j)
(7.882050281758163-1.5257748836847869j)
(7.723310931329699-1.58692969541371j)
(7.6056786878584335-1.5744159691746218j)
(7.558858886562007-1.5274890335927067j)
(7.58435693679763-1.4926376135338657j)
(7.658685902645047-1.507197637867998j)
(7.743109244074426-1.5888726224589789j)
(7.795916681222451-1.731324136770974j)
(7.785512813867743-1.9056560077121045j)
(7.702155778608169-2.068828326001067j)
(7.563719844544842-2.1788668190791896j)
(7.410538288795759-2.212108859288734j)
(7.289466731436243-2.1737604698040056j)
(7.234773559147779-2.0954532604871763j)
(7.255724896562557-2.0216606720345704j)
(7.335384177085789-1.9929225626813927j)
(7.438371926031729-2.0329864339591026j)
(7.522906743452718-2.1425869234453985j)
(7.553649849794471-2.2997857657658987j)
(7.512998558493345-2.4665168956028034j)
(7.407874275118821-2.600785014419848j)
(7.268436348785936-2.671758574524692j)
(7.137356201169941-2.671867979693526j)
(7.053424448491341-2.619706586526513j)
(7.037193105813387-2.5521424004329836j)
(7.084851167951379-2.510147190475912j)
(7.171219222859449-2.5250010259165605j)
(7.258798944969147-2.609180326115184j)
(7.309367459208416-2.7531222907072523j)
(7.295661989907237-2.927865927144081j)
(7.210729916141297-3.093582175388991j)
(7.071488301252324-3.212876499996249j)
(6.913436145105017-3.264701402262886j)
(6.777329221079756-3.252394456532729j)
(6.693821136207816-3.201523392352354j)
(6.673372846421962-3.1492184581381983j)
(6.704688102272989-3.130959857715831j)
(6.7599794363572885-3.170056298501426j)
(6.803678220256852-3.2717177478056354j)
(6.80237877453019-3.4215857434890284j)
(6.734893638340186-3.588875264330789j)
(6.600379381320298-3.734963874530371j)
(6.420564368670598-3.826671557033025j)
(6.232695438489475-3.8493906931564594j)
(6.074990291380326-3.812841524490931j)
(5.972107434229757-3.7459678343164784j)
(5.927917079097366-3.6847138976629945j)
(5.926969568191162-3.659744352487095j)
(5.9411492822855205-3.6884575141550817j)
(5.937798234592524-3.7714991002969427j)
(5.887954255241227-3.892537077322611j)
(5.774693960373465-4.021309545443315j)
(5.600290047194427-4.121358182264947j)
(5.388225560789673-4.16252128961535j)
(5.1760256820666175-4.133655642667933j)
(5.000334912032631-4.04778138179549j)
(4.882447177161602-3.9357248358485757j)
(4.82230735173411-3.8327756863704727j)
(4.801842918754906-3.766537057768915j)
(4.792864011213933-3.7503630859572805j)
(4.76514961399882-3.7816894657349094j)
(4.693542453076727-3.8430966754122453j)
(4.564662797857047-3.905586336565743j)
(4.382791253264233-3.935421722632864j)
(4.171699953865833-3.905252181468364j)
(3.9682321292174003-3.806096553970944j)
(3.80791508723532-3.652675810594125j)
(3.7102567690060266-3.477140801596125j)
(3.672670038858151-3.3150229709771173j)
(3.6747220294594425-3.1923991275865387j)
(3.6874064033536342-3.1196917174051686j)
(3.681977549207726-3.0913725369562335j)
(3.636631963061508-3.088629383594924j)
(3.5417576652449103-3.0836207378798735j)
(3.40395955771341-3.0460006594927678j)
(3.2468099126945518-2.9524075351275316j)
(3.104999587473963-2.796646470409846j)
(3.0114704828036194-2.5945562412316066j)
(2.9834717866525082-2.3784739196790663j)
(3.016207817719157-2.183536914179254j)
(3.0871442182207955-2.0343385416164943j)
(3.1662937561360693-1.938530766992963j)
(3.2261177375498993-1.8875037972573212j)
(3.2482262369546486-1.8608155616048025j)
(3.227216163250393-1.8319469922505198j)
(3.172310880836697-1.774959985684587j)
(3.1060836013643676-1.6721489542812173j)
(3.0586271068641926-1.5212103128321053j)
(3.057099058697491-1.3381752707567218j)
(3.114551237116736-1.1525818358512792j)
(3.2244216162734123-0.9959116892943716j)
(3.364040417713361-0.8894948501143555j)
(3.504332895687722-0.8381399221546967j)
(3.6199361692984087-0.8309682946719384j)
(3.6959085939302203-0.846826911852107j)
(3.7304246434228063-0.8611510252042376j)
(3.734267708820626-0.85259456587868j)
(3.7276742491543158-0.8087503280323206j)
(3.7346340953328134-0.7300984756550096j)
(3.7752727643364183-0.630633277089202j)
(3.8584764932216995-0.5338003877394356j)
(3.9780767011284293-0.4642954197403491j)
(4.11492621998046-0.43893760004443727j)
(4.24412555142527-0.4608347588927124j)
(4.3438794612346205-0.51920660368106j)
(4.402175055675192-0.5941148603250608j)
(4.419336831344989-0.663425826546945j)
(4.406608807445538-0.709357560308226j)
(4.382007318851163-0.7229965677429332j)
(4.364848077904914-0.7061378897678555j)
(4.370182712898154-0.6703298859623938j)
(4.404325443773322-0.633300013089858j)
(4.462707458135085-0.6133862181618979j)
(4.531089617151726-0.6233556201998595j)
(4.590268114362424-0.6657290363876736j)
(4.62286571580965-0.7316932792624758j)
(4.6194844998583475-0.8043360475647856j)
(4.58158064738782-0.8648165166272866j)
(4.52012207861524-0.8986724473482822j)
(4.451188003492396-0.8997895652967225j)
(4.390690192180732-0.871135807995983j)
(4.350016046536038-0.8228359011730947j)
(4.333430027629801-0.76871020358094j)
(4.33740253947162-0.7222308819215154j)
(4.351874347039865-0.6926163852473123j)
(4.363413432128542-0.681896083862011j)
(4.359755901604178-0.6840352217610263j)
(4.334307158735398-0.6869380127431503j)
(4.288608109848062-0.6769141231492499j)
(4.231506741111668-0.6436810760565987j)
(4.175593800617274-0.5835966192926839j)
(4.132848659884086-0.5000285554196696j)
(4.111331811306276-0.40141472665652383j)
(4.113665178757263-0.2983222678485644j)
(4.137111783815206-0.2005577345799009j)
(4.174807400417978-0.11482821797491054j)
(4.217837193217856-0.043194967907015616j)
(4.257893965496268+0.017357783814878326j)
(4.289952579859646+0.07386721430058958j)
(4.313994887761663+0.1348851461566259j)
(4.334922229895758+0.2073599365228692j)
(4.3606378172675555+0.2942466261272136j)
(4.3992568239389005+0.3937949324998887j)
(4.456682354588366+0.5004959520379875j)
(4.535283547924787+0.606952011408335j)
(4.633729235568103+0.7058714670576473j)
(4.747678959787836+0.7917172070824474j)
(4.871035520258368+0.8618233347361187j)
(4.997555972017909+0.9168585166741073j)
(5.122565045786402+0.9604679466699315j)
(5.2443171461078455+0.9980277381921292j)
(5.364486887248864+1.0347941652248505j)
(5.487542884575705+1.0740735724655224j)
(5.619235180366584+1.1160733534498766j)
(5.76478231731606+1.1577767507426495j)
(5.927364533930499+1.1937439928822322j)
(6.107282379218877+1.2174679740855499j)
(6.301868306254625+1.222884797129107j)
(6.506092741790978+1.2057235626488167j)
(6.713746329732534+1.164430072957357j)
(6.918984937690018+1.1004055319283124j)
(7.1178522603443986+1.0173845130268755j)
(7.309276931700664+0.9200309264837863j)
(7.495143538747215+0.8121554661421165j)
(7.679354599465027+0.6951470133622281j)
(7.86616936115666+0.5671446130661172j)
(8.058330635967248+0.42320526551933474j)
(8.255503014527632+0.2564214364572512j)
(8.4534386579364+0.059733709797584356j)
(8.644163030306746-0.17196063307977869j)
(8.817305232371032-0.43995684490178727j)
(8.962377937086895-0.7408174547205867j)
(9.071348542347547-1.0669101300406727j)
(9.140503205421632-1.4084223456076452j)
(9.170753204882784-1.756138969929633j)
(9.166215374843345-2.1038303310531403j)
(9.131695022980159-2.4492818558006295j)
(9.070111624401946-2.793637941890162j)
(8.98081002249862-3.1393834850906046j)
(8.85933454610565-3.487671851902738j)
(8.698843074378159-3.8358775260631255j)
(8.492888985348811-4.1763155459564745j)
(8.23871013762554-4.496908198703512j)
(7.939635210084734-4.783923746537607j)
(7.605299260622129-5.025827856324642j)
(7.249374031297443-5.216487191099955j)
(6.885900994856098-5.356242642801577j)
(6.525977386313403-5.450616519953184j)
(6.1760502205817005-5.507616314869562j)
(5.838036178616651-5.534944167677977j)
(5.510737681665344-5.5380226787799876j)
(5.191824750908741-5.519181601120177j)
(4.879755224406502-5.477977681156358j)
(4.575138013060784-5.412423166438447j)
(4.281160434300191-5.320718973911994j)
(4.002927025814057-5.202893975298771j)
(3.745956013768989-5.061707309236538j)
(3.5144728571074233-4.902451439813689j)
(3.3102231302074867-4.7318142255056665j)
(3.1322034613271867-4.55637255991397j)
(2.977228990058377-4.3813291062393365j)
(2.8409536712659644-4.209830639339949j)
(2.718945468575898-4.042889380745794j)
(2.607566317754057-3.879756902952439j)
(2.5045488010731924-3.7185785683680486j)
(2.4092252970621955-3.5571891676193435j)
(2.3223804329047177-3.393914620176724j)
(2.2457350069564925-3.2282090060860735j)
(2.1811694841254825-3.060939927222978j)
(2.1299175476533505-2.894211041420815j)
(2.09200480519763-2.730780368766445j)
(2.0661117141665195-2.5732990821770714j)
(2.049855041491791-2.423644228969961j)
(2.040331235996396-2.282531479530953j)
(2.0347243240296757-2.149453750973132j)
(2.0308293126122576-2.0228910530814534j)
(2.0274105070461754-1.900704797904949j)
(2.024354929688822-1.7806356080603065j)
(2.0225947370934714-1.6608240700404202j)
(2.023792069786303-1.5402533463080752j)
(2.029832344935869-1.4189953907523065j)
(2.042246476400698-1.2981691061754743j)
(2.0617313763909486-1.179602886944713j)
(2.087917561163029-1.0653002285410622j)
(2.1194451872305575-0.9568751952330029j)
(2.154304474218168-0.8551199103715252j)
(2.1903260991772564-0.7598046287084003j)
(2.2256895004408546-0.669735323863775j)
(2.2593353945763157-0.5830355624487252j)
(2.291199133194705-0.4975832304020627j)
(2.322214574169304-0.41150766382920395j)
(2.354080724145991-0.3236347260318269j)
(2.3888394687142473-0.23376892599992874j)
(2.4283667380315355-0.14273686094624993j)
(2.4739061677610947-0.05217942264190519j)
(2.52576127731662+0.03585287326257084j)
(2.583218025915699+0.11940030130016738j)
(2.6447135429369566+0.1970714443424431j)
(2.708213447720899+0.26838647462994647j)
(2.771714318695924+0.3339007630324885j)
(2.8337526521766354+0.39506772885805935j)
(2.8937877922603623+0.45386286911376045j)
(2.9523492419661963+0.5122609636434434j)
(3.0109031997749116+0.5717085745902929j)
(3.071479165649105+0.6327361801057094j)
(3.1361660871719277+0.6948040394499188j)
(3.2066092223352918+0.7564009413323375j)
(3.2836165330645226+0.8153530075900521j)
(3.366943489690421+0.8692684629784436j)
(3.455291023904432+0.9160352740028225j)
(3.546526359291164+0.9542834065007822j)
(3.6381067411724395+0.9837143218430449j)
(3.727638060997894+1.0051999980256638j)
(3.813440790832025+1.0205873812003259j)
(3.8949580744331773+1.0322243862215632j)
(3.9728651541132556+1.042326554866161j)
(4.048833633168731+1.0523736738114202j)
(4.125025451296931+1.0627167773187527j)
(4.203474364619513+1.0724930555265626j)
(4.285522008704219+1.0798417302848053j)
(4.3714285066776775+1.0823413190476905j)
(4.460217483831567+1.077564029867311j)
(4.549772874277915+1.063646938836948j)
(4.637180687426506+1.039784115078334j)
(4.719282051160181+1.0065376615195265j)
(4.7933540677350885+0.965864091004522j)
(4.8577663706296255+0.9207883509491331j)
(4.912413212765975+0.8747529158176662j)
(4.958748729875068+0.8308006383691435j)
(4.999377820831689+0.7908450342486463j)
(5.037325382011796+0.7552676709673135j)
(5.075224622708426+0.7229549284268322j)
(5.114666527689242+0.6917219501501032j)
(5.155857493032217+0.6589623943624129j)
(5.197615957035124+0.6223441424772426j)
(5.237662686352324+0.5804123020155849j)
(5.27313278818202+0.5330084284687789j)
(5.301230550304847+0.48143915719087j)
(5.319926620246732+0.4283376773957518j)
(5.328553489911559+0.3771927621171635j)
(5.328122272976926+0.3316011522223444j)
(5.321216118266519+0.2944158815062885j)
(5.311440579821998+0.26704811826613806j)
(5.302583005367897+0.24915680418692548j)
(5.297749855295656+0.23881821742054918j)
(5.298739262612228+0.23308671769346437j)
(5.305786447672659+0.22874361551296957j)
(5.317679964688851+0.22302582366397522j)
(5.33216096550589+0.214191713431415j)
(5.346497279575452+0.2018534220657351j)
(5.358134831009288+0.18704591798473302j)
(5.3653325632601145+0.17201878409304291j)
(5.367670741731279+0.15975661791528584j)
(5.366305619033924+0.15328409659894615j)
(5.363863534901319+0.15488941774101841j)
(5.36394945613963+0.16546594780521715j)
(5.370370898645995+0.1841731892177698j)
(5.386287376285854+0.2085307099074066j)
(5.413524971117539+0.23491625715151765j)
(5.452229706314885+0.2593136009469955j)
(5.500914314978602+0.27810285792207173j)
(5.5568430175977666+0.2887110758453497j)
(5.61663602868733+0.29000858637066135j)
(5.676960847855249+0.282406659542871j)
(5.735189812312933+0.2676620004536985j)
(5.789919505646542+0.24842450844543248j)
(5.841258282102373+0.22759248830552845j)
(5.8908038766636315+0.20757780818613197j)
(5.941274117383505+0.18962824118523045j)
(5.995831627689014+0.17338024679130593j)
(6.057243098950841+0.15678912075870144j)
(6.127090742548588+0.13648955856057413j)
(6.205257999165033+0.1085051410526859j)
(6.2898280787660745+0.0691122393341025j)
(6.3774004692848365+0.015628268148958468j)
(6.463713438955794-0.05305511662941082j)
(6.54440710845804-0.1362769676622469j)
(6.615772440990963-0.2317468479116584j)
(6.675369816077762-0.3359698738475262j)
(6.722429319637709-0.4448904230277088j)
(6.75795630744191-0.5546691746541318j)
(6.7844835144657685-0.6624693270441667j)
(6.805465357395971-0.7670826052655819j)
(6.824407948199722-0.8692150806326621j)
(6.843934061112635-0.9713151182704299j)
(6.865033158313616-1.0769567174493757j)
(6.886701205197553-1.1899335200430299j)
(6.906052271758493-1.313299823827381j)
(6.918849515339898-1.4485844979970142j)
(6.92031605384022-1.595329865619024j)
(6.9060591837034515-1.7510236746010868j)
(6.872946431765829-1.9114309119965271j)
(6.819777286155864-2.0712864924443464j)
(6.747598655397574-2.2252522738133385j)
(6.65954564618104-2.368962881879607j)
(6.560182054562935-2.4999148197193093j)
(6.454458210794743-2.617946690098959j)
(6.346540103681615-2.725149263391996j)
(6.238821085565253-2.8252093290319396j)
(6.131373775966252-2.922358006614755j)
(6.021966753747131-3.020191810083802j)
(5.906624107104204-3.1206417525968675j)
(5.7805947530052775-3.2233098299209564j)
(5.639530962864034-3.325312331758715j)
(5.4806366316041455-3.421682366323367j)
(5.303529275171791-3.506282411271535j)
(5.110584778370665-3.5730555722376622j)
(4.906630799470162-3.6173258070744003j)
(4.6980265456736685-3.636800462307961j)
(4.491361361142584-3.6319873099953175j)
(4.292133822582751-3.6059123106952926j)
(4.10377112677285-3.56324361656946j)
(3.9272205458666454-3.5090950610064175j)
(3.7611593607889153-3.4478382701046364j)
(3.6027072666684923-3.3822018931898112j)
(3.44842995342518-3.3128280726750883j)
(3.2953938090960344-3.238339508827553j)
(3.142047514361485-3.155869558156219j)
(2.988749980983935-3.0619250613973943j)
(2.8378335234454437-2.9533861978170046j)
(2.6931891382402062-2.8284106038649046j)
(2.559477310007778-2.6870220921064085j)
(2.4411704840942265-2.531242428618132j)
(2.3416787095283236-2.3647540678899244j)
(2.26277206876832-2.1922162231271436j)
(2.2044069527869854-2.0184411270307425j)
(2.164936977738753-1.8476426659621175j)
(2.1415953588849246-1.6829082688894907j)
(2.1310993329805643-1.525956829493379j)
(2.130241491821073-1.3771694447740463j)
(2.13637243562714-1.2358348133622474j)
(2.147720051117993-1.1005349487061271j)
(2.163521557814154-0.9695961590151244j)
(2.183966885687785-0.8415330189552007j)
(2.2099735948009513-0.7154161166018916j)
(2.2428388080482224-0.5911032418620126j)
(2.2838380230198205-0.4692957787078841j)
(2.333852945716987-0.35141785478605736j)
(2.393101421274825-0.23935522493991607j)
(2.4610134927378207-0.13511883326430912j)
(2.5362607254325225-0.04050508928286996j)
(2.616915187103666+0.04318675585331283j)
(2.700696738444768+0.11534056550193625j)
(2.785261292313962+0.17609436217733662j)
(2.8684840985075226+0.22629634865254672j)
(2.948697822759768+0.267360523744024j)
(3.0248541275513094+0.3010481980869043j)
(3.096589194016385+0.32920991334740046j)
(3.1641871568253324+0.3535261131674865j)
(3.2284491649857006+0.3752840744719665j)
(3.2904883382454595+0.3952235691366169j)
(3.351481573352537+0.41347508905108465j)
(3.4124173641126934+0.42960216081514374j)
(3.4738827638619965+0.44274298297514647j)
(3.5359291773009116+0.4518276166180934j)
(3.5980432807499283+0.45582969433706205j)
(3.659227307717167+0.45400267179397896j)
(3.7181685623670777+0.44605482488417875j)
(3.7734599936414703+0.4322335828535398j)
(3.823827681629641+0.41331166099908984j)
(3.8683265882388307+0.39048653343724876j)
(3.906477433046636+0.3652162850832622j)
(3.9383291916580414+0.33901934393722477j)
(3.964440941108118+0.31326668283293424j)
(3.9857849115606503+0.2889957422234929j)
(4.003582351842639+0.26677526453885514j)
(4.019095890450785+0.24664627676184622j)
(4.033413405839974+0.22815355550003746j)
(4.047263579467789+0.21046453031425608j)
(4.060898347858192+0.1925536669003335j)
(4.074063131681298+0.17341664670218157j)
(4.086057138337175+0.15227440330937297j)
(4.0958692765483935+0.12873191270024925j)
(4.10236373348886+0.1028669400804016j)
(4.104483097188569+0.07523616909983734j)
(4.101434820714358+0.04679892401616389j)
(4.092828835762465+0.018772074526256583j)
(4.078741686188687-0.007557416629173184j)
(4.059696198391827-0.031026798059470454j)
(4.036562980789791-0.050761685871972564j)
(4.010406023989145-0.06628047859165266j)
(3.982304511490726-0.07752347675801455j)
(3.9531844710919164-0.08480707070219405j)
(3.9236883947595933-0.08871658668464294j)
(3.8941017243940275-0.089959730931036j)
(3.8643450396238066-0.08920641380988867j)
(3.8340310330478276-0.08694139719429793j)
(3.8025758102479363-0.08335422494068094j)
(3.769344900506093-0.07828562341114717j)
(3.7338071397323014-0.07124023326867082j)
(3.6956668668408934-0.06146268948810765j)
(3.654948998162177-0.04806035409351152j)
(3.6120227041197692-0.030145867593913824j)
(3.5675643389410356-0.006970082913981945j)
(3.5224736712902995+0.021978442979034236j)
(3.4777651668604683+0.056920264106901465j)
(3.4344568061406213+0.09777906769346335j)
(3.3934740857041574+0.14421456484980674j)
(3.3555793598604953+0.19568129001638032j)
(3.321329505692165+0.2515001776109818j)
(3.2910599718401072+0.31093246361108673j)
(3.264891106993763+0.3732489685432822j)
(3.2427525967015507+0.4377905549423071j)
(3.224422585322657+0.5040167618172879j)
(3.209578246316542+0.5715395189703869j)
(3.1978533459823684+0.6401386402488455j)
(3.1888962709846655+0.7097570429643548j)
(3.182420819238797+0.7804766968636825j)
(3.1782429944582584+0.8524798799276024j)
(3.176299876372833+0.9260028849329004j)
(3.1766503879882944+1.0012899928919594j)
(3.179461157189674+1.0785541187479342j)
(3.1849824947782137+1.1579477654138006j)
(3.193519459518098+1.239545123172933j)
(3.205401708096467+1.3233343733752936j)
(3.2209543532411273+1.4092187330605996j)
(3.240471096777149+1.4970250754770407j)
(3.2641906431749623+1.5865194485266072j)
(3.2922776009919326+1.6774290366717601j)
(3.324809357917316+1.769469950617453j)
(3.3617705104032205+1.862379895957279j)
(3.403056497608119+1.9559545350560557j)
(3.4484884958119957+2.0500859703868493j)
(3.497842108395118+2.1448005735763944j)
(3.5508919324959898+2.24029130251939j)
(3.6074719698162925+2.3369376402749364j)
(3.6675483068571877+2.4353056303717078j)
(3.731296624927513+2.5361220374327167j)
(3.799174474087696+2.6402203441456233j)
(3.871978037856341+2.74846084053664j)
(3.950875198427849+2.8616306296496528j)
(4.037409546281317+2.980330845798141j)
(4.13347168040297+3.104858317838031j)
(4.241233995035679+3.2350893134563887j)
(4.363044458615743+3.3703759934798954j)
(4.501276738538848+3.5094723998617035j)
(4.658141941079789+3.6505140418713933j)
(4.83548298792874+3.791078137398074j)
(5.034593556102931+3.928343252560842j)
(5.256120846939805+4.059342463699187j)
(5.500112386334893+4.181265492649466j)
(5.766241164287135+4.2917251394730265j)
(6.054191288515866+4.388881475086744j)
(6.364123705364437+4.471329938865288j)
(6.697092907594462+4.537707799000486j)
(7.05526919454561+4.586040808615554j)
(7.441837319063047+4.612915463725171j)
(7.860476082658638+4.612609958714661j)
(8.314360028795463+4.5763560758281026j)
(8.804668269464482+4.491953839425296j)
(9.328668634285592+4.344029392215638j)
(9.877616468490988+4.115283001299661j)
(10.43499165016689+3.7890237140919263j)
(10.975921501004272+3.3529863827333104j)
(11.468758508975524+2.8037894511081807j)
(11.87934501980055+2.1505943125599907j)
(12.17735269296319+1.416131800232711j)
(12.342712767299064+0.6339169059061458j)
(12.369599958046086-0.15782631738932137j)
(12.266402851276153-0.9233037824148812j)
(12.052065641882768-1.6347087667200315j)
(11.750715030787937-2.274658884672467j)
(11.386687473406125-2.8356216915731935j)
(10.98122074463151-3.317504747324394j)
(10.551028442604048-3.724733833891692j)
(10.108322901648023-4.063726061764487j)
(9.66166420509845-4.34115305606462j)
(9.217097649048398-4.563027296358136j)
(8.77920952737121-4.734456763937625j)
(8.351890998958808-4.859838984382799j)
(7.938734085657102-4.943254317739525j)
(7.543093696029494-4.988850406380942j)
(7.167926688944051-5.001077888408735j)
(6.815549316349003-4.984725345221014j)
(6.487435398563416-4.9447810668610535j)
(6.184126190118078-4.886196219304377j)
(5.905266151015326-4.8136316164833985j)
(5.649738172112322-4.731249596364595j)
(5.415854494502776-4.642581555082272j)
(5.201561077748438-4.550474703656289j)
(5.00462452499719-4.4571046947636415j)
(4.8227842573942-4.364033692952874j)
(4.653864233219812-4.272293279880644j)
(4.495846680497542-4.182475243924211j)
(4.346915012425666-4.094818599448302j)
(4.205474744378176-4.009286657620238j)
(4.070160433418082-3.925632548593841j)
(3.939834305720724-3.8434544500294554j)
(3.8135795587804027-3.7622425653091334j)
(3.6906896000731217-3.6814190742833683j)
(3.5706543925305874-3.600371082266535j)
(3.4531462056057136-3.5184763980856184j)
(3.33800809742912-3.4351234064808036j)
(3.225248011116771-3.349728799973566j)
(3.1150388984686135-3.261759133202816j)
(3.007721247553761-3.1707626916502774j)
(2.903799893880222-3.076416187381035j)
(2.8039233976776017-2.97858604098376j)
(2.7088331152443086-2.8773967283878905j)
(2.619272143888646-2.7732898878661207j)
(2.5358531652484957-2.667049971293085j)
(2.4588990585787793-2.5597692044215887j)
(2.3882881165298215-2.4527312426470016j)
(2.323349853569032-2.3472119418503663j)
(2.2628585278182145-2.2442242606098626j)
(2.205153204508199-2.1442622745953774j)
(2.1483779948161152-2.047112449225281j)
(2.090797214065074-1.9517888875597234j)
(2.031115371846381-1.8566156219451169j)
(1.9687324893563758-1.75943785180909j)
(1.9038889361033637-1.6579135453408693j)
(1.8376871788096674-1.5498276675149913j)
(1.7720050359955644-1.433381759439444j)
(1.70932748310429-1.3074312711650244j)
(1.6525222768215446-1.1716603770186669j)
(1.6045754694011833-1.0266919102415453j)
(1.568294703271269-0.8741275904195942j)
(1.545987620856272-0.7165049016128106j)
(1.5391327159639279-0.5571488258507311j)
(1.5480787171394104-0.3998970457032651j)
(1.571829307411001-0.2486923371786291j)
(1.6079819808186004-0.10706683176925934j)
(1.6528821274941605+0.02241667687475168j)
(1.7020199789809745+0.1386648901514713j)
(1.7506429534065833+0.24237911705847162j)
(1.7944950728762488+0.33610746401034347j)
(1.8305504308657896+0.42397803863100114j)
(1.8575967385207965+0.5111373400307009j)
(1.8765524941481762+0.6029840023110795j)
(1.8904574113640247+0.7043294460445723j)
(1.904141237702604+0.8186240653808288j)
(1.9236315100705847+0.9473637810265501j)
(1.955393989463371+1.0897499568313989j)
(2.005508619269885+1.242630961119462j)
(2.0788750792026796+1.4007171764781097j)
(2.178524647627901+1.5570372150068235j)
(2.305096560330859+1.7035898446963995j)
(2.4565207231596236+1.8321400458481611j)
(2.627935514562923+1.9351065058539716j)
(2.811861806243487+2.0064907644575394j)
(2.998657223646239+2.042801166724908j)
(3.1772914708245628+2.043915569585579j)
(3.3365050895043793+2.0137844126985547j)
(3.4664044628258606+1.9607828405320735j)
(3.560439671331887+1.8973955081029055j)
(3.617450915501492+1.8388585397731338j)
(3.6431033017989334+1.8005683777482757j)
(3.649820676541823+1.7946210956233604j)
(3.654661043963039+1.826574932229262j)
(3.675536805253461+1.8938415007869946j)
(3.727191956292785+1.98649831287442j)
(3.818532397388649+2.0900559076840857j)
(3.952053012116369+2.1887788285746295j)
(4.124946499071503+2.2682093275209008j)
(4.330856963197822+2.3163067279702827j)
(4.561327007250603+2.3233881992503664j)
(4.806401943515421+2.2814438442021965j)
(5.054219925303344+2.183475180211834j)
(5.289644818102946+2.0235372344503064j)
(5.492287723268365+1.7983376157471616j)
(5.635027971894531+1.511457451212889j)
(5.685782570421392+1.1807243283902153j)
(5.617005486092313+0.846174935932829j)
(5.424893791839315+0.5695710469988441j)
(5.147836657681594+0.41399018903847257j)
(4.861103773017466+0.4088218199970446j)
(4.641433085025545+0.5310891265667675j)
(4.531881891890585+0.7230738763958987j)
(4.535931543472566+0.9253964955900751j)
(4.633875899223341+1.0964020720036647j)
(4.800238430901332+1.2132407129010798j)
(5.012692279717769+1.2647964143438757j)
(5.253775382835839+1.244385767891806j)
(5.508774729544246+1.1446566050938174j)
(5.761473521744918+0.9546481265829627j)
(5.987659849388654+0.6591804213382216j)
(6.145580193874267+0.24286677762380718j)
(6.164906751335487-0.2948130703528841j)
(5.947180946374328-0.904082249025963j)
(5.413415625662564-1.438291939369974j)
(4.619200747112744-1.6730977100327156j)
(3.8113479413528757-1.4761907357584427j)
(3.254613698989338-0.955158323304026j)
(3.0291906982382333-0.3409927740551152j)
(3.0601281118433623+0.20212876068609795j)
(3.241887712883249+0.6161037922466579j)
(3.4984941250256556+0.9013502903583774j)
(3.7871265693760767+1.075469829475587j)
(4.0862396721988645+1.1546832664190978j)
(4.384834545763192+1.147948138129033j)
(4.674817060538653+1.0556563223691533j)
(4.944457974303393+0.8697202211296858j)
(5.1703984302867365+0.5752283395658916j)
(5.30625615272496+0.157490600702511j)
(5.270743301911564-0.3760767301112952j)
(4.956536619969629-0.948560093146667j)
(4.3087366345310505-1.3672894114241774j)
(3.4629815985782284-1.3975715085246903j)
(2.726075201315965-0.9906581170106348j)
(2.3128827007621333-0.34648844751443014j)
(2.2168202524166323+0.30381935837267965j)
(2.327695498070411+0.846025725703305j)
(2.5473395675632+1.2607672803015533j)
(2.818034896548261+1.565376250031657j)
(3.1125997957816542+1.7820269549003604j)
(3.4212861524056786+1.9268723966363932j)
(3.7431973869593085+2.0072970480989785j)
(4.081016641125393+2.0208106436318474j)
(4.4363350647305895+1.9531336173570486j)
(4.8020463880262+1.775141285319558j)
(5.1463830975710865+1.441872874809733j)
(5.383505342802908+0.9075467763918881j)
(5.348379800533182+0.1900232299571879j)
(4.870478621085344-0.5115982923126486j)
(4.018045157284972-0.8462508832945926j)
(3.157101176847846-0.6625607482047673j)
(2.5768472993410225-0.15441400090579321j)
(2.2996063801747315+0.42911689449478124j)
(2.2294836648316902+0.9638657691239034j)
(2.2787866598351068+1.4215291038491364j)
(2.395200654593387+1.8113623488955164j)
(2.5534305893782645+2.1510207177693923j)
(2.7450455979169477+2.456920073786655j)
(2.972929237696251+2.741790953117057j)
(3.249858456862835+3.0136476468819473j)
(3.6004944680430806+3.273069226006035j)
(4.066430808613518+3.5046097331043944j)
(4.71101287483601+3.652298458312524j)
(5.599719477482116+3.557815287108016j)
(6.645740995895455+2.868777985983033j)
(7.176606013213684+1.2781770736758202j)
(6.295864099325719-0.3709996748048833j)
(4.736942002313967-0.8355860430325237j)
(3.5910718487956585-0.4451214177261213j)
(2.9501632178583206+0.15774808088653636j)
(2.610510317049785+0.7341267705047669j)
(2.426556959916447+1.2443317193655739j)
(2.3214391802774186+1.7018519320038497j)
(2.256103469864821+2.1296231451639094j)
(2.2101210018029978+2.5510381103667634j)
(2.172368526427544+2.9905218648011154j)
(2.1368836684496144+3.4774836804606926j)
(2.1017266317413044+4.053811136719685j)
(2.0712344668375215+4.7893523664771j)
(2.0675293799934242+5.8195517451115215j)
(2.1832521178162834+7.4551791491200845j)
(2.9052837480005045+10.576816026660046j)
(8.551083866114208+17.82494077258707j)
(28.68323809315215-0.9690338569804888j)
(10.10080647679025-6.6958637647098715j)
(5.887161076971617-3.5051420758006144j)
(4.485342462982072-1.6780308372094455j)
(3.797768535243541-0.513479605358146j)
(3.3654991089024056+0.33419215857848056j)
(3.0368543337375526+1.0214587238253132j)
(2.7437863065917734+1.6308107066280009j)
(2.444584279840039+2.2142146846970365j)
(2.102439288076751+2.811790792410074j)
(1.6714377037901211+3.4617683874903413j)
(1.0781861748895125+4.20699921396426j)
(0.18417018920187586+5.096984924803321j)
(-1.308403457232865+6.165617078562517j)
(-4.107655891886296+7.253158059616325j)
(-9.719471043942175+6.825556020581026j)
(-16.00659902879106-1.864199619642302j)
(-8.1685724235028-11.996002821656145j)
(-0.36711969271573247-10.3214947635838j)
(2.3790299464739406-7.285190335845084j)
(3.3176279847362142-5.11534601938632j)
(3.64602736338115-3.5844491615202383j)
(3.734290683479821-2.4262924793318312j)
(3.708594966308462-1.4774206592401902j)
(3.6131497816832074-0.6354793639605348j)
(3.457502685000589+0.17330149167189923j)
(3.228725763570904+1.014835633419416j)
(2.886608939895361+1.9646162471057635j)
(2.337251943217272+3.129884410251878j)
(1.348045794768336+4.684200594984642j)
(-0.7572725013591546+6.88856805409766j)
(-6.3328257860498445+9.495207896824894j)
(-19.49030952190508+3.381705641681799j)
(-11.870001642068354-14.689912121462175j)
(-1.5019864589520293-12.798152432126864j)
(1.6340385319750956-9.519447110566755j)
(2.731417443949004-7.390062732805686j)
(3.1856587650576587-5.969963400544778j)
(3.387222570913482-4.9494634971355795j)
(3.470514160225376-4.1632670292385745j)
(3.4894130528985863-3.51857257607054j)
(3.467398483334256-2.9579099966823934j)
(3.4143927381676664-2.4407781574458154j)
(3.332887332498143-1.9332523492253222j)
(3.219743445978124-1.4000768878272674j)
(3.0652565705825054-0.7952250489095571j)
(2.848456415010977-0.0447075932909721j)
(2.522789421477096+0.9959040536483903j)
(1.9709747361070187+2.678801937895244j)
(0.8108128769643338+6.166940672155289j)
(-3.541311553694538+19.08867279143984j)
(20.608041947465964-57.576361556312335j)
(7.585605767660225-14.884333764555395j)
(5.817546290251364-9.468647152003756j)
(5.074962618878082-7.303194364926641j)
(4.636810941312122-6.114128633494059j)
(4.325052960320914-5.346751341041309j)
(4.07356445460517-4.7978896912515205j)
(3.851177528220477-4.37434014052137j)
(3.6402109005116157-4.0260363294557395j)
(3.4286560076681303-3.7221331295593454j)
(3.2066132338855744-3.4406290928046492j)
(2.96412887814005-3.1628161772642365j)
(2.6892418024974476-2.8691986154682283j)
(2.365357962657742-2.5348328601796406j)
(1.966642844387732-2.121413568519657j)
(1.4485783289129988-1.5598089489878082j)
(0.7280305224060898-0.704503529072935j)
(-0.43366332686777326+0.8677605720660031j)
(-2.4101755917201806+4.653416706917043j)
(-2.3267504905096406+22.641171675241395j)
(28.35807640931748-8.797956028654697j)
(11.70788996074477-9.163829974935224j)
(7.863991358234642-7.519809641743751j)
(6.1595235339378105-6.578889833604847j)
(5.138437964409951-5.975948861980038j)
(4.410364877104403-5.544422606701053j)
(3.8276200852157634-5.2054908402410485j)
(3.321310649655417-4.916421651215925j)
(2.8539798739842555-4.650505159171955j)
(2.402356670424165-4.388224396099109j)
(1.9499012808078464-4.112598006158094j)
(1.4830497493682484-3.805942788257902j)
(0.9889849898619248-3.4466091714155724j)
(0.4541030181980617-3.0043470571849125j)
(-0.13692512063997744-2.432072807534042j)
(-0.8004529706805948-1.648942069421576j)
(-1.5474278164137607-0.5026538846458293j)
(-2.336913203290845+1.3174237367986668j)
(-2.83275293801643+4.525271733596542j)
(-1.0217030087650092+10.484006366987767j)
(10.790873921230899+15.07889737505583j)
(18.98539427238625+1.7857128365174533j)
(13.344008344070732-5.631308232128125j)
(8.902187540819869-6.966190537384287j)
(6.199014396865036-6.896122522235575j)
(4.405151873521068-6.497143680374217j)
(3.0947921497486086-6.007223715357723j)
(2.0640089530230075-5.479698638248824j)
(1.2098478657676153-4.920857383494252j)
(0.47838105051975777-4.32362052322451j)
(-0.15790986528509368-3.6769235358602046j)
(-0.7104628930909617-2.968595486562315j)
(-1.1794293660248523-2.186351535934303j)
(-1.5557171136896655-1.3182862279874423j)
(-1.8213423510362055-0.35351846349774646j)
(-1.9477963176640822+0.716928629457284j)
(-1.8930268495319706+1.8996988094680274j)
(-1.5968197571023983+3.1960366497529744j)
(-0.9705722408030742+4.59406874476066j)
(0.11945162851097678+6.050474221355506j)
(1.873939463782296+7.442197324492136j)
(4.56152470446366+8.444638805879382j)
(8.358468941122002+8.278446696074225j)
(12.598315269095938+5.549322732800978j)
(14.564238612739684-0.3186511505814554j)
(11.843914311809632-6.077570611306479j)
(6.907472656760227-8.201437323017922j)
(2.9469398001367-7.476959593860745j)
(0.5641324834940571-5.750373337604226j)
(-0.684701640085703-3.934316553681422j)
(-1.2435297808767076-2.3109114997242224j)
(-1.3944603211762674-0.9275782832788063j)
(-1.3023422585966355+0.2357115337255086j)
(-1.0586694418702347+1.212757109064057j)
(-0.7177767970481319+2.0409831622526395j)
(-0.31347407646367065+2.750101962312086j)
(0.1355104984057195+3.3644610009763296j)
(0.6198876952072851+3.9047962429172136j)
(1.137291307336318+4.389233405626388j)
(1.6915716926148914+4.834373116742673j)
(2.293572184643238+5.256472016967523j)
(2.963857551889056+5.672842007748259j)
(3.7389766653586287+6.103676387339311j)
(4.685505783509209+6.5744630118893905j)
(5.9339918922834425+7.118157366006463j)
(7.7725219227209825+7.768599269558726j)
(10.95708724957025+8.472816433767338j)
(17.96474046138576+8.13076072416824j)
(31.850183815942838-8.539220231986715j)
(0.5211285968063778-21.460743209948294j)
(-3.8409685358169123-7.649809190767593j)
(-2.482196164462276-2.7243814550777596j)
(-1.2521758854004439-0.49675190465439356j)
(-0.34268205138820584+0.7502238618703588j)
(0.368200959892997+1.5254346722528536j)
(0.94390800299531+2.0698304422941436j)
