(79.37109384828044+0j)
(72.37656482471137-22.851878022075322j)
(57.09884402680556-36.42049107648661j)
(41.860012056289925-40.81249912000612j)
(30.005772807000103-40.11077340071797j)
(21.534177144423634-37.36412521026265j)
(15.585837170638278-34.068595259342985j)
(11.370994293170996-30.833784469347393j)
(8.328412454416911-27.869929872582414j)
(6.085816438586139-25.22411311912767j)
(4.3992910496482756-22.88190778580966j)
(3.1075955669751414-20.809124161553964j)
(2.102308482486353-18.968309818866672j)
(1.3090700880245472-17.324800017235095j)
(0.6758479964532105-15.848507980477804j)
(0.16552336928875364-14.51404125854858j)
(-0.24886749520669404-13.300222355679761j)
(-0.5872426790302488-12.189455724008509j)
(-0.8645444505174342-11.167113390677462j)
(-1.0921420732221645-10.220997577121562j)
(-1.2787990783555376-9.340891838638203j)
(-1.4313511447765486-8.518194345929363j)
(-1.5551884438348413-7.745621341135169j)
(-1.6546037454735196-7.016968250409218j)
(-1.7330469703850166-6.326917246794797j)
(-1.7933136124205238-5.670881874068736j)
(-1.837685789215342-5.044881117530609j)
(-1.8680389292698305-4.4454368498377805j)
(-1.885923233810773-3.869489848985518j)
(-1.8926264112387343-3.3143306007465627j)
(-1.889222356649932-2.777541897814293j)
(-1.876609171498704-2.256950873060933j)
(-1.855539013716542-1.7505885908430905j)
(-1.8266416204245046-1.2566556981436183j)
(-1.790442875710173-0.773492930508846j)
(-1.7473794517009644-0.29955549484198857j)
(-1.6978102957496102+0.1666094733645671j)
(-1.6420255445448393+0.6263830459132891j)
(-1.5802532992936802+1.0810927959240266j)
(-1.5126645818800046+1.532029738654123j)
(-1.439376700656957+1.980464353072273j)
(-1.3604551791373303+2.4276620819405825j)
(-1.2759143358053409+2.874898688418928j)
(-1.1857165439979287+3.323475842895486j)
(-1.0897701433261364+3.7747373247061478j)
(-0.9879259145134086+4.230086250443914j)
(-0.879971963777672+4.691003785437454j)
(-0.7656267862369435+5.15906986065789j)
(-0.6445301844818845+5.635986508188614j)
(-0.5162316008825937+6.12360455065014j)
(-0.380175270174775+6.623954542315673j)
(-0.23568139832496818+7.139283074010496j)
(-0.08192230472657293+7.672095836745957j)
(0.08210790114320399+8.225209213155335j)
(0.257632041847194+8.801812662768405j)
(0.4461396302930709+9.405544831080457j)
(0.6494512972642383+10.040587205161629j)
(0.8698029476818216+10.711780347825428j)
(1.1099567770993302+11.424769392695795j)
(1.373349333910344+12.186187752106985j)
(1.6642913848707528+13.003891134360241j)
(1.9882413020925938+13.887258353628608j)
(2.3521844794127644+14.847581569081811j)
(2.7651683410805434+15.89857724703273j)
(3.239070040032616+17.057061301500635j)
(3.789719426575856+18.343848782819943j)
(4.438576895234678+19.784961380440183j)
(5.215299730841435+21.413255024680783j)
(6.161770627732246+23.27061056359517j)
(7.338605671135256+25.41084307498261j)
(8.836006134471138+27.903412113362165j)
(10.792489944086084+30.837639738424464j)
(13.42843595980499+34.32578002087158j)
(17.108399533282547+38.498714587578085j)
(22.460380804281595+43.4728415531521j)
(30.604671439745186+49.21519334822743j)
(43.5510275832699+55.05855442875509j)
(64.51434293359814+58.086716355496414j)
(95.52955971327772+49.02181354733904j)
(123.50493039773697+12.302463931208697j)
(115.34424552496166-39.527088018975824j)
(79.94589855649262-65.1782662320766j)
(50.10856131642579-66.06505120680521j)
(31.895466041024026-59.02877177751048j)
(21.281187135780932-51.2516037575226j)
(14.910049415826574-44.50261216706458j)
(10.91285605461145-38.96201126321643j)
(8.297605703187447-34.451145005057235j)
(6.524438555367239-30.754355417650018j)
(5.2868900926941835-27.69035426847525j)
(4.403248270219994-25.119420478839135j)
(3.7613476650294206-22.93634575360543j)
(3.2894263502365564-21.062016574495914j)
(2.94010398476304-19.43650913830131j)
(2.681225290500401-18.013950349953152j)
(2.4904372794683867-16.75881059595383j)
(2.3518724353003684-15.643248281808788j)
(2.254060167738752-14.64520160717482j)
(2.1885767832935925-13.747006475192824j)
(2.1491518926940842-12.934385533996597j)
(2.1310640050148377-12.195700849191718j)
(2.1312349095684247-11.521380116192713j)
(2.1461182198609237-10.903564194053276j)
(2.173796935340553-10.335680922945317j)
(2.212656002039618-9.812261569350397j)
(2.2614241642530737-9.328740587826085j)
(2.319098138957642-8.881305714881062j)
(2.384877873557548-8.466780570854928j)
(2.4581129622699236-8.082531758421581j)
(2.538257239334938-7.726394533161532j)
(2.6248288538170623-7.396612412724495j)
(2.717373724381601-7.091786948820029j)
(2.815430835562563-6.810834450811952j)
(2.918498359301715-6.552946810788768j)
(3.0260001077677217-6.317553810083066j)
(3.1372523886194474-6.104284455694165j)
(3.251431973168335-5.912925076792627j)
(3.3675466111492365-5.743372191311826j)
(3.4844103099615316-5.595578624385216j)
(3.6006263723881466-5.469492117787547j)
(3.7145818291151076-5.3649867863006j)
(3.8244572260775-5.281789275090118j)
(3.9282555041911453-5.2194032817094005j)
(4.0238527138047075-5.177038026674871j)
(4.109071387331321-5.153547938684775j)
(4.181774571735637-5.147391794120741j)
(4.239975078366142-5.156619315418729j)
(4.281951015445398-5.178891414897407j)
(4.306355929434138-5.211536804615115j)
(4.312310734360498-5.251642961986338j)
(4.299465655225497-5.296174286622346j)
(4.2680237550680165-5.342105834871414j)
(4.218722730881947-5.386558366318616j)
(4.1527774963682225-5.426920271654994j)
(4.071791341161202-5.460944316887911j)
(3.977647065411552-5.486811415204413j)
(3.8723908369298115-5.503158766353668j)
(3.758120633245685-5.509074543999499j)
(3.636888563637067-5.504064978022901j)
(3.5106229376286167-5.4880017308471905j)
(3.3810724702315214-5.4610579199681455j)
(3.249772095068969-5.423640337131521j)
(3.1180278092131246-5.376323849530791j)
(2.986916846545029-5.319792118604871j)
(2.857299135481202-5.254787004029791j)
(2.729836220878696-5.182067555025083j)
(2.6050143881998413-5.102378416717094j)
(2.4831694272908313-5.016426789516478j)
(2.3645111761217676-4.9248667135436675j)
(2.249146609459001-4.8282893265331825j)
(2.1371007459210034-4.7272177821057415j)
(2.028335031925214-4.622105648516958j)
(1.922763133343824-4.51333778556589j)
(1.8202642443393573-4.401232885120716j)
(1.7206941290657238-4.286047037934716j)
(1.6238941654304833-4.1679778452429375j)
(1.529698677501376-4.047168723935164j)
(1.43794083738943-3.9237131589385434j)
(1.348457398150173-3.797658738142997j)
(1.2610924931638718-3.6690108671104666j)
(1.1757007090989917-3.5377361065257813j)
(1.0921496117598921-3.403765108262189j)
(1.0103218785281096-3.2669951490446225j)
(0.9301171685570497-3.1272922764948152j)
(0.85145384268809-2.9844930928814826j)
(0.7742706292013962-2.8384062087825077j)
(0.6985283187989925-2.6888134033672135j)
(0.6242115623386914-2.535470531093161j)
(0.5513308374651398-2.378108217062871j)
(0.4799246450744564-2.2164323856811468j)
(0.41006199317886555-2.050124670095974j)
(0.34184522389491356-1.8788427535980992j)
(0.2754132386664291-1.702220699065707j)
(0.21094517716152034-1.5198693290317513j)
(0.14866460624585667-1.33137672737699j)
(0.08884427670213182-1.136308944401007j)
(0.03181150655000602-0.9342110005279709j)
(-0.02204574954870536-0.7246083006262387j)
(-0.07227208583535565-0.5070085914183341j)
(-0.11833702942529907-0.2809046193011464j)
(-0.15962657153995302-0.04577767575568457j)
(-0.1954338044306454+0.19889774693581555j)
(-0.22494863797121675+0.45364792504048934j)
(-0.24724659362981896+0.7189921842943544j)
(-0.2612767083457716+0.9954331226212738j)
(-0.26584863044080337+1.2834443411353318j)
(-0.2596190587861273+1.5834551791992812j)
(-0.24107777088828106+1.8958318731201411j)
(-0.20853361253379238+2.220854479355886j)
(-0.1601009897235446+2.558688827077773j)
(-0.09368762274127655+2.9093526999884456j)
(-0.006984603214382376+3.272675406369563j)
(0.10253985103819913+3.6482498985404965j)
(0.23764111213432015+4.035376675525667j)
(0.40129097363511096+4.43299888338663j)
(0.5966596326611212+4.8396283664223905j)
(0.8270831820771258+5.253262983087616j)
(1.0960122724340897+5.671296360044047j)
(1.4069369589218423+6.090422502312434j)
(1.7632822904275691+6.50653939163066j)
(2.1682691240971783+6.9146579518420666j)
(2.624735236961207+7.308825546992743j)
(3.1349134132661476+7.682076406672123j)
(3.7001662250963485+8.026424773611382j)
(4.3206820987919565+8.332919623200699j)
(4.9951442424835175+8.591781686434876j)
(5.720393048352479+8.792643069043116j)
(6.491113052304678+8.924905628393418j)
(7.299585988288589+8.978225118569512j)
(8.135559514712352+8.943113138304886j)
(8.986283610057251+8.811628486831559j)
(9.836760019893315+8.578105849120886j)
(10.670231975913078+8.239847155008599j)
(11.46891151893487+7.797685611159695j)
(12.214903522318556+7.256330779263482j)
(12.89124614670178+6.624419751054951j)
(13.482956715581077+5.914234720830987j)
(13.97795930082106+5.141095666102391j)
(14.367781196202573+4.322488032278503j)
(14.647939015818308+3.477026896347412j)
(14.817983753545793+2.623380871037217j)
(14.881225908561069+1.7792765594694415j)
(14.844204717928186+0.9606802337531651j)
(14.715991373974083+0.18121565205373255j)
(14.50742230971402-0.5481641858126594j)
(14.230348039886179-1.2192690156984718j)
(13.896961757424439-1.826569034979836j)
(13.519246733788146-2.366952148122877j)
(13.108558121952088-2.839395357697886j)
(12.675336381937393-3.244598231954885j)
(12.22893743178484-3.5846157637878093j)
(11.777558365513128-3.8625163928790918j)
(11.328235902988128-4.08208048410948j)
(10.886896125774793-4.247546154663486j)
(10.458437134681775-4.363403288421778j)
(10.046829992178967-4.434232675196023j)
(9.65522699614433-4.464585049080591j)
(9.286069584970209-4.458893906392772j)
(8.941190835174938-4.421415933866224j)
(8.621909561391453-4.356193331041334j)
(8.32911452399733-4.267033018260539j)
(8.063338285106479-4.157498516053592j)
(7.824820929298455-4.0309110600374956j)
(7.613564273159634-3.890357221363745j)
(7.429377404518019-3.738700911154866j)
(7.271914478983897-3.578598152755094j)
(7.140705703852916-3.4125134135930315j)
(7.03518239071613-3.242736610142949j)
(6.954696881354297-3.0714001479566244j)
(6.8985380621798775-2.9004955470142297j)
(6.865943090604948-2.7318893425261606j)
(6.856105868314292-2.5673380529755114j)
(6.8681827149207875-2.4085020790631955j)
(6.9012956225062085-2.2569584461003136j)
(6.954533407656756-2.1142123336265204j)
(7.026951022677202-1.9817073537527514j)
(7.117567241268217-1.8608345470367493j)
(7.225360895518722-1.7529400639106676j)
(7.349265810046131-1.6593314924566824j)
(7.488164555081215-1.581282780839832j)
(7.640881122992136-1.52003768575555j)
(7.806172622157833-1.4768116573762362j)
(7.9827200785066355-1.452792046849488j)
(8.169118439012756-1.449136494726786j)
(8.363865883959209-1.4669693281316631j)
(8.565352577175101-1.5073757615287962j)
(8.771849017532167-1.5713936614797621j)
(8.981494202963825-1.6600026011329232j)
(9.192283882785468-1.7741098975330833j)
(9.40205925810838-1.9145332973623987j)
(9.608496596731769-2.0819799590977546j)
(9.809098360953994-2.277021378300851j)
(10.00118660637034-2.5000639266641755j)
(10.181899597465273-2.7513147360400696j)
(10.348192799402183-3.0307427704788172j)
(10.496845638229063-3.3380351097343626j)
(10.624475660698696-3.672548736577734j)
(10.727561948111358-4.033258498338242j)
(10.802479812700769-4.418702419355955j)
(10.845548883089103-4.826926188323568j)
(10.85309660542276-5.255429433090544j)
(10.821538873530399-5.701117304591105j)
(10.747478870799457-6.160261869057932j)
(10.627824176554993-6.628478759903787j)
(10.459920698640582-7.100725324336351j)
(10.241700025102716-7.57132692087113j)
(9.971834401385651-8.034037848351229j)
(9.64989090334712-8.482142369051607j)
(9.276473789378448-8.908599219666698j)
(8.853341906135816-9.306229782068726j)
(8.383486914892291-9.667945791601435j)
(7.871158533267627-9.987007424194198j)
(7.3218253685535215-10.257297429052988j)
(6.742064408285487-10.47359249600193j)
(6.139378591547513-10.63181020175067j)
(5.521949419225345-10.72920949973669j)
(4.898339188408659-10.764525296730383j)
(4.277163867406842-10.738023155718405j)
(3.6667616595323-10.651467929007481j)
(3.074883121801338-10.508008988855005j)
(2.508426108798865-10.31199324412826j)
(1.9732332784965305-10.068723933856692j)
(1.473962455133571-9.784187279495303j)
(1.014032109645781-9.464770051730778j)
(0.5956368724557954-9.116989178436022j)
(0.21982231406188255-8.747250391661806j)
(-0.11339526377911673-8.361647548194878j)
(-0.4048795397248227-7.965808639906558j)
(-0.6562102443649205-7.5647894376757865j)
(-0.8695174213831972-7.163011703385206j)
(-1.0473239126182416-6.7642401772935905j)
(-1.1924030779830224-6.371591074197425j)
(-1.3076559186546501-5.987564407577954j)
(-1.3960093651869825-5.614092833318483j)
(-1.460335636831675-5.252600580205759j)
(-1.5033912834341343-4.904067164780746j)
(-1.5277737272030358-4.569091781519788j)
(-1.535892734013799-4.2479553853380345j)
(-1.529954158938261-3.9406784660236043j)
(-1.5119534316913417-3.6470733200495813j)
(-1.483676493605561-3.3667902506319556j)
(-1.4467062061068914-3.099357586588483j)
(-1.4024325768577615-2.8442157285835488j)
(-1.352065464439557-2.6007456349310774j)
(-1.296648708374148-2.3682922746551025j)
(-1.23707487995228-2.1461836263624425j)
(-1.1741000582940175-1.9337458071436668j)
(-1.108358206673738-1.7303148916230986j)
(-1.0403748599343225-1.5352459391657653j)
(-0.9705799393405613-1.3479196956810588j)
(-0.8993195913013151-1.1677473814479333j)
(-0.826867005640652-0.99417392192202j)
(-0.7534322116979532-0.8266799270854921j)
(-0.6791708801026788-0.6647826779837894j)
(-0.6041921776425614-0.5080363373220342j)
(-0.5285657347157589-0.35603156451905466j)
(-0.45232779143212604-0.20839468425994306j)
(-0.37548659108326016-0.06478653097673366j)
(-0.29802708966324604+0.07509893065578617j)
(-0.21991504832660824+0.2115361277116934j)
(-0.14110057282052701+0.34476947735189806j)
(-0.06152116054407145+0.4750150079834212j)
(0.01889568765696761+0.6024619600496278j)
(0.1002302372916564+0.7272743317307456j)
(0.18256862111101235+0.8495923418100246j)
(0.26600122333051957+0.969533787779014j)
(0.3506213017367229+1.0871952822097506j)
(0.4365238040395317+1.2026533547822669j)
(0.5238043361648291+1.315965411364401j)
(0.612558241071077+1.4271705454217438j)
(0.7028797471831308+1.5362902010006185j)
(0.7948611457611989+1.643328690774186j)
(0.8885919565948397+1.7482735773635365j)
(0.9841580415067015+1.8510959315191802j)
(1.0816406254972926+1.9517504869366356j)
(1.181115186252676+2.0501757186143252j)
(1.282650174538534+2.1462938798302766j)
(1.3863055311615935+2.240011042029483j)
(1.4921309712203357+2.33121719208324j)
(1.6001640138917155+2.4197864522635157j)
(1.7104277466543472+2.505577499423562j)
(1.8229283272802672+2.5884342705909313j)
(1.9376522457095384+2.668187051449389j)
(2.0545633914429144+2.74465405065326j)
(2.173600000407985+2.817643564863192j)
(2.294671587918199+2.886956834781767j)
(2.4176560101885505+2.952391679061104j)
(2.5423968338184944+3.01374696852737j)
(2.6687012275687394+3.0708279658327307j)
(2.7963386194060673+3.1234525043080628j)
(2.9250403789671933+3.171457914679103j)
(3.0545007855094592+3.214708531542651j)
(3.1843795183810575+3.253103527558624j)
(3.3143058564232084+3.2865847392778207j)
(3.4438846921343136+3.3151440738957554j)
(3.572704356974234+3.3388300321982984j)
(3.70034612140417+3.357752861078572j)
(3.8263950875576236+3.3720878692300436j)
(3.9504520486186046+3.3820765081865902j)
(4.072145764739142+3.3880249382351866j)
(4.191145018726752+3.3902999582080686j)
(4.30716978110117+3.389322365846118j)
(4.420000842910756+3.385558011486908j)
(4.529487367121064+3.379506989308608j)
(4.6355519574799775+3.3716915548958584j)
(4.738193031250925+3.362643447626079j)
(4.837484487103853+3.352891321098888j)
(4.9335728577919795+3.3429489436553173j)
(5.026672307126977+3.333304732171382j)
(5.117057955783229+3.3244130411498385j)
(5.205058091788945+3.3166874650984974j)
(5.2910458384266015+3.3104962452395146j)
(5.37543082090383+3.3061597191195506j)
(5.458651304724659+3.303949626341243j)
(5.541167186742462+3.3040899923930027j)
(5.62345411796293+3.3067592569132453j)
(5.705998937016617+3.3120932897064868j)
(5.789296503636101+3.3201889414195698j)
(5.873847947963779+3.3311077984348394j)
(5.960160296491376+3.34487984544101j)
(6.0487473987839575+3.3615067771684783j)
(6.140132058937803+3.380964736983484j)
(6.234849268910676+3.403206289867512j)
(6.333450443847191+3.4281614574919153j)
(6.4365085685406624+3.45573765142989j)
(6.544624175509624+3.4858183355529384j)
(6.658432085172332+3.5182602292975775j)
(6.778608843552347+3.552888828859071j)
(6.905880788770684+3.5894919725130827j)
(7.041032659437482+3.6278111080689377j)
(7.18491661978661+3.6675298336669346j)
(7.3384615097974235+3.7082591765896686j)
(7.502682022447614+3.7495189478855986j)
(7.678687349378927+3.7907143643425845j)
(7.867688599898992+3.8311069677351104j)
(8.071003958671866+3.8697787040927043j)
(8.290060068492705+3.9055878727433964j)
(8.526387460679096+3.937115552378728j)
(8.781606952753178+3.962601122156357j)
(9.057402733083693+3.9798657235982104j)
(9.355476304763547+3.9862231181639274j)
(9.677473549555001+3.9783786358535806j)
(10.024874963256146+3.9523191439965397j)
(10.398836841043332+3.9032006837387843j)
(10.799969396913777+3.8252462284733846j)
(11.228037533407468+3.71167453072919j)
(11.681573033070487+3.554692607565992j)
(12.1573960631762+3.3455986364181256j)
(12.650062677479282+3.0750567200074808j)
(13.151287138298281+2.7336148988059854j)
(13.649434946184885+2.3125333878280583j)
(14.129239864883237+1.8049574414050968j)
(14.571949749243124+1.2073939630179493j)
(14.956120019239224+0.5213274433531928j)
(15.259207858825837-0.24534193547614444j)
(15.459942455611902-1.077480077596172j)
(15.541170968717527-1.9529709725631632j)
(15.492596915895025-2.84430376016438j)
(15.312688397334204-3.721385273638646j)
(15.009166179735605-4.555036429287491j)
(14.597883201300007-5.32035295892831j)
(14.100408698246012-5.999146001568026j)
(13.540992524961661-6.581012577273562j)
(12.94365669577499-7.06304123244175j)
(12.32996355308101-7.448518612983306j)
(11.71769088537025-7.745149238071582j)
(11.120360962631976-7.963247699760083j)
(10.547406884252267-8.114202838985706j)
(10.004717935846429-8.209342528615126j)
(9.49534304743987-8.259200989522967j)
(9.020199894505746-8.273121460553902j)
(8.578703942913815-8.259104242496347j)
(8.169282099433158-8.223815194649946j)
(7.7897672912078875-8.17268700828957j)
(7.437686821969022-8.110065105284976j)
(7.110463733945542-8.039366968664513j)
(6.805550952592585-7.9632365439160475j)
(6.520515723577488-7.883684188675063j)
(6.2530885988700105-7.802208283747799j)
(6.001187963850152-7.719897944733174j)
(5.7629282536234046-7.63751805691665j)
(5.536617715958611-7.5555786717105855j)
(5.320749822829169-7.474391048484507j)
(5.11399113375754-7.394112560192299j)
(4.915167478488792-7.314782464926358j)
(4.72324966694612-7.236350272437593j)
(4.537339478380474-7.158698156600377j)
(4.356656372209824-7.081658607850254j)
(4.180525157348602-7.005028294770507j)
(4.008364723384941-6.928578913881033j)
(3.8396778531323474-6.852065649597099j)
(3.6740420858337615-6.775233738651744j)
(3.511101572407078-6.697823530761058j)
(3.3505598508285255-6.619574355784228j)
(3.19217346572332-6.540227443308437j)
(3.035746357854212-6.459528090215285j)
(2.8811249540244357-6.377227232627224j)
(2.728193894320892-6.29308254844641j)
(2.5768723405325256-6.206859193657837j)
(2.4271108162910537-6.1183302582062975j)
(2.2788885355303874-6.027277014379376j)
(2.1322111809590636-5.933489021286254j)
(1.9871090981902098-5.836764142421663j)
(1.8436358738578273-5.736908528803074j)
(1.701867267386332-5.633736617209346j)
(1.561900466026766-5.527071191146795j)
(1.4238536313111976-5.416743550882117j)
(1.2878657022113675-5.302593837793584j)
(1.1540964160651086-5.184471556997315j)
(1.0227265028378263-5.062236340301158j)
(0.8939580016585433-4.935758988618726j)
(0.7680146410255769-4.804922828640216j)
(0.6451422159159388-4.66962541241046j)
(0.5256088866565248-4.5297805801454j)
(0.40970531634652513-4.385320895818309j)
(0.29774455649125087-4.236200451539327j)
(0.19006158508004714-4.082398020448672j)
(0.08701239846647506-3.9239205188217623j)
(-0.011027440981950822-3.7608067166513215j)
(-0.10366489446472256-3.593131112704118j)
(-0.19049225621653662-3.4210078658272j)
(-0.2710907491270285-3.2445946503070644j)
(-0.3450349498589636-3.0640962808824477j)
(-0.4118980572649423-2.8797679343599674j)
(-0.47125798212189524-2.6919177816423385j)
(-0.5227041951596533-2.500908838349176j)
(-0.565845225679476-2.307159845947979j)
(-0.600316656999784-2.1111450099208597j)
(-0.6257894203609193-1.913392447893152j)
(-0.6419781490074339-1.714481238973432j)
(-0.6486493223536555-1.5150370149662202j)
(-0.6456289096944555-1.3157260927364736j)
(-0.6328092166297925-1.1172482119159926j)
(-0.6101546471694781-0.9203280095421796j)
(-0.5777061211810566-0.7257054286922358j)
(-0.535583929903997-0.5341253170596406j)
(-0.48398886973868027-0.34632651925831515j)
(-0.42320156317828367-0.16303079964309433j)
(-0.3535799512818244+0.0150680521199624j)
(-0.275555019514077+0.18731458395278971j)
(-0.18962489294228363+0.35310118611652075j)
(-0.09634750283081019+0.5118764503776754j)
(0.0036679194681496757+0.6631521493418185j)
(0.10977022671814209+0.8065086649216794j)
(0.2212763015327914+0.941598763609446j)
(0.33748124209732205+1.0681496857841404j)
(0.45766847725145554+1.1859635824084505j)
(0.5811195249857318+1.2949163915432833j)
(0.7071231439470799+1.394955296439563j)
(0.8349836706667296+1.486094944893569j)
(0.9640283825464643+1.568412635434242j)
(1.093613775026357+1.642042690022245j)
(1.2231306880979074+1.7071702362927785j)
(1.3520082602845795+1.7640246165030842j)
(1.4797167258779025+1.812872627096687j)
(1.6057691026928305+1.8540117741196855j)
(1.729721842550771+1.8877637075172695j)
(1.8511745352226028+1.9144679733183525j)
(1.9697687691304568+1.9344761983471221j)
(2.0851862594168855+1.9481467985546015j)
(2.1971463568859404+1.9558402802163672j)
(2.3054030507064+1.9579151836898712j)
(2.4097415745459516+1.9547247025167844j)
(2.509974720836387+1.9466139965320366j)
(2.6059389619466953+1.933918206272957j)
(2.6974904708752616+1.916961167203206j)
(2.7845011282958896+1.896054815799755j)
(2.8668545979563027+1.8714992750278125j)
(2.944442549008275+1.8435836036911029j)
(3.0171611022488896+1.8125871920503187j)
(3.0849075777933583+1.778781784310394j)
(3.1475776246097964+1.7424341063359339j)
(3.205062817725763+1.7038090733866968j)
(3.257248816695423+1.6631735467512727j)
(3.304014188784429+1.6208005987339826j)
(3.3452300116462643+1.5769742312224675j)
(3.3807603819446963+1.5319944726527714j)
(3.4104639667648+1.4861827502272533j)
(3.4341967413783494+1.4398873975333046j)
(3.451816056789928+1.393489111489684j)
(3.4631861693895596+1.3474061168293512j)
(3.4681853380338197+1.3020987323954465j)
(3.466714545417006+1.2580729645039657j)
(3.458707825035614+1.2158826841066046j)
(3.4441440675617003+1.1761298851052242j)
(3.423060038335936+1.1394624829180933j)
(3.3955641621992005+1.1065691104496014j)
(3.3618504301930603+1.0781704203068656j)
(3.322211569911145+1.0550065247896216j)
(3.2770504218709613+1.0378204127518267j)
(3.226888311695925+1.027337480652728j)
(3.172369142238241+1.0242416963202465j)
(3.11425799218528+1.029149352363591j)
(3.053433231829682+1.0425818155725088j)
(2.9908715681478895+1.06493907431309j)
(2.9276259974496215+1.0964761523909519j)
(2.8647973271173286+1.137284522413672j)
(2.8035006466311083+1.187280461901204j)
(2.744828776299245+1.246201836186237j)
(2.6898151889907598+1.3136140971399788j)
(2.6393990941542484+1.3889254388279852j)
(2.5943952454138937+1.4714101699846733j)
(2.5554705909346254+1.5602385815015227j)
(2.523129195086722+1.654511022318566j)
(2.497706029947636+1.753293625740082j)
(2.479369394128199+1.8556531712786521j)
(2.4681309837529026+1.960688889834062j)
(2.4638621037147668+2.0675595446421857j)
(2.466314209560018+2.1755047476167193j)
(2.475141909397783+2.2838601019363907j)
(2.4899266931341058+2.3920663172606846j)
(2.5101999340977676+2.499672872773985j)
(2.535464061006742+2.606337084712751j)
(2.5652111679521656+2.711819574112647j)
(2.59893867226832+2.8159771496904065j)
(2.6361619168796024+2.918754051255101j)
(2.6764238323462717+3.020172373393471j)
(2.719301923756439+3.120322336285385j)
(2.764412936188843+3.2193529129380827j)
(2.811415591257937+3.317463175429072j)
(2.8600117890536043+3.4148945960465933j)
(2.9099466466672106+3.511924436518667j)
(2.9610077066844065+3.6088602801698118j)
(3.0130236045002765+3.7060357058900473j)
(3.0658624378397548+3.803807066095405j)
(3.1194300392882197+3.9025513098561992j)
(3.1736683152772582+4.002664783636647j)
(3.228553784036538+4.1045629426071795j)
(3.2840964209805996+4.2086809127823j)
(3.340338902869126+4.315474856400604j)
(3.397356331677089+4.42542410863581j)
(3.4552565152230734+4.539034072031337j)
(3.5141808841246664+4.656839875519262j)
(3.5743061336868474+4.779410827408029j)
(3.6358466953049975+4.907355716500398j)
(3.699058165707126+5.041329043006516j)
(3.7642418552386316+5.182038291888476j)
(3.8317506604667773+5.3302523967170305j)
(3.9019965246375734+5.486811583341774j)
(3.9754598261845713+5.652638831289345j)
(4.0527011365156085+5.828753248813992j)
(4.134375922028273+6.0162857273331865j)
(4.221252943459718+6.216497325458839j)
(4.314237344843453+6.430800935278401j)
(4.414399748148916+6.660786907572059j)
(4.5230131120365815+6.908253461863789j)
(4.641599723253024+7.175242884371332j)
(4.771991539005473+7.4640847223284625j)
(4.916408294695817+7.777447411251279j)
(5.077559492903415+8.118400004547441j)
(5.25877883720728+8.490485869272632j)
(5.4642032362350355+8.897810274731997j)
(5.699013747528058+9.345143540867202j)
(5.969763644128804+9.838040447571256j)
(6.284830564605901+10.38297417228301j)
(6.655047658453354+10.987477607600217j)
(7.094596263933957+11.66027348851193j)
(7.622285457789586+12.411351226988112j)
(8.263410225898767+13.25190023888213j)
(9.052482100862509+14.193911013491801j)
(10.037278258090392+15.249051960336763j)
(11.284863482747008+16.426007172946843j)
(12.890459100365513+17.724574201859692j)
(14.990014877197806+19.122969314375016j)
(17.77612939108464+20.55102267855078j)
(21.511377529993084+21.83497160706169j)
(26.513792587723003+22.59027607931925j)
(33.03513267525633+22.04481188831893j)
(40.85276842671909+18.879868406418943j)
(48.44515892259537+11.565598735652099j)
(52.583666927387334+0.0157825554797284j)
(50.53484780777422-12.588199118533426j)
(43.38382126212488-21.8993068912928j)
(34.72243466608805-26.44994332697966j)
(27.072380762345787-27.480271764180603j)
(21.15109791282885-26.65318940551675j)
(16.787340711750005-25.063470699049766j)
(13.60387011561172-23.26971234604705j)
(11.264131352653319-21.51956216402698j)
(9.518934153587807-19.907990314244792j)
(8.194539242040843-18.4608183966607j)
(7.171720834252007-17.17460900770561j)
(6.368443146928773-16.034889314491657j)
(5.727644524701095-15.024207985897847j)
(5.209063041146937-14.125523935200475j)
(4.7838467030198215-13.323480659933413j)
(4.430994675397553-12.604743371743794j)
(4.134986460512261-11.95794023156247j)
(3.884182823896239-11.37345486302368j)
(3.6697322895955415-10.843180647725516j)
(3.4848127522307712-10.360283723269228j)
(3.3240981960804636-9.918992243334822j)
(3.18337872820314-9.514416221908759j)
(3.059286474946182-9.142396646867033j)
(2.949095558650563-8.799380457642862j)
(2.850574576877713-8.482317500049657j)
(2.761876739015674-8.188575774266678j)
(2.6814573143202978-7.915871744573093j)
(2.608011091248767-7.66221298363767j)
(2.5404246363353753-7.425850896202043j)
(2.4777395908424626-7.205241677116314j)
(2.4191242625088103-6.999014001809372j)
(2.363851494452954-6.805942228674271j)
(2.3112813145121964-6.624924121294931j)
(2.2608472471222063-6.454962283128442j)
(2.2120454478335896-6.2951486465056785j)
(2.164426026307689-6.144651478638917j)
(2.1175860770226533-6.002704465454925j)
(2.071164051945411-5.868597514049255j)
(2.024835196059784-5.7416689799760094j)
(1.978307832072065-5.621299079250356j)
(1.9313203300968502-5.506904289058339j)
(1.8836386355335817-5.397932577470583j)
(1.835054256581059-5.293859332327233j)
(1.7853826340881471-5.194183884003986j)
(1.7344618323718561-5.098426536884264j)
(1.682151501522822-5.006126040787881j)
(1.6283320705424642-4.916837446954978j)
(1.5729041371706818-4.830130303969431j)
(1.515788025043418-4.7455871576585205j)
(1.4569234823108372-4.662802325891413j)
(1.3962694983806216-4.581380924622293j)
(1.3338042172802684-4.500938125740322j)
(1.2695249274450566-4.421098630509774j)
(1.203448108670095-4.341496344778384j)
(1.13560951761969-4.261774243837329j)
(1.0660642937447318-4.181584415934333j)
(0.994887067775665-4.100588274051062j)
(0.9221720551967153-4.018456925709935j)
(0.8480331173151607-3.934871690314632j)
(0.7726037727782443-3.8495247528754595j)
(0.6960371427264492-3.762119941953642j)
(0.6185058132799394-3.6723736182957047j)
(0.5402015998218994-3.5800156589584087j)
(0.46133519866136763-3.4847905197952325j)
(0.3821357132257066-3.3864583570583986j)
(0.3028500440424764-3.284796186671487j)
(0.22374213450116998-3.179599057576264j)
(0.14509206779528053-3.0706812136248303j)
(0.06719501455119548-2.957877216969857j)
(-0.009639964575927638-2.8410430050259445j)
(-0.08509125171360823-2.7200568530673412j)
(-0.15882612461192694-2.5948202156220193j)
(-0.2305023082178663-2.4652584222241125j)
(-0.2997695979350069-2.331321206945677j)
(-0.36627152231428195-2.192983056520149j)
(-0.4296470087077408-2.0502433687562798j)
(-0.48953201265469953-1.9031264211626258j)
(-0.5455610709051167-1.7516811589478365j)
(-0.5973687393975758-1.595980821378157j)
(-0.6445908814714686-1.4361224352658215j)
(-0.6868657782151271-1.2722262134274838j)
(-0.7238350420461096-1.1044349035260885j)
(-0.7551443260721906-0.9329131380082195j)
(-0.7804438349384303-0.7578468381664158j)
(-0.7993886569538872-0.5794427240972208j)
(-0.8116389513413259-0.39792797711546696j)
(-0.8168600373651694-0.2135500918883193j)
(-0.8147224426981321-0.026576942345804707j)
(-0.8049019755352571+0.16270293121848947j)
(-0.7870798876027026+0.35397982572113945j)
(-0.7609431924584166+0.5469222022561376j)
(-0.7261851947032049+0.7411758902977451j)
(-0.6825062705590602+0.936363242906829j)
(-0.629614918685506+1.1320823338668207j)
(-0.5672290723743074+1.3279063004609644j)
(-0.4950776309784804+1.5233829424531902j)
(-0.4129021304731705+1.7180346872745362j)
(-0.3204584315304463+1.9113590221264143j)
(-0.21751825972388208+2.1028294745437317j)
(-0.10387038786921007+2.291897192994511j)
(0.020678793537783527+2.477993137599254j)
(0.15630561403519166+2.660530837485708j)
(0.3031707047224928+2.8389096051761946j)
(0.46142219543450536+3.0125180191319187j)
(0.6312009326359881+3.180737392104084j)
(0.8126481547517554+3.3429448332319778j)
(1.0059160942822647+3.498515382049755j)
(1.2111820137409994+3.6468225358485387j)
(1.4286662307783955+3.787236296462964j)
(1.6586547537696434+3.919117609201365j)
(1.901527240266786+4.041807724348939j)
(2.157791113771685+4.154610531599038j)
(2.428122831719091+4.256765223571467j)
(2.7134174806073004+4.347405617301034j)
(3.0148480489023184+4.425500916604632j)
(3.333935807109933+4.489770342882945j)
(3.672633008420111+4.538560440348503j)
(4.033418184446654+4.56966825542711j)
(4.4194017483077275+4.5800848761464446j)
(4.834433554880542+4.565620275237249j)
(5.2831906034599125+4.520349521305683j)
(5.77119409154713+4.435788969323539j)
(6.30464373729544+4.2996662621882145j)
(6.8898292990576735+4.094092834554442j)
(7.531616579882924+3.7929086591011125j)
(8.229985082086628+3.35805093249266j)
(8.972646270411603+2.735334994057421j)
(9.720389355206411+1.8519417555662914j)
(10.381217004293656+0.6231741228260118j)
(10.775434993542538-1.0132407253923992j)
(10.621755978674775-3.0087510600128606j)
(9.628788764492331-5.074988279567385j)
(7.753021813863683-6.67289511916137j)
(5.401712800943436-7.323007060744658j)
(3.202759355970227-6.991262776664825j)
(1.5583963388719673-6.038221234617241j)
(0.5213808279249196-4.869745248574309j)
(-0.04011957781491576-3.738454214285633j)
(-0.28456919358464705-2.7490732442001065j)
(-0.3351794368046608-1.92298720600714j)
(-0.2737526919411505-1.2467593210523138j)
(-0.1509541570879163-0.6967889400233466j)
(0.002828288209066499-0.24944761203288965j)
(0.16966687438483627+0.11560015717315072j)
(0.3391151974242025+0.41483701164075915j)
(0.5051842196514671+0.6612912327444757j)
(0.6645361258520195+0.8651698117736818j)
(0.8154085746801383+1.0344656065413556j)
(0.9569717493194176+1.17546347893656j)
(1.0889419257927564+1.2931388171835778j)
(1.2113480236138146+1.391463558296893j)
(1.3243902151938853+1.4736388793060342j)
(1.428354495593634+1.5422718176565973j)
(1.5235616275746853+1.5995097033636785j)
(1.6103374293778228+1.6471430237905145j)
(1.6889964626926188+1.6866846494272179j)
(1.759834238745635+1.719431264998668j)
(1.8231249171807706+1.7465112841831483j)
(1.879122605318789+1.7689223648263839j)
(1.92806505605025+1.7875607845002097j)
(1.9701789780832668+1.8032443050184241j)
(2.00568641299888+1.8167296913172064j)
(2.0348117612615977+1.8287257141986228j)
(2.057789093346168+1.8399022300528343j)
(2.074869389343784+1.8508957753197306j)
(2.0863273311462596+1.8623120266698214j)
(2.0924672428629933+1.8747254504027884j)
(2.093627753459866+1.8886764877615008j)
(2.090184755676595+1.904666686585843j)
(2.082552270210635+1.9231522807303396j)
(2.071180903553797+1.94453681986345j)
(2.056553715636458+1.9691635432523136j)
(2.0391794857622125+1.997308250048322j)
(2.0195835695475886+2.0291734252224356j)
(1.998296754666945+2.064884320001383j)
(1.9758427221414216+2.104487553058382j)
(1.9527248740516947+2.1479526002540954j)
(1.9294133730338168+2.1951762949463545j)
(1.9063332379649294+2.245990196051082j)
(1.8838542509408311+2.300170430309246j)
(1.8622832640270943+2.357449410481906j)
(1.841859273333978+2.417528697009748j)
(1.8227513831484843+2.4800922199026187j)
(1.8050595460542302+2.544819109777983j)
(1.7888177637957048+2.6113954894839506j)
(1.7739992871857522+2.6795247295681577j)
(1.7605232702125404+2.748935847217747j)
(1.7482623122059369+2.819389905369735j)
(1.7370503531247856+2.8906844271794414j)
(1.7266904566564383+2.962655968128388j)
(1.7169621082902184+3.035181077789462j)
(1.7076277563472786+3.108175935630123j)
(1.6984384214416328+3.18159496452872j)
(1.6891382858771713+3.2554287187230466j)
(1.679468244454757+3.329701317392179j)
(1.6691684504617554+3.404467658336313j)
(1.6579799258460381+3.479810604487613j)
(1.6456453247430614+3.555838294026557j)
(1.631908947328699+3.632681685965788j)
(1.6165160992647447+3.710492419146896j)
(1.5992118834404399+3.7894410345696388j)
(1.5797394975266725+3.8697155889581083j)
(1.5578380947915078+3.9515206710870294j)
(1.5332402479122331+4.035076820970782j)
(1.5056690369366879+4.120620344765024j)
(1.4748347634683374+4.208403514329461j)
(1.4404312736119698+4.298695139083582j)
(1.402131851971162+4.391781498366358j)
(1.359584627535322+4.487967624378061j)
(1.3124074089052766+4.587578928403536j)
(1.2601818400077793+4.690963165895857j)
(1.2024467370036591+4.798492738648164j)
(1.1386904309276977+4.910567334154802j)
(1.0683418967177145+5.027616902695578j)
(0.9907603951477415+5.150104970773366j)
(0.9052232864826284+5.27853228404104j)
(0.8109115891361467+5.4134407619323826j)
(0.7068927476098333+5.555417727159051j)
(0.592099934061845+5.70510034200166j)
(0.4653070270902361+5.863180133826474j)
(0.3250981764251835+6.030407415304266j)
(0.16983055539087638+6.207595286407729j)
(-0.0024114998024848413+6.395622724040593j)
(-0.19387329597363376+6.595435988170185j)
(-0.4072005689957231+6.808047149541768j)
(-0.6455282175241225+7.034527893636564j)
(-0.9125921911100795+7.275995752751835j)
(-1.2128713835669738+7.53358836307422j)
(-1.5517685534605021+7.8084189160211706j)
(-1.9358421288896763+8.101502154990353j)
(-2.3731043778147636+8.41363421596716j)
(-2.873405869846684+8.745199938640074j)
(-3.4489311624572228+9.095865702455539j)
(-4.11483520457967+9.464090609099092j)
(-4.890051254738357+9.84634778249868j)
(-5.798292212637043+10.235880806703113j)
(-6.86923194077436+10.620712720570907j)
(-8.139754845772869+10.980455699427758j)
(-9.654920810470783+11.281217903240563j)
(-11.467740949416203+11.46757826678246j)
(-13.635670964186723+11.45033777616169j)
(-16.209362680055975+11.089117901489079j)
(-19.20515825664058+10.171568329254868j)
(-22.548183533357587+8.400035468006477j)
(-25.975954830691926+5.418163595410576j)
(-28.928287386158757+0.9402939865855101j)
(-30.547414226640985-4.96895892681414j)
(-29.992378769492927-11.599791247904788j)
(-27.031317629292275-17.69505989655033j)
(-22.337250546414026-22.118757295569424j)
(-17.052583597203906-24.481779437078863j)
(-12.112013939099958-25.107375916141876j)
(-7.966055176467751-24.59010307798544j)
(-4.689853253853391-23.458421972522927j)
(-2.1785144331609287-22.069381643318327j)
(-0.27778427002298267-20.62945364299856j)
(1.1570648680656355-19.244808832049735j)
(2.243318737059016-17.96301982602033j)
(3.0702156552540205-16.800044571124893j)
(3.703787112587035-15.755887160387338j)
(4.192382651052156-14.823167666796227j)
(4.571358348029677-13.991624759540597j)
(4.866662920449947-13.250386821049046j)
(5.0974600769833565-12.589051026697984j)
(5.278009101773591-11.9981395431488j)
(5.419004499750254-11.469238950371498j)
(5.5285305606263755-10.994985518723796j)
(5.61274439043764-10.568981638073042j)
(5.676367793014074-10.185687270971057j)
(5.723044209117947-9.840308230303258j)
(5.7555998788166-9.52869141675148j)
(5.776236558577982-9.247231077243098j)
(5.786674951501788-8.99278706930543j)
(5.788262364183759-8.762614638792222j)
(5.782054192144932-8.554304583658622j)
(5.768876111247877-8.365732475779918j)
(5.7493719429316315-8.19501562640216j)
(5.724040813586017-8.040476591584358j)
(5.693266270925177-7.900612160847441j)
(5.657339335300779-7.77406692453036j)
(5.616476970837021-7.659610658851109j)
(5.570837104268742-7.556118896922736j)
(5.5205310595334876-7.462556168074657j)
(5.4656340861090005-7.377961488146467j)
(5.406194519213007-7.30143577238087j)
(5.342242005994544-7.232130922984206j)
(5.273795152918624-7.169240418244238j)
(5.200868887057454-7.111991302062613j)
(5.123481770520034-7.05963754429655j)
(5.041663455817535-7.0114548152753535j)
(4.955462413455607-6.966736793181743j)
(4.864953993793458-6.924793200078717j)
(4.770248794812612-6.884949838295725j)
(4.671501186944326-6.8465509672591605j)
(4.568917686916356-6.808964410381565j)
(4.462764668197555-6.771589794624112j)
(4.353374644878581-6.733870276526044j)
(4.241150077723817-6.69530796485858j)
(4.126563351402418-6.655482973206444j)
(4.010151310473481-6.614075588397984j)
(3.892502598852763-6.5708903990949015j)
(3.7742361346419084-6.525880402668488j)
(3.6559695010240616-6.4791681660639115j)
(3.53827696708841-6.431060209505784j)
(3.42163833201021-6.3820501570327695j)
(3.30638174500868-6.33280617488336j)
(3.192625831427221-6.2841391199630126j)
(3.0802283758073616-6.236949846295124j)
(2.9687498477700576-6.192157195787856j)
(2.8574395996453124-6.150611876797306j)
(2.745250284893987-6.113004887680427j)
(2.6308821204502952-6.07978137712319j)
(2.5128538066734283-6.05107102413601j)
(2.3895924012119463-6.026643874472332j)
(2.259531414089492-6.005896511083725j)
(2.1212056222468068-5.987868497847962j)
(1.9733326589918292-5.971284487856926j)
(1.8148746988569437-5.954614276693087j)
(1.6450775186391968-5.936141905560726j)
(1.4634878594132619-5.914035563362809j)
(1.269952643107077-5.886411943640944j)
(1.0646049466671996-5.851391163628053j)
(0.8478418193600596-5.807140718666131j)
(0.6202983768343066-5.751908821334455j)
(0.382821507905309-5.684048700487347j)
(0.1364453173711633-5.602036037491567j)
(-0.11763067687202979-5.504481825412418j)
(-0.3780604575645433-5.390142713071148j)
(-0.6433680280862324-5.257930485779256j)
(-0.9119624295138195-5.106921848082494j)
(-1.1821523462034411-4.936369182341608j)
(-1.4521614409476409-4.7457125003861576j)
(-1.7201454963295315-4.534592402685349j)
(-1.9842122879400859-4.302863518032951j)
(-2.2424448963326737-4.050607620155402j)
(-2.4929288909194502-3.778145409957708j)
(-2.73378350127058-3.48604581991502j)
(-2.963196541615491-3.175131649488609j)
(-3.1794624887755565-2.846480387344769j)
(-3.381022753596628-2.501419225715717j)
(-3.5665068576133057-2.1415135275553254j)
(-3.7347729599428248-1.768548363209893j)
(-3.884946004186814-1.3845031747442067j)
(-4.016451696994113-0.9915201262355716j)
(-4.1290446053815835-0.5918672204778044j)
(-4.22282887181618-0.18789776282578144j)
(-4.298270380747957+0.2179918146353651j)
(-4.356199636611837+0.623403432996926j)
(-4.397805084521535+1.0259756352430383j)
(-4.424617062874132+1.423416110414861j)
(-4.438482958705622+1.8135260865084983j)
(-4.441534380854033+2.1942145060234313j)
(-4.436147220888898+2.563500333170859j)
(-4.424895300738374+2.9195018915162785j)
(-4.410497892818796+3.2604127856611957j)
(-4.395760752682171+3.5844647321555594j)
(-4.383509467771615+3.889878555583362j)
(-4.376512984895519+4.1748057737009985j)
(-4.3773942821870335+4.437264709933747j)
(-4.388524536345661+4.675077052422976j)
(-4.4118971602854105+4.885813309809547j)
(-4.448979248563983+5.066758656455167j)
(-4.500540891649338+5.214913919614558j)
(-4.566468150383242+5.327049214613715j)
(-4.645573631538851+5.399828662910789j)
(-4.7354292986594+5.430021779489864j)
(-4.832257802861727+5.4148081939247525j)
(-4.930927764112857+5.352165587038713j)
(-5.025099734884867+5.241306307373029j)
(-5.107557062400282+5.083100083309205j)
(-5.17072582793967+4.880397277568453j)
(-5.207342935798747+4.638161138997542j)
(-5.211182469689934+4.36333866873285j)
(-5.177715842442454+4.064449564547639j)
