(21.11252154482948+0j)
(20.84273912302829-2.0678242336286456j)
(20.181828084244945-3.9116298487189742j)
(19.26518290420118-5.512626022021735j)
(18.16244349218191-6.866008524277292j)
(16.93304815332952-7.966859764771676j)
(15.632583642813985-8.819330701034117j)
(14.309943152193734-9.437945803788212j)
(13.004821594146689-9.84515508549081j)
(11.746901312578489-10.067888668645319j)
(10.556447591402504-10.134426893367296j)
(9.445722418014372-10.072087895678262j)
(8.420696343599076-9.905790380822811j)
(7.482712613180375-9.657343084940807j)
(6.629922768299242-9.345252274572674j)
(5.858430955267759-8.98485395246019j)
(5.163153688644561-8.588621392699078j)
(4.538434825752845-8.16654556794202j)
(3.978465654786019-7.726524986710246j)
(3.4775579733222486-7.274729746226938j)
(3.030310782063964-6.8159233142987885j)
(2.631702662334367-6.353736964360672j)
(2.2771339546962848-5.890898162513045j)
(1.9624362414831724-5.429417350046115j)
(1.6838614787453494-4.970738768938721j)
(1.4380592706918554-4.5158610958598295j)
(1.2220479895067764-4.065433217388547j)
(1.033183470392179-3.6198298126970356j)
(0.8691276445311252-3.179210687548657j)
(0.7278185429034598-2.7435671165616227j)
(0.6074424838158875-2.312757840624541j)
(0.5064088527265783-1.8865368459100027j)
(0.423327627006602-1.464574618461128j)
(0.35698964320226506-1.0464742150760167j)
(0.3063495169767707-0.6317832060429992j)
(0.2705110836135702-0.22000231691662725j)
(0.24871521436135005+0.1894085855023713j)
(0.24032987083977403+0.5970266624214147j)
(0.24484227960093663+1.0034640417549168j)
(0.26185313772023255+1.4093672314910626j)
(0.29107279569609995+1.8154177851805136j)
(0.33231940501741686+2.222334054208816j)
(0.38551906454994517+2.6308739066764497j)
(0.4507080532562201+3.0418383278777648j)
(0.5280372983333312+3.4560758439316475j)
(0.61777930001471+3.874487728680503j)
(0.720337820334018+4.29803396437539j)
(0.8362607474168893+4.727739927756553j)
(0.9662566750572472+5.164703762669192j)
(1.1112158968317438+5.610104374227485j)
(1.2722367144621314+6.065209931501485j)
(1.4506582141037274+6.53138668589006j)
(1.6481009880257804+7.010107785858346j)
(1.8665176938988828+7.502961572952219j)
(2.1082558768169366+8.011658544712724j)
(2.376136164797041+8.538035715346181j)
(2.673549829803262+9.084056415625135j)
(3.004580834767143+9.651802528563666j)
(3.374158920114489+10.243454571284733j)
(3.7882520760672462+10.861252620299194j)
(4.25410893141905+11.507427395808245j)
(4.780564127406009+12.184085188831071j)
(5.37842242919422+12.89302168224111j)
(6.06093957675659+13.635426475642781j)
(6.8444183292744905+14.411419852716332j)
(7.748933864585933+15.219332488227813j)
(8.7991875714883+16.054592501570784j)
(10.02545017886095+16.90801660689085j)
(11.464470672298752+17.763208178095194j)
(13.160053167841996+18.59264786584738j)
(15.162664541545043+19.351952030404014j)
(17.52681553367813+19.97177414956683j)
(20.303926511123237+20.347209746645728j)
(23.526951893804483+20.325949497478263j)
(27.181829560752092+19.699897334451535j)
(31.1622164368015+18.211671772586534j)
(35.2133507502274+15.596056105293108j)
(38.8943363341624+11.6772598095814j)
(41.61807798590862+6.513632277116767j)
(42.820521262906716+0.5112163031209269j)
(42.21222019091685-5.622185375120392j)
(39.937016368545656-11.121546479272121j)
(36.49578994293159-15.453393740723296j)
(32.503798099346284-18.444104882117887j)
(28.473454516364406-20.211057040638703j)
(24.727500080785063-21.01252848267949j)
(21.417093455909622-21.12569697888547j)
(18.578565678188127-20.785105293764282j)
(16.186185450938957-20.166263527628885j)
(14.18774405062923-19.391206372966675j)
(12.524540156639349-18.540753840639418j)
(11.14101324629486-17.666475180446515j)
(9.988520998280082-16.80013739231487j)
(9.026163192055105-15.960490473324452j)
(8.220286093837027-15.157902575254205j)
(7.543507315654714-14.397438665100266j)
(6.973658463918455-13.680871826039224j)
(6.492813532930397-13.007983546943342j)
(6.08645922657894-12.377397815540638j)
(5.742812694278148-11.787112145847841j)
(5.452271740057414-11.234832502917666j)
(5.207588359600454-10.717858887523482j)
(5.001363210065488-10.234386392825098j)
(4.828481357511722-9.782053961934617j)
(4.684528484401383-9.358780730051011j)
(4.565794927362729-8.96267860162124j)
(4.469147092527281-8.592050594889653j)
(4.3919170253561335-8.24538643069506j)
(4.331810872316383-7.921354274605954j)
(4.286833011236632-7.618789647056589j)
(4.2552227495626065-7.336682327261774j)
(4.235401088388856-7.074161717781792j)
(4.225925652411856-6.830480854008196j)
(4.225452417182188-6.604999058680325j)
(4.232703322341374-6.397163146643095j)
(4.246439251172648-6.206487070201392j)
(4.265438187724884-6.032529955349169j)
(4.288478630810653-5.874872610665871j)
(4.314328539498728-5.733092789221266j)
(4.341740191098657-5.606739739612785j)
(4.369451330493568-5.49530887651283j)
(4.396192860928644-5.398217703372657j)
(4.420703060982105-5.314784387387037j)
(4.441747915903333-5.244210566850808j)
(4.458146651465622-5.185570007825449j)
(4.468801008456439-5.13780457232071j)
(4.472726273362557-5.099728586476984j)
(4.469081677949171-5.070042110584008j)
(4.457197588078023-5.047352860919127j)
(4.436596988971334-5.030205705038295j)
(4.407009167060423-5.017117865194411j)
(4.36837415995799-5.006617344238036j)
(4.32083741371743-4.997281740247045j)
(4.264735027479143-4.987774601309222j)
(4.20057084153915-4.976876792135603j)
(4.128987311619405-4.963510941687112j)
(4.050732525009307-4.94675781290493j)
(3.96662582237333-4.925864258399071j)
(3.877524315440785-4.900243182194769j)
(3.784292200396916-4.869466527897702j)
(3.6877742469553274-4.833252708292911j)
(3.5887742833526715-4.791450071703781j)
(3.488038973420116-4.744017990858907j)
(3.3862467457084704-4.6910070058420805j)
(3.2840014131029154-4.632539207086768j)
(3.1818298187779437-4.5687897577254635j)
(3.0801827488105387-4.499970167811753j)
(2.9794383420425596-4.426313674464942j)
(2.879907279344228-4.348062868046983j)
(2.7818391238883873-4.265459541024222j)
(2.6854292917581013-4.17873662176254j)
(2.590826243341705-4.088111984165557j)
(2.498138590499271-3.993783887637021j)
(2.407441906533015-3.895927791743816j)
(2.3187851029116984-3.794694298252883j)
(2.232196298101401-3.6902079932427565j)
(2.14768815079965-3.582566988506486j)
(2.0652626641894187-3.471842990615138j)
(1.9849154916664835-3.358081755162603j)
(1.906639789988482-3.241303811190478j)
(1.830429674898898-3.121505365676422j)
(1.7562833386755703-2.998659319864522j)
(1.684205890117951-2.8727163480922266j)
(1.6142119763040537-2.743606005820647j)
(1.546328242842797-2.611237847127041j)
(1.4805956859155185-2.475502543360819j)
(1.4170719455619836-2.336273004398305j)
(1.3558335856847872-2.1934055123526996j)
(1.2969784022733555-2.0467408850725857j)
(1.2406277974415447-1.896105693626424j)
(1.1869292530123174-1.7413135645260562j)
(1.1360589334893423-1.5821666039498936j)
(1.0882244441940236-1.4184569879219768j)
(1.0436677659306222-1.2499687694840156j)
(1.0026683825349376-1.0764799615359275j)
(0.9655466117691224-0.8977649623498575j)
(0.9326671428924446-0.7135973998825578j)
(0.9044427754388135-0.5237534809662193j)
(0.8813383427614339-0.32801594223773667j)
(0.8638747901649707-0.12617871116632834j)
(0.8526333602398058+0.08194760245216169j)
(0.8482598165340709+0.2965292520269775j)
(0.8514686100330812+0.5177017925295359j)
(0.8630468600461724+0.745561257093493j)
(0.8838579809366129+0.980153909430057j)
(0.9148447375513389+1.2214644060139601j)
(0.9570314541548894+1.4694022048956235j)
(1.01152503327738+1.7237860704198429j)
(1.079514361686639+1.9843265489681128j)
(1.1622675909176166+2.250606334964731j)
(1.2611266807834496+2.5220585147799373j)
(1.3774984890583621+2.797942775893789j)
(1.5128415844502705+3.077319807789722j)
(1.668647861695351+3.3590243081131437j)
(1.8464179599716346+3.641637251056757j)
(2.04762944695174+3.9234583816164808j)
(2.2736967549343516+4.202480272734068j)
(2.525921973394609+4.476365719548922j)
(2.8054358508409396+4.742430733154183j)
(3.1131287790114666+4.997635907992927j)
(3.449572164962709+5.238589425503765j)
(3.8149314747826493+5.461565351163489j)
(4.2088733713789805+5.66254108580405j)
(4.630470750047575+5.837257723769589j)
(5.07811103163681+5.981306513324248j)
(5.549414670534864+6.090243474790644j)
(6.041172263631454+6.159732407928221j)
(6.549309623308674+6.185713983616243j)
(7.068890368482195+6.164595455689475j)
(7.5941646586458065+6.093451994133358j)
(8.11867038967653+5.970227153414881j)
(8.635389401210553+5.79391712513742j)
(9.136956189027291+5.564721835408052j)
(9.615910760970294+5.284146235255264j)
(10.064981406114175+4.955037683559182j)
(10.477378235981728+4.581550154393322j)
(10.847075370024044+4.169032673666479j)
(11.169059301405303+3.7238470238303054j)
(11.439523570106967+3.253127179760608j)
(11.655995105778041+2.7644989415640158j)
(11.817384675649375+2.2657818383123343j)
(11.923961630906973+1.7646960835830072j)
(11.977260359408806+1.2685952284924022j)
(11.97993149303616+0.7842407547146585j)
(11.935554351296686+0.3176290910164714j)
(11.848428169265091-0.12612456387158527j)
(11.723358621796416-0.5428467770604822j)
(11.56545356865624-0.9293163104541069j)
(11.37993847643008-1.2832328677598626j)
(11.171998259700823-1.6031539922302886j)
(10.94664882838516-1.888410084988019j)
(10.708638753865651-2.1390067091569045j)
(10.46237932234398-2.3555219546737947j)
(10.211899838007666-2.5390049821752356j)
(9.960824285837031-2.690880190019358j)
(9.712365230453221-2.812859923322591j)
(9.46933096690563-2.9068673604274604j)
(9.234142316442561-2.9749702042791877j)
(9.008855963560435-3.0193250668382094j)
(8.795191776410814-3.0421319327746636j)
(8.59456208399325-3.0455977819307605j)
(8.408101365898341-3.0319082938940953j)
(8.236695226287424-3.003206511368716j)
(8.081007867956156-2.9615773669022185j)
(7.941507557182836-2.909037052042465j)
(7.818489782478936-2.8475263081095163j)
(7.7120979692850415-2.7789068283944474j)
(7.62234172749838-2.7049600725131446j)
(7.549112688417114-2.6273878984024206j)
(7.492198040187689-2.5478145123566303j)
(7.451291902908194-2.4677893208386408j)
(7.426004701729053-2.388790339129474j)
(7.41587070305377-2.3122278716124596j)
(7.4203538787636685-2.2394482274908007j)
(7.438852258958667-2.1717372751315818j)
(7.470700927065967-2.1103236692103833j)
(7.5151738038694464-2.0563816085843927j)
(7.57148436022266-2.0110330004703405j)
(7.638785392830859-1.9753489190859466j)
(7.7161679942273285-1.9503502553898462j)
(7.802659847512955-1.9370074598203566j)
(7.897222979073627-1.9362392828487032j)
(7.998751108799002-1.9489104195918832j)
(8.106066747718486-1.975827965580321j)
(8.217918207844168-2.017736592042776j)
(8.332976708711413-2.0753123519054872j)
(8.449833789903213-2.149155033434594j)
(8.566999268843416-2.2397789886788626j)
(8.68290001824012-2.3476023804638175j)
(8.795879877259097-2.472934816855327j)
(8.904201053819756-2.615963378263809j)
(9.006047420601245-2.7767370924870742j)
(9.099530151751791-2.9551499799409218j)
(9.182696187022982-3.1509228779841263j)
(9.25354003976041-3.3635843621201764j)
(9.310019477856313-3.5924512145634218j)
(9.350075593641392-3.836609047276386j)
(9.37165772932085-4.094893864791526j)
(9.372753627253168-4.365875546220268j)
(9.351425017028228-4.647844425656272j)
(9.305848622803417-4.938802340097039j)
(9.234362266611893-5.23645967234851j)
(9.13551535396688-5.5382400153538j)
(9.008122563503083-5.841294091183898j)
(8.8513190411948-6.142524437176062j)
(8.664614855303274-6.438622089761015j)
(8.447945950299365-6.726116027483063j)
(8.201718411399868-7.001435467887167j)
(7.926842591518389-7.260984260696738j)
(7.62475363700472-7.501225624168354j)
(7.2974152449858725-7.718774408033344j)
(6.947304135831021-7.91049304156939j)
(6.57737373176816-8.073586467796389j)
(6.1909968484275035-8.205690808992394j)
(5.791888726673489-8.304950372687898j)
(5.384013306034971-8.37007796848242j)
(4.971477086870941-8.400394380599593j)
(4.558416062107276-8.395844172315469j)
(4.148881866177186-8.356986658339668j)
(3.746733392183719-8.284962687337899j)
(3.3555396492856726-8.181439620474508j)
(2.9784986338184716-8.04853837335676j)
(2.6183756028519394-7.888747450211935j)
(2.277462546252555-7.704829448495428j)
(1.9575590447750626-7.499725533193096j)
(1.6599732511519756-7.276462927410821j)
(1.3855405700376084-7.038069647547829j)
(1.134656816729194-6.787499664937944j)
(0.907322222369144-6.527570543135132j)
(0.7031925945959618-6.260914506255111j)
(0.5216341728469804-5.989942933929629j)
(0.3617791544141904-5.716823511467006j)
(0.2225794258331046-5.443468714003978j)
(0.10285663772972621-5.171533966331105j)
(0.00134734883387147-4.902423670949578j)
(-0.08325750637054384-4.637303299445275j)
(-0.15227912718361053-4.377115856084269j)
(-0.20702328387224844-4.12260120886358j)
(-0.2487583758565838-3.8743170084916114j)
(-0.27869863179789317-3.6326601532318663j)
(-0.297991871781713-3.3978879877896278j)
(-0.3077112083528466-3.170138634690725j)
(-0.3088500627528756-2.949450039700168j)
(-0.3023199025165292-2.7357774658708696j)
(-0.2889501557922743-2.5290092939608555j)
(-0.2694898177546814-2.3289810823691077j)
(-0.24461032876460492-2.1354879106814453j)
(-0.21490936786520132-1.9482950811455662j)
(-0.1809152656832012-1.7671472856934025j)
(-0.14309179596019866-1.5917763660423283j)
(-0.10184315381986464-1.4219078040815616j)
(-0.05751897118832542-1.2572660818565278j)
(-0.010419255685568273-1.0975790472106328j)
(0.03920083076874031-0.9425814142846732j)
(0.09112641284443286-0.7920175189753396j)
(0.1451786015613154-0.6456434391431007j)
(0.20121047650497-0.5032285785852915j)
(0.25910336168852044-0.36455680307791793j)
(0.3187633966678196-0.22942720648987286j)
(0.3801183972219612-0.09765457530019399j)
(0.4431149944506811+0.03093038908261218j)
(0.5077160371294769+0.15648103895042156j)
(0.5738982392841838+0.27913489600686336j)
(0.6416500529371922+0.3990138769515463j)
(0.710969744629952+0.5162245977367949j)
(0.7818636534813743+0.6308587307398341j)
(0.8543446080768411+0.7429933940606569j)
(0.9284304793173945+0.8526915567432005j)
(1.004142846440401+0.9600024480132615j)
(1.0815057537306787+1.064961962716417j)
(1.160544535980403+1.167593059098817j)
(1.2412846915551377+1.267906148965767j)
(1.323750783037101+1.3658994841259113j)
(1.4079653469165427+1.4615595469084004j)
(1.4939477957827476+1.55486145642891j)
(1.5817132990328344+1.6457694061461285j)
(1.6712716313879163+1.7342371520240418j)
(1.7626259826004238+1.8202085741818703j)
(1.855771726761279+1.9036183381017024j)
(1.9506951556570216+1.984392684048566j)
(2.0473721877225945+2.0624503750480745j)
(2.1457670722566227+2.137703834216072j)
(2.245831117588723+2.2100605010491736j)
(2.347501481561024+2.2794244330386673j)
(2.4507000726095467+2.345698173248282j)
(2.555332619328585+2.4087848959314j)
(2.6612879749181118+2.468590830604454j)
(2.7684377294242632+2.5250279501769017j)
(2.8766362061297035+2.5780168909668553j)
(2.9857209177191666+2.627490052253293j)
(3.0955135518741037+2.6733948013787114j)
(3.205821543872502+2.7156966886986478j)
(3.3164402750855317+2.754382556651874j)
(3.427155911011575+2.7894634109786525j)
(3.53774886140031+2.820976911856182j)
(3.647997809610943+2.848989340552829j)
(3.7576842209209036+2.873596904818437j)
(3.8665972030295195+2.8949262646057736j)
(3.9745385598779053+2.9131341888389213j)
(4.081327855589546+2.928406292623279j)
(4.186807291895834+2.9409548501359035j)
(4.290846202085799+2.9510157279962184j)
(4.39334497832646+2.958844533022652j)
(4.494238276697862+2.9647121125069704j)
(4.5934973835383355+2.9688995803663256j)
(4.69113167445338+2.971693065489404j)
(4.787189149443985+2.9733783872726947j)
(4.881756079500685+2.9742358572537544j)
(4.974955847319544+2.9745353859283097j)
(5.066947103859998+2.9745320426384727j)
(5.157921390713287+2.974462177136757j)
(5.248100394407342+2.97454016781243j)
(5.337733002853634+2.9749558173315442j)
(5.427092327275611+2.975872374847709j)
(5.516472837091828+2.9774251274867036j)
(5.606187732767194+2.979720474078631j)
(5.696566655100888+2.982835371763407j)
(5.7879538011033045+2.986817030961428j)
(5.8807064884239795+2.9916827254703997j)
(5.975194183573268+2.99741958087845j)
(6.071797984687068+3.003984204618182j)
(6.170910527485498+3.0113020233457357j)
(6.272936263023072+3.0192661965570027j)
(6.3782920370191185+3.027735978339135j)
(6.487407881826849+3.036534401099453j)
(6.600727911970952+3.0454451555957402j)
(6.718711190926511+3.054208540616234j)
(6.84183240846577+3.062516353724496j)
(6.970582172293825+3.0700055926765653j)
(7.105466672474092+3.0762508372543222j)
(7.247006419820795+3.080755186094624j)
(7.395733687490526+3.0829396366172848j)
(7.552188196126608+3.08213082396883j)
(7.716910475381218+3.077547084698276j)
(7.890432208047154+3.068282893001016j)
(8.073262719344282+3.0532918453438715j)
(8.2658706191954+3.0313685602850624j)
(8.468659452196208+3.001130135179802j)
(8.681936081000906+2.9609981839934063j)
(8.905870460939504+2.909182995048372j)
(9.14044551335905+2.84367201447146j)
(9.385396053746877+2.7622256877464757j)
(9.64013628768691+2.6623846584044353j)
(9.90367638917789+2.5414933617105477j)
(10.1745302719988+2.396746018644072j)
(10.450618989204685+2.2252616808549877j)
(10.729177307482713+2.024194917356455j)
(11.006674795255703+1.7908874512816089j)
(11.278766843472706+1.5230629509413727j)
(11.540294604839346+1.219061713668998j)
(11.785354617138518+0.8781039298569457j)
(12.007457216083115+0.5005600312187405j)
(12.199786071389083+0.08819581042169337j)
(12.355558291278529-0.35564873307932693j)
(12.468466095854716-0.8259908791747396j)
(12.533159939543598-1.3162848013648045j)
(12.545714412525204-1.8186696983277222j)
(12.504008718126565-2.3243797403118336j)
(12.407958308752475-2.824277849236023j)
(12.25955484420308-3.309448306732768j)
(12.062704118761264-3.77176888329224j)
(11.822887507678248-4.204386555528586j)
(11.54670184021219-4.602041062791867j)
(11.241347882410839-4.961211181392388j)
(10.914136417446962-5.2800905681739305j)
(10.572066208277848-5.558425183658543j)
(10.221506209205247-5.797258090010872j)
(9.867992004409903-5.998629532538731j)
(9.51612853650701-6.165273507466839j)
(9.169579992536306-6.300340627893054j)
(8.831123113287296-6.407164814234807j)
(8.502740636357533-6.489080719728109j)
(8.185735078128928-6.549291049681762j)
(7.880847830700379-6.590778174364233j)
(7.588373344452933-6.616252181549359j)
(7.308262280499386-6.628127049030038j)
(7.040210675499474-6.628517246013109j)
(6.783734365789971-6.619248244858561j)
(6.538229311600264-6.601875762989625j)
(6.30301923638774-6.577709832652624j)
(6.077392335906607-6.547840900473567j)
(5.860628870259764-6.513166050851323j)
(5.652021345806961-6.474414131815877j)
(5.450888803407335-6.43216906507289j)
(5.256586507798043-6.386890977086121j)
(5.06851211177416-6.3389350285077475j)
(4.886109165567574-6.288567974352037j)
(4.708868664313548-6.235982581011745j)
(4.536329176856702-6.1813100772298135j)
(4.368075976233299-6.124630838481581j)
(4.203739493192938-6.065983508090098j)
(4.042993335682103-6.005372750998862j)
(3.885552055846077-5.942775822419363j)
(3.7311687986229027-5.878148116873627j)
(3.579632929595826-5.811427845597902j)
(3.4307677120722686-5.742539973182585j)
(3.2844280824066714-5.67139952844638j)
(3.1404985567975587-5.597914390258423j)
(2.998891290892669-5.521987636460999j)
(2.8595443045275015-5.44351953318447j)
(2.722419877011722-5.36240923256502j)
(2.587503112952091-5.2785562390025795j)
(2.4548006741875583-5.1918616974267024j)
(2.324339669650832-5.102229551357345j)
(2.19616669159639-5.0095676136367535j)
(2.070346983453186-4.91378858835096j)
(1.9469637214456856-4.814811078444902j)
(1.8261173890051077-4.712560609661626j)
(1.7079252198446215-4.606970697512553j)
(1.5925206824199085-4.497983979835058j)
(1.4800529754113727-4.385553432956123j)
(1.3706865009563296-4.26964368442066j)
(1.2646002797832894-4.150232429555539j)
(1.1619872703415028-4.027311952755447j)
(1.0630535527024578-3.900890747279197j)
(0.9680173376763431-3.7709952195691003j)
(0.8771077624966154-3.6376714557625114j)
(0.7905634368307314-3.5009870193326895j)
(0.7086307070089435-3.3610327399410056j)
(0.6315616124140401-3.2179244449532054j)
(0.5596115160589911-3.0718045770903393j)
(0.4930364015210495-2.9228436348458984j)
(0.4320898404973817-2.771241367136757j)
(0.3770196490565853-2.617227650721964j)
(0.32806426578192577-2.4610629787449203j)
(0.28544890087206004-2.3030384917917575j)
(0.2493815211711058-2.143475489450121j)
(0.22004875120302314-1.9827243706697013j)
(0.1976117836616006-1.8211629652245716j)
(0.18220240351184774-1.6591942359725662j)
(0.1739192369879422-1.4972433518456874j)
(0.17282433955016976-1.3357541537846753j)
(0.17894023471102885-1.1751850591194801j)
(0.1922475082512209-1.016004472996399j)
(0.21268304973399005-0.8586857970741114j)
(0.24013901575105862-0.7037021445668553j)
(0.2744625677015414-0.5515208856265459j)
(0.3154564121264228-0.4025981570505569j)
(0.36288014495015347-0.2573734746938171j)
(0.4164523738177164-0.11626458541872545j)
(0.4758535665052455+0.020337312015276776j)
(0.5407295495003087+0.15207186061716335j)
(0.6106955604973803+0.27861325447276913j)
(0.6853407426789853+0.3996732860412644j)
(0.7642329578815568+0.515003677486878j)
(0.846923790358574+0.6243976669412762j)
(0.9329536127902159+0.7276908453039894j)
(1.0218565910806485+0.8247612625926021j)
(1.1131655137035226+0.9155288439562623j)
(1.2064163440981959+0.9999541735088044j)
(1.3011524099648804+1.07803671861081j)
(1.3969281603123127+1.1498125778894155j)
(1.4933124388626524+1.2153518431167478j)
(1.5898912400940777+1.2747556682662655j)
(1.6862699311064273+1.328153138982354j)
(1.7820749380858816+1.3756980327936492j)
(1.8769549100334113+1.4175655551999566j)
(1.9705813843765954+1.4539491298110414j)
(2.062648989009436+1.4850573125411806j)
(2.152875223225922+1.5111108909492934j)
(2.240999866047252+1.532340220581265j)
(2.3267840647802385+1.548982840960116j)
(2.410009159520588+1.5612814049433101j)
(2.4904753009905165+1.5694819467013583j)
(2.5679999198434182+1.5738325056670313j)
(2.6424161056374067+1.574582116483852j)
(2.713570953309568+1.5719801682009689j)
(2.7813239343750604+1.5662761296151757j)
(2.845545349384264+1.5577196315907431j)
(2.9061149174951533+1.5465608911914792j)
(2.9629205583874065+1.533051456297924j)
(3.0158574211100433+1.5174452427927776j)
(3.0648272136709322+1.499999829108254j)
(3.109737885995782+1.4809779646782772j)
(3.1505037169357233+1.4606492394039423j)
(3.1870458527891428+1.4392918504734185j)
(3.219293339697793+1.4171943907490432j)
(3.2471846845317547+1.3946575695912693j)
(3.2706699676551034+1.3719957628209738j)
(3.2897135153889905+1.3495382742276956j)
(3.3042971192385124+1.327630177689558j)
(3.3144237623801223+1.3066325980882452j)
(3.320121781220938+1.2869222827324875j)
(3.321449351299178+1.268890315305102j)
(3.318499143440852+1.252939834065105j)
(3.311402949971368+1.2394826378651j)
(3.300336035132538+1.2289345998820178j)
(3.285520923135488+1.2217098614300208j)
(3.267230307056567+1.2182138471128015j)
(3.245788748348274+1.2188352262388147j)
(3.2215728464343876+1.2239370398083464j)
(3.195009596135062+1.2338473107503236j)
(3.166572720904143+1.248849548160832j)
(3.1367768722016782+1.2691736329115033j)
(3.1061697156906005+1.2949876203339912j)
(3.075322074591915+1.326391004996179j)
(3.044816456336896+1.3634099551755021j)
(3.015234434351814+1.4059949377547551j)
(2.9871434750597543+1.4540210214403928j)
(2.961083875224946+1.507290977591084j)
(2.9375564951530717+1.565541109486766j)
(2.917011934083263+1.628449552246439j)
(2.899841698161689+1.6956466173219376j)
(2.886371768961589+1.766726625680961j)
(2.87685880780681+1.8412605953696652j)
(2.87148904762796+1.918809127993563j)
(2.8703797493572765+1.9989348731053926j)
(2.873582950823888+2.081214031163787j)
(2.8810911247166477+2.1652464714581106j)
(2.89284429443592+2.2506641756893195j)
(2.9087381326524264+2.337137855429999j)
(2.9286325823125186+2.424381719326791j)
(2.952360585507594+2.51215647403007j)
(2.979736572280013+2.6002707258090996j)
(3.010564439245595+2.6885810058096813j)
(3.044644828198593+2.776990672219277j)
(3.0817815908224286+2.865447950681914j)
(3.1217873925937756+2.9539433648216353j)
(3.1644884643360056+3.042506786724532j)
(3.2097285528004433+3.131204307462873j)
(3.2573721526016572+3.2201350943099647j)
(3.3073071221682357+3.3094283674085223j)
(3.359446797941139+3.39924059662303j)
(3.413731725886134+3.48975299059637j)
(3.4701311294674353+3.5811693254088457j)
(3.5286442303578505+3.67371413992275j)
(3.5893015338878285+3.767631308715915j)
(3.652166186850882+3.863182991026443j)
(3.7173355118313784+3.960648944755225j)
(3.784942820549281+4.060326187623031j)
(3.855159609526278+4.1625289823310565j)
(3.928198245282432+4.267589118284592j)
(4.004315253857289+4.375856458331178j)
(4.083815341330315+4.487699714209736j)
(4.16705628889083+4.6035074080739955j)
(4.254454888720246+4.723688968438597j)
(4.346494116535392+4.848675895825871j)
(4.443731774394656+4.978922914481735j)
(4.546810884891326+5.114908999397952j)
(4.656472177124298+5.2571381292731925j)
(4.773569078228419+5.406139561480915j)
(4.899085714582417+5.562467348324336j)
(5.034158537293221+5.7266987060706525j)
(5.180102320617141+5.899430697098814j)
(5.338441442896017+6.081274473482503j)
(5.510947549684514+6.272846032696111j)
(5.699684917868389+6.474752017749783j)
(5.907065082237286+6.687568505115573j)
(6.135912536269475+6.911809893814776j)
(6.389543541392463+7.147883838736353j)
(6.671860202929328+7.396026522121672j)
(6.987461862764554+7.656210238855071j)
(7.341775275165613+7.928012029059913j)
(7.741203540909152+8.210427600112522j)
(8.193290623251912+8.501608658730673j)
(8.706892172434538+8.798493658359586j)
(9.292332199175352+9.096291716068144j)
(9.961505393049578+9.387767640862764j)
(10.72785122540118+9.662265011508724j)
(11.606070789408369+9.904400403014481j)
(12.611371410591822+10.092379625001128j)
(13.757900687369778+10.195955509485392j)
(15.055879095242796+10.174219427984447j)
(16.506811996225373+9.973776778111365j)
(18.096213447597883+9.528488250860004j)
(19.783836582974143+8.762857992137336j)
(21.49298048434439+7.60196303738502j)
(23.103355172519603+5.99046099639787j)
(24.455338705794297+3.9198400715621995j)
(25.37380770111675+1.4556287298579553j)
(25.712071538578783-1.2518139491843099j)
(25.40082937553852-3.988483239315425j)
(24.475615319729737-6.528659537884818j)
(23.06472203595677-8.6937181868803j)
(21.345074168760316-10.388029381026199j)
(19.49210078734214-11.599789091573465j)
(17.64597048293938-12.377041994674979j)
(15.900128048721989-12.797374582408061j)
(14.305684707500237-12.944009828713936j)
(12.882457663441771-12.891987688314675j)
(11.630311085478057-12.702623503470068j)
(10.538052752466768-12.42297677757541j)
(9.58943868395166-12.087655110072722j)
(8.766807564641802-11.72132437837612j)
(8.053067084198991-11.341124531381428j)
(7.432644387879075-10.95868815609297j)
(6.891833783162362-10.581708400093715j)
(6.418819208584994-10.215106229832351j)
(6.003537744442392-9.861876912536326j)
(5.63747846393209-9.523693608281697j)
(5.313467127352169-9.201332923725571j)
(5.025461756168925-8.894972512751789j)
(4.768369902142749-8.604397835756886j)
(4.537890833080188-8.329144917160578j)
(4.330382047823602-8.068598232443852j)
(4.1427478198744065-7.822057245026525j)
(3.972346874894495-7.588781101269735j)
(3.8169162803885213-7.3680181528900865j)
(3.6745088618076718-7.159024978687138j)
(3.5434417953312605-6.961078176130196j)
(3.4222543803816676-6.773481211048052j)
(3.3096733250032315-6.595567924928275j)
(3.2045841685654817-6.426703816026419j)
(3.1060077149266965-6.266285870998539j)
(3.013080557158592-6.1137414851324365j)
(2.925038946607902-5.968526841480492j)
(2.841205399608749-5.830125001339392j)
(2.7609775495826354-5.698043875906082j)
(2.6838188450958693-5.571814191245156j)
(2.609250769581148-5.450987518657023j)
(2.536846319149151-5.335134414981608j)
(2.466224523924301-5.2238426986493325j)
(2.39704583785817-5.116715874784246j)
(2.3290082538146013-5.013371714510242j)
(2.261844026355035-4.913440988472613j)
(2.1953169052724095-4.8165663515083965j)
(2.129219799499931-4.722401373699843j)
(2.0633728043387713-4.6306097122394325j)
(1.9976215356450173-4.5408644182828235j)
(1.9318357232074947-4.452847373027911j)
(1.865908022450278-4.366248847471643j)
(1.7997530091486547-4.28076718055059j)
(1.73330632632571-4.196108570594152j)
(1.6665239561238903-4.111986975165634j)
(1.5993815923998336-4.0281241144088344j)
(1.5318740922201133-3.944249572942329j)
(1.4640149864605212-3.860100995142792j)
(1.3958360314333353-3.7754243683366617j)
(1.32738678496961-3.6899743879738516j)
(1.2587341917416268-3.603514898306143j)
(1.1899621638861277-3.51581940143889j)
(1.12117114423979-3.426671626894334j)
(1.0524776407757315-3.3358661530342744j)
(0.9840137221746154-3.2432090708713943j)
(0.9159264659181164-3.1485186799886655j)
(0.848377351882204-3.0516262055264987j)
(0.7815415961534898-2.9523765245422036j)
(0.715607421700782-2.850628889549618j)
(0.6507752645981103-2.7462576367752334j)
(0.58725691668848-2.6391528666802406j)
(0.5252746078571736-2.5292210846611836j)
(0.465060033382534-2.416385790607624j)
(0.40685333406851054-2.300588007204583j)
(0.35090203893449473-2.181786738544507j)
(0.29745998202791935-2.059959352751139j)
(0.24678620631232234-1.9351018848841308j)
(0.19914386844665513-1.8072292593159565j)
(0.1547991584984374-1.6763754339461039j)
(0.11402024813946596-1.5425934718956356j)
(0.07707627960226641-1.4059555495356537j)
(0.04423640562189349-1.266552912642919j)
(0.015768887799090983-1.124495794937206j)
(-0.00805974259657834-0.9799133150282795j)
(-0.026985461238091698-0.8329533686973593j)
(-0.040747468718847955-0.683782533314887j)
(-0.04908885788911324-0.5325859999591245j)
(-0.051757242201620215-0.3795675464381476j)
(-0.04850535965513377-0.22494956100047914j)
(-0.03909166880077677-0.06897312222201024j)
(-0.023280953781035073+0.08810186435700527j)
(-0.0008449542417921714+0.24599647742774053j)
(0.028436966986515558+0.40441254847402086j)
(0.06477711038797972+0.5630324014405721j)
(0.10837867910448198+0.7215185801344031j)
(0.1594349782061019+0.8795135809242169j)
(0.21812859079197586+1.0366396066573629j)
(0.2846305585976334+1.1924983528617308j)
(0.3590996059107302+1.3466708286313458j)
(0.44168145633452016+1.4987172015535595j)
(0.5325083013950956+1.6481766380955967j)
(0.6316984871230698+1.794567087564356j)
(0.7393564883479+1.9373849286315892j)
(0.8555732391215376+2.076104362042739j)
(0.9804268797841174+2.2101763910182526j)
(1.1139839646795988+2.339027181441946j)
(1.2563011468676737+2.4620555364840406j)
(1.4074273139782556+2.5786291538921238j)
(1.5674060879712433+2.6880792576266423j)
(1.7362785144147992+2.789693107467175j)
(1.914085644491106+2.882703789377005j)
(2.1008705414482627+2.9662765751101974j)
(2.296679002467694+3.0394910129305415j)
(2.5015579476195997+3.1013177776479006j)
(2.715549947681193+3.1505891811225024j)
(2.9386816827847055+3.185962153590412j)
(3.1709431627660947+3.2058725105898382j)
(3.4122531909556297+3.208479530925235j)
(3.662404686503758+3.191600488811718j)
(3.9209809629457255+3.152636159286061j)
(4.18723081272441+3.0884910435128736j)
(4.459886381026792+2.995497101437347j)
(4.736903931438896+2.8693586032130898j)
(5.015105396452065+2.705150358944001j)
(5.289701883969677+2.4974243948996424j)
(5.553696615777687+2.2405125150719374j)
(5.797207086656913+1.9291512063847096j)
(6.006832836542019+1.559586549184627j)
(6.165342274014228+1.1313023674101907j)
(6.252148709413519+0.6493829525543672j)
(6.245204070067698+0.12717983242630668j)
(6.1248390378782265-0.41162925794305005j)
(5.879412665439608-0.9331065843376888j)
(5.511311500060265-1.3967848193248011j)
(5.040497066177343-1.7633222628819565j)
(4.502845303067256-2.0039018755990057j)
(3.942844702682136-2.1072984000168478j)
(3.40354286479072-2.081255686507845j)
(2.9181608800925765-1.9480118960520447j)
(2.5062768124701496-1.7368378487833667j)
(2.1745690595987592-1.4770742845126348j)
(1.92019672751676-1.193678685164682j)
(1.7347327370682484-0.9054714637376214j)
(1.6073913708186998-0.6252644476204235j)
(1.5271640730874037-0.36090977684846576j)
(1.4839863167693064-0.11658252301674277j)
(1.4692269378310048+0.1060611330788694j)
(1.4757751232799192+0.3069768708931388j)
(1.4979232976531052+0.48708049063663517j)
(1.5311681770244505+0.64780706555223j)
(1.5719967001081332+0.7908269835444751j)
(1.6176886480751007+0.917871467544168j)
(1.6661480467243353+1.0306311781709832j)
(1.7157653371616044+1.1307019317374596j)
(1.7653077241662378+1.2195598366830585j)
(1.8138334773931994+1.2985541617299445j)
(1.8606257658229282+1.368910400108938j)
(1.9051420326751125+1.4317387684023712j)
(1.9469755488856304+1.4880451901727567j)
(1.9858264212692756+1.5387429767310705j)
(2.021479895178017+1.5846641518501956j)
(2.053790256556322+1.6265698251159635j)
(2.0826690067788767+1.665159300641729j)
(2.108076268054757+1.7010777801924761j)
(2.1300145929796375+1.734922625346315j)
(2.148524514131373+1.767248209833011j)
(2.163681291916363+1.7985694381471118j)
(2.1755924127206505+1.8293640406718743j)
(2.1843954644185506+1.8600737849363085j)
(2.1902560802621607+1.891104770030068j)
(2.1933657011939287+1.9228269969921963j)
(2.193938965021707+1.9555734308281154j)
(2.192210591196294+1.989638787222426j)
(2.1884316928228595+2.025278286005777j)
(2.1828655119273095+2.0627066110819117j)
(2.1757826372202347+2.102097300615983j)
(2.167455821831453+2.1435827608620035j)
(2.1581545673349543+2.187255052749367j)
(2.148139675605131+2.233167544723416j)
(2.1376579883052864+2.281337462458183j)
(2.1269375332998917+2.33174930122769j)
(2.116183278141165+2.3843590057449733j)
(2.1055736551724302+2.439098770665324j)
(2.095257974647943+2.4958822771466154j)
(2.0853547867551416+2.5546101596616726j)
(2.075951196199773+2.615175493492248j)
(2.067103079465916+2.6774691058975093j)
(2.0588361094558834+2.7413845400993555j)
(2.051147458017484+2.8068225371251474j)
(2.0440080253784205+2.8736949418689104j)
(2.0373650366953266+2.941927982263159j)
(2.0311448485088737+3.0114649105709144j)
(2.0252558197089416+3.082268030787226j)
(2.019591120038542+3.1543201642816747j)
(2.0140313715052467+3.2276256264091336j)
(2.0084470418624716+3.3022107999978356j)
(2.0027005325274883+3.3781243981542377j)
(1.9966479244029214+3.4554375098625787j)
(1.9901403630703347+3.5342435187477j)
(1.9830250792168678+3.614657979475811j)
(1.9751460508047027+3.6968185288425155j)
(1.9663443205520703+3.7808849007205767j)
(1.9564579860892002+3.8670391065854766j)
(1.94532188110395+3.9554858369745136j)
(1.932766964331815+4.046453134463446j)
(1.9186194297787948+4.140193385916982j)
(1.9026995464153889+4.236984681153628j)
(1.8848202289844187+4.337132586973326j)
(1.8647853336406428+4.440972389944477j)
(1.8423876628911522+4.548871868686406j)
(1.81740665359788+4.661234666955978j)
(1.7896057093656859+4.778504353120889j)
(1.7587291240279794+4.9011692702323435j)
(1.7244985255220324+5.029768304802079j)
(1.686608748335019+5.164897732769308j)
(1.6447230166973437+5.307219339694274j)
(1.5984672881808155+5.457470061191258j)
(1.5474235661221405+5.616473452083579j)
(1.491121936338748+5.785153372874088j)
(1.4290310148087042+5.964550385542246j)
(1.3605464026272638+6.1558414851711705j)
(1.2849766246069891+6.360363970221244j)
(1.2015258669735673+6.579644487402986j)
(1.1092726114080054+6.815434598195871j)
(1.0071429634785518+7.069754633241405j)
(0.8938770583882915+7.344948171512776j)
(0.7679863438226315+7.643750266700701j)
(0.6276987095309723+7.969373637361847j)
(0.47088723445586556+8.325618580658201j)
(0.2949765640132949+8.717014576208749j)
(0.09681830784437004+9.149004748565092j)
(-0.12747713489359513+9.62818907755803j)
(-0.382771088672693+10.162649326980656j)
(-0.6752179990326065+10.7623894861692j)
(-1.0127221364129464+11.439942408842956j)
(-1.4056005086620882+12.21122029087392j)
(-1.867568408487511+13.096730738184673j)
(-2.4172449981986928+14.123354359656103j)
(-3.080526045427812+15.327008424077112j)
(-3.89446022371187+16.756751660289634j)
(-4.9138537181788156+18.481314042405444j)
(-6.22309786130717+20.599865197819152j)
(-7.9586566222538915+23.260508653243008j)
(-10.35507079825298+26.69349352375796j)
(-13.848099624405695+31.27359110806281j)
(-19.33477463170319+37.64068110136998j)
(-28.9385379085183+46.91715349003251j)
(-48.76937154906439+60.786041778630434j)
(-101.19960339586231+75.74878500674843j)
(-223.3139917747268-17.660938175201647j)
(-71.81355562532859-157.41162449971605j)
(-1.9919398647962803-100.2553775940602j)
(9.955338838068162-67.5816096628248j)
(12.236065280026748-50.238001733596825j)
(12.377768134741677-39.83696086927192j)
(11.973076076050956-32.98446636243976j)
(11.447241902879503-28.156109659221563j)
(10.92724273642548-24.582564286533735j)
(10.450248530724632-21.83767453526099j)
(10.023847552617218-19.66757044118163j)
(9.645720799131272-17.912056352805838j)
(9.31056870104466-16.465243918146452j)
(9.012620809843938-15.25442204469303j)
(8.746513445351127-14.228047316173317j)
(8.507544184468392-13.34858352530597j)
(8.291689870593508-12.588055797312473j)
(8.095541444728386-11.925192634062551j)
(7.91621684463096-11.343532645533955j)
(7.751275675932517-10.830136947709152j)
(7.5986438218757995-10.374692953581498j)
(7.456549795915159-9.968877624063989j)
(7.323472175204322-9.605896667626528j)
(7.198096642712901-9.280145507228777j)
(7.079281041210741-8.986956074565143j)
(6.966026980440532-8.722405110187529j)
(6.857456756771256-8.483167209520813j)
(6.752794566779575-8.266400873349419j)
(6.651351194284343-8.069659212512954j)
(6.552511516773128-7.890819286210842j)
(6.455724312770733-7.728025678435506j)
(6.360493960401036-7.5796450670333115j)
(6.266373703690405-7.444229364718243j)
(6.1729602312326-7.320485610676887j)
(6.079889365174531-7.207251232387538j)
(5.986832699870721-7.103473625840122j)
(5.893495061068454-7.008193250253167j)
(5.799612679636166-6.920529622832553j)
(5.7049519896222-6.839669745733946j)
(5.609308969402808-6.764858612175117j)
(5.51250894709052-6.695391529290735j)
(5.414406787213695-6.630608067031207j)
(5.314887364813331-6.569887498459659j)
(5.213866215401301-6.51264563889572j)
(5.111290224781715-6.4583330198427j)
(5.007138192136789-6.4064343477121035j)
(4.901421064433582-6.356469195260235j)
(4.794181602805659-6.3079938529527535j)
(4.685493206475689-6.260604225580832j)
(4.5754575935038755-6.2139395943361535j)
(4.4642010289351814-6.167686975811j)
(4.35186881062771-6.121585699642679j)
(4.2386177831891505-6.075431702954531j)
(4.124606762383069-6.029080915592739j)
(4.009984923899433-5.98245100551731j)
(3.8948784418806017-5.93552069502754j)
(3.7793759428425897-5.888325875993382j)
(3.66351364339028-5.840951874612222j)
(3.54726132323493-5.793521462892576j)
(3.4305104936744324-5.746178586293989j)
(3.313066197045278-5.699068249861819j)
(3.1946437653553947-5.652313524504873j)
(3.0748715522519587-5.605991121416524j)
(2.9533001461215624-5.560107344977305j)
(2.829417931705758-5.51457639069246j)
(2.70267218849267-5.469202854313373j)
(2.572494309677317-5.423669959445949j)
(2.4383273004461925-5.377534445449606j)
(2.2996535387166204-5.330228380273467j)
(2.15602087363902-5.281067489409346j)
(2.007065461761101-5.229265030015487j)
(1.8525302211637458-5.1739498643683195j)
(1.6922783243534727-5.114187230108472j)
(1.5263016599656918-5.049000752614769j)
(1.3547246028797277-4.977394450129063j)
(1.1778037052702763-4.898373781080156j)
(0.9959240516949778-4.810965111176949j)
(0.809593027760394-4.71423328267133j)
(0.6194321663931984-4.607297214795068j)
(0.42616759472859944-4.48934363600602j)
(0.23061944175806637-4.359639143689837j)
(0.033690408870162086-4.21754081409336j)
(-0.1636464292759261-4.062505558947948j)
(-0.3603606267525734-3.894098361834818j)
(-0.5553782666459997-3.7119994426752974j)
(-0.7475968788871897-3.5160103067594894j)
(-0.9359014836615329-3.30605854709511j)
(-1.119181827287788-3.082201194961067j)
(-1.296350812899101-2.8446263607145825j)
(-1.4663640477056108-2.5936528807031696j)
(-1.6282403402046786-2.329727690455706j)
(-1.78108289314862-2.0534206813666147j)
(-1.9241008604370369-1.765416868256016j)
(-2.0566308773997637-1.466505796962403j)
(-2.1781581426240515-1.1575682510523067j)
(-2.2883366327473253-0.8395604695809981j)
(-2.3870080746437146-0.5134962571118972j)
(-2.4742193845612985-0.1804275458816816j)
(-2.550238409980065+0.1585758482290316j)
(-2.615567972299776+0.5024463536360029j)
(-2.670958397747962+0.8501375536201209j)
(-2.717418926390698+1.200640595939124j)
(-2.756228586074821+1.5529966203506693j)
(-2.788947284553434+1.9063034898546867j)
(-2.8174279753179223+2.259714813606861j)
(-2.8438307438059063+2.612428848660791j)
(-2.8706394723791733+2.963664319205658j)
(-2.9006812723358997+3.312619450135056j)
(-2.937147963737894+3.6584095431163934j)
(-2.983617304632264+3.9999772330556036j)
(-3.044069076369592+4.335968246362801j)
(-3.1228870411317073+4.664564319728586j)
(-3.224831588474428+4.983264557218649j)
(-3.354958925856572+5.288608141718747j)
(-3.518450551518732+5.5758371898985795j)
(-3.7203020739253025+5.838512246632675j)
(-3.964806259715778+6.068119577076635j)
(-4.254759457513017+6.253754769284614j)
(-4.590339225964808+6.382034043036095j)
(-4.967669610720263+6.437464706921687j)
(-5.37723811918093+6.403565924412182j)
(-5.8025640590292795+6.264998345166727j)
(-6.219783643173876+6.0107346657719445j)
(-6.598940653068312+5.637818782392714j)
(-6.907493957293135+5.1546270607837545j)
(-7.11572662957019+4.582143093068757j)
(-7.202629516113098+3.952090669676103j)
