(54.62462131656885+0j)
(52.07675307510072-11.629942527090776j)
(45.72668865207503-20.489440157343953j)
(37.908094504663424-25.73306557006044j)
(30.379359944185733-27.949175695817065j)
(23.944994720207607-28.166892422798885j)
(18.755217814854483-27.257693468063284j)
(14.672206446708596-25.795685614903586j)
(11.482900317021446-24.11450616575631j)
(8.986526845817949-22.393573214570925j)
(7.01956222803217-20.722912851886242j)
(5.456382497976317-19.14337570375004j)
(4.202721633638662-17.66968506789394j)
(3.1883328116380487-16.30316890944362j)
(2.3607881587992754-15.038656813380008j)
(1.6807252376442452-13.868160400791169j)
(1.1183473668557231-12.782799701643462j)
(0.650888971601003-11.773778093129033j)
(0.2607880689025065-10.832844019468086j)
(-0.06563385808479527-9.952478762190946j)
(-0.33913059104073084-9.12594103928667j)
(-0.5682325232488652-8.347239849117221j)
(-0.7597639691049878-7.6110743399154765j)
(-0.9192280527782366-6.912761471954521j)
(-1.0510955912819104-6.248162279994428j)
(-1.1590237954772142-5.613612051059722j)
(-1.2460232238642188-5.005856730395194j)
(-1.314586248344988-4.42199625904803j)
(-1.3667866438882057-3.85943471516276j)
(-1.4043573257335336-3.315836731926678j)
(-1.4287514068882814-2.7890895025668145j)
(-1.4411904143161707-2.277269646109034j)
(-1.4427025323290443-1.7786142345097533j)
(-1.4341530306547148-1.291495337317672j)
(-1.4162685087286588-0.8143975050481982j)
(-1.389656195180566-0.34589767677724514j)
(-1.3548192453730845+0.11535294411747898j)
(-1.3121687538703293+0.5706454520632142j)
(-1.262033023849139+1.021228604326557j)
(-1.2046644976198493+1.4683233226448578j)
(-1.140244641241883+1.9131366430238712j)
(-1.068886983627526+2.3568754125139453j)
(-0.9906384302382644+2.8007600283768688j)
(-0.905478898155341+3.246038521415808j)
(-0.8133192482493355+3.6940013020862574j)
(-0.7139974167852601+4.14599691654067j)
(-0.6072725682128033+4.603449201777227j)
(-0.4928169975142506+5.067876287145561j)
(-0.370205397416964+5.540911967038029j)
(-0.23890096410669948+6.024330071466821j)
(-0.09823763285203757+6.520072593630899j)
(0.052602504292385+7.030282504981618j)
(0.21461786583892015+7.557342409811571j)
(0.3890238326745926+8.103920477812299j)
(0.5772992763907041+8.673025463869976j)
(0.7812462787963155+9.268073105217402j)
(1.0030673128670669+9.892966810336118j)
(1.2454657988034925+10.552196364558473j)
(1.511778316040435+11.250959427574534j)
(1.8061502074500186+11.995311951229548j)
(2.133771427310996+12.792355368831906j)
(2.501197170752322+13.650470550495095j)
(2.9167895546062157+14.579611067543286j)
(3.3913348284033993+15.591671060752486j)
(3.9389193545496606+16.700945292519304j)
(4.5781938618969376+17.924698994980425j)
(5.33423131662043+19.283858493834064j)
(6.24131044239182+20.803809717510546j)
(7.347172378033741+22.515225390451302j)
(8.719669926470491+24.45467240093622j)
(10.457376204058216+26.664330598133663j)
(12.706837077998081+29.189113983959626j)
(15.690990054325672+32.06688405514416j)
(19.75580776653324+35.30085376979927j)
(25.443283749457393+38.78652511827633j)
(33.585384452691585+42.124473559264175j)
(45.326175216638106+44.16646067615134j)
(61.61231419118676+42.097051613369366j)
(80.79936989477206+30.65580803057228j)
(94.13287987797281+5.823241123019636j)
(89.96827923422866-24.28227785591947j)
(71.39499673207474-43.96405338408486j)
(51.40695549538293-50.11952783859555j)
(36.24176303048856-48.76863719865095j)
(25.952638326199484-44.769293716842036j)
(19.11282720807799-40.31151317870893j)
(14.506926280870875-36.16175528051912j)
(11.332760260625896-32.51863343874422j)
(9.091079144176325-29.381757592174466j)
(7.471834133102448-26.691213386557518j)
(6.2791077013333885-24.377076424592786j)
(5.386128960458825-22.375471133331516j)
(4.708798545871296-20.632537244402887j)
(4.189968266857332-19.104252928233446j)
(3.789927848753826-17.755043898780848j)
(3.4805171077714685-16.55622432642471j)
(3.2413967775406447-15.484608125317076j)
(3.0576328980687477-14.52136836457278j)
(2.9180983796791957-13.651132356607889j)
(2.8143939412506933-12.861274379721955j)
(2.740105899014935-12.141365820350021j)
(2.690861022317743-11.482685654505797j)
(2.6619159489814965-10.878126121636074j)
(2.650477199282115-10.321606196974638j)
(2.6541889216811922-9.808045453812284j)
(2.671159992673825-9.333177653551127j)
(2.699863904907343-8.893420436130983j)
(2.7390547187411975-8.485772260361216j)
(2.787698496388427-8.10772970095347j)
(2.844916416209496-7.757220243805482j)
(2.909936236965799-7.432546756806905j)
(2.982049558237948-7.132340479645202j)
(3.060573029074069-6.8555198227126075j)
(3.1448122791384456-6.601252568153126j)
(3.23402792555862-6.368919283628659j)
(3.3274035841064227-6.158075947262608j)
(3.4240164109586093-5.9684139996963905j)
(3.5228113252320394-5.7997163507726945j)
(3.6225806881603644-5.651808340736887j)
(3.7219517816283-5.524503348976246j)
(3.8193848362568263-5.417543694204554j)
(3.9131844707116303-5.3305386699098465j)
(4.00152706426614-5.262902927643528j)
(4.082505655994782-5.213799786354106j)
(4.154192378891809-5.182095142496852j)
(4.214716259841039-5.166328153118223j)
(4.262351690457647-5.164704439229183j)
(4.295610429248607-5.175115998396858j)
(4.313328187847952-5.195189337401852j)
(4.314736232189418-5.222359851207815j)
(4.2995093598374625-5.253966783810025j)
(4.267784124001679-5.28735997495152j)
(4.220144883354468-5.3200077444853395j)
(4.157579448992789-5.349595143151089j)
(4.0814099197952896-5.37410343398986j)
(3.993206999168891-5.391864661966925j)
(3.8946972407396228-5.401588825669504j)
(3.7876722528441715-5.402364715498518j)
(3.6739072292987403-5.39363830043374j)
(3.5550937979076442-5.37517427929562j)
(3.4327896468809946-5.347007012829615j)
(3.3083851495161616-5.309386706078909j)
(3.1830855251822925-5.262725728700057j)
(3.0579060342245956-5.207548675551854j)
(2.9336772523308015-5.144448456720363j)
(2.8110574744557395-5.0740495506737116j)
(2.6905496036811916-4.996978650775134j)
(2.572520343595707-4.913842305614728j)
(2.4572200232795938-4.8252107721139605j)
(2.344801868006387-4.731607118048344j)
(2.2353399453223686-4.6335005723684715j)
(2.1288453490527135-4.53130317690958j)
(2.0252804331896055-4.425368900918016j)
(1.9245710829291303-4.315994510344532j)
(1.8266171247226746-4.2034216170777094j)
(1.7313010450744888-4.087839457216132j)
(1.638495221671645-3.969388055973891j)
(1.548067880874873-3.848161527704819j)
(1.4598879909331184-3.7242113330990203j)
(1.373829286690329-3.597549373479964j)
(1.2897736034156984-3.468150846554855j)
(1.2076136776805622-3.335956821335473j)
(1.1272555538268714-3.200876514511749j)
(1.0486207166624242-3.062789268343641j)
(0.9716480551699139-2.921546242843652j)
(0.8962957484778562-2.7769718440685165j)
(0.8225431541217832-2.628864916868981j)
(0.7503927696036812-2.4769997353762934j)
(0.6798723312365245-2.3211268285727575j)
(0.6110371089969678-2.1609736820869996j)
(0.5439724523497671-1.9962453613679243j)
(0.4787966394837994-1.8266251060363454j)
(0.41566408084157774-1.6517749508636665j)
(0.35476892694659706-1.4713364358282326j)
(0.29634913002624996-1.2849314763997477j)
(0.24069100844399713-1.0921634759509105j)
(0.18813436208045883-0.8926187753691409j)
(0.1390781850363463-0.6858685509374217j)
(0.093987018745426-0.47147129080861677j)
(0.05339798298547874-0.24897600334850892j)
(0.017928513344196206-0.017926337741208845j)
(-0.011715179867024582+0.22213417104562638j)
(-0.03472893612018615+0.47165548418020936j)
(-0.05020078574399734+0.731072777204722j)
(-0.05710048006909395+1.0007961571267334j)
(-0.054268536927864625+1.28119798942885j)
(-0.040405000083477104+1.5725973912281896j)
(-0.014058206918836079+1.8752413908927967j)
(0.026386016232259026+2.18928220119248j)
(0.08271415073832245+2.51475000849874j)
(0.15689298980774166+2.851520653618139j)
(0.2510748111416377+3.1992775835545815j)
(0.36759836813338287+3.557467506108915j)
(0.5089839786331454+3.9252493055898823j)
(0.6779205611799405+4.301436010736447j)
(0.8772419926290699+4.684429986602043j)
(1.1098896644183025+5.072152100451861j)
(1.3788576456828652+5.461966443673363j)
(1.687116499518957+5.85060333373629j)
(2.037511664059002+6.234084818162781j)
(2.432632571591418+6.607658772818354j)
(2.874649557072551+6.965749888858452j)
(3.3651173645388637+7.301938240427676j)
(3.9047469707359985+7.608978442668152j)
(4.493151735356458+7.878874187650471j)
(5.128579633054885+8.103023519303436j)
(5.807650312432063+8.272448731180855j)
(6.525123304261373+8.378120325275598j)
(7.273730633583153+8.411376292066695j)
(8.044111553048335+8.364425798203886j)
(8.824886883250922+8.230910853294965j)
(9.602903379961779+8.006482597555129j)
(10.363663361066477+7.689333785491256j)
(11.09193196384499+7.280620049093476j)
(11.772486690115686+6.784703732762912j)
(12.390946508515114+6.2091680794233985j)
(12.934597249950208+5.56457593146677j)
(13.393122363753761+4.863981876008106j)
(13.759156637577478+4.122242872789032j)
(14.028604393232404+3.35520171332572j)
(14.200697888392462+2.5788335039786805j)
(14.277808409910595+1.8084447098520293j)
(14.265053870428424+1.0579985502649867j)
(14.16976685879199+0.33961473164295414j)
(14.000893858550176-0.3367376652751843j)
(13.768391069917328-0.9633616709502927j)
(13.48266865371125-1.5347951848913428j)
(13.154117770977933-2.047652726500144j)
(12.792737498010085-2.5003867846474326j)
(12.407864247238656-2.8930062795121807j)
(12.007995979831708-3.226782981240679j)
(11.600697345925207-3.5039686573662587j)
(11.192569289400367-3.7275378430845825j)
(10.789266646913793-3.9009643964034377j)
(10.395548885998414-4.028034814818163j)
(10.015351555770874-4.112697668157433j)
(9.651868680387015-4.158946240514694j)
(9.307638839577205-4.17073027854526j)
(8.984629855884714-4.151892312717692j)
(8.684318771257976-4.106124089677273j)
(8.407765150191247-4.036939021133201j)
(8.155676738109127-3.9476570679602303j)
(7.928467194791687-3.8413990369877133j)
(7.726306078163901-3.7210878101692018j)
(7.549161532613218-3.589454517252988j)
(7.396836287587686-3.4490480883734387j)
(7.26899763585485-3.302246978742073j)
(7.165202066363385-3.151272147358021j)
(7.084915196089408-2.9982006024307415j)
(7.027527594132641-2.844979006406451j)
(6.992367030326191-2.6934369715589j)
(6.978707616792659-2.545299780818406j)
(6.9857762486698185-2.402200344661316j)
(7.012756692281747-2.2656902591596815j)
(7.058791616782279-2.1372498673546794j)
(7.122982819391537-2.0182972496809604j)
(7.204389854975691-1.910196082125132j)
(7.302027247819354-1.8142623053869038j)
(7.414860436864638-1.731769546196526j)
(7.541800585312991-1.6639532243872512j)
(7.68169837128047-1.6120132672491103j)
(7.833336868300158-1.5771153368103057j)
(7.995423623222472-1.5603904565687297j)
(8.166582045068212-1.5629329023696066j)
(8.345342232514161-1.5857961981929312j)
(8.53013139110691-1.6299870323663614j)
(8.719264025489286-1.6964568842761716j)
(8.910932138652663-1.7860911276337605j)
(9.103195731480161-1.8996953561107843j)
(9.29397397371703-2.03797866398107j)
(9.481037513949321-2.2015336128481096j)
(9.662002512680639-2.3908126316665896j)
(9.834327119641122-2.606100638982279j)
(9.995311272753732-2.8474837535013617j)
(10.142100867645327-3.1148140836917104j)
(10.271697525058402-3.407670772758605j)
(10.380975355174249-3.7253177366086003j)
(10.466706261546928-4.066658883262888j)
(10.525595412958397-4.430192053357772j)
(10.55432849894314-4.813963476603419j)
(10.549632224054504-5.215525189885221j)
(10.508349129624758-5.631898581978104j)
(10.427527200147507-6.059547964888152j)
(10.304523762403209-6.49436873806039j)
(10.137121889103938-6.931695189363445j)
(9.923655886439862-7.366333113714257j)
(9.663140550387109-7.7926220540837985j)
(9.355396875827733-8.204530912710903j)
(9.001165043107916-8.595788817960509j)
(8.602194119902029-8.960050431637558j)
(8.161297382301921-9.29109145246972j)
(7.682362841862797-9.583026203573883j)
(7.170310722182377-9.830535360007495j)
(6.6309933114073125-10.029088693915131j)
(6.071037593838622-10.175145849230427j)
(5.497636793403542-10.266318164910356j)
(4.9183026476569465-10.301476748547344j)
(4.3405949585591035-10.280796286855743j)
(3.7718478983941157-10.205729974713448j)
(3.2189131276535212-10.078917610346766j)
(2.687937872498134-9.904035321205008j)
(2.1841920423153653-9.68560057777586j)
(1.7119529559274844-9.428749403436054j)
(1.2744502098896695-9.139003676955904j)
(0.8738675822290256-8.8220452573239j)
(0.5113943482401561-8.48351079611355j)
(0.1873154165267709-8.128817203412266j)
(-0.09887162889744143-7.763023501416021j)
(-0.3483243476908288-7.390730838295781j)
(-0.5627186278651736-7.016019164355802j)
(-0.7441157845844808-6.6424167066017015j)
(-0.8948398751302363-6.272896946965651j)
(-1.0173693193343456-5.909897211100237j)
(-1.1142449571053634-5.555353031387376j)
(-1.1879950921496882-5.210742958121648j)
(-1.241076900346656-4.877139267850583j)
(-1.2758328004341106-4.555260902388302j)
(-1.2944599371108527-4.24552585240763j)
(-1.2989907410689812-3.9481010023625864j)
(-1.2912825348740176-3.662948139203508j)
(-1.2730142838600222-3.3898653817389564j)
(-1.2456887949547315-3.128523713526877j)
(-1.2106389039586698-2.8784986129538144j)
(-1.1690364353456681-2.6392969876626524j)
(-1.1219029500154902-2.4103797558998754j)
(-1.070121505111999-2.191180492825587j)
(-1.0144488310786854-1.9811205912701477j)
(-0.9555274833955916-1.7796213870223028j)
(-0.893897651166725-1.586113678961815j)
(-0.8300084045003833-1.400045042184143j)
(-0.764228240680331-1.2208852935720662j)
(-0.6968548488501022-1.04813042818761j)
(-0.6281240575730712-0.881305304182967j)
(-0.5582179621299646-0.7199653154324672j)
(-0.48727225133887225-0.5636972557952753j)
(-0.41538276919968076-0.41211954732473427j)
(-0.34261135657156416-0.2648819769773666j)
(-0.2689910238409162-0.12166506233732831j)
(-0.19453050828726595+0.017820853691712026j)
(-0.11921827051425622+0.15383669669588146j)
(-0.04302598358182962+0.2866158751779846j)
(0.03408843311227207+0.4163655599676651j)
(0.112178185203109+0.5432679831964861j)
(0.19130533220238877+0.6674817199446919j)
(0.2715388282223576+0.7891429228179812j)
(0.35295283099883795+0.9083664857792849j)
(0.4356252373848709+1.0252471188055128j)
(0.5196364049350184+1.1398603196024608j)
(0.6050680203363495+1.2522632329107581j)
(0.6920020762895954+1.362495392075191j)
(0.7805199190564021+1.4705793417167228j)
(0.8707013293527367+1.5765211447148195j)
(0.9626235997068171+1.6803107814405875j)
(1.0563605719743472+1.7819224544209784j)
(1.151981599625705+1.881314817485121j)
(1.2495504009500575+1.9784311550286293j)
(1.349123771783456+2.07319954436972j)
(1.4507501301406809+2.1655330422219645j)
(1.5544678706498896+2.2553299449334j)
(1.6603035144315974+2.3424741810642726j)
(1.7682696505181703+2.426835903644637j)
(1.8783626785316603+2.5082723574036385j)
(1.9905603794835596+2.5866291024871035j)
(2.104819362385825+2.6617416795053144j)
(2.221072458717319+2.7334377997632853j)
(2.3392261640648977+2.801540137605532j)
(2.459158255256316+2.865869787271476j)
(2.5807157400966516+2.9262504229354214j)
(2.7037133226971903+2.98251316651814j)
(2.8279325868481577+3.034502122968505j)
(2.9531221088349993+3.082080487723474j)
(3.078998705171392+3.1251370681823505j)
(3.2052499958675456+3.1635929943007244j)
(3.3315384170726183+3.1974083287305186j)
(3.4575067471455583+3.226588231849054j)
(3.582785119102447+3.2511883000721187j)
(3.706999384994134+3.271318685480117j)
(3.8297805826493767+3.2871466279527213j)
(3.95077514395014+3.298897091592967j)
(4.0696553897789585+3.3068512946916697j)
(4.18612979331016+3.311343051050185j)
(4.299952471417411+3.3127529891532173j)
(4.410931390159153+3.3115008693580785j)
(4.518934845015744+3.308036360762709j)
(4.623895893560222+3.302828752155632j)
(4.72581456532998+3.2963561422045697j)
(4.824757834470201+3.2890946751426355j)
(4.920857497388483+3.2815083587432645j)
(5.014306233701386+3.274039927067033j)
(5.105352231511084+3.267103102385423j)
(5.194292820268965+3.2610764830869066j)
(5.281467574771265+3.2562991521961204j)
(5.367251336056655+3.253067977764738j)
(5.45204754687655+3.2516364719759423j)
(5.5362822308294755+3.252214996451748j)
(5.620398865407778+3.254972048986607j)
(5.704854319272303+3.260036340300271j)
(5.790115950255232+3.2674993644320947j)
(5.876659897732818+3.2774181776672515j)
(5.964970553597493+3.2898181224873957j)
(6.055541160553215+3.3046952593381733j)
(6.148875463760792+3.322018295101443j)
(6.245490329807215+3.341729819108549j)
(6.345919242761244+3.363746672362621j)
(6.450716587574974+3.3879592812348127j)
(6.560462633013649+3.414229781805657j)
(6.675769126230553+3.442388744242244j)
(6.797285405426911+3.472230277418845j)
(6.9257049216829385+3.5035052518596626j)
(7.061772031193775+3.5359123236306806j)
(7.206288868772553+3.569086372943244j)
(7.360122034821915+3.6025838894877236j)
(7.524208710853103+3.635864743654705j)
(7.699561649724394+3.6682696828536794j)
(7.887272248829319+3.698992793062177j)
(8.088510585686647+3.727048081973672j)
(8.304520849226495+3.751229296450827j)
(8.53661000617385+3.7700621241650527j)
(8.786126769265607+3.781748111847198j)
(9.054426958188333+3.7841000591599987j)
(9.342820161827406+3.7744694631456155j)
(9.652491265948953+3.7496679980380567j)
(9.984389039933864+3.705887290044589j)
(10.33907287664108+3.638624714492323j)
(10.716508505984779+3.5426279400060467j)
(11.1158049863598+3.411877692652876j)
(11.534889927808749+3.2396365696813887j)
(11.970129599803332+3.0186007640728185j)
(12.41591739302972+2.7411989296527195j)
(12.864279448045389+2.400083710780362j)
(13.304579203943405+1.9888498990677281j)
(13.723437365893762+1.5029805474673381j)
(14.105007157727748+0.9409623745946954j)
(14.431735881006711+0.3054265247576548j)
(14.685679851412095-0.395921248009405j)
(14.850309721335423-1.1498766597118155j)
(14.912566734399027-1.9380920443334642j)
(14.864768339553203-2.738343156911644j)
(14.705899345935856-3.526598944298161j)
(14.441925434021188-4.2795258258638835j)
(14.085017790927374-4.9768975133837206j)
(13.651883551951501-5.603403803940076j)
(13.161624470728349-6.149549131215122j)
(12.633608391011478-6.611608178966481j)
(12.085737691861524-6.99084086449905j)
(11.533311007578646-7.292286292005618j)
(10.988489503628731-7.523449633023193j)
(10.460254967712704-7.693111914338648j)
(9.954697057391222-7.810385953708054j)
(9.475473594278037-7.884051385868752j)
(9.024323629774326-7.922143662742366j)
(8.601555731310228-7.93174472815714j)
(8.20647070680671-7.918917716392764j)
(7.837704190610732-7.88873470102912j)
(7.493490488494928-7.845357842979871j)
(7.1718572078361476-7.792145854001047j)
(6.870763162637757-7.7317674532361576j)
(6.588192037319228-7.666310862360177j)
(6.322212841174314-7.597383517498077j)
(6.071016221383798-7.526199516082403j)
(5.832933735127423-7.45365434605849j)
(5.606445447016972-7.380387577812267j)
(5.390179795695881-7.306834752908937j)
(5.182908560337055-7.233269903273158j)
(4.983538915132066-7.1598401310405935j)
(4.791103937863738-7.086593569947505j)
(4.604752488819606-7.013501893231938j)
(4.423739056727943-6.940478365194281j)
(4.247413945166936-6.867392272593157j)
(4.075214019653027-6.794080427030146j)
(3.9066541324705955-6.720356303805024j)
(3.741319274542726-6.646017276631601j)
(3.5788574605432775-6.570850319696224j)
(3.41897332730639-6.494636476721141j)
(3.261422410900064-6.417154338667693j)
(3.106006060616755-6.338182725278827j)
(2.9525669458700565-6.257502728823586j)
(2.8009851126720227-6.174899249441339j)
(2.6511745486847045-6.090162128920419j)
(2.5030802188818946-6.003086972358289j)
(2.356675536993656-5.913475733915804j)
(2.211960240711896-5.8211371329503905j)
(2.0689586408088925-5.725886959481078j)
(1.9277182156635357-5.6275483226043015j)
(1.7883085230661961-5.525951891624683j)
(1.650820400495181-5.420936176831992j)
(1.5153654232832185-5.312347894626841j)
(1.382075587213046-5.200042459684497j)
(1.251103178134103-5.083884644670019j)
(1.122620786258848-4.963749445318151j)
(0.9968214170159413-4.839523185105042j)
(0.8739186439141161-4.711104888923718j)
(0.7541467420883644-4.578407948803765j)
(0.637760734428448-4.441362096499341j)
(0.5250362758944286-4.299915687479462j)
(0.41626929636358895-4.154038288345461j)
(0.3117753187752554-4.003723544952975j)
(0.2118883681610913-3.8489922916610366j)
(0.11695938912252539-3.6898958434997438j)
(0.027354095190325393-3.5265193931939445j)
(-0.05654981605417706-3.3589854147054488j)
(-0.13436613267596428-3.1874569553183463j)
(-0.20570431255638527-3.0121406805822892j)
(-0.2701743854237986-2.8332895221297782j)
(-0.32739254497165926-2.6512047690831095j)
(-0.37698736816923833-2.4662374410446692j)
(-0.4186065612229496-2.278788785945606j)
(-0.451924093407423-2.0893097604110626j)
(-0.4766475435083297-1.8982993743879097j)
(-0.4925254515385127-1.7063018155193606j)
(-0.49935444343184077-1.513902311313518j)
(-0.4969858811495315-1.321721736883775j)
(-0.48533178718714576-1.1304100304870297j)
(-0.46436980229151675-0.9406385351299893j)
(-0.4341469588107144-0.7530914385787504j)
(-0.3947820889716044-0.5684565324651577j)
(-0.34646673587567306-0.3874155502997556j)
(-0.2894644924677515-0.21063437107926533j)
(-0.22410875669791638-0.03875338767731001j)
(-0.1507989555779945+0.1276216637254693j)
(-0.0699953527026389+0.2879281351349209j)
(0.017787390833488986+0.4416539133074179j)
(0.11198768663469505+0.5883436793096933j)
(0.21200527151161477+0.7276038312303299j)
(0.3172099737895498+0.8591059772706802j)
(0.42695071912355137+0.9825889646431399j)
(0.5405645089124895+1.0978594655418301j)
(0.6573851233654568+1.204791191939568j)
(0.77675132957498+1.3033228538149166j)
(0.8980144099981201+1.3934550091383509j)
(1.0205448658320726+1.4752459778629836j)
(1.1437381903247352+1.5488070063394732j)
(1.267019646811793+1.614296873677666j)
(1.389848023378926+1.6719161287459687j)
(1.5117183691550704+1.7219011371524504j)
(1.632163745481525+1.7645181032422323j)
(1.7507560481602242+1.8000572144183424j)
(1.8671059746328271+1.8288270353852627j)
(1.9808622225621237+1.851149259478334j)
(2.091710014378845+1.8673539041141545j)
(2.199369046565525+1.8777750183715498j)
(2.303590963495673+1.8827469533609753j)
(2.40415645427363+1.8826012307200206j)
(2.5008720679534155+1.87766403145858j)
(2.5935668384344197+1.8682543164891767j)
(2.6820888058611607+1.8546825814048364j)
(2.7663015170474567+1.837250241188604j)
(2.846080583788377+1.8162496352421311j)
(2.9213103753290923+1.7919646390049864j)
(2.991880920063254+1.7646718650166142j)
(3.057685091987115+1.7346424329778576j)
(3.118616159683514+1.7021442845306174j)
(3.1745657796676654+1.6674450133276169j)
(3.225422521632438+1.6308151736411014j)
(3.2710710200929323+1.5925320203010596j)
(3.311391854452338+1.5528836181381764j)
(3.346262266507275+1.5121732393080933j)
(3.3755578293180335+1.4707239409588213j)
(3.3991551820557566+1.4288831829915358j)
(3.4169359391575465+1.387027305947687j)
(3.4287918655090563+1.3455656428954046j)
(3.434631378571297+1.3049439882936074j)
(3.434387389291004+1.2656470944491074j)
(3.428026422479626+1.2281998175906965j)
(3.4155588613720145+1.1931664982785914j)
(3.397050039667386+1.1611481446867524j)
(3.372631760344184+1.1327770040156169j)
(3.3425136616022177+1.1087081695745504j)
(3.3069936901245756+1.0896079906071996j)
(3.2664668007294035+1.07613923669969j)
(3.2214309055198904+1.0689432194898532j)
(3.1724890743896976+1.0686193816187826j)
(3.1203470706936267+1.0757032032707474j)
(3.065805512149144+1.0906436128869594j)
(3.0097462840331777+1.113781371573986j)
(2.9531132847649966+1.1453300757325342j)
(2.8968881136527296+1.1853614393522405j)
(2.8420618545637533+1.23379634259349j)
(2.7896045901560558+1.290402760711667j)
(2.7404346203017385+1.3548011455134457j)
(2.695389491938075+1.4264771826170748j)
(2.655200842849019+1.5048011786645186j)
(2.620474725760159+1.5890527384507565j)
(2.5916785586370463+1.67844895678042j)
(2.5691352198167525+1.7721741296069489j)
(2.5530241642494578+1.869409001117223j)
(2.5433888665597215+1.969357786172392j)
(2.5401494638754913+2.0712715881137376j)
(2.5431192121053794+2.174467300442335j)
(2.5520232873996513+2.278341565553512j)
(2.5665185372122172+2.382379803903406j)
(2.5862129729699466+2.486160681037152j)
(2.6106840526115564+2.58935662746259j)
(2.639495082401613+2.6917311661184846j)
(2.6722093381161423+2.7931338468870193j)
(2.708401741766282+2.893493558029224j)
(2.7476681184617977+2.992810904028628j)
(2.789632195168332+3.091150230194254j)
(2.8339505920727976+3.188631754780918j)
(2.8803161051966186+3.285424152827781j)
(2.928459594722414+3.381737831148465j)
(2.9781507862888135+3.4778190456338693j)
(3.0291982704003613+3.573944941856823j)
(3.0814489548004054+3.670419547385932j)
(3.134787191301373+3.767570707442333j)
(3.189133765827493+3.8657479321848762j)
(3.2444449107441296+3.9653211114589393j)
(3.3007114734133443+4.066680048926573j)
(3.3579583551465437+4.170234770061276j)
(3.416244320702063+4.276416565880209j)
(3.475662270354661+4.385679745233585j)
(3.536340064431008+4.498504082081137j)
(3.598441994212225+4.615397959885078j)
(3.662171003581088+4.736902232744666j)
(3.727771783345552+4.863594842127395j)
(3.795534885801805+4.996096249146032j)
(3.865802042326078+5.135075765575782j)
(3.938972913812552+5.281258892615281j)
(4.0155135657304015+5.435435805266867j)
(4.095967040817961+5.598471152681729j)
(4.180966509027779+5.771315381378147j)
(4.271251614680345+5.955017829205602j)
(4.367688826556523+6.150741883185042j)
(4.4712968441679+6.359782542952542j)
(4.583278445590369+6.583586780946166j)
(4.705060611417838+6.823777135333831j)
(4.83834537170385+7.082179001562001j)
(4.985174664361026+7.360852083994623j)
(5.148013659950357+7.662126395480837j)
(5.329858638114055+7.988642987482116j)
(5.534377798428584+8.343399145889848j)
(5.766096651928508+8.729796901334222j)
(6.0306443086523815+9.151692027596377j)
(6.335083696746315+9.61343761051919j)
(6.688358458124946+10.119910629825288j)
(7.10190329664843+10.676499742473515j)
(7.590484705141149+11.28901378645029j)
(8.173367422520231+11.963436370156774j)
(8.875940445911457+12.70538903299137j)
(9.731983704827377+13.519048961991816j)
(10.786800367806551+14.40505057152778j)
(12.101434509349316+15.356498364248155j)
(13.757999838839746+16.35148582056831j)
(15.86537338169236+17.33924386732314j)
(18.56215416462295+18.215111354072302j)
(22.007533852941837+18.7776934954215j)
(26.336465532537805+18.664480374730108j)
(31.531774651443737+17.286184761726883j)
(37.160969905733324+13.859967359213316j)
(42.06273711513767+7.77164434839816j)
(44.476380126571975-0.6233600559496149j)
(43.16822159395453-9.517564672650995j)
(38.636697617416246-16.667193522035127j)
(32.64516539318782-21.00172399672052j)
(26.77487906998124-22.83788522192638j)
(21.784697367652758-23.028786369240272j)
(17.817721223959875-22.32560006713188j)
(14.749337662036417-21.214466835523943j)
(12.391323840929795-19.966736380547278j)
(10.57153115634393-18.720375956894767j)
(9.153777025858755-17.539355164350386j)
(8.036215189558266-16.44896105575652j)
(7.144254011217681-15.455133027484026j)
(6.4235047765064905-14.55464494231908j)
(5.834159086319043-13.7403441274005j)
(5.346846886878324-13.003786395053103j)
(4.939680540321702-12.33651507979382j)
(4.596168378515511-11.730639976059587j)
(4.303743048269989-11.17905939351186j)
(4.05271866511318-10.675504754883695j)
(3.8355463006910324-10.214501318440368j)
(3.646277734357948-9.791293460817226j)
(3.4801755582374327-9.401759137123838j)
(3.333426991565275-9.042325563522661j)
(3.202931864042415-8.709891564825721j)
(3.086144147063275-8.401758609661739j)
(2.980952510379371-8.11557083528185j)
(2.885589580560632-7.849263547907446j)
(2.7985624921928576-7.601019344250587j)
(2.7185993641688415-7.36923090421762j)
(2.6446077768313363-7.152469529438455j)
(2.5756423561601607-6.949458580839071j)
(2.5108793139147565-6.759051066372754j)
(2.449596333041868-6.580210729809038j)
(2.391156584404466-6.4119960849646604j)
(2.334995954642809-6.253546923655424j)
(2.2806127841507684-6.104072899135376j)
(2.227559578789816-5.962843850270126j)
(2.175436283344425-5.829181586058013j)
(2.1238847991213055-5.702452896426568j)
(2.0725844999779355-5.582063594533023j)
(2.02124855592372-5.467453429044246j)
(1.96962091534299-5.358091732906474j)
(1.917473828899682-5.253473698674631j)
(1.8646058226129678-5.153117190190587j)
(1.810840046201239-5.056560016824851j)
(1.7560229369389562-4.96335761010847j)
(1.7000231499936285-4.873081053785483j)
(1.6427307143202916-4.785315427478782j)
(1.5840563793077762-4.699658431588588j)
(1.5239311219759226-4.61571926700808j)
(1.4623057879854435-4.533117747976151j)
(1.3991508423217254-4.451483630090088j)
(1.3344562074676136-4.370456138342372j)
(1.2682311683497132-4.289683682156899j)
(1.2005043244509161-4.20882374589977j)
(1.131323570330349-4.1275429443092j)
(1.0607560864533336-4.04551723280056j)
(0.9888883227813391-3.962432262702774j)
(0.9158259580655407-3.877983871212181j)
(0.8416938182920609-3.7918786952367016j)
(0.766635738309232-3.7038348973760713j)
(0.6908143513977493-3.613582991072376j)
(0.6144107925025001-3.520866750507j)
(0.5376243021071615-3.4254441891698693j)
(0.4606717193804894-3.327088589253975j)
(0.3837868553286443-3.225589562230594j)
(0.3072197393073531-3.120754119254386j)
(0.23123573541922138-3.0124077285827386j)
(0.15611452904288955-2.900395336133154j)
(0.08214898797420345-2.7845823248324995j)
(0.009643907306156496-2.664855388719896j)
(-0.06108534791506288-2.541123299026272j)
(-0.12971428326578432-2.4133175418262938j)
(-0.1959107750334442-2.2813928104372407j)
(-0.2593366019282357-2.1453273405652435j)
(-0.31964897726962993-2.005123082212053j)
(-0.37650204852321406-1.8608057093956079j)
(-0.42954833071259196-1.7124244765245178j)
(-0.4784400417917333-1.5600519384107214j)
(-0.5228303117247995-1.4037835589032566j)
(-0.5623742428350975-1.2437372404047131j)
(-0.5967298068445118-1.080052812467723j)
(-0.6255585736349103-0.9128915216420309j)
(-0.6485262776409357-0.7424355661987505j)
(-0.6653032392708975-0.5688877178482574j)
(-0.6755646700402301-0.392471067822048j)
(-0.678990900281883-0.21342892664025181j)
(-0.6752675764115855-0.03202489572464911j)
(-0.6640858798396962+0.15145688482421785j)
(-0.6451428208815677+0.33671132378624125j)
(-0.618141657725642+0.5234118300982364j)
(-0.5827924821698871+0.7112096730458956j)
(-0.5388130001715257+0.8997333120707337j)
(-0.485929516279901+1.088587769724427j)
(-0.42387810701374445+1.2773541300872442j)
(-0.3524059397528827+1.4655892483516757j)
(-0.27127266153348434+1.6528257539657882j)
(-0.18025174727566132+1.8385724185662426j)
(-0.07913166060492294+2.0223149398688856j)
(0.03228335617136838+2.203517162844583j)
(0.15417308191122192+2.38162271912422j)
(0.2867019585547975+2.5560570139740393j)
(0.43002085733480483+2.7262294266223535j)
(0.5842702774985774+2.891535513221119j)
(0.7495853075196769+3.0513589107214534j)
(0.9261026965783323+3.205072531754846j)
(1.1139703987575205+3.3520385107111434j)
(1.3133599651370091+3.491606202055286j)
(1.5244821709569665+3.623107331400244j)
(1.7476062764706601+3.745847138862209j)
(1.9830833284926455+3.8590900033299373j)
(2.231373906371964+3.9620375507295913j)
(2.4930806804604853+4.053796561801604j)
(2.7689860391585133+4.1333330046992645j)
(3.0600947647623764+4.199407075454294j)
(3.367681129756762+4.250482015134292j)
(3.69333852331499+4.284596367518233j)
(4.039027198271078+4.299184796717706j)
(4.407110815301932+4.290826006975626j)
(4.800363019615217+4.254887018717837j)
(5.221907324212918+4.185020595413963j)
(5.6750197042107695+4.07245773514804j)
(6.162660195490203+3.905024628675829j)
(6.686484709097576+3.665819629039954j)
(7.244887413700051+3.331556745897985j)
(7.8293053983041805+2.8708353238303297j)
(8.417623518236756+2.2432962784830996j)
(8.963425411787496+1.402261628223325j)
(9.381433164400207+0.3064933711824824j)
(9.536075328397622-1.0501376827189868j)
(9.254921278022866-2.587088059479767j)
(8.400179515364734-4.089779566726842j)
(6.9927810767839516-5.241692465018667j)
(5.277268646239883-5.7833242721251015j)
(3.607937866471311-5.676971241381968j)
(2.248847198607496-5.097146010802148j)
(1.28697610404006-4.282673180287168j)
(0.6819188539737855-3.4187727737098967j)
(0.3467351770876955-2.6089791903585033j)
(0.19699858753814647-1.8956501476767402j)
(0.1674462599980426-1.2869637467714206j)
(0.21252951278682938-0.775579884348207j)
(0.3020273809911978-0.34877213193022144j)
(0.4164011262526589+0.0068395613562393116j)
(0.5431938126946273+0.30339333232059845j)
(0.6745363264774324+0.5512251353027527j)
(0.8055025798940145+0.7588770160567837j)
(0.9330477843842578+0.9333128633711052j)
(1.0553284221743782+1.0801829256746334j)
(1.17126706939609+1.204073548061994j)
(1.2802732507864192+1.3087212251858564j)
(1.3820638002035353+1.3971880360320266j)
(1.4765469894399121+1.4720023012492403j)
(1.5637478225478556+1.535270202749508j)
(1.643760141127889+1.5887640227937434j)
(1.716716368218681+1.6339918836846243j)
(1.7827689868120191+1.6722529471046548j)
(1.842079920658025+1.7046811771664168j)
(1.8948153035773736+1.7322800502015365j)
(1.9411439635944607+1.7559500138870219j)
(1.9812384806863363+1.776510043642101j)
(2.0152780090569973+1.7947142955729432j)
(2.0434522550257412+1.8112645944697727j)
(2.0659661147717188+1.8268193079449768j)
(2.083044533210082+1.8419990327587852j)
(2.094937168983017+1.8573894482959212j)
(2.101922459125255+1.873541667854583j)
(2.1043106858631013+1.8909704335248132j)
(2.102445670544939+1.910150546151215j)
(2.0967047666983256+1.931511987021172j)
(2.0874969029552575+1.9554342587307376j)
(2.0752585395100014+1.98224053336453j)
(2.060447545271593+2.012192230399281j)
(2.0435351668139714+2.0454846401208466j)
(2.024996428589069+2.082244150880827j)
(2.005299456688878+2.122527527276921j)
(1.9848943349989785+2.1663235269614765j)
(1.9642021652084+2.2135569504793726j)
(1.9436049998563691+2.264095012270215j)
(1.923437248660099+2.317755726027123j)
(1.9039790309511293+2.3743178372851492j)
(1.885451777875511+2.4335317285339078j)
(1.8680161992185067+2.4951306771834396j)
(1.8517725447657245+2.5588418647330378j)
(1.836762929745467+2.6243966081105126j)
(1.8229753730583216+2.691539396562917j)
(1.8103491232408153+2.7600354517295442j)
(1.7987808206593556+2.8296766667960562j)
(1.788131059502567+2.900285907896425j)
(1.778230960053558+2.971719766592566j)
(1.768888429149324+3.043869930626927j)
(1.7598938636636527+3.116663390002398j)
(1.751025128956058+3.1900617190624523j)
(1.742051714618168+3.2640596771085204j)
(1.7327380291818946+3.338683355712863j)
(1.7228458417099657+3.413988075831614j)
(1.7121359111619958+3.490056207062524j)
(1.7003688651622144+3.5669950489343165j)
(1.687305400050253+3.6449348828973065j)
(1.672705875923888+3.7240272756325896j)
(1.656329375796862+3.804443690481267j)
(1.6379322887869139+3.886374444622404j)
(1.6172664648681803+3.970028035048554j)
(1.5940769742486238+4.055630846054624j)
(1.568099488578377+4.143427244370203j)
(1.5390572843329178+4.233680064673397j)
(1.506657850919886+4.326671487480758j)
(1.470589067135753+4.422704312820245j)
(1.4305148891057984+4.522103636237785j)
(1.3860704700945006+4.625218938205939j)
(1.3368566066312288+4.732426603600572j)
(1.2824333750181707+4.8441328943329545j)
(1.2223127858642873+4.960777405219727j)
(1.1559502397410013+5.082837040465502j)
(1.0827345116695712+5.21083055533539j)
(1.0019759223700868+5.345323714151433j)
(0.9128922653150291+5.486935120756414j)
(0.8145919443429579+5.636342779635042j)
(0.706053628411517+5.794291442677022j)
(0.5861015364873392+5.96160078445292j)
(0.4533752108023973+6.139174422012962j)
(0.3062922990198056+6.328009744272284j)
(0.14300241506991343+6.529208426088612j)
(-0.03867045757931864+6.743987349198062j)
(-0.24130037681671618+6.973689397599651j)
(-0.46795114167916746+7.2197931760017955j)
(-0.7222932896565184+7.483920013891587j)
(-1.0087545167180625+7.767835495151837j)
(-1.332714580039284+8.073440911369595j)
(-1.700759825222927+8.402746999852452j)
(-2.1210181582897283+8.757817283259245j)
(-2.6036031463423788+9.140659876931727j)
(-3.161206679985316+9.553032330279104j)
(-3.8098939081279477+9.996099612478012j)
(-4.570171980191633+10.469843074969162j)
(-5.468423284016167+10.972044415294786j)
(-6.538805604942152+11.496538878947682j)
(-7.825699641918902+12.030203333023465j)
(-9.386656966015375+12.547746085504889j)
(-11.295383890946255+13.00269274726383j)
(-13.643132524719+13.311926216822467j)
(-16.533905060492067+13.329928072948801j)
(-20.061996214599667+12.808989165823265j)
(-24.246887412409773+11.349145492188603j)
(-28.884189958554188+8.373683982309155j)
(-33.29301304880358+3.249066457007871j)
(-36.124616172196035-4.246653113037911j)
(-35.76959764474745-13.170107115295826j)
(-31.644947932321738-21.335614342595523j)
(-25.007951503584614-26.74747542367521j)
(-17.91580619086038-28.98944175435419j)
(-11.761792695711376-28.9022760854067j)
(-6.975465792108966-27.54674588765921j)
(-3.4429508759784992-25.677183204701045j)
(-0.8887016679617932-23.709884838191392j)
(0.9514304782569756-21.839276703910635j)
(2.283179242776157-20.140258889543336j)
(3.2548345443804543-18.63002321764822j)
(3.9702008990889213-17.300435413748026j)
(4.501401275574759-16.133806045458524j)
(4.898699954867643-15.110163650340342j)
(5.197414853762162-14.21038308520717j)
(5.422623362044126-13.41735593052229j)
(5.592333442694349-12.716268862030683j)
(5.719622443591058-12.09450024258401j)
(5.81408919141628-11.541374643569728j)
(5.882849257747085-11.047884447205222j)
(5.931224582782661-10.606425213204972j)
(5.9632268121911425-10.210562057662862j)
(5.981899968235498-9.854830847691476j)
(5.989566147729563-9.534572265515184j)
(5.988003623090937-9.245794691611795j)
(5.978577306736107-8.985061423419658j)
(5.9623352895670685-8.749398027009802j)
(5.940080975178401-8.536216157974707j)
(5.912427494576967-8.343250775049862j)
(5.879839145459092-8.168508216444753j)
(5.842663259137391-8.010223082947476j)
(5.801154962841349-7.866822268568398j)
(5.755496646792491-7.736894805103816j)
(5.7058134782481-7.619166451786141j)
(5.65218597057034-7.512478176009776j)
(5.5946603746315375-7.415767845995829j)
(5.533257485065327-7.328054599925929j)
(5.467980325669795-7.2484254758869895j)
(5.398821082738697-7.176023989061135j)
(5.325767581824794-7.110040431983859j)
(5.248809544258067-7.0497037544338035j)
(5.1679448077609615-6.994274954688077j)
(5.0831856444642565-6.943041985536013j)
(4.994565253411655-6.895316247367558j)
(4.902144437029628-6.85043080594414j)
(4.806018385692426-6.80774053094608j)
(4.70632338537384-6.766624396843924j)
(4.6032431255847985-6.726490209915321j)
(4.497014116372004-6.686782009506129j)
(4.387929527631142-6.6469903181674646j)
(4.276340554054098-6.606665260335908j)
(4.162654210868715-6.565432307967963j)
(4.047326322992139-6.523010024265549j)
(3.9308484468928304-6.4792286587812145j)
(3.8137276406726497-6.4340478233171705j)
(3.6964584588214806-6.387570817481001j)
(3.579487359796158-6.34005260166584j)
(3.4631708876002265-6.291898115925919j)
(3.3477304358769917-6.243647830212109j)
(3.233207907880359-6.195948276217313j)
(3.119427802843718-6.149506939478615j)
(3.0059717728392865-6.105033174739755j)
(2.8921711378000006-6.063169395360688j)
(2.7771210586804167-6.024419112613319j)
(2.659717222251158-5.989079820275995j)
(2.5387125181875567-5.9571887295385295j)
(2.412788061349655-5.928487802325655j)
(2.2806307974915905-5.9024117000022285j)
(2.1410093275208593-5.878098827785279j)
(1.9928405544765249-5.854422433754197j)
(1.835241926859521-5.830036411503254j)
(1.6675667831544483-5.803429424423163j)
(1.4894229261247158-5.772981198042708j)
(1.300676571939182-5.737015995188517j)
(1.101444993923232-5.693849940274082j)
(0.892081530358915-5.641830559573542j)
(0.6731563340116528-5.579368343647871j)
(0.44543555713066724-5.504961160686113j)
(0.20986082384322277-5.417212932185584j)
(-0.032469982518173804-5.314848187062721j)
(-0.2803202910969573-5.196724036455783j)
(-0.5323309810402936-5.061840861012014j)
(-0.7870356514443002-4.909352660239075j)
(-1.0428757947801037-4.738577640925761j)
(-1.2982167204482913-4.54900925827382j)
(-1.5513650478484953-4.340327592433436j)
(-1.8005884801129612-4.112410657568538j)
(-2.0441383974377945-3.86534500836114j)
(-2.2802755862576-3.599434836478747j)
(-2.507299159410697-3.315208643803879j)
(-2.723578435864149-3.013422547569285j)
(-2.927587251931523-2.6950593219711863j)
(-3.1179398880096305-2.3613224161869324j)
(-3.2934275375780526-2.013624410482126j)
(-3.4530540420791906-1.6535696743532429j)
(-3.596069489011362-1.2829313596846865j)
(-3.7220002396751117-0.903623275863592j)
(-3.8306740283772505-0.5176676237401886j)
(-3.9222389565766225-0.12715997775334686j)
(-3.997175480495826+0.26576673392004296j)
(-4.056300832667786+0.6589772236033621j)
(-4.100765687926893+1.0503656135923103j)
(-4.132043234339311+1.4378817292274426j)
(-4.151911086130302+1.819549732059358j)
(-4.162426624996495+2.193477090483885j)
(-4.1658963285787785+2.5578521663515024j)
(-4.164839398816545+2.910929068264289j)
(-4.161945508924503+3.25099889000824j)
(-4.160025733259046+3.576347046115061j)
(-4.161954722041146+3.8851972045534278j)
(-4.170600986200551+4.17564341666338j)
(-4.188740887886497+4.445573627120137j)
(-4.218950821651334+4.692590023341987j)
(-4.263471521549133+4.913934863799377j)
(-4.32403907492985+5.106434618689235j)
(-4.401679967760545+5.266480298334123j)
(-4.4964734394272075+5.390067017455278j)
(-4.607294633134404+5.472919540550076j)
(-4.73156685512257+5.51073001600801j)
(-4.865069358868041+5.499525550562927j)
(-5.001864177230378+5.43616288807989j)
(-5.13441375143822+5.318913666800148j)
(-5.2539501173541865+5.148060516705757j)
(-5.351117702901293+4.926383868816743j)
(-5.416845750991122+4.659401318807494j)
(-5.443328519889067+4.355245110956257j)
(-5.4249314792890395+4.024135317319972j)
