(39.18069519311+0j)
(38.10964057784282-6.323725964992419j)
(35.322974980925636-11.678646525108887j)
(31.519646665784943-15.668358625230423j)
(27.33524513202714-18.259931259786498j)
(23.240207956258338-19.65166988378475j)
(19.505270418823056-20.133215193137808j)
(16.240909158680374-19.983807469834428j)
(13.458059169816737-19.427688626522276j)
(11.117649293182469-18.62746284686862j)
(9.161765818368446-17.693809311317192j)
(7.530208781685889-16.69885375415487j)
(6.167963747336765-15.687968079923959j)
(5.02776779146671-14.688679206725483j)
(4.070312971302545-13.716907301225012j)
(3.2634627202617135-12.781160093965122j)
(2.581163162086245-11.885288599562978j)
(2.0023580489004518-11.03027286250424j)
(1.510028295169634-10.21536860437388j)
(1.0903885358657601-9.438837962067199j)
(0.7322348255575776-8.698411318654209j)
(0.4264235425569571-7.99157586896145j)
(0.16545857426721994-7.315752791836679j)
(-0.056834529781061856-6.668402972962026j)
(-0.24556558584226315-6.0470870624409025j)
(-0.40498276492746943-5.449496521361955j)
(-0.5386332883210494-4.873466419188502j)
(-0.6494910363016861-4.316976932716975j)
(-0.7400582333515122-3.778148025684222j)
(-0.8124467636703238-3.2552301806727684j)
(-0.8684434183344669-2.7465930071052105j)
(-0.9095624068398922-2.2507128647562724j)
(-0.9370877185895116-1.7661601948385879j)
(-0.9521073433384449-1.2915869581414585j)
(-0.9555409137515487-0.8257143884155628j)
(-0.9481619868971256-0.36732114407308786j)
(-0.9306159108904273+0.08476814080387488j)
(-0.9034340095625152+0.5316939595294192j)
(-0.8670446478699911+0.9745727802914634j)
(-0.8217816028172809+1.4145077548334593j)
(-0.7678900503034988+1.8525994258845682j)
(-0.7055303806021351+2.2899565893209597j)
(-0.6347799683639228+2.727707485673198j)
(-0.5556329420170598+3.1670115164417343j)
(-0.4679979175219959+3.6090717054521697j)
(-0.3716935778048422+4.055148155860645j)
(-0.26644188666497+4.506572791099691j)
(-0.1518586183790742+4.964765714987748j)
(-0.027440754056857534+5.431253584563374j)
(0.10744986679233377+5.907690461589985j)
(0.2536074591313225+6.395881698075429j)
(0.4120088608568638+6.897811521091119j)
(0.5838472077095577+7.41567511645607j)
(0.7705746483748694+7.951916173407314j)
(0.9739566893517659+8.509271046442167j)
(1.1961416597907797+9.090820917280015j)
(1.4397500364834583+9.700053595465707j)
(1.7079901226127363+10.34093686603675j)
(2.0048090600144834+11.018005540946158j)
(2.335091718449682+11.736464519757892j)
(2.7049251708745197+12.502310055786051j)
(3.12195403527316+13.322470742096952j)
(3.5958631866168487+14.204967863750575j)
(4.1390411582729465+15.159090513292016j)
(4.76750299789954+16.19557190285789j)
(5.502190158256779+17.326735039585095j)
(6.370824483401007+18.566539239304866j)
(7.41058431517415+19.93038547271845j)
(8.672007822083145+21.43439080862737j)
(10.224726752805132+23.09354293505439j)
(12.165890121130182+24.917534338943533j)
(14.632364343962845+26.90182073293855j)
(17.817598855243865+29.008889047429815j)
(21.992025141166124+31.129679967255615j)
(27.51760659328391+33.00622136679184j)
(34.82047493942207+34.086057203823174j)
(44.21522039436364+33.292023699746196j)
(55.355391177386835+28.83454965638758j)
(66.17365846125323+18.679223569653253j)
(72.37531035022523+2.6696729288776813j)
(70.1837729890139-15.10032444509514j)
(60.694988456901896-28.730954432921816j)
(48.62823824307848-35.83191997685267j)
(37.64318651767514-37.803545936214974j)
(28.977919925999398-36.90999429461541j)
(22.525359636995262-34.75417804214378j)
(17.800077094998706-32.19825065953354j)
(14.332101558892504-29.644363743165712j)
(11.760624364988736-27.25811503527249j)
(9.828778181671836-25.09351466740333j)
(8.357908837974112-23.15506897964818j)
(7.2239561431707395-21.42711808059827j)
(6.340065806420723-19.88728144207375j)
(5.644670964884283-18.512394420786066j)
(5.0935124647335-17.28094336238897j)
(4.654314304455443-16.17389304555925j)
(4.303209371974764-15.174798962163198j)
(4.022314718917234-14.26962356589567j)
(3.7980657372076476-13.446450930259266j)
(3.620056153367908-12.695187234557665j)
(3.480219085696754-12.007283618341193j)
(3.372857434785021-11.375366211537179j)
(3.292031432456061-10.793506859096517j)
(3.2340152871678685-10.256418755437945j)
(3.1956590011149473-9.75965246783269j)
(3.174398134932894-9.299432931680593j)
(3.168131413648096-8.8725597613644j)
(3.1751186512632135-8.476326974210863j)
(3.1938979400084824-8.108456912660344j)
(3.2232177035563825-7.767045093109655j)
(3.2619798009830676-7.450513372302645j)
(3.309190767086177-7.15756920029292j)
(3.3639190782491526-6.887168985552269j)
(3.425257020747615-6.638483787991996j)
(3.492286346164011-6.410865716614962j)
(3.5640474613351083-6.203813576340161j)
(3.639512438700445-6.016936522303356j)
(3.7175626483803725-5.8499147809637j)
(3.7969722840906313-5.702456925164131j)
(3.8763994339912338-5.574253774678075j)
(3.954386563018542-5.464929743030291j)
(4.02937223568183-5.373993338005651j)
(4.0997155262512495-5.300789470218559j)
(4.163733769138027-5.24445709757182j)
(4.21975308581864-5.203896349023883j)
(4.2661695664350106-5.177749420477923j)
(4.301517275885438-5.164399035116567j)
(4.324537690762269-5.161987014685724j)
(4.3342441063269375-5.168453570432411j)
(4.329974306028642-5.181595526824738j)
(4.311425555905765-5.19913923299039j)
(4.278667757278113-5.218821872393297j)
(4.232133108250491-5.238473685343459j)
(4.172583439659043-5.256093538406981j)
(4.101058976838702-5.269911326713987j)
(4.018814170283212-5.278432642038793j)
(3.927247152832345-5.280463563462988j)
(3.827829272467524-5.275115853195258j)
(3.722040188896344-5.261794859997052j)
(3.611312518370918-5.240173791950348j)
(3.496988312994538-5.210158643964573j)
(3.380288069207609-5.171848031556055j)
(3.262291677898981-5.125491664530403j)
(3.14392984783546-5.071450397858337j)
(3.025984053640408-5.010159909755385j)
(2.909092916550734-4.942099219461705j)
(2.793763029203124-4.867764554938587j)
(2.6803824907875153-4.787648549835456j)
(2.56923574577813-4.702224389499072j)
(2.4605186585274703-4.6119343153405294j)
(2.3543530688938583-4.517181803488924j)
(2.2508003402896986-4.4183267239537845j)
(2.1498736238514935-4.3156828307963915j)
(2.0515487222339317-4.20951700834833j)
(1.9557735500091584-4.100049785930175j)
(1.8624762630604323-3.9874567221183703j)
(1.771572175186184-3.8718703422647227j)
(1.6829696041228854-3.7533823859555504j)
(1.5965747978621443-3.6320461829899617j)
(1.5122960906594602-3.5078790273408815j)
(1.430047430430557-3.380864459345014j)
(1.349751408154715-3.250954398388095j)
(1.27134190743217-3.118071093069727j)
(1.194766479789483-2.982108874671099j)
(1.1199885395042481-2.8429357140098075j)
(1.04698946109446-2.7003945925759623j)
(0.9757706533962249-2.5543047071694716j)
(0.9063556763892978-2.4044625338969534j)
(0.8387924605575665-2.250642783008658j)
(0.773155683461066-2.092599281210802j)
(0.7095493541710051-1.930065823243445j)
(0.6481096530682187-1.762757040069256j)
(0.5890080719920403-1.590369337325717j)
(0.5324548975851332-1.4125819650841274j)
(0.4787030786038187-1.2290582887353312j)
(0.4280525156004424-1.0394473412968928j)
(0.3808548083110237-0.8433857499058471j)
(0.33751849178345655-0.6405001440331156j)
(0.2985147861251383-0.43041017032716905j)
(0.2643838759449597-0.21273225924614855j)
(0.23574172312613345+0.012915687993334913j)
(0.21328739926231874+0.24690849697745673j)
(0.19781090038833476+0.4896065770561912j)
(0.19020137464602696+0.7413471795700896j)
(0.19145565093677694+1.0024337636580662j)
(0.20268690064254116+1.2731231389566038j)
(0.22513319186120057+1.553610017864043j)
(0.2601656025209548+1.8440085766728507j)
(0.30929544101848677+2.1443305991029074j)
(0.374179976264458+2.454459763929124j)
(0.45662589900115996+2.7741216493832046j)
(0.5585895196205929+3.1028490729974236j)
(0.6821724530473137+3.439942482751225j)
(0.8296112507252815+3.784425284634448j)
(1.0032591214747166+4.134994258959368j)
(1.2055575542309866+4.489965613578719j)
(1.438995347023001+4.847217780569489j)
(1.7060523068409879+5.204132817850575j)
(2.0091247866466984+5.5575392562523644j)
(2.3504303690731816+5.903660446916089j)
(2.731889521405014+6.2380738930903785j)
(3.1549830887426977+6.5556886219468655j)
(3.620586228224657+6.850749217069543j)
(4.128781964079979+7.116876441024215j)
(4.678661039276391+7.347155062742257j)
(5.268119092590619+7.534279086424024j)
(5.893667112083152+7.670762507531757j)
(6.55027601196254+7.74921947693546j)
(7.2312801051564195+7.762711010599849j)
(7.928365950916485+7.705146227037904j)
(8.631671178130432+7.571715254838495j)
(9.33001127776162+7.359319936861226j)
(10.011240571001835+7.066959502283758j)
(10.662737300783409+6.696024093706825j)
(11.27198419252816+6.250451748442792j)
(11.82719828265031+5.7367153427772335j)
(12.317951304530377+5.163624473141349j)
(12.735717921024538+4.5419505273169625j)
(13.074295383419004+3.8839069047835224j)
(13.330054112191874+3.202535569763022j)
(13.502001137734258+2.5110618656286436j)
(13.591662643023403+1.8222798845600827j)
(13.60281316191895+1.1480213389565133j)
(13.541093622708868+0.49874465882453123j)
(13.4135667063229-0.11673808759187909j)
(13.228256325259496-0.6913969980034912j)
(12.993710388009342-1.2199977200709915j)
(12.71861506533794-1.699016339116483j)
(12.411477092413046-2.1264834993984487j)
(12.080380168873383-2.5017849697795334j)
(11.732813374344156-2.825442410983343j)
(11.375564055569296-3.098893121929268j)
(11.014664670228616-3.3242821900457518j)
(10.655382094599169-3.504275532291894j)
(10.302238322370203-3.6418982206914894j)
(9.959052744296677-3.74039938732889j)
(9.628997856890127-3.8031428598557104j)
(9.314661986489824-3.8335213479224217j)
(9.01811423514431-3.83489130336354j)
(8.74096825310854-3.810525334672316j)
(8.484442582090708-3.763579115823673j)
(8.249416198172284-3.6970699697642377j)
(8.036478541021967-3.6138646391767524j)
(7.845973783850893-3.5166741207501193j)
(7.67803941527981-3.408053795630149j)
(7.532639405567397-3.290407415874839j)
(7.409592345946442-3.1659937938414866j)
(7.308595005807958-3.036935285188097j)
(7.229241767358363-2.905227357778159j)
(7.171040385596647-2.772748701901374j)
(7.133424493545529-2.641271466636242j)
(7.115763236091311-2.5124713079099026j)
(7.117368375677461-2.3879370106467657j)
(7.1374991728723245-2.269179504626765j)
(7.1753653066936325-2.1576401350006367j)
(7.2301280648656645-2.054698076911022j)
(7.300900003707134-1.9616768018739916j)
(7.3867432515472355-1.879849513500286j)
(7.48666660870848-1.8104434733914525j)
(7.599621581370958-1.7546431358936445j)
(7.724497476256058-1.7135920038506038j)
(7.860115678321419-1.6883931073963274j)
(8.005223234962573-1.6801079949230862j)
(8.158485878139508-1.689754110376887j)
(8.318480631141478-1.7183004148059626j)
(8.48368817031491-1.76666109362203j)
(8.652485145111894-1.8356871756724902j)
(8.823136703510643-1.9261558777410182j)
(8.993789525491083-2.038757480909168j)
(9.162465735976815-2.1740795465174996j)
(9.327058151310093-2.3325882934469377j)
(9.485327410044304-2.514606990417415j)
(9.634901648614754-2.7202912735548854j)
(9.773279502477365-2.949601388452722j)
(9.897837338223782-3.202271486269805j)
(10.005841743073043-3.477776284580347j)
(10.094468401563784-3.77529564491924j)
(10.160828556212772-4.0936779276250785j)
(10.202004254146244-4.43140336400667j)
(10.215093493691885-4.786549132331301j)
(10.19726616687552-5.156758323090335j)
(10.145831306465022-5.539215500843531j)
(10.058315553113296-5.9306320659714205j)
(9.93255193335219-6.327245019346087j)
(9.76677697811161-6.7248329440172565j)
(9.559732943614181-7.118752931512032j)
(9.310770498262238-7.504001682194002j)
(9.019945842992149-7.875302999813654j)
(8.688105028356542-8.227222321972022j)
(8.316947454561214-8.554306795556045j)
(7.90906044245405-8.85124683561797j)
(7.46791756562546-9.113052332112863j)
(6.99783526933481-9.335234037747002j)
(6.5038851568905836-9.513978603121883j)
(5.991762996418963-9.646304649239346j)
(5.46761959590352-9.730187523252852j)
(4.937862668017419-9.764642132937478j)
(4.408942056750115-9.749756413997458j)
(3.887132687320316-9.686672204620708j)
(3.378329976877146-9.577515021756932j)
(2.8878711244050117-9.425278782965925j)
(2.4203928958775487-9.233675254415393j)
(1.9797326922028-9.006960446819358j)
(1.5688754310495383-8.749751091073884j)
(1.1899446994888676-8.466843739996925j)
(0.8442332473721802-8.163047230257924j)
(0.5322655133933097-7.843036615681413j)
(0.2538836205903954-7.511233713059424j)
(0.008348073856088215-7.171716504800649j)
(-0.20555496415790825-6.828157135661707j)
(-0.3894067191228598-6.483786310594568j)
(-0.5450545453196691-6.141380610654863j)
(-0.6745201365477149-5.803268559289647j)
(-0.7799194975051336-5.471351094178539j)
(-0.863395698983358-5.147132302561676j)
(-0.9270644453481174-4.831756730326337j)
(-0.9729717652898977-4.526050161725136j)
(-1.0030626718677629-4.230561396244907j)
(-1.0191593838490993-3.9456031570032204j)
(-1.0229476097542871-3.6712908105252615j)
(-1.0159694228219363-3.407578040034261j)
(-0.9996213590705294-3.15428898727102j)
(-0.9751565191895034-2.911146664882899j)
(-0.9436896235273171-2.677797651843061j)
(-0.9062041405627629-2.453833230106452j)
(-0.8635607715728258-2.238807214287439j)
(-0.8165067210769674-2.032250779349621j)
(-0.7656853108283687-1.833684614502331j)
(-0.7116456038146626-1.6426287333703293j)
(-0.654851794645048-1.4586102579900513j)
(-0.5956921954638926-1.2811694726663274j)
(-0.534487704214358-1.1098644172019951j)
(-0.47149968689288013-0.9442742603840262j)
(-0.40693723953787936-0.784001665864441j)
(-0.34096382106527584-0.6286743350223942j)
(-0.2737032664510872-0.47794588582716935j)
(-0.20524520267089286-0.3314962035605321j)
(-0.13564989849940814-0.18903137865825057j)
(-0.06495258478582483-0.050283328871691776j)
(0.006832715006919939+0.08499081270105664j)
(0.07970980271510295+0.2170094756178598j)
(0.1536973302116901+0.34596753952299447j)
(0.22882618974842608+0.47203728418734925j)
(0.3051372295375225+0.5953693636778107j)
(0.3826792552865228+0.7160937733112869j)
(0.4615072795432281+0.8343207842158818j)
(0.5416809818094487+0.9501418257369938j)
(0.6232633433809355+1.0636303007931696j)
(0.7063194217416672+1.1748423237906385j)
(0.7909152300924661+1.2838173750194315j)
(0.8771166882684239+1.3905788697366066j)
(0.9649886119682255+1.4951346445359956j)
(1.0545937079899743+1.5974773682380898j)
(1.1459915441814392+1.6975848895127368j)
(1.2392374642528328+1.7954205388526039j)
(1.3343814196861772+1.890933408386477j)
(1.4314666939730607+1.9840586393476036j)
(1.530528498623847+2.074717753714555j)
(1.6315924261458974+2.1628190734443806j)
(1.7346727528326733+2.2482582775350464j)
(1.8397705940628122+2.330919153452416j)
(1.9468719271507642+2.410674604645115j)
(2.0559455117683294+2.487387979177226j)
(2.1669407555330844+2.5609147849908935j)
(2.2797855922208314+2.6311048538784405j)
(2.3943844615178036+2.69780500772499j)
(2.5106165011380788+2.760862265831923j)
(2.6283340828205692+2.8201276101889614j)
(2.747361840974752+2.8754602958648627j)
(2.8674963538746927+2.9267326563162075j)
(2.9885066393100645+2.9738353093604917j)
(3.1101356164841665+3.0166826209485773j)
(3.232102661120913+3.055218234094695j)
(3.354107339574915+3.089420424009164j)
(3.4758343501334004+3.1193070032338244j)
(3.5969596275940883+3.144939478448481j)
(3.7171574848857136+3.166426159297713j)
(3.836108579595287+3.1839239434541557j)
(3.9535084122797115+3.197638553227001j)
(4.069075996842664+3.207823076216114j)
(4.182562300191443+3.2147747610734694j)
(4.293758036169293+3.2188301311830876j)
(4.402500421492203+3.220358593187711j)
(4.508678559011283+3.2197548217250853j)
(4.61223720146948+3.217430284973691j)
(4.713178758405214+3.213804328471866j)
(4.811563528554845+3.209295251760934j)
(4.907508257550696+3.204311792868144j)
(5.001183224238927+3.1992453831705467j)
(5.0928081393695175+3.1944634571623656j)
(5.18264719210833+3.190304007828626j)
(5.271003601142862+3.187071479164751j)
(5.358214020111632+3.1850339925290445j)
(5.444643116557696+3.184421820631493j)
(5.530678596171688+3.1854269570519578j)
(5.616726886895604+3.1882035824400248j)
(5.703209637193229+3.1928692006516144j)
(5.790561124977972+3.19950620675456j)
(5.879226622289939+3.208163650559192j)
(5.96966171814495+3.218858969992972j)
(6.062332568842651+3.231579484107248j)
(6.157717020963957+3.2462834520116024j)
(6.2563065359150904+3.2629005184062194j)
(6.358608834135605+3.281331376122366j)
(6.465151169501764+3.30144647934217j)
(6.576484137247339+3.3230836366746317j)
(6.693185908860273+3.3460443002166387j)
(6.81586677155272+3.3700883447307146j)
(6.945173824246363+3.3949271001115378j)
(7.081795642095429+3.420214360841914j)
(7.226466661959411+3.4455350492740466j)
(7.379970955217654+3.4703911574948063j)
(7.54314493352882+3.4941845391517004j)
(7.716878367275853+3.5161960745725884j)
(7.902112873103739+3.5355607007178826j)
(8.099836731894241+3.5512377993097335j)
(8.311074516573957+3.5619764987259805j)
(8.536869526599274+3.56627560825189j)
(8.778256435161046+3.562338225862511j)
(9.036220863006836+3.548021625678582j)
(9.311641834970384+3.520783950219018j)
(9.605212338864316+3.4776306471874534j)
(9.917332662880048+3.415065664444976j)
(10.24797113749799+3.329055308898355j)
(10.596487831414079+3.215016478603475j)
(10.961419349533703+3.0678456057565797j)
(11.340228071604113+2.8820096472891334j)
(11.72902796388073+2.651724744993804j)
(12.122312259744843+2.3712497424255865j)
(12.512725691750274+2.035317493259965j)
(12.89094347932086+1.639712888221818j)
(13.245735739020157+1.1819791065925274j)
(13.564300487658295+0.6621917457032533j)
(13.832929568183532+0.08368923526418817j)
(14.038020152549894-0.5463986121103334j)
(14.167359927496948-1.2170012692296703j)
(14.21151371441012-1.9134826162247474j)
(14.16505846707783-2.618591164349134j)
(14.02739443767711-3.313895102290359j)
(13.802928740065363-3.9814705829245955j)
(13.500572162165945-4.605528159742227j)
(13.132660483153051-5.173675562216349j)
(12.71354239780951-5.677620738136026j)
(12.258122260675794-6.113271568929707j)
(11.780603665494487-6.480327693140246j)
(11.293582151942342-6.781542390599205j)
(10.80752748805077-7.021848071731993j)
(10.330612745199334-7.207504344843484j)
(9.868802701539249-7.345370378699679j)
(9.426104273130544-7.442346900699242j)
(9.004894396835763-7.504990780831873j)
(8.606263270739356-7.539280030815917j)
(8.230333940320168-7.5504965104749715j)
(7.876538131017853-7.543192856572149j)
(7.543841539680022-7.521214585498127j)
(7.2309199752967-7.487754681507765j)
(6.936292002875887-7.445424314369764j)
(6.658415385534085-7.396328707932772j)
(6.395754699987282-7.342141325429525j)
(6.146826774480055-7.2841725121171255j)
(5.91022954788663-7.2234307467522j)
(5.6846588521726025-7.160675935214473j)
(5.468916618751757-7.096464942982563j)
(5.261913159892702-7.031189976193547j)
(5.062665489730657-6.965110608275438j)
(4.870293112787311-6.898380298238798j)
(4.684012298899197-6.831068216660783j)
(4.503129557939736-6.763177124413504j)
(4.327034803334361-6.6946579610447j)
(4.15519453106805-6.625421708489154j)
(3.987145225206-6.555349009268108j)
(3.8224871197582857-6.484297940364693j)
(3.6608783907013542-6.412110276008944j)
(3.50202981410405-6.338616514754105j)
(3.3456999013614395-6.263639897833516j)
(3.1916905066648673-6.186999605864474j)
(3.0398428922107783-6.108513288414855j)
(2.8900342312280882-6.027999054682987j)
(2.7421745262005404-5.945277032557565j)
(2.5962039186114834-5.8601705867235925j)
(2.4520903663724236-5.772507273474926j)
(2.3098276652677963-5.682119599804027j)
(2.169433790857089-5.5888456465691565j)
(2.030949537047243-5.492529609577543j)
(1.894437426785228-5.393022307812509j)
(1.759980868894767-5.290181704364213j)
(1.6276835329193688-5.183873482526486j)
(1.4976689109063999-5.073971716642156j)
(1.3700800313998363-4.960359674289843j)
(1.2450792865704812-4.842930782985234j)
(1.1228483285291844-4.721589790419722j)
(1.0035879856286538-4.596254142096569j)
(0.8875181442145066-4.466855593792547j)
(0.7748775361610459-4.333342068362772j)
(0.6659233680207424-4.195679756863302j)
(0.5609307241920326-4.053855452720321j)
(0.4601916746955628-3.9078790947682j)
(0.36401401850855813-3.757786480578832j)
(0.2727195965170328-3.6036420959472473j)
(0.18664211455286125-3.445541990192065j)
(0.1061244271531242-3.2836166107739344j)
(0.03151524693910868-3.1180334955160807j)
(-0.03683473701969073-2.9489997074763723j)
(-0.09857732596408947-2.7767638874365947j)
(-0.1533718313281733-2.6016177932569255j)
(-0.20089058690605552-2.4238971951624024j)
(-0.24082486210848886-2.243982002395913j)
(-0.27289105482459075-2.0622955103211855j)
(-0.2968370140428673-1.8793026783099456j)
(-0.31244831798872263-1.6955073774139515j)
(-0.3195543151659598-1.5114485821222037j)
(-0.31803372524163104-1.3276955210440948j)
(-0.30781959572708145-1.1448418451678348j)
(-0.28890341987196383-0.9634989169758992j)
(-0.26133824139292394-0.7842883664037233j)
(-0.2252406020979643-0.6078340975738921j)
(-0.18079122781929938-0.43475396076256523j)
(-0.12823439426449393-0.2656513249173096j)
(-0.06787596477505638-0.10110679565232826j)
(-8.014350540391788e-05+0.05832967878691069j)
(0.07473496293751183+0.21214608546606564j)
(0.15610283779757492+0.3598748058065982j)
(0.24351492577467995+0.5010980874356481j)
(0.33642768166610054+0.6354524018819842j)
(0.4342700767145135+0.7626316066071508j)
(0.5364513371583698+0.8823888765831891j)
(0.6423686937465048+0.9945374159291808j)
(0.7514149345744118+1.0989500016401847j)
(0.8629855749060625+1.1955574473238018j)
(0.9764854847322942+1.2843461038265203j)
(1.0913348456273821+1.3653545350086684j)
(1.206974340998332+1.4386695206128182j)
(1.3228695162656567+1.5044215445463964j)
(1.438514276351996+1.5627799267273108j)
(1.5534335159223078+1.6139477509402886j)
(1.667184902313275+1.658156731077789j)
(1.7793598515643172+1.6956621448821674j)
(1.8895837542775478+1.7267379490042105j)
(1.9975155203086328+1.7516721728691933j)
(2.1028465198391406+1.7707626723652217j)
(2.205299003653922+1.784313308434914j)
(2.304624087978989+1.7926306007782018j)
(2.400599389600096+1.7960208934117632j)
(2.4930263957549346+1.794788056972718j)
(2.5817276510278506+1.7892317424612902j)
(2.666543840689463+1.779646192530023j)
(2.7473308470773614+1.7663196092849978j)
(2.823956853111261+1.7495340716176386j)
(2.8962995652129613+1.7295659900021587j)
(2.9642436270189174+1.706687082064982j)
(3.027678295504165+1.6811658475759659j)
(3.0864954525490838+1.6532695162706796j)
(3.1405880275103217+1.6232664354626423j)
(3.189848909774375+1.5914288560595262j)
(3.234170434137978+1.5580360646332707j)
(3.273444525472299+1.523377794886428j)
(3.307563591472609+1.4877578335426325j)
(3.3364222519875244+1.451497712862467j)
(3.3599199886789104+1.4149403544359023j)
(3.3779647873945575+1.378453496889365j)
(3.3904778251145165+1.342432704630433j)
(3.397399220936451+1.307303717649265j)
(3.3986948236663896+1.2735238668320752j)
(3.3943639450761527+1.2415822497711753j)
(3.3844478668175615+1.2119983447473983j)
(3.3690388513029723+1.1853187428536085j)
(3.348289276312909+1.1621117084466062j)
(3.3224203970151027+1.1429593445179969j)
(3.2917301289641223+1.1284472488883648j)
(3.2565991570879174+1.1191517025970736j)
(3.2174946274358396+1.1156246310387579j)
(3.174970690414718+1.1183768110899195j)
(3.1296652540024965+1.1278600444464475j)
(3.0822924841326675+1.1444492505914698j)
(3.0336308572341917+1.1684256176614825j)
(2.9845069123502803+1.199962049598654j)
(2.9357752369397616+1.2391121318821219j)
(2.8882956069807726+1.2858036867662999j)
(2.8429085357402895+1.3398377022474797j)
(2.800410714714007+1.40089301934753j)
(2.7615319141500927+1.468536693497272j)
(2.7269148290559944+1.5422394666367352j)
(2.6970991153478345+1.6213953606102507j)
(2.6725104912808835+1.7053440856337645j)
(2.6534553327944677+1.7933947881171488j)
(2.640120728870664+1.8848496534487234j)
(2.63257954332992+1.9790260195588525j)
(2.6307996991790485+2.0752759133448944j)
(2.6346566882836098+2.1730022489423204j)
(2.6439482196424486+2.2716712759517494j)
(2.658409942614202+2.3708211941613557j)
(2.677731293087399+2.4700671273471775j)
(2.7015706806263258+2.5691028543251693j)
(2.7295694327234123+2.6676998255111384j)
(2.761364112359994+2.7657040531170907j)
(2.796597007746005+2.8630314648127997j)
(2.8349247463585003+2.9596622694187147j)
(2.876025103887597+3.0556348144038896j)
(2.919602162319001+3.1510393323185526j)
(2.965390023573553+3.246011887644491j)
(3.013155311289945+3.3407287546179973j)
(3.06269869958568+3.4354013851847363j)
(3.1138556998842115+3.530272066789471j)
(3.166496920363254+3.6256103228040186j)
(3.2205279915162683+3.721710073462489j)
(3.2758893289908513+3.818887550909077j)
(3.3325558836430638+3.917479946749939j)
(3.3905370102495147+4.017844762661224j)
(3.4498765716142996+4.120359832575312j)
(3.5106533845723478+4.225423987387058j)
(3.5729821090739016+4.33345833886789j)
(3.6370146814967383+4.444908167668617j)
(3.7029423989613806+4.560245410261715j)
(3.7709987732436097+4.679971750934701j)
(3.841463291648884+4.8046223371415255j)
(3.914666249044311+4.934770149378877j)
(3.9909948517115392+5.071031070024322j)
(4.070900842004298+5.2140697089532795j)
(4.154909956019371+5.364606056779973j)
(4.243633608799782+5.523423048483594j)
(4.337783308686051+5.6913751297139665j)
(4.438188442074954+5.8693979230869955j)
(4.545818252619163+6.058519088788366j)
(4.6618090792630795+6.25987045709758j)
(4.787498235274271+6.474701470809149j)
(4.924466332825094+6.704393898092913j)
(5.07459042222827+6.950477637150208j)
(5.240111073380546+7.214647194421714j)
(5.423717550677978+7.49877801547414j)
(5.628656619620378+7.8049411801497826j)
(5.858872406909259+8.135413874355264j)
(6.119187294474959+8.492681245286866j)
(6.415537292395538+8.87942227928681j)
(6.755279985918155+9.298467450917666j)
(7.14759928042301+9.752707799530642j)
(7.604038959634723+10.244921637083593j)
(8.139206275458362+10.77746262880309j)
(8.771695903526417+11.351715369725955j)
(9.52528895687765+11.967161592019197j)
(10.43046909069209+12.619795350760246j)
(11.526238327891344+13.299454375471248j)
(12.862040655077465+13.98536666967428j)
(14.49916184185897+14.638829644230722j)
(16.509964137234537+15.19151945145258j)
(18.97119454574884+15.527885258659378j)
(21.943729200735774+15.46180164169153j)
(25.425930272640635+14.71464810161959j)
(29.267279250674893+12.920191307530626j)
(33.05334678591721+9.711050415844143j)
(36.05164501895559+4.944057178818188j)
(37.397511891139125-1.002499068649631j)
(36.57204838696314-7.169457566816619j)
(33.79422781379364-12.44860946678045j)
(29.86789856885676-16.17407617195207j)
(25.66191983069379-18.30348955816822j)
(21.753677261806565-19.1746936612415j)
(18.39365549604593-19.206355708107328j)
(15.620669593895387-18.742206894187593j)
(13.375532697362626-18.017876603529487j)
(11.569315305231427-17.17955949349748j)
(10.11478305216662-16.31217789036519j)
(8.9374742333111-15.462293698594703j)
(7.977585940478945-14.65361986039663j)
(7.188422385207472-13.89670043689402j)
(6.533951999846276-13.194709524844523j)
(5.986455526027481-12.546847436879586j)
(5.52456553199379-11.950299691476273j)
(5.13172977875137-11.401350640247946j)
(4.795041199046594-10.89600407298911j)
(4.504358689249894-10.430317879401521j)
(4.251649516712572-10.000573887296955j)
(4.030497405849431-9.603353638709281j)
(3.835733468835485-9.235561437537605j)
(3.663158032052563-8.894418784260028j)
(3.5093298224079983-8.577444210897502j)
(3.371405256528594-8.282426585033006j)
(3.2470151814616632-8.007396447580193j)
(3.1341697675581957-7.7505978839925564j)
(3.031184688518121-7.51046221615642j)
(2.936623493653703-7.285584096637255j)
(2.8492523689969227-7.074700183349981j)
(2.7680044309279133-6.876670348997431j)
(2.691951394458138-6.690461262690613j)
(2.6202809766581097-6.5151321271434774j)
(2.552278782901451-6.349822337322049j)
(2.487313714645914-6.193740829542111j)
(2.4248261575810846-6.046156904204218j)
(2.3643183763615703-5.906392324941705j)
(2.30534667006197-5.773814518559307j)
(2.2475149406520916-5.647830721807346j)
(2.1904694023628397-5.527882941664291j)
(2.133894218139843-5.4134436148158676j)
(2.077507894466076-5.304011869150009j)
(2.0210603007143795-5.199110305266034j)
(1.964330206177056-5.0982822292531464j)
(1.9071232487911531-5.001089279436094j)
(1.8492702657072104-4.90710939955037j)
(1.790625928301227-4.8159351190508985j)
(1.7310676338337394-4.727172108141301j)
(1.6704946133609433-4.6404379807892235j)
(1.608827221206078-4.555361323622866j)
(1.5460063756937419-4.471580932319088j)
(1.4819931242417583-4.388745240023177j)
(1.4167683085292806-4.306511924593598j)
(1.3503323075001317-4.224547683135425j)
(1.2827048375595755-4.14252816345614j)
(1.213924790594894-4.0601380428079725j)
(1.1440500914893688-3.9770712446283145j)
(1.073157557682506-3.8930312839927383j)
(1.001342744130088-3.8077317321883406j)
(0.9287197578012224-3.720896790229611j)
(0.8554210266832496-3.6322619603012702j)
(0.7815970092147018-3.54157480305922j)
(0.7074158311994841-3.4485957674860033j)
(0.6330628386365795-3.3530990786414603j)
(0.5587400565907793-3.254873667231188j)
(0.4846655462847787-3.1537241235259397j)
(0.41107265504642176-3.049471656903223j)
(0.33820915661698747-2.941955041269984j)
(0.26633628260001585-2.8310315259958205j)
(0.1957276494616985-2.7165776918819122j)
(0.12666808938751256-2.5984902322527543j)
(0.0594523973244644-2.4766866406130426j)
(-0.00561598949096931-2.351105788564668j)
(-0.06822635952548677-2.2217083808840505j)
(-0.1280621193087019-2.088477278822924j)
(-0.18480218465764023-1.9514176877436142j)
(-0.23812234399967436-1.8105572109814716j)
(-0.2876965670979359-1.6659457781000708j)
(-0.33319823408363397-1.5176554621481977j)
(-0.37430126294389-1.3657802067380123j)
(-0.4106811185085151-1.2104354892933267j)
(-0.4420156924015066-1.0517579511891189j)
(-0.4679860511107428-0.8899050282535914j)
(-0.48827705787638637-0.7250546158303135j)
(-0.5025778829681062-0.5574048009839272j)
(-0.5105824254699036-0.387173690311705j)
(-0.5119896772028777-0.2145993551873259j)
(-0.5065040651477009-0.039939907308453974j)
(-0.49383581195893367+0.13652629346763873j)
(-0.4737013542478059+0.31450030923661404j)
(-0.4458238547230255+0.4936621951328019j)
(-0.40993383666494937+0.6736705068350772j)
(-0.3657699574015178+0.8541617909627484j)
(-0.3130799215146129+1.034750113331775j)
(-0.2516215147155713+1.2150266848805924j)
(-0.18116371619695784+1.3945596451201006j)
(-0.10148782151651235+1.5728940571303895j)
(-0.012388480604611464+1.7495521554172917j)
(0.08632547263167122+1.9240338674398532j)
(0.1948305502369396+2.0958176005132825j)
(0.31328867665748955+2.26436124731478j)
(0.44184799158936017+2.4291033146176506j)
(0.5806446078347494+2.589464020260297j)
(0.7298055562577411+2.7448461315174524j)
(0.8894531571331453+2.8946352321560727j)
(1.0597110570702173+3.038199002645899j)
(1.2407121619798838+3.174884973701667j)
(1.4326086772256554+3.3040160604435402j)
(1.635584432530456+3.424882992130406j)
(1.849869614588092+3.5367325044177393j)
(2.075757941984505+3.6387498336643915j)
(2.3136261718637963+3.730033611818749j)
(2.5639555845462283+3.809560657774481j)
(2.8273546785323664+3.876137330674329j)
(3.104581597955421+3.9283329645660015j)
(3.3965635898777577+3.9643893317862973j)
(3.704408675655797+3.9820979612176184j)
(4.029401078720183+3.978634367362172j)
(4.372965693253894+3.9503348533277505j)
(4.736576183185901+3.892397944395187j)
(5.12156319847413+3.79849008307122j)
(5.528749091804496+3.6602376998080626j)
(5.957787074027293+3.4666041076510874j)
(6.406009596548591+3.2031997501752465j)
(6.866494487550797+2.851699118384682j)
(7.324973021347508+2.389812195689734j)
(7.755265761977378+1.7927905236034947j)
(8.113502345760885+1.0382932575773762j)
(8.333175290316582+0.11724522915412854j)
(8.326790260721255-0.9475138577756947j)
(8.004019242338504-2.0789540633957118j)
(7.313048058384252-3.137115820784747j)
(6.290158716593126-3.9494884743105594j)
(5.074032854053033-4.3826966651515935j)
(3.8545244113679322-4.407000839578817j)
(2.790356869744862-4.097624302807669j)
(1.961064789915364-3.5798603882902915j)
(1.3730362282713267-2.9714159298875327j)
(0.9914591373747996-2.3549959982331603j)
(0.76891488409282-1.7774044266053948j)
(0.6611340876519205-1.259490274906325j)
(0.6326151530617041-0.8066073341169071j)
(0.6570020214947524-0.41612320242948025j)
(0.7155352358346257-0.0819442169600208j)
(0.7951733163948681+0.20304769677384912j)
(0.8869707120630582+0.44580837902009424j)
(0.9848408516289321+0.652628377935236j)
(1.0846663492846946+0.8289785636837007j)
(1.1836774751943084+0.9795206633474085j)
(1.2800242800394608+1.108186996220238j)
(1.372483930544249+1.2182819056971776j)
(1.4602609509880724+1.312582755701786j)
(1.5428508970348365+1.3934312658713848j)
(1.6199473127043995+1.4628122736323668j)
(1.6913783122670383+1.5224199219816361j)
(1.7570635507565684+1.5737124688208148j)
(1.8169853275455183+1.6179572766085824j)
(1.8711695672051638+1.6562675204071504j)
(1.9196737606562315+1.6896319744143693j)
(1.9625798441260358+1.7189390123928459j)
(1.9999905886987375+1.7449957378008087j)
(2.032028466113592+1.768542967427442j)
(2.0588362120267183+1.7902666363938646j)
(2.080578470715888+1.810806074491866j)
(2.0974440065636952+1.8307595230872484j)
(2.109648030712462+1.8506872158572274j)
(2.1174342339203296+1.8711123319872138j)
(2.121076153210905+1.8925201423275808j)
(2.1208775419476877+1.9153557009465891j)
(2.1171714692215007+1.940020478163355j)
(2.110317950377002+1.9668683764127284j)
(2.100700007646052+1.9962016059755046j)
(2.0887181752645434+2.028266912554752j)
(2.0747835896754623+2.0632526334104733j)
(2.0593099311715486+2.1012870072019756j)
(2.0427045949365983+2.1424380736914364j)
(2.025359553035415+2.1867153776597736j)
(2.0076424128956227+2.2340735470280997j)
(1.9898881752259536+2.284417662830362j)
(1.972392144280322+2.3376101949770556j)
(1.9554043516126594+2.3934791586040216j)
(1.939125732345462+2.451827063727199j)
(1.9237061555541255+2.5124401930422064j)
(1.9092442737944193+2.5750977498590477j)
(1.8957890356698004+2.6395804652722727j)
(1.8833426106459084+2.705678331143957j)
(1.8718644132597984+2.773197221241135j)
(1.8612758856966352+2.8419642645026766j)
(1.8514657003971513+2.9118319309823986j)
(1.842295071916454+2.9826808743006845j)
(1.8336029121192639+3.054421639437873j)
(1.825210617219383+3.1269953895484135j)
(1.816926332223427+3.200373830873338j)
(1.8085485925473261+3.2745585233142895j)
(1.799869290159542+3.3495797593479493j)
(1.7906759504227354+3.42549517957938j)
(1.7807533350916598+3.502388273024829j)
(1.7698844069423547+3.5803668873273127j)
(1.7578507031916064+3.6595618510075627j)
(1.7444321695004925+3.7401257883047943j)
(1.7294065053266263+3.8222321883013426j)
(1.712548066004879+3.90607477446057j)
(1.693626358313252+3.9918672086641362j)
(1.6724041552959843+4.07984315526225j)
(1.6486352433765532+4.1702567253446j)
(1.6220618006451761+4.263383319116199j)
(1.592411389742419+4.359520884628148j)
(1.559393531839974+4.4589916139045025j)
(1.5226958094645244+4.562144102524357j)
(1.4819794247090339+4.669356005839799j)
(1.436874114850931+4.781037234202328j)
(1.3869722983630959+4.897633740895675j)
(1.33182228919413+5.019631970082215j)
(1.2709203739322905+5.147564048216796j)
(1.2037014923175917+5.282013821389183j)
(1.1295281928719023+5.423623863336937j)
(1.0476774472764707+5.573103604857379j)
(0.9573247928812313+5.731238765475816j)
(0.85752512328361+5.898902302796399j)
(0.7471892496861555+6.077067133967913j)
(0.6250550931994026+6.266820926472576j)
(0.4896520157233394+6.469383300060419j)
(0.3392563194446253+6.686125823844319j)
(0.17183529201271378+6.918595223843266j)
(-0.015023726831075888+7.1685402205868645j)
(-0.22420403775744885+7.437942364265986j)
(-0.4591765834290786+7.729051072851275j)
(-0.7241523273895711+8.044422710060772j)
(-1.0242827018064284+8.386962790745537j)
(-1.3659260863163332+8.759968954820208j)
(-1.7570060311930304+9.167169628241357j)
(-2.207498455697606+9.612748218712687j)
(-2.730102327005944+10.101333262526783j)
(-3.3411744179333924+10.637917310115785j)
(-4.0620482667038695+11.227634065921267j)
(-4.9209170219947085+11.87525966775629j)
(-5.955547701182534+12.584180377997484j)
(-7.217216646424068+13.354324724630784j)
(-8.776400595943999+14.178067705693344j)
(-10.730837731264614+15.032118191029783j)
(-13.216238176102351+15.86137591946349j)
(-16.417964685109762+16.54674933281094j)
(-20.574577822811104+16.841864678444665j)
(-25.940251938332697+16.255637516085148j)
(-32.60879092429038+13.872704909240941j)
(-39.99302582761339+8.250394836716437j)
(-45.88556038351677-1.9685110589719286j)
(-46.41779519128369-15.825694060987129j)
(-39.572462600965984-28.475973955856624j)
(-28.541570181378614-35.350929620507195j)
(-18.030250117781307-36.54500460259387j)
(-10.100615791636754-34.61435402249056j)
(-4.676957136380899-31.594528846100953j)
(-1.0809397743309017-28.48380853644561j)
(1.300801962961837-25.653239490766875j)
(2.895412775401825-23.194910806946087j)
(3.9781890618910523-21.095772572243586j)
(4.72337269648361-19.310513462860072j)
(5.241818911441696-17.789297799541302j)
(5.6050912369855-16.48713510322665j)
(5.860223335807794-15.366180020044101j)
(6.038703401987899-14.395502602243248j)
(6.161989102634185-13.550098129782517j)
(6.244944035578168-12.809795212522317j)
(6.298016966784376-12.158282677579601j)
(6.328649170050053-11.582307620143132j)
(6.342199683274248-11.071036789859726j)
(6.3425641267239925-10.615555673411667j)
(6.332595317018098-10.208477729090546j)
(6.314393520643236-9.843639621775147j)
(6.289509597979951-9.515862876789223j)
(6.259089065264474-9.22076664054617j)
(6.223975523127351-8.954619780151955j)
(6.1847857773399175-8.714223346524737j)
(6.141965003850195-8.49681657017591j)
(6.095827694374463-8.300001185704513j)
(6.046588373444731-8.121680109095456j)
(5.994384898456328-7.960007418311063j)
(5.939296347956783-7.8133472880911246j)
(5.88135694612242-7.680240061752135j)
(5.820567082266456-7.559374049107992j)
(5.756902209936671-7.449561952512798j)
(5.690320214927957-7.349721066325368j)
(5.620767701049277-7.258856586678244j)
(5.548185539856418-7.176047521671192j)
(5.472513953800062-7.100434817076795j)
(5.393697342473328-7.031211416898385j)
(5.311689012004279-6.967614067270022j)
(5.226455922447925-6.90891675018932j)
(5.137983522278071-6.854425702891054j)
(5.046280688105565-6.803476040208916j)
(4.951384727146704-6.7554300502148745j)
(4.853366325707751-6.709677274883502j)
(4.752334235863825-6.66563651217948j)
(4.648439383127386-6.622759875687223j)
(4.541877951833409-6.580539011676306j)
(4.432892868800097-6.538513487860464j)
(4.321772973399915-6.496281218601988j)
(4.208849056905333-6.453510565443105j)
(4.0944859103158535-6.409953444033842j)
(3.9790695826270768-6.365458387121391j)
(3.862989271163514-6.319982088925206j)
(3.746613687897149-6.273597549566883j)
(3.6302623945637724-6.22649664298794j)
(3.5141734549749266-6.178984868331982j)
(3.3984697300240905-6.13146633896889j)
(3.283127078091302-6.0844178093154175j)
(3.1679483951490486-6.038351751747086j)
(3.052547588658519-5.993770065509132j)
(2.936347034273784-5.951111678639222j)
(2.8185907588808528-5.910698737358982j)
(2.6983736700931744-5.872686889044877j)
(2.5746849522842807-5.837025077602103j)
(2.446461736326379-5.803429214541545j)
(2.3126477754161003-5.7713722507944905j)
(2.1722514176568097-5.740090949941768j)
(2.0243977052784943-5.708607538914927j)
(1.8683707500275397-5.675762812393295j)
(1.7036442691999685-5.640256439686566j)
(1.5298999137670457-5.60069019561163j)
(1.3470344530755105-5.555610452628491j)
(1.1551578168275762-5.503547271387572j)
(0.9545844015187113-5.4430485408031295j)
(0.7458200054494086-5.3727086320592194j)
(0.5295464026870736-5.291191814043703j)
(0.30660504974740715-5.197251183925015j)
(0.07798086318583722-5.089744110924592j)
(-0.1552135023198147-4.967645223618365j)
(-0.3917528593446559-4.830057853057758j)
(-0.6303144606457194-4.676224633934882j)
(-0.8694932117040651-4.505537711294344j)
(-1.1078176822282166-4.317548735578497j)
(-1.3437674778568927-4.1119785777411195j)
(-1.5757924650635047-3.8887264744096566j)
(-1.8023342177181993-3.6478781313629547j)
(-2.021849885343642-3.3897121800502275j)
(-2.2328384827072716-3.1147043034544373j)
(-2.433869380560727-2.823528330382602j)
(-2.623612552070554-2.5170536460242143j)
(-2.800869914643342-2.196338383807879j)
(-2.9646069197876646-1.8626180480412389j)
(-3.113983402092967-1.5172894626489812j)
(-3.2483826186173825-1.1618902371402238j)
(-3.367437404497578-0.7980742700393808j)
(-3.471052445855705-0.42758415123322724j)
(-3.5594218252331418-0.052221654495979486j)
(-3.633041216330098+0.3261821934940846j)
(-3.692714372120362+0.7057957410842721j)
(-3.739553832306133+1.084812138562402j)
(-3.774976033511597+1.4614695697376907j)
(-3.800691193757922+1.8340642705924854j)
(-3.8186884132484193+2.2009543590396987j)
(-3.8312163362752027+2.560552596374328j)
(-3.8407594036634576+2.911306348207761j)
(-3.8500091419012006+3.2516632226575997j)
(-3.8618290375624076+3.5800211793863492j)
(-3.8792102977154825+3.89466241692446j)
(-3.905214189588872+4.193671220251338j)
(-3.9428947379690333+4.4748374399733395j)
(-3.9951935123428566+4.735549735685984j)
(-4.064796457460227+4.9726865907993885j)
(-4.15394197533943+5.182518833806131j)
(-4.2641710392092635+5.360645204448279j)
(-4.396015903920966+5.5019919718236j)
(-4.548636305039573+5.600917041413571j)
(-4.719432942463227+5.6514645829092895j)
(-4.90369759819856+5.647811580231242j)
(-5.0943929250570505+5.5849246119567635j)
(-5.282180955287951+5.45939683653177j)
(-5.455818387814005+5.2703628030617935j)
(-5.6029878524000765+5.020309322686269j)
(-5.711529246945763+4.715549577329333j)
(-5.770894762651966+4.366147529395646j)
(-5.773530291037746+3.985193654205885j)
