(119.95536852324989+0j)
(98.92879236964257-46.30295330257656j)
(64.24226857017342-61.239707089048075j)
(39.70877671406048-58.601185295856354j)
(25.082906403269998-51.69714282472621j)
(16.344500712288202-44.86600922749165j)
(10.89246740739409-39.03118259168762j)
(7.324839328294779-34.20915214002636j)
(4.888514118038898-30.22851713722759j)
(3.163623039683768-26.912022111837302j)
(1.9053410572950849-24.11451794625248j)
(0.9646046217413519-21.72433132775757j)
(0.24703879340110677-19.656896985303856j)
(-0.30920853790770286-17.848107152806964j)
(-0.7459254927482575-16.248975163515993j)
(-1.09210966416356-14.821667604093317j)
(-1.3683633403693516-13.536625687536196j)
(-1.5896332585793906-12.370486663793164j)
(-1.7669667610647442-11.304576812546104j)
(-1.9086660732881566-10.323809922122805j)
(-2.021064322820726-9.415874082198409j)
(-2.1090580129068472-8.570624873016925j)
(-2.176479200972467-7.779627636463745j)
(-2.2263600394073713-7.035808499463808j)
(-2.261123700861314-6.333185539315238j)
(-2.2827241020000812-5.66665960271948j)
(-2.2927494582468344-5.0318499606358165j)
(-2.292499918249009-4.424963973477999j)
(-2.283046371681679-3.8426927783635616j)
(-2.265275408862213-3.282127045225776j)
(-2.239923970948199-2.740688321740771j)
(-2.207606235538898-2.2160725630104574j)
(-2.1688345869806085-1.7062032342364137j)
(-2.1240360276195687-1.2091919625099161j)
(-2.073565032358319-0.7233051528276437j)
(-2.01771359156935-0.24693531297065863j)
(-1.9567189978606219+0.2214239201448645j)
(-1.8907697904719858+0.683199873370093j)
(-1.820010163237874+1.1397607305493171j)
(-1.7445430582362087+1.5924338040170394j)
(-1.6644321001788016+2.0425226884435057j)
(-1.5797024709708638+2.4913237513013424j)
(-1.490340775415621+2.9401423851917143j)
(-1.3962939043459504+3.390309437023882j)
(-1.2974668574185866+3.843198236965783j)
(-1.1937194413960912+4.300242676708014j)
(-1.0848617077457765+4.762956833691766j)
(-0.9706479319974111+5.232956708778213j)
(-0.8507688618362667+5.711984744351472j)
(-0.724841865118178+6.201937925225589j)
(-0.5923984845273665+6.704900446171645j)
(-0.4528687407274701+7.223182171615269j)
(-0.30556130403377807+7.759364435020799j)
(-0.149638352012603+8.316355155621629j)
(0.015916487877328578+8.897455827995342j)
(0.1923392970631883+9.506443721730115j)
(0.3811391430643379+10.14767369499133j)
(0.5841676861409884+10.826205494697758j)
(0.8037110676720872+11.547964459945277j)
(1.0426126109430918+12.319946421221358j)
(1.304438746156895+13.150481682727985j)
(1.5937065180415892+14.04957887907865j)
(1.916200322693327+15.029378123158983j)
(2.2794203358299896+16.104755637426035j)
(2.693229275776497+17.29414124939163j)
(3.170804620568061+18.62063935402759j)
(3.730073063126493+20.113589024758877j)
(4.395927644831517+21.81076922126024j)
(5.203755153150151+23.761565092294205j)
(6.205234863009232+26.031582391784504j)
(7.4782330583578975+28.70945288400217j)
(9.144421030833946+31.91691073554112j)
(11.402214111466515+35.82346296442484j)
(14.591878956401967+40.666143734071284j)
(19.332465132982243+46.76831235154666j)
(26.828868954390174+54.517636835663986j)
(39.59337953251217+64.09642430958274j)
(63.038793304363224+73.92088628689692j)
(106.54973762459969+73.10152518684896j)
(160.58744841580102+24.38346394608396j)
(144.75164082302996-63.304618819057126j)
(82.91288287818757-90.20878572237305j)
(44.6188150569094-80.54467694019714j)
(25.809062326616772-66.87411680593705j)
(16.173259283312042-55.69401718752253j)
(10.834322891991338-47.17152822337873j)
(7.663522412630436-40.65326975285415j)
(5.674246350664055-35.57106133329581j)
(4.372924732761886-31.522530198691648j)
(3.4948027543490583-28.232095761225047j)
(2.889144232115296-25.509755795679446j)
(2.465713794919279-23.22210905560423j)
(2.1681632754386557-21.2735124444711j)
(1.9600259767911397-19.59396302384934j)
(1.816974622366668-18.131226422904483j)
(1.7223551603107856-16.845634583757004j)
(1.6645126659431406-15.70658035172369j)
(1.6351371222026003-14.690109184351181j)
(1.6282101481683189-13.777233695156662j)
(1.6393168760310712-12.952733551043698j)
(1.6651858148827958-12.204287299295272j)
(1.703803110256486-11.521847238486036j)
(1.7526692072549115-10.89713297204036j)
(1.81057840794186-10.323303299393153j)
(1.8765204210283895-9.794677739001951j)
(1.9497272396853218-9.306529128747352j)
(2.0296182471281408-8.854922825866497j)
(2.115752215198936-8.436591498325893j)
(2.207786661800466-8.048836859663842j)
(2.3054423205320895-7.6894518078651135j)
(2.408470608629089-7.356657867566896j)
(2.5166224004895503-7.049053799590894j)
(2.6296168385709393-6.765571865265489j)
(2.747109335288281-6.5054386120239345j)
(2.868658379733164-6.268137261252884j)
(2.993691307512669-6.053368906341387j)
(3.121469858227771-5.861009853523523j)
(3.251057150662184-5.691062660963025j)
(3.381288633107012-5.543598870030919j)
(3.5107505439259974-5.418692202972178j)
(3.637770301308668-5.316342235695554j)
(3.7604238043382945-5.236390302669457j)
(3.876564572392129-5.178431604189369j)
(3.983878656437018-5.141729948844015j)
(4.079967075885954-5.125143854664195j)
(4.162454124688007-5.127074242176714j)
(4.229115546109145-5.14544399200741j)
(4.278016005020781-5.177717645120788j)
(4.307641544364845-5.22096532029343j)
(4.317010956583439-5.271968943895301j)
(4.305751106960897-5.327362217889287j)
(4.274125418719869-5.383789915761008j)
(4.223011298665452-5.438068597837811j)
(4.153829821213463-5.487330638551984j)
(4.068437752545685-5.52913661447477j)
(3.968996497321736-5.56154674267741j)
(3.8578340194263765-5.58314871740268j)
(3.7373143355101766-5.593045425356144j)
(3.6097256208254564-5.59081047685833j)
(3.4771934444857946-5.5764217638656515j)
(3.3416212446215816-5.550183461145391j)
(3.204656614293067-5.512645555376417j)
(3.067679636485007-5.464527804348198j)
(2.9318083699993562-5.40665261970062j)
(2.797916416402438-5.339889177752134j)
(2.666657974498149-5.265109334807798j)
(2.5384966093697865-5.183154725729776j)
(2.413734890237893-5.094813714326085j)
(2.292542928675935-5.0008065415925955j)
(2.174984592113769-4.901776968970965j)
(2.0610407469830085-4.798288835303646j)
(1.950629305465917-4.690826156850011j)
(1.8436221317105803-4.579795642358069j)
(1.739859036273956-4.46553073358467j)
(1.6391591798690042-4.348296495807649j)
(1.5413302438704348-4.228294864034198j)
(1.4461757251111123-4.105669897146355j)
(1.353500690942004-3.9805128065553697j)
(1.2631162977032926-3.852866612395791j)
(1.1748433385995354-3.722730343808471j)
(1.0885150498773892-3.5900627452153526j)
(1.003979369714765-3.45478548190662j)
(0.9211008136679516-3.3167858592957296j)
(0.8397621043881112-3.1759190837282367j)
(0.7598656716348056-3.032010101010812j)
(0.6813351211115444-2.884855053602768j)
(0.6041167569320947-2.7342224000081954j)
(0.528181232141385-2.579853741325669j)
(0.4535253942168234-2.421464400913013j)
(0.38017438743823495-2.2587438042950114j)
(0.3081840710633827-2.091355708252255j)
(0.23764381103045687-1.918938330869918j)
(0.168679703125322-1.741104438561909j)
(0.1014582868997451-1.5574414520643338j)
(0.03619081182258429-1.3675116414807296j)
(-0.026861880126515972-1.170852491070176j)
(-0.08738378830550765-0.9669773280551867j)
(-0.14499743393762898-0.7553763268246522j)
(-0.19925671572197465-0.5355180211308563j)
(-0.24963886863588308-0.3068514829407186j)
(-0.2955354562514495-0.06880935829044561j)
(-0.33624233289301775+0.17918801129681797j)
(-0.3709485234797549+0.43772710761013023j)
(-0.398723988202761+0.707394066480407j)
(-0.41850626928932944+0.9887654288325696j)
(-0.4290860619382081+1.2823963472522457j)
(-0.42909181615872566+1.588805700037488j)
(-0.4169735672147178+1.9084574721789662j)
(-0.3909863178384669+2.2417376629525037j)
(-0.3491734654075397+2.588925877094538j)
(-0.28935099394873876+2.9501606583732687j)
(-0.2090934480866204+3.325397543083616j)
(-0.10572308911578156+3.7143587656352444j)
(0.02369588261255878+4.116473567324899j)
(0.18235555736894304+4.5308081832013745j)
(0.3736917999908678+4.955984866793146j)
(0.6013569643172385+5.390089832907418j)
(0.869172912493247+5.830570849103666j)
(1.1810585097970863+6.274126498858396j)
(1.5409249936094127+6.716590994890609j)
(1.9525321907882178+7.152820949505053j)
(2.419298801269464+7.57659377194012j)
(2.9440613138564053+7.980531314513872j)
(3.528779112989595+8.356066790448514j)
(4.174188555261592+8.693477297637358j)
(4.879416729329313+8.982007559896498j)
(5.641576419176193+9.21011133132539j)
(6.455376958165693+9.365833490683071j)
(7.3127996337109+9.437346256830615j)
(8.202898195527043+9.413635734728016j)
(9.11179067371584+9.285310071095978j)
(10.022903349388129+9.04547014083092j)
(10.917507380181208+8.690553215653097j)
(11.775552157379131+8.221037562103259j)
(12.576750651447107+7.641890482201573j)
(13.301820019532563+6.962660934222565j)
(13.933738852122861+6.197161826797732j)
(14.458863927162426+5.362749635835267j)
(14.867762400376092+4.479276129341885j)
(15.15565908270844+3.5678415526063203j)
(15.322462339155322+2.649506466456378j)
(15.372399674781242+1.7441145850204942j)
(15.313348769230835+0.8693454266337541j)
(15.15598069835067+0.04006497705332481j)
(14.912836722357053-0.7320108737857767j)
(14.597443086275826-1.4383696855266703j)
(14.223538655206896-2.0735307340480986j)
(13.804457199709539-2.634718083014857j)
(13.352676846324224-3.121446393742192j)
(12.879527467969845-3.535076638127034j)
(12.395033521343832-3.8783841828274292j)
(11.907863986546445-4.155166831071676j)
(11.42536065665776-4.369907610950279j)
(10.953618978134582-4.527497356149834j)
(10.49760021559464-4.6330154995699715j)
(10.061258672432093-4.691563549785766j)
(9.647672294177314-4.708143808698904j)
(9.259168848763654-4.687575381880665j)
(8.897442909446521-4.634439897239703j)
(8.563661106043378-4.553050180681378j)
(8.258554675506797-4.447436162828684j)
(7.982499373258834-4.321343334700165j)
(7.735583435972719-4.178240034399698j)
(7.517664629124664-4.021330684951543j)
(7.3284175598636025-3.853572801611227j)
(7.167372456450166-3.6776961502917858j)
(7.033946559468554-3.4962228816611995j)
(6.927469171786936-3.3114878061425626j)
(6.847201296882742-3.125658231884943j)
(6.792350673359237-2.940752977601361j)
(6.762082896082305-2.758660309529613j)
(6.755529206221353-2.581154648656454j)
(6.771791435851387-2.409911960399963j)
(6.80994450830632-2.24652378171435j)
(6.8690368228733005-2.0925098658485033j)
(6.94808879088516-1.9493294371108116j)
(7.046089738815064-1.8183910501563076j)
(7.16199335160118-1.701061042840539j)
(7.294711795250824-1.5986705601427427j)
(7.443108631100707-1.5125211101516667j)
(7.605990614505782-1.443888592260621j)
(7.782098458051491-1.3940257129288638j)
(7.9700966338305035-1.3641626758112038j)
(8.168562291457604-1.3555060008398152j)
(8.37597337934278-1.3692352910674463j)
(8.590696077759443-1.4064977270251284j)
(8.810971685475277-1.4684000265626003j)
(9.03490314972307-1.5559975647260613j)
(9.260441495244876-1.6702803050560346j)
(9.485372495728093-1.812155153777384j)
(9.70730404421573-1.9824243162983064j)
(9.923654822144732-2.181759217922662j)
(10.131645043194288-2.4106695570862318j)
(10.328290260435427-2.6694671024030616j)
(10.510399473064655-2.958223940811795j)
(10.674579047522798-3.276725053645574j)
(10.817244265400586-3.6244153647903334j)
(10.934640605631973-4.0003417970876125j)
(11.02287712609284-4.403091416542532j)
(11.077974478035475-4.830727460723664j)
(11.095930094616545-5.280725947903689j)
(11.072802851352003-5.749916634549938j)
(11.004818895437968-6.2344332828548135j)
(10.888499271747452-6.7296794193487095j)
(10.720808340805121-7.230316849731696j)
(10.499319739453536-7.730284914396451j)
(10.22239381634689-8.222858532897382j)
(9.8893572510896-8.700752171374244j)
(9.50067227481719-9.15627467856814j)
(9.05808006758288-9.58153629063922j)
(8.564701174903837-9.96870403768717j)
(8.025075870515206-10.310295646500734j)
(7.445129889098378-10.59949554236836j)
(6.832056140481763-10.830470754427372j)
(6.194110671533934-10.99866064344572j)
(5.540330437072733-11.101013522758523j)
(4.880190004490398-11.136146139674226j)
(4.223222472649708-11.104408638663966j)
(3.5786350407043632-11.007847235922357j)
(2.954950727415217-10.850067887567942j)
(2.3597044441962813-10.636014846951197j)
(1.7992145996576911-10.371686382844848j)
(1.278442027892178-10.063814795795803j)
(0.8009380180533835-9.719538744868414j)
(0.36887423490629734-9.346093125431876j)
(-0.016859420900913802-8.950536295714878j)
(-0.3565068624187856-8.539527619750105j)
(-0.6512667053943716-8.11916133720456j)
(-0.9030996807910378-7.69485667378868j)
(-1.1145374267870876-7.271299463890326j)
(-1.288503887927462-6.852427572754307j)
(-1.4281567907032855-6.441450974314119j)
(-1.5367532554352816-6.040897168528754j)
(-1.6175408186035325-5.652673338234743j)
(-1.6736730773798163-5.278137888597792j)
(-1.708147803099902-4.918175480946174j)
(-1.7237646023228632-4.573271146626699j)
(-1.7230989006727258-4.243580405073261j)
(-1.7084890516424478-3.928993440085512j)
(-1.6820336115272783-3.6291922854891276j)
(-1.645596177872002-3.3437006444361304j)
(-1.6008155924588587-3.0719264424201964j)
(-1.5491197135645423-2.813197527269243j)
(-1.4917413368406138-2.56679111556453j)
(-1.429735174250889-2.331957676702273j)
(-1.3639950801124794-2.1079399708352287j)
(-1.2952709426792286-1.8939879373982405j)
(-1.2241848427512243-1.6893700838437897j)
(-1.1512462231776628-1.493381962073305j)
(-1.0768659211476428-1.3053522516350093j)
(-1.0013689950127174-1.1246468999568544j)
(-0.9250063346992418-0.9506717044121678j)
(-0.8479650844616691-0.7828736610121537j)
(-0.7703779329349042-0.6207413510212528j)
(-0.6923313415505365-0.46380459009135244j)
(-0.6138727911026165-0.31163352443220904j)
(-0.5350171297155938-0.1638373246174514j)
(-0.4557521053286745-0.020062599259100502j)
(-0.3760431633186046+0.12000837270041974j)
(-0.2958375859735296+0.25665951160078704j)
(-0.21506804588908054+0.3901428448043922j)
(-0.13365564047985085+0.5206804015050446j)
(-0.0515124700292017+0.6484660538115967j)
(0.03145618272571068+0.7736672715974411j)
(0.11535001740894403+0.89642676532591j)
(0.20027217450361698+1.0168639965783857j)
(0.28632793953484614+1.135076540647196j)
(0.37362364702457146+1.2511412895970375j)
(0.4622657397714955+1.365115487903121j)
(0.5523599399067238+1.4770375963834437j)
(0.644010488570782+1.5869279838814085j)
(0.7373194110536423+1.6947894502416216j)
(0.8323857639711799+1.800607588771204j)
(0.9293048206997602+1.9043510017942904j)
(1.028167151098907+2.005971389289751j)
(1.1290575518270736+2.1054035381201475j)
(1.2320537846988417+2.2025652481519606j)
(1.337225083036554+2.2973572416959165j)
(1.4446303904352054+2.3896631141204354j)
(1.5543163034896639+2.479349396012933j)
(1.6663147006080121+2.5662658104617972j)
(1.7806400538754323+2.6502458221966054j)
(1.8972864408159915+2.731107587383936j)
(2.0162242984402776+2.8086554223301206j)
(2.1373969934498285+2.882681914234979j)
(2.2607173196289603+2.952970795073254j)
(2.3860640752224183+3.019300687922808j)
(2.5132789173345387+3.0814498107677153j)
(2.6421637336584203+3.1392016834000724j)
(2.7724788093046073+3.192351826738623j)
(2.903942091973865+3.240715370345992j)
(3.0362298650963675+3.284135395029599j)
(3.168979118552458+3.32249173789476j)
(3.3017918539036186+3.355709885108822j)
(3.4342414718925838+3.3837694841822317j)
(3.5658812646095015+3.406711936474386j)
(3.696254878941203+3.4246464964486267j)
(3.824908443702269+3.4377543199903053j)
(3.951403877984883+3.446289978596341j)
(4.07533274461957+3.4505800911297797j)
(4.196329903018594+3.4510189128214135j)
(4.314086169810548+3.4480609456576112j)
(4.4283592260997375+3.4422108707957264j)
(4.538982119024868+3.434011323487927j)
(4.645868882935627+3.4240292060137576j)
(4.749017031655983+3.4128413418095467j)
(4.848506920325511+3.4010203016214944j)
(4.9444982131311335+3.3891211793193645j)
(5.037223894624771+3.377669971821679j)
(5.126982407264403+3.3671540442097747j)
(5.214128576160211+3.3580149621910333j)
(5.299063993850533+3.3506437745020747j)
(5.382227492092543+3.345378648810361j)
(5.464086238811643+3.342504621044031j)
(5.5451278837365425+3.342255117415909j)
(5.62585405260646+3.3448148514122664j)
(5.7067753712197575+3.350323680020138j)
(5.78840809712893+3.3588810163554044j)
(5.871272354403195+3.3705504299976585j)
(5.955891907717833+3.385364112163162j)
(6.042795375277134+3.4033269319010784j)
(6.132518762914812+3.424419855000302j)
(6.225609200215238+3.44860253424625j)
(6.32262976931236+3.4758149046749915j)
(6.424165333846243+3.5059776283689748j)
(6.530829295338421+3.538991228768003j)
(6.643271223208686+3.574733733449406j)
(6.762185319099823+3.6130566059033744j)
(6.888319682177188+3.653778689754308j)
(7.022486334975228+3.696677811473741j)
(7.165571943169383+3.7414795876862494j)
(7.318549109148542+3.7878428580724126j)
(7.4824880269409295+3.8353410119468827j)
(7.658568138656598+3.8834382938639713j)
(7.848089207334504+3.9314599612192516j)
(8.0524808862566+3.9785549295316387j)
(8.273309377282903+4.02364929250412j)
(8.512279073322658+4.065388873484339j)
(8.771226099586944+4.102068808915374j)
(9.052099316896781+4.131548183215966j)
(9.356922533230627+4.151148098191455j)
(9.687729306806064+4.157532543325839j)
(10.04645879781335+4.146573460344113j)
(10.434797774893433+4.113205086113893j)
(10.853950566666029+4.051278852252172j)
(11.304316516721643+3.953439826383951j)
(11.785055367816554+3.8110598419412516j)
(12.293528377006597+3.6142813628449826j)
(12.824621889453203+3.3522481967309465j)
(13.369996722327304+3.013619034937914j)
(13.917365968248042+2.5874658564588486j)
(14.449984075204846+2.0646321601980975j)
(14.946614321931042+1.439541542780449j)
(15.38228890888072+0.7122882246354166j)
(15.730121381126851-0.1093782193390379j)
(15.964213130033526-1.0087690090685604j)
(16.06331207189634-1.9603301598519594j)
(16.01445005210097-2.931511293182627j)
(15.815538174785374-3.886342173086229j)
(15.476056027328092-4.78998652616184j)
(15.01554991027899-5.613114760540878j)
(14.460396914338762-6.3349872167562j)
(13.839813353742864-6.944647274452471j)
(13.182154454230954-7.440296631088887j)
(12.5122233289745-7.8274243599961375j)
(11.849829394171028-8.116422438639088j)
(11.209448261324464-8.320295182124292j)
(10.600642377066235-8.452817252049542j)
(10.028883051609139-8.52725545253565j)
(9.49649327451672-8.555611090129673j)
(9.003535739595057-8.548266888207975j)
(8.548560574196198-8.513909953430323j)
(8.12918853775435-8.459620994344142j)
(7.742539817791049-8.391048807260923j)
(7.385533615041862-8.312616481800355j)
(7.055087182069279-8.227727339323962j)
(6.748240602875928-8.138953695646698j)
(6.462228961793821-8.04820118791449j)
(6.194518587408131-7.956847087673408j)
(5.942819655189646-7.865854055676956j)
(5.705083881198129-7.775862180544283j)
(5.47949333611725-7.687262573504556j)
(5.264444431614394-7.600255709447127j)
(5.058529726832099-7.514897380282619j)
(4.8605192291282835-7.431134715132348j)
(4.669342202096187-7.348834306124158j)
(4.4840700542312195-7.267804098700336j)
(4.303900595753902-7.1878103770639425j)
(4.128143770317279-7.108590901355385j)
(3.9562088582359345-7.029865029610319j)
(3.7875930845886847-6.951341478100927j)
(3.6218715326977278-6.872724231277296j)
(3.4586882499799594-6.793717000541174j)
(3.297748431565743-6.714026543638967j)
(3.138811572458315-6.633365088605377j)
(2.9816854881351444-6.551452053865815j)
(2.8262211142838978-6.468015216036796j)
(2.6723080074964787-6.3827914465397155j)
(2.519870479386892-6.295527115297579j)
(2.3688643062501042-6.205978242883946j)
(2.2192739647389645-6.113910470251569j)
(2.071110350934234-6.019098906558242j)
(1.924408945519736-5.921327909807026j)
(1.779228391497883-5.820390851351731j)
(1.635649452961376-5.716089913216936j)
(1.4937743238602745-5.60823596614634j)
(1.3537262544717024-5.496648575873382j)
(1.215649460407995-5.381156184867799j)
(1.0797092745349306-5.2615965163312985j)
(0.9460924961965756-5.1378172460592015j)
(0.8150078847974863-5.009676985515564j)
(0.6866867362901068-4.877046615636217j)
(0.5613834717648958-4.739811005029564j)
(0.43937615756509224-4.597871137959638j)
(0.3209668667049569-4.451146666388282j)
(0.20648178255717345-4.299578886124187j)
(0.09627093863737327-4.143134119615547j)
(-0.009292516174869453-3.981807467148989j)
(-0.10981363840338443-3.815626864456259j)
(-0.20487770407630942-3.644657358560541j)
(-0.29405301350307295-3.4690054860484905j)
(-0.3768945672028111-3.288823610155939j)
(-0.4529486690662122-3.104314046807916j)
(-0.5217584806616615-2.915732787102401j)
(-0.582870510958992-2.7233926069625203j)
(-0.6358419796327118-2.527665346183862j)
(-0.6802489412797479-2.32898314113493j)
(-0.7156950048840265-2.127838409820554j)
(-0.7418204309295888-1.924782416131673j)
(-0.7583113414895533-1.7204222822095274j)
(-0.7649087404365335-1.5154163731413361j)
(-0.7614170155629298-1.3104680446164534j)
(-0.747711585257419-1.1063178183868192j)
(-0.723745361889337-0.9037341279826314j)
(-0.6895537332947861-0.7035028529317197j)
(-0.6452578122267785-0.5064159281939548j)
(-0.5910657691209429-0.31325937133053j)
(-0.5272721422425015-0.12480110853588683j)
(-0.45425510613973724+0.058221001200913496j)
(-0.37247176843531427+0.23511054848125545j)
(-0.2824516502200603+0.4052229928953387j)
(-0.18478858092650197+0.5679747954996767j)
(-0.0801312997554984+0.7228510022235493j)
(0.030826900918224213+0.8694110892502679j)
(0.14735913102528478+1.007292960619538j)
(0.268716094082293+1.1362150680209446j)
(0.39413716558812817+1.2559766979648925j)
(0.5228610399323923+1.3664565380554998j)
(0.6541356694570154+1.4676096889093824j)
(0.7872272697757557+1.5594633295834626j)
(0.9214282201638916+1.6421112716177828j)
(1.0560637431318949+1.715707650473015j)
(1.1904973000997252+1.780460004587272j)
(1.3241346880143803+1.8366219834170254j)
(1.4564268631821244+1.8844859089000392j)
(1.5868715526233759+1.924375392097182j)
(1.7150137396490666+1.9566381805411563j)
(1.840445129362068+1.981639384002287j)
(1.962802712044741+1.9997551986096864j)
(2.081766548794727+2.0113672228204074j)
(2.197056905335047+2.0168574345336245j)
(2.3084308577185406+2.0166038773088575j)
(2.41567848870785+2.010977085492087j)
(2.5186187869135916+2.0003372631834115j)
(2.6170953531941508+1.9850322203145854j)
(2.7109720111432183+1.9653960604277576j)
(2.800128411402056+1.941748608731565j)
(2.8844557136333666+1.9143955652417053j)
(2.9638524258064782+1.8836293657927898j)
(3.0382204784221636+1.8497307328503867j)
(3.1074616118342124+1.8129708976712398j)
(3.1714741581992296+1.7736144746459528j)
(3.2301503059941705+1.7319229666546128j)
(3.2833739445020025+1.6881588758402581j)
(3.331019197965793+1.6425903860323998j)
(3.3729497736921386+1.5954965696168941j)
(3.4090192642097232+1.5471730512690356j)
(3.4390725589794+1.4979380318875775j)
(3.46294853360045+1.4481385366157897j)
(3.480484190444759+1.3981566996868975j)
(3.4915204195080918+1.348415835421078j)
(3.495909526148054+1.2993859697760477j)
(3.4935246264295534+1.2515884232032413j)
(3.4842709336631135+1.2055989488396086j)
(3.4680988445049663+1.1620488496337524j)
(3.4450185747893105+1.1216234375500143j)
(3.415115893354662+1.0850571756199376j)
(3.378568262605166+1.0531248809682596j)
(3.3356604331445086+1.0266284869281326j)
(3.2867982841028236+1.0063790850583005j)
(3.232519490727366+0.9931743046774696j)
(3.1734994864937995+0.9877715340968098j)
(3.110551222280576+0.9908580171925611j)
(3.0446174570676563+1.0030194176830536j)
(2.976754769493559+1.0247089521457786j)
(2.908109148744736+1.0562195551745177j)
(2.839883852786703+1.097661659956154j)
(2.773301111810004+1.1489489819271606j)
(2.709560070474081+1.2097941558890486j)
(2.649793959838934+1.2797152353461572j)
(2.5950297474511976+1.358053020009077j)
(2.546153365214355+1.4439980866184543j)
(2.503883067776843+1.5366254314417742j)
(2.4687526140473492+1.6349339419388034j)
(2.4411049334754953+1.7378875977842072j)
(2.421095903262882+1.844455381396326j)
(2.4087069753316146+1.9536473056579797j)
(2.4037647611316015+2.0645446371475655j)
(2.405965356831473+2.176323176910379j)
(2.4149011608791615+2.2882692321995886j)
(2.430088145319571+2.3997885739115032j)
(2.4509919123347723+2.5104091670366304j)
(2.477051314967352+2.619778766320797j)
(2.507698873988346+2.727658599291101j)
(2.54237762926467+2.833914346950809j)
(2.580554393466094+2.938505520585992j)
(2.6217296174563947+3.041474162565126j)
(2.665444233434366+3.1429336047395755j)
(2.71128392580452+3.2430578260951646j)
(2.7588813068440543+3.342071778514403j)
(2.807916460940583+3.440242904816202j)
(2.8581162822388047+3.537873959566397j)
(2.909252977908511+3.63529715938308j)
(2.9611420518487135+3.7328696321537524j)
(3.013640027604381+3.8309700992624474j)
(3.0666421184140638+3.9299967069794333j)
(3.1200800087097083+4.030365918370581j)
(3.1739198759141627+4.13251238187553j)
(3.228160754112243+4.23688970427578j)
(3.2828333217717995+4.343972072052063j)
(3.337999183651742+4.454256684702149j)
(3.393750711867109+4.568266985615701j)
(3.450211512445593+4.68655670021936j)
(3.5075375915137386+4.809714717360552j)
(3.5659193097333315+4.938370878697971j)
(3.62558423543237+5.0732027729512215j)
(3.686801037230464+5.214943668310157j)
(3.7498845977147157+5.364391758570503j)
(3.8152025836411902+5.522420948535723j)
(3.8831837791803743+5.689993464337768j)
(3.954328582507884+5.8681746476985674j)
(4.029222190499221+6.058150383767742j)
(4.108551162658398+6.261247725158399j)
(4.193124279700983+6.478959416724027j)
(4.283898917407871+6.712973204888875j)
(4.382014575771846+6.965207042631854j)
(4.488835785847086+7.237851589926116j)
(4.606007434306592+7.5334217759134905j)
(4.735526706773208+7.854819652464683j)
(4.879837519835445+8.205411349355595j)
(5.041955741088129+8.589121656094003j)
(5.225637080888866+9.010550607097295j)
(5.435604902939373+9.475117398491617j)
(5.677863345960789+9.989237884096024j)
(5.960133710969567+10.560542436610191j)
(6.292471755273349+11.198140289012613j)
(6.688154890858295+11.912932703856283j)
(7.1649790357721885+12.717966225164394j)
(7.747188240712054+13.628789374541535j)
(8.468398838802145+14.663710046071401j)
(9.376111696361715+15.843697402918982j)
(10.538790822926144+17.191316472449536j)
(12.057100192764798+18.727252649311108j)
(14.08175095040519+20.46101881608792j)
(16.841091165518108+22.367765908645456j)
(20.679545705584456+24.332200564846318j)
(26.092332424814284+26.01729926050123j)
(33.67301300504608+26.581518163727935j)
(43.670289639068756+24.216533181634293j)
(54.53637814897919+16.09231118402583j)
(61.12555203506889+0.9240530198171998j)
(58.051967375740524-16.24795496634914j)
(47.46106997887273-27.691388495509777j)
(35.856748671282595-31.86139198999928j)
(26.636665710841854-31.651486111076583j)
(20.092672109795878-29.659538083628036j)
(15.572025575054527-27.20126662338184j)
(12.425611464665296-24.803710051490246j)
(10.191099094549644-22.64001398542987j)
(8.566163956415089-20.743216862650847j)
(7.356367286295185-19.09621434427222j)
(6.435608736682272-17.667360710468113j)
(5.720642365705211-16.42384703713895j)
(5.155354527640978-15.336228634484522j)
(4.701108442523963-14.379513374374607j)
(4.330750282487147-13.53298692766133j)
(4.024824457276053-12.779642068958683j)
(3.769137453550286-12.105547226724296j)
(3.5531587352100353-11.499273139405776j)
(3.3689509744484747-10.95140986106089j)
(3.2104414273902497-10.454173370506462j)
(3.0729172947648826-10.001090091744329j)
(2.952670784968969-9.586745484063877j)
(2.846745929088313-9.206583951230053j)
(2.752755653316456-8.856749358250656j)
(2.6687480760179767-8.533957531069897j)
(2.593107759473533-8.23539393749414j)
(2.524482088756384-7.958631236526328j)
(2.461725913839432-7.701562559694409j)
(2.403859597815391-7.462347301990905j)
(2.350036992593751-7.239366904698293j)
(2.2995208234633604-7.031188654354802j)
(2.2516636413514033-6.836535939509577j)
(2.205892985605141-6.654263729566143j)
(2.1616997498927106-6.48333829078666j)
(2.118628999206795-6.322820350721969j)
(2.0762726740981807-6.171851076918377j)
(2.0342637578930254-6.029640358442546j)
(1.9922715868488785-5.895456976812725j)
(1.949998061258065-5.768620331762787j)
(1.907174574080396-5.64849345098292j)
(1.8635595176365543-5.534477064676959j)
(1.8189362618053437-5.426004567821287j)
(1.7731115217214255-5.322537727240884j)
(1.7259140511897524-5.22356301847421j)
(1.6771936114577666-5.128588500025896j)
(1.6268201747986686-5.037141150932144j)
(1.5746833294616511-4.948764612338395j)
(1.5206918576334336-4.863017285640925j)
(1.4647734616599717-4.779470749186455j)
(1.4068746162971677-4.697708462990219j)
(1.3469605264982116-4.617324736780619j)
(1.2850151714195832-4.537923941202753j)
(1.2210414161034722-4.459119945458633j)
(1.1550611727813167-4.380535767218397j)
(1.0871155940255943-4.301803422458643j)
(1.0172652801137776-4.222563964085892j)
(0.9455904830062184-4.14246769886529j)
(0.8721912893218983-4.061174572355019j)
(0.7971877646667883-3.9783547112816877j)
(0.7207200416837586-3.893689112101925j)
(0.6429483343138516-3.8068704633984702j)
(0.5640528610673882-3.71760408827051j)
(0.48423366069187174-3.6256089910273146j)
(0.40371028459803415-3.53061899032594j)
(0.3227213518783526-3.4323839184796174j)
(0.24152395483623035-3.330670864111397j)
(0.16039290573783785-3.2252654327768138j)
(0.07961981908323977-3.115972997822146j)
(-0.00048797189932803253-3.0026199117967804j)
(-0.07960866061322013-2.8850546474635363j)
(-0.15740736445091796-2.763148837119837j)
(-0.23353765781013322-2.636798179836248j)
(-0.307643217670986-2.5059231885892728j)
(-0.3793595519586472-2.3704697533088814j)
(-0.4483157747674101-2.230409501694981j)
(-0.5141363874152532-2.08573994726482j)
(-0.5764430207789589-1.936484423322943j)
(-0.6348560929665611-1.7826918120615844j)
(-0.6889963375855039-1.6244360893006353j)
(-0.7384861620165554-1.461815716782682j)
(-0.7829508023698696-1.2949529246408482j)
(-0.8220192521219818-1.1239929357543168j)
(-0.8553249544838446-0.9491031902718085j)
(-0.8825062637184236-0.7704726317648255j)
(-0.9032066970396831-0.5883111155433594j)
(-0.9170750152706203-0.4028489941495443j)
(-0.92376518584676-0.21433692473719373j)
(-0.9229362946636288-0.023045928109853675j)
(-0.9142524823414793+0.17073228986694122j)
(-0.8973829844801031+0.3666847660554103j)
(-0.8720023533691965+0.5644764929569045j)
(-0.8377909296416237+0.7637494775842205j)
(-0.7944356160718308+0.9641217309886502j)
(-0.7416309820526265+1.1651862941523459j)
(-0.6790806965124973+1.3665104223429176j)
(-0.6064992497986699+1.567635060038459j)
(-0.5236138823029807+1.7680747405304436j)
(-0.43016659057429585+1.9673180368509007j)
(-0.3259160317759897+2.1648286725149877j)
(-0.21063909615606763+2.3600473707657557j)
(-0.08413186624813696+2.552394478867736j)
(0.05379036781315787+2.741273349112749j)
(0.20329441419802652+2.926074390356154j)
(0.3645322276095148+3.1061796229045187j)
(0.5376461623869042+3.2809674749682856j)
(0.7227769342168181+3.449817449418839j)
(0.9200748389577026+3.612114162401586j)
(1.129714831641804+3.7672501047451905j)
(1.3519161420762125+3.9146262926435584j)
(1.586967207900324+4.053649737760511j)
(1.835256857390338+4.18372634883541j)
(2.097312892296677+4.304247428548027j)
(2.3738495280786904+4.414567273106954j)
(2.6658255680399234+4.513968393471728j)
(2.9745157358822887+4.601609356870504j)
(3.3015982627740863+4.676447872606341j)
(3.649262555501006+4.737127989215439j)
(4.020341352866846+4.781814257925906j)
(4.41847166323216+4.8079459930501915j)
(4.8482866506385545+4.811868880126562j)
(5.315633422142247+4.788275068059833j)
(5.82779225434494+4.7293398737077155j)
(6.393624809958803+4.623373125836314j)
(7.023464680390113+4.452692961861581j)
(7.728297164042548+4.190273292143863j)
(8.517165425942789+3.7945583047038354j)
(9.390394818902035+3.2019429443688225j)
(10.323521004693228+2.317824119426278j)
(11.232698029086428+1.0131273188697247j)
(11.912516246585895-0.8485852573906023j)
(11.969820001451035-3.294518274684906j)
(10.896779913763833-5.994570546525953j)
(8.508831943375911-8.12071623600854j)
(5.428816438322998-8.861816213297958j)
(2.679223379020891-8.21329276359096j)
(0.8068205573161349-6.823258482550459j)
(-0.2337289847542951-5.2953348990354945j)
(-0.7025834395872392-3.925326027953498j)
(-0.8330075230155662-2.793409558918896j)
(-0.7786979792349003-1.8874778473340479j)
(-0.6299040560131006-1.1690513343833964j)
(-0.4371584858227619-0.5986968326439831j)
(-0.22813689373697202-0.1433897471650712j)
(-0.017743381864699228+0.22265308735711284j)
(0.18619651040065394+0.519051577678189j)
(0.37977632792803284+0.760639129268727j)
(0.5612553113922237+0.9586601943677011j)
(0.730079045352639+1.1217003589199788j)
(0.886328267012626+1.256377808966357j)
(1.0304069492671626+1.3678491166807527j)
(1.1628657021319482+1.460178003133733j)
(1.2843025972956192+1.5366051322197187j)
(1.3953087515275897+1.5997469060129739j)
(1.4964400102818864+1.651743283269943j)
(1.5882039592543062+1.6943688041959992j)
(1.6710559947198538+1.729116842105088j)
(1.74540078670548+1.7572641684763912j)
(1.811596987937568+1.7799208528102812j)
(1.8699639305756186+1.7980690593387052j)
(1.9207895687107668+1.812593264256157j)
(1.9643392142998357+1.8243036730205922j)
(2.0008647628277996+1.8339540820945082j)
(2.030614163143403+1.8422550468089942j)
(2.053840885122373+1.8498829503364422j)
(2.070813100696157+1.8574853950221761j)
(2.0818222355424485+1.8656832420640088j)
(2.0871904863251327+1.875069598821635j)
(2.0872768480019417+1.8862060860942729j)
(2.0824811738848137+1.8996167999670241j)
(2.0732458133487746+1.9157804997117773j)
(2.0600544505015588+1.9351216849881039j)
(2.0434279075206536+1.9580013476314027j)
(2.0239168751996526+1.9847082683903825j)
(2.0020917757881467+2.015451751101773j)
(1.9785302237058484+2.0503566263464728j)
(1.9538027942222798+2.08946120547127j)
(1.928458002037597+2.132718630899728j)
(1.90300749857962+2.180001772610226j)
(1.8779124979332835+2.23111149911154j)
(1.8535723324277902+2.285787846412671j)
(1.8303158339698902+2.3437233610083745j)
(1.808395965712958+2.4045777338476086j)
(1.787987829514786+2.467992787354045j)
(1.7691898883103236+2.533606925194859j)
(1.7520280034073759+2.6010682875678923j)
(1.7364617177412967+2.6700460457146953j)
(1.7223921265201825+2.740239486494255j)
(1.70967066286334+2.811384751463839j)
(1.6981081747467772+2.8832592817505014j)
(1.687483762233511+2.9556841654674604j)
(1.677552960791043+3.0285246827166965j)
(1.6680549797407775+3.101689395819403j)
(1.658718820800425+3.1751281458631957j)
(1.6492682012315183+3.248829300136775j)
(1.639425284690073+3.3228165583351665j)
(1.6289132794971903+3.3971455775226134j)
(1.6174580002180479+3.471900624039683j)
(1.6047885071571215+3.54719141018523j)
(1.5906369432531222+3.6231502280509855j)
(1.5747376824899724+3.699929454212059j)
(1.55682589152866+3.7776994677263054j)
(1.5366355894228627+3.8566469998789565j)
(1.5138972709605514+3.9369739166179643j)
(1.4883351387238855+4.018896422682553j)
(1.4596639681741177+4.102644668974856j)
(1.4275856093004118+4.1884627407250825j)
(1.3917851076092715+4.276609002507363j)
(1.3519264061692424+4.367356776336211j)
(1.3076475685185995+4.4609953301745096j)
(1.2585554387268354+4.557831155550097j)
(1.2042196287953606+4.658189513979635j)
(1.1441656936674696+4.762416231891068j)
(1.077867318885579+4.870879721971607j)
(1.004737303503372+4.983973204433447j)
(0.924117068880269+5.102117093345408j)
(0.8352643594559922+5.2257614992252375j)
(0.7373387206967031+5.355388777084205j)
(0.629384237169623+5.491516015554215j)
(0.5103088837151517+5.63469731247675j)
(0.3788596765720782+5.785525607863944j)
(0.23359259813856328+5.944633735327248j)
(0.07283599456401174+6.11269419135076j)
(-0.10535420895057238+6.2904168834029j)
(-0.3032495882622916+6.478543765507717j)
(-0.5235173008029762+6.677838746948623j)
(-0.7693046344965037+6.889070479802213j)
(-1.0443444707681686+7.1129844610525845j)
(-1.3530873457887371+7.350259119245283j)
(-1.700867330488785+7.601437873258831j)
(-2.094110785252801+7.866825049521211j)
(-2.5405990833008736+8.146327234712205j)
(-3.049798312860291+8.43921188357722j)
(-3.6332699335340095+8.743739856683861j)
(-4.30517447425322+9.05660503974758j)
(-5.082871477938159+9.372077817550743j)
(-5.987594295268224+9.680693652661775j)
(-7.0451200669734995+9.967245743192317j)
(-8.286227389957487+10.207726267756758j)
(-9.746467529351985+10.364723358521111j)
(-11.464245193457105+10.380681718505892j)
(-13.475219033973012+10.168582709226227j)
(-15.799401007235181+9.600567428661389j)
(-18.415287634955334+8.498113774271909j)
(-21.214921972090597+6.63475577156146j)
(-23.94169227161217+3.7749909894088085j)
(-26.141464212768856-0.2183770651064747j)
(-27.207995143137587-5.2069548344999j)
(-26.61050708615187-10.637582455043585j)
(-24.232218615108234-15.648686113445997j)
(-20.515824294583417-19.46432862252999j)
(-16.22244922366482-21.756849254029387j)
(-12.03827337310305-22.667555793089722j)
(-8.363882806573676-22.573848426935758j)
(-5.332518785876407-21.864716838169397j)
(-2.9182022357354254-20.83754063776736j)
(-1.0293800414168734-19.685946922341188j)
(0.43775750429416393-18.52321266446814j)
(1.5763910675780934-17.409668123326743j)
(2.4624735684490617-16.373727850061996j)
(3.155137182180945-15.42568878826517j)
(3.699419977028661-14.566101916015628j)
(4.129311978744297-13.790624326209961j)
(4.470413426287493-13.092740640589678j)
(4.742045183975147-12.46524156181852j)
(4.9588522801845185-11.900993803617391j)
(5.13199701175476-11.393313110871691j)
(5.270038682636866-10.936119187686264j)
(5.379580796694498-10.523974014960706j)
(5.46574797433722-10.152060612330203j)
(5.532538821358004-9.816133946990314j)
(5.583088449875619-9.512461285250632j)
(5.619865020289539-9.237761132177706j)
(5.6448178868649865-8.98914532584673j)
(5.6594900506188335-8.76406631183596j)
(5.665104131662819-8.560270243932592j)
(5.662628575780359-8.375755836420904j)
(5.652829020137666-8.208738543819164j)
(5.636308455752523-8.057619500325508j)
(5.613538894583622-7.920958619017293j)
(5.584886574516245-7.797451276337564j)
(5.550632243920655-7.685908060532864j)
(5.510987707806845-7.585237127135751j)
(5.466109553633914-7.494428771898689j)
(5.41611078058649-7.41254189800875j)
(5.361070912801072-7.3386921188329834j)
(5.3010450706925525-7.272041300329586j)
(5.236072394559433-7.2117884099663065j)
(5.166184152421489-7.157161603367283j)
(5.091411812023876-7.107411547969976j)
(5.011795307842265-7.061806056569914j)
(4.927391680032937-7.019626183988321j)
(4.838284194889528-6.9801640271729575j)
(4.7445919654401045-6.942722560511996j)
(4.6464799649241-6.906617927987373j)
(4.544169152916223-6.871184690434703j)
(4.437946202754563-6.835784570215718j)
(4.328172023156457-6.799819217602053j)
(4.215287910268262-6.762747402316616j)
(4.099817771502412-6.724106758934963j)
(3.982364481540184-6.683539730992434j)
(3.863598156344814-6.640822620245985j)
(3.744234101719669-6.5958956434865375j)
(3.624998586385717-6.548890687791607j)
(3.5065815903410082-6.500152202831132j)
(3.3895774141638846-6.450245678013135j)
(3.2744164768124864-6.399947848628379j)
(3.1612944942138106-6.350213626475057j)
(3.0501079200917056-6.302117100655965j)
(2.9404061903755627-6.256767801919858j)
(2.8313710592917762-6.215208234662662j)
(2.7218305990431944-6.178303366017462j)
(2.610310404894034-6.146635927290612j)
(2.495118204641002-6.120421824648155j)
(2.374452047340029-6.0994572028491225j)
(2.2465182325175688-6.083103323315224j)
(2.1096442237226913-6.070308859650719j)
(1.9623740310714417-6.059663265715856j)
(1.8035380283941553-6.0494709691448705j)
(1.632294444230791-6.037834907119879j)
(1.4481444436359374-6.022739095112457j)
(1.2509259053160138-6.002122658122508j)
(1.0407924336856214-5.973941047377555j)
(0.8181840735490289-5.936213185093879j)
(0.5837951234960136-5.887055544067438j)
(0.33854290949891436-5.824705536349836j)
(0.08353980448960795-5.7475371518586735j)
(-0.17993057932091214-5.6540717624016885j)
(-0.45043313057523926-5.5429866145735565j)
(-0.7263977130736242-5.4131229631898234j)
(-1.006133582926989-5.263495174924295j)
(-1.2878431386313323-5.093301535687005j)
(-1.5696364101367062-4.901936961286642j)
(-1.8495475902032799-4.689007351097133j)
(-2.1255547211030748-4.454344939489857j)
(-2.3956033908874477-4.198023688181364j)
(-2.6576349771803898-3.9203735258055556j)
(-2.909619611342497-3.6219920854132783j)
(-3.1495936324752463-3.3037525271859116j)
(-3.3757008750723396-2.9668060756235777j)
(-3.586236709430248-2.612578059638103j)
(-3.7796933607075087-2.242756526573213j)
(-3.9548047065147736-1.8592729037216271j)
(-4.110588531111313-1.46427468706806j)
(-4.246384129433597-1.0600907161490722j)
(-4.361883228643421-0.6491902021908978j)
(-4.457152434844107-0.23413726062906295j)
(-4.532645804145656+0.1824567982684911j)
(-4.589206645032723+0.597980798582968j)
(-4.628058228574846+1.0098678329309685j)
(-4.650783646483086+1.4156333937683654j)
(-4.6592955411027095+1.8129049042313705j)
(-4.655796767032112+2.199440449695234j)
(-4.642733175352284+2.573135070416649j)
(-4.622739603630643+2.932013663401354j)
(-4.598579799984923+3.2742103334948003j)
(-4.57308043107652+3.5979349235252536j)
(-4.549058581854856+3.901428461554215j)
(-4.529241352829371+4.182910439153301j)
(-4.516175457429961+4.440522248341698j)
(-4.512124346855045+4.672272824421229j)
(-4.518950656482501+4.875994588183498j)
(-4.537983075301278+5.049320054199427j)
(-4.569869535302917+5.189691650760168j)
(-4.614423288969825+5.294418724329144j)
(-4.670475100702265+5.360795304844958j)
(-4.735752917283111+5.386288549240745j)
(-4.806818482469892+5.368799365220196j)
(-4.879095618814774+5.3069826897329815j)
(-4.947023450068186+5.2005960865920295j)
(-5.004355846295958+5.050825295069096j)
(-5.044604114722303+4.860520660450836j)
(-5.061586235209209+4.634277111786467j)
(-5.050011313602558+4.378308690335976j)
(-5.006004991250155+4.100106457142908j)
