(0.6272315639289003+0j)
(26.759472997011294-5.569344639174896j)
(23.373831435572022-9.550441135494797j)
(19.314683126262995-11.539056044898816j)
(15.52495130363772-11.877055838184289j)
(12.439191126288042-11.113160079713122j)
(1.5961457808510169+2.9271943478661346j)
(8.661709356142621-7.93964730782386j)
(7.905464663402013-6.0068201118056885j)
(7.903660385849414-4.031708232050087j)
(1.7300105367115162+3.5231329550136223j)
(10.569275490389522-0.7194330207652233j)
(13.447605869707427-0.295357052342784j)
(16.87995948749497-1.8819622430060845j)
(19.144902248411068-6.049333181135192j)
(18.224485268362955-11.271607248678064j)
(14.531007670227472-14.796708371423977j)
(10.272149668228952-15.796104546733737j)
(6.781816807037803-15.157897498767676j)
(4.263196601552521-13.811810342790796j)
(5.944257329068014+7.537468601180111j)
(1.3271739026330553-10.711053664146286j)
(0.5212794062742009-9.23893992847794j)
(9.865801107036901+12.254151491160755j)
(-0.3143037713530445-6.566094341899491j)
(-0.44174231489858834-5.350474788298125j)
(-0.39752280635991627-4.205554130163541j)
(-0.17278379541247446-3.136060852497543j)
(5.036588662417745-0.114844910188551j)
(0.9227348267381182-1.3813471836782185j)
(1.8160071725320763-0.9134402761430637j)
(2.7955716070328513-0.9694357103456446j)
(3.483865501954613-1.6442242837572434j)
(3.4456758723024734-2.6316773762404218j)
(2.6772730013478867-3.3340183255736937j)
(1.618823825281753-3.439350576372152j)
(-1.2930155735605613-6.922872588618263j)
(-0.0746013537822019-2.397780510356012j)
(-0.5822221287172165-1.628435308097718j)
(-0.9138352092918636-0.8262875954181663j)
(-1.1137308846854534-0.025807721764728897j)
(-1.2139218564070298+0.7614772249472864j)
(-1.234764956980804+1.5344095644646458j)
(-1.187182200656879+2.296004895773766j)
(-1.074219296210295+3.050165239305806j)
(-0.8915884334745674+3.7991552637096677j)
(8.103241634003144+2.3038701017648733j)
(-0.2633695098387052+5.259321086438283j)
(0.22126135159410454+5.920941980078778j)
(0.8287301279476972+6.455859730303259j)
(1.4993360288918698+6.769410376901461j)
(2.072696583449768+6.814880851885997j)
(2.3632635794095957+6.706988108250385j)
(2.342929225059777+6.681873994402891j)
(-84.50345242489942-129.93383267031766j)
(3.406684654742533+4.626629846145442j)
(1.8623667094967928+7.954655970861666j)
(1.8514025850618017+8.68156424507704j)
(1.9364959512722943+9.48425470315431j)
(1.6338700157586277+9.582146248422662j)
(2.366976522019554+11.26457098679305j)
(2.7066288685231714+12.24088853940777j)
(3.133247343238958+13.283199108600401j)
(3.223431155209888+15.096452678385704j)
(4.29137489663241+15.617188911261108j)
(7.8462318866521805+24.565497231986093j)
(-0.29378224689467186+17.193253723562993j)
(23.358886664162473+130.00114362066878j)
(7.609392577937217+21.353774256017868j)
(4.792042929651812+19.428745945000678j)
(16.1836871105616+27.303780578947013j)
(20.684531507288124+35.46995806686969j)
(29.88352510670278+32.662011719037814j)
(32.708297500314295+37.14456546222535j)
(37.52716829978822+42.53923707160178j)
(91.53579040595488-69.40533082459673j)
(39.49139974398697+3.9017137964615163j)
(40.56681049613436+11.17150343546348j)
(45.77727892785058-3.859677903123449j)
(39.23094447624397-6.146088466833064j)
(42.123449219823506-12.494294342936907j)
(35.4532701929078-2.32330802161127j)
(-11.596604920660969-99.76596202607493j)
(29.909394797510817-18.806740820961767j)
(40.73783772134543-43.53819693104593j)
(30.54661680788157-24.672136258407043j)
(76.49992038226462-36.98698910045028j)
(25.185400033558786-28.87224820970811j)
(17.906075102219575-26.067272232616997j)
(15.43360539093137-40.91114961267217j)
(11.26119287788269-23.08172718429567j)
(18.420646904514257-20.22566945895347j)
(2.6364030459444723+17.08578055617137j)
(7.36597560914057-19.60629873071649j)
(14.02452054981188-31.438436095133472j)
(5.239914761120585-17.259778442955376j)
(5.224980558987461-17.702843313852505j)
(11.55938936895016-13.560110558848148j)
(6.8175914125525505-13.02556660638443j)
(6.348463831521935-12.101985789815036j)
(6.825988413341359-16.31296367688555j)
(6.985711409664488-12.483346382083358j)
(-5.2258081167572135-0.826587973114664j)
(3.673318146154919-17.80235511739993j)
(6.695906680668483-13.84494838982014j)
(7.0053357614539005-19.431727486239065j)
(4.426774873414138-8.93769702987071j)
(4.873005100996727-3.815036595388751j)
(5.659699325377502-9.165130813836782j)
(4.048978532136269-8.445955470301653j)
(5.8549515175640705-10.275547589143487j)
(2.9290363235720864-8.758674091687803j)
(3.316439987272047-8.49688741416317j)
(3.3033148199914297-8.118364844684352j)
(3.450979407619793-8.293706371295865j)
(3.396686610281261-7.460236290293096j)
(3.496873703304038-7.200625595878413j)
(3.61977911966758-7.005682181188599j)
(3.742660503736662-6.887751818056262j)
(3.831016912440134-6.846705031380658j)
(3.849318706414143-6.858749643560903j)
(3.781949439303687-6.878257882929896j)
(3.645865286558123-6.859465682922775j)
(3.4791861070584242-6.779803111875843j)
(3.318302788328888-6.643254117875212j)
(3.185022899332102-6.467799323744655j)
(2.422928627414284-9.496826678762002j)
(3.023808461713726-6.07419093826074j)
(2.990806307229085-5.882133082166946j)
(2.9826567977427434-5.703820072729682j)
(2.993885492579-5.543967179469198j)
(3.0191279076540574-5.405930569198878j)
(3.0528915066780344-5.292224780401687j)
(3.0891689529816833-5.204634627438591j)
(3.1210614147696334-5.143931035832435j)
(3.140596560932425-5.109176012083105j)
(3.139031316296735-5.096657826111647j)
(3.108032058480521-5.09872451746037j)
(3.04201406697646-5.103221966123203j)
(2.941279624187398-5.094663238872396j)
(2.8143997202799347-5.057957307519819j)
(2.677526471664394-4.983843298362295j)
(2.5496463893637618-4.873003059466119j)
(2.4459690498607007-4.735819643286583j)
(2.3734145431574776-4.587858834022446j)
(2.330290605640624-4.444209377133983j)
(2.30904543389721-4.315708150221244j)
(2.299719231831216-4.207836608351613j)
(2.292545033053577-4.121399562054031j)
(2.279371546473527-4.053842587410709j)
(2.254213113513247-4.000521561251379j)
(2.2133204036385123-3.9556935065062433j)
(2.1550413420914722-3.913234242756822j)
(2.079609099128116-3.8671582351987412j)
(1.9889115229316603-3.8120123415166285j)
(1.7861352472430956-3.7203518773787643j)
(1.776138138514379-3.6572347303372243j)
(1.6639717514000716-3.5520642937991678j)
(1.5557967383053173-3.4273033413305303j)
(1.4578552563245624-3.284568557679887j)
(1.3759720726121558-3.127764924543226j)
(1.3146296384043537-2.963225506276112j)
(1.2757196729423752-2.799426846059885j)
(1.2571939982281373-2.645908610434645j)
(1.2522326160981996-2.5111633293907567j)
(1.2498256850637124-2.399839595230422j)
(1.237304142285198-2.310455914041744j)
(1.2041498599227758-2.235146729984869j)
(1.1452279934615293-2.1619848894421665j)
(1.061753971583029-2.078706976454372j)
(0.9598624330902946-1.9758602234039881j)
(0.8480507910767022-1.8481714565003533j)
(0.7349053271240216-1.694272150792623j)
(0.6277696221425098-1.5156121730112653j)
(0.532295210269101-1.3153125196372704j)
(0.45251864758602345-1.0973263397103765j)
(0.680141469430046-1.7091726184712117j)
(0.3496879171999736-0.6257603216143228j)
(0.3287250224411162-0.3813827617516538j)
(0.32756406853684417-0.1377293444764453j)
(0.34394634832127347+0.10026086818622891j)
(0.3735025184703064+0.32814996824083953j)
(3.874440163479971+6.1193494456587825j)
(0.4429587576148953+0.7461150174817089j)
(0.4655161758359092+0.9427999113559709j)
(0.4721477061186495+1.1442352864183742j)
(0.46473205080283125+1.3636304075165668j)
(0.4522499309840955+1.61164816013436j)
(0.4475929679849762+1.8928295184173185j)
(0.4632290237296074+2.2053226059443127j)
(0.7714729201187482+2.6528081972729685j)
(0.6198040841780984+2.841279921414736j)
(0.7074208450247438+3.2653547592060534j)
(0.8653346896841565+3.6361099852954983j)
(1.063064406949032+4.0054520138831045j)
(1.3005889065931349+4.368020020891895j)
(1.5774377594801938+4.718506761214768j)
(1.8925124007316854+5.051522279126658j)
(2.2438525229228166+5.361656219735294j)
(2.6284619772322437+5.643713073171886j)
(3.0422717926051077+5.893052815816402j)
(-21.636403094639917+0.4866365436842421j)
(3.936779038460143+6.279880915899712j)
(4.405831456548175+6.413715224399852j)
(4.881587661229979+6.5077522017871665j)
(5.358760824573709+6.563654169834727j)
(5.83303129774682+6.584254367752822j)
(6.301436950641066+6.573233087295039j)
(6.7627009210838365+6.534628598829636j)
(7.217413193535925+6.472159609340845j)
(7.667939205515203+6.38838695018389j)
(8.117921570482997+6.283834354661966j)
(8.57130421711693+6.156293851072973j)
(9.030953609712668+6.0006043459498235j)
(9.497143385598985+5.809147747985446j)
(9.966318724294561+5.5731263197703775j)
(10.43056439012935+5.2844165477447245j)
(10.878024066452495+4.937560544325918j)
(11.294222855426055+4.531380981231945j)
(7.52025653357881+6.913706011117277j)
(11.973384397946656+3.561939305788481j)
(12.211639651358654+3.020978020721156j)
(12.372162466006344+2.4631053734942485j)
(12.453224621177222+1.9058022604663085j)
(12.457981177214613+1.3663345029564575j)
(12.394083397470974+0.8603946871332241j)
(12.781705256635048-0.7680439094059779j)
(10.193124499892827-2.7216060204423993j)
(11.615974834568872+1.7830117070537324j)
(11.962177352544277-0.12936660396473235j)
(8.386000992115685-2.895436422158663j)
(10.088594378315253-3.3912240461488254j)
(6.971214238155544-0.7553648489940019j)
(13.472039617649944-8.411647944308918j)
(20.007212347200376-7.480327311971888j)
(19.438311300214792-11.007119046901588j)
(20.192403654079353-2.6555208707192106j)
(-6.423509577000852-29.852747888416168j)
(14.169868861140346-2.1715922584914544j)
(7.57892221541369+34.36185871119112j)
(22.77870436889529-2.445153940078973j)
(53.69442501460932-4.955183676168814j)
(13.91317726432214-0.6169530377354925j)
(42.942109550957674-14.54058458643085j)
(14.910421536704765-7.320116992073675j)
(14.344378892026578+3.1901209693641985j)
(23.43843828184836-4.210446739150657j)
(3.964641293557891-5.498977414542917j)
(11.847937477582013-5.401457957459192j)
(42.436934085932045+0.1603124004115158j)
(61.63966273113743+25.97894839508451j)
(10.480334305604337-5.158136281790661j)
(12.974385855132942-2.9669336108881827j)
(12.179040440851807-6.093355084820439j)
(11.663254597338938+2.4195650743751393j)
(94.74152486607088-56.047390243989966j)
(-13.62528900345773+23.31546021157755j)
(18.122715539647213+34.18494529167092j)
(17.43008736779869-1.4491192531650159j)
(17.87304296536776-4.260187450105933j)
(12.265992164212715-6.711656581744144j)
(13.151655006451298-9.384052271907827j)
(13.906721303477484-6.881394481283577j)
(9.452052607143283-3.844585988458247j)
(110.80482210437022-22.475348905683173j)
(-24.321781333947982+14.759609300428146j)
(19.727771056222554-3.15432332186235j)
(16.862568217550027-3.324815522840913j)
(5.837470749721277-37.55161730492942j)
(32.325704636436974+22.110831252182763j)
(3.6228567722945386-1.7505278665730222j)
(9.894987489860927+2.7602983402829397j)
(-4.248227436313855-3.7043528295108206j)
(6.976548861938655-4.859389968536308j)
(11.934207862079814-7.977714505836371j)
(17.48392706455468-15.496822744600182j)
(11.728907890885298-3.982921193430944j)
(3.6880619670323664-10.21784537335292j)
(14.994315399365245-10.86651147094793j)
(13.311296375624371-10.715253233565177j)
(11.059414790077644-5.258071572063847j)
(246.25090367452557-332.3503503672671j)
(10.997563953165963-8.096824427198694j)
(8.850863939434674-9.568463033560962j)
(9.211546977072222+6.881695781780989j)
(1.62753432379454-8.563369285962521j)
(8.692258055052735-5.809670946427217j)
(7.507943123858176-6.380759722164886j)
(6.880947808144959-8.190058002182361j)
(7.621715659049232-5.076915217242539j)
(4.529666067694218-5.906011128308532j)
(7.663606690398405-3.9146110769254556j)
(4.316015931362379-7.313888902009363j)
(3.5053550805392546-10.495564018464986j)
(6.385819989933651-10.166791150274184j)
(3.2530260069860404-8.571768179304762j)
(2.401197620929879+4.9409695686316475j)
(4.651015922550592-9.154232383840688j)
(6.360875055228558-9.806147562007608j)
(5.340501644258067-3.070878524602534j)
(4.908938493950128-3.500783370261214j)
(10.87821811019682-1.3348564047283464j)
(1.8367592568409838-4.588584868370699j)
(1.4379361646322972-8.239015922800501j)
(0.6615110163312391-8.376654004728179j)
(0.23284939380664305-8.92967803832237j)
(6.493708612021748-7.466940133466595j)
(6.321005825540138-8.19408229359499j)
(0.44337026197388996-6.740640355476202j)
(0.2934599599789195-6.419457745443794j)
(0.17171514140829422-6.122577554554118j)
(0.06645251418333155-5.847839245066061j)
(-0.02985531017698104-5.590294910992917j)
(-0.12103339032534934-5.3445816292152015j)
(-0.20837025374329843-5.106218935901231j)
(-0.29178768143682027-4.872014438399969j)
(-0.3707085919158731-4.639936511786906j)
(-0.4445704489653854-4.408747147959801j)
(10.0912368056021-19.95786171887918j)
(-0.575917703541901-3.9455425430488593j)
(-0.6330029085377588-3.711497695407277j)
(-0.683623651287199-3.473964749403996j)
(-0.726293963435526-3.2313362126580727j)
(-0.7584361569435359-2.9823479762641782j)
(-0.7764159880607346-2.726746178192594j)
(-0.7759958763536355-2.465941877812473j)
(-0.7531673423403831-2.2033845430780454j)
(-0.7051452206594909-1.9444522299651288j)
(-0.6312198785044673-1.6958391337645076j)
(-0.5332296300388264-1.4646079261942753j)
(-0.4155758715904961-1.257151818874587j)
(-0.284841092751231-1.078264903223405j)
(0.060452510922484125-1.4682761396748165j)
(-0.017132222899302205-0.8133461773426677j)
(0.10276136062982025-0.7238217835591702j)
(0.20364175688261787-0.6559690596301856j)
(0.2809666880714417-0.6018757314015444j)
(0.33320857157153894-0.55263290938283j)
(0.36199640680635614-0.49957330697491154j)
(0.3717030518894178-0.43544584017008253j)
(0.36858537824943743-0.3552578273541871j)
(0.35971625365766713-0.2566277672035344j)
(0.3519763957931626-0.1396554993667399j)
(0.351300786044605-0.006449668300437098j)
(0.3622528219920162+0.13949553001027512j)
(1.5197798136536185-2.386628935778137j)
(0.42984419041672656+0.45222956707944445j)
(0.48846625347135997+0.6099613299278253j)
(0.5630311796099975+0.7628799417118002j)
(0.6518742807282543+0.9071714396398919j)
(0.752487734810517+1.0395369181422889j)
(0.8615737993090938+1.1573229383564323j)
(0.9750973708992614+1.2587170376362085j)
(2.323112867559563+1.1304198776279604j)
(1.1964869248822414+1.4109854248468603j)
(1.2944678224619937+1.4650703460641394j)
(1.3783051455464481+1.509544935410224j)
(1.4456090146207692+1.5501861601454552j)
(0.9794967206296731+1.7752823332640018j)
(10.346530106561264+4.460785778453504j)
(1.5602776591906091+1.7116655134389178j)
(1.5842995366798773+1.7936305043471807j)
(1.611241578173814+1.8916566256525331j)
(1.6464900052676619+2.003605597924299j)
(1.6940051969991492+2.1259178873228652j)
(1.7561441523290509+2.2543583891431362j)
(1.833789756761124+2.3846167101351328j)
(1.9266242163544967+2.5126931867024007j)
(2.033417196541592+2.6350970150215636j)
(2.1522593394200418+2.7489247099061296j)
(2.2807246127104537+2.851888799811835j)
(2.4159791390281518+2.942348549398918j)
(2.5548715161363784+3.0193702470306683j)
(2.6940446632718205+3.0828199526649573j)
(2.830104235962558+3.133468387467847j)
(2.959863548005853+3.1730679744666013j)
(3.080659794866815+3.204350597436636j)
(3.1907049219088703+3.2308979480536375j)
(3.2894060928312827+3.256858790864895j)
(3.377578203720194+3.2865261564564836j)
(3.4574836444897548+3.3238297823758503j)
(3.5326708185811087+3.3718273437534987j)
(3.6076282385413228+3.4322796408645013j)
(3.68730560718679+3.5053715066718456j)
(3.7765648837124934+3.589607064547166j)
(3.8796160905839945+3.681883914633877j)
(3.9994807008886477+3.7777453030934427j)
(4.137527886875561+3.8718153306222076j)
(4.293152124272564+3.958418987218512j)
(4.463690005542268+4.0323539641562505j)
(3.5934695368670493+4.102739486804327j)
(5.2675831473899075+10.675086678527071j)
(5.0151938734736365+4.149279002396511j)
(0.19144846669707577+6.950161979469815j)
(5.362428310810893+4.148295172361844j)
(5.519727038931722+4.135738928253213j)
(5.665893642212087+4.121673984349829j)
(5.603423810816535+5.2931811302752125j)
(6.702055714745384+4.858077643414981j)
(5.1314986137535845+2.35697042941157j)
(13.566610247724634-0.8825411401951908j)
(4.838402679251998+5.877159411327264j)
(3.8248530144285744+5.983552256837095j)
(7.399545088334678+2.9780776579912684j)
(6.96643481092257+5.359440951658958j)
(6.698064734362468+4.249345414682863j)
(5.766870464374485+2.8048826525447264j)
(9.374383299860016+7.022618010209838j)
(7.818584990025597+3.3349266678394534j)
(2.818752697356275+20.121063907799623j)
(7.9914656091261165+34.33634584656367j)
(8.037797622522177+8.653616569281988j)
(9.431142924677342+2.7996455895162007j)
(8.569423483125272+6.77569215789983j)
(8.18058698429082+3.281836453210698j)
(14.296205194459224+7.513155424996794j)
(6.430533870234545+6.55702327221054j)
(27.556081921664973+3.399249129842615j)
(12.978194268901035+2.1664507482297974j)
(-12.113748447337827+7.2675592095001305j)
(17.322445352249762+2.463961779860855j)
(24.224822080639072+25.266879719426857j)
(13.484447407369982+3.5386122082699507j)
(11.969350743766796+3.437081257229962j)
(11.184043718525835+5.885986985454744j)
(18.846387783420585-0.3652416481116615j)
(12.354720662111497+6.870611975876863j)
(16.941953933433837-2.636774256699865j)
(-96.48689457954434+311.65233504872276j)
(21.75959516142724-5.1886416640439j)
(19.62781338027595-8.180701074618506j)
(16.38237653651516-5.145396710042316j)
(-18.781286472301037-56.64214003669727j)
(16.965465007535077-1.3110694268845158j)
(12.215350571886653-7.938721527032949j)
(14.518071278218553-6.396500320903828j)
(16.95531428592162-4.703284870539996j)
(27.277693102694613-39.41626289579876j)
(16.74011961900023+1.1488833883099616j)
(12.926912568854414-4.509936323378451j)
(19.423377754265765-4.044074075239118j)
(12.300986828224781-7.489466870674334j)
(11.850419242345742-5.285111342177774j)
(9.88367220997684-3.8625069625869073j)
(7.684635153717192-8.09503790981104j)
(12.185699209323635-8.486129184481353j)
(6.196405200820633-6.421066996688736j)
(24.80986970462621-17.148920941653703j)
(9.494686920568421-6.77182005304327j)
(14.306525440383833-9.979236816425017j)
(8.393778588684366-6.8964557766863j)
(4.201674351291485-5.978520553753448j)
(8.403388699808344-5.532889214697365j)
(8.807861411396182-4.417358475338672j)
(17.163434134041662-12.180693292640385j)
(7.607361691776404-8.794232895027758j)
(6.992984192939403-7.304087180306383j)
(7.528302686425495-8.543764906805327j)
(5.917464296317169-6.958531663144458j)
(13.475324425556984-7.325093965721151j)
(4.651352821207904-6.131093143626629j)
(5.681446709417975-11.669833231870195j)
(5.197653663283562-6.879784768029306j)
(6.13863418429255-5.511303873338039j)
(2.694243803587953-7.075334132413313j)
(2.3440721116803633-7.6246867327493675j)
(2.583659611585543-16.264077221913713j)
(5.402106382202435-9.577117763874694j)
(-1.659207463391208-14.70497111207072j)
(5.895781438198078-4.577629590095734j)
(3.6017157217667246-7.75650865185066j)
(0.504153513802041-7.455296616237607j)
(11.414200901886375-6.5141452308211765j)
(2.449368076006501-6.588942397640109j)
(4.873335428151256-5.7502070436416695j)
(2.9903813442764045-4.463596635573828j)
(2.7807332316027114-6.310228358671019j)
(6.151847847642673-4.5768866988472565j)
(3.36761412582557-6.3537528721375685j)
(2.81259666607289-5.532134555745977j)
(3.392432950818851-5.117452601768254j)
(-4.917460357879043-8.644888297271926j)
(5.224941157097234-6.733022000247484j)
(4.316713819257296-5.339792526637408j)
(2.0329133201633365-7.383351814951941j)
(1.4400055059604937-5.7521618556476755j)
(0.8183833020266411-5.052727360719144j)
(2.091560441488401-4.019087325708516j)
(1.7835009359089655-5.229710406692357j)
(2.9616840518473353-5.859194143792576j)
(0.5046500625259439-5.698162940073766j)
(3.32382850786388-2.493447241493425j)
(6.604512407089786-1.6387432570473734j)
(-0.09912162380166108-3.3612603912447057j)
(1.250682475815275-3.1438505276861193j)
(0.40698845142181167-5.414279335845653j)
(9.10704644135548-10.9820338331777j)
(-0.4974195131577793-4.947007021738638j)
(0.629043642123327-4.538830186376942j)
(-0.5527428984646403-4.0539787018146445j)
(-0.40609722990099967-4.337973986278537j)
(-0.22373064852612654-4.260280269292579j)
(-1.0202888226280158-3.70142202142497j)
(-0.6353041801394251-3.5107289065298057j)
(-0.5738611947400951-3.02953390072067j)
(-1.5221719643269331-1.8301395705759376j)
(-1.209310056496506-3.2118400585083684j)
(-0.2227974954868855-3.6433993265187383j)
(-0.7597817544522802-1.91183362913478j)
(-2.3807450702364172-4.020444807795444j)
(3.2004731740313113-2.3400253127231103j)
(2.772723970378323-0.23330496451304444j)
(-0.09805393590866394-1.7220398648634188j)
(-0.15060562804204858-1.24115607831896j)
(2.372482690993347-2.9882367314414573j)
(4.270141954527131-3.2870901123943366j)
(-1.1457183363712322-1.497762437927572j)
(-1.0817424281158516-0.2289677349913608j)
(0.05686244218244099-0.640331491588556j)
(0.07007571739922722-0.5400729717654951j)
(-10.502986345797575+2.8624461621664077j)
(0.06223837165926926-0.3165475674438805j)
(0.04938575651040244-0.1819343622642491j)
(0.03982688161767854-0.027478864886572363j)
(0.04204649236115258+0.14657195483010138j)
(0.0640718474021434+0.3365284178078522j)
(0.11198041695320687+0.535753164042684j)
(0.18885721269642322+0.7358307369273128j)
(0.2944828006999637+0.9280313271036954j)
(0.4257338876968143+1.1046228902651438j)
(0.5774378868328947+1.2597278442629478j)
(0.7433501940270365+1.3896500190503698j)
(7.83299056003654-1.6065450203241056j)
(1.0922806244399057+1.5692538113039056j)
(1.2637935400117495+1.6205485325156375j)
(1.4269822471616815+1.6490927844819288j)
(1.5781549154487353+1.6579728812561643j)
(1.7144495355640001+1.650724302046786j)
(1.833794917522764+1.6311982150407007j)
(1.934896704090801+1.603474203421525j)
(2.0172616247004598+1.57178693806682j)
(2.081258455036664+1.5404342597925431j)
(2.1281997513143556+1.513637211025445j)
(2.1604138868672442+1.4953304895942348j)
(2.1812640252079136+1.4888769782517661j)
(2.1950641205164265+1.4967236820021932j)
(2.206848544661775+1.5200460659816952j)
(2.221976972227498+1.558455177787838j)
(2.2455988832623768+1.6098540191776873j)
(2.282051341526607+1.6705141946807558j)
(2.334299742555512+1.735398301909927j)
(2.4035347770345368+1.7986907774099468j)
(2.489003876958417+1.8544448930427002j)
(2.588095238298891+1.897229886451846j)
(-4.680038795315117+11.13230910205917j)
(2.809309526566624+1.9278727147701376j)
(2.9201716126351434+1.9115728440040365j)
(3.0231150983058455+1.8742878561038923j)
(3.112354169129212+1.818241612070051j)
(3.1828673328494705+1.747237868328839j)
(3.2308169785415695+1.6664259425029375j)
(3.253924988682598+1.5819492785708074j)
(3.2517599746580554+1.5004643850279304j)
(3.2258704502107136+1.4285454043959165j)
(3.1796994391413578+1.3720337647913707j)
(3.1182495873194758+1.3354341721594496j)
(3.0475280112094647+1.3214738684293823j)
(2.9738639695123683+1.3309164159531317j)
(2.9032306108204016+1.362659380842968j)
(2.840696131089708+1.4140721796793048j)
(2.790083676831357+1.4814766276752493j)
(2.753855969877372+1.5606568170394857j)
(2.7331862858568625+1.6473051234067744j)
(2.7281480239135445+1.7373510816885527j)
(2.73795184917237+1.8271608296602564j)
(2.7611735834728304+1.9136247310091923j)
(2.7959368103204647+1.9941665362955296j)
(2.840033842505456+2.0667120382457687j)
(2.8909843075857684+2.1296536997526445j)
(2.9460430608333605+2.181844234366618j)
(3.002181562073701+2.222647898877821j)
(14.702685169739526+7.289327171130909j)
(3.104207800035367+2.2709740069613646j)
(3.1430140305365124+2.2813353377510195j)
(3.1693865838202404+2.286463004991666j)
(3.1812930474629653+2.290991430644351j)
(3.178519591221862+2.300466960241695j)
(3.163180842045822+2.3204423814797868j)
(3.1396399901858256+2.3552691007375004j)
(3.113684050354599+2.4070556323673817j)
(3.0912094178502976+2.4752847876341444j)
(3.0769722701315287+2.5572501376927836j)
(3.4217852519132492+4.613809362716159j)
(3.0829710099289667+2.74652783732682j)
(3.1037969076661334+2.8461929271359296j)
(3.1350350619386136+2.9453708685481326j)
(3.1749769630213733+3.0423209444393167j)
(3.2218824614451176+3.1360719431984854j)
(3.274175347365236+3.226221986145415j)
(3.330524371875791+3.312749822191493j)
(3.3898533840294123+3.395864081054132j)
(3.4513136769550594+3.475894348573079j)
(3.514239214943539+3.553218423730344j)
(3.578095783602701+3.62821817050632j)
(3.6424290518622544+3.7012579817169717j)
(3.706813587276206+3.7726828242145047j)
(3.7708045554503795+3.8428360342422168j)
(-48.056115390442855-23.572676559510935j)
(4.111557402474603+3.5651364907574115j)
(4.213880049543855+4.500195161421982j)
(10.820525909920468+11.545114546938926j)
(4.2586133592666995+4.470460319680386j)
(1.7950640707304697+7.551827366533751j)
(4.330794943387857+6.365557415709004j)
(9.034865932968792+1.9173207380398962j)
(-13.802559791000759+12.871900015048267j)
(2.276818410609386+4.876078946194609j)
(3.6358244263359425+5.174965975629151j)
(4.8843712085828+4.520443980251999j)
(3.30961830753094+5.334694064478834j)
(0.10233041474906716+14.45952587764162j)
(4.151590275986427+5.463885074802636j)
(3.3417763218498084+11.526225187609175j)
(6.678757921227624+7.363807642660402j)
(9.519061089836534+8.330363343970602j)
(4.477618764317391+8.737151248278055j)
(-16.381977108682023+39.25483487038254j)
(48.035919357226945+43.913679005330515j)
(5.263331226636772+6.932343500504696j)
(5.2530927104145055+6.828582993583016j)
(4.413975550632335+6.4761590263930735j)
(-54.07636032793507-59.689087248217824j)
(6.178023126059471+8.175427960601981j)
(5.3789467219650495+9.30758715596351j)
(114.22322320424821+71.47488062200947j)
(7.945766831369462+10.654735948246481j)
(7.934315519167586+10.900504663391601j)
(7.740025547165063+9.462192189108714j)
(20.190087594718978+10.586317612634769j)
(-10.196010448926762+11.146014301051661j)
(12.094016199718729+12.292217806408548j)
(11.68252344756864+14.850656049070471j)
(11.62426878869386+4.651556225038152j)
(14.014904799794646+27.533364702831307j)
(22.088048490764514+2.033375232866833j)
(24.745388379212965+18.72487270792159j)
(33.70183272163727+6.755005767402755j)
(6.002262297437782+6.120948397105639j)
(7.446758235114269+10.609297899131796j)
(21.621579161336825-1.1172345480717274j)
(21.18690680672627-5.3148887226542j)
(41.043145082942814+2.774072727054442j)
(-41.051731346505164+5.903529128309007j)
(22.60523613758799+0.46669673506495285j)
(10.132766215754568-4.017388358863529j)
(46.50482453499434-4.924263093171087j)
(17.349339887327005-25.405142575341333j)
(27.34669839462122-13.340455370011783j)
(14.766018993282339-14.888564209798924j)
(20.37202294942117-7.398165423134815j)
(10.330954152650344-11.97436836131785j)
(-21.329825675568017+0.6882220884032861j)
(22.062729120009568-9.360317946410138j)
(18.771822853703835-42.52795278624075j)
(24.188673036457253-14.068128122595414j)
(7.96988027084038-12.987428297264003j)
(-58.966867621970245+46.72073682820931j)
(6.703339491075464-13.387172133750761j)
(25.073233460797155-10.54104159999655j)
(10.132126790531622-16.635572674684507j)
(10.993305881297482-23.969293301370804j)
(8.721539615670547-3.0180356431176705j)
(0.6211744412158337-11.661551252117537j)
(6.613415953809922-6.305715357113175j)
(6.287439328891833-4.889083853130853j)
(5.721950207155787-9.450574337299285j)
(-4.218766823054086-6.499542558755913j)
(-1.2193762010218685-8.406668484955228j)
(3.3857854108945578-6.162470005087308j)
(8.95732477315328-11.333711661674318j)
(2.243067137201034-8.106175751295304j)
(-2.016263696150021-4.64213199813211j)
(2.459610447143405-9.072970967740623j)
(3.255864221410041-5.584357708414922j)
(2.3740464587813963-7.720361131869555j)
(6.126165533891405-10.935589334612162j)
(4.86995844522671-5.5430274081031765j)
(11.27309791800072-15.029247238443146j)
(1.415429827739798-6.444066808791985j)
(5.4052168531810665-6.859519546606427j)
(1.7282227004566488-6.2699177921297276j)
(13.940085266386605+18.362020689758868j)
(1.8673610479362053-5.382096606240415j)
(3.217539951276293-7.189281815644178j)
(4.000771899967965-6.775800415722422j)
(4.30539380525483-6.607104821593294j)
(1.8829324436192927-5.670935645749385j)
(4.190157320508455-21.582438844563296j)
(2.5252674404428532-3.8597729703797365j)
(-0.3027169041907658-3.908701958280221j)
(0.2607855108869947-5.791560605088809j)
(2.623394274321832-5.712704250564712j)
(2.274632281828911-3.45029364567802j)
(12.256149355607997-4.101802581926863j)
(0.8286584159002909-2.898488268997936j)
(0.8766636174229575-4.17494007063437j)
(7.379219772455798-5.269065856529326j)
(-1.468927408439306-5.508368240797777j)
(-7.0604981528845006+8.557279269830758j)
(2.8382108759996156-4.516090238342381j)
(1.2815979774034458-4.524643694925617j)
(1.4624655957516848-3.217985605227837j)
(-5.482883049546761-3.111395785610274j)
(-0.4724229357407942-4.882927364921504j)
(1.6681668107739442-2.3095744709269836j)
(-1.5252310461675418-5.357190058132847j)
(0.41945296431837303-3.1245644754188993j)
(-5.103133547124816-2.533988053208829j)
(-0.22535602585260245-4.45191210147312j)
(1.5705315333177678-6.641868420542289j)
(7.724701912882893-26.240238695764763j)
(1.9504893265112837-4.387995949719812j)
(4.420714032169872+2.8001847930073183j)
(1.3225749588107267-7.043608756452617j)
(-5.550407676863068-15.31801954156845j)
(0.014258197076127186-2.436004452248367j)
(-1.2490665098082858-2.7500657357791507j)
(-2.2201644219389056-2.31573093237579j)
(1.3939114981719563-2.0219755011829053j)
(0.8379850835524211-7.131827310873986j)
(0.9590154486544371-0.8745443318976757j)
(-1.14227425321725-1.3309067014597022j)
(-0.06707890010846979-1.4435581452192987j)
(-2.905761611797668-0.8898400456633185j)
(-1.0474286987234724-1.206691340867519j)
(1.3364084832832324+1.5357166593045106j)
(-0.11161230663940647-1.709862212746342j)
(-3.4885224784426376-0.05099952792086377j)
(-0.012391949402698327-0.8036819118357608j)
(-0.015540157563878592-0.5641186252963265j)
(-0.408697018353391-1.1848462694549462j)
(-1.806492202877232-5.92381162030132j)
(0.06393538050869396+0.1837109271624366j)
(0.11633759378177619+0.3145817525962399j)
(0.17241769295677972+0.44231750930546543j)
(0.23224812837547287+0.5671655733914008j)
(0.29600275075604676+0.6892601459584117j)
(0.3639148327188523+0.8086117685134093j)
(0.43623998631985866+0.925107187632005j)
(0.5132249541209551+1.0385162198649422j)
(0.5950821857335933+1.1485029235752786j)
(0.6819694898789+1.2546391411266804j)
(3.18623189009323+9.340109425870304j)
(0.8710978297926567+1.4532753051811067j)
(0.9732493947281579+1.544593451830051j)
(1.0802319272453478+1.6297307252673405j)
(1.191737402363035+1.7080344518165753j)
(1.30734215897617+1.7788641706710855j)
(1.426507963841546+1.8416163926994131j)
(1.5485911212013688+1.8957504797881484j)
(-3.1984759604783815-8.558184705794524j)
(1.7985328981489617+1.9764420199399986j)
(1.9247913880654406+2.0023798190687097j)
(2.050821130816989+2.0184338358051557j)
(2.175803723679613+2.0244526877500197j)
(15.78321683199111+39.26925955731941j)
(2.4191752062850296+2.005846367152342j)
(2.535622272898874+1.981009357223629j)
(2.6470731208504454+1.9457943253495864j)
(2.752233913281121+1.9003636948008578j)
(2.849707521214379+1.8450971098522735j)
(2.938043946015022+1.780642434999336j)
(3.0158075190899587+1.7079520098768484j)
(3.0816575985447625+1.6283007281535524j)
(3.1344396392983698+1.5432813825949427j)
(3.1732813975457543+1.4547713844275563j)
(3.1976850299882904+1.3648652575129216j)
(3.2076012968578578+1.275770466067732j)
(3.2034688954563757+1.189670511723204j)
(3.1862022019634715+1.1085680094228758j)
(3.1571158734348863+1.0341295192897537j)
(3.1177849204942873+0.9675603159884839j)
(3.069852151473876+0.9095382911359795j)
(3.0148079817400877+0.8602306617256112j)
(2.9537771505589685+0.819406307101121j)
(2.8873513360317227+0.7866433697969981j)
(2.81550722083236+0.7616190270849581j)
(2.7376493633443175+0.7444561417927182j)
(2.6528182767643576+0.7360855137024094j)
(2.56010246349228+0.7385548425635988j)
(-1.4098481325390169+6.1906713712287065j)
(2.351599758867769+0.7903073281442691j)
(2.2406557815167307+0.8487027420512689j)
(2.1327707274474075+0.9341682642868192j)
(7.679951139878066-2.359461786750337j)
(1.9618935020387234+1.187302858020801j)
(1.9167425653481631+1.3452926301782395j)
(1.9059251517250946+1.5118878016624215j)
(1.9296624811342513+1.6762571167758546j)
(1.9841693843542885+1.8290245600506283j)
(2.063181440896165+1.9636484629715243j)
(2.1596649360619065+2.0766716419575317j)
(2.267089690170987+2.1671719953381863j)
(2.380079935592966+2.2359093473637754j)
(2.4945617666853077+2.2845290159213567j)
(11.081309428764051+1.2981050643543395j)
(2.7172269064987664+2.329139495962697j)
(2.8219851865569843+2.328655702358904j)
(2.9208678922065583+2.314848028622382j)
(3.0130302137075917+2.2887205651683513j)
(3.0976503786418834+2.2509980395444718j)
(3.1738026758909252+2.2021895685933743j)
(3.2403519136211654+2.142672733965838j)
(7.461906395150367+5.41187822202407j)
(3.3385355318059147+1.9930409161899378j)
(3.36614599332227+1.904153362376031j)
(3.376062852268078+1.8074212836053174j)
(4.325958023740755+7.401893260829988j)
(2.8791115201783133+3.872025559185036j)
(3.269881387933479+1.496916868108685j)
(5.101060516270268+1.2974844880103709j)
(3.0627273038311302+1.323437992275683j)
(2.919033211712718+1.2691321713773163j)
(2.7553817325392425+1.247535462377974j)
(2.5810983009261963+1.2649649150750373j)
(2.408003060887009+1.324146874933152j)
(2.2485927418551355+1.4231554122096286j)
(2.1138169973070764+1.5554809813411972j)
(2.0112325407662466+1.7112801169967746j)
(1.944149625227057+1.8793113596910345j)
(1.9118850310832292+2.0488222787784283j)
(1.91076497952641+2.2108315255251636j)
(1.9353465176521323+2.358640791472736j)
(1.9794364134922338+2.4877365067665105j)
(2.036708850007849+2.5953776624751845j)
(2.1009120939938355+2.680156173001751j)
(2.165772476451857+2.7417529262512774j)
(2.224792535139074+2.781046559771563j)
(2.271249774774473+2.8006313922452506j)
(2.298800904802969+2.8055616067772946j)
(2.3029639777163164+2.8037091392869544j)
(2.2830758573780416+2.804815188803857j)
(-13.50127788667309-6.036148055645977j)
(1.9169091448759703+4.229985062870218j)
(3.1796478353163566+7.1534297256664825j)
(2.173130628095054+5.942545210386328j)
(3.0558786908956246+4.12828792662676j)
(2.168126805076595+3.963290239684698j)
(-26.122014647906717+12.598010159908391j)
(4.302684123770064+4.152443501356673j)
(1.7569848188384258+3.383386319680345j)
(-8.695687362087009-19.837092179215436j)
(2.3673936237164566+3.699170411790254j)
(1.4895531534640234+8.520456352488257j)
(1.907785431716184+3.0467665820642575j)
(-3.8826382556490175+19.052782949275223j)
(2.198799560681658+3.030600047835166j)
(0.8906641351600275+5.3030801708915885j)
(1.1089283173222888+12.516839473942028j)
(1.3250763919553907+4.3419468436542425j)
(3.6312583709910395+1.6083488835636708j)
(19.200737600288626+18.538233325090804j)
(-1.408641133223196+8.028365981257098j)
(1.3608365700237768+5.088551643414196j)
(1.934501956808509+4.960641224924574j)
(1.6526004544805897+4.566059758016104j)
(10.173285573204224+8.027238416561472j)
(1.7083299677102404+5.175973771376635j)
(108.91367589643572+113.64784386484266j)
(0.838455359112365+4.074794816401676j)
(5.1473816042118+10.028174230430249j)
(7.158403899119285+17.365253311201563j)
(-14.028390557605688-1.1217400998463563j)
(-7.743800153152493+14.625282003544674j)
(62.87789683620317+27.341266040106557j)
(0.45797449279486796+8.694618864426598j)
(-0.7943835804813091+12.404686438954855j)
(-0.5329838171324779+7.953263686861081j)
(-7.240851544835032-3.7639526446617686j)
(-0.6246602436167173+9.121013496179977j)
(-5.21125467613911+14.039780014801106j)
(1.172456717672819+5.573161962328022j)
(2.0853919852473033+4.238972402596503j)
(-7.122311283074703+4.8552194829350785j)
(-5.634487807775705+6.504310020617864j)
(-14.495691469391035+23.837890705382605j)
(3.999379139136155+30.120394903372645j)
(-6.289744024554401+19.54114532189748j)
(-7.1226270831504435+17.128126437139883j)
(-9.110280986813159+17.00073836236215j)
(-15.497032608288826+21.33048483448761j)
(2.5918481752424833+11.817963881691906j)
(-10.305095436261936+16.150199067081946j)
(242.37831213842756-182.00194351201822j)
(64.79021122611562-41.116740367562294j)
(-5.1654166426219925-55.932856131268885j)
(-91.192791004397+8.696722991854177j)
(-4.555911314660177+27.150232110974258j)
(-23.409887516466355-7.516399353954747j)
(-14.002006647374008-40.68387540937521j)
(-9.04830510422041-15.73400269045435j)
(-8.660028087737029-25.597235311085125j)
(20.97812978538991+20.751292929384697j)
(37.072815765547396-17.6851249786639j)
(-11.367867036120726+41.29856292517133j)
(6.689966519388359-26.472249091281128j)
(14.464416512511974-21.39031312787882j)
(18.718939036449402+51.51894794810009j)
(8.136153344492124-12.310091855910905j)
(12.754150275263658-34.52868388139344j)
(12.778548589099701-11.928795235873888j)
(19.12002355849968-7.360160354283787j)
(16.684979536878373-13.324079814669293j)
(10.460172720740488-13.48218690175192j)
(4.592377809953211-24.322329103958086j)
(8.331261416168665+2.3691847369477816j)
(21.02454242191929-18.11952496271315j)
(-11.355454468142606-24.018242018883303j)
(13.90656331071687+12.26198218463505j)
(16.797503098980723-5.032658034015616j)
(26.14782467662567-8.517021513124492j)
(25.34996281638802-21.607540505099198j)
(6.970630668669918-9.587209630123194j)
(-11.73940233465183+17.41384576352966j)
(12.792086757201673-2.3281412370026175j)
(6.378716138147595-7.529694224731006j)
(-22.669120754341424-60.857038065697395j)
(3.1311143617668846-4.4934647203349405j)
(5.572231840843434-4.9485197307110065j)
(10.95365226911039-14.487799774527055j)
(5.1470394964997155-6.466551670466496j)
(10.671063422471404-9.495418947100985j)
(4.988528894501254-6.672420144013013j)
(3.8403254875111337-5.780404285734265j)
(-52.661524843800976+69.07892991073057j)
(3.967011513767837-2.544445777317624j)
(4.07745241427143-5.464424292534239j)
(-7.561743056642781+57.042238029328885j)
(-47.752986034948236-3.370006451859339j)
(-15.107295126777068-57.815982921392816j)
(-79.69023866573467+30.499064623763278j)
(-8.994202647158259-3.1796872768276727j)
(8.214822643958037-4.735286569607553j)
(9.381006841154504-1.8341143184193254j)
(10.93196303031753-24.788050952282468j)
(1.0073944842966762+2.464181107645186j)
(29.61437581093699+2.366328333056665j)
(4.188945183706426-7.245260723609942j)
(7.0540334277115635-3.512806493928524j)
(5.480319220838847-9.930544256882095j)
(5.7318226430620225-6.068837501411091j)
(7.294303532833902-8.89257740826874j)
(10.186824975099501-5.108466329880195j)
(-47.64320903083614-29.916129501413618j)
(-8.699520342240486-12.65481523281131j)
(6.820501327839971-6.626156502227054j)
(4.700944721869591+3.209998989733978j)
(3.105508127874538-3.331990368025638j)
(4.628419650501369-4.226629112849065j)
(-0.6569943541962812-12.340196650499857j)
(-1.5906685917082468-0.43555225766351785j)
(3.749006155729751-7.634662950522747j)
(2.5424935501576114-5.7508361231253815j)
(3.7493157536274677-6.151429043797551j)
(4.59744295372338-6.745843535720909j)
(1.6801716753605878-2.6452478829737887j)
(-2.965515888616593+0.9399587106583539j)
(-1.9173095807709437-6.48750250678045j)
(-1.7183632837762586-5.583360697901589j)
(-4.543450362810897-2.83360873872024j)
(-6.538632152201368-10.529651735829702j)
(-5.450781349111614-6.223293135140386j)
(-10.372481388543838+12.126044401522767j)
(-18.096632937973002-10.854933893926898j)
(-13.826206774726684+2.941509809715223j)
(9.502954646833683-16.37304316766727j)
(13.070721866175388-6.607711820733826j)
(9.703790945826352-5.237095576830178j)
(-1.6066500787873716-13.755087883679332j)
(1.008973693665442-7.11841535255951j)
(6.445296452370693-6.200617675405883j)
(5.227464614114013-1.9342833234354895j)
(-1.4621134230132273-11.926379087581491j)
(-12.081746761620334-21.535252884582896j)
(4.591347684801685-5.838501811776389j)
(-2.2127475681046445-5.939877687438382j)
(1.2022668400170158-8.439794291689749j)
(0.834786269727689-7.177589556592114j)
(-0.41518414100642603-7.667919229300497j)
(-0.815400984206395-7.369206156374426j)
(-1.4001050636935137-6.8655290813347625j)
(-3.4725376422618335-5.574892635777798j)
(-1.6417217119421457-6.263362939157144j)
(-3.9286592104790605-6.110827202447491j)
(-4.75715162686243-3.619833875381055j)
(-4.314154558871216-3.97180186049779j)
(-5.242968692177094-3.0346744110947923j)
(-4.2625752059482505-2.3448098630615215j)
(-6.114094037500178-2.863995713762346j)
(-4.876870435380926-1.9580368609925116j)
(-6.3756452301003845-6.935532623177186j)
(-4.938450320097841-0.7278539342910672j)
(-6.840668866975035-0.17047716145274933j)
(-6.659094663944163-0.4120286047072032j)
(-8.223367292085133-1.4006739681885512j)
(-7.686349118855177+0.4505015457858413j)
(-7.796387352540659+2.245708294806919j)
(-8.856812918239138+3.2977177774287827j)
(-7.265501522265499+1.4798869775272403j)
(-7.098793708238292+1.8601915546858294j)
(-7.840665764467903-0.7235890026507296j)
(-8.906338375753892+6.81654966749092j)
(6.84594968142172+10.440138353008557j)
(10.481138779032149+4.861594820799212j)
(0.8220308149438773+15.957766019036958j)
(-9.085765628065978+3.5519009245218447j)
(-2.2116167851986877-0.000264417576930828j)
(-8.472907528133979+0.7075409046923761j)
(-8.787546692878694-1.6196591718112874j)
(-8.861247077171926-3.4666675242329252j)
(-1.0315941226880956+22.45140480270301j)
(-3.6153212748437613-0.721083222815331j)
(-3.9549573548728856+0.3717930302939653j)
(-2.773360493140151-13.155075888254945j)
(-4.2861943845532-1.453624560220915j)
