(11.135308279442299+0j)
(10.983609606828818-0.6162566964979084j)
(10.669429157036541-1.0507834264796119j)
(0.9910290301127772+1.8457479328345339j)
(9.970043656773555-1.442116658863933j)
(9.683108303893832-1.4412697857869998j)
(9.49549132070909-1.3440349060171402j)
(9.444632967300734-1.1933400463314612j)
(9.555786714906372-1.0493769163805957j)
(9.831910722385045-0.9887006554196144j)
(10.240768802259478-1.0968139926875853j)
(1.5411773502322386+3.8668691332335907j)
(11.096653491976149-2.082267149905761j)
(11.27733853398347-2.9584554939391703j)
(11.135569045060889-3.9624192483226732j)
(10.640795350289903-4.9338025379638495j)
(9.850786644154512-5.727482861013995j)
(8.877345210039753-6.258628722920188j)
(7.838706779259931-6.509876678748147j)
(6.827985670991185-6.510809037646294j)
(5.904367675355428-6.311884015988672j)
(5.098380250032344-5.966026601020294j)
(4.421341788719583-5.519844995212315j)
(3.873615882561414-5.011466406606438j)
(3.450085270986422-4.4716959701071195j)
(3.142968587088058-3.9263535481667984j)
(2.9424941696281826-3.398613878562181j)
(2.8358796327178655-2.910595810734733j)
(2.805098181331225-2.4834317890079336j)
(2.824392714436295-2.1349473007014006j)
(2.8594751126260753-1.8745432863981477j)
(2.8710520426188575-1.696654499453371j)
(2.8239369730943364-1.576885315905946j)
(2.6985968160749123-1.4756942729088915j)
(2.4979296995673996-1.3501133763720188j)
(2.2441937420601312-1.1671346737918022j)
(1.9685640397873556-0.9108841714228488j)
(1.7005022664753942-0.581378959163643j)
(1.4618848814448329-0.1885477473365833j)
(1.2660923490438813+0.2538783540713089j)
(1.119817476585084+0.7323294856454169j)
(1.0255090816433867+1.2351170310519792j)
(0.9833828707711444+1.7526632457209745j)
(0.9926954091672202+2.2769772691868697j)
(1.052303245390617+2.8008564959555677j)
(1.1605873791664196+3.3171021979533806j)
(1.3148007945510423+3.817993421181578j)
(1.5099394155064654+4.295338589822163j)
(1.7374644434044566+4.741509916638366j)
(1.9846427352025633+5.15171693784951j)
(4.296239190441176+5.143197591778177j)
(2.4750634081900977+5.876967747179751j)
(2.693067645709585+6.218372923743669j)
(2.8891661023008335+6.571820388398665j)
(3.0723769915372734+6.955637132529254j)
(3.2578517786649304+7.381931578807183j)
(3.462507397340003+7.855836985638399j)
(3.701982095573404+8.37719532917916j)
(3.9895883150981866+8.942928525054588j)
(4.336711021625446+9.548892955496514j)
(4.753855499674184+10.190860541777106j)
(5.251822257236287+10.864740578856651j)
(5.842798234063325+11.566244529605548j)
(6.541322488353222+12.290099031212794j)
(7.365103247097389+13.028776176769428j)
(8.335563923096778+13.770615099669152j)
(9.47782631915629+14.497210923027282j)
(10.819673360714363+15.180060093952138j)
(14.389279044635368+16.251882772149237j)
(15.590577831541063+15.184237345128688j)
(0.8046886226353525+18.169516757755105j)
(31.49025345277204+14.025144951373742j)
(24.616846786091774+16.35628073156593j)
(34.80864369511835+17.451268179750898j)
(34.09363971502984+11.663829013050197j)
(27.37664661407672+12.422352193922384j)
(39.82268946441737+17.149289221013806j)
(35.3907909262031-7.838945081689521j)
(29.000785634274017-53.85008849288038j)
(29.810366797030895-4.855165172762681j)
(33.31214266482806-3.5921509997285335j)
(23.517064540903124-11.282369388891595j)
(32.779200663661705+7.599038903976174j)
(21.347941917373593-2.5601021405789197j)
(26.03699025905573-10.497614262437523j)
(24.899185695362508-14.635959369001409j)
(30.22365053936055-17.70060110614838j)
(21.601353566192028-16.73038359217989j)
(12.863586321904027-21.272285869429993j)
(21.427163547335734-18.35463001637025j)
(15.915778359604863-19.81127012160143j)
(19.316222365616106-14.181842891299146j)
(12.75123156094283-12.256135900001217j)
(19.400861822139134-26.308943434490487j)
(12.53065334197046-16.775828206680345j)
(-36.035649185944344-41.869281290312856j)
(7.738708131211697-17.460763068825322j)
(9.496984582736799-11.578211154950328j)
(13.649899598941497-14.52813533635183j)
(10.728471693205819-13.296501903934224j)
(16.472304915679263-8.816034809133498j)
(7.5859123672292-19.740396090760868j)
(7.57181633165985-10.11329025188874j)
(5.996033323174102-11.801579791351429j)
(-4.890908932562821-17.356524048917088j)
(6.267956165816475-9.956273319010155j)
(5.973184008541135-9.690535111258631j)
(7.359780159835059-10.077570309287363j)
(5.458150375928327-9.130817852341107j)
(5.243691759451106-8.844995116183354j)
(5.058972626279302-8.561195102347751j)
(4.903250244877307-8.28369837459498j)
(4.774932548168711-8.016478055789522j)
(4.67169745828988-7.763214220163033j)
(4.590465077452862-7.5272783565421655j)
(4.527283122305891-7.311592938498036j)
(4.477234800161766-7.118302225035853j)
(4.434528568977822-6.948257569646432j)
(4.392940257267989-6.800443485337165j)
(4.346681073235151-6.671618882937088j)
(4.291528350623635-6.556506621800346j)
(4.225786639052115-6.448694209957344j)
(4.150586220552508-6.342022936012437j)
(4.069320715264819-6.231910395706519j)
(3.9864911805058902-6.116075208688318j)
(3.9064866581854294-5.994499050290058j)
(3.832726824512619-5.868848596254539j)
(3.7672945185900235-5.741723547448567j)
(3.7109490828873195-5.616004375715332j)
(4.153751395398422-8.32134501650911j)
(3.6232449109715095-5.379214412242199j)
(3.5888453086346175-5.272158499190947j)
(1.5352147449298312-6.689283584265077j)
(3.025603389814637-5.16879345147348j)
(3.496072141994904-5.007068094539089j)
(3.4601683590069636-4.936073082781849j)
(3.418051349719709-4.871113808347413j)
(3.36838294743734-4.809528805048999j)
(3.3108320953632275-4.748261047804266j)
(3.246242227387806-4.684294974610561j)
(3.176573624296854-4.615184443967432j)
(3.104569085078335-4.539530337431241j)
(3.033195069937893-4.45724304238055j)
(2.9650143418444537-4.369484378889748j)
(1.896933045015403-4.833160852452652j)
(2.8437149075501993-4.186105577944986j)
(2.79052582569453-4.0950997518176235j)
(2.7407094250724584-4.00690724414195j)
(2.6924053340854615-3.9223434652830105j)
(2.6436702750182706-3.8413894478383512j)
(2.592782876431381-3.763294720842525j)
(2.538457466868391-3.686757375634555j)
(1.4839766691398653-4.759590355420909j)
(2.4171906246767585-3.531667308301776j)
(2.350591439974769-3.449662116071545j)
(1.7141907508995915-2.5066651847260024j)
(2.21026064956842-3.269715093205693j)
(2.1395632819492785-3.170231769401314j)
(2.0707811222391257-3.064314936620568j)
(2.0055013894561453-2.952646116212497j)
(1.944953663415112-2.83645472205022j)
(1.8897972587806098-2.7173730322025342j)
(1.8399600723973966-2.597196103955301j)
(1.7945805771127477-2.4775626440769454j)
(1.752100411998485-2.359606678887557j)
(1.710525328511821-2.2436624190602954j)
(1.6678187917713885-2.1291147568817177j)
(1.6223359879928716-2.0144579521397405j)
(-12.546811366427285-14.747301745973243j)
(1.520374678370349-1.7760511543565791j)
(1.339295369540108-3.0494425165458585j)
(1.4082327101984187-1.5109311291540573j)
(1.352568158614504-1.364597182342461j)
(1.3000271538885109-1.2084285952059595j)
(1.2526608110957873-1.0427618511119119j)
(1.212222679133183-0.8684555748921887j)
(1.1800536706779026-0.6867417228353486j)
(1.1570147514583897-0.49907143089020806j)
(1.1434542752971701-0.30695821981859583j)
(1.1392071459448398-0.1118123888396664j)
(1.1436368409430266+0.08523862549461587j)
(1.1557427774246865+0.28353672144007563j)
(1.1743562293087277+0.48305659625553576j)
(1.1984290235276358+0.6844916920976447j)
(1.2273781562636095+0.8891987413165772j)
(1.2614007841522443+1.0989626557151888j)
(1.3016503261153913+1.3156076744628384j)
(1.3501957411646732+1.5405546849923162j)
(1.4097677791772596+1.774459040003992j)
(1.4833810121966544+2.017028921683991j)
(1.5739553624801794+2.26704278885004j)
(1.6840316912943984+2.522509466233845j)
(1.8156138372036237+2.780885153057103j)
(1.9701162670034928+3.039277940713141j)
(4.095407757010805+3.1628770500453585j)
(2.350671205766564+3.5437152051827074j)
(2.5767760417260823+3.7834529722281194j)
(2.8259577887837612+4.010750059986926j)
(3.0970103536374336+4.222691117399391j)
(3.3882823319770825+4.416597867627656j)
(3.697727526192429+4.590114369259097j)
(4.022981219463466+4.741285584498058j)
(4.361462051227283+4.868617343148254j)
(4.710493688089469+4.9711066269491635j)
(5.067436197292399+5.0482339152448j)
(5.429814228776613+5.099913028317765j)
(5.795427308963194+5.126397936193534j)
(6.162426304736762+5.128150612193103j)
(6.529339703527849+5.105679910123069j)
(6.895035037296866+5.059369031857702j)
(7.2586064301057265+4.989317648271952j)
(7.6191903321844565+4.895231690345651j)
(7.97572771493695+4.776395465209909j)
(8.326709263370118+4.631753371461469j)
(8.669954707778485+4.460110568048673j)
(8.78780822354591+4.357913056220001j)
(9.320510575691706+4.032223711251634j)
(9.619623237310178+3.775849212497879j)
(9.89507003398009+3.492851454542072j)
(10.142178215450429+3.186084409686808j)
(10.35680314865734+2.859706042388568j)
(10.535754410696333+2.519003098194495j)
(10.677138880265456+2.1700766084129848j)
(10.780580774921612+1.8194305887706284j)
(10.847299257270707+1.4735133022698441j)
(10.880042427249043+1.1382585544541524j)
(10.882889479898775+0.8186674472478399j)
(10.860940267452976+0.5184626009299182j)
(10.819914995862652+0.23983984611479492j)
(9.144996056379243+1.4462821118833535j)
(10.194883565562375+0.539973772470533j)
(11.31769446837089-4.828652312705387j)
(11.859755248869105-1.275794715653074j)
(11.192407920323532+0.041711018208771176j)
(14.192963654830447+0.624805953653928j)
(8.00015787907681+3.9764838350623855j)
(16.181109713333633+0.2801927330039403j)
(10.216079159757689+2.931261531208256j)
(13.503067648138677-0.29552438811734905j)
(5.668464677823566+3.501814270564593j)
(10.440074832474481-4.527906251152953j)
(9.919039691369113+2.546845930912645j)
(13.209330589600883+1.0421605003229744j)
(-33.02270915162567-8.248837915049867j)
(15.286699691109568-4.270143412118711j)
(74.94798239488061+29.303729481017488j)
(22.007450132674496-10.60987093686231j)
(97.75581780104325-48.99538052585731j)
(23.13406615476407-6.43331945247674j)
(-363.1636764804799+353.5157800398972j)
(10.881121175448238-2.1381669855771053j)
(13.673269646761748+0.6882655913949832j)
(11.705778612942769-2.0864459693946973j)
(6.361468250209192+1.875405924825735j)
(-8.486425638547491+24.95573756512905j)
(39.49241089417446+71.7930896647305j)
(12.759107051483216+0.6181112365448921j)
(20.748517221259917-10.320061894340437j)
(23.056538240578302-1.0352318792119815j)
(15.313284960181878-0.20219947079426498j)
(22.679082575292643-0.011828945256239887j)
(11.535395626604517-1.4236975226371558j)
(14.832379667943636-3.5752691052580112j)
(82.02926019821832+149.7085561363265j)
(25.7859625596179-12.655116759015206j)
(9.242432131792912-3.1921069587009625j)
(5.987334617521374+2.871414457876933j)
(7.399579995037122-5.70038589971136j)
(10.323358064622841+3.5064642840935636j)
(16.47276353497626-5.399565513879473j)
(6.108771631610573-4.586111813806226j)
(9.22540891198022-9.546314065544188j)
(7.060154288522614-8.449275977522682j)
(-8.846318278251042+15.549953817411984j)
(9.80400132583633-3.747813174115355j)
(5.989067609740444-11.109098498050454j)
(8.412674332503766-5.362406515609853j)
(11.028083067070733-2.622819810120231j)
(8.378171938545917-5.831580795636816j)
(7.809369751024126-8.7427590954911j)
(9.716618273620673-3.678189526296232j)
(8.034715318326601-6.761242002272407j)
(9.889237877238099-2.6856019480376063j)
(9.17724250802817-6.18287919317794j)
(4.3847155979682775-8.078434246875124j)
(7.464633636540386-5.414742411868011j)
(3.9114445056722493-7.6705741864615415j)
(3.7408089842793255-11.317345926794411j)
(-4.64402918782151-15.73888333037196j)
(7.555813724488083-6.637588715333874j)
(-1.5867540542512342-0.19733147854986502j)
(4.947843923033857-12.55406189314241j)
(6.392775660278803-4.5937474175660755j)
(19.270404025751965-3.144157927283042j)
(5.500293369292298-5.206084612536401j)
(5.011319715849747-8.959053893956726j)
(4.286650795387575-5.254772457286144j)
(3.693221570990546-5.311512868448882j)
(2.35206649922723-8.405542276342638j)
(9.880280327367847-5.7710870425669665j)
(4.492974220761177-7.963202405816425j)
(3.4107560602767224-3.4555162418613943j)
(1.5840557468336505-6.412254529146899j)
(5.810079873673238-5.276809071910452j)
(4.791830639448616-6.306352137952914j)
(2.8638169645491325-5.490659191183853j)
(4.01164922995172-5.8412591113253445j)
(3.3904202116589386-4.2067749823944975j)
(1.5112406564223708-6.016169208507861j)
(1.332685399644557-5.801390208016393j)
(1.1736050315011652-5.5858119886499695j)
(1.0313603806818934-5.371370349448086j)
(0.903453791550904-5.159013359942032j)
(0.7877796781058175-4.948969510413893j)
(0.6827191035802121-4.741024892684573j)
(1.6310826114030266-5.679107696012837j)
(0.577974809072568-6.068743745513015j)
(0.4216528559980393-4.125234284479431j)
(0.35116488845100313-3.9210999388834447j)
(0.28881354771863477-3.7168991838294994j)
(0.23482643387473467-3.512389267041099j)
(0.4360402176440881-3.1831949937845057j)
(0.15378362279738145-3.1022276030258764j)
(0.12803097591123883-2.897048605837564j)
(0.11311282486487476-2.6926561209613813j)
(0.10968316180292792-2.4901712722247615j)
(0.11813758806063823-2.2910974446805215j)
(0.13845032527624382-2.097237679360001j)
(0.17004404567732537-1.9105420881352966j)
(0.21172318508780485-1.732902769531712j)
(0.26169018157886914-1.5659262014937527j)
(0.3176491406665194-1.410718314142496j)
(0.37698693386789645-1.2677157472810527j)
(0.4370099935402334-1.1365902334865243j)
(0.495206578582093-1.0162434200800339j)
(0.7226855518037554-1.4173197135273357j)
(0.5984507236097598-0.800272894436577j)
(0.6413937148185301-0.6998304468677505j)
(0.6784620073719322-0.6010421924839005j)
(0.7105230245141957-0.5016507919310897j)
(0.7390252784905652-0.3998794290670452j)
(0.765790762869043-0.2945662284618434j)
(0.7927879826397131-0.18521352324378337j)
(0.8219188722304502-0.07195858894718073j)
(0.8548435764332547+0.04451594627352358j)
(0.8928550073036482+0.16310898671005047j)
(0.9368041480990082+0.28244357454338254j)
(0.9870697667825036+0.4010091225209452j)
(1.0435632720125232+0.5172939648689341j)
(1.1057602521711094+0.6299047411494971j)
(1.1727533929641638+0.7376725845167165j)
(1.2433253397261061+0.8397466105866409j)
(1.3160430399400869+0.9356729394923337j)
(1.3893756956082282+1.0254532484778438j)
(1.4618355700158197+1.1095722172226075j)
(1.532134287759212+1.188980508424876j)
(3.2592028718029713+0.8813571808330938j)
(1.6629983460080195+1.3392998117103072j)
(1.7232266107582281+1.4134970977778767j)
(1.7806971304125476+1.4891682736932448j)
(1.8365648193349204+1.5675463890196932j)
(1.8923142450920354+1.6493971212074177j)
(1.9495681151796516+1.7349464182515306j)
(2.0098922846998923+1.8238879996095108j)
(2.0746299907130066+1.9154587326417107j)
(2.14478549375278+2.008558130100545j)
(2.2209625267204056+2.1018856752436266j)
(2.3033513559934815+2.194074622494519j)
(2.391752436835375+2.28380933465926j)
(2.4856242539648106+2.369921252702441j)
(2.5841459563135643+2.451463950643578j)
(2.686289496259773+2.5277698110972486j)
(2.790899366991196+2.5984902450514236j)
(2.8967796683945646+2.6636192039064754j)
(3.00278780099455+2.7234972512940043j)
(3.1079318489752796+2.778791829340267j)
(3.2114654095516784+2.830449450640236j)
(3.3129703631929535+2.8796178021864987j)
(3.412416099350098+2.9275399610154054j)
(3.5045000195790683+3.058199486109962j)
(3.6070492434861916+3.0243299866910296j)
(3.7041164112604825+3.075001710687947j)
(3.8027135093102373+3.127807211858065j)
(3.9042530472318004+3.1826552177500003j)
(4.010075425796065+3.2389865069988377j)
(4.121292189956529+3.2958158443170573j)
(4.238648422645658+3.351827777817488j)
(4.362423327083158+3.4055187672768867j)
(4.492385734726798+3.455371017050665j)
(4.627815957068809+3.5000364182746253j)
(4.767596406907086+3.538503836355813j)
(2.1023241853900907+0.15822667372068613j)
(5.054683842266028+3.5951565820979483j)
(5.199268354047952+3.6137691946666166j)
(8.684846130257526+3.230710133562737j)
(5.485645196922025+3.6357620769670973j)
(5.626727903967813+3.641502476901093j)
(5.766689966867651+3.645316644059065j)
(5.906242698365912+3.6481785092500587j)
(4.097411897837891+7.202467164820579j)
(8.415726094116524+4.337413660735438j)
(7.249696555679256+4.345791307085665j)
(5.764315456729616+5.998755253762572j)
(5.338043817842101+8.197045849575526j)
(6.526011546434803+4.579995306800843j)
(6.181830471174296+4.720108212297214j)
(7.496927759994937+3.5730251721977453j)
(6.449287997906262-1.192856447760613j)
(7.463040917013787+5.535742045358226j)
(-0.15200293503451864+15.740754099231589j)
(-2.235237210259393+2.6472064807933036j)
(13.612508699737432+0.8479212253893069j)
(9.517131540192565+4.025145215948306j)
(7.2311628380359245+5.5133640674091255j)
(29.868594479591675+27.066374626649715j)
(7.596871273921139+13.156487989633572j)
(9.81183688035769+6.026126738014049j)
(9.342372311306715+3.007209635205296j)
(10.94260417203351+3.3713967670845593j)
(10.148198429055482+2.9000082776069167j)
(17.68184627296186+2.468951054257598j)
(12.748515506510198+7.430252806608845j)
(10.315375921400028+3.0732740905535536j)
(11.231926534631443+2.054002512194228j)
(11.932354408192754-0.3203055196918747j)
(9.995702222901295+1.0043949556204872j)
(12.38157718385849+1.7468024415103383j)
(12.815943202841053-0.2434715991221899j)
(12.555002279622727+0.6682801667252826j)
(10.912544744585363-0.6538996345082266j)
(12.389595536146778+0.8868333832412368j)
(11.77934372258484-0.09163862037964363j)
(10.729721074086122-2.320896415283429j)
(12.82971497072627-6.742057180912253j)
(12.761328977831784+0.10514445624554718j)
(1.8651287594447674-13.635366292561587j)
(9.373896334544954-4.250079709104286j)
(13.37908410175896-4.78405930683423j)
(10.850949578637676-2.953938775936823j)
(13.886049510492695-2.331592811399173j)
(8.64031319816033+4.517035603324673j)
(11.356435033236478-3.4834935251922703j)
(20.828148350842625-3.8249273289345522j)
(10.42634400218399-4.6421768353447925j)
(4.317194616718952-6.002489492357211j)
(10.777195806766201-3.7949803822699235j)
(19.72410376617611-5.229967896979713j)
(11.623507207413827-5.6789862148913635j)
(11.298359592973577-4.264202815115249j)
(10.516932793426617-3.7525220525322958j)
(9.814629295581957-13.670279272194158j)
(52.35899120916195-37.6914446597485j)
(8.805044576977933-6.175169492603108j)
(8.378448932184288-11.479626707944872j)
(6.211081091446288-8.178408357451564j)
(6.341257333470676-6.139794445140543j)
(7.869573277180903-2.2474241509245014j)
(5.875102340196806-17.15940891954776j)
(7.018722645866681-5.888653103603315j)
(4.830755591751763-5.944378528688915j)
(8.915991626288326-9.68477164893594j)
(5.2257566647448055-6.801636790717106j)
(9.29102856835221-7.466533679294732j)
(4.857787789858664-7.93613907177146j)
(4.278471906833217-8.440805514892837j)
(5.972273559086474-4.841638941093903j)
(7.455445240013921-2.959248417203622j)
(6.245279111042512-7.424440779777012j)
(4.507347573548701-5.741062483268083j)
(1.0886752071668053-5.114102870747712j)
(2.866204100611169-6.259906415489035j)
(4.056825522288626-5.577418427507028j)
(5.1171134501399695-7.161234196921657j)
(4.506308602171188-6.283820555761987j)
(4.027334744713506-4.723162173722575j)
(3.1048061297897163-6.157219710762021j)
(4.212524603175013-5.655569274689947j)
(4.372686548410827-4.299799437392941j)
(2.867730378157119-7.9345244175793495j)
(4.010238220434657-5.059049090677464j)
(3.5635646760647806-5.15649493400326j)
(1.5597952016626924-4.125687015819939j)
(2.9329891604973026-7.27790355471974j)
(13.381784111173568+2.2748531827472327j)
(1.007900895888057-6.106678568498566j)
(2.914154044944638-4.053958743833113j)
(1.6257319021378656-6.161699699158276j)
(1.1576905632271475-6.253008069958178j)
(1.7186753535358268-5.112611935656604j)
(0.7113333604095656-4.995413866042933j)
(0.09874052760225062-4.1385446051447925j)
(2.3133769019136166-3.135003931922065j)
(2.268763803575262-4.547285658972435j)
(1.7926703392883143-2.9161383651761836j)
(-3.317774181191463-6.334817210304934j)
(0.3965948667463332-4.985591050055488j)
(0.16970718726027811-2.500466063134085j)
(2.0234667405271067-7.039885116458942j)
(0.546365687947022-4.425790656538246j)
(2.1762447569163994-11.448434852221915j)
(0.8193282163577121-4.139899935135397j)
(1.9182578928343335-3.7545010626452924j)
(1.30530522310306-2.8981989424211663j)
(-0.9776626316790148-2.312826333581879j)
(1.036192219108146-3.7081734145356555j)
(0.9416485458647573-3.434069242956174j)
(-7.415905737527476+3.79596750410685j)
(0.13327518356691043-2.181508926464333j)
(0.33531707429174135-3.586118150769235j)
(0.5725702415575336-3.6042512219389633j)
(0.6164667920530132-1.3559399826437422j)
(0.13612795256005258-1.8619043772643877j)
(1.3581720468019016-0.8569065758602395j)
(0.5071523029977942-2.960925178338231j)
(0.4184159414170872-1.202375118450722j)
(1.763600388159087-2.456116966182861j)
(0.4520963580283563-0.9470342604253392j)
(1.1455745725185262-1.312686529185442j)
(0.48770991348522097-0.7049611030641612j)
(0.5051172327299482-0.5854307542094996j)
(0.5227340188213906-0.4648676923800309j)
(0.5416469282844382-0.34196532310617084j)
(0.5634457261296476-0.21585175351450533j)
(0.5900548028014451-0.086273185804962j)
(0.6234930659338684+0.04629498725205276j)
(0.6655982624786541+0.18063956348185387j)
(0.7177648158441963+0.31491269662137306j)
(0.7807438155872436+0.4468302628232788j)
(0.854539022830449+0.5739271226807878j)
(0.938409028590919+0.6938211335397422j)
(1.0309618958944995+0.8044421843282763j)
(1.1303125308429116+0.904197582249044j)
(1.2342680319490686+0.9920638593573426j)
(1.3405109010002443+1.0676109593528509j)
(1.4467599847783372+1.1309742165235115j)
(1.5508998444675512+1.1827922332024043j)
(1.651077848569346+1.2241265037269695j)
(1.7457734138663825+1.2563738666346618j)
(1.8338456054244292+1.28117766576581j)
(1.9145645620026406+1.3003391974909708j)
(1.9398121654797922-0.8528555554351215j)
(2.053176372179977+1.3291907983605298j)
(2.1117638748579943+1.3424519257551533j)
(2.164347476450185+1.3570159047136707j)
(2.2122217331584912+1.3740668398941136j)
(-0.45983111569569346+0.5864439567809688j)
(2.30795301875913+0.9293398343334955j)
(2.343633239824727+1.4454435161844175j)
(2.388835486839439+1.475241438114525j)
(2.4370067085369063+1.5064543412885991j)
(2.488929209747659+1.5375526265498372j)
(2.5448508344261476+1.5668094767212228j)
(2.6044425162651366+1.5924739891181914j)
(2.6607029079109332+3.1013913193971887j)
(3.9185589130176615+0.9832747064206052j)
(2.793980610771565+1.633690583941646j)
(2.855033181644746+1.6328636532065326j)
(2.9116952886899474+1.6248051244233774j)
(2.962044198978034+1.6104280452184265j)
(3.0044421040801557+1.5911808030533645j)
(3.0376813535774096+1.5689472677069223j)
(3.061096237480925+1.54590778293012j)
(3.074630025016986+1.5243710862896471j)
(3.078848483116704+1.5065914027816196j)
(3.074895858906974+1.4945886786386597j)
(3.064396219626119+1.4899916660030088j)
(3.0493109134868273+1.4939219794584941j)
(3.031769751489533+1.5069318849636462j)
(3.0138972719352726+1.5290003400564611j)
(2.9976549345734944+1.559582688568764j)
(2.9847154779641816+1.597701787736107j)
(2.97637842589494+1.6420640101597317j)
(2.9735279506360235+1.6911831435456683j)
(2.97662791632183+1.7434981184230762j)
(2.985745093247214+1.7974753634961j)
(3.0005904942196944+1.851691889564148j)
(3.0205700750295663+1.9048997129182808j)
(3.0448388616093522+1.9560752225926323j)
(3.072356081120137+2.0044582872885344j)
(3.101942345955149+2.0495852683717977j)
(3.13234269071284+2.0913177644195926j)
(3.1623005478583592+2.12986510645465j)
(3.1906466922603194+2.1657939363329546j)
(3.216402972111606+2.2000138862218104j)
(3.2388931201517805+2.233726552806537j)
(3.2578435374439016+2.2683282223705525j)
(3.2433854229403245+5.827016218181431j)
(3.2863801980803107+2.3458694060602028j)
(3.2977111598229953+2.3911711001284592j)
(3.308782983750113+2.441785526149195j)
(3.3210199291873344+2.497847277727933j)
(3.3357461321767543+2.559038477675037j)
(3.354040540675471+2.6246858206093693j)
(3.3766546393884154+2.6938970399639595j)
(3.403996084201074+2.7657014605112153j)
(3.436164320132481+2.8391672399677206j)
(3.4730164072192395+2.91348157901025j)
(3.5142421413158567+2.987992906932642j)
(3.5594334342277+3.062222147220483j)
(3.608139915428466+3.1358532427324577j)
(3.659908413069849+3.208712658326127j)
(3.7143075724954375+3.280745424215901j)
(3.7709406199574853+3.3519928032583306j)
(3.829449809644823+3.422574564367308j)
(3.8895160153699715+3.492677312776155j)
(3.950856668196167+3.562549260192723j)
(4.0132250027689444+3.6325009830838058j)
(3.7840325584618224+9.550730904527368j)
(4.762346121965252+3.3985281288577394j)
(4.237607163542848+4.286824862285763j)
(18.84891588896833+22.49997088483126j)
(3.0964754852435945+6.353912555207277j)
(4.252558889097053+3.8326604611601782j)
(7.0981783466777255+3.362553058302895j)
(5.172633652971888+4.890318429609854j)
(10.642397881125499+5.91947474097217j)
(4.942668206637825+4.726331472823515j)
(4.568874280887125+5.620461316909216j)
(5.4834138430395125+5.172539615739947j)
(5.732391793162494+26.850219242721074j)
(4.627774711661781+4.398949514405037j)
(20.31940962352086-43.46045922678727j)
(5.059799745711665+6.257141327569756j)
(5.861702756780284+5.20322353020961j)
(8.363362914172818+4.837171859702496j)
(5.95754749317868+5.087326161168973j)
(5.537733038703753+4.862229904407891j)
(9.504821977248385+5.554534259678098j)
(10.603183163443877+7.295320785897232j)
(-0.16668789646379287-3.655912966688531j)
(9.282104740722442+8.560333468046931j)
(6.495544048641349+6.510307954479795j)
(6.1404686872842476+10.260775725283086j)
(-185.81610471362197+147.4890948996916j)
(8.895162103485477+8.133365881619943j)
(10.474494325533417+13.224851187538869j)
(8.998333124160176+6.484044789530909j)
(7.617269140490924+10.766419856404804j)
(11.348350237935028+7.613301379827487j)
(12.587650956669044+5.4370090539182145j)
(21.603900023435923+12.083256056851809j)
(12.774921825493795+6.5250777128371364j)
(10.361181443960206+7.511006660961958j)
(7.109564962180197+13.79414511282617j)
(13.9012953256775+7.598484281049255j)
(17.034938419767492+9.016371152882636j)
(17.584266891448074+7.544936261670826j)
(19.59408423416709+3.868670510772352j)
(13.434698637104079+2.2960523536019566j)
(22.236202091860942+2.7953679085305483j)
(23.450572454563922-2.4965164260726396j)
(52.780462130808694-13.940785017598056j)
(48.707961317096554-58.63378417500704j)
(14.325591440013106-8.076823620818688j)
(12.046623465753536-32.0246536498652j)
(8.471845579096874-10.597536161649272j)
(-20.844340809661652+13.015563583531675j)
(21.63129848305491+1.7028224049548861j)
(20.924522561988297+1.2400270080715314j)
(27.448344934563004+2.7235618831034993j)
(31.02798993412867-0.6371325876640698j)
(-24.508529127667803-35.27785519196269j)
(20.414630595313373-7.133712148586396j)
(31.426457298241054-14.255815266661513j)
(15.016601421156995+5.652088333216258j)
(27.748924299326433-9.554367776050276j)
(15.064163250190454-5.21222519995951j)
(8.217489734558747-9.448299375818019j)
(8.404632404447247-5.388013926916106j)
(23.466337186779757-6.741233472448902j)
(7.873520003872772-15.197470037134888j)
(5.004565363333255-20.33974086863125j)
(2.416664826413142-7.2099868875536774j)
(-1.318885235883772-23.933210955406572j)
(8.294507032884937-14.063827641903838j)
(4.177766433322824-10.92057755633776j)
(5.04172426522762-14.506959586897358j)
(7.198196482040266-2.26535139969054j)
(7.2788650265755095+7.252143175123786j)
(14.170985439108888-10.820732208246609j)
(3.3093837127766235+4.816101701715538j)
(3.6751076206572804-6.2093523968377236j)
(0.9629208991186821-2.8188329101097214j)
(4.160702710340184-3.6664520011495996j)
(4.163311403410295-4.387909801870266j)
(12.3827486258916-12.08101318016166j)
(3.4322143469512674-5.269890365316996j)
(-0.9383761246932196-12.948800161362895j)
(24.10643580651535-24.320716450698477j)
(4.913827080347181-4.803344631711919j)
(3.5346490198981435-5.76895863209474j)
(4.126292141127165-4.828489938493558j)
(6.123093165365162-4.010987189881224j)
(13.793504418704577-4.858299671898795j)
(0.9815210025045585-0.5890369290127518j)
(-1.1024284735398884-9.262013654940041j)
(0.30421795376354327-9.409828762020751j)
(6.195970177071912-4.555943828839205j)
(1.5938412024896034-4.713708640895693j)
(5.2100092459282985-3.328220477366117j)
(0.8600196587575055+18.755068060780125j)
(-102.89779507634998-186.46126733072813j)
(2.1530086181388146-4.848842882163353j)
(3.606959790502644-9.303786451169161j)
(-1.2315835283131802-0.22721070433884713j)
(1.1043589651338332-3.355452911127038j)
(1.861058846713698-3.818698612200089j)
(1.191268493061967-3.9496758655192314j)
(1.6130828178639005-6.997133189313402j)
(2.6893548256767628-3.1514183715072566j)
(-12.128491561185955-50.25850594490507j)
(1.8047466078060939-3.4161398409325745j)
(0.2484533734981142+0.534013629318489j)
(-4.397716053201508-5.701217603899786j)
(1.7410919994230107-2.59745856737104j)
(1.9239382131531007-3.359142221087726j)
(1.2090732767854646-3.0422459158159776j)
(10.193418500024105-4.3666200370722965j)
(1.379090531334727-2.7844018888157374j)
(0.8771697285372392-5.448287083094043j)
(1.0155871024889822-2.8127817115355422j)
(5.044179826314949-3.834202031784873j)
(0.948252362899859-3.68171062467767j)
(0.22158294769793585-5.8684564192893465j)
(2.6772932440836006-2.80446882184609j)
(3.2132676878451942-2.143677779406041j)
(1.0230450170093348-3.0507124519386095j)
(1.3243876498383371-1.905955150053664j)
(0.9389387985573739-0.6564908461425146j)
(0.6252350838309401-2.216324285156416j)
(0.2619404173506336-1.1772334544631393j)
(0.9699399166359043-1.787616637913281j)
(0.25201504781173084-2.0553204015013398j)
(1.489337432019476-2.580149067289642j)
(0.2578468270690125-0.8229947009263295j)
(1.2723195594514478+2.9389427874603617j)
(-15.550372327925928-9.631706120904388j)
(-9.928349690010869+13.493534221788734j)
(-0.055083234350881735-0.5772852520177011j)
(0.5285793108023681-1.0754621885007507j)
(0.401847660310894-1.1769897346050093j)
(-0.4379207183732372-1.7186444783820827j)
(-0.22698923110061323-0.5258547068695522j)
(1.4389389974491293-0.6512333259871809j)
(0.2851606684108433+0.6600963191551478j)
(1.3676745240714943+0.820836855012645j)
(2.976950651811246-4.8033148877042615j)
(0.7757779624555358+0.5728774815346713j)
(0.8681853204617404-0.1438605998044478j)
(0.8992625043284994+0.7718095339737897j)
(0.9666271794250927+0.8659734123791005j)
(1.0376691678004988+0.9562569842052601j)
(1.1122966527358769+1.042359990765568j)
(1.1903766107904872+1.1239572036104222j)
(1.2717281757631536+1.2007065853354497j)
(1.356117804895987+1.2722584352920248j)
(1.4432563684449031+1.3382652046350871j)
(1.5327982847990156+1.3983915951903312j)
(1.6243427554211958+1.452324441603881j)
(1.7174369751954945+1.4997817686615453j)
(1.811580898025085+1.5405204048098486j)
(1.9062327885932882+1.5743417199746963j)
(2.000814537424723+1.6010954947798985j)
(2.0947157498083464+1.6206825532143825j)
(2.187296069616477+1.6330573853679482j)
(4.8348669205247194-1.8575111245582916j)
(2.3657875137141264+1.6362840160860068j)
(2.4502759803677034+1.627364073875718j)
(2.530605870399802+1.611710887019867j)
(2.6060212306604744+1.5896634707757187j)
(2.6757719496488868+1.5616737832008665j)
(2.739135521848884+1.5283157073935931j)
(2.795443308944369+1.4902884963614835j)
(2.8441095680370165+1.4484129114148876j)
(2.8846608977902806+1.4036188163478702j)
(2.9167632258903384+1.3569237206931433j)
(2.9402431006444067+1.3094027521024267j)
(2.955100011360848+1.2621517855873827j)
(2.961506934742792+1.2162468616507651j)
(2.9597974319076066+1.1727043534938737j)
(2.950439422242513+1.132447265812365j)
(2.9339980782659096+1.0962832150283848j)
(2.911092785052706+1.0648987844469981j)
(2.8823553354198657+1.0388729632826432j)
(2.8483980092175276+1.018709356667149j)
(2.809800484527756+1.0048830509164028j)
(3.4074277940069013+4.33379774491446j)
(2.720952387375661+0.9983130742058322j)
(2.671974125372891+1.0068090710710114j)
(2.6210719885674756+1.0241325705002662j)
(2.5694267251943548+1.0510487705903555j)
(2.5185914078172607+1.0882088706341277j)
(2.470506865452533+1.1359708464516585j)
(2.4274265027403463+1.1942000780855933j)
(2.39173756474663+1.2621002075629402j)
(2.3656973808684754+1.338131788115919j)
(2.351137680610528+1.4200613635781012j)
(2.349210671087639+1.5051468238236902j)
(2.7429851060906976+2.405102960352601j)
(2.383733524712618+1.6729981411902708j)
(2.4184716902815158+1.7503465803139788j)
(2.462746729585455+1.8204518014292617j)
(2.5145714416022757+1.8818836841293527j)
(2.807475170874097+1.538162632723068j)
(2.632687632104854+1.9757069093584456j)
(2.6951508072137713+2.0076613046227765j)
(2.7576282287120333+2.029854263862917j)
(2.818664043817512+2.0426778064019975j)
(2.876963350851933+2.0466298009028936j)
(2.931353692288756+2.0422753523400226j)
(2.9807443114434875+2.030231596299444j)
(3.024089726004605+2.0111727467753715j)
(3.060362539476488+1.985852070743902j)
(3.0885397187413077+1.9551374675832873j)
(3.1076065449333874+1.920056942882182j)
(3.1165826581463065+1.8818490927163651j)
(3.114574460708194+1.8420115500567529j)
(3.10085683703374+1.8023372618784421j)
(3.074983795483213+1.7649250040028417j)
(3.03692148885646+1.7321479364816545j)
(2.9871880584710024+1.7065642783942814j)
(0.7048762476673353+7.011004665575942j)
(2.8582102278490806+1.6871246167903573j)
(2.783542569632973+1.6975860534368588j)
(2.7061963389032195+1.7233405309338918j)
(2.629721262952224+1.7646416559376084j)
(2.557653471463829+1.8206999789432534j)
(4.010655524709875+5.685110035397005j)
(3.137269211593122+2.4526805963706346j)
(1.0888823826879719+2.5996903324037297j)
(1.5515079138984296+3.1581058294450792j)
(2.137416565576756+2.0961676957171385j)
(9.529109903786482-2.19942380792286j)
(2.370134161504421+2.487433304865964j)
(11.808499454094601-0.5572417035229326j)
(15.063647822591285-3.7897646318518357j)
(4.137259183769503+4.05225571348678j)
(2.613414541049434+7.220101494925817j)
(2.3913279095028566+2.7393068178745326j)
(2.395779402418206+2.7881012752611225j)
(2.3944943274838133+2.8349901119733505j)
(2.387162932119231+2.882118345836728j)
(2.374186174296133+2.9314508980987726j)
(2.3565069103653777+2.9845174810774746j)
(1.9685769359568988+3.001182569536148j)
(3.2620003087316207+8.522334838754464j)
(2.3796085529172597+3.0879905461126484j)
(6.145312748028507+22.533285586965334j)
(2.4730699016192497+3.273562756798032j)
(-16.106668254651783+20.29479853475159j)
(-0.7398006740508174+3.676860168959981j)
(-1.1328079100315995-0.42653235866385547j)
(2.5941305672425163+5.698004889751051j)
(2.0152584670437945+3.368672268048492j)
(3.272631176254709+3.656625744642112j)
(0.8218077842390749+0.8453103517378603j)
(4.037764714570087+8.552109382205686j)
(2.146450377722815+4.289157142004806j)
(2.1658383402576438+4.3878263590415045j)
(3.737098303093772+4.899039256661761j)
(3.138580060493086+8.66864107072041j)
(10.497067514149412-0.9603044717348996j)
(-3.3291472455578077+5.587684883464576j)
(0.981241997111112+5.781139690903823j)
(1.9295526542219392+5.490579055710599j)
(0.4122601550052236+5.157909532163664j)
(1.5455676898178623+6.1218599106187375j)
(1.0424577239192854+3.1027233198407376j)
(3.5867604772357375+7.884831726772118j)
(1.0118656200468217+5.798913586347252j)
(2.9501462970054555+8.844743854670956j)
(3.1741441697263184+7.01902135339547j)
(4.608823846708638+6.746445293483036j)
(-14.43965740134704+13.293305796268802j)
(3.3879895150039236+19.270813467473786j)
(13.275486966293805-0.47440701564105187j)
(-0.8056406399597345+1.66156520696578j)
(3.0475108673669933+18.294650159197666j)
(43.033376406303425-16.369686802731618j)
(24.536487110782993+0.3474864837048402j)
(2.4902326585350756+9.375228792340238j)
(0.5044457037834092+11.123820449852978j)
(3.8083422734546115+9.62920153731762j)
(35.662821673099536+7.505961804870827j)
(0.1437931696773841+7.651910459376955j)
(-1.288885728198652+15.186944046893826j)
(1.8658271965897284+12.571630986929987j)
(1.0906277819833574+18.22538615603683j)
(1.6962580360559536+15.344154386416792j)
(-2.9783886412221974+15.515604622053079j)
(-2.7426698688809186+14.749006937798226j)
(35.091065220547804+6.823906709065157j)
(14.657334103442153+20.57656052678065j)
(6.487584962112185+62.92839627808807j)
(-10.969925538535039+34.23019035799943j)
(79.22893265323367+26.36274276714952j)
(10.032410292812092+27.643917295159074j)
(164.0138707994531-45.1734490762026j)
(-1.0005541066550014+42.77414314232631j)
(57.895300916844754-22.6448789916534j)
(17.969521074560845+19.044321789576014j)
(6.038075315354133+17.43571604474036j)
(-89.14536280153082-21.83179333772082j)
(22.613730920800716-10.597050927300794j)
(25.84562163308347+10.22114870399598j)
(20.821098527088573-20.947026763538762j)
(11.319431571194599-35.33283726571962j)
(10.940683219060718-21.776560104173566j)
(25.36745923774128-1.3169642537461257j)
(11.286011542408378-18.110504828701274j)
(25.252828595662464+0.6897772881882048j)
(16.46856173180201-1.195082784580493j)
(17.224477441666995+5.696520420359622j)
(19.38436567766438-1.9439623643047454j)
(15.237544309317975-11.481300356431001j)
(14.241651857103088-5.78008019423626j)
(22.03799538360324+34.541728653054584j)
(24.513145891526438+6.997989911057322j)
(9.339415099492967-4.059273979557822j)
(15.652103509257632-2.416806031992783j)
(10.27085404220269-3.2872430110937767j)
(3.905434645893891-6.827429028509103j)
(13.424126693537014-2.440302089427327j)
(7.869167822448326-3.5939011454164174j)
(11.819744747375925-2.3230825931979884j)
(6.967298014694405-4.31699095664359j)
(6.845050078245306-14.096856214308612j)
(7.509556171210915-6.09871337756825j)
(5.681721556152548-7.4613619649752225j)
(46.81753716721624+3.876825304166371j)
(0.17165268339581885-8.046541580672212j)
(1.5861882627768855-5.722770233833152j)
(4.869352062506014-6.8901860775779795j)
(20.732429442477823-7.452039079662075j)
(7.597632957008032-4.239605678163204j)
(4.705586380207679-2.4741205184948023j)
(3.6327836481687297-0.35984680310761424j)
(17.26901769050597+7.207318863195197j)
(-4.780783456844928-3.1831483111168j)
(12.882954646833763+1.4106502186440704j)
(7.430148502244667-4.000728243463917j)
(29.907918380072125+2.392629374984941j)
(-2.748369811382756-7.405415463090833j)
(0.9915102698319596-11.05554044593871j)
(3.952383306162792-3.2971963068658963j)
(4.342228040788445-39.08158649703545j)
(4.4685589412240505-5.808667429006925j)
(8.38281264887313-4.653188971289282j)
(5.3330442851571-11.511631356476288j)
(-21.408200615274804-18.12907268593175j)
(8.856968690126656-9.594527092863252j)
(-36.85026789601664+39.05307410471209j)
(5.1527921289242755-5.4577040590895365j)
(4.448238817199495-5.244277445335449j)
(3.9601832523302516-5.824230125355394j)
(5.258982476242082-6.666808823280495j)
(5.273146146189708-6.555228099820787j)
(3.1361505071512856-6.800472634787245j)
(2.1607233618628197-2.365504079152927j)
(1.682833384366967-9.107518334570324j)
(3.8389011011338847-5.730087048449943j)
(5.425177785010614-4.881907709060721j)
(0.6220756680939017-4.636323801999702j)
(-1.695038319555399-6.815871753167652j)
(1.894177098125892-5.72805320499832j)
(0.6869075829976217-4.135191284715737j)
(-0.6178572578566351-5.55511246880223j)
(0.18208387151045818-4.522922541151434j)
(1.6629895919029432-4.214453170097736j)
(-4.646704316436449-9.940544971192342j)
(-2.532519051644449-5.218227108469513j)
(3.0716846925781662+0.42643119788816836j)
(-0.22787742856785495-1.5525573171989548j)
(2.6092265731157607+1.3689942687844714j)
(1.3415405809178298+0.05564872473613364j)
(5.449973422194804-0.9576763668826763j)
(-49.91838182888869-3.54269688849796j)
(9.302059509750892-4.910196043245843j)
(-3.542336804291599-1.4582980380089443j)
(6.019128678230176-4.555760196895053j)
(2.848021500434194-8.03286310427542j)
(5.693002703390062-8.410367877660995j)
(-3.862260733417045-5.396920206611917j)
(3.89931002603985-6.870486910850183j)
(4.233509748609407-4.31163180122334j)
(-1.9332135100120342-10.07364892792604j)
(0.8309568846763679-5.7227130661617895j)
(1.2623257832319472-5.420665606238201j)
(-0.49044578963227964-5.199580223525314j)
(-0.9399770502907215-8.260095907260636j)
(-2.627585552865153-6.912007516122779j)
(-0.6265023717184869-5.344749406341612j)
(-0.6351493867165663-4.171815935635425j)
(-3.4972331292604495-4.118192918863943j)
(-2.6165049245562093-2.875952144891843j)
(-2.793166115186323-3.556881204570789j)
(-5.654024445241123-2.784578943668848j)
(-2.319876243537763-2.2395362903546965j)
(-2.9130754637220653-1.23202263217558j)
(-3.31832080184333-1.3732526325424017j)
(-4.843537102902408-0.6462272134857655j)
(-3.15306248250637+1.0033449482807335j)
(-4.417922557211722+2.872945327275976j)
(-4.550170937861792+3.2088910685393075j)
(-5.252894707217489+1.5860642331650228j)
(4.401849503169814+8.818104898940438j)
(-6.874920567931319+3.7419773562564713j)
(-16.44928369877583+0.01936573462106378j)
(-8.33212612792069+4.5090592344443365j)
(7.101055665912303+8.066723248301534j)
(-20.19064626497567+6.557232152913765j)
(-2.649781476236821-9.719046603945614j)
(6.193672086940341-8.188934350123644j)
(-6.11806016528116+3.335310516571906j)
(-14.571184531723222+5.237784941694833j)
(-44.321985655136984-32.78793124529822j)
(-12.854610421115133-7.544139804454407j)
(-8.847437877031208-4.441650842564879j)
(-2.6524661398941616-2.4480250293814687j)
(-4.528197419596233-2.745897660056933j)
(-4.116025849622044-6.061987921955987j)
(-4.660775860480273-1.1486547799060438j)
(-0.12701317503288806-1.320948498458536j)
(-4.494309694414923-1.4885678816484598j)
(-1.9245703653342685-1.2659611134312587j)
