(61.523187247248934+0j)
(50.523773042159604-23.44391123187279j)
(32.45775851776948-30.433532228387j)
(19.77618136682391-28.219885273026893j)
(12.338873383474436-23.740566444339915j)
(8.059216001960937-19.23407510200458j)
(5.60838388119557-15.152933266571592j)
(4.303706250272804-11.470717590040644j)
(3.8351731543187397-8.055196192096634j)
(4.129942169254633-4.765654508859728j)
(5.330622937179086-1.493059062310174j)
(7.8780181533434535+1.7469769519044622j)
(3.6529695098847133+5.16464872709696j)
(20.88929101819845+4.318273630388626j)
(29.83012633454722-4.173035629211191j)
(3.4302447790658714+8.194917751231083j)
(16.41616543520881-25.135018507195298j)
(7.840817458349362-23.50951048324532j)
(3.124364543040505-20.140550284286117j)
(0.5849809905906389-16.960293966120414j)
(-0.8369258142886413-14.263730522617283j)
(-1.6581969472271885-11.991802554560245j)
(-2.129674824378815-10.041511154413286j)
(-2.376631150561238-8.324814472908143j)
(-3.9605161664176056+7.28699761136023j)
(-2.4077803396806035-5.335848988076068j)
(-2.2153595848386396-3.9704816330388315j)
(-1.854028452754742-2.647915753124951j)
(-4.879218765118541+3.4387066989296726j)
(-0.2936688126620357-0.1396457322515734j)
(1.2274739259221332+0.8153194930114412j)
(3.4224547823401705+0.9376284824799556j)
(11.031988615425211+6.6832134821397995j)
(5.583662235635877-3.7985225093289148j)
(3.340879901341701-5.56383660370317j)
(1.0372853566151772-5.410975620364229j)
(-0.473853917922358-4.424330070189447j)
(-1.3517396800406614-3.2677826340568257j)
(-1.8451049558239698-2.1516223779485446j)
(-2.111848872205826-1.117248024389125j)
(-2.2395620798868734-0.15800337898808817j)
(-2.275775897039841+0.7435554004480033j)
(-2.245707705330958+1.605568330547853j)
(-2.1611060385653738+2.4447750084910673j)
(-2.0239526624383655+3.276557264493462j)
(-1.8267598484824101+4.115141289450691j)
(-1.549671409624421+4.972561290667834j)
(-1.153563911280895+5.853405953640682j)
(-0.5693935376666331+6.736864113526924j)
(0.3023455521747564+7.525360706708301j)
(1.5046892068813618+7.945804767596859j)
(2.698506885910831+7.601831710152672j)
(3.0847844475741177+6.682968560049588j)
(2.5653862392834914+6.139978199474804j)
(1.849844906729034+6.316739136292146j)
(1.335509733811132+6.934836356745572j)
(1.0564688607322883+7.744629219088538j)
(0.9560463368053399+8.635086717333737j)
(0.9836135691647584+9.56954896510745j)
(1.1073469077358398+10.541919728969006j)
(1.2090201063162096+12.23405781045624j)
(1.584468763121414+12.62992976685039j)
(1.9300505078643388+13.771415409999937j)
(2.3507433784402227+15.000157061361277j)
(5.410711810158631+17.303772046342292j)
(3.430333811519898+17.834661548595843j)
(5.943937933177004+23.21204796711756j)
(6.411273238560046+25.145758069901273j)
(-3.799442338752554+41.19472802546024j)
(10.780578426296405+24.02851569972375j)
(14.352085022472481+29.457051578055033j)
(15.425818051032275+40.2925996960513j)
(-3.2665995585870458+45.2334293748543j)
(31.03516171833542+57.78881100014133j)
(49.401388699626764+41.07234280488381j)
(111.4513263226484+37.36008938367792j)
(70.28926781074021+14.316138011605235j)
(-7.253746219578119-16.877211887019666j)
(9.189215413774338-47.671119278148886j)
(48.60274118490187-33.93363838253821j)
(49.16709972011188+24.91328469435401j)
(37.07170052917932-42.046558771044516j)
(30.10718716866488+10.074459415326599j)
(67.57593571654884-1.1325888797348624j)
(47.64008504615046+41.6347474919201j)
(53.9271115104576-46.33627240107359j)
(40.200851807949974-44.74807158070963j)
(30.931317881065215-47.58302733353379j)
(22.04784961869793-41.02153970979643j)
(12.976878239928048-30.086588647930885j)
(3.127487965529044-27.67604797318939j)
(3.1553674608590043-21.879492293426523j)
(7.027656678845139-26.118220666204103j)
(5.948235166109221-18.96047766780451j)
(-1.8045288156043748-18.48307921421074j)
(5.35745839842426-15.917327278342569j)
(9.89430216980464-16.903269041594402j)
(4.917900148701722-21.39262129340643j)
(13.935660284892196-10.890760318326468j)
(9.748217459311336-23.9957996535581j)
(-7.126198195788493-21.73248177099238j)
(-18.757853901061907-79.313427812597j)
(7.052645321892073-14.80346282958709j)
(7.117750545979125-13.062964053778938j)
(4.510311907535444-11.787228706004832j)
(2.7084930846670408-12.973481988627341j)
(0.596025845480819-5.245889237755189j)
(5.464715655427665-12.626844157616917j)
(4.474758474031858-13.247551741088122j)
(4.220564123008203-10.905523198131219j)
(30.367882665299845-40.914105833036835j)
(5.300893131192251-6.478852783802256j)
(5.43945599853815-11.174660114759314j)
(4.2040202870642736-7.465039569065806j)
(2.772372717511881-7.714644118071716j)
(2.9014774387214146-7.344880759078158j)
(3.0879415475786227-7.0302167206207775j)
(3.3284956033217887-6.800547843585753j)
(3.596705400105858-6.696878039009102j)
(3.8237971072427994-6.749194601879287j)
(3.909020722882568-6.926091467552014j)
(3.795790058343314-7.110910651097021j)
(3.5386257927832947-7.180786205104295j)
(3.249319321390197-7.101282434122694j)
(3.0058613057226706-6.912889599883947j)
(2.8331869571417885-6.67007429972741j)
(2.7271089088614886-6.411644278026956j)
(2.674938576142532-6.159484435215161j)
(2.6642706101549156-5.924822057223088j)
(2.685161669251757-5.713459886719024j)
(2.7299024577655375-5.5288647701495375j)
(2.7921493986566612-5.373771306239874j)
(2.8659477094775-5.250919565918418j)
(2.944731069820888-5.163232555354223j)
(3.020283834267559-5.1134676257335805j)
(3.0817449642551535-5.103158460958366j)
(3.1150419196338066-5.130534879005289j)
(3.103726031292619-5.187291380790322j)
(3.0327885322257435-5.255081876237788j)
(2.896465090105211-5.3047718684721845j)
(2.7073358025676804-5.303075679594262j)
(2.498448576289459-5.227379198583901j)
(2.3115500786667535-5.079374777138462j)
(2.17779442180983-4.88456081748602j)
(2.106502930580384-4.677788094216698j)
(2.088092246492089-4.48807543495856j)
(2.1038874606854545-4.332055132193829j)
(2.1343742207450114-4.2149861057903975j)
(2.8127461397010696-1.8650561968212231j)
(2.178683046643649-4.083958011120696j)
(2.172709218849291-4.054781650084364j)
(2.1409807058462027-4.0376837189713894j)
(2.0820235762920825-4.023468274782727j)
(1.9968184020893849-4.003503908389883j)
(1.8884373058386523-3.9700738176268167j)
(0.5282432913239461-4.219222107134742j)
(1.6231169005892794-3.838212370605964j)
(1.4802567040535675-3.7314055497780956j)
(1.341935797780233-3.595012729211939j)
(1.2177228399701856-3.430411755672966j)
(1.1174215383402648-3.2423181066405604j)
(1.049913391850674-3.0396461760763156j)
(1.020999029916508-2.8360588236311592j)
(1.0301431057535655-2.6491843199550575j)
(1.0671280815875033-2.4971153606785346j)
(1.111315091402759-2.3918063258338362j)
(1.1365035384030195-2.3320993770655933j)
(1.120732055857475-2.3018433944858483j)
(1.0549649159901282-2.2760145555535822j)
(0.944594286307629-2.230813714869426j)
(0.8041247354841211-2.150772045912241j)
(0.6502357584000121-2.030012020474606j)
(0.497247218618901-1.8696985383550633j)
(-0.550102026445948-3.9127486649693783j)
(0.23220375454874556-1.4514010740143835j)
(0.1313576138824772-1.2060044531274157j)
(0.05572272208191475-0.9445660232082048j)
(0.006941266162957732-0.6728825234439314j)
(-0.014094674215169214-0.396922421477025j)
(-0.007430494428311174-0.12332798432724285j)
(0.02517618043894304+0.14018280570413666j)
(0.07876136837727424+0.3849699292091737j)
(0.14315590840760306+0.6030535917582319j)
(0.20181744498485052+0.7911469021584915j)
(0.23450289824529488+0.9566745685082353j)
(0.22622869217087124+1.1211998319085j)
(0.17834647034729212+1.3143593218299996j)
(0.11070274295687685+1.5593514588376909j)
(0.05101799098842908+1.862573477775551j)
(0.02199991055950318+2.2156977057873406j)
(0.03628554366981328+2.604427511250512j)
(0.09848740141688124+3.0152604986018328j)
(0.2091366497702105+3.437847895394741j)
(0.36753805954288926+3.8646357329803007j)
(0.5730976964592324+4.289654941001058j)
(0.8255867336298038+4.70739024495229j)
(1.1667936733326918+5.050308429023853j)
(1.4700764503012769+5.497152388734098j)
(1.8594899598026144+5.855839301499807j)
(2.289605883158584+6.181123820652453j)
(2.7552335728804898+6.46664597695386j)
(3.0534690116364804+6.3895791711871635j)
(3.765027802660144+6.89983149010599j)
(4.293126874315972+7.042933269711045j)
(4.825832729872418+7.137473558905349j)
(5.355780837582469+7.186312787017245j)
(6.070035483535664+7.119283214207452j)
(6.385104192668096+7.167071490740813j)
(6.878765447358323+7.112232579402582j)
(7.359452460168429+7.036662298624044j)
(7.832077051522253+6.94599431922695j)
(8.304455278148252+6.842721405679244j)
(7.929152565727137+6.469412932669914j)
(9.284560565086325+6.583456992447589j)
(9.804783828321922+6.40617746521618j)
(10.344020305447177+6.176337285870302j)
(10.891680259515013+5.87798216925065j)
(11.42974383510475+5.499463640062365j)
(11.935284077241858+5.03651895974496j)
(12.384070083874995+4.493711492018105j)
(12.754210767159387+3.884063434712762j)
(13.029017945707572+3.22729237430193j)
(13.19871403257694+2.5473195087652973j)
(13.261014595859644+1.8696622350153138j)
(13.220843683637248+1.219110147460641j)
(13.494668148004964+4.027909314326895j)
(25.462001715429526+8.271333139375349j)
(11.155401888232754-3.420181680461751j)
(-2.273251411421239+2.5342760719102695j)
(10.086644017055942-0.5935704401382917j)
(13.781940594645096-3.7852981452318266j)
(14.96486044907904-6.283746823489603j)
(10.747887637964496-1.9819468489846217j)
(14.823279890726475+24.791552125562454j)
(10.325076543371488-2.2123358118987486j)
(9.04684541180381-3.566561035703988j)
(5.8068509469853735-1.552106908210068j)
(14.598806089965588-2.316767121394828j)
(26.872181298417573+19.464639913404742j)
(0.5005572074192415+18.739603214775517j)
(2.136258210258663+1.7284670014129835j)
(15.647244567163217-6.241472527916043j)
(11.36427973849424-4.213547282432196j)
(18.54601787393712+30.59869596140901j)
(9.206008869689848-7.886177690777174j)
(-22.649911974771953-41.70429500255125j)
(9.450491922711933-0.8088205247621668j)
(11.822988613881572-11.211814005610767j)
(67.1610394620025-32.97453598685684j)
(-119.22500672886521+54.13659095911342j)
(-17.669544872394166-49.64414828702294j)
(15.12510885955801-2.022867217081174j)
(23.654949703996266-7.561147996790477j)
(10.553922483711071-6.490289687818452j)
(-9.150813926038738+21.752464407092777j)
(15.506161884491908+12.940017293133385j)
(46.33802675036951+34.33687110374501j)
(-506.2413826329112+206.96821460972976j)
(16.965337038625318-2.176495233447983j)
(40.33812356867444+86.30372960973004j)
(-50.23738847044158+5.030605245573285j)
(13.891541129359085-6.400637811305255j)
(5.605807777192549-7.213964888890232j)
(9.975243967718447-5.129128101617082j)
(14.339615023313973+3.0841112191194933j)
(4.478627061030909-14.831264601049941j)
(11.023785069219928-8.533004392208936j)
(50.66804946137457+8.821009590384472j)
(45.73435043311329+19.206098634176122j)
(20.5468285195573-14.490506302402625j)
(33.63332744138676-84.14318673564112j)
(10.76072349064729-4.44022654018878j)
(19.073204303346923-1.86033031412287j)
(6.220301515973024-6.705528789930717j)
(-4.97592878639598-13.640241782017787j)
(13.198056650584938-3.789133458661163j)
(6.911462654838933-11.986799887960045j)
(5.022440302115007-12.03329696985099j)
(24.90311181124557-17.762759246778494j)
(-14.461530054865927-19.28378079426117j)
(5.676619331348182-14.537357205010947j)
(7.538158398943938-6.095421677486122j)
(-28.4916503315515+11.38400753007439j)
(8.269398170701896-7.0832285214634325j)
(6.948256273226302-4.551531699123545j)
(9.134102714989188-4.304901000476309j)
(5.197825712996204-9.543898916366611j)
(7.324188871052343-11.970627065490701j)
(4.963279127904702-8.257372141338255j)
(3.154211629323139-6.287867492955652j)
(7.136028885732099-7.442691991348612j)
(4.061210400871009-10.98712501178908j)
(6.4399467436443585-9.394614614160295j)
(3.2917095190546415-8.29570565250426j)
(7.102532795347616-11.746049654586814j)
(5.267398454018321-6.440098753455867j)
(15.826029440421678-8.34651456507876j)
(7.0848668876743535-18.727784349548j)
(1.0103059012507896-10.237490960392977j)
(14.003622630056082-13.595298803426711j)
(19.833878395943206-13.316238676047282j)
(1.0789024025602163-6.733835145551199j)
(2.0112742011444844-7.3306642427949384j)
(3.714114119327139-5.918820989953498j)
(6.560869261220449-5.704652596999039j)
(3.6158171938836636-6.761784533134677j)
(1.0684849921550905-7.667730783270671j)
(0.09100307737945224-7.35875658329605j)
(-0.062257322440594794-6.938860481191359j)
(-0.16345331402768418-6.568857521722156j)
(-0.24050524523081657-6.247084330020037j)
(-0.31152890749399553-5.9624634584901175j)
(-0.3848671935306553-5.702027798854255j)
(-0.4622233533465022-5.455093850950437j)
(-0.5419552339749912-5.214484001465407j)
(-0.6213979729803247-4.9761689374786435j)
(-0.6981774172997895-4.738354905095783j)
(-0.7708023153855004-4.500510514091255j)
(-0.8387900963925146-4.262498125773093j)
(-0.9024615732944697-4.023847565473109j)
(-0.9624468948050047-3.783210990258968j)
(-0.7747647535950871-3.8441959706892876j)
(-1.0706943577907089-3.285117212521815j)
(-1.1143578299551569-3.020729055037297j)
(-1.1440417984400013-2.74271358237638j)
(-1.1520647922978455-2.4516921449089963j)
(-1.130567981236231-2.152162599148851j)
(-1.0735899167996257-1.8524242166098879j)
(-0.9787868213877124-1.5633618550825878j)
(-0.8482428773567054-1.2965977375507414j)
(-0.688336947743019-1.0626525859986706j)
(-0.5089824923656227-0.8694872212919017j)
(-0.32255190659571215-0.7214624875270972j)
(-0.1425953481638674-0.6186319001165509j)
(0.017680375577736065-0.556383074071088j)
(0.1471578025277836-0.5256129122197812j)
(0.2385479971497828-0.5136698607806777j)
(0.2896675226934017-0.5061164258609063j)
(0.3037727550556397-0.4890115972512886j)
(0.28874365093316534-0.45110518114254716j)
(1.2729809140967299-1.3778627988961767j)
(0.21520935852976006-0.28911455439339484j)
(0.1789544029714471-0.16403683000663655j)
(0.15513903409472457-0.014503203384593655j)
(0.14977859991690295+0.15338730393066058j)
(0.1664467952707618+0.3329013840835278j)
(0.20665133078403952+0.5173760170014042j)
(0.2702793219403207+0.7005986165619987j)
(0.3559730369219287+0.8769468676340677j)
(0.4613671788265766+1.0413954427553633j)
(0.5831709746634668+1.189494866291144j)
(0.7171174909729922+1.3174199955937227j)
(0.8578427201297845+1.4221766166538925j)
(0.9988102149184728+1.5020329865860984j)
(1.1324608003626937+1.5571819818552781j)
(1.2508053283691871+1.59050887139904j)
(1.3466117660745334+1.608145155326287j)
(1.415081165736753+1.6193317740914448j)
(1.455493972440901+1.6352010999776267j)
(1.4720121274123188+1.6665624132994417j)
(1.473024308097172+1.721441140642424j)
(1.4691618097613819+1.8034294756962677j)
(1.4708569216526601+1.9114927218202034j)
(1.4864484148404118+2.0410547889993342j)
(1.5213392603017581+2.185630136897962j)
(1.5780906323547765+2.338286659094746j)
(1.6570210010273143+2.492587573816374j)
(1.7569022309335829+2.6430105765988423j)
(1.8755176800530786+2.7850144210375785j)
(2.0100097520067712+2.91494349410812j)
(2.157041036998524+3.0299135954215854j)
(2.312834879802424+3.127764985903841j)
(2.473174132651894+3.2071220379418413j)
(2.6334382498305797+3.267560793625802j)
(2.7887524956699643+3.30984898030564j)
(2.9343027666240658+3.336184836429767j)
(3.06582697332316+3.3503292337156303j)
(3.1802288628083253+3.3575181621334598j)
(3.276189960631983+3.3640787883669168j)
(3.354614071960638+3.3767545844571885j)
(3.4187588610294073+3.4018458507891496j)
(3.473993273041123+3.4443414605257563j)
(3.52722918831634+3.50721609947578j)
(3.5861521004429457+3.5909975817932853j)
(3.658382121242738+3.6936178004631373j)
(3.7506444349174184+3.810506152936022j)
(3.867967300126242+3.934895430341363j)
(4.01291279664696+4.058370647923406j)
(4.184912060718567+4.17174375040935j)
(4.37990105945878+4.266305521424259j)
(4.590544295701818+4.3353413252325455j)
(4.807261166880148+4.3755462587734755j)
(5.019970193162089+4.387813181447448j)
(5.22007162393036+4.376994413707603j)
(5.401990402396531+4.350663950603663j)
(5.56379162864744+4.317363474867878j)
(4.379512944913247+5.306044528030659j)
(5.837087203679349+4.841620539283776j)
(-8.94091378241846+10.771080263524418j)
(18.322715269525276-10.888536325087781j)
(8.81090507610376+4.808701323394177j)
(2.1752898924108868+3.5799854076809776j)
(6.3921480181960995+5.534689602193967j)
(5.254335440625922+4.612768451506303j)
(8.649314220593347+9.601900440814028j)
(7.946694100438949+3.005301077607894j)
(6.991592710809249+6.405434764792619j)
(12.520076172504385+7.954964198288045j)
(14.137432700549736+15.289300983752016j)
(9.616294454486523+6.170928158804449j)
(10.953517248156698+2.178919057949282j)
(-0.3825716551385576+48.190584507097924j)
(10.335583306000236+3.62891117501493j)
(4.518908864457453+13.869666527209775j)
(7.412550235852193+8.241383305081714j)
(0.8262756156428221+19.963001931289533j)
(6.625105849907108+11.011881904675592j)
(61.84975368461054-2.220583062366595j)
(10.595577862848668+4.257115412938899j)
(15.153847429571636+2.0193151032789327j)
(10.438443013792368+9.892356327287951j)
(13.584120182502888+5.378172882540511j)
(22.16064300912903-12.686256723351685j)
(17.579156379106532+3.2470226902326247j)
(10.14918330146767+56.65992774513628j)
(13.148699572798948+3.504328582023259j)
(13.157208735336786+2.140704970524043j)
(15.815717764668888-8.318558299301934j)
(10.583983552305943+2.2641603651927746j)
(-47.28915121636469-15.931799348635685j)
(13.05588110278288+6.23741355234433j)
(15.341086538943307-0.5627407353870302j)
(27.559291503484832-33.85779613721496j)
(65.66018595910313-5.44670010301201j)
(-0.1884673386493701-19.561289271233257j)
(12.643989463515187-1.7280065659628625j)
(1.4318595842150739-20.94363695420153j)
(15.799546409401355-5.789210229715477j)
(16.808116578586535-5.346579067042888j)
(25.766013529749113-7.996963169140814j)
(13.452608939351647-3.9054663298867767j)
(9.648253782413944-6.446373568797618j)
(18.765665491435563-8.57771065462265j)
(11.567261231532347-9.136154089061867j)
(10.791265475468641-5.987050892639695j)
(10.267292621274107-9.391347661293068j)
(10.348322126766716-6.6455007374546895j)
(8.254685010338576-3.914037743534016j)
(7.038647886010923-7.4275013660435585j)
(8.78373147884552-8.752717225997174j)
(10.05454438527851-8.735401827201063j)
(6.401861157872452-15.395875931705522j)
(8.587443374959228-5.08737947605228j)
(5.003342769702185-6.051033653363122j)
(7.70383451943917-8.195305214973924j)
(8.058190767606265-7.561018721620411j)
(9.220678646952939-11.066143016290074j)
(5.580611222661646-7.254100642196737j)
(7.515616912604301-8.22902223968556j)
(5.707189023204208-8.483137127238589j)
(7.08343024930589-5.633834017135915j)
(5.744348267029273-6.292433469789291j)
(92.6862819501836-98.72692230962222j)
(6.592593084612352-9.411099828937393j)
(6.315720860638301-6.8912524126364865j)
(1.2026248781552156-14.443915525706611j)
(4.414483085809362-7.1986815765736765j)
(5.0605205668567095-9.593135716015007j)
(4.832936142995121-7.244318635391148j)
(7.51337092945477-2.3939417545119905j)
(4.400147793696483-6.296256721988715j)
(13.05132882092411-136.40663559082887j)
(5.793696100029956-11.297142162178366j)
(5.876974774944731-2.9301710625529966j)
(35.74324197264091+16.003039042896678j)
(4.779696816401603-5.898020023487845j)
(4.828916192119825-4.156784380502251j)
(4.963986488432891+1.3241193380523657j)
(4.053440610248651-6.56543604689216j)
(3.464718161760825-7.914658537306686j)
(0.5100401415323069-4.242915585029673j)
(2.903635322855031-5.664747481071064j)
(-4.712366224258971-11.29206640318828j)
(1.3871264356529824-9.520744546255456j)
(1.2102810821664243-3.104667023095071j)
(0.07930720709812045-7.571224912131638j)
(5.3368630838091144-5.423164648260608j)
(3.055433082281818-4.388647664660935j)
(-0.9415541265426534-9.169780577446199j)
(0.8388855599773263-4.997210941466464j)
(1.304698793881039-4.85979517925748j)
(2.1466307430620875-3.468956955887997j)
(0.48565824291245013-6.940858720011247j)
(0.19453803713451828-4.4781675823238505j)
(0.437422944566535-5.589102124183341j)
(0.08259300442501338-4.52760436624549j)
(-0.3061757851416353-4.101135591997492j)
(-0.36262025630525024-4.984573122210761j)
(2.289784199435566-5.054061745982596j)
(-0.47199813244620004-4.289639036620701j)
(-0.3520529113100725-4.179528480224104j)
(-1.7296537041335034-5.197934280116204j)
(-0.18607398663917815-4.301760947934787j)
(-1.8425446416819267-2.6177706929956237j)
(-1.8964955481545926-1.2972259037600402j)
(-1.4017113822666096-2.9975535560138318j)
(-0.8585628327084136-3.154391256074222j)
(-1.9264993331999265-1.380478809412579j)
(-0.46515306705558424-2.132852851179321j)
(-0.39006902001662336-5.657622609213283j)
(-0.28696004034719697-1.323895709390981j)
(-0.4723271592202026-1.7124468940352648j)
(-5.614903621992104+5.99339826330934j)
(-0.3587079287835616-1.1622181421282471j)
(-0.9728981932988378-1.87881866587602j)
(-0.1444194405312918-1.404320122235221j)
(2.6692482945706604-5.118180739605778j)
(-0.0949418550854091-0.6927232835511159j)
(-0.06213489049993147-0.6134849521003053j)
(-0.05188141494881722-0.5367361416626507j)
(-0.06493901574313402-0.452509850323562j)
(-0.09802461321226337-0.35006000140980226j)
(-0.1431631567581876-0.21974934030820484j)
(-0.18811299692366393-0.05542222541798399j)
(-0.21820624481380826+0.1434909311964927j)
(-0.21931741268562366+0.3710982678456857j)
(-0.18097871785486963+0.6159899300113445j)
(-14.344293303470348+5.423469347762337j)
(0.026963214443481383+1.0999385045030685j)
(0.18907968976494252+1.3126756819859153j)
(0.3788470149670952+1.4937932129275846j)
(0.5862400996748549+1.639014568029572j)
(0.80165455367193+1.7473315750010328j)
(1.016670661619347+1.820125741299561j)
(1.2243189718252783+1.8603407729601626j)
(1.4190413400005735+1.871852803901586j)
(1.596516071155641+1.85906428177734j)
(1.7534626335412637+1.8266867808509062j)
(1.8874936852871054+1.7796573245256848j)
(1.9970490487682657+1.7231306817412113j)
(2.081424892014504+1.6624927516743246j)
(2.1408949629320997+1.6033416846301791j)
(2.1769026763279276+1.5513840469603375j)
(2.192279033964079+1.5121980700263324j)
(2.191412482362575+1.4908330188320538j)
(2.9999999450972945+1.8943484338016487j)
(2.166172504331272+1.5156788513789143j)
(2.1821735336062504+1.3861042642780346j)
(1.3424885925698684+1.545374892380722j)
(2.185858940421098+1.7183078702062817j)
(2.2351594545160753+1.8110376890656774j)
(2.311346972936073+1.9025627845495294j)
(2.4132835934902404+1.9836995988962267j)
(2.5369447799329876+2.046172517138617j)
(2.6759909086625555+2.0834502451663734j)
(2.822512718749689+2.0912572877875664j)
(2.9677875425856177+2.067791006683348j)
(3.102958564385948+2.013737427460421j)
(3.2196313740248037+1.9321774543637302j)
(3.3104332805846055+1.8284268709586462j)
(3.3695839933633653+1.7097887944239454j)
(3.3934822546595793+1.5851476985110362j)
(3.381238486419308+1.4643273757397108j)
(3.3350114060478635+1.3571881103869288j)
(3.2599812248467823+1.27254376401897j)
(3.163849322512352+1.2170956422644006j)
(-3.670983506085041+24.333925898731955j)
(-110.71861701090982-6.619853253966543j)
(2.842245154780874+1.2481001113754722j)
(2.7524913589928617+1.3169974666204922j)
(2.681422731325554+1.4064604922655426j)
(2.6317693561372235+1.510027657188682j)
(2.6043387540195346+1.6214765145725383j)
(2.5984566104215685+1.7352646582005393j)
(2.612427611816149+1.8467233446842748j)
(2.6439252295262987+1.95206430478394j)
(2.690266154879575+2.0482731166784585j)
(2.74855853456291+2.1329557834607233j)
(2.8157316265256447+2.204193164044106j)
(2.88846364967277+2.26045016578172j)
(2.9630336160000446+2.300587012400279j)
(3.0351431328807097+2.324025993430493j)
(3.0997973174625284+2.331126326559294j)
(3.151403898685435+2.3237826749441854j)
(3.184318032655172+2.3061428472489394j)
(3.194030183287208+2.28510899425321j)
(3.1789072569285843+2.2700385698848584j)
(3.1418109917699013+2.271116446474396j)
(3.0904336099938514+2.296578277354904j)
(3.035576980056802+2.350056176239335j)
(2.9879841867160675+2.4296615990208434j)
(3.6758172812187127+3.01949981314211j)
(2.941715907155558+2.6412722443253487j)
(2.9468142103984714+2.7583919376135326j)
(2.9685861886864435+2.8753018253817992j)
(3.0039066834343466+2.9886084559669346j)
(3.049590853945734+3.0965563343135902j)
(3.433638305051005+4.688229025270521j)
(3.1614317829142586+3.2946405151696596j)
(3.223633611934967+3.3853446908573623j)
(3.2881981494984633+3.4712853197298905j)
(5.333104726442483+3.1732500302478273j)
(3.4210779982589954+3.631509276424874j)
(3.4882867010146+3.7069585838497248j)
(3.5554789432414284+3.779917673941628j)
(22.487194267357427-14.39660208990629j)
(4.8876650886245585+5.183828540257651j)
(37.46334099880074+17.116565362191977j)
(7.8132350765661505+5.681692549517802j)
(6.13669228103539+9.00378614102701j)
(3.5385802049542887+4.121585853039141j)
(26.37072071386929+16.81961608193161j)
(7.692323605879939+4.501171979855023j)
(4.321469846111557+4.4095813985342165j)
(6.395667654326131+5.2203361500463625j)
(-19.695588986775533+34.27499675864432j)
(3.623252924767621+4.011020157209409j)
(5.180889068463656+2.8740398116920973j)
(36.074527464987796-0.6954844357850879j)
(2.9471751149036667+5.771660929690408j)
(8.938383186300152+11.786728277826008j)
(3.8684341719189215+7.2225910384200365j)
(10.146560738626885+2.681838998527747j)
(8.664696034079556+7.622876788292695j)
(5.444332013733498+6.448906497674002j)
(8.33308371933603+7.4848981556090965j)
(4.966677491393346+7.12613084142359j)
(3.8613310353330004+7.760417482052359j)
(4.90195511598604+7.913290259671415j)
(25.529249438860464+23.931709528279896j)
(5.49951718766686+7.728767394611978j)
(-8.407687059348238+11.927028786627933j)
(6.895465774710785+9.671978596222775j)
(4.517899056583336+3.0632135474904807j)
(7.050345061983401+9.694054598293544j)
(9.412296683635926+7.904546829251483j)
(4.433486410357264+8.919116720749662j)
(9.639828772821026+6.873010725954477j)
(8.992370193052224+11.911715221656397j)
(12.180138646135136+5.184357224234726j)
(5.2396936964565235+8.96273946553535j)
(14.18329647381473+15.372923264138658j)
(13.39504860078536+18.049810162521684j)
(37.895774517335916+13.774579632016337j)
(-80.97086161280822+11.29096827756775j)
(19.781259279985456+21.433821905424892j)
(-7.177849657063633-106.11224375450277j)
(16.44730127377492+16.861913309095264j)
(15.645646498764595+12.254761974801042j)
(56.66754902388696-16.97216709499097j)
(10.462915968380468-3.5035516219236147j)
(74.37109981812314+10.706388459178422j)
(38.187825127012324-20.82119578777855j)
(31.439366819565553-44.03917655293638j)
(11.274609606053522-9.609300310160668j)
(97.60486227769171+16.15536428922962j)
(19.14097206146364-16.413509555261026j)
(56.6846562358295+6.1252848447505945j)
(6.3910031912453515-24.3767592159966j)
(14.166349533017772-14.596185457129852j)
(7.335195324513179-14.072518527459577j)
(10.271258823007926-14.948847058729696j)
(20.10650066628257-90.09468442814212j)
(8.538676081877941-17.173284109586465j)
(5.9714279225909195-25.201879085620664j)
(24.800331916024813+1.7515682060980018j)
(2.933501409451507-11.57536219887672j)
(13.544992809983764-24.446559938752696j)
(2.783621358180319-14.55876391426592j)
(14.892131405542983-24.95333228945858j)
(11.66634799095956-11.634022396835908j)
(1.864594831079282-13.811385176923446j)
(6.397277589860315-8.990199438855095j)
(3.982792534002811-10.224354661563549j)
(36.29093154674562-13.404532746061372j)
(4.199601499006171-10.664034955017108j)
(2.8167273914257693-7.720691514236358j)
(1.404829567761046-8.477550552719487j)
(2.1936764806465847-7.07554579349932j)
(2.7572711574831215-5.847227860169505j)
(4.380669500944746-6.8755668089440345j)
(-2.8230828696182826-20.198623026526516j)
(5.219663188278905-8.920334525309125j)
(3.81376940807129-8.083381599617502j)
(10.850215485175495-2.9558164473071664j)
(3.7175336357856574-8.711591288312366j)
(7.986493033715305-17.253163244773408j)
(4.865826423876427-4.435620750949583j)
(1.1243819891289293-5.492680827611759j)
(2.1708870327654073-6.883944175439444j)
(4.647888726603509-3.360866527087596j)
(-17.63606599394919-8.904152593268794j)
(1.6707469387792753-7.820429243760565j)
(1.3105288503315147-7.196082045426356j)
(2.3487635494384773-5.9757750875890165j)
(10.968353867505213+14.622513108005334j)
(2.142164513873064-6.458382164315509j)
(-4.13351138465158-5.426727859729089j)
(-4.285119573388688-8.269769089330865j)
(3.860458210678707-4.0019536659024j)
(0.9675344440607072-5.237560461782994j)
(4.79803850499171-16.142811258510232j)
(-1.1778361485230435-5.299149676468818j)
(-1.1592649876713155-36.8139801018483j)
(0.13890741096744225-4.328834151282861j)
(2.128456726108108-7.685876939948361j)
(0.9988875158348206-3.030976437380726j)
(-8.692883581397894-6.99540116073581j)
(-4.294206365181774-5.479768510519922j)
(8.901372991822724-1.511412543414222j)
(-0.07770098972937993-3.8477198109124746j)
(0.4258977213303524-4.9620947067867895j)
(1.5173080670738452-4.401446381844077j)
(1.8004835592657562-2.8534424424557274j)
(0.08487503600485459-4.092745129425426j)
(-0.6335174530081014-0.03323940712962433j)
(1.1501562497128466-3.123373668495375j)
(0.1399846317195161-3.1669999344287323j)
(0.33974411695355744-2.6490184016069334j)
(-26.622176654917105+6.277016650396884j)
(-5.24690889165374-7.256718738525861j)
(-6.366018195270778+2.083641452943292j)
(5.107439765905059-9.705103185781544j)
(6.236094835629872+28.984022856831615j)
(-2.057376359309956-6.610887008449146j)
(10.521518454390806+16.450358336156484j)
(-2.4477303654967777-0.5594455454498726j)
(-1.287433128961135-0.4083967544976881j)
(0.9513336536081775-3.0638661798394775j)
(12.810580814686832-1.3193729329636228j)
(-0.11876810381213365-1.5362734358650836j)
(-2.105472525931614-2.019719954929788j)
(0.5060544634409401-2.304316002014364j)
(1.377106332755133-3.2634435481250583j)
(0.5084377765740131-1.4779772467774184j)
(-1.065179363286384+0.26810979073639224j)
(-0.22137155451633572-0.5952460480535099j)
(-0.994030011449277-1.0574798621179204j)
(-0.7740350331987185+0.19891605233265888j)
(-0.26534159565273674-0.1771324984114829j)
(-0.21847637360954353-0.028783101701156617j)
(-0.16781490968101895+0.11446746672061117j)
(-0.11388475675631796+0.25337397421996144j)
(-0.056882456708497474+0.3886510979852663j)
(0.003258310141554859+0.5208946539736936j)
(0.0667930200003416+0.6505355785965214j)
(0.13409676369037205+0.7778200446318919j)
(0.20560407661829092+0.9028082868786368j)
(0.2817599889400476+1.025385421988715j)
(0.36298197599297916+1.145278931060691j)
(0.4496312911448626+1.262078992417895j)
(0.5419916424861422+1.3752592285498604j)
(0.6402530706909149+1.484196576468426j)
(0.7444990162566058+1.588189932841428j)
(0.8546948497443188+1.6864780539643156j)
(-6.578922377394426-2.8726843655858914j)
(1.0921396468286293+1.8627062760411959j)
(1.218628143042791+1.939005328564606j)
(1.3495296482823895+2.0063780935435713j)
(1.4840812569872417+2.064130565364325j)
(1.6213966160297093+2.111696565772631j)
(1.7605190591098985+2.1486695295712774j)
(1.9004928052746646+2.174799609864637j)
(2.040423932005851+2.1899417968015964j)
(2.179492456338333+2.193967919520149j)
(2.316895321190297+2.186686780640584j)
(2.4517415599078967+2.16782141261575j)
(2.5829504184554883+2.137060473264384j)
(2.7091953233557695+2.0941605312309277j)
(2.8289050950137224+2.0390607368057796j)
(2.9403095214291497+1.9719832823007672j)
(3.041512230207393+1.8935116959646214j)
(3.1305818517388913+1.804648717268307j)
(3.205660846779106+1.7068545286313692j)
(3.26509402997018+1.6020597340110132j)
(3.3075750429088977+1.4926410251844813j)
(3.3323003918514544+1.3813445820457924j)
(3.3391097201006783+1.2711453159887827j)
(3.32858134214537+1.1650403691399136j)
(3.3020482835281255+1.065792099114447j)
(3.2615063397374104+0.9756553322084003j)
(3.209403407630864+0.8961393436226752j)
(3.1483251166315855+0.8278597692685827j)
(2.0587009500353677+1.6742626978525272j)
(3.0080050710468615+0.7230877051654658j)
(2.9312636975311515+0.6840424628626561j)
(2.8500068525429945+0.65188503029599j)
(2.7626336470023976+0.6256783264487805j)
(2.6665040727205076+0.6057178351988615j)
(2.5584380660739963+0.5942382184168407j)
(2.4356731396827813+0.5960266950277443j)
(2.2973890995728143+0.6186350488677189j)
(2.146687175448865+0.6716597766387518j)
(1.9923742906428408+0.7645137108345376j)
(1.8492235119507656+0.9026750794116937j)
(1.7353454678006268+1.0837624766810647j)
(1.666832677354632+1.2960061131430531j)
(1.6522879117343958+1.5209111752574263j)
(1.6905757501434826+1.7389467190458154j)
(1.7727928638167676+1.9348422943919938j)
(1.8864793357629406+2.0999390013940267j)
(2.019415440021703+2.2315986308452658j)
(2.1617102294982615+2.331196027530402j)
(2.3063240738799045+2.4020868101311996j)
(2.4487124638465283+2.4481692471639285j)
(2.586176582674197+2.473080854402721j)
(2.7172349628377965+2.479848061667986j)
(2.8411260992189975+2.4707964735437704j)
(2.957448349481927+2.4475870050927j)
(3.065906430308882+2.4113013280001927j)
(3.1661283225840444+2.36254045231999j)
(3.257522094314498+2.3015245445743355j)
(3.3391502124202437+2.2281962327383544j)
(3.4096068174255723+2.142338787277224j)
(-12.55228459906534+26.55556422113827j)
(3.5082856692284277+1.9323432335635142j)
(3.530248415943705+1.808670414803475j)
(3.5283874445845664+1.6741276203387718j)
(3.4975849548480515+1.5316326621922494j)
(3.4324173138708334+1.3862816723536329j)
(3.32803227999308+1.2460057689130777j)
(3.181606009586962+1.121904946709453j)
(2.9942951435061254+1.0277783169606374j)
(2.7731757841681524+0.9783468897063965j)
(2.532164820161551+0.98605799088038j)
(2.2908122689419197+1.0572543627110482j)
(2.0706444369988892+1.1893998931444798j)
(-15.398083681226492+15.97327754163512j)
(1.7612312060478112+1.58461037889661j)
(1.686956137433392+1.8110901268646558j)
(1.6637394928729736+2.0336432015915293j)
(1.6836005920188182+2.2397690519168902j)
(1.7369173503738384+2.4214826044247437j)
(1.8142400653033948+2.5743853568085244j)
(1.9070888681463445+2.69636647506455j)
(2.0079064512695686+2.7864472502522677j)
(2.1093975540119816+2.844072701029576j)
(2.2034823193183612+2.869125026180914j)
(2.280277608292925+2.8630320771720963j)
(2.3281150667663737+2.831214923687862j)
(2.336286835773521+2.7859668530128987j)
(1.4528922478784174+4.934389577281703j)
(2.1254434250336334+2.9569453729972297j)
(3.0786212007804905+4.157138641093712j)
(14.648996015691097-14.656232465679626j)
(2.085077206987857+2.173632991966774j)
(1.30309402227531+2.358289892121637j)
(2.9301030682852365+3.259413458598168j)
(2.4604794729750905+2.6937405259161973j)
(-33.410291601309964+21.625581838423535j)
(2.131551821238232+3.863985608041669j)
(0.7437916539336755+1.6761897735557474j)
(3.1603833817709233+16.770651848109324j)
(5.8259179789357445+5.452744115577077j)
(2.4505015316741297+5.882150063884849j)
(5.1980602161227605-11.825116935269264j)
(1.9643143317943068+4.217381220557505j)
(-2.0609914164148573+7.573990883785376j)
(1.741102463695305+2.9961039057874412j)
(0.48424056885306327+4.436709390025224j)
(0.5460121698176145+4.363993680639953j)
(1.2390746475035466+18.536277904445992j)
(1.5723144305937302+7.325272953933391j)
(-17.77255203984485+2.6219531112723344j)
(2.178027199863118+5.15839762587156j)
(26.88510488373753-5.613649743911543j)
(10.539536430749703+6.398474252867478j)
(-1.859086312918063+6.259818230050535j)
(1.3507733184964894+6.752667340377116j)
(7.221855002239983+7.0307974666171384j)
(1.3564710686511572+5.958744677382871j)
(2.3783364750511824+4.1667128135935325j)
(-0.2573399644985008+6.181147434889646j)
(2.95717431690443+7.306830097163636j)
(6.968276276028988+15.562616010173098j)
(-0.3199345247866466+6.426427859955637j)
(-14.631744252690684+14.280855476351904j)
(6.311931242116774+9.180118817677236j)
(0.7495173506849178+7.805412699415787j)
(0.04541811101887721+13.153426354969918j)
(-2.901948617518863+10.128180836644752j)
(-3.255455808006517+2.8139981593184022j)
(-1.259626944747441+8.937313336224479j)
(3.1418698456264806+4.045192220572541j)
(-7.19544459568794+11.762914770054524j)
(-15.056230504040094+22.09438254828478j)
(-14.51720519444928+8.095899277499417j)
(-67.88138491814875-28.703003218081037j)
(-3.3111738174861123+8.955667840030918j)
(-15.955976098801493+15.764731887323155j)
(-5.973135824705345+13.878121388481867j)
(-22.050568169600908+9.060154907833985j)
(-17.29685549907293+4.004998571027358j)
(-20.15264263775724+15.3144344973673j)
(835.6391798610347-261.53446712074833j)
(-23.51410443817285-10.395080510826967j)
(-41.700991383409395+59.67353188825406j)
(-75.48664914757053-68.60370409504154j)
(50.258763302813406-15.13764566194865j)
(-11.706772662968925+0.8080878263931486j)
(8.853344799440515-9.254443468242401j)
(-24.275889923871436-32.31028850342288j)
(-21.682520601004285-14.564102599261888j)
(22.335399919479485+29.798745385017117j)
(17.498982902580902-22.317197447477604j)
(-4.820862765009696-24.158061488021186j)
(8.091691204491394-24.286691700759295j)
(69.87020370552982-55.27340544563555j)
(-9.897767538048754-36.521723203706266j)
(-16.257652110608042-9.010036866325136j)
(-0.19594058761717736-70.60450308162676j)
(40.295638869607636-4.092916772960459j)
(-11.82905384693066+84.23336225442978j)
(4.646793336952108-14.012974287140732j)
(2.6927977246532206-11.034078867473022j)
(6.475264949623096-4.952058230638052j)
(-56.390818283466984+285.2326941697569j)
(66.03652131330357+270.3216592627614j)
(16.596397523161453-6.914972198267524j)
(4.044931930176045-6.3926773975221005j)
(9.14951292609407-11.25446249622244j)
(19.876074156340756+1.8259315272629189j)
(13.628393685195476-17.686404895480607j)
(19.828193714942277-7.609286192600747j)
(-29.88251223402324-58.18907524854618j)
(4.299278301858481-8.71516550597065j)
(26.049457049153155-10.51540643083236j)
(8.101801261049433-7.346364851744329j)
(8.20541895902149-9.096302213945624j)
(6.510529151560788-8.42143084766791j)
(19.968586797044157-18.700051922004665j)
(10.080056977529603-3.62233159333128j)
(2.0144391147377387-12.229273791071442j)
(37.6324606024063-2.0468005160981244j)
(-1.7351701574257656-6.149265719086643j)
(2.7226748211138037-6.639837140594607j)
(4.855028975605357-3.455783230271508j)
(5.694348513406789-3.0726890190764475j)
(-17.062443825639033+3.470429295666506j)
(6.82202714816581-0.023672521334930915j)
(13.938986198072328-0.5979446901682591j)
(-9.148298587260921+14.020213748319426j)
(-62.23803883662319-70.74185260444048j)
(7.726021128777377-4.519385092484949j)
(-7.4118018071262295+11.017625275322384j)
(9.69119761312302-9.765633536678074j)
(-1.491589334908971-18.566314885909414j)
(3.866623673898478-4.948107358029394j)
(13.195216823922415-3.7026439001680265j)
(6.60297086393449-6.605546372869028j)
(5.707858946721212-9.166776495250655j)
(8.947698316270944-8.080766132842516j)
(3.9251590588678087-7.441772992904785j)
(0.20926224467598759-3.7703644366217555j)
(2.395361177469306-7.09865943394067j)
(6.229554172752015-11.214248633990401j)
(-15.10698357472243-27.076863933526816j)
(8.162242423789547-9.182135732847732j)
(9.74821325370453-15.218429863169101j)
(4.136563163393883-7.5609505089232325j)
(2.5316566462669337-11.208887606826394j)
(3.3488198328283034-8.515236040566728j)
(2.524055951685948-3.452157428412943j)
(-0.375791066223716-6.069127807687078j)
(-4.9346871429288806-8.859795885900274j)
(-3.4996725684756664-0.22105940723883874j)
(0.9804917269694506-2.6082588426168036j)
(0.4976914113232946-8.953187111172541j)
(7.287660947264636-4.901203805055196j)
(-3.60190609760146-7.972700432563322j)
(-6.527500474372773-10.808518501497586j)
(-5.947007426520755-8.68076832951104j)
(-6.871322547940138-0.9175037413693207j)
(-10.580998671930931-10.343466645281834j)
(-16.333097994757217-20.11761741587364j)
(-9.467164685607996-44.28993484663765j)
(0.5768746573540269-9.08869885136967j)
(6.7546891301500755-14.921429805364802j)
(4.524411202773302-9.349331923820902j)
(13.375647327854994-13.024653039003681j)
(-2.0996417150215794-32.63462083890291j)
(4.054488523083639-10.93334373001982j)
(4.0617640937182005-9.941140624085183j)
(0.8360544104228088-9.625331538316608j)
(4.161553232740645-9.697185152645838j)
(1.8421744471403387-9.045248462593069j)
(-0.5392833307953495-9.111805345368877j)
(-0.055807400274655666-9.220094980486298j)
(-0.6516464181450909-8.381118994408371j)
(0.3412482836324491-8.167092554448372j)
(-5.259726502064843-5.897767783018019j)
(-2.360705016227483-7.20653423023441j)
(-2.572600244425996-5.710590596269477j)
(0.7798729139603126-7.7450258525540105j)
(-2.558381543418358-4.427494468237974j)
(-5.8363720181484355-4.460611424579701j)
(-2.070897329412791-4.539788391373345j)
(-0.3106547842867924-6.123289336174089j)
(-4.480677489374721-3.8708790307459604j)
(-6.691822127241508-1.3066034947552545j)
(-4.743773475729438-2.8197766328436464j)
(-2.9249213174545075-2.7879819232355962j)
(-7.533342330552353-0.4846551952009988j)
(-8.599341356616621+1.6897788660986306j)
(-7.951642420847911+1.123161986301741j)
(-7.734384716955425-0.4400039706302834j)
(-9.824133268420663+3.2554294617641015j)
(-9.093739461329326+1.8187473727285206j)
(-8.059016962487384-1.94854814787243j)
(-10.630791621440228+6.320960563988723j)
(-7.793631719467236+1.2807254599613769j)
(-10.808778036065167-0.8870867489939989j)
(-11.203899293406804-0.5349093091764091j)
(-5.588423562062092+6.665152634973804j)
(-3.8267394621726103+2.567476408369593j)
(-8.255430845411064+2.7166231909688667j)
(-9.610110467880551+3.8049008473374095j)
(-5.680779708175679+0.4549108579709567j)
(-6.670942930719133-1.1121742431807595j)
(-5.519525757675331+3.9099831802809657j)
(-5.100104990458391+1.6530876216122905j)
(-2.698698179194653-0.341514426989259j)
(-4.17615426742384-0.27990275927892194j)
(-0.5065607196968779+0.4501073510074876j)
(-4.825855079627729-4.032403136135034j)
