(0.5172756854806115+0j)
(19.691118171227465-2.8224788318392884j)
(18.191543315805024-5.0245438945258645j)
(16.24560813713497-6.423803354065424j)
(14.213984461624571-7.029602306118136j)
(12.363904517156707-6.960154161183316j)
(10.864858608184825-6.37757583117839j)
(9.815852905624142-5.443055257023833j)
(9.281937199047915-4.305375961326174j)
(9.321287741868854-3.1174994818475086j)
(9.98975523922253-2.075230457311543j)
(11.300418178669496-1.469391228965866j)
(13.100626593744213-1.70887731528779j)
(14.877276370889627-3.1838567976299648j)
(15.744420990958707-5.841799297603581j)
(15.015759246093642-8.850190434376241j)
(12.899630264795668-11.115363451250792j)
(10.234923076831922-12.157167468174915j)
(7.7205269708759205-12.165075549613354j)
(5.648598910034957-11.533599260451258j)
(4.048451843818551-10.577824761858972j)
(2.853058344284918-9.487246182749661j)
(1.9820018752445134-8.36148582291801j)
(1.369235893540129-7.248888019616905j)
(0.9682610610123046-6.1719956846866975j)
(0.7504210967306859-5.142736906474836j)
(0.7017463187566708-4.172281203222566j)
(0.8190603135216354-3.2793074629745482j)
(1.1032358330136842-2.4988579029091342j)
(1.544627274167556-1.890902093797928j)
(2.0945790107492495-1.5396045570453918j)
(2.6286439431252977-1.520318953706878j)
(2.9471172559793475-1.8168984235280576j)
(2.8795585744997565-2.251636018938151j)
(2.43140192771247-2.5620287315555714j)
(1.7771006996139185-2.5824932138763916j)
(1.1087236274927963-2.3099227049351394j)
(0.5371267749294223-1.827125713906171j)
(0.09634817732776456-1.2212383892738545j)
(-0.21891470161552742-0.5533470430955887j)
(-0.42628841088839226+0.1410070104629015j)
(-0.5432966689954025+0.8434865919576755j)
(-0.5831323895827056+1.545621261184061j)
(-0.553758186338911+2.2438301746077927j)
(-0.4580456264316091+2.936045107656656j)
(-0.29421316499884076+3.6189144669206414j)
(-0.05675535269314035+4.284706537786415j)
(0.26101332237096525+4.917391457997958j)
(0.6604964107779717+5.488661605419422j)
(33.91821202142926-8.490756674324436j)
(1.6031707956685632+6.288838580891319j)
(4.209651620385899+5.5396960911369355j)
(2.2667351672222806+6.601525791657767j)
(4.227454782903101+4.983244525706787j)
(2.353211151839074+7.0418182520553945j)
(2.3215308242075103+7.467089606440373j)
(2.3242302507582266+8.01900651772725j)
(2.390630855413619+8.669486420459119j)
(2.5319756382195155+9.395938285018666j)
(2.75196299638853+10.1847671056825j)
(3.0530532227049596+11.030016240104855j)
(3.439608826033442+11.931240422021789j)
(3.91953527064035+12.891915133475495j)
(4.505623127930737+13.91854920592274j)
(5.21753623896411+15.020209791679727j)
(6.085299262094891+16.207520668047568j)
(13.12682643869301+30.91261170718044j)
(6.473254083043576+19.056944515392743j)
(9.09652396933327+20.812828119258363j)
(12.069160856080021+24.60509898417666j)
(47.59801175322227+39.79901354704108j)
(22.355810629679826+41.0804580151191j)
(29.2781915154167+22.467811763232127j)
(71.12896432632361+57.73713382551367j)
(32.55548307406542+33.48545099300339j)
(83.05418579839026+24.46042083519608j)
(76.6052847348017-14.337178133307592j)
(56.637971823573636+6.796354415582243j)
(-161.17725637666598+101.7520624324982j)
(37.029001620198216-1.0083005755263383j)
(44.149000915843594+11.825030728022924j)
(202.94491914564628-193.28030156653847j)
(40.12588916171038-17.80781596437086j)
(101.24340440837308+19.691370823402455j)
(26.93509191260388-12.055370209182998j)
(38.19888574055122-24.493821615228313j)
(26.66734962902154-9.97606965590989j)
(34.552525383682095-20.395705603507725j)
(17.793572743641803-23.20325434586858j)
(17.339254829655623-25.31903384010018j)
(13.533479967992948-20.537006059700154j)
(12.44604336053763-15.054077760968264j)
(16.19871000489772-16.93982361748493j)
(10.52803346863245-17.37272758766027j)
(9.55129215567002-17.4176381504597j)
(5.9099480145502-14.47898958512694j)
(0.9942634053424604-31.054481010754113j)
(7.507702825063799-12.983306152750623j)
(8.852099815842719-13.028872776093529j)
(6.31015988595221-12.076174226330794j)
(10.581808739862824-12.459705810420466j)
(7.019496375287465-12.779967478477921j)
(9.63532718582334-9.792710969259328j)
(7.266131051635544-12.540147940157503j)
(8.770857499789049-10.097577757366555j)
(6.786550632766979-12.744273205210758j)
(-0.8521494640076207-15.516608875648268j)
(10.255446709132256-8.626983240080426j)
(4.0174164786265125-13.28186662339862j)
(5.428222396609766-10.022805810723895j)
(4.6881887390984005-13.140326528115784j)
(3.8110931527136245-8.778086586644514j)
(3.733305910175078-8.414482012902848j)
(3.692896547959219-8.07325419386974j)
(3.6871304069427624-7.759928224094064j)
(3.712209613376577-7.481271208069535j)
(3.7616762110792146-7.245221803989652j)
(3.8244721747002695-7.059511070014872j)
(3.8837463874398317-6.928277972250165j)
(3.9185811895351397-6.84709541840579j)
(3.9103991553121027-6.799485451340133j)
(3.851846672471115-6.759665786938398j)
(3.7512557182173345-6.702271812075572j)
(3.6280846765495594-6.6123368076837234j)
(3.503333343965024-6.488189990808055j)
(3.3924234493483674-6.337401106300144j)
(3.303389536286545-6.17094882740093j)
(3.238441194564366-5.999292762071663j)
(3.1962667973103964-5.830831135631422j)
(3.17377628920907-5.67179679769452j)
(3.167069033668691-5.526681946983047j)
(3.171824892514509-5.39869256973572j)
(3.1833613183944625-5.290030743492176j)
(3.1965471562508663-5.201940846900291j)
(3.205727715808022-5.1345074521524765j)
(3.204818566086391-5.086229353169006j)
(3.1877466330111512-5.053469300922134j)
(3.1493959340970283-5.030022651155325j)
(3.0870523114635984-5.007226866182557j)
(3.0019653873106877-4.975086628161898j)
(2.900188792220665-4.924555000967362j)
(2.791778944801086-4.850319280318603j)
(2.688173482510182-4.7527076373663055j)
(2.5988117114510105-4.637525540784702j)
(2.5286700831978006-4.513872113367084j)
(2.4777091549215418-4.391194625648451j)
(2.441975701363746-4.276967338035881j)
(2.4153989586269557-4.175609562488849j)
(2.391439938242723-4.088470073217996j)
(2.3642248065069635-4.014395011960392j)
(2.3291627342525034-3.950470084438403j)
(2.2831957009207233-3.892716959483902j)
(2.2248297424688626-3.836670863376733j)
(2.1540496731195153-3.7778406267975977j)
(1.4931390110584024-3.7515912245255647j)
(1.9816702331834322-3.635875565838945j)
(1.8859516555720512-3.5466399755248377j)
(1.7891233035238179-3.442916386163608j)
(1.6956805714625884-3.3246110294564133j)
(1.6101109216387843-3.193175105720641j)
(1.5363637092772637-3.051709945939312j)
(1.4771690957594268-2.9048917140604686j)
(1.4332621480319632-2.758564989316851j)
(1.4027077412011115-2.61886082627941j)
(1.380678683823352-2.4908362972996727j)
(1.3600685857911128-2.37693724449983j)
(1.3330510625929972-2.275908306922007j)
(1.2931562175653761-2.1827940834532145j)
(1.2370021060260836-2.090195879154272j)
(1.1649330763254708-1.9902462723252612j)
(1.0804469273957875-1.8764164071248943j)
(0.9889090204895306-1.7445293072750174j)
(0.8962161966716279-1.5929002824581728j)
(0.8078330298176106-1.4219113682229088j)
(0.7282914466395957-1.2333970271914514j)
(0.6610389759759783-1.0300947162024454j)
(0.6084651258809824-0.8152595401355217j)
(0.5719628199351707-0.5924350820410598j)
(0.55193238558735-0.3653154173467161j)
(0.5476866434057147-0.1376027250942095j)
(0.5572746574065838+0.08725511208120466j)
(0.577328298665535+0.3065617745874867j)
(0.6031524004772307+0.5191518427837166j)
(0.6293614494558959+0.7263017926458983j)
(0.651249609999082+0.9323099586522129j)
(0.6666204820809144+1.1440967341114507j)
(0.6771983605856303+1.3695179734873355j)
(0.68865011398456+1.614976150044369j)
(0.7090646896235834+1.8835787234048986j)
(0.7467968144948882+2.174730053543089j)
(0.8088219692906373+2.484998150216171j)
(0.9769970687949023+2.960246260175903j)
(1.0237557975212135+3.142622113634417j)
(1.1815202594147574+3.47925778871076j)
(1.3742140506414875+3.8142783405499068j)
(1.6019889743001245+4.142814190055013j)
(1.864405954633553+4.460088132490514j)
(2.1603842844870074+4.761377583447858j)
(2.488105642333318+5.042078942853182j)
(2.844945248987579+5.297869573667023j)
(3.2274815529143326+5.524931826932899j)
(3.63160722305877+5.720188086004443j)
(4.052735663371496+5.88149688689968j)
(4.486077326987512+6.007774165527755j)
(4.926953449118924+6.09902174240258j)
(5.371118632245195+6.156257663185526j)
(5.81506921497191+6.181345524534846j)
(6.256312288976049+6.176716059962264j)
(6.693556754566274+6.144973949126j)
(7.126767751371333+6.088397197162383j)
(6.740416728932445+6.752147702822912j)
(7.986036377092388+5.90485566290498j)
(8.415559351060365+5.776016851311026j)
(8.846367901473128+5.618205091361932j)
(9.277381577906999+5.426376212372853j)
(9.704938036816262+5.194975848420179j)
(10.122530908188915+4.919144660704261j)
(10.521131513205292+4.595986121907005j)
(10.890064877668912+4.225600178057941j)
(11.218259171816193+3.811650046461402j)
(11.495606060006235+3.3613630224743782j)
(11.714178072478866+2.8850089980366316j)
(11.869125235234911+2.3950003110839306j)
(11.959172957461801+1.9047930203132204j)
(11.986728348520508+1.4277528119865808j)
(11.957653892073486+0.9761032740717864j)
(11.253793412761986+2.770513955836453j)
(-3.077127737727133+1.7845284201370153j)
(16.32673756126102+3.966456092186085j)
(13.690129835684917-2.2927155703053717j)
(12.279909976430618+1.6322992667389242j)
(11.130136216645305-7.1303295894300165j)
(10.119432858675244-4.729314240014598j)
(15.134710239056387-1.601718282438609j)
(10.798431817764659-0.04724441528829089j)
(16.796662732535022-2.2515681522045905j)
(13.346433060119454+0.18699832963271787j)
(11.0567911463915-15.154499373925093j)
(10.544392254474763-1.2694185968440301j)
(13.464162752894302+1.6737642569679239j)
(11.005661318804387-1.6354279727505852j)
(10.274024959060718-5.2518117464860525j)
(-27.288356784153628-53.56954300111089j)
(10.370009843968106-2.5344425494035563j)
(10.832714212033025-4.315030707838706j)
(28.96392941909159+4.648888249601486j)
(78.96686622382974-50.01568632600481j)
(6.996364397963961-5.794137544442593j)
(30.814707870946442+4.227088838248134j)
(12.323140098201565-0.7649929438836228j)
(12.971608003267887-10.609974268234538j)
(16.19689653574739-0.6490914868304428j)
(11.453127488555145-4.295261249713053j)
(13.223115877152017-9.08390252162627j)
(-129.12119466137872+40.23189522132085j)
(10.631068243510803-3.742437924521998j)
(12.371725028343171+3.449311403634765j)
(44.36714891145304-12.591547131346681j)
(-106.80225353111689-181.1395803612643j)
(23.486952386749138-11.587972383466738j)
(11.1509635268756-1.5319285617488025j)
(10.296821529310522-5.867121257348654j)
(13.408795534475002-13.784780657030568j)
(1.1703514368380135-12.174789159385801j)
(13.58673325435379-1.6176079113504878j)
(12.167688977146176-10.785116935698243j)
(14.316611877554893-9.039883441783156j)
(9.72576245735789-3.1825978046606904j)
(7.5080314027079424-6.545250370378198j)
(7.154431260968387-9.71740994705245j)
(13.00698954373778-1.466184164725239j)
(14.1096146440834-5.686887918354902j)
(5.984606135895639-7.91846690071614j)
(13.752362763731936-2.451632516629468j)
(5.013610336995133-7.704766071173678j)
(15.432750578101043-0.20394160037441375j)
(6.742539336334643-7.93650320215144j)
(8.620033788810657-5.254988184466079j)
(6.485540953461014+19.84209557329375j)
(9.386905676088004-7.239286189415281j)
(7.634260542445062-5.791334823304668j)
(5.4815332729587904-7.825388454287011j)
(-30.397516894366166+23.350368815774306j)
(-5.382358997250413+1.5705496550120834j)
(13.29278800157904-10.52444033497274j)
(17.134213125697485-24.621143556660794j)
(9.508400630846156-6.0169045426262455j)
(14.836075408868563-10.833791961329064j)
(8.068151635716658-3.8273937307276373j)
(10.27297986173117-9.179807548000339j)
(4.310585635250145-10.697820457980049j)
(6.80546142860525-8.2786627476975j)
(0.9330847175724688-2.3298561871318495j)
(9.322380084489922-11.193652685754962j)
(1.8857387255948734-9.951514561008217j)
(3.750575770553639-5.027431558382153j)
(9.174073009089058-6.450841183185098j)
(6.066400315846715-3.1444799578123646j)
(8.840955788387292-14.478252131795209j)
(4.009066917180983-8.51925226068144j)
(0.6732788021372613-6.1426209480336835j)
(4.617007175095298-7.104936964810702j)
(6.55401858498842-9.86765580876051j)
(3.343574501585678-2.9666544838974795j)
(4.4885007367788985-7.205083096132813j)
(2.45823740059079-3.8671919103606545j)
(-0.7681336029840292-6.606046926679424j)
(0.37297070193470294-6.451766694889516j)
(0.9958312016088487-6.464768007997104j)
(0.5895114632308612-6.280728253141179j)
(0.4492096838276457-6.005345497631618j)
(0.327625648761947-5.744145331523742j)
(0.2187084280598948-5.495154558075023j)
(0.11866702337769762-5.2554690439161j)
(0.025520958092635413-5.0222299022792365j)
(-0.06152303022628352-4.793096405077736j)
(-0.14262218930479587-4.566342603663061j)
(-0.2176744242275584-4.340736430864401j)
(-0.2865034842416097-4.115330928950336j)
(-0.34887413057736877-3.8892608479440867j)
(-0.4043761869533428-3.661613199321463j)
(-0.4522326463018199-3.431424192342997j)
(-0.4911088525368511-3.1978339682479557j)
(-0.5190189316992783-2.9603916285976664j)
(-1.6251627992353543-1.3295205474317713j)
(-1.1530663157417491-3.328184318569483j)
(-0.5109713833084393-2.234355552260518j)
(-0.4701452624050363-1.9970599462349141j)
(-0.4090065227662387-1.7694323734485022j)
(-0.32923954819551204-1.5564773532408502j)
(-0.23430166431246088-1.3626790973817402j)
(-0.12916634332557475-1.1913507079887302j)
(-0.019844452503258864-1.0441215878354642j)
(0.08725316891265111-0.9206216284575452j)
(0.1860441290284058-0.8184059634926071j)
(0.27150974953230034-0.7331536281037571j)
(0.34032750755545754-0.659145728036853j)
(0.3912789655287246-0.5899743265658668j)
(0.4253376190776027-0.5193670189566688j)
(0.44541073749320426-0.4419670731880796j)
(0.45579920899930254-0.3539144180609542j)
(0.46150986257652044-0.2531321606164835j)
(0.4675751535680785-0.13931028751445343j)
(0.47850277861513196-0.013654086834366785j)
(0.4979155313690206+0.12149727917047334j)
(1.5045996686436436-7.014790025060507j)
(0.5713803403958447+0.40767290405491763j)
(0.6273834768593547+0.5517856820181669j)
(0.6959375782755058+0.692075381624454j)
(0.7757748035307034+0.825504782363747j)
(0.8649000811056357+0.9494774150428306j)
(0.9606734354137881+1.0619773918033855j)
(1.059910583407743+1.1617340029992038j)
(1.1590402747400506+1.2484111905676996j)
(1.2543594465417467+1.3227927669063826j)
(1.3424101249796663+1.3869004747818392j)
(1.4204585218944745+1.4439580332439923j)
(1.4869927798832714+1.4981226944869708j)
(1.542098600551294+1.5539643021149174j)
(1.5875639692735113+1.6157713598599739j)
(1.6266333380246865+1.6868571023770718j)
(1.6634574768640435+1.7690640484980777j)
(1.7023998090708254+1.8625962385962282j)
(1.7473966929544684+1.9661818760931948j)
(1.8015152754169803+2.0774594387698624j)
(1.8667534006589286+2.193439540310186j)
(1.94404095716929+2.310922335879311j)
(2.0333627926163573+2.4268099486379073j)
(1.8862126463013587+3.3344858902181036j)
(2.244327250904059+2.643046121404183j)
(2.3626817856744053+2.7391453058866873j)
(2.4867464734436604+2.825277804029758j)
(2.6140237136223243+2.900722983094763j)
(2.7418854670499906+2.965430384489158j)
(2.8677298743593393+3.0200745423260766j)
(2.98917948189442+3.0660777228676093j)
(3.1043132424431046+3.105570992508513j)
(3.2119060754420503+3.1412682204641307j)
(3.311634736771332+3.176242565397389j)
(3.4042035712091367+3.2136179177287723j)
(3.4913523953370373+3.2562115643605702j)
(3.5757296825817946+3.3061801786920566j)
(3.6606400063998503+3.3647232498536406j)
(3.7496959027959957+3.431886983331697j)
(3.8464150033096907+3.506494427511066j)
(3.9538044909437624+3.58621251973076j)
(4.073973403651259+3.6677580006130173j)
(4.207816208247879+3.7472383713678385j)
(4.354819538097738+3.820612317737516j)
(4.5130495492809635+3.88422843529204j)
(4.679364637433202+3.935363700818433j)
(4.84985556141327+3.972650940583177j)
(5.02044806915775+3.996283556609096j)
(5.187540212484169+4.007932705518273j)
(5.348524527483466+4.010395854848119j)
(5.502082455693684+4.007077708167204j)
(5.648217837926307+4.001443858804699j)
(26.926245864023166+8.07375685731694j)
(4.740005036159635+5.447479965446198j)
(7.063303098868263+5.310969122651347j)
(5.09209983592724+6.915796347283235j)
(5.424161642905757+4.611771788305425j)
(6.779531660928463+4.064847947137674j)
(5.750010471901887+4.893582530881122j)
(5.543390524978342+2.283948440098882j)
(6.626381871518946+2.885713946195172j)
(6.688699572519786+5.52859691463174j)
(8.37129650234536+5.884572467322781j)
(7.572060610458573+2.7401865035527004j)
(8.33661041103923+2.8731154263810192j)
(13.190698389238085+14.91413276009916j)
(82.71991508222987-51.68539507915753j)
(14.320149284608036+2.02473166089834j)
(9.57020585268184+2.9313101787906435j)
(7.490307949359989+7.2785524921796485j)
(9.371993498772591+2.923526093988754j)
(12.74425897238799-0.7669124337066918j)
(14.192187787604563+11.329801814708572j)
(10.628586327610655+3.6163265453310998j)
(13.88924301200083+1.9746331256614587j)
(12.928051644045627-16.350902623777742j)
(16.505488383741586+7.500533526041089j)
(12.274912039628466+2.0448514615118314j)
(15.175018509605481+0.1010227939286696j)
(22.92734365922523-48.18178103873502j)
(25.227749165669493-10.66167346144797j)
(7.5986562262832305-7.622711298075952j)
(10.30160315259674+0.06078428055198705j)
(14.833143192211375-0.3912046326748527j)
(12.279685090843449-1.0459683003184868j)
(17.01152194644501+10.289804517293819j)
(-3.140387775713893-32.869924961212625j)
(11.726381211503504-28.044106830858578j)
(13.793899791710178-5.308195857912035j)
(13.863866046979032-2.7537549243507584j)
(14.268651127851236-5.239002972107774j)
(9.687415707225881-1.883644379998127j)
(13.32400242057837-2.9804290153006106j)
(12.841918932979457-2.6395723145662826j)
(3.7534412077375854-2.6225723244033765j)
(11.938430111391662-4.252051542345361j)
(15.039247971722299+6.060763718210947j)
(12.575944561330338+4.935748250542829j)
(-8.244670733065364-3.3275678716845007j)
(8.340229840700626-6.244525445101984j)
(10.892431766648675-5.386221605071435j)
(11.834061308447586-7.7327736652834815j)
(15.166762320600787-5.832752332577273j)
(13.595195501824747+4.896914679754253j)
(9.119265591282353-9.904135862588722j)
(11.301077263775415-7.526097692641544j)
(9.234414340098354+0.8645617410706806j)
(14.494469251579325-9.773794629849567j)
(8.75140652502194-7.025886613356899j)
(8.203275768138933-5.686524850336716j)
(-1.765895993739783-15.755464380621156j)
(6.043815982245717-8.722919292349108j)
(7.05110767044377-7.33589515540581j)
(0.12284955896998463-10.080805721734343j)
(6.662011468387269-9.26938491308089j)
(2.9664535954131566-7.762136047302116j)
(8.058285574515974-10.244708520462352j)
(17.462458862123835-10.543610966523017j)
(5.371700685024655-8.058241424487457j)
(7.444967570807395-5.511474505409814j)
(3.0875057272870756-8.351450445483275j)
(5.939255410798921-4.972113753155889j)
(6.077488007911365-5.503445848483556j)
(4.458990179315453-6.495377132909109j)
(3.1992509093328896-8.775224156576966j)
(6.559010355750523-4.885099864919394j)
(4.9617521854767626-6.744473368442224j)
(2.102981926327497-3.4403914443997885j)
(4.5644156269062695-6.801717408311812j)
(3.0513630191112084-6.7134639382332235j)
(2.5877939754130104-4.696240087679089j)
(2.5805960031339796-7.483592494951271j)
(3.6567344029523277-6.6296074762172585j)
(4.709486874642031-5.212113153472605j)
(4.701166780434857-6.511539091836443j)
(3.126286403704663-5.848884674007052j)
(2.902381051193412-4.595879410026251j)
(24.249050184629056-40.879733698686096j)
(0.6267830122327162-8.151030769207942j)
(2.845672300833712-4.297780381080053j)
(2.014251765393786-5.455323016206613j)
(2.768060848767014-4.726882908246699j)
(2.1300247516495707-8.327967266766011j)
(0.8459918852204104-5.501073087803504j)
(0.46555872379007945-8.03533542740497j)
(1.664563771852401-4.374505677660352j)
(0.8109411277404758-5.92340781156157j)
(-0.07716629476908325-5.046892941992094j)
(1.9212933235037146-7.202680250148689j)
(0.5852661139093465-5.097406803138202j)
(4.4627836715920886-5.429453016927891j)
(0.8967919614173003-4.3504049824731545j)
(1.2935651242342048-2.859225836688965j)
(-1.3383190987436633-3.9824447397366383j)
(-0.910408461719952-4.918453545690327j)
(-0.19251969762222063-4.417216382059431j)
(0.5334429967732712-3.073239047838739j)
(2.564030377588606-3.291361829350505j)
(-0.17488276223461457-4.506422937340453j)
(-0.3633049983903436-3.585033251312985j)
(-0.19219648919906715-3.1907867775557435j)
(-0.40827526662954855-3.466133943099357j)
(-0.6443490051488109-2.615443782772469j)
(1.6593754803430334-4.46225437410273j)
(-0.44629979088843486-1.8428123929450926j)
(0.215476433578079-1.8462077101166767j)
(-0.1493491065191903-1.9170515903479302j)
(-2.138397794165347-3.9694000058475827j)
(-0.006120023185925277-1.2797918249078457j)
(1.5301572461913269-1.734601665277109j)
(-0.12732315083397536-1.882471722680861j)
(1.604428342058515-1.3849206791975877j)
(0.13374484503085338-0.7680784513914762j)
(0.15675843322082042-0.6578685653357j)
(0.1718094380530753-0.5478957513003855j)
(0.17952125875714595-0.43374889157441765j)
(0.18221884914979805-0.31121438657631006j)
(0.18389359061843455-0.17698499866710526j)
(0.1898250180401167-0.02936986434152139j)
(0.2058596824551677+0.1311890002822418j)
(0.23747348082326725+0.30197766986208724j)
(0.28884719556377253+0.47833308470843533j)
(0.3622015790487452+0.6543578102186989j)
(0.4575490102760268+0.8238256046250952j)
(0.5728699782804021+0.9810355659184581j)
(0.7045931300410656+1.1214316955168264j)
(0.8482021249230638+1.241916676826873j)
(0.9988135540774358+1.3408913583070579j)
(1.151632960561471+1.4181079413209439j)
(1.302261270299695+1.4744332220008074j)
(1.4468690247683522+1.511596747255644j)
(1.5822765383109212+1.5319678053348622j)
(1.705980687650025+1.5383777028471841j)
(1.8161617719088874+1.5339845096781373j)
(1.9116928647927496+1.5221661132553033j)
(1.9921624296240084+1.506422058430879j)
(2.057909688874045+1.4902636232287887j)
(2.110061529013807+1.4770743221641216j)
(2.1505501051121345+1.469929897230083j)
(2.1820833954377004+1.4713784024709398j)
(-8.292539058520918-6.663771984587726j)
(2.2322632507191678+1.5061578889181033j)
(2.258759846590925+1.5398554330739442j)
(2.2913095611112713+1.5826382991541104j)
(2.333051002171612+1.6316925684386583j)
(2.386101954336791+1.683282265606319j)
(1.9819355495901856+1.219937534871076j)
(2.5280087610112316+1.7768382766791928j)
(2.6143104299204185+1.8104115531218863j)
(2.707054692517423+1.830598084181506j)
(2.802232839297993+1.8352264512901002j)
(2.8953237704162404+1.8233903336735717j)
(2.9816753035595305+1.7955283941885765j)
(3.056881271251743+1.753404481478206j)
(3.1171398713125855+1.6999970197555485j)
(3.159580388793466+1.6392995005074187j)
(3.1825381355798656+1.5760303757650624j)
(3.1857461990216964+1.5152565501004212j)
(3.1704057068661133+1.461951732704824j)
(3.1391021459592787+1.4205345090992152j)
(3.0955576124279807+1.3944509317418712j)
(3.0442434058458785+1.3858711449123746j)
(2.9899120189209243+1.3955525386210703j)
(2.9371278889624097+1.422886540179474j)
(2.889873365710126+1.4661049676847364j)
(2.8512818407816174+1.5225901618944708j)
(2.8235146304675562+1.5892208723381047j)
(2.8077654243331494+1.6626936869879205j)
(2.804355311773114+1.7397805731962177j)
(2.812875069124892+1.8175072533760042j)
(2.8323364566314266+1.8932572897723905j)
(2.8613054606306183+1.9648196684002321j)
(2.8980031751342246+2.0304036280042843j)
(2.9403719080246176+2.088645420241958j)
(2.9861147396092447+2.1386294346847667j)
(3.032726928046391+2.179941155616836j)
(3.0775477485901+2.21276030547459j)
(3.1178698854307134+2.2379862525822056j)
(3.1511443652162603+2.2573617613167936j)
(6.072237762272536+6.686955055988134j)
(3.1891592798530812+2.289920666252476j)
(3.192822779603885+2.3104230438302844j)
(3.1879005944476386+2.3387816765499156j)
(3.1773841103011944+2.37790529904778j)
(3.165140507244694+2.4292902631202424j)
(3.1650399050787343+2.8138365754355847j)
(3.150828443528622+2.5668728297867527j)
(22.666043346176988+4.695032215239731j)
(3.1671460069105684+2.736552093018254j)
(3.1889979368042902+2.8268176088760564j)
(3.219373431864832+2.9177438332574255j)
(3.257233735178894+3.007807408463054j)
(3.3013898379139017+3.0960270000553067j)
(3.35067167684191+3.1818661645575452j)
(3.4040212569977055+3.2651193627335573j)
(3.4605299600941155+3.3458077668318804j)
(3.519440050665392+3.4240958774422423j)
(3.5801256458081747+3.5002310413806335j)
(3.642063237615995+3.574504151115768j)
(3.7047979551382784+3.6472290793851645j)
(9.838554869343813+11.807421034698498j)
(3.8309820273403745+3.7894004186300476j)
(4.679209961508944+3.954516589414817j)
(5.871276336621657+1.2611814467864828j)
(4.848287678106077+9.315617361156406j)
(6.260433680084963+4.782554520013221j)
(3.250628234908289+3.679487608001784j)
(9.409201263560222+5.981087658239296j)
(4.37245101745408+4.6549480147711675j)
(1.2893488608405876+10.2297567918915j)
(10.63654175219918+1.7933766631504795j)
(11.085441702928449+5.6894593831246745j)
(11.606169892722454+12.254761017713397j)
(-5.192969804758221+10.400779231941213j)
(3.255991237876162+1.8217223990086502j)
(4.91413603175519+5.46217343183558j)
(4.560717686194641+4.1379190357823905j)
(5.126334425352284+4.28758239263041j)
(17.048890537367807+9.63786902951143j)
(3.4153406012260357+5.486501322661423j)
(3.6386147843039676+5.633402010216823j)
(-84.3865508479753-97.24151483227114j)
(6.722670612340254+9.101018980485774j)
(4.921272927230202+12.634767752002585j)
(7.219910190822383+11.051805874706062j)
(8.21559104786563+5.346774064722759j)
(14.578490679792516-3.1529896665486876j)
(7.2899900121439565+6.5419594423114145j)
(4.268806503603594+7.52417940140853j)
(14.996325073092075+21.067959269497738j)
(-1.329108118485821-4.116474812393872j)
(8.455618233822777+7.823465650283982j)
(18.872611120618217+5.754059409673908j)
(-6.204755619323224-18.15277849660771j)
(8.590496315371952+18.044370475352075j)
(16.70927467085483+10.3003754336433j)
(-28.886227033956633+67.06599089640916j)
(18.255911939330076+6.616383691841922j)
(54.37870255902625+24.5522733435536j)
(13.489074082263999+18.326166590548183j)
(18.735478450517686+13.422964171483217j)
(-39.21017793686384-28.049836403144713j)
(23.321077101466763+5.728075431472183j)
(23.882232611268364+4.9335737882348125j)
(29.133640132050083+3.468389103556734j)
(39.03758210224384-0.47577926776620344j)
(30.335207796810625-7.525606763086562j)
(17.53085492763556+10.167980405453923j)
(23.188871603932423-7.199176821835203j)
(38.4837129272187-7.935277354689794j)
(26.061487559560536-13.813741744897008j)
(42.31233607477427-20.529194995855j)
(30.94380985372775+0.9469739776301366j)
(-9.960019792830163-12.731462865886096j)
(27.26107935679542-13.504782645306177j)
(13.267669945861604-3.079119371358419j)
(-81.06137142310074+96.84109061623057j)
(1.669442317476282-7.152755541666581j)
(6.352530841955692-10.171881020059171j)
(7.730037731393683-10.134163921587756j)
(8.343017335089847-11.569234180243502j)
(5.654905647794669-14.997201296367507j)
(17.160667538328813-10.819945076062815j)
(44.93645889774105-4.093124109220933j)
(0.2654785273210001-5.749278570227533j)
(0.7921876322879484-21.42212123615058j)
(5.057668368323619-8.687954465206428j)
(13.700591322989416-13.929290805949135j)
(4.09006025193977-9.913132952909056j)
(6.6482344449539275-7.192283786786685j)
(2.727452864026661-8.325035324050095j)
(5.973430837563767-5.262087246814687j)
(6.935504564321525-13.88994454830564j)
(13.11459284427443-13.710888368191812j)
(1.614608195790144-4.971236923488405j)
(4.024286172708751-7.6834136505106j)
(3.635811237056952-6.508740551622558j)
(7.276129951424917-1.2638888684538845j)
(0.45067872569304357-7.925405893427346j)
(5.182254061746461-5.888118197728357j)
(0.36434683103693777-7.091893837167993j)
(5.465214028917188-5.693744635561317j)
(10.204805714886561-5.262232285772456j)
(-1.9519624502730977-8.724634622114682j)
(5.96729763352466-6.1518566248490645j)
(3.0359680279650183-6.3575301655926975j)
(2.550446906557546-4.963779068538562j)
(11.818975171312715+4.23920105863113j)
(5.045752108847665-10.321024277391759j)
(3.0476294960821417-5.239659338484991j)
(2.406410592395108-5.39716743486248j)
(2.4603168510243343-6.170413716117754j)
(2.8759858710841253-5.678437277233601j)
(2.161028995104395-8.458028622061311j)
(2.272574542715155-4.826553284617958j)
(1.3837563430523672-4.2431801644166285j)
(0.6110556092726283-7.642520792103006j)
(3.7976687593238956-4.69442306049448j)
(-9.9621888196782-19.313438352496984j)
(10.993232642606444-4.643301103008632j)
(-8.092796673697316-25.696536025790852j)
(10.93594617697937-1.918427202578362j)
(1.4168389316032788-4.091603290023709j)
(0.918748822636129-6.555032418362853j)
(0.5862789410305393-10.964885064374055j)
(4.243830832069067-4.220592126105074j)
(3.319534809147098-6.405270249176275j)
(0.7218628027828992-6.283107634048101j)
(-0.08784069544537215-4.281411636458447j)
(-2.901989573440072-1.1935250996398064j)
(4.655846540766388+2.114330927416428j)
(0.9874488916074542-2.7371738794865568j)
(-0.08695569769354397-2.025439736440395j)
(0.8492516833070983-2.278126435166987j)
(7.263868872205872+0.37405311693473187j)
(-0.9085751380630935-8.663735498353898j)
(0.9783207520139298-2.5515329470779737j)
(4.096287747543835+0.6903684191606028j)
(1.770833482944435-0.3868931939823084j)
(-6.927090242840458-11.749202011217756j)
(-0.19142941492854826-0.05719297738539186j)
(0.7178242217844656-2.7354377739305185j)
(-0.761448660614991-3.7770553767070485j)
(0.9219008758519877-2.590359172614843j)
(8.105842392012734-8.274048010096394j)
(0.35129256078611326-2.559540312690547j)
(-1.1809313414569003-3.0564938743764114j)
(1.9740158761207196-3.6951918156255186j)
(0.13781282044339435-1.4617839762370846j)
(0.5428314216042023-2.6923809102067136j)
(-6.741317597376365+13.6545744848754j)
(0.002648632578332484-1.036189155237427j)
(-2.391106598713705-2.443984554240026j)
(-5.9065364258336315-2.5713596655790742j)
(0.2968654219751468-0.6313412588444126j)
(2.0369547752526764-1.1079154940524163j)
(0.5569066488758745-1.5446602044211828j)
(-2.9846884785198453+1.1966263591381745j)
(0.23629929106088474+0.26558699278458753j)
(0.28939594229892457+0.3898057533988473j)
(3.71282545500018+0.7464069215735653j)
(0.4073510931954761+0.6294246790629681j)
(0.47241786284285825+0.7448619784020525j)
(0.5417421936538782+0.8572544270601231j)
(0.6154763489002666+0.9663886047053429j)
(0.6937481779896117+1.0719656291528237j)
(0.7766426834714749+1.1736108522130522j)
(0.8641868816735816+1.2708854433218726j)
(0.9563374367554628+1.3632992831055475j)
(1.0529706453796612+1.4503249889215508j)
(-0.6242810064790693-5.662667691654329j)
(1.2587438751751316+1.6060092627540883j)
(1.367177226574681+1.673571641909223j)
(1.4786799487134343+1.7335910764938323j)
(1.592671668564363+1.785609349067186j)
(1.708500246874923+1.8292345641406167j)
(1.8254601080166406+1.864149456162508j)
(1.9428106580473838+1.8901100295759774j)
(2.0597883834775295+1.9069350582111364j)
(2.175606932067969+1.9144916887074361j)
(2.2894438527621754+1.9126859577410573j)
(2.400418934087084+1.9014666220013268j)
(2.507573550765451+1.880845951638836j)
(2.6098605277375344+1.8509348368306735j)
(2.7061503987456845+1.8119852550401854j)
(2.7952554104175573+1.764432284055359j)
(2.8759695614729166+1.7089292893645478j)
(2.947121791594785+1.646371671236559j)
(3.007639142015032+1.5779054542476143j)
(3.056616102303424+1.5049171027386643j)
(3.0933848333531313+1.429001068092188j)
(3.1175786777100756+1.351902669813861j)
(3.129179109874195+1.275436633413569j)
(3.128535166170351+1.2013860360743291j)
(3.817696364931558+0.44689168350989855j)
(3.0935977727675104+1.0668489952960967j)
(3.0614655073096535+1.0088264595483107j)
(3.0211741806544836+0.9580322858183951j)
(2.9738529174221804+0.9148360115048693j)
(2.920397584387613+0.8793569966432747j)
(2.8613729683889684+0.8516158838220904j)
(2.7969827585332356+0.8317364749502603j)
(2.727134456252782+0.8201738304171645j)
(2.651622121418782+0.817930324577843j)
(2.570439137171254+0.8267028139178666j)
(2.4842077183266293+0.8488828676376935j)
(2.3946620937789573+0.8873199480900358j)
(2.305048223319859+0.9447804696840001j)
(2.220232965398028+1.023125501087516j)
(3.1379566866402904+10.098414446121646j)
(2.089686130942979+1.240113625179462j)
(2.0557235872298696+1.3712772081408007j)
(2.047629993199358+1.5090156495026639j)
(2.0658365555141467+1.645862099485844j)
(2.108189716507893+1.7750502664805479j)
(2.1707255899936997+1.8914178795015362j)
(2.2486460010729896+1.9917274382745802j)
(2.8274115106579987+2.029420048219921j)
(2.4319813631984055+2.1395760568164794j)
(2.951335350096019+1.598820529448235j)
(2.627333352448122+2.219834950771971j)
(2.7230327720469925+2.237389511060512j)
(2.8151328274174845+2.241521093440579j)
(2.902380410788896+2.2332988731776435j)
(2.983708631739841+2.2136216657228633j)
(3.0581111472299494+2.183229717047774j)
(3.124538039836907+2.1427466305936953j)
(3.9199394953797593+2.63790338768042j)
(3.2285598795104837+2.033839402892218j)
(3.2631772456764288+1.9667955098848524j)
(3.2838118081156398+1.8926803127590142j)
(3.2884052935479082+1.8130307794051175j)
(1.3062899852787275+5.598255103527744j)
(42.29824730392314+30.818887887869955j)
(3.185290374177785+1.5672444758801816j)
(3.10708940203587+1.4964875720742727j)
(3.007106565602008+1.440318234506033j)
(2.8880351212613693+1.4048364967759988j)
(2.7548092402264497+1.39560979762909j)
(2.6144797405663853+1.4166575136231265j)
(2.4755469615944783+1.4694956666184393j)
(2.3468159966123814+1.5525736548571438j)
(2.2360609047690114+1.6613500280988585j)
(2.1488989101197373+1.789019939139028j)
(10.49189314967487-4.4781310238244085j)
(2.054076647773723+2.0693432559581817j)
(2.044435462734953+2.207139139506589j)
(2.055610377370063+2.3354869194646612j)
(7.578256362814589+3.4929438361570733j)
(2.121777853554642+2.549144530917008j)
(2.1666586704653135+2.6304550528024278j)
(2.349532335122052+2.879892011047449j)
(2.2540401306863935+2.7408876607978554j)
(2.2863166989688706+2.7733642125281004j)
(2.3050221860906372+2.7955157065059337j)
(2.3074348942765197+2.8129182336120087j)
(2.2932791265260652+2.831923079156469j)
(2.7883560729001915+6.020780917681489j)
(0.5133012451549546+3.3152083972641044j)
(2.453391639533651+3.6421263770580956j)
(4.5731948338835195-0.008789551819585148j)
(2.6687386708069094+2.777421431551442j)
(5.215325643995684+22.518861443042983j)
(2.1542061055504145+2.945641521229331j)
(1.9362717522489326+1.715448527093378j)
(1.270312138538534+4.651467048199906j)
(-1.2370913624555644+7.232399172524266j)
(6.3292301357908585+2.4692052987779434j)
(3.2228542391912876+2.8204918512612838j)
(2.440467422442765+4.89324959078783j)
(-1.1837807191999339+2.316542527827822j)
(-9.045051740522524-6.292668625036916j)
(1.5664007514779261+3.868030662787959j)
(1.2568251397679957+3.9339498807572313j)
(1.1701537236663062+7.218180030944652j)
(1.4455513504455817+8.029647826815072j)
(1.0874868585221684+3.958498184634585j)
(7.560146944002559+2.0540428665425936j)
(2.9929375995552627+3.6277586097552996j)
(11.440760307692964+8.986313418284597j)
(1.0642976196406448+8.108021898204163j)
(0.9204540954026189+6.330771097917712j)
(5.772941917416145+5.728707142525941j)
(3.022089658285687+6.619258741048642j)
(1.7000698873013913+5.706974943165066j)
(-13.600552528946892+15.634886976407007j)
(0.7647384750658752+6.313027424279889j)
(13.498303541083871-2.4430213786939396j)
(1.5173971601806229+8.735293332503506j)
(-10.042515641036577+7.884964290426476j)
(3.1837128515096085+11.314895840099814j)
(1.7825796743111686+6.873179390934304j)
(-1.9681663488482588+6.008396066253685j)
(8.421208996766488+5.877679008583578j)
(0.00843624792400505+4.125130194655261j)
(-20.59334157914719+26.64436708984543j)
(4.019609615911316+19.429511658209787j)
(4.254463100938706+7.803737126845746j)
(5.050690126898153+0.9251582985989352j)
(52.68021166519812+12.73988570029307j)
(-0.3762889522690642-1.2225111728662368j)
(3.081434757777745+16.560797408220434j)
(27.85633487772561+14.383206986291839j)
(-4.949152197428893+14.574943598250071j)
(-9.10211122192+30.850119340208497j)
(-7.469384181388194+12.144236796949777j)
(14.55423486478406+1.2812594599335325j)
(-28.981415926511467-18.715321907885794j)
(-9.916286065195267+26.835288041511284j)
(5.897869401369115+5.038908806867609j)
(-36.133983606491356+89.63649926954525j)
(-61.47025035982809+12.744514307048053j)
(-158.38074601841674-124.06963252181973j)
(-10.960948018115005-23.179895758761106j)
(34.276331564723-5.491961166858282j)
(-32.4326065091158+10.558310942118213j)
(15.869328749926519-32.45553948926912j)
(42.704810489068855+22.202990420618228j)
(8.087748667439133-14.350198124633552j)
(21.602633563965835-32.78019079671934j)
(18.840997775352996+8.669584081615511j)
(27.238981575232717+19.247582236735635j)
(33.24405633583832-19.68641671973392j)
(93.27460751618008-2.545938815240515j)
(-0.6610687258468408-25.34669803560245j)
(23.165165015541774-4.90986528648199j)
(26.64638427936444-9.670884335964576j)
(9.242337481993092-34.6781763257619j)
(9.1775218675911-68.23344571660809j)
(22.238183659340194+2.606196214444727j)
(-12.055074321502731-7.780496573910964j)
(60.531211926831425-24.4748274703098j)
(13.724868946922756-7.46420607912088j)
(14.31434879823793-8.979043485530577j)
(-21.07459616506572-11.063772459061187j)
(-3.739201162167792-16.572374277055832j)
(9.539961017955674-6.62836969150592j)
(7.894242049982559-8.327009996981149j)
(14.208350384138052-10.970255146077552j)
(11.140467312280666-6.314518674070654j)
(5.955362903034229-7.65764336859493j)
(13.251566815025072-2.5772099426261725j)
(7.3745189691934785-8.020427937600681j)
(15.82218743247557-2.5566002659858467j)
(5.8020500431200555-6.362127939437528j)
(10.016767195865071-5.637898480584777j)
(19.1692888586333-19.677113711112288j)
(8.07244538202501-9.382549406673478j)
(7.760556712325679-6.81584522552773j)
(14.983034453451735-0.6029603714139128j)
(20.57988678714138-6.832407822289688j)
(3.9867512852037144-4.994899209268202j)
(514.1409642333939-40.87306302470796j)
(12.214980368355436-9.880187513180806j)
(10.30851418367911+4.4627920155073815j)
(-400.4176158240951-41.96391074555134j)
(8.436256251539026-2.8169553786462136j)
(10.166021016488887+2.474671349650389j)
(8.185361342707376-5.150332108594871j)
(7.016134902339202-5.935760891981143j)
(5.294352598857434-5.706438151060094j)
(7.560726864494629-6.125337722526961j)
(-13.463941350125982+10.269121052742872j)
(7.200576211027535-13.493081745342636j)
(14.102211665921534-5.909403289874613j)
(5.534944869550946-6.728256302200582j)
(-9.540320095658258+4.219315377190738j)
(5.198430996221721-5.962923014278594j)
(3.76361489932612-6.834885296766039j)
(4.749477399033688-6.89837035034313j)
(5.018276016599977-6.64813554547138j)
(1.4325362206248136-6.088205384186982j)
(0.18381036895616198-6.883217237214173j)
(-2.4764508856060834-9.55045526673246j)
(-1.6837131087408292-9.656039074343209j)
(-25.614091039138852-14.858925965910446j)
(0.029407683964870195-5.683807841640062j)
(3.63290241221458-6.7182288315002765j)
(3.7765348804075582-5.589916152826212j)
(2.786671763316447-7.211253169953505j)
(-1.8079766591312167-3.6815381113332224j)
(-3.441377498614573-13.287390367047461j)
(2.1583642523778144+1.144193621389045j)
(-0.029824332715754222-7.706387354629316j)
(0.6054842601066751-5.717814861409059j)
(1.325144197764172+0.8935619550961037j)
(43.92132130151852+6.275239997953971j)
(-7.882977193506992-1.1771875927252007j)
(-2.252526713873157+0.28603215640472235j)
(-13.784836313679007+21.966161947091063j)
(14.14255956571501+55.62191889678626j)
(-34.66095948744984-4.012285708231286j)
(13.914905470127044-19.100800513169826j)
(14.511398641306094-26.432127838821085j)
(-15.349749263684366-5.677929559994703j)
(5.706709093935764-7.239601753410592j)
(5.627005949816837-7.071133217508847j)
(6.280741941418723-15.86826409564641j)
(2.282150368324424-7.573460106013165j)
(3.0027012919701805-5.872894002201885j)
(3.716639188546964-8.765582246250725j)
(-2.731651809996275-8.422344188102283j)
(-1.9262896744025197+0.17086241271181307j)
(0.4502257295941622-6.989182914261029j)
(-0.5747364624323035-6.758861909062529j)
(-1.0414192971369889-5.959592822091125j)
(-3.377162635598492-5.9301381119020595j)
(-1.653686771428699-5.017419286455525j)
(-2.0448090711488014-2.9623039205059927j)
(-3.7791839139993417-4.489117896888949j)
(-1.8254136055549053-10.815645010629826j)
(-2.0903746106605636-2.838305190805127j)
(-0.835933474642278-5.332039132393367j)
(-6.9436366006313595-4.212731611338601j)
(-3.491247258157317-0.05651729823858272j)
(-5.4958596804343935-0.8803907619479081j)
(-5.68799466612454-1.01771092436957j)
(-2.4929820415220383+4.018458264656997j)
(-7.971441186138741-2.088639861531185j)
(-5.779490536107888+0.4885200710282882j)
(-2.224509433101119+1.3245287007466273j)
(-12.424237924219234+1.6052149705424679j)
(-6.300424289935727-6.834470434635428j)
(5.851031070138249+25.5243980180919j)
(-6.1479886610546535+2.4277124181735186j)
(-9.250620977447815+3.7183528237465757j)
(-8.092254636976174+9.501353885620011j)
(-9.637226818382306+1.367854513114794j)
(-8.904250378921672+9.776024144604081j)
(-6.600871310280977+0.23037459743486646j)
(-15.178672375230505-1.2256496666473087j)
(-14.693802795520073+6.261561984846146j)
(-11.354693896519947-1.013948483259077j)
(-8.646887002414955-2.970205107049396j)
(-4.943184512402957-2.064101446831752j)
(-5.380028190095874-0.7200416666811874j)
(-4.535363259289387-0.971367897482293j)
(24.429203926458165-6.703631525861659j)
(-9.561276546017272+8.28949557341494j)
(-3.1547142985410526-1.014120094055981j)
