(1.4938708106878469+0j)
(1.5401862335319454+0.21871343648614117j)
(1.6414299037641198+0.37170904965582613j)
(1.7329292091782682+0.46356312899727076j)
(1.7964444212813968+0.5308103817501642j)
(1.839246714005722+0.5942336287928305j)
(1.8706730840426795+0.6607619955584049j)
(1.896938899069569+0.7315716841872737j)
(1.9215956228432243+0.8060786960645123j)
(1.9465892522320898+0.8833703692607197j)
(1.9729889126595919+0.9626231690702034j)
(2.0013986879146195+1.0431791140992779j)
(2.0321752466690706+1.1245246638469824j)
(2.06553980683529+1.2062522680877372j)
(2.1016352778303284+1.2880273305448513j)
(2.140555615257371+1.3695645339628941j)
(2.1823612691511522+1.4506121334663065j)
(2.2270877060997223+1.5309419119832244j)
(2.2747504600484802+1.6103428437741707j)
(2.32534839821455+1.688617080968238j)
(2.3788660162825206+1.7655773606757343j)
(2.4352751546992857+1.8410452740347776j)
(2.4945363278969106+1.9148500638979133j)
(2.5565997661473703+1.986827758273109j)
(2.621406228674335+2.0568205308959713j)
(2.688887628886006+2.124676229205252j)
(2.7589675049420226+2.190248037352407j)
(2.8315613652400216+2.2533942564853406j)
(2.9065769361380727+2.313978191808677j)
(3.072678961253723+2.037507223824327j)
(3.063466207747587+2.426937464174243j)
(3.1451178045719725+2.4790647691306544j)
(3.2287470920615955+2.528134137565603j)
(3.314224839280793+2.5740354513414783j)
(3.4619434748930518+2.957308111829552j)
(3.490173567388061+2.655924761023031j)
(3.5803513748204843+2.6917251775322995j)
(3.6717917496659846+2.7239833611726962j)
(3.7643321282086646+2.7526247704835156j)
(3.8578041754747434+2.7775835164716627j)
(3.952034233239829+2.798802896179332j)
(4.020264356204539+3.073089936934855j)
(4.14205030439364+2.829845768743588j)
(4.237467384386443+2.839606327781654j)
(4.332905978187828+2.8455025241570753j)
(4.4281749124777+2.8475307206541545j)
(4.523081767368524+2.8456989996904625j)
(4.6174337487380885+2.8400273818410438j)
(4.711038596816996+2.8305479646340985j)
(4.803705521594765+2.817304976026134j)
(4.895246154878917+2.800354738303248j)
(4.985475508303775+2.779765539576244j)
(5.074212926247419+2.7556174115165044j)
(5.161283022489845+2.7280018134869954j)
(5.246516589530712+2.6970212247286316j)
(5.329751469783002+2.662788647737276j)
(5.41083337836066+2.6254270273761353j)
(5.489616667871448+2.5850685915899443j)
(5.565965026497702+2.5418541207843797j)
(5.639752101670719+2.495932153992518j)
(5.710862042801077+2.447458140840381j)
(5.779189957785075+2.396593549036808j)
(5.844642279339455+2.3435049376322517j)
(5.925970800230379+2.7571654963240646j)
(5.966604044750057+2.2313416335250555j)
(6.022984971015806+2.1726169077329422j)
(6.076233348290373+2.1123661726892986j)
(6.126314469399385+2.0507670861180407j)
(6.173205207778192+1.9879967074496587j)
(6.216893755568823+1.9242306210995619j)
(6.257379286995981+1.8596421033342312j)
(6.294671553648317+1.7944013395260632j)
(6.328790418901709+1.728674697585105j)
(6.359765339170925+1.6626240623005257j)
(6.3876347999712095+1.596406234248513j)
(6.412445714911975+1.5301723958536606j)
(6.434252795742282+1.4640676461460032j)
(7.546579637944136-0.9002261014576882j)
(6.469109373952029+1.3327930847534712j)
(6.482301368269046+1.2678798330840557j)
(6.492773183161476+1.2036083365690042j)
(6.500608599493192+1.1400886907801155j)
(6.505895231540463+1.0774235285107443j)
(6.508723896563814+1.0157080040997946j)
(6.509188007100104+0.9550298294948409j)
(6.507382989798062+0.8954693576688382j)
(6.503405733966162+0.8370997088305389j)
(6.731196402491291+0.5517213333062199j)
(6.489326296176584+0.7241902167211357j)
(6.479420705479904+0.6697620920079336j)
(6.46773519609554+0.6167487052062545j)
(6.4543668831009215+0.5651900792907046j)
(6.439411760948174+0.5151204027921455j)
(6.422964399703775+0.46656832906220513j)
(6.4051176766063955+0.4195572840561183j)
(6.38596254185833+0.37410577932271494j)
(6.365587817330798+0.330227727179933j)
(6.344080026676685+0.287932755350589j)
(6.321523255194099+0.24722651862376055j)
(6.297999037677747+0.20811100539407004j)
(6.273586272417232+0.17058483720667272j)
(6.248234957350628+0.13474241029538528j)
(6.222204012125401+0.10043832439955644j)
(6.195520002387741+0.06769430248849652j)
(6.16824500074065+0.03650201984769499j)
(6.140441716223813+0.006848829044301891j)
(6.112171265419021-0.021280433621550427j)
(6.083492602433526-0.04790281407887008j)
(6.054462339840453-0.07303688116563938j)
(6.02513470623312-0.09670246634747567j)
(5.995561564343306-0.11892045151299542j)
(6.0753744223204915+0.055850813119311345j)
(5.935874694969761-0.15910132674117985j)
(5.905853398685111-0.1771096920124948j)
(6.055582528389047-0.31411724047965534j)
(5.84567044259186-0.20907943270355434j)
(5.815589030650004-0.22308857600020557j)
(5.785564780251276-0.2358126894104459j)
(5.755633393305107-0.24727594888029514j)
(5.72582898287832-0.25750251565950355j)
(5.696184172559567-0.26651647940701273j)
(5.666730194438239-0.2743418108184487j)
(5.637496985141092-0.2810023231978187j)
(5.6085132794484425-0.28652164241226824j)
(5.579806701078846-0.2909231846844826j)
(5.551403850289877-0.2942301416935808j)
(5.523330387993064-0.2964654724716193j)
(5.495611116127132-0.2976519015995376j)
(5.46827005407277-0.2978119232234134j)
(5.441330510927667-0.2969678104299363j)
(5.414815153491871-0.2951416295369887j)
(5.388746069840521-0.29235525887365055j)
(5.36314482838549-0.2886304116404994j)
(5.338032532347694-0.28398866245908055j)
(5.313429869580549-0.27845147723536506j)
(5.456170899407559-0.24943897916677624j)
(5.265834384490043-0.2647763182259568j)
(5.2428812435636605-0.2566810407590995j)
(5.220517165267904-0.24777579726692728j)
(5.198761342830343-0.23808204967618113j)
(5.1776327537495845-0.22762138083717032j)
(5.157150176438273-0.21641553828184226j)
(5.137332202130984-0.2044864787732814j)
(5.118197242073891-0.19185641337116607j)
(5.0997635300157595-0.17854785274181204j)
(5.082049120023921-0.16458365244408985j)
(5.065071879652381-0.14998705792295902j)
(5.048849478493163-0.13478174894157785j)
(5.033399372147013-0.11899188318182954j)
(5.018738781655324-0.10264213873861405j)
(5.0048846684424415-0.08575775522987418j)
(4.991853704824932-0.06836457323858593j)
(4.979662240156029-0.05048907179682441j)
(4.968326262683826-0.032158403616021236j)
(4.957861357216393-0.013400427759890402j)
(4.948282658703224+0.005756260548915216j)
(4.939604801859746+0.0252823033051051j)
(4.931841866983265+0.045147556600721346j)
(4.9250073221308215+0.06532107133506289j)
(4.919113961855002+0.08577107808292225j)
(4.914173842721076+0.106464976450901j)
(4.910198215858618+0.12736932924983035j)
(4.774459962318808+0.2121405567859812j)
(4.905180993147269+0.16967146673953185j)
(4.904157229748592+0.19099821448131266j)
(4.904133472890639+0.21239336987853058j)
(4.90511585281272+0.23381941510356954j)
(4.907109245674317+0.2552380791512221j)
(4.9101171952489+0.2766103741352334j)
(4.914141834908151+0.2978966385752075j)
(4.919183810461632+0.3190565878268628j)
(4.925242204449491+0.340049371765247j)
(4.932314462513494+0.36083363978370125j)
(4.940396322497626+0.38136761311905243j)
(4.949481746949943+0.40160916445658723j)
(4.959562859713844+0.42151590470747297j)
(4.97062988730681+0.44104527678549765j)
(4.9826711057892386+0.4601546561424882j)
(4.99567279382262+0.47880145774945476j)
(5.009619192606057+0.49694324913784116j)
(5.024492473361446+0.5145378690399645j)
(5.040272713010457+0.5315435510933911j)
(5.020856906828091+0.6886851161772425j)
(5.074463821393459+0.5636237834525881j)
(5.092824280070547+0.5786179470923222j)
(5.111990895257268+0.5928626716551498j)
(5.131933233983643+0.6063201514552355j)
(5.152618825429131+0.6189537852602666j)
(5.174013207807184+0.6307283145875523j)
(5.196079986552834+0.6416099604077004j)
(5.218780903826105+0.6515665572158802j)
(5.242075919239992+0.6605676834141416j)
(5.265923301613601+0.668584786943874j)
(5.290279731441233+0.675591305113756j)
(5.315100413657283+0.6815627775880605j)
(5.340339200167313+0.6864769515324148j)
(5.365948721508044+0.690313877958153j)
(5.391880526895611+0.6930559983639908j)
(5.488312943571091+0.7328718958485139j)
(5.444512672280963+0.6951979848987917j)
(5.471112064578726+0.6945753143237897j)
(5.4978321696991985+0.6928128575580809j)
(5.524621461022832+0.6899059151017075j)
(5.551428294235934+0.6858524536347584j)
(5.578201078186868+0.6806531066405814j)
(5.604888445436005+0.6743111614496621j)
(5.631439421235739+0.6668325327525965j)
(5.657803589683797+0.6582257227613804j)
(5.683931255814059+0.6485017683285053j)
(5.709773602425274+0.6376741754606695j)
(5.73528284049797+0.6257588417867309j)
(5.7604123521140025+0.6127739676562857j)
(5.785116824870041+0.5987399566538216j)
(5.809352376864637+0.5836793064126611j)
(5.833076671437605+0.567616490701474j)
(5.8562490209488285+0.5505778338321591j)
(5.87883047899862+0.5325913785018482j)
(5.900783920613736+0.5136867482309712j)
(5.922074110047626+0.49389500559506777j)
(5.942667755971798+0.47324850746907976j)
(5.962533553962057+0.4517807585094231j)
(5.981642216310607+0.4295262640916301j)
(6.38542028135917+0.2791458722437799j)
(6.017481158337324+0.3827991873334331j)
(6.03416304095792+0.35839931183898116j)
(6.04999096881809+0.33335782524009067j)
(6.064945758638156+0.3077120930433899j)
(6.07901017315057+0.2814996516445477j)
(6.092168872684208+0.2547580882638393j)
(6.104408358228292+0.22752492835399615j)
(6.1157169068597295+0.19983753112775587j)
(6.12608450046461+0.17173299375410558j)
(6.135502748722139+0.14324806467034887j)
(6.143964807344117+0.11441906635491028j)
(6.151465292579158+0.08528182780199586j)
(6.158000192995475+0.055871626836727195j)
(6.163566779550921+0.026223142308174383j)
(6.168163514944156-0.0036295839009378482j)
(6.171789963216907-0.03365317520473059j)
(6.1744467005444355-0.06381493923283235j)
(6.176135228110291-0.09408287767169202j)
(6.176857887913226-0.1244256874441834j)
(6.176617782298584-0.15481275371769668j)
(6.175418697945148-0.18521413529934388j)
(5.986670032772624+0.05821423941990491j)
(6.170161741755523-0.24594331190540455j)
(6.558966901729593-0.3876580886812762j)
(6.484981484360122-0.5164733049545568j)
(6.484988853800701-0.4620002210310433j)
(6.148367311364929-0.3663245360635003j)
(6.140605538007091-0.39603838411583764j)
(6.131932521583234-0.42554753824511365j)
(6.1223557917582205-0.4548265486407936j)
(6.111883156022595-0.48385023104561853j)
(6.100522699604295-0.512593617234905j)
(6.088282792660039-0.5410319071475415j)
(6.075172104472821-0.5691404234267348j)
(6.061199624312833-0.5968945690952782j)
(6.046374688552032-0.6242697890506685j)
(6.030707013560309-0.6512415360207858j)
(6.023096625861307-0.6488327685047497j)
(5.996884444901036-0.7038762926957661j)
(5.9787512499815065-0.72949001447858j)
(6.143565120072776-0.9918652053019654j)
(5.940099398187338-0.7791864023813437j)
(5.919605951114608-0.8032193456346615j)
(5.898352128252134-0.8266755271726876j)
(5.876352366286482-0.8495299394414897j)
(5.853621935191066-0.8717575543073268j)
(5.830176992647682-0.893333355623253j)
(5.80603463639192-0.914232379069723j)
(5.781212953698467-0.9344297590623238j)
(5.7557310672440805-0.9539007824405171j)
(5.729609176617117-0.9726209485724079j)
(5.702868594781009-0.9905660354362786j)
(5.678853154682755-1.3907548323550605j)
(5.647622354555367-1.0240359105007268j)
(5.619165133960462-1.039514315452505j)
(5.59018612581152-1.0541250395849162j)
(5.5607125382816225-1.0678464150828444j)
(5.742269557776926-0.5561044324500966j)
(5.500396415093359-1.0925383780782436j)
(5.469614204295158-1.1034698306634458j)
(5.30967062064518-1.380944776021804j)
(5.406960797612695-1.1224134986982628j)
(5.375156565163712-1.130393079019054j)
(5.343080305342468-1.1373581765441076j)
(5.31076793405118-1.1432957607087857j)
(4.770435114600748-1.1607539610850834j)
(5.2455827162263295-1.1520436155284393j)
(5.212785658512918-1.1548353797801185j)
(5.179903893375314-1.156562740720031j)
(5.146976774176827-1.1572205898963295j)
(5.114044063322015-1.1568055625347806j)
(5.08114582885676-1.1553160730542587j)
(5.048322338030948-1.1527523422676176j)
(5.015613948634484-1.149116416022835j)
(4.98306099893533-1.1444121751261358j)
(4.950703697057017-1.138645336477207j)
(4.9185820106310585-1.131823445434813j)
(4.886735557548464-1.123955859518456j)
(4.855203498612819-1.1150537236362565j)
(4.824024432866821-1.1051299371106755j)
(4.79323629632473-1.0941991128497723j)
(4.762876264795342-1.082277529082704j)
(4.707772855169821-1.4133656693324876j)
(3.104108965637202-1.245708798602035j)
(4.674723251246867-1.0407547789656968j)
(4.646429072331354-1.025064182718548j)
(4.773179327528517-1.088569105488228j)
(4.303201842140513-0.18362646146479766j)
(4.5652659929928925-0.9727739913034716j)
(6.8334248802968895-0.9359831696481977j)
(4.51454927223512-0.9338283209533448j)
(4.490289158229618-0.9132141456888507j)
(4.466793773856552-0.89187861446426j)
(4.444085740702315-0.8698523048457972j)
(4.42218622297583-0.8471664272278268j)
(4.4011149224104065-0.823852737434914j)
(4.3808900794676555-0.7999434512922374j)
(4.361528480496719-0.7754711616571549j)
(4.343045470464089-0.750468758357336j)
(4.3254549708378685-0.724969351430384j)
(4.30876950218483-0.6990061980085301j)
(4.293000211019165-0.6726126331385922j)
(4.278156900428665-0.6458220047748364j)
(4.264248063996667-0.6186676131290376j)
(4.251280922536257-0.5911826545105845j)
(4.239261463157212-0.5634001697390811j)
(4.228194480194664-0.535352997163622j)
(4.218083617542251-0.5070737302778303j)
(4.208931411949939-0.47859467987703314j)
(4.200739336868253-0.4499478406652275j)
(4.193507846445206-0.42116486218428767j)
(4.187236419309213-0.3922770239069554j)
(4.181923601800645-0.36331521430792546j)
(4.1775670503450355-0.3343099137048953j)
(4.174163572692434-0.30529118064271815j)
(4.171709167779193-0.276288641579334j)
(4.170199063999696-0.24733148362165372j)
(4.169627755706706-0.2184484500524241j)
(4.169989037788528-0.18966783838557447j)
(4.171276038199687-0.16101750068691634j)
(4.173481248348698-0.13252484589886562j)
(4.176596551271401-0.10421684391238462j)
(4.180613247541442-0.07612003113512557j)
(4.185522078890703-0.04826051731278997j)
(4.191313249531544-0.02066399336932057j)
(4.197976445190065+0.006644259958545851j)
(4.205500849874894+0.033639362906188706j)
(4.213875160419769+0.060296827088768386j)
(4.2230875988501415+0.08659254572330032j)
(4.233125922634465+0.11250278384589422j)
(4.243977432889979+0.13800416869347537j)
(4.255628980620508+0.16307368040816217j)
(4.268066971070346+0.18768864321173367j)
(4.281277366283677+0.21182671718679214j)
(4.295245685963495+0.2354658907913321j)
(4.309957006727323+0.25858447422329356j)
(4.820974782708742+0.5638973045417464j)
(4.341546727663535+0.3031746870499963j)
(4.358393038512545+0.3246044998121708j)
(4.375918160709993+0.3454300834188034j)
(4.394104895256276+0.36563129404635053j)
(4.412935567630412+0.38518829310100305j)
(4.430613147509262+0.39005157706673693j)
(4.452455594787346+0.42229184109879714j)
(4.47310713722519+0.43980026358569746j)
(4.49432697112457+0.4565882331273133j)
(4.516094893842803+0.4726374965901111j)
(4.538390163029485+0.48793014112587646j)
(4.561191484436771+0.5024486059252959j)
(4.5844769995957035+0.5161756957941059j)
(4.608224273475328+0.5290945965984354j)
(4.632410282246127+0.5411888926241079j)
(4.657011401274836+0.5524425858925797j)
(4.682003393484199+0.5628401174731991j)
(4.707361398218262+0.5723663908283845j)
(4.733059920761669+0.5810067972235287j)
(4.759072822669652+0.5887472432282325j)
(4.785373313074226+0.5955741803288884j)
(4.811933941141023+0.6014746366645458j)
(5.1490101438584315+0.9195882214970761j)
(4.865722471366269+0.6104473081514592j)
(4.892892123982423+0.6134967781743483j)
(4.920205411210217+0.6155743553962499j)
(4.947631522872724+0.6166705011279869j)
(4.97513897864326+0.6167764876559729j)
(5.002695634189809+0.6158844442060888j)
(5.030268690172774+0.613987404660723j)
(5.057824704336887+0.6110793568989176j)
(5.085329606940074+0.6071552936048943j)
(5.112748719761407+0.6022112643640876j)
(5.140046778927825+0.596244428837962j)
(5.167187961793303+0.5892531107797538j)
(5.194135918095663+0.5812368526228561j)
(5.220853805603727+0.5721964703426189j)
(5.247304330451534+0.5621341082603082j)
(5.273449792336276+0.5510532934266851j)
(5.299252134731832+0.5389589891910727j)
(5.324673000241169+0.5258576475317243j)
(5.34967379117708+0.5117572596946095j)
(5.374215735422598+0.49666740466140424j)
(5.398259957579614+0.48059929494405584j)
(5.421767555367305+0.46356581918359624j)
(5.444699681180398+0.44558158101550865j)
(5.4670176286626555+0.42666293365371066j)
(5.488682924092512+0.40682800964067123j)
(5.509657422317276+0.3860967452130755j)
(5.529903406909159+0.3644908987411731j)
(5.549383694153108+0.34203406271632825j)
(6.1874926145989795+0.7436799828606927j)
(5.585901752352427+0.2946709853602777j)
(5.602868799450876+0.26982110738057924j)
(5.61892892814619+0.2442329378368556j)
(5.634049276944732+0.217939160742489j)
(5.648198191740436+0.19097420528726802j)
(5.947003878495843+0.8711963726333114j)
(5.673461826968036+0.1351769237186666j)
(5.684520301136184+0.10642173261471267j)
(5.69449506797313+0.07714949787860177j)
(5.7033621911943735+0.047402519675224464j)
(5.711099592625074+0.017224438344014756j)
(5.717687145840765-0.013339863723120331j)
(5.7231067633369666-0.044244368103098106j)
(5.727342476451458-0.07544203373503143j)
(6.770268511838289-0.24412847640270505j)
(5.732209332157336-0.13852429829320878j)
(5.732819735407294-0.17031081281412977j)
(5.732204854027648-0.20219458724772907j)
(5.730360211714937-0.23412537893803j)
(5.727283742610888-0.2660527181243294j)
(5.72297580431376-0.2979260517708318j)
(5.967591468894814-0.5362761940388044j)
(5.710679070147107-0.3613089406583693j)
(5.702703072452605-0.39271827145922644j)
(5.693521152654739-0.4238734313479539j)
(5.683145604054428-0.45472559754004666j)
(5.6715909976403465-0.4852267069077923j)
(5.658874122804998-0.5153295843553397j)
(5.645013919293467-0.5449880654839904j)
(5.630031401026833-0.574157112847983j)
(5.771404663655464-0.7286939738685041j)
(5.596793338537026-0.6308530390639604j)
(5.578589408112786-0.6582964225792132j)
(5.559366193205252-0.6850835606197818j)
(5.539153703374533-0.7111765315768566j)
(5.517983436997432-0.7365390752524631j)
(5.49588826996651-0.7611366519193278j)
(5.47290234267884-0.784936492541717j)
(5.449060946110279-0.8079076402527697j)
(6.018571375958002-2.9302507052940623j)
(5.398957978018783-0.8512492794307727j)
(5.372771718130354-0.8715671728379846j)
(5.345880389532968-0.8909512026718586j)
(5.809209781485816-0.9355312300056582j)
(5.290140428377513-0.926833307036182j)
(5.261371863128976-0.9432939168335186j)
(5.232058164022023-0.958745704832044j)
(5.202240038279828-0.9731745818529607j)
(5.171958296835305-0.986568271620546j)
(5.14125376907682-0.9989162791528275j)
(5.1101672221845815-1.0102098554248906j)
(5.078739285131084-1.0204419588133098j)
(5.047010377368316-1.0296072138133792j)
(5.015020642177599-1.0377018674992802j)
(4.982809884615688-1.0447237441721264j)
(4.950417513953221-1.0506721986124368j)
(4.91788249046869-1.055548068322819j)
(4.885243276432958-1.0593536251140199j)
(4.852537791095793-1.0620925263537466j)
(4.819803369467266-1.0637697661632224j)
(4.787076724671736-1.064391626811928j)
(4.7543939136423035-1.0639656305267169j)
(4.72179030591628-1.0625004918979488j)
(4.689300555289649-1.0600060710328854j)
(4.193249019878811-1.1382487268242614j)
(4.62479750981742-1.0519742756800732j)
(4.59284972395429-1.0464619400056105j)
(4.561146772661796-1.0399703127564608j)
(4.529719389205056-1.0325143117895597j)
(4.498597467869663-1.0241097397708756j)
(4.467810049191839-1.014773244351227j)
(4.437385306326126-1.0045222793110142j)
(4.407350532392914-0.9933750666077553j)
(4.3777321286649205-0.9813505592462145j)
(4.34855559347044-0.9684684048790978j)
(4.3198455117096195-0.9547489100367665j)
(4.291625544899589-0.9402130048767726j)
(4.263918421683883-0.9248822083391979j)
(4.236745928761328-0.908778593590448j)
(4.210128902209151-0.8919247536378909j)
(4.184087219194532-0.874343766999029j)
(4.158639790087396-0.8560591633128912j)
(4.133804551005217-0.837094888787164j)
(4.109598456837549-0.8174752713826492j)
(4.086037474813537-0.7972249856464524j)
(4.06313657868981-0.7763690171170391j)
(4.040909743648568-0.7549326262373858j)
(4.019369942006235-0.7329413117270007j)
(3.9985291398416662-0.7104207733790947j)
(3.978398294659407-0.6873968742655603j)
(3.9589873542078755-0.6638956023492132j)
(3.940305256574607-0.6399430315198354j)
(3.922359931680915-0.6155652820876725j)
(3.905158304296517-0.5907884807846684j)
(3.8887062986908445-0.5656387203402201j)
(3.873008845032467-0.5401420187135934j)
(4.47856104412629-0.17084017353386877j)
(3.84389239518504-0.4882112436816284j)
(3.8304783729183747-0.4618284626656062j)
(3.817828877018229-0.43520124304666524j)
(3.8059440310989916-0.40835461293748126j)
(3.7948230449445326-0.38131328020309513j)
(3.8888562200001378-0.7746420703299515j)
(3.774865050122218-0.32674349928235463j)
(3.7660220921596874-0.29926251171228757j)
(3.757931148743441-0.2716816677173577j)
(3.750587220870915-0.24402349531365145j)
(4.519740904311155+0.014568730239726923j)
(3.7381166808326647-0.18856252530660783j)
(3.7329764410514463-0.16080193594295705j)
(3.7285560365043233-0.13304837528618926j)
(3.7248470631324957-0.10532134581840127j)
(3.7218405546645914-0.07763966361553622j)
(3.7195270262107996-0.050021436730266544j)
(3.717896519266499-0.02248404622858247j)
(3.716938647945961+0.004955869989622236j)
(5.170927559207359-0.6656762730593958j)
(3.716997416181941+0.059480520490739784j)
(3.7179915764372433+0.0865357992599603j)
(3.719613511541631+0.11343470399153599j)
(3.721851421109652+0.14016445079063078j)
(3.5837032288544255-0.419418048649257j)
(3.7281273324622695+0.1930692124303957j)
(3.732141250000378+0.21922251721631433j)
(3.7367230694651528+0.24516322347668162j)
(3.7418607944116262+0.2708823437058848j)
(3.7475425295504667+0.2963716082576616j)
(3.7537565247395914+0.3216234445917668j)
(3.760491217370662+0.34663095374289365j)
(3.767735272967623+0.3713878841381649j)
(3.775477623827109+0.39588860290154415j)
(3.783707505543979+0.42012806479401477j)
(3.792414491278861+0.4441017789469753j)
(3.801588523638317+0.4678057735538867j)
(3.8112199440518606+0.49123655869114596j)
(3.821299519543706+0.5143910874440357j)
(3.8318184668102084+0.5372667155177098j)
(3.842768473527228+0.559861159516001j)
(3.9952170215977887+0.5305486576980577j)
(3.8659308788765006+0.6041989080266901j)
(3.8781291595732834+0.6259390598152375j)
(3.890730286245157+0.6473916322961449j)
(4.766253293555841+0.4616369432539226j)
(3.9171186616887566+0.689429579160237j)
(3.930896048467705+0.7100129102575199j)
(3.9450565560609308+0.7303044839986361j)
(3.959596591686814+0.7503032601676295j)
(3.974513086747117+0.7700081099627166j)
(3.9898034863283858+0.7894177718344847j)
(4.005465736022956+0.8085308081435646j)
(4.021498266156534+0.8273455627820536j)
(4.037899973518439+0.8458601198911491j)
(4.817707999283545+0.1679625332176568j)
(4.07180871313968+0.8819794402570242j)
(4.089315674021065+0.8995787191499847j)
(4.107191617084165+0.9168667586178613j)
(4.125437417518638+0.9338397707909607j)
(4.14405426101748+0.9504934891028934j)
(4.163043611107764+0.9668231372438812j)
(4.182407174855181+0.982823399772768j)
(4.2021468670311055+0.9984883943994004j)
(4.222264772819927+1.013811645940268j)
(4.242763109131545+1.0287860619436233j)
(3.894764640631533+1.0845352553611232j)
(4.2849103580995616+1.0576567965611687j)
(4.306563996418444+1.071535647760499j)
(4.328607430069214+1.0850306913930894j)
(4.351042908259481+1.0981314408928557j)
(4.3738725523864534+1.1108266808141076j)
(4.397098308230679+1.123104454005316j)
(5.868600586474771+1.8985050917134474j)
(4.444744763620058+1.146355998065386j)
(4.4691680268752165+1.1573020547989499j)
(4.4939924235690265+1.1677752033163582j)
(4.519218254407897+1.1777596471763256j)
(4.544845326881218+1.1872388093438289j)
(4.5708728966282495+1.1961953329487736j)
(4.597299607010717+1.2046110844971822j)
(4.62412342683999+1.2124671597321839j)
(4.651341586217654+1.2197438923676929j)
(4.678950510462562+1.226420865943637j)
(4.706945752114325+1.2324769290783062j)
(4.735321921024647+1.237890214420154j)
(4.764072612573182+1.2426381616281141j)
(4.793190334074189+1.2466975447356903j)
(4.822666429475417+1.250044504279563j)
(4.852491002490156+1.252654584597209j)
(4.882652838349097+1.254502776719808j)
(4.872628133672083+0.8582040479820408j)
(4.943936369918068+1.2558109940735054j)
(4.975028325281201+1.2552187082083335j)
(5.006397901276883+1.2537600442106687j)
(5.0380260887029955+1.2514080976650608j)
(5.069892079048449+1.2481358113864662j)
(5.101973186852472+1.2439160703855436j)
(5.1342447745080175+1.238721806061507j)
(5.1666801803565185+1.2325261099873153j)
(5.199250651014317+1.2253023575948567j)
(5.231925278963938+1.21702434199567j)
(5.264670946534614+1.2076664180852565j)
(5.297452277482843+1.197203656974831j)
(5.330231597464323+1.1856120106733312j)
(5.36296890475926+1.1728684868038386j)
(5.395621852671859+1.1589513329829955j)
(5.428145745068119+1.1438402303194608j)
(6.5711270659268+2.039378491582742j)
(5.492615908695155+1.109963289122824j)
(5.524461214021296+1.0911658333472145j)
(5.555975638779973+1.0711116304566999j)
(5.587103236233192+1.0497906877637693j)
(5.617786041446949+1.0271957428044551j)
(5.647964198736207+1.003322488166942j)
(5.67757611263569+0.9781697934712467j)
(5.70655862305215+0.951739922012065j)
(8.081184161674459+0.3602131526636916j)
(5.762376192934082+0.8950759113090637j)
(5.7890790296569055+0.8648650875562303j)
(5.81488853880978+0.8334240691710298j)
(5.839737220313626+0.8007749556823556j)
(5.8102662077917575+1.0996496333379326j)
(6.083812017865254+1.951379037899169j)
(4.390473790026064-0.677264352116413j)
(6.2732743467585745+0.2430369322483854j)
(6.127056495564647+0.7023420410122629j)
(5.520601005143148+1.3958360981497522j)
(6.22295927922969+0.8753201181788397j)
(6.285941488438763+0.5289147052302242j)
(3.523304979258666-0.4064276123793494j)
(7.236674270229241-0.3585152168399069j)
(6.3208498766955-0.5432550619036106j)
(6.309562042742051-0.3349940212244813j)
(7.221311706184475+1.614767012943786j)
(4.675406832834781+6.3554448763071125j)
(6.460826820316951+1.119166982359028j)
(6.02708893957539+0.5948724563352715j)
(6.965180516347074+2.1439070830990623j)
(7.441482111854773+0.843488286525479j)
(6.38862108644706+0.3506634899869967j)
(6.066548054360995+0.16836114760414198j)
(5.804903659522663-0.5957273500696556j)
(7.061173469238139+0.9127824335380869j)
(11.586494251420994-3.1310320450099653j)
(6.426345237526086+1.5826357650013978j)
(5.996206999060398-0.17546041827424988j)
(5.416479721319778-1.253431552912314j)
(4.49772346911624-2.4063167446057303j)
(6.410774455054404+0.9183345752469202j)
(5.133008491053811+2.1774223605915086j)
(5.845179275529037-0.5142801968942742j)
(5.343684642259258-0.8866489110712023j)
(4.872277564012304-0.5890891837966759j)
(6.709186235693493-0.27720613541785083j)
(5.786575498766962-0.7590252311302879j)
(6.165168030673769-0.9166424761131363j)
(6.104744520964235-0.9257144843430088j)
(6.777311838848258-1.715486404690654j)
(5.237912178875407-1.8877380738735299j)
(6.754127839006547-0.890539820592057j)
(5.18405970339912-1.8023834316073872j)
(5.97997331493368-0.658900729485629j)
(6.056412363835549-1.1533875794132056j)
(7.88903327293771-0.8821478987864659j)
(5.803517339904813-0.3496625006853778j)
(6.372881174564562-1.134596558466673j)
(7.9992182144578265-0.5183251680981183j)
(6.229886179855354-2.1235186041240177j)
(6.432017669930664-0.2916988739996041j)
(9.267321353899835+2.5780762883682775j)
(5.394458547685471-1.3552574312976227j)
(6.0292914833448465-3.7365224403168384j)
(5.958835697853751-1.218513208509847j)
(5.3141173212547255-1.796332905228821j)
(4.894995552733989-1.1681328379991551j)
(5.224872599581479-1.303084152140825j)
(5.0013599220328615-0.8659803498835575j)
(5.510594460246965-1.2654420320128579j)
(5.053063512605395-0.7933778854381728j)
(5.813843172822985-1.3288620826499096j)
(9.838333450033415-0.43405672845340504j)
(4.745999514774202-1.053856778332747j)
(4.706211248407875-1.051178735358173j)
(4.666765604649956-1.0473304906433405j)
(4.627694328810642-1.0423402747296j)
(4.589027387259956-1.0362366618113217j)
(4.550793031668304-1.0290484832352644j)
(4.513017864599221-1.0208047500412372j)
(4.475726905673114-1.0115345841060066j)
(4.43894365760431-1.001267157415278j)
(4.402690171495269-0.9900316389613646j)
(4.366987110849141-0.9778571487454446j)
(4.331853813835032-0.9647727183524034j)
(4.297308353409554-0.9508072575615315j)
(4.263367594962086-0.9359895264573432j)
(6.790365375396091-1.7433644464850402j)
(4.197361934134525-0.9039114121046526j)
(4.165325203765548-0.8867076160090211j)
(4.133949613736934-0.8687646982873222j)
(4.103246753493518-0.850110408179861j)
(4.073227287136789-0.8307722644896652j)
(4.043900988899296-0.8107775520345964j)
(4.01527677528028-0.7901533197440965j)
(3.98736273390449-0.76892638000022j)
(3.9601661491941798-0.7471233088443195j)
(3.933693524970093-0.724770446692609j)
(3.907950604121345-0.7018938992267106j)
(3.882942385505535-0.6785195381482252j)
(3.858673138260974-0.6546730015106642j)
(3.835146413730669-0.6303796933661423j)
(3.812365055214345-0.6056647824897252j)
(4.00915598300306-0.6489965603051248j)
(3.769046314372226-0.5550696354799022j)
(4.396104920052509-0.3057918452145852j)
(3.7287257576602606-0.5030840793663814j)
(3.7096895560232253-0.4766302050221939j)
(3.6914012442552053-0.44990056443316295j)
(3.6738588511379815-0.4229185285832378j)
(3.6570597270301803-0.39570717005419576j)
(3.6410005455171883-0.3682892471904992j)
(3.6256773055038765-0.34068718645789026j)
(3.611085334007667-0.31292306305794804j)
(3.597219289899583-0.2850185798866092j)
(7.77009108321926-0.2623110919612843j)
(3.5716403095496103-0.22887334736156856j)
(3.5599134018628247-0.20067393211020906j)
(3.548884496346923-0.1724167737197251j)
(3.5385450160583614-0.14412134904921806j)
(3.52888577034062-0.11580660941107894j)
(3.5198969708688725-0.08749095224135076j)
(3.5115682500312295-0.05919219255693405j)
(3.5038886817237147-0.030927534444858188j)
(3.496846804611259-0.0027135428368554853j)
(3.490430647881686+0.025433884172434834j)
(3.4846277594937307+0.053499542202213674j)
(3.47942523689421+0.08146894639485737j)
(3.474809760153247+0.10932835589708431j)
(3.9200260120535884+0.5073734790421689j)
(3.4672847927387545+0.16466608297794233j)
(3.464346905668214+0.19212083551115347j)
(3.461939353265043+0.21941849891457835j)
(3.46004730353955+0.24654935550025553j)
(3.4586557506113254+0.2735045367428268j)
(3.457749561198955+0.30027603177216916j)
(3.4573135222206166+0.3268566927844742j)
(3.4573323892427936+0.35324023722957787j)
(3.457790935497273+0.3794212466572875j)
(3.458674001171744+0.40539516213256566j)
(3.4599665426666992+0.43115827615809954j)
(3.461653681501861+0.45670772107400587j)
(3.4637207525486438+0.48204145393625664j)
(3.466153351261966+0.5071582379094137j)
(3.4689373795849945+0.5320576202437461j)
(3.472059090204608+0.5567399069417626j)
(3.4755051288434218+0.5812061342548762j)
(3.4792625742865595+0.6054580371855557j)
(3.4833189758576797+0.6294980152047538j)
(3.487662388079628+0.6533290954270993j)
(3.4922814022797533+0.6769548935173836j)
(3.4971651749289463+0.7003795726301698j)
(3.502303452536052+0.7236078007100503j)
(3.507686592955607+0.7466447065016064j)
(3.513305583006079+0.7694958346360595j)
(3.519152052337984+0.7921671001747199j)
(3.5252182835351458+0.8146647429971784j)
(3.531497218478232+0.8369952824252103j)
(3.5379824610458894+0.8591654724699224j)
(3.5446682762754818+0.8811822580809432j)
(3.5515495861510105+0.9030527327613789j)
(3.558621962230101+0.9247840978913351j)
(3.565881615363526+0.946383624075759j)
(3.573325382799484+0.9678586148001378j)
(3.5809507129991482+0.9892163726397174j)
(3.588755648519675+1.0104641682254434j)
(3.59673880734503+1.031609212123393j)
(3.604899363062862+1.0526586297345348j)
(3.6132370242969607+1.0736194392691882j)
(4.823082905804361+1.6636297186238942j)
(3.6304450476797605+1.115302660316497j)
(4.231406746559469+1.2738986230374512j)
(3.648370458246454+1.1567122316363492j)
(2.6173230231296323+1.553532019158322j)
(4.403532142026009+1.8908326803979658j)
(3.676637999813909+1.2184236961052632j)
(3.6864395380201977+1.238910509196719j)
(3.696436388206934+1.2593648516419331j)
(3.7066325935845876+1.2797920676826129j)
(3.7170325638541626+1.3001973186638454j)
(3.7276410720916204+1.3205855840655327j)
(3.7384632541370917+1.3409616622369591j)
(3.7495046104104772+1.3613301704408745j)
(3.76077101002254+1.3816955438307295j)
(3.772268697002056+1.402062033009456j)
(3.784004298415343+1.4224336998489335j)
(3.7959848341160987+1.4428144112863721j)
(3.808217727831419+1.4632078308549286j)
(3.820710819264775+1.4836174077508224j)
(3.8334723768792425+1.50404636328652j)
(3.846511111014323+1.5244976746277321j)
(3.8598361869873656+1.5449740557595675j)
(3.873457237835797+1.5654779356739528j)
(3.8873843763683342+1.58601143381358j)
(3.901628206211647+1.6065763328474854j)
(3.91619983156255+1.6271740488878943j)
(3.9311108653840368+1.6478055992871963j)
(3.946373435814484+1.6684715681764462j)
(3.962000190592891+1.6891720699227868j)
(3.9780042993368587+1.7099067106923778j)
(3.9943994535434983+1.7306745483073387j)
(4.011199864214981+1.7514740505810578j)
(4.028420257039127+1.7723030523057346j)
(4.046075865079474+1.7931587110498168j)
(4.7645221944456155+1.600292194175608j)
(4.082756134455476+1.8349349712840384j)
(4.101813697710983+1.8558460898935432j)
(4.121372247703983+1.8767648048814143j)
(4.141449356318528+1.8976841912527618j)
(4.162063005777322+1.9185963625254412j)
(4.183231563462466+1.9394924206220174j)
(3.4715184348423547+5.18034403388295j)
(4.227308628798201+1.9811952407028632j)
(4.250255532018338+2.0019786860800655j)
(4.273834064264841+2.0226992787735334j)
(4.298064042302629+2.043342281259594j)
(4.322965455412567+2.0638916250992696j)
(4.348558417775541+2.0843298541457322j)
(4.374863116565477+2.1046380666800126j)
(4.401899755344799+2.124795856522556j)
(4.429688492313817+2.144781253214404j)
(4.458249372926569+2.164570661416711j)
(4.487602256350923+2.1841387997401545j)
(4.5177667352216435+2.203458639286713j)
(4.54876204811184+2.2225013422652924j)
(4.580606984132251+2.241236201128775j)
(4.6133197790602045+2.2596305787740025j)
(4.646918002401186+2.2776498504464953j)
(4.6129188312693294+2.405493396275115j)
(4.716836935223874+2.3124143080691595j)
(4.753188297438548+2.3290798230508227j)
(4.790486095223177+2.345210799478102j)
(4.82874251599334+2.360761921544483j)
(4.867968182460062+2.375685623231422j)
(4.908171962118703+2.38993206984387j)
(4.9493607644695015+2.403449150686787j)
(4.991539326021907+2.4161824846471878j)
(5.03470998330922+2.428075440572544j)
(5.078872434341926+2.4390691744540502j)
(5.124023489157834+2.4491026855288847j)
(5.170156810388685+2.458112893504515j)
(5.217262645053955+2.4660347391744835j)
(5.265327549116011+2.4728013107340865j)
(5.314334106683727+2.4783439981083832j)
(5.364260646134004+2.482592677567161j)
(5.415080955827779+2.4854759288146013j)
(5.46676400252641+2.486921286597095j)
(6.140522043524048+7.146089821435596j)
(5.572568424227956+2.4852050016259835j)
(5.626601202437178+2.481895985920253j)
(5.681319042858795+2.476855100588837j)
(5.736662948482659+2.47000974810448j)
(5.7925676976483205+2.461288598791008j)
(5.8489617050029645+2.4506221136858235j)
(5.905766925022707+2.4379431038669983j)
(5.962898804342431+2.4231873233675074j)
(5.445739617058248+2.0077960810863598j)
(8.296792075348396+6.247450439786848j)
(4.834924750530609+3.887678987296504j)
(5.3687278763742805+1.28918218609256j)
(6.0613657291291245+1.9990479646607828j)
(6.068140777541473+2.1415016034803243j)
(6.412147102088452+2.0884353559343856j)
(7.192340302865401+2.337348406602538j)
(5.996054091687873+0.13006585384427502j)
(5.958968469420821+1.005701854957805j)
(7.321861691165533+2.955637094079626j)
(6.744863579997683+1.84259812653957j)
(9.904076712176272+3.0956355529818707j)
(7.264877791050549+2.6025124247346003j)
(7.259289821051851+2.363557901431482j)
(6.905858119688802+2.084591405892118j)
(4.073705535759192+0.9433453985785846j)
(8.441377408745975+2.1465623931108597j)
(7.01712730384605+2.2303297763276073j)
(8.108512815553883+2.8389879319166385j)
(7.497961200598982+1.6489555563097844j)
(6.026899245835744+1.5246082223443254j)
(2.778690772733862+1.8247233440561634j)
(4.179112887384704+0.6087251205059264j)
(6.946690726226386+1.273013780017557j)
(5.658809681483029+1.2959845866597255j)
(7.050952724681186+2.2636892789730707j)
(5.674694287638702+0.21659960340196563j)
(7.959854802606639+1.2238769462734382j)
(-8.671957346745456+11.057692057757974j)
(5.004227517922056+1.6675162664466947j)
(6.493970186183822+0.5873850016504291j)
(7.057865423664498+0.07289168286423879j)
(5.928944076377207-1.1603912517896249j)
(5.25747913597483+2.7126384399782886j)
(7.544926285530139-0.05689544381788952j)
(7.044890334836078+0.09749139920816673j)
(3.898271843140548+6.669584993912364j)
(6.240234805593328+0.41502757607049756j)
(6.275425099344271-0.5117967897322484j)
(7.062061878655412-0.5316054593787667j)
(7.357231308687644-0.6430715400497501j)
(7.220035090958141-0.12162044187107139j)
(6.728209645274282-0.030897202979604067j)
(2.3708729402279554+0.3285278219622153j)
(6.8212797992932686+0.3846618102998572j)
(7.510068834635931-0.7692931224202663j)
(6.4520935683937966-0.2464236419885774j)
(7.821558348257653+1.7214668736808323j)
(5.999809357784408-0.8742049950258808j)
(5.793116197243792+0.35472147417028593j)
(5.586710202284988+0.7258637079606426j)
(5.681086498542129+0.4451680237575044j)
(8.318352902250368-2.2443296972187485j)
(6.268514464859905-2.8457015168590423j)
(14.902495598794616+8.627635198413452j)
(6.483765923824107-1.0836626772197584j)
(5.712339304704645-2.455725515693164j)
(6.980624835216551-1.1812088983338844j)
(4.777243236352199-0.5616734663793479j)
(5.64118951403249-0.6349445678670703j)
(6.604900276704736+0.9404359369891764j)
(4.220368265994894+2.958455594181941j)
(4.96232042498478-1.3151262052416106j)
(6.969286245655629-0.8545845518158752j)
(3.365148926617685+7.388536817560074j)
(7.4342128970110455-4.389804345423682j)
(6.537554712488695-0.7462110721413966j)
(5.94638953795055-1.0563705783712471j)
(9.540591714504647+0.010120733534110827j)
(3.7541433517608005-3.9475751883849037j)
(5.163403871848091-1.3603544657424242j)
(7.730952492881579-0.6217562027801157j)
(6.9211443812076965-2.7696168149746043j)
(5.57337395382665-1.1750066797101735j)
(5.710172823518559-0.3496779684815101j)
(6.075517174176317-1.9502001622400353j)
(4.967982086918462+0.25707081275101806j)
(3.690748846477291-0.6396295856000295j)
(3.3470869544368522+1.1300314907122595j)
(5.708519857307108-1.1813670668677596j)
(5.642341357725269-1.2901355962012342j)
(7.43156598813153-0.8129583070119787j)
(4.897728352876239-0.8672173149541679j)
(5.521119192397544+0.6843297142339119j)
(0.7578441639832977+1.021801817294015j)
(5.66685816155096-1.5211205670170156j)
(7.955447997473129-1.4108510912106902j)
(3.9787202133127937+4.8508113859955975j)
(5.493838727596328-0.28005051464211833j)
(5.054009509015784+0.24748206012859206j)
(5.141708608323367-1.571604720740768j)
(4.968469146166656-1.6069475916567768j)
(5.326157626422738-0.9183222472431757j)
(3.5293181612924167-1.3779151997801975j)
(4.565150092993511-1.9052278751084146j)
(4.742072718809408-0.6157659718267955j)
(6.301198237686699+2.210285070190982j)
(4.746797993840253-0.6586258878724327j)
(4.803213031292788+0.1397183940852305j)
(5.219337823824993-0.38049490558545224j)
(6.285248168747897+1.0902012792679152j)
(4.867707768215411-0.9235951589837867j)
(4.198916190407558-0.8857350898486078j)
(8.312708843857948+0.3307832645456096j)
(7.414277247379345+5.184791636125079j)
(5.749038891545261-3.2024033772450355j)
(4.65073182485444-0.939411991667672j)
(4.624417907289464-0.9244346499697296j)
(4.59885042374852-0.9091964368476191j)
(6.3230940680822245-4.760547473476194j)
(4.549943258207094-0.8780891831724909j)
(4.526592511424717-0.8622970240289911j)
(4.503965765665095-0.8463974797247408j)
(3.27663081416122+9.136657096730403j)
(4.460835589444345-0.8144310436044814j)
(6.702539529158831-3.935305103262339j)
(4.420428472109665-0.7824958447160953j)
(4.401195041486395-0.7666326363410685j)
(4.382575430278287-0.7508862054304458j)
(4.364541370612042-0.7352899974063641j)
(5.182742828426388-1.0454816463867207j)
(4.330103015792634-0.7046719972812857j)
(4.313628737248496-0.6897060826229049j)
(8.322656979039367+0.46802067453736546j)
(4.2819773433217945-0.6605788082333058j)
(4.266717133445022-0.6464550432831978j)
(4.251775868913282-0.6326435624611093j)
(4.2371085595666855-0.6191538025246544j)
(4.222669521742004-0.6059911322230029j)
(4.208412800528778-0.5931567462022507j)
(4.194292609209583-0.5806476126019425j)
(4.180263777784127-0.5684564770966303j)
(4.166282202014542-0.5565719247354505j)
(4.152305284237794-0.5449784994463642j)
(7.5668814828692215-1.823263173730668j)
(4.124205083275672-0.522584106210046j)
(-3.965283482080412-9.673452440553836j)
(4.09566794561737-0.5010767811695953j)
(6.907389532486572-1.1614255230420243j)
(4.066446635168352-0.4802116393539605j)
(4.051517354673884-0.46993298351690815j)
(4.036350084411152-0.4597071294131306j)
(4.020930525713052-0.44949529005313554j)
(4.117816665393068-12.454675730649186j)
(3.9892970389910376-0.4289556995014812j)
(3.973074083409426-0.4185487711951035j)
(3.9565806032200337-0.40799826337426126j)
(3.939821335852862-0.3972660567116222j)
(3.922804432812694-0.3863152149823125j)
(5.719150615500296-1.2924079191636184j)
