(34.89145042366633+0j)
(0.6328681737595677+0.5553613154490283j)
(26.78526065755021-13.85828585116344j)
(20.66185391421227-15.801974044767727j)
(15.540167055626283-15.41898175853398j)
(11.750265976579108-13.815492246754067j)
(9.153634419813825-11.663957698100205j)
(7.540424515431772-9.29564577321459j)
(6.770067109255547-6.855859950634022j)
(6.8120230284522085-4.416212839938672j)
(7.766348743787271-2.0677277462022596j)
(9.87515387836385-0.057526410619142446j)
(13.426317026876607+0.940694889197948j)
(18.15445572813971-0.5131947640771181j)
(3.5847163007483624+9.15013631499678j)
(20.646980465227347-13.09075557694084j)
(15.418524754222837-17.50502560305393j)
(9.926283560396435-18.164281761898373j)
(5.888654854944933-16.877775340935145j)
(1.6831989246139554+6.824007278818945j)
(1.4975117364918433-13.059019298314146j)
(0.37757937031306926-11.251409817222118j)
(2.7769979571397845+4.799902414477179j)
(-0.7939097263035975-8.088375994917373j)
(-1.0362170021199408-6.693601157517747j)
(-1.1057597701009378-5.390688962658659j)
(-1.0097959765224538-4.16167647558297j)
(-0.732051261927456-3.0008642447796285j)
(1.8236181323237888-1.682849745629709j)
(0.5492573091527286-1.0132188435015947j)
(1.6534915391425156-0.4331607506812459j)
(2.965192641627503-0.49734063891098745j)
(3.9760466520270246-1.4528958939836536j)
(3.9543756541128174-2.910368733468448j)
(2.879581042371681-3.906460887825774j)
(1.496138802666435-4.015035103924957j)
(0.34550413846052447-3.5002953912897348j)
(-0.460811409922524-2.706764852224549j)
(-0.9851664185471871-1.8288630332946794j)
(-1.308896688700089-0.9478446727539304j)
(-1.4928345161880983-0.09036710130466342j)
(17.92924138756471+4.889930795762953j)
(-1.582351524144011+1.5465501508546164j)
(-1.5230684309519198+2.3380642563157603j)
(-1.401247423483261+3.121808034862379j)
(-1.2112945536602602+3.9038490425184857j)
(-0.9381420574702493+4.685576816219309j)
(-0.5556908795033174+5.4570033114081555j)
(-0.028836507695156666+6.182467590884549j)
(2.48374699568955+10.436371917442825j)
(1.481477244933199+7.0969406792521115j)
(2.1967299885848384+7.0342817388744505j)
(2.5126191188888134+6.736254559406609j)
(2.3858935990551737+6.571397114851118j)
(2.0645080973388086+6.749101450219976j)
(1.774647421835394+7.227408814730435j)
(1.6024044040407641+7.89469296646948j)
(1.554280097532254+8.671541761280158j)
(1.6144383489720011+9.518088707752678j)
(1.7673587764677814+10.41921470990879j)
(2.003477755533965+11.373087115497539j)
(2.3195349203090476+12.385073049809728j)
(2.7178568971959836+13.465086779814198j)
(3.205803208418451+14.62711938751327j)
(3.796153261271736+15.890905532488985j)
(4.967834799728627+18.142000500034786j)
(5.372897646891395+22.654658812796775j)
(8.74420678270761+23.115237351577917j)
(10.139672662880457+24.21282906346719j)
(27.535619056235504+36.879641590130234j)
(7.4566504052286975+28.358717521613464j)
(17.933510255525746+30.7490175168192j)
(32.89660167569513+35.605998731340826j)
(34.66887549128027+36.54673992254404j)
(34.46368121584068+32.083897994134794j)
(53.44876969905885+29.608979893261072j)
(65.24089221263638+9.526562268574086j)
(71.4045509521291+9.836630324462785j)
(50.10778156167721-6.660650809057415j)
(55.79129458482619-18.066530706175765j)
(35.622836610575845-14.282569401183999j)
(76.9423185404193+23.63531125551237j)
(45.751958503060166-17.132228255431112j)
(60.57961366996796-43.71160515741761j)
(38.10867093432928-18.622085434928056j)
(81.34149333225085+120.36336611205158j)
(3.2659702202471763-43.61545146693457j)
(7.777197310154055-20.69593939435486j)
(13.189534376086176-29.788038439535324j)
(15.653716315025262-27.881820484951263j)
(19.978584801903267-23.118494453839556j)
(7.206388556087663-22.224653128280618j)
(9.691970122236944-23.843788482324083j)
(8.946878670938183-20.718855386378312j)
(7.557221624601432-18.49445238438661j)
(9.794665035428121-13.351487770843969j)
(15.968763004028432-21.657538486995534j)
(7.90870653303645-16.294155275362233j)
(6.833357183263986-14.59772856639835j)
(7.504829575962956-11.310747035928896j)
(6.813996921049277-15.10646541810933j)
(4.388208898617716-3.954696977305537j)
(7.0154128966841345-13.653810930619004j)
(4.538448956100848-13.878457162810534j)
(5.113174961771948-11.671175837799943j)
(4.848565782928443-12.682543629057909j)
(-3.598760509173489-5.056933304209155j)
(12.234553659435804-12.989310889871163j)
(1.6874691905311239-13.076425021910344j)
(5.547199843970695-9.646163043714559j)
(6.660658544887455-11.916182700473342j)
(7.314345624297857-14.034072306020718j)
(5.850051752465687-22.10436402177508j)
(3.0959981961523093-8.127875365404265j)
(3.3038099808084027-9.583340287446887j)
(3.22878470343437-7.431292495321527j)
(3.357892529111958-7.155902575519608j)
(3.5177416171510085-6.952919562730868j)
(3.6828884258550634-6.84188653879852j)
(3.808902963518316-6.828365404712128j)
(3.845220721939234-6.884553903914582j)
(3.7679489781246627-6.948065587929324j)
(3.602047746852558-6.955474118584203j)
(3.402295419007061-6.879508816051159j)
(3.2166925154810087-6.731071864071655j)
(3.069949674062458-6.537211462029844j)
(2.9678948249024457-6.3234225385903615j)
(2.9069025463140243-6.107826048424793j)
(2.8802716569642475-5.901857025883793j)
(2.881083599520653-5.712535457241244j)
(2.9030188045192533-5.544390766095609j)
(2.4592821177549973-4.566959958397321j)
(2.9870088660279266-5.284055318003317j)
(3.036944407483718-5.1966241092757794j)
(3.082595393741086-5.139708662578797j)
(3.1149568351206924-5.112963690975615j)
(3.1236020138707667-5.1129845142666746j)
(3.097891452939738-5.131564973762089j)
(3.0298578468941555-5.154458579853247j)
(2.9185962761253146-5.162302519581893j)
(2.7741384238801996-5.135310107882824j)
(2.6171566386717195-5.060967889365787j)
(2.4724756675891593-4.940221443224408j)
(2.359584128729137-4.787173439190932j)
(2.286443648591335-4.6223927249148975j)
(2.2496544187186758-4.464947461597813j)
(2.238785887250892-4.3276775081334335j)
(1.9670274087211481-17.413371988801657j)
(2.2448685457783073-4.131141227240262j)
(2.240546389430732-4.068336911637677j)
(2.221463029865186-4.022136393177357j)
(2.1835723370665923-3.985688549455948j)
(-2.294885692466854-6.907095265875404j)
(2.046827856349795-3.9138466987357456j)
(1.9506613029886573-3.8653969693635473j)
(1.8405234732434759-3.8012942015398825j)
(1.721529571028016-3.7175531644952815j)
(1.5998509001158014-3.611717492938748j)
(1.4824263129043673-3.4831775818604402j)
(5.516429396631682-3.6825774162720437j)
(1.2893012434623223-3.167112248114862j)
(1.2263718005128397-2.9911098173899595j)
(1.1906494321246732-2.815665471209321j)
(1.1802808316678113-2.652663770784508j)
(1.1872724849453185-2.513170099458205j)
(1.1978838285732512-2.4036391864662368j)
(1.1958429668749713-2.3225528653715792j)
(1.1676056069075083-2.2598607333425815j)
(1.106871801967314-2.2002054663460386j)
(1.0157540108641054-2.128150563889864j)
(0.9025093782288419-2.032368568868298j)
(0.7779076960235343-1.9071361917224001j)
(0.6522892051940677-1.7515878045837563j)
(0.5340725482763599-1.568067137287936j)
(0.42944232660683157-1.3606015839352452j)
(0.34264464884856244-1.1338998230639332j)
(0.2764397338170098-0.8928697211596259j)
(0.23245612955978398-0.6425092413081581j)
(0.21131782774392957-0.38800734761931943j)
(0.212468522574476-0.13489135842728492j)
(0.23364944769767507+0.11099122519874896j)
(0.2700900206969512+0.34397808030165655j)
(0.31376968547664685+0.5599891675414008j)
(0.8856005137176676+1.2507159703769493j)
(0.37808833413055437+0.9475986816575312j)
(0.37978566765771504+1.1397701226575254j)
(0.36060369465334347+1.3528704391035014j)
(0.33219132299893983+1.6008094061643716j)
(0.3112039380383225+1.8889091081290164j)
(0.31301446022437895+2.2139613957216047j)
(0.3481922158072816+2.5678932856375254j)
(0.42243073857909214+2.9415191012372315j)
(-1.6355090316465177+1.8566656042200147j)
(0.6961295569227829+3.716107548910928j)
(0.8965121693595617+4.1042086499800385j)
(1.1391822786151349+4.485354057764045j)
(1.4237051757164803+4.854014070917276j)
(1.7490419092763487+5.204447093197923j)
(2.1132116840126933+5.53076866025249j)
(2.5130411761872136+5.8272441060542945j)
(2.944095132991657+6.088714807851679j)
(3.4008215579103727+6.3110424976538955j)
(3.8768808174527885+6.491467270758459j)
(4.365587314111003+6.6288191470610816j)
(4.860391519563708+6.723575014321013j)
(3.4244212171748782+6.085334938221723j)
(5.84565070357007+6.794860860695029j)
(6.327968102786592+6.7792687145898505j)
(6.8009917654087495+6.735969063146494j)
(7.265656166665843+6.669657183010901j)
(7.725132000719322+6.5837488252946645j)
(8.184311983197105+6.479260442754908j)
(8.648676031401944+6.353860190290603j)
(9.12259490607463+6.201474928022726j)
(9.607395696622646+6.012803153755785j)
(10.099735175787563+5.776853015213449j)
(10.59085716545124+5.483256919724722j)
(11.067076977106563+5.124784009716074j)
(11.511428803861477+4.6993654473327595j)
(11.906036296646894+4.211125638476412j)
(12.23460078121179+3.670265420475429j)
(12.484481871646002+3.0919815520020784j)
(12.6480737763485+2.4947947796505012j)
(12.723421474440892+1.8986747551304357j)
(12.714185479746687+1.32325489408632j)
(13.162316467464194+7.684102110753669j)
(11.653034224345673+3.838407848880689j)
(12.437895785108843+0.6484306688143533j)
(11.621188548458663-1.4860529495680164j)
(12.790930600683044+0.017956206284309217j)
(14.669287421812928+1.5295316674208317j)
(12.957580764062996-10.40128189914507j)
(14.689442390971093+0.8724643647853464j)
(6.565029627237295-4.558268898074349j)
(13.30181155464521-1.8808398010256207j)
(21.023476267288675-2.9795203214118167j)
(11.052302370066132-1.80485962484648j)
(10.279664264616757-2.539150750974261j)
(59.132833280009194-6.846970401802942j)
(8.691152960859954-5.5105746787734216j)
(18.394308573830365-2.0109593592422312j)
(13.410320433734542-3.9794141474244658j)
(10.190159589914117-2.7453103596324864j)
(8.978047204854226-6.40192079070471j)
(20.332422406512126+1.2652019003544694j)
(10.49940885146013-7.400691877342177j)
(47.38093823546937+1.1100701884032596j)
(21.8950133750569+0.8365049827999551j)
(93.8245832977637+12.228745316203698j)
(10.943292309322532+10.413206066799582j)
(27.16273537603502-3.339165219261771j)
(9.23336364541313-3.430519744889114j)
(17.692735799306465+21.3365227099656j)
(15.355127235547391-12.174253239833172j)
(14.793900685318352-5.060955356592739j)
(-2.24533125990276-9.60617282108889j)
(11.142573385872046-3.3857114882292034j)
(24.51882099748976-26.98452193418514j)
(14.6167200808873+1.3052344994721576j)
(44.15563584539702+26.467170193665947j)
(56.050455182683855+22.934025361413735j)
(1.5013593396289069+21.91599729841512j)
(18.068426262725428+7.79735471171653j)
(17.051549474605643-3.694645770368193j)
(29.039568193309396-18.51303413392344j)
(7.696297281875908+74.15304339046072j)
(-9.747101228040968-58.33884713863461j)
(-7.441424784786254-29.45619905133605j)
(3.63757074691648+103.58305591083081j)
(9.939536731278922+3.8969207970685216j)
(11.43647749081646-4.941171346070934j)
(8.145094206072953-3.553520410366497j)
(7.579918803859271-14.387778265501625j)
(7.594562153727885-11.583964109801885j)
(11.224443364229739-4.61921336678341j)
(6.64147859829626-3.210151351560274j)
(7.685247779346467-3.4128332327684014j)
(7.69618803218482-8.198997569281525j)
(9.778385466540062+0.16231259588594046j)
(11.887199134795242-6.718735995610705j)
(-4.991986571485073-6.977165333805767j)
(1.7104844801342887-10.896121896612247j)
(-4.5803646473214865-4.057683320209805j)
(10.785576555773106-7.474305816374396j)
(7.533413584802216-4.959140422665051j)
(2.5710006089206057-4.628422308947577j)
(5.04646358055237-7.802481657025878j)
(4.967443519532369-8.306941113362104j)
(4.79611309422867-8.602034607760219j)
(1.8348888455488814-6.039799225524214j)
(6.711737118754541-4.346987632995341j)
(14.25487521048556-13.820261292760785j)
(4.99671353898728-9.605295279713298j)
(7.656381354809774+0.85789695913602j)
(7.827463018137879-8.846659054100975j)
(3.303486604317831-8.624328662809198j)
(1.5656452288002698-8.025994013342773j)
(4.771233919795296-9.640747867312149j)
(4.403224143541557-7.165739102963182j)
(4.326077990675694-7.397343485017535j)
(7.263506772121799-3.659529226525413j)
(1.5393851774729923-8.399676946284597j)
(0.8499107193092477-7.881986373830853j)
(0.12211140586117622-7.100919205585372j)
(2.7524752171746685-8.563597970953813j)
(8.251032338207528-7.776839615750438j)
(4.071006435705433-4.7065992170153175j)
(0.45601135405559606-7.185292666737779j)
(0.2731460147362495-6.818287100632629j)
(0.13651538664380522-6.480027469028368j)
(0.027753670781697343-6.17312042299124j)
(-0.06694882487905794-5.893195466728955j)
(-0.15570995882215816-5.633082351464873j)
(-0.24200828805404206-5.385788404150376j)
(-0.3264236410943234-5.145896825203403j)
(-0.40817270848850956-4.909827788509571j)
(-0.48615106724886054-4.675509384647698j)
(-0.559501102201259-4.441831668602797j)
(-0.6278075414373918-4.20807982880594j)
(-0.6910068971422345-3.9734441146741806j)
(-0.7490687832259366-3.7366778433180974j)
(-0.8015097158757538-3.495987448173608j)
(-0.8468499176267876-3.2492464860137553j)
(-0.8822045829204315-2.994579366704194j)
(-0.9032523475724447-2.7312300314746145j)
(-0.9047601097033616-2.460451659606095j)
(-0.881632178980272-2.1860447659400317j)
(-0.8301902248045426-1.9142550090941213j)
(-0.7492623680066149-1.6530059109511417j)
(-0.6407634190998309-1.4107106048751088j)
(-0.5096889419204413-1.1950026668495033j)
(-0.3636364829356125-1.0116349703100513j)
(-0.21201035801720897-0.8636480897050821j)
(-0.06500919667558112-0.7508331374240933j)
(0.0675531350463586-0.6695331604313196j)
(0.17751201590981022-0.6128774417314671j)
(0.2595214500670636-0.5715352180089904j)
(0.31185901893441764-0.5349621412483044j)
(0.3366135657326121-0.4929294802609491j)
(0.33916127469086854-0.43697957856293185j)
(0.32707110525081656-0.3614471661602627j)
(0.30876297837481104-0.2638424831367254j)
(0.2922753656372384-0.14462049320350795j)
(0.2843878236277261-0.0065378227529450505j)
(0.29017330045638984+0.1461431315198927j)
(0.31291485045876194+0.30839184294541844j)
(0.35425389403268087+0.47497408011055714j)
(0.4144348942452133+0.6408184808835542j)
(0.4925448668866218+0.8012201278719235j)
(0.5866892472190849+0.9519443523224772j)
(0.694085197887039+1.0893016485260862j)
(0.8110879383379934+1.2102609363333527j)
(0.9331990545858996+1.3126559654743228j)
(1.0551401326437078+1.395512563899305j)
(1.171102703540826+1.4594715932672373j)
(-1.2631176959493027+5.959720258745943j)
(1.3627314873700334+1.5435729169546009j)
(1.4304127456530156+1.575415021571358j)
(1.4781214126416204+1.6105887805866386j)
(1.5088634539536536+1.6566039669302681j)
(1.5284061176053974+1.7191354082802444j)
(1.5440928326354393+1.8010038087949414j)
(1.5633653242757635+1.9019578292558283j)
(1.5925202429321756+2.0192072979156253j)
(1.2102307534798014+2.7276157973940864j)
(1.6963516944920032+2.2843721223152156j)
(1.7742953584349366+2.4222567432059723j)
(1.8692884697725864+2.5575022853128795j)
(1.9798076138075098+2.686245458062149j)
(2.103639899467644+2.8053085113791445j)
(1.4135477453429952+2.2363911934564045j)
(2.3798870222003696+3.005076932344833j)
(2.5256302904437966+3.0829003233885355j)
(2.6715080602336436+3.1454541368061695j)
(2.8136540342218153+3.193534998702039j)
(2.7443333406345665+3.4300264412206527j)
(3.0725433147534713+3.255111046120217j)
(3.183977862361867+3.275784362124098j)
(3.2818914842040887+3.2959009036660296j)
(3.367144051494086+3.320495706517222j)
(5.976664968473096+20.788372970472444j)
(3.5115010518918868+3.4006878639370606j)
(3.579943313169714+3.4620496258553746j)
(3.6534271783032626+3.5385812292205787j)
(3.7376612014263455+3.6286017304839695j)
(3.837621742363725+3.7285436502239606j)
(3.9569281226624677+3.8332270843327207j)
(4.097284410335197+3.9363416645394067j)
(4.258062544691665+4.031156533551968j)
(4.436153306918425+4.111440664452272j)
(4.626230824168557+4.172479067839487j)
(4.821506728216696+4.211951846978997j)
(5.0148810349383774+4.230389669466117j)
(5.200204320918413+4.231010635030512j)
(5.3732804576150235+4.218966952433103j)
(5.532338105658163+4.200260263498242j)
(5.259303885433643+3.998604304564951j)
(13.754519401333523+3.3736738290338923j)
(5.733140291277652+4.517595519055912j)
(4.035985941832744+4.390114155386031j)
(8.958938223439633+15.89074425220167j)
(8.850137640291617+12.315345649000507j)
(6.083782617947229-0.34381473248700695j)
(4.212149993137254+8.42651338315074j)
(2.106185280236747+12.436500801722676j)
(2.7991639770480927+6.8332381411097085j)
(7.959208328726335+5.947581699125842j)
(6.683486326935081+6.513308059641204j)
(7.875582468304943+4.93776095135582j)
(5.77771783735302-3.720785076080696j)
(7.468991640953085+3.85940065375773j)
(6.557520026818161+8.87229073796139j)
(10.351065862185925+5.431847882054253j)
(4.873429574288461-13.862951493083656j)
(15.937830169509661+0.9829618443553757j)
(12.739498654865637+21.198479241729864j)
(15.906656281577286+0.9350226845531301j)
(11.319519261742947+4.261379001289991j)
(10.224277395410322+3.5384150146645905j)
(11.838154235251315+5.003779749058102j)
(11.451724318412284-0.037774603518427714j)
(-48.189116557074-21.75946714807967j)
(10.646563986721231+4.629750961245585j)
(19.07487561343446-9.102728121689355j)
(11.749535120329751+3.728809240433574j)
(15.272400482289473+1.5912069226037493j)
(26.66848633256076-157.14172013608908j)
(10.032917814732995+11.409750715317738j)
(15.369250295992439-1.989506693394285j)
(15.909743148647236-5.219033235639092j)
(17.49344362332294-1.80676490110411j)
(22.53156323328552-4.6010053451617345j)
(16.573721305277235-13.699081584019545j)
(14.648420445636965+0.39612689730439316j)
(17.030156660306766-0.48875995532462j)
(291.53761872198066-80.71734489596106j)
(24.738361773299797-12.763934790903031j)
(34.225822401537435-14.357994065251578j)
(18.299241044614387-6.91567899397226j)
(12.370172226056454-4.962114364458336j)
(21.3666113895637-1.7586643460177396j)
(14.004847980703062-23.259250234872468j)
(12.341267746320597-6.774243174537452j)
(20.535136554323675-10.43826770867142j)
(14.131588962400327-7.325462835202838j)
(11.426181465516372-4.072118192016945j)
(8.982796010122163-7.134048965090139j)
(8.554540039569886-7.170644520142273j)
(14.660422808627885-7.379153651141471j)
(7.855798522913579-11.027151061869926j)
(8.237107488113573-7.644001948908301j)
(8.379165341786223-6.855651093686358j)
(24.6068376470973-16.824451853153573j)
(8.821657906406937-7.248997300404074j)
(7.709671358532601-9.097314232927776j)
(8.568386082078183-11.131250929960949j)
(8.395955680924565-6.645212802171489j)
(8.030003934058142-5.699571359467226j)
(3.531627137626017-10.292254396560516j)
(6.607547146258412-6.615659868292786j)
(4.127400352415677-6.667527827372168j)
(5.377927989898625-7.6725255684042875j)
(6.948830162773067-8.72329502237119j)
(7.7289455281645045-5.13974881892441j)
(6.135303662095034-6.018082772394821j)
(5.389552995349753-5.7477689724155665j)
(4.970328660653667-6.101575636993534j)
(4.434619807883502-8.135241721247004j)
(4.264719868189202-8.085014415587505j)
(-0.8789275903786973-11.493826171587399j)
(4.5793364297025265-6.377051856399939j)
(-2.775216316925386-19.475362144259787j)
(4.487964048982733-5.302711230566413j)
(7.373375457557926-6.018296149110144j)
(7.9262087378630115-8.163485223157174j)
(3.1162270137323445-6.573529504167141j)
(3.6369085645569807-6.543134584025602j)
(4.030109112041718-6.0018287790014195j)
(4.8025952633983024-6.855789203886611j)
(1.737833110152399-6.7938145775014265j)
(0.8265708518804392-5.953594399855668j)
(1.2635746500498002-6.361825916120085j)
(8.374207454014089+9.780396206794672j)
(3.489005166437125-5.279266421891656j)
(-0.25774548100979017-4.321065139339167j)
(-1.2863989053578633-7.281212711979876j)
(-0.9172723794007229-4.259331976125779j)
(-0.3293577471043576-6.239856481021695j)
(1.398283487955475-4.103453597730907j)
(-0.4456148295488696-6.022422798281239j)
(0.14289346195999586-4.266849708137534j)
(0.1645213617703126-6.3304388100151785j)
(-0.10508978027478852-5.562174268481898j)
(-2.9108303526482646-3.1383647067020752j)
(0.25317080746032766-6.636071064602244j)
(-0.3891205685697509-5.62543313853352j)
(-0.07442536906717306-4.889449283097934j)
(0.3032636575326537-3.73179055250721j)
(0.29720770320652684-4.373217710939832j)
(-12.102247482297939-3.0868791305194594j)
(3.653049757849908-5.486831791379334j)
(2.357553245531171-3.98404913065818j)
(-0.2771101025569884-3.182638157119721j)
(-0.7967130793321788-3.1414734586087927j)
(-1.1306294125328926-3.3848356278471954j)
(-1.3027285333887926-3.954553607837867j)
(-1.4214562447971706+0.37284943978248414j)
(-1.9592047884208286-1.2982006523839213j)
(0.3883024207649816-1.3592123848719175j)
(2.046372476535504-3.8581963303135596j)
(-0.6970375875734742-2.083454824300363j)
(0.4888946183106072-2.2186301606963705j)
(0.11566673081692451-1.7132661801711009j)
(-0.2237968503543703-1.216822120014047j)
(-0.4125137079143692-2.5283036159263896j)
(2.165073270613213-3.732897692637302j)
(3.8689576441106643-1.0761293516498507j)
(-0.01675310187705484-0.7256796803716824j)
(0.011165421918309767-0.6311764245661151j)
(0.023326868726357468-0.5377214507522403j)
(0.019852616606685664-0.43794651832448805j)
(-5.031759355068299-1.4318834970100807j)
(-0.01865165674349542-0.19040012627393815j)
(-0.03859685514508254-0.03243988594661492j)
(-0.04577700874960963+0.14951413925174184j)
(-0.030423895578589242+0.3511276363340894j)
(0.014812108186205776+0.5644087352154635j)
(0.09354270467093437+0.7792247170452613j)
(0.20530440734149444+0.9851846638414583j)
(0.34615295448002875+1.1732750910576408j)
(0.5098089223232819+1.3368575351906968j)
(0.6888994359309066+1.4719679316856442j)
(0.8759737509955202+1.577096907744682j)
(4.666181763241149+7.971207796950605j)
(1.2475334079073734+1.7006944891225564j)
(1.4211490171519567+1.7239349279207627j)
(1.5810767585097334+1.7259384211838342j)
(1.7242880697321308+1.7106352269819032j)
(1.8485913465560266+1.6822511895648986j)
(1.9526021330919012+1.6452403038670815j)
(2.0357686384190643+1.604233896485504j)
(2.098450408242752+1.56396683707204j)
(2.142031893535868+1.5291439878667996j)
(2.1690351051139127+1.5042178350610411j)
(2.183178217221174+1.4930648578493417j)
(3.6080190640572374+1.0322810833019296j)
(2.193200749961879+1.5222194778854723j)
(2.2010369038253526+1.5636563799635648j)
(2.0103955345148443+2.852251505708746j)
(2.2517370828434733+1.6885879441635476j)
(2.30322444540908+1.7619399440725605j)
(2.3747331762599644+1.833813625514414j)
(2.4654025515571583+1.8972763092874945j)
(2.5722015561148264+1.9460188368831766j)
(2.690298568655421+1.9749916903218812j)
(2.8135815897363954+1.9808389360286358j)
(2.935228359143779+1.9621286990335454j)
(3.0482613606694815+1.9194196842309659j)
(3.146066323474636+1.8552095275487113j)
(3.2228819853897+1.7737894238290783j)
(3.2742715305330328+1.6809975304656544j)
(3.626064490530618-1.5003478186147416j)
(3.2922007808437104+1.4899561114554485j)
(3.2599378052502135+1.406920884479835j)
(3.2047512388313706+1.341475511576771j)
(3.132458589960758+1.2987903343313378j)
(3.0500487361231428+1.2819276664588068j)
(2.964851343647836+1.2916218878593793j)
(2.883714960467794+1.326416462631596j)
(2.8123561109288904+1.383098179089101j)
(2.7549777987425337+1.4572984134525924j)
(2.7141701761676185+1.5441140880023791j)
(7.319270107735297-2.8239176555989256j)
(2.685450008504087+1.7362996211940196j)
(2.696360578725456+1.8331244761662284j)
(2.722067780598387+1.9257481125870415j)
(2.7604354104083146+2.0114216755945673j)
(2.8090222589649176+2.0879406113614767j)
(2.8651332512108634+2.1535779999986415j)
(2.9258040234574274+2.2070555102127236j)
(2.9877449843723154+2.247587358541456j)
(3.0472892166007868+2.2750281080714725j)
(3.1004158683482177+2.290139912662355j)
(3.1429510506328255+2.2949531029023653j)
(3.171055785414982+2.2931109315731684j)
(3.1820438557729176+2.2899758766288065j)
(3.1753832340055386+2.2922071182248422j)
(3.1534661153142927+2.3066381160748857j)
(3.121600377746682+2.338667823159717j)
(3.0869460475375936+2.3908296485734652j)
(3.056743901146811+2.4622769179884476j)
(3.0366550117165425+2.549422635531402j)
(3.029901758730027+2.6472949249709425j)
(3.0373340678587692+2.75089654040587j)
(3.0580729027189832+2.856091492314822j)
(3.090287405204235+2.959938020474596j)
(-17.01543130717022-60.191378071067675j)
(2.886656176054845-0.3096903085146039j)
(3.23483246782564+3.2495772110364003j)
(3.2930264764603234+3.3376706032239927j)
(3.354038732789734+3.4218874023559347j)
(3.4169890178673055+3.502662790742835j)
(3.4812071886489613+3.5804538447550236j)
(3.5461700225259216+3.655694809059521j)
(3.6114394830125556+3.7287760352328463j)
(6.954667369395679+9.755285576104948j)
(3.9607443816138472+5.408485236174239j)
(3.968877691115954+4.03144997145038j)
(4.10348560162145+4.885139949522233j)
(3.466456271731645+4.092826940130359j)
(5.827882861819786+4.426362433793561j)
(3.5923422403091214+6.03864532776801j)
(3.301173965882856+5.8417369230260405j)
(3.4205462620434597+6.3866537204608385j)
(3.966180311991349+6.144435898224145j)
(4.334822569137649+4.392974133501218j)
(5.331096918761829+6.19262985067863j)
(4.96871152698215+4.973795499435312j)
(57.4551764024791+88.42121360792366j)
(4.835580347916075+5.604620116613644j)
(8.058220935948004+9.979623702125059j)
(5.069923032520123+5.143324810295712j)
(5.950867850288142+2.70453761896104j)
(12.166354819282668+5.338344849747864j)
(4.718124553479239+6.260141293659204j)
(31.535027961665453+24.12841850571114j)
(-42.02373376687996+47.771229663865114j)
(25.16452774173752-4.292684807419565j)
(19.867032077705943-2.013681595166192j)
(4.4534234188880175+5.642642874676156j)
(5.344161156450242+8.923717716290245j)
(5.350911779241732+8.419382445543217j)
(6.192353450536314+7.716048228684673j)
(7.041284848407398+10.134111861201426j)
(5.599048830062584+8.994305095072319j)
(8.20368736564556+8.270399889495199j)
(10.266081983661413+19.60736007277821j)
(7.40904593115377+10.726446373528427j)
(6.4503446359336145+15.772401584842807j)
(9.829705921248179+12.517303026156252j)
(26.15791141453117+12.569235154969322j)
(-331.5418570229686-99.43838215684998j)
(0.13106081828380475+25.400783373421454j)
(14.154979559569659-11.96114972879955j)
(18.935740104990906+26.360497887384334j)
(22.46985148580981+15.517431565430895j)
(27.258990959416707+14.057455035077822j)
(24.716201678508707+15.941538366161252j)
(29.49801887695595+8.038423590021335j)
(16.870784380507708+7.234678071133754j)
(39.84057406188837+6.5482170943731095j)
(14.36033748453792+9.542077665747138j)
(18.350075885418+7.023521045251781j)
(24.948081078118683-27.06875197132165j)
(39.74491514569453+12.728230089021627j)
(32.28098774677079+6.795510583528333j)
(47.66750626474739-2.288661834226103j)
(18.181930904367395-15.859153617410236j)
(28.449141000932176-5.22717762745274j)
(17.32980012137721-6.225930474356807j)
(11.040283733549352-13.728823269900067j)
(11.275651662448078-2.9984055470860453j)
(44.19647721272311-14.39616967013694j)
(9.70207954042117-10.796952809805855j)
(8.631095810800733-9.641666253141493j)
(6.607272127944399-8.954886672328712j)
(11.472329005362608-15.765941994936638j)
(18.605018641742046-11.552489709775045j)
(39.86875112418108-7.333790412118744j)
(22.603380497511385-19.757891568989287j)
(51.34848517428886-47.51106652563547j)
(21.083539000250752-14.669039320407077j)
(0.064991830684249-13.815838756762387j)
(9.363218228577416-14.642160718971194j)
(4.6681506447318535-11.235880915974722j)
(8.41831847945326-32.82885672809478j)
(1.8653553879861906-14.465582158300315j)
(11.529303239178452-19.60886596741894j)
(27.85568951612714-5.127728630338389j)
(6.8540883419688425-7.825410991500276j)
(4.794814582017997-10.289040711765338j)
(11.896653120096524-7.558788064858162j)
(2.8358992545593784-6.557638483976619j)
(16.80313440471704+12.93186392168318j)
(-0.7143442079611787-6.1798209607889305j)
(4.759021813034802-6.097222230973721j)
(3.449437475934178-7.5791519972451615j)
(3.98613964332713-4.132827867435174j)
(132.50886274013413-82.10640892690795j)
(2.860142758298262-5.843182387618372j)
(3.17345184605068-5.66121943201747j)
(5.230210355880174-7.670113418487174j)
(19.006388788548886+4.9403807864176486j)
(1.9896139229434888-6.372897361572501j)
(1.9818325553907563-4.722176247196324j)
(0.7251173094488694-7.093143144032634j)
(6.002706032526955-6.605824236070234j)
(5.80705286068223-6.03163484212816j)
(1.6714650459715623-5.521292848431275j)
(5.4165872728015-2.2147883302456592j)
(0.10799608971714605-6.2051310164263125j)
(4.779603134420752-0.6962972207933583j)
(3.2719363981846703-5.5369862028527566j)
(4.283891634281849-6.169920151263439j)
(9.749513154389392-1.7669916279348632j)
(-8.248975166087225+3.0694254769601534j)
(0.45248886438377695-3.802454585225293j)
(0.19872967928351615-6.02991986758245j)
(-2.005364928771159-5.592520937681775j)
(-74.0323525142394-22.338422917867224j)
(0.8233182819045278-4.204865769180794j)
(8.55244816948564-0.39790293214285183j)
(0.8615192803042627-4.599102787510407j)
(1.9507309694914594-5.154055162214728j)
(-4.251841243270237-5.818605532022894j)
(0.4027546424064186-7.54259683047589j)
(0.9540275960782417-4.3217504172505j)
(0.9166413983186611-1.3135103152955372j)
(-1.869577061642664-5.2032125734753185j)
(-3.1870167344989873-1.9690947807952777j)
(-0.5102652368245209-3.4114340318272123j)
(0.5443128709436199-2.2262885614504073j)
(0.6493783935788618-2.647424941233207j)
(1.3141927198398158-3.088152632130462j)
(2.001849666930854-4.512720547016088j)
(6.349911972706079+9.406134034472458j)
(-1.9548501609645066-3.50118693921725j)
(0.2613443223388611-2.377677702913121j)
(-2.939934768817742-3.6231332815147503j)
(-1.2397591263301322-3.169510789199026j)
(-3.480630323482236-3.661076159657336j)
(-0.7278172423966612-2.80059046613263j)
(-9.66076061794572-3.4045648427065327j)
(-0.09387893029706008-1.4131713845680942j)
(1.8489212859145017+4.952328775014391j)
(-0.26933048022895323-1.2805918937627288j)
(-0.9386263387163022-1.24114416214827j)
(0.5568747848114167+0.7618185521185571j)
(-4.065484537518684-0.6245503060080926j)
(-1.2222178415213716-1.575431170084143j)
(0.2752899882281021-0.5191846240162219j)
(-0.049063516401313706+0.0715738631812799j)
(0.0014128619104012835+0.20764590600957447j)
(0.05544350235745405+0.3401749813422593j)
(0.11299350776350665+0.46958063061126726j)
(0.17418921671038476+0.5961709252999078j)
(0.23926591947121054+0.7201185731972559j)
(0.30851987824985033+0.841452735919417j)
(0.38226711780468087+0.9600619352938916j)
(0.46080964659323087+1.0757040462414251j)
(0.5444086227735742+1.1880202857581168j)
(0.633263359265932+1.2965510620662362j)
(0.7274948180721441+1.4007524250323875j)
(0.8271322605719229+1.5000126270788967j)
(0.932101941997891+1.5936689767036567j)
(1.0422171816577648+1.6810257549529781j)
(1.1571698889541273+1.7613744121391839j)
(1.7810647850582335+3.6556290324005114j)
(1.3997189603294278+1.8982959705591231j)
(1.5260710430066178+1.953621384922283j)
(1.6548034292039915+1.9995029719075412j)
(1.7850782503184677+2.0355652916367473j)
(1.916039329665787+2.0615432171092305j)
(2.046843859113198+2.077251206317281j)
(2.176665269005347+2.0825366915144583j)
(2.304659586006902+2.077241003210972j)
(2.4299070335241457+2.061192065571063j)
(2.5513544425480865+2.034238339168471j)
(2.6677820304140316+1.9963143974260575j)
(2.7778046144161657+1.9475188357289472j)
(4.85720600320134+2.786218812981435j)
(2.9724888327258125+1.8189553020169398j)
(-11.418514989691772+0.44520293504365827j)
(3.1228280785297753+1.6550529623562462j)
(3.1777712201242116+1.5634307198268065j)
(3.2177907195715933+1.4679701399912704j)
(3.2423002516218715+1.370973048383371j)
(3.251223283349013+1.274886128227682j)
(3.24504756307546+1.1821420987252325j)
(8.155403985858483+7.93295560679933j)
(3.192060681818477+1.0152192570277545j)
(3.148607942325224+0.944175323247206j)
(3.09638143378837+0.8824979972018097j)
(3.037118707652401+0.83021767079665j)
(2.97211079900378+0.7868626505392451j)
(2.9019877339714832+0.7516991040618299j)
(2.8265985039415176+0.7240728738810964j)
(2.745030625223186+0.7038284014248972j)
(2.6558192329998613+0.6917654375483243j)
(2.55740307345453+0.6900638505558315j)
(2.4488765227917333+0.7025473155711112j)
(2.331022463868535+0.7345710981457719j)
(2.2074401363595064+0.7922597053859195j)
(2.0853057764553307+0.8809145683219514j)
(3.018176035727699+0.5159982596624318j)
(1.8887031568404917+1.1551843752760906j)
(1.836498250664394+1.3297401695612314j)
(1.8242770494453189+1.514163451263128j)
(1.85199343664793+1.6952284919439682j)
(1.9145630992236506+1.861824608917551j)
(2.004034464621004+2.0066461843715055j)
(2.1118587672842386+2.1263007694517904j)
(2.230437103056302+2.2204131388659003j)
(2.3537933030641076+2.290449298168278j)
(2.6904170525943183+1.849568125131682j)
(2.5989807442493835+2.367687541358814j)
(2.715983236790332+2.379623666525079j)
(3.1874338252213232+2.3654133257508176j)
(2.9323481669095877+2.3594733451676886j)
(3.030177940299846+2.3298813619480723j)
(3.120188789512497+2.288323320908136j)
(3.201550530355708+2.2352244891991244j)
(2.335037500202623+3.6382405813528895j)
(3.3336266211509566+2.095321838474131j)
(5.19468100121531-1.2047135558205355j)
(3.4451642057816674+2.95196126969119j)
(3.426409217936211+1.8063435975288584j)
(3.4180476774676136+1.6930945798972517j)
(4.7321750892629595+2.9305843893782315j)
(3.321049378276963+1.4590905357373127j)
(3.2261399805462405+1.3500225340391852j)
(3.098593106908584+1.2572904620698626j)
(2.9407168119154363+1.1910118508861793j)
(2.7589213259543883+1.161274377003979j)
(-18.675793064822678+47.6345220139122j)
(2.3698586096298495+1.2390516835078496j)
(2.191683795424712+1.3480952460368119j)
(2.042544489162529+1.4953083423619775j)
(1.9312333261263777+1.6687179399486627j)
(1.8612014828225338+1.854835850571581j)
(1.831041778321189+2.041079269742389j)
(1.8359154891138434+2.217298007718317j)
(1.8691682716615339+2.3762505650783456j)
(1.9235919132456938+2.5133081213243917j)
(1.9921173894370394+2.6258049927499476j)
(2.0679634701301413+2.712398072684438j)
(2.1443843038567416+2.7727003585624073j)
(2.214241509659746+2.807391771022984j)
(2.269773966131973+2.818938197671886j)
(2.3031549853714295+2.8127847635916745j)
(2.308405067609903+2.7982382745191856j)
(2.2843251397174433+2.7875522488180144j)
(3.5462599872385234+10.15620515428789j)
(2.7473601275964663+2.737367592456195j)
(3.8033596986548193+2.78120377069239j)
(2.4286162384868604+4.509300118775517j)
(2.534818210959737+3.521059403511066j)
(3.09455486787376+5.114462640245577j)
(11.572584296440903+26.04713108597612j)
(42.28311392210119-35.17210041975123j)
(0.22698410988655504+6.05706488858298j)
(26.22520687860333+9.286646462449841j)
(-1.0223965408473734+4.053774450726925j)
(-0.6941959689544586+6.303562441292201j)
(1.9225971419412564+3.5414106240080536j)
(3.0516803569938062+3.339429643022272j)
(2.008489676506821+8.048753068646914j)
(1.6611909975283388+3.9116696043196764j)
(2.385591593636325+3.372282413788317j)
(2.749564592874755+4.180295164814595j)
(1.6151765424022189+5.800049857115198j)
(2.719605038228071+3.754272582877462j)
(-1.4351563073572169+5.038081441941205j)
(-0.29044230338870236+8.210050160211106j)
(25.635809781361797+7.445588848598539j)
(0.20130347535325985+5.769234933673781j)
(-0.4868377293766766+5.825042163075863j)
(6.388419293554014+2.7018251057423757j)
(0.12632215276565245+6.017188165942146j)
(0.302386761544568+7.143799463109384j)
(7.113870073602934+11.526311032925772j)
(12.02790557067355+15.31109886979091j)
(-1.168195029116604+13.496795784308787j)
(0.9427581497274352+7.318857146405325j)
(-0.8630155588359725+5.685069521953946j)
(38.67008222885373+13.429401530448265j)
(2.7319753099064563+17.625541169427613j)
(6.898757302304701+10.149252868043135j)
(-1.849911240582817+6.184386051795227j)
(-122.23524877376948+164.20115023516755j)
(3.71785758334045+5.570305321152945j)
(-0.42313154066846903+1.7784206764683668j)
(-1.5299352168723397+9.059144706841277j)
(2.1386584711615253+6.948404796822527j)
(7.420431935811625+5.527846215976459j)
(9.31184536146459+21.43860729760771j)
(-1.1888298950115728+7.639166567050955j)
(-32.77873111884152+19.204091832584098j)
(-5.562271476742539+13.74250604172733j)
(-34.07524766462973+24.6617610559102j)
(-5.4619810505306425+10.150935646914688j)
(-18.0736501631134+24.530102721040652j)
(-11.591862055698698-15.544369674709348j)
(11.14521694316999-20.892121374285907j)
(-20.279019862561725+36.34561411429444j)
(-16.234653389809964+20.739896981090936j)
(-72.18515615129432+397.42093198676434j)
(44.355697989062136+35.18516562716747j)
(-59.94313782568547-14.372900214247805j)
(4.211029045018587+17.928258196933754j)
(19.19670420090557-52.96571156939923j)
(-16.51377578692636-21.88383618670098j)
(8.204330100818273-27.451272974456675j)
(1.929932864370574+22.80147501966536j)
(28.069043179025442-18.096893220121522j)
(1.3819153771584147-14.586175417604043j)
(-7.396894250306501-15.499394762177626j)
(-20.291979409789683-19.908166134056216j)
(56.48310290232383+11.235166299732338j)
(7.036392367177009-16.119420885522462j)
(17.97750042681125-13.471455428607062j)
(14.526595861951574-10.760917738566992j)
(-11.809881243804027-35.61199832809834j)
(23.064816032882096+12.442538537723056j)
(25.945066573258032+1.698660646758754j)
(9.665496238105513-14.852584189500446j)
(8.862251025957804-10.411241051166895j)
(28.50791276906091-7.146898414594291j)
(0.8811894814727148-6.983286689678472j)
(5.424933753413446-7.886908177208939j)
(7.169033224526843-10.085020914719422j)
(25.078729962233446-34.842858106815825j)
(21.256481152111057-3.536267783276296j)
(7.811251648817807-6.936002821756808j)
(6.48108761888391-8.760013951651299j)
(7.68432447125026+2.01570713425782j)
(8.250193365654429-7.78172738892648j)
(15.632050736045906-41.367305177429756j)
(4.632012507640941-9.188835414787137j)
(10.63401036714446-6.4636152413113654j)
(3.5131054436142146-8.175541375205661j)
(1.6524795680727824-9.487846381217436j)
(-1.957512580425324-6.94273165286386j)
(4.865468010197762-6.6226152394933715j)
(-36.15210003008608+45.580976985766156j)
(7.23047899213902-3.957088428189134j)
(2.29972693762209-7.792081980703924j)
(-2.5224950464792393-13.041556354598681j)
(6.594120889066536+2.052080025395084j)
(4.552756146459614+0.12118143808443688j)
(7.434481027157212-1.1463375179576345j)
(8.79785529221421-2.090406810642433j)
(4.622458878741184+2.2222352627019544j)
(11.078138724765095-5.366552829192824j)
(10.889212467589777+4.942783699405465j)
(9.31387558001853-5.558828869402603j)
(5.1893577515193465+0.9554604932122056j)
(8.141945824709968-5.705145034458287j)
(-11.597717443756864+11.927310075571189j)
(7.014327994048959-5.266184402287655j)
(-29.230841882496033-34.476957805941275j)
(15.507074768752101-11.875800787479442j)
(5.805155286943069-5.9997623298909035j)
(4.4721251541947975-7.611237863559401j)
(4.032437640205189-5.900087303211894j)
(-0.14374858426249032+1.5595406260256757j)
(2.501342274726085-20.10126888622309j)
(-1.2325481767704776-7.773094161929142j)
(2.330928275814602-7.657254070126346j)
(1.5614861703879868-5.072128342378869j)
(14.672526453597321-22.985766256575616j)
(2.1750211588211372-10.770621241282564j)
(2.84695797432626-8.094086008304881j)
(7.609238260058968-10.899842713257446j)
(-15.736740934203054-46.08329863112097j)
(0.2678175816008886-6.509894944454371j)
(24.205356373530933-11.052519723957941j)
(-5.66802438487917-7.45269105074025j)
(-2.1733648933760947-6.458143687974482j)
(-8.397434515712806-7.741044283360187j)
(-3.122199290989244-7.20406883078878j)
(-4.882522692432006-8.267573226797722j)
(-9.622650569555672-4.430625775744145j)
(-2.0513092466333687+5.814225749801347j)
(3.834153123708269-16.576337326270377j)
(4.05434369021253-37.65819654069322j)
(12.696812056703765-18.06813638879572j)
(8.402103228511258-14.355388468427536j)
(0.901177016291225-15.822150293393847j)
(5.922829256207204-11.591910375007547j)
(0.8978534854658542-6.473860728097303j)
(3.8622248124106355-8.295912546318513j)
(17.492740520154957-10.62247119854533j)
(5.5010959270391595-9.617235152916873j)
(4.956433976193204+35.252183135369j)
(1.046876400888331-10.306249034325655j)
(1.5563251039203148-7.4064826567497795j)
(-0.08901540072911678-7.961964091383294j)
(1.62071869147827-7.7487909527760035j)
(0.16590781474991784-8.096217772338433j)
(-1.5415780815809574-7.593481053870541j)
(-2.6286023099014866-6.47039335351498j)
(-5.803579364981726-5.052602603849096j)
(-2.9689448476230575-6.136529943228083j)
(-4.183499479523893-5.026405678502615j)
(-4.29238404184359-4.401403348202024j)
(-3.5740295729668294-4.330937079960918j)
(-5.703941630705089-1.7381149230253743j)
(-4.502920212197828-0.7368776450802995j)
(-5.060978226984425-3.9252571746522746j)
(-9.48093270812091-2.1283127216478337j)
(-6.564849105505233-0.39800871870019877j)
(-7.650763840860768+0.49422353671816815j)
(-6.310889146056487-0.7019465483915541j)
(-5.298929072819971+0.4427505074353174j)
(-6.6662434474067425+1.061481164475234j)
(-5.652066312140565+3.3009262731848565j)
(-8.278720515619979+0.45611245428008623j)
(-4.7429904878146925+4.041900207562814j)
(-4.456307661763312+3.9806236982424403j)
(-10.307669266265227+3.0618613193992847j)
(-7.043185520255902-7.738166399491166j)
(-21.326055411108044+3.5836003183523375j)
(-16.63260782677793-5.47323925267056j)
(-9.917152335999894+1.2428369709275988j)
(-7.244323636295814-2.0205074671492795j)
(-10.649036311452344-1.7888884190388856j)
(-6.557111434132077-1.3859806755778399j)
(-5.407522914133253+1.6941239456411108j)
(-7.913662340882768-3.3117498239241017j)
(-8.560210279446547-7.1110059877403495j)
(12.227745661849976-27.565235141396336j)
(-7.053260074971411+4.496952900035141j)
(-3.9475494934122977+0.09523059661375728j)
(-4.978140502432494+2.570573652156607j)
