(1.1958813352482425+0j)
(8.408898518751279+0.4713342597395648j)
(8.714448957348088+0.9625227734521269j)
(0.9344377346211923+1.0591227707199864j)
(10.098005913064961+1.4054162844158997j)
(10.96655702918736+1.1226555548099653j)
(11.72478763960912+0.45916861414746835j)
(12.201047382991602-0.494627173648707j)
(12.301469410462227-1.567289550998292j)
(12.042983102213519-2.5743510308785953j)
(11.529201599937482-3.386208405715001j)
(10.894663565462446-3.9563025360521946j)
(10.255927535963737-4.3095618918537255j)
(9.68578100221992-4.513535765772147j)
(9.206317474460418-4.648939291780285j)
(8.793709428328512-4.783884851721058j)
(6.5709139556990435+6.11600084624643j)
(7.947029251379068-5.144157390247975j)
(7.420770917869195-5.31172514564138j)
(6.822469294439249-5.398751054577589j)
(6.193697359747631-5.367992025217943j)
(5.58759269123854-5.214774894423703j)
(5.047962193231903-4.962866589049666j)
(4.598200827831132-4.651962378860327j)
(10.244739410472413+4.638345176616712j)
(3.9499796524333237-4.015960252734904j)
(3.6985500703070042-3.7431231444813617j)
(3.44955769400365-3.501695101751816j)
(3.180045915115968-3.2681517197998384j)
(2.887835868642278-3.0120761433184597j)
(2.5896781814204157-2.7106674890847873j)
(2.3110329240949965-2.3571455429451573j)
(2.074932226791283-1.96040912904914j)
(1.8950174227074648-1.5394616968936483j)
(1.773030133444197-1.11677026721677j)
(1.6991779913240492-0.7121614868259205j)
(1.6548399015032127-0.3373003181805308j)
(1.6181787744721565+0.00837189508361269j)
(1.5720700279049657+0.33778337567046945j)
(1.510866430861815+0.6708068044922586j)
(1.4417618509801893+1.0255346916136205j)
(1.3801490533153156+1.4113804976005786j)
(1.3425856242292036+1.827210029161563j)
(1.3412285874684304+2.2636592476820825j)
(6.794908493373658+8.151822853631984j)
(1.458720752506473+3.1439910193465437j)
(1.564327151382613+3.5646525414746404j)
(1.6836634209642738+3.967173068024345j)
(1.8038042249707527+4.358728486795926j)
(1.9185519462682323+4.753297854237369j)
(2.0311248361459557+5.166061786233367j)
(2.1524277983748696+5.607688995287663j)
(2.2965212330961204+6.081534044809946j)
(2.4761615756226854+6.584166890324496j)
(3.2392825144604194+6.798441057240017j)
(2.97137688805469+7.643207728189244j)
(3.288724097541869+8.182955707398744j)
(3.6472967614428997+8.724068141691536j)
(4.042750095235941+9.269580625509233j)
(4.475180351304964+9.827475051892604j)
(4.951669686186591+10.407230034746352j)
(5.4861475355243945+11.015838808829114j)
(6.097388105798652+11.655192974121555j)
(6.806847220612893+12.321142692737585j)
(7.637260847350137+13.00325812172415j)
(8.611756480406884+13.684290455694923j)
(9.752670151908026+14.339030328601638j)
(11.079347609410299+14.932951778466297j)
(9.473783554330199+16.71781561229156j)
(16.825099265262576+11.459312629223097j)
(14.56486710703543+16.90362869753678j)
(104.21834343741672+23.645031450627606j)
(9.545157730651479+22.492904734757325j)
(24.28731309189248+16.124071124218226j)
(35.161751726310605+8.59327574305488j)
(53.515379682233274+5.507721048403098j)
(31.254456183174995+9.885785336305904j)
(144.4443154154185-13.949248859721305j)
(21.7132070692194+4.660411528138316j)
(33.11157571142737+4.088378168345557j)
(36.35334678460427-5.696560288950477j)
(28.889548238530505-3.4215451779950077j)
(31.31621047114233-7.9599767771478405j)
(29.702633836228188-11.75777282355025j)
(21.019655111445456-14.507278909964533j)
(23.78160296192163-15.307072755108107j)
(36.08321261448518-21.6330685465159j)
(19.82083129219077-14.622443007712587j)
(20.12664756727748-11.918470824981386j)
(29.582631133351125-22.775679914107954j)
(13.564412124616878-13.572877052890119j)
(16.040165822301823-10.38006398254556j)
(14.124881112244083-13.489196625223315j)
(5.269720314867884+57.708269147334164j)
(2.0328185052638035-23.092209276729466j)
(6.0630508548609745-26.506754974289326j)
(19.184552743045526-10.047559625695602j)
(13.836174869874185-32.59617247164968j)
(8.98353665414496-10.82256175983765j)
(10.513631960202952-20.288697951535514j)
(6.684598778223514-12.2234452454436j)
(7.328882378860621-8.60664846858923j)
(17.184940724791524-13.318764978280846j)
(7.285291684799399-9.321818094508581j)
(7.013982623899219-10.021069597492797j)
(6.138930440341243-9.795436048850108j)
(5.9149440869185-9.516762194301446j)
(5.703990701920426-9.250887209539792j)
(5.505879987006775-8.992198973071233j)
(5.323015523163574-8.7376855393627j)
(5.158314185840375-8.487441606440488j)
(5.013492811596565-8.244008265304831j)
(4.888111240048242-8.011095621749309j)
(4.779408653782322-7.79213335002649j)
(4.6828933104653085-7.5889728380445645j)
(4.593582982063634-7.401106771394792j)
(4.780166826223071-7.942260862530938j)
(4.422969785289078-7.059099492877199j)
(4.340474149469745-6.897533901676083j)
(4.262117878031026-6.739192838261878j)
(4.190162866797326-6.58416869158748j)
(4.12593318367156-6.434088071788794j)
(4.069229830984733-6.291202747854649j)
(4.018337911419621-6.157400366185668j)
(3.9705432222392094-6.0334064876016935j)
(3.923012090192755-5.918403849457855j)
(3.8737602270870313-5.810250594108311j)
(3.822294934170035-5.706283159286979j)
(2.902619073168205-5.380361771343372j)
(2.4077731142446073-6.494626343285268j)
(3.667077624217937-5.404431738023738j)
(3.6193937904425337-5.30818849134322j)
(3.5737226106261404-5.216215013380206j)
(3.5286124918038486-5.129245978817041j)
(0.7234522508188985-5.888202691751465j)
(3.433367236323887-4.968246071748395j)
(3.3813088375358986-4.891131721971289j)
(3.326661768982207-4.81395072675452j)
(-0.11683412028936632-8.595848401256543j)
(2.0145069221576937-6.1863839011404815j)
(1.7726123167860832-5.302642080134698j)
(3.1055390851398377-4.498537885149845j)
(3.0512765713988546-4.421443663699188j)
(2.995873992966307-4.3457161970837435j)
(2.938442916324212-4.270515311687001j)
(2.878723137326047-4.194576432895345j)
(2.17491362667443-4.6654780954023725j)
(1.6425500764336987-3.998282634889208j)
(2.693131696120828-3.953088594617919j)
(2.6324870274829713-3.8681580724764437j)
(2.573063638804334-3.782326582560231j)
(2.5142228355951-3.696243332246742j)
(2.4550176262238703-3.6099064266302467j)
(2.394685052369672-3.522636827224743j)
(2.3330238772277223-3.433361389734582j)
(1.8501933205008394-3.8123447873874676j)
(2.2081084862182205-3.245135880837816j)
(2.1469115060624633-3.145706779924027j)
(2.0876654828200185-3.0434678973051232j)
(2.030456457671382-2.939389355786876j)
(1.974665822128898-2.834217644925167j)
(1.919265418387444-2.728055702498497j)
(1.8633282232955037-2.6202326813414447j)
(1.8065040835267208-2.5095404991157837j)
(1.749227088878339-2.394717359666009j)
(1.692571588727621-2.2749419710229706j)
(1.6378428461570744-2.150125653584266j)
(1.5860803530238616-2.020899164093231j)
(1.5376607629314967-1.8883054823472167j)
(3.3082456440305066-0.9261003760618046j)
(0.6288693252149035-2.092030938275212j)
(1.4055797771577823-1.4765302509338603j)
(1.3627183926311972-1.3327981705565057j)
(1.3202476458508423-1.1832803644155918j)
(1.27947917221133-1.026543511909124j)
(1.2423082956047182-0.8620036213135746j)
(1.210580440013243-0.6900748530503229j)
(1.185518950215894-0.51190539016448j)
(1.3363420339602208+0.538803374359485j)
(1.1557866861547206-0.14178582752745214j)
(1.1496563475389259+0.049211570978174995j)
(1.1483768578683011+0.24513248705639232j)
(1.1521954092051132+0.4476300071304357j)
(1.1625817306677966+0.6583339765807011j)
(1.1820187573989016+0.8780867532556103j)
(1.2133553704254811+1.106485181141136j)
(1.2590398926512094+1.3419278740961644j)
(1.6139234694398616+1.9973342520282704j)
(1.3983703503576745+1.8246013256878109j)
(1.4919909176736217+2.067601976653099j)
(1.600669532329672+2.310109964416123j)
(1.723918997597323+2.5519894128905642j)
(1.8620326382940662+2.7935830381813327j)
(2.0162799288614957+3.035098326449615j)
(2.1886950027801135+3.2759768641795444j)
(2.3815237408650267+3.5145018708193847j)
(2.596545664078089+3.7477990984521727j)
(2.834525588018465+3.972213541760182j)
(3.094969786938892+4.183905131319083j)
(3.3762337780529528+4.379458913291516j)
(3.675922013456744+4.556331509560161j)
(3.9914515052962494+4.713013780824868j)
(4.3206105899681795+4.848861381224671j)
(4.661930689162944+4.963634087716328j)
(4.167226555584066+5.460855450230174j)
(5.378735107383603+5.12742234016646j)
(5.753508277246782+5.173057731262166j)
(6.137676501630271+5.190794965105093j)
(6.52845626711031+5.177419797672558j)
(6.9215513502117325+5.130322565625956j)
(7.3115402944344945+5.048277212016354j)
(7.692651850440468+4.931908329122272j)
(8.059697208858907+4.783672330606168j)
(8.408864306306446+4.607332690965036j)
(8.738107793918706+4.407076937034865j)
(8.499044101107224+5.005986217244101j)
(9.33597620720381+3.9481750805008704j)
(9.605493682265845+3.692916443990454j)
(9.85497295471582+3.4207835633424613j)
(10.082390404665544+3.131746687100951j)
(10.284467023873429+2.826830601654076j)
(10.457532244762188+2.50889722550363j)
(10.598745879383326+2.182760336675158j)
(10.707201224514687+1.8545275397192007j)
(10.784459865121928+1.5303813376250073j)
(10.834287692182626+1.2152402268508213j)
(10.86166622310196+0.9117861290450224j)
(10.871413576476044+0.6202082934514853j)
(10.866883610232268+0.3387685688641583j)
(-127.45400985011162+13.196369904780866j)
(12.161168758477949-0.6102496250700502j)
(10.438187395149262+0.8967131947580639j)
(13.934983377319824+2.6300956325860785j)
(10.864909544647936+2.062473499275593j)
(10.210410137534526+2.432638721848205j)
(34.077256302644706-1.0090201838586046j)
(23.301045132781073-8.316254366373041j)
(11.750584005979753+1.697082022058486j)
(17.448909667012188-2.202067474772014j)
(10.005461403690932-1.8763995281823975j)
(16.092029097365742+12.088306653016433j)
(15.950598047239295-2.7512215622007674j)
(18.85694583061347+2.011905135184169j)
(3.233515739342653-1.966625243973451j)
(-8.182395459436973-30.010479196970486j)
(7.795810290386154-2.43592894213495j)
(11.357468313400378+9.284281107776913j)
(8.985098794856656-0.276380312323659j)
(13.531761549232922-3.7919926537838426j)
(5.5081100608962785+31.20071832286322j)
(7.234941407879569-6.997119476376164j)
(8.679916783378042-6.76924937347834j)
(7.977128643251446-4.815207785119306j)
(11.778322978025914-1.700334297113198j)
(10.503627421411855-3.0559390243090063j)
(9.497657105634264-1.397939470621955j)
(19.895891109978777+2.7101999713445815j)
(12.398240557636374+1.5045425313615333j)
(5.143879662111098-6.470199123724366j)
(1.027783995067691+10.245105343603845j)
(13.089693763534788-0.7107246033038481j)
(18.541384210412097-2.862559812929392j)
(4.917703202678299-20.49648593974346j)
(11.069700309692024-14.579924666392868j)
(13.687635595395564-47.16595317995697j)
(11.029266235296054-5.867844922918795j)
(11.945360007039529-7.139622574582393j)
(6.672995368273339-9.910637658902587j)
(9.653259996865785-1.5767430383494383j)
(8.296970556858428-6.497390744238028j)
(-2.337389515175856-44.856540977169416j)
(7.762958379700259-4.931394346152343j)
(11.868803319715138-4.32739577364658j)
(6.185678861386019-9.323041564000704j)
(10.111742609069069-6.361212358376243j)
(7.299139608767752-9.540644715259774j)
(12.543433947434345+1.3227788944468306j)
(6.308973829880104-3.5969633697936905j)
(10.131929538109791-2.768728867967153j)
(7.171084280677526-6.874340236484941j)
(12.464841545308817-4.849652236226302j)
(9.319632519012677-6.725970754009598j)
(7.723334906493188-3.8957246254227487j)
(12.734699479478687-4.187358590317509j)
(6.002816730317138-9.300664491839099j)
(-1.1854366745176281-9.476089209255948j)
(8.462986491948918-7.47043713051524j)
(9.04497257230473-5.503697955190277j)
(9.224981199896629-1.316284453331005j)
(3.58512028245194-6.245581868023573j)
(11.62449578672049-3.750858132921827j)
(6.481936277969379-3.4211320576691215j)
(7.141365414212504-4.867269705350945j)
(1.349356605222153-6.955844560959229j)
(8.14619291760162-5.742635531397076j)
(-1.8739918849478643-9.436586766105645j)
(6.268793754750956-4.8092425776524275j)
(4.25154712657708-7.976746983219537j)
(3.047871493491958+2.576659167379501j)
(3.796769362492931-8.331074810408143j)
(6.043443152661961-5.355123133085205j)
(2.621229457066564-7.083477913988084j)
(2.88314777775986-4.951479986515131j)
(1.1485698278001977-6.403231285427608j)
(4.907667603055383-4.764293383919239j)
(4.367792742859285-6.0774336631361425j)
(6.696670606062597-12.530061326723985j)
(2.803726164229529-3.3568747294957766j)
(1.5930481883858445-6.072625811473633j)
(1.388416820245448-5.8789987373921715j)
(1.1992386459005029-5.673410343489322j)
(1.0273619455498244-5.45801553353171j)
(0.8738944889620877-5.235628617567382j)
(0.738955452849648-5.0092913131972825j)
(0.6216954356286527-4.781776289622255j)
(0.5205734246229733-4.55518827842513j)
(0.43378395346258236-4.330784712725539j)
(0.3596834821244034-4.109045697032123j)
(0.29709076429451-3.8899330742521445j)
(0.24540223278700848-3.673234112274637j)
(0.2045260901634486-3.4588895814660887j)
(0.17467563242207665-3.247233057346856j)
(0.1560788982590281-3.039095127147874j)
(0.14867258403293737-2.835748833755689j)
(0.15185791876369803-2.638700446570185j)
(0.1643949560444003-2.4493689564883j)
(0.18448508411958733-2.268740221027659j)
(0.21003638046927964-2.097105567347104j)
(0.2390400754198886-1.9339790729717676j)
(0.26993988956707987-1.7782305479814204j)
(0.30187458542401946-1.628394867379488j)
(0.3347196607362738-1.4830573500642694j)
(0.36892439089722306-1.3411946271879043j)
(0.4052045076764272-1.2023733807554324j)
(0.4441877029129217-1.0667589362101735j)
(0.4861148894014512-0.9349411381095523j)
(0.5306812679505524-0.8076328282936271j)
(0.57706430600265-0.6853309247437933j)
(0.6241341353717194-0.5680459517720532j)
(0.6707828300643935-0.45519283425802154j)
(0.7162616319807178-0.3456867393900457j)
(0.7604056930750616-0.23821330030252j)
(0.8036675066578585-0.1315750383544025j)
(0.8469559676504593-0.024990690676224513j)
(1.7552181000371+0.5293582095270051j)
(0.9377794982903247+0.18829311764037604j)
(0.9867913380333514+0.29391671674167585j)
(1.0384179707793786+0.3977683554297437j)
(1.0922124087898024+0.4991564146873157j)
(1.1474115196278785+0.5977698291664262j)
(1.203191004540306+0.6937828671828278j)
(1.2589380015190945+0.7878090892396572j)
(1.6655298110691668+1.1865877596435286j)
(1.3700344990548+0.9733528123810535j)
(1.4263594889171434+1.066303385185499j)
(1.4843049095285785+1.159713745434903j)
(1.5446770150736227+1.2532753410859196j)
(1.6079960040567856+1.346336505303658j)
(1.6743731116969314+1.438103825507218j)
(1.7435078176963903+1.5278699868975545j)
(1.8147977562976925+1.6152071676439235j)
(1.8875289544067941+1.7000772612912416j)
(1.9610954681042314+1.7828297601588983j)
(2.035187188634841+1.8640855277262465j)
(2.1098888385044274+1.9445376652438622j)
(2.1856570380832876+2.02472951016249j)
(2.2631816144783405+2.1048805839280864j)
(2.343177025676604+2.184815918438693j)
(2.426172288532975+2.264017927888498j)
(2.5123644117525865+2.341778962537571j)
(2.601575574187206+2.4174032561688548j)
(2.6933205512169316+2.4903970401225313j)
(2.786959948330395+2.560593781468866j)
(2.8818934719789753+2.6281819886198146j)
(2.9777384763580645+2.6936297879040834j)
(3.074443293895922+2.757528155450267j)
(3.172302067772991+2.820397617597751j)
(3.2718651642647067+2.882515262362888j)
(3.37377040172748+2.943815132060337j)
(3.478546090928456+3.0038944654923223j)
(3.586447910865839+3.0621255176513302j)
(3.697382334885917+3.117837960482524j)
(3.81094119380573+3.1705128015639406j)
(3.9265345876187796+3.2199252003718737j)
(4.043577063290492+3.266192274260148j)
(4.161667027864475+3.3097149872875407j)
(4.280705693005581+3.351036891252711j)
(4.400923972969928+3.390665078498731j)
(4.522813603118244+3.428905621412976j)
(4.64698399297492+3.4657591343120453j)
(4.773985142507483+3.500906107254163j)
(4.904147705345058+3.5337888909017092j)
(5.037490788623328+3.563769496261233j)
(5.17373163788454+3.590315307878129j)
(5.312398596600273+3.613149862154307j)
(5.453009993622364+3.632314543742159j)
(5.595255681827246+3.6481199428934517j)
(5.739119210245959+3.661007588711406j)
(5.884905081586788+3.6713726030779186j)
(6.320736990181884+3.4867132343373406j)
(7.841447910206019+1.855208187606415j)
(5.648882998890937+3.580927929899176j)
(20.48641657473651+0.6806181020448691j)
(10.660298543639453+5.132918858979066j)
(4.032509468224442+7.487330633431755j)
(19.1607357163995+17.139695014816212j)
(7.90902195620852+4.0408271834108795j)
(8.84321361837141+4.522647326404625j)
(9.890786011987666+7.165426700588037j)
(5.7530559203728755+6.8486947672829634j)
(8.121206941044935+7.022647502896748j)
(9.499436667224725+4.451137696284909j)
(10.281737951170555+1.6286787043890176j)
(11.494620019395105+3.3698294519836676j)
(7.75783296218189+8.272830856465317j)
(19.737520087216158-1.7355881863100517j)
(8.40345639496221+3.23772399938185j)
(10.595917202556787+3.038607034659192j)
(5.53687396694155+1.4860996028679314j)
(10.577760801323066+2.1798686871050243j)
(19.027853236139688-6.903960010907978j)
(27.916396212648223+15.372801083317578j)
(10.092280890982883+2.2821546694240507j)
(15.055519811279675+3.052630295193353j)
(23.474498737660213+12.414432476271518j)
(49.99305518644768+13.685540649254127j)
(11.792511044530409+1.1150680682882759j)
(11.16918100329045+3.5490078300433616j)
(11.839236130013497+0.5496451248552787j)
(11.734873010571167+2.632858830676773j)
(4.120553097741412+0.8139455327482225j)
(12.658194844887822-1.9333326883119397j)
(13.445643743291564-2.8491900216173995j)
(12.473702327111823-2.880164697522759j)
(34.36191229473213+4.565227339211894j)
(11.816845995294392-3.7960309693534664j)
(189.80476137107368+39.76790979252882j)
(10.727849789743559-2.2630501524195816j)
(11.273630160578444-1.8366019807308809j)
(11.53301002586029-2.792594087926214j)
(14.828905467142722-7.610739506835091j)
(11.268348240810159-8.470202891476289j)
(14.360941953104485+1.6580412503343476j)
(10.499679342123283-4.13895958074451j)
(-9.53879636657807-5.7405896983880895j)
(9.183262147535627-4.6241155603629815j)
(22.040910887196212-10.001729670222204j)
(28.486128849672333+11.905291997342449j)
(10.066324697256913-6.263291991088589j)
(10.051270474779322-6.672575235157411j)
(10.349063603720328-7.440148383116552j)
(8.921693472564327-10.989307075276352j)
(8.514561840114743-6.954238692871161j)
(5.085349390754582-9.033374515605372j)
(9.337496002796012-6.2763414580619035j)
(9.119865377166317-6.944923438047402j)
(6.21536359790736-6.0736488847226j)
(6.848706725679804-6.671418798474421j)
(6.181286762848037-6.917509324487669j)
(6.298000123738811-5.761291145520391j)
(5.04937760581918-8.361370666336041j)
(5.856698567401004-9.40419969106114j)
(5.919205297003339-5.972009040713231j)
(5.517392420219061-5.188862924857223j)
(5.9958553111653-7.091961767125113j)
(5.253807109695243-7.760402289664175j)
(7.158072282527013-13.388784401236386j)
(5.276934501251683-5.4072234743390055j)
(11.95138191964291-7.072774149499824j)
(3.2452102214690823-6.188923525853793j)
(3.475392227057033-13.17596903941126j)
(4.813245314601844-6.352103724781339j)
(3.7693591948186564-5.77584130056801j)
(2.1578356073029794-8.568133746381374j)
(4.543271682199353-5.687436968280906j)
(4.667070333205581-5.631146072655361j)
(3.7188481126609108-6.307018826912395j)
(3.6556202700881824-5.612130144562626j)
(4.707266246326246-8.632599559448845j)
(4.854372548444752-3.54777140859908j)
(3.3896037309015963-5.875204036449165j)
(2.311240441001055-8.510200560345336j)
(2.2419032820760583-5.865652499030135j)
(3.305937920330539-6.034525990893414j)
(1.9188536250010597-6.40344591994417j)
(1.7668359156456228-5.147423377114401j)
(0.08682579094099603-0.9437166840249216j)
(1.8849679270648836-4.474588208877646j)
(0.5850160481224325-3.4622838926896966j)
(3.291836963819057-4.179005706156449j)
(2.635458871901263-2.3133479704989917j)
(2.3264573172110614-3.973506620954372j)
(0.5490048810993879-3.488439297087896j)
(0.6026797775179165-4.323412639944862j)
(0.6221801845757449-4.87796218732243j)
(0.402567722709624-3.4684247808323283j)
(0.1408524842855897-5.513116599734261j)
(0.7863271200898088-4.07207431136785j)
(1.8820474940428704-3.6738970185750826j)
(1.1484315031646473-4.082873939998271j)
(0.5712727444239095-3.8499544334057507j)
(-0.003432668868703656-2.8134632546835143j)
(0.38500514435630684-3.5500229146832236j)
(0.32126959359786533-3.1922304006805335j)
(0.01793657629013342-3.3005257883483683j)
(-0.08910023574933887-3.8045736525881866j)
(0.896744251684062-3.4776026924025403j)
(3.8141987911735042-7.116961339153458j)
(-0.3496632684343323-2.928149922080138j)
(0.5339989413489566-2.6689095450940012j)
(0.7522110880515693-1.990370030956233j)
(0.4647368475157165-2.8075443181662756j)
(0.7021457533219576-2.3067737927209326j)
(0.4557633623133559-2.328302597474833j)
(0.3721956436311563-1.2517947996597683j)
(0.12073569846483646-1.675978239457269j)
(0.3803600581252574-0.9645177842885603j)
(0.3932287692971805-0.8204777466959534j)
(0.1672096508108142-2.096087773224961j)
(0.44017212331402567-0.5343677649978117j)
(0.47496385620357684-0.3944522564267789j)
(0.5170625441578447-0.25826896076969225j)
(0.5657490741105596-0.12688524780296756j)
(0.6200067003175819-0.001033388128572649j)
(0.67870209676227+0.11897301909953152j)
(0.7407784106486588+0.2332323712720764j)
(1.4640294120693036+1.004799530868476j)
(0.8721678345877991+0.4463620991171857j)
(0.9409324711632884+0.5463967530757551j)
(1.0119472399373424+0.6426471916642205j)
(1.0856186197182025+0.735162813822396j)
(1.1623351453677193+0.8236164187128012j)
(1.2422725381194002+0.9073579512166372j)
(1.3252494608124292+0.9855593432672297j)
(1.4106736545679734+1.0574120851509508j)
(1.4975910755360622+1.12232430468326j)
(1.5848210704740218+1.1800677604090548j)
(1.6711402518777216+1.2308433916467356j)
(1.7554715179101597+1.2752571740575784j)
(1.8370399103177988+1.3142173601163254j)
(1.9154676356621998+1.3487764791306402j)
(1.9907921318438189+1.3799481768408874j)
(2.063402738600747+1.408532615143014j)
(2.1339047331303465+1.4349851182715818j)
(2.2029346957994007+1.4593586448063698j)
(2.270965537646677+1.4813384507684288j)
(2.338147193051394+1.5003667871923327j)
(2.404224350483129+1.5158314484712998j)
(2.4685545250409597+1.527272954513553j)
(2.255242095270853+2.4127032511451363j)
(2.5882293367826925+1.5379824331762175j)
(2.6416912967025166+1.5382637188417174j)
(2.690033695520445+1.5364541357928279j)
(2.7331061842350532+1.5337683142603287j)
(2.7712145778421515+1.5313801187868237j)
(2.805056654421265+1.5302264016818128j)
(2.835576059653229+1.5308598694502658j)
(2.8637641749247367+1.5333829774533534j)
(2.8904513981844766+1.5374789640568034j)
(2.9161333050815945+1.5425362183579583j)
(-0.5708149873885813+6.3451983864592325j)
(2.9642982819451804+1.5528012041783084j)
(2.9857194769400768+1.5571382197701737j)
(3.00431099573288+1.5610186390761145j)
(4.300826679025039+2.8472606192467342j)
(3.03042937842091+1.5702895904067304j)
(3.0376090714082165+1.5778451222475212j)
(3.0414453850815244+1.5888454246736925j)
(3.042910886009255+1.6041118301419781j)
(3.0432161382262817+1.6240240426404877j)
(3.0435850922280845+1.648468826316989j)
(3.0450389893446324+1.6768976335863228j)
(3.0482362549157394+1.7084720410427066j)
(3.053397909969722+1.7422592495951605j)
(3.060327602768573+1.777434413484073j)
(3.0685173794335165+1.8134493538131995j)
(3.0773159348595467+1.8501348725150832j)
(3.0861245748698196+1.887715217555882j)
(3.094578038237258+1.9267292828440152j)
(2.9309470956425128+2.057425863127138j)
(3.110764527574266+2.0118091959195246j)
(3.119562162820773+2.0589719052946447j)
(3.1299131614628233+2.109457262418604j)
(3.142652460495962+2.162987985544305j)
(3.15843041283741+2.218975427667534j)
(3.177603677936399+2.2766434758436693j)
(3.2001980956562415+2.3351768796355508j)
(3.225937875633356+2.393859166459434j)
(3.254323393622482+2.4521772612307253j)
(3.2847370579206006+2.5098820303645843j)
(3.316558643929401+2.5670019441108725j)
(3.349273572615262+2.623811349644897j)
(3.382558077315048+2.680758634630027j)
(3.4163258636456053+2.738365567966944j)
(3.4507253690347133+2.7971169546038874j)
(4.233654438366663+3.4472439623634568j)
(3.522835118718026+2.919273904570201j)
(3.5613856504186425+2.9828091848903324j)
(4.28570518585624+3.009721475620451j)
(3.645041070955671+3.1139102939219767j)
(3.690339839863585+3.1809098276171266j)
(3.7378332379099537+3.248550656433428j)
(3.7872948295219593+3.3167142113692085j)
(3.8384482312096275+3.385421612103262j)
(3.8910219532593366+3.454843104798375j)
(3.944802340210575+3.525289042087681j)
(3.999679952570902+3.5971836930683563j)
(4.05568377640009+3.671023798548278j)
(4.419302574076108+4.556047662860977j)
(3.5566738277275007+4.166109286163487j)
(4.443270784662521+3.8331508384149093j)
(10.948097967943966+3.763676045063846j)
(4.40712276626075+4.184737404942727j)
(4.4121877053061125+4.896828106588138j)
(3.0077968834642252+7.086561016127202j)
(4.315060655673711+4.66999259554647j)
(4.651041694571719+4.488692721787259j)
(4.836691967441584+7.804947083565432j)
(5.31810165657378+5.008141836596734j)
(6.714137032715527+5.452455240460639j)
(5.827826564907177+5.335074120253844j)
(6.03463631398292+5.522518972153235j)
(6.191310132745958+7.679152454020398j)
(5.8890733544716145+6.232392153291956j)
(4.2229089117678384+6.334682473403163j)
(5.4865826468228756+7.03331750900206j)
(5.895518993257719+6.159916134417529j)
(8.953644004800278+9.718139657223894j)
(6.0353421416774395+5.896676235290499j)
(5.95526105242975+7.514665267394855j)
(5.714485185162279+4.31623350880741j)
(6.651696225551247+6.639546703131626j)
(3.9959311340107124+12.731835710789964j)
(8.237467522190062+10.747455524326154j)
(8.349906743140338+7.18195061167865j)
(8.216793934842787+12.077843970491172j)
(3.0343333076996313+2.7035414275921097j)
(13.616726246840711-5.249782394277888j)
(-23.521562121452458-1.041560796569735j)
(11.294008850056716+8.563921744193536j)
(12.766466388735054+8.378545170348692j)
(14.11585110359434+8.777989214465943j)
(16.950908893168744+12.149941899702396j)
(136.41345339686313+53.12368262195027j)
(10.627054189078711+15.894056313089157j)
(24.77761828290428+13.446048246064366j)
(15.38043425238037+10.47596026739403j)
(22.94635940999009+5.655499184082161j)
(25.2368802870949+0.7262910093083892j)
(48.20634208544518+2.4669861800090587j)
(22.138983680777883-9.2371119363277j)
(38.99265296713889-9.367232120817519j)
(22.07497476011376-5.233513291339885j)
(15.09757931358183+11.91028394651137j)
(18.60960301511726-0.6658283744833323j)
(12.32316521643839-8.663315120068676j)
(17.10805247652658-6.58234011887411j)
(18.901780343691485-5.215698641745978j)
(-8.153895543132148-79.0506691898454j)
(16.6935390681721-6.297161010835244j)
(27.648750498125953+4.484093241212511j)
(218.20778638121206+137.31297660420577j)
(7.741958572275287-11.861087953200062j)
(10.73841749910301+1.9922229706857781j)
(20.30419458594823-128.10868775846137j)
(7.417418722745682-10.130030934545458j)
(5.228182951489781-6.6526279576931175j)
(32.243295269111535-1.2596670744463512j)
(16.405859398495224-7.080752454378346j)
(-0.9789021670419329-11.574559979056664j)
(8.960114439811587-8.100293348638093j)
(7.198458907757085-8.544190119855967j)
(4.741557822791752-4.4701963459659115j)
(4.178281695777001-10.617526963654564j)
(6.250023706151863-7.191642792108945j)
(-0.3838036330919024-8.620454409221972j)
(3.926516491859301-8.302682587063403j)
(3.962178854115159-6.788971084635448j)
(7.2680767239812125-1.775231350947392j)
(7.006590302784879-10.267825286131716j)
(2.45925317498382-5.89138531786162j)
(4.474873201393173-5.525746793661432j)
(3.131678046466494-5.1808220335737545j)
(3.8537438283505963-3.0383047622310184j)
(14.122574256600867-15.68415221908745j)
(3.7510658048347674-6.555674138701209j)
(3.6425236890691957-5.653443763746231j)
(2.1382385446071663-8.40556563913943j)
(4.272101121968923-3.391571364352838j)
(4.074633404317813-4.969164690720434j)
(4.269293234593576-5.574201356303984j)
(2.074990596133452-4.782666552225707j)
(0.14809346817118577-8.216771193675449j)
(1.4186945206989103-7.896185234495138j)
(2.491695753000378-4.773508448098512j)
(2.1456036350822343-7.024385261700696j)
(2.929741835819921-4.74290043938297j)
(2.2080978475663144-0.44555894975672483j)
(-3.829235846716333-2.1005428526713423j)
(1.0827588159221067-4.692826833013728j)
(4.572808473570542-5.354143801660687j)
(1.8010142630250663-3.9928571802887354j)
(1.8640488138497862-3.929463707945017j)
(1.8531933322747394-6.4706054622911j)
(3.3507182226760337-2.5872555720859505j)
(0.5577533579981827-2.957237682378999j)
(2.529517475651454-3.220184736918456j)
(-0.14841647000621402-1.7109323275749238j)
(-1.841331686596087-3.296262615505646j)
(1.105458275192053-4.709459662564042j)
(5.7121708958122674-11.24180631037321j)
(-0.5044215515233534-3.822772788077683j)
(1.6976076315030328-2.9145021881023805j)
(9.029518246349259-2.7276817877262327j)
(1.5096730047203464-3.4117937039869415j)
(3.6753138588472267+1.6041053228633952j)
(1.5653114376856712-4.785601427845401j)
(-0.6385460738706917-5.9562793855077265j)
(0.8197598140109407-2.3690377806798963j)
(-0.22268149740201904-2.4241986320773443j)
(-1.236081006155665-4.539068520373333j)
(2.6470407641588327-2.884688915425402j)
(-2.6617096018210544-2.6863327022690258j)
(0.944922977229504-2.2685317859606124j)
(1.514266095260575-1.5404414629891192j)
(0.7974197723176336-1.8741375767420516j)
(0.44956903138538057-1.13387266981715j)
(0.26585518076692366-5.020077582944353j)
(0.5723110957290515-1.277051845883216j)
(0.6710177811219381-2.323977501079617j)
(0.48781125578630635-1.4809158177031405j)
(0.296787387179436-2.710339051760631j)
(4.972250090006043+0.1705809762135618j)
(0.3971764604657724-1.8974853628638915j)
(0.7435162146557553-2.061766240115603j)
(1.2476834500026472-1.016857111633436j)
(0.5987919528595994-2.555234074844889j)
(0.6098833907909734+1.439116276947243j)
(-0.566351008727105-4.201628219515333j)
(2.041592361418973-0.23786977564814274j)
(-1.3663465927126617+5.643537189109866j)
(-1.8302635551254174-0.46338723899239215j)
(-1.5631638149584322-1.485336560353438j)
(-1.699998321407491-2.518888039971618j)
(0.7479488419851998+0.30305529526250014j)
(1.138301031632156-0.004627066587985893j)
(1.9739308943905447-1.0278041907948097j)
(0.7537403529589842+0.5504786751204815j)
(0.8103763503257315+0.6552968881904909j)
(0.8712459581157068+0.7571425122730578j)
(0.9363651088023777+0.855772400038764j)
(1.0057445351847207+0.9508944062185211j)
(1.07937473598303+1.0421648218913115j)
(1.1572100848077296+1.1291897873005543j)
(1.2391533374260375+1.2115311703067126j)
(1.3250421665851175+1.288716693915548j)
(1.4146391490155539+1.360253192130868j)
(1.5076258311087687+1.4256412484179133j)
(1.6036004467113267+1.484389475654904j)
(1.702078028317732+1.5360273405382896j)
(1.8024913713878636+1.5801164219180794j)
(1.9041916285248806+1.616260932033648j)
(2.006448059635399+1.644118941427835j)
(2.1084474216240148+1.6634159174146412j)
(2.209294465476279+1.6739618944643582j)
(2.308015872279977+1.6756728325628651j)
(2.4035705075002345+1.668595466809731j)
(2.4948687955951363+1.6529332689107517j)
(2.5808029394349337+1.629069331664469j)
(2.660287414949666+1.5975807127239952j)
(2.7323059592407337+1.5592389422248056j)
(2.795958191554482+1.5149936965727102j)
(2.850497623457976+1.4659408606347246j)
(2.895354342396221+1.413280900950396j)
(2.930139960188928+1.358276515777252j)
(2.9546377916120603+1.302218379971125j)
(2.968785348398243+1.2464046089352956j)
(2.972657676860607+1.192135004491436j)
(2.966459064249958+1.140717147071109j)
(2.950528521486065+1.0934788503173267j)
(2.925362385317697+1.0517799343850718j)
(2.8916554247992434+1.0170146296017326j)
(2.8503588390073396+0.9905936550576465j)
(2.8027478925602387+0.9738930548314306j)
(2.750482944371292+0.968157916415008j)
(2.695637123147718+0.9743568490280093j)
(2.6406574084961405+0.9929999437576269j)
(2.588231482750667+1.0239562855547992j)
(2.5410561893512758+1.0663268471084324j)
(2.501540945584963+1.1184299887205165j)
(2.471514389587534+1.1779303605411418j)
(2.4520132387188616+1.2420946251143379j)
(2.4432083832307128+1.3081123465738722j)
(2.4444759021399673+1.3734020622247134j)
(2.4545756121955313+1.4358384244623867j)
(2.4718779859758264+1.493872993146383j)
(2.4945854929802858+1.5465571363021797j)
(2.52091565640415+1.5934959340807793j)
(2.5492360289364115+1.6347648734686324j)
(2.578156740283313+1.6708126669124423j)
(2.6065919769955967+1.7023615469449684j)
(2.63379970134084+1.7303064688821177j)
(2.659402480731232+1.7556096038197861j)
(2.6833849084991344+1.7791872053166158j)
(2.7060580420343436+1.801791898360145j)
(2.727981576309979+1.8239026015013096j)
(2.9186120903415405+1.6905256007000908j)
(2.7722970549395947+1.8667493604983114j)
(2.795815076445001+1.8866104626578606j)
(5.59501259716052+20.899553325578456j)
(2.8461964807332265+1.9190717695801982j)
(2.872106818338883+1.9298475199630423j)
(2.8972170974463114+1.9360549991232996j)
(2.9202154143654813+1.937406090679663j)
(2.9396607425113985+1.9340380591767024j)
(2.954125007570063+1.9265414997680232j)
(2.962335247139814+1.9159479438495532j)
(2.9633107146814823+1.903679576043045j)
(2.9564895921054783+1.8914588007085509j)
(-20.37948640481702+11.151495185926825j)
(2.9198948411602186+1.874692698081406j)
(2.891806422341646+1.8736561774586946j)
(2.8591936671399463+1.8792452570998246j)
(4.518959963150912+1.3971677132331197j)
(2.788096232303634+1.9117309250437293j)
(5.498364164946114+4.329660018888152j)
(2.720384685119715+1.9680092968924163j)
(2.9565725062737647+2.38448711518678j)
(-20.719986290551265-23.52360010099317j)
(2.722348359129127+2.3277440123503705j)
(1.1273989296331235+6.193904400222072j)
(2.756646449325431+1.910485028358556j)
(2.0412814103809054+5.201774325702597j)
(2.413896256296257+2.082533335855448j)
(5.495635117157403+6.67542578628873j)
(4.585666845556789+6.319571675211501j)
(6.249774776227725-0.6518889519416227j)
(1.0890724567990655+2.4891944002206237j)
(3.9488787768134688+1.8125764376776352j)
(-84.65617311160973+106.65344540260872j)
(2.2043978605383816+2.702606801380981j)
(2.1799460064768375+2.7991481236393856j)
(2.1628173106955955+2.8975979001142362j)
(2.1523342704563246+2.996203978577369j)
(3.840643173378781+2.1052890250399074j)
(3.270724977493166+2.6874127069255094j)
(2.0503058165706234+3.252117969464828j)
(2.1668408367421383+2.8323989582078566j)
(-0.031559500024574506+6.110584275165538j)
(1.6307162770742005+4.468149148128595j)
(-5.8424636992255925+6.0728071145686755j)
(1.6717895792902968+4.21319812476938j)
(1.1399077292028303+1.4154777766570803j)
(2.067095491411473+11.186116333978633j)
(-0.48350327029541984+6.328949702074504j)
(2.379690809475052+3.792682049440639j)
(1.5113558733826449+4.276604225479712j)
(2.5051485964442994+5.289412388930529j)
(2.9369714011397985+3.5914103856784023j)
(2.498533932141857+4.227386949659397j)
(1.7089709912347908+3.954602317110329j)
(5.828323109822207+13.13547092204088j)
(0.8427663919768611+7.369210834204782j)
(-2.0509702553601925+3.4343448405256294j)
(0.6076154877110971+13.399222379351023j)
(4.133629854716528+4.54154548788922j)
(1.4779237635120017+5.987041091754007j)
(3.210621611666788+4.755906059669516j)
(6.7412554012229515+9.361964667293943j)
(2.0801676753389797+5.438340379459877j)
(35.942707170021755-6.1293243761931455j)
(20.114932610811298+13.33662758047606j)
(0.5232762725017374+7.577983119644496j)
(5.278964588927775+5.238071199231949j)
(1.502108634772966+3.5130393092032075j)
(-0.31600514221088455+7.614761489962578j)
(2.325039133940648+19.527335485963892j)
(5.783986120195545+10.316065124134365j)
(1.4831070465660423+11.8262368659929j)
(2.6493126404683296+26.798914972374725j)
(0.37736600000051695+8.245043328126103j)
(-13.897691418098606+22.350110378115872j)
(11.156316518867927+20.72436838009618j)
(-0.907623251188566+12.413238467732887j)
(-2.370486340241512+13.553475883377109j)
(4.2268654429154155+9.95162310486084j)
(13.003742284062394+0.8458920729687104j)
(18.140605702135133+21.69929170645813j)
(-4.725740722942069+15.095499842964713j)
(-3.5721262849086695+22.245887698198104j)
(-3.722526382232865+24.028280289412866j)
(-3.210237935141356+29.737023876317785j)
(-2.3160470347325863+28.118596428026283j)
(2.0496470801893585+27.32347860157876j)
(0.34801549313695174+41.396534130249j)
(9.932699596493624+23.489519860692322j)
(-4.550109915237804+50.72635475160354j)
(95.38919526214744-67.19085743222534j)
(-53.434776856751576+62.412821426841504j)
(23.042119739643613-46.37925584038664j)
(27.130067212281293-12.261621945321401j)
(90.92244938262536+4.328404716196022j)
(26.72516694019521-7.707464409137223j)
(21.325287469979962-14.907693082441371j)
(35.13971009358685-20.750409283438234j)
(19.249044111419252-9.11418248813493j)
(9.227193860936397-23.44602664945224j)
(10.961589408247832-20.97965636047874j)
(13.812752534668553-15.202273410308681j)
(1.843090894329232-0.6417096231270634j)
(24.402381532971745+7.678402633356921j)
(11.040897066441923-4.22817167839679j)
(12.571891028620408-11.797818887535195j)
(4.255228504626613-17.46413740607784j)
(9.186243129877505-6.5743853333850195j)
(9.759878046998507+4.2247809772604885j)
(8.791265714953902-8.025575211951342j)
(7.055285351476429-10.790819338951028j)
(2.8443291749331387+4.467465626875591j)
(9.211126830127453-4.045954275188323j)
(6.919151303775557-6.723660228728571j)
(9.437201455075643+5.503105050971049j)
(1.7413559599723851+1.834964362879247j)
(2.9360056671426285-17.258456537780603j)
(10.904078250202097+4.19009895264459j)
(10.05709108877086-2.230397034527774j)
(6.134560036402868-7.695145677615956j)
(23.89647505921017+6.533735343243923j)
(24.328451487716865-5.008931595228028j)
(6.270041934192039-6.146536431381677j)
(9.051813996583222-9.093813145052833j)
(7.961132576591729-8.842353129293143j)
(7.701634458203916-5.302344462656971j)
(6.340750642986139-6.0894563667172275j)
(6.345361248784204-4.469182707101633j)
(6.339175846512455-4.8503181319867785j)
(-7.686928713569721-6.7791147011980595j)
(4.855123066991312-4.9485240548338245j)
(6.305445827358253-5.943468360333123j)
(5.889119392949203-6.295662850795971j)
(2.2203791267637376-3.8322311893661625j)
(4.5012243587799725-4.960414452607706j)
(3.605025329573975-5.733538648067261j)
(8.281621098282848-4.0110793660483495j)
(6.963484243132147-5.856159663063302j)
(6.638698164864937-7.420278786476293j)
(4.959151288879169+8.159322344614383j)
(5.5592315293213534-5.07066283856871j)
(10.692304694908202-6.693236575970416j)
(7.3901757897118125-4.940406798019627j)
(-6.219309628316753-7.777071147274435j)
(-40.32847799531155+2.366091567521568j)
(5.636277260025915-6.9428391836888705j)
(4.873107184920583-6.128647011266098j)
(5.106287362613298-5.914209387994386j)
(3.7555716266375616-7.321851342945927j)
(5.021311541681102-6.136857359936979j)
(4.258748843656755-6.253272819499477j)
(6.011366364406331-6.082881799428141j)
(3.6928581586276237+1.0898081732446572j)
(3.482778042435781-7.963428221845517j)
(-2.956249150742937-2.9421058126455115j)
(3.6140154653620926-4.744304938318263j)
(2.8073812158266547-8.305103297649243j)
(8.419776782959108+0.7655430597903414j)
(0.20135548198065809-2.185411967899689j)
(2.0993741540651163-0.8806712833057381j)
(3.7513918968219913-4.860239780335921j)
(-4.568027936439851+1.428764561537022j)
(5.340473516110892-3.486824584651996j)
(3.036554350241245-4.872597568895507j)
(3.7210079535367835-5.446022332413741j)
(4.0978477504058635-5.495558343017268j)
(4.919369975602014-5.6425528016110436j)
(3.9539674396422435-4.997011581718789j)
(-1.7595848190261272-13.079577403915676j)
(2.0301471572179617-4.894351304091886j)
(-2.760040363557995-7.54876366681316j)
(0.48237414327387357-5.328315516550216j)
(2.8415504432693144-4.673364946985919j)
(-1.7557201534880096-4.302603116305662j)
(0.1877759553159861+5.178799924153686j)
(2.2554403619637093-4.445225915805046j)
(-5.006564823895732-4.327720985260448j)
(0.5408781196081137-2.9064024096985537j)
(0.8705655357324313-2.3971459589406745j)
(1.577016198929899-4.035710690247967j)
(0.8967444420775689-1.4397059296966932j)
(-5.627970886587617+3.4477153488792402j)
(1.1290500343230359-2.898474623512045j)
(1.7510165108659-2.253504267612924j)
(0.29977684690016926-4.127413000237119j)
(2.3445616887915675-0.20693334287477672j)
(2.365594172396862-4.5222874664217345j)
(0.469056162377403-2.2882663176757334j)
(-0.9088800164433211-3.6299776550065013j)
(-1.358759576254709-2.941759286891293j)
(-0.30877308151044364-3.33586642712849j)
(-5.535311100045432-8.30860043006741j)
(-1.1725071969021281+0.11185921751320717j)
(-9.590742803511803-9.593339577878606j)
(-2.949860865701462+2.374902896607759j)
(-1.4862923523399543+1.6366970989839302j)
(-1.6553990199162896+1.694758241230615j)
(-1.2601447158834898+2.862369113412153j)
(0.8769424068161042+3.2483402981148233j)
(1.4243409222528127+5.859219130506222j)
(4.646737417577507+7.140123253145891j)
(1.865679100185235+7.821256542750105j)
(-2.959563237916855+4.9005190326498695j)
(3.01401648478945+6.675990897505131j)
(4.512974877833097+1.8335909830586326j)
(7.387139903316398-5.679583988916381j)
(9.841459303539573+0.24660558899561924j)
(12.847090917986378+14.187908195871175j)
(5.634499315942546-0.18699684431968983j)
(16.179279825580917+9.492920630609612j)
(-2.8190147470775218+1.3965532595421781j)
(3.5809562699941018+6.174929330030217j)
(3.3476232614021257+5.728273216588078j)
(3.6470564485122576-7.415028423634542j)
(6.345929104370949+24.834265971425758j)
(0.3539463183769432+10.006172200312644j)
(8.138791081771979+8.898124526445446j)
(27.415668639405833+71.73359116534327j)
