(0.4608057568958389+0j)
(0.6807555867544622+0.606051079355974j)
(13.494773101623101-1.1201840177612457j)
(13.070678710354064-0.9604272982201523j)
(13.119020449670229-0.46859458184437275j)
(13.88140135141042-0.011095472757001873j)
(15.345971787823423-0.15576858950436406j)
(17.007888151963336-1.4786545371223865j)
(17.870124162274973-4.018363311915699j)
(2.9299120059401704+4.969286367372239j)
(15.18924384020437-8.953211848350874j)
(12.802769145170222-9.779010299380717j)
(10.727089512764113-9.607544914651722j)
(9.272652708142122-8.880234646951333j)
(8.495584706783639-8.000491310195514j)
(8.307434892081252-7.317257335719096j)
(8.461290639555642-7.125546150658422j)
(8.520217575576792-7.538858382125515j)
(8.039580541909908-8.294321788387826j)
(6.9420974956294-8.863967892108343j)
(5.561104978408435-8.899518031256406j)
(4.280960947565709-8.414551747009051j)
(3.3089558244575414-7.601614930961007j)
(13.459771640254782-0.381584385527308j)
(2.437968499462746-5.746536166177965j)
(2.4570093152697043-5.00663993378103j)
(2.6267466482760375-4.55833252051047j)
(2.733413977645336-4.434716132735674j)
(2.5685798667713113-4.4953378163951685j)
(2.097706687994426-4.4814960272159405j)
(1.4792226645619342-4.217232187485414j)
(0.9034090793700569-3.6971471011639414j)
(0.4820135622040417-3.0085373894513214j)
(0.25315926357872615-2.248975440812077j)
(0.21646436332805943-1.502968873534482j)
(0.3468284163017917-0.8490212343786131j)
(0.5820679787619207-0.3608974902966674j)
(0.807400632358924-0.07563436577618578j)
(0.8893485660611475+0.06299399843916442j)
(0.7723494445486022+0.20150510097211916j)
(0.5245806726526383+0.47186655771089264j)
(0.26487326458321325+0.9103691689318084j)
(0.08105923035171334+1.4799888913546093j)
(0.014663468288334645+2.122459823835862j)
(0.07804514575967911+2.781410201044984j)
(0.2651064158702464+3.4017754430315925j)
(6.292905179026977+5.0366643419852934j)
(0.848356443201996+4.319332660026951j)
(1.0789047032283579+4.593672477442071j)
(1.1740491182021284+4.84032302330234j)
(1.156306503579154+5.164824972019802j)
(1.1041030341452505+5.618395963879104j)
(1.090581321034122+6.193136160503455j)
(1.159491141164139+6.855123701448448j)
(1.3316156558477694+7.5659988167759264j)
(1.612690656280502+8.286273391222766j)
(1.9902135899167837+8.974509190383992j)
(2.4238695105458645+9.598875907424718j)
(2.8525895342589718+10.165038677646239j)
(3.2346199554940167+10.72855936032041j)
(3.581992450168086+11.36004025297378j)
(3.945355588936902+12.101507096275832j)
(4.37879073156508+12.96133816315807j)
(4.925435085677881+13.932583454774203j)
(5.6225314286386485+15.006345545401322j)
(6.511360434249536+16.173456698008795j)
(4.243555795700331+17.85957267639927j)
(10.383079686058677+20.457806369293507j)
(45.78626858566816+33.141097726113735j)
(11.357012797670524+38.20285354888816j)
(21.785447587632873+25.816300026076103j)
(19.09672841811401+23.307222360165735j)
(26.30473462824927+27.23655353734887j)
(27.52027412278984+22.721002306408646j)
(30.28072710759233+25.25065417586935j)
(33.12533675467453+15.954424607310324j)
(33.28137175250993+45.37619289419831j)
(74.92256326259773+1.1718520128199803j)
(32.05475847181822+32.48361154310264j)
(54.64697688076903-3.7707008216116455j)
(56.611529192126-21.83928577882592j)
(60.56656054278255+11.289837143181687j)
(35.253386228888544-22.995131409749515j)
(54.26854737479556-42.973967977618315j)
(33.16866380812784-12.982106729747963j)
(44.42393221453425-18.71958408870127j)
(28.171173375769516-23.414548843892703j)
(29.79121776188867-21.8745173685762j)
(19.06968050910028-25.01704712262675j)
(29.115052567762184-12.342724252336312j)
(20.70017330154779-25.079313526189587j)
(21.27841959982011-34.648129372638955j)
(12.818344951976256-18.753320397352645j)
(8.189834551036945-18.903459631228323j)
(11.445112418724774-19.41612991606345j)
(-2.8048188585277054-12.357787642869674j)
(19.975238827267184-26.9920360860634j)
(40.182158008229344-6.601524510011127j)
(8.370234863182148-15.413260995333014j)
(7.307566496849216-14.033078844581613j)
(6.31804838493721-22.109129576618557j)
(5.969456948043537-15.395319486296247j)
(7.027233469355149-9.222945234041914j)
(4.991467103076797-15.757688791298772j)
(2.7725879033833585-8.936264881142892j)
(6.015887453599652-9.911860945981568j)
(10.365784021527588-10.334498378316873j)
(6.288353188912536-12.863317277803697j)
(9.19366877294626-13.210287892715492j)
(10.125094258622774-13.73758963140404j)
(4.513627418585178-9.518945767805434j)
(4.0409343614188495-8.721141986347707j)
(3.9711071790231993-8.403428463961577j)
(3.9404509742708296-8.120440016180648j)
(3.931080816209456-7.885518820815172j)
(3.918041841811111-7.699627866233004j)
(3.8797799699531215-7.546931298191463j)
(3.8106605491107346-7.401481363554978j)
(3.7229557260696917-7.2423450254602j)
(3.63646721189421-7.063200655727747j)
(3.567296102683128-6.870492779640288j)
(3.5233024578585552-6.676739402775092j)
(4.809766481485026-9.883786341028706j)
(3.5036059380318947-6.337698620315272j)
(3.508530666801869-6.210236146561819j)
(3.503776432434416-6.11120979263208j)
(3.477314203683197-6.0289209374208985j)
(3.4276919994112576-5.9460958773180925j)
(3.3652965881029298-5.849611681833698j)
(2.4268862820898485-8.240937222646375j)
(3.258058310300961-5.616882502635306j)
(3.2270728409504774-5.499148291799001j)
(3.2083933655092203-5.393682174407502j)
(3.193959167146205-5.305892577470892j)
(3.173991317559352-5.235862699404071j)
(3.1399411583692713-5.177883811973207j)
(2.2025614865303593-5.214471583903216j)
(0.8042061581518186-4.2939047744415735j)
(2.95271461647673-4.976812968847885j)
(2.889730152000006-4.885635604937294j)
(2.8385100786981723-4.791518235502862j)
(2.7971536202542264-4.7032685387538935j)
(2.759140427361509-4.625811148793273j)
(2.716855448156754-4.558991296133761j)
(2.6644390491979535-4.498336588928402j)
(2.599690016687908-4.436786392295622j)
(2.5250292051582637-4.367128219625854j)
(2.4470083063327324-4.284958036966039j)
(2.3737142890863296-4.191106500277396j)
(2.310666259754356-4.09165500579571j)
(2.257710119221632-3.994705269970873j)
(2.209344124464334-3.905830726283252j)
(2.15810757021179-3.825406971673876j)
(2.0983756678948025-3.7491003323299j)
(2.028483840927905-3.6703240202668166j)
(1.9509221987480088-3.5829615632036753j)
(1.8712332469003516-3.483494204877937j)
(1.7960950412720966-3.3723125291156055j)
(1.7308027091162235-3.253940285084338j)
(1.6766732312700194-3.1356084881687916j)
(1.6297277687067901-3.023997049142094j)
(1.5821788521595064-2.921474476626685j)
(1.5264990473949567-2.824455374506904j)
(1.023332844882483-3.0795193233708953j)
(1.3831950976794427-2.6162879560211194j)
(1.3040411220933465-2.492829570974038j)
(1.229350483805859-2.354828730087306j)
(1.1651387324947673-2.2063323928364214j)
(1.1140435442458687-2.0542254312431476j)
(1.073959986479219-1.9060338031045823j)
(1.0379428780204154-1.7667658640505126j)
(0.9965178322610639-1.6356690901276165j)
(0.9424352379958183-1.505274128925996j)
(0.875141222327527-1.364606145454099j)
(0.8013269058334979-1.2048788365145557j)
(0.7312513071374421-1.0234670299064854j)
(0.6740448889209538-0.8240518180019526j)
(0.6347037841239668-0.6142489166295767j)
(0.6130451066194357-0.40269710235173417j)
(0.6038903127120622-0.1962861704526353j)
(0.5984163223993576+0.0026002221479840544j)
(0.5873831778334045+0.19825660916258767j)
(0.5660974547878285+0.40125240957214675j)
(0.5383270912506044+0.6238668721170569j)
(0.5154134591937737+0.8735062664565775j)
(5.52582006280521-5.0834939587993615j)
(0.5338562686323383+1.4426985243774337j)
(0.5882749718413555+1.7436122967013845j)
(0.6717050190651771+2.042222134542605j)
(0.7779467011056058+2.332291921121924j)
(0.8990916071220794+2.6123431648498188j)
(1.0283184335734452+2.8860897700859294j)
(1.1630200576892307+3.1612054236078113j)
(1.0515694446628838+3.1466345928703507j)
(1.4690183860140897+3.744921362805681j)
(1.6606979312720342+4.056229549718763j)
(1.890845353005773+4.371903268907136j)
(0.6333078806738295+3.905333786676295j)
(2.476832361310788+4.970084324202805j)
(2.824718179756193+5.231285538853603j)
(3.19787517729366+5.458675365968568j)
(3.5866009641001058+5.651842285155374j)
(3.9834374748755677+5.81496694457182j)
(4.385549375743677+5.954880664986262j)
(4.795697404284105+6.077787576810509j)
(6.137786302904503+6.083010664035156j)
(5.669458278768527+6.274397259046779j)
(6.145968285081482+6.333377529805882j)
(6.32523998737844+3.7237000405821528j)
(7.006716582266611+5.990927353859422j)
(7.689728623247717+6.204523937236254j)
(8.194229169312427+6.037292049315872j)
(8.665931187946892+5.815516415850241j)
(9.094874443534252+5.553987245774985j)
(9.479704236711807+5.26940944882553j)
(9.827419063399166+4.975324460117723j)
(10.150192289053106+4.677816710908466j)
(10.460031590620135+4.373669384536007j)
(10.763005511527568+4.052046246505166j)
(11.055326078153717+3.6995867441695407j)
(11.32329461326351+3.307272478530087j)
(11.547728411032722+2.876214253391909j)
(11.711348498828233+2.4195282209053337j)
(11.805912510991897+1.9591419215211265j)
(11.83589373424839+1.5188802996553274j)
(9.549600790659785+10.703098535454044j)
(7.98968549540948-0.1361200593341576j)
(5.758708435061744+3.9503333651624404j)
(13.045907330081196-1.1540504619049945j)
(11.05952891116147-4.120370354360848j)
(19.68557357148087+55.44940705236125j)
(13.813954017349928+1.0275023052245056j)
(14.54962779445166-6.562800191933293j)
(18.842500381508405+3.5900694007208176j)
(8.701082939332194-3.2962393728061636j)
(11.567918802769348+0.832110475203306j)
(-43.46880192553654-31.39330499338808j)
(7.625011140661251-4.035728648657545j)
(10.776750141269002-2.5516036833160562j)
(9.337919211967092+0.6695412694251459j)
(13.025031340636787-0.4027124716445073j)
(29.414507982088374-51.72667047729952j)
(-0.0008560679831409007+4.325569586954938j)
(10.754645284473401+4.1389940483922j)
(-13.355558496562029-9.004385629969983j)
(57.092861878831876-53.02247653628704j)
(56.65505484731701+20.446245382167714j)
(32.59593589215209+8.608017992107357j)
(7.335179096833395-3.691059594953559j)
(7.676206926958562-0.7164027447567425j)
(13.879107921848378-11.744568553650456j)
(-3.748990980654423-13.47921256404562j)
(16.5811427091085-0.5652481450252648j)
(-11.806704594005852-3.3371676071283987j)
(44.06279040915956+12.997234476176487j)
(28.89377197467868+8.514989597592644j)
(83.88831691281335+43.1641010356718j)
(8.045476682165226+15.397618342143362j)
(16.641397813619072-55.18908662792631j)
(17.41393344566206-1.0744292138641585j)
(9.530914528538693-17.219221184538224j)
(19.78929603353235+3.6365769016206917j)
(7.581852147344799+90.6741068440828j)
(11.042256184452883-6.090186492018085j)
(22.910304779587527+2.6926107442140825j)
(8.318406201199224-5.714173139835808j)
(12.476988793551635-4.908689186391956j)
(21.458574018649728+0.6884101207916299j)
(-21.963268033118233-6.234597191346402j)
(-37.953924260061214+43.80083253272215j)
(21.003500899802454-7.352614529731582j)
(7.246758956102785-3.8445005888727413j)
(7.840406508530981-7.8456046984977075j)
(10.112895437563395-0.1931520421354958j)
(7.6956791757778245-6.165116169572231j)
(3.435059278290963-3.156763003885289j)
(17.647382168347466-19.911496759249676j)
(7.491047254607138-6.83911465174841j)
(10.926491198568764-6.79038341568038j)
(10.673163841913313-6.578905994711532j)
(9.707377291824931-5.738774315565961j)
(7.733482340119202-3.0448595138515913j)
(11.622896096226093-3.9616525584555j)
(7.346856255160904-6.780725011502291j)
(7.549200522984326-7.686026601579141j)
(9.593978411023771-3.6874903629294735j)
(7.6952424788856435-0.39974672519678056j)
(3.5214941942980533-9.034517325146945j)
(6.672057135182297-7.140040112978148j)
(5.426388733207759-5.080364827069777j)
(0.9107608959639079-20.111057508436502j)
(6.313888086624269-6.52524705024602j)
(4.997532992008928-5.953093758495942j)
(6.59001557834213-7.08755445606863j)
(6.379955379985764-4.40922823600436j)
(5.1487454798770385-8.229220879998916j)
(5.372570430181782-7.940555677529561j)
(3.187942785497581-7.04788346724756j)
(2.2769273684649147-7.3187496498266515j)
(11.347272633911862-7.294893534351561j)
(3.3366420641052423-6.967776311403884j)
(5.171042418908152-9.823677638986839j)
(0.9795427628019898-7.411061142929884j)
(5.631663521532552-8.313890218073684j)
(0.1465487527696103-11.214896642617457j)
(0.2036644347462858-7.533950692415616j)
(3.6624249904947157-13.160152710111214j)
(1.945765111035126-4.858975961545788j)
(0.9625963385518881-6.749110323428212j)
(0.7098949452827354-6.50922587148025j)
(0.47883355785118353-6.2451568715765795j)
(-0.04832155146650815-6.659988804761613j)
(0.10853930967235978-5.667788533400405j)
(-0.02589288944765777-5.372543599477549j)
(-0.13071853648337461-5.084528639426825j)
(-0.2130211803316954-4.808586121276352j)
(-0.280185262152007-4.545422654969197j)
(-0.33781160672114163-4.292549283247193j)
(-0.38874911696582354-4.045932559595481j)
(-0.4331165873233886-3.801543700077811j)
(-0.4688685239900381-3.5564878990215605j)
(-0.49260895908338187-3.309753871979443j)
(-0.5005970520805628-3.062648275272514j)
(-0.48994806842102673-2.818817344824989j)
(-0.45986994330301034-2.5836476219448685j)
(-0.4125303608593652-2.3629551195893854j)
(0.2980612515111154-3.5860169195710467j)
(-0.2884843682478192-1.9800260283046491j)
(-0.22577665190172835-1.8173406890825587j)
(-0.16991809525418697-1.6681297372833304j)
(-0.12261804973251376-1.5259436929226808j)
(-0.08220843906341851-1.3848777321318844j)
(-0.04457609336478509-1.2411592347575953j)
(-0.00467944935730899-1.093940713691487j)
(0.04185317361835308-0.9452294406832538j)
(0.09740964955540089-0.7990950587883421j)
(0.1616066061779611-0.6603516114004251j)
(0.23123871948990657-0.532951791881535j)
(0.3011312426137523-0.41847994972932284j)
(0.3658187152614607-0.31531537050484104j)
(0.42151158158650254-0.21897519863678833j)
(0.46747393455286973-0.12363674517960717j)
(0.5061512969394056-0.024155305175162643j)
(0.5420969832971955+0.08236577651766983j)
(0.5803506492108532+0.19600834358590646j)
(0.6249783132127185+0.31441652786190816j)
(0.6781396534536286+0.43372505621719126j)
(0.739719987726528+0.5496801965032732j)
(1.8242503401258838+1.8145755753832815j)
(0.8775709261446452+0.7591354267179176j)
(0.9458027178244495+0.8513252651852328j)
(1.0088134766908752+0.9381259301890006j)
(1.0653495316853407+1.0237650140205072j)
(1.1167011408351744+1.1124418428487846j)
(1.1661793226643098+1.2069004168474016j)
(1.2178967567195125+1.3076487934028054j)
(1.2754450281842056+1.4130344368710654j)
(1.3409503078663418+1.5199517820366184j)
(1.414672837879482+1.6248065510981888j)
(1.495089950551686+1.7244565957085807j)
(1.5793544735900071+1.8169839163037282j)
(1.7369368328561714+0.9999920111981035j)
(1.7461421728587272+1.9817257719976618j)
(1.82391939046872+2.05860826416649j)
(1.8975916823728856+2.136358354441498j)
(1.9692643808076098+2.217819486470666j)
(2.04223930528584+2.3042262161300573j)
(2.1199195719734307+2.3948505668118765j)
(2.204754041142244+2.4873213618842027j)
(2.2975743734867695+2.57842279340315j)
(2.397463592607988+2.6650568112055373j)
(2.5021093172633684+2.7450883441343232j)
(2.608498281093991+2.8178853443022303j)
(2.7137702969849737+2.8844504365759973j)
(2.8160287634162886+2.94711641834339j)
(2.914899721772825+3.0088667876059825j)
(1.955617382846707+3.3324050381463834j)
(3.10892697355568+3.139498890531397j)
(3.2097894885249554+3.2100295677881268j)
(3.316921757312896+3.282343977802332j)
(3.431673937185717+3.353564088204212j)
(3.553640727838709+3.420544886310213j)
(3.6808158193672553+3.4808851317811453j)
(3.810283979342633+3.5336635035183166j)
(3.9391783688449737+3.579648960199682j)
(4.065550501661626+3.6209612236659203j)
(4.188888213171587+3.660361810908556j)
(4.31019086594722+3.7004345688401816j)
(4.431652954309834+3.7428715440124987j)
(4.556063708694405+3.787998895872067j)
(4.686037368340619+3.834632207249489j)
(4.823219780336181+3.8803397532996957j)
(4.96769902771067+3.9221400753526776j)
(5.1179006615746605+3.957493092697632j)
(5.271126072364414+3.9852175646202723j)
(5.424569025490373+4.005896013304633j)
(5.5763473019639616+4.021568125900998j)
(3.559078240110128+4.626441242409169j)
(6.865447643403132+4.665365036214668j)
(-24.78845809671233+3.978795009906986j)
(6.28770453233316+4.788123554231056j)
(5.230118204126719+5.562194176046518j)
(9.106804579150811+5.319867930286715j)
(5.204938703084747+4.289985065651554j)
(6.728422327963831+4.740104556218019j)
(7.30290961746542+4.250307998232751j)
(3.9299352579304614+5.699765838747997j)
(6.564848339177958+3.0152063187704394j)
(5.94919654209125+8.834622602976866j)
(15.090741983459+13.35139225424818j)
(-1.6967236053207522+4.630849021076543j)
(7.857649569212633+5.904047244162999j)
(9.1251075555501+9.362576236116965j)
(8.529420662076783+2.772023707176947j)
(5.858305686403656+3.828504532872774j)
(18.901032327316315+0.5269077752144844j)
(8.939430674465449+5.419829119752012j)
(6.656591745179508+1.1361350911034969j)
(9.060017832444888+2.4990937722008426j)
(43.30446687392145+30.380844888635767j)
(14.766996253763947+9.62551203723082j)
(12.910412619831623+0.6544477857865143j)
(5.649526612149627+31.25945508986545j)
(20.526234432770593+2.9235348836356403j)
(-10.930318056191542-7.41745113693563j)
(13.149132820349399+2.7723683234722136j)
(28.560200171001977-4.282896425317908j)
(11.499259091383967+0.5680190357154905j)
(13.282491641266917+0.18547574829979221j)
(16.707677124671946-2.558482178589483j)
(15.592969457139937-2.352243116333183j)
(13.481508180578398+0.38527721366619594j)
(12.523614941606432+2.142471651827853j)
(15.629150717451537-2.3561403092755295j)
(17.563432061063548+74.4358524171944j)
(10.160118010449978-9.91149897622739j)
(18.780974913904412-4.248452479236113j)
(9.759014796173616-3.606778218521549j)
(26.87136414897312+15.900454440132378j)
(12.37675334579667-5.2163318066384585j)
(13.729768106345011-5.398039815472511j)
(12.825537932106759-5.474650695520224j)
(10.12191574966671-7.013313496225614j)
(10.829738439750736-5.1335501415544025j)
(11.669410676543517-4.9299601007105425j)
(12.345369997743274-7.35447834886272j)
(5.713498112146167-5.692375285191362j)
(8.642956545243171-4.714542152129434j)
(31.631515693090712-5.681158570067559j)
(12.286513131188116-14.450469755440695j)
(12.132860129026987-5.570961986569236j)
(13.056027952641834-4.128102816068045j)
(11.744784649666164-0.9912649374209357j)
(5.249501537055349-0.32414667432508937j)
(7.34853507518803-12.913335727075156j)
(8.98046223131415-7.754923245796973j)
(8.648701064725959-6.7051766395674495j)
(7.216206415833608-6.351296092256309j)
(5.5081360989157515-7.428251333838308j)
(4.952070671893941-6.838768376919872j)
(1.237261268036159-11.953614459873208j)
(5.286266988747043-7.982918845359859j)
(7.406803825133271-5.841994046875763j)
(6.876206522090808-5.46712445752378j)
(6.876602657554138-8.174185423669499j)
(5.887792117235816-7.864192652209799j)
(6.283697091947184-6.190737595198768j)
(5.087261258108974-5.973153156798325j)
(5.111894506545957-5.789279642797379j)
(6.067998562273319-6.772477035226103j)
(2.3594235133149812-8.327253542434079j)
(7.540562063237291-7.467872326463774j)
(-0.19674331509442586-6.14642983324048j)
(4.401876215660561-5.105160290228912j)
(4.077793653799695-5.6859432485361925j)
(7.267687684118625-11.937191567183717j)
(3.5767631067482712-5.036261619425052j)
(0.8476204936351446-6.156580735549527j)
(2.8896015081924697-6.346987201356442j)
(2.206118085122327-6.99101521865376j)
(-19.682589811083023-25.28704367965653j)
(2.637143057131932-5.469525768208409j)
(2.1711578025900637-6.3911746326582355j)
(2.6204713276237257-6.654780471216751j)
(4.386219389142279-4.478409196912375j)
(1.5097766338720222-7.004005598163633j)
(17.376698896396306-27.08003726561823j)
(1.7725290267092504-5.398750933967788j)
(2.249188884140525-4.842555706910195j)
(1.0277061569242152-1.0507152096549748j)
(6.484444265536731-6.018022154676566j)
(-4.344756049806247-3.989015256007833j)
(1.962972489654718-5.840946436992526j)
(0.6287862242494002-5.780807878312884j)
(0.5379431512444186-4.464807162316047j)
(1.779360374880726-5.203215281068089j)
(0.8491689427503956-3.7068992920680977j)
(1.9100582243241313+68.20348456082195j)
(2.015456458213311-5.562043707950672j)
(0.5780855585390168-4.081814351064484j)
(-1.5183135408979165-4.790934800120066j)
(-0.07719257161686803-3.6948865878854056j)
(0.10188975919115982-3.3734426955967756j)
(-0.6670732537914623-3.7182469653719643j)
(0.06274908838981096-3.1005786306368814j)
(0.04478887808999826-3.6927919343622717j)
(0.028927212507266403-3.297018601683829j)
(-0.21970333221000665-1.975714944170768j)
(1.276456255745724-1.568152418886744j)
(-0.028846893082026568-2.4435844048416686j)
(-0.9620538389928807+1.8294052003221153j)
(-0.5813666923265446-1.743219869770088j)
(-0.7504655550226166-0.36121068230430936j)
(-0.05008101434623202-1.412190581092921j)
(-0.05325989867632687-1.2599507093932891j)
(0.2674522204506303-1.546844303394132j)
(-0.47746159225664886-1.606962630984448j)
(-0.04631454746472599-0.7819677705778858j)
(-0.028266046523005177-0.6129484461243925j)
(0.0028022268270353756-0.4422230007800158j)
(0.048076901958599975-0.2736745716755959j)
(0.5774584849236092+0.20465332230644953j)
(0.17691694093020383+0.041610854184139505j)
(0.25490099355094803+0.18316535324243155j)
(0.33723147972544515+0.3129615479043869j)
(0.4206715072019284+0.4320594470046311j)
(0.5028931189598662+0.5426552266690581j)
(0.5828701553423564+0.6475896244176721j)
(0.6610600813724863+0.7497125821045507j)
(0.7392917688881022+0.8511743261853388j)
(0.8202958732221531+0.9527931432678343j)
(0.9069191274052798+1.0537149316202523j)
(1.0012237061266052+1.1515445744229769j)
(1.103779983926394+1.2429619566674952j)
(1.2134103414527324+1.3246193716798393j)
(1.3274445267875659+1.3940011053153585j)
(1.4423378580338369+1.4499853130303442j)
(1.5544127206915013+1.4930160113206108j)
(1.6605271758850684+1.5249407376204318j)
(1.7585729898633113+1.5486256669339384j)
(1.847777097454201+1.5674414773304366j)
(2.7059930011196203+1.892137486377952j)
(2.003586552044794+1.602939926062813j)
(2.074997108374275+1.6236106733213858j)
(2.1461359780615905+1.6465177661340975j)
(2.219580399011897+1.669941434227338j)
(2.296656191501796+1.6910341501634765j)
(2.3770117983978385+1.70657689955458j)
(2.458638720101283+1.7138600169668854j)
(2.5383320692120788+1.7114266797932585j)
(2.612440116983687+1.6994800430893782j)
(2.6776875685453585+1.6798809041233955j)
(2.7318778142321403+1.6557791523988492j)
(2.7743425198904883+1.630990200709502j)
(2.806072016921644+1.6092523095553037j)
(2.829513674206873+1.5935043455327715j)
(2.8480744107753035+1.5853179996635522j)
(2.8654141642946307+1.58459974902273j)
(2.8846637856455257+1.5896369665933954j)
(2.907728703221739+1.5974990107935947j)
(2.93483605050646+1.6047293092407706j)
(2.964444831180362+1.6081952430970614j)
(2.993571304930673+1.6059131257159132j)
(3.0184923515372843+1.5976463898743822j)
(3.0356876767129983+1.585099114834399j)
(3.0427894005396814+1.5716089476700859j)
(3.0392661884729844+1.5613829707477513j)
(3.0266223410775686+1.5584785992402754j)
(3.0080453787615116+1.5658344429878677j)
(2.987628281684601+1.5846381383801165j)
(2.9694271341720384+1.6141813557560367j)
(2.956627679208726+1.652173212229903j)
(2.951001314205936+1.6953561078344175j)
(2.9527058946793368+1.7402363780467176j)
(2.960398697892784+1.7837828520212127j)
(2.9716008275739996+1.8240030881435807j)
(2.983259985629514+1.8603346346622824j)
(2.992455854171083+1.8937794256836369j)
(2.997144518537225+1.9266981693462057j)
(2.9967564297135305+1.9622275270721794j)
(2.992419579401849+2.003418353577329j)
(2.986666569847413+2.0523612285774755j)
(2.982703629311257+2.109628360296283j)
(2.9835333275042406+2.174227929445159j)
(2.991265127653511+2.2440156625400305j)
(3.006798667624257+2.3163236531973093j)
(3.0298602240463226+2.388555003315062j)
(3.059253756319373+2.458606227142012j)
(3.09318641058627+2.5251035275732554j)
(3.129591315378196+2.5875027841111287j)
(3.16643391337451+2.646100953980928j)
(3.2020148372659585+2.7019676136244937j)
(3.235262422645642+2.756766989385131j)
(3.265955649877208+2.8124398655421823j)
(3.294776677455356+2.870772360216173j)
(3.3231178165308917+2.932969622372276j)
(3.352675733915385+2.999399419040933j)
(3.3849852742874478+3.0696085356094938j)
(3.421073423951734+3.142576464441054j)
(3.461327862269406+3.217065993783692j)
(3.505554773827223+3.29192916354181j)
(3.553135258963684+3.3663000920677244j)
(3.6031965062356135+3.439681121221353j)
(3.6547565754365676+3.511963965420943j)
(3.706841827650942+3.583424406533441j)
(3.758596326709248+3.654706063332302j)
(3.8094004082957857+3.7267825968364616j)
(3.8248075039864093+4.321361452565719j)
(3.9967085119962187+5.0128373294355395j)
(4.419249816292784+4.68483395474991j)
(2.091842352063488-4.729138643592037j)
(5.218452914855446+4.063490732892196j)
(-5.619319766552377+3.523285171221362j)
(7.262852053794362+9.104152307468805j)
(4.291090261784774+5.184586811235683j)
(8.029325629372433+6.407230721225354j)
(4.470549692666499+4.650550378387102j)
(4.926715936607369+4.6579798321143375j)
(4.985335901754291+5.137401990078197j)
(4.242097416639054+5.4283083219721675j)
(8.88214333920331+8.812583319527933j)
(8.523716321367676+6.670478726933371j)
(8.044506513309344+7.163034097249318j)
(5.12773604910246+6.540074491769098j)
(6.341957802357365+5.928384049522988j)
(9.460818849642829+11.106544796527489j)
(5.256744394107543+5.444159089405729j)
(-3.5638943826288583-3.1921684522002534j)
(6.235445468539198+6.804102582902483j)
(5.763720717105051+8.950569621567896j)
(5.15310108030258+8.490376870003084j)
(6.136138577730795+8.712438542057425j)
(9.206931397155811+9.786170034126691j)
(-1.7309078741953396+3.734712308387818j)
(2102.736033912599-478.83371338390305j)
(14.29365140812896+17.253535416090134j)
(9.814513747163215+9.727950313083285j)
(14.327101811990627+14.736632291578363j)
(9.832840764314161+9.714735790284799j)
(17.626302311205848-8.96707782453477j)
(16.213730989069678+13.31950763290759j)
(12.013391331745455+10.754705020477603j)
(6.952964050546801+1.6363015904808076j)
(14.9830724307251+10.740356764752406j)
(25.804782246762105+7.336339452254756j)
(36.74003075339486+13.436653887159636j)
(14.755216270205528+8.15628630059536j)
(26.230421875048922+8.732029272211697j)
(54.498703310299234+26.031225774255574j)
(31.977842554719434+11.428640413249465j)
(19.528132071132973+6.444459573227459j)
(39.35621702950516+5.930934152535669j)
(19.60692354809307-21.14783592409658j)
(24.55432855133091-9.506423254333667j)
(16.55988654067333+5.813524026004732j)
(29.729197748417022-7.45702558973835j)
(26.37991754352366-30.71962578128971j)
(29.722056539807102-23.93786631779256j)
(10.118817175984471-8.598889919980037j)
(17.7502409465534-17.160998675793298j)
(11.659532425400517-9.023366340215468j)
(15.059538657827067-10.890757490464377j)
(12.950386000589221-12.245258936100695j)
(9.838066582116868-14.680288054258954j)
(6.816951989725774-10.964684056786501j)
(7.752100162289151-12.428592496816266j)
(6.416068021922781-15.097968703524838j)
(5.400334994796555-13.108892663667273j)
(14.485095554988849-14.495688809466674j)
(4.717367815895159-10.14188790804151j)
(6.341432132499773-10.520330625571983j)
(4.975922692210014-6.774913446977045j)
(22.3840049048317-12.365051762152335j)
(18.159797776034978-12.063528980180015j)
(5.117403463814154-8.352819306269973j)
(4.055631864517391-8.178998799598864j)
(3.5573578938861963-9.176991299493965j)
(3.9211639820676556-7.906296248617623j)
(-7.655362445634051-19.14175799704327j)
(4.390223173798297-12.14819221447013j)
(3.767863810920982-7.6098454459240825j)
(4.6790799162252465+3.2312571907336953j)
(5.634287973780947-9.42603246204616j)
(5.926748931334059-7.837419234968299j)
(1.8934936823224207-5.99124172130468j)
(-2.38208880623094-8.034491598313188j)
(2.7118150455028824-5.146658525343737j)
(3.827433286449599-5.341860879455437j)
(3.3880402554354214-5.494357060207136j)
(20.48002157957447-6.4708567999264694j)
(3.595467558927525-5.2913955832040545j)
(0.6887556297054159-1.1374409797463407j)
(4.653794886108092-13.714247168711275j)
(1.9126811039513416-4.1206323445750375j)
(4.1783244900711-6.10555028879508j)
(3.6717850942064634-2.902815350589396j)
(-0.034859044700077585-13.31347905678804j)
(1.6994217095356796-4.733147512351286j)
(10.31935519742358-20.62453096968063j)
(4.140413544119798-3.043958168560383j)
(4.435917988941374+3.67861113227934j)
(1.9898127552495006-4.916001805605268j)
(4.587740005334242-4.01890429166813j)
(7.8868380683941215-3.7209762009810805j)
(-1.9446630623227419-2.4739211340723344j)
(3.419139622038973-4.712598620094977j)
(0.78143071929652-2.843061162536914j)
(1.2693597838808606-3.2278436519596863j)
(-2.115663582164758-46.9416843103263j)
(1.395822426395768-4.201705028749177j)
(1.2297441019310322-4.068260738928888j)
(1.9334565636365353-12.41034242978383j)
(1.2029623183085707-3.3757220175434157j)
(1.598991824500659-4.074302125566503j)
(2.0998695145328417-11.096960418905157j)
(2.3325814168864394-2.6716145544846412j)
(0.9124955194343143-3.074606175101927j)
(-5.09647084570297+0.6289688542464051j)
(1.2794280940743572-4.043773892270077j)
(-3.05010694489345-4.363019687774857j)
(13.559633004445956-30.108808347011692j)
(-41.129136827800934-45.461545062027824j)
(1.3156656374033544-2.4015190912885935j)
(0.9222416220182912-2.293703869830252j)
(-0.7365593189687694-4.001028559102576j)
(-0.7935961004656799-2.7744464284052612j)
(0.61589951044628-1.7850233716217898j)
(0.10158230196624-1.757763524474981j)
(-0.5021160508713697-2.7259349494397123j)
(2.776704890987759-4.253053486365401j)
(-0.5598050821848737-0.6944264137287782j)
(0.3818197635253139-2.828025932841936j)
(0.96467444951466-1.6244338552452489j)
(1.2129010280442882-1.3233387641967167j)
(-0.12304023614871307-1.8800000737184042j)
(-5.619135547658891-1.5756651367456693j)
(-0.26771928473550505-0.7851385888715532j)
(-5.2135309188042696+4.805049157366016j)
(-0.13515737371582656-0.5991108094825855j)
(-0.0603164232666528-0.8684982232919113j)
(0.13429691035613214-0.2832325842410678j)
(1.2944000071983917-2.455396273254051j)
(0.27462464900548744-0.6670560002099966j)
(0.22444293609235996+0.21647327534237865j)
(0.2713937944415632+0.344219582448033j)
(0.32285062917770757+0.4692681565184937j)
(0.3787475484219491+0.5916884434770908j)
(0.43912026438228974+0.7115063165167904j)
(0.5040797581462247+0.8286841788978154j)
(0.5737910532155074+0.943109100310878j)
(0.6484561071935839+1.0545820998322266j)
(0.7282958499415327+1.162805070561136j)
(0.8135254261051917+1.2673670756106847j)
(0.9043198044108773+1.3677366078039037j)
(1.0007732407273182+1.4632677126947078j)
(1.1028619718258934+1.5532236773471235j)
(1.2104204719626348+1.6368141614225498j)
(1.3231362886210687+1.7132353873063004j)
(1.4405603944823906+1.7817025482963604j)
(1.5621243781850396+1.8414685853767172j)
(1.687155129945144+1.891830015711183j)
(1.814880644692818+1.932125014303328j)
(1.9444244273322864+1.9617305700446142j)
(2.07478905801588+1.9800654007008058j)
(2.2048317626110037+1.986604804665084j)
(2.3332373103997854+1.9809131937814595j)
(2.4584971461658514+1.9626988676448582j)
(2.5789082083884343+1.9318918073791576j)
(2.692608171987712+1.8887369513857917j)
(5.800997356838629-6.519707644830083j)
(2.8921950905482925+1.7684321625803334j)
(2.9745653202290994+1.6939242455153878j)
(3.043500315122134+1.6122303889401979j)
(3.0981756083117395+1.5253904952511719j)
(3.1381932147371656+1.4354420103977894j)
(3.163483928523446+1.3442990702617716j)
(3.174180124220151+1.2537099871556572j)
(3.1705057059555357+1.165284943244931j)
(3.1527073401524754+1.0805663719993024j)
(3.121029187096697+1.0011180558054311j)
(3.0757270327411677+0.9286233895703915j)
(-3.6411019194589245+7.724373543330938j)
(2.945754039000225+0.8124701533641496j)
(2.8625512400893873+0.773712996097683j)
(2.7692208685504+0.7517579794915634j)
(2.6686273391850697+0.7497766449737917j)
(2.565125958657221+0.7705179546777032j)
(2.464566979658095+0.8154598525857825j)
(2.3737352648354295+0.8839063963155339j)
(2.2992035544377663+0.9724644994314389j)
(2.245947727098622+1.0752932501600625j)
(2.216314115361319+1.185152316677576j)
(2.209781335971621+1.2948221160147404j)
(2.2235112640984545+1.3983036611196968j)
(2.253308074796559+1.491432865302045j)
(2.294547160019402+1.5719124377970244j)
(2.3428220688362478+1.638992571478638j)
(2.3942754384674494+1.6930519202928087j)
(2.445703710644689+1.735237387047309j)
(2.4945523068994646+1.7672184623336509j)
(2.5388941123012367+1.7910435324139025j)
(2.7983362026502543+2.1860274612546773j)
(2.6096444031550496+1.8237750690073995j)
(2.635748195297823+1.8377835536452252j)
(2.656925439378766+1.8534094220007595j)
(2.675214003506042+1.8723775417659505j)
(2.693278286488893+1.8954061731375447j)
(2.713933994439738+1.921927451225045j)
(-0.7657245302900314-7.514939440937843j)
(2.7713878259043234+1.9770264044774495j)
(2.809463220883357+1.9995376590566596j)
(2.8523669780932233+2.0146036466352903j)
(2.8976327525682595+2.0199298199111975j)
(2.351830744680448+3.816063871550494j)
(2.9823704608223442+1.9971860447533911j)
(3.01496137331939+1.9696574941881844j)
(3.036689748023589+1.9333914039456501j)
(3.044818452004011+1.8910987020593888j)
(3.0373375830386995+1.8463785263687111j)
(3.013305412710549+1.8035873989489932j)
(2.9732312470539135+1.7675348525477776j)
(2.9193859423879833+1.742930992256818j)
(2.8558575538347095+1.7335977994264358j)
(2.7881729911215998+1.7415994564859723j)
(2.7224301948381417+1.7665799944818406j)
(2.664103991766462+1.8056115197646214j)
(2.616878118535312+1.8536942783537422j)
(2.581874894781529+1.9047858867440308j)
(2.5574806532611922+1.9530423733700424j)
(2.539728446242157+1.9939442684022441j)
(6.194519252239269+3.7610594824664787j)
(2.5012869646722966+2.0468106514553535j)
(2.4686900235613103+2.062019023406337j)
(2.4211684082174036+2.076223824113656j)
(2.357354099245734+2.0965940586936567j)
(2.2793508433905845+2.1305886449352274j)
(2.1926685024122685+2.184151196283313j)
(2.105087583100642+2.260078309414251j)
(2.0247088243390454+2.3572899221380093j)
(1.9579630676255828+2.4713687895964522j)
(1.9084004104208068+2.5960568003903113j)
(1.8765804898461245+2.7249473711391206j)
(2.7621241912783536+3.8506578701341825j)
(5.087786236599338+5.513483761626562j)
(5.620813361458016+1.7313250532161868j)
(2.2578728346662262+2.9867051397381417j)
(2.4290631391122828+2.957577970078878j)
(12.02620566122053+16.52220490829156j)
(1.8012154963566596+3.2485217976904814j)
(2.3608614130982306+3.6301639575060825j)
(3.5666440577965464+4.465270726947866j)
(1.123881175769906+6.321849097193362j)
(4.030056486901965+4.7184717950467014j)
(2.5343875350424603+6.259725752999076j)
(42.31676172531313+11.04363505445435j)
(6.689886755087827+6.905589462731527j)
(5.928432714906165+3.1351907991563404j)
(3.0858059206959023+3.705704981055065j)
(5.0056371753531+0.20767773044925533j)
(2.97285600724006+7.720559200290099j)
(1.487408830939875+4.216398847272564j)
(-1.2404251707015397+7.650379299123949j)
(3.820189651380054+10.960546528861784j)
(0.8328850653733197+6.685699535883536j)
(2.620110214172599+4.965454634989007j)
(0.4097551075182218+12.826820101008298j)
(1.6731900881492143+5.650999332811967j)
(-0.9450518640216168+8.450933203183245j)
(1.1401711549035496+8.02490297982534j)
(-3.4817024507854293+9.918296373135451j)
(1.1528508373485895+5.977170426120015j)
(77.06169073163443+48.51055641482107j)
(8.748498428521506+18.287335092737386j)
(4.038801746782979+6.418730280991028j)
(1.17277363588448+10.499085910366396j)
(-1.1377805251259552+3.4993569157594338j)
(1.208368965668759+5.362906906213071j)
(0.027285265923522442+8.35721584181552j)
(-0.06859053183217169+7.54237124714842j)
(-2.6348914593597517+8.14819562107471j)
(0.2644364275891856+10.405647376635631j)
(-0.928687004973897+9.334188511952162j)
(12.879913522662081+6.266045569111717j)
(-6.783772241746861+9.10162369277058j)
(14.068788920545936+15.093718850221041j)
(-2.5810381040685564+12.459906526990949j)
(18.562616202820482+22.34204245325867j)
(-3.519676442683815+11.656388847832462j)
(-6.219372421513535+14.03910621882646j)
(12.749317885112122+13.731784339197965j)
(-34.779061364797315+34.969554465389436j)
(-9.359450771550375+13.74314695855748j)
(-25.069665902058222+35.01644952332927j)
(-31.59932727285046-5.961656877842029j)
(-20.31375140977209+31.83736661381691j)
(1.791230604553025+47.74616938507855j)
(-26.482216975010733+43.90576294753475j)
(-5.942032555612854+31.482421519104903j)
(-46.17471479799824+128.18729352513913j)
(-13.943492446528776-32.08380297250663j)
(-53.210411806890825-34.473414299503986j)
(25.52337787385532-21.552293354844213j)
(93.22519994017394-13.6155804761611j)
(118.2876295734933-47.080600851703046j)
(12.623112342764136-18.177149095361955j)
(13.01596227753377+2.709025828392866j)
(18.94271605943214-8.964154225367444j)
(-10.667944311209808-14.913191580280035j)
(11.111562417229976-21.01554470883171j)
(15.656820293470787+20.425023051865963j)
(25.079302616063217-23.4454688908076j)
(-1.4705106305027627-12.068590415771194j)
(11.28589547333839+3.4090556184376544j)
(3.5582325292581225-12.75358285616448j)
(7.016978108276291-7.13583926068012j)
(20.304117636500635+0.4907575625620245j)
(7.103230397128203-10.892576344213738j)
(6.797745091760991-10.962767382577196j)
(10.130248888786708-10.918152370738897j)
(8.238720811377764-6.313499588635088j)
(8.22419532983283-4.769868127428821j)
(18.56346671368061-10.910982962944304j)
(12.692694617380663+1.1057091268437078j)
(6.577007987178163-4.074218953053755j)
(5.830103820214909-6.860742712498372j)
(6.025781346295823-3.33133700798805j)
(2.5651855690882646-6.697227378702903j)
(7.463027674619063+1.9644418725354285j)
(5.652782802419756-7.9797162241759345j)
(8.629670057590896-13.300095855602976j)
(6.734955599950787-5.934162525958652j)
(41.46567251997051+6.498524243449707j)
(5.499137606693161-5.954173401789656j)
(2.7910199534635787-4.647117470350791j)
(7.687907982220106-6.635881034328791j)
(6.048759523615207-7.3509930654449125j)
(11.284722489021282-12.959910185574842j)
(6.6915228863368235+0.14542263639908004j)
(-0.4740943057799821-5.604564534664359j)
(5.355601772363154-5.725314106055921j)
(9.583401762944737-11.93941917167349j)
(5.230500530870215-4.369095350808998j)
(5.034857066092416-5.520915140232968j)
(-19.669441906391334+4.09255257419996j)
(-0.4392035605603109+0.15097597255570006j)
(5.26526957663303-5.892123332059733j)
(4.98141825956614-4.407721429967164j)
(7.250833528657596-5.593320812240032j)
(5.899876033840265-4.670617848236237j)
(5.45220323163405+0.8331530798641651j)
(5.102564652798419-5.858405029018838j)
(4.897103051032439-6.579330941724368j)
(0.8953560231605634-10.022312446922601j)
(-13.085593111754367-0.0746601596347752j)
(2.3201522474091587-6.754148813394781j)
(3.228151548867462-6.367266810733247j)
(1.212878060685725-9.352049100817359j)
(4.555651330251577-5.916958607240952j)
(0.23335670219659646-2.817034171921835j)
(29.987896584779875+10.618346592699877j)
(2.3399474469113666-48.66420880689195j)
(2.71806896665404-5.49532083603092j)
(-0.5340444339806186-4.225910414217285j)
(2.116435491825512-10.937607654912428j)
(5.635226911131727-6.151624064017553j)
(3.6213850449123846-3.34764106142845j)
(16.418809769984986-63.74111863835696j)
(1.2800865876337544+1.068689241219741j)
(1.1555089726901286-10.761936555964123j)
(-56.964389300808385+39.93551954387841j)
(-1.5476157113740092-1.287183444294944j)
(-1.360069305608456-2.6818332936950267j)
(2.4266352223824112-3.068216469504511j)
(-11.63793352916941-26.52712025864463j)
(2.916529851164843-5.808525179055089j)
(6.68115279158696-12.079682786526812j)
(-1.4906257886642131-7.05921965627509j)
(1.4625405337041502-5.012771494020494j)
(-2.819528725019225-6.51075000482163j)
(-5.130777388062744-7.67827584639254j)
(-0.768339291049878-5.012416724847184j)
(-1.6107098970161577-4.73847809084341j)
(-0.5750728627620479-3.1660891347787192j)
(3.256031405291733-8.85057851938661j)
(-1.5769768523062633-1.981764216025768j)
(-0.5950761051553485-0.6421824625285539j)
(-1.7313937066848772-1.880016727152356j)
(0.3408002703935445-2.303675464086433j)
(3.5485123540760024-1.9295995845733351j)
(1.8844720093754375-2.7914095383525277j)
(1.983936757863584-3.616936142170162j)
(1.7085827630902517-3.876757253571015j)
(1.017788969405146-3.928234447707339j)
(0.28512096823858235-3.640255332476197j)
(3.7827440202659943-4.696843996898487j)
(-0.8203928801481281-2.5203826005023577j)
(0.16052059059599252-2.009917116842104j)
(-2.510777664484692-3.1090336028349235j)
(-5.548832266252421-1.9931593918491979j)
(-1.843912017760374-0.9669601150159708j)
(-20.771939098308284-10.030043179451322j)
(-4.219983007819375+2.9346116405475864j)
(-4.507708582493366+1.392590828605345j)
(-4.83327324212271+1.432705623736949j)
(-3.726658582776614+3.24012938865694j)
(-4.346155689624098+4.232777964474989j)
(-2.669084275914371+7.530938810584673j)
(-10.72303441014771+4.9170526704221444j)
(1.7991728361840673+14.577708607100336j)
(-8.598807010746528+10.56579981129814j)
(32.11534655465857+7.727088459493881j)
(68.89375290669354+59.08292232899402j)
(13.482458220075605-11.481197613075949j)
(-1.9071834054609338+7.7940011665799025j)
(-12.238041883434398-7.7141731984514905j)
(-5.933934681021402-0.12602015783276518j)
(2.2740199856440366+0.015763913905107195j)
(-0.684705283961367+0.6798548396867846j)
(3.4542375116717903+3.870090181024214j)
(9.600699063030055-0.551384773206453j)
(-1.30183539073811+3.8806895840367375j)
(-3.199436670665025+6.985850731612445j)
(-35.055414176012675-27.38087459918217j)
(-3.5981496447460746+5.44416369174175j)
(-3.849653007014533+4.784021469189493j)
