(27.614000281209833+0j)
(25.221989652797884-6.225347109538084j)
(20.25467261528653-8.991098334801682j)
(15.81879184571325-8.386781091951676j)
(0.6825701816645604+1.6586292449528908j)
(13.06329992029043-2.6714308680679997j)
(15.490849266722261+0.09134571396581728j)
(20.63764556383045+0.3222190710679936j)
(25.750177769016844-4.976851613787012j)
(24.57166317797078-13.713652643425752j)
(17.86425188156872-18.290951231531714j)
(11.59933416434088-17.905126236477443j)
(7.64531839454429-15.45510126076124j)
(5.613578144660327-12.547608300536606j)
(8.122011322581434+7.929686155986511j)
(5.783468957442587-7.447537575159062j)
(7.766721129893233-6.282405428019164j)
(10.12628809522056-7.423639689370184j)
(10.336046082821941-10.722372857853308j)
(7.524518466801781-13.036405090330431j)
(4.207089455015842-12.873947554462331j)
(4.380020724112129+5.897863210364434j)
(0.5754923719796732-9.487661862024696j)
(0.01208435525563989-7.616857000360962j)
(8.475942398311306-10.801366761874382j)
(0.6840543543856386-4.4646130615641955j)
(1.8639299693841855-3.675685841060439j)
(3.1089757630890396-4.046272996007057j)
(3.2495464775169194-5.3765931444351365j)
(1.9885461893206788-6.220848982430807j)
(0.4527118025364407-5.917608688214759j)
(-0.6486732974865552-4.93758524474475j)
(-1.2636850466151104-3.7313670774521097j)
(-1.489753832955127-2.4947481213344362j)
(-1.3823652740750276-1.3077506933461494j)
(-0.9363804378454543-0.2533098449775338j)
(-0.14540998594428475+0.4825506191110997j)
(0.7858934145839314+0.5848605680991255j)
(1.2245598573840182+0.011843603412060921j)
(0.7759167586148793-0.5103420686307952j)
(-0.05135189552134401-0.3852900371337367j)
(-0.7242903479363785+0.2534262823140805j)
(-1.1125270055544578+1.1245534915652027j)
(-1.242892440499987+2.075101292460602j)
(-1.1414503589295446+3.0374597200120497j)
(-0.7980649201710953+3.954541127616261j)
(-0.18965515598129423+4.708794959299309j)
(0.5980239262582664+5.0784079050230355j)
(1.1806236295554313+4.934136364310429j)
(1.1634289665384554+4.656327704849716j)
(0.7447715756338505+4.757555697368856j)
(0.33113890486783054+5.277786147550845j)
(0.08874538778092013+6.042703479142092j)
(0.033072844132734376+6.929767314288107j)
(0.15766791877109038+7.880880670536302j)
(0.4779989708401051+8.853406926898337j)
(1.0225899664473093+9.7632706348835j)
(1.7433750214775838+10.447874503785947j)
(2.381951817586614+10.811198663601967j)
(2.207006850037399+11.366687014114362j)
(2.7510398228885906+11.620515271140256j)
(2.82716296084559+12.435631672933894j)
(3.021712045178681+13.466150135457431j)
(3.3625546334477288+14.658703115217689j)
(3.860198111779296+16.001755091512074j)
(7.94786023227565+20.964143929779407j)
(3.404298590192446+33.49885465349388j)
(8.709223684906751+24.259616549234664j)
(3.03779756508629+27.623603313271367j)
(20.91747015146584+27.37718816709975j)
(26.801458739111595+55.492625498356304j)
(37.640852777448785+50.39036616626112j)
(29.482260244085555+33.13448806839363j)
(28.101585074104236+33.639846030542536j)
(44.49928434243035+34.050113693759904j)
(39.16925196502389+47.80511855014944j)
(41.219438239407225+27.816344749138405j)
(53.77184603470841+27.577778074676523j)
(53.74871098288376+1.6926091585986287j)
(81.88852211033777+22.511422629560002j)
(65.49605320919422-19.371501591970084j)
(50.627559246394824-23.470803105048933j)
(41.855798427124796-34.02715233450048j)
(38.53442741715447+27.362457373685253j)
(41.360706650391535-15.004871973163299j)
(34.709059388510475-71.77201075582214j)
(16.89063710200051-57.243176059384304j)
(26.047941935628906-27.892991375344995j)
(19.46366493748849-27.295429545860987j)
(14.32043909553507-28.760756853878558j)
(15.175299616611191-16.521785438350815j)
(2.1676882907914545-11.451653805865568j)
(8.475337015336669-20.176030555997375j)
(10.22952902816188-19.17694402073146j)
(9.340992243922413-19.33822748752081j)
(10.522601075627824-15.989660646672142j)
(6.694195404876308-33.27693373761508j)
(9.381147374125275-18.02096179257161j)
(8.470071271603745-14.65798892873678j)
(12.077845941026082-13.262386982875864j)
(4.6211981472029215-11.710741312951829j)
(6.469189004318235-12.94020165374196j)
(3.5689703654962153-13.02560603398296j)
(3.975466137162336-13.505097126876816j)
(5.807267924069591-16.545492563465196j)
(3.5745284823879695-9.294932850401604j)
(5.749165416371852-11.729103300813096j)
(5.548437440659677-11.039227021501128j)
(4.911602057700158-11.802622633217233j)
(3.2443024756995036-8.784355862537664j)
(2.9033608219728637-10.630703205737571j)
(5.817152326633948-9.147591958689056j)
(4.322584113446418-9.716844406154008j)
(4.559604614078338-6.566597438132897j)
(3.4730991455846008-7.8554564964394915j)
(3.59227635386376-7.728901694949511j)
(3.6060154121323076-7.692429993758625j)
(3.4962156865482363-7.639610492774982j)
(3.3309295376758223-7.501357157018838j)
(3.1843886487987034-7.283637793820191j)
(3.0925125066681547-7.02435616573214j)
(3.0627564919263466-6.759293705737019j)
(3.0902904538827163-6.516568574098881j)
(6.805354983757684-10.903373104539742j)
(3.2554353170430086-6.195519071001863j)
(3.324159515925169-6.148159669065235j)
(3.3191696151013876-6.148779682819974j)
(3.2297097664988006-6.12998206795071j)
(3.10389765907585-6.042597683203068j)
(0.5802221642950912-6.474848056042972j)
(2.94721495407263-5.720882190474101j)
(2.940895608617559-5.55777706026914j)
(2.9668524079294123-5.426041734017223j)
(3.0052375295343134-5.337316455812271j)
(3.032416500381495-5.294245049147948j)
(3.022606018707151-5.286189940990558j)
(2.957991707700797-5.283921831271888j)
(2.847121952048659-5.247609022271444j)
(2.728862628410667-5.15560377398366j)
(2.6434949246111734-5.024031279896731j)
(2.603159842728011-4.888936456002911j)
(2.5939253316047233-4.778118690622711j)
(2.5929012316436806-4.70179994767673j)
(2.5792589486926207-4.6564628851129575j)
(2.538039708879025-4.62971881902104j)
(2.4622614722678775-4.60311309848779j)
(2.356261390913373-4.555401931533468j)
(2.2384933677137155-4.4701070458374526j)
(2.136997877224559-4.347121132095556j)
(2.0731539163168473-4.208060646374114j)
(2.045354934124651-4.083685533268037j)
(2.0312245564111615-3.9924955015378716j)
(2.0050213817045663-3.932085509314494j)
(1.9512404902900649-3.8862725227765624j)
(1.8673800117320432-3.8355984666457474j)
(1.761156469304803-3.763858223237246j)
(1.6472122682279198-3.6613220617828914j)
(1.5440845581932507-3.5272906444508685j)
(1.4693976731543892-3.3727789751607746j)
(1.4312437895213366-3.2203532786242475j)
(1.4189965046494568-3.0952656752137933j)
(1.404799764590093-3.008430331119114j)
(1.3611801772852068-2.9466741084652743j)
(1.2789800807506477-2.8827092731136594j)
(1.1685975875077297-2.7931122691768033j)
(1.0496294982466396-2.6673487921806043j)
(0.9417155638344595-2.5070385020178363j)
(0.8602862879083475-2.3226642132598685j)
(0.8141962901412851-2.1315464377285354j)
(0.8018310422462892-1.9558929207659117j)
(0.6243782539983663-1.4054069166544807j)
(0.7936738987900744-1.7175741843424943j)
(0.7353751807994449-1.636730343101847j)
(0.6275383574420906-1.533858555294701j)
(0.4958484374352027-1.3806482464224712j)
(0.37361228732321683-1.1745640522445142j)
(0.2840520749193524-0.9310189001585822j)
(0.23694813608482437-0.6715197328964645j)
(0.23107425797699543-0.41782234492886083j)
(0.2548273291541318-0.18959857122695017j)
(2.180499774031512+2.8813157509688425j)
(0.28733276582598505+0.15764423179817344j)
(0.23816957714637094+0.31436644532485797j)
(-0.1254393377343614+1.897520826846443j)
(0.047158410512172205+0.7899459378320939j)
(-0.012605718419338956+1.1246157715375489j)
(-0.01336754705101037+1.4918944605091606j)
(0.04604094100996346+1.863351329111857j)
(0.15539081933293494+2.2178694278009523j)
(0.29798279476855566+2.5421670124988425j)
(0.4524168617842076+2.832263342298829j)
(0.5965245469182828+3.097497790630784j)
(0.7172916444954452+3.3619656202763855j)
(0.8219992512050912+3.655518331772457j)
(0.9379914919605153+3.9963954256999252j)
(1.0980200995406733+4.3806899582484125j)
(1.3247790634349232+4.786961338894294j)
(1.625543565110282+5.187583242296134j)
(-3.2974839975094605+2.673048302978922j)
(2.416119283417674+5.876360842900884j)
(2.8691694331517175+6.135137970795441j)
(3.3300081019676884+6.334627460530666j)
(3.779232316070043+6.488453532809666j)
(4.209181146533907+6.6194450449881925j)
(4.628926199259369+6.750886210447334j)
(5.664652325355734+7.047476014620345j)
(5.53773844321701+7.045526183093066j)
(6.076061092883619+7.177026850029969j)
(6.679957142247769+7.254166947346238j)
(7.331525407813061+7.243200377047931j)
(7.996356668608685+7.1231396960333955j)
(8.632673105755652+6.892805462753094j)
(9.202836968896658+6.572223494211757j)
(9.684299903287204+6.197793805430053j)
(10.07679417449977+5.811952639067529j)
(10.402953350403228+5.449783853962182j)
(10.701066896677691+5.126594295574568j)
(11.011093153633102+4.83105100324482j)
(11.357769889205587+4.527671572891018j)
(11.73706941221552+4.170000416730501j)
(12.11317782685357+3.7213497573982286j)
(11.737830006964147+6.905366210588615j)
(12.636119464215067+2.55935599758698j)
(12.704561567882307+1.9330445664397324j)
(12.64671063036447+1.3577087709701046j)
(11.975349290681123-0.4482505124344541j)
(10.347061317164613+1.8437318523490616j)
(9.400158878319356+13.006984547682041j)
(11.355959857545331+2.156668938409232j)
(11.194404784263137+0.9539558028305407j)
(13.016641858765883+0.8834131177626157j)
(11.023320745102792-4.7432770302317895j)
(22.38957037707011-17.370407277150765j)
(13.373298401194527-5.90379886685752j)
(5.2343749967475794-3.9710667244109072j)
(8.379834726465061+2.0416844366023943j)
(21.97471251638439+3.968810175994476j)
(5.594359941968669-3.581404973440989j)
(9.864336058135041-0.8155862700534843j)
(6.387206369134793-7.376400132756366j)
(10.148413027576538-0.5043636206333917j)
(10.228635660118297-5.289606964829408j)
(11.543239007266987-0.5544581936162906j)
(15.004924421702267-0.8204476245832385j)
(11.720519096851127-4.780239990385624j)
(20.007004122284485-0.0772992422056712j)
(12.15325813078475-8.49014327900354j)
(14.56877251980606-1.5270348560692182j)
(17.55761058773478-5.147292485163636j)
(115.1357413873386-136.31346815862616j)
(15.520986006931265-2.631969428448131j)
(38.77973798874204-18.572800197908112j)
(7.398935961579413-8.052802424012606j)
(4.348212826852368-7.640548945142449j)
(14.380881909353558-15.41984611283489j)
(21.135250218478713+10.612504105217132j)
(18.64443014868496-86.19294910005549j)
(-286.5348445049111+318.46006300590903j)
(48.153861655319226-17.147901996751354j)
(11.13318881632506-4.213828405439447j)
(60.44297567411695+5.115617833376789j)
(19.075002690574156-2.8677299750117116j)
(9.955096288889157-3.1887103099090828j)
(19.395956343205924-4.873030702709554j)
(22.06709658248308+2.2632809954764075j)
(7.653561845578738-3.358092414939129j)
(7.398191823547129+11.293605742687108j)
(3.418033576440737-2.92313571007017j)
(9.22655947588816-3.771007204227026j)
(13.13886328194842-5.065111617409001j)
(7.797218312021307-12.056599050377583j)
(8.701469669907427-4.387710792955826j)
(13.918444844821934-24.646753230774827j)
(9.843436880379508-8.929542733338277j)
(9.6718825174334-0.7705006176732477j)
(18.841169385225687-27.388069843727862j)
(7.302341895819781-12.902131437341446j)
(5.922868157627838-5.794623985811681j)
(3.646703079076553-9.027051418452983j)
(4.964719327913454-4.620754805874213j)
(12.240304628774535-3.946902234946697j)
(11.515135828100833-2.255692298099879j)
(8.925871514166879-6.604192187618478j)
(4.254222789126194-4.805044386087656j)
(4.5004156806893745-10.45153984577316j)
(9.615583981072216-5.832511618849477j)
(5.471883327688075-8.772178368026323j)
(13.498256761162173+11.878990988121089j)
(-2.0107451982021067-5.132853001229099j)
(12.109554998968154-7.633585704666667j)
(-79.74520450865384-3.033586834346355j)
(8.702307116420801-5.625933267048147j)
(7.135033512462279-7.748002265642961j)
(-6.647757592789968+28.633242246411214j)
(2.2640954569861873-6.068113619983056j)
(3.1600983672651903-7.104146683920477j)
(1.8912977169786889-8.640108695874837j)
(4.696042733451696-9.311458196328294j)
(1.7257488857750114-3.4475659162296304j)
(8.316994086569895-10.273000798455366j)
(5.744322616670284-8.415252972155969j)
(5.364360049924417-8.33479948009803j)
(6.520080883178684-10.943837776825623j)
(1.6221199987296493-6.863252900154509j)
(7.7325531115969595-8.593306504115338j)
(4.117077855053492-7.5074337198990975j)
(3.74357020183982-7.97145072095779j)
(0.8443957607414552-7.46577516190774j)
(0.5253032151252369-7.239535367917882j)
(0.215320486603017-6.96811309231221j)
(-0.06711208941357727-6.650788733972017j)
(-0.3034586752934007-6.296369190470471j)
(-0.4808945584017874-5.923538352174873j)
(-0.5986286628419312-5.55625868161281j)
(-0.6693591557540627-5.214573998375038j)
(-0.7131385074220699-4.906956421174542j)
(-0.7482562171424665-4.629805461243478j)
(-0.7857453827149858-4.372620016668042j)
(-0.8289847129702385-4.123561444556897j)
(-0.8756810573560766-3.8725866769203323j)
(-0.9197484652579743-3.61264300473394j)
(-0.95252156651194-3.340381538534314j)
(-0.964012760124527-3.057159194030356j)
(-0.9451145856487264-2.7699742150922275j)
(-0.8909023051269638-2.4911322824645303j)
(-0.8038786873463653-2.235505162819769j)
(-0.6950720148480106-2.015562729473138j)
(-0.5814679654713889-1.8362263559497993j)
(-0.48036540775218495-1.6923927400040086j)
(-0.40335226432914123-1.5706908514018898j)
(-0.3528816477063101-1.4545057565687263j)
(-0.3226632054701713-1.3295824625585098j)
(-0.3008734292892338-1.1878246033626856j)
(-0.27423842315139685-1.028523280906559j)
(-0.23158101192831587-0.8576145544585546j)
(-0.16645127910969743-0.6858333080944595j)
(-0.05861482969884469+0.4319553309580227j)
(0.02338192317926562-0.38991393634668464j)
(0.12696848841869346-0.283095639752964j)
(0.6035250040882336-5.657751836118968j)
(0.2807272357260357-0.1353100379149373j)
(-3.5618400888686987-2.8542138414241194j)
(0.3378966879013611+0.01894162940261576j)
(0.3513599412629994+0.1253876785068047j)
(0.3715877335148756+0.25173197484018023j)
(0.4076403698013244+0.3910021904978923j)
(0.46380265527854353+0.5335522690767777j)
(0.5394134234599747+0.669259071654186j)
(0.6290896953470314+0.7894638228233076j)
(0.7234969021197712+0.8891051847719985j)
(0.8114043205567139+0.9688347921601875j)
(0.8833600342269478+1.0358288361862502j)
(0.9357120277878458+1.1017677396902967j)
(0.9723722301261005+1.178201244360888j)
(1.002860376600711+1.2719450915525532j)
(1.0380740393609431+1.3832329057220134j)
(1.0865450379800177+1.5068953879858324j)
(1.1526251554338476+1.6348971324438706j)
(1.236284340364869+1.758707511176539j)
(1.3336662079222696+1.8710677868072554j)
(1.4379738788874254+1.9673868192087065j)
(2.375962465179202+1.708125289190572j)
(1.634286437081122+2.113558461629748j)
(1.7135630028381952+2.17503860947664j)
(1.7789826781520435+2.2408345295711665j)
(1.8362324206830567+2.3186328686380357j)
(1.8942399049522405+2.4115202000604308j)
(1.9618517993548241+2.51717485968746j)
(2.044983608849883+2.6291595626511097j)
(2.145228280007767+2.7393003334238277j)
(2.2599139388745937+2.8400822663808087j)
(2.3831534397935545+2.92650065048134j)
(2.5074814140473984+2.9971871816997577j)
(2.6257968092566983+3.05471062642567j)
(2.733287229114036+3.1049407671804152j)
(2.828876414432632+3.1554870606947687j)
(2.915709007357377+3.213507672563641j)
(3.000387004070552+3.2834773979323097j)
(3.091047587955238+3.3656281617372352j)
(3.194780958794366+3.455664391838171j)
(3.3152111849519343+3.5460176385701043j)
(3.4511763337232297+3.62836085177629j)
(3.597152911788625+3.6964859533153334j)
(3.745315438915343+3.7483401706751636j)
(3.888292001112892+3.7863925692831657j)
(4.021410584962104+3.8164014861810958j)
(4.143724571323237+3.8453851695706205j)
(4.257861401638597+3.879662680684639j)
(4.369145287170424+3.923395894373566j)
(4.484353854995204+3.977639015528741j)
(4.610161121553586+4.039836476055911j)
(4.751207387354737+4.1040057792054485j)
(4.908132488286539+4.162141665448866j)
(12.828992932892099+4.432061778708222j)
(5.248922934533196+4.235405520499284j)
(5.416858835578091+4.249400350891185j)
(5.363201967261613+5.856042398813797j)
(4.96440497600792+4.57485786457172j)
(12.443493804071206-3.282292536430781j)
(9.104283505426944+15.99006053640088j)
(7.964614380437136+2.753635419205556j)
(7.668643503182543+5.568465215308899j)
(8.032547201517945+7.20006412438386j)
(5.135524668943401+4.016457254820761j)
(4.3925471026893+6.90686336428713j)
(4.452632611362968+15.817415577969484j)
(15.654844952175159+14.207404212885727j)
(6.505088385356305+5.345684481010967j)
(4.8701191021415795+8.882561247243139j)
(8.415768885639087+4.774898041612874j)
(9.120161909071799+3.718416938213319j)
(38.63094766347135+7.08614761900778j)
(8.91574901609685+13.998333078386404j)
(15.413618911047049+2.7566999292626817j)
(13.005413226574616+4.8537010155824145j)
(13.578899239871793-0.13297787485023338j)
(9.619338086601276+5.755878222675132j)
(10.240865694186551+3.791820717795132j)
(10.53987001987097+0.004162804756095991j)
(10.455283362868245+6.074286529643728j)
(126.38992992171154+115.99608354875397j)
(11.404438890099126+3.8574117626535465j)
(14.831621911135537-16.24534279454678j)
(12.056584692987977+2.942853875296643j)
(14.583276197076808-0.3549559669661734j)
(62.189643194881754+119.73927185075271j)
(15.135145791645352+2.7719350008525088j)
(15.588760777251231-0.6483936190071935j)
(24.30729680246068+0.25657525375282714j)
(14.74203528115417-1.0790144275662952j)
(14.29002506826539+1.1182955144806719j)
(21.451724946619134-4.6773366572394135j)
(40.85467820223822+5.44013910945069j)
(8.076066956663233-14.344649538373163j)
(13.510615574106245-8.759214228814956j)
(11.558116584225932-2.401988476186498j)
(12.509192113036356-5.6142264570984235j)
(10.73605999396732-3.482710993645162j)
(17.920675870786884-4.611548600021262j)
(12.204046350099937-5.15610165529674j)
(14.507227540045832-10.089781283356404j)
(9.304579712469776-9.69606694830619j)
(9.864867176304458-2.926060338050665j)
(11.625752726582425-5.967647528462252j)
(11.146826858912952-7.017941286055797j)
(14.398062271822125-3.933503048547852j)
(5.916777639310683-9.16853554456466j)
(4.75868363267618-7.782105802236168j)
(8.254504744327471-6.481632549263045j)
(10.650697105497889-11.226868479564873j)
(11.284898116520012-11.821823625561345j)
(3.6446535336720154-16.673687359899j)
(7.862551341621027-7.773779101588694j)
(6.955481611561315-5.854841024521035j)
(3.5357153267615518-9.775801901753237j)
(23.30734101282141-9.956089226103849j)
(1.4244926314281765+32.73243597218362j)
(2.8050595106120833-14.102881718844571j)
(8.882468862415402-12.95404656343652j)
(15.94054325641117-6.240247485541105j)
(6.3879701468632-11.034981097723032j)
(6.504577794939422-7.8496036621634255j)
(6.23479889384331-7.610611549091442j)
(5.430377890647149-6.901946212887817j)
(6.736904952230535-7.170694991447682j)
(6.409366808964582-7.249196990926024j)
(4.870094692090749-7.789338210462492j)
(4.758099463545669-5.8393626401504175j)
(7.3800167052915775-4.477426878065776j)
(3.6701388911153794-6.539256293610032j)
(5.255210118451649-5.277825285513118j)
(5.300855595066479-5.773878868076358j)
(8.63493114199196-5.664928231990978j)
(5.477213757121734-6.344731189374286j)
(4.325428118039501-6.655957382423763j)
(4.941058049506171-5.766723359353226j)
(9.012351996543133-18.324674941112765j)
(4.3716091676353-6.252671854064031j)
(4.263059014285442-5.709462095695619j)
(-6.91073949917659-6.865236419334608j)
(1.4664086360154536-15.039555614603973j)
(1.925276688980376-5.853766840240503j)
(2.414155380056697-5.7801886568572955j)
(0.8087386456311211-7.653696291186833j)
(5.884753808590474-5.233070664813519j)
(1.764028305830718-5.189982868973621j)
(1.606416897811501-7.047201831064374j)
(1.0044124769039204-9.773004856310438j)
(1.6395566823250427-7.04440199041424j)
(1.9556755655996543-5.060153200079088j)
(0.6124618901944051-4.610372464454331j)
(0.6005546418588055-5.168483323694657j)
(1.3512803999033633-4.092426234999052j)
(-0.8194431087074638-6.310892843930556j)
(-0.675908253378249-2.9556790508511463j)
(0.07691682526832044-5.980111140663069j)
(0.23789029195759334-3.766785062841463j)
(0.668368331241971-4.6050209101473j)
(-0.17421492594969884-3.8252942115474577j)
(0.8324595288055296-5.11335796969779j)
(-0.20724488603283173-4.369817396113403j)
(0.34505214485326274-3.437682284058822j)
(-0.6114342988524518-4.749445748048813j)
(-0.33958676560555845-3.1361977025677215j)
(-0.5402708455944704-6.150338127146619j)
(-0.4320303896946788-2.774304882771042j)
(0.06392246823721077-2.5158130165162955j)
(0.24023483052000813-3.236456232608367j)
(0.10254705655117231-3.6239783594725665j)
(2.7864652000693986-2.565490882102748j)
(-0.89319145496304-2.1399589074913297j)
(0.797860321873084-3.431020193649354j)
(-0.05388160659939389-2.102876436585036j)
(-0.3096168884778793-1.4163474807644336j)
(-0.8900602165834417+0.31391172370636866j)
(0.07620045352908637-1.037431111990772j)
(2.164837159829937-1.6274282087980012j)
(-0.34824303554181507-0.7714181805442878j)
(-0.34106734823487744-0.5769705382919947j)
(-0.31160608079014507-0.3751589308023834j)
(-0.715196366236083+1.1015950322092867j)
(-0.17985265097980335+0.014539061798875649j)
(-0.08499016294174262+0.1870769810354655j)
(0.02019632442871184+0.3392648375215431j)
(0.1283218706800975+0.4710431521741338j)
(0.23295816694743604+0.5851691698584174j)
(0.3295087408126369+0.6866119839788892j)
(0.41594941448257616+0.7817737007310106j)
(0.4934094197656646+0.8773806294329549j)
(4.536990359469858-4.611678547193614j)
(0.6415869540582219+1.0890381834485687j)
(0.7268790854930535+1.206039897878784j)
(0.8279776094518836+1.3242365625920711j)
(0.9467996446400493+1.4354931229896375j)
(1.0807971332424153+1.5318133580427535j)
(1.2239549727327808+1.6075672416555997j)
(2.6672454194931863+2.6201202069315044j)
(1.5073216690820697+1.6921174621889699j)
(1.6339519620957974+1.7061595064279014j)
(1.7445950952971068+1.7085593214143848j)
(1.8379187780906403+1.7061163285838319j)
(1.9154140610263133+1.7056024971202344j)
(1.9813475412574326+1.7126162831119756j)
(2.0421986189516934+1.7303246313205347j)
(2.1053821606187433+1.7584237779490506j)
(2.177363649435371+1.7928472000214501j)
(2.2617209476765647+1.8266202821525472j)
(2.357940803441077+1.851756044034104j)
(2.9255506865391627-0.15147206640234998j)
(2.5650308674789204+1.8522651624274338j)
(2.6603969798851925+1.8241969018862316j)
(2.7403923121362372+1.781230774031524j)
(2.8002888195496287+1.730016929975977j)
(2.8386786006678233+1.67857073068603j)
(1.3955266550719003+0.6850897769029902j)
(2.8626361494890147+1.6046261538213233j)
(2.8608883510124143+1.591503686121618j)
(2.8605053623865424+1.5949678598952917j)
(2.8684735229065503+1.6110264559903367j)
(2.8891479160392213+1.6328837680757269j)
(2.923166620467344+1.6524070923904488j)
(2.9671231308778343+1.6619983865111199j)
(5.430865359129846-1.48295228964313j)
(3.0554004689052103+1.6347500977502918j)
(3.082254642193086+1.6001744941506582j)
(3.0886853668845267+1.5602916510607352j)
(3.0730994230799027+1.5248409034307429j)
(3.03889104034833+1.5031675677311318j)
(2.9934485266644253+1.5017333416414758j)
(2.9460254006198383+1.522656076586571j)
(2.9053503357317774+1.563655729530039j)
(2.8777872865910124+1.6191343009417296j)
(2.866406931528054+1.6817715262173092j)
(2.8708743037204942+1.7440902729690433j)
(2.8878572751441696+1.7997388648014214j)
(2.911727390621765+1.8444937553246534j)
(2.9355191861674066+1.8770558101431951j)
(2.952258863052119+1.8995711435798313j)
(2.9566914685860493+1.9175479940289708j)
(2.9470399033655634+1.9387273452945029j)
(2.9259476596320453+1.9708401604786345j)
(2.8997927859851598+2.0190245758513243j)
(2.876460489939887+2.0842304012430626j)
(2.8627419264425247+2.1634206449315747j)
(2.8626676228432717+2.251168221018335j)
(2.8772191817246733+2.341538791670342j)
(2.9049756591105007+2.429416801065477j)
(2.943014323344268+2.5110948991858217j)
(2.987642835716738+2.5843767429101403j)
(3.034877190018354+2.6485169021082116j)
(3.080791834149661+2.7041982811587384j)
(3.1219385864883225+2.753561135547854j)
(3.1559639508583874+2.800106969535263j)
(3.182328028920481+2.848192830025205j)
(3.202720007272744+2.9019775198736j)
(3.2206870589181955+2.9641379738859137j)
(3.2404355608450732+3.035070343172377j)
(3.265425211198341+3.1130774148860274j)
(3.2975236982983227+3.195326964307424j)
(-21.3820350495547-4.868459094963228j)
(3.3828490018591393+3.361511881604684j)
(3.4336239276700615+3.4416142148753868j)
(3.4875315684839236+3.5184449095401376j)
(3.5427677843264243+3.5918498915251162j)
(3.59756768911628+3.6622255085435724j)
(3.6502804815102112+3.73053693347446j)
(4.714720095270846+12.762623821996952j)
(5.080812407857914+2.0491131429933636j)
(3.8153079416432463+7.101441671345457j)
(8.89957997425296-12.43227063067603j)
(4.943117298506662+4.211309589771959j)
(5.262052984705971+5.07572862157964j)
(4.5302024992239005+3.6868049353703602j)
(4.613791113569697+4.815898824733009j)
(4.540563618409062+4.347253854788037j)
(0.38329060243324364+12.010254101700058j)
(4.744867459942446+5.5043748675814115j)
(9.484120568180114+7.27208514469506j)
(6.57196291858311+16.090075141146485j)
(10.84224241398345+20.53054026844225j)
(17.85867847662036+12.646395584231625j)
(5.993485004592174+10.31826321525538j)
(4.442686120605099+6.044729420695535j)
(5.82568001717181+5.8964767652690915j)
(5.521490415646266+6.999845400300706j)
(7.701694107583079+5.8554769694459745j)
(5.155230987901889+5.227147065293525j)
(-46.02961202090659+79.12474121034629j)
(4.751351196560688+7.754782497441314j)
(6.636222722791462+6.899474893544683j)
(5.548472044500065+8.069095124707847j)
(7.43543206519517-0.4088087381279782j)
(10.429380272061751+7.28276163698599j)
(4.75378826716418+7.613174557662874j)
(7.090630649981379+6.358276348032599j)
(7.549633098358607+9.029922235290565j)
(0.7115482994818384+123.73183985882194j)
(9.189729232799673+9.974591630484372j)
(3.1739432636200737+8.287301270146157j)
(14.233187736414518+12.027466712131421j)
(9.20936470279619+17.430968145687583j)
(9.48139502604677+16.739438801666612j)
(12.68087801645949+28.729207369515294j)
(16.093932341784324+17.46712393401291j)
(12.48919895206562+17.512433120153048j)
(26.421838497711367+15.886657635826378j)
(38.52941801591341+27.644886003300257j)
(20.094639475768354+20.538384409150982j)
(24.51292314001264+4.92825069010067j)
(47.13372578224232-7.637813684900507j)
(21.191347387669037-26.847334294967673j)
(35.27959395240523-4.883072949898185j)
(37.2468970165809+10.415320196018165j)
(24.389860014740687-49.92454116053735j)
(18.466844660869466-12.227010325036039j)
(15.166512077255822-23.168234099983824j)
(483.84547045426615+277.6279935156398j)
(7.80443639254722+4.390431550953142j)
(11.312520816002223+7.030814771092855j)
(42.94763795704413-6.803987536086685j)
(7.974348483443763-15.090335303204288j)
(0.3817940250397457-28.004743886965045j)
(8.705103619923092-14.06622628767779j)
(6.83011359412789-12.760730163220096j)
(5.152711092999096-15.147709813033256j)
(3.6824956680936656-18.13161099405149j)
(10.346221440874396-18.622353305118995j)
(8.18320336775923-12.226405007188804j)
(7.049148996577268-12.988274944244138j)
(3.2278889980717094-12.493745337929052j)
(-0.26331434061862463-9.032107519789486j)
(1.0108124167919765-9.666203827110454j)
(5.621826776139604-8.491976273520956j)
(2.542919129437362-10.241235038919786j)
(47.24565324362685+8.128890280321277j)
(4.410959294852833-7.193200922190304j)
(2.5717612640485634-7.804205809491569j)
(1.878939563625796-10.418971381018027j)
(11.803941917786101-13.901337690363345j)
(-0.4956763453825002-6.423782358930298j)
(5.5215341431880836-13.219948682291525j)
(4.423127535819624-7.070806540833493j)
(3.679067491034002-7.388097733654671j)
(-15.518106764771117-33.48294276581898j)
(4.686196364322112-8.52789506771119j)
(3.234590899834672-9.477845367594657j)
(2.445602599281914-13.012636708161317j)
(-1.319781744307103+3.374021653174817j)
(4.128912473802993-3.7422899180432054j)
(7.409460495076068-2.4890551321556473j)
(3.1063442595365056-5.657596265759691j)
(3.6854209502773254-3.802470792486598j)
(3.3285521616478038-5.281005152258232j)
(1.659630017573985-5.592157375454213j)
(3.4045288879147337-3.6940583191324685j)
(1.1185691929141035-3.554866567247045j)
(2.170582475350512-6.520912416888678j)
(1.0802163253470216-5.231351038238051j)
(1.1963356311172382-4.245901487063034j)
(1.4909478476923361-6.631420354131746j)
(-10.867931477252725-5.778632548001774j)
(0.4444529554985908-4.0700111615450485j)
(2.024432367091485-5.027191976976573j)
(2.7884707335916055-5.888019080087332j)
(2.8605582094168125-5.269921830249041j)
(20.628376855074947-11.920602990870014j)
(10.198386272725736-6.221084176854081j)
(1.1651647737295996-4.024744850416881j)
(0.29388034259844265-3.91893649628507j)
(0.1399962369367794-3.271049337365386j)
(0.6669979469254922-5.754031652772353j)
(2.0868382249351973-4.063932263461021j)
(1.3658758544962375-5.48419668214999j)
(1.5422761062092258-3.0795958692629952j)
(2.5093289302163035-2.313397157755338j)
(0.6110909364807005-3.5257532699547425j)
(-0.08903245516252734-3.9855157329181217j)
(-0.5303557270090596-4.601499552267877j)
(0.55008024486553-3.372515270999723j)
(0.5560887485235312-3.9502900671656493j)
(0.7398933814432631-2.3544935891004095j)
(-5.302731953263787-3.801858456296828j)
(-0.457347130708128-4.622293700276972j)
(1.6477719888047844-2.845727880179165j)
(-0.11609555190052225-2.149914190997858j)
(0.33452425568397764-3.480701075728187j)
(-3.3137369071047584-5.223365177539662j)
(-0.17671923823919097-3.3552125337988516j)
(-0.7903409530178221-5.938491554664465j)
(-0.12041834089408054-4.74339564492184j)
(-0.6579891298045091-1.4180402167900703j)
(-5.492393840409295-8.229215758986172j)
(1.7174667860417163-1.7958393366703436j)
(-0.22146381612893937-2.3969454903202165j)
(-0.2909814294808733-1.8585127670519104j)
(-3.8455468355024784+0.3867577266593847j)
(-0.25061406506186107-0.7629979320014401j)
(-0.09844209466266261-0.6048431655837604j)
(1.205619463207181-1.8206257824152337j)
(0.13725774184081868-0.6527233070936328j)
(-0.12896580956781825-0.131077585550659j)
(-0.09148560652724674+0.015049171433473174j)
(-0.04841782883209707+0.15718822659445125j)
(-0.0005750398337072623+0.29562309884744226j)
(0.05157554524387675+0.43077239262050554j)
(0.10786238222671539+0.5630444615775585j)
(0.1683283559213109+0.6927555305547274j)
(0.2331532998336795+0.8201010662881341j)
(0.3026001213120778+0.9451595718746182j)
(0.37699013170073953+1.0679055782255658j)
(0.4567006777342453+1.1882111338499668j)
(0.5421669632354661+1.3058229383465718j)
(0.633863409354089+1.4203175992705124j)
(0.7322461156140059+1.5310576013214505j)
(0.8376613811306294+1.6371822324819263j)
(0.9502536772789498+1.7376551671038198j)
(1.0699146521098029+1.8313566407259074j)
(2.6491645626836613+4.122807232313855j)
(1.3288395615402282+1.9940978467564254j)
(1.4668830066716787+2.061175355512424j)
(1.609660913174016+2.1175571207736166j)
(1.7563429989279946+2.1624311132234406j)
(1.9060180458222709+2.194995155036118j)
(2.0576580764344223+2.214433060407322j)
(2.2100615498407716+2.2199089420305884j)
(2.3617785816125076+2.210590272917431j)
(3.880871855116583+2.4631525506683984j)
(2.655616604602258+2.144725166300131j)
(2.7929394972336055+2.0874637020756297j)
(2.9200654106318207+2.0144283101215947j)
(3.0340135285186367+1.9269783110483778j)
(3.132160507989745+1.8273755248976289j)
(3.212646962958128+1.7185582822132461j)
(3.2745801005315744+1.6036944622417135j)
(3.317923266904079+1.4857140358978103j)
(3.343155641978658+1.3670362247218306j)
(3.3509030251668395+1.2495600187740346j)
(3.3416927617029786+1.1348268721678982j)
(3.315855624112932+1.0242209214481568j)
(3.2735098840974044+0.9191344479753113j)
(3.2145596614820198+0.8211109314377292j)
(3.138692846415562+0.7320277187883513j)
(3.045437588712547+0.6543804675439858j)
(2.9344091390281686+0.5916779942591833j)
(2.8059232662056384+0.5488337722455133j)
(2.6620981749280714+0.5322407806573722j)
(2.508290963040119+0.5490164549669606j)
(2.3541610360885774+0.6049759719469788j)
(2.2131497622558163+0.7016170315106939j)
(2.0995600422764613+0.8336525033415543j)
(2.3048124969325023+6.326869853669466j)
(1.9908185250341555+1.1527426538304353j)
(1.9963817667467372+1.310186497550918j)
(2.03302061681956+1.4513368347480207j)
(2.0913881769525067+1.5708725020944163j)
(2.1628060485021643+1.667306934781124j)
(3.691366871181743+0.3723245248376565j)
(-1.8103840612850992+5.476590325824849j)
(2.3924831711545527+1.8324544265379978j)
(2.460108501598163+1.854697989332498j)
(2.5185220316736117+1.8656009405932612j)
(2.774711866791555+3.371970320936405j)
(2.601129187123197+1.8680241000347124j)
(2.624407198539213+1.8680664173505261j)
(2.6374980911990855+1.873423278788543j)
(2.64417031508368+1.8880098804724375j)
(2.649983405513605+1.9139410499567953j)
(2.661309712637444+1.9505102799612375j)
(2.683718123496306+1.993890667615044j)
(2.720383598551554+2.0379225972633703j)
(2.7712954822694216+2.075701271795202j)
(2.8335451555211435+2.101190242634084j)
(2.902321820664443+2.110204578518091j)
(2.971992552007067+2.1006294092261073j)
(3.0368496040590345+2.0721608021083244j)
(3.0914516330661184+2.025947819707072j)
(3.130710215074258+1.9643881877847782j)
(3.1499453850450503+1.891160076361432j)
(3.1451221174151685+1.8114322184458782j)
(3.113426116262714+1.7320732098103504j)
(3.0542213592061738+1.6615628187060434j)
(2.9702035134696803+1.6092422975217857j)
(2.8682366564251605+1.5836646743236238j)
(2.759132357609922+1.590252389667784j)
(2.6558532257429137+1.6291184321557046j)
(2.570440206718254+1.694235395860462j)
(8.287892895610721+1.0886277976983731j)
(2.479227401957529+1.857066252704191j)
(2.4716413955954057+1.929172145629159j)
(2.479619929876386+1.9815958878879638j)
(2.4917640574853395+2.0092794761137855j)
(2.495402017381129+2.012016105616327j)
(2.478176717649132+1.994812195564251j)
(2.430037009584264+1.9680645127183005j)
(2.345932909060658+1.946907080634051j)
(2.2286532192094475+1.9486871237623642j)
(2.090017155062899+1.9882016052000218j)
(1.9484251945717097+2.072332684749092j)
(-3.0575530147857273+4.724717983540119j)
(1.7269091070798532+2.3512098072354615j)
(1.6653448530259087+2.5185226241521574j)
(5.250070432375353+2.7882180365523492j)
(1.4515579842060085+5.784638420859026j)
(3.8577978788516933+5.372785251178478j)
(2.4265627565374035+3.70027427352808j)
(11.435895879549737-2.349698184591222j)
(4.7624346564173905+3.949300205690676j)
(1.7469325680879983+3.831981570036384j)
(2.2449321312512214+3.1730469007563324j)
(1.8724754030256823+4.528384846067802j)
(1.1930681534606986+3.582072208887951j)
(2.315605186399491+3.5214129987056406j)
(1.190277804370617+3.3879476549691443j)
(1.7558242838932598+3.5971463898770515j)
(2.7508431809112817+4.769827412683693j)
(7.425836398494061+3.0851256619729743j)
(-2.6370155597350573+6.603520146969987j)
(1.7957729963750648+4.131998383884441j)
(0.09483258750000084+5.586052818570703j)
(0.5935371798370589+4.166914606060337j)
(1.502360770135194+4.5513488381343175j)
(4.963818578292716+9.271260332434771j)
(5.155624996082804+4.445987693801156j)
(4.114189796774282+2.7103820771554803j)
(-0.4641286310399803+5.8610155751548945j)
(1.2052572964219859+4.871136436118033j)
(0.86866832216293+4.483210336096042j)
(-1.8300959331654485+3.7766179793432983j)
(2.000242891793315+6.241848748576471j)
(-0.9025436806974101+5.501057851873235j)
(1.836052500638094+8.336170338193192j)
(8.637333991830692+8.83600084160716j)
(-0.639025638094349+6.8178451389741195j)
(1.2333659279472942+12.571358887453005j)
(2.891584317964485+6.888310952517654j)
(0.19136557757156705+7.922153729600475j)
(-3.6089879438381742-1.0286503553059925j)
(-0.05980602313433537+7.385679346311136j)
(16.33580488793357+6.611062698194988j)
(-0.6641375337170102+7.423728251396341j)
(-3.547287069994506+9.931251787936048j)
(-0.8970459837978749+6.137145398733202j)
(-1.287462380372741+10.351897715925933j)
(-3.067165612562341+9.648478904110776j)
(-4.963693227297563+6.819646835900117j)
(-7.0459377068697036+11.03749075549051j)
(-1.4814378349444455+19.271028659258917j)
(-1.356964290934767+8.299399913269008j)
(-7.83137165197512+12.950318105252334j)
(-4.948104636405471+5.473070635177054j)
(-4.8428705426399565+11.169705675099577j)
(-10.605950608934902+14.709660676220649j)
(-17.15114408321236+16.97893717641275j)
(-37.51100742114514+23.5862836744454j)
(-30.86608099706152+20.047938660100087j)
(84.21573367808091-43.133239371017574j)
(-114.64569502027426-37.29838964234474j)
(-20.13397926197484+9.617147372624064j)
(3.258774428218064+70.98547222812701j)
(160.11532649284214-309.0276940404505j)
(-95.89980855313419+67.39315830633295j)
(43.741073525659914+29.471123777561942j)
(47.18462670344794+6.110890264421267j)
(5.852583233128957-31.486931746407343j)
(28.890599136243264-5.062202283035002j)
(-5.418486484169311-19.718508601262894j)
(16.709978503651534-2.69312912145658j)
(-68.46883630651728+48.95356358712075j)
(3.749972727039724-13.197275547582393j)
(11.23222896396497-14.349061588558708j)
(18.752590592495356-1.8415649071069904j)
(10.602797537780889-14.052601012312575j)
(9.725513574481212-10.421153793920777j)
(22.914847399685847-2.9861832363538716j)
(-48.75477921726171-91.67310281686352j)
(6.999414373602289-13.565968369311351j)
(6.547572730722186-10.945310717692747j)
(6.754729015658565-7.561489563521249j)
(7.047409599126778-10.596534162486115j)
(5.342962626536461-10.539184463900362j)
(12.842003509693066-7.926203500204308j)
(6.206647755928479-7.821306968551679j)
(6.170796517594818-8.58729897336955j)
(1.9690773387538179-5.91172428233202j)
(2.355477116555633-5.504847386376078j)
(-4.348722796084934-26.122568337472188j)
(-3.3285527244661095+0.39307689401308643j)
(5.517284937674259-7.1497706516508j)
(5.010469238763977+1.300413971636864j)
(43.231735456962554-30.299875420610928j)
(5.050146937938679-8.838779600172519j)
(4.461452564207498-9.503074366584151j)
(17.309664785328508-11.422175352867391j)
(7.284390496874113-1.7682229472861128j)
(4.410196256155787-9.569719685768131j)
(4.684909079031848-6.036754759180036j)
(8.309395089698558+0.03513708723949859j)
(3.8108302624808332-7.629769757463217j)
(7.898343670074475-3.33162920507803j)
(5.415608891119064-6.205239114896001j)
(4.063249348012006-5.000816919073548j)
(-10.483613011224044-18.53329875973322j)
(4.881051388186622-6.368625616934225j)
(4.2002087770621515-6.186150311238617j)
(10.799629847661173-13.1110823447206j)
(4.6507985782813375-4.740562749827524j)
(5.928729509449336-6.4955374191174j)
(3.2107208002705954-4.729425500858806j)
(7.263256482906291-3.779062358357531j)
(5.850335811625441-6.675406495838301j)
(2.7286138443941583-6.1348107259900475j)
(-5.7987138921331045+6.792882571795773j)
(3.265425173651128-4.1291908770591474j)
(4.858444469852118-5.242360590616376j)
(3.3017835620319893-10.975716409772787j)
(3.1426059992805313-6.421313041472753j)
(15.347434659566867-29.63159269572697j)
(4.438833021883081-7.6943189701667j)
(1.1852323965740648-5.91062385201296j)
(3.295845878937337-6.599217345227072j)
(3.674230439268574-5.644093328189326j)
(11.657010548722976-3.2585657064182474j)
(-1.0399936786293855-7.23432647319754j)
(0.5270331061610356-3.06921291394712j)
(8.667039297195698-6.920934092209513j)
(4.282988372372447-0.6594503857216704j)
(-5.5174364916551895+4.539911164468677j)
(15.894339955430668-20.87438654171516j)
(5.207495428379684-4.266479938976282j)
(0.7215862089678333-4.104696358321445j)
(5.559907512188494-9.95342158202988j)
(3.8254474443511026-8.223469222544296j)
(4.674194077998383-7.16186146602191j)
(-2.445193487100626-6.8689150099120875j)
(-1.4177854406321666-6.250767069979338j)
(-5.69968957931086-11.684898010114743j)
(-5.745967630716363+0.11812985451633376j)
(1.491938590536877-7.640949935542332j)
(-0.388267627849504-8.565818217101484j)
(3.870963424362503-10.505507489752365j)
(-3.7496856783266836-6.654778224384781j)
(-10.080126801411247-11.046416399751621j)
(-3.19903035985957-3.2709885239268797j)
(-4.102017055339509-1.7512047777954611j)
(-4.107917310141633-1.6270680808224722j)
(-3.988421413931779+0.3384237616234578j)
(-0.5711406645540288+4.521725554407532j)
(4.543767256858423+2.1755108076478846j)
(7.679385365796438-0.3316588660574879j)
(5.518324795422381-3.402066971190415j)
(3.301773540066266-5.197628102250373j)
(1.889708820306648-4.60299910536508j)
(0.7840529720795675-5.682186871528388j)
(0.14157136425062625-5.653609485016099j)
(-1.2371466652320742-5.173056086998051j)
(-4.350711858868526-3.8169010682173217j)
(-3.2113103295866816-4.130148693832837j)
(-4.205890313123999-3.8805817845448893j)
(-4.4887691479379415-2.1295845799903805j)
(-4.52370281457553-0.9111113654302088j)
(-2.3625032636900647-2.619171128555154j)
(-8.604195482268553+0.5101891097296827j)
(-19.213757009822466+1.0984103391960933j)
(-2.7296399307741193-4.238098574289199j)
(-6.665548828737888+3.748526456249605j)
(-6.90525905460509+4.768622998842808j)
(-8.883598772934649+7.314362117398935j)
(-4.601667457387822+4.153913107666001j)
(-10.448226500662885+14.729220753296866j)
(-14.525500033061093-3.0131602820433963j)
(-12.462477006032769+21.479820321229063j)
(-11.754557021822555-36.85118715298323j)
(-5.801230465051545-17.292589780753616j)
(-2.5590176667927595-9.792733547063197j)
(-2.042285537107421-4.521625829284692j)
(-1.771659138938632-2.2573261540994793j)
(-5.381490929444395+2.656214279263647j)
(-0.8757456335495044-3.0650011142554905j)
(-2.4463869951771566+1.8606719176795503j)
(-3.0393047823569512+1.0770703707440727j)
(-2.427503160988958+0.16358678215767833j)
(-0.5122482972658577+3.5528887395511477j)
(-4.404737275155465+3.7551886443235083j)
(-11.058250224160924+17.463034089723656j)
(-4.102268107258939+3.0339094643546014j)
