(41.058015932791456+0j)
(33.87409192621273-14.043310726786766j)
(22.30572584871442-17.077705841057796j)
(14.705092834213632-13.86242257468471j)
(11.202596962861088-8.910830430428655j)
(1.404835736040169+2.1563105269304748j)
(14.028169864981242+1.0798078532304984j)
(21.65659540728582+3.172132829607506j)
(31.474808430142325-3.909342932694911j)
(29.579631225092594-18.94598786528225j)
(17.827786411720957-24.375215856890886j)
(3.1000296283588975+7.942029447078635j)
(5.110186794980777-17.605897089300942j)
(3.260819749510888-13.560776091825016j)
(2.995505073469425-9.919181558085866j)
(0.2367504962108392+9.429264405215132j)
(7.268117300974239-4.783029352742784j)
(11.706178019292603-6.209188257986119j)
(12.650496372612784-12.148171475945245j)
(7.773959671302149-15.772165454450128j)
(3.065688529876-14.861449039315382j)
(-6.141008038246231-1.4957567593916379j)
(-0.8476432594498681-10.02533682871242j)
(-1.2830618695132197-7.754448330953536j)
(-1.0830604730680773-5.683405318418012j)
(-0.1923997139767826-3.876389748356411j)
(1.5732734785122828-2.741892718088571j)
(3.8144585172175653-3.374887308178283j)
(4.2130169404828495-5.952019032346523j)
(2.030482739142538-7.402644496932163j)
(-0.16668630596251077-6.80800378993529j)
(-1.4634589348600575-5.434731684749164j)
(-2.0869226293519203-3.943674665951937j)
(-2.27033489123079-2.497262253930661j)
(-2.098990135707499-1.1179622536771139j)
(-1.5319281190097014+0.15600607980072634j)
(2.232250514537245+6.167827699069135j)
(1.0482524296149454+1.1801085328252428j)
(1.819996339856138-0.039142504207017925j)
(0.9529928849780356-1.0949889881024153j)
(-0.34558905116134014-0.9247288680509559j)
(-1.2195742620460475-0.06882081813821606j)
(-12.953142499347544-7.097565730392661j)
(-1.7944935875655235+2.0831406403114854j)
(-1.6760278955812917+3.180434440680355j)
(-1.280164679714303+4.254489117376144j)
(-0.5121087267017645+5.188531029912364j)
(4.545170705119568+2.4170342375018157j)
(1.54927940012386+5.117705248739151j)
(1.3652148666948831+4.386317777643558j)
(0.5934570246897192+4.4097194523181065j)
(1.310402918775812-0.7191268235542164j)
(-0.3508639020214313+5.943469027058172j)
(-0.44295603954115437+6.941309122048742j)
(-1.1894046227702348+6.096267507404659j)
(-0.009724841828785972+9.09945665237128j)
(0.5683959492895987+9.344195264881812j)
(1.5728182921326548+10.915622513004571j)
(2.4207062545173543+11.072700421248154j)
(2.6186401489590803+11.092280741853356j)
(2.4692077358738556+11.564678222031503j)
(2.3917047325922063+12.446009213615795j)
(2.4904828298951323+13.56371422971991j)
(1.6231105773390064+14.571654961923702j)
(-3.7773052657439035+23.1907738590348j)
(5.838948586854652+20.882193714414885j)
(4.141062708552825+18.215485730787453j)
(4.1146260999882225+25.042787616341133j)
(-3.972650861658166+37.72016649559113j)
(10.680788295090506+30.3276463261287j)
(12.693380427464867+34.00065324310119j)
(46.03995962746441+61.37089039961799j)
(30.76474648275854+38.76795259206337j)
(50.22530341208003+28.01447577447291j)
(47.28747431991543+3.8704479507075145j)
(85.80503887129552+19.22974021973142j)
(42.70848026481695+35.36611808750571j)
(54.93948076681425+35.7163579853493j)
(75.73961532442466+21.219046543101463j)
(90.25467716919765+20.663030528498165j)
(60.6641692066826-37.36956369766802j)
(77.15896093551332-25.99428544130725j)
(42.722121632125585-5.719125945331387j)
(35.144586045612385-118.95451692080877j)
(59.213480096965824+44.910362107812865j)
(21.962927662369367-36.914862571907776j)
(34.82573511563736-52.54868564267809j)
(19.222365527981225-32.1546480151312j)
(6.219523672114409-35.04258088816967j)
(11.241711520557546-28.955211770516453j)
(42.4155850277175-47.72888631787638j)
(5.076086660188676-30.874706660337832j)
(13.165663188734682-17.857685574228956j)
(9.260335894098143-17.330688800788455j)
(9.936805394636034-20.398532453345098j)
(9.029820559168893-16.57483038970052j)
(8.381862578992392-14.759107251817458j)
(6.830035134584561-16.800651356257816j)
(10.742356527124779-9.647932900221894j)
(3.4872746458305977-14.347859264412545j)
(-0.41082482175006874-14.102798654042079j)
(5.5731020023940525-12.18290894252154j)
(6.515934659806798-14.907982869909956j)
(-0.43755389814710915-15.073470322314378j)
(4.518909087349119-8.242926917577039j)
(9.589924819834316-18.480471107995054j)
(7.567432287373725-12.882134464603382j)
(7.161643603439892-17.837365586812165j)
(8.116567794721817-20.07325833562235j)
(4.698565789298886-12.37981891177315j)
(4.419416493677523-9.886653905833588j)
(1.6587085452605315-7.06909575753054j)
(4.38161874415311-8.49696184169073j)
(3.772255951426611-8.711900807701262j)
(3.3321680448368287-7.767670909295192j)
(3.541971348004352-7.688919206701528j)
(3.5787454228585784-7.750288326279428j)
(3.4154286942473733-7.762910237643212j)
(3.1848670461974122-7.625440883123357j)
(4.045241322741252-8.310085452679248j)
(2.898222802871098-7.07219380747058j)
(2.877336501976441-6.76804291661488j)
(2.928823860059128-6.492085181893932j)
(3.0405894842302685-6.273621843005773j)
(3.186187057551765-6.146733484043126j)
(3.3047331575767798-6.134877731270232j)
(3.3101044456164144-6.200138058777111j)
(3.1790628728632617-6.227367255023822j)
(3.000670580052003-6.136476866119886j)
(2.8705574674405985-5.954466103377342j)
(2.8173516889649886-5.7459942081589075j)
(2.828343032329529-5.556685684892452j)
(2.8806736034556155-5.4108801733843155j)
(2.9496503689601075-5.321828322396505j)
(3.0057531423703394-5.2949090927165345j)
(3.012113127773717-5.319960200553003j)
(2.936965678958044-5.356693005888084j)
(2.789166032287769-5.340073626956387j)
(2.633705867102497-5.233430912281237j)
(2.5360578812524013-5.068516704031642j)
(2.1680871583065584-3.449103164937622j)
(1.3152610747933642-3.571085644357586j)
(2.544705308035195-4.709651644128422j)
(2.5481113479974065-4.678960471429117j)
(2.5134140266743037-4.6738660850016736j)
(2.430517455128985-4.670068287631555j)
(2.303413358291111-4.637548160083175j)
(2.157432173688231-4.549955261593821j)
(2.0361023868472743-4.404691943068041j)
(1.9743415417456873-4.236010851823014j)
(1.967840129492907-4.093691542425714j)
(0.31874014534814965-4.33274838131844j)
(1.9684600409224091-3.9599839790637548j)
(1.9170531750461892-3.934928490157077j)
(1.8235364206604685-3.901952556965887j)
(1.699351890435445-3.8398296712074442j)
(1.564059834456605-3.7355689415537747j)
(1.4428906659702125-3.5870703480896j)
(1.362024938496911-3.4081241005576417j)
(1.3361657002124616-3.231476213387272j)
(1.35092732778719-3.0975186036688975j)
(1.3618528167947876-3.0244250080353074j)
(1.3256746719780055-2.9895118791630724j)
(1.231610303148751-2.9492301327888963j)
(1.0987688601993777-2.870674129045404j)
(0.9560721887910101-2.742133332242426j)
(0.8294630427133504-2.5677850477086506j)
(0.7387333609508092-2.361629300367829j)
(0.6966275777790105-2.145886160883778j)
(0.7039141203040656-1.951302812946791j)
(0.7385903042230115-1.8108976914576416j)
(0.7510157640636667-1.7368339238868362j)
(0.6908509197884752-1.694057353215939j)
(0.5540993326672266-1.6174184618775294j)
(0.38517292380536183-1.4657702876168683j)
(0.23401189391835717-1.2418272519895148j)
(0.12973379865264317-0.9713684630583648j)
(0.08218993719301533-0.6836644789156098j)
(0.08918213645211634-0.40625751536703597j)
(0.13726472417583527-0.16569548982558419j)
(0.1957593013822163+0.016555462183384325j)
(0.21452071115700694+0.1422465043903402j)
(0.14925270141473956+0.25930625501655574j)
(0.010763173081495266+0.4434350969058313j)
(-0.1337408983064968+0.7325544386074424j)
(-0.2215329838402968+1.103719814515769j)
(-0.229159523647136+1.5110956448046242j)
(0.25907709002148216+1.7904670306987254j)
(-0.03304981781024938+2.296149158916588j)
(0.13349807798269564+2.632403155950785j)
(0.31020112756825885+2.9192213437749057j)
(0.46449314071189246+3.1677976056185644j)
(0.5745460776619027+3.413206850615734j)
(0.6500946919581994+3.70186385695547j)
(0.733228984353948+4.061298482784085j)
(0.8719787873582205+4.483315871782954j)
(1.0957440025275746+4.935440313642474j)
(1.4111058331942525+5.38022691603384j)
(1.8083506332918107+5.78561647996047j)
(2.2670890994551294+6.12806195430846j)
(2.7593242567960763+6.394811856310404j)
(3.253457187488931+6.58766464342407j)
(3.7223914455488383+6.725756305577394j)
(4.154944368715026+6.842290239476934j)
(4.564303114283147+6.972144997251387j)
(4.985639678311955+7.134514301529246j)
(4.540381249331679+8.168234321719218j)
(6.021979399369108+7.495949959787927j)
(6.672213788799876+7.61038761240727j)
(7.388211275547816+7.617811107984396j)
(8.123776682850144+7.489705684240659j)
(8.822946982672764+7.224572185697694j)
(9.435443115455337+6.84971660236255j)
(9.931528171041734+6.414865819090928j)
(10.312073447085409+5.978233329124371j)
(10.202713864826958+6.895242177958465j)
(10.879762565674621+5.265340132895985j)
(11.179936476536566+4.99318362635406j)
(11.547392617650711+4.719846436913893j)
(11.977953296769446+4.3766123957531775j)
(12.420595420429066+3.9080509658409754j)
(10.358663707746365+5.0691169449178695j)
(13.02353710892518+2.6007123346006864j)
(13.072240393101776+1.8861048313339357j)
(12.958427942504958+1.2445326665572198j)
(19.021439797674606+2.741602252435113j)
(11.12104813551357+2.88617092106254j)
(7.8597086263635365+8.600175211517854j)
(25.013197326918426+6.946689390959102j)
(10.733483884826708+1.8479972026894433j)
(16.992008897747297-0.2992335099600456j)
(12.251048746675412+4.274583026185014j)
(11.91383816193434-3.5548872161008163j)
(15.939696079198205+0.5104073178114985j)
(17.165329603874614-12.444779862879203j)
(10.826299586740722+0.6132415519020205j)
(-451.9263887142335-413.4745906129994j)
(31.780445075513217-761.9909973909541j)
(8.7313154342992-5.2272399736036474j)
(17.723265687128034+18.3917204740901j)
(17.675726286900108-2.501145581130596j)
(12.509811845888068-6.188041350915793j)
(10.031612932410777+3.2031192153941888j)
(10.736670274351766-4.561978960406979j)
(12.617652211489292-0.9473017196623196j)
(1.854476105094759-6.460540022568085j)
(38.69264225884214-10.705311597788828j)
(42.087956289982664+1.6189564785552641j)
(25.230912569373192+2.421616245142909j)
(32.34151468027366+24.501000283835186j)
(23.3565999600763-13.76950408341599j)
(27.08947739340994+10.403664382143466j)
(46.49965067359852+77.65592592143162j)
(-15.553936854298582+66.7626988356912j)
(-19.151461517638545-42.43889154215115j)
(23.88910176389566-2.2759101189737945j)
(8.561158236108694-0.8550636946450221j)
(29.845717676514006-12.006377708047216j)
(12.522662187341634-3.2678235803299502j)
(1.1797715823123163+11.866075695165714j)
(20.29028201839419-3.3429293241887663j)
(7.480463336298639+0.938523176005876j)
(15.50154886852026-1.8250059801672303j)
(11.60354688463305-5.920254708915365j)
(16.161269948809238+3.5027237507930398j)
(-49.42969843542673-50.26517684762969j)
(13.482735300541982-2.609935473837784j)
(6.136087648392078+0.8802556526071673j)
(14.489361286361406+3.0213762652016976j)
(-3.1667446092969658-5.979253742011765j)
(7.609697474028028-2.2560379471223366j)
(10.54474555446838-19.539019614479656j)
(12.27201116241491-1.9487232025298533j)
(20.173174262424304-8.555547502689123j)
(9.897194493620397-3.7808564964811033j)
(11.38004221075376+12.454242209013424j)
(16.417804242555714-11.62622134287006j)
(6.4944324854231255-9.880773560572631j)
(8.351713925332517-11.154399416966534j)
(7.655708408660889-3.0919869774995488j)
(11.195931522588053-10.192217522896705j)
(14.912918660497164-5.887400317829718j)
(3.863279414007704-4.82056085475521j)
(9.503224238327261+30.739470117559932j)
(7.7010908009114925-6.688668825727923j)
(11.351138824236157-6.946539586676907j)
(4.210676697714841-1.8769555437058512j)
(10.419753234107844-4.7141026788901295j)
(12.183048834487732-8.95539737467466j)
(0.5143378370456113-11.376229155156546j)
(7.670345768502327-7.584572919963031j)
(6.439429363173741-9.0363879689837j)
(2.163887939361002-6.850961362894387j)
(3.942072630737336-7.395466265694434j)
(4.691915086036085-5.672512251615857j)
(4.863264216824003-10.835710902284555j)
(2.816193288731722-9.559957342457144j)
(15.35034789131755-24.611209678499876j)
(1.9758445691145425-9.395869333528088j)
(1.7343594681375198-8.41065726890786j)
(0.784992008660307-15.619863078299085j)
(3.9022960791053185-3.6676714294649186j)
(7.02148484232546-1.864671143388226j)
(3.040941604662563-11.784716743656897j)
(-8.732907359586605-7.184354361053836j)
(3.4567292879485207-4.439257257686458j)
(2.753010194433712-0.6779097861327417j)
(0.714022037909998-7.657063753951554j)
(0.3674924282875793-7.429666263379415j)
(0.02774311531567548-7.145675926271171j)
(-0.28125078108423746-6.803224043988213j)
(-0.534090432751911-6.41297318970983j)
(-0.7123298357141155-6.000294688131372j)
(-0.8152149771443552-5.599108707163442j)
(-0.8624916187531145-5.23691280132714j)
(-0.8836675944173077-4.92267695607536j)
(-0.9031983999632796-4.647883581661156j)
(-0.9335876766917441-4.3961609486380695j)
(-0.9769216630378291-4.151434177996375j)
(-1.0288097940508678-3.901128283725066j)
(-1.080918881492212-3.63657914623171j)
(-1.1219291691580138-3.3533763082620838j)
(-54.54433623929736-7.117972552132176j)
(-1.1176836853169372-2.7435817864295906j)
(-1.051948727255736-2.442264176940831j)
(-0.9439433202319492-2.169490982298451j)
(-0.8086724494868098-1.9428085297932687j)
(-0.6697634281667026-1.7688893316311538j)
(-0.8718324016762287-1.9935433448770967j)
(-0.4673674041366601-1.5367267838309815j)
(-0.4207931304116511-1.4362347747353001j)
(-0.9307740710225959-1.6958467049299875j)
(-0.3919374234191723-1.1774031801696832j)
(-0.374958478470283-1.0094713126969062j)
(-0.3356231606797913-0.8245329775151172j)
(-0.2654701894213685-0.6372466571409553j)
(-0.16457900118066285-0.4652713446909435j)
(-0.04310587493722419-0.324802591032452j)
(0.0797767819365814-0.22434307158377811j)
(0.18189849324576066-0.15909524455584814j)
(0.24803012731924468-0.1110106860994992j)
(0.27731850684843673-0.05677539504028939j)
(0.2823284994946773+0.021465805486883094j)
(0.2814907762844848+0.13028157213934877j)
(0.2915220239199299+0.26585046871156787j)
(0.3235743469789498+0.41798466341546114j)
(0.3824586615458233+0.573795709377707j)
(0.4668980828640025+0.7201158451126023j)
(0.5697028611131267+0.8455234949255495j)
(0.6782767293969364+0.9430400288328619j)
(0.7769813409398799+1.0134224281794395j)
(0.7755074366839448+1.1072966837242304j)
(0.899733834144294+1.1203941309709666j)
(0.9253556683308458+1.1901733561542587j)
(0.9434246371137084+1.284930497269356j)
(0.9690443651798936+1.40370870206705j)
(2.0190844076658956+2.948821020329664j)
(1.0805618385083287+1.6783059224530243j)
(1.1706862798818685+1.8119328897870841j)
(1.2781291592236135+1.9301104012652432j)
(1.3938387800744578+2.026908799165722j)
(1.506536372600764+2.101373444465134j)
(1.6053721488900923+2.1587453295956363j)
(1.6836817788242906+2.209947253879704j)
(2.057589347838349+2.2685194641637834j)
(1.7893014850319082+2.3443669082738214j)
(1.8377485057179805+2.441880337594638j)
(1.8996018809664952+2.556899195540693j)
(1.9823955938340783+2.6801257332184267j)
(2.087623721177307+2.8004020194859764j)
(2.211186267676813+2.9078499307597845j)
(2.344931401960871+2.9961132044946788j)
(2.4563226726483127+3.1240574133137105j)
(2.603279529864618+3.114303731000896j)
(2.7120435326824874+3.1560621422290143j)
(2.803817443343059+3.1993880476671874j)
(2.883099396817095+3.254024658399124j)
(2.9590989112900012+3.3259694039270102j)
(3.043073539152018+3.4153238579883416j)
(3.1447294979841+3.5159074005995388j)
(3.2688226681893515+3.6170429137716673j)
(3.4133234556901866+3.707169067741678j)
(3.570146514905452+3.777969646025035j)
(3.728274113111991+3.827170250089448j)
(3.8777530939963665+3.858773088704633j)
(4.012694011467783+3.881008232208105j)
(4.132347423828766+3.903392569747713j)
(4.240582753564034+3.934193149351374j)
(4.344611904344924+3.97874248467658j)
(4.4534795757232475+4.038366920880306j)
(4.576223146698484+4.109657312652197j)
(4.719325060544259+4.1844151344258265j)
(4.883715315725958+4.25133506222412j)
(5.063085200280245+4.300125884938529j)
(5.245844550095769+4.326470835205811j)
(5.420508403037577+4.334156600916381j)
(7.044516053131114+3.6086013373653105j)
(8.117468838773963+4.74284319566719j)
(6.190470952430228+4.646245082383362j)
(5.444695701041183+3.149242704450678j)
(8.352463595433283+16.613069049963457j)
(7.822339015891034+4.523504082728229j)
(6.601676786579675+5.106938144813038j)
(7.367876871524193+5.516120298074237j)
(3.4906749619491126+9.844441143253373j)
(5.8713888352346135+5.811004102259109j)
(8.098035078195284+5.063070872172638j)
(7.820402558203361+4.474537859518104j)
(-1.8906662179524323+1.9819706220178683j)
(14.13612709675451+0.49017085617834855j)
(8.187279657698037+2.4997387782817215j)
(20.187425388089558+12.25489505302458j)
(6.78201426466085-2.304087259743522j)
(13.968790910980163+17.832863254847798j)
(-2.4545560839992913-94.86380023949259j)
(9.22740093787728-0.634108671047458j)
(9.534538713750518+7.076297882020775j)
(11.302521925641054+5.578492303439998j)
(11.374732648641393+5.924144210662329j)
(-11.14323391577876+11.222243431597885j)
(39.742699610112396+8.55436726401077j)
(66.56907558722958+7.559266505918602j)
(15.999100100315973-3.0375803263388548j)
(-11.751489216480204+0.320801756951217j)
(11.481713972700378+2.6720652692540585j)
(8.857698196020118-8.801108560071693j)
(16.373195721676005+1.003078461724937j)
(13.576419002674415-4.0966786787024185j)
(-5.606349446243763+14.50296930430954j)
(17.034705730958883-0.011330446287372092j)
(15.72068453199821-0.7755361938302389j)
(17.749973706096807-3.8286001346533403j)
(17.2160018246896-1.9813826871593934j)
(14.778864670998965-6.074220342399436j)
(11.64453563416819-3.6298297327470603j)
(15.850361236483065-6.215625937888236j)
(9.182809517116025-5.384469620152927j)
(-33.6277271386135-26.84412466448117j)
(14.976418653459202-4.045658807587084j)
(26.518075805909984-18.61420941895815j)
(13.109482673753014-6.037522924400371j)
(12.59295425224904-5.4795622467547025j)
(13.039187847504175-4.062150472779416j)
(-11.652868068235227-58.63479644050851j)
(10.560979010673556-6.31764052531431j)
(11.418913271150151-9.411011968503185j)
(12.415436686120833-9.828435782347277j)
(9.02155049406987-6.923228297285851j)
(12.145750425788599-14.078766492231912j)
(9.54695723328944-6.981114028383047j)
(9.939563047753797-8.72985642257913j)
(10.814598272982552-3.534765650703631j)
(9.722139185069707-12.174844655496079j)
(16.868400060662132+9.830958702486342j)
(7.690388847540482-8.5785986837352j)
(9.861596248066435-5.569364524528174j)
(10.564987140564773-8.610242323818937j)
(4.330774832642694-8.076251516411142j)
(5.498538573297694-6.327931885893111j)
(9.610305224213416-3.4416347713981534j)
(6.6564933442928576-6.452567190781983j)
(5.876795532889685-5.568349592918156j)
(-2.064174423196771-10.026665179752477j)
(5.6218736502189195-7.907458368257875j)
(7.376224367348195-11.235503741421109j)
(5.237776805310586-6.431104654157393j)
(5.043758780886899-6.6565362341799945j)
(5.393196640365493-5.476335724079204j)
(2.5109218735443197-6.663893807603214j)
(4.434164476234171-8.48821667785723j)
(4.327768931946824-10.561673622523575j)
(2.502585526889138-7.945455551883939j)
(2.833906380005292-11.20205172190733j)
(3.512635653950595-7.3586345224276135j)
(2.276968026631864-10.596417904112517j)
(4.204010187999625-1.6250060245193594j)
(3.8729059455270667-5.33332490480361j)
(2.3759225143137988-10.055871082364947j)
(-8.460647946134449+2.690464818087622j)
(1.2343721190955228-13.516105636914428j)
(3.7967253972221746-4.243707169789682j)
(-15.990229563030129+6.515918492066738j)
(1.1286843396327066-8.283974727787285j)
(1.667328851412858-4.65225174857979j)
(1.7152437502512978-4.327457973943344j)
(1.705289242799792-6.427483337210532j)
(4.005699443656472-6.955372760528379j)
(3.479611482858681-9.318278648163368j)
(5.748286890031375-9.508685401345058j)
(4.981663378858104-3.0859190936305603j)
(-6.000371243682889+0.3094733882808725j)
(0.2823798028854923-5.601120905824339j)
(2.1371090820233554-6.483165581917296j)
(4.362351574857575-4.694659582964073j)
(-0.2764008067082623-4.927044611574713j)
(-0.3768664210458036-4.343619118148444j)
(-2.7308173489263843-1.6021072515005303j)
(-1.525789767331375-5.083901101121806j)
(0.8159064727985074-5.28695202156574j)
(0.774034799442459-4.805247134106759j)
(-2.400443776715652-3.638850129784427j)
(-0.01934253327247453-4.075832862442281j)
(-0.9098942499263196-3.931129057873443j)
(-0.7962710381223215-4.993480363609881j)
(2.111915802777044-3.0342937113240294j)
(-0.16489776318564178-5.200090676432889j)
(-1.0792016468254169-3.7904694547076345j)
(-0.7539623323715522-2.6723462714887765j)
(-0.9861065032557988-2.869282445902384j)
(-0.44670498217794347-2.0569400563261437j)
(-0.03767874753477304-1.7989260215791454j)
(-0.46734469515758353-1.4164124070993207j)
(-2.4467762473524552-1.4023029962617495j)
(-0.3926881869422026-1.4191095506360547j)
(0.781785181553894-0.6666350652325786j)
(0.031650108834829556-1.374214460283407j)
(1.7245144390842808-2.030803503342544j)
(-0.4614324061709646-0.7733478407188743j)
(-0.9095334534533284-1.0613355376442855j)
(-0.43141753365696667-0.3476457770186657j)
(-0.37122681917490574-0.1324081602013051j)
(-0.28343123352999394+0.06891422506217137j)
(-0.17567198598665745+0.24849650894252062j)
(-0.05733323233403336+0.4028584516597332j)
(0.06234451622146826+0.5325420244013852j)
(0.17550037312865926+0.6414260775112846j)
(2.1343443444992536-1.4084986488932494j)
(0.3631193676004136+0.8246423335558214j)
(0.4368018281630113+0.9161518823165236j)
(0.5036476797846131+1.017937101417951j)
(0.5732486933396729+1.133433465551685j)
(0.6561513977158533+1.2602342733375078j)
(0.7601889748466671+1.3902120293177096j)
(0.8875644753466589+1.51210542495806j)
(1.034294639923304+1.615313549196519j)
(1.1920003741281207+1.6928964435395568j)
(2.0091186525093168+1.7299625253690694j)
(1.5008690722056452+1.7668991889346763j)
(1.6353455834839254+1.7708983098669207j)
(1.7495177795569303+1.7621769193288341j)
(1.8419881084049832+1.7492868051277626j)
(1.9148364645459641+1.7407677417627623j)
(1.9736943349349987+1.7437521933289473j)
(2.027159044308538+1.7622688187949365j)
(2.0851503487060477+1.7957220445114572j)
(1.3855294917876966+3.5412768217668953j)
(2.2451847359116632+1.8806614356033726j)
(2.350748540732368+1.9117051730455554j)
(2.46652789797831+1.9227179293918772j)
(2.5826103241554916+1.909238500231704j)
(2.6882738132372626+1.8720117899831843j)
(2.774414793374282+1.8164854205222187j)
(2.835287933186615+1.7514429303662278j)
(2.869465556605194+1.6872148970594008j)
(2.8800411621416324+1.6337384304389264j)
(2.8740730921964923+1.5986754525337437j)
(2.8612747732387915+1.5858615852850602j)
(2.852088186470485+1.5944183184210339j)
(2.8554714878531753+1.618803483801327j)
(2.876866589932603+1.6498821883277033j)
(2.9168084837205206+1.6768597859877097j)
(2.9705201224762696+1.6897321266647154j)
(3.0286843920525586+1.6817967934566755j)
(3.079419822330921+1.6516764842419447j)
(1.2793336906931798+3.188027579583693j)
(3.1162532577367643+1.5497125949211819j)
(3.092785206430826+1.501284151220001j)
(3.045894231271493+1.4712124624476852j)
(2.985839911066232+1.467524441677883j)
(2.924950482734344+1.492211940356677j)
(2.8743518930200658+1.541496494206502j)
(2.8416919214264067+1.6075679905979972j)
(2.8302198122509954+1.6808031744120835j)
(2.8389088455062037+1.7517191173885778j)
(2.863104297736292+1.8124300011404235j)
(2.895371879269249+1.8577548803761679j)
(2.9265733637264817+1.8861941564120768j)
(2.947463785678002+1.9007312331628334j)
(2.9510157443980067+1.9089298764048914j)
(2.9350104339343703+1.921491981822125j)
(2.903501995283582+1.9489967814242837j)
(2.8657119525770782+1.9980531301600706j)
(2.83252369846901+2.0691257050607668j)
(2.812657385396238+2.1572668166472218j)
(2.8106173469576863+2.2547961533359357j)
(2.8267933633604456+2.3540011617003334j)
(2.858717678225492+2.448708749434547j)
(2.902387722418118+2.5347350444615215j)
(3.638072229328452+5.958372283051227j)
(3.006122765281971+2.6730880765219753j)
(3.0565057989959477+2.725688508752841j)
(3.0999624201999003+2.770295021788113j)
(3.1334630643628056+2.8114843031947028j)
(3.156392892995106+2.8550920939061823j)
(3.171276111509315+2.906693057476864j)
(3.1832287269891952+2.9696420626287683j)
(3.19806043731615+3.043940177595076j)
(3.2201715023050297+3.126743479641782j)
(3.2515246833843436+3.2139762361100033j)
(3.291899699852781+3.3018500369594297j)
(26.656072957020786-11.457885923525843j)
(3.392988910234436+3.4696482827114092j)
(3.4494244862515444+3.547200667661884j)
(3.506916713568786+3.6201931836930816j)
(3.563377819657777+3.6891106907689895j)
(3.61679498942256+3.7550720081194773j)
(4.1717907430234815+3.246566143698918j)
(7.42504455274237+3.824922109377982j)
(3.831651487792188+2.169872218674337j)
(5.112823368577601+4.047028487174139j)
(3.9647634861776706+4.323971990658093j)
(-0.708006580535814+7.5333429989572425j)
(3.1582638273375436+5.389437079017339j)
(0.47369559794700583+6.331343948029829j)
(3.2216377445935565+5.932689680787835j)
(5.978306084059256+6.820368211965893j)
(6.874938156868884+6.2564592440477025j)
(6.864667259604318+3.3253540752001647j)
(4.390294412038572+4.960415549032784j)
(5.508525402250629+5.1457291689028795j)
(5.176630151971813+5.092277787221614j)
(32.6459219577094-0.32328319633032465j)
(4.540049785940851+5.469720222004478j)
(4.623442277401685+4.6435142907945135j)
(6.409356825386972+3.0078425727908j)
(9.902111507577095+16.68404416582138j)
(4.842803023796505+8.069579173682573j)
(6.379088400766896+7.13777855169012j)
(4.650581026974683+12.517866783164486j)
(5.009656295874806+8.948189203683762j)
(8.644687169533249+9.540246702853803j)
(6.352290260344998+8.726273904826547j)
(5.221915909926483+8.880813826403852j)
(7.9403754784420615+12.02195258301515j)
(5.624923860151281+9.810411193262961j)
(7.191227847974557+10.422942497732263j)
(7.281148188811242+9.00456140123523j)
(11.976707421535242+4.013497228967783j)
(7.372944991853854+11.939859212341398j)
(10.082066620508114+11.749467637082082j)
(11.541347337922886+18.62514179231542j)
(8.253363677804645+15.767387062017843j)
(8.677061039515907+18.7739973503452j)
(6.794227386291277+13.891634075767861j)
(14.173513795405388+31.90978370609144j)
(10.016636052139033+31.29525823787819j)
(20.694572587034454+27.996374815860275j)
(-6.835938337281962-14.597788105734233j)
(12.640657342256654+4.9707205960871965j)
(38.69899618790014+23.576907415185605j)
(76.6293493565387+52.008514844937054j)
(17.71318472277383+19.712137100216353j)
(38.313085506698044-2.3597890584521943j)
(6.3710650618974+12.56907665010393j)
(22.36967115904449-14.441463129301068j)
(23.907509003667162-20.64442215275904j)
(19.908868861645477-26.45157900482046j)
(28.578978099221374-6.420233254126363j)
(61.024577060334074-62.76251314978842j)
(35.148214287027855-37.715635055566025j)
(15.556437824603345-4.62146690666145j)
(12.335082982074232+0.07274612670590319j)
(6.905249910689073-18.739773792239657j)
(8.309444925049174-11.449357721429545j)
(9.38670260989269-11.367734188372006j)
(6.741448526842802-11.486865960123739j)
(-287.01714163422935+262.7852098945222j)
(-4.91264686418633-20.614801814572804j)
(4.5370802247086015-12.024205144145148j)
(1.3935188517695496-14.208977099427193j)
(7.270157534474486-10.12683129302027j)
(3.4396489486153397-10.817643383095193j)
(8.788713515359136-6.8714027784449385j)
(5.855436440553279-6.455189628042772j)
(16.46178149242253-15.377383015858747j)
(3.0934710229644384-9.616780873725757j)
(8.677576131296764-9.174744147649152j)
(6.194041849753536-9.086264999766303j)
(67.47420513028355-5.10479793367688j)
(2.559982749757433-6.236703543631704j)
(0.22195714817435183-2.546202583098974j)
(3.555296349700187-8.933783983338529j)
(3.2009532456421113-6.161957612824404j)
(3.9829445625532407-5.723142058041102j)
(2.8398505954197284-6.739982875435897j)
(6.139354561967509-9.586357488241921j)
(2.3017638860544376-16.768075067033934j)
(3.563109816022084-6.494800824574324j)
(2.8393570767378473-6.396963829980297j)
(3.4927232295166233-5.996560953807089j)
(5.133732948748191-6.937342544744111j)
(9.207969279960707+7.5314890455837675j)
(4.163422811767353-5.165431331853408j)
(3.493277381351132-5.9449709061211795j)
(5.821189584095644+8.437570359039007j)
(2.107423568600901-5.047848165338639j)
(23.37943417298224+2.6914877722560493j)
(-11.012541381893433-19.57016260992843j)
(3.587615300032845-2.5742147715332773j)
(3.5045648606768007-4.659199062280332j)
(0.6570474451456455-7.5653572703785j)
(16.51490505399272-3.916558151766479j)
(8.330470236590411-4.472437170897668j)
(16.810924507552723+1.6917992483045237j)
(0.6067792987716953-4.0270926302226915j)
(-1.6989909749288958-6.460583188407895j)
(0.8306786391397404-4.5781919556699835j)
(-7.204692718144349+7.844617740590287j)
(3.2560133209654016-2.990109927941838j)
(2.170477322747487-8.88781861837148j)
(5.717715338291336-3.477295337130706j)
(-0.4525756375256352-4.31417285598186j)
(20.90333023435155+10.469436554995736j)
(6.187282326881648-21.629955866882558j)
(0.9512059671166375-3.0916897728601525j)
(7.291388540255453-1.0455543629128334j)
(1.4887849881279633-3.801597480521158j)
(-0.443009076412758-4.799803396970531j)
(-0.953685983189142-6.244816286884581j)
(-0.2823393882960037-3.311143475099654j)
(0.8530627549865051-5.575033518146882j)
(0.7498637713498784-3.8537504921238455j)
(0.6999101975174182-3.138914051216562j)
(0.6593900169250377-3.214503026693138j)
(-0.23253288988151366-2.97964162326798j)
(0.12757691839326743-2.6492835595305446j)
(5.515481736448219-5.572590533148325j)
(-0.5519478993183772-4.083035959708351j)
(-1.5610427937011055-2.127098760222559j)
(-1.5899648519867031-1.68981998327671j)
(0.3780207574952584-1.268670118025208j)
(-0.6909262502213079-2.208855444587853j)
(-0.5186488236356426-1.5009707285335518j)
(-0.953597906683646-2.327545509600721j)
(-1.0447896027315533-3.202090617304079j)
(-3.9783025758940016-6.798713612654564j)
(-0.680755761837842-2.981551124904807j)
(-1.341500178398413-1.3068868405700154j)
(-0.09891528393963298-0.4253020792724671j)
(-0.24677186774321427-0.26426231128247396j)
(-0.21334938100363202-0.11038295940755773j)
(-0.17326177185218064+0.03876078968469193j)
(-0.12786926071416624+0.18336390175666728j)
(-0.11368561779155405+0.3051535552960219j)
(-0.024303902840828263+0.46120926800857165j)
(0.03333321649899364+0.5956460571683531j)
(0.09498342411375432+0.727685786745336j)
(0.16091700357744282+0.8575724275587812j)
(0.23147239976335904+0.9854130310382898j)
(0.3070384259618002+1.1112087634900698j)
(0.38806885144056774+1.234863045868026j)
(0.4751023247742913+1.3561483867444717j)
(0.5687490625726612+1.4746355487144645j)
(0.6696139618459139+1.589621539117093j)
(0.7781648257712074+1.700113262868948j)
(0.8946029209993916+1.8049008803245266j)
(1.0188031977971748+1.9026953573763883j)
(1.1503461887001032+1.9922618614859517j)
(1.288606379836848+2.072493480710073j)
(1.432842487160519+2.142416016467415j)
(1.5822544291981786+2.201148542702493j)
(1.735999062810068+2.2478495521342947j)
(1.8931710846680334+2.2816678163706876j)
(-6.295069257592524+2.026437735121929j)
(2.2135600402173683+2.307009565921467j)
(2.3741096793950636+2.2965740119540357j)
(-2.237232689288755+4.800671596541944j)
(2.6864658914251245+2.224759829716766j)
(2.83295667991432+2.1622255207486893j)
(2.968616862164794+2.082246542788078j)
(3.0899509159524143+1.9863403585407822j)
(3.1939307618733044+1.8771805107998087j)
(3.2785605089366108+1.7582591842680029j)
(3.343112811940045+1.6332307528908774j)
(3.3878883999466893+1.5052749929009837j)
(3.4136804096176565+1.376803971137139j)
(3.4212781805155723+1.2495575388169124j)
(3.4112080536833043+1.1248901942124763j)
(3.383684772840676+1.0040379098526018j)
(3.3386384406186167+0.888286886787299j)
(3.2757078506344857+0.7790954935992198j)
(0.9658763677980987+3.672071810503839j)
(3.0929621504169686+0.5883942084488365j)
(2.9707778159276814+0.5133003284991935j)
(2.8268913400941518+0.45890897008037634j)
(2.6626425888778686+0.43357059515002777j)
(2.483726975008708+0.44732129897043377j)
(2.3022007663753703+0.5090336231641609j)
(2.136085402727156+0.6216619387526504j)
(2.0048883722387045+0.7781608863857401j)
(1.922585220010759+0.9618225918546784j)
(1.8927806525486126+1.1518184964091132j)
(1.909275195324021+1.3301104047726j)
(1.9605176574532346+1.4853381662859577j)
(2.0342158145050244+1.6127921140750494j)
(2.11995841601149+1.7123355167812622j)
(2.209893693184289+1.7862096151303775j)
(2.2983614784573976+1.83756244292223j)
(2.381226889243379+1.8697414447189398j)
(2.455298725265648+1.8861203500008503j)
(2.5179782423683372+1.8902347318457344j)
(2.56719181042783+1.8860582107120716j)
(2.6016391702469694+1.8782675237889004j)
(2.621356074538876+1.8723020664776606j)
(2.6284707202503275+1.8739638739713032j)
(2.627796697467208+1.8883478725703442j)
(6.289577085371823-0.5990621903066072j)
(2.6335767441671294+1.962396995143306j)
(2.65572728596914+2.015511000664304j)
(2.696832724080267+2.0691509376284047j)
(4.621942500815928+4.311408288255168j)
(2.8294998829758238+2.1438571131803648j)
(2.9103898291784676+2.1530324688758453j)
(2.9919910351241525+2.139943362147145j)
(3.067711302227261+2.1046720145734885j)
(2.7128613900175584+2.4160529897394962j)
(3.1775208311201895+1.974899237426736j)
(3.2004900756004244+1.8871675312180363j)
(3.195418828106396+1.7913429728632004j)
(3.158528523364899+1.6954315733906526j)
(3.0885209941883245+1.6097725766955917j)
(2.988308638793264+1.5462265711176337j)
(2.866426049808041+1.5159763419009127j)
(2.7369301042063015+1.5261530783883144j)
(5.748904884886244+1.3407595710217015j)
(2.5218344807900075+1.6588077906494176j)
(2.461470390069007+1.7577476298305175j)
(2.437330949047075+1.8561215252956786j)
(2.4774296183387903+2.3467918175931497j)
(2.468203838330187+1.9934739597689934j)
(2.4972654943528734+2.015619255282445j)
(2.5147455062955015+2.004899761350607j)
(2.505046464041626+1.9675837749790215j)
(2.4550155844742707+1.9167968659879593j)
(2.357588688034074+1.8723041189365843j)
(10.915505340662264+3.8063605511319603j)
(13.929226021913026-6.973005740962066j)
(1.8766267766003288+1.9858174440286591j)
(1.729907644987221+2.130623060519688j)
(1.6237270064862874+2.308600871418533j)
(1.5620203352471338+2.4987094714885876j)
(-13.170101125009563-2.034082879695779j)
(-5.610403492924871-19.62812796575363j)
(0.3705718406677842+4.718197757752264j)
(1.1857939824783243+5.0664750518168615j)
(8.174546092593552+3.7916385994246085j)
(8.777053640458568+2.4272404064420083j)
(1.6576294754925873+3.7669382978344523j)
(2.0200224770754986+3.418414955742603j)
(1.2031791767629467+3.043590711316713j)
(1.7867159527147125+9.23363266978561j)
(1.346170196116619+3.6625659366696675j)
(5.65880097914986+6.3939370115576475j)
(4.727287759732967+0.6487679118046676j)
(0.2213616235653031+7.780094626451218j)
(-11.579709282526055-1.6814139344091323j)
(-0.9824530105602226+1.609681594931309j)
(-1.085959731123197+6.3779253449375695j)
(1.591876134236968+3.1015777765415975j)
(-5.228472178320546+15.497652863327492j)
(-6.694614438565111-42.23164225626766j)
(1.1841616659098588+5.403507659793587j)
(1.0729620087623015+4.490018804577472j)
(4.3827933384850555+9.552193742490262j)
(-32.93812248262498-99.87861736124421j)
(2.2170078108991125+6.674360155485852j)
(0.5042942576533046+5.645371110975041j)
(2.1789421570175027+14.211310001182463j)
(1.681753055460359+5.83548556890007j)
(2.8998756511683834+6.871947341668491j)
(-0.042398859856519235+6.022916563703098j)
(-0.2686647362275557+8.951449868811128j)
(0.13311352515240846+12.023815356614746j)
(1.7200150897436293+7.6947514393617835j)
(7.310614293368174+5.7760951551701645j)
(-2.271440567748536+5.021257863494946j)
(1.8474472773927502+7.490757110449109j)
(-3.1912457121045956+6.165042345456784j)
(8.437634167435341+21.651665489001818j)
(-1.102772391271504+7.6069610313460885j)
(-2.799304135291416+6.827225667805547j)
(1.7408436124071833+6.981385517417282j)
(-4.052934060511274+10.765908162357789j)
(-2.9689609745495433+6.553782709405762j)
(-3.661330846904792+6.381421729358182j)
(1.8686075655408074+9.065588394023939j)
(-5.96962373476082+10.137515168313215j)
(-4.866649559220208+12.478481174514721j)
(-8.621284645869814+10.275876399601346j)
(-0.6651269946929043+19.137686749661967j)
(-22.79569885614631+37.4682130654744j)
(25.42956623428741-2.735160695616858j)
(-24.857655310552712-1.5557046268715815j)
(-20.281868442465292+14.352475418195056j)
(-43.29875580406638+41.23300550013071j)
(-51.93438208415046-72.22185892708869j)
(0.17270449434100865+60.626377774002485j)
(-60.1394543682617+18.86531586729838j)
(-35.79345309293138-43.40744909619297j)
(18.884778260571387-18.57501783593432j)
(30.963299583737335+64.69076189140071j)
(25.338575365969888+0.38262894168178146j)
(-32.32817365470579-3.928638716126281j)
(10.201626623385993+17.636129743974898j)
(4.906964307449036-25.155485070194274j)
(39.421718342600926+18.367788820228995j)
(20.858368342428058-27.58833244634142j)
(3.864953244554294-19.603531977835424j)
(35.6218127313765+18.465763029798595j)
(-1.2923701107192167-18.489679228728576j)
(12.813131209644629-18.258547206803602j)
(4.481099353033015-18.893039108367233j)
(9.260752037882762-7.586095924845776j)
(8.130332227066887-14.280080705909297j)
(10.889586041081184-11.738387312304496j)
(11.285128416502504-12.787910074285355j)
(-0.6115184884994114-29.393079490044123j)
(13.022395776685176-9.164658310935598j)
(6.135954283840755-9.467124917259664j)
(21.576983994503415-11.501708860092426j)
(5.613029223445046-8.007565082313958j)
(5.063918618530146-6.199583423383849j)
(-47.7430861407073-15.012262101005154j)
(18.074772139257718-3.6094640166801804j)
(6.465385895987872-8.418362987819345j)
(-28.883388292388343-23.905771502291906j)
(1.8023856516496282-3.051544806905931j)
(19.085792919559413-16.40291665828675j)
(10.167301096286947-7.757037145698327j)
(3.2016434265572475-15.604073602835426j)
(8.29700196902809-4.444872125208875j)
(5.054624256002937-7.290612293249991j)
(5.809061405723061-7.532783451714832j)
(5.558601264298013-0.8147699899385797j)
(8.76925056593467-8.060658071307651j)
(5.29057839647077-6.471432531831748j)
(7.284053302912637-7.002663920616929j)
(5.350500970686513-7.249162124932143j)
(16.847446796248246+17.806541421621574j)
(5.597608582411498-6.709768368452868j)
(60.58007829184779-81.16247831457376j)
(4.448735672672467-6.511012636059651j)
(2.6844904520794874-6.753367067554529j)
(12.237194096676332+6.601932738878046j)
(1.9930394096315371-3.9545295220918755j)
(3.8530659712388227-3.664971783034483j)
(2.2385509158792853-4.171617374695376j)
(2.9920187932672886+11.22230249835288j)
(8.026177805904794-5.117411746804744j)
(5.482768245421883-5.298420230017169j)
(4.501916694149984-4.830969192202244j)
(6.36718061503648-6.179619290093591j)
(5.537959688586122-7.728058488369329j)
(2.623620278556786-6.950822655424417j)
(3.6006446101879566-8.205961474033632j)
(-0.5186886535468762-12.820892700597458j)
(1.0579058690915497-6.872277972442974j)
(6.117741605195802-4.811384250312216j)
(1.804140950240432-9.529799655078781j)
(10.931741181350889-5.267942181156178j)
(1.8600254473371511-6.075940911966525j)
(1.2932726760369542-7.106845042713254j)
(1.269512467998397-8.20892485720173j)
(5.924605263072779-9.56902596916054j)
(1.2535060375857794-0.27852317732389476j)
(6.2503303876887735+4.140255903116924j)
(12.75132870894697+3.4228044442194006j)
(17.004544481176406-15.816329483541145j)
(9.266557538344772-5.368766432209017j)
(4.982434266716299-7.930574603848764j)
(12.189653420036441-36.68134407630686j)
(67.47402205108024-9.563191151056236j)
(0.4740287635034429-60.56156056269601j)
(-4.132890781147698-8.83893523153475j)
(-17.556317294618147-31.363234573262975j)
(0.5601333981291323-7.302513952299344j)
(1.3625752281242474-8.034406493260276j)
(-3.4397293070314503-7.514009475830385j)
(-0.31350099298831696-7.165240756760581j)
(-0.3619193035580501-7.162609405551223j)
(-3.2791409441080663-4.22831830492588j)
(-6.455820700672373-8.052264994914918j)
(-4.005877285255953-4.847782443245537j)
(-4.9179278696125115-3.8700567844982454j)
(-6.076417023008875-0.7259801102400499j)
(-5.355170443683357+2.8701105656167187j)
(-0.7808803700341276+7.433983683456689j)
(9.70142563240052+8.005450429338614j)
(8.285502910860709-1.5447046015401926j)
(6.835057923583832-5.196887743767427j)
(4.0415541979653415-6.461844848265661j)
(0.27073510448228694-5.678773309349543j)
(1.1602274352675688-6.749264334571534j)
(-1.8287074406776511-7.176551840519473j)
(-1.38540182657413-5.431080944316922j)
(-1.8020065051636158-5.035566647311057j)
(-3.044742694004466-2.825293562376596j)
(-3.647776328802558-3.8344491236735534j)
(-4.693304568962646-2.4883703543720848j)
(-4.368165843590158-1.7009411230142102j)
(-4.809613849651179-1.7101453578119774j)
(-3.8702710726832725-0.015135276099734155j)
(-7.079146422604229+0.025098254402212656j)
(-6.050500716848635+2.1440912304296087j)
(-6.693013108597656+2.074670535692546j)
(-5.167998218216589-1.3567946297464988j)
(-8.134297245054816+5.924911654739345j)
(-9.53774466914481+6.813913391876673j)
(-2.725773762734687+3.2758122737787345j)
(3.4344226301579392-13.189029144818155j)
(3.687934687950168-20.229432007670958j)
(-17.118370175110954-9.087459266794514j)
(-9.432694937209055-2.290755950806193j)
(-6.481528761721341-7.130591583408328j)
(-4.272834017418777-3.125967934070683j)
(-6.453830822661511+0.5832735898506266j)
(-2.759734620050889-0.45059861419225694j)
(-2.739823219717582-0.9462337248576861j)
(1.8305210682138977+4.948911283007059j)
(-3.6727915230031387+3.1381445902992766j)
(-5.0405797413831515+8.130168565168555j)
(-3.1540623544350863+3.785750203620794j)
(-1.2068203799287882+1.3193320361494187j)
(-1.3019810126793878+2.7988002024500505j)
(-3.6326949488768028+3.5718321131449478j)
