(-14.52706965986974-0j)
(18.602311092163315-2.5081018923358718j)
(16.745082739441294-3.860594144344625j)
(14.888591874144236-3.829217367717905j)
(13.836737148502921-2.747579369771266j)
(14.12167318310231-1.2488607050335045j)
(1.2026994517984066+3.144645406321119j)
(19.031546083144725-1.1861565281294737j)
(21.29307934410391-4.887475042351954j)
(20.40415288423015-9.828008555617245j)
(16.77040903223449-13.01787018049311j)
(12.73286752301029-13.63200210365639j)
(9.653768745582889-12.612886399530597j)
(7.783702188244215-10.916313034610278j)
(7.024570049503833-9.13093432720192j)
(7.241239767072249-7.699694445565407j)
(8.167980904845603-7.129449521960671j)
(9.070162930969639-7.854961492022558j)
(8.828140775680549-9.498706061515733j)
(7.166312455062901-10.739407597338767j)
(5.019465979796862-10.800331721019198j)
(3.2271672980307473-9.941976251047107j)
(2.03440784581976-8.654741136523482j)
(1.4098461754537113-7.259819904594222j)
(1.2841445304529702-5.948063741040519j)
(1.5949883845668245-4.894038182670871j)
(2.2040986644303717-4.322665724791958j)
(2.743506954819509-4.4065654315573175j)
(2.6994960054847876-4.923889439280708j)
(1.9694302995212616-5.249941023638704j)
(0.988621043886899-5.017696724586721j)
(0.16079172869844968-4.32894042410811j)
(-0.37503068812139567-3.408996225817209j)
(-0.6157807567119348-2.4172754358957156j)
(2.098626835536417-4.321000748710248j)
(4.302201734838994+2.5978249533816364j)
(0.19082879561626487-0.039228480917363646j)
(0.6947116824494958+0.15742236976225593j)
(0.9113751212914725+0.030152211148164357j)
(0.6901035763202324-0.0864972757634784j)
(0.2218572303297225+0.09909953944369297j)
(-0.2244544329805875+0.6010446856389264j)
(19.43063136157646+9.753191462441869j)
(-0.620360439946617+2.0893163685855027j)
(-0.5383300001901934+2.8959212214956502j)
(-0.27091450604511313+3.6525316374461196j)
(0.16104248289650275+4.268139151704755j)
(0.6597886164246314+4.63790957567759j)
(1.020842510933449+4.751138206310664j)
(1.0832718334911708+4.798966999181481j)
(0.9155369210269599+5.020074731980473j)
(0.7052092600610577+5.485663482179368j)
(3.381923238702984+3.21317129893809j)
(0.7942476408623554+5.823455611064448j)
(0.7279894613589349+7.7356276430368505j)
(1.0297958247809276+8.574465789660627j)
(1.4818073932315943+9.357305612619115j)
(2.025655835729287+10.005564700592094j)
(2.5273156653266104+10.503827111500756j)
(2.878642586805821+10.971075706438688j)
(3.1143605817896636+11.561600373182532j)
(3.3465620831312965+12.33583724526265j)
(3.6603543359294353+13.280132477803184j)
(4.100464691028876+14.369537760167216j)
(4.697120627619901+15.593105393135792j)
(6.77263434160103+17.883708494986738j)
(8.730556263279427+20.595832714607234j)
(8.43137343372092+19.813132382990002j)
(11.821224994124679+28.232912894297712j)
(17.757455704182206+43.365329825752774j)
(20.092646316274237+19.680795531854976j)
(18.365808044871102+24.927752934772162j)
(25.63328516061938+21.638025328449036j)
(35.485183389071096+22.75165927808096j)
(31.377938324011165+27.363016602341126j)
(54.56267272220277+26.154179462665905j)
(48.847678862183+22.135190315402387j)
(46.95923519461358+22.38671561709361j)
(81.08302577104423+13.419153519840174j)
(60.54400994228685+0.13455455994596976j)
(42.47395531491783-10.730828161420325j)
(48.51239178376781-35.310768945593054j)
(36.424994324452335-29.404325761058473j)
(27.1656833094849-29.38828644942764j)
(32.16401196565328-33.92837377455145j)
(48.87367606389363-73.73869636265842j)
(23.076682030463708-13.267022727532328j)
(6.490395218178564-29.318838466596635j)
(16.427547798530263-29.978774909688397j)
(7.928981243636168-27.381030096791147j)
(107.80601971670528-38.78802107054992j)
(13.939247617647869-24.712419241582282j)
(15.342586455607197-21.250603090179276j)
(8.99011369348338-19.114269987596515j)
(7.79398477388514-16.01760661257571j)
(8.358547929126237-24.320476210605985j)
(8.042244388679432-17.14615341042737j)
(3.0588891080994105-0.8321529985598042j)
(6.642579616576004-16.846185341186143j)
(7.963892393807186-14.066420274768152j)
(9.193242421499777-11.958996530924377j)
(10.248734681025446-17.199683515335835j)
(6.384367995899617-12.304974416199828j)
(6.42083512638758-11.807833300579135j)
(11.733919351720493-15.348816249242288j)
(14.827010173130002-31.859426173063284j)
(8.79043270377404-8.247256164746693j)
(5.7201077604243125-10.270860913456108j)
(6.227061729963956-14.91171801159049j)
(0.9107306956363455-13.668040632641786j)
(6.530314095123772-11.263640535553774j)
(4.856863889397358-15.520565108574129j)
(3.5975865251340595-8.470328317271425j)
(3.6184028435770945-8.148143201009585j)
(3.6733750336289126-7.901438924811115j)
(3.7168884140911636-7.738202371974063j)
(3.7037915577711833-7.629558177923726j)
(3.6239693834762456-7.520987011225526j)
(3.5081036508286765-7.372314824716899j)
(3.397326700760807-7.178366671517526j)
(3.318545355802386-6.956713343671183j)
(3.2816583017673566-6.730508514946333j)
(3.285009125449576-6.521146000126154j)
(3.318363262260381-6.346947485897114j)
(3.3622688692442435-6.220910095676659j)
(3.3888943891839554-6.14342032098015j)
(3.3727328978059274-6.093968997867641j)
(3.3098886123246354-6.036912129164642j)
(1.4222888800739384-9.195703612395757j)
(3.1463384965265844-5.819977770889323j)
(3.0961720699791355-5.6777595867195645j)
(3.0758661168307624-5.540152697352006j)
(3.0772110339338705-5.422970212613468j)
(2.245583336752877-6.75872332818518j)
(3.087115062712352-5.276887600531686j)
(3.0633502429803094-5.240081992336085j)
(3.006632089192901-5.205882983176797j)
(2.9234887087744075-5.15254795437385j)
(2.8348183953942496-5.068867300978961j)
(2.762370005109817-4.962189760104243j)
(2.7148978043454988-4.851301256288228j)
(2.6866363669883153-4.753173190189968j)
(2.6644055899330588-4.675820543272652j)
(2.63453684326217-4.6180957686308854j)
(2.5868823634986797-4.571986452931539j)
(2.517253440275895-4.525188040640871j)
(2.4293389162685335-4.464462534416123j)
(2.3349949292341936-4.380816537916361j)
(2.2502211152266134-4.275206494072224j)
(1.9236647414461319-4.434506550326651j)
(2.143125530525352-4.051574601102293j)
(2.108435783951748-3.9612219114755036j)
(2.067569690062547-3.888660153743398j)
(2.010370344611893-3.8250020078514386j)
(1.93439269739061-3.7581094154088834j)
(1.8442892802713635-3.6772490965093274j)
(1.7497438978641737-3.5761236256687488j)
(1.662721808174356-3.4549151862428897j)
(1.5935601476112626-3.3213297084525295j)
(1.5458334544833936-3.189085744709232j)
(1.512490210908807-3.0720145293983356j)
(1.4779180328158381-2.9755721045777883j)
(1.426856089224042-2.8926078188564026j)
(1.3532970562855007-2.8079157836060826j)
(1.2622838346572107-2.7071124225795655j)
(1.165519591298678-2.5825849074171763j)
(1.0759516392645514-2.4346632305337454j)
(1.003989477070907-2.270347529734378j)
(0.954855770319204-2.1014754976984222j)
(0.9260157241072384-1.9420263684618855j)
(0.9054803567537335-1.80297950299892j)
(0.8745365460277851-1.6849351374946555j)
(0.8175004972754215-1.574064431879095j)
(0.7327100890590216-1.4484304007140298j)
(0.6337416931830968-1.2913037873703421j)
(0.5401004690701843-1.099202929973191j)
(0.46745866001693537-0.8801484907226147j)
(0.4235093798153002-0.6479056399066412j)
(0.40763634967274276-0.41735228132009816j)
(0.4112467371068334-0.20110166735900106j)
(0.41853916958140047-0.0052660454428482845j)
(1.9911711205135043+1.7055191284440212j)
(0.37580898023696596+0.36241727339619717j)
(0.319601800494602+0.5789572069280744j)
(0.26405559296257436+0.8402460734471864j)
(0.5958960028903428+0.8617711405988978j)
(0.2447366808389176+1.470811103752535j)
(0.2998067844350868+1.8056503198825762j)
(0.3936432805316711+2.1320273894746773j)
(0.5150570704131372+2.440318014523959j)
(0.6498986335120153+2.7282629465975083j)
(0.7849187581053447+3.002532519556205j)
(0.9136736710091589+3.2778660621682905j)
(1.0415962104636147+3.5711795932420225j)
(1.1851642002147462+3.89256903930477j)
(1.3644360574535266+4.239693580235477j)
(1.5945606026457375+4.599254318781112j)
(1.8814758493330723+4.952745713439435j)
(3.9345343399896744+5.6728511421498675j)
(2.605554792598292+5.572994594676347j)
(3.0174642564225618+5.818143078033592j)
(3.4417865219771806+6.01795919223427j)
(3.8660269012428947+6.180937293362514j)
(5.268882031330664+7.4298689391859245j)
(4.7060735778422655+6.450841053936759j)
(5.141754488641075+6.577203168117613j)
(5.609331167169656+6.694431152234479j)
(6.120252617531536+6.785742713220157j)
(6.674632219514116+6.828046533719251j)
(7.259296637895017+6.799487259035923j)
(7.850360182319483+6.686684885408012j)
(8.419257877337396+6.489423216206098j)
(8.940425490108321+6.221474067427121j)
(9.398474618567658+5.907181066800367j)
(9.792659402988058+5.574472321496301j)
(12.120792260760107+4.241327249519248j)
(10.454590266802773+4.9319476487518275j)
(10.769602125152211+4.625013351474307j)
(11.095562856617098+4.303851289144679j)
(11.428152728179986+3.941227301096008j)
(11.744100873029282+3.516831547586937j)
(12.008874465384142+3.0286267947453096j)
(12.190544619517711+2.4969274696664105j)
(12.27335698341895+1.9585134233911714j)
(12.26440391677649+1.4536179474428046j)
(12.190983026428018+1.0121983650833293j)
(11.325066811344973+5.279822319353066j)
(29.163128162319154+1.9056232101364772j)
(12.550207127675838+0.3940785540597375j)
(12.607317972119747+4.773424464049142j)
(12.937125594506766-0.8154227929038229j)
(16.673578024829318+25.88541241052775j)
(11.583832777137056+4.836315062226789j)
(39.625014906002356-45.039085316923604j)
(16.011204459558513+1.5134214206064311j)
(13.139203139956578-3.1919048340615483j)
(8.998348928548369-2.997054277772157j)
(27.68228127823063-4.340610525161276j)
(15.347013645032787-8.824743802228395j)
(12.261634655024306-2.997648365323416j)
(9.6667083990404+0.31447587381469005j)
(21.76204147046387-9.799994430631985j)
(-21.793873648863574-7.75162241546495j)
(11.19892369814126-7.1077459784081665j)
(-32.567430950393074-32.66449527582579j)
(13.94833496491369-47.05898806131528j)
(-86.60818855523587-146.14767304120167j)
(21.09040633097212-4.049118633791421j)
(-41.441106987184874-11.123358419112828j)
(8.78121895419859-2.3081176790520255j)
(-24.610794767359515-130.4301339835865j)
(50.278329936932096-28.69894484437159j)
(4.496795342906392-12.430567997108772j)
(0.03874371338816247+4.940966333782139j)
(44.75904585053768-7.779246109368023j)
(13.921544757613855+2.179680320275324j)
(0.6874630478292004+42.62176748804785j)
(47.455067497630935-189.81876544070252j)
(10.860413743190094-23.077197231476042j)
(16.785182170710463-13.416545165509431j)
(14.455892281066522-44.10320061975366j)
(-11.000509619849945-19.729013812718588j)
(21.888966471341508+7.777702777389378j)
(13.981187640623276-1.8232548203288066j)
(5.388833794527785-0.1812345321322077j)
(14.15918481585708-8.98258726913967j)
(190.30703837107063+138.81597456731785j)
(2.0492997958223587-18.458614335692488j)
(-4.645363976756689+32.20527644849056j)
(8.751282618961799-10.179341678363668j)
(15.56041436710626-1.483128199179983j)
(70.2162513157816+5.784762900070083j)
(-19.273373981316396-63.48686599319312j)
(8.853145960031615-6.51509957227078j)
(5.972562970067315-2.334713879407161j)
(-1.1258783109519566-5.246075382383961j)
(8.414343386836686-6.956458954563502j)
(-9.804184281277536+23.88580222408173j)
(9.615463274323323-5.465512827541888j)
(7.958229044382733-0.7680276276816435j)
(-9.831351925977334+24.82552714553031j)
(9.455196043190119-9.20871812484033j)
(11.162116604340781-8.85389609193304j)
(4.769911834038058-8.29731151818876j)
(21.254522470488677+5.455495017540132j)
(0.3719615412481384-4.245691442412164j)
(-6.496075518889256-4.685572514601397j)
(-6.7061758575045225-34.51578528673163j)
(-2.281237114824188-8.18030841740617j)
(8.73844645414651-5.552712758991891j)
(11.49997248779885-13.41162657222337j)
(15.61936773699707-2.3018074864359273j)
(5.62370448860164-14.965805648714557j)
(2.699069822393575-9.413084938165587j)
(8.546457182328359-12.316597414602764j)
(3.6943208926684417-8.140649149059138j)
(-9.847399123748163+1.6539512057806671j)
(0.9144573216080434-8.50614657461166j)
(2.600611825106646-7.831438194167186j)
(1.1695863699125213-7.326460264287309j)
(10.04890392645312-6.726127942488852j)
(10.450478245376058-8.466621289336514j)
(-0.08256057264740471-7.298752769424077j)
(3.6784459242362018-6.4365669220188755j)
(3.1454846083047343-8.984393559583765j)
(2.0748738028888343-7.231039101677795j)
(2.1657118059342926-7.4743100394448705j)
(3.5874778158123153-4.244060637422863j)
(0.7242628480781375-7.010706345885659j)
(0.44417154784146656-6.753427704238993j)
(0.18881899700968835-6.4621938277125714j)
(-0.02950235249503349-6.143961799989176j)
(-0.2028392153292514-5.811695000928482j)
(-0.3308551634222583-5.4811246764812545j)
(-0.42127031826985845-5.165551207596166j)
(-0.4865314993822474-4.871610096873653j)
(-0.5388145895484995-4.598538597288671j)
(-0.586433066225337-4.340567814057061j)
(-0.6328083359103853-4.09015156988489j)
(-0.677127602505417-3.840366060823545j)
(-0.7154766274618873-3.586283341375907j)
(-0.7419544584711056-3.325829010354339j)
(-0.7499445594798532-3.0604634211007644j)
(-0.7338550920691281-2.795496785139814j)
(-0.6912463285320347-2.5394619284295774j)
(-0.624616687731323-2.3020996482891882j)
(-0.5417554343161084-2.0912487253342205j)
(-0.45398244921254804-1.9098431982366206j)
(-0.3727105675954043-1.754531940743352j)
(-0.3058162295008274-1.6167249075722026j)
(-0.2554485718079316-1.4855694230531147j)
(-0.2180399720925782-1.3514315702321142j)
(-0.186127768339062-1.20849983800117j)
(-0.15097880745781264-1.0558822210344814j)
(-0.10512548829137817-0.8973155324691875j)
(-0.04436622010966528-0.7398823335720939j)
(0.3933443635446542-0.3483026663151254j)
(0.115625474909959-0.4608886513440063j)
(0.2008035185503915-0.3497940367425413j)
(0.27682900862460225-0.25628039337891284j)
(0.33697693691879677-0.1726131110087159j)
(0.3801377236804717-0.08865219916526423j)
(0.4109133524533093+0.004259501083555385j)
(0.4373341700580034+0.11052837100114628j)
(0.46781126407052587+0.22968230184682167j)
(0.5087803674536313+0.3574002547444775j)
(0.5634708925618678+0.4871886514449081j)
(0.6315342806838693+0.6120765633701561j)
(0.7092400553858292+0.7262174413769568j)
(0.7902695965503679+0.826425290039552j)
(0.8673310143098385+0.9133785101595171j)
(0.9345171987987112+0.9918143891304887j)
(0.9895856436726097+1.0691162217482584j)
(1.0348891938381468+1.1525956027545452j)
(1.0763161546079718+1.2468139025872262j)
(1.1209109517941425+1.352302374367334j)
(1.1745251242349477+1.4659765876387136j)
(1.2403945985444158+1.5825587567254555j)
(1.3187188921253445+1.6961889594157034j)
(1.4069183039272772+1.8018185085468437j)
(1.5003254706697615+1.89632793949046j)
(1.5932796566750793+1.9793416489317044j)
(9.499016353206843+5.8265322201704075j)
(1.7593390636454302+2.12400888866847j)
(1.8297242991122227+2.1968672802023264j)
(1.8954140917447402+2.2770191264938564j)
(1.255896614146184+4.477701208237653j)
(2.035605426084588+2.464045475324809j)
(2.119906006930784+2.565453720543758j)
(2.216247939332838+2.6653526318447995j)
(2.322973019634981+2.7586523590404086j)
(2.4361808769983093+2.841908584132313j)
(2.550861741342741+2.914150143375186j)
(2.662260623510779+2.9770845320058847j)
(2.76719375947496+3.0346271576886403j)
(2.864994216221649+3.0918127766215604j)
(2.957786219862896+3.1533230719995426j)
(3.0499329909606696+3.222029696538585j)
(3.146746282744901+3.298014435357643j)
(3.2528080659042256+3.3784380278551875j)
(3.370446290209032+3.4583873307323225j)
(3.4989342883268986+3.5324789573233386j)
(3.6347643743399476+3.5966536386030676j)
(3.772904829188339+3.6494617268686085j)
(3.9085065152650977+3.692364160447125j)
(4.038375455592023+3.729049550984439j)
(4.161755393637478+3.7641734573153083j)
(4.280350668695306+3.802018571937384j)
(4.397773985642277+3.8454023216748636j)
(4.5186248478357465+3.894953093587388j)
(4.647312346644443+3.948819472704141j)
(4.7867356509794785+4.002966314969741j)
(4.937145927388392+4.052249841308227j)
(5.09578539036219+4.092183522326381j)
(5.257794214692976+4.1207203048383025j)
(3.6836686465207853+3.7913918912313562j)
(5.573615733064762+4.150935802080459j)
(1.7990708813032172+1.4973373179712037j)
(16.52103718918015-9.564116557536236j)
(-17.513628747148847-1.700448754266079j)
(7.977965892845471+9.645947245008697j)
(8.986264922039906+6.829284649391265j)
(6.592336391837892+4.671051662073058j)
(11.969314515408508+0.8524198125847067j)
(12.478822868957645+4.325566178712379j)
(10.799256509956374+10.364207263298445j)
(8.597294266807307+4.339457211667084j)
(7.655237888302732+4.5536947102995855j)
(7.857982507520233+4.774369815661132j)
(10.677352971903154-3.085618663293859j)
(10.854380282931023+5.960341390516521j)
(9.42412314206906+2.677692012974282j)
(13.953895774796296+11.198040310995623j)
(11.939630471199887+5.63281138254006j)
(10.7134383910495+6.546070090655904j)
(17.47928494753096+6.409877211644429j)
(12.111019421894914+10.230064619387948j)
(17.095938607519752+9.255468163140794j)
(15.681032831706405+9.394001379235894j)
(15.685349061203025+1.5697914905739765j)
(18.69635259448683-4.899645040354254j)
(10.7211435791514+4.997142938357539j)
(12.785701710880815+3.9601481990495744j)
(13.510872460233045+0.9797893089126968j)
(12.081006162421406+0.8225071624553953j)
(146.81369295623938-43.34151728955811j)
(12.309305109860858+3.187901490288169j)
(7.472106570968077-8.857710940359917j)
(-97.09476531954353-45.43728240599938j)
(29.38425605841882-25.421452427399846j)
(14.981761464645862+0.3799160460249292j)
(13.433860160285422-1.4213447972600475j)
(2.45564930735507-21.66000797789043j)
(20.3195131419411-12.596067869196018j)
(14.757309485224178-4.941312942943403j)
(16.9325245896382-6.2731689835889295j)
(16.75969999316749-0.8283324236090615j)
(13.973379786682807-4.905675289742272j)
(19.789271109797788-9.559148141561j)
(13.297808117191321-4.587310268877465j)
(14.947905755345309-0.9694757629070219j)
(14.225097115149374-6.241969967304043j)
(10.016809391337581-10.927873463655487j)
(10.950746269306764-5.55545303000905j)
(14.523409287118183-6.3053714154670475j)
(12.610818411822216+1.2467623939859105j)
(11.918499371305524-6.163115743771196j)
(13.22923759040508-8.756143414800983j)
(11.587251402697403-7.251035388804009j)
(10.572999647173447-5.809882659785376j)
(9.2035195545407-17.217918168361187j)
(3.698009580902286-6.559930877844554j)
(8.890605306429958-7.73876032906746j)
(8.545677502948651-8.527228647048387j)
(13.649536225546987-4.396745823841767j)
(7.8792939492084395-7.3576730285448395j)
(6.393234149893748-6.803438135121297j)
(9.301034503750701-11.821422222609758j)
(-0.2568341839227128-8.649575620330529j)
(5.564578336349183-7.247220772946944j)
(7.601687801966845-12.079866347479744j)
(7.273285018296608-5.071996154416407j)
(4.81843690542067-9.824146752800269j)
(0.7862379444347148-10.304777565701796j)
(5.163208730050063-6.347518890987043j)
(5.3098543384197585-7.74452850580574j)
(7.984024738717205-11.328163949850186j)
(0.9285159411022315-9.437982385421476j)
(3.222537054492667-6.6532856490862j)
(3.8597624938589634-7.022748708591619j)
(4.013739355969572-5.2933390888838j)
(6.464086480232105-4.493559313934132j)
(5.65836129591242-7.521105788567444j)
(3.4592621721257486-6.82655768056683j)
(3.2413685807624577-8.448763448648213j)
(5.567219240176661-3.704312405482229j)
(4.472207394571354-8.48759013555128j)
(4.083983681000788-6.0701765444012095j)
(1.9035634647078663-8.244817692116078j)
(3.404134638725898-5.36996121980847j)
(0.813604181447798-7.9453526276729j)
(1.8312440010991864-5.86763817845659j)
(0.8223417027377455-7.399732678548013j)
(-1.3904653287779207-6.845295404636855j)
(2.87474252537058-4.227250597993978j)
(1.9356799717387974-4.885719628172834j)
(4.228350007886897-5.717312324725009j)
(1.1797142762231112-6.106617342167739j)
(2.3083713285120244-5.197254143360588j)
(1.0923051279976312-4.912320453580428j)
(1.8005652207676837-3.302664588572788j)
(2.934607016320297-5.6547682385682245j)
(-0.3840273958612017-4.273417436520697j)
(0.18358895301555644-5.566599139352484j)
(1.1316172413219707-5.895773966645853j)
(0.3179545598372604-5.9271282573432735j)
(1.3868175050389737-5.255271745932472j)
(-0.3924407726948571-3.716897424323781j)
(-0.5826643713161297-3.6591797623116986j)
(1.7907444130624008-3.8410253946102806j)
(0.7771937752706102-1.6578181880752896j)
(-4.698432588208142-4.516768124450682j)
(-0.5064245455184143-3.562605418635274j)
(-0.07330808124431766-4.190694700085824j)
(0.5755277431501882-3.243593699129545j)
(-0.7473372947191402-4.260369368383344j)
(-0.826665424338421-2.8313262956994767j)
(3.6516584197277364-2.3617810205246017j)
(-1.2343932390088495-3.780651936988313j)
(-0.04123548590250321-2.119024239294031j)
(-1.535643586745828+0.9339962004794141j)
(-0.15268589949137926-1.7602404805527683j)
(3.3470264479621927-2.294551312315663j)
(-0.1955171095645588-1.4153189318553938j)
(-1.6188231134198308-2.3243884718916403j)
(-0.2693610792576956-2.1357622360774275j)
(0.161808137082503-1.6363726559305989j)
(-0.20984770194197103-0.7733477889396632j)
(0.6165638420016912-0.9582232258587216j)
(-0.16538838689269317-0.4059340429331678j)
(-0.1212428310034353-0.36162043477791167j)
(-0.047700102400399895-0.04619048808315529j)
(0.034333624624452275+0.11673824272885444j)
(0.1255386578816526+0.2641319956275697j)
(0.22053466972262276+0.39570128366446244j)
(0.31456460853331925+0.5132867786591659j)
(0.4042360518231098+0.6203967249058944j)
(0.48809062382519575+0.7215421701018412j)
(0.5669474896333273+0.8213422708033254j)
(0.6438521880760346+0.9234249200092189j)
(0.7234312499919365+1.029330466385681j)
(0.8106239796759528+1.1378280602013318j)
(-0.10499123697662177+0.6852835447102624j)
(1.0200827857476176+1.3455987045531996j)
(1.1417859753753687+1.4340306848834903j)
(5.164127319034836-0.783129416206336j)
(1.3996304012014327+1.5610296559410701j)
(1.375389648984992+6.031139836673206j)
(1.6414003163177664+1.6221883356477997j)
(1.7461008877405493+1.635808309961531j)
(1.8379855890546448+1.644544734845612j)
(1.9181337765396134+1.6533181144020541j)
(1.989608563854569+1.6660942326136268j)
(2.0569440752577495+1.6850250649348102j)
(2.12519091954627+1.7098293883438678j)
(2.198646042675896+1.7377047257349467j)
(2.279619047765702+1.763955482296658j)
(2.367683152455167+1.7832397439545855j)
(2.4597081561629284+1.7910439881499292j)
(2.5506506320518594+1.7848968644215981j)
(2.6347970016755644+1.7649831003114795j)
(2.707069650626022+1.7340799149511001j)
(2.7640921001494583+1.6969390455254048j)
(2.8048459282387213+1.6593148458805622j)
(3.156347851501189+0.28862398192566674j)
(3.089635061313211+0.9273841778529996j)
(2.8551517203020738+1.5928989441600243j)
(2.8643694602377643+1.593518597636042j)
(1.6818301890126413+2.9612296485023557j)
(2.900286461707431+1.6166752232444797j)
(2.9303829682985763+1.6289158289587j)
(2.9662847851292935+1.634585729318136j)
(3.0032278643069663+1.630296008619861j)
(3.035177640177483+1.6154205670224007j)
(3.056336860275905+1.5924763472021772j)
(3.062722455665329+1.5666787528749244j)
(3.0533352608633417+1.5446989041449237j)
(3.0305047769981774+1.532954418811787j)
(2.999268670987357+1.53598792932902j)
(2.966027830770677+1.5554628932164551j)
(2.9369779654924373+1.5900248511910304j)
(2.916811172640241+1.6359174285039177j)
(2.907958749842679+1.6880209064544913j)
(2.910390947709563+1.740975529825168j)
(2.9218472061328855+1.7901831354732498j)
(2.938369916749372+1.8326154917380477j)
(2.955089297332777+1.8674031420935495j)
(2.9672527274340834+1.8961184652654115j)
(2.9714177106469504+1.9225695257071005j)
(2.9665231459397083+1.9519314668557264j)
(2.954369854950978+1.98928962419805j)
(2.9391424452381187+2.0380752822392294j)
(2.9260760415062084+2.0990877208682464j)
(2.919880115755535+2.170519131896779j)
(2.923613972038326+2.2488159227926965j)
(2.938322530744144+2.3298255700522392j)
(2.9632835880703046+2.409736446544174j)
(2.996524873969373+2.485623556590884j)
(3.035343444839525+2.5556691019646514j)
(3.0767293067182497+2.619214468576553j)
(3.1177276461858474+2.6767570348696537j)
(3.1558226914150165+2.729903439118922j)
(3.1893820087455533+2.7811903179239614j)
(3.218074451655971+2.8336509517526935j)
(3.2430415213952646+2.8901115469720833j)
(3.266609381514989+2.952425108534657j)
(3.291563378467629+3.021005569150466j)
(3.320307201794923+3.0949020687951547j)
(3.354297629107515+3.172319720882904j)
(3.3939200382165775+3.251260859055315j)
(3.438693193000868+3.3300040737127525j)
(3.487586484073067+3.407333775745793j)
(3.5392936142968816+3.4825852612596524j)
(3.592414285990505+3.555612523416961j)
(3.645570867047198+3.6267563913980805j)
(3.697516810964071+3.6968378484303934j)
(3.747286657635985+3.767149046475302j)
(3.9040303687491242+11.096490071024734j)
(4.7299506280089005+6.990122459887782j)
(4.031835241275785+6.805008208369534j)
(6.942595958842359+1.9445307801643807j)
(5.238770738297128+3.144073472229097j)
(4.681937892321769+2.7106135341096884j)
(5.200923629945601+8.827061918843366j)
(4.5266726740108805+4.409499431270461j)
(1.2371688013608897+6.775169817314357j)
(5.670125420097039+5.449914117995846j)
(6.791812113966693+8.235851695793558j)
(21.594498899042037+12.156208719369776j)
(5.3114725235672235+6.218375404613492j)
(5.489422972513314+7.394975030510558j)
(3.758688758900997+1.7805749946767246j)
(30.581990809668863-14.079413006124842j)
(27.60009009739322+14.209951906747271j)
(4.356949700831574+7.1085968756505j)
(5.970293853234473+7.785494940930535j)
(7.829213205129219+4.4384313955652885j)
(7.30607761993443+18.881457826781467j)
(5.229105993290356+6.805487705146615j)
(5.599830956435711+5.786035525927032j)
(9.523508314771904+8.054726438377328j)
(11.532547290307528+8.134442633708337j)
(6.844737612119608+9.118453296750461j)
(7.730000054901393+10.259655555607296j)
(7.262313937931854+9.39496987482061j)
(8.875653591943687+19.42635805615739j)
(8.183807290401482+10.221236833812778j)
(9.621739644469807+9.250600438966798j)
(23.729419879106487+12.448708472462483j)
(10.920835780787357+20.58986686955841j)
(11.54830740153396+8.452882993944922j)
(158.29344747577238+22.679092629840433j)
(26.74263758936184-12.962934329816525j)
(43.997097278249505-52.453341399369805j)
(2.156243853568115+19.74864893054357j)
(3.0020432158322583+22.277978881175514j)
(-136.7182926228399+233.46813238961715j)
(19.16739685671701+20.13630326060853j)
(29.909700671454566-11.933980540869504j)
(38.61435130233467-2.7234594125856284j)
(34.65535383627392+1.362111647129968j)
(14.377889722475583-5.211247531193102j)
(29.99330201346369+13.15779007347885j)
(28.663548291252063-9.829654741855224j)
(31.233921659415174+5.364305503802014j)
(34.20573516498378-22.575062467328387j)
(14.871012477741578+2.0481199424224092j)
(37.329482390719555+13.03096187622424j)
(14.075043880761246-9.753194215929739j)
(47.92027240510104-7.324624273045275j)
(28.43596802210866-11.566085680126639j)
(20.131392419561138-9.253677696089627j)
(10.802086797856061-10.424638762725976j)
(1.6594267180183564-6.737550893132821j)
(11.774439162921071-18.820458645143077j)
(7.287221885984731-12.022165923192278j)
(7.438408863718609-11.538908234610545j)
(3.4649232149561104-16.816399313022874j)
(10.75057396994977-9.538410339704045j)
(2.679210980951355-8.081015494600138j)
(-27.72044225962745-38.63461693383481j)
(5.48624162035779-7.115781210502123j)
(22.28562245952184-21.65555824381229j)
(7.429225615316363-10.021705908349972j)
(4.837085927934624-9.950207240157003j)
(2.4105772700885755-9.307527042063779j)
(2.2925062548295903-6.136002306672079j)
(2.6762014371144454-26.627079566825422j)
(3.647174307763383-7.284260662817808j)
(3.442172714169215-6.920290291505777j)
(2.9989417782174534-6.525010813592619j)
(-36.08871511349157+19.30146275420743j)
(3.2425872050023488-4.637915674215569j)
(8.709073211485874-22.1505634290318j)
(3.146274467145138-8.110067225279534j)
(4.679696275053907-7.684185012773796j)
(4.712263636561721-4.266334464909351j)
(1.9555215698861572-7.411469179052152j)
(3.2264838686938964-7.7301109765517175j)
(3.046926852948126-4.796050787083367j)
(-0.203489176565571-11.62884817552816j)
(3.4304211808773477-5.836055553855473j)
(3.39949842260259-3.577707623424512j)
(515.9103534816177+2472.3631676157734j)
(3.95543553870937-6.134716130797336j)
(1.776415375287781-4.783530413829958j)
(3.3016679350521114-4.187785268807794j)
(2.4157965474705-5.304493051768604j)
(1.4602579334319612-5.672264943475903j)
(-3.436431013140376+21.69155826416927j)
(1.8266333011147073-6.1121966472487035j)
(-0.025638463568618413-0.19779812605652325j)
(3.924962577111241-2.739666076545184j)
(2.3175180364544348-3.2317922720631183j)
(0.5520628908787985-6.4696052010875995j)
(1.4857332431085435-4.561951475725751j)
(-0.015884461999122527-3.9535737743667463j)
(2.4299129084969016-4.684769080315321j)
(-3.6798673131705844-3.518728679959406j)
(0.5977860322171229-4.715030326317576j)
(1.3442258388632002-3.4092050763497292j)
(0.6229027455687415-0.2639531115717948j)
(2.326482272471748-4.775568310230571j)
(-3.13003989178168-7.376048666242584j)
(0.6607608977418756-4.200215600703543j)
(1.4062069187678183-2.497618036887225j)
(-0.6406822214215249-3.9746911510363216j)
(1.7652852515271604+3.3127149472775086j)
(-4.607400468750241-5.109961674602512j)
(0.6168792646128853-2.526197855719042j)
(0.07021472763768938-3.328120835668634j)
(-0.6187170870732115-3.8926332155039898j)
(98.46025647162979-10.296270640377188j)
(1.0804610968992376-1.1374536008477334j)
(1.6216226535433251-3.4757711980069903j)
(0.5291525587436079-3.7468343584689174j)
(18.998569886594805+12.949619593820602j)
(0.567281547666066-2.2961295152006995j)
(-0.4002052951433609-1.422004306332618j)
(-2.5635160906509142+3.7828248266168236j)
(-2.0618060945658034-1.480001717883763j)
(-28.047799099393202-0.9963625160006325j)
(3.5776429682866957-1.8069686995129803j)
(0.5425116415977991-4.256825715903485j)
(-0.9998535559985858-1.0143820149733465j)
(-1.5254199630179726-2.1203891981928114j)
(-0.4104969391855446-0.6918293978059339j)
(1.7442804302270942-2.29566740536106j)
(-9.681769468997167-2.110066519328705j)
(-2.945095713360321+1.8879214228088472j)
(-0.910603785970833+0.22606920551425627j)
(-1.0321187325910335+0.0063191581988418415j)
(-1.3568442256704025+0.32799015802880055j)
(0.10087083395317911+0.25922968267827967j)
(0.1506387369885049+0.3911799709562277j)
(0.2047683337765056+0.5203169303053986j)
(0.26323634417578134+0.6468350540488012j)
(13.9298522821562-0.42429756417325354j)
(0.3936796223376622+0.8923904921560445j)
(0.4660894733832131+1.0113879355238937j)
(0.5436696898882233+1.1276774942435037j)
(0.62675201909541+1.2409765745993462j)
(0.7156797055168223+1.3508594436712087j)
(0.8107618272681503+1.4567359721373592j)
(0.9122113379631657+1.5578531522936527j)
(1.02008554583137+1.6533293924912993j)
(1.1342509879149998+1.7422142733526744j)
(1.2543829566164046+1.8235524352849526j)
(1.3799922577552082+1.896430191776935j)
(1.5104611842663955+1.959995339815775j)
(1.6450717343773258+2.0134538895587846j)
(1.7830166703818553+2.056054352065124j)
(1.9233911875689798+2.0870706915549717j)
(2.0651667999011436+2.1057930206644015j)
(2.207150591096791+2.1115339753703433j)
(2.3479349204531763+2.1036594242227764j)
(2.4858475822187764+2.0816533009951215j)
(2.6189214320397327+2.045224200314297j)
(2.7449132042742805+1.9944505673562318j)
(2.861404973860978+1.9299380781465174j)
(2.9660043909896734+1.8529327579201205j)
(10.765861316528609+0.6647538658414004j)
(3.1316791579039718+1.6694585196556881j)
(3.1903179070604195+1.5679133642645362j)
(3.232261209566086+1.463149655751399j)
(3.257661781057447+1.3573506124144055j)
(3.266864428075703+1.252377840800528j)
(3.2602302891851807+1.1498488013061305j)
(3.2380433626940888+1.0512633075044335j)
(3.2004797486705816+0.9581345013358138j)
(3.1476122436488048+0.8721210259649155j)
(3.079449561185023+0.7951835850935075j)
(2.9960508568351614+0.7297842641935615j)
(2.897791809569719+0.6791045907823481j)
(2.785861110215938+0.647176810075432j)
(2.6629927915280414+0.6387197435655382j)
(2.5342475646959257+0.6584175973759179j)
(2.4073797776309935+0.7095201915080377j)
(2.2921885251667855+0.7920867702765516j)
(2.198601058169046+0.9017540220461501j)
(2.134102024959793+1.0299930646112128j)
(2.1018104539729685+1.166022090993894j)
(2.100196082682968+1.299420817738321j)
(2.124320222118104+1.422137925130535j)
(2.167661662094248+1.5292356246486658j)
(2.2236323761408827+1.618581043633785j)
(2.2864247133838917+1.6900707452510226j)
(2.3512802388631915+1.7448657769833409j)
(2.4144311420784605+1.784853855084377j)
(2.4729368879059628+1.8123627225985315j)
(2.524557754368089+1.8300601918272643j)
(2.567738653440156+1.840948735048906j)
(2.6017271629937335+1.8483536576446327j)
(2.626800205114023+1.8557987222403087j)
(2.6445072182523446+1.8666752077559494j)
(2.657762457883893+1.8836730601325744j)
(2.6705882876616047+1.9080780363771523j)
(2.68740441671851+1.9392028106010701j)
(2.7119935954185235+1.9742809270099175j)
(2.7465183542266827+2.008987903458341j)
(2.790996766455013+2.038424302524103j)
(1.3450419238734685+3.9543955552474244j)
(2.9002064244511265+2.064924853621018j)
(2.957084599417355+2.0569611894119877j)
(3.0094519244353535+2.0339240217621244j)
(3.0528219983137945+1.9967590072451222j)
(3.0830028032987187+1.947580290748328j)
(3.0962714791847916+1.8896563334230894j)
(3.0896545646776508+1.827460514924475j)
(3.0613975082946663+1.766662956031557j)
(3.0116117238062112+1.7138759382324085j)
(2.9429357401073704+1.675961956618555j)
(2.86087786822293+1.6588352835172249j)
(2.77344187863468+1.6659641024253224j)
(2.689826061201056+1.6971018113056648j)
(2.618437313078243+1.7478825588018876j)
(2.5649039887008596+1.8106079962165214j)
(2.5308290384739034+1.8759749357411875j)
(2.5136219602966827+1.9350824028936016j)
(2.5072239979198714+1.9811019270073837j)
(2.503292375896174+2.010363568627044j)
(2.4925236956274643+2.0229454350091736j)
(2.466070962729909+2.02292066174666j)
(2.417174329769191+2.018212896619736j)
(2.3429905443919865+2.019718743588393j)
(2.2461426675963905+2.0392896998426737j)
(2.1350227066943837+2.086656906164809j)
(2.0220171886359495+2.1663508016718143j)
(1.9199608014519567+2.276262971857809j)
(1.8384764146414754+2.408776565326294j)
(1.7820133402777918+2.553737682890912j)
(1.7501253590677908+2.701526807204912j)
(1.7551298708821688+2.8729907988718906j)
(3.0065776110768057+4.031589847140942j)
(3.5015205883617377+2.091767446371767j)
(2.7347736685451847+6.451033679225991j)
(2.217839381137981+3.7668280412151733j)
(19.57641414866701-4.552799232482884j)
(2.145940106123836+3.192742151411688j)
(1.5184712281642048+3.261599866988156j)
(3.276440231084248+4.334606368100183j)
(3.037998779021186+3.50277741010417j)
(4.313942379135848+4.0747925475503015j)
(0.2954617460461614+6.780471982025331j)
(1.4458587023296536+5.2230477968180535j)
(2.2466106479017207+4.110279543035774j)
(10.298613209482927+2.9888813404858054j)
(7.504324417945234+5.307331020996567j)
(2.7070445200574755+4.1856344799365885j)
(3.822838607499972+9.775696485465014j)
(4.910205293531757+3.60984282310547j)
(-0.204880149046071+6.396394457269927j)
(0.3447310494863935+5.849708796053517j)
(1.9108073062643274+10.410179130516472j)
(1.8923823366969406+3.927848028710488j)
(1.5400679357239888+7.907359978275664j)
(0.6928284870734512+0.06611883476860161j)
(6.077811436729639+7.945125135584947j)
(-0.13189989822533849+6.3347655793976045j)
(2.145698204059997+8.936382936807021j)
(32.33773974899169+38.113773090722205j)
(-3.0490119126065887+17.634998450779115j)
(1.1274250192652038+6.312004929598476j)
(5.493484874678409+16.066725317200415j)
(0.5951279391098313+5.417790442919343j)
(2.661363576445029+3.3952420485422765j)
(13.473971275848587-0.01731369226203817j)
(5.852867215647954+10.070083473720338j)
(0.1553383874226742+8.23317782369608j)
(-1.0864070006129676+7.814825487248987j)
(-3.6136372770808505+8.790467472137705j)
(-4.757431162375121+5.334513646626266j)
(15.576260284471665+4.247108341540668j)
(-16.645724547757702+9.94348280128873j)
(-4.670690935388131+2.8799157749945223j)
(16.416924930468127+25.772565549526888j)
(-18.560707725984322+2.5242195202230575j)
(-32.76542970139889+31.19091391006942j)
(-8.225426486813197+13.113853385541042j)
(-14.420777880104103-12.265402297361288j)
(-15.369175932383898+11.757228406289693j)
(-10.7809600589248+16.429929372115694j)
(-12.328161821430983+21.278473505984728j)
(-22.31236318402617-5.37116543170531j)
(2.6623200738658395-15.57992327045898j)
(-188.21148738717434+35.04074386703992j)
(-10.209589745100415+35.859194665369536j)
(11.518995419638896+166.73548659376863j)
(12.88365302278451-20.126438635005147j)
(-5.265863244153055-47.80783843256912j)
(-27.515447095278013-98.1831897214673j)
(15.572742066647521-21.826455102274114j)
(-18.545827721004873-40.69775617132121j)
(-6.177758921875916-51.19578824495044j)
(22.48196410143728-47.02012924302109j)
(12.239072778084426+22.56503879541513j)
(11.742232624063789-27.81085590070603j)
(15.184264376308619-23.44617550941313j)
(42.2915246290275-14.677775484988553j)
(7.9452903656937846-18.254487679803937j)
(7.841477219223564-20.39145055504856j)
(7.828947276510701-11.356560133911504j)
(9.107981414889965-25.846728048869394j)
(8.748267022254806-15.363059139791748j)
(11.500087642075547-10.527682882191101j)
(19.688070408026018-5.9764403407772795j)
(6.277699813202433-11.03313159582804j)
(6.411619313021169-9.616986383355657j)
(2.0834500178764865-11.809388861825289j)
(5.754563702518134-7.497787310807581j)
(-3.700670895962077-11.861759129196003j)
(6.094821708652036-8.590888255064726j)
(4.9453428181467585-7.265631472611854j)
(24.92958008801063-37.00643445369744j)
(6.968992369293384-6.707926445610943j)
(7.06191645343835-5.702453171875758j)
(6.4978430345936475-8.307130666566835j)
(4.696325474815216-9.123601276003411j)
(7.133522994169558-7.139252268124747j)
(9.52284575298821-5.700946990436578j)
(7.044498201264018-6.815412457058463j)
(4.165111431588068-10.03122482810368j)
(3.783619137543551-0.1791456129112891j)
(5.7315622033502125-5.4928742030953455j)
(11.003437025366864+5.323107446284909j)
(5.836522344254394+0.7627281074124493j)
(6.492010758306458-8.486906370561053j)
(9.67171140313281-6.637527215289767j)
(6.655990868686588-4.8880536326262565j)
(2.214498387083948+1.2661113565225615j)
(6.725792767409579-6.860513194972093j)
(5.3687945492159646-3.211578692880086j)
(3.687517193824315-6.053151963243561j)
(2.4931619420747504-5.3511303778170545j)
(4.283478776001814-5.214134454217036j)
(7.156673929700621-5.306447331604059j)
(2.5468740257661584-1.6449474978858143j)
(5.8548574998764895-16.02477580962304j)
(-73.5723879098041+58.57823709637413j)
(6.152171379848326-5.894670581363771j)
(1.8806154214960875+0.8973064825236604j)
(5.041638386845696-5.502408422107326j)
(4.730710694967303-3.842573893467476j)
(5.1953895838108-6.2528273042951135j)
(2.1538421502787015-7.310185826267131j)
(3.966244604148857-5.735525513073223j)
(3.1730336965022405-10.61355489898033j)
(0.19684086364217135-6.301581676545849j)
(3.356118315778969-6.682624086825306j)
(2.9265898824010446-6.551289525787398j)
(-1.5985496313605267-6.236075137892733j)
(1.4098525497624657-7.16074212436701j)
(0.2676439453143235-7.659665300159065j)
(1.283931645916983-5.943110943505532j)
(3.0299228949289763-7.988989370076967j)
(9.665497545622074-6.572761236425942j)
(13.732697682430944+10.737130685176579j)
(5.620965703518722-3.617367565774404j)
(-14.61406575919238-37.453568205914536j)
(5.94545494991307-6.570634023110952j)
(-8.695726246894864-13.726627657091486j)
(2.8943456176135975-11.435420509493605j)
(4.115040204754814-5.809528229499525j)
(-3.817352317691989-8.673111564446364j)
(-4.0938200454250575-11.120574603819739j)
(-0.5167862817469819-7.927354720062584j)
(1.6864589289710923-6.647603706297752j)
(0.9800101104655885-6.792952753957323j)
(-0.27579446412477643-5.787116472944398j)
(0.1681227551220976-5.778930070067994j)
(-3.5255773897735843-5.809822676664352j)
(-2.825491344383851-5.868768527309141j)
(-1.7319343866611956-4.6650533671450045j)
(-2.1817543826332164-3.100994418175239j)
(-2.665795112012381-1.268134059640787j)
(-2.390007317214765+0.7561047082923344j)
(-0.06407079801672055+1.5682023148859334j)
(2.50142243961286+1.8778869810954826j)
(4.743538801496412-1.3668773408510984j)
(4.3684117470589925-2.3652201589898567j)
(2.711781285429274-3.8594716166673324j)
(2.4750586981149043-4.883817398991871j)
(1.8033614303523346-4.412758103459975j)
(-0.25486296256432883-4.79484547383405j)
(-0.9639502644868657-4.482939532617979j)
(-10.405958112156153+5.287839561898053j)
(-12.838019118530653-4.385265605253212j)
(-2.6045796130342103-2.7419276273918536j)
(-4.1255930102261145-3.7944933041211373j)
(-3.424974691790715-1.8304584521335237j)
(-5.474254668856624-2.254102993035419j)
(-2.8787413911896396-0.8735420732278105j)
(-4.507483335813613+2.3297864987958823j)
(-7.480394226373051-0.17049790397289247j)
(-6.4933106736830615+4.0198439845273155j)
(-6.200408730891076+5.261556008219083j)
(-7.530429127877157+5.622129658234516j)
(-11.359531580298933+6.888958437708615j)
(-18.65656717139103+1.3495100078238031j)
(-52.762377772241955+1.5743408542477255j)
(-10.312029582067371-0.11569429625738642j)
(-4.445554682486272-22.99721088634417j)
(-6.881103214696248-11.091648864327636j)
(-8.895326679655739+0.04294259938233602j)
(0.02900086502126959-6.517779570706826j)
(1.6045997712118072-1.4147630362599797j)
(-0.6411291736578384-0.07113528246937979j)
(3.843626060631612+8.520418492497383j)
(-1.1736120104797263+1.2859764595068188j)
(-2.5453126287249215-2.9514500156952392j)
(-1.4328770218590494+2.8484689327449297j)
(-3.971327615952277+4.798521938009877j)
(-3.219274353713017+2.401420118426821j)
(-8.908640854079927-1.3037891771114465j)
(-2.639222280464766+4.18271631469896j)
