(0.780727804380161+0j)
(22.252194055680828-4.364261508641452j)
(18.87300305112755-6.550294013586175j)
(15.62867189067956-6.343550312694048j)
(13.70294151200561-4.547955256364559j)
(13.656377722486493-2.107764861161423j)
(15.83952125111645-0.13590846369544465j)
(20.04814757795031-0.4633881604137257j)
(1.8003102595202005+4.978496569005991j)
(22.75537589826762-11.993937267699724j)
(17.517771687962792-16.008352032822668j)
(12.20254948090226-16.160697340979823j)
(8.558615426445341-14.356868777321749j)
(6.5506916266435224-11.95260595721729j)
(5.884823889112812-9.567650489065844j)
(6.408012912311385-7.61844841594402j)
(7.941649260684011-6.724930957538232j)
(9.628148614464337-7.696415839459721j)
(5.400558030561092+8.321808853702978j)
(7.373214195686574-12.04395722928363j)
(4.576951961661125-12.02179338748449j)
(2.4601607330449284-10.812869536717516j)
(1.1781278811272562-9.182060200130376j)
(0.5801048631981115-7.500816940250166j)
(0.5533148693870277-5.940527141689453j)
(1.0559640620733606-4.668894838274369j)
(1.9940199595687722-3.98368145786757j)
(2.9155392051197158-4.233595878225375j)
(2.9719555319826254-5.183556472809338j)
(1.968526950058689-5.797994167858499j)
(20.1348764578305-7.684173169583711j)
(-0.31415134003512707-4.698246272126553j)
(-0.9042815268636967-3.612070005313989j)
(-1.1399919218851793-2.473323958256715j)
(-1.0622067197335978-1.375945296233174j)
(0.8297517150173498-0.8152496626513192j)
(-0.013647132121234806+0.2501911120571716j)
(0.7251012931004643+0.3876938354039749j)
(1.0605961675068714+0.019938637824691182j)
(0.7236488853077941-0.31867366395029456j)
(0.059402849832130164-0.17673095466620722j)
(-0.52010349426923+0.3959584282162844j)
(19.528847572625676+4.710595003298555j)
(-0.9948936002196008+2.0785155061943783j)
(-0.9010912198772626+2.978537016910549j)
(-0.5864363277901026+3.8289810307412737j)
(-0.05008136048228851+4.520593159873501j)
(0.6092509348103761+4.884954323439237j)
(1.0887059344248289+4.857421546162189j)
(1.1116975529302766+4.728633971053229j)
(0.8084785075074159+4.877678421436496j)
(0.48085224280818173+5.368680585576099j)
(0.28331770643759335+6.0847229401766985j)
(0.2493395149033526+6.9232237864046295j)
(0.38295216366082047+7.825210946215936j)
(0.6969443907651336+8.742745006084233j)
(0.9059393015170953+8.586970158175356j)
(1.8442671097312293+10.263544351230331j)
(2.4182602884024833+10.690262534298299j)
(2.742619801535173+11.060034881524398j)
(2.887038774631812+11.61263807302106j)
(3.0282388491076198+12.408796297553152j)
(3.269638189537921+13.403878547243492j)
(3.6486702993164624+14.556596559874585j)
(4.185155605562038+15.855210592709494j)
(1.2821400103892744+27.11250730409889j)
(6.821559871469032+20.081152219925375j)
(7.833336331737932+21.458666114959737j)
(11.003447696763175+24.967472198054416j)
(14.672013210361204+39.99991825209612j)
(11.089302448413301+35.73983412767736j)
(-11.38018262181925+30.163051524701686j)
(34.07691565242533+22.689843912452254j)
(37.941188271040495+24.53272922478615j)
(29.26192248004632+21.12774119610367j)
(33.81670668466614+24.47627746443878j)
(30.22745458984034+36.201688091572855j)
(51.890670423955974+37.653019787245285j)
(55.07969461021402+44.12346477737452j)
(81.31282126086208-10.534983991639038j)
(55.84240608570175-7.022410762693301j)
(48.41996469314341-34.27983936537694j)
(57.63175751275481-34.631971686389505j)
(55.474579790093145-46.59786588797674j)
(36.137668126056504-26.8843263579301j)
(26.42074282206282-36.21795850513661j)
(21.537763311020658-23.01123855534667j)
(2.154146552305963-16.390197245576015j)
(17.719094441375937-29.02443679312574j)
(27.802879344815803-22.440850145594364j)
(12.710149403784174-24.113807190101063j)
(12.187294043354814-29.495930921405897j)
(13.357172812859641-20.70315755602193j)
(9.987858890886345-15.692565154138114j)
(28.729139147176678-27.12379225098839j)
(7.685756315153178-13.595837419487676j)
(11.038222109964416-20.32288005959148j)
(-1.410115377061922-10.33850998008093j)
(5.904736467241158-13.665403737490507j)
(12.149720724015458-14.82200415897213j)
(5.583745773429406-14.050165480075584j)
(4.250549454876318-12.794173210080164j)
(6.428049159753295-11.048014679524671j)
(5.134865281891272-11.304952462276416j)
(5.91181731969667-11.531691549547551j)
(4.875488320463731-9.714647174054752j)
(5.265649233591902-16.756320993948215j)
(4.924620633609745-12.453413719266667j)
(4.328826707545233-11.969564159577356j)
(3.930434578806399-10.750745891052947j)
(3.3713480615742397-11.096136258271315j)
(6.032802061676215-14.426042529529324j)
(4.809857638342845-9.085125279670873j)
(3.4464043102095734-8.13573188156349j)
(3.5476029030683565-7.8806408235201495j)
(3.6336881723917944-7.737750973382886j)
(3.6363921155572485-7.668518190336384j)
(3.5413756013409365-7.591014651681332j)
(3.3986175238461067-7.448993779413379j)
(3.2675715511287398-7.242155364517978j)
(3.1811194866205854-6.9990009084396565j)
(3.1484083420627287-6.7501663260143285j)
(3.166074683379717-6.521377734641933j)
(3.2223942842627484-6.335056382722171j)
(3.2943019821613255-6.209606135868462j)
(3.34461676391028-6.149206271835758j)
(3.113685119602289-6.156066426036932j)
(3.2579798876159622-6.091644475610642j)
(3.1502589290723155-6.003137980395353j)
(3.0582656081039827-5.86493544511413j)
(3.005913507365133-5.70541391606191j)
(2.9935219384796077-5.553117738420295j)
(3.009092035873216-5.4275005770816j)
(-1.072474985967322-6.686975113764368j)
(3.0510058621729357-5.289772846807736j)
(3.035052835150239-5.269293100574279j)
(2.9739137632756667-5.252910650456003j)
(3.3708727092035233-3.8343848147150568j)
(2.770529262363813-5.121030662710034j)
(2.690695032704486-5.000716057733003j)
(2.64696540896013-4.876229019799959j)
(2.62934121720985-4.770766530406835j)
(2.6191870844783676-4.6938752362298946j)
(2.598613905595883-4.643181989620171j)
(2.5546110980798074-4.608122355046748j)
(2.4814183665123544-4.572766936189533j)
(2.383241234185902-4.519301284660261j)
(2.2757785110557673-4.434653629818732j)
(2.18169072830177-4.3193632549515755j)
(2.117788742459101-4.190855092369731j)
(2.082959531134156-4.073515843164969j)
(2.0597152049271337-3.9825268488751213j)
(2.027144695049262-3.916679717143168j)
(1.9719312486316067-3.8630881199441762j)
(1.891464023497051-3.805418280435784j)
(1.7921221326522754-3.729722030976199j)
(1.6864933416216523-3.6277060726003287j)
(1.5903599824417303-3.499127459584277j)
(1.5181470001798807-3.353711596076113j)
(1.4757932462698873-3.210208001699735j)
(1.4541227861059363-3.0886934652520033j)
(1.4308039180037275-2.9975372485487806j)
(1.383888401423836-2.926346944888578j)
(1.3054863718929226-2.853314943668247j)
(1.1150984584736154-2.788174118453877j)
(1.093928193694809-2.6337044361217985j)
(0.9937670560518594-2.4786515080051537j)
(0.9163594389419163-2.3027991898631197j)
(0.8689852523200587-2.1212608421133643j)
(0.8494398730151888-1.9527740728597272j)
(0.8424518615882928-1.8135892401363825j)
(0.821680948921847-1.706344201408975j)
(0.7636950094408934-1.612087197414147j)
(0.6658911030034964-1.4991378543454055j)
(0.5483047049420007-1.3442939856677885j)
(0.4381127599309984-1.1442955178714j)
(0.3554717325223965-0.9111605759896299j)
(0.3094703611920597-0.6631387597753802j)
(0.29915190906292893-0.4192243528311029j)
(0.31400526360532843-0.19614495637223076j)
(1.2813495499711836+1.984850357642318j)
(0.3310325212425572+0.16443993442869395j)
(0.28769342262849157+0.3347586687710267j)
(0.21040492845401215+0.5437318748049704j)
(-0.12469245856991613+1.1263072913347731j)
(0.08347231062887894+1.1330843126940537j)
(0.08714868736338828+1.4839979421923768j)
(0.14435693408063383+1.8404725916181923j)
(0.24691383766203706+2.1836529291382596j)
(0.38033167266144396+2.501727393341733j)
(0.5261857063109343+2.7915539616142797j)
(0.6661941567374419+3.061502892129937j)
(0.7903785797970208+3.331651824219906j)
(0.9052941396031957+3.6260756400592196j)
(1.0334264603857282+3.959397261926752j)
(1.2019302242591579+4.328527609530629j)
(1.4303500450315627+4.715684751223541j)
(1.7255540987387554+5.097140246477306j)
(2.082850835323713+5.450439243480558j)
(2.488982322127622+5.758502508937616j)
(2.9252180630829603+6.0122452765260075j)
(3.371237315186673+6.212634996299432j)
(3.2566069450934947+6.243869677237374j)
(4.237167391938211+6.506763302867451j)
(4.658477774653008+6.638330756127064j)
(5.094200159185686+6.775452437739966j)
(5.567800013143897+6.912006328654873j)
(6.095902115159746+7.026454861188289j)
(6.680120268435845+7.088666296896593j)
(7.30456603677469+7.0699798453628375j)
(7.939302439372263+6.952657327459493j)
(7.547605347544284+6.9894916467993875j)
(9.0986653556278+6.4372479852406075j)
(9.571333210632353+6.087833372805368j)
(9.965738378029048+5.723940914860252j)
(10.300811451687858+5.375344883185584j)
(11.788859073364529+6.112721657206115j)
(10.92170619159933+4.753189499325837j)
(11.26033607818143+4.440637459897113j)
(8.96030487925904+14.071716126496803j)
(11.970552903548807+3.6393560709905053j)
(12.265194230461631+3.1162754841465867j)
(12.460554337330354+2.5356994795624117j)
(12.5350766699109+1.9458918506507197j)
(12.498025206199957+1.3995417178406706j)
(18.376020597820435-10.180636730720744j)
(19.624083098874685-4.304349342698581j)
(11.513364672901167-0.4573057958422837j)
(7.508893194627378+0.8389922011861366j)
(13.629540808847599-3.3670976963337487j)
(18.707292361337032+1.6426808104220008j)
(14.25583777001763+1.4842202004432739j)
(8.26886158304306+9.324277832552232j)
(9.853148321478457-4.296359547938947j)
(-26.20659450532321+45.91866100800873j)
(12.828098210425367+16.301851133258268j)
(23.845205960563522+0.43276864201364595j)
(10.371846801856593-2.04443936477754j)
(28.564048650102624-70.3776759725208j)
(83.2261352383986+318.82448761901554j)
(6.4781536396019765-0.9905738989053078j)
(8.165256790528977-2.6226415262400304j)
(56.71239594214981-13.53753533837479j)
(21.22334631633786+2.8525406772616004j)
(-16.247123708182023-12.173008547200144j)
(0.7802857902029575-3.9184798329599926j)
(10.948405052235705-4.326709848429619j)
(4.960350453133698+23.642328401830284j)
(15.924720416214013-6.117756791870128j)
(13.89120671487001-0.39498501654096757j)
(10.253416025880732-5.839642022930802j)
(11.667513278668293+4.974223963165258j)
(1.7217610481359786-5.839902728446915j)
(15.787817628533473-24.470094656133647j)
(25.438718733520574-4.504475506625541j)
(-19.3078659003904+1.9158362225853642j)
(-3.0186590374342503+20.950061207615615j)
(6.791937138078397-4.319550288306898j)
(25.942777909719656-15.792887424711594j)
(28.29382948937743-7.145594619918357j)
(14.01268620458295-4.390792573993818j)
(16.479150608152526+2.398560597487159j)
(10.242154764164537-3.764573766756638j)
(3.656811930959842-8.567238332438174j)
(3.9662231655404967-8.651544699791659j)
(-4.419523086293155-9.346691600723233j)
(7.857079920097846-9.982576767703819j)
(13.669951195218115-13.700088482394744j)
(13.67145783038645-3.4896855718931215j)
(12.81902929212557-0.8205700536536372j)
(18.654865152717107-7.477921955086647j)
(5.394117853141239-4.761140544214269j)
(6.473481057790875-2.2563110891462403j)
(5.452435020240744-4.995814212644267j)
(6.65071091095262-14.246898725392429j)
(6.550054493291828-2.6039445597706634j)
(13.020127074399346-5.939614722992171j)
(11.628670163048682-9.046641286396632j)
(5.296477890824305-4.856581907634275j)
(12.932047556393396-2.090845963945633j)
(8.6978002324343-7.311669823628746j)
(12.813313879982282-5.912692445250524j)
(14.151258716266303+0.6023912743275093j)
(20.679886788504273-28.653195367967218j)
(8.835240294777131-5.380931534497101j)
(8.027618972230194-2.6608898738623696j)
(3.3648262109320974-15.74214816891185j)
(9.807648247792134-5.856975430024178j)
(8.394870090404588-6.769522678290203j)
(-1.8982668651698604-24.989169479756917j)
(7.940750877961496-10.112212825470317j)
(7.6023403198857125-5.9255666495902295j)
(5.9995623186460785-4.591629584645062j)
(-0.5239933708401957-2.8967621631620752j)
(9.19844201773568-5.187867486209301j)
(9.452929242155856-12.45076468615856j)
(7.06090232313177-8.397489425718819j)
(10.304272773145799-8.956754877865638j)
(3.548645226364717-9.321082542870139j)
(0.2153358600224523-12.666506718464753j)
(4.1758325865794195-5.424296620370002j)
(0.0687773254421895-8.169852116198259j)
(3.282281731112648-0.7424481242699112j)
(-0.025102160399767637-7.17715692748136j)
(2.3510445516302223-4.640662460268556j)
(0.09966081018504207-8.410484675144735j)
(0.016420659727983355-6.438056351324666j)
(0.9089972119947664-7.376420209842328j)
(0.6009870370844336-7.150969797722708j)
(0.3032872832305093-6.88486424032686j)
(0.032063828711869725-6.57788931540781j)
(-0.19681624695780442-6.23815375601113j)
(-0.3726913844140792-5.881927026168654j)
(-0.49500926645546206-5.529580788181019j)
(-0.5742666538605592-5.1982134448549475j)
(-1.0078688308359876-4.820205516072198j)
(-0.6693946746575969-4.619388517073807j)
(-0.7109198811620464-4.361246131938219j)
(-0.7552336956030945-4.111103818250099j)
(-0.8007034714645488-3.860173334416177j)
(-0.8421372042284307-3.602250351021347j)
(-0.8719917199214433-3.334520747701311j)
(-0.8816779677936045-3.058423536098313j)
(-0.8635935908694569-2.780291767081335j)
(-0.8139199112961453-2.510852660974677j)
(-0.7352086244762306-2.2627741258082885j)
(-0.6371227451109079-2.046506592607409j)
(-0.5342069179996715-1.8660932186975945j)
(0.4732122950052457-2.5770337269577652j)
(-0.36815708123446816-1.5884912750103233j)
(-1.0521299318457886-2.462737033922284j)
(-0.2838027289075366-1.3370107390101746j)
(-0.25746194160740454-1.1947617358098959j)
(-0.22699839840769478-1.0383031702862124j)
(-0.18278348248935847-0.8726371205524563j)
(-0.11931618274536641-0.7069700846989657j)
(-0.036838371592662955-0.5523220574198721j)
(0.05810054876974914-0.4183499237982111j)
(0.15391215117163545-0.3097225773785099j)
(0.23768486619688495-0.2234607978013843j)
(0.30038368379437-0.14930041652614434j)
(0.34068830781230813-0.07372314043313523j)
(0.36500276083714933+0.014543366386177242j)
(0.38404878408890325+0.12084273806640967j)
(0.4086493147135633+0.24409543077831936j)
(0.44679780112015666+0.3784748432084988j)
(0.5023671111650457+0.5156506345717912j)
(0.5748287748993609+0.6468022439549688j)
(0.6594728420445083+0.7644507187584363j)
(0.7482212280048819+0.8643527306052425j)
(0.831528882227176+0.9472060617613457j)
(2.687188411742392+0.6823707529091078j)
(0.9550843184315841+1.0900070843206413j)
(0.9955226543160576+1.16947274214538j)
(1.0307335621606528+1.2634142552523873j)
(0.8387791461596927+2.9441352770001328j)
(1.1206135552583845+1.4916894163309051j)
(1.1866140354235293+1.6149115094803972j)
(1.2680453143004402+1.7344809492823958j)
(1.3615845108368794+1.8440531545007577j)
(1.4613170236812474+1.9396576114595636j)
(1.559998475066005+2.0207351602309624j)
(1.6508995610028776+2.090637637256607j)
(1.7299886939147404+2.1560324459009625j)
(1.7975945382651193+2.224911604867893j)
(1.8585161746771683+2.303766929417664j)
(1.92028748659317+2.395256217643787j)
(1.9904425703685646+2.4974892672925213j)
(2.0741040323283646+2.605036467487398j)
(2.1727294652280147+2.7109012648217354j)
(2.2840868714915117+2.8085873099494605j)
(2.4031301978479584+2.893741552406394j)
(2.5234290557667247+2.965161315870447j)
(2.6388738215266603+3.0250535897748567j)
(2.745345077087653+3.078463302446575j)
(2.8419456981794595+3.131907600988929j)
(2.9313915498617136+3.1914885822427426j)
(3.019333535613355+3.2609925041123913j)
(3.112701759669532+3.3405811855095986j)
(3.217509451505045+3.426578486056351j)
(3.3368215666457126+3.5125548547519j)
(3.469664373963652+3.591449371482078j)
(3.6113863951901792+3.657974632390799j)
(3.7553652888449935+3.71032598561572j)
(3.8953038004154683+3.750526472759994j)
(4.0271454970030005+3.7834432955498305j)
(4.1500091124750895+3.815094594619206j)
(4.266125454555209+3.8509485707015596j)
(4.3801020202908365+3.894606268990002j)
(4.497805871914325+3.9469354755745325j)
(4.624950071371035+4.00566091140802j)
(4.765414329962326+4.065615337997751j)
(4.919647388564868+4.120025410274944j)
(5.084018838648552+4.162872770791186j)
(-0.14316713330845154+5.946702771461811j)
(5.416789148100988+4.2073964151458165j)
(-1.36504425764865+11.358026029511283j)
(14.849394052859259+2.9861549329549333j)
(4.299272808010775+6.141231940610064j)
(7.839408850568823+0.6718032046289155j)
(6.74990884114401+5.10699120135743j)
(10.140177087557072+6.678685645417709j)
(5.768590691050943+5.761026278039j)
(34.93852031900223-4.146617698057842j)
(6.962772638854503+4.696137975143931j)
(7.001119971091481+4.372312923475684j)
(8.103083407253997+6.224320209733892j)
(3.7024251075518224+7.170838871153227j)
(7.694016060922884+7.368632898230441j)
(17.170608063920504+11.06181385859018j)
(20.662701184020083+14.810754789272673j)
(8.322895696972028+3.348961477906639j)
(8.703077260066676+5.499088541233976j)
(10.831503509845474+3.244817324504861j)
(-33.21008736666789+55.070515633951054j)
(16.014117416700785+5.313039001935087j)
(-0.4515816668612933+86.58714311814535j)
(9.151433075385704+4.1899175905263775j)
(14.949185891866232+2.6438381657540133j)
(10.997619239299+4.385066206773914j)
(14.396765515505798+1.997091980460198j)
(8.507097942179739+0.9958572672640614j)
(12.65201280095089+3.5465757050850164j)
(13.702451861762464+1.2652149087481435j)
(-17.06321802034862+63.20573536687046j)
(11.546996019470775-1.0035547718153004j)
(13.398781713183824+1.2720021481962263j)
(71.77543097276083+53.65968786868718j)
(12.245290147251634+9.724547664216196j)
(34.10466702158885+7.446782646197979j)
(12.025089378551614+6.019084311172235j)
(13.381383999408714-0.7905134772210851j)
(15.240688375445478-12.224618116396591j)
(15.330053872952826-8.927833829570583j)
(16.578965775702535-1.106005095583444j)
(14.676916014159081-3.3401047526725245j)
(15.283892976237345-2.725039062010554j)
(12.965229169242901-3.0050671857430533j)
(12.240552270850806-3.393332324682992j)
(16.028924282190967-6.3558274283328515j)
(-8.654921526405499+14.118346522774248j)
(10.083651730322083-6.738590212931696j)
(14.46886024534646-4.114954758296993j)
(14.72761222829865-9.595645464862809j)
(8.664740224550282-10.71526041248191j)
(6.771368238341191-3.572026793460402j)
(14.142133918013581-15.420483396455074j)
(9.030658100840219-8.70220028682272j)
(8.293560853540365-6.818907547510408j)
(10.941734073977841-5.521336946371979j)
(9.471423427528352-7.245198652394629j)
(9.639525645283902-6.922528054004275j)
(8.034036698382408-11.48443090633168j)
(9.126216054691607-4.848779259538104j)
(7.462878436170965-7.083207070690894j)
(8.226129962441846-6.560396354770726j)
(5.832384800999561-7.979676908282017j)
(-1.5052162925605903-18.996980359809623j)
(14.508831750915569-18.628737354888912j)
(5.866115094253493-7.45372521771081j)
(5.1777194445366534-6.0868825523910886j)
(5.701382422430193-8.446015390032052j)
(8.74835533364943-12.66532259895186j)
(3.2759783929465716-5.710965466302004j)
(1.8916325968061225-11.266193501273332j)
(2.9591099485657884-7.136341402646793j)
(9.250132160308047-8.894067578740378j)
(5.439556047512463-7.997435115524798j)
(3.9758070817674733-9.25213123785551j)
(2.9500084624233005-6.889681133548147j)
(5.349073405070314-7.054722624625081j)
(3.3657548006520313-5.521328411804605j)
(2.632342000328111-6.422930717543113j)
(2.8686891474036145-6.122060469461997j)
(3.3894248711529706-12.537159419862355j)
(1.2983291539544894-6.699181081078631j)
(2.8188722182665695-6.417741349780314j)
(-2.7850200961848177-5.822250165527828j)
(2.7339109260247034-6.027210080543507j)
(2.5569470116361988-6.353922780970601j)
(2.5595014472187456-5.105548287966999j)
(2.4319988996504955-7.556133589346278j)
(3.773130628164946-7.575728310592453j)
(3.11516177786361-5.373549257057261j)
(2.45562502962537-5.727647571065087j)
(0.3219988167146378-7.842685861287313j)
(3.8648319926172556-5.739798696852505j)
(1.5945893853286965-5.275303906849153j)
(0.9208085482445754-4.36292119610584j)
(1.9326630733038408-5.736848268657688j)
(0.4369583588663012-4.535898872649069j)
(-0.6385354847071365-5.132831928461667j)
(0.23038716754462224-5.1647068802693665j)
(1.8130563126460641-4.640739159732093j)
(0.7078342376807439-3.27203173064213j)
(0.15104630905339453-11.22202767094734j)
(-1.5320144781271363+1.8006040960583642j)
(1.0685268955246834-4.46640807643702j)
(-0.2756635572146368-4.018859888229543j)
(-0.31673163272637395-4.135067387885935j)
(0.10738208423903932-4.444447441820071j)
(-0.610877079978591-3.6522085643604822j)
(0.21550520493455305-2.4499895287738593j)
(1.2540633900596996-3.7987259918495555j)
(0.9274398400871736-3.7729027248815323j)
(-1.496397916398486-4.044603702294113j)
(-2.233473754086021-5.216605743732762j)
(1.754569784768909+5.019333275231608j)
(-0.9082129871294695-3.909464856894476j)
(-0.5410977284622618-2.9602826573868377j)
(4.939483540535559-5.37578034777644j)
(0.15652205670033914-1.4970442414538463j)
(-0.23881505553745164-2.1728356153259605j)
(-1.3667745328505476-3.870672318714649j)
(-0.08915587237849688-1.3166274821320416j)
(1.2941708315271612-3.8000435073307037j)
(0.46298563052991787-2.3176927545002193j)
(-0.2952471962969602-0.7714422039009233j)
(-0.2852479514979665-0.5822051164305231j)
(-0.2551281133782442-0.3869233319290168j)
(-0.20253694353077364-0.19340949754972028j)
(-0.1290943002085039-0.009378385970449878j)
(-0.03947591839086249+0.15935008918653665j)
(0.06001819665288887+0.3097287668129265j)
(0.1628269396596176+0.44158871251186294j)
(0.2632041808501982+0.5573060504142024j)
(0.3570498463012557+0.6612520177808086j)
(0.44258373304754006+0.7590503675666048j)
(0.5208217609508013+0.8565459842895167j)
(0.5956179984839434+0.9584468796774008j)
(0.6729420992021135+1.0668683897152709j)
(0.7592696589932267+1.1803466208859694j)
(0.8594896769412614+1.2939591886831356j)
(0.9752077446649713+1.4007320896085063j)
(1.1042336960598176+1.493765072251293j)
(1.2413652244942848+1.5681211020317942j)
(1.0271726186860228+1.5902563283097222j)
(1.5131976948219439+1.6558921695690587j)
(1.6357820280345283+1.6738381149372707j)
(0.6296317160854005+0.6225286879905376j)
(1.8369854753385253+1.6830173442899017j)
(1.9157286877017736+1.6863208235051443j)
(1.9841209583716486+1.6956823399269232j)
(2.047834645049946+1.713830635913417j)
(2.113288145393353+1.7404572533428166j)
(2.1860232019680708+1.7720216410699587j)
(2.2690743287592117+1.8025138171802326j)
(2.3619648180421002+1.8250694843336523j)
(2.455967427625315+1.2167823777329119j)
(2.5590918980625235+1.825823987711926j)
(2.6498252326289116+1.801053213886706j)
(2.726645402939561+1.7630130307371412j)
(2.7853832501219187+1.7175597162131704j)
(2.8247904821849725+1.6717677908183088j)
(2.8467497331264657+1.632554417840647j)
(-4.513947438191398-4.014252647819297j)
(2.8587747881531755+1.5929858145670135j)
(2.8624053491701327+1.5951485538087613j)
(2.8729069746525613+1.6083467140065466j)
(2.894066579056758+1.6266558426450985j)
(2.926411732377414+1.6430080542175922j)
(2.9669438212008594+1.6508357908738454j)
(3.009672567707838+1.6457364228440445j)
(3.0469379019859755+1.626771625722554j)
(3.07131278004006+1.5970041036436773j)
(3.0776421080356027+1.5629765564244615j)
(3.064586294909695+1.53312636883933j)
(3.035083153643634+1.5155575674701176j)
(2.9955174795093193+1.5159268453575716j)
(2.953934656862491+1.5361760385625696j)
(2.9180044736609707+1.5744324324688381j)
(2.8934060973078464+1.6258810775790975j)
(2.882960547241694+1.6841205923895612j)
(2.8864702978080623+1.742546920464151j)
(2.9010483384781103+1.7955282888833553j)
(2.9217533108148253+1.8393369675114388j)
(2.942487221760692+1.872862684852027j)
(2.9572105377559703+1.898026582020065j)
(2.961446769318412+1.919630064364906j)
(3.8005175973541907+1.5933642119666946j)
(2.936369049040215+1.9786978641551605j)
(2.9147718435925256+2.027163656324844j)
(2.895690448455971+2.0906224246874716j)
(2.8850383037544503+2.166585394806034j)
(2.8864601830389165+2.2504344279616024j)
(2.900993701608652+2.336982107199633j)
(2.92752988345202+2.4216407543214564j)
(2.9635460959795705+2.501007080861049j)
(3.005752287716702+2.57302601164965j)
(3.0505542726541823+2.636983529543948j)
(3.0944181795615924+2.6934923004268247j)
(4.205585894391737+5.887603401567313j)
(3.1681031452952264+2.7930631084515554j)
(3.1954400861404735+2.843031657733065j)
(3.2177539427410795+2.897975765519112j)
(3.2380662247106873+2.960218935778532j)
(3.2599713371846466+3.030173634058361j)
(3.2864838470561315+3.1064750293478074j)
(36.3159501630297+24.145282644203352j)
(3.3587759714191825+3.268440486696166j)
(3.4041499098820296+3.3494987425262552j)
(3.4541125028527757+3.428510410621401j)
(3.5070840572238153+3.5047375244112473j)
(3.561418634072142+3.578025428740536j)
(3.615502878974992+3.6487499654222866j)
(3.66784853857191+3.7178238683099805j)
(3.497533168099508+3.2250531336775374j)
(2.264154509089229+4.408741480738629j)
(8.3857556080445+2.8198398266598623j)
(5.097563916918553+3.999626542410787j)
(3.7913937821593717+3.6302279182662947j)
(4.1774197765589705+3.0102791219327725j)
(32.06548632433027-2.371574061867882j)
(1.7114336756119066+6.56679456457782j)
(3.5138632495128412+5.61442269052166j)
(1.6980478615127501+7.8004266724117j)
(7.139088441466132+5.145809285413566j)
(5.522752628767698+3.644933689351149j)
(5.859601488377727+5.469673486365119j)
(5.106207129057635+5.007370220339482j)
(5.11329197064644+6.202092558118501j)
(5.3324197251695855+13.65791271030708j)
(7.399602150999701+4.833905497074816j)
(4.544422832527655+5.665770217475364j)
(5.562407165684187+6.112728452873815j)
(5.5261863580943125+10.303362176848063j)
(3.431338239572514+5.542284988639022j)
(7.56787841389207+8.35580288214709j)
(5.192445391481459+7.504852267057333j)
(3.731706243548614+6.140790659644734j)
(0.046000303569463684+23.362556557007043j)
(9.19596126708359+8.021655655867283j)
(7.717258034112298+9.638824930569665j)
(4.253175236104813+14.288059740385412j)
(9.58855598440368+7.104733413534056j)
(5.400757427240338+12.51076215859861j)
(7.273045084951011+8.050724971657326j)
(9.724908823273163+11.950614845308506j)
(9.612419366604819+11.44018544361331j)
(6.2026533491643905+11.630893722714191j)
(28.477444221698573+8.58122487143937j)
(9.436804250360963+19.43704107171238j)
(12.30266508479179+14.60544525020396j)
(18.35740232452744+25.195723441081416j)
(16.709682856689646+2.7151441128527276j)
(7.864935500084113+2.6422700672766943j)
(22.065722533042045+14.437046596593243j)
(25.474491822981655+23.10126398775701j)
(30.81260471977729+6.816330185446674j)
(22.178054442146806+20.09317647599703j)
(21.527321682552564-15.584006484708137j)
(36.0102444746175-2.5801424689135053j)
(18.88870574891551-18.07617557102415j)
(30.74224884476503-13.386510665273958j)
(33.025229712925054-26.57155618069382j)
(19.620129544201625-21.272118375756676j)
(25.96900157255629-14.389420759267098j)
(12.67253462527003-21.04440150378344j)
(21.312592027667183-11.09920586384266j)
(-15.594541879840545-12.265941001890882j)
(-3.9123578869510474-16.257596031121018j)
(9.811174110731125-13.467892440105235j)
(6.451329850174745-11.932944247511545j)
(23.407468374325045-54.59147820271591j)
(3.855296561818855-6.77901051778547j)
(12.155870133565779-27.425826397228757j)
(12.157058475303513-12.532387587549854j)
(3.1369890795869027-12.721720089357131j)
(19.291431796544646-15.540074162976891j)
(10.197603280078336-13.123565547719036j)
(4.078255956774145-11.223999587321886j)
(3.6262923564180727-7.758995098954962j)
(1.9498301985218975-8.269821640989981j)
(12.218438682890438-7.72710910773635j)
(2.93536540082571-5.008915203271294j)
(3.5140749051649998-8.170038036385026j)
(5.070243614962358-10.057341170357445j)
(4.064559192292719-9.248963892707605j)
(3.5431780228639718-6.622758000512305j)
(-17.525848146873134+1.6598782469704898j)
(-0.38381198700825686-46.25330542105465j)
(9.145937918477955-8.214457018352272j)
(2.0422961294807647-6.352056377118346j)
(8.741896459731315-5.2397199688904355j)
(3.401939318976862-5.980326909954961j)
(1.2364397569140908-7.334397407317075j)
(1.5344415602710053-7.973139740913436j)
(3.097320417174868-5.282621021616433j)
(2.6612935402764903-5.950399129628558j)
(0.29512144181282807-8.6517617643752j)
(3.461316141704418-3.376872459705266j)
(-3.6096935488184108-14.088168039610201j)
(2.6757575937888363-5.12584294874421j)
(1.45350665481673-5.139133785617355j)
(4.163909422198415-3.6849910174266j)
(-0.11030816878983404-3.1666826631998997j)
(5.191130624595165-5.892491375033896j)
(0.17653444389882642-4.349238889709637j)
(1.0999540046487415-6.0118428558398085j)
(1.2140322414812703-5.782182026458225j)
(4.014605987922836-3.9180259840121443j)
(-0.04565123179620133-6.166234262556965j)
(6.321731584095821-2.648675332762549j)
(-3.687814370320258-13.15022427254539j)
(2.7314200286452186-2.6753355709063826j)
(2.1971036593659146-4.28069755788907j)
(0.5505127202152115-4.95439585948385j)
(-0.43537985252127176-5.3974654864330045j)
(6.924128510982524-13.633873250517784j)
(0.9290093108593294-3.7208852600923663j)
(2.051754358492858-4.040742093380035j)
(0.9461445489103394-3.73715067884953j)
(1.587315651998201-2.4307632691636467j)
(-0.9498752490930416-2.421292298643201j)
(-0.3366253296135925-2.532105852739934j)
(0.9674685965531873-3.2593915490575074j)
(1.0988523766995395-3.321438577805395j)
(1.005050259749073-4.266803446596578j)
(-0.08542984272125569-3.483991715664572j)
(-3.8914205063650176-4.945374232636892j)
(0.9700120317048565-3.1299813650251904j)
(-0.14511333583000197-3.124551208563818j)
(1.1241189465250145-4.944437454985079j)
(0.848405150127813-2.5235159618375516j)
(0.6667748247271857-1.1971995426249622j)
(1.196940472368976+1.4166567400003944j)
(0.24398848251942887-3.6442764258659883j)
(4.5744619912253075-2.527973616692528j)
(1.2998628075280396-1.8289817676187259j)
(3.3450404453782765-3.3488896169288163j)
(-0.6199176035268315-0.5939990213946321j)
(-1.7547738397909787-12.7985957706888j)
(-0.6344979235064048-1.6196366740655195j)
(0.02205982148628556-1.8428415011095274j)
(-7.395907179826425+2.281845990413573j)
(-0.30159662362273154-1.2257457579062232j)
(-0.8782556999978743-0.06552211658844433j)
(-0.3608172768139166+2.6617660483321925j)
(1.7976208445343045-3.48098820929767j)
(0.1598818973198934-1.1153239454203796j)
(3.2171686676918743-6.565458977342961j)
(-0.050886748108278264+0.003824107921633791j)
(-0.008936701335728478+0.14451639820618922j)
(0.03788397673331886+0.28168130319920537j)
(0.08912468345082529+0.4156496112701822j)
(0.1445995718732814+0.5467600077523042j)
(-2.499387360273479+0.18095195630645644j)
(0.2684399737694183+0.8013775912063846j)
(0.3371853844318778+0.9251096586844838j)
(0.4108516190425559+1.0464360871151097j)
(0.4897850107021868+1.165213421370237j)
(0.5743804317236453+1.2811749324622754j)
(0.665059473325074+1.3938941019938758j)
(0.7622176927764288+1.5027509725032449j)
(0.8661460476784276+1.6069281744483197j)
(0.9769533142954469+1.7054528368911552j)
(1.0945220531665205+1.7972744307170865j)
(1.218512893268682+1.8813472543697076j)
(1.34840521235513+1.9566870805338117j)
(1.4835478125759158+2.0223902368763174j)
(1.6231967951119788+2.077622418274318j)
(1.7665298944155121+2.1215926098385207j)
(1.9126362450906087+2.1535261240755106j)
(2.060484423417786+2.172646740399541j)
(2.208871942599602+2.178176189027192j)
(47.501401837960124+22.466570547864894j)
(2.501204667335753+2.145539803323243j)
(3.6920096647392198+8.450552920876948j)
(2.7741812155460654+2.051484987444284j)
(2.897126897853559+1.9817467506705906j)
(-0.28198313868810176+2.8246367837912336j)
(3.1025997641180023+1.8034585172676374j)
(3.180990820444582+1.6997117937832975j)
(3.2416788108768575+1.5900423177540854j)
(3.2845212689485748+1.4771899998430063j)
(3.309853967533528+1.3634839345690075j)
(3.3181827456880684+1.2508175084942765j)
(3.3099661339909026+1.1407719651511559j)
(3.28551591312649+1.0347848893926344j)
(3.2449722340337352+0.934303090768966j)
(3.1883037281001667+0.8409245736627708j)
(3.115324322090627+0.7565742532437799j)
(3.0257786513643348+0.6837560454028703j)
(2.919604993405561+0.6258740089684786j)
(2.797509527849353+0.5875083472223463j)
(2.661918376159324+0.5743735836997119j)
(2.51812801056734+0.5925557406003842j)
(1.0004340540543146+3.7950826709771004j)
(2.24457049222923+0.7377555767047449j)
(2.139124349856398+0.8606732579875606j)
(2.0680505932285094+1.0050154362756971j)
(2.0349391289546075+1.157403279329599j)
(2.0373584717436413+1.3051872258093928j)
(2.06874391943684+1.4390617882769698j)
(2.1209380176090167+1.5538031103959244j)
(2.1861078224114068+1.6476042092180556j)
(1.4101962812593145+1.0758294056308462j)
(2.330407471818995+1.775481868683669j)
(-6.156451900647447-4.10844049622129j)
(2.4643828184969774+1.838050072148333j)
(2.5201271934779363+1.8517306535592712j)
(2.565852152504226+1.8580086613040554j)
(2.6006423711548536+1.8606444900985357j)
(2.624708424087373+1.8637427580132109j)
(2.9959146832874395+1.5308927229094236j)
(2.649236785587317+1.887010955361334j)
(2.739444567487225+0.8388347039307129j)
(2.6717651936418143+1.9466170181940983j)
(2.6951743424729138+1.986516639314147j)
(2.731032195577792+2.0266392806615237j)
(2.7793531729686323+2.060925669375555j)
(2.837613824247421+2.083998990819645j)
(2.901549033101701+2.092041926420252j)
(2.9660599547079434+2.083055457328894j)
(3.0258849665537415+2.056704401659723j)
(3.0759509144215924+2.0140500007329574j)
(3.1115136633082057+1.9573838015882032j)
(5.39422978007487+1.782465268058753j)
(3.1226195482878545+1.8175299150823327j)
(3.092200633954132+1.7456637870791576j)
(3.0367207296815932+1.6823697279619532j)
(2.9588953060191376+1.635960000140105j)
(2.865059304547411+1.6138635067994178j)
(2.764862559439745+1.6206486317929463j)
(2.6696778283995126+1.656250222655045j)
(-6.142837123797537+0.9682714552954853j)
(2.532827778874991+1.7883068619602815j)
(2.5000444239633697+1.8636033624931174j)
(2.4883416629555004+1.9302717652362698j)
(2.490240756026195+1.9799924176699883j)
(2.4955923109341254+2.0082668736081617j)
(2.4930920766301585+2.015015386225747j)
(2.47182474564035+2.004895360796157j)
(2.423130980567273+1.9873235855809916j)
(2.3429427693561076+1.9756873299459545j)
(2.2340411998901404+1.9849978267281263j)
(4.107705962790574+1.7413403949117625j)
(-7.693484617217826-5.182024986591176j)
(1.8611615236134575+2.2287813768605034j)
(1.7709310032219705+2.3737118594509687j)
(1.711177941906835+2.531831642517123j)
(1.6804189944250965+2.6913368862556286j)
(4.693708447546576+2.7757573148508174j)
(11.602914163401687+2.91396509951451j)
(2.243751841768074+5.133622785588062j)
(2.820105818295533+8.009699417901585j)
(1.6951494620825662+4.527579901408516j)
(4.70786616898025+5.061578911293237j)
(2.068821696951775+4.2059406573466465j)
(1.8578443441939483+5.720375870953127j)
(22.821531899126104+11.549661249577714j)
(-3.0753772843022347+6.216838795804424j)
(2.2992850150457005+3.946862375668667j)
(-1.7579920075171664+9.22856407236291j)
(24.533356409696033+23.754985548912995j)
(1.7227609133571655+2.79467790309277j)
(6.152694732627265-4.283961486022276j)
(2.26484933391393+1.4034837400126534j)
(1.5620226544130271+12.464489576473026j)
(31.955294418791656-9.220032229379663j)
(1.5860889068388586+4.546898326979725j)
(2.552368106112301+4.548078216474306j)
(5.421940494385022+6.449896479528708j)
(-0.7522737279498329+7.475637862910406j)
(1.8682311687942583+5.928969161142599j)
(4.8775611940615935+10.354092836685465j)
(1.763710609316955+5.81270432709465j)
(-7.295210482261364+18.245392382053172j)
(1.534393573646008+8.175990940281816j)
(1.4798253226451727+5.852409829385218j)
(-1.2710473386227823+11.148153959985933j)
(8.097082832989994+35.864554084489j)
(0.5691276493899112+6.788494202100289j)
(-0.053387237295925+6.548950496664187j)
(6.598622531361085+8.029515426879824j)
(6.13154842690071+8.685600286601035j)
(-5.22810309758923+12.866620718295785j)
(-0.5591516038621932+6.987508009908625j)
(-2.6517179519546246+9.770432656604939j)
(-0.062018664563589426+6.945855603545823j)
(0.6356158042298271+4.549400820718773j)
(60.00757488623024-12.750177249001123j)
(7.2872716692987405+6.200533202038908j)
(-2.6022676707330277+7.025843063546166j)
(-2.137737124154863+6.4339198998637475j)
(-3.4025611838263172+10.825435667608087j)
(-7.546796520104258+13.735381361631248j)
(-5.8319595790025645-7.821889021685214j)
(-6.39278427415788-19.476789611202783j)
(-4.435843100034121+12.442373643163886j)
(22.190633251020266+48.794892157642124j)
(-17.025872452059588+17.565698524267574j)
(-29.911439442730902+59.635727810413734j)
(-59.863755850932-76.46389648287612j)
(-13.37158011315993+25.266756831282866j)
(-20.502873313787486+22.031967493859977j)
(-100.03097515298994-25.073365593141485j)
(-52.11924084633637+3.036772442317527j)
(19.106873395369657-51.43898847219835j)
(-1.36363218911524-26.37261516763447j)
(36.66116751386064-16.81386950042184j)
(4.840567164497651-28.45570514868725j)
(-566.7408656359211+15.549128684958076j)
(17.72766343992748-42.5336292445095j)
(4.363377426613194-44.05406410808892j)
(5.683636021791795-17.421719215311693j)
(16.571614230698486-17.707514845807303j)
(-1.7715537904638328-19.190614061265823j)
(14.195581218443829-11.623981610133491j)
(-166.46870537140018-246.8096678981209j)
(-5.883944494725621-39.24048007993487j)
(42.85454635378035-24.015517692725975j)
(-22.806559369889637-27.327225623951335j)
(15.462559617275378-8.604424308748158j)
(5.9936942673535825-7.504998632153128j)
(6.2099173529458245-9.91365820396326j)
(10.23640844115437-14.294410513573096j)
(5.805451287143804-8.413495522332632j)
(18.384773959107665-28.188996718257982j)
(6.1844841514131135-8.651596591379155j)
(36.84960459674182-9.53332689912413j)
(6.656724178813658-8.425859889017165j)
(6.838375597796893-10.906042618393336j)
(8.30003085393766-10.263087856313694j)
(12.556106125286446-12.184809074670111j)
(5.227236165171531-3.869473658702255j)
(10.645999804283566-1.3749501378583866j)
(7.426558787663914-6.136795746639827j)
(7.945731036197074-8.612689847752263j)
(6.6797555645786595-6.39900439911222j)
(19.50791629858199-22.323159406226235j)
(1.0977595089164311-5.2654359589416j)
(5.533981843150889-5.012342066242189j)
(5.944662414615003-5.223074356656213j)
(6.334995628566131-6.680183385029732j)
(3.8556723238481836-1.9295871283852701j)
(17.16810213869631+0.40757109644824613j)
(5.490954414709424-6.363870668150315j)
(2.652602290477016-3.679679541915637j)
(4.936551340911486-6.7061456346337405j)
(6.755380445211919-3.9747117590257455j)
(2.2861164761614816-3.1761386674783294j)
(4.654975932020166-6.144036683184539j)
(22.136120592065357-6.112243033492162j)
(0.822260868872679-8.313862438691071j)
(3.091469398831005-5.406400621862974j)
(4.920194581098747-3.3807928847541215j)
(5.058991082612593-6.854961307731117j)
(6.517415506366898-5.245998988674791j)
(0.8371883658140863-4.330459279714053j)
(4.544516607559216-5.104274582758521j)
(2.8761800011660714-8.71174036424336j)
(4.896267202614172-7.183635506881969j)
(5.951341110624011-6.803833696851582j)
(-5.076848168345269-33.52483555839744j)
(5.985874680108982-7.109014500114361j)
(4.496868441423919-6.946059942712132j)
(9.383459533523139-8.99527687599203j)
(2.271751282683766-9.331743851155727j)
(3.4586676683036277-6.833289735145426j)
(-0.18863735988842253-8.17601208235709j)
(1.6317418372727333-5.583418657705119j)
(0.41893541483564617-6.392155683164638j)
(0.8932059540159137-5.402959524200378j)
(4.12840433479356+0.6127859669706645j)
(7.585410704579055-2.248676851902553j)
(5.347417350583788-15.004789805792855j)
(6.9963905318698325-17.272231044729804j)
(6.708003674879678-4.911377245248369j)
(4.467008219917599-5.893646824974811j)
(-0.5191504625353213-10.304781184449919j)
(4.178579442581108-7.171251014061344j)
(10.501529077119113-8.4457658437735j)
(1.9081007074538574-8.254863503263728j)
(0.5845799840488103-6.041172902398566j)
(-1.5981592233012265-9.595066367179024j)
(-1.0644454393019842-6.243487961071187j)
(0.2758253484267338-5.3476212799753755j)
(5.447610015434447-7.573429049925553j)
(1.2534848453270648-7.922429794655905j)
(0.01678131656517837-5.866042097363591j)
(-5.778169104969401-5.200451969967048j)
(-3.518496383708047-5.041372956790022j)
(-1.8822628489729771-1.5264986274027614j)
(-3.104396238922403-1.062603258622902j)
(-3.2093173753924846+0.6417975567391091j)
(-6.554225043347971+6.333141121219578j)
(2.9170000504478657+2.2120341240969528j)
(5.582778067274139-0.4223333849959033j)
(4.531099650561105-2.2886772800762407j)
(2.841172890883313-4.7210069779462005j)
(2.60925668781596-5.0974578129865264j)
(1.001077958474808-4.951785913323853j)
(-0.13467063893800757-5.09916570748021j)
(-1.8005203557072174-5.045072497023322j)
(-1.5673428547910946-4.476375232444577j)
(-1.6413235355051663-3.1176638403889783j)
(-2.4506850044777355-0.44141750481675646j)
(-3.421373879735976-2.199120949874433j)
(-3.4116768971390017-1.7266972754528231j)
(-3.4308228647420704+0.31338175614127434j)
(-3.5213150927859327-0.5241167113048533j)
(-4.198564789797697+0.5199207175408026j)
(-6.582492391014142+2.1158001421854635j)
(-1.4950279485061102+10.765474126234748j)
(-7.797471348995299+2.63378965517457j)
(-6.533762366273849+7.539307692232675j)
(-3.2088350456378834+8.441603781984943j)
(-11.05877666332685-2.010392398528449j)
(-14.395613540410729+9.523712947862036j)
(-1.584380324011853-8.440284454482574j)
(-31.548215752649238-7.982607342438708j)
(-9.381572979223995-17.715371357640656j)
(-0.9336516343885798-2.337059778677283j)
(-2.3677747082571448-8.635893242256202j)
(-1.4071044710895906-3.8778804540224505j)
(-1.7743773771989504-3.4081460037541156j)
(-0.6611106983014302+1.0208004638430868j)
(-2.0018517652196994+1.9665428119849009j)
(-1.7565379677046213+4.616870931812517j)
(-2.9436727557042763+3.7773459518458172j)
(-3.2915848231247455+7.261947704840088j)
(2.0199642081566864-6.151556347742316j)
(-2.3288556272351135+4.5205249196123525j)
(-2.3064384084138294+2.2124970710197713j)
