(1.1789515598839821+0j)
(11.832171558016551+0.8942377148241498j)
(12.749758612885302+1.6754404829205165j)
(14.349045900611996+1.818594196707164j)
(16.08455668890513+0.8236610458512325j)
(17.038904620631737-1.1638889055030763j)
(16.793290340745624-3.2317932666004925j)
(15.858857041449106-4.6099133617491255j)
(14.99352457084649-5.316773640027827j)
(14.503901807838439-5.875607546349152j)
(2.221401358740774+4.531007435781363j)
(13.329129772961553-7.782688763100233j)
(3.6838799624764955+5.856139813478879j)
(10.720622634522302-8.74097435791677j)
(9.692524604373864-8.564441166160462j)
(9.026481155705985-8.401627721776388j)
(8.44562556652398-8.47320196006765j)
(7.649120093447335-8.638450014548694j)
(6.650659567401423-8.584612425452816j)
(5.719736425960452-8.205315649963707j)
(5.060578272439625-7.6665897402579635j)
(4.650446924000418-7.209696617998211j)
(4.285608398774692-6.942553036468565j)
(3.7813604088300914-6.744270980771742j)
(3.1668716314171816-6.410943622752023j)
(2.620774656836764-5.8869463647723315j)
(2.267283698960585-5.288193021138208j)
(2.08059391248132-4.7725832717716195j)
(1.9175242332518743-4.405024366313237j)
(1.652291116021184-4.095571132795118j)
(1.3072659985048205-3.6998123631468367j)
(1.0087330283366145-3.1767255300780564j)
(0.8465218528878172-2.6068493077254304j)
(0.8039158150427769-2.103746370400016j)
(0.776791554745736-1.716164223976847j)
(0.6698314420768173-1.378599577349663j)
(0.4961962009980666-0.9804889668336305j)
(0.35122909788616674-0.4852253155165396j)
(0.3077621924682872+0.04932577663885307j)
(0.3576806331259283+0.5347811829960204j)
(0.421582185673448+0.9293534761640393j)
(0.42155759855121866+1.281518595227121j)
(0.3633628058956042+1.6810430074680796j)
(0.3227067381135243+2.16305240855062j)
(0.36255316805041765+2.684785477120109j)
(0.48126078508401493+3.1739110573514373j)
(0.615981732584544+3.5927683938736212j)
(0.7004522359788442+3.978363341653939j)
(0.7354862696494344+4.406465954994758j)
(0.7832832442370782+4.911466564891309j)
(0.9000009567660221+5.461833342957286j)
(1.0890032409420598+5.997640851694657j)
(1.3004039224504358+6.485503440837394j)
(1.4784629328317183+6.954865110183348j)
(1.6220155347590646+7.470606845501842j)
(1.7830496163619836+8.066494438898644j)
(2.0124787036495606+8.721998575238615j)
(2.320095927875451+9.391002515755817j)
(2.6724581171516046+10.046932201434645j)
(3.0305026923049168+10.71278990804359j)
(3.3968731306572324+11.440938482038328j)
(3.8169675599430546+12.26418853030622j)
(4.343080120058332+13.17729438040671j)
(5.0077037121749655+14.152407946464642j)
(5.8195240104689505+15.164491931608158j)
(6.781041450151312+16.209324157998953j)
(7.339777820748825+22.74655928254794j)
(8.253119043029178+20.116064642050073j)
(11.995954477071194+32.89882952476876j)
(14.409955033105598+17.840396051770583j)
(17.69664152336312+26.79756149037536j)
(12.954337355681307+55.69014557782128j)
(22.083725232377965+23.264473827784382j)
(37.62506049054245+41.325242166702544j)
(27.54131273066969+19.12793417580838j)
(23.46843528022044+19.007967950245575j)
(37.54950289403721+21.081912405522356j)
(46.785973666635655+12.522097970620182j)
(43.992358127113285+4.496346257035038j)
(45.07356980251303-9.451452651368028j)
(65.20614968213158+1.3062901339435744j)
(42.991558321054384+3.5553271779762246j)
(31.520000582841565-11.403471616260875j)
(37.38776394823926-10.964558777143305j)
(22.811337077079596-17.853890811280362j)
(26.721017499280205-23.234403695437944j)
(28.026385901937065-31.425713812492052j)
(30.16966384022864-29.96969916682021j)
(17.17776448904743-19.04283099530258j)
(17.40024260916087-23.80524477456608j)
(16.479934149547454-33.78571408891659j)
(17.64164152498821-20.164142884358675j)
(13.31531395330071-21.70187746239241j)
(12.548977289342194-16.497882349239173j)
(11.537717981325772-22.09037324313356j)
(10.535227738207805-15.368499043640393j)
(9.69814041062604-14.114809496438225j)
(8.145679738453525-14.640505663777049j)
(12.346938152175445-9.876333888935454j)
(6.81400203868533-24.585261253900455j)
(9.353888160056037-15.156190581698624j)
(6.025972570514169-14.89031941465894j)
(-17.17944940648097-24.855949082863024j)
(4.205289325426578-13.285025022563415j)
(7.919055543335-20.277523818128127j)
(7.859860816340896-10.329703598143777j)
(6.322857388260822-10.037145134032128j)
(5.108634217443345-10.486525038632669j)
(3.844117514090725-7.4616572346962755j)
(7.5530571592649824-13.092083252140872j)
(5.257915712043698-13.614028648108542j)
(4.165855572630226-8.711168113571691j)
(4.068038973000554-8.4649975761259j)
(3.976098768548046-8.216679828096302j)
(3.9039719332380223-7.971490799270174j)
(3.8529951889155725-7.7437509459113665j)
(3.810872376572533-7.542113500954049j)
(3.7633751508881037-7.360665997356775j)
(3.708177948191738-7.185015211485867j)
(3.6553498139264105-7.007229222926972j)
(3.615052587230902-6.832213654871028j)
(3.587317359099202-6.67079660758632j)
(3.5624079585062267-6.528451738478114j)
(3.5303647133216978-6.399617174602278j)
(3.490867217644723-6.273419058082121j)
(3.4523157546592658-6.145055535441748j)
(3.421700986284574-6.019487717995485j)
(3.3975107682649934-5.9047832435766905j)
(3.371711211592265-5.803487879013596j)
(3.3378641647876566-5.709898366955711j)
(3.297552857960072-5.6159317519964125j)
(3.257836531054779-5.519515949671699j)
(3.2229036746292516-5.425633702492583j)
(3.1899473712236164-5.339819763871489j)
(3.1526087603554886-5.262058924119319j)
(3.1076401261100552-5.186719357225197j)
(3.0581670313817506-5.10837043405454j)
(3.0098267319693397-5.027294028506011j)
(2.9643362813014935-4.948203110223494j)
(2.918131517649168-4.874277358069158j)
(2.8667145592160495-4.803618339643185j)
(2.809539313578466-4.73126062577772j)
(2.7505472471138632-4.6543627323822765j)
(2.693692897180297-4.574996491687039j)
(2.6386098929561213-4.49721045793913j)
(2.5815298322395512-4.422103983451568j)
(1.4759054216013472-4.4578806114577025j)
(2.4548913898382168-4.267040020342427j)
(2.3907338216385043-4.1826681246688935j)
(2.192921000888281-4.362894882249609j)
(2.269155946233565-4.012142803785789j)
(2.2061994937450438-3.928349186846444j)
(2.1396710759882893-3.8417333825705136j)
(2.072305405289563-3.7497359909130754j)
(2.0076096193248962-3.6535487507375057j)
(1.9460104141252057-3.55678314071443j)
(1.884346511640644-3.46126934609908j)
(1.819560174572577-3.3648082497878415j)
(1.7522369965384839-3.2635778322254625j)
(1.686015826053262-3.156250988954033j)
(1.6237401709867574-3.045393722729774j)
(1.5643069851731546-2.934709545982451j)
(1.5036983154780263-2.824753773259373j)
(1.4395021149486025-2.7119549782946955j)
(1.373757052917783-2.5923697235087224j)
(1.31084531335188-2.4658324774045033j)
(1.2529134549440113-2.336052843347263j)
(1.1974791548768378-2.206631041824999j)
(1.139864048789505-2.07679695626942j)
(1.0784256763720346-1.9416358524141806j)
(1.0167049157847983-1.7971019954350835j)
(0.9598379390623023-1.6441490195792483j)
(0.9093178085724546-1.4875001503299095j)
(0.8614371949308207-1.3304883722125245j)
(0.8111156699076068-1.17091932480714j)
(0.7577608397795336-1.0025463670683248j)
(0.7066347767440656-0.8213047961358885j)
(0.6637655737482006-0.6293117461060295j)
(0.6301774327938467-0.4322126153979137j)
(0.6013680237471918-0.23295383871391007j)
(0.5725103371859156-0.028066690643988586j)
(0.5446028292349175+0.18948449797285347j)
(0.5247874792419761+0.4231529730697533j)
(0.5199776896603727+0.669315137237589j)
(0.5310202090907481+0.9212580069334799j)
(0.5533173198454515+1.1759318010369553j)
(0.582854145342847+1.4368298786547602j)
(1.4156797790984637+1.1753403148008632j)
(0.6782330224862422+1.997816191560354j)
(0.7588109055987668+2.294627236812074j)
(0.8642087799942934+2.592787850455641j)
(0.9898325578866842+2.8882447776269244j)
(1.131650540956633+3.1830715571762793j)
(1.2912405970192087+3.4819005151950955j)
(1.4753569067091665+3.7856729068390553j)
(1.6902948750433913+4.088851996338315j)
(1.9367554231559707+4.382790629857022j)
(2.210009452382214+4.661617524004635j)
(2.5047504924568944+4.925195583070961j)
(2.8201898327218924+5.176714267077222j)
(3.1608002996581943+5.41700720051254j)
(2.809282314509427+4.271561812292673j)
(3.933466511802348+5.838625780185705j)
(4.359689247701819+6.002458658623729j)
(4.801827823631256+6.130229922241894j)
(5.254548136138675+6.22493481961334j)
(5.718279406807004+6.289280253561017j)
(5.7865825491568135+6.48513869660302j)
(6.686563924103413+6.311196468352727j)
(7.182233718867029+6.25348137198875j)
(7.6707285779506575+6.146424198928431j)
(8.14248908706731+5.99624209891094j)
(8.595132009343226+5.81115672054492j)
(4.095756815826836+9.593144593371953j)
(9.452565404698891+5.343642292863337j)
(8.335136199392755+5.684510032413933j)
(7.656060543822266+5.520966233951225j)
(10.545124432385009+4.367638871097708j)
(10.552335092093697+5.189139038844108j)
(11.073629665039801+3.6158712540926823j)
(11.290672785700298+3.2288944270078987j)
(8.949984013259765+3.747263799367353j)
(11.628241148934176+2.4169607513762883j)
(11.733369756102181+2.000424092171842j)
(11.794757791447584+1.5934981618563604j)
(11.822759810965174+1.2050762263246841j)
(11.858203636087433+0.3376209688025982j)
(13.903578912468305-1.6526744932657427j)
(12.940870228434918+6.597667248437298j)
(15.497263440622776-0.3662648900075952j)
(19.330934146191687-0.9164412913812727j)
(11.89998263957943-2.3351931480140804j)
(8.665894223144292+0.3014614978303614j)
(8.949359014837311-3.6318234300897183j)
(21.181519442758795+7.222379461278851j)
(11.296720502481241+0.8800115295180679j)
(10.332015945564935+0.7688094026565553j)
(11.69962961656232+0.44428717220483943j)
(13.021395548008924-2.7732818461609723j)
(11.249627697039381-1.7547710223849127j)
(27.257566401897193-25.48764712066582j)
(-1.3428978553727926-24.676473189185728j)
(9.874330623646424-1.6511003293438273j)
(34.93459230413372-22.49227165186554j)
(10.965570101230613+26.364626700878002j)
(6.942657402680825-9.217465260498114j)
(12.836849045935564-3.03128393096364j)
(-375.55272240950984+173.09397991620554j)
(82.4345940203493+22.595711572534064j)
(11.137729946414796-5.773237943862364j)
(16.262256416268233-9.691739067100176j)
(10.424339782362857-3.472280793985676j)
(27.25094164283601-3.829707594169382j)
(10.70962261086944+1.9396275998596186j)
(67.16918871159544+22.819667279663676j)
(15.795347628409564+2.8119081750088206j)
(33.00121509654641+61.88391397122981j)
(4.932055172682931+9.054720902415376j)
(-0.1351863900162598+5.6316292924563855j)
(13.31346009401729+4.112690298275703j)
(23.333544429371923-5.239086177390756j)
(24.96905507397581+0.2779353872813077j)
(28.837441542375153+3.4565955903194445j)
(9.864701486985174-11.07571853898744j)
(8.786341442706384-3.8840340152516233j)
(9.74396121651996-5.564404952989948j)
(-1.559880071577591-3.383815158493293j)
(44.25952161642072+25.0778202807999j)
(-44.80537096107592-33.66941033627871j)
(15.45745818336506+0.25776875755518397j)
(8.377629079967528+2.1112967397074716j)
(19.148280245766355+14.342541720186285j)
(20.7218912618705-4.288036226636579j)
(8.012963668151327-1.6519139764543644j)
(15.726676316199411-13.455161526620039j)
(12.858299615804096-9.987691158187662j)
(-10.371630264828887-16.92003188846749j)
(9.298315887243996-12.576374036056523j)
(10.75713034204333-5.491978134689218j)
(9.081298544495898-8.502696659701568j)
(11.194176212501448-5.147597239265016j)
(11.714490412565373-7.790459633627416j)
(9.23504015485499-8.696099042539657j)
(11.795940603892529-2.411674626585524j)
(1.6024464467410189-7.886609260066013j)
(8.427779522457552-7.843670949785057j)
(2.4534133199310113-8.958640420780416j)
(7.711221151996079-7.510020964044137j)
(-4.173136167018582-25.784618254550445j)
(7.19186931110581-11.111042888815842j)
(27.219869031013683+6.898189808193301j)
(7.241983846211323-2.2870531654261796j)
(3.4996888525349643-4.481312652540346j)
(3.2048348742879926-8.56449665913001j)
(19.106039100887507-6.969016978857328j)
(16.23715675239772-15.639170789131915j)
(3.439419021551561-6.629293797021821j)
(5.8656591185552545-6.622676212139095j)
(6.345636049397221-8.444188514113465j)
(8.277942446244705-8.048903916883404j)
(0.8456452359602825-22.92624224289103j)
(3.756414790943015-10.314631651440614j)
(4.457070245589856-3.4218926665221856j)
(-0.7122324989353026-5.1768690173555845j)
(1.8099541412278013-6.707203039781283j)
(7.531699444208351-6.0908409527602645j)
(6.169279340497814-7.429891673677774j)
(0.20583242783729702-5.834130244944727j)
(0.9359899965836348-6.711049505444085j)
(0.7067211024652714-6.460696809179954j)
(0.5022662887219316-6.2007920656726165j)
(12.924710889940682+5.721847430559195j)
(0.15812445930439523-5.6700267923037035j)
(0.012609716451927554-5.4003544306675435j)
(-0.33357445605474295-4.988190198737232j)
(-0.2229225166031072-4.848566711014742j)
(-0.30850010934850924-4.570750305043119j)
(-0.3727438097379048-4.297508198248632j)
(-0.419020949540512-4.032160558733709j)
(-0.4512847073185453-3.7752424189431024j)
(1.1249199907792946-4.590454596385082j)
(-0.480506065099013-3.280693600447871j)
(-0.4759170420668071-3.0420908682449124j)
(-0.457537704239578-2.8120760911542755j)
(-0.4272835024712083-2.593868001531929j)
(-0.3891433645567425-2.3890006306677103j)
(-0.34711922494359193-2.196245629180691j)
(-0.3031182835900972-2.012613276621506j)
(-0.25647722319490024-1.8356208211941298j)
(-0.20547066071189735-1.6650277093800114j)
(-0.14960108777036324-1.5026588381737425j)
(-0.09080551185877328-1.350424805924078j)
(-0.0325128130404824-1.2081591045411522j)
(0.02271247446060397-1.0731500609062519j)
(0.0749196009989847-0.9418217320540709j)
(0.12641379850006038-0.8121246770922298j)
(0.17964294542002093-0.6846298711367669j)
(0.23510903810575173-0.5614926271140931j)
(0.2909769948621377-0.4441930664125743j)
(0.3446666062361199-0.33191367974755104j)
(0.39508369098070156-0.2219081698189623j)
(0.44357736477462145-0.11152550591566202j)
(0.4928514611578756-0.00011232989395552896j)
(0.5448524951676182+0.11076949465383808j)
(0.5993850299740769+0.21885753193783522j)
(0.6544772558831643+0.3231539216394981j)
(1.7178104823077693+3.249114557267796j)
(0.7601236442819991+0.5261492958862494j)
(0.8121090335503899+0.628911733997644j)
(0.8664147734418354+0.7328395898850243j)
(0.9242066138008703+0.8360842727637721j)
(0.9847436177292646+0.9367355487467307j)
(1.046114466238672+1.0343225545685362j)
(1.1068514888839793+1.1301383704715042j)
(1.167145770271689+1.226152403027598j)
(1.2286876836563825+1.3234116194736363j)
(1.2933166539720258+1.4212509223888319j)
(1.361634480300937+1.5178858004382498j)
(1.4326480555899783+1.6118211498488337j)
(2.0543842140140125+2.2795939762532478j)
(1.5765472710092836+1.79264942643158j)
(1.648835047677319+1.882492699724539j)
(1.72308930877711+1.9731183916868487j)
(1.8007749146109595+2.063662775528497j)
(1.8821308821213072+2.1524818817900475j)
(1.9660628727800364+2.238415032023572j)
(2.0510522622415817+2.321626040828525j)
(2.1363625364615184+2.4034068348584965j)
(2.222616449061581+2.485108301290918j)
(2.3112945724431007+2.567041283850607j)
(2.4035684086706484+2.6482221952437444j)
(2.4994128819545525+2.7271393478920474j)
(2.59767797098021+2.802897798254856j)
(2.697020481505649+2.8758482083070724j)
(2.7969564527340482+2.947240386438182j)
(2.8982265956110513+3.0181871408605025j)
(3.0021975077158114+3.0887498764994117j)
(3.0266745034405624+3.6288109158242374j)
(3.220714595671803+3.2241633125521454j)
(3.333821811700879+3.286998315584663j)
(3.4479239473428325+3.346892589585066j)
(3.5627635589801683+3.405057006686652j)
(3.679173639438185+3.462397536134327j)
(3.798401732885406+3.5187793595193764j)
(3.9211196559193477+3.5731171374363058j)
(4.046901142224254+3.624217247399861j)
(4.174581641108194+3.6716939950996648j)
(4.303194558349757+3.7162260436397285j)
(4.432724643282166+3.7589761589641832j)
(4.564107366619844+3.8006611387125053j)
(4.698506727883103+3.840990342778217j)
(4.8364347516251165+3.878890477329929j)
(4.977396124191122+3.913343051608382j)
(5.120347260757998+3.9441708187024473j)
(5.264595018888525+3.9721357678275537j)
(5.4104024094998895+3.998290425077528j)
(5.558846877450272+4.023123880469474j)
(6.314403750814567+3.3949358928305426j)
(13.651154335894102-25.886393867549323j)
(9.48172471017548+3.9574984453440054j)
(-2.019425921412147-17.977956211748943j)
(15.788368477917631-4.314930941383928j)
(6.381650853673992+5.475217887317467j)
(7.6188717623537565+4.761052597293571j)
(10.016367040337741+7.278777605109303j)
(7.251059992954466+2.624363031884444j)
(8.193593275966615+8.164576626694922j)
(6.2366556134479225+5.9790775481147245j)
(10.376185901495466+3.92366377487133j)
(7.006499330730611+4.645480365077714j)
(9.011271164236797+5.033586795329334j)
(53.19104917669462+2.550021881445757j)
(18.51094903899181+21.032889156241808j)
(7.039846498139967+0.9865882381450722j)
(18.29616994580604+10.98020427004635j)
(12.063762340313788+7.489991118513474j)
(10.731679989369734+6.231435891862219j)
(7.873194477050132+1.9026922390670655j)
(9.985038292389609+3.0849912106302044j)
(17.261313586329408-2.670575586054855j)
(11.418550201978617+0.6537888400824083j)
(84.23393238253958+104.48342329343532j)
(13.835375356234476+17.439390774910592j)
(12.680374203314203-0.06981488795222564j)
(14.740038055363017+0.81761128778181j)
(-19.37540767538463-0.06365599898105066j)
(109.32996807943955-123.05577306909683j)
(11.880455238578246-1.0462731362165338j)
(15.597447813410614-2.5805768063407983j)
(9.869720342332048-1.6460382695362892j)
(11.99312260883827-0.36031134661081915j)
(15.655856649952694-4.918666105746185j)
(14.676031180300683-8.37914749342447j)
(14.303869078897963-6.666163716677749j)
(16.80102040937061+0.5306864417077631j)
(11.085442668159462-5.098896669005373j)
(12.611772672360967-2.622315815160145j)
(13.699445105479786+2.758415182022453j)
(14.678386423256194-1.2572511563577529j)
(11.850529410761508-6.049959269931461j)
(14.74911974358734+1.3640357562645102j)
(10.647759904856-8.78619784845479j)
(11.91885988096585-4.680856028109145j)
(10.035798790875988-6.212998563546351j)
(11.616348233272419-6.071635344475394j)
(11.053899964363781-6.604926816370068j)
(10.023756918742698-5.719087639995628j)
(10.896318421715204-8.742379502110637j)
(7.539262487881986-11.067871047441418j)
(7.348985707523526-5.683234141062399j)
(7.504256553921049-7.3254811368642265j)
(7.424620989268809-7.433551581807923j)
(5.983627426953866-10.596721217709486j)
(6.89805044214824-6.33781173032159j)
(8.087358844497906-8.542955846590718j)
(12.422056867431555-11.11432858491831j)
(7.499091812757271-3.806500250677968j)
(6.313521038789881-8.416246465058693j)
(-2.6934631771146695-4.981929783497603j)
(4.919097213094711-8.761958872455885j)
(4.1051287196385315-7.242030758157002j)
(9.477227852541343-4.596843161389374j)
(6.666558486136487-6.3450375641766215j)
(6.348873619936308-8.188734074276388j)
(5.809582028849812-6.026764451471781j)
(9.229677329904463-6.285190829297223j)
(7.1368704105507685-6.359172630243954j)
(9.474632070253426-4.721842690858333j)
(4.44218233198682-6.063086070661361j)
(4.516794370864274-5.924061692216448j)
(4.973510915744344-6.557732267303899j)
(4.417119897941273-4.617653373315818j)
(2.2015755851835506-9.213721072991424j)
(-1.0368401424258797-15.396789871470796j)
(2.330097758335916-6.092657600658246j)
(2.8236313060308427-5.884964699170229j)
(4.557250823036719-6.246293963983531j)
(3.2215563043824154-4.777961497716654j)
(4.523418158161323-7.024916660525834j)
(3.9626957994373684-5.877443309281331j)
(3.0726038574598475-5.336605586950113j)
(4.798617192787389-5.702988567049793j)
(2.854696484731553-3.976893756132317j)
(1.3571432392372957-4.025802999160743j)
(6.219414278982906-0.017211937388810224j)
(2.3319789525112053-3.706678895385796j)
(2.4604127497216908-5.5348485872171045j)
(-2.6622027700459374-5.822911178557412j)
(0.055618942510657375-7.017667836510001j)
(2.058049087388041-5.4187569253236365j)
(0.46940582682894816-4.270860403290703j)
(1.7763273133657764-6.896408022331617j)
(1.3232960155304332-5.10060389627908j)
(0.5371819089756789-6.169320711353773j)
(0.43561317486298157-5.345773935307442j)
(-0.13287965071339522-4.698036407851391j)
(0.6917511648874098-4.416139256299501j)
(2.5066995039927265-5.623928577284122j)
(-0.5520258384018254-5.194969615821396j)
(1.1203363261032908-3.789497050346135j)
(0.2403795648388549-2.732443161714977j)
(0.19049440467854878-4.114420602924374j)
(-0.47671300260109506-3.8444931010878935j)
(-1.0317026792027109-3.0095513779776493j)
(-7.987258782195718-4.461395627178948j)
(0.20142328317798086-2.8995554189901154j)
(-0.6526095155994568-2.481175459444644j)
(-0.1812899576380168-3.3122953937690784j)
(-0.11969583259891418-2.858777660419376j)
(-1.401951841525281-3.517172896392265j)
(0.23149069122035978-3.0789696080309756j)
(-0.9991959464454312-2.466940337000871j)
(2.4905220385049334-3.500823101035958j)
(-0.07903072094410604-1.4133801991688884j)
(-0.0781996805325907-1.246886719180473j)
(0.13447795231055162-0.9959941222967237j)
(1.0789720854851315-1.7302589681435014j)
(-0.034060569157922826-0.7589114634849067j)
(-0.006467737836634012-0.5989490369588916j)
(0.028737291807944012-0.44029033298751874j)
(0.0723275736037879-0.28409863626574794j)
(0.12426641471037309-0.1320103835294116j)
(0.18360714723862817+0.014569436052125158j)
(0.24891990715463527+0.15501158111365748j)
(0.318957422387714+0.2895372411219705j)
(0.393163637532695+0.418810104051726j)
(0.4717413565673573+0.543298781801867j)
(0.5552461588487246+0.6627854665890895j)
(0.6439502556633496+0.7763173605166483j)
(0.7373663915153363+0.8826326153648714j)
(0.8342218730434909+0.9807966905912477j)
(0.9328878280345837+1.0706658968059133j)
(2.225840285829549+1.1629444150231114j)
(1.1309500850118737+1.2286464074335897j)
(0.6940567176498911+1.6219700963331525j)
(1.3294201654131235+1.3633631576376877j)
(1.4298383512392003+1.4219621543210372j)
(1.5307356397617777+1.4736147972516818j)
(1.63090582399253+1.5177265677472058j)
(1.728800180187721+1.554522199617594j)
(1.8232016236748767+1.5850810458165014j)
(1.9137338917697748+1.610882723060492j)
(2.0009062083268705+1.6331160733185672j)
(2.085650044405757+1.652147210824297j)
(2.168600976856037+1.6674727478740317j)
(2.2495542881911055+1.6782105952368647j)
(2.3274412569157574+1.6838428370572363j)
(2.400853457144154+1.6847515075985264j)
(2.4687955672557513+1.6822137576147629j)
(2.531209776062712+1.6778590732628111j)
(2.5889588101393253+1.67291205000782j)
(2.6432735258405424+1.667667471680906j)
(2.694985026416597+1.6615137398352866j)
(2.940097720249261+1.6510885119381409j)
(2.789337665291224+1.6431235376229048j)
(2.8297265183428326+1.6308246394128956j)
(2.8643725823354904+1.6179417116950725j)
(2.893458671031322+1.6061059243243814j)
(2.918067539819736+1.5964786236250703j)
(2.93959178091657+1.5892712320755003j)
(2.958984145113843+1.5838231622732262j)
(2.9762861644183722+1.5791831796116023j)
(2.9907067446046796+1.57485087722973j)
(3.0012029865281677+1.5712428593598864j)
(3.0072193994945273+1.5696078187541875j)
(3.009145257627993+1.5714435032088465j)
(3.0082236404123748+1.5777688919049044j)
(3.005982233586956+1.5886816686332728j)
(3.003533336421025+1.6034425619333768j)
(3.001144021669463+1.6210134474215752j)
(2.9983048157015144+1.6407288958567332j)
(2.994243179116299+1.6627201150225028j)
(2.9885813707301945+1.687852966729997j)
(2.981753486438716+1.7172199795352354j)
(2.974937579809852+1.7514922333461658j)
(5.933699441642638+9.43866732093972j)
(3.368022497212732+1.3944905693031746j)
(2.9665216640943854+1.8788899226525122j)
(2.968713078688681+1.9261059500907025j)
(3.0218421130747286+2.50657698101529j)
(2.9772914673026496+2.025281939166378j)
(2.983238214119495+2.0783047130248766j)
(2.9910038568199138+2.134267709967968j)
(3.001517910695266+2.1929996293021206j)
(3.015464273572299+2.253735136899793j)
(3.032949665933226+2.31544453663792j)
(3.0534891625245995+2.3772784677171366j)
(3.076281459513807+2.4388900514684027j)
(3.1006111980310824+2.5004881828025103j)
(3.1261708521256164+2.5626153741919455j)
(3.153142646343374+2.625779064961576j)
(3.1820107794461068+2.6901406538768424j)
(3.2132264327309974+2.7554271708934923j)
(3.2469219794452377+2.8210907827287515j)
(3.2828175555548564+2.886601474845708j)
(3.3203393881602223+2.9517100762008153j)
(3.3588670529952718+3.016563498312041j)
(3.397985469401307+3.081636211540387j)
(3.437627621556055+3.147521886807863j)
(3.4780459637370944+3.214690210399133j)
(3.5196353194936814+3.283330994461318j)
(3.5627081095829443+3.35335812450743j)
(3.607339591802723+3.4245544437219393j)
(3.653348118467155+3.496769855816507j)
(3.7004009905098996+3.570076558363163j)
(3.748186520523875+3.644820610255055j)
(3.796575487074439+3.721556245822734j)
(4.337142608843441+4.172155721193905j)
(5.363887334592997+2.9240344925537287j)
(4.3273214942534635+4.346385436638411j)
(5.925750572449382+4.616789530925366j)
(4.773707053874826+6.240723429685063j)
(1.012461217258851+6.952703180231315j)
(6.129785696951115+7.211832844298936j)
(4.804857335641789+4.773553651388761j)
(3.768348694813317+3.2491713508778135j)
(4.023718929771488+5.595850591195436j)
(4.8635429699247705+5.048801216802708j)
(5.47692239521992+5.621526883238289j)
(4.044476216108775+6.553460755232735j)
(4.273793071409428+7.990987187797198j)
(5.577389958043378+6.099601694612208j)
(4.039331017645122+7.158658083460029j)
(4.6469484227206035+6.825371826282167j)
(5.933240205813411+6.3471329451982195j)
(10.024868019429192+15.19205398690063j)
(5.350567737666026+6.693255237843917j)
(5.17980622530022+7.204849930038988j)
(5.9544164185385755+7.764504140315445j)
(5.271821954885841+6.79684160969903j)
(6.20600071756717+8.746443669229206j)
(15.254349219518387+29.45489010767437j)
(8.364011861451248+7.53721841989054j)
(3.0684924859152254+15.807385910471341j)
(17.025327706370255+14.934870092496519j)
(7.69368435327716+8.77167946819946j)
(8.848191237551509+10.702473599911722j)
(8.234381466323555+8.779898448902975j)
(8.719170471329154+12.18917304153656j)
(20.3924493898211+23.622263426867136j)
(5.997717627541738+14.67513725839697j)
(1.1790740352369107+4.343672239549718j)
(17.91487040743115+27.570299491603457j)
(21.20835257167733+5.48421795640246j)
(19.687026585528958+8.463175724702817j)
(12.274385106592366+8.997015329175536j)
(21.01162114613733+21.806143144304677j)
(14.30578350640429+0.24368327805851048j)
(13.373869632989914-14.407784792914125j)
(30.345089026287383+12.781839705659682j)
(29.68875420480818+1.9145626313606952j)
(25.76195554589817-0.2927793822468473j)
(25.829394340137128+11.721663771914049j)
(357.2348908889188-51.79726713289838j)
(15.337367933951224-13.734929859946778j)
(21.391414878143042-8.788617558762228j)
(20.733831240895682-21.452852534403334j)
(18.547628642106748-13.853258334225862j)
(23.803824520883673-23.287787957986165j)
(13.58211761083235-12.906835399778126j)
(9.200134332603344-13.807153658226778j)
(23.7475694165126-3.9750776540309674j)
(10.122650817549802-12.201031489897824j)
(40.09623289643306-3.318861786329954j)
(2.18771677816001-7.6592044916063715j)
(13.429150870997479-17.658121199444075j)
(7.7215639592844125-9.881287311631066j)
(6.423920431455668-9.899978046181836j)
(16.151262002505003-10.818516723082103j)
(4.855351215580828-20.565726562127033j)
(0.1292604301172338-23.14167858155551j)
(0.5388436948132805-7.473970991447657j)
(4.120617628379974-9.901244454764004j)
(5.369655208440818-8.242450510356807j)
(3.08458951004383-8.16187772372094j)
(5.756835138414103-9.82543441178201j)
(-5.6333798379904385-10.927069232682788j)
(6.704584146210873-8.672282184635385j)
(2.935337461085124-7.538521610727814j)
(3.948525359357969-7.353134380734941j)
(-10.128967048603027-27.655322607502573j)
(5.366447801876849-5.263879843342018j)
(4.116588118383917-6.842481455401473j)
(-0.734072046789748-7.913317520731181j)
(2.458324119318407-6.05788752963837j)
(3.069721433404967-5.287878293324399j)
(3.1958205884793602-6.587980571420545j)
(3.8893671345230647-5.693821902687107j)
(19.498140317865182-11.649027129572731j)
(2.199103238273634-6.54495106557727j)
(4.467736167490647-0.038815863184473005j)
(5.136642585631753-8.219697747664307j)
(2.205304042372312-4.565313628021262j)
(4.82566032452718-1.0790047004357841j)
(2.0337211237554698-5.4036922789331445j)
(3.664992799640895-7.036941527302733j)
(2.1942906891749243-3.3496579896654928j)
(0.7661920232057259-4.66575237606965j)
(2.637081781929732-5.200733114844536j)
(2.460535162249434-3.7835117123766513j)
(2.9243397307278065-3.6158506052882275j)
(12.45794613649213-3.3170291291979566j)
(4.11933476006355-8.274288567732176j)
(13.466844829633601-19.691591256667536j)
(5.7017639096209445+3.308487324631755j)
(1.6846523762320984-3.7623219599342534j)
(2.138267004111335-5.899083114547997j)
(9.195870188221772+41.53832361301145j)
(0.32449868943544546-2.045471964397056j)
(4.103653986711109-22.57082607908636j)
(3.3534649890399812-6.645287526977003j)
(-32.93476430236187-57.173897534711195j)
(0.9757613427580237-3.0876043964889197j)
(-0.1931897296837133-5.469774021477738j)
(0.4346686102653912-4.346344314491069j)
(4.286020599067314-1.9851386292236983j)
(-0.14455278019333304-3.4060317216441605j)
(-0.55439821371294-6.314051225558538j)
(0.8067318045731693-3.1775353839925438j)
(-0.17679211763582814-3.135608711680934j)
(2.967587330350816-1.3477900674504737j)
(-0.3746675865211417-4.765371080410571j)
(-3.6081324292706385-6.330715250239274j)
(-0.1616679904512239-3.2954655642928197j)
(1.1987129302090431-3.6221733913302114j)
(0.37002990027763183-2.175832144605479j)
(-2.138247105975117-2.5925054770827907j)
(-0.4600907001413889-4.01258200353171j)
(1.4602779907665553-2.460276159977093j)
(0.5375309246479417-2.6238961083513264j)
(-0.16455756965627127-1.5163537049922435j)
(6.400831174006766-5.634970386392702j)
(-3.205370900563847+2.993269946501381j)
(0.01542110681907208-0.8897680518143177j)
(0.5651322105931733-0.7466915461160264j)
(0.3779676441430119-0.8519505147647985j)
(0.2964905757041564-0.8067120941102166j)
(-0.8131029595381819-1.1899301133151017j)
(6.000210603876672-1.643708501235651j)
(1.462277004393473+0.26288684004848634j)
(-0.006812307442344612-0.030077893685991668j)
(0.23473452504308825-0.8683671340096604j)
(1.6765132632818847+0.6950288129497213j)
(0.21654312231193232+0.20622277392638375j)
(0.2608313228830651+0.3365999168190918j)
(0.31053126723927393+0.46470644740347306j)
(0.3655396133281661+0.5904069188788177j)
(0.4258798011650116+0.7135720835115503j)
(0.49167503647638+0.833997326867444j)
(0.5630869944148074+0.9513565176857458j)
(2.131215076826987+5.1050173227990925j)
(0.7232087066800775+1.1749684981787902j)
(0.8119102509260163+1.2800620255859647j)
(-1.55810241422118+1.1252177316805012j)
(1.0057451051605213+1.4737380395514148j)
(1.1102425908009053+1.5611419853744195j)
(1.2192442462338622+1.641545218200137j)
(1.3322745825946747+1.714483899802793j)
(1.4488362500575502+1.7795494947743058j)
(1.568434138587417+1.8363719111018475j)
(1.690587636034446+1.8845855990011333j)
(1.8148178951025145+1.923786661372811j)
(1.94060470191407+1.9534991695103374j)
(2.067322189192731+1.9731700812426383j)
(2.194174053104047+1.9822014464713074j)
(2.320148693323656+1.9800133024716329j)
(2.4440046223668346+1.9661216518094913j)
(2.564285984344612+1.9402168002945714j)
(2.679363777557214+1.9022325341038133j)
(2.7874986900179466+1.8523989415739124j)
(2.886919759589722+1.7912699898709834j)
(2.9759056095309195+1.7197171464791055j)
(3.052846108994621+1.6388895717179266j)
(3.1162624749674244+1.5501597267377512j)
(3.16478027987844+1.4550901047010787j)
(3.1970778241324473+1.3554586882526571j)
(2.7448875063823808+0.7187428279698744j)
(10.24711502096545+10.518424603038207j)
(3.184312632763505+1.052794563190619j)
(3.140820535472929+0.9615846085912783j)
(3.078377957579156+0.8823539356986932j)
(2.999577743097676+0.8197534716313524j)
(2.908780983128975+0.7776296357212769j)
(2.811660144548264+0.7581179731872327j)
(2.7142113839502024+0.7611306444246922j)
(2.621624510708961+0.7845379965283673j)
(2.5375134752596704+0.8249654588675323j)
(2.4637922645058135+0.8788022480582344j)
(2.7177096922924933+1.4695948475746088j)
(2.34963904216894+1.0152233420907848j)
(2.309542656650426+1.093902555419038j)
(2.2813918729912235+1.177465582446556j)
(2.2659169368636314+1.263968613125462j)
(2.263536364242078+1.3508621059392658j)
(2.2738478435932246+1.4352060443008046j)
(2.2953918382401772+1.5141983249112654j)
(2.3258104098084686+1.5857418289211027j)
(28.544193251541696+17.473794729106437j)
(8.303595548497784+2.0151175547701383j)
(5.763646542832578-4.872411494057562j)
(2.4842779466613694+1.791517785653551j)
(2.5247385214561757+1.8278155424791875j)
(2.564915735665676+1.8604609602421118j)
(2.6054433072318437+1.8898313885314397j)
(2.6468827233630927+1.915579919210562j)
(2.6893164669221834+1.9368303826792908j)
(2.7321238698461223+1.9525660110172791j)
(2.7252342042807367+2.174420358066699j)
(2.8132983829043714+1.9652551421043036j)
(2.848269137957787+1.9628214844281446j)
(2.8776252573562155+1.9561623245802031j)
(2.9007901550310478+1.9470935997944454j)
(2.9180653512680066+1.9374237914043293j)
(2.930531328109013+1.928469842904632j)
(2.9396690510327352+1.9206696044904177j)
(2.946781026844095+1.9134652334221223j)
(3.7853765919553752+2.1717562206975383j)
(2.9560132960390146+1.8954994884367629j)
(2.9560062474475033+1.8823495075286025j)
(2.950236596908739+1.8662449579833373j)
(2.936666331622854+1.8485865190414614j)
(2.9140865293481384+1.8318268926196934j)
(2.8826239389329245+1.8188752863416602j)
(2.843841167883897+1.8122701297137813j)
(2.8003211079012216+1.8133875372525408j)
(2.7548111433784825+1.8220151871304124j)
(2.7092277441446995+1.8365340078598862j)
(2.6639450796395248+1.8547001859186971j)
(2.6177025348295158+1.8747335860458776j)
(2.5682040703705473+1.8962665277517197j)
(2.5131954584193283+1.9207574790103354j)
(2.4516142224869975+1.9511734584210751j)
(2.3843526556254147+1.9910134540599662j)
(2.314279307682781+2.0430234057521264j)
(2.2454510528800884+2.108140869339256j)
(2.181837185497824+2.185154057877658j)
(2.126140152459404+2.2712191909454917j)
(2.0792316883285555+2.362941715689583j)
(2.0403731575243937+2.4574796919758084j)
(2.0080001972400896+2.553191615439786j)
(1.980628583842178+2.6496279818211272j)
(1.957442370333805+2.7469974281926035j)
(14.371478710779716+0.5764747008131794j)
(5.149111667217837+2.6721299302955046j)
(1.242085965736174+3.6023758320013535j)
(-4.3542604030029075+18.52990016657952j)
(2.249481758910379+3.3810006805776966j)
(2.2656371347280233+4.685874359386975j)
(2.6603428369739337+3.516239842553238j)
(6.192134538712651+3.736515217067829j)
(2.5069016185380524+4.126542517723919j)
(2.149906957423828+3.8853573811047517j)
(1.7560504316900998+3.377998536586881j)
(13.138751874309296-9.280317474291264j)
(2.0742972787462826+3.386313881606212j)
(-1.959505474523463+1.1018996313341116j)
(2.355201093037682+4.065523461738594j)
(1.9532381906714598+4.491082692407981j)
(1.5309025559754155+3.7947384468730028j)
(1.922939479567724+4.460433601805767j)
(0.6065044170077578+0.6261906636558238j)
(1.7777037672221947+5.152949530484812j)
(2.210300226851619+4.158500524998996j)
(-0.3834300535292733+14.191612676656085j)
(-1.8884845634825458-2.0949783659062295j)
(1.8611040439664228+5.158385149915424j)
(1.4215227463895688+4.189260908804079j)
(-1.5855922137140945+17.267369980739666j)
(0.4576560097943428+5.206704963267931j)
(1.4030218941725658+6.082651084021502j)
(2.9921397600691413+5.885637801772731j)
(-0.29742544354736755+3.2018578829129356j)
(-2.3752467754927284+12.504111916946856j)
(-0.3897792219105719+5.5171737026045555j)
(19.33324794170642-18.504171838413235j)
(4.232695576785028+8.222586738878215j)
(0.15560361004830472+7.301859325311788j)
(0.9656723290343752+3.559922010529806j)
(-4.831801019710669+6.292099086228011j)
(2.9279236271812645+5.399588744347135j)
(1.6641323930670833+3.361129205491496j)
(2.2949427677884215+5.683991807102565j)
(9.398965950231716+21.296758184148914j)
(11.01602210376226-9.185924618024277j)
(-1.2664646089655662+10.015778697569122j)
(-6.320289914816273+19.045848658828827j)
(-3.0026362316090753+12.0459267847767j)
(-1.4022209572023838+14.139350150107518j)
(-4.6556979766087645+16.082431982906332j)
(-5.996410035887811+18.955128849500262j)
(-0.7041976182681773+14.0854763437138j)
(-12.358427613474394+11.949813414720163j)
(32.14493019716084+105.36629480245706j)
(22.262046390354563+52.84280510797844j)
(-14.60352348052716+28.250528213263976j)
(-14.54499048238295+0.11180201635323063j)
(-53.16759249730678+55.226009797969795j)
(-89.08064541035652-13.82597740990101j)
(-182.47199641264453-432.7996209102836j)
(15.730540971196687-30.766935377496928j)
(-11.909219702804615+97.02692120964838j)
(26.600643055938544-28.268114625017787j)
(80.88245426529798-27.864091228984567j)
(-30.28234916781411+15.800770684973939j)
(6.063815238437225-15.612910594593721j)
(16.629747889415803+35.35291269388291j)
(9.826614659545372-15.664886377994456j)
(-15.357395030752736+21.11407606582692j)
(11.875771437990492-16.30130239010134j)
(9.359077182580078-8.25353410568698j)
(7.487612695675169-1.1727129609649856j)
(15.619143191420136-24.089729485180467j)
(-4.2765202804386435-75.3367220198885j)
(15.675839845212764-7.38262380216676j)
(10.584299188022499-5.677482182244549j)
(11.57096011658977-14.015565239370599j)
(-33.50630226464745-21.510456463221942j)
(7.958459226378024-8.462451747533475j)
(7.191051177715308-3.869966515167186j)
(10.045552064862076-9.000905440233089j)
(-11.446063713085882+45.88132051939723j)
(4.89264441779845-5.01006113486678j)
(10.080337421123758-7.460530897633455j)
(9.62989129228714-6.573517639484271j)
(40.671032049292116+16.01703250517441j)
(4.160838641217141-2.7315180391639515j)
(8.045386173612917-5.852084892083683j)
(6.88446895177295-3.674585689116829j)
(4.736594580220572+0.06477006239160672j)
(7.586387047450045-1.3202092805852417j)
(5.210250493082697-0.1953288467358864j)
(183.23838229227965+8.947271049429295j)
(1.4520670496122923-7.583552070357156j)
(6.253843229977628-7.193923661942484j)
(6.184663348367233-6.2236642743239114j)
(4.821508929305025-6.282380492779521j)
(5.335734508489385-6.628089981736784j)
(5.546493610359344-0.661777388866867j)
(6.056063785759361-6.034803802811168j)
(6.850154796293877-12.07476072365774j)
(4.712633971808377-5.999896752566662j)
(3.036686828292658-4.812881421042788j)
(1.0776040081119584-8.566466695427915j)
(5.288708289730298-6.378513428294593j)
(-11.476982848447534-11.839767237402913j)
(4.009333301530186-5.988116067084302j)
(8.16397828804965-2.5481037847642094j)
(5.261471402084169-5.596082488064271j)
(-0.8670545066219094-8.581901054910064j)
(8.704837061795667-18.373329743466552j)
(5.925192036567024-4.997345237136679j)
(4.74466240056737-4.797718355475501j)
(15.742264877900896-6.976479445984113j)
(3.619831441485138-3.0293690039001238j)
(5.310452146280377-5.610348201310728j)
(3.617475786759284-3.595331389714137j)
(4.5284869416014155-5.459373931898282j)
(3.8102584030680795-6.703370816426559j)
(0.9797895082343326-9.819535843597034j)
(11.35154883088222+4.950480465473162j)
(12.697869039277943-12.565258159226543j)
(4.314289712222388-6.031464381838242j)
(7.107367368329295-3.8554137228948067j)
(4.30615206769678-4.940376204903409j)
(6.894500549533114-9.808616611627157j)
(2.4038981555312837-4.2858300146688375j)
(3.5020044670861474-3.458064331787919j)
(2.7432338054267897-12.880159297232975j)
(3.6251715129445414-4.164455080532421j)
(0.7012218763682219-7.2277366773443745j)
(4.471764699936253-5.127368845857605j)
(3.249199149908797-4.252998588266722j)
(3.5522344347795927-4.9764005041352375j)
(2.9828803562291144-5.075919595654989j)
(-0.13137337104896898-6.296592841159103j)
(-1.469649698042529-6.307729938892858j)
(0.01143631151094362-2.0700213107647745j)
(-1.3702179240223757-4.213766384529511j)
(-1.4873419737181068-12.871759237186708j)
(1.9206639977193916-5.154689554813982j)
(0.7835519793290345-4.394179977974857j)
(1.3262267790354172-5.004500705376231j)
(2.091989635456432-4.793411858040926j)
(1.9991571947697067-1.9971484110892932j)
(-0.14162427087774487-4.878377238991353j)
(0.36578597351894265-3.695348039089779j)
(-2.0505262226726217-5.231544126140406j)
(-0.018711194071302024-3.7072187557657j)
(-1.7571457164088726-4.327356937136864j)
(-1.7369514621000872-1.8238740145530314j)
(-1.1309941623381965-2.3151159362526514j)
(-1.6702352009248496-0.7598636526668121j)
(-1.738910438906825-1.4411727154176706j)
(-1.7851268530184516-0.7498755217343459j)
(-1.1682628746200152+1.9004957960071676j)
(-0.23149636001376034-0.10742932392219513j)
(-3.3653814183569137+1.9259002148363888j)
(0.20893209211647107-0.1584351079053242j)
(1.0537026476328513-0.46445611795486574j)
(7.451606895273599+44.83031923677467j)
(13.133026778446641-24.26973415020345j)
(-1.3032945693174969+2.0048941049123084j)
(-8.130413585036672+2.5578908771180977j)
(-1.4318219125834466+5.766128999189335j)
(-1.1439328605902261+1.939722048562942j)
(-2.6526056560689204+4.367881150178241j)
(-1.812558910432684+3.639612451400744j)
(-2.2600499181558535+5.479015444726114j)
(1.2164318621683512+4.101195789097417j)
(1.46566782419452+5.28104273465007j)
(2.5683260499347385+5.091160511748919j)
(2.5576921777884394+4.655372014087607j)
(13.506860470887961+10.798696866587115j)
(0.6071567164972234+3.564743131838991j)
(5.620161441010809+8.091330683722658j)
(-0.21408185868518137+4.14611595954883j)
(-12.02708323666185+17.727335020981737j)
(-1.9072083172118668+4.728276472126173j)
(-7.448108132234947+9.721957102555821j)
(-7.141609580467576+3.954343416657635j)
(-8.422599478221654+8.250138571363895j)
(-0.7934724793977297-1.3895603880061478j)
(-1.603986364048962-24.134930819198186j)
(2.1377744274623693-0.128288113980054j)
(-23.39562605496244+13.491631123707768j)
