(0.6056867267358775+0j)
(0.5350529089978725+0.5858840019035148j)
(16.603799222606156-0.7773209526167649j)
(17.34001947877182+0.3381229738216126j)
(20.151355696375763+0.14749712404376242j)
(22.674023893474576-3.458102267252055j)
(21.312635916910974-8.283223814524455j)
(17.550182035496437-10.202502709373283j)
(14.895694967794942-9.421512667387562j)
(14.495328828763764-8.219844543970758j)
(15.440675811283768-8.692333976353236j)
(15.12513927923082-11.138965594373198j)
(12.44643871631849-12.874153147189995j)
(9.557039966694964-12.412087092445605j)
(8.065244285784447-10.84831862903788j)
(8.043717516555219-9.642766111802507j)
(8.470748590006965-9.827309646454298j)
(7.250631269518153+6.314718482821615j)
(5.768368545749397-11.165442007098731j)
(4.095107222484602-10.150258676046443j)
(3.4063777485170412-8.705629365072804j)
(3.5934890427628634-7.687711779760481j)
(3.906543416646975-7.633934818997558j)
(3.3657414685406435-8.055182686822832j)
(2.1577299553712304-7.845834791968885j)
(1.200437226743703-6.877498925242678j)
(0.9021614065236364-5.6904853012873655j)
(1.172959969171549-4.838696797046823j)
(1.490172541367347-4.664858496855402j)
(1.199202374277744-4.804756273455925j)
(17.205294452796817-10.945934020608577j)
(-0.1303448158916241-3.681171305913184j)
(-0.24406933897368163-2.699794307212321j)
(0.056296380778344104-1.9622324084504221j)
(0.39424383693030346-1.7287826361102017j)
(0.2802481007935391-1.743501857062669j)
(-0.1969078738742862-1.4431246378793114j)
(-0.5668014853451655-0.735396163481817j)
(-0.5854294250179691+0.11115061552731498j)
(-0.2742103763255191+0.7822169304189294j)
(0.08218753738193961+1.058661587657128j)
(0.08806720361838626+1.121035598973394j)
(-0.21477557634489006+1.4204147573445272j)
(-0.4539739079171589+2.059155626840478j)
(-0.41334838064381046+2.8335278093988134j)
(-0.0932367445556761+3.4827414045594014j)
(0.28108540449691+3.8130020866810774j)
(0.3753956677459563+3.9558009201946738j)
(0.20131585387645712+4.286508177302956j)
(0.06306035341427974+4.913115999500094j)
(0.15609654185483318+5.678206146524857j)
(0.49449842303046426+6.360192250517583j)
(0.8943641825876418+6.78717397092987j)
(1.072295728478207+7.0612559354595j)
(1.0266247702628177+7.495187920705223j)
(1.0034604849163526+8.19329691786008j)
(1.1738854477953042+9.039792545092892j)
(1.562626536215358+9.85541549172141j)
(2.027302121986306+10.500354116663836j)
(2.3516015117149625+11.056924296187953j)
(2.536063183931741+11.760829413998913j)
(2.756124276081486+12.702301864730147j)
(3.1470004669941676+13.827384061673792j)
(3.762903709727747+15.035608898029635j)
(4.814632885125306+14.481886699289717j)
(6.044028814641157+20.910984245597707j)
(12.57113307270553+25.59696738951458j)
(5.5238093415954275+25.02397987099746j)
(8.999366259436547+24.200795438865892j)
(6.426917843846482+38.75943654141105j)
(-29.113827426055447+81.70383413072241j)
(137.30499004749606+129.754071175316j)
(24.91936905382359+37.09076110668703j)
(30.605826157303415+27.58826638507054j)
(32.16866942391107+29.01663568384586j)
(36.48576091780165+16.805418672890838j)
(144.27292799069605-211.74430366994432j)
(37.3131865137255+14.320214541582462j)
(54.301681821383326+4.84666760822631j)
(61.383239850589675-15.694617330513138j)
(52.7355501884823-8.667781077072123j)
(55.14818685601277-14.685474198476138j)
(45.20270196560436-25.09633272911219j)
(35.3746397349444-33.94332051197372j)
(217.21117545234722-286.76986370011184j)
(30.212862740425948-35.77043439992798j)
(23.203111394586905-21.82814926006858j)
(20.3514697919824-17.680408387724412j)
(18.956040122370904-9.487023798585511j)
(15.659540610390993-23.081589428351947j)
(15.799912451739859-21.155066490928156j)
(21.307209016753816-12.473798595216252j)
(14.410447506273075-16.01202030830326j)
(12.885768090994523-26.950742664924366j)
(7.647343074923616-18.670473203594728j)
(-8.10305849011359+0.22083438454650717j)
(6.103953723485923-27.743839121511613j)
(6.50954034526084-16.157456931116254j)
(7.117184185057708-16.874017050688128j)
(7.199308812508756-14.165728839763927j)
(5.731105091291337-13.096750803168387j)
(2.036410096272142-14.763089280868055j)
(6.237517086452366-15.38511373855995j)
(7.128772502130645-12.443949372900292j)
(12.980207695897457-4.1958663288109594j)
(5.849513349072621-11.465766417892972j)
(8.262538359484747-13.259644364732557j)
(3.7722666557152844-12.690049277710207j)
(3.8294604273884905-13.95503382905601j)
(6.454426580502409-10.280901112818471j)
(6.792610101291186-13.344267866369515j)
(4.174914459170311-15.241663704179734j)
(10.142489870553007-9.353561607423837j)
(3.497347533623047-8.392479627918798j)
(3.439535473724415-8.086764605757216j)
(3.4468938169717163-7.816892283411293j)
(3.4710489919832788-7.623084933190089j)
(3.448756372490058-7.48126589427669j)
(3.3752278831469065-7.324067752740889j)
(3.3036927395538873-7.122781694496921j)
(3.276967147693158-6.90602711691439j)
(4.0884500041200065-7.24569325961715j)
(3.3162137389131043-6.591219347634707j)
(3.2977460174078055-6.495848172459966j)
(3.2408449553449215-6.382937245416197j)
(3.189487999021124-6.235535305474784j)
(3.953433345083773-5.724802099419877j)
(3.184749585757592-5.956495970148488j)
(3.1896068020673303-5.872987672912613j)
(3.1586083608079027-5.806753530233599j)
(3.1012852812864997-5.719895198483662j)
(3.0539979636861085-5.606929420785116j)
(3.034141883854948-5.495197644683981j)
(3.027476086871298-5.409832508628604j)
(3.006123559732881-5.351641582087588j)
(2.9548697483328525-5.296084889347798j)
(2.8895209688495367-5.217990500339696j)
(2.8383282565148074-5.122038491007556j)
(2.8071789656264237-5.033436884002062j)
(2.7779620459289385-4.966738692930414j)
(2.730242728445079-4.913703843324616j)
(2.6609724001868145-4.852215281719705j)
(2.5890628673092437-4.76917326137843j)
(2.533824783244142-4.676657458156243j)
(2.4915198089146213-4.5956975297971185j)
(2.4431271734804425-4.530990008158668j)
(2.376418452043016-4.46869092320457j)
(1.6915348902942648-4.849779282734451j)
(2.2248494627606625-4.296355564002863j)
(2.1692405874666125-4.199702978710189j)
(2.11972167172041-4.117051224188966j)
(2.0586184904910194-4.044732329647518j)
(1.9815616786671129-3.966185614943985j)
(1.9006527121660513-3.869722641560405j)
(1.832417911804528-3.7604467864104114j)
(1.7796024963791708-3.656285853566227j)
(1.7263562157275307-3.5671147137814416j)
(0.7438641731045642-3.150207675051569j)
(1.5757859950706132-3.3844824698487153j)
(1.4974267320291104-3.267474343367529j)
(1.4359235175874698-3.1426218702835667j)
(1.3873517503132102-3.028234723793666j)
(1.3321693254353644-2.9287465673143016j)
(1.258038396709971-2.8276125160328345j)
(1.1743245117682997-2.7069195042563168j)
(1.1004695347108668-2.566271459395615j)
(1.04669173596788-2.4221753709543528j)
(1.0030624242758341-2.292733621684795j)
(0.946942034507914-2.1771497623765823j)
(-1.856240212767521-1.8576005921098557j)
(0.7849312999049631-1.9027186332568835j)
(0.7174704955851603-1.7310105593323053j)
(0.6732191583013565-1.5594682746762862j)
(0.6364430908289057-1.4054484930577953j)
(0.5819630498558201-1.2626641909663918j)
(-0.6087842728501495-1.4584617326832914j)
(0.4249603897974531-0.9093453390847421j)
(0.37065930466601205-0.6921641707352029j)
(0.34363335947833706-0.47762817749647424j)
(0.32283215417319516-0.2812096187136999j)
(3.977500436264965+0.08893287158416317j)
(0.2215599361516168+0.12555433748271175j)
(0.1696519384842297+0.3835099986443838j)
(0.1533575979492321+0.6656315806574836j)
(0.1713664959126777+0.9430438924443538j)
(0.19975979449918405+1.2030169256139192j)
(0.21534823136243894+1.4610776760846185j)
(0.22204214215918303+1.7476530875548633j)
(0.2506784842105693+2.074076159739434j)
(0.32616208111647776+2.4198759561367047j)
(0.44537578707767495+2.755969331287506j)
(0.5851560784201315+3.0703305076863647j)
(0.7246950759505493+3.3762534771595316j)
(0.8666882668680005+3.6993360574605605j)
(1.0372202827306107+4.050024810822969j)
(1.2601004827420228+4.411047424100553j)
(1.5355021879528248+4.753910791503806j)
(1.842931166158307+5.06264549577742j)
(2.160260332179993+5.344422923220926j)
(2.483920804965001+5.620975516316317j)
(2.5439095864656247+5.614601898302686j)
(3.2333089387805356+6.186223487660422j)
(3.6886726191846573+6.433816465859638j)
(4.180366514646115+6.625090635599834j)
(4.680196235015115+6.759980697286584j)
(5.174004964331155+6.858729179794381j)
(5.672580997074287+6.940597739545013j)
(6.1991434205165215+7.00234927326272j)
(6.763608837714299+7.017402145504331j)
(7.3477073492219525+6.9577424688088065j)
(7.915695762566151+6.818959517951097j)
(8.441885095194406+6.624830115011313j)
(8.929590743448045+6.406254700330517j)
(9.403636382844155+6.173687075837753j)
(9.88272044470931+5.908083343856447j)
(10.355683349312317+5.579849283116489j)
(10.785212393771156+5.181027371634842j)
(11.139274290941117+4.739201756542937j)
(11.41955393811396+4.2965646097719485j)
(11.658072710712023+3.8750765072432922j)
(11.886696436089252+3.460588658459137j)
(12.106284350301973+3.0191761534694717j)
(12.28306594338423+2.5341806824250965j)
(12.38123068824902+2.0298908631029398j)
(12.400863014589238+1.5530537735699323j)
(10.070157043403983+4.182208192787955j)
(31.747963924429254+28.60184705498765j)
(8.871495777024204-3.7290438583680743j)
(14.914104506215077+0.5628242078598162j)
(14.538519663811092-4.944657570536291j)
(11.986266986439333-2.3603811805171158j)
(10.646688473583401+2.3828576053520605j)
(14.102664631835221-8.617954706073927j)
(8.365321152510948-1.4815773068134603j)
(15.612500512808438+1.4601230672261194j)
(11.735674788975105-1.9920062090584987j)
(22.013355323999793-2.748635107583123j)
(-1.2858183281713162-31.754901709843168j)
(10.501252512687243+3.2625806113713534j)
(-238.91194261441794+115.12441885262311j)
(27.681516698395274-18.025169739221j)
(16.957521143391407+4.568746746249016j)
(25.802456140991733+3.633470576215363j)
(2.6198768163822543-1.8842352928764114j)
(18.635060603016523-2.5316291202516528j)
(14.578324730644123-0.4523768842468877j)
(11.110706524479461-11.128353602827346j)
(-24.111568334334564-7.835107595520716j)
(12.989263040657738+1.231038075420581j)
(21.129894749450134-5.857320499041802j)
(25.46937146923291+6.951516815369383j)
(15.601773807906351-16.225399123992883j)
(30.570890819868428-12.840659061341107j)
(18.292315213008038-3.4953515729839997j)
(14.858699934624243+11.845345426089732j)
(9.769763478547782-2.0821564144236278j)
(14.044861978420863+2.786629767688014j)
(16.745768461575658+6.042961322403336j)
(9.16055050631854-4.030334766625264j)
(5.771378807705767-7.290309640210757j)
(10.415566543545031-1.7811380672350645j)
(10.576102430872613-9.426065727889588j)
(2.065354377030892-5.448401359953313j)
(4.641292068706544-6.385885483726036j)
(10.055134404350316-6.287283167212441j)
(2.5678506315442977-5.709926075477681j)
(7.064083318093838+25.378093956952153j)
(9.651406384978726-10.65179157671328j)
(17.056395874506457-1.2670624758559161j)
(10.83531061008943-5.00052403166636j)
(1.1391143578492173-11.115006815797132j)
(12.00333913123279-4.92105804049723j)
(7.918871769479191-4.424869301766117j)
(4.4540609303067065-7.298699829832791j)
(19.19052887993064-0.01863994418274271j)
(2.4740473793757065-7.462816816731468j)
(11.383097374821416+1.1452884586006147j)
(14.309648809379631-2.4834371513642197j)
(30.062919933299565-14.29238392890766j)
(8.079626188290135-3.8251217687411376j)
(0.8449735055348502-12.94382414371152j)
(15.289643567784498-8.922480493474971j)
(5.027021193448491-27.62682756780079j)
(13.82695189321559-5.842212154438585j)
(9.941675832298662-7.366546784984052j)
(7.23879313248554-11.507219690823653j)
(13.034014174587924-1.981027392700479j)
(18.97071058871193+9.852286750813436j)
(6.672368985670859-7.335705829366682j)
(5.042331791422286-6.787152390785784j)
(-10.517883305248565+7.7713812339599375j)
(14.679663442763813-3.9362610644391096j)
(3.3049424161867464-10.949862388921847j)
(7.046608287336146-4.955751536251913j)
(8.755162441628581-8.30787343582019j)
(6.571459276880063-7.717923359676208j)
(3.5985802119279415-7.637746217598166j)
(7.953222040167661-9.269008498757913j)
(5.456891207443216-8.3691726990492j)
(9.932989109868684-4.325589854927854j)
(6.073415904972263-2.75810532195958j)
(1.4277234938346755-7.1866918409853895j)
(4.148390328196535-9.896510312081096j)
(4.86963328664427-5.800930799896413j)
(3.7449140041698668-5.8731848211838305j)
(2.211573591894909-7.687073125706098j)
(0.5662776124347337-6.182672012283776j)
(0.8214341133784453-7.344174183157351j)
(0.5375506862888922-7.0742094840227105j)
(0.2889152452697981-6.779272777702036j)
(0.08031264708682215-6.476604630545742j)
(2.036362675704684-8.993704570196853j)
(-0.2586229453652704-5.891012140885636j)
(-0.4099658850781485-5.600454282784663j)
(-0.547659848058967-5.299220408474555j)
(-0.6610495489060939-4.985922248476859j)
(-0.7414872514472458-4.669378881201749j)
(-0.7899689717105226-4.363020329998234j)
(-0.816867737761351-4.075133227485232j)
(-0.8338566620077535-3.8038898039028055j)
(-0.8459421129947886-3.540822341478544j)
(-0.8494169994774687-3.2783871483534943j)
(-0.8358835944465546-3.0162044661568848j)
(-0.7997740751386571-2.762246577021896j)
(-0.7443618201379426-2.527357203496701j)
(-0.6807854846299946-2.316716371494182j)
(-0.6203507800775355-2.1256861636206485j)
(-0.566775378023962-1.9435922352078407j)
(-0.5145595020748962-1.7619973839908676j)
(-0.45444917376354915-1.5810350226796155j)
(-0.38192798129838473-1.408969885839886j)
(-0.30209877684808006-1.254868616000488j)
(-0.22637363824427176-1.120054494727629j)
(-0.1632693590608263-0.9960153571688254j)
(-0.11153605062126773-0.8709752361937508j)
(-0.06175114484401026-0.7390797565298666j)
(-0.004425562644990388-0.6042291838377448j)
(0.062368365791342646-0.4760304754241727j)
(0.1315773333481968-0.3613966828221257j)
(0.19314310555397982-0.25828894854588236j)
(0.24275555454234665-0.15708768270315276j)
(1.5346936603292554+0.12018448037136563j)
(0.3312213461099845+0.06830088317469825j)
(0.3865485325550489+0.1872801567700398j)
(0.45016481662563385+0.2994323682591419j)
(0.5142630667923179+0.4007677863679089j)
(0.5710433795619166+0.49540361400568583j)
(0.6193556377683315+0.5921219398660666j)
(0.665516609334875+0.6969093591250584j)
(0.7177580246947245+0.8083732149198884j)
(0.7798073905498877+0.9195100169930361j)
(0.8485270368050528+1.0233785053791107j)
(0.9166293781823065+1.1183404978998035j)
(0.9785144108727644+1.2092951163440213j)
(1.3684887146463196-1.469426605079176j)
(1.09199262921152+1.4050277852097603j)
(1.1563471138863333+1.510849486119957j)
(1.2297541327524149+1.6145886917276422j)
(1.308358983091775+1.710994642363701j)
(1.3857745348300285+1.799911281103756j)
(1.4580724926422848+1.8863252436982179j)
(1.526943198977163+1.9763306346733545j)
(1.5982256662138783+2.072156741912235j)
(1.6770951165175954+2.170570949115873j)
(1.7641609171744548+2.265694044018382j)
(1.855308415300538+2.3535316242191877j)
(1.9449739359112785+2.434863089464961j)
(2.030443921092074+2.514552275278999j)
(2.1140036004803657+2.5976697806513713j)
(2.2010711256183053+2.685402310497485j)
(2.295817004036724+2.7741886298395686j)
(2.397986398777683+2.858667328685857j)
(2.5033158137229643+2.935818400979373j)
(2.6069266491622174+3.007126805626491j)
(2.707078994767026+3.0773086204562867j)
(2.806503053782683+3.1505679648147056j)
(2.9102172329120384+3.2272345485136738j)
(3.0215115519489917+3.303506876401148j)
(3.1393838792383955+3.374516466086986j)
(3.25946807398115+3.438134247717829j)
(3.377536886682882+3.496470851778895j)
(3.492733527891437+3.55406895871729j)
(3.6081378894611227+3.614321744564709j)
(3.7283260170026367+3.676822372797716j)
(3.8557507637726136+3.737665105491292j)
(4.0716525689677825+3.4043223134487004j)
(4.123107886900244+3.840256466592071j)
(4.255210991144599+3.8833905341892763j)
(4.385076865177782+3.926253909217791j)
(4.516048456678151+3.9714666867917714j)
(4.65225066447715+4.018026083710354j)
(4.795427782482703+4.062067160624538j)
(4.943561725315589+4.099914870623189j)
(5.0925777480204655+4.131067745239511j)
(5.23975528620342+4.158496615204267j)
(5.385853738762368+4.186135869704222j)
(6.611481930215131+4.503880095045156j)
(28.307130968753828-11.338115588818807j)
(3.733221624539512+6.8580055865451826j)
(7.656315652012083+4.490912233538606j)
(5.739784380114064+8.240253515943687j)
(7.399092976025472+3.965344721342158j)
(5.9803883474591855+4.219850430722054j)
(7.30521654236056+3.6970504549637324j)
(2.6454197006416362+4.891963478172758j)
(6.596528455007584+7.245072653421548j)
(3.090354305932962+5.603614430071913j)
(8.267266086301394+9.819617847124961j)
(11.794733729994364+7.089663896186554j)
(5.462689774356975+7.593297510798396j)
(-6.680167348915375+26.716640517968404j)
(49.76496921812236-45.07223172638646j)
(9.45350694472703+6.675979996688588j)
(13.969981851255593+8.338145364764355j)
(14.72363792561965+6.63024085741946j)
(24.136782554354667+6.423984373685706j)
(22.795140210385537+15.719962926012284j)
(32.2163214786345+24.714745470558423j)
(11.510003828045964+3.5356020745719707j)
(0.4309403651283773-14.883121881464342j)
(6.788155268795308+14.325183133072233j)
(13.084533871508386+5.00317830458621j)
(21.72224913152641+0.9942994122555455j)
(14.403116733154262-3.5208174098959635j)
(12.730027528713553-6.860384891904283j)
(6.1105545373836465+4.105638706074821j)
(13.35959865889144+2.633276339868704j)
(6.626918784605464+12.4143617873799j)
(22.4793099085705-2.024323063171608j)
(9.27345923930114-0.5505339112687213j)
(15.075859628645587+0.04589944235967282j)
(13.242206177152536-4.615791765790183j)
(15.042551437265788-4.111275486627132j)
(-7.343266011820237+26.713873672886155j)
(15.40488332262692-1.4760672325787652j)
(12.419528494124043-9.066188330267417j)
(26.140953758792023+5.561286485317415j)
(50.0473815203175-33.41697632280624j)
(46.766568693041364-6.009948974195282j)
(12.01403732486976-4.862790708184742j)
(28.67541259256666+10.404212788329025j)
(11.958705552257294+9.56103494771305j)
(8.263999024716458-13.377155987684253j)
(10.852298760597654-5.200834517598617j)
(12.959945250205822-7.014309000785491j)
(8.932111751683024-6.084216416646011j)
(10.089779236522432-6.292570580570278j)
(24.12139134318276-7.869974068078872j)
(10.925748877074518-8.630252371124383j)
(11.747719561451275-4.764388009360393j)
(7.595821036678607-5.693405006847719j)
(5.1181993140464925-3.383908572709807j)
(12.481926855789737-8.51894946666576j)
(-18.925717248348402-30.825453177303036j)
(8.595822814339227-6.978616733885062j)
(3.902521010345726-16.72706711653278j)
(9.22293178919155-6.180018476014352j)
(7.690223365482384-6.98529639063741j)
(7.517720501285488-6.690425149864108j)
(6.640331081281256-7.112925639354036j)
(8.341875756373346-8.101964470893337j)
(6.2806275624523025-6.181555231846198j)
(5.93916823522807-7.441006082960311j)
(7.330959843312476-6.735593463671723j)
(9.393805711962164-8.761710958129207j)
(3.783299092076189-6.8196217118839515j)
(12.269356024046212-13.831665200271772j)
(6.859529375873477-5.847631005393315j)
(-3.5306748140438042-8.075492899603198j)
(3.128263515857073-9.13638823953562j)
(3.1759957925513103-7.40919537142079j)
(5.633678839793824-5.818997812936983j)
(2.174629898357769-8.167755887067933j)
(10.914554994583694+0.9710156181938687j)
(4.995879903300832-6.674878162209918j)
(3.4653374751065082-10.573612617385729j)
(-5.476433909262047-11.138222510756247j)
(3.8479009213004627-6.587414583114276j)
(2.7385031744382293-6.630689156325817j)
(1.9085819506459838+8.608774827310194j)
(2.599839031868484-5.152128661431235j)
(4.449321322866304-5.330079340598615j)
(2.123659029899045-6.6309251295341625j)
(1.8024544639519031-8.417988874687586j)
(3.7425392620388576-9.703871764125788j)
(3.7477647457179386-3.931898397828996j)
(0.7063207683867369-6.149651266305284j)
(2.2283363760283375-3.9290578438044466j)
(1.0735820269069758-5.794997761734464j)
(1.3183316319426461-8.150742362417049j)
(-0.05365605021774888-4.656984189819832j)
(1.9771509983150262-5.934364825386656j)
(-0.07960696385231197-5.3378971600976985j)
(0.5284002954510412-4.907293204232173j)
(0.5808601581286719-5.440185069471782j)
(-0.2320077216436259-5.091905234042991j)
(-2.0277096059375634-2.881950314729762j)
(0.3041456891054465-4.237479436834112j)
(0.8961851802637317-0.9181854939973255j)
(0.38051822283732445-4.132195155014529j)
(-0.5882847491828528-4.087557874448428j)
(-13.778203084124456+4.682661126275241j)
(-0.31221764168380123-4.048075259340545j)
(0.14035713251569157-3.69747885523171j)
(-0.5683927596904316-3.0925353968298896j)
(-0.9939213935421717-3.294101455094876j)
(-0.08726150568341505-2.959074503108707j)
(2.1306473491107605-0.5402751911989679j)
(-1.620212387092534-3.3307689766636672j)
(-0.6400628678186079-3.6358086774375566j)
(1.3893287815979358-2.4530557918814853j)
(-1.5756466428237557-0.6135163107255475j)
(0.5953126115941116-2.615323685634273j)
(-0.32787344364102405-1.4166239143185768j)
(0.12859243143424126-3.4993031582866485j)
(-2.0438485920835268-2.644576755635308j)
(-0.894640048327849-2.4807606159465263j)
(-0.2685866243063108-0.72481718912628j)
(-0.2408162832190001-0.5548071889029069j)
(-0.20407329276089411-0.38326028233811044j)
(-0.15554990229135748-0.21282752602629415j)
(-0.09495809009166192-0.047629624890577975j)
(-0.024738223457816764+0.10899948995707352j)
(0.05136024680237093+0.25611460810679965j)
(0.1302967227039681+0.39527826129115684j)
(0.21122103348458904+0.5292975855047445j)
(0.2956697228232091+0.660303001438041j)
(0.38633566310304923+0.7882233974896226j)
(0.48508001423381775+0.9106128834582393j)
(0.5914428262589673+1.023992521112197j)
(0.7026039764645995+1.125819592618907j)
(0.8147166460824491+1.2158430285493096j)
(0.9247394788864188+1.2961522270415828j)
(1.0317945330167284+1.3699945626845138j)
(1.1373747225345796+1.4399636999804746j)
(1.2442056871666973+1.5064892946175503j)
(1.3542916781706655+1.5675676405504781j)
(1.4673236272676176+1.6200299496269397j)
(1.5805107793936675+1.6615968049096428j)
(1.6899434170252823+1.6924146181640463j)
(1.7926232967551874+1.7151707172533557j)
(1.8879971503295112+1.7337650273799747j)
(1.978150040979123+1.7512606688502756j)
(2.066475968944671+1.7682269179584336j)
(2.155480482305028+1.782503966130083j)
(2.245030847813469+1.7906786147917322j)
(2.3322376299502463+1.7904197294673865j)
(2.4130895126027676+1.7821650072473516j)
(2.48478279769866+1.7690987824527693j)
(2.547317682463077+1.755492604920854j)
(2.6034601506416544+1.7444142000861909j)
(2.6570931615404425+1.7361128216064778j)
(2.7108704964510024+1.7280444597346025j)
(2.7645648100007887+1.7165986340923387j)
(2.8151713602697126+1.6995161411997162j)
(2.8587357924897856+1.677486042514369j)
(2.8927563088894908+1.653930031152881j)
(2.917679968204784+1.6331502003008278j)
(2.936633215188852+1.6180010596865917j)
(2.9536104811689206+1.6084619890190284j)
(2.9712134397231007+1.601898969755928j)
(2.9892381037517355+1.5948261607621699j)
(3.004909667510462+1.5851504189365846j)
(3.0146448954442366+1.573599160255908j)
(3.016318233833693+1.5634630964021285j)
(3.010652148844031+1.5587919562900188j)
(3.000888943185049+1.5621712180617346j)
(2.9910181885475455+1.5734383579546396j)
(2.9836889647141627+1.5900168273669393j)
(2.978987684946361+1.608555957690657j)
(2.9746823518550274+1.6269165216831178j)
(2.9677633254452656+1.6454273730126787j)
(2.956435635835138+1.6667019406716486j)
(2.941396951831957+1.6940775584901324j)
(2.9255960253204636+1.729617846626775j)
(2.9126545564731408+1.7729370255038952j)
(2.9050079118212433+1.821500856136025j)
(3.2664811768801982+2.1961932582023715j)
(2.904380083336568+1.9223245334722106j)
(2.9069527179359653+1.9719922563357697j)
(2.9087439134745514+2.0227111891076732j)
(2.9098232618731177+2.076923586169632j)
(2.912122517497067+2.1362709996568103j)
(2.918271860307291+2.2005451354896226j)
(2.930111805173787+2.2678055654766647j)
(2.9478011058913185+2.3354396930635724j)
(2.9698907386135587+2.401431699240099j)
(2.9941541668635594+2.4651991014929875j)
(3.018708427680173+2.5276853874227654j)
(3.0429047960774533+2.590703656814425j)
(3.067534742490475+2.6558537187773994j)
(3.094223732580693+2.7236194952974637j)
(3.124404533148142+2.793179809479179j)
(3.1585225950417812+2.8629650554215083j)
(3.1958680773903008+2.9315192324103716j)
(3.234976613904764+2.998179420277459j)
(3.274306826616368+3.0633263338272423j)
(3.312896471417671+3.1281735172603273j)
(3.3507361599509804+3.194194874130449j)
(-12.572706944871056+4.530925331027293j)
(3.4278755086301613+3.3331320704369323j)
(3.4691943963456975+3.40568888369588j)
(3.51276505572851+3.479219742160183j)
(3.5580196118649736+3.5530424295878j)
(3.6039972513488183+3.6270615620054625j)
(3.64978670046567+3.7018751510988572j)
(-20.007742673076223-8.564269101004143j)
(4.199913998974718+3.734579655386321j)
(3.9331073221617188+3.7574635714055655j)
(8.295584922469962+6.369913020803846j)
(9.095953451148286+2.224997343159932j)
(2.8992409832966484+4.68703517545257j)
(12.230891487883142+13.96151886328249j)
(4.468788909034992+4.751134120056794j)
(5.5140672110940105+4.497641644709453j)
(5.0475957557254025+4.739975079846747j)
(3.5690138646572014+5.1841027994482385j)
(5.791236000524617+3.9516019942628953j)
(5.430780447159311+8.657033404618394j)
(5.085669494009982+5.514991263910642j)
(3.6415511418059454+6.4518926775399095j)
(4.696553355161713+6.3140800115543625j)
(5.335334566055766+7.47137638315434j)
(4.8062260672498365+3.8945722082243677j)
(4.902477023992838+7.231099493478248j)
(21.130154148889883+1.2623962861786355j)
(5.310267862155012+7.931359195011983j)
(3.8012976539932297+7.864334613189172j)
(6.34628908195756-0.43749020184258836j)
(4.512884988927706+7.336266577344327j)
(6.919822717253161+7.784563604035401j)
(6.881039422483061+9.22879827781265j)
(4.508913055392578+9.230208221729033j)
(-33.67208475438813+59.78025302297784j)
(7.300448870506671+12.977685436574474j)
(9.675318678120828+8.018263381183429j)
(7.803403773511512+11.410907184864843j)
(15.158107432604867+18.328131397060194j)
(152.52526465957817+1337.4913560935113j)
(13.842284474888835+11.239402599826624j)
(10.156369343099144+12.866470374974238j)
(12.517280156883904+13.15329233159459j)
(217.00486808598373+122.92316368537846j)
(14.089909498790812+15.447309878323297j)
(16.36966246707109+19.821594189712144j)
(52.67528838916924+49.3181210269706j)
(27.00601909724089+78.55618849577857j)
(32.323250602041426+8.713827386425862j)
(28.237050628425624+23.69491498617427j)
(23.855036107996842+3.52478407416658j)
(50.49257546847812+19.682317474424995j)
(32.42737647779885-2.499239844414676j)
(21.943499705717777-0.05878569460655039j)
(31.19928524639243-49.708108414810766j)
(37.33717833287399+0.5486561855482451j)
(25.742537530667317-17.92713498559449j)
(16.349437224481747-14.762015858909162j)
(7.148759765802703-19.952119836320566j)
(-2.3831300145353835-12.574720595372515j)
(16.774242529575027-14.611125856981474j)
(-88.39585674197876+48.39528607705558j)
(21.269615217260448+25.69295605021285j)
(8.996699632263146-24.57980644449576j)
(22.652725724115545+0.6017430083670527j)
(34.889874094330864+0.1362725244978302j)
(6.8233948603920584-13.541649127618545j)
(7.150282202803063-5.913804817368584j)
(6.277542249877291-10.800412004940354j)
(4.431653642339488-10.215607613434704j)
(3.84052315375621-10.033450627611609j)
(8.191157965955345-13.142750438191579j)
(6.438183449804752-23.10059191771301j)
(23.76670610150703-13.23784639158605j)
(4.170144760845281-6.478530440873949j)
(3.9761203013403135-10.436727153463195j)
(4.868713397381718-8.201061589584691j)
(5.576770198352119-4.768801740999248j)
(11.063292394327904+0.21677392655912336j)
(1.94712450635856-6.526511061499521j)
(4.667645389247288-7.623425691471337j)
(4.62574470297844-20.961871230140478j)
(3.063125728116418-6.132864084366511j)
(4.463902837020923-7.258248035165854j)
(1.352951643023285-11.017044144997818j)
(3.4469341600710095-5.950727025045333j)
(-20.652761977980585-26.926439425535172j)
(5.044795590889856-5.497387607212814j)
(4.195426861161488-6.174402904148926j)
(3.3620504438089855-7.490101527493647j)
(2.3575763399187837-5.813779591163238j)
(3.3863217317795336-5.75267862438037j)
(3.3155514715633037-4.966557486399201j)
(-0.37710436429741756-6.222305772287624j)
(2.111907287103916-6.283761628014703j)
(3.479506623209704-6.4931345127704905j)
(2.0323568272330848-5.17946112759286j)
(2.6523039130258868-4.354947471784796j)
(2.5693953915292775-6.690914141108385j)
(4.46824300601655-7.317437725047345j)
(10.000696323598376-4.507959305423682j)
(0.25872544371673456-8.410478401184031j)
(0.6508604671284491-6.1725208071841395j)
(2.1165864794603535-3.926077507330634j)
(0.35460662630648115-5.21714787246932j)
(3.621517331337746-4.915908872065902j)
(0.5723680820407316-4.898857023829423j)
(2.0029243740936997-5.782834584813674j)
(0.9971822852364686-2.621632857044629j)
(4.045793654954012-7.50354744442416j)
(-0.7493553700964611-4.464834841814049j)
(-2.0790013834780474-3.4235365943332066j)
(-5.338473546632919-6.543760937906335j)
(0.7049521365757582-4.66652808438983j)
(0.6321183407378117-3.8240142224124094j)
(0.4095160874765347-3.4611929860466795j)
(0.8477075173854411-3.7278575814348325j)
(0.013419907947970103-5.6688145666861995j)
(1.0706581107948319-1.5326587123059958j)
(1.468854699467765-2.160139246748162j)
(0.6971484144405319-3.1013936159357987j)
(0.408921225880614-2.9837394996813953j)
(0.6893067521109617-3.7840320951046817j)
(7.036987195955982-0.42473987851143513j)
(-2.642460263831438-10.621064035075845j)
(2.5838502410839554+0.9010769364969532j)
(1.3459259428612869-5.143183049962221j)
(-0.7102519499757104-5.113793368658833j)
(0.6647551459041492-1.0280071740301875j)
(-0.8721659006580922-3.5012977262198777j)
(-0.08789207482098128-5.3547457643063066j)
(-0.6127429750485979-1.8690571743099467j)
(2.9760721179721514-3.2482938955688176j)
(-0.4476959554938891-2.0046130483368803j)
(-0.3956201669664997-1.808315577794207j)
(2.3415735044197334-1.680590616045021j)
(1.3566350540040608-2.1485324863475093j)
(-0.34561862879279404-1.8678848000764003j)
(2.3742597031035997-3.024326852372545j)
(-1.0163674079849783-0.2293037897187232j)
(-0.3205551471680268-0.1847602785416356j)
(2.0253533199932288-2.2580960232753897j)
(-0.05156520639663978-0.017497412306340138j)
(-0.01631150042758525+0.12547596639987948j)
(0.025567780618180436+0.2663165145477572j)
(0.07345341938891096+0.4045621741499946j)
(2.881172119568492+3.2533838357270244j)
(0.18548698080472295+0.6732927436523513j)
(0.24954869959104042+0.8041025688849428j)
(0.3193768187306753+0.9325477745515535j)
(0.3954090379281872+1.0583054428611207j)
(0.4631548676000726-2.1820746267993396j)
(0.5673640922688442+1.299267722569082j)
(0.6634642643501683+1.4128982237101155j)
(6.781024887133729+10.414567293287517j)
(0.8749755568984389+1.6224336638453505j)
(0.9896051017820361+1.716884422442473j)
(1.1094723477544304+1.80361431618173j)
(1.2339877164555875+1.8821093516044287j)
(1.362547108758669+1.9519668197827407j)
(1.4945964885968923+2.012878376337048j)
(1.6296876186526243+2.064560884527805j)
(1.7674786203308468+2.1066442851194305j)
(1.9076503075080542+2.1385667519051847j)
(2.049759548100585+2.159539380991839j)
(2.19309266661247+2.1686060259567457j)
(2.336575661284579+2.164769776001217j)
(2.478755075944678+2.1471351643107344j)
(2.6178294625551852+2.115034385028253j)
(2.75171169025908+2.0681344781969684j)
(2.878122637934543+2.006528779752513j)
(2.9947260799314943+1.9307963759947415j)
(6.529548224440492+3.641163374126679j)
(7.811532914128832-1.4056042738771706j)
(3.869759691723676+6.019393642059792j)
(5.844553861380396+1.270113526274578j)
(3.360897047883179+1.3866500875667858j)
(3.378857450427885+1.2563366758980778j)
(3.3738485518373467+1.1237727838731437j)
(3.343445564644179+0.9926427757994982j)
(3.2856759309762897+0.8683331946845488j)
(3.2001980907029335+0.7580906979459795j)
(3.089752018655734+0.6702662007438819j)
(2.961048147082413+0.6123789132568983j)
(2.8240799220526918+0.5886199070607672j)
(2.6896827933149274+0.5982652593575688j)
(2.5665514281352597+0.6361579755602615j)
(2.459412814288215+0.6949726786945407j)
(3.4866825706965106-5.546128243647122j)
(2.2941745103398854+0.8501228476744697j)
(2.2326989507278903+0.9396549649678486j)
(2.1839895636573874+1.036005433495934j)
(2.1491321278073046+1.1388867437270924j)
(2.130427659597416+1.2466477534267382j)
(2.1298998039766954+1.3555870660566747j)
(2.147733821582112+1.460546813026734j)
(2.1815966515829484+1.556423518561193j)
(2.2271440314844035+1.6396573853838365j)
(2.2792362262570314+1.7089680790748754j)
(2.333163892849841+1.7652509845837125j)
(2.3854923054377237+1.810962104869428j)
(2.434480981446045+1.8493145980444565j)
(2.4801482556460708+1.8834361261047983j)
(2.5239839169416474+1.9155554842833464j)
(2.568267018815596+1.946368484516158j)
(2.6150728831628993+1.974846235072782j)
(2.6653001488463977+1.998673868152505j)
(2.718148767945358+2.015193422458056j)
(2.7712573264970555+2.022433881894979j)
(2.8213529387953646+2.0198262270542413j)
(2.865103039444741+2.008453333152801j)
(2.8999376589612433+1.9908857975744965j)
(2.924730576708205+1.9706750557945456j)
(2.940225265415372+1.951525216802253j)
(2.9489966888066124+1.9362198021982195j)
(2.9547352088281933+1.9255966160128923j)
(2.960898779116541+1.9180784085832459j)
(2.969224473347703+1.91017126164725j)
(2.9788234415933412+1.8978470555768026j)
(2.986306396549638+1.8782081547815908j)
(2.98683615724633+1.850746530088658j)
(2.975666506070382+1.8178179988059702j)
(2.9497231725508413+1.7842570792432615j)
(2.9088441239139673+1.756176291779529j)
(2.856241499060347+1.739115224941163j)
(2.797754645331213+1.7360347933632598j)
(2.7398504921302886+1.746030620639053j)
(2.687060583328904+1.7645870860022188j)
(5.505306057110482+3.519794845219486j)
(2.595334780763721+1.8035204456621061j)
(2.5466295474911647+1.8169508804745167j)
(2.4875128822288266+1.8285430375068301j)
(2.4142207297945846+1.8449852920258356j)
(2.327700661860811+1.874607210480055j)
(2.2338761795703386+1.9241246367796176j)
(2.1416900369330008+1.995804075840772j)
(2.059695243156417+2.086573248349854j)
(1.9929709401578242+2.1895817980083923j)
(1.9419079862154822+2.2972238519944175j)
(1.9031610555482599+2.40396820021975j)
(1.8719636908749613+2.507781148416585j)
(1.8445962396016926+2.6097476143841876j)
(1.8198377955099485+2.7122685379972125j)
(1.9454774383998648+2.8310849197107233j)
(2.643739357864595+3.26775048827099j)
(1.1616361756631888+2.4278837283359307j)
(-2.4592247954484905-0.27423762632587584j)
(2.363240748597795+5.125389408793541j)
(1.7710034836619684+3.87589308458496j)
(2.815508188889249+4.335433762323618j)
(-0.5749618635512677+5.193099091464662j)
(1.4110493611684451+20.751457608398905j)
(0.5075297592802878+9.87093213527731j)
(1.618999399156965+3.6659046741410926j)
(-2.5665190196718557+3.9370290167754582j)
(3.7477757051822387+4.040958760452464j)
(-1.5472048079217569+6.754527768087097j)
(2.3426073439491866+4.310581383025101j)
(1.6422381320899186+1.037154105243785j)
(21.275167431778595-10.225097663604368j)
(1.2791467792635247+6.731706650351167j)
(1.5620608487735652+4.3343052367298895j)
(9.659527373822364+4.74051787298275j)
(-13.883998918612376+34.41516733817812j)
(2.311595730910956+6.4083555489826525j)
(5.527824686887391+7.746782530198159j)
(-0.36917555422898035+9.728452798233445j)
(-3.0565687236981947+23.780193854365947j)
(-3.244936291881929+6.110212650239259j)
(-43.47054893574912-22.525844674582366j)
(3.8809351034950965+3.796065858372132j)
(-10.849830036755627-41.579254065602484j)
(-0.5692479538466614+12.41630664451138j)
(3.6452661554463126+14.034577659219599j)
(1.9906378080999658+6.927506447766737j)
(1.5620611850359256+5.502738668274193j)
(3.647710596369869-0.36203840790389946j)
(8.138357294615663+14.856318911214567j)
(-1.4839266942280998+10.858379311182338j)
(-9.247099408083818-1.960382781344878j)
(12.149791974108904+17.94605983405852j)
(-2.7166213627900127+7.479569674494938j)
(-1.2035037547385519+7.997125293059062j)
(-3.839197318064761+18.54780011101094j)
(-6.500169753713319+13.770047523481892j)
(-7.525016017849952+10.403823225772637j)
(-2.220848676942169-0.18572947913661222j)
(-2.7268812088225403+10.861053920022629j)
(-5.6599106950744975+10.27512949884073j)
(131.17892239920027+69.76416889285645j)
(-5.835516902712281+14.12913072530199j)
(-32.981933931578695+10.043280451073132j)
(-4.158504516628576+26.546258557124663j)
(-10.84560219753533+17.301828375923193j)
(-10.614087526348259+28.959806920011875j)
(-27.81849999486102+21.052270640421042j)
(65.10235236486535-147.59112655430474j)
(-54.0098402779139-88.5042623341753j)
(-52.29988476487871+4.517630111672058j)
(1.7040928875616348+19.22340517463759j)
(18.317181492268627+70.186858635863j)
(-35.30705806319754-17.055538582957265j)
(6.396502068776907+22.297106885816426j)
(11.12962573948512-43.42628727664801j)
(3.1960547170486486-22.354166674949155j)
(8.84360717764755-25.7255453315657j)
(10.872098442381867-15.188753782392698j)
(-47.467117091211115-75.35037132042079j)
(5.628301756396306-17.812620005664353j)
(22.465803081249746-14.782122504757556j)
(13.437125446417863-8.030349975858282j)
(21.02644448051343-15.64875577300951j)
(5.296443818643988-47.232165366999936j)
(16.870430439779057-12.603188577090558j)
(9.154944064350918-9.264336709598048j)
(9.174668025154723-11.281137565034888j)
(7.349590363938501-11.093260525627848j)
(8.076749270713988-7.4689033841283115j)
(7.124391055297593-5.956668655893072j)
(14.491936303629853-13.712581917689834j)
(5.850516215143067-8.605492546229174j)
(8.028922620030755-8.033550262379356j)
(10.274685192464798+11.47823387988348j)
(12.066703617912225-34.847289621474935j)
(5.067960042169213-8.612851760060314j)
(10.70901721807837-3.290109767743757j)
(7.423038769434283-4.079825863280053j)
(43.374415231665395-36.48332043344936j)
(6.706357900987432-7.649747487272656j)
(12.028662422023295-6.52927288198199j)
(5.830838088987383-6.302878862817227j)
(5.42023559108089-7.396897574433262j)
(6.754365581190611+1.118437869601984j)
(5.677398485597558-5.046312944502874j)
(-2.8382570714310504+0.38336602421434035j)
(13.588443204732242-4.483571142418079j)
(5.587220774114348-3.017010095742219j)
(5.8139351825460155-6.479371509303601j)
(5.399500071758557-6.0208563544079885j)
(-5.426905866242941-12.380929494294149j)
(4.3474721772301335-6.326340925056664j)
(4.697869862626589-5.397965342988873j)
(5.939467299420275-7.337720769968041j)
(4.0253672509702305-4.7217504155815035j)
(4.900626614197599-5.8702312502529645j)
(4.417336152515955-5.3331552769846615j)
(5.364721389701287-5.6368445674673096j)
(2.5466616803760425-7.700174558223979j)
(8.758716730878868+3.160128201641323j)
(18.950588352708913-0.00045332825328573084j)
(5.003894337473097-4.55326475610433j)
(12.789879320590474-5.249206966849334j)
(2.1069746432804988-3.6734549724888406j)
(4.9383382704970495-5.24812722845051j)
(5.832684007214828-10.343010636675299j)
(3.5305712005480654-5.394084445986076j)
(6.110119686273155-6.050350729179758j)
(0.7152980473999448-7.834285734629756j)
(-59.53088644948603+569.6439365668903j)
(2.6781746517315836-6.469224061961618j)
(7.8151796954170045-10.02961855474091j)
(3.103916224550694-6.534056322298111j)
(4.578182207574943+5.291841794817407j)
(-0.3734367187084768-10.511289566824408j)
(3.074541733987051-8.07538710020478j)
(2.8986582978864144-4.254490880623517j)
(-4.385083367824903-1.9630048388164991j)
(2.258611182536237-5.902937194070612j)
(-0.37856703357716165-7.3335213939649675j)
(2.5648569400164423-5.808916889208021j)
(11.753721884615917-6.948026199303185j)
(3.910421890974058-3.6779739038219343j)
(4.281573443850644-4.902193597157614j)
(3.2108426723900623-4.841366142171925j)
(2.321157094223551-11.574743884631062j)
(-7.821691124922136-6.599799267172068j)
(1.223344899637865-5.997076583077675j)
(-71.64078221726328+69.40006786274982j)
(2.0343810804420457-6.439514696810957j)
(-0.40448816320580877-6.558700783151925j)
(-1.6652592289606964-3.2638872909857555j)
(3.4679136243450985-1.8218750656070115j)
(-0.35938153856683-4.404634355830101j)
(0.5270955884807307-3.900746570162051j)
(1.302743325846977-3.913382921847122j)
(0.5391229538593034-3.2604399171205327j)
(-1.5879362049698575-6.173536234063174j)
(-3.35332657911402-3.9261482583951j)
(-0.3860541146932866-5.25060126896199j)
(-0.8049861566328178-4.68783822637827j)
(-1.350263469846625-4.271191699949j)
(-1.902449002170526-3.3054316413121314j)
(-2.658229546896052-2.545925152811905j)
(-2.512661053674574-1.5917131075590458j)
(-2.4916662892842094-0.8398733400537748j)
(-2.0498841634951845-0.21478013975418483j)
(-0.11874126120005794+0.9455712384570695j)
(27.17654196960508+11.42972809754899j)
(1.8441323787003114+0.3027883950332225j)
(37.64963677202319-12.06510535783809j)
(0.7756727734791714-0.5737452957239668j)
(-1.3905595339107968-0.8637780651626904j)
(-3.122436090091804-3.568921125003804j)
(-1.8557053612227978-1.351927483523054j)
(-3.1030559153091826+0.5204311369182356j)
(-2.982554818244798+3.269516924815195j)
(-5.405148059814063-3.4511510301323742j)
(-2.0459985343748976+4.95898255981576j)
(5.53515680738463-2.0604283571708035j)
(1.0369086254859008+7.490560418927645j)
(3.7381029666283716+8.737624526481873j)
(12.08860750200719+6.032977830520046j)
(8.483710360853873+7.7489099628359j)
(-4.7397548429882415-4.821632266384252j)
(-142.9030336539211-27.569895377338707j)
(0.8125516008334884+2.6786628540602724j)
(-2.5500410517557834+4.591428357323378j)
(-0.41474594734979026+3.830672313622893j)
(-14.400112410362846+29.681047194399113j)
(-4.391450667725908+7.028275357241559j)
(-6.259764119625598+11.517644968930746j)
(-5.949173617253934+8.297592940817191j)
(20.658552131766257-22.67559805718369j)
(-6.529693097166108-11.114948128559808j)
(-11.106946440313557+22.058073035170185j)
(-8.347147846824868-0.8018758742725979j)
