(29.503457806827104+0j)
(1.5948538677693702+1.0515423483884279j)
(18.860044800173497-6.71244700146434j)
(17.360949156727827-2.3267558428580415j)
(22.0386139379952+0.7317560867040994j)
(29.217028650130544-4.858661598678806j)
(2.378423761421568+1.9994901655067336j)
(16.464726518023515-16.879542915312463j)
(11.968850619056312-12.73540253748753j)
(12.474892346173327-8.47325536433773j)
(16.74453923824781-7.996291780869254j)
(18.18795575877918-14.065636152833367j)
(12.234452237433988-17.743645436802012j)
(7.084944345403822-15.563225535740417j)
(5.405712382139367-11.8566311351059j)
(6.660567573111258-9.04932214857264j)
(9.415998430631964-9.576152807277941j)
(8.719826805336686-13.20017443407634j)
(4.681590857853188-13.824737594156831j)
(2.036132094207965-11.581701459013962j)
(1.4787027051670634-8.86587038131491j)
(2.6706906233335372-6.9836063701917706j)
(4.448515382580611-7.458968541368197j)
(3.673215441130931-9.459130343709505j)
(1.177422889290701-9.337367989384699j)
(31.345007715098706+0.941069021418473j)
(11.624260434953074-19.73423492215303j)
(0.5027765231205067-4.173321209825535j)
(1.8134983929148791-4.429893688306325j)
(15.612049178646563+2.57663433440441j)
(-0.2960755103246866-5.422775100107863j)
(-1.2651115551762302-4.060798154095624j)
(-1.2974799659189369-2.4955484095574447j)
(-0.4709065613112848-1.3562811637597962j)
(0.6077887099214784-1.4347295389585948j)
(0.3814851850063772-2.2643232251170877j)
(-0.7521880790056814-2.060509328759655j)
(-1.4473564395350331-0.9657421693197207j)
(-1.4289924444946953+0.33404548744819884j)
(-0.7208211493426395+1.3346423924005262j)
(0.22771730459129522+1.3897554390246758j)
(0.18276226293436104+0.7974458037360959j)
(-0.6449365077259869+0.9759949694408836j)
(-1.1770618259849133+1.9079601341043664j)
(-1.133925559404871+3.0560895924130027j)
(-0.5040986299113366+3.993188046980068j)
(0.36274125912344357+4.164145359514412j)
(0.44242824542934983+3.763244203842271j)
(-0.16737132917052291+3.961157211724827j)
(-0.5778987978127601+4.816556142684101j)
(-0.5108194719850075+5.900687042729821j)
(0.07154995165023115+6.841098426050985j)
(0.8796249019226214+7.149342523856045j)
(1.0505050379522514+6.977136153551561j)
(0.6410970924865015+7.286229533841246j)
(0.3649403780684955+8.161701269941094j)
(0.4777362748366747+9.278471450058575j)
(1.0370224188466035+10.323748659352784j)
(1.796411133045913+10.891155810721463j)
(2.089470637889929+11.13886503171358j)
(1.9903431226645638+11.762756055924374j)
(1.9781406344170205+12.833064504691283j)
(2.2416435297716384+14.174766151215108j)
(2.8644060105683082+15.613989349805891j)
(4.184192818553235+21.773209462459533j)
(6.675402910665688+21.816467918111787j)
(5.9209903777372075+19.061370488260195j)
(9.653132811402335+25.307203594964395j)
(0.03282591747685586+32.799958552231345j)
(53.028056400667914+106.07973895181037j)
(16.00562200984462+31.065803588843902j)
(59.832229026618364+61.2646481312571j)
(31.580655951190653+30.181467105299202j)
(28.269249587640584+30.124132261062027j)
(42.13857315212212+31.969304963924806j)
(59.740646417555894+65.77584873420469j)
(57.40271931059398+19.238368014988783j)
(59.849113271248946+26.655619423026664j)
(52.68281762636591+3.8895979893717163j)
(56.955526221363016-20.25736357939737j)
(126.71358071263444+373.9179525285734j)
(64.13476672681772-27.44873860230643j)
(57.31143673372792-9.966341605648935j)
(22.88868335204414-31.48373768358029j)
(28.256220748391772-33.613411701106074j)
(-12.556995094206075-26.15874502389219j)
(35.33776191443227-37.44590482862442j)
(21.965167345216628-26.736491647661527j)
(13.005834291323966-27.327514216529128j)
(11.113295485587948-28.000933147359365j)
(19.166871688727877-3.047976605474481j)
(78.70041674038136-61.889568127243614j)
(8.645112601879324-20.80916654695282j)
(5.409126755087455-19.79220722159886j)
(5.862271705938-20.6351618624904j)
(6.292131755153712-15.30014865443898j)
(7.058447661156263-19.199001277638775j)
(6.023830858866199-15.729802187316807j)
(7.197776410108538-16.154490403993787j)
(6.564123675647314-14.752251684283882j)
(4.778178280845275-16.333380852775857j)
(6.23560675396034-17.023660885229027j)
(5.560505941624163-12.316563713456722j)
(7.785108869917489-20.320783658815866j)
(6.08152832442491-13.86575357794505j)
(5.075933677617075-11.756399103110645j)
(5.544422215750772-12.480118897043774j)
(3.8702894213241232-6.976712400253202j)
(4.55448154154934-13.228501202992751j)
(4.7904067449045815-10.599742894466077j)
(4.159019381626268-9.012386408537372j)
(4.0008060247689-11.259606097372245j)
(5.02224552423051-10.17239846528096j)
(4.494740336430394-10.272980878738279j)
(3.0969637655346784-8.115624257771744j)
(3.1833705578969815-7.78167382542579j)
(3.310466410594774-7.614546469158915j)
(3.3074220525157756-7.564810309452533j)
(-3.452324325593336-7.792073814931276j)
(3.04816989894351-7.200275751845403j)
(3.030961309969173-6.916354569969361j)
(1.8328957131570023-14.643500531455453j)
(3.206234668194425-6.591337282658391j)
(3.193984648066567-6.567914071808569j)
(3.082308632973126-6.477999648023561j)
(2.9965384416893017-6.291391473103137j)
(2.997327459395635-6.087863423228003j)
(3.0612113069635334-5.944591195149218j)
(3.113734056906594-5.894387910718193j)
(3.0752271597563383-5.882846678577719j)
(2.9711301641992645-5.804631859941551j)
(2.9039008582636594-5.6546256867039935j)
(2.9071164881307845-5.509243420207151j)
(2.9422068600078197-5.423331032090269j)
(2.9457217915533556-5.400112351233613j)
(2.875352547538719-5.3818201435152035j)
(2.7721802970449647-5.298672015346707j)
(2.714599624486643-5.1689166422195285j)
(2.709711233600241-5.061476503711013j)
(2.7097996169185836-5.006994573650349j)
(2.667626728603076-4.985608854764788j)
(2.572744328684762-4.943955482905081j)
(2.4737709353500983-4.845048544767306j)
(2.423864705352201-4.723940827281627j)
(2.407704514838252-4.637217781005509j)
(2.375883813182851-4.592018832863334j)
(2.300653111158803-4.554164144335108j)
(2.195069340133352-4.481507507082855j)
(2.10682756782391-4.36397895942582j)
(2.0656767654018373-4.24554417533384j)
(2.0398023566966805-4.168119455569856j)
(1.9836500829104604-4.118551275865068j)
(1.888869922749175-4.055914681139615j)
(1.7839016421256786-3.952227566571094j)
(1.7104513530556098-3.817540791652376j)
(1.6786846130388158-3.6990406977798327j)
(1.6452667434798227-3.6243710983477313j)
(1.570936277390338-3.5634819155019604j)
(1.4652448287708275-3.473108935095439j)
(1.3666509094866317-3.339822390607159j)
(1.3088906643282963-3.1887283790544334j)
(1.2861091344597464-3.0673447048136873j)
(1.2463183891999903-2.990611961478349j)
(1.156736240973833-2.9136254494859317j)
(1.0438423344159298-2.7923180588781973j)
(0.953704052679538-2.6277532961623775j)
(0.911370384240297-2.457487586851255j)
(0.8970284790629695-2.328106736411222j)
(0.8513098871202542-2.243063818223279j)
(0.7473354892414318-2.1432175734037426j)
(0.8657089735204142-2.1232839417625633j)
(0.5486941740196583-1.7805519303882058j)
(0.5226366666604499-1.5832625964522593j)
(0.5171312004106455-1.4361786183264107j)
(0.46655737605520986-1.33085927107641j)
(0.3507012862769268-1.1942019341883232j)
(0.23120030945669406-0.9810149328824268j)
(0.1678482844029691-0.7242703805397921j)
(0.1643158838634713-0.48431341808199746j)
(0.17357075501438018-0.3002684109859097j)
(0.12787936274835102-0.14969475513880762j)
(0.018104975699579137+0.05061202995048263j)
(-0.07825274564086371+0.34095899124844414j)
(-0.0994488055112211+0.6720011867062464j)
(-0.05472480241301273+0.9768551452869729j)
(-3.0611842489619614e-06+1.2258890934289128j)
(0.004229022953207303+1.4525648303014917j)
(-0.03864162805145909+1.7361774436995943j)
(-0.04995639560901404+2.1063940053781103j)
(0.026380966296591195+2.509054296541764j)
(0.17592493586064448+2.87909100317263j)
(0.3443555344650853+3.192494362174315j)
(0.480613139032437+3.480392519752972j)
(0.5870822522010914+3.807872639269247j)
(0.7271825005987554+4.203615241738206j)
(0.9554952771185562+4.626227457158075j)
(1.2679793939697732+5.013190540191094j)
(1.6172076941166158+5.333059589647133j)
(1.9520922883886767+5.60486711562662j)
(2.262355911809251+5.883387957359449j)
(2.5944806910218676+6.20560740750858j)
(3.0070082247593577+6.547855341328535j)
(3.513152558625683+6.8468034025161355j)
(4.0710866617412975+7.054184647814039j)
(6.051895636406803+7.2636039478219505j)
(5.1277502684823695+7.2558726440888375j)
(5.625209338952507+7.350651435276473j)
(6.171638676859209+7.455277519266112j)
(6.797632028024021+7.511111838120815j)
(7.46867011613769+7.4539640564531835j)
(8.10863715744197+7.272961478082971j)
(8.664104090997302+7.02252976147466j)
(9.14898896027616+6.7733185200604735j)
(9.62735795637325+6.548575509431943j)
(10.151130821438729+6.302144606816942j)
(10.703086516439054+5.958721109433038j)
(11.20016392859674+5.4910965046575635j)
(11.569294877561823+4.957964843436985j)
(11.81745228483371+4.452203997361508j)
(12.020576991901327+4.0186010792373565j)
(12.254434407546391+3.6198841025693445j)
(12.525047893224066+3.1697361397286867j)
(12.752064810469095+2.6179889593963597j)
(12.84533134308729+2.0162109593631206j)
(12.803613932841166+1.4717034504745248j)
(21.409298288581887+12.556686465817295j)
(13.18778209068625+2.479352659836247j)
(13.601132186140633+0.9709725093390769j)
(10.058014973527264-3.076615006398755j)
(14.325236401145421-3.3414222467296564j)
(12.957747096334248-0.21140279803122822j)
(11.175050492251357-4.549796862590722j)
(15.685297743828116+30.20625088452896j)
(2.2733869541413827-21.535395555069837j)
(11.76613827945377+1.3153560883919422j)
(13.804055462666824-2.1994771907076793j)
(36.068124680803436-58.03964662153711j)
(15.0481744052299-2.754340676444646j)
(-8.377737762069005+48.01894207107976j)
(20.84869280474313+1.6461983747626194j)
(1.7056469129855816-14.908098907636239j)
(12.783936293814307+6.9887145115153375j)
(7.477255800046359-6.3582653801895335j)
(9.243856759194893+0.2598672302841704j)
(9.965673860631366-3.6849890471238482j)
(-71.98449311394018+123.23714765204986j)
(12.140236869024685-5.8441306274069j)
(308.5474710089943+135.6409791168616j)
(16.758418208558442-1.78870735844136j)
(10.700116380810604+16.67844590787729j)
(13.47620919351169-3.1018415200491605j)
(3.103145731033001-7.667491868696319j)
(31.77984203784067-11.647582248533652j)
(87.70510471727249+38.406484734790716j)
(5.762120060926954+43.28682334997998j)
(65.30205839102943+41.802200243327405j)
(22.14746763471253-28.557848447777936j)
(20.073552711038303-2.542089971147872j)
(27.177496374715655-27.55483959737477j)
(8.125179954007152-20.487232478748894j)
(15.362319400792867+5.712826595136594j)
(-7.470187965303744-8.729404734871563j)
(17.570313721890795-26.76240238257317j)
(65.75455224112439-85.54679618643254j)
(5.291830239628407-6.389646985751663j)
(-37.02660084977754+39.8441658975129j)
(6.5835607322190235-6.32231285855615j)
(13.71708268059301-46.544466257420176j)
(2.4188355309334115-9.860944555168597j)
(10.671080375582095-2.099604856157965j)
(15.320938246208174-7.487171953477801j)
(14.999940918332676-8.129989930154652j)
(12.520994969260698-11.205562660003627j)
(22.23390399930634-33.48503938935886j)
(7.526780903383247-6.2069605465358615j)
(5.681390963413151-6.180736847914373j)
(3.5928966929671033-6.70318738322266j)
(14.370800255500395+13.912064448791991j)
(1.517845180839952-8.492260023628095j)
(14.348561585621349-7.857566754853942j)
(13.207587414667215-5.627478079243287j)
(14.314250008289523-11.467035246923004j)
(6.517572420772645-3.1787322671434732j)
(8.62970978085664-5.021480738465722j)
(-2.9613920988027758-16.120619561006958j)
(6.473430111388525-9.320748048208921j)
(10.045852877576971-8.976700209732808j)
(11.044839217875529-7.496867932633404j)
(10.867756977712428-7.614885745331472j)
(4.211872338940791-6.994902496018691j)
(28.09423217612155-67.60912057916936j)
(2.737530449702361-10.224813957590301j)
(12.502178750052597-7.946003136963947j)
(6.35554928694183-11.915927781595874j)
(1.3484470065837117-10.347356799807741j)
(5.787055891252843-9.277917652592084j)
(0.7278956234326858-3.929095486906572j)
(-13.555725428419873-7.010349903537027j)
(0.7312415724376432-6.017912134688737j)
(6.979448050093338-7.2793183126720535j)
(0.31114941399754537-10.421944161485124j)
(-1.1883984082801489-11.230109730705513j)
(-2.618209240638928-7.569060249490645j)
(2.175851562289099-7.084455800498262j)
(-1.5393847053153702-8.676680770357963j)
(0.25317044455421034-11.913831310869845j)
(6.120447823235221-7.9595359323854895j)
(0.5796882609918319-7.611989300793303j)
(0.2624331311310479-7.31388481218366j)
(-0.002215811620606315-6.975608877799037j)
(-0.20410730639997995-6.633996521779713j)
(-0.3662399855007976-6.317246029929082j)
(-0.5199022683356775-6.022905718735774j)
(-0.6783120969044932-5.728328579248392j)
(-0.8317080150446327-5.412054636172137j)
(-0.9565453568169496-5.069079729982787j)
(-1.032765929140997-4.716538913241526j)
(-1.0617110756726718-4.382550872371818j)
(-1.0658599944600442-4.083034603199341j)
(-1.0689445239026742-3.8111911478096263j)
(-1.0792947516367744-3.547354339704619j)
(-1.0873769506184883-3.2746293719304647j)
(-1.0736566781741463-2.990886772876402j)
(-1.023745177415445-2.7123589170895257j)
(-0.9425958877201518-2.4626418732845083j)
(-0.8530196608143344-2.2530346859577124j)
(-0.7780061066594133-2.0731846321670506j)
(-0.7238220823917326-1.9000301335115815j)
(-0.676954260891176-1.7156345035556884j)
(-0.6156544441843567-1.520708361934603j)
(-0.5283048595314817-1.3342586560660676j)
(-0.42497947018286736-1.1778140649165645j)
(-0.3306878707138999-1.0556363291597608j)
(-0.2640881478222905-0.9494018658670575j)
(-0.22158192193541962-0.8336565900771647j)
(-0.18174921706168878-0.6967512189168649j)
(-0.12376027431388331-0.5484482097090719j)
(-0.04348586652102947-0.4106872883556375j)
(0.04330932181213012-0.2996172212754058j)
(0.11368420688966918-0.2112299161557784j)
(0.15790478531555738-0.12395650628774005j)
(0.18786914811175104-0.017978613326805854j)
(0.22528347178827365+0.10860169973026546j)
(0.2838786563828771+0.2407137629709039j)
(0.36032427758595875+0.35906248582070016j)
(0.4372460803295786+0.4546968179866727j)
(0.49695852498119425+0.5367398821625201j)
(0.5370142815592118+0.6250336032510663j)
(0.5719249071262922+0.732437939409882j)
(0.6194951274013218+0.8550303326798j)
(-0.2611835187300473-1.1272652827249405j)
(0.7675895896138762+1.084739096091586j)
(0.8450539770631204+1.1734736606957727j)
(0.9069437796607827+1.2544871876747183j)
(0.9549907607185754+1.344319354463206j)
(1.0033395336531474+1.4508019689287306j)
(1.065897391618283+1.5675281988111132j)
(1.1460103060292037+1.6804385764951828j)
(1.235198729977646+1.7784666982437904j)
(1.3196035857501764+1.8613199598491958j)
(1.3905270034665562+1.939986027198995j)
(1.45180749109996+2.0280061047585214j)
(1.5164587110149252+2.1300460638573697j)
(1.5955242775195677+2.238714463902019j)
(1.689916002103476+2.341350225762967j)
(1.790646202708821+2.4295833637810924j)
(1.8856969032630848+2.5051843293349236j)
(1.9691063181647315+2.578810387034754j)
(2.045925486161694+2.661667511686412j)
(2.128119679966679+2.756266549695172j)
(2.2246397528683266+2.854665250669505j)
(2.3346520984509587+2.9452971731475146j)
(2.448830230288901+3.0218624604280167j)
(2.556655193792252+3.0877233776100534j)
(2.6543685088005895+3.1531974175217994j)
(2.7479507550176097+3.227532536501749j)
(2.8484262428551808+3.311462092655729j)
(5.3799068751596675+3.006825383831723j)
(3.08912539414797+3.4724342226060396j)
(3.217392111406933+3.5344980506830392j)
(3.3386497160327138+3.5876017197281556j)
(3.451165795067277+3.641653346579354j)
(3.5616602312198564+3.7040291867449704j)
(3.680121772701896+3.7738900483986932j)
(3.8119412418124083+3.8426874548097905j)
(3.953452001878162+3.901012606349643j)
(4.095070285196534+3.9463091749563177j)
(4.2292749275722015+3.984548466097894j)
(4.356204540294207+4.025013964802895j)
(4.483059000330459+4.073277210172643j)
(4.6187041655217085+4.1272182632993415j)
(4.76696677984194+4.178423302828102j)
(4.923298135390341+4.218756146227854j)
(5.078525897746125+4.247257635692033j)
(5.22673276368845+4.270653022489689j)
(5.369659644417054+4.2974275206341765j)
(4.458085763177009+5.291959799949765j)
(5.44215844964797+6.339930491042256j)
(6.083760353207024+3.772500938463022j)
(6.010037152005715+4.472885111781492j)
(7.305997014272508+16.69502723429822j)
(6.364985521657032+5.900579183328172j)
(11.58720337866986+2.983536832654263j)
(7.9224710014283675+6.294171375458922j)
(24.934403598274884+15.32912256128445j)
(-10.202542996592289+4.665167145174749j)
(6.892191784956436+5.687626443572208j)
(0.2300309993418607+1.9343422638302064j)
(8.321729950674332+4.536269967112753j)
(-0.9797464802975946+14.37642872162528j)
(7.300272940998992+10.59984994089477j)
(12.127502610835629+11.463890731082456j)
(10.218747219840592+5.022788262033614j)
(15.790496249618997+18.91341563613645j)
(11.299493365298297+4.541707347788439j)
(11.368938610342925+6.7169865571631195j)
(18.823528128948123+0.07976574154909899j)
(13.947461796573245+4.765882881027688j)
(5.182244958629055+7.566026525272064j)
(13.246722104549907+6.174812265334863j)
(27.80911287234602+10.203447198269886j)
(13.086407151486936+1.2039229700660563j)
(65.74033729174914-27.636001033772537j)
(25.27492591974101-7.914590271429576j)
(18.970898834978765-9.154931916625035j)
(15.881809226990645+5.917319556113896j)
(18.25163320149173-0.3753742419163747j)
(13.289745116870117-0.24981390095082098j)
(12.340140028457112-2.0354139398348967j)
(36.55824803156688-7.764875981963246j)
(12.982622074370035+41.16925385825269j)
(13.664823968089408-1.278848138070667j)
(27.787312210553647-1.820953514342589j)
(17.494653676970056-3.776982337294053j)
(16.122693624716856-4.034419542854563j)
(14.109921290638676-8.978241917680155j)
(12.676047264860465-0.024532934986705193j)
(-6.412573280709954-5.963738278881936j)
(13.095685632250749-7.674263641861485j)
(13.89362949306378-7.051138973979303j)
(18.83084776877593-9.245567574679248j)
(12.505169609938187-7.440985291476285j)
(11.366113211253264-7.029859929389999j)
(9.381497658299866-5.633028444461931j)
(11.43079504839491-8.277884725621796j)
(14.492295400452758-7.929182628029466j)
(10.00108849375871-6.349066027359053j)
(13.958117031541537-14.914186729956466j)
(11.189054119273107-5.412246351382346j)
(8.021296007723787-5.060967172263751j)
(49.16367210510176-16.199254917890343j)
(9.311481389894023-7.1665879889391775j)
(8.108947057489186-6.24561100849655j)
(7.279413920108015-8.643212005482678j)
(7.172258996793392-7.094164756152515j)
(7.368420015701947-3.409959797210797j)
(6.334068792166288-11.452514218448048j)
(6.334069580270071-2.493639706692078j)
(7.4682571790437144-9.270892964917424j)
(1.1559824865199666-10.35715673007011j)
(6.451752185250883-4.5395381674169j)
(5.28860916234894-4.620631934964426j)
(3.2755869887918263-8.231017067545519j)
(8.310555183119645-13.752792418392518j)
(-9.860239824032403-14.617776298273387j)
(7.998439903136652-11.313394273887281j)
(-0.31362126213803165-10.637802505073424j)
(5.266126053958192-6.855940519884789j)
(6.8235771802673-7.6626861687107715j)
(4.906854557376939-5.4028962957960305j)
(8.532053921195567-10.34500838660637j)
(2.9210023052366014-2.969195902808623j)
(3.1066184572611335-6.673976728657437j)
(4.209387566005051-3.4868278066665552j)
(3.2053302202880705-9.199021884237595j)
(2.7879978073363167-7.121441245414051j)
(-0.8335492567186932-9.520628746020105j)
(1.5451459774403435-6.957111994979184j)
(4.136968975574631-7.869977438179963j)
(0.1255953370261595-10.007353938216147j)
(1.916885685544034-4.243563305937397j)
(6.101515440543799-4.492995141794496j)
(2.0604118820498663-6.622870990637662j)
(1.1153385429189728-6.340598286616204j)
(0.9751534713688772-6.668681397926944j)
(-0.3980020409933317-9.19397603971254j)
(2.487212590603717-4.115412004982941j)
(1.4411276095433614-6.8346915344826105j)
(-3.917042607243618-7.305716827077958j)
(-1.0306450172756354-4.7193940965965835j)
(1.9361297055907727-5.473776379762886j)
(1.4960020663909002-4.533225096540193j)
(-0.02375580677638744-4.591566643930512j)
(0.6135168996614121-4.486455554472832j)
(1.217260752515001-3.9923061087217815j)
(-1.0820455044949153-3.443657838983244j)
(0.062407569005270884-3.277878958853765j)
(1.4956393650988438-4.275957840846878j)
(-0.8163443137579595-4.352205386054849j)
(-0.10130376132806465-3.413510752543916j)
(-0.7976095991031495-4.0234906988035j)
(-9.910035971344172+48.134806440661364j)
(-0.6650654465684458-5.115663328538522j)
(-0.6170167555009265-3.4372732282453344j)
(-0.4721914516902985-2.868706788352085j)
(-0.5490886731621754-3.193529639670483j)
(-0.3412585235560493-3.2220247936172726j)
(0.3392085283553054-2.105855549271737j)
(-1.5047005618907994-3.5186136651109017j)
(-3.5295003849705178-7.460956462708575j)
(1.3602696463797568-4.977230755465241j)
(0.1547693746300349-2.299229054872109j)
(-1.1894681339637179-2.7038977678465814j)
(-0.48866483253196924-1.4147475236427627j)
(-0.8702824159570488-1.6647526275282634j)
(-1.5033130464173623-4.029662523253285j)
(5.692995433587557-8.398619919917277j)
(-0.41502280860448076-0.7045695683800685j)
(-0.39032018266494983-0.52871638213888j)
(-0.3552297723209393-0.34692330879569183j)
(-0.30394008890042196-0.16407249708105562j)
(-0.11778745944432575-0.5792261603075666j)
(7.39104482513033-1.6113022092562432j)
(-0.07004509556020855+0.325271136285331j)
(0.015073732273065145+0.46459303676538805j)
(0.09864614127241728+0.5994605877701836j)
(0.18414928632914285+0.7344308370978178j)
(0.2774251910151214+0.8696892617607358j)
(0.38268715068954695+1.00062591840125j)
(0.49951012620333896+1.1205810147205675j)
(0.6228844270307896+1.2247979382719945j)
(0.7459341701426933+1.3129337681339366j)
(0.863358976581542+1.389020536100474j)
(1.7450009620300797+1.1663177513568788j)
(1.0809722608201142+1.5287300934483112j)
(1.1903421452377947+1.5982289781583552j)
(1.3065484304063713+1.6637205896172773j)
(1.4294985597956018+1.7187524530714262j)
(1.5541649307917527+1.7586051067522j)
(1.6733291718865873+1.7832841807727393j)
(1.7815050798839585+1.7976798316516136j)
(1.877850695439365+1.8090461682944958j)
(1.9666259536623714+1.823120591797813j)
(2.054756733066183+1.840827568040156j)
(2.1475200981505895+1.8576339469186438j)
(2.2449375156741973+1.8664101986359065j)
(2.3414837787900877+1.8621590923891098j)
(2.4294048076891888+1.8453871378318327j)
(2.503332057191021+1.821979573087078j)
(2.5633418223180295+1.7999258967310365j)
(2.6148771493267082+1.784905159515751j)
(2.6656041853700008+1.7771211422588105j)
(2.7208211284816817+1.7712554065711406j)
(2.78012273558723+1.7598316788113773j)
(2.8375690819947503+1.738046212511538j)
(2.8853467848074588+1.7069459932777127j)
(2.91853704205003+1.6729447615717106j)
(5.848688624710775+3.142240492207959j)
(2.9498119720321183+1.625674384392303j)
(2.9616111022330696+1.617188599377442j)
(2.978310468924304+1.613201219163901j)
(2.999338364261664+1.6066118585096996j)
(3.0190832396880287+1.5930364619785629j)
(3.0303144138138522+1.5736300492008892j)
(3.0286630773823755+1.5546052702588076j)
(3.0153711569662436+1.5436285116071147j)
(2.9965508230743616+1.5454144322064003j)
(3.039566103563032+1.6031984855477437j)
(2.9692626944279645+1.5801190869285389j)
(2.9652380678081514+1.601242203360946j)
(2.962842816074564+1.6184911703322713j)
(2.955863694380063+1.6324799811967667j)
(1.5569333435433657+3.442098961142477j)
(2.9177015252375917+1.6726140662000517j)
(2.8931113095142162+1.7093174461930116j)
(2.873365201865295+1.757613572055225j)
(2.8626907135152275+1.81264226245229j)
(2.8610303518855567+1.8683896439532581j)
(2.8645915138013964+1.9207714884234002j)
(2.8681537804494686+1.969519445507995j)
(2.868056909736787+2.018098135071877j)
(2.864397210895964+2.071516209989067j)
(2.860957851993936+2.1331280730439555j)
(2.862789364642378+2.2025736711603585j)
(2.873243006772275+2.276201073514937j)
(2.8924201615189187+2.34927168145573j)
(2.9175189589055273+2.4183059890558516j)
(2.944422845009052+2.4824968895085364j)
(2.969719232263808+2.543834672439334j)
(2.992357611065263+2.6059071495277393j)
(3.0140663135263708+2.671818867183594j)
(3.038125204933263+2.7424171050413495j)
(3.0672936585217343+2.816016536749498j)
(3.1023449085755352+2.889628077363225j)
(3.1419293518706337+2.9606196585264324j)
(3.183423788354567+3.0278567807822157j)
(3.224131254641638+3.0920545144023337j)
(3.2624117841667903+3.155398029854241j)
(3.298377827654984+3.220526192600966j)
(3.333732849204955+3.2892416128922175j)
(3.3707208341481705+3.3616998820261363j)
(3.410869386008203+3.4366107911595885j)
(3.454333117243562+3.5121739035031094j)
(8.329407843180585+13.635097272910484j)
(3.54619139410141+3.66094410992538j)
(3.591192129395052+3.7347685674831745j)
(3.191602842997112+4.312202404124358j)
(6.247431438530142+5.30053890922007j)
(-9.966625437500104+5.278079755133024j)
(5.243374865567794+6.3167427361878845j)
(2.7821263099512064+4.010059924068055j)
(4.270228713006488+4.21769545515808j)
(3.706561787014365+4.510745516260633j)
(3.4095771348519053+6.177480502718248j)
(7.329175352233352+7.333118510714979j)
(4.667709885391349+5.19316924068113j)
(3.378747347198445+4.651783822248946j)
(5.034813133069257+8.093259713766825j)
(3.624289916294021+5.638082566043494j)
(4.000336640573091+9.948552199289j)
(6.2203607374218395+7.801433452742614j)
(2.4007437921649446+5.124474933996432j)
(5.597456025110006+6.04624177147748j)
(8.321657510723643+10.208980055213289j)
(15.554204575463022-2.025282849009115j)
(6.306396748945988+4.2958222976548j)
(6.0976575967286655+6.501456846470747j)
(4.395487222397794+8.173222407975118j)
(4.3507518003949395+0.9062756686790248j)
(2.995136103880987+13.80542734257803j)
(4.371522270822264+10.861064527345228j)
(7.962597369648066+8.911809122774846j)
(14.870254792972856+9.00268358622502j)
(12.92287934765773+9.437182158943102j)
(10.984537869718272+11.039114011054481j)
(8.56601914949769+10.769392733621723j)
(14.600158573441155+9.355217437093398j)
(7.5952184319019675+11.346293263625261j)
(-12.500459930903368+2.979776115698966j)
(8.58423253220919+13.676865399426562j)
(49.9657468862637+83.4364539136165j)
(11.242159900941274+20.09117648471951j)
(10.891301860420215+12.293452266301182j)
(11.604958742607028+21.32874886961983j)
(46.742145422124636+26.290185268506395j)
(1.7535165421460046-8.073827254811045j)
(367.70036826731183-1.8442234959713197j)
(17.54553951544744+13.412329797514042j)
(31.4393848542486-0.15863526437941672j)
(41.41700391640998+2.2662477082882226j)
(-853.0559562530389+356.10274990188367j)
(19.02490034322059+10.757373421101233j)
(36.78897991874326-10.444686136790354j)
(32.23294464575994-11.11405681739563j)
(26.29009999249796-13.191339342386044j)
(14.073767933666783-19.435255862549006j)
(34.58700501318655-61.83968492278315j)
(9.262328679283216-16.506259885661247j)
(20.115725220726503-10.054680835178j)
(11.44118988821585-46.35463779452282j)
(39.000541302951255-3.7516504891931906j)
(8.429767726243034-14.047206757097033j)
(14.664422849873045-20.94259498544148j)
(6.551993264347178-15.31886475498717j)
(8.000091707677615-6.697128124779201j)
(11.18698554138684-14.449931629989765j)
(5.697705332776809-8.24983193735096j)
(-4.189974711339034-13.577471618261496j)
(9.609809952842406-12.821254053900379j)
(8.70445245569683-10.873363852406964j)
(4.690215244537707-11.954187984292195j)
(13.088338404621897-9.041617103924763j)
(1.437166282759065-10.589595213907266j)
(5.1254803362307895-9.584047557999007j)
(5.64626873674712-8.027621294339417j)
(18.888300643363888-34.40607279205216j)
(6.395736714562506+1.5883694099856565j)
(2.597941210422764-9.737387883137027j)
(5.080589063138126-8.875392798536941j)
(3.066055372859825-11.139658581708915j)
(3.3312484065805963-6.701524672489061j)
(8.6563360972822+0.6589145516434378j)
(3.1532964066294498-6.453193259370021j)
(4.005347912542066-6.448806623529653j)
(5.165857011443714-6.887308491336767j)
(1.2165781503926596-8.771061191823206j)
(4.424503890175665-0.8111743801469085j)
(1.4639488823785978-6.5597049410460535j)
(1.34810944410757-4.500371663486714j)
(2.117932764140007-7.260834493934679j)
(2.0626565136603907-6.75385432848153j)
(2.6925604728796446-5.795649006505045j)
(2.8535437310776337-6.055216427407119j)
(1.1301818252415174-6.6703980406941215j)
(7.866506244663937-3.6581183721629653j)
(1.792627082427594-6.559995477329386j)
(2.2028979451869155-5.708912651851492j)
(2.571560358744266-6.717230935259701j)
(-1.1180937908179676-5.487324755251571j)
(-7.142261555169763-6.472950884211516j)
(1.3803563639834695-5.6101582895852875j)
(-0.7210062365065746-5.078806374508843j)
(2.0576791673495034-5.097683238000177j)
(-1.9229865216508928-8.892810882216361j)
(2.967317830677253-4.680189848637808j)
(-0.011442993863130635-4.260254475098501j)
(6.62528343277731-7.273466652230572j)
(0.7694930593870183-0.8294481549440181j)
(1.2052300827060396-4.283387164351351j)
(2.6291903635508587-3.8782677811012074j)
(1.9681929395006217-4.6197049485736885j)
(6.589497261057615+8.3745071757064j)
(2.051051416745604-2.5616296405578183j)
(4.099449556570161+17.381892356992303j)
(-20.786948466696895+14.56859235076404j)
(-0.18937513936087894-3.009579558215977j)
(-1.1401344536525537-0.8881848811494923j)
(3.077633886829506-5.403108164981684j)
(1.410775532102715-9.870665707653849j)
(-0.07464024435625652-3.0563366582685574j)
(1.9330496994475987-1.6291580677732305j)
(-0.6372892575086302-4.2368262132755765j)
(0.42587095247313905-3.443864307573016j)
(-0.14953458352892587-3.793989783700335j)
(1.5633722166472719-3.0611327704139772j)
(1.0028042305629141-2.9581417862702115j)
(-0.19772927508437524-1.7390653248691148j)
(-1.1708559443620854-5.535373786543871j)
(-0.5386305324805784-2.797168446382952j)
(-0.9536281522401782-0.5905308940941203j)
(0.6960978054875198-0.7298866167777419j)
(-1.972501096750139-2.0532519034278827j)
(-1.8658133651163757-2.2784604982691263j)
(-0.2389857214053736-1.6613866851387957j)
(-1.7312230908952833+0.419197363865418j)
(-1.2461240584222408-0.12830279553978394j)
(3.0313578094345117+0.05852022565424685j)
(-0.47821421897463356-0.8685827845026165j)
(1.2879002960001458-1.5207122876037105j)
(-0.22644800515079738-0.2911192796233581j)
(-0.2056573748327824-0.140685913346916j)
(-0.17671498709173641+0.01001559640206501j)
(-0.13961071809876346+0.1591955464767033j)
(-0.09520356788812977+0.30554260142739464j)
(-0.04465364547865963+0.44857672618866246j)
(0.011152023711094229+0.5885411365172909j)
(0.07191079485931214+0.7260125552387386j)
(0.13790370079326508+0.8614809015198281j)
(0.20978412410375066+0.9950667281052409j)
(0.28829538462475074+1.1264283152280845j)
(0.37402835770113874+1.2548302469654888j)
(0.4672841800472668+1.3793056348342243j)
(0.1398656769901815+0.8995821524422793j)
(-7.691586112678733-0.09400465563768057j)
(0.7910086438752344+1.7192540076895118j)
(0.9122664915433868+1.8185096896231514j)
(1.0392605706412377+1.9095192921587831j)
(1.1712918902295075+1.991725306363486j)
(1.3076323647355172+2.0647424781144688j)
(1.4476396295397618+2.1283623705847288j)
(1.590882919827485+2.182455539713414j)
(1.7371803440457223+2.2267704592373385j)
(-0.8862964083720385+1.0687004614131752j)
(2.038557965818526+2.2833329971003025j)
(2.1928582716454694+2.293300362341963j)
(2.3482746554755676+2.2892480608221875j)
(2.5031944599279337+2.2699177679823768j)
(2.6555499702130607+2.2343290150684j)
(5.476768860666905+30.647882173618854j)
(2.9424938008773935+2.1125993556284066j)
(3.071524441792985+2.027014803964738j)
(3.187318007599544+1.926413482799039j)
(3.2876293928466307+1.8125461646673986j)
(3.370716678938169+1.6873162685459j)
(3.435140086275376+1.5524582897385735j)
(3.479342846681484+1.409442127277264j)
(3.501193933494823+1.2597097430274073j)
(3.4976702235142163+1.1052526380820167j)
(3.4648733915540206+0.9495231850772567j)
(3.398724597871292+0.7985771429263165j)
(3.2967625964611864+0.6619232657272301j)
(3.1609522584199747+0.5519222616186473j)
(3.000028236688298+0.4806605766464299j)
(2.828885214897669+0.4550832616322983j)
(2.6640958375847648+0.4736169987327522j)
(-4.03057077406345+3.2651972977020636j)
(2.396356351836261+0.6034424404903401j)
(2.297450554952883+0.6921765444468112j)
(2.216836153866056+0.7873962724245195j)
(2.1499921099857766+0.8878196292496567j)
(6.54244185619403+8.503758703287964j)
(2.054072989555033+1.1112601765902994j)
(2.0315668342214797+1.2353358669907417j)
(2.0320370420652676+1.362414900510825j)
(3.8191980438840343+2.20240004970237j)
(2.1020364806765794+1.5939202195049103j)
(2.1615098509716386+1.6853653858193478j)
(2.227388042793704+1.7576041973673893j)
(2.2929881356866306+1.8126175058066105j)
(2.353724835726112+1.8545224010015786j)
(2.407549083974718+1.888393278526799j)
(2.4550186247463004+1.9191295022366883j)
(2.4989840226205566+1.9502675163121583j)
(2.5436361586660308+1.9828830046761936j)
(2.5928732025606145+2.015130421587936j)
(2.648570347694982+2.0429441958454415j)
(2.8643182165373027+2.0921333541079075j)
(2.7725822577876773+2.068077041043506j)
(2.832267177049223+2.060940535855672j)
(2.883673288011481+2.0417837788227606j)
(2.922849399869542+2.0143475912375917j)
(2.947945240268857+1.9839810584481665j)
(2.959993948386264+1.9565150836134255j)
(2.963120380360897+1.9365729815903954j)
(-0.07477719467576084-5.719639625883478j)
(2.967571594004874+1.921194956717584j)
(2.9783449799986914+1.916993648552597j)
(2.9946908626382687+1.905952018613088j)
(3.01114012535954+1.8828349755689424j)
(3.0198212292662845+1.8463274293569434j)
(3.012912682653186+1.7997188335690149j)
(2.9850778504214266+1.7503725626776916j)
(-7.9202939930377365+11.383924639895938j)
(2.869175625099916+1.681897840219925j)
(2.7956365972332384+1.6771110806768827j)
(2.7260259175474872+1.6921200613992904j)
(2.6682455581262694+1.718885002918003j)
(2.623434020429835+1.7462235142415747j)
(2.585393878275696+1.7646884793557056j)
(2.543083305584903+1.7706763097826024j)
(2.48494888467086+1.7683141746969109j)
(2.403694693166149+1.7686215228035962j)
(2.3000290884661623+1.7858626323568414j)
(2.183530782769978+1.831812298197965j)
(2.0692914913193254+1.9103766598401832j)
(1.9715175508289366+2.0158769934448593j)
(1.897826326600926+2.136205219606215j)
(1.8474020524812127+2.2585931672731108j)
(1.8131726382991673+2.374584418144811j)
(1.7861481567940891+2.4822612102542623j)
(1.7598949432509077+2.5853197126604073j)
(2.264703179551975+2.9788659876657833j)
(0.5531155543874382+5.072365741522236j)
(1.9896738973631938+3.149019813362448j)
(3.7166500443251738+5.530515288177916j)
(3.479083834481003+4.368467365068662j)
(7.055853030069847+12.253445460731681j)
(1.4842874306183005+5.610946499871836j)
(3.261649301616533+4.054613375910216j)
(0.6277889528205423+5.615479987458316j)
(3.1410363510417545+3.2579528694202446j)
(4.412013731222438+6.4925958590137425j)
(3.1347621752781736+0.698017640626893j)
(0.5102689163500811+21.654676944906523j)
(0.5894945337366796+3.286666999177366j)
(3.042998030388447+5.070092258158159j)
(38.653486209104564+34.07161900694424j)
(5.818850314482395+11.874036070199926j)
(1.6827937346682722+2.258614588740794j)
(2.621265455680153+9.397290091178693j)
(0.99783455139169+4.999456291040496j)
(6.191410908806516-4.897096840306004j)
(-1.1116483072509107+5.008129936663033j)
(38.373303473824755+6.630100007974158j)
(5.224024672320044+10.594608648499042j)
(2.1459123418311354+5.936847015138073j)
(0.5429555427922022+5.609456733189986j)
(4.84475578540393+8.849227323618127j)
(3.7976594870457028+6.447581340902778j)
(-9.642832139797783+5.548028848073715j)
(0.6416376192932775+4.233199266368598j)
(-4.620469186883907+7.561599748083617j)
(-178.84157069165028-103.92164032300334j)
(1.1815097142299062+6.13321180195j)
(0.13362344167986626+6.110092585075537j)
(0.8239196192012476+4.567904668759444j)
(-0.40630130289108696+5.489601437848149j)
(6.941842264520091+2.8330157841586345j)
(-0.6938306019351415+7.107777088992174j)
(-15.852962420358185+42.93959271411793j)
(-7.947648482300738+10.710750074245782j)
(-3.567900217143536+8.56959092635872j)
(13.76778625162515+8.028149200548928j)
(-3.9090026584627204+9.2577152936894j)
(-4.9035199297598675+7.265066740673657j)
(-6.661143029401848+16.195507701301324j)
(0.9029565578548469+9.026278429239328j)
(-4.956686343710595+9.586942080927546j)
(-8.664147707501147+0.9930718517614653j)
(-7.1301376023914385+10.7972247836853j)
(-9.852049018322134+14.334313568826632j)
(-8.985359166490358+28.992485866924923j)
(-13.494043269829195+11.729783388575198j)
(-18.55554337943242+14.102457004633946j)
(-31.75742967477639-4.788707058727079j)
(-16.972201894489157+101.73653939449217j)
(-60.045157247150996+90.28077839180234j)
(28.158910073648237-11.94109815557233j)
(-34.001584824142626-62.12372853311082j)
(-70.19054832552163-16.40325865612064j)
(91.04793058786434-2.680872187084781j)
(-0.6007344263210068-29.37390352852381j)
(-27.379318429530645-56.175481571950016j)
(5.476933108458675-57.89218806091736j)
(11.605946028460567-13.188474296541969j)
(68.09118478709298+23.347104689670395j)
(5.621901907301435+2.8342871996162935j)
(2.2999575499537417-9.073137176489473j)
(4.8622955575070055-11.715619545588352j)
(-16.451992943587147-23.18615664566732j)
(6.811510953304774-12.904733690729582j)
(12.124186593905074-14.380309012083742j)
(2.1116375132575995+9.999369998973556j)
(2.056918760758597-10.886412394572472j)
(13.463427289335174-6.6735392417889665j)
(-2.5116469494245908-9.03708903833742j)
(6.838131916929229-10.229910672762243j)
(12.383926930101634-11.433746473047552j)
(3.8089197129493493-18.67305668959489j)
(8.984894600744175-7.304669157461949j)
(13.14335910328821-12.507231493271686j)
(9.873026268286289-13.4929914947657j)
(23.878617799283795-7.823971355092862j)
(-4.24055094300447+8.819099375311955j)
(5.748883831032148-4.470607565731961j)
(0.047869433474446346-9.049792983928851j)
(10.178545372925143-7.659621535342423j)
(6.301728200339963-6.13034062321361j)
(6.321876453382802-5.041719191790036j)
(4.569568400793982-5.842881906683315j)
(2.7103094849742866-2.3129229121684696j)
(5.812323105717531+0.7644104003062882j)
(-0.1281088797539896+32.401044342087765j)
(9.642076612772266-5.403089834212692j)
(6.785942452854636-14.389228344662206j)
(6.005426960596405-6.744945310883302j)
(5.759364936706747-6.52380401681092j)
(5.353267894315325-5.983634736551673j)
(6.441933940211442-6.5768567081834295j)
(3.4428519824990724-5.828381364847117j)
(-53.16117441389413+54.41821624468526j)
(4.394210563198244-6.768583183614837j)
(3.6230223611707264-6.572174144500008j)
(7.969704972441104+3.138646588392829j)
(7.136693949596358-1.581234916504942j)
(-2.1809478895761605+33.517856668662326j)
(4.577749424995004-4.551551978192408j)
(5.119608524424903-5.878178558965385j)
(5.674532219119973-4.356912907113187j)
(22.833552663758653+6.43990671022924j)
(3.6194896456917833-7.918157890795282j)
(5.548366384872238-7.3941424499984345j)
(3.667309773430882-10.710022573465046j)
(1.5741430896746795-5.801513181016501j)
(1.1455599249254769-4.950016472976737j)
(3.841519933734744-4.944622951790652j)
(2.775472913351779+2.1794817343056554j)
(4.097272015650554-3.6293580961429117j)
(13.839153285892442+0.22076217026694775j)
(5.453292381523714-4.213297960868451j)
(5.769043963384271-5.8824177657814305j)
(6.779787218185498-13.756139678621567j)
(28.01594118308221-12.039569286022623j)
(2.6467925671029136-3.972367140329735j)
(2.04212646580732-4.56369914418189j)
(8.769613553971967-7.175115879027653j)
(5.891954631649518-0.9755764196962644j)
(1.213213726544926-11.984430206089725j)
(3.1445129830580467-4.16249105165306j)
(2.1853527198006244-13.634091681400784j)
(2.655451951899308-3.1246846659877607j)
(0.132909412264387-8.462278905104696j)
(-1.1029759222224982-8.484345498254346j)
(-12.208652047155075-4.881176162600531j)
(3.81504662772809-4.387992460960632j)
(-1.321908451059892-9.23640657141669j)
(1.2858385947624793-6.832546051339746j)
(-5.71477749612296-6.8713554566628305j)
(-8.189242669356956-9.70097151068528j)
(0.12678127580206255-4.973448423626994j)
(0.5533818402150302-4.4577250344894725j)
(-0.04904826210790494-3.386786642568235j)
(-5.151944351541868-1.0852181393182756j)
(1.3915011914994249-3.396835011304645j)
(1.9184089204828605-4.477682134780883j)
(1.5592493927363964-4.669752377443275j)
(0.4689592461736749-4.28443859388385j)
(-0.7254607797185877-5.568104812476599j)
(-1.2900412596982036-5.0236061251504625j)
(-0.99874568061026-5.497281011703465j)
(-2.4403014379774786-3.991589164661381j)
(-2.8353780523029686-3.6407574443973965j)
(-3.622474361004166-1.707549822376834j)
(-4.067583274548618-1.584457947150628j)
(-1.99981305902727+1.6777838133508782j)
(-2.71752374501989+0.4862592976606901j)
(0.9807862039114087+1.851945319520052j)
(1.7196476551858877+0.48724300604399984j)
(2.1305032850100427-2.1594217142575944j)
(-0.7401858094100306-1.2937889006613308j)
(-1.7346434560453334-1.430585264614068j)
(-2.2231657630579678-0.6847699100988147j)
(-4.536764365503281+0.26250385379428404j)
(-4.57039940400905+3.7877860231718663j)
(-5.284444631420327+0.5469828893674119j)
(-3.1332214198551287+2.5193308085855945j)
(-2.5960590086765745+3.06275755836616j)
(-12.416569942196187+11.131572643152902j)
(-5.975371238275895+8.121503538589346j)
(-5.470955345922157+19.59125189071866j)
(20.777716741934352+15.560427503745201j)
(10.890881632515105-19.11919018622382j)
(3.9752765208687366+0.6480636166262741j)
(0.24962479194780474+5.13466584882553j)
(0.5262413272096951+3.0215500309776315j)
(12.612311846456654+7.319846929965631j)
(0.06225745243861406+5.4888308860140835j)
(-1.1348892783504791+14.161646233070442j)
(2.8903166852017637+12.928876388361093j)
(-5.40589864760033+5.164288668679321j)
(-8.719934138495715+5.833350620909823j)
(-7.71392767174916+3.4144933782721925j)
(-13.001105010669773-0.7665194937114653j)
(5.370152179340935-7.697192700644574j)
(10.661193293621125-0.26290927379626317j)
