(0.9303682479734509+0j)
(14.945552352871085+0.011813036289148761j)
(15.125284034098712+0.5597663226425638j)
(16.41605058758091+1.1241469107745572j)
(18.755607101432815+0.3592873858646664j)
(20.39938566148983-2.574343126157489j)
(19.55442038674184-6.040057254533606j)
(17.18513946296565-7.785235342871798j)
(15.328977513320531-7.818262014933578j)
(14.80184226943779-7.523379009465201j)
(14.97750525254591-8.20860415505394j)
(14.3384705301136-9.90322665201844j)
(12.36165195395396-11.123429341032768j)
(10.199434723203119-11.005357926977918j)
(8.88117759806029-10.109615835388107j)
(8.50555285834265-9.398887828912894j)
(8.383017470464207-9.499254070259262j)
(7.589951555590443-10.075188736920222j)
(6.129943542812549-10.152479200026503j)
(4.8035877919563115-9.447455608933803j)
(4.111670378505844-8.424247275595366j)
(3.996681455314693-7.665180223898101j)
(3.95607596129442-7.481725294827758j)
(3.4395648787746658-7.559075446020653j)
(2.5396099325297627-7.28184143989211j)
(1.7777220211823377-6.527312653089247j)
(1.4491859452985698-5.61275573527757j)
(1.4961993342191684-4.916847973722666j)
(1.5690382591521521-4.632866416604927j)
(1.2993422528498924-4.5283792952595645j)
(0.7613108122387449-4.179314808644452j)
(0.31786879885306346-3.5002301930031314j)
(0.18121912820392705-2.7108139975878074j)
(0.31618749928919376-2.0841116706199325j)
(0.47010310536055033-1.7666101490292012j)
(0.3661899541293576-1.5929667681703306j)
(0.04825917604818054-1.2435688150894686j)
(-0.21192509241788485-0.6395060587968755j)
(-0.24148848400667047+0.06016854563278363j)
(10.389448292791075+7.467804363477704j)
(0.15294689721600432+0.9810538006047237j)
(0.15999912003463254+1.1967362901957184j)
(-0.015222747554966994+1.5458768692522016j)
(-0.15781146910059873+2.1075386826851727j)
(-0.11723428050149988+2.762223525855423j)
(0.10530985316692844+3.3336830450308303j)
(0.3576110882999029+3.7106331541114943j)
(0.44865869114304463+3.9814920301878636j)
(0.38195216981386193+4.360943296764891j)
(0.33295754320059734+4.927939101280266j)
(0.43604411126057163+5.591439406470541j)
(0.6999388777971425+6.202996552802031j)
(1.001280716736122+6.663576986091374j)
(1.1779112156362412+7.042070776513792j)
(1.2258683625175604+7.518672583270243j)
(1.287911848913409+8.168890039102621j)
(1.4817453040362951+8.927613486527306j)
(2.753541795859751+7.942266871511688j)
(2.224774922374141+10.335734815183784j)
(2.5595331947222273+10.958660750601526j)
(2.8269315638731016+11.68416965091058j)
(3.1332974594383973+12.580304707784828j)
(3.577965133552589+13.620897502750097j)
(4.206209799313729+14.7391614769522j)
(5.002874748047305+15.879123619353408j)
(6.347415554808375+16.54461533955135j)
(2.482774470637627+26.886090945203666j)
(12.45533469133439+21.895435001791704j)
(9.689372657157145+26.32195400506052j)
(41.22440831555934+21.1571643280052j)
(20.112437256866123+32.76582795004336j)
(17.503283538799785+25.25560414048281j)
(48.12288838552949+27.57783737345507j)
(29.781264914093047+32.36981734866737j)
(39.1471016145169+14.919682061137948j)
(40.66342864175321+26.662907434572677j)
(52.96789711463241+28.29119112102629j)
(53.27576928169858+9.940188920055327j)
(17.814051848396844+79.61992171160503j)
(52.61066681524946-8.569071369865982j)
(52.05538061636924-10.483594607403397j)
(45.57041640864686-18.68510006163706j)
(34.99735561945826-33.83979203470087j)
(32.73626129883749-27.71319354967904j)
(25.85937378138091-24.854137557165753j)
(31.55163990708961-23.345927552571j)
(19.395182129273866-30.693522962972107j)
(18.08858676295852-25.124642374100304j)
(18.344043025729327-26.22099172990131j)
(19.088672149271975-43.02507599678135j)
(16.49243357589665-25.988228632369076j)
(12.128546256274916-21.280256161053217j)
(5.672904374936826-12.68309763062633j)
(15.565051061232854-26.08180187001574j)
(35.27729634280359-32.85729668861029j)
(6.720496422971922-16.55105327650606j)
(9.903007240094647-16.321388721418618j)
(-5.968150882792362-31.616095056576818j)
(25.470141248638345-15.0374335689001j)
(6.864623869276292-17.461791989614426j)
(4.607519034339322-12.72257075247819j)
(7.577174398654052-12.154879893636668j)
(4.96944954864215-12.673724369497767j)
(0.5507611361817533-9.50859012890558j)
(6.348634027140525-10.240233005337165j)
(2.032930554184393-11.524806881774865j)
(6.130325212902667-9.930202134766855j)
(5.465318980700542-11.405741944263516j)
(4.342100545544411-14.02647835316125j)
(12.056148515853364-12.123763821491451j)
(6.925807345689594-9.415200305773253j)
(15.906477222523774+33.529891355923304j)
(3.766583379917239-8.600096455617159j)
(5.912973126454666-12.681665361466127j)
(3.603656327537117-8.055807143835404j)
(3.5851682763682287-7.805053405772174j)
(3.579067410356436-7.605443053505379j)
(3.5475050145573337-7.441778251318421j)
(3.4866337010016992-7.2743815405585535j)
(3.4269736687719643-7.084270888534612j)
(3.395718284517476-6.887417513235445j)
(3.392855458048656-6.713022122684583j)
(3.3933793474443603-6.576506973388898j)
(3.3704853487813495-6.463428933741926j)
(3.3248265093687523-6.343668872822486j)
(1.3214811448152906-9.959674344711287j)
(3.2598290745338305-6.065981867246841j)
(3.2549125254917004-5.945971962817189j)
(3.2457830890609345-5.853374230984738j)
(3.214959050827811-5.773170711368853j)
(3.167836599668139-5.683055348662557j)
(3.1254010585452745-5.578921657213869j)
(0.8641200532964858-7.351535598648904j)
(3.0797571389703924-5.390942675891271j)
(3.0511299681302027-5.323053668397604j)
(3.0039315227301047-5.257671327887813j)
(2.947423992764659-5.179949766080756j)
(2.8980330758181005-5.09205621058056j)
(2.859864099671261-5.008507499675019j)
(2.8223579549160633-4.938350796087766j)
(2.7730164544996683-4.876594022325456j)
(2.7101594297967293-4.809793929420791j)
(2.6449997452227683-4.730246760653965j)
(2.588830777707382-4.644732335156623j)
(2.5398907777410065-4.565466466282352j)
(2.4870231189300394-4.495536272918718j)
(2.4227462879683657-4.426622786825501j)
(2.3508088096137087-4.348204101305905j)
(2.2823785819517344-4.258711397992654j)
(1.0246571413350576-4.210823838667652j)
(2.168214352010345-4.08385908301862j)
(2.105910845604055-4.005608809121375j)
(2.033908474397085-3.9228669883757146j)
(1.9596111082150447-3.8285474378556144j)
(1.8928891118251132-3.725886393373146j)
(1.8351614774051195-3.6254256869521737j)
(1.7771850704306424-3.532823768094203j)
(1.7100093913427512-3.441929358866781j)
(1.6351679501658751-3.342147888849903j)
(1.5625681165524505-3.2298207946135897j)
(1.5002738565330234-3.111943646248942j)
(1.4456104895831148-2.99932179342588j)
(1.387055533370002-2.894251930195729j)
(1.317405661594645-2.786931279483194j)
(1.2421794979121041-2.6665361610311065j)
(1.173270177193188-2.53272374359391j)
(1.1167907086633941-2.395684984536707j)
(1.0663524457296223-2.2660912412510097j)
(1.0085538717309266-2.142923872207194j)
(0.9380709523985689-2.012894382246369j)
(0.8644085741830114-1.8650459094245744j)
(0.8013384177459144-1.7023514989109774j)
(0.7529316490274793-1.5379601671633232j)
(0.7092611215575558-1.3820563736952216j)
(0.6554570301956429-1.2301150810031036j)
(0.5885049108524274-1.0654174877845806j)
(0.5221708482696167-0.8771092722043332j)
(0.47207066401772724-0.6716602782455695j)
(0.44013733784255166-0.46489248693047197j)
(0.41341600419616636-0.2658898234379312j)
(0.3768383771135098-0.06655779402264315j)
(0.3307530346420519+0.15219871945693902j)
(0.2930590984927649+0.3998620929752933j)
(0.28053766118216344+0.6662327063548906j)
(0.2931766989465708+0.9334691661529273j)
(0.31662255280140594+1.1936748443084495j)
(0.337451440531139+1.4565365533105115j)
(0.35893055926866085+1.7401144997670246j)
(0.40012808579567966+2.050950334428522j)
(0.47702445392357834+2.376527588117894j)
(0.5886436875798959+2.698269940093019j)
(0.7210097176653458+3.007970351969836j)
(0.8616894848831632+3.3134188195942498j)
(1.0129485132697185+3.629671795392686j)
(1.191147958796721+3.962375409588518j)
(1.4114444089045823+4.3002305761603825j)
(1.674478293191138+4.624507191354428j)
(1.9675481075785068+4.924071418071717j)
(2.2768302187636538+5.202491182181231j)
(2.600248814092335+5.472270562728235j)
(2.9499333510474126+5.740352399065857j)
(3.3407148516505414+5.998064124128007j)
(3.775475701094237+6.2258346976734735j)
(4.241417862807245+6.407821101092612j)
(4.719932935916667+6.542901600828328j)
(5.2012284899995995+6.642739875323675j)
(5.6909663422748284+6.718260167103813j)
(5.386020852902874+7.149942469523566j)
(6.739316400037443+6.769580002150734j)
(7.288901122715522+6.71008793726632j)
(7.826703525811798+6.585160884921025j)
(8.334909322798474+6.409933030224303j)
(8.813934323686903+6.204101250915899j)
(9.277597615223284+5.97463241874387j)
(9.735650108043908+5.710324579678115j)
(10.17922695277132+5.394054318940073j)
(10.583743553886785+5.022643208457871j)
(10.928398538663332+4.614977219470001j)
(11.21359431665466+4.199001387037518j)
(11.458917593236077+3.7899995139116625j)
(11.683857517283146+3.380562692807613j)
(11.888466696045228+2.9512954658577484j)
(12.051874865393284+2.4939484695170613j)
(12.152586421697297+2.025262557603418j)
(12.191295785346588+1.5755437623265829j)
(12.192082435012072+1.1631551989002968j)
(10.21539243564981+2.530124724566993j)
(13.295129557527405-1.0450225708755092j)
(10.215934632297358+3.1598054774270254j)
(10.88130281073118-1.3718784797782435j)
(8.80283718390466-6.920340116590039j)
(7.5926353048633475+2.296413936371938j)
(19.72168838051839+8.216342841596498j)
(1.4569997384653262-4.501265790168544j)
(13.21880873076359+2.4430478167453114j)
(10.690516449122944-5.852749796793085j)
(17.740880448387657+4.152240776824351j)
(16.750924007228694-4.420253327347848j)
(7.043167785777944+3.7921218287522622j)
(15.092686365016439-2.3721155988091267j)
(8.996273803600653-3.8290726213047006j)
(14.000137325038944+5.153061883432091j)
(12.9320689324837-1.6679950783367983j)
(10.900247442237-1.705530474440257j)
(19.621264968279423-5.012984152593028j)
(5.414688617491577-55.728574138536956j)
(18.331964963634444-6.729741418933548j)
(14.007800814491825-4.522941057158072j)
(22.214581087612977-1.3315778368034685j)
(-18.774644153245134-25.544793167532703j)
(27.285824999676613-2.1668240610238225j)
(6.762236949908505-2.116422935738477j)
(22.64968482904048-37.36228042345288j)
(25.1342458520427+17.038779530579777j)
(30.657132757544147-17.251860069293187j)
(2.8648774321956894+25.578535549070416j)
(-55.602750433361926+419.2099672350601j)
(7.7848974674007145-10.087672023342277j)
(15.88877858172266+2.7331561355831124j)
(8.353179482345105-3.2778990778789545j)
(14.149509840646832+6.95533236127657j)
(13.906746384204004-4.219781381744932j)
(18.07534863334705-5.792197138930472j)
(27.987144101468115+20.052315064587674j)
(17.471750337657557+9.846259182225735j)
(2.494265092134537-12.357795740613424j)
(-0.43942304992281067-7.541051889420044j)
(5.413407120722163-7.638504451829044j)
(-13.809231062420668-2.5711291818242894j)
(12.020061344448301-7.441199315027646j)
(1.8044012851591955-18.926293916537706j)
(4.4661338074776005-1.5612108332295447j)
(5.442042066039516-13.278645719260432j)
(7.394543876542068-10.56588083709448j)
(8.392537316771975-6.319570210294315j)
(5.260392502098407-11.182227990245755j)
(8.78452076415755-6.077398657621786j)
(12.848513908458337-6.984587252981269j)
(13.105412946384828-1.4435373468151214j)
(3.6446596033744605-7.923778489403885j)
(20.72727648238055-49.771274131200336j)
(2.8932618455332193-4.058877076362645j)
(8.354127420339747-6.6446916056670275j)
(9.10054478390147-1.9298123612880755j)
(5.862623098476046-5.489080624409306j)
(13.626122077937046-9.10400728031959j)
(1.656798614922073-9.215844694902534j)
(-2.028339145900201-3.0149615130343195j)
(5.546436590314266-13.09241459306844j)
(14.96841866333391-5.903386987146016j)
(5.926442400511923-8.442860779130632j)
(3.1069622454205383-13.937256260281776j)
(2.9994119787597935-7.083925200446804j)
(4.979202126401745-6.280619754474291j)
(4.64724746832322-8.140860062127828j)
(10.477300629364654-5.88873694034903j)
(11.31097742820112-7.008736844355029j)
(4.28761880666353-9.949459933148944j)
(4.785039628317839-9.704095581755038j)
(2.099201317829681-10.320565794706798j)
(10.76216943807266-7.75068615873808j)
(6.81836749454068-10.77098693654781j)
(-0.23566867300990457-9.163924294606572j)
(5.497501956244095-7.472825641603518j)
(3.9356071954419805-5.42290264736852j)
(3.456819218729485-8.931421660718089j)
(-0.03407053414167526-5.405467791330875j)
(3.815546629431193-3.5837165760403042j)
(0.6768151097784905-6.949667470406612j)
(0.435280356705395-6.672063224310381j)
(0.22680996045851834-6.3856948892683505j)
(0.04575512016782324-6.100312419719721j)
(-0.11684680347885526-5.817686771398353j)
(-0.2658130123499436-5.532943462739713j)
(-0.3988631906746987-5.240667753995849j)
(-0.5092574144346753-4.94052468743682j)
(-0.5916292890136509-4.638799246841724j)
(-0.697782755189693-5.378126734915151j)
(-0.6273585634462726-3.575820299938469j)
(-0.7048260214382601-3.796591455463258j)
(-0.7193441870724518-3.536876572468079j)
(-0.7235228492099137-3.2803798708577157j)
(-0.7123355310691785-3.02715946821526j)
(-0.6827038559908831-2.7826525742209824j)
(-0.6373047432285092-2.5540095904642537j)
(-0.5838530988953834-2.344635232101833j)
(-0.5301641124965442-2.151536212860991j)
(-0.4791233835386969-1.9677285450595245j)
(-0.42758986154015965-1.7876258893280308j)
(-0.3699740312701053-1.6111705528789926j)
(-0.30374886828045955-1.4434849079882277j)
(-0.23250770324928582-1.290108477561519j)
(-0.16377052809449233-1.1515943514057598j)
(-0.103149672315865-1.0222403125736965j)
(-0.04999830136153047-0.8942391731578475j)
(0.0016438741569221869-0.763536917481475j)
(0.05787606038623199-0.6323835336591674j)
(0.11995475040173459-0.5067606419777905j)
(0.18337451865727236-0.39092771106990243j)
(0.24174087889199886-0.2834370489677119j)
(0.29230970465202477-0.17803568497791356j)
(0.3383167827870012-0.06874396284710312j)
(0.3861497138553584+0.04552168693320568j)
(0.4402144947385192+0.16061947640636304j)
(0.49976129066927044+0.2708851061904671j)
(0.5598132415039698+0.3737707218775483j)
(0.6154029973834341+0.4719367201430104j)
(0.6657920685978933+0.5710297287562466j)
(0.7150256473940596+0.674976897485724j)
(0.7684851288918113+0.7829864565181982j)
(0.8287034910416001+0.8905462784800876j)
(0.8937111666095402+0.9931182268145524j)
(0.9588120243882445+1.0896203704100818j)
(1.020406634813095+1.1831998362279723j)
(1.07893194457354+1.2786051256489581j)
(1.1384145103515741+1.3782817968204386j)
(1.2031225143585234+1.4805603894118435j)
(1.2743150280479254+1.5812108796767002j)
(1.3495198130451986+1.6767700352727017j)
(1.424590976676144+1.7671098459155832j)
(1.4969868677414386+1.855445255466235j)
(1.5677904549919937+1.9457096196635482j)
(1.6407763668138389+2.0393713664451316j)
(1.7193447567859113+2.1343610662245145j)
(1.8039495456868655+2.226833482441451j)
(1.8919315536739945+2.3141413208092674j)
(1.5000011669322946+1.739708597758865j)
(2.0653934601634254+2.4778447024791843j)
(2.150589451982148+2.5606583342262357j)
(2.2387675418225563+2.645978299666146j)
(2.3326615267118935+2.7314983743013053j)
(2.4321429626812474+2.8137076629936937j)
(2.5344496781187362+2.8905960054704636j)
(2.6363980657846002+2.9630972037325924j)
(2.736849373471636+3.034259273147694j)
(2.8375730277764006+3.106797340345817j)
(2.941824094046116+3.1809155618722103j)
(3.051748016999809+3.254139768547498j)
(3.166714502509395+3.3232862065631785j)
(3.2838933856008796+3.3869304190732676j)
(8.619825922879798+2.2483917854229722j)
(3.5160167795727544+3.504665218764334j)
(3.632381592411577+3.563896934632523j)
(3.7525863330324407+3.623830523771381j)
(3.8782245511958773+3.6819239367434293j)
(4.008255392648974+3.7353840847604833j)
(4.139883943857861+3.7833679709925945j)
(4.270819564016922+3.8275602253703487j)
(4.401033234914369+3.8707520399341284j)
(4.53271082401158+3.9146580233886907j)
(4.668555916686988+3.9586188213448654j)
(4.809716325117438+4.000117042083445j)
(4.95491280959243+4.036766402710506j)
(5.101541487562158+4.068217419758176j)
(5.247851963637212+4.096368187105041j)
(5.394353905602259+4.123775774862567j)
(5.543427786361906+4.151664182329504j)
(2.8227250330114373+8.09577437531518j)
(5.1069545510511904+4.774777933900948j)
(4.426776943389328+3.905957809436855j)
(4.722906795847238+6.927495623318013j)
(5.022549221287188+4.632077808846609j)
(3.008958877274575+7.0523571650147945j)
(7.585292207383071+3.5390942513063823j)
(6.1305753149349655+1.736973331550216j)
(16.05410530535615+11.137101572730774j)
(5.517089908544824+9.474512104701198j)
(35.01093248165424+4.267932449111679j)
(29.124375737629645+32.787147197524604j)
(7.231241800364005+3.7943112012503977j)
(10.315768793306935+1.3723021498043293j)
(6.122238166368141+3.3067318247753676j)
(8.831700977120144+4.734225842125085j)
(26.656775814118706-11.247827563268118j)
(12.256561856041763+12.579387538819805j)
(8.42081130361473+4.243899092001369j)
(11.145085024293572+1.1496924699428175j)
(11.360327261932843+5.018993805963695j)
(50.934007735398026-6.180243352519944j)
(26.254519714763102+1.7709994016030692j)
(12.45040330841363+1.677597391211187j)
(-14.877935765306109-21.592105452029216j)
(14.887401188759318+3.0266313295884535j)
(9.805112156545947+1.8347189912713984j)
(15.257988127581994-3.1359831381851415j)
(17.353384449211617+3.0284508787685094j)
(14.053482694009581+0.697817221830116j)
(13.343378476528123+1.5886735847079885j)
(9.832593094359051-36.27263190472948j)
(10.19902481080558-2.8889315475069015j)
(16.729484329849072-1.023422183480866j)
(13.308174383825532+0.9028392426612374j)
(22.80700029082438+5.505104982065917j)
(40.93119460902664+5.728815027542256j)
(2.3414442611919735+6.659565602898791j)
(11.142191393557871-2.964820060020048j)
(12.60864823273978-5.897232740008451j)
(36.17405108821862-14.80361361136794j)
(15.180515225955585-0.40332003936063154j)
(11.770940408797752-7.868497469136886j)
(21.501195315939103-2.9524850802528135j)
(12.26718656556768-5.262176706047617j)
(22.606786441186223-6.744630639039368j)
(19.635731515491234-10.276098190175231j)
(5.2972694282935695-8.335434812284982j)
(11.41959632942349-5.995763172956758j)
(10.090082106108678-6.5560161850192795j)
(9.43895289869649-33.87282909901283j)
(17.0762080030247-12.665344764266043j)
(-11.959824186008642-20.49576291851102j)
(8.215479721630148-6.656923777239419j)
(10.498879313102568-14.493608078899625j)
(7.5061503433134-9.820195023023757j)
(9.322569019196077-5.026219527447127j)
(6.102592782109842-7.31447517527662j)
(5.819639648666908-13.621377134788906j)
(9.436622480909202-5.779828737792409j)
(0.6630283476105366-12.546366657052314j)
(5.9464955129429145-11.783030357976525j)
(5.50686964923715-5.770618444139139j)
(8.053983618935382-9.738949337712887j)
(4.485419574226326-7.1962135369781315j)
(4.861604983679146-5.211661919264171j)
(5.358046626490078-6.044477016272037j)
(4.330291865437302-14.398728568368867j)
(2.6130931557445614-4.526223314314273j)
(4.874986919945787-7.9172932974401435j)
(7.483871319449717-6.227917480448297j)
(5.102015893205707-8.983704321596806j)
(4.156953714897781-7.594347226811984j)
(4.629025197173472-5.450292795351204j)
(3.613802321330323-5.641911782493148j)
(5.223771729089953-6.372972645010739j)
(4.267097560287986-6.8782756491262225j)
(3.524793238436784-6.670245803794915j)
(1.9388435652237463-8.431033431492597j)
(5.516953826182684-6.152564541439965j)
(3.5300325220736584-3.781188130262924j)
(3.539653043562925-7.499896088546168j)
(2.4170992538082685-7.846177792343954j)
(-0.5219663556858782-4.40871747118389j)
(-0.3215893791667167-5.2392794712238695j)
(-0.004445699291447214-8.01082008735085j)
(4.736990366816711-5.394687220551281j)
(3.0780493880917277-4.459108945851541j)
(3.529255732696432-4.466224506017869j)
(1.7139189668280062-5.486324555407729j)
(0.8352764994961671-4.2691528841975135j)
(0.9637714715146619-6.093666931829766j)
(3.3051871253077674-4.631170096025032j)
(0.2755913616253735-5.42679980718552j)
(0.2522734518179332-5.715597126707994j)
(-3.3467449897182724-9.130752599832313j)
(0.13603149154163388-5.368059567390535j)
(1.6335738701345917-4.709875890913843j)
(-1.0217790022544817-11.148203727690372j)
(3.9002055517650356-12.998467433139826j)
(4.874751078502447-5.499060103553583j)
(0.6587663556888228-3.8978239164010566j)
(-0.21590320131940405-4.409932161782585j)
(-0.3172002756137333-4.125938798471262j)
(7.117774100044108-3.2656656144803846j)
(-0.6850078793119685-4.663268478006636j)
(-0.6184369115457445-3.7755740324787808j)
(0.28476226113147923-3.0495518875419156j)
(6.883434231961626-2.718153007104162j)
(1.3022013619170685-1.5649089740920898j)
(-0.40915953236582214-3.1974118141851897j)
(-0.5933064252327563-2.397575989307848j)
(0.5424656821018325-3.413744417757428j)
(-0.2721991032843999-2.5200261336247447j)
(0.595298138654407-2.016572080955747j)
(-0.08090209320396713-3.5672299037467172j)
(-0.242968665812632-1.4162006112555725j)
(-17.685302492898984-5.617096429728525j)
(0.3563442595883198-1.1049385926852162j)
(6.840050598574345-4.322710474185581j)
(-0.18932802490808692-0.7363242504529106j)
(-0.16114366834034805-0.5696571885148775j)
(-1.1532163544123033+1.2681361160366207j)
(-0.07762594604832011-0.2377319951156398j)
(-0.02028781449171799-0.07740569612423585j)
(0.04574159994664276+0.07571514031914582j)
(0.11777785524790815+0.22081270941565187j)
(0.1935950999953936+0.3588207571269744j)
(0.27246976311663956+0.4915534333803474j)
(0.3553157491609411+0.6203684316931429j)
(0.4438289342579656+0.7451218445422567j)
(0.5391276672226135+0.8640567756558198j)
(0.6407351153536927+0.9747158067019376j)
(0.7465378477412038+1.0752904694329082j)
(0.8536958813475758+1.1655747340350655j)
(0.9599275455624316+1.2470141458419697j)
(1.064468554175672+1.3218723083690664j)
(1.1682040877941182+1.3919558485924846j)
(1.2728592787173079+1.4575777699641836j)
(1.3796521683987002+1.5173939809812167j)
(1.4882141649474938+1.5692812758548238j)
(1.5964787126531919+1.6117429550064877j)
(4.312183364905507+0.6785795409051396j)
(1.8014466953858883+1.6709141533690068j)
(1.8954988276536917+1.6923759035833983j)
(1.985137595051235+1.711554367091271j)
(2.0726195401175525+1.7289214403650903j)
(2.1595785599497535+1.7430832128316787j)
(2.2458427492928754+1.7518038224437533j)
(2.3293635078991306+1.753597632304461j)
(2.4073316379734084+1.7488812565273713j)
(2.477776846611602+1.7399642663747008j)
(2.5406740026929757+1.7299061274520469j)
(2.5979151424111993+1.7209278307091715j)
(2.6521608802139416+1.713299580273566j)
(2.705221352585168+1.705371015879646j)
(2.756929494331494+1.6947655721762733j)
(2.805218107869136+1.6800367474415474j)
(2.8473712891758156+1.6617625848304125j)
(2.8816733470955906+1.6424041699748846j)
(2.908446142898474+1.6250372681658916j)
(2.9298740402316614+1.6117443595322463j)
(2.9487567568758415+1.602618901500791j)
(2.966941312667515+1.5959395134394523j)
(5.130043079123115+1.0681365564327328j)
(2.9990931788788853+1.581613721709382j)
(3.0087915801792975+1.5731974595385674j)
(3.0120334579225103+1.5664921916528352j)
(3.0093851953055277+1.5643765452554714j)
(3.0031686665840525+1.5687257241037067j)
(2.996249458713069+1.579508755666265j)
(2.990584083155687+1.5949984027372408j)
(2.9863530844143176+1.6129043598234718j)
(2.982122401303726+1.6317615900020066j)
(2.9759162963181103+1.6518061558332402j)
(2.9665962429838943+1.674844264213917j)
(2.9547387769668005+1.7031778634214036j)
(3.703860040703022+1.9311784433870178j)
(2.9324311777454706+1.779745401527964j)
(2.6498874453231025+0.2799218729177459j)
(2.924686124925933+1.8744455788244978j)
(2.926058818975893+1.923630136549749j)
(2.9287669813423647+1.9731848549884508j)
(2.9315767645072173+2.024172149150389j)
(2.934557775248461+2.0782135922070912j)
(2.9390616112095675+2.1363930492304353j)
(2.9469368338393327+2.19852676716557j)
(2.959504337913082+2.263216419060706j)
(2.976910954137119+2.3285640677542623j)
(2.9981494437096416+2.393069857776494j)
(3.0216349553417774+2.4562459652574873j)
(3.046006068058049+2.5186949744615674j)
(3.070759052726799+2.5816482835062846j)
(3.0963961063949483+2.646209491207119j)
(3.1240143659266093+2.7127242632913564j)
(3.1546013222033986+2.780631346950414j)
(3.188468582017678+2.8488274953421535j)
(3.2251057378667403+2.9162689053320676j)
(3.263446554067343+2.9824710838112454j)
(3.3023562249725673+3.0477062069109784j)
(3.3411112290546217+3.1128559217046394j)
(3.379669085152611+3.178999974573401j)
(3.418601052301224+3.2469343515471594j)
(3.458724248685779+3.3168695404686495j)
(103.8654707309463-86.65291671348466j)
(3.544488103899846+3.461124175127971j)
(3.5898490825681475+3.534408720222727j)
(3.6360475980708604+3.608293893499648j)
(3.682435108009223+3.6832671617124926j)
(3.728701227483199+3.760196990705209j)
(-1.389856322459759-2.5657898443032523j)
(-0.39407645553846316+5.997572068991129j)
(4.137871719780664+4.3526612201131725j)
(6.091893212875792+7.100920531469834j)
(4.232882575937416+6.7471097994871085j)
(5.139890415696778+4.446518074520835j)
(8.575374256073129+7.726547527853475j)
(4.018843571080828+4.7495853218635755j)
(4.109331999587783+7.579348757160283j)
(4.787505220798753+5.193919083884884j)
(9.08559981096179+9.544623661701563j)
(5.661424084585114+1.7148050479996293j)
(6.846681091217213+4.19198955058129j)
(7.592774356676979+5.850312972698988j)
(6.127257815279229+5.024944347307045j)
(4.98500936107629+5.7755510038341j)
(4.668710007918314+9.111367959802362j)
(6.712679221015296+3.5332242010233905j)
(4.349597093727738+5.091947126741298j)
(5.19690614004867+10.12532850043233j)
(3.381071618833036+9.061395100215972j)
(6.0126962798899655+7.2535528144676045j)
(6.456962359904838+6.231680242021132j)
(7.981318836181083+9.06400557426091j)
(6.332856367943197+8.15262153506113j)
(-23.338720557311486-13.342546309423282j)
(6.303090947208733+10.198488443066749j)
(6.387441092956165+8.870798060993874j)
(7.041201308413535+7.716790289687659j)
(6.390547521032035+3.152351633590427j)
(8.434611102569441+10.041747288242451j)
(9.60299600819282+9.138603887354032j)
(8.500430680260314+12.009332832628312j)
(13.849838860882107+5.531923457994654j)
(14.612405658548061+10.063822133290547j)
(12.621921013415388+15.3128726469559j)
(-1.0230010896001638+23.339037108104087j)
(14.701582209739296+16.729975873387424j)
(18.405692551965892+69.75820800269781j)
(15.722158748584873+21.154780451271016j)
(26.285459892633742+14.171537234553607j)
(72.2061483199821+8.594074224058863j)
(44.78196452240893-14.556262585490032j)
(27.150695372758534-7.443880979877736j)
(39.17631556931967-1.0296158745330406j)
(56.11179479792886+8.670966678608945j)
(24.917454503375257-6.24987273475608j)
(18.88828302991543-35.97430499115609j)
(20.523302239674642-17.89720125189843j)
(27.090532847466797-6.923894319682183j)
(12.417155480653795-21.59810227724388j)
(25.11804442481036-19.82443824132251j)
(19.23599541861999-17.6429115164079j)
(22.040687506747098-14.933526815116345j)
(17.055584885350267+22.7543549697277j)
(6.661127816071234-12.650698241546285j)
(3.755694148303321-14.579927821031735j)
(22.28955002461074-9.24452405858239j)
(2.8981246804458944-13.011386871508456j)
(7.845204738483127-8.461833633222433j)
(14.650900580026182-13.097932072221345j)
(8.812327513607354-24.51670882304756j)
(5.267378533548462-9.457922571397981j)
(3.7809168289751334-10.002574290585358j)
(10.065298289689729-6.379761602862585j)
(-21.82681300995653+86.78897829044094j)
(4.154470102033477-7.964241808186354j)
(8.615228031664465-14.686114449899682j)
(4.859813795155047-7.3378003365061435j)
(2.8392057896134117-10.126012537423085j)
(5.102933392567211-4.746050775461634j)
(5.827180163196061-5.173555893922863j)
(-0.6329000882052204-6.642486353146303j)
(3.61216689914283-4.992903857452079j)
(2.0842969994634086-6.061825767550253j)
(3.897157388145422-6.4025665970485255j)
(14.99773282634833-20.51474279365772j)
(3.165720812817772-6.763512421363519j)
(2.901395428483323-6.855564738472858j)
(2.362049288489934-5.602028946762926j)
(3.527187294495235-6.444675188393941j)
(4.012145980883708-6.058922243419335j)
(3.500396040853773-4.666638920462105j)
(3.177533682918111-6.207063081503381j)
(3.3579742723046855-4.868927197343193j)
(1.3502441124334679-3.6142059302549336j)
(0.9373921948452077-2.618265108955325j)
(2.4825960067291137-5.844566162418536j)
(5.237337076786639-12.164734178509221j)
(0.9451661638111187-7.278760454263341j)
(0.22405169805279967-4.696465848279374j)
(14.316532362757417-5.700608193421592j)
(0.08294325733310857-3.93390999549873j)
(4.771062013634381-5.728422185655453j)
(0.5143717160660571-4.746749858598899j)
(1.5723641078811503-4.885474933123635j)
(-7.29936088766292-19.177793763992124j)
(1.1041961725315816-5.76411041416947j)
(2.3711426386697654-4.558070401747119j)
(-2.7628862768930533-3.100403064212605j)
(0.5592887925679306-4.05213991522614j)
(5.39969075189003-5.633702667337221j)
(1.091242832996897-4.214259050654378j)
(1.3367626590709605-3.796581871914392j)
(1.134028339138058-3.9702908782631847j)
(1.824231722047448-2.673296740415958j)
(2.9553162403113444-0.412974347049446j)
(-1.9561614378300078-6.550570174971677j)
(1.9632938500457926-4.077770860821406j)
(0.4710007369698796-3.3086164316840367j)
(0.14995784939585535-3.576833924732052j)
(0.408022551396748-3.979253391665278j)
(-0.41120244686571755-3.7455530962783548j)
(-2.8024800522785402-2.568984179418967j)
(2.180723054973392-5.700363316148264j)
(1.6312828031914601-2.766898780350794j)
(-21.095548506967933-28.440432746301518j)
(2.5743376515049747-1.9635235391011552j)
(-0.5722471789416718-3.1208109472801207j)
(1.727042753197101-2.8584557233279075j)
(-1.532518210478368-9.827423283162645j)
(0.028309532532583098-3.044318806737239j)
(-0.3173315845215456-1.673569260253309j)
(8.434279766988073-0.832492859742582j)
(0.195776850345149-1.5653287739942525j)
(-0.03932803456692873-4.2957846614732915j)
(-0.15626293562737412-1.5455837407242436j)
(0.4610003828427046-1.1518070546827879j)
(0.878094246443814-1.4572040581630261j)
(0.4452054688776758-1.0322655284215005j)
(-0.1853348549336818-1.7622686027576475j)
(-0.24464130688174648-0.7284342821120917j)
(-0.7053925734419413-1.2520960167878463j)
(5.143924125817191-3.876896676451627j)
(-0.9291619597866486+0.07450144144750709j)
(0.04958748963858934+0.10776953125223666j)
(0.09030588573429643+0.24571596940243917j)
(0.13691170748078874+0.38131622762581324j)
(0.1890265854806134+0.5144324498636119j)
(0.5018092139634271-0.30845374745804893j)
(0.30935646627708874+0.7733414892690409j)
(0.3779065717585472+0.8990520555943479j)
(0.45245420119334123+1.0219068116560164j)
(0.5332686787662558+1.1413808472386346j)
(0.6204871733692174+1.2568050884950541j)
(0.7140833850975375+1.3674419779405558j)
(0.8138756634524419+1.4725496658381698j)
(0.9195535720365495+1.5714221480340402j)
(1.0307049867123323+1.6634100758249224j)
(1.1468389876709244+1.7479343340271574j)
(1.2674118297571348+1.8244986477427585j)
(1.391864724181991+1.8926943674341485j)
(1.5196705963295174+1.9521810381402265j)
(1.6503689148559388+2.0026309703758534j)
(1.7835581723911826+2.0436476354652857j)
(1.9188290714429603+2.0746933469107725j)
(2.0556543724350385+2.0950677417255656j)
(2.193277947335469+2.103954675383103j)
(2.330642708084133+2.1005203329430557j)
(2.4663709236372995+2.0840289063713673j)
(2.5987877758433835+2.0539513241224827j)
(2.7259761581414863+2.010059192482459j)
(2.84586033143793+1.9525005793434607j)
(2.9563191211703708+1.8818438803263426j)
(3.055313850523135+1.7990661427184231j)
(3.1409900083027953+1.705473799953024j)
(3.2117013530959886+1.6025820918128941j)
(3.2659327869380426+1.4920206561486449j)
(3.3021536331689862+1.3755423314282746j)
(3.318681791579576+1.255182129874158j)
(3.3136643505503764+1.1335646564073085j)
(3.2852919825745124+1.0142993873262984j)
(3.2323548294350184+0.9023100540027651j)
(3.1551478384980496+0.8038151127261817j)
(3.0564685123411643+0.7256249814533428j)
(2.942115993374015+0.6736648449044278j)
(2.820268849593458+0.6512141517067498j)
(2.6997015460895484+0.6578340452163797j)
(2.587656377052724+0.6897104008987371j)
(2.4884841914498192+0.7412340368161575j)
(2.403607159304386+0.8069045486704374j)
(2.332544393524193+0.8826547352175754j)
(2.274326017475571+0.9661942773235916j)
(2.22865000452982+1.0564542455262826j)
(2.1963439062023085+1.152506165055139j)
(2.178969204595356+1.252503293288462j)
(2.1777887819859227+1.3532156690810615j)
(2.192691272398184+1.450446296782688j)
(2.221706034588032+1.5400836467562753j)
(2.2613331599676676+1.6191760712401433j)
(2.4652247449897824+2.0655157257483525j)
(2.3560348248263594+1.7426307799181413j)
(2.4042860987528556+1.7893270568779123j)
(4.4329287733013665+2.9640360205076317j)
(2.494703862990444+1.8642840959067835j)
(2.537647605275514+1.8967017174156269j)
(2.5809754226191934+1.9268859981451283j)
(2.626106620125766+1.9541056667150738j)
(2.6735858585704486+1.9766717472898394j)
(2.722691325895901+1.9926349784987807j)
(2.7715193017843767+2.0005584404935397j)
(2.817461171887889+2.0000792246371812j)
(2.857864396566776+1.99212424221614j)
(2.8906929971338386+1.9787845141709066j)
(2.9150669827098428+1.9628931247982568j)
(2.93156565482272+1.947350341251335j)
(2.9421437783407547+1.9342963805941626j)
(2.949543092774729+1.9243729802666292j)
(2.956276613507695+1.9164267357536282j)
(2.9635481889154858+1.9079116406538728j)
(2.970602931493084+1.895915054854021j)
(2.974820801334188+1.8783932887589152j)
(2.9725054107776403+1.8551271836594312j)
(2.9600670647705423+1.828087285214448j)
(2.9352455068372185+1.8011144353271995j)
(2.8980348345229543+1.7789572831714164j)
(2.8509669693920667+1.7658480779313805j)
(2.7984808498808573+1.7640334052190625j)
(2.745413299123928+1.7728892023684264j)
(2.695135731843178+1.7891606744027388j)
(2.6481762862049636+1.808371514194149j)
(2.6019994898949506+1.8268376415957275j)
(2.552069491548512+1.843430581781771j)
(2.493787485004077+1.8603805875636241j)
(2.4245976605896384+1.8827763052268707j)
(2.3454582359496015+1.9168384214761067j)
(2.260972226921132+1.9675342147282868j)
(-1.6728794695917466+5.945009353681986j)
(2.1029226907267886+2.1216699953392135j)
(2.040007947449713+2.217818892264723j)
(1.9898748686660463+2.3192301569121767j)
(1.9503869230000783+2.421497774297416j)
(1.9182156285275154+2.522677240807954j)
(1.890610744031578+2.623086897310702j)
(1.86646636200177+2.724092459969575j)
(3.467967486238232+2.8404595260701018j)
(2.3813265684677187+2.9221087604175042j)
(2.3910021182209995+3.3644569788287004j)
(5.361783194420259-0.7751168114955651j)
(1.6907956748837332+2.4870062075523736j)
(-0.45692283478917917-1.4833260262182184j)
(2.5593827214795732+3.7218060356525955j)
(0.15788952723012153+4.856323230065895j)
(3.335535122326637+3.2704888137823693j)
(0.0861225912518033+6.462280393701023j)
(0.6233796029368572+4.414935583911891j)
(1.626161315658472+4.976409142853139j)
(3.1093302762722854+3.286245651439271j)
(9.989914859267463-0.8508213840319274j)
(2.97944798060953+6.640136948528169j)
(-15.92157070547147+41.06487571073525j)
(2.7023098361411524+1.8430573390331453j)
(-0.6575642028176191+4.969984917573034j)
(7.52471574221586+11.837055369039987j)
(470.52267692394946+390.55395797118825j)
(2.1321793303145204+5.979803919159293j)
(2.592352138817702+5.0606885140025355j)
(0.6170680247079383+3.699826239328636j)
(2.6602865319995193+4.381368296175365j)
(-0.027168894117832215+8.453546809017089j)
(-0.45515543877244935+3.7447056000067676j)
(2.6706410808482213+4.405358110037861j)
(0.7770967554535738+3.8087389373187905j)
(0.6895600381044327+5.108604283917277j)
(0.5823119563412102+6.413449309257408j)
(17.65717089459877+20.452543516466775j)
(0.42653643849487727+6.5331811410076055j)
(-1.4401997571418201+6.887419817931979j)
(6.12738618214655+11.048184211950575j)
(3.873576411967807+8.381752973416864j)
(-0.499785062471349+7.457148506995448j)
(44.990124029206065+85.79642279692027j)
(-56.13761487497901+46.30060825752489j)
(-1.2651870659494497+19.120457456563848j)
(19.233671265670225+22.964977502401776j)
(15.955166301526265+16.67215151937438j)
(-1.196846571770226+5.9772151834145975j)
(-1.487279380783932+15.649944308381045j)
(-3.6727044145388508+15.246603006501902j)
(10.749336406090302+36.25695887499078j)
(13.690464088110069+27.17403087896228j)
(-6.816747247718472+14.340298890682075j)
(-4.907928280508768+12.328144938256699j)
(15.13296902827978+21.933612183227357j)
(-11.350932594023519+12.175335125375815j)
(-10.454398717386784+15.162576897653421j)
(-15.930778744179381+25.591667416390568j)
(-18.376357643914222+21.495346062594543j)
(-12.352722675784255+31.43685077040817j)
(-14.412640315718026-6.619294778791853j)
(1.0019095748825018+1.707735660022904j)
(-41.34972370873317+59.08630207882546j)
(1.7977379260601116-9.384821368871455j)
(20.84325275949055-9.384450314738787j)
(-57.82589891194323-33.02324719179975j)
(1.7670690380876852-80.65606853363236j)
(34.050364555741005-10.999960351391692j)
(2.6666633901101555-25.40429485137048j)
(81.2219836004748+101.86599380100924j)
(-220.70529493603462-40.0548759130847j)
(10.166457197314687-5.845683408600342j)
(5.158022162195275-17.023579560609093j)
(8.923622163995633-15.767858607458747j)
(14.465336209508278-8.58388182773009j)
(9.193061251575614-15.565355497922255j)
(17.32512761731402-11.824067541427523j)
(11.767422805849465-7.569618077055474j)
(-1.8023442708151545-10.418537772335911j)
(8.956937370161933-0.7525217107149337j)
(16.928747500366015-2.010212801712659j)
(-8.31947186364445-29.711928209119417j)
(6.452393426857154-4.982288071809883j)
(5.6684965153796805-12.131222603271832j)
(10.37044615249578-8.528502711649352j)
(8.655058187704107-7.688364880655751j)
(4.962104095322373-7.7193224604785655j)
(3.84227585628602-14.893795036847822j)
(8.166659229791435-6.496659937907784j)
(7.6574309740415485-3.3276543120021342j)
(8.591486395192963+7.516298427224068j)
(5.83552143295073-4.411820152629957j)
(6.71987722104827-7.822430426764418j)
(5.066199554031961-3.1724517261066136j)
(4.845471450574082-8.079323241838884j)
(5.846683221194504-4.528841656836963j)
(4.7521392100494975-6.641573325141742j)
(15.13179713000381-9.960837380805115j)
(9.581050840541176-6.937904101278317j)
(5.865587005900508-5.284676415640645j)
(20.608759393828937+4.393761717094642j)
(9.0882389749718-3.1931293043025497j)
(5.749284052953452-4.468605316482747j)
(5.773508150989725-7.36437625611983j)
(4.761366019710237-4.793613601633856j)
(8.121220561555168+18.014548617756258j)
(6.56685641934299-4.797089540924817j)
(5.023174238207212-8.970237635292712j)
(8.77921982682625-6.374733118329616j)
(7.529490985888028-4.493575860355638j)
(7.0499239406582195-8.759231092700169j)
(8.42299031592473-6.718453259355835j)
(1.9214983567325232-9.288284269235461j)
(3.054027874590425-4.092740872811341j)
(5.339033470278593-2.700386990246486j)
(17.184423531691714-27.40173473486304j)
(3.7046636796344163-5.642660521997641j)
(0.5913554049304117-4.463927919594075j)
(3.4676614480840353-4.996551419883374j)
(4.322400862700502-6.291152016191616j)
(5.881221078205363-5.520555686264802j)
(22.88490178327995+3.677514451071634j)
(4.175726830673798-5.064709302967343j)
(2.8665257807576268-5.466742429436691j)
(11.556771224362386-9.131547967446338j)
(1.4724284227446793-8.049943651533455j)
(1.8736538849297222-7.702684094432165j)
(4.25859413853118-6.501035079432008j)
(-13.383519651703164+3.3457332230371724j)
(5.168198552426513-2.3945017634314962j)
(1.4661464144070586+9.460582084308825j)
(3.164679242412173-4.554539165360927j)
(0.8756906331452812-8.359858212652382j)
(-13.19682086839836-11.213012825182656j)
(2.1906179095254843-3.1463780783992816j)
(-1.1413911502309693-10.362986129986059j)
(38.53148927420972-1.337614483463895j)
(2.5663078104846093-6.720294537753995j)
(1.6137516671197807-6.043990086529051j)
(0.6021557169987746-6.772998694099159j)
(1.941972287444012-6.255706445901627j)
(1.538705436152259-6.078216029269921j)
(-2.339511408516572-4.702863163109805j)
(1.0375967864809617-4.147741030020064j)
(0.3913788771397481-4.6925718001052985j)
(0.009060329021976194-8.912784452791193j)
(0.5248750451112763-2.654250335549914j)
(0.44885192791230877-3.2585906977615493j)
(1.1869785579751042-3.935900885386523j)
(-0.7335664894820544-4.362849282238093j)
(-0.4199752948563153-3.2066052396565543j)
(0.12220830974159552-4.778448428455305j)
(-0.9899816570602609-4.510516813745968j)
(-1.1440984884803036-4.054456449532156j)
(-2.317202213639819-3.081458907700048j)
(-1.6730557765150935-2.2139129666490116j)
(-3.1213747857840475-1.3146593969769376j)
(-2.374341869330263-1.0447356113267952j)
(-0.8746129862628429+0.8054650199579767j)
(-2.175063794571646-5.478039877509693j)
(-0.03746299876407958+0.969255148789338j)
(2.2367508344564255+0.792629231317753j)
(0.4135725726420578-0.37628118758732054j)
(2.1663070210531883+5.2762218793004j)
(-0.3654723587612484-2.135863954291312j)
(-1.639219561128249+0.04533957559564653j)
(-2.401666741730904-1.58730252113034j)
(-1.6185594322885786+1.8117570866078416j)
(15.658248771361798+33.19957736208668j)
(-2.2964285283755235+3.4700298628979107j)
(-1.8680571959077443+4.599000652463559j)
(-1.451509740469899+5.596951729365893j)
(-0.6722508905786582+5.663297382120697j)
(-0.15309611533095877+6.064682183545582j)
(3.7967947224558376+3.9934239492821204j)
(6.504399329019336+5.404665717016257j)
(3.736092720393503+3.6905120348684055j)
(3.5968468268127842+2.0637636984589323j)
(1.5263432304184346+2.5915425117478796j)
(0.8164667223178239+4.676722584171464j)
(0.8366726126452809+4.235747713310857j)
(-2.330310092770169+9.75649771383543j)
(-3.1427701186063635+7.322212715312166j)
(-2.9403891362975427+10.30015285366481j)
(-10.297591926177859+7.7014673154728595j)
(-12.6841442524379+7.602681856492712j)
(-8.893972342031725+6.288614883770856j)
(-8.48630399536773-0.5665995140229988j)
(-3.50643756806091-6.007002058140744j)
