(20.56895257185102+0j)
(19.37068577485769-2.1935011703007583j)
(17.537654951791875-2.0863337631691747j)
(17.709992043754465-0.36154289302067855j)
(20.92965310505005+0.11384400191478193j)
(24.378813220217786-4.00387694669436j)
(22.554368021586136-10.098689072809135j)
(17.54138602991387-12.051308036631427j)
(14.297430741236147-10.493470723741135j)
(14.074204021188326-8.504210740783568j)
(15.774587275679975-8.7741612451106j)
(15.814339746275499-11.974372194751334j)
(12.459378824945457-14.18401745581819j)
(12.973981167197849+6.52335504198254j)
(7.376854246491665-11.25089006771645j)
(7.676348268072409-9.63364346204237j)
(8.626872055780131-9.906484027079046j)
(7.894008095995896-11.535972167591558j)
(5.493223973848727-11.904041596259892j)
(3.5432715655808735-10.606714986236668j)
(2.8729451414859186-8.820644812974354j)
(3.3198136348646634-7.587015410669548j)
(3.9623082683977637-7.659956006851331j)
(3.386147857433706-8.419840655639867j)
(1.8881140385376094-8.259375571003062j)
(0.7750244352620167-7.101924704670188j)
(0.5062312511801735-5.69489802728603j)
(0.9655792584188847-4.710741448784346j)
(10.177525662116967+2.0298010952208396j)
(1.1859148194387144-5.0166111721316575j)
(0.23647360011670304-4.753747459640959j)
(-0.45263415867117773-3.8000706526429555j)
(-0.5464237790380456-2.662700194408749j)
(-0.1080049316293712-1.8291288691869498j)
(0.3981029582260432-1.6725418603202062j)
(0.26726724194313034-1.8668432022730963j)
(-0.3591476822047819-1.6030835013835047j)
(-0.818803571051174-0.8031863849589094j)
(-0.8282443490913005+0.1636332422798157j)
(-0.41249681118833786+0.9130492100311315j)
(0.07870288790434586+1.1335036545627037j)
(28.034941478487035+10.846610204312498j)
(-0.34343976988322183+1.311280815500447j)
(-0.6621828630334102+2.019157603992523j)
(-0.6212841861749029+2.8921372146709325j)
(-0.21966029176232588+3.609823230285119j)
(0.2667091072850327+3.8989536227812676j)
(0.36129328405356886+3.920937876168035j)
(0.08785276898384353+4.212263026452899j)
(-0.12371615616713212+4.892472347291349j)
(-0.038089555358900455+5.741418538932477j)
(0.3637825176560918+6.485089813887352j)
(0.8556389735132296+6.881773004059482j)
(1.0341283071625638+7.056775622505071j)
(0.904074104982279+7.455151383182922j)
(0.8123771400472646+8.195270332308475j)
(0.9661804952576298+9.113158936614921j)
(1.397123278937805+9.984813631688478j)
(1.9258229029119254+10.612838511474209j)
(2.243240539597732+11.102535135160156j)
(2.358139227876435+11.785049147715567j)
(2.5127942304969317+12.76037289084625j)
(2.866007507273973+13.946985929742757j)
(3.4789234973889043+15.219616956482126j)
(3.3129272415736666+16.222953999902533j)
(6.0537649644431735+17.87754311028159j)
(7.492837306302384+18.699370806516356j)
(8.753708366160373+25.24166522103525j)
(10.508843449819727+41.558662013417575j)
(7.37933613909916+35.907550299800484j)
(16.078130309786605+28.068989106863878j)
(17.84964689985229+32.609410465507565j)
(25.946035504945733+37.09765603537873j)
(29.30653446394279+38.21785671302693j)
(29.65255576166661+27.464761319617942j)
(45.3395820573846+40.92279742573701j)
(61.850279178782166+31.12768722814721j)
(49.038631244468355+18.208100012674347j)
(65.4081306006149-9.649143141197618j)
(54.21488806600101+1.8262486741799293j)
(-7.933299168503604-43.96543249478097j)
(77.76445722813075+4.427289090099666j)
(25.04465460478537-28.669961736450322j)
(31.205799942257258-25.27999094506091j)
(45.34376623257178-44.918509622199984j)
(21.770471354966094-45.135553710411514j)
(20.384582900292827-29.260698764783193j)
(19.505041470597412-29.890427536110927j)
(42.64175618441718-56.81556890578055j)
(13.890413700561131-27.858261193750067j)
(16.53460966717712-17.309902314519753j)
(3.644865617541705-26.19965046254169j)
(6.961021769449102-26.598751742488528j)
(9.401395589961878-19.827063389681694j)
(7.064213047339603-19.01108520650089j)
(21.493544441102816-38.48510027202032j)
(8.987587312326625-10.403543013152884j)
(9.467299155405632-17.344250033920122j)
(8.57928253120578-17.807592981116922j)
(7.203294186333164-18.520399336532517j)
(2.463098926128572+2.052596818039829j)
(-1.066112620252207-13.164606408765543j)
(3.7661848567277993-5.425839348689719j)
(7.056241491518427-9.437423297565894j)
(6.7548305690455965-11.103413594456638j)
(3.7193843955418866-4.980934541003788j)
(5.701755826747394-16.121025973413925j)
(5.2957361100500915-11.197656640181767j)
(2.715511432351146-12.661650882632989j)
(1.207690120555283-17.476978207476048j)
(4.884958311870342-10.233089750955436j)
(4.32989051147715-10.797301585536665j)
(-0.041116264831660816-11.961423747253397j)
(7.751136680245297-13.866172614548669j)
(3.333357870254254-8.1008177841032j)
(3.3614264912755876-7.81502161905859j)
(3.410914041179297-7.627286072410099j)
(3.3947077888864903-7.506274544389899j)
(3.3075467691331766-7.358251708844415j)
(3.224348306561692-7.147023505039504j)
(3.200483800608432-6.913369459689322j)
(3.234218544242003-6.717969495847103j)
(3.2740296409166003-6.595869965579142j)
(3.2580153737648243-6.516976041820684j)
(3.1893706754617934-6.409979946497174j)
(3.1299350189954263-6.253625965554523j)
(3.1182692301219883-6.087365970035639j)
(3.1429895193219615-5.957948261721598j)
(1.5854430073818195-7.00766679383668j)
(3.127416241009566-5.829009944457609j)
(3.0598419773966095-5.744663903196145j)
(3.007807647267126-5.623318336230951j)
(2.993613283458431-5.503384966396734j)
(3.1254872273647125-5.474064410967191j)
(2.9821415869160552-5.36829024396565j)
(2.926698185327075-5.321501870657949j)
(2.852839571817609-5.242624761721846j)
(2.799978441532961-5.139003215312019j)
(2.7750654497339515-5.045817696438357j)
(2.7530498198713524-4.982105804493096j)
(2.7066706002697365-4.936742311305785j)
(2.631447217455168-4.8799433077393655j)
(2.5532969869796727-4.79343154707118j)
(2.4990809911151857-4.694351732798733j)
(2.462878029320172-4.611898578235687j)
(2.4184985943367603-4.551855277624761j)
(2.3496830423557578-4.495439573393715j)
(2.2643555553599923-4.419218850032083j)
(2.188107461925352-4.318971494958795j)
(2.135665673129412-4.21725574653705j)
(1.2177501844387513-4.128368877196148j)
(2.031692697676928-4.068752205236019j)
(1.9502790481320311-3.9940056646154596j)
(1.863568358813449-3.8957167593412962j)
(1.7940882749847482-3.780463297609334j)
(1.7460102333608027-3.6729570914329766j)
(11.143658999008753+0.2775518008061666j)
(1.6271049710323604-3.5079368525243493j)
(1.539485424424849-3.4118273214941337j)
(1.4561748575274702-3.290787010545463j)
(1.3955437050577169-3.1597022616229187j)
(1.3528220796537302-3.0437252421821714j)
(1.3010492925119121-2.9494524821451713j)
(1.2231599782564992-2.854008290529139j)
(1.1322185147052413-2.733156779284209j)
(1.0542681433785854-2.586606436362228j)
(1.0031656331503773-2.4362544107283512j)
(0.9661564255799996-2.3069382965861362j)
(0.912117134070589-2.1984028221914462j)
(0.8277435297849037-2.0800792647286683j)
(0.7351058883806508-1.9274237199258701j)
(1.2356237529730676-2.2045697255928767j)
(0.6242107124206602-1.5701924839448134j)
(0.5943845517783753-1.417927911831878j)
(0.5402041066750274-1.2837545021491263j)
(0.4527627560676831-1.1295461880635411j)
(0.3635926747379521-0.9309248109128069j)
(0.3064941171687072-0.7038571952708949j)
(0.28469234907000884-0.4829278282435412j)
(-0.26425733297865533+0.34949044984200756j)
(0.22777355392058382-0.10775178948910626j)
(0.1547314877607757+0.10535253768216124j)
(0.09136956177311024+0.3715020760277489j)
(0.07300659149516842+0.6662611834985388j)
(0.09685664499051813+0.9512020681239869j)
(0.13081738916981764+1.209391173523537j)
(0.14288895293296167+1.4611916731840031j)
(0.13727034372446129+1.7483267830296902j)
(0.1556621161669328+2.086445901834797j)
(0.23071712530745261+2.4475868869794417j)
(0.35705012196570485+2.793616372907103j)
(0.5036089378128678+3.109355407954619j)
(0.6422304324578819+3.41274368088745j)
(0.7758051931575618+3.738777237941819j)
(0.9391641913502918+4.102206503014912j)
(1.1636574007219551+4.4802659459840015j)
(1.4487769221683446+4.836022341378298j)
(1.7673019342723155+5.149484883732776j)
(2.089926686552682+5.43088279768141j)
(2.4116337072535865+5.710019060334718j)
(2.758538400030133+6.005760585768704j)
(3.1632411865265424+6.303426426916718j)
(3.6331384681191525+6.565424036253658j)
(4.143433189431052+6.762243855132939j)
(3.8514639774631276+6.49962091339872j)
(5.157857528584684+6.9906701458156j)
(5.6592244941751755+7.076635639402373j)
(6.193922156994028+7.149440672599537j)
(6.776830313077281+7.174601804371133j)
(7.385590862684625+7.115261767273279j)
(7.974534345158998+6.965477736103739j)
(8.511158463971816+6.756533570800208j)
(9.001344187556493+6.529079637061718j)
(9.479538618040285+6.296661268569138j)
(9.972427930013804+6.033479086885157j)
(10.467111379307813+5.698901038534978j)
(10.915158029837155+5.280529887174398j)
(11.27463534201519+4.813503751237643j)
(11.548404815888402+4.352407935318435j)
(11.779289823050417+3.9249240689183535j)
(12.009950719063434+3.5111046516238384j)
(12.242199238185824+3.0642477373713617j)
(12.430937153849742+2.5599554588978544j)
(12.527501424682828+2.0291075032385053j)
(12.531495888660501+1.5329810053210067j)
(9.500310997712722-6.039385226050592j)
(14.164750069782912-1.476651344681811j)
(15.855051123713984+6.722306892730527j)
(13.096430312947-3.1195030684085725j)
(11.109078055635825+3.0530618744229883j)
(12.819726542445743+1.9367713905169146j)
(8.89629260682878+1.1069135684046174j)
(10.930425289924056+0.31497972719727363j)
(23.404735826947817-10.249181575911095j)
(-63.69810411095324+1.204194888544686j)
(38.533690613223115-29.297733044782866j)
(20.16457718568952+6.089222458859246j)
(10.594019751956797-1.2168888310815922j)
(14.165661153612396-2.3100833807149908j)
(17.454744105937483+1.6018855225818982j)
(5.941996010064829-1.8850929688361002j)
(10.631765141339935+0.9999460342805426j)
(20.038074796710468+15.622432581629113j)
(8.497328702113021-1.5580280049991808j)
(28.64524964130121-3.048687646980654j)
(28.38935328852122+6.32578687052291j)
(11.51390083956748-2.324692992708376j)
(11.845822888267843-5.435241895113664j)
(136.11527157070392+309.98992097963924j)
(39.53473270986302+97.00501935820313j)
(7.959544149692972-5.389281316005165j)
(-60.83242449949204-50.64419488783038j)
(64.08853834202374+10.941453021491078j)
(7.601399720872752-2.67392340750272j)
(46.41573835019625-42.94639625344124j)
(34.43696199101273+28.433043902197983j)
(13.098378207490715+4.728430864956474j)
(11.075505210594908-3.503295891600669j)
(10.566112267832336-2.485374850800679j)
(16.312843709655617-4.9191354413008455j)
(18.827935286718766-29.899964329810196j)
(21.279546896283133-6.866223357960855j)
(5.329918821525876-2.0002844748768265j)
(15.632285206095906+3.6679640408644807j)
(-7.0060289054422045+30.166980714243802j)
(0.7741365808719434-10.724300855806948j)
(-23.387410609650846+19.702266180815375j)
(7.461283540642179-4.657173724366357j)
(60.97205501055953+191.97961825090533j)
(11.00237569909812-4.979885311130688j)
(7.475458495808199-6.497704092544988j)
(10.191117884278247+5.13354742225681j)
(16.389294838197554-17.989392832406473j)
(17.7005457675113+1.4427113452222484j)
(28.72169642772561+4.718034904205296j)
(10.194882575576274-3.1567124289220954j)
(-4.264614838513541-26.158447846268164j)
(8.714512140124127-4.325634154234559j)
(8.235683957219264-8.342501407156591j)
(5.902345504028608+2.7356360974050435j)
(9.203209210088472-9.062978975154543j)
(11.123438074077338+2.5005975244175334j)
(4.442850658116273-6.131458109850355j)
(9.809003498295896-5.898419248899247j)
(5.715486923195867-7.3612993740389605j)
(7.499620645083524-6.092361805625475j)
(1.857722367418601-7.349998570959379j)
(9.995388336059502-8.626511915366029j)
(10.178469603697007-7.151531444675208j)
(7.873594366440098-6.380271197105506j)
(9.645974662950211-9.325571944260137j)
(11.07343139021802-6.363732407349105j)
(-0.4004816401996787-1.1447258877709823j)
(4.033311951579928-22.258729057608335j)
(3.231155236643039-8.738961771995607j)
(8.064109676524454-7.908091937973298j)
(-3.289507996608709-16.493737274235045j)
(4.959470064899579-6.816181156678482j)
(7.566562427555681-3.3624535546492593j)
(6.897712683279566-6.402247865212069j)
(-31.639458201564942+37.77354853165799j)
(3.2833794228826028-8.175561704878579j)
(3.4620624521024763-11.146640108536731j)
(8.703037148555184-13.332350160270355j)
(-1.382080733089485-10.360426418257765j)
(7.299335842195211-7.758913981378168j)
(5.913431535944859-9.116197478141224j)
(0.7427106871776538-7.430210455217101j)
(0.44958879643129596-7.15169077094438j)
(0.19617585365659077-6.844421496706174j)
(-0.7373220848365732-5.7367211459122345j)
(-0.1858358882627844-6.227141251528013j)
(-0.3452417979585289-5.935083014018921j)
(-0.49842639403219624-5.642013825325858j)
(-0.6400498070804855-5.335533841305604j)
(-0.7561657702424784-5.01335899362122j)
(-0.6689242452473666-3.284824167206223j)
(-0.8785742287287761-4.371801576112145j)
(-0.8992768781390303-4.079702839639419j)
(-0.9121611702971079-3.807171224524701j)
(-0.9231705304662146-3.5429040008813124j)
(-0.9271174067363407-3.276944000779419j)
(-0.9127688219667205-3.008510872966992j)
(-0.8723969783382535-2.747690518171043j)
(-0.8097361621724107-2.508485785358672j)
(-0.7388307460767269-2.2975976906656537j)
(-0.67392924371676-2.108980133163265j)
(-0.6194217631297234-1.9288402674873804j)
(-0.5677979394675021-1.746340136118492j)
(-0.5066776333237988-1.5617714810863137j)
(-0.4298101631085555-1.3860844514498012j)
(-0.34356299140904084-1.2314053757499668j)
(-0.2627004271606671-1.0997537136862787j)
(-0.1982407656542907-0.9802020792407864j)
(-0.1483888104023255-0.8575804024468795j)
(-0.10075087034148295-0.7245415461461563j)
(-0.0429739676014748-0.586422721831038j)
(0.027428136616450178-0.45592191817624056j)
(0.10122263005470755-0.34223478450197325j)
(0.16518454004593638-0.24282128318847215j)
(0.2136611202921581-0.1451417757538143j)
(0.2533669792048106-0.037423357268422615j)
(0.2971057580915532+0.0819232509823698j)
(0.35333950930431623+0.20419421374549038j)
(0.4202561806336498+0.3179148263255838j)
(0.48764300460892845+0.41786623240920695j)
(0.42497468091571694+0.9883341520583417j)
(0.591633164756934+0.6040536701112923j)
(0.9173220348304396+0.48924852757427034j)
(0.686161912122046+0.8238095748169091j)
(-1.4059789837538081-1.726955476014297j)
(0.8214048748833903+1.0426761509889033j)
(0.8269029391587113+1.0613872351653337j)
(0.953908656960432+1.2247441410558153j)
(1.0082944910787273+1.3180166475731672j)
(1.06327294023565+1.4207621761263765j)
(1.3906803917362864+1.6867016103540298j)
(1.2023861488143401+1.6355873838881816j)
(1.283732989150806+1.7325190227472789j)
(1.3629892776582766+1.8200352889089608j)
(1.4350443350000106+1.904627567998944j)
(71.0865108853124+21.776977390744875j)
(1.5718137162016306+2.0917201016793388j)
(1.6508038511431526+2.1928336139556195j)
(1.7398007957929584+2.2899833212483864j)
(1.8334597065493516+2.3780537977371825j)
(1.9245841245292268+2.458078099103005j)
(2.0096520928302333+2.5363768374808635j)
(2.0916380075124996+2.6195490694802874j)
(2.17758692920894+2.7091228984256093j)
(2.2728782685096776+2.8004572453949526j)
(2.295128696013257+3.1038732516396492j)
(2.484812844964264+2.9637733806029245j)
(2.589615175657301+3.033849973810774j)
(2.689292200451229+3.102983580566878j)
(2.7873895966799003+3.1766411880516316j)
(2.8904256255878455+3.2552558820031403j)
(3.0026581952298583+3.333891762432721j)
(3.12275800360276+3.4062516095661417j)
(3.245052110623741+3.4696212467302594j)
(3.36408330756467+3.526774973223062j)
(3.4787660181366964+3.5836080387504126j)
(3.5930967208882083+3.6445190274336485j)
(3.713010350688158+3.7089895798709582j)
(3.841691211990126+3.7719535330476575j)
(3.9770096969757547+3.8278467549216786j)
(4.113334888715684+3.8750789228370452j)
(4.2461430525538+3.9171087831603772j)
(4.37543845982691+3.9594900253548406j)
(5.5503356359946965+3.7551630023289j)
(4.641769130886559+4.054140992499353j)
(4.786383461935433+4.1001128327749266j)
(4.936733610562598+4.138734252022222j)
(6.495704466197173+4.2640151413077465j)
(5.23510182117392+4.195947783672713j)
(5.38057237377692+4.2235235220849905j)
(4.376425502959346+4.635378997224381j)
(5.068548325357749+4.627288419324884j)
(10.66762445912207+3.858861734382167j)
(3.4543787362156526+5.20624587234691j)
(4.6683412064896395+8.834081121039443j)
(5.45446413785292+4.286776676567347j)
(6.157427097656387+7.700179089776392j)
(6.22189743660188+4.339702230175599j)
(10.067822939267277-0.5305660332923904j)
(5.912721168100083+5.061472015305977j)
(21.897091024375786-4.723025498248702j)
(15.507043575897073+6.075292214347118j)
(9.54811245650089+5.303927941136112j)
(8.960057297605504+7.746493797426456j)
(15.242198599362276+5.225871313780288j)
(24.544354137304552+13.008100917676705j)
(16.660896618015393+4.885639481775047j)
(12.900864145180556-0.07804637591700801j)
(41.32437377478439+7.9168595683783485j)
(-5.05350365264751-16.57085898301628j)
(15.026525623848718+5.483223933716809j)
(12.837464120862565+5.610811863472392j)
(3.0502849579284708-1.5884541652822595j)
(12.475790659704547+8.071314321090513j)
(1.6723552918939955+0.6441474131399806j)
(20.291437717271865+4.8543141867525295j)
(12.415816512157734+3.509938557760872j)
(48.055011591185455+130.08533855102385j)
(10.827905294503088+0.29874965617367405j)
(62.33501152671918+64.15365856846381j)
(13.062795831360125-3.708749946390961j)
(23.153633382422857-7.950101379351219j)
(6.118417838883044+29.93568165542961j)
(16.21424777027323-1.0492684191839257j)
(14.24025857105081-0.1892408576732596j)
(-6.818526858028934-33.20815501397545j)
(16.685445852800374+1.3160631566004226j)
(15.97826510657529-3.5162923434848685j)
(14.514058065876306-6.691099725914727j)
(15.9669655191789-1.2398387601457916j)
(14.689892070645223-3.377580387216315j)
(10.778005407947974-14.7170574845853j)
(15.079554868773073-6.459986741469795j)
(15.186840307353023-5.2847068185089725j)
(12.88055610193154-6.56298804531879j)
(13.059370537089736-6.246125375788816j)
(-2.7483349039689355+31.235943129310638j)
(13.08390785939353-5.949760595055804j)
(10.838529594674313-6.969651633246757j)
(8.107729309081986+2.238842518417071j)
(9.792079306827233-7.105412879750278j)
(10.13397299612554-7.652514276976772j)
(16.748217016088844-11.1610829167347j)
(13.691483266922447-4.41108360146681j)
(9.893230422194515-5.286870542403098j)
(8.670884333763054-7.553038573140911j)
(7.399643525368971-7.257830097551707j)
(8.696109315450988-8.28705889606569j)
(8.729351688087089-7.9887596115518615j)
(8.192734602919941-8.224898928474355j)
(9.472321563911853-5.083214992571726j)
(7.817402488231558-6.92195939322426j)
(8.44751010764932-13.273714489219895j)
(5.56397938395725-8.070472810445652j)
(7.370149552295876-7.299833516667934j)
(6.64231365931379-7.3648216451736905j)
(7.473131849390613-7.432138629510784j)
(7.976920760034818-5.101826695398019j)
(4.782593334566362-8.187774341799118j)
(5.254537802040942-6.966040905000103j)
(5.718419699517239-6.285599353914262j)
(7.5913151953026015-7.5244934008016475j)
(1.3490360611383447-8.828939903601064j)
(5.891158239994211-8.610306651170413j)
(4.603451421569239-6.715236871809974j)
(5.661016013448776-8.817437514373403j)
(4.445588647978209-7.655593281162859j)
(5.187333708683973-3.7964668026458184j)
(1.488418187278321-8.978339336169133j)
(4.3424958546932775-5.075567751195948j)
(3.1854836692204405-5.399968572583077j)
(5.552110067055033-2.814930017654145j)
(3.072209437415103-5.105497333688772j)
(4.3238241573277865-5.486620520973579j)
(4.119813127155855-5.300945472505316j)
(1.4910713605679797-5.699730495270425j)
(6.443684132744748-2.1219361772021683j)
(0.459578539464842-8.582855839549392j)
(-0.08105402609787776-6.2289515214506j)
(0.8116647998817944-8.762570466627214j)
(0.37332675892524175-5.49707241678402j)
(0.552779952092437-6.627799900501692j)
(1.4215214974665706-7.445961008951529j)
(2.635427615675612-5.093636856474423j)
(3.2028562058972385-5.594768988193182j)
(0.7108435827208149-5.346270347027888j)
(-1.1626914283921161-6.225918795002619j)
(0.9363880535202065-6.668439032542432j)
(0.22740811440484737-5.439957205695754j)
(-0.6926846719331602-3.854283245812275j)
(-0.7859968485422367-4.846703347845453j)
(-0.9422629928619325-7.79437576391851j)
(1.3994871141033638-3.95801392249877j)
(1.0310414747204193-4.012272897314294j)
(144.40087065547127+145.41274503613212j)
(1.9218481771264408-3.9364454149569736j)
(-0.1096998651340672-3.6754191063619723j)
(1.1059915245111283-4.322489340412543j)
(-0.32692887002858156-3.5057834396884164j)
(-0.6145012649147378-3.605013752723175j)
(-0.19010890051426624-1.930115212210099j)
(0.3539339089695545-2.4508690863088147j)
(0.3365688883948498-3.2524210152882382j)
(-0.11591396675494038-0.8317668184764139j)
(0.5115866377600021-4.216307569867741j)
(-0.6822056631577983-2.611514610149869j)
(-0.25849037830018295-2.364043980612145j)
(-0.380310370461471-1.4164429785242805j)
(1.8201197027265363-2.3199774298515234j)
(1.6338483248294111-0.9345487819109263j)
(-0.6458730873405585-1.1109655207978142j)
(-0.3169585428048614-0.7179215365135432j)
(-0.28980360558958185-0.5459212109913405j)
(-0.25328053658642197-0.37125829544956424j)
(-0.20380543905795204-0.19715369191957588j)
(-0.1409838749852147-0.02866446089831982j)
(-0.06783099492722619+0.13017633202319762j)
(0.011045606828885154+0.2783358504469208j)
(0.09195647540878185+0.4178912573596865j)
(0.17395397698305787+0.5524538251932526j)
(0.2590816988304738+0.6847839821601932j)
(0.3508479447325053+0.8148734948491334j)
(0.45172221373702603+0.9397157307973072j)
(0.5612574667904616+1.0550034942854816j)
(0.6760630207497311+1.1576071771609067j)
(0.7914892437012513+1.2472448304090413j)
(0.9038924011086272+1.326520480651196j)
(1.0123034518860985+1.3994679314699001j)
(1.1187028927746085+1.4693178276494576j)
(1.2266297980030427+1.5366000426661872j)
(1.338734354562179+1.5987765269363943j)
(1.4547609746032422+1.651826457401225j)
(1.5713348554397168+1.6928339385149165j)
(1.6836768157942046+1.7219083593313296j)
(1.788133027228711+1.742319707519089j)
(1.884078535666457+1.7588533351060336j)
(1.9741749453222308+1.7752702708973953j)
(2.062738262736411+1.7922247410403649j)
(0.7475368217284274+2.2881019983514013j)
(2.2448297553115784+1.815030318611013j)
(2.33468818765667+1.8134839354748258j)
(2.417577185989227+1.8027513181596713j)
(2.490019981858797+1.78672307428091j)
(2.552036681942347+1.7706471401295347j)
(2.6070970389731616+1.758274934785295j)
(2.660073087489032+1.7498406641651942j)
(2.4110530268314827-5.751617799878157j)
(2.769518521091183+1.7303652159479892j)
(2.821945492643815+1.7117881480161103j)
(2.866626488555744+1.68712466175981j)
(2.9004255440762696+1.6605755641338373j)
(2.9238951962524955+1.6374324849345039j)
(2.9409250744309+1.6211680102865027j)
(2.9564725353519896+1.6116638492517368j)
(2.9737454529431018+1.6055463506472865j)
(3.5877405136076432+1.5497317806831628j)
(4.13108362458035+1.3416804330037357j)
(3.019036461027043+1.5736901959567544j)
(3.019683457923901+1.5610518458035236j)
(3.011846931989095+1.5545650464287502j)
(2.9995157953831586+1.557380519243433j)
(2.9875812846432503+1.569219050720442j)
(2.979240059307431+1.5868155440871201j)
(2.974494974273561+1.6059674867029987j)
(2.970467745495869+1.6239945624321126j)
(2.9633112978014022+1.6413010870393212j)
(2.950697123373856+1.6611553178094631j)
(2.9334225209696623+1.6877344749305085j)
(2.9150989400459677+1.7236115229336446j)
(2.90015259386505+1.7682961229189054j)
(2.8915034151675134+1.8186483532562707j)
(2.889296759956189+1.8706852768362294j)
(2.8911918515343245+1.9216300188949118j)
(2.8938800646150264+1.971189583746318j)
(2.8950497558204+2.0214849307748706j)
(2.8947747439908733+2.075625543729932j)
(-0.11383328206777735-0.31968039172743873j)
(2.900376636937962+2.2014772289032147j)
(2.9117638254910156+2.2705683785162702j)
(2.929780878066821+2.339796482277255j)
(2.952623177778476+2.4067463029171536j)
(2.977557852321551+2.4707688027013996j)
(3.002292194454114+2.533083106900714j)
(3.026067770040669+2.5959694260302224j)
(3.0499160999048+2.6614240595651024j)
(3.075892309961928+2.7300339225806636j)
(3.105782547367775+2.8007600332508127j)
(3.140129542611872+2.871658896954645j)
(4.801957314074343+1.757452445192109j)
(3.217795786088411+3.0078495532378704j)
(-141.56418153898926+114.27797693212257j)
(3.2959730829729397+3.1373210715534663j)
(3.3332887187110884+3.203156541371515j)
(3.3704990127440584+3.2715750219231086j)
(3.409057502736786+3.3427790492386404j)
(3.449997882007682+3.416013770642741j)
(3.4934678006719135+3.4901418450568427j)
(3.538760876205307+3.5642996638503814j)
(3.584702485818863+3.63833660379109j)
(3.6301792023941952+3.7129358652441686j)
(2.875680435400945+2.738726258207469j)
(2.692776421771326+11.887794193011658j)
(-7.142966477205502+23.479516089943026j)
(15.130059085157459+2.9573562695994378j)
(2.995728997750114+5.797425268371892j)
(-30.22714140226905-26.528084348626862j)
(6.285865708221769+3.9983840437715052j)
(-10.851103583614966+8.196179431963671j)
(4.14160542514622+4.737918546882369j)
(4.5575292513235395+5.0919012235793195j)
(6.909811823789885+4.783275903104787j)
(4.999694826381396+4.648627951780863j)
(4.869178022958572+5.010557884592211j)
(22.292772370055683+5.9335289987915845j)
(6.502579327962257+5.305140256836545j)
(-1.8477135642966211+8.974381481123865j)
(5.547815961820226+5.809816174255475j)
(4.571732463660075+3.9454511633861014j)
(4.795377401250631+6.105976304749526j)
(15.090558616342703+6.549611175420145j)
(5.901359455882199+4.9327706599518075j)
(6.356629592282254+7.931597888786678j)
(8.005901766530693+7.68351008676634j)
(5.318654423979051+7.5547921059298915j)
(-7.8699228371870875-2.083218580555106j)
(4.3650928209525315+12.351052301701962j)
(16.563391839500476+17.121397294316182j)
(5.031452385080954+12.087408020529285j)
(5.885040090744402+11.114644729922864j)
(-1.7652471030665295+2.355514106002694j)
(7.174398039736472+9.832486120808756j)
(8.080977171509423+10.682855722277171j)
(7.929502738860909+14.56962348895583j)
(14.799383818655468+7.179488853471959j)
(10.858349669754878+12.362357234697939j)
(18.83541040844924+26.406662972095873j)
(15.998675575918957+47.85610286201481j)
(12.557851016667184+13.771516966907939j)
(22.485678558659195+9.987826783210126j)
(-8.639585032320424+12.83686385883638j)
(93.87195034607232+2.0289289979814416j)
(32.991576347608174+6.693651537156419j)
(27.99662598951402+12.924516736297601j)
(42.41744237586791-6.390151828787989j)
(24.15599750885258+14.583074639432967j)
(-63.3318021953085-9.878796917352028j)
(41.92259117653163-11.034032985398353j)
(26.412423993673865+1.7865695365065735j)
(24.695135150528444+40.70083855299324j)
(7.46116302334959-8.573126913589192j)
(22.47173983498051-24.14612776445951j)
(14.781986782675384-20.069880204519023j)
(-143.3573639106183-116.57326800194639j)
(19.75867638167315-13.924033385962863j)
(9.01894788760347-7.345965823859941j)
(19.676023440928308-28.54576972086967j)
(-2.780031394393916+1.2999891684177947j)
(30.36474314434803-14.291468325583256j)
(8.08751146092693-6.008505694146122j)
(6.212462312101852-8.849447779046189j)
(2.41205045985043-7.702056273530675j)
(6.300694897464089-12.5848356622925j)
(7.242263467705233-12.323167485908169j)
(3.689215012965097-7.267731032845165j)
(5.6419548724172826-11.45064414967062j)
(-37.09083638001019+19.67279586743346j)
(6.101107771778817-9.681855499148964j)
(3.792276040313679-8.335381835450967j)
(3.4605265943597763-9.916443652547159j)
(13.316218777858452-3.142018480249464j)
(3.880793609647102-10.009544324504292j)
(4.3550323972823755-6.746222053262035j)
(17.510417727293444-10.580585135733141j)
(1.3696363905227344-6.675183588273703j)
(3.913973657453669-6.362570473457661j)
(2.689546015298271-9.41401042498911j)
(2.9098640761839825-7.644586260329698j)
(3.7330450988060337-6.396580007997588j)
(1.517159482995034-5.552214465233844j)
(5.53712585108159-8.225555570226895j)
(1.556244236001911-6.021845574916224j)
(2.6722448841926387+0.2933756364468092j)
(2.809454055028585-5.342540836840996j)
(-43.23321972952982-93.51178273704294j)
(0.4593876743288945-7.388511841935443j)
(3.432598116273751-6.605144170825901j)
(2.3372439308833597-4.8772265083906134j)
(-0.6070072238027437-5.554954566390679j)
(11.562845394162691-19.136187412567118j)
(0.5853558803708964-5.4535905437031005j)
(1.8302089417875134-3.4890699306490247j)
(0.5830819472441232-4.860870181735064j)
(1.9971737914076146-5.106957472503122j)
(1.348631038619685-5.363414595382165j)
(-0.41419542107105156-11.673357035160343j)
(1.67971534546146-5.502737126389612j)
(2.9600767901838956-3.2695151395862623j)
(0.3515152707593682-3.918596049639335j)
(2.828638744310761-4.741624876905689j)
(5.102390519268683-4.86139852849507j)
(-7.382227392537728-10.869274881507538j)
(1.9114796417829025-4.166324216943649j)
(2.0181188119957243-4.31336001370087j)
(-0.2924244258338223-4.770548430374426j)
(-62.388878898336074+40.74273333150493j)
(1.1508857152443042-3.2240524218721807j)
(48.3397499329451-7.661146913678581j)
(-2.4863844543144444-8.663808320158317j)
(37.080551672282624-3.2104952456328757j)
(0.8843094105755184-3.2225385862920817j)
(-37.58930060612149+15.012418391948879j)
(1.074798950129698-4.426494532891517j)
(1.104508100798649-2.8225325004459627j)
(0.5246097970986489-2.811771828470123j)
(0.7582124071046782-3.852298216667172j)
(0.5529272863045358-2.9672440474121444j)
(0.767645651125806-2.445792527050595j)
(0.7606402388195662-2.5450070199375183j)
(-2.9601303511898287-3.6438463598616875j)
(0.45347906168964-1.5439845714071205j)
(0.5203942646200537-1.9753787642566045j)
(-0.7780563694203884-2.1224352475513513j)
(0.34365621329130625-2.890225010317463j)
(-0.3879421079908903-2.1895455356768814j)
(2.663240114200931-3.257939843643739j)
(-1.4290026303959822-2.6578503473332087j)
(1.4349109108329667-0.8942047953702902j)
(-1.0089938510980168-0.7000268285282124j)
(-0.2901704205262417-1.7758435204777478j)
(0.1626984280635985-1.5626789042345541j)
(0.7092832577422807-9.060281872240553j)
(-0.9416623243453194+0.8875627231148144j)
(-2.894195735385081-0.45625656917942337j)
(3.8101188238203543-3.265601892552245j)
(-0.12104551620872842-0.15475839337376912j)
(-0.09258255345146517-0.008504473286971794j)
(-0.05676478029894354+0.1364460797909929j)
(-0.014116325837366328+0.2790806850980434j)
(0.03459859424888229+0.41892622793226125j)
(0.08876121163502278+0.5560079940314074j)
(0.1481311472565406+0.6906062773000511j)
(0.21287313212555348+0.8229682816571741j)
(0.2834282856430598+0.9530969676044933j)
(0.3603204458835775+1.0806666654781922j)
(0.4439789439971324+1.2050556832013173j)
(0.5346289363903388+1.3254515827660405j)
(0.6322633538210188+1.4409723628589206j)
(0.7366748867209442+1.5507569427514782j)
(0.84750723418874+1.654008631880936j)
(0.9642935826460358+1.750007526303709j)
(1.0864778131257065+1.8381199260504744j)
(1.2134379994940396+1.9178196352041093j)
(1.3445358249292727+1.9887091656708105j)
(1.4791949132205262+2.0505067941600092j)
(1.6169742165750836+2.1029682374852645j)
(1.757576702293396+2.145750688489933j)
(1.9007532450108513+2.1782815256658465j)
(2.0461270587471723+2.1997119012273885j)
(2.1930194199259874+2.2089876053411697j)
(2.3403478456850575+2.2049982680273903j)
(2.4866096444616264+2.1867389391705427j)
(2.6299203503140673+2.1534470211915164j)
(2.7680804562950874+2.1047169261799312j)
(2.8986739571156788+2.040602628984401j)
(3.0192174191201713+1.9616906344868237j)
(3.1273516568833224+1.869093536535128j)
(3.2210099523128726+1.7643232195044094j)
(3.29846201113272+1.6490731191742545j)
(3.358176291476294+1.5250243042386984j)
(3.3985452773404305+1.3938111321520632j)
(3.4175971022837666+1.2572255486226538j)
(3.4128404707987126+1.1176700844494682j)
(3.3814136992508717+0.9788168674080505j)
(3.320760632306495+0.8463126383015742j)
(3.2300004805421225+0.7281013003617861j)
(3.1117398834464636+0.6336682547259852j)
(2.9733096960953076+0.5717639337704553j)
(2.8260613095599685+0.5473022468585241j)
(2.6823961988814857+0.5593341794271068j)
(2.552080127229999+0.6016461925607901j)
(2.440053219139829+0.6655945076505052j)
(2.3466582214030023+0.7433193696158785j)
(2.26957714951705+0.8297529885754938j)
(2.2062155873059064+0.9229465127529392j)
(2.155563287265384+1.023000516720748j)
(2.1189226589482684+1.1301771319452638j)
(2.099201507965339+1.2430176682441674j)
(2.0990511199912016+1.3574718448553718j)
(2.118907959624506+1.4676381250175654j)
(2.156163391796288+1.5676547863470285j)
(2.2058319749575794+1.6535186506623656j)
(2.2620556053498544+1.7239181482916863j)
(2.3195456061870665+1.7800401832839319j)
(2.374518663431468+1.8248145108175338j)
(2.4251366856389898+1.8619948135835123j)
(2.4715729896105985+1.895218911553729j)
(2.515704921299751+1.9270826438320188j)
(2.560343838302898+1.958383096833696j)
(2.608065177769822+1.9878650638067021j)
(2.6600367476591336+2.012734746706222j)
(2.7153955736761257+2.0297965529073743j)
(2.7714339531941308+2.036682046432467j)
(2.824387862483215+2.032672628785462j)
(8.899715398833145+7.0747518976400166j)
(38.201897536014805+17.823083440132613j)
(2.9315578230620436+1.975255890847465j)
(2.9461724379167804+1.9536320662813487j)
(2.9534595799317738+1.936877153139691j)
(-12.523460528025618+50.947982650109516j)
(2.9634585340771875+1.9191105821092074j)
(2.972513904818209+1.911998771655023j)
(2.9840075143513216+1.8997840091734157j)
(2.993972741499192+1.8789203772173364j)
(2.9967208472946734+1.8486765581356082j)
(2.9866411555643735+1.811681871973735j)
(2.9600369187962374+1.7734966569495139j)
(2.9166014850492874+1.7412520881557303j)
(2.8600351325739815+1.7214908366468238j)
(2.7972351063884595+1.7177439185568306j)
(2.735926839770594+1.7289115526086738j)
(2.6815480849568822+1.7495132655044312j)
(2.6348924982274893+1.771975411992698j)
(2.5917130317800403+1.7899489840003475j)
(2.5444308830500657+1.8011781133913642j)
(2.485211483934768+1.808827024961945j)
(2.409342781730923+1.8207904982359333j)
(2.3177356059105767+1.8470184764540039j)
(2.217319258161712+1.8955874152180603j)
(2.118696087533475+1.9692077461342692j)
(2.0319543776782063+2.064126090270184j)
(1.9628974447019616+2.1720889501343508j)
(1.9116377341903066+2.284080188083136j)
(1.8738518192859392+2.393739287529664j)
(1.8436412158360787+2.4990201667074565j)
(2.262639420936887+2.809921994112215j)
(2.3481688052916447+2.587009319309483j)
(5.855169025405488+3.4089241013792875j)
(2.610370741879004+2.7233731062703055j)
(6.19236577081766+14.25337461792019j)
(1.8343728506167667+2.5890341667500376j)
(2.000812617417171+5.795194562532729j)
(1.6269240682101571+2.899785120023625j)
(2.262801307505399+3.6705566509395857j)
(2.665537229656167+3.4509570402921694j)
(1.9120960939262663+7.124234115652131j)
(6.042702713304938+13.038357865898195j)
(2.2694658207909004+3.1177112691739235j)
(1.8282939352807266+4.792719805295894j)
(-3.2917442776065386+22.076528969126716j)
(4.264364948775413+8.48530509967718j)
(3.017418271383269+2.8397011687886993j)
(80.96937332458491+13.42643599510502j)
(2.8430680993725166+4.209534461991642j)
(1.1531256469305458+5.6459673020500905j)
(3.019430108812356+6.870231339288841j)
(-0.17655921901046426+6.240395417390591j)
(6.383461560736319+2.358630243980736j)
(2.6885145234302787+6.893244386375073j)
(19.1312169314802+7.937053628249682j)
(1.7098224940482143+5.251069853350151j)
(2.1952034423971467+5.79024082194924j)
(1.6743468503631638+4.270340368274881j)
(3.634139971028111+7.344429870471212j)
(-37.158133108147446+23.88068360010577j)
(1.7116472070318107+12.858105167202012j)
(0.4943951245757819+4.19883796271706j)
(1.8728646621399576+10.85332737594855j)
(2.7461701101111644+4.814793361653323j)
(0.5152671176458875+6.12412581521102j)
(0.4586127141177838+9.65033215699565j)
(-4.3983300351140375+10.063668790363474j)
(4.262515182464907+2.2058863557030652j)
(-0.7093925282639956+8.013392898262344j)
(0.1773949821741093+8.729529229208026j)
(3.66187755282817+13.465289298552875j)
(-2.3583361082286713+14.671894996030728j)
(-7.747848710599328+0.9348419799522567j)
(0.9551068082309774+2.903976573991105j)
(-82.17419873521747-51.762399767571544j)
(-9.106559160088086+15.174849085598602j)
(-5.102674120470097+8.179658287387564j)
(-5.253058013872642+10.17474411959605j)
(-7.774056409208768+11.108111064917987j)
(-8.640184384022344+13.276217336873078j)
(-58.01011488279705+29.865327983962008j)
(-11.629920713665683+13.65798167421733j)
(-32.56014481479969+55.32456029185656j)
(-10.491706488534835+26.340070938212595j)
(-18.184560085160065+23.566699991373813j)
(-33.478373299994594+10.080959197961912j)
(-18.42568744177818+33.20651926568482j)
(-32.71490952357226+12.67430967027023j)
(18.161095649154163+55.40028814214125j)
(70.01396413642834+29.032062047916074j)
(6.121114147675272+37.16753743380234j)
(37.47058078987438+6.6024212018497765j)
(12.39968968311184-31.859826896786103j)
(19.387057882481777-27.751493840359498j)
(32.555412860996526+14.765441315423743j)
(-18.266603633565442-22.32260971107213j)
(10.974130289816692-22.773782320160194j)
(-0.7162336397101534-12.856929345017877j)
(-37.071165363263866-54.433694609294974j)
(-195.79082069562074-54.30490100833838j)
(88.05940668138906+13.488505257468557j)
(4.817862159216657-13.790475400938076j)
(6.293167548287107-9.732913634283744j)
(8.785576436948812-8.608303866874675j)
(24.234214253373228-3.984504106107083j)
(7.956190826300399-9.665956410029695j)
(82.0362009572072-55.89402037908099j)
(12.905872615202787-7.18352202813297j)
(6.365068926612999-91.38548797524041j)
(12.345718749201524-11.572888861982232j)
(6.620229005760954-8.335177641727766j)
(8.727280255579698-6.106440203245924j)
(23.34445745134706-1.467667162524239j)
(6.638684196460729-8.85525209986726j)
(7.827319729723676-8.021286080046286j)
(4.700147703171845-5.699524913701029j)
(-4.115595780171063-5.724800488808895j)
(13.696150508130316-11.134347215787507j)
(7.714317786253381-6.788785283906469j)
(4.986577429150988-8.505225012937974j)
(6.382924623621534-7.238302333612986j)
(5.626469048095883-7.267066468241399j)
(6.689091089134835-7.3364794085712886j)
(6.682632527187083-6.654305458889764j)
(14.660031508136624+4.337103325779457j)
(2.9996610688683103+3.2736787671993395j)
(4.994936822801104-6.799160956110174j)
(6.344065405589736-5.52318831291799j)
(5.55837147821169-0.3896882997086278j)
(6.6126083147543016-5.192662218620925j)
(2.6159311520606123-24.5733646590637j)
(8.438637425841673-3.351433434042509j)
(-10.000837893891388-10.912660943432423j)
(8.134826295284723+0.6757040281381702j)
(16.46123334283719-12.586121482420843j)
(7.314069228496974-4.065259467542355j)
(4.022725015646543-6.95178096221271j)
(5.640342890717187-6.513634119268642j)
(-6.7515802072382245-4.808288697384044j)
(2.687439204100663-5.847311243441737j)
(70.61080459327347-266.0550700859277j)
(4.309686780846378-6.298171960803196j)
(4.433601126047967-5.313304010879837j)
(88.87870720599634-3.7750300020605096j)
(4.986297784318752-0.2478409397283867j)
(5.178942745875555-6.100884729187016j)
(7.2861887700365955-0.6118082099237447j)
(3.294791269567134-4.14039041927496j)
(6.712430174779046-5.964689124339921j)
(6.9259966929223955-3.956981636686888j)
(5.113668588480959-5.324070363712336j)
(5.641546813496583-8.129815581853952j)
(5.3471848171929475-6.078686947827421j)
(4.210329371456775-6.588106750872031j)
(8.488655610269111-8.753776116878504j)
(-7.584653442495995-8.855807294074989j)
(2.7805276539033192-6.879443946739483j)
(2.8639766095275663-4.4234334520804435j)
(-0.5096914660968533-9.18939956618365j)
(1.6113757271143547-12.260696459736952j)
(5.779995858289162-0.6807243613779773j)
(2.915445061835596-7.144952199080126j)
(8.99833351591892-4.723886284579476j)
(5.4390278907575835-6.869640677600863j)
(-4.675214841983784-11.102510171319784j)
(6.625163487469689+1.6847868005935625j)
(34.1715705593924-31.872468339905872j)
(-2.1148158004389055-6.058865971262657j)
(-3.706683375453397-4.59937825215205j)
(-0.3445912240762932-4.20751347747139j)
(7.1296533662915635+12.529653948789932j)
(-1.903319122468536-3.790209405739745j)
(-1.2568288319203555-6.469033857870823j)
(2.3155643426763257-7.494436985702219j)
(-1.80710974386136-4.631953373530586j)
(2.3851964715312564-4.899841963904776j)
(0.24484215072496002-4.713082130705917j)
(-0.1763668831261699-4.694883630476974j)
(-1.4055533083137206-4.597484682031432j)
(-1.9067100662293088-4.6364226826916255j)
(-2.481684413921058-4.8073399965442905j)
(-2.9938954045922963-3.2096972381236792j)
(-2.976540628446845-1.5583397639039387j)
(-5.673879340759405-5.877358062219173j)
(-2.323235027395455+1.5086933149599686j)
(-0.7342848226356189+1.6606983466474936j)
(0.2125423234796767+1.8964137371296275j)
(1.5951987854996936-0.22562822477870723j)
(-5.595974103760377+252.9683616961943j)
(0.5574880600325501-2.0108855112499677j)
(-2.711407041365905-1.0417750179499674j)
(-22.814680110529988+19.379297949008638j)
(-3.325446294814256+1.9129397142584217j)
(-3.3445640302408157+2.0932460577251986j)
(-3.009813533988352+1.620206804113712j)
(-3.1486142730127242+0.5552261054259926j)
(0.2987733581626869+0.10264481944347136j)
(-2.589499901905664+8.548187755478422j)
(-0.7706686278103759+7.281805716640736j)
(-7.693501351783195+24.686764303056282j)
(9.185951387655752+11.430162297834178j)
(41.01759507457371+46.13183422136917j)
(-12.960264263836796-41.45657197614693j)
(0.5355674660883385+1.2861448986831174j)
(-0.1870887606524109+2.1127765319826337j)
(-1.8934938814167037+5.552011875140464j)
(-1.3591370883379275+4.365739599064541j)
(-63.86225389167206-4.224727318984113j)
(-3.6376381535500752+5.832120675036188j)
(-4.888197811649337+8.84890808002621j)
(-5.665572064499037+6.901627659605718j)
(15.72353699891598-14.364394333411182j)
(-13.029676039330186+6.462804121704856j)
(-9.531833881259129+0.1353612916757835j)
(-4.969688448271222-1.5957536837357655j)
