(7.311913798270112+0j)
(7.739768263379719+1.2194222873235374j)
(8.799255068163452+1.896540413398356j)
(9.965205956820215+1.8627513300132188j)
(10.87081730001748+1.335655457696913j)
(11.430858940271913+0.5979757924949783j)
(11.715236112860476-0.17261507318397473j)
(11.819251575944891-0.9154893659349002j)
(11.79757822943534-1.6345168507779873j)
(11.65681387035045-2.3394728674728316j)
(11.385276187587635-3.012780138128088j)
(10.988837691060327-3.6143018501168123j)
(10.50264000822776-4.110370238313258j)
(9.973185260080305-4.495942292444059j)
(9.432242170486772-4.791035609635258j)
(8.8864818856566-5.018859846090305j)
(8.3289011918178-5.1869974164918595j)
(7.758695216428205-5.287198169944941j)
(7.190285787814491-5.310850344960565j)
(6.644860875819759-5.2628931513712605j)
(6.135354213288391-5.161190491604165j)
(5.659820719440674-5.024107376937132j)
(5.208143058751514-4.8590458876332j)
(4.774523681773948-4.6621768724313j)
(4.363626120936895-4.428316688905479j)
(3.9854821692961018-4.160363734269648j)
(3.6455949216854306-3.8695247594510835j)
(3.340080177435252-3.567427820997519j)
(3.059710581649685-3.258289466949855j)
(2.798352268399362-2.938338180020419j)
(2.5575613258219874-2.602443652151474j)
(2.343388324742534-2.2510133274184954j)
(2.1592972158640493-1.8906773123056715j)
(2.002198533765607-1.5288858986526384j)
(1.8649124954918463-1.1679878369816574j)
(1.7423110428111086-0.8043103596874572j)
(1.635123037112122-0.43281062753724225j)
(1.547946432527792-0.052477435374639336j)
(1.483871854198908+0.33268089498665965j)
(1.441040320175517+0.717540537013955j)
(1.4141381175270258+1.1006514988921048j)
(4.433916784844466+1.7130602639548274j)
(1.3966855068793016+1.8766330599095924j)
(1.4108255492331723+2.276158710568291j)
(1.4448238047021735+2.681608045908983j)
(1.4980466515209503+3.0893392194407694j)
(1.566848579312369+3.498476742045017j)
(1.648402745565701+3.912227289739587j)
(1.7437313825111853+4.335326081228087j)
(1.8570664654281683+4.770259273037755j)
(1.9924144474464558+5.215967485069158j)
(2.1508033429686835+5.670070373708391j)
(2.330772446416691+6.132304436298013j)
(2.531537141939054+6.605888933785033j)
(2.7557711554597053+7.09559503765519j)
(3.0094391423413374+7.604522794395838j)
(3.2991555203168357+8.13270825421616j)
(3.629865545560774+8.67864141451804j)
(4.005089861708763+9.241966989145999j)
(4.4294841018423545+9.824672587424967j)
(4.911380692502049+10.42957862647486j)
(5.463192237175866+11.057448635389662j)
(6.099734136609675+11.705023034559275j)
(6.915964919092455+12.333634621661465j)
(7.6878470180931675+13.026971658483463j)
(8.670227977803135+13.677973822272401j)
(9.801025476539275+14.300986712626196j)
(11.099732912369046+14.872061852512452j)
(16.045098464365857+15.185727882729722j)
(13.557172301801895+14.669845407313536j)
(20.363311644320646+19.18636801711376j)
(29.55760613536485+29.113349616977487j)
(20.808118153040414+15.131856398689633j)
(25.943930813684016+16.805843820156387j)
(24.236367091518566+13.93632451316092j)
(34.994042609747964+14.313037323240534j)
(-0.7907295756782802-20.21558127823868j)
(38.00583642895106+5.122950500276117j)
(31.99974044579466+17.806328854174897j)
(36.35634763349648-4.898083144432296j)
(33.57926283065299-3.1525211555782224j)
(34.8131396672557-6.352407586637227j)
(36.78336629276792-8.323460003184456j)
(27.408093846551452-10.912933299257258j)
(29.693911816701657-11.033727463760595j)
(43.710101518870566+0.4138467831149982j)
(18.766751948618037-11.534530346207623j)
(22.330989228603617-16.693864691260156j)
(21.16818238298519-13.520989101586764j)
(21.129277734377336-17.315819846626592j)
(16.408093901533363-20.93766257931206j)
(34.35496971445627-25.66684424663068j)
(18.22785556469273-17.31091680117732j)
(14.23072448380195-23.47317884125243j)
(12.173254318194358-15.518786439031068j)
(16.355958165232007-23.403512223836437j)
(10.781006794961858-12.28357991125078j)
(0.1683118100303575-9.49447747244779j)
(9.323874201936807-15.814482846447037j)
(10.964237082411328-17.26497323938418j)
(9.05829904486778-10.304491320162692j)
(3.5284307894380076-12.585447883176352j)
(10.784913607284974-30.615905163175853j)
(9.82790244469891-10.973709244443052j)
(5.2127943314460605-12.831427533167997j)
(6.127222492908093-9.810018581653024j)
(5.895885445314969-9.518656306377176j)
(5.686734523877646-9.238690650326783j)
(5.498435808461689-8.97016229331452j)
(5.329064877703322-8.713843977915353j)
(5.175889410453241-8.470116117450441j)
(5.03618678210141-8.238297362917452j)
(4.908177443523796-8.01703499512727j)
(4.79113629875427-7.805281574167814j)
(4.684640656337945-7.602862574821026j)
(4.587751334477387-7.410145052410213j)
(4.498896102045085-7.227226430737999j)
(4.4164807375402955-7.053471062901939j)
(4.339554142411299-6.887813714166675j)
(4.267857343771818-6.729462169421806j)
(4.201258278120842-6.578266683601473j)
(4.139183147424549-6.434427019927258j)
(4.080594415119098-6.297890846418064j)
(4.024479477420309-6.168062435432165j)
(3.970315536916231-6.04408273589292j)
(3.91804152741514-5.925348816831094j)
(2.3924527743235013-5.947248520112665j)
(3.818600049150448-5.70325623123972j)
(3.7703031273045213-5.599737624785229j)
(3.5490459657946785-5.655250367889138j)
(3.673784225988741-5.405014862305218j)
(3.625419206900217-5.312620973690136j)
(3.577013239513908-5.223244158280765j)
(3.5282840853103807-5.136802542792449j)
(3.4787995540577876-5.052971770699618j)
(3.4282914838249825-4.971173820041864j)
(3.3768010478391584-4.890842109133978j)
(3.324514159020294-4.811661021890746j)
(3.2714873023638793-4.733528011601723j)
(-0.7420420074734999-5.808344341416983j)
(3.162560601688105-4.57964925998794j)
(3.106472670464363-4.503092659347869j)
(3.0495097914216776-4.426275614912271j)
(2.9918955659164284-4.349059712607381j)
(2.933687892055505-4.27140997519737j)
(2.8748059528059056-4.193189710754075j)
(2.8152190076577583-4.1141009924484555j)
(2.75507519037943-4.033826865369564j)
(2.6946278750383503-3.952205447677836j)
(2.6340481861683602-3.8692381090383536j)
(2.5733372741857474-3.784925928944806j)
(2.512433943590601-3.6991228654011667j)
(2.4513895673498385-3.6115701260007116j)
(2.3904099370211624-3.5220672670996156j)
(2.3297175724391908-3.4305828937524514j)
(2.2693902591256716-3.3371772070599612j)
(2.568135006042349-4.022909635899213j)
(3.398526888684159+2.5405290934328617j)
(2.0901509351525207-3.044387220812618j)
(2.031323794893119-2.9419088635922903j)
(1.9732756876399138-2.8369018154684897j)
(1.91600561059658-2.7294110201251085j)
(1.8594075513923547-2.6193159021826444j)
(1.8034751978495613-2.5063145857237497j)
(1.7484109336571634-2.3901021223864642j)
(1.6945139201199066-2.2705507912962988j)
(-1.0401409992134458-3.278518440523624j)
(1.8082512189425468-0.6348955398208012j)
(1.5407513145060807-1.891721202537999j)
(1.4921252125131237-1.757921792027436j)
(1.4059959457248201-1.3268472214880405j)
(1.4005009527465544-1.476982912300014j)
(1.3582258982344433-1.3297084026173058j)
(1.3184718407375975-1.1777919608134946j)
(1.2813304864909223-1.0208427464835048j)
(1.2471849115854492-0.8583095049543479j)
(1.2167373092628455-0.6897837216386812j)
(1.1907570460672985-0.5151711931951468j)
(1.169813280245496-0.3345495536957761j)
(1.1542821716765468-0.14786112943105278j)
(2.55882758094219-0.09017065675228575j)
(1.1417247485366455+0.2451271201198991j)
(1.1467415966976762+0.45197229169379055j)
(1.160905938511357+0.6654601234861104j)
(1.1851700136646643+0.8850444848834139j)
(1.2202512079306835+1.1102708074140637j)
(1.2669433614420471+1.3408972121493479j)
(1.3263764322684388+1.5766653594730045j)
(1.3999419813505762+1.8169434794878385j)
(1.4889404621161133+2.0605981830930373j)
(1.5942876788795348+2.306220273573104j)
(1.7165525367253467+2.5524759261568915j)
(1.856266426129011+2.798239280543004j)
(2.014183720679571+3.0423836374453357j)
(2.1912256953598326+3.2834395441872477j)
(2.388146993693668+3.5194537202131255j)
(2.605227511077617+3.7481868035561448j)
(2.8422610768862415+3.967465424880024j)
(3.098826352952959+4.175365792696185j)
(3.3745615840992675+4.370071704453116j)
(3.5877154104463065+4.75662792203246j)
(3.982077668747937+4.711417976403174j)
(4.312165505592431+4.85303262745377j)
(4.6576090589064+4.971961785234282j)
(5.016167757413204+5.066244386201543j)
(5.385530149929745+5.134371772289282j)
(5.763447862388758+5.175004085149131j)
(6.147534336832894+5.186741423349309j)
(6.5349335577191106+5.1682203029456j)
(6.922206242453412+5.118506640608935j)
(7.305601438361271+5.037468215265106j)
(7.681533566611423+4.925805188259295j)
(8.04688921673696+4.784714659501598j)
(8.398936226357973+4.615497607455614j)
(8.734975560441715+4.419471726138389j)
(9.052126598400019+4.198265830318249j)
(9.347523555314783+3.9541958969502007j)
(9.618810565853831+3.69031586252893j)
(9.8645168526803+3.4100200759119415j)
(10.083975974878088+3.11649558425061j)
(9.793482684307605+5.000995329685647j)
(10.442791032403443+2.5004920215167052j)
(10.581329303998077+2.1833023061508596j)
(10.692458141088325+1.8640866585537348j)
(10.776974035418133+1.5461025167397233j)
(10.836437765479994+1.2321082973886734j)
(10.87265467685026+0.9240570778989061j)
(10.887134162542155+0.6233392079678569j)
(10.881004668492917+0.33133845910787935j)
(17.826174319778183-0.9617300806459803j)
(11.632819672953726+2.07638388008929j)
(-16.879055050524922+69.12581169458785j)
(9.604360703299214+2.4285910219983107j)
(11.00818121330445-0.24893110005322125j)
(4.381004596922356+0.841443870036602j)
(10.069973772440717-2.5529651457117724j)
(11.676678833864253-3.403679890513844j)
(12.111915751594907-0.3247789772791163j)
(15.264188919872517+4.377237794225833j)
(76.61555301202657-39.25129388928029j)
(14.595075050948028-9.21647057033186j)
(-0.4069447842881502-0.6338418880005263j)
(16.566703331408156-7.015619196981554j)
(12.970797181511104-8.45955356135568j)
(-45.881046439310474-33.74396375630986j)
(10.32879262609677-1.0204276474646001j)
(6.258203263188924-2.56745403001092j)
(20.34118430248136-10.595794298338449j)
(11.590708660513965-1.7214099343638798j)
(2.63744622845855+0.8027223575285753j)
(13.466385497197741-10.5938265459035j)
(16.255889379523143-4.4644503228212j)
(9.487403930545785-3.935172537789013j)
(11.458460953455672-3.2327705030802485j)
(10.810943107483443-2.6770216011097294j)
(15.095153857396408-8.099826349083438j)
(11.335787699174269-5.5983386867439355j)
(5.491021817114574+49.99291300444513j)
(11.65650279363027-1.3520989336459608j)
(18.827158350614138-19.210491515830412j)
(12.003139712021115+0.7345569685538688j)
(43.98420061873361+36.068370268906726j)
(13.614973119561997-5.586092182013135j)
(11.385288531911355-3.117353015769669j)
(10.502956930883718-4.493577542754762j)
(-4.450193742024432-11.2358026236862j)
(18.610785043252914-12.4527538549537j)
(11.027529634185964-4.604050347451473j)
(17.680413483500228-3.1216393580146935j)
(8.577280730826034-2.3839745372052294j)
(6.423170498602493-3.405116986200623j)
(9.568761828743662-4.055146891029922j)
(10.803051672339283-7.27089462845403j)
(5.095378601057053-5.490314517807737j)
(19.60475804933524-5.808071178800347j)
(13.757582999675746-18.418693541757975j)
(8.20842899877971-5.657170990936515j)
(-23.678620594976742+11.714378345515442j)
(7.126650046133893-2.469388659894858j)
(10.018535223070884-8.781282554861589j)
(7.664686948396585-3.206291725198681j)
(6.934242508174509-6.071008567946825j)
(4.186590471950679-3.5419500420059102j)
(7.0136752462827205-6.139951725520404j)
(10.601343795088008-4.590215987408813j)
(10.020501045191365-5.2683360029514j)
(9.150229046747564-2.7799437196080854j)
(6.116471421349454-6.529454206402113j)
(-0.17908010598952093-5.452277560260431j)
(7.8556568711860155-6.177722712134735j)
(3.9175100640100977-10.148182809375477j)
(10.29424820440287-6.8810912986576405j)
(3.7217755338931653-2.7797734063363264j)
(3.8021620467625805-6.90236846470897j)
(9.485236523561985-7.12680422125592j)
(-0.5189304265560633-8.178272571232188j)
(3.5365937756711836-7.253221160653039j)
(4.93269726952636-6.928664137933672j)
(7.577826007028149-7.629441053241468j)
(8.32720030021564+9.422404191342002j)
(4.321530297331436-8.161625382905772j)
(0.8490221639486469-4.429449704513057j)
(3.796122989168771-5.038085318059149j)
(2.75114651735412-6.027256197058138j)
(1.8232882099033014-6.621785486623871j)
(4.675027382518724-3.448766547504271j)
(0.5862889198763374-5.751883133238786j)
(5.247608045630679-5.481378902528878j)
(1.588925180833088-6.062899325696389j)
(1.3893489732819613-5.867683601627862j)
(1.2053775536414693-5.663456160689297j)
(1.0372124748178573-5.452012416540099j)
(0.8847674918846297-5.234917669131398j)
(0.7478916245539613-5.013491418333902j)
(0.6265000249616616-4.788959319322359j)
(0.5205238667516069-4.56262908257687j)
(0.42973905890391356-4.335939849392314j)
(0.3536245003044463-4.110344175638157j)
(0.2913693025351807-3.8871159583495296j)
(0.24202561779206946-3.667231839874854j)
(0.20468998748791994-3.451409284833176j)
(0.17858009251059745-3.2402588583475502j)
(0.16296129237926074-3.0344221993429814j)
(0.15699593480617086-2.8345831313433334j)
(0.159648378609449-2.6413412368040485j)
(0.169735223523966-2.4550473187625212j)
(0.1860954503488159-2.2757330565677654j)
(0.20775886811860622-2.103194690576597j)
(0.23399163934438974-1.9371693248302428j)
(0.26419534480303797-1.777470045407925j)
(0.2977527865096636-1.6239812017634467j)
(0.33395530421935476-1.4765305102877186j)
(0.3720774267469805-1.3347573174268674j)
(0.41153974269981786-1.1981007051258907j)
(0.4520241293779532-1.065930999754633j)
(0.49344314135449435-0.9377272849079974j)
(0.5357856367255089-0.81316463079137j)
(0.5789612646763846-0.6920496839883745j)
(1.2983476957342286-0.9704967671499175j)
(0.8127457734720009-0.9207749801846938j)
(0.7115100478049667-0.34660623479449415j)
(0.756478174143121-0.23605421431545814j)
(0.8021094071907812-0.12726029159720756j)
(0.848598692072541-0.02015784306140432j)
(0.8959981528282087+0.08523875423688641j)
(0.9442356009509051+0.18897896421719043j)
(0.9932370159223326+0.2912436936201213j)
(1.0430484151981647+0.3922864136902674j)
(1.0938575873862526+0.4923019742223272j)
(1.145901142145918+0.5913329693210787j)
(1.1993349993682298+0.6892882378424801j)
(1.254171755090333+0.7860552914075636j)
(1.3103307795188388+0.8816153628879125j)
(1.3677566316128718+0.9760718188961688j)
(1.4265097988513926+1.069574203765132j)
(1.486759442396424+1.1622028570550142j)
(1.5486880109388201+1.2539073156112268j)
(1.6123864546202444+1.3445451335375067j)
(1.6778223718771663+1.433986983759127j)
(1.7449029400966087+1.52220398978088j)
(1.813580209989336+1.609270529070305j)
(1.8839154870614119+1.695283690810361j)
(1.9560541815647625+1.7802653169041305j)
(1.9064106722141494+1.751417755123178j)
(2.1062006350653637+1.9467037256192987j)
(2.1841959136917706+2.0278807957083558j)
(2.264025610081989+2.107628452068338j)
(2.3456513240161954+2.1860041827109953j)
(2.429134791196236+2.2630695239055525j)
(2.5146013778684053+2.338807581350836j)
(9.222570791927467+11.01169318132407j)
(2.691802416893324+2.4857956030877157j)
(2.7834720723371134+2.5567714769763463j)
(2.652153225628986+2.916471352432243j)
(2.9725585848196974+2.6935506074014888j)
(3.0700019763958113+2.759435286729905j)
(3.169502846785585+2.82361909619213j)
(3.2711309986392743+2.8859748024143523j)
(3.3748685871950617+2.9463511832695084j)
(3.4806259706900597+3.00465103963969j)
(3.5883125082926943+3.0608657019456422j)
(3.6979060604458245+3.115040411967793j)
(3.8094674781034645+3.167199401153851j)
(3.9230905319500344+3.2172901036933546j)
(4.0388283169175025+3.2651896831826375j)
(4.156654806369339+3.31076741011741j)
(4.2764915729652495+3.3539526767183356j)
(4.398277952440044+3.394754988807048j)
(4.522029462463122+3.4332210805844463j)
(4.647839930481722+3.4693636195774764j)
(4.775827710133974+3.5031170157679066j)
(4.906069767163623+3.5343533647789394j)
(5.0385759911594725+3.5629439381584818j)
(5.173323697323594+3.588816076011732j)
(5.3103246074468+3.6119596330091928j)
(5.449671564879647+3.6323774824613047j)
(5.591529201666603+3.6500182683526967j)
(5.736077066120331+3.664742292009932j)
(5.8834502047273745+3.6763445022591026j)
(8.216400878614582+2.852876023503178j)
(5.476039090867984+4.904676946684151j)
(6.180408032209505+3.936106198559612j)
(4.817087235921892+5.539478542793249j)
(8.166892938468733+0.6055197756599001j)
(6.952414671683529+5.1368427115665645j)
(7.218680049435717+3.7347086919529353j)
(9.049810069176777+3.4210567367674733j)
(7.918871409329869+3.488408987181912j)
(4.39734265622797+6.018706461906637j)
(7.064122001271948+5.448548554523147j)
(6.724336789525648+3.2099302542852772j)
(7.632876697029565+2.942621607795784j)
(9.298352508753531+4.227642450330956j)
(37.24935432832502-3.470972336694009j)
(8.0886275113065-0.38769611745086235j)
(9.031128863600383+8.113958189326887j)
(28.92543763058115+18.617215134839945j)
(11.468850104799033+2.4300527671415733j)
(14.285235278438996+2.692236305786866j)
(10.412130492713937+3.249793156053384j)
(10.87380629583632+2.46290543450652j)
(12.606431188835924+4.223895889985813j)
(15.286248907269623+2.152638593689503j)
(8.25139310900652+1.1025505598048544j)
(8.474715072844617+3.3698093989481683j)
(11.953124829894307+0.4805201717730059j)
(4.784334772122311+13.479234347158977j)
(13.82345500957454+0.8817784748407212j)
(12.093128975170062+9.652651055523878j)
(-18.206942565737126-8.26150196117658j)
(12.422148944409628-1.1838189259183072j)
(12.752571972877979-21.000418848444454j)
(12.4226809841953-2.6510357758011853j)
(12.5960307367257-1.019088155696849j)
(11.861255549248524-0.2305399415982393j)
(13.417916512529732-4.573843477231673j)
(12.90056750109837+0.560426213151311j)
(9.359538341886424-3.5921455070736603j)
(11.688439080904757-2.65922784887588j)
(12.40168621211871-5.22406456302155j)
(11.994820734309071-4.269031596391095j)
(11.480072298638394-5.207622542038104j)
(22.60771112621212+0.08934396489727658j)
(10.4129397799747-3.6160113145067996j)
(9.91121750067778-7.75430488965769j)
(7.5752633666075555-8.536728027426316j)
(13.043508179950173-4.421848011746428j)
(11.142786088031542-4.752623860954513j)
(10.217444194104614-8.816472945938497j)
(9.001158694335437-7.190924926157747j)
(7.690857619245822-5.452598049602766j)
(9.940418326112857-6.738486191298852j)
(9.275180732541273-6.03583449525699j)
(12.358762337717225-5.578048130050987j)
(9.973719653089393-8.046975266310318j)
(8.980545033300764-13.973207524237887j)
(6.537888890031961-6.819322967785105j)
(6.321031250926661-4.760296109292498j)
(7.320994440189632-6.60163333956187j)
(8.026028607131769-8.653281794235832j)
(11.351526861599167-10.858871387367822j)
(6.3341229042529275-6.0070983978316335j)
(5.0148231548870665-5.012305489854916j)
(5.521253326804744-5.779309028820885j)
(4.891189879366554-6.609546056433697j)
(4.779610120921411-7.0629962497823495j)
(6.473300304282733-5.664776001658338j)
(4.239345892868956-5.065427417024189j)
(5.15911132455495-5.649516384222992j)
(6.063082093548292-7.657658836531025j)
(1.8059950644168614-9.143280098909223j)
(8.558202785116734-9.645197438805663j)
(5.33206109765012-3.791164619949726j)
(0.5925967140874152-14.962097174474088j)
(5.5209703948694075-6.010447012058842j)
(3.909674511743145-5.262817260193928j)
(2.4747629098468455-5.771811274502712j)
(-1.9838719957066935-8.668696801471883j)
(1.1283744579654398-4.9393881079j)
(3.820394579475944-5.214516296718486j)
(2.74548928137759-5.865572276159936j)
(3.7299174112282363-4.877657993803704j)
(2.246399467182759-6.492920346469844j)
(2.664530023518679-4.893443637430828j)
(1.837143854578315-5.964936282470362j)
(2.1387564861884765-4.144932864904446j)
(2.1317882338770904-5.476010736205034j)
(1.9354945835006476-5.838650788258599j)
(1.5594576979692862-4.398581797491567j)
(0.2691293284723884-6.567430489991708j)
(2.5134096794354366-4.2792249971608065j)
(1.6656545338891156-4.331269656415492j)
(1.7746903864966221-3.6160690118851684j)
(3.3290665675699342-2.883721781123396j)
(-0.3611031992557641-3.540387704380314j)
(1.0400975445795917-3.725552240728888j)
(0.7367878489400785-4.433964190073009j)
(0.16319563283711117-4.578693223353129j)
(4.973191899267955-3.2339290164538004j)
(2.1501201002463204+2.366078550656631j)
(-0.23930010553132494-3.7173338338840525j)
(-3.83088918091158-1.7675720303330857j)
(2.5624293003129224-3.2374708439653723j)
(1.059538542195963-2.926544719583521j)
(0.20433182445670683-3.299910579494147j)
(0.2298936367827083-3.378977919884976j)
(0.6374798903749721-2.7457635033986443j)
(1.0249539634085614-2.171407896406j)
(-0.5636315877664052-3.225847016292894j)
(1.6305313789824047-2.1844574380923154j)
(-1.2605394661331748-5.5825572800386185j)
(0.2752658579268986-1.366770906908774j)
(1.003929102246626-2.0076435328458153j)
(-1.2026985884130432-1.9119451563317156j)
(0.3663539431229208-1.2492777973617006j)
(0.3059145190294267-0.9224094632154397j)
(0.38012495460214424-0.9587927679447086j)
(0.3961785764582145-0.8155752609528872j)
(0.41830840704564565-0.6741258128423508j)
(0.44651458083557943-0.5348326548759922j)
(2.66882970467194-0.23106395642059782j)
(0.5208172429650589-0.26464117583229946j)
(12.75921986879227-7.8494670770178185j)
(0.6172412675983294-0.008808617199658699j)
(0.6728152425893766+0.11285292304190737j)
(0.7328196806817637+0.23006068245322298j)
(0.7969647181483687+0.3426263967966176j)
(0.8649771635585807+0.4503188113201752j)
(0.9365365815858001+0.5528608013375618j)
(1.0112285209564589+0.6499761270563265j)
(1.0885454107308359+0.7414585890415158j)
(1.0885937560848236-1.398771159241793j)
(1.248883788013403+0.9073076404827418j)
(1.3309509701727418+0.9818275696518061j)
(1.4137965251048354+1.05090349959769j)
(1.568602895429545+1.506330912384707j)
(1.5806317988995287+1.1729647663246687j)
(1.6639315942500574+1.2259855437832985j)
(1.7465808208682487+1.2737479553983342j)
(1.8281183038602444+1.3164407479280809j)
(1.9081422313791225+1.3543632542570119j)
(1.9863644623221635+1.3878708652155858j)
(42.6790217098799+14.388178711472095j)
(2.136773905259884+1.4428964096680987j)
(2.208723790359295+1.4648420603424892j)
(2.278264805336888+1.4832788948425546j)
(2.345130074090075+1.4984005535537928j)
(0.5905709587467707+1.751003273594041j)
(2.4697805062877705+1.5199792525953812j)
(2.5272600186732577+1.527261102344802j)
(2.581502157619945+1.532734198726385j)
(2.215233303405118+1.3653807796496116j)
(2.680560500544201+1.5392979356302694j)
(2.7253946051090012+1.540730806840812j)
(2.766978187275488+1.5411834078394573j)
(2.8051879394286945+1.540957677242741j)
(2.8399699403156298+1.5404483617412708j)
(2.87139295873316+1.5400781317328291j)
(2.8996406059739415+1.5402139433006423j)
(2.9249474437656824+1.5411134915939442j)
(2.947517099740613+1.5429322859158212j)
(2.967470568017813+1.5457859016529505j)
(2.984854674610279+1.5498296241877012j)
(2.999705129438761+1.5553077816411112j)
(3.012126587917544+1.5625431775872467j)
(3.022342498710896+1.5718723562440324j)
(3.030685726773441+1.5835639198807896j)
(3.0375357713466173+1.5977661885240126j)
(3.0432388901546057+1.6145124020181156j)
(3.0480560047068175+1.6337779282733873j)
(3.052165895181867+1.655554550305172j)
(3.0557187619428894+1.6798983278565944j)
(3.058906499738983+1.706923934075332j)
(4.710127123454628+7.437197692388949j)
(3.0653773274399327+1.7694274245796977j)
(3.0693955046832886+1.8048942256758749j)
(3.9434939561533775+1.3244595619110107j)
(3.0805875850833733+1.883453230759577j)
(3.088113402126499+1.9261003379761223j)
(3.0970319418175283+1.970765611450771j)
(3.1074095822428727+2.0173617164985767j)
(3.1193589020109425+2.0658313123999235j)
(3.133042268659381+2.1160914174482763j)
(3.148634699663636+2.1679930897912856j)
(3.16626892590104+2.2213194801448624j)
(3.1859940055809823+2.2758226879102774j)
(3.207769401953945+2.331278814380806j)
(3.2314961356575127+2.387532473226296j)
(3.2570673405575823+2.4445096139706517j)
(3.2844119883865925+2.5021952955505364j)
(3.31351104859034+2.560591178631319j)
(3.344381147945653+2.6196767462375963j)
(3.3770380300736442+2.6793943179169166j)
(3.411461492215146+2.7396637806877107j)
(3.4475806648402125+2.8004171000453515j)
(3.48528637903531+2.8616336314974085j)
(3.5244633316440153+2.923358666338093j)
(3.565025827464195+2.9856973358988625j)
(3.6069404946079002+3.048788423377153j)
(3.6502268353202574+3.112771876647775j)
(3.694937769434884+3.1777658230295214j)
(3.7411317895466825+3.243863099483049j)
(3.788851392737443+3.311147108291049j)
(3.838118136832394+3.3797176721260525j)
(3.888945952613916+3.4497138078203067j)
(3.9413658564776433+3.521322971846294j)
(3.995450631813179+3.59477335174523j)
(10.911865838957441-0.5170953903342773j)
(4.52583261094799+3.017055099071162j)
(5.156753789459566+4.806439540237807j)
(4.593744226956758+3.8742002059455753j)
(11.803888172026387+0.2173340376913318j)
(4.909632784027529+3.2914817020846554j)
(2.9182512800505+3.302861833891001j)
(2.2803227142652127+7.700075281834254j)
(4.825924941459273+3.5210559205955j)
(4.297334604286311+7.290466242645099j)
(12.96296060345926+6.889953973251918j)
(8.254124561510782+4.480830681140155j)
(4.82792630139699+4.870999775654539j)
(4.764492697851687+5.436181835385806j)
(8.26970752994041+1.183578983829808j)
(5.376986617616343+5.169903951224337j)
(4.783739602566886+4.537325364059209j)
(8.39146044625856+11.2484394765504j)
(6.31335587767954+5.306341675037763j)
(8.448052939804462+4.0604324239333245j)
(5.9102648875282275+4.882189148245036j)
(14.97275593799792+11.651079558598676j)
(6.902668933030729+6.638950989871303j)
(7.148768760951856+6.938051220178532j)
(11.96436174134055+6.234789809878615j)
(20.497119822027685+1.484809327605696j)
(8.325004235827816+4.157843645125112j)
(6.78970544886665+6.5198914277662885j)
(7.587388384205325+8.210886008655999j)
(11.814287436861523+8.08773231746245j)
(9.732945170854984+8.079567283517767j)
(6.021953093328395+11.477868806533076j)
(24.619861362283576+19.927246012633034j)
(11.970581050478922+6.8992420847582405j)
(7.016573211210598+9.865729573455694j)
(9.076135585787172+9.658876458045542j)
(14.034172329251353+14.888744353816271j)
(15.089279270115577+11.16842170489469j)
(19.174228078200663+9.020920258196481j)
(6.03587393953+2.046708491216373j)
(19.83483449884603+4.042222051254977j)
(27.24964973225253-1.7485806517959905j)
(25.672619774990018+4.8213453284770935j)
(22.141148717860087+4.106642375208361j)
(65.58656200979911-25.8105412862158j)
(23.279470374177663+0.9211419968521796j)
(17.578229315983517-10.389067876871065j)
(19.520112701671955-32.39649007242286j)
(8.4148434485662-3.0319752061647094j)
(19.393841646419983-3.7170981905778784j)
(7.975703974897536-2.062384360938139j)
(8.775646091643313-7.8167074851947875j)
(19.451016238949048-17.14724947735388j)
(14.736024083643418-6.762807320546068j)
(10.947727664112708-8.10459970808991j)
(19.20375519928289-12.654087864807309j)
(12.285555299480144-14.053991255519003j)
(9.489688268193799-9.006611295494643j)
(5.941546219420723-11.896343322635788j)
(6.327717272424445-10.91125763105828j)
(10.06973266264716-5.700253579607418j)
(7.198172373501635-10.391849634155601j)
(8.398173913058853-10.939184030214077j)
(9.372493217416386-11.48867881401575j)
(2.634913500289245+10.310215415289568j)
(-10.922398562658644-16.3458171811758j)
(4.616344550094264-6.824194521005404j)
(3.590639666132887-6.862553722569583j)
(3.4362726217097443-6.950109630245645j)
(10.562493372691026-10.580409703697427j)
(5.284436372526434-7.626908147652884j)
(4.153528564918826-8.136313028382101j)
(4.7970706712227935-7.138125630960322j)
(7.026937076127392-8.59145717812563j)
(5.189035590924478-9.52706081524064j)
(16.486939084311214+5.317064953080677j)
(4.628147125522671-4.2472351230735415j)
(5.708460948121-5.358605070914842j)
(5.205735691255807-1.651908400418254j)
(3.568376011475314-5.514325635290694j)
(4.634143460951953-4.4911038082827615j)
(2.6236162338545337-4.814679030654547j)
(2.441913137413176-5.125388802772158j)
(2.883182243591288-9.507235509388082j)
(1.561779325804385-15.981763111072873j)
(2.3024196941861166-7.396421807820307j)
(3.4034049553822627-4.633320566381789j)
(2.7623737944833526-4.527866973815636j)
(2.7738690497211165-6.144995616718582j)
(4.0014203143095965-6.701759585730949j)
(2.5134369762205293-3.5613149940708833j)
(2.920310570596251-4.016636593183679j)
(4.4556419731827255-5.776165000880883j)
(150.22501980610414-113.73542196595784j)
(0.7708107910117772-6.054319056055917j)
(2.673076564251502-3.5669533075359725j)
(3.2545875289667574-0.754041591791326j)
(2.727196355565672-1.5880910528991232j)
(1.8222817308645274-7.688358021797011j)
(4.772480367077373-5.91240498402137j)
(1.8962879245426445-3.989959092098226j)
(1.2224877425494156-3.5459837201039877j)
(1.8777393528472357-3.9833113037681103j)
(1.7334368674791694-4.112573599268566j)
(2.198252291974276-3.2949218549842265j)
(0.24204008935941249-1.658567582236761j)
(0.917356343804045-3.827435965535531j)
(-1.594291036617916+1.0696948401187811j)
(0.6002943029130259-6.3362078252900975j)
(-1.7769393466716876-3.5227837476897497j)
(2.1808690247034574-3.2355094128596225j)
(2.425091990350581+0.4672396873315914j)
(0.30581642278720755-4.008617087744981j)
(0.8047071230871722-1.93433732529217j)
(1.0825150667673402-2.728458451669773j)
(0.786804275415391-2.071740094233234j)
(0.7925681365883162-2.470522608727206j)
(1.7011669315155198-2.3730146377019725j)
(1.7858253878934958-2.990795383931701j)
(1.5224010193920021-1.5712800684478294j)
(0.47134416886069125-1.907335784245137j)
(0.5944746563393329-1.7192901489835049j)
(1.1135560593103084-1.5947801878655739j)
(0.4535416069567902-1.6277422311099352j)
(-0.4418379986928739-0.6283059085478672j)
(0.835276840084057-2.2144878444958467j)
(0.3370063069568443-1.7587698835035017j)
(1.2638131060127706-1.640452441733701j)
(0.4027291471388253-1.0751730043787848j)
(-0.4792832123900643-2.8651608620385915j)
(1.0078495125578903-1.188864983555324j)
(1.0371058669933473-0.4890358705104979j)
(2.871912023328622-1.0936324447505357j)
(1.9781028814928452-1.2134404456135475j)
(0.7602647020944137-0.6527735716782833j)
(1.0972261859581032-0.4303742406888963j)
(-0.027829181456270478-1.1472146668470944j)
(-2.7208583890900275+3.3360474786704417j)
(0.8005205272643148-0.6736157024301367j)
(0.7744318966288507+0.6080554068817657j)
(0.7471853317651244+0.5519110964088008j)
(0.8042470014484362+0.6581962176101279j)
(0.8659286000386351+0.7613214149486935j)
(0.9321784473375897+0.8609404968738323j)
(1.0029103714888759+0.956677250786397j)
(1.0779928083704216+1.0481337735174288j)
(1.1572425956612284+1.134901482710368j)
(1.2404233909009277+1.2165723184572725j)
(1.3272477431164205+1.2927483561026827j)
(1.4173815195926933+1.3630487730402867j)
(1.5104492943289805+1.4271136010877215j)
(1.60603913399126+1.4846040839816361j)
(1.7037049724327433+1.5352000677726394j)
(1.802964793945856+1.57859584527062j)
(1.9032935763516814+1.6144970004673134j)
(2.004111473028073+1.6426214368371679j)
(2.1047695673607887+1.6627073494999989j)
(2.2045368872986613+1.6745293612089625j)
(2.3025925873377195+1.6779219699785306j)
(2.398026268610602+1.6728076837999437j)
(2.489847821343856+1.6592262771414972j)
(2.5770065109541584+1.637361522326932j)
(2.65841757797771+1.6075623082605552j)
(2.732993462122578+1.5703561600189926j)
(2.7996761071546077+1.526454877786388j)
(2.857467178442303+1.4767541957621384j)
(2.905454959420425+1.4223313177062773j)
(4.867774800803775+2.991406055844746j)
(5.1626255738852525+0.14372886640256652j)
(2.983364038465419+1.2442469074676947j)
(2.9858144525906876+1.1853948560953946j)
(2.9764337995138246+1.1299677691000443j)
(2.9557669297320905+1.080043119459861j)
(4.29373836395665+4.109046097615849j)
(2.8853081839403902+1.0046674283926287j)
(4.863642687937509+2.681386474538016j)
(2.7887724589308776+0.9719655809157862j)
(2.73664195596034+0.9733281134960955j)
(2.6851004394914697+0.9861524250194416j)
(5.521427237558372+4.376338134680401j)
(2.5914624897380505+1.0422235240898776j)
(2.55218978019772+1.0828657680366702j)
(2.5192252596447533+1.1300405428034366j)
(2.4931846363469083+1.1823400470260026j)
(2.4744723521751033+1.2383542915601975j)
(2.463280007616854+1.2966537392366608j)
(2.459549352038747+1.3558001995711464j)
(2.462933814192726+1.414403850587755j)
(2.4727944799505344+1.471216414619839j)
(2.4882499610769266+1.525229637249202j)
(-2.3558921955506404+10.762056896390167j)
(2.5318232944155277+1.6223835221970047j)
(2.557941503948665+1.665054199970191j)
(2.5858483131980514+1.7038561226918192j)
(16.0171713052364+1.8912480590922642j)
(2.6448691121780246+1.770590444841079j)
(2.67526485268422+1.798792825891287j)
(2.7058563328838434+1.8235810653359803j)
(2.7362888111648074+1.8448868246284047j)
(2.7661011062959004+1.862645346221377j)
(5.398688556177057+3.1477892937548013j)
(2.8215633000250477+1.8877493491774535j)
(2.8460169994223867+1.8956078425046088j)
(2.8676242018146447+1.9009474872996193j)
(2.886095397015794+1.9043472822894387j)
(2.901336122606074+1.9063749103956555j)
(2.9134092103515816+1.9074933202645181j)
(2.9224486321345133+1.908000216138467j)
(2.92854959526489+1.9080252087156044j)
(2.9316719282174795+1.9075918422834186j)
(2.9315936320878477+1.9067282253875173j)
(2.9279365043721266+1.9055899148104454j)
(2.9202608465921993+1.9045510316984084j)
(2.9082009859611677+1.9042279227204348j)
(2.891596843141159+1.9054211225470186j)
(2.8705746026870056+1.9089890625273211j)
(2.8455432883902287+1.9156926604661701j)
(2.8171014762735185+1.9260649482154895j)
(-3.3944679945227922+1.6260636580407353j)
(2.7523922627853783+1.9585833416755047j)
(2.8956147630325404+2.24271672417263j)
(2.4796389554224527+2.962640529405312j)
(2.7931801719739853+2.160409638321767j)
(2.270878891101211+2.476666473224649j)
(-2.8083508190881483+8.393906994598796j)
(3.061171573002137+2.266053503445605j)
(-0.4276012403544901+3.392052243664681j)
(1.666473035951009+1.0733573832019399j)
(2.338547720424054+2.4228594803898273j)
(9.161257086905819+3.022478797694312j)
(-0.1913163349000008+1.2670864639969195j)
(2.277488089026139+2.55750963696208j)
(2.2506227116535484+2.6396346907664374j)
(2.227513117577299+2.724142325854196j)
(2.207944909338668+2.810554439595609j)
(2.1917072647755633+2.8984796883750903j)
(2.1785871269067028+2.9875546548723757j)
(20.715378140658306+6.9165797409041065j)
(2.281930022242567+3.2151774612046666j)
(-0.23163968875993585+3.6012053525788796j)
(3.157031374682495+3.575023872487853j)
(3.442420228343867+2.3415291953447355j)
(1.8217787232372173+4.721193068889515j)
(2.315010867856305+3.209336971729334j)
(3.824941304296314+4.490474330217217j)
(0.18292868772834683+9.31805442604786j)
(2.8051276478321636+3.8483309829661407j)
(2.1691760144485888+3.950805334590877j)
(2.394736625774477+4.042514886069217j)
(3.8675153951764+3.235941489494761j)
(2.6946943448217766+4.161049324099282j)
(-0.07926213237648318+4.204302095101431j)
(1.846022247027644+6.358277648801176j)
(-0.4973304276315199+5.575295964297008j)
(4.8206050892567225+5.602473756477078j)
(1.995962246219011+5.682134449361435j)
(6.591681945620979+2.8609416425042515j)
(2.0324135684318407+7.399826278341984j)
(6.1237183154058155+6.506209224020445j)
(4.77011507825525+1.082753946661161j)
(1.4759163126007788+5.922226845018738j)
(265.47829098846216+35.32672776802741j)
(2.6635804595951793+4.888844396140056j)
(4.056630495902302+3.2283739160315674j)
(0.13798107233546086+13.319198311805577j)
(6.103455855380191-1.5100857884119774j)
(-4.621491471549197+16.075133153793534j)
(0.4714471213387619+8.022376467932109j)
(3.72432538539921+6.48583919540052j)
(0.6561638605810889+5.029849682911546j)
(32.84664844033469+30.418366098232806j)
(1.7226352393025972+7.627744537273686j)
(9.323872406085815+12.497021323978263j)
(-1.8047563048068456+6.739328876902995j)
(12.174362005448994+17.328218216934236j)
(-0.3894188563245931+18.52793413545645j)
(14.87284103207651+14.980228581543479j)
(3.139824059064565+7.057015613118228j)
(-1.4739589975122558+11.936611655972104j)
(-0.80770104849517+3.3850944508873093j)
(0.536222422737489+5.545666379462533j)
(-6.298750089984167+14.796756789946487j)
(-2.7628332673103935+16.413380421562447j)
(-15.123528410888122+26.242362219782873j)
(-14.24941150795927+28.986676309405965j)
(-10.492650592264798+35.08586714275502j)
(31.121376318397434+15.974337795183532j)
(47.03104712786873-240.64551999855232j)
(-12.158693422033384+3.2789567079822657j)
(6.533976804043417+48.0071878437138j)
(22.97953213157659+161.34804446835383j)
(30.316060279657794+49.57151146521768j)
(-11.209749087877235-189.70997441061397j)
(2.6054601947863056-11.322393994364214j)
(52.13417610464869-33.4362809799936j)
(11.153084433553182-10.991541283934257j)
(-23.061791822616954+27.045693961815534j)
(-1.4077487516036098-24.40067251206073j)
(-1.3005652497878488-37.20777933912749j)
(17.50701164753034-14.631023125844099j)
(7.432496202196837-13.26120338814289j)
(2.9722216538221207-21.56470236785761j)
(17.62699963876373-15.855794544594785j)
(17.45458286111746-17.46526010837407j)
(31.137497965034278-4.7906975190403465j)
(9.05672125221404-14.343408122486402j)
(10.581913750869148-11.887469662794611j)
(16.410079450856305-3.85586127450942j)
(7.451111140156821-6.344615548928704j)
(13.794475910063499+3.930276094775384j)
(13.100727924110926-13.962295972685178j)
(8.846621842664016-7.667538773227756j)
(14.231215747965317+3.7963186522621917j)
(7.380666187075496-6.472983430308288j)
(9.123492443359298-9.544129249722104j)
(14.087389068652474-0.9554404698078625j)
(-18.823974419762592+51.05767787124353j)
(6.643492111831348-8.868541820415023j)
(7.331449793255682-4.841563722006312j)
(5.889965164658065-8.9188808327455j)
(8.726396103968911-3.0130864564959627j)
(7.528434976843009-7.815040538994036j)
(8.099070728521045-6.824743853303752j)
(6.359138483481784-4.235725564159582j)
(6.845481013125572-6.361041311374278j)
(-0.2564318470683012-4.04974542857447j)
(7.298869634862728-6.78657195359921j)
(5.060718139594485-4.1903312611863335j)
(4.031275534910218-5.194832086967613j)
(6.341479769568349-5.63852113174208j)
(39.310104933300366+1.596359627581705j)
(5.062107757361268-5.773398810601014j)
(6.202601650317034-5.941718314498971j)
(5.9161336313965895-6.2927399520280565j)
(8.248412085771767-5.507859687564883j)
(-5.2687878362418+13.216899673331314j)
(5.234392964920431-6.2479467645363655j)
(6.504740067388845-5.872098754140319j)
(9.114488550703493-3.471312876541999j)
(3.870412445542792-7.071586905631912j)
(9.75085888457015-4.080176020024248j)
(5.701864701452307-1.000775118610811j)
(7.6764660266115134-7.650454847148181j)
(24.683431332002264-14.356170843018017j)
(9.450673895336193-5.753104888878778j)
(28.788407205856743-132.8966267807866j)
(-0.8420500136461612-9.77124858419305j)
(-0.12325227877157226-7.0359617657835845j)
(4.080522958375989-4.729733307580416j)
(5.532609997107501-5.55221531054876j)
(4.798479852036314-3.9638991285576606j)
(4.863901780868064-4.24185785354618j)
(11.638358761453299-1.3696495583047534j)
(5.876715938270627-5.461035574694617j)
(4.092952838706972-4.538150638625284j)
(4.461801304864452-4.533613622437515j)
(0.2433495924499291-9.90519037576955j)
(3.9556650138697362-4.79537827812219j)
(1.5119619392847188-5.819236198963551j)
(1.3894226658413105-10.826926162854463j)
(4.714650579112083-4.138713282480469j)
(0.9563542605116986-8.357584629106743j)
(-1.2319282687715-10.7756625572536j)
(4.295750117405162-11.07265140903765j)
(-3.1661528515655526-8.06793884329445j)
(2.407195708622307-4.525407916828202j)
(1.1165069969735626-2.8230995271644437j)
(2.624364219449082-4.391442323874238j)
(0.8907881812297752-14.928343056183333j)
(-5.710837086654047-3.143440728114615j)
(1.2733757776034835-4.096561866939898j)
(1.6188856646912289-3.4164272158765066j)
(2.56431770917324-3.9801187639415825j)
(1.1639170304660809-4.400207400882427j)
(0.9163670845208854-3.213115388175651j)
(-0.1473131402624987-7.602158308210152j)
(-0.48011435074743986-2.9374499999528068j)
(-2.0971056976608904-4.042204024632968j)
(0.5681237518494143-3.14912996299485j)
(-0.7730230578702632-3.9852716836079125j)
(0.5061206039559332-3.738018704479265j)
(0.31071703937734285-2.855156580648252j)
(0.26434567414937366-2.2810235222810116j)
(-6.992083708637055+2.528447510274987j)
(-0.580520184054311-1.669925510658814j)
(-0.01799578144893305-1.5170252776662463j)
(-0.4218298302595479-2.8791510692712206j)
(-0.4513164503307513-1.6415863602184375j)
(1.5730815878699052-2.1822532505523293j)
(-1.5084270805192899-0.5638188241607283j)
(0.5367101511382959-1.1599010155305574j)
(0.2906108266027359-0.8795018587456767j)
(0.13402527411045836-2.038732137470725j)
(0.7389207767636715+1.497250592665336j)
(-0.7815145400339972+3.651500466699729j)
(18.040410294411974-26.266246776592133j)
(0.050405294605046315+0.8578654446918239j)
(0.5644483958594076+2.1521068294677552j)
(1.270905431216832+2.86387116315529j)
(-0.1960627294968442+2.8720346082762425j)
(1.79125912595384+4.143152370367725j)
(2.7759350657859936+4.642773220085307j)
(0.3295426928645767+2.4361328493613605j)
(2.0793305441773255+4.5480795366425495j)
(3.205838345388151+3.2570495421249j)
(-1.7063280292111989+3.7656521954954734j)
(4.016430520176662+8.028677128461212j)
(5.773817580025395+4.961243891072511j)
(4.379010481873537+8.256340863432593j)
(3.283033133603035+7.78141939674812j)
(3.8941605053463526+11.888355607712064j)
(9.037427014168133+10.367505519163144j)
(3.3822685291053363+8.45855641045224j)
(-18.730276024283796+3.427508245449399j)
(-1.455867451684519+25.977063814247007j)
(-10.70942020172688+23.864189510345227j)
(-27.465831777839142+7.819675626008614j)
(-17.873209458393823+3.276983319883014j)
