(1.4477529387029937+0j)
(0.46487971816751295+0.2890449876713685j)
(1.6597368987993772+0.380009711487676j)
(1.7424903114603847+0.4575418356337188j)
(1.7974075587083134+0.5241656868933596j)
(1.8366864320624825+0.5906969210054457j)
(1.8676889932421437+0.6599183349300423j)
(1.1414257868979905+1.313680373169219j)
(1.9202659155062394+0.8073024877998172j)
(1.945972662157184+0.8846334430958188j)
(1.9728189559795617+0.9636963869356617j)
(2.0014559507449863+1.0440083406282j)
(2.0323134836698133+1.1251396294277178j)
(2.065677255984933+1.206711677304302j)
(2.1017363837552803+1.2883903672521435j)
(2.140613507852973+1.369878729642437j)
(2.182384308335809+1.4509102709619826j)
(2.227090397282566+1.5312433077341616j)
(2.274747968437161+1.610656313618249j)
(2.3253536668906443+1.6889441670196685j)
(2.3788886019060786+1.7659151593627673j)
(2.4353210987768525+1.8413886319758526j)
(2.494608582641968+1.9151931283064458j)
(2.5566988585669654+1.9871649683580712j)
(2.6215309691093887+2.057147170332664j)
(2.689035755949671+2.1249886595193317j)
(2.7591362156632653+2.190543716527341j)
(2.8317477149426598+2.2536716264098255j)
(2.906778113536873+2.3142364975163128j)
(2.9841278312774118+2.3721072244814336j)
(3.0636898871281892+2.4271575739601263j)
(3.1453499321109213+2.4792663748605466j)
(3.3298372302713872+2.8392443337548356j)
(3.3144700441550428+2.5742017048568844j)
(3.401665108704812+2.6168140705135965j)
(3.490428415189061+2.6560574382212834j)
(3.5806101001664565+2.6918414241648856j)
(3.672053772732639+2.724083242885082j)
(3.7645968419120157+2.7527082482941103j)
(3.858070910357477+2.777650478469361j)
(3.9523022359607887+2.798853193435793j)
(4.0471122616462525+2.816269395332108j)
(4.142318212303813+2.829862320598012j)
(4.237733756514849+2.839605894152037j)
(4.333169729442977+2.8454851359683655j)
(4.428434912020165+2.8474965110268187j)
(4.5233368603704545+2.8456482143104562j)
(4.617682778304849+2.839960383366655j)
(4.711280424711756+2.8304652319250994j)
(4.803939046782811+2.8172070991771303j)
(4.895470329277144+2.800242410545841j)
(4.985689349455638+2.7796395471036695j)
(5.074415526933061+2.7554786221950485j)
(5.16147355750804+2.7278511652730737j)
(5.246694320052131+2.696859714429918j)
(5.329915745769464+2.6626173205583075j)
(5.410983639578521+2.6252469674956997j)
(5.489752444006227+2.584880913838255j)
(5.566085936811539+2.541659963341006j)
(5.639857854547994+2.4957326719134016j)
(5.710952435412294+2.447254500152855j)
(5.779264875978944+2.3963869211110556j)
(5.844701697760055+2.343296493547226j)
(5.907181020919993+2.288153911275724j)
(5.966632743886932+2.2311330393635833j)
(6.0229986290010835+2.1724099478754892j)
(6.07623229569264+2.11216195360905j)
(6.126299123962681+2.0505666798261286j)
(6.173176072119822+1.9878011433806644j)
(6.216851413783636+1.9240408778953093j)
(6.257324400086232+1.8594591007686685j)
(6.294604853769116+1.7942259308294035j)
(6.328712702481998+1.728507662420942j)
(6.3596774590329845+1.6624661006252046j)
(6.387537656624895+1.5962579612421282j)
(5.556287428631283+1.8678557280525987j)
(6.434139971291372+1.4639402389186418j)
(6.452998706592111+1.3981141909984667j)
(6.468984804237749+1.3326879149767863j)
(6.482172418839976+1.2677860666638505j)
(6.4926408399018065+1.2035260441096207j)
(6.5004738306732+1.140017857439977j)
(6.505758980209302+1.077364058135517j)
(6.508587073727705+1.0156597240052037j)
(6.5090514857126625+0.9549924957456393j)
(6.507247599559343+0.8954426607142986j)
(6.503272256904757+0.8370832793733322j)
(6.497223239161941+0.7799803497733847j)
(6.489198783173553+0.7241930054365873j)
(6.479297132335561+0.6697737420543133j)
(6.46761612401562+0.6167686685330308j)
(6.454252813614157+0.5652177780862668j)
(6.439303135183024+0.5151552352769388j)
(6.422861598137351+0.46660967515583407j)
(6.4050210192624455+0.4196045109010141j)
(6.385872288937253+0.3741582466462549j)
(6.365504170257447+0.33028479247449005j)
(6.344003129551625+0.28799377884526406j)
(6.3214531966336045+0.24729086801949132j)
(6.297935853022421+0.2081780603301404j)
(6.46136415588615+0.18928819754925666j)
(6.248185433197419+0.13481307320083064j)
(6.222161177532997+0.10050993718880698j)
(6.195483706499698+0.06776633171800919j)
(6.1682150554131+0.03657396093922414j)
(6.14041789949713+0.006920208764810604j)
(6.112153325231107-0.021210055256833168j)
(6.083480260415024-0.04783384235878158j)
(6.054455295119124-0.07296968565353547j)
(6.0251326391949-0.09663738024372048j)
(5.995564140308699-0.11885777138329226j)
(5.965799333648327-0.13965257210752025j)
(5.935885510280277-0.1590442023561022j)
(5.905867797381454-0.1770556456601893j)
(5.875789246362278-0.19371032118756554j)
(5.8456909262835515-0.2090319697329994j)
(5.8156120207220106-0.22304455262939454j)
(5.785589926687642-0.23577216275441454j)
(5.7556603544815985-0.24723894691481352j)
(5.725857427583493-0.25746903895051804j)
(5.6962137818039595-0.266486502937845j)
(5.6667606630526555-0.2743152858957616j)
(5.6375280231659515-0.28097917941839295j)
(5.608544613316771-0.2865017896731125j)
(5.579838074595864-0.29090651521962785j)
(5.55143502541299-0.29421653212132665j)
(5.523361145417364-0.296454785835992j)
(5.495641255681817-0.29764398939052733j)
(5.468299394935718-0.2978066273607621j)
(5.441358891666289-0.29696496519627674j)
(5.414842431939644-0.2951410634466775j)
(5.388772122819783-0.29235679646478807j)
(5.363169551288023-0.28863387517923234j)
(5.338055838585422-0.2839938735461381j)
(5.3134516899194395-0.27845825830655613j)
(5.2893774394907-0.2720484216919873j)
(5.2658530908087515-0.2647857167348289j)
(5.242898352277013-0.25669149485550685j)
(5.220532668035484-0.24778714540924593j)
(5.198775244057861-0.23809413688806497j)
(5.177645069505612-0.22763405948279347j)
(5.157160933346523-0.21642866871837846j)
(5.137341436250046-0.20449992988309243j)
(4.977693509446619-0.17709348190276955j)
(5.0997698588679725-0.178561587910594j)
(5.082054079698403-0.16459736968093197j)
(5.065075532850823-0.15000066326526235j)
(5.048851891910562-0.134795157956261j)
(5.033400615474592-0.11900502087287138j)
(5.0187389266298625-0.10265493937165701j)
(5.004883787947023-0.08577016208072052j)
(4.991851872046038-0.06837653827233461j)
(4.979659527800403-0.05050055528481364j)
(4.968322742258702-0.032169373697641196j)
(4.957857098375535-0.013410859956298371j)
(4.9482777286607265+0.005746383862158892j)
(4.939599264873373+0.025272993459163978j)
(4.931835783907933+0.0451388192215114j)
(4.925000750042629+0.06531290695100134j)
(4.919106953745461+0.08576348274534067j)
(4.914166447260494+0.10645794236024718j)
(4.91019047722678+0.12736284538114456j)
(4.907189414613774+0.14844391452871367j)
(4.905172682290056+0.1696660404159055j)
(4.904148680577237+0.19099329206318097j)
(4.904124711176436+0.21238893346450743j)
(4.90510689989087+0.23381544647785496j)
(4.9071001186055+0.2552345602914308j)
(4.788448731354662+0.2736360546283931j)
(4.914132394667155+0.2978939683041881j)
(4.91917422378351+0.31905431901894354j)
(4.925232473628391+0.34004749161392583j)
(4.932304586879597+0.36083213773635775j)
(4.940386298756062+0.3813664811945828j)
(4.949471569541059+0.40160839753298905j)
(4.959552521194171+0.4215155007793375j)
(4.970619378750834+0.4410452371913275j)
(4.982660417211976+0.4601549857601361j)
(5.04518869982442+0.5256667761814351j)
(5.009608112031666+0.4969443467406443j)
(5.024481180990811+0.5145393731508657j)
(5.040261199254256+0.5315454819745189j)
(5.05692613526591+0.5479214338519078j)
(5.0744518420067966+0.5636266443549017j)
(5.092812060706071+0.5786213188813242j)
(5.11197843486054+0.5928665897502442j)
(5.131920534936057+0.6063246546225884j)
(5.152605894044459+0.6189589153184426j)
(5.174000054803161+0.6307341160560376j)
(5.196066627490793+0.6416164801017085j)
(5.2187673595127215+0.651573843791575j)
(5.242062216086329+0.6605757868697311j)
(5.265909471948004+0.668593758081981j)
(5.2902658137738285+0.6756011949704969j)
(5.315086452895128+0.6815736368341974j)
(5.340325247780297+0.6864888298505415j)
(5.365934835645619+0.6903268233994185j)
(5.3918667724553115+0.6930700566860183j)
(5.41807168047084+0.6947034348295553j)
(5.444499402419843+0.6952143936648928j)
(5.4710991612707085+0.6945929525962035j)
(5.4978197245268605+0.6928317549437109j)
(5.524609571892554+0.6899260953343391j)
(5.551417065112927+0.6858739338058327j)
(5.5781906187545385+0.6806758964165088j)
(5.604878870671054+0.674335262281709j)
(5.631430850890525+0.6668579370876193j)
(5.657796147668531+0.6582524132647712j)
(5.683925069473009+0.6485297171328758j)
(5.709768801703675+0.6377033434565341j)
(5.471938527265717+0.2398719988337043j)
(5.760410718051802+0.6128054085650774j)
(5.785116971919837+0.5987724258774195j)
(5.809354434928829+0.5837127142363394j)
(5.833080767336088+0.5676507338669012j)
(5.856255277052846+0.5506127954395854j)
(5.878839011826694+0.5326269280601489j)
(5.900794839409551+0.5137227418605702j)
(5.922087515359875+0.49393128638499506j)
(5.9426837382550595+0.4732849059856532j)
(5.9625521922161475+0.45181709345141613j)
(5.981663576773614+0.42956234308428326j)
(5.999990624225477+0.406556004419263j)
(6.0175081047582735+0.3828341377494816j)
(6.03419281971429+0.3584333725733015j)
(6.050023583494961+0.33339077002328854j)
(6.06498119468876+0.3077436902703207j)
(6.079048397101077+0.2815296658199786j)
(6.092209831443425+0.2547862815349779j)
(6.104451978508884+0.2275510621267373j)
(6.115763094719165+0.1998613677639139j)
(6.126133140976396+0.17175429834599737j)
(6.135553705789569+0.143266606887827j)
(6.14401792367073+0.11443462235706386j)
(6.15152038981087+0.08529418220260314j)
(6.158057072049308+0.05588057470874076j)
(6.163625221143948+0.02622849120820981j)
(6.168223280334286-0.003628011911041931j)
(6.1718507951629595-0.0336555415655028j)
(6.174508324488872-0.06382138695315846j)
(6.176197353582403-0.09409352948347129j)
(6.17692021014489-0.12444064407652054j)
(6.1766799840390805-0.1548320923198524j)
(6.175480451456131-0.18523790803930154j)
(6.173326004178876-0.21562877589938456j)
(6.170221584530816-0.24597600370184663j)
(6.1661726265262145-0.27625148909611213j)
(6.161185003660482-0.306427681453442j)
(6.155264983701002-0.3364775396867265j)
(6.148419190758251-0.36637448682078594j)
(6.140654574836409-0.3960923621332875j)
(6.131978388980765-0.42560537169403495j)
(6.1223981740587785-0.4548880381312267j)
(6.380437627347529-0.4527290602568812j)
(6.100557221293025-0.5126617146849627j)
(6.088312972780871-0.5411029062528226j)
(6.075197695082848-0.5692140246341877j)
(6.061220399699069-0.5969704512420353j)
(6.046390447147131-0.624347611085377j)
(6.030717579736425-0.6513209388953383j)
(6.1263118885682735-0.8008738410276944j)
(5.996884211243714-0.70395771858546j)
(5.9787454684341474-0.7295718575058251j)
(5.959807423982508-0.7546835105678363j)
(5.940082382471096-0.7792678471109775j)
(5.919583314717257-0.803299965460185j)
(6.234035806370829-1.0767082739001712j)
(5.8763186487371675-0.8496076556533818j)
(5.853582824325546-0.8718331996910696j)
(5.830132630831285-0.8934065276726234j)
(5.805985198253728-0.9143026865457013j)
(5.867262015090291-0.9766387899366971j)
(5.755672123852953-0.9539642460596954j)
(5.729545862459259-0.9726804689776741j)
(5.702801200324577-0.9906212931861534j)
(5.675460618999157-1.0077628706092814j)
(5.64754776646888-1.024081781681066j)
(5.6190874746864266-1.0395551158004437j)
(5.590105769854142-1.0541605553444167j)
(5.5606298750651995-1.0678764625076236j)
(5.530688204985862-1.0806819681970137j)
(5.500310352342171-1.0925570621783063j)
(5.4695270660583635-1.1034826836483147j)
(5.438370220980571-1.1134408113923033j)
(5.406872779207076-1.1224145526812566j)
(5.375068743134647-1.1303882300682697j)
(5.342993100417696-1.1373474652573394j)
(5.3106817611228-1.1432792592416408j)
(5.278171487443975-1.1481720679408798j)
(5.245499816422497-1.1520158726095144j)
(5.212704976189615-1.154802244337428j)
(5.179825796317624-1.1565244020231318j)
(5.146901612926525-1.157177263264513j)
(5.113972169246482-1.1567574876836244j)
(5.081077512381505-1.1552635122792159j)
(5.051332819097471-1.14696999682299j)
(5.01555362715317-1.1490557506672197j)
(4.983005045869061-1.14434792598446j)
(4.9506523253183765-1.13857783541359j)
(4.9185354064193625-1.1317530360916062j)
(4.886693879878287-1.123882895001968j)
(4.855166879069495-1.1149785642209433j)
(4.823992975577981-1.1050529479897409j)
(4.793210078131774-1.0941206619569788j)
(4.762855335605591-1.082197985005751j)
(4.732965044723192-1.0693028041428525j)
(4.7035745630266845-1.055454552984092j)
(4.674718227616402-1.0406741444180865j)
(4.646429280096149-1.024983898071716j)
(4.6187397980869775-1.0084074632324662j)
(3.9813333392498627-0.8220752308911686j)
(4.565281358474346-0.9726967847070271j)
(4.539570217045919-0.9536157442713047j)
(4.514574086070637-0.9337547469084845j)
(4.490318441939658-0.913142823163484j)
(4.4668273350873475-0.891809813970803j)
(4.444123371461635-0.8697862810448623j)
(4.422227700856279-0.8471034181236727j)
(4.401160011850162-0.8237929636466301j)
(4.3809385330485835-0.7998871154055978j)
(4.3615800402774845-0.7754184476637402j)
(4.343099869343348-0.7504198311876005j)
(4.325511933940191-0.7249243565871102j)
(4.308828748259388-0.6989652613055201j)
(4.293061453839742-0.6725758605476474j)
(4.278219850182253-0.6457894823810275j)
(4.264312428647688-0.618639407191727j)
(4.251346409154238-0.5911588116246246j)
(4.2393277791970885-0.563380717087774j)
(4.228261334721259-0.5353379428533516j)
(4.218150722393086-0.5070630637425246j)
(4.208998482833745-0.4785883723402018j)
(4.200806094399395-0.4499458456478072j)
(3.64428255027418+0.4896870566699786j)
(4.18730173641245-0.3922834464220701j)
(4.18198780629189-0.36332570924522933j)
(4.17762989167555-0.334324369440538j)
(4.174224809603003-0.30530947078127124j)
(4.171768569068382-0.2763106255949472j)
(4.170256409270402-0.24735700752184767j)
(4.169682836093625-0.2184773470705114j)
(4.170041656666747-0.18969992970828772j)
(4.171326011871808-0.16105259622392204j)
(4.173528406705365-0.13256274509985344j)
(4.176640738418038-0.1042573366360169j)
(4.0065074138256485+0.5430702712884874j)
(4.185559915661056-0.0483055329611959j)
(4.191347738267031-0.020710924062728966j)
(4.1980074921256785+0.006595652980391285j)
(4.205528377764733+0.033589322888478865j)
(4.213899108772128+0.06024560062526463j)
(4.22310792407429+0.08654038160288291j)
(4.233142598098006+0.11244993189287564j)
(4.243990448887921+0.13795087861217564j)
(4.255638344259428+0.16302020064149203j)
(4.268072706072523+0.18763521982175568j)
(4.28127951271734+0.21177359276363852j)
(4.295244299905677+0.23541330339477654j)
(4.309952159865734+0.25853265635933137j)
(4.325387739039357+0.2811102713758853j)
(4.341535234382386+0.30312507865099814j)
(4.358378388369696+0.3245563154386515j)
(4.3759004828071335+0.3453835238286908j)
(4.394084331552724+0.3655865498416323j)
(4.412912272249954+0.38514554390178524j)
(4.432366157176251+0.404040962756157j)
(4.452427343310031+0.42225357290255744j)
(4.473076681720677+0.43976445558694294j)
(4.494294506386748+0.4565550134271506j)
(4.516060622549217+0.47260697871745694j)
(4.616318184043708+0.5710476266181407j)
(4.561154234377689+0.5024237712178259j)
(4.584438587704085+0.5161538107039668j)
(4.608184923082022+0.5290757113757135j)
(4.63237021887596+0.5411730408547964j)
(4.656970851385011+0.5524297843488422j)
(4.681962583182701+0.5628303660674412j)
(4.7073205519732+0.5723596726739595j)
(4.733019260112916+0.5810030788031946j)
(4.7590325649536735+0.588746474669599j)
(4.785333670172505+0.5955762957847077j)
(4.811895118261605+0.6014795547944098j)
(4.838688784361167+0.6064438754381519j)
(4.865685871626773+0.610457528621521j)
(4.892856908332279+0.6135094705818304j)
(4.920171746917703+0.6155893831124039j)
(4.9475995652001865+0.616687715796235j)
(4.975108869973519+0.616795730181838j)
(5.002667503228326+0.6159055458151714j)
(5.030242651230486+0.6140101880206119j)
(5.057800856698826+0.611103637300379j)
(5.085308034325322+0.6071808801976153j)
(5.112729489880194+0.6022379614415212j)
(5.140029943141808+0.5962720371648667j)
(5.167173554885071+0.5892814289550038j)
(5.194123958153103+0.581265678468935j)
(5.220844294024406+0.5722256023117378j)
(5.247297252071162+0.5621633468461738j)
(5.273445115684105+0.5510824425696577j)
(5.299249812414337+0.5389878576637441j)
(5.3246729694535855+0.5258860502913808j)
(5.349675974340527+0.5117850191889125j)
(5.374220040942683+0.49669435207364465j)
(5.398266280720575+0.48062527136502553j)
(5.421775779234032+0.4635906766977642j)
(5.44470967779935+0.4456051836903101j)
(5.46702926015108+0.4266851584219544j)
(5.48869604390486+0.4068487470675143j)
(5.509671876556323+0.38611590014030805j)
(5.529919035689338+0.3645083908031247j)
(5.549400333002844+0.34204982672298617j)
(5.568079221701663+0.3187656549694944j)
(5.585919906734089+0.2946831594886234j)
(5.6028874572973475+0.2698314507241815j)
(5.618947920974402+0.24424144700753478j)
(5.634068438811039+0.21794584739292294j)
(5.64821736059417+0.19097909568004362j)
(5.661364359549552+0.16337733543695546j)
(5.673480545642915+0.13517835591476388j)
(5.684538576642629+0.10642152882900612j)
(5.694512766085591+0.0771477360712461j)
(5.703379187282164+0.04739928850595974j)
(5.711115772501034+0.017219836101806444j)
(5.717702406491473-0.01334573025946355j)
(5.723121013528435-0.04425138485940774j)
(5.7273556372058705-0.07545008057699143j)
(6.048211081628885-0.6225761747686654j)
(6.0806091760333985+0.11966639144697627j)
(5.732829280940245-0.17032118747099204j)
(5.732213121721425-0.20220547614650394j)
(5.730367186457268-0.2341366505590185j)
(5.7272894217023325-0.26606424233318515j)
(5.722980197081242-0.2979377009402085j)
(5.717442307383342-0.32970653814233564j)
(5.710680963838974-0.36132047211365503j)
(5.7027037746745-0.3927295702514677j)
(5.693520715148521-0.42388438971112585j)
(5.683144087372494-0.4547361147298723j)
(5.671588470315262-0.48523668984804624j)
(5.658870660479983-0.5153389481914117j)
(5.64500960382362-0.5449967340424976j)
(5.63002631956055-0.574165019002097j)
(5.861671821153472-0.45796115619685707j)
(5.596787003050917-0.6308592564802014j)
(5.578582590550598-0.6583017327447614j)
(5.55935899263507-0.6850879343955583j)
(6.052412214674355-0.41087074790538286j)
(5.517975769684697-0.7365415266892272j)
(5.495880517880767-0.7611381358614823j)
(6.134643813228327-0.5068064768277804j)
(5.449053313336892-0.8079072205575712j)
(5.424392973638611-0.8300196439285645j)
(5.398950830654-0.851247052201809j)
(5.372764941418638-0.8715640965807485j)
(5.345874062795294-0.8909473228821531j)
(5.3183175435266135-0.9093751731725197j)
(5.441667190339928-1.1547547662974764j)
(5.261367310542206-0.9432879579840044j)
(6.650102122953121-1.865219129873008j)
(5.202236965095209-0.9731675627882075j)
(5.1719560340887485-0.9865608324085864j)
(5.141252355417446-0.9989084973902671j)
(5.110166689720584-1.0102018113377516j)
(5.554546139241217-1.620607713268696j)
(5.0470116769512785-1.0295988939760825j)
(2.5773846497682174-3.9985631487545006j)
(4.982813063878631-1.0447154895938746j)
(7.864677662969127-1.5681779189768499j)
(4.917887541987661-1.0555402245340397j)
(4.885249243981908-1.0593461156360056j)
(4.852544652070276-1.0620854358002287j)
(4.819811094431446-1.0637631775213625j)
(4.787085277462203-1.0643856209322136j)
(4.7544032515141605-1.063960285612642j)
(4.721800379734078-1.0624958830017295j)
(4.689311309763859-1.0600022695642553j)
(4.656969948056272-1.0564904008306746j)
(4.624809436565315-1.051972286399636j)
(4.592862131576231-1.0464609459634184j)
(4.561159584448287-1.0399703663899256j)
(4.5297325240541895-1.0325154598702042j)
(4.498610840712577-1.0241120231177556j)
(4.467823571424389-1.014776697585519j)
(4.437398886239613-1.004526930648222j)
(4.407364075597822-0.9933809376819644j)
(4.37774553850395-0.981357664959348j)
(4.348568771419381-0.9684767532672783j)
(4.319858357767237-0.9547585021455794j)
(4.291637957970549-0.9402238346381442j)
(4.263930299961198-0.9248942624438311j)
(4.236757170116827-0.9087918513521411j)
(4.21013940460192-0.891939186848875j)
(4.184096881107852-0.87435933977874j)
(4.15864851100421-0.8560758319560235j)
(4.133812231930856-0.8371126016202775j)
(4.109605000876017-0.8174939686414738j)
(4.086042787800348-0.7972445993884449j)
(4.063140569880599-0.7763894711851206j)
(4.040912326458158-0.7549538362910327j)
(4.019371034788643-0.7329631853560881j)
(3.998528666697158-0.7104432103137593j)
(3.978396186251193-0.687419766692033j)
(3.9589835485682565-0.6639188353374794j)
(3.9402996998788753-0.6399664835639657j)
(3.9223525789669886-0.6155888257544183j)
(3.90514912010953-0.5908119834605794j)
(3.8886952576344656-0.565662045062595j)
(3.872995932212591-0.5401650250664881j)
(3.8580550989920925-0.5143468231334581j)
(3.8438757376771093-0.488233182950199j)
(3.8304598646420622-0.46184965106362486j)
(3.8178085471621417-0.4352215358166782j)
(3.805921919827795-0.40837386653386115j)
(3.7947992031970688-0.3813313531157465j)
(3.7844387247243554-0.3541183462108283j)
(3.7748379419880784-0.3267587981404913j)
(3.7659934682225047-0.29927622475852933j)
(3.7579011001415688-0.27169366843063075j)
(3.75055584802417-0.244033662321125j)
(3.743951968012276-0.21631819617428844j)
(3.738082996554736-0.18856868377588276j)
(3.732941786911578-0.16080593227653484j)
(4.522802428766114+0.4795180965397978j)
(3.724810882772885-0.10532073777644443j)
(4.159242063801839-0.08443202879948333j)
(3.719489924278962-0.050015905335575386j)
(3.717859202282471-0.022475956596909003j)
(3.7169012891169704+0.004966568372781825j)
(3.716605425169851+0.0322957766759343j)
(3.7169605181333343+0.059496541290447486j)
(3.7179551915718+0.08655450829842554j)
(3.719577833877486+0.11345610101130357j)
(3.7218166473939376+0.14018852095255355j)
(5.7148428559023765-0.8829514602893294j)
(2.9933788763880007+0.38790967821093925j)
(3.7321103761315877+0.2192543646423837j)
(3.736693886826066+0.24519753034427066j)
(3.7418334925163164+0.2709190174828257j)
(4.523903059429955-0.40862420112302195j)
(3.7537335278097745+0.3216645146502529j)
(3.760470628737535+0.3466740248927832j)
(3.767717250554818+0.3714328076067332j)
(3.775462314832021+0.3959352181294621j)
(3.783695045641376+0.4201762005417397j)
(3.7924050040061794+0.4441512544295046j)
(3.8015821199542414+0.4678563995638865j)
(3.8112167220498563+0.49128813867448295j)
(3.8212995642937457+0.5144434184983914j)
(3.8318218502957238+0.5373195892935502j)
(3.842775254640356+0.5599143630091659j)
(3.8541519413815806+0.5822257703092222j)
(3.865944579618181+0.604252116646628j)
(3.878146356117135+0.625991937585506j)
(3.8907509849676143+0.6474439535681076j)
(3.9037527142627817+0.6686070243199496j)
(3.917146329821245+0.6894801030830462j)
(3.930927155973276+0.7100621908616886j)
(4.275765709956868+0.7259947000138951j)
(3.959634414426232+0.7503493632756391j)
(3.9745541547758885+0.7700522806307972j)
(3.9898477036144246+0.7894597837621724j)
(4.005512990204244+0.8085704386440044j)
(4.021548428312071+0.8273825941575719j)
(4.037952898110528+0.8458943409342088j)
(4.054725725721599+0.864103471380191j)
(4.071866660502601+0.882007440980834j)
(4.08937585017716+0.8996033309693156j)
(4.107253813913741+0.916887812433864j)
(4.125501413452966+0.9338571119256028j)
(4.144119822382272+0.9505069786182179j)
(4.163110493652033+0.9668326530602953j)
(4.182475125421723+0.9828288375516835j)
(4.202215625317676+0.9984896681666446j)
(4.222334073175916+1.0138086884393807j)
(4.242832682333917+1.0287788247214624j)
(4.2637137595253245+1.0433923632163262j)
(4.284979663420208+1.0576409286933863j)
(4.306632761841938+1.0715154648833496j)
(4.682647983227592+4.583642673582213j)
(4.351109793502225+1.0981027132963832j)
(4.373938104870423+1.1107937549610805j)
(4.397162272325668+1.1230673988828261j)
(4.420784022030502+1.1349109488031188j)
(4.444804805018998+1.1463109456037133j)
(4.469225745009212+1.1572531598828812j)
(4.49404758472119+1.1677225864506962j)
(4.51927063063824+1.1777034408352325j)
(4.5448946961455166+1.1871791579129212j)
(4.5709190429787+1.19613239279962j)
(4.597342320917385+1.2045450241638913j)
(4.624162505662771+1.212398160150905j)
(4.65137683484766+1.219672147133258j)
(4.6789817421396585+1.226346581534083j)
(4.706972789414793+1.232400324997583j)
(4.735344597000709+1.2378115232119016j)
(4.764090772014568+1.2425576287190498j)
(4.793203834852475+1.2466154280754174j)
(4.822675143924413+1.2499610737537774j)
(4.852494818770842+1.2525701212031874j)
(4.882651661746153+1.2544175715056733j)
(4.913133078507841+1.2554779200873505j)
(4.9439249976108615+1.255725211956301j)
(4.975011789572223+1.2551331039479867j)
(5.006376185842519+1.2536749344617237j)
(5.037999198197481+1.2513238011663057j)
(5.069860039144256+1.2480526471391302j)
(5.1019360440222+1.2438343558793261j)
(6.841313682246265+1.6915055850427634j)
(5.166633051794777+1.2324482331653803j)
(5.1991986781641515+1.2252268579518029j)
(5.231868585045168+1.2169515158914113j)
(5.264609671637174+1.207596553800321j)
(5.297386577541652+1.197137034042169j)
(5.330161643282916+1.185548899429282j)
(5.362894881134444+1.1728091481333323j)
(5.392637867329813+1.2130717455671511j)
(5.428064189456888+1.1437891812657242j)
(5.460408553479324+1.1274699442788056j)
(5.492527713585356+1.1099214590476816j)
(5.524370064597368+1.0911289377030176j)
(5.555881795379857+1.0710798731599738j)
(5.5870069722250095+1.0497642628310964j)
(5.6176876437601875+1.0271748337863813j)
(5.647863968437512+1.003307267310277j)
(5.677474365479685+0.9781604205875378j)
(5.706455689932253+0.9517365430463754j)
(5.734743432211434+0.9240414847027921j)
(5.762271942238244+0.8950848936924686j)
(5.788974677917387+0.8648804000517887j)
(5.814784477355419+0.8334457827247624j)
(5.839633853822502+0.8008031167340898j)
(5.2262022477567545+0.1145038264253091j)
(5.780556582739976+0.3910388461662748j)
(5.693050558399271+0.8238960295681789j)
(6.408391562556443+1.981921424271578j)
(5.387131007418076+1.8994664558027798j)
(6.2557145507145195+0.9936641016122835j)
(3.1831128948766+1.5952962961661348j)
(7.382711565318936+0.04484527590361731j)
(5.931346783043881+0.3563257770686082j)
(6.531766454545105-0.15955537068230574j)
(7.675016827489719+0.22334333254456507j)
(6.171208739841467+0.24137958138844945j)
(6.157290664957675+1.125981880316824j)
(6.298036118951778+0.5272339982178462j)
(6.009581652405394+0.3929206100044412j)
(6.102775977989512+0.8573583755790793j)
(6.9953277827402+0.09452579426709372j)
(6.118246535638339-0.06624359047954667j)
(6.2724847731080615+0.2769556354476405j)
(6.035505442589344-0.1082334773841793j)
(5.816996393726994-0.20067215370644423j)
(6.215924172857791-0.007511314440659059j)
(6.274435591177299+0.4795019814078074j)
(5.966036697348084-0.09941338979171094j)
(6.9381828285893885+0.3305329619910799j)
(6.771614123902208-0.9054558080219435j)
(6.500400744793159-1.6033662954980759j)
(9.96390092297459-1.0103456426231323j)
(5.188543845580855+0.0694225606324879j)
(7.2477680742515815+1.159997170171665j)
(5.633706654907495-0.06257331842687297j)
(5.599651138604472+0.07314099289261318j)
(5.7631968388357695-0.3981989125123538j)
(5.570545567683587-0.5958291577298044j)
(4.806864383921533-0.5100185645584471j)
(4.772131994521744-0.5712301012570419j)
(6.844997192947431-1.1808955134753778j)
(5.5287043580591595-0.8497011745146784j)
(5.36556232270407-0.5720751535170032j)
(5.735599777702404-0.8991251066428312j)
(6.241245301540999-1.3842028214610653j)
(5.764565540138632+0.26023616668275673j)
(5.495731414792359-0.8881334117790647j)
(5.216757084917437-2.289551375943767j)
(5.616546548657301-1.0303524267868793j)
(4.3282101003195494-2.0888475094540127j)
(5.695642385156096-0.7518756256134691j)
(5.475787109018567-1.0318412939496346j)
(5.817386965338575-0.7606777320016378j)
(7.212080953083305-0.5010778135643101j)
(5.46589207038867-0.7086470121172758j)
(4.878365110276856-1.5377544516725292j)
(5.372133635580192-0.6046582021135312j)
(5.214578786880299-1.1424022561225167j)
(4.773856346863028-1.6996362147257982j)
(5.704591144012785+0.030762745534610118j)
(5.420623267028438-1.3979729486483687j)
(4.776537126602649-1.1290608659018964j)
(5.261428091805622-0.8896549436865369j)
(5.146223194782058-1.1768269688993669j)
(4.7460785078266206-1.0539426567682093j)
(4.706285199237476-1.0512686741418122j)
(5.588082538931218+0.2784653377196801j)
(4.627757696728636-1.0424374952444495j)
(4.5890852344264115-1.0363371021324959j)
(4.550845216514198-1.0291518598646126j)
(4.513064253185284-1.0209107757149543j)
(4.475767371592066-1.0116429663177813j)
(4.438978082371785-1.0013775969561192j)
(4.402718445408856-0.9901438285873231j)
(4.367009134272027-0.9779707720765994j)
(4.3318694988398425-0.9648874490937724j)
(4.297317625700543-0.9509227591199487j)
(4.263370395980425-0.9361054520085462j)
(4.45322755836112-1.2669328145082177j)
(4.197351690771312-0.9040271074839415j)
(4.165308429465883-0.886822641461639j)
(4.13392633391393-0.8688786763831626j)
(4.103217018893342-0.850222958669246j)
(4.073191174889843-0.8308830069547485j)
(4.043858603109516-0.8108861087601915j)
(4.857575054527138-0.41483611146585214j)
(3.9873082211668134-0.7690294578821898j)
(3.9601058353893905-0.7472231139381641j)
(3.9336276178880456-0.7248666416328549j)
(3.9078793339891145-0.7019861634267579j)
(3.882866002776106-0.678607569873283j)
(3.858591911121388-0.6547565195202841j)
(3.8350606254243607-0.6304584380809558j)
(3.8122750012797093-0.6057385166577406j)
(3.7902371913092083-0.5806217088299895j)
(3.910281096395327-0.7920343892868107j)
(3.7484101455858374-0.5292960339562864j)
(3.728621749855323-0.503135841256201j)
(3.709582855086903-0.47667609481935497j)
(3.6912921694196035-0.4499404671929246j)
(3.673747720281113-0.4229523447380653j)
(3.656946856335814-0.3957348136281582j)
(3.6408862495995784-0.3683106441105052j)
(3.6255618979642334-0.34070227306328915j)
(3.6109691283685437-0.3129317849014734j)
(3.5971026008443614-0.2850208909067732j)
(3.5839563136575534-0.2569909070772127j)
(3.571523609752564-0.22886273061197765j)
(3.559797184697547-0.20065681516629894j)
(4.020060367032081+0.1060701127176603j)
(3.538430776156394-0.1440912083979784j)
(3.528773043003372-0.11576996992687105j)
(3.519786118479957-0.08744784276888397j)
(3.5114596449414397-0.05914266031119145j)
(3.503782705704931-0.03087164784340436j)
(3.496743847704678-0.0026513943963626992j)
(3.4903311066205602+0.025502174997740466j)
(3.48453203450524+0.053573826366015584j)
(3.2450391193310146+0.1727608055443165j)
(3.474722870480427+0.10941404992570077j)
(3.4706857479737994+0.13715583820915755j)
(3.4672083056054728+0.16476218576733792j)
(3.464276177623579+0.19222167748709165j)
(3.4618747309662568+0.21952372255987068j)
(3.865198638763417+0.2964743966634469j)
(3.458604275989955+0.27361731784276094j)
(3.457705065536846+0.30039192837107925j)
(3.4572762269682085+0.32697522824459685j)
(3.4573024751738313+0.35336091429814215j)
(3.4577685401322498+0.3795435523077927j)
(3.4586592169664248+0.40551857280108844j)
(3.459959416033021+0.4312822632349149j)
(3.4616542127016823+0.4568317564988613j)
(3.463728896471875+0.4821650157386914j)
(3.4661690190703345+0.5072808155342619j)
(3.468960441172234+0.532178719506353j)
(3.4720893773944317+0.556859054468023j)
(3.4755424392191503+0.5813228812771633j)
(3.4793066755220603+0.6055719625871352j)
(3.483369610399214+0.6296087277314552j)
(3.4877192780135+0.6534362350149779j)
(3.492344254211642+0.6770581317183072j)
(3.847012658991698+0.21877485125445625j)
(3.5023773095955146+0.7237023741216263j)
(3.507765484251346+0.746734574192313j)
(3.5133891962232022+0.769580782142553j)
(3.519240078390634+0.7922469350244957j)
(3.52531041821751+0.8147392912361232j)
(3.531593163226328+0.8370643850147672j)
(3.5380819227991482+0.8592289817483487j)
(3.544770966468147+0.8812400344846048j)
(3.5516552189044646+0.9031046419944728j)
(3.558730251856912+0.9248300087166478j)
(3.565992273330424+0.9464234068749093j)
(3.5734381143276743+0.967892141019731j)
(3.581065213505032+0.989243515201426j)
(3.588871600115545+1.0104848029342655j)
(3.5968558756265+1.0316232200610866j)
(3.6050171944069267+1.0526659005762724j)
(3.613355243881567+1.0736198754133635j)
(3.621870224541309+1.094492054152117j)
(3.6305628301876207+1.1152892095505151j)
(3.6394342287688026+1.1360179647600006j)
(3.648486044141068+1.156684783038994j)
(3.6577203390566617+1.1772959597401342j)
(3.667139599646389+1.1978576163125303j)
(3.676746721624896+1.2183756960310836j)
(7.093208683971228-0.015997443512112786j)
(3.6965381112689673+1.2593039910940278j)
(3.8032090492442188+1.4380139250371007j)
(3.717125465813475+1.3001247436285222j)
(3.727728951287956+1.3205077036273747j)
(5.552490197951887+2.3372557723012135j)
(3.7495814295611156+1.3612429916077378j)
(3.760841895474224+1.3816044362386235j)
(3.7723334568247586+1.401967506156937j)
(3.784062802383897+1.4223362735330831j)
(3.796037014672943+1.4427146056313385j)
(3.808263579175935+1.4631061561755996j)
(3.820750394537861+1.4835143546264786j)
(3.8335057834887314+1.5039423932243654j)
(-2.7337102550903714-8.51858151832885j)
(3.859857761970171+1.5448694794709612j)
(3.8734732204526447+1.5653735755745417j)
(3.8873950130071893+1.5859075658154256j)
(3.9016337530560468+1.6064731776360734j)
(3.916200543700256+1.627071772441484j)
(3.931106986180935+1.6477043155337436j)
(3.946365186979432+1.6683713437169156j)
(3.9619877633410994+1.6890729306639038j)
(3.9779878470243557+1.7098086501505223j)
(3.9943790860935384+1.7305775372720023j)
(4.011175644591253+1.7513780477642424j)
(4.0283921999425925+1.7722080155556732j)
(4.046043937958724+1.7930646086760451j)
(4.064146545321714+1.8139442836464876j)
(4.082716199443826+1.8348427384698731j)
(4.101769555604168+1.8557548643336805j)
(4.1213237312717395+1.876674696128579j)
(4.141396287527297+1.8975953618753103j)
(4.162005207495379+1.918509031141832j)
(4.183168871693934+1.9394068625213523j)
(4.204906030200695+1.9602789502296536j)
(4.227235771521862+1.9811142698729796j)
(4.250177488033095+2.0019006234269265j)
(4.985192092872348+3.57212692030425j)
(4.297975702889458+2.0432714366596354j)
(4.322872143104395+2.0638251266269516j)
(4.348460346343113+2.0842681961013296j)
(4.3747605738744815+2.104581728554389j)
(4.4017931010838325+2.1247452893000194j)
(4.4295781530560205+2.14473686619988j)
(4.458135834652198+2.164532810105446j)
(4.487486054657515+2.1841077752174645j)
(4.5176484435399935+2.2034346595959744j)
(4.548642264327425+2.2224845461161715j)
(4.580486316078714+2.24122664423696j)
(4.613198829402757+2.2596282330314454j)
(4.646797353460685+2.277654606020585j)
(4.681298633880032+2.29526901845393j)
(4.716718481012492+2.3124326377934605j)
(4.753071627983637+2.3291044982785705j)
(4.79037157801411+2.3452414605801852j)
(4.828630440541003+2.3607981776900466j)
(8.159614871512861+6.404201663018673j)
(4.9080653071110305+2.3899782993547904j)
(4.949256922003905+2.4034997786301284j)
(4.991438259904148+2.4162371603015687j)
(5.034611588716026+2.428133864159966j)
(5.078776549283394+2.4391311112313763j)
(6.741463968005217+3.1727790045588207j)
(5.170065303363509+2.4581814694426076j)
(5.0461826977086375+3.0761833703710835j)
(5.265239484033519+2.472876610687188j)
(5.3142474547806495+2.4784229265207474j)
(5.364175266153902+2.4826755314802265j)
(5.414996779339564+2.4855630843231142j)
(5.466681052186908+2.4870131857732587j)
(5.519192061661428+2.486952662834506j)
(5.5724884358549165+2.48530789137248j)
(5.626523200056409+2.482005158281156j)
(5.681243541843396+2.4769710640936498j)
(5.736590600577055+2.4701329663451017j)
(7.153900136273243+4.104136963857751j)
(8.661764322034738+2.458664650107106j)
(5.905709221624978+2.438090014680762j)
(5.9628480706604945+2.423342361481878j)
(4.300056383818435+2.9881152249045058j)
(5.973382700593976+2.467728648895575j)
(5.902206151824112+2.508722369541324j)
(5.799026623930025+2.7765790700978994j)
(6.907126245157687+1.2518488891612147j)
(6.1891484033117505+2.360307022262651j)
(6.467702008972366+2.567384951148507j)
(6.461245696935191+2.5122249112151978j)
(6.706886585955258+1.558852672232069j)
(5.468479710517936+0.35533466166039696j)
(6.38913061092067+3.1958432813877424j)
(7.578276693875597+2.9074369439769976j)
(6.953873097556818-0.19171631280092086j)
(8.595954044672888+1.6056845857718038j)
(7.200207442418184+1.4981762942057562j)
(4.245619931809188+0.4525788870533205j)
(6.006628515114309-5.406517067850047j)
(7.021819085345167+1.5839163768463318j)
(6.608718927223311+2.1228245431787474j)
(6.616273870680826+1.0322057030910767j)
(6.910846467721451+1.458842251355546j)
(7.84296725977061+1.5776221300713587j)
(6.200453757617235+6.7651802457468655j)
(2.012944045147861-0.914126932337835j)
(8.056207525089071+1.5859022141223003j)
(6.232361535350138+0.47809583346640955j)
(7.886829605592008+0.7688417415246639j)
(7.9781264333993835+2.149902806404807j)
(8.084886731905447+3.5858979217710525j)
(-40.46553125857157-31.678296199516748j)
(7.354038364319701+0.9273801334716543j)
(7.951797953398478+0.5862716324579998j)
(7.5443359180290415+0.7844078848503504j)
(7.529856654089589+0.8457500724231626j)
(7.095640006446005+0.5305265858835224j)
(6.967815236223473-1.45538376875147j)
(7.343339033453652+0.5626926060435061j)
(7.94041286312734+2.0490650967485995j)
(7.196290374481582+0.2688581197703053j)
(7.472130516116062+0.37179151249813447j)
(5.793155130033528-0.2735834655007958j)
(9.415005165405649+1.6816398297449395j)
(11.309718658806712+3.7525679183484044j)
(4.641422733980259-0.24379481617213677j)
(7.965673318615728+0.7869392595231247j)
(6.021295904483382-0.06067177676498377j)
(4.460692148458158+0.21039483725636385j)
(5.058228528470387+1.2150474906631514j)
(-1.3206344169350794+7.574561313778738j)
(6.8347090359113825-0.30829738308508814j)
(6.443433178067476+0.13005445477176888j)
(5.972526479338401-0.39867162847925725j)
(7.346135244519363-1.1719475128759147j)
(5.0803549592699975-1.595925615553336j)
(5.653674097205056+0.8242797789083763j)
(5.5596000436179835+0.15174914578627524j)
(6.289958362334614-1.0781413563735511j)
(6.896603437600035-3.586965532170942j)
(6.132650775686711-0.2511504528941369j)
(4.178307131023306+0.6071462205703511j)
(6.969405120254874-0.8082979594825187j)
(5.835756246108143+0.5863962946880402j)
(5.992250736722669-1.1138016271312707j)
(5.1636800709244515-0.37166245352171723j)
(5.930239637934965-0.7917724041724112j)
(4.568723574962348-0.9468944556330221j)
(5.168540704228175+0.37909917594699505j)
(6.641534810487497-0.9684359529846258j)
(5.794988773892523-1.0050963767442502j)
(5.269611810851727-0.26892960240366726j)
(6.019831802809717-0.5201545435439537j)
(11.218160211681113-1.3880891064561902j)
(6.658924440313574-1.0994621694551507j)
(5.365376657001859+0.5641765570231017j)
(5.886767852588965-1.3268605813517749j)
(6.116294491084902-1.2169444462925822j)
(5.489723653412859-0.862570122756736j)
(4.717859378606275-0.15952446301710685j)
(5.5633227039747855-1.1451255176586181j)
(5.169349378213114-0.2504557044764432j)
(5.811212439221168-0.6451514858156409j)
(3.2108402188432144+0.8127640915370181j)
(5.8095899802849695-1.6086812496010303j)
(5.653553864453431-0.6867605002578745j)
(6.137446860937083-1.8398118841730706j)
(5.955295171510958-0.10744067355632332j)
(3.851388749127065+1.4075228283104422j)
(5.557152365986044-0.9879154402800676j)
(4.421349601586314-0.04264533434474307j)
(6.075669952571294-0.658182774456432j)
(4.83500692264662-0.42471478359504156j)
(5.64030310675985-1.1246172035284203j)
(3.949009703305778-0.5805398015623282j)
(1.3409183347571814-1.7392776226895597j)
(4.770752655319846-0.431999268429445j)
(4.881408331029378-0.9732953055717938j)
(5.3382798681105035-2.06336264913033j)
(4.947479128766892-1.096877283475643j)
(4.672741714306706-2.0053050687958844j)
(2.3643201869839827-0.8114301202033307j)
(4.042963947936711-0.09841670900358879j)
(4.810722202892492-1.0829593215912272j)
(4.7273405119345995-0.7698129333120086j)
(4.505548227773021-1.1962186928150105j)
(4.345720365418317-1.2617381729016943j)
(4.634439095805988-0.44630082339082394j)
(49.36441965861787-0.5637928256719207j)
(4.65058787834185-0.938843530094909j)
(4.624343036184305-0.9238499946889165j)
(4.598847149507335-0.9086066946903426j)
(4.574095846528727-0.8931519405754964j)
(4.550082594434525-0.8775241076308332j)
(4.526798617520717-0.8617614909891516j)
(4.5042328257904485-0.8459021467868013j)
(5.313972973678372-0.7054328270104555j)
(4.461199525481718-0.8140432599194404j)
(4.4406978049643415-0.7981170237354144j)
(4.420845804799562-0.7822402703386618j)
(4.401620283690057-0.766447044927095j)
(5.673747670043599-1.04487407938919j)
(4.364943648685484-0.7352399511889346j)
(4.34743416493843-0.7198860802419155j)
(4.3304345958783-0.7047352709005579j)
(4.313910341116233-0.6898120971755015j)
(4.297824882956396-0.6751385569518457j)
(4.282139966560836-0.6607338574771671j)
(4.266815807202736-0.6466142127816437j)
(4.251811324163596-0.6327926565589188j)
(4.237084400363935-0.6192788741291986j)
(4.222592166313126-0.6060790571372856j)
(4.208291306429411-0.5931957845983254j)
(4.194138385226066-0.5806279337835j)
(4.180090190296002-0.5683706242281971j)
(4.4596778105564345-0.8615527012005624j)
(4.152138390993839-0.5447492376828426j)
(4.138152723065137-0.5333566275015629j)
(4.124108392666067-0.522217653467328j)
(4.109968753247456-0.5113091489136918j)
(4.095699554597666-0.500604682081055j)
(4.081269276087595-0.49007478604689814j)
(3.62568116934386-1.9019524373573484j)
(4.051814874740051-0.4694073233042486j)
(4.036743996244855-0.4591982667760795j)
(4.021418979935737-0.4490215170223379j)
(4.005825941707812-0.43883718856310605j)
(3.9899550507679575-0.428604470049946j)
(3.9738005962206056-0.41828205419150744j)
(3.957361002210992-0.407828573766143j)
(3.9406387909865086-0.3972030367063785j)
(3.9236404943195704-0.38636525317408704j)
(-10.429236763165422+8.948747496766075j)
